<?xml version="1.0" encoding="UTF-8"?>
<testsuites name="Run all test cases" time="1573.723" tests="81" failures="9" errors="0">
   <testsuite name="Run all test cases" tests="81" failures="9" errors="0" time="1573.723" timestamp="2020-06-05 12:38:13" hostname="Thanh - DESKTOP-SGC4F2H.mshome.net" id="Test Suites/Run all test cases">
      <properties>
         <property name="deviceName" value=""/>
         <property name="devicePlatform" value=""/>
         <property name="logFolder" value="C:\\Users\\Thanh\\Desktop\\github.com\\New folder (2)\\homeword02-mattermost-katalon\\Reports\\20200605_123809\\Run all test cases\\20200605_123809"/>
         <property name="logFiles" value="C:\\Users\\Thanh\\Desktop\\github.com\\New folder (2)\\homeword02-mattermost-katalon\\Reports\\20200605_123809\\Run all test cases\\20200605_123809\\execution0.log"/>
         <property name="attachments" value="C:\\Users\\Thanh\\Desktop\\github.com\\New folder (2)\\homeword02-mattermost-katalon\\Reports\\20200605_123809\\Run all test cases\\20200605_123809\\1591335604801.png, C:\\Users\\Thanh\\Desktop\\github.com\\New folder (2)\\homeword02-mattermost-katalon\\Reports\\20200605_123809\\Run all test cases\\20200605_123809\\1591335661674.png, C:\\Users\\Thanh\\Desktop\\github.com\\New folder (2)\\homeword02-mattermost-katalon\\Reports\\20200605_123809\\Run all test cases\\20200605_123809\\1591335737767.png, C:\\Users\\Thanh\\Desktop\\github.com\\New folder (2)\\homeword02-mattermost-katalon\\Reports\\20200605_123809\\Run all test cases\\20200605_123809\\1591335781527.png, C:\\Users\\Thanh\\Desktop\\github.com\\New folder (2)\\homeword02-mattermost-katalon\\Reports\\20200605_123809\\Run all test cases\\20200605_123809\\1591336059341.png, C:\\Users\\Thanh\\Desktop\\github.com\\New folder (2)\\homeword02-mattermost-katalon\\Reports\\20200605_123809\\Run all test cases\\20200605_123809\\1591336115383.png, C:\\Users\\Thanh\\Desktop\\github.com\\New folder (2)\\homeword02-mattermost-katalon\\Reports\\20200605_123809\\Run all test cases\\20200605_123809\\1591336171765.png, C:\\Users\\Thanh\\Desktop\\github.com\\New folder (2)\\homeword02-mattermost-katalon\\Reports\\20200605_123809\\Run all test cases\\20200605_123809\\1591336227372.png, C:\\Users\\Thanh\\Desktop\\github.com\\New folder (2)\\homeword02-mattermost-katalon\\Reports\\20200605_123809\\Run all test cases\\20200605_123809\\1591336283519.png"/>
         <property name="hostName" value="Thanh - DESKTOP-SGC4F2H.mshome.net"/>
         <property name="os" value="Windows 10 64bit"/>
         <property name="katalonVersion" value="7.5.2.1"/>
         <property name="browser" value="Chrome 83.0.4103.97"/>
         <property name="hostAddress" value="172.25.32.1"/>
         <property name="sessionId" value="44f9b0fa168d305407f766268e4964b1"/>
         <property name="seleniumVersion" value="3.141.59"/>
         <property name="proxyInformation" value="ProxyInformation { proxyOption=NO_PROXY, proxyServerType=HTTP, username=, password=********, proxyServerAddress=, proxyServerPort=0, executionList=\&quot;\&quot;, isApplyToDesiredCapabilities=true }"/>
         <property name="platform" value="Windows 10"/>
      </properties>
      <testcase name="Test Cases/1612427/11_Notification" time="19.113" classname="Test Cases/1612427/11_Notification" status="PASSED">
         <system-out><![CDATA[2020-06-05 12:38:14 - [TEST_CASE][PASSED] - Test Cases/1612427/11_Notification: Test Cases/1612427/11_Notification

2020-06-05 12:38:14 - [TEST_STEP][PASSED] - openBrowser(""): Browser is opened with url: ''

2020-06-05 12:38:15 - [MESSAGE][INFO] - Starting 'Chrome' driver

2020-06-05 12:38:15 - [MESSAGE][INFO] - Action delay is set to 0 milliseconds

2020-06-05 12:38:19 - [MESSAGE][PASSED] - Browser is opened with url: ''

2020-06-05 12:38:19 - [TEST_STEP][PASSED] - navigateToUrl("http://localhost:8065/login"): Navigate to 'http://localhost:8065/login' successfully

2020-06-05 12:38:21 - [MESSAGE][PASSED] - Navigate to 'http://localhost:8065/login' successfully

2020-06-05 12:38:21 - [TEST_STEP][PASSED] - setText(findTestObject("Object Repository/1612427/02_ChangePassword/Page_Mattermost/input_All team communication in one place s_703ef5"), "hcmus-cdnc"): Text 'hcmus-cdnc' is set on object 'Object Repository/1612427/02_ChangePassword/Page_Mattermost/input_All team communication in one place s_703ef5'

2020-06-05 12:38:23 - [MESSAGE][PASSED] - Text 'hcmus-cdnc' is set on object 'Object Repository/1612427/02_ChangePassword/Page_Mattermost/input_All team communication in one place s_703ef5'

2020-06-05 12:38:23 - [TEST_STEP][PASSED] - setEncryptedText(findTestObject("Object Repository/1612427/02_ChangePassword/Page_Mattermost/input_All team communication in one place s_2f2733"), "aeHFOx8jV/A="): Text ****** has been set on object 'Object Repository/1612427/02_ChangePassword/Page_Mattermost/input_All team communication in one place s_2f2733'

2020-06-05 12:38:24 - [MESSAGE][PASSED] - Text ****** has been set on object 'Object Repository/1612427/02_ChangePassword/Page_Mattermost/input_All team communication in one place s_2f2733'

2020-06-05 12:38:24 - [TEST_STEP][PASSED] - click(findTestObject("Object Repository/1612427/02_ChangePassword/Page_Mattermost/span_Sign in")): Object: 'Object Repository/1612427/02_ChangePassword/Page_Mattermost/span_Sign in' is clicked on

2020-06-05 12:38:24 - [MESSAGE][PASSED] - Object: 'Object Repository/1612427/02_ChangePassword/Page_Mattermost/span_Sign in' is clicked on

2020-06-05 12:38:24 - [TEST_STEP][PASSED] - click(findTestObject("Object Repository/1612427/02_ChangePassword/Page_Town Square - minus Mattermost/span")): Object: 'Object Repository/1612427/02_ChangePassword/Page_Town Square - minus Mattermost/span' is clicked on

2020-06-05 12:38:28 - [MESSAGE][PASSED] - Object: 'Object Repository/1612427/02_ChangePassword/Page_Town Square - minus Mattermost/span' is clicked on

2020-06-05 12:38:28 - [TEST_STEP][PASSED] - click(findTestObject("Object Repository/1612427/02_ChangePassword/Page_Town Square - minus Mattermost/span_Account Settings")): Object: 'Object Repository/1612427/02_ChangePassword/Page_Town Square - minus Mattermost/span_Account Settings' is clicked on

2020-06-05 12:38:29 - [MESSAGE][PASSED] - Object: 'Object Repository/1612427/02_ChangePassword/Page_Town Square - minus Mattermost/span_Account Settings' is clicked on

2020-06-05 12:38:29 - [TEST_STEP][PASSED] - click(findTestObject("Object Repository/1612427/11_Notification/Page_Town Square - minus Mattermost/button_Notifications")): Object: 'Object Repository/1612427/11_Notification/Page_Town Square - minus Mattermost/button_Notifications' is clicked on

2020-06-05 12:38:30 - [MESSAGE][PASSED] - Object: 'Object Repository/1612427/11_Notification/Page_Town Square - minus Mattermost/button_Notifications' is clicked on

2020-06-05 12:38:30 - [TEST_STEP][PASSED] - click(findTestObject("Object Repository/1612427/11_Notification/Page_Town Square - minus Mattermost/span_Edit")): Object: 'Object Repository/1612427/11_Notification/Page_Town Square - minus Mattermost/span_Edit' is clicked on

2020-06-05 12:38:31 - [MESSAGE][PASSED] - Object: 'Object Repository/1612427/11_Notification/Page_Town Square - minus Mattermost/span_Edit' is clicked on

2020-06-05 12:38:31 - [TEST_STEP][PASSED] - if (findTestObject("Object Repository/1612427/11_Notification/Page_Town Square - minus Mattermost/label_Never")): Object: 'Object Repository/1612427/11_Notification/Page_Town Square - minus Mattermost/label_Never' is clicked on

2020-06-05 12:38:31 - [TEST_STEP][PASSED] - click(findTestObject("Object Repository/1612427/11_Notification/Page_Town Square - minus Mattermost/label_Never")): Object: 'Object Repository/1612427/11_Notification/Page_Town Square - minus Mattermost/label_Never' is clicked on

2020-06-05 12:38:31 - [MESSAGE][PASSED] - Object: 'Object Repository/1612427/11_Notification/Page_Town Square - minus Mattermost/label_Never' is clicked on

2020-06-05 12:38:31 - [TEST_STEP][PASSED] - if (findTestObject("Object Repository/1612427/11_Notification/Page_Town Square - minus Mattermost/label_Only for mentions and direct messages")): Test object with id 'Object Repository/1612427/11_Notification/Page_Town Square - minus Mattermost/label_Only for mentions and direct messages' does not exist

2020-06-05 12:38:31 - [MESSAGE][WARNING] - Test object with id 'Object Repository/1612427/11_Notification/Page_Town Square - minus Mattermost/label_Only for mentions and direct messages' does not exist

2020-06-05 12:38:31 - [TEST_STEP][PASSED] - click(findTestObject("Object Repository/1612427/11_Notification/Page_Town Square - minus Mattermost/span_Save")): Object: 'Object Repository/1612427/11_Notification/Page_Town Square - minus Mattermost/span_Save' is clicked on

2020-06-05 12:38:32 - [MESSAGE][PASSED] - Object: 'Object Repository/1612427/11_Notification/Page_Town Square - minus Mattermost/span_Save' is clicked on

2020-06-05 12:38:32 - [TEST_STEP][PASSED] - closeBrowser(): Browser is closed

2020-06-05 12:38:33 - [MESSAGE][PASSED] - Browser is closed]]></system-out>
         <system-err><![CDATA[]]></system-err>
      </testcase>
      <testcase name="Test Cases/1612427/12_Create_Channel" time="19.585" classname="Test Cases/1612427/12_Create_Channel" status="PASSED">
         <system-out><![CDATA[2020-06-05 12:38:33 - [TEST_CASE][PASSED] - Test Cases/1612427/12_Create_Channel: Test Cases/1612427/12_Create_Channel

2020-06-05 12:38:33 - [TEST_STEP][PASSED] - openBrowser(""): Browser is opened with url: ''

2020-06-05 12:38:33 - [MESSAGE][INFO] - Starting 'Chrome' driver

2020-06-05 12:38:33 - [MESSAGE][INFO] - Action delay is set to 0 milliseconds

2020-06-05 12:38:36 - [MESSAGE][PASSED] - Browser is opened with url: ''

2020-06-05 12:38:36 - [TEST_STEP][PASSED] - setViewPortSize(1600, 1500): Viewport is set to new size with width = 1600 and height = 1500

2020-06-05 12:38:39 - [MESSAGE][PASSED] - Viewport is set to new size with width = 1600 and height = 1500

2020-06-05 12:38:39 - [TEST_STEP][PASSED] - navigateToUrl("http://localhost:8065/reiciendis-0/channels/town-square"): Navigate to 'http://localhost:8065/reiciendis-0/channels/town-square' successfully

2020-06-05 12:38:40 - [MESSAGE][PASSED] - Navigate to 'http://localhost:8065/reiciendis-0/channels/town-square' successfully

2020-06-05 12:38:40 - [TEST_STEP][PASSED] - setText(findTestObject("Object Repository/1612427/12_Create_Channel/Page_Mattermost/input_All team communication in one place s_703ef5"), "hcmus-cdnc"): Text 'hcmus-cdnc' is set on object 'Object Repository/1612427/12_Create_Channel/Page_Mattermost/input_All team communication in one place s_703ef5'

2020-06-05 12:38:43 - [MESSAGE][PASSED] - Text 'hcmus-cdnc' is set on object 'Object Repository/1612427/12_Create_Channel/Page_Mattermost/input_All team communication in one place s_703ef5'

2020-06-05 12:38:43 - [TEST_STEP][PASSED] - setEncryptedText(findTestObject("Object Repository/1612427/12_Create_Channel/Page_Mattermost/input_All team communication in one place s_2f2733"), "aeHFOx8jV/A="): Text ****** has been set on object 'Object Repository/1612427/12_Create_Channel/Page_Mattermost/input_All team communication in one place s_2f2733'

2020-06-05 12:38:43 - [MESSAGE][PASSED] - Text ****** has been set on object 'Object Repository/1612427/12_Create_Channel/Page_Mattermost/input_All team communication in one place s_2f2733'

2020-06-05 12:38:43 - [TEST_STEP][PASSED] - click(findTestObject("Object Repository/1612427/12_Create_Channel/Page_Mattermost/span_Sign in")): Object: 'Object Repository/1612427/12_Create_Channel/Page_Mattermost/span_Sign in' is clicked on

2020-06-05 12:38:44 - [MESSAGE][PASSED] - Object: 'Object Repository/1612427/12_Create_Channel/Page_Mattermost/span_Sign in' is clicked on

2020-06-05 12:38:44 - [TEST_STEP][PASSED] - click(findTestObject("Object Repository/1612427/12_Create_Channel/Page_Town Square - minus Mattermost/span_")): Object: 'Object Repository/1612427/12_Create_Channel/Page_Town Square - minus Mattermost/span_' is clicked on

2020-06-05 12:38:47 - [MESSAGE][PASSED] - Object: 'Object Repository/1612427/12_Create_Channel/Page_Town Square - minus Mattermost/span_' is clicked on

2020-06-05 12:38:47 - [TEST_STEP][PASSED] - setText(findTestObject("Object Repository/1612427/12_Create_Channel/Page_Town Square - minus Mattermost/input_Name_newChannelName"), "general"): Text 'general' is set on object 'Object Repository/1612427/12_Create_Channel/Page_Town Square - minus Mattermost/input_Name_newChannelName'

2020-06-05 12:38:49 - [MESSAGE][PASSED] - Text 'general' is set on object 'Object Repository/1612427/12_Create_Channel/Page_Town Square - minus Mattermost/input_Name_newChannelName'

2020-06-05 12:38:49 - [TEST_STEP][PASSED] - click(findTestObject("Object Repository/1612427/12_Create_Channel/Page_Town Square - minus Mattermost/span_Create Channel")): Object: 'Object Repository/1612427/12_Create_Channel/Page_Town Square - minus Mattermost/span_Create Channel' is clicked on

2020-06-05 12:38:49 - [MESSAGE][PASSED] - Object: 'Object Repository/1612427/12_Create_Channel/Page_Town Square - minus Mattermost/span_Create Channel' is clicked on

2020-06-05 12:38:49 - [TEST_STEP][PASSED] - if (findTestObject("Object Repository/1612427/12_Create_Channel/Page_Town Square - minus Mattermost/p_A channel with that name already exists o_b26172")): Text 'general1' is set on object 'Object Repository/1612427/12_Create_Channel/Page_Town Square - minus Mattermost/input_httplocis-0channels_form-control'

2020-06-05 12:38:49 - [TEST_STEP][PASSED] - click(findTestObject("Object Repository/1612427/12_Create_Channel/Page_Town Square - minus Mattermost/span_Edit")): Object: 'Object Repository/1612427/12_Create_Channel/Page_Town Square - minus Mattermost/span_Edit' is clicked on

2020-06-05 12:38:50 - [MESSAGE][PASSED] - Object: 'Object Repository/1612427/12_Create_Channel/Page_Town Square - minus Mattermost/span_Edit' is clicked on

2020-06-05 12:38:50 - [TEST_STEP][PASSED] - setText(findTestObject("Object Repository/1612427/12_Create_Channel/Page_Town Square - minus Mattermost/input_httplocis-0channels_form-control"), "general1"): Text 'general1' is set on object 'Object Repository/1612427/12_Create_Channel/Page_Town Square - minus Mattermost/input_httplocis-0channels_form-control'

2020-06-05 12:38:52 - [MESSAGE][PASSED] - Text 'general1' is set on object 'Object Repository/1612427/12_Create_Channel/Page_Town Square - minus Mattermost/input_httplocis-0channels_form-control'

2020-06-05 12:38:52 - [TEST_STEP][PASSED] - closeBrowser(): Browser is closed

2020-06-05 12:38:52 - [MESSAGE][PASSED] - Browser is closed]]></system-out>
         <system-err><![CDATA[]]></system-err>
      </testcase>
      <testcase name="Test Cases/1612427/13_UnmuteChannel" time="15.29" classname="Test Cases/1612427/13_UnmuteChannel" status="PASSED">
         <system-out><![CDATA[2020-06-05 12:38:52 - [TEST_CASE][PASSED] - Test Cases/1612427/13_UnmuteChannel: Test Cases/1612427/13_UnmuteChannel

2020-06-05 12:38:53 - [TEST_STEP][PASSED] - openBrowser(""): Browser is opened with url: ''

2020-06-05 12:38:53 - [MESSAGE][INFO] - Starting 'Chrome' driver

2020-06-05 12:38:53 - [MESSAGE][INFO] - Action delay is set to 0 milliseconds

2020-06-05 12:38:56 - [MESSAGE][PASSED] - Browser is opened with url: ''

2020-06-05 12:38:56 - [TEST_STEP][PASSED] - navigateToUrl("http://localhost:8065/login"): Navigate to 'http://localhost:8065/login' successfully

2020-06-05 12:38:57 - [MESSAGE][PASSED] - Navigate to 'http://localhost:8065/login' successfully

2020-06-05 12:38:57 - [TEST_STEP][PASSED] - setText(findTestObject("Object Repository/1612427/13_UnmuteChannel/Page_Mattermost/input_All team communication in one place s_703ef5"), "hcmus-cdnc"): Text 'hcmus-cdnc' is set on object 'Object Repository/1612427/13_UnmuteChannel/Page_Mattermost/input_All team communication in one place s_703ef5'

2020-06-05 12:38:59 - [MESSAGE][PASSED] - Text 'hcmus-cdnc' is set on object 'Object Repository/1612427/13_UnmuteChannel/Page_Mattermost/input_All team communication in one place s_703ef5'

2020-06-05 12:38:59 - [TEST_STEP][PASSED] - setEncryptedText(findTestObject("Object Repository/1612427/13_UnmuteChannel/Page_Mattermost/input_All team communication in one place s_2f2733"), "aeHFOx8jV/A="): Text ****** has been set on object 'Object Repository/1612427/13_UnmuteChannel/Page_Mattermost/input_All team communication in one place s_2f2733'

2020-06-05 12:39:00 - [MESSAGE][PASSED] - Text ****** has been set on object 'Object Repository/1612427/13_UnmuteChannel/Page_Mattermost/input_All team communication in one place s_2f2733'

2020-06-05 12:39:00 - [TEST_STEP][PASSED] - click(findTestObject("Object Repository/1612427/13_UnmuteChannel/Page_Mattermost/span_Sign in")): Object: 'Object Repository/1612427/13_UnmuteChannel/Page_Mattermost/span_Sign in' is clicked on

2020-06-05 12:39:01 - [MESSAGE][PASSED] - Object: 'Object Repository/1612427/13_UnmuteChannel/Page_Mattermost/span_Sign in' is clicked on

2020-06-05 12:39:01 - [TEST_STEP][PASSED] - click(findTestObject("Object Repository/1612427/13_UnmuteChannel/Page_Town Square - minus Mattermost/span_Town Square_channelHeaderDropdownIcon")): Object: 'Object Repository/1612427/13_UnmuteChannel/Page_Town Square - minus Mattermost/span_Town Square_channelHeaderDropdownIcon' is clicked on

2020-06-05 12:39:05 - [MESSAGE][PASSED] - Object: 'Object Repository/1612427/13_UnmuteChannel/Page_Town Square - minus Mattermost/span_Town Square_channelHeaderDropdownIcon' is clicked on

2020-06-05 12:39:05 - [TEST_STEP][PASSED] - click(findTestObject("Object Repository/1612427/13_UnmuteChannel/Page_Town Square - minus Mattermost/span_Mute Channel")): Object: 'Object Repository/1612427/13_UnmuteChannel/Page_Town Square - minus Mattermost/span_Mute Channel' is clicked on

2020-06-05 12:39:06 - [MESSAGE][PASSED] - Object: 'Object Repository/1612427/13_UnmuteChannel/Page_Town Square - minus Mattermost/span_Mute Channel' is clicked on

2020-06-05 12:39:06 - [TEST_STEP][PASSED] - if (findTestObject("Object Repository/1612427/13_UnmuteChannel/Page_Town Square - minus Mattermost/i_Town Square_icon fa fa-bell-slash-o")): Object: 'Object Repository/1612427/13_UnmuteChannel/Page_Town Square - minus Mattermost/i_Town Square_icon fa fa-bell-slash-o' is clicked on

2020-06-05 12:39:06 - [TEST_STEP][PASSED] - click(findTestObject("Object Repository/1612427/13_UnmuteChannel/Page_Town Square - minus Mattermost/i_Town Square_icon fa fa-bell-slash-o")): Object: 'Object Repository/1612427/13_UnmuteChannel/Page_Town Square - minus Mattermost/i_Town Square_icon fa fa-bell-slash-o' is clicked on

2020-06-05 12:39:07 - [MESSAGE][PASSED] - Object: 'Object Repository/1612427/13_UnmuteChannel/Page_Town Square - minus Mattermost/i_Town Square_icon fa fa-bell-slash-o' is clicked on

2020-06-05 12:39:07 - [TEST_STEP][PASSED] - closeBrowser(): Browser is closed

2020-06-05 12:39:08 - [MESSAGE][PASSED] - Browser is closed]]></system-out>
         <system-err><![CDATA[]]></system-err>
      </testcase>
      <testcase name="Test Cases/1612427/14_Hide_PinPosts" time="57.083" classname="Test Cases/1612427/14_Hide_PinPosts" status="FAILED">
         <failure type="FAILED" message="Test Cases/1612427/14_Hide_PinPosts FAILED.
Reason:
com.kms.katalon.core.exception.StepFailedException: Unable to click on object 'Object Repository/1612427/14_Hide_PinPosts/Page_Town Square - minus Mattermost/svg'
	at com.kms.katalon.core.webui.keyword.internal.WebUIKeywordMain.stepFailed(WebUIKeywordMain.groovy:64)
	at com.kms.katalon.core.webui.keyword.internal.WebUIKeywordMain.runKeyword(WebUIKeywordMain.groovy:26)
	at com.kms.katalon.core.webui.keyword.builtin.ClickKeyword.click(ClickKeyword.groovy:76)
	at com.kms.katalon.core.webui.keyword.builtin.ClickKeyword.execute(ClickKeyword.groovy:43)
	at com.kms.katalon.core.keyword.internal.KeywordExecutor.executeKeywordForPlatform(KeywordExecutor.groovy:72)
	at com.kms.katalon.core.webui.keyword.WebUiBuiltInKeywords.click(WebUiBuiltInKeywords.groovy:616)
	at com.kms.katalon.core.webui.keyword.WebUiBuiltInKeywords$click$3.call(Unknown Source)
	at 14_Hide_PinPosts.run(14_Hide_PinPosts:31)
	at com.kms.katalon.core.main.ScriptEngine.run(ScriptEngine.java:194)
	at com.kms.katalon.core.main.ScriptEngine.runScriptAsRawText(ScriptEngine.java:119)
	at com.kms.katalon.core.main.TestCaseExecutor.runScript(TestCaseExecutor.java:337)
	at com.kms.katalon.core.main.TestCaseExecutor.doExecute(TestCaseExecutor.java:328)
	at com.kms.katalon.core.main.TestCaseExecutor.processExecutionPhase(TestCaseExecutor.java:307)
	at com.kms.katalon.core.main.TestCaseExecutor.accessMainPhase(TestCaseExecutor.java:299)
	at com.kms.katalon.core.main.TestCaseExecutor.execute(TestCaseExecutor.java:233)
	at com.kms.katalon.core.main.TestSuiteExecutor.accessTestCaseMainPhase(TestSuiteExecutor.java:169)
	at com.kms.katalon.core.main.TestSuiteExecutor.accessTestSuiteMainPhase(TestSuiteExecutor.java:142)
	at com.kms.katalon.core.main.TestSuiteExecutor.execute(TestSuiteExecutor.java:91)
	at com.kms.katalon.core.main.TestCaseMain.startTestSuite(TestCaseMain.java:157)
	at com.kms.katalon.core.main.TestCaseMain$startTestSuite$0.call(Unknown Source)
	at TempTestSuite1591335489835.run(TempTestSuite1591335489835.groovy:37)
Caused by: com.kms.katalon.core.webui.exception.WebElementNotFoundException: Web element with id: 'Object Repository/1612427/14_Hide_PinPosts/Page_Town Square - minus Mattermost/svg' located by 'By.xpath: (.//*[normalize-space(text()) and normalize-space(.)='(Edit)'])[1]/following::*[name()='svg'][2]' not found
	at com.kms.katalon.core.webui.common.WebUiCommonHelper.findWebElement(WebUiCommonHelper.java:1154)
	at com.kms.katalon.core.webui.keyword.internal.WebUIAbstractKeyword.findWebElement(WebUIAbstractKeyword.groovy:27)
	at com.kms.katalon.core.webui.keyword.internal.WebUIAbstractKeyword.findWebElement(WebUIAbstractKeyword.groovy:26)
	at com.kms.katalon.core.webui.keyword.builtin.ClickKeyword$_click_closure1.doCall(ClickKeyword.groovy:67)
	at com.kms.katalon.core.webui.keyword.builtin.ClickKeyword$_click_closure1.call(ClickKeyword.groovy)
	at com.kms.katalon.core.webui.keyword.internal.WebUIKeywordMain.runKeyword(WebUIKeywordMain.groovy:20)
	... 19 more
"/>
         <system-out><![CDATA[2020-06-05 12:39:08 - [TEST_CASE][FAILED] - Test Cases/1612427/14_Hide_PinPosts: Test Cases/1612427/14_Hide_PinPosts FAILED.
Reason:
com.kms.katalon.core.exception.StepFailedException: Unable to click on object 'Object Repository/1612427/14_Hide_PinPosts/Page_Town Square - minus Mattermost/svg'
	at com.kms.katalon.core.webui.keyword.internal.WebUIKeywordMain.stepFailed(WebUIKeywordMain.groovy:64)
	at com.kms.katalon.core.webui.keyword.internal.WebUIKeywordMain.runKeyword(WebUIKeywordMain.groovy:26)
	at com.kms.katalon.core.webui.keyword.builtin.ClickKeyword.click(ClickKeyword.groovy:76)
	at com.kms.katalon.core.webui.keyword.builtin.ClickKeyword.execute(ClickKeyword.groovy:43)
	at com.kms.katalon.core.keyword.internal.KeywordExecutor.executeKeywordForPlatform(KeywordExecutor.groovy:72)
	at com.kms.katalon.core.webui.keyword.WebUiBuiltInKeywords.click(WebUiBuiltInKeywords.groovy:616)
	at com.kms.katalon.core.webui.keyword.WebUiBuiltInKeywords$click$3.call(Unknown Source)
	at 14_Hide_PinPosts.run(14_Hide_PinPosts:31)
	at com.kms.katalon.core.main.ScriptEngine.run(ScriptEngine.java:194)
	at com.kms.katalon.core.main.ScriptEngine.runScriptAsRawText(ScriptEngine.java:119)
	at com.kms.katalon.core.main.TestCaseExecutor.runScript(TestCaseExecutor.java:337)
	at com.kms.katalon.core.main.TestCaseExecutor.doExecute(TestCaseExecutor.java:328)
	at com.kms.katalon.core.main.TestCaseExecutor.processExecutionPhase(TestCaseExecutor.java:307)
	at com.kms.katalon.core.main.TestCaseExecutor.accessMainPhase(TestCaseExecutor.java:299)
	at com.kms.katalon.core.main.TestCaseExecutor.execute(TestCaseExecutor.java:233)
	at com.kms.katalon.core.main.TestSuiteExecutor.accessTestCaseMainPhase(TestSuiteExecutor.java:169)
	at com.kms.katalon.core.main.TestSuiteExecutor.accessTestSuiteMainPhase(TestSuiteExecutor.java:142)
	at com.kms.katalon.core.main.TestSuiteExecutor.execute(TestSuiteExecutor.java:91)
	at com.kms.katalon.core.main.TestCaseMain.startTestSuite(TestCaseMain.java:157)
	at com.kms.katalon.core.main.TestCaseMain$startTestSuite$0.call(Unknown Source)
	at TempTestSuite1591335489835.run(TempTestSuite1591335489835.groovy:37)
Caused by: com.kms.katalon.core.webui.exception.WebElementNotFoundException: Web element with id: 'Object Repository/1612427/14_Hide_PinPosts/Page_Town Square - minus Mattermost/svg' located by 'By.xpath: (.//*[normalize-space(text()) and normalize-space(.)='(Edit)'])[1]/following::*[name()='svg'][2]' not found
	at com.kms.katalon.core.webui.common.WebUiCommonHelper.findWebElement(WebUiCommonHelper.java:1154)
	at com.kms.katalon.core.webui.keyword.internal.WebUIAbstractKeyword.findWebElement(WebUIAbstractKeyword.groovy:27)
	at com.kms.katalon.core.webui.keyword.internal.WebUIAbstractKeyword.findWebElement(WebUIAbstractKeyword.groovy:26)
	at com.kms.katalon.core.webui.keyword.builtin.ClickKeyword$_click_closure1.doCall(ClickKeyword.groovy:67)
	at com.kms.katalon.core.webui.keyword.builtin.ClickKeyword$_click_closure1.call(ClickKeyword.groovy)
	at com.kms.katalon.core.webui.keyword.internal.WebUIKeywordMain.runKeyword(WebUIKeywordMain.groovy:20)
	... 19 more


2020-06-05 12:39:08 - [TEST_STEP][PASSED] - openBrowser(""): Browser is opened with url: ''

2020-06-05 12:39:08 - [MESSAGE][INFO] - Starting 'Chrome' driver

2020-06-05 12:39:08 - [MESSAGE][INFO] - Action delay is set to 0 milliseconds

2020-06-05 12:39:11 - [MESSAGE][PASSED] - Browser is opened with url: ''

2020-06-05 12:39:11 - [TEST_STEP][PASSED] - navigateToUrl("http://localhost:8065/login"): Navigate to 'http://localhost:8065/login' successfully

2020-06-05 12:39:13 - [MESSAGE][PASSED] - Navigate to 'http://localhost:8065/login' successfully

2020-06-05 12:39:13 - [TEST_STEP][PASSED] - setText(findTestObject("Object Repository/1612427/14_Hide_PinPosts/Page_Mattermost/input_All team communication in one place s_703ef5"), "hcmus-cdnc"): Text 'hcmus-cdnc' is set on object 'Object Repository/1612427/14_Hide_PinPosts/Page_Mattermost/input_All team communication in one place s_703ef5'

2020-06-05 12:39:15 - [MESSAGE][PASSED] - Text 'hcmus-cdnc' is set on object 'Object Repository/1612427/14_Hide_PinPosts/Page_Mattermost/input_All team communication in one place s_703ef5'

2020-06-05 12:39:15 - [TEST_STEP][PASSED] - setEncryptedText(findTestObject("Object Repository/1612427/14_Hide_PinPosts/Page_Mattermost/input_All team communication in one place s_2f2733"), "aeHFOx8jV/A="): Text ****** has been set on object 'Object Repository/1612427/14_Hide_PinPosts/Page_Mattermost/input_All team communication in one place s_2f2733'

2020-06-05 12:39:16 - [MESSAGE][PASSED] - Text ****** has been set on object 'Object Repository/1612427/14_Hide_PinPosts/Page_Mattermost/input_All team communication in one place s_2f2733'

2020-06-05 12:39:16 - [TEST_STEP][PASSED] - click(findTestObject("Object Repository/1612427/14_Hide_PinPosts/Page_Mattermost/span_Sign in")): Object: 'Object Repository/1612427/14_Hide_PinPosts/Page_Mattermost/span_Sign in' is clicked on

2020-06-05 12:39:16 - [MESSAGE][PASSED] - Object: 'Object Repository/1612427/14_Hide_PinPosts/Page_Mattermost/span_Sign in' is clicked on

2020-06-05 12:39:16 - [TEST_STEP][FAILED] - click(findTestObject("Object Repository/1612427/14_Hide_PinPosts/Page_Town Square - minus Mattermost/svg")): Unable to click on object 'Object Repository/1612427/14_Hide_PinPosts/Page_Town Square - minus Mattermost/svg' (Root cause: com.kms.katalon.core.exception.StepFailedException: Unable to click on object 'Object Repository/1612427/14_Hide_PinPosts/Page_Town Square - minus Mattermost/svg'
	at com.kms.katalon.core.webui.keyword.internal.WebUIKeywordMain.stepFailed(WebUIKeywordMain.groovy:64)
	at com.kms.katalon.core.webui.keyword.internal.WebUIKeywordMain.runKeyword(WebUIKeywordMain.groovy:26)
	at com.kms.katalon.core.webui.keyword.builtin.ClickKeyword.click(ClickKeyword.groovy:76)
	at com.kms.katalon.core.webui.keyword.builtin.ClickKeyword.execute(ClickKeyword.groovy:43)
	at com.kms.katalon.core.keyword.internal.KeywordExecutor.executeKeywordForPlatform(KeywordExecutor.groovy:72)
	at com.kms.katalon.core.webui.keyword.WebUiBuiltInKeywords.click(WebUiBuiltInKeywords.groovy:616)
	at com.kms.katalon.core.webui.keyword.WebUiBuiltInKeywords$click$3.call(Unknown Source)
	at 14_Hide_PinPosts.run(14_Hide_PinPosts:31)
	at com.kms.katalon.core.main.ScriptEngine.run(ScriptEngine.java:194)
	at com.kms.katalon.core.main.ScriptEngine.runScriptAsRawText(ScriptEngine.java:119)
	at com.kms.katalon.core.main.TestCaseExecutor.runScript(TestCaseExecutor.java:337)
	at com.kms.katalon.core.main.TestCaseExecutor.doExecute(TestCaseExecutor.java:328)
	at com.kms.katalon.core.main.TestCaseExecutor.processExecutionPhase(TestCaseExecutor.java:307)
	at com.kms.katalon.core.main.TestCaseExecutor.accessMainPhase(TestCaseExecutor.java:299)
	at com.kms.katalon.core.main.TestCaseExecutor.execute(TestCaseExecutor.java:233)
	at com.kms.katalon.core.main.TestSuiteExecutor.accessTestCaseMainPhase(TestSuiteExecutor.java:169)
	at com.kms.katalon.core.main.TestSuiteExecutor.accessTestSuiteMainPhase(TestSuiteExecutor.java:142)
	at com.kms.katalon.core.main.TestSuiteExecutor.execute(TestSuiteExecutor.java:91)
	at com.kms.katalon.core.main.TestCaseMain.startTestSuite(TestCaseMain.java:157)
	at com.kms.katalon.core.main.TestCaseMain$startTestSuite$0.call(Unknown Source)
	at TempTestSuite1591335489835.run(TempTestSuite1591335489835.groovy:37)
Caused by: com.kms.katalon.core.webui.exception.WebElementNotFoundException: Web element with id: 'Object Repository/1612427/14_Hide_PinPosts/Page_Town Square - minus Mattermost/svg' located by 'By.xpath: (.//*[normalize-space(text()) and normalize-space(.)='(Edit)'])[1]/following::*[name()='svg'][2]' not found
	at com.kms.katalon.core.webui.common.WebUiCommonHelper.findWebElement(WebUiCommonHelper.java:1154)
	at com.kms.katalon.core.webui.keyword.internal.WebUIAbstractKeyword.findWebElement(WebUIAbstractKeyword.groovy:27)
	at com.kms.katalon.core.webui.keyword.internal.WebUIAbstractKeyword.findWebElement(WebUIAbstractKeyword.groovy:26)
	at com.kms.katalon.core.webui.keyword.builtin.ClickKeyword$_click_closure1.doCall(ClickKeyword.groovy:67)
	at com.kms.katalon.core.webui.keyword.builtin.ClickKeyword$_click_closure1.call(ClickKeyword.groovy)
	at com.kms.katalon.core.webui.keyword.internal.WebUIKeywordMain.runKeyword(WebUIKeywordMain.groovy:20)
	at com.kms.katalon.core.webui.keyword.builtin.ClickKeyword.click(ClickKeyword.groovy:76)
	at com.kms.katalon.core.webui.keyword.builtin.ClickKeyword.execute(ClickKeyword.groovy:43)
	at com.kms.katalon.core.keyword.internal.KeywordExecutor.executeKeywordForPlatform(KeywordExecutor.groovy:72)
	at com.kms.katalon.core.webui.keyword.WebUiBuiltInKeywords.click(WebUiBuiltInKeywords.groovy:616)
	at com.kms.katalon.core.webui.keyword.WebUiBuiltInKeywords$click$3.call(Unknown Source)
	at Script1591099422326.run(Script1591099422326.groovy:31)
	... 13 more
)

2020-06-05 12:40:04 - [MESSAGE][INFO] - Unable to find the element located by 'By.xpath: (.//*[normalize-space(text()) and normalize-space(.)='(Edit)'])[1]/following::*[name()='svg'][2]'. Please recheck the objects properties to make sure the desired element is located. 

2020-06-05 12:40:05 - [MESSAGE][FAILED] - Unable to click on object 'Object Repository/1612427/14_Hide_PinPosts/Page_Town Square - minus Mattermost/svg' (Root cause: com.kms.katalon.core.exception.StepFailedException: Unable to click on object 'Object Repository/1612427/14_Hide_PinPosts/Page_Town Square - minus Mattermost/svg'
	at com.kms.katalon.core.webui.keyword.internal.WebUIKeywordMain.stepFailed(WebUIKeywordMain.groovy:64)
	at com.kms.katalon.core.webui.keyword.internal.WebUIKeywordMain.runKeyword(WebUIKeywordMain.groovy:26)
	at com.kms.katalon.core.webui.keyword.builtin.ClickKeyword.click(ClickKeyword.groovy:76)
	at com.kms.katalon.core.webui.keyword.builtin.ClickKeyword.execute(ClickKeyword.groovy:43)
	at com.kms.katalon.core.keyword.internal.KeywordExecutor.executeKeywordForPlatform(KeywordExecutor.groovy:72)
	at com.kms.katalon.core.webui.keyword.WebUiBuiltInKeywords.click(WebUiBuiltInKeywords.groovy:616)
	at com.kms.katalon.core.webui.keyword.WebUiBuiltInKeywords$click$3.call(Unknown Source)
	at 14_Hide_PinPosts.run(14_Hide_PinPosts:31)
	at com.kms.katalon.core.main.ScriptEngine.run(ScriptEngine.java:194)
	at com.kms.katalon.core.main.ScriptEngine.runScriptAsRawText(ScriptEngine.java:119)
	at com.kms.katalon.core.main.TestCaseExecutor.runScript(TestCaseExecutor.java:337)
	at com.kms.katalon.core.main.TestCaseExecutor.doExecute(TestCaseExecutor.java:328)
	at com.kms.katalon.core.main.TestCaseExecutor.processExecutionPhase(TestCaseExecutor.java:307)
	at com.kms.katalon.core.main.TestCaseExecutor.accessMainPhase(TestCaseExecutor.java:299)
	at com.kms.katalon.core.main.TestCaseExecutor.execute(TestCaseExecutor.java:233)
	at com.kms.katalon.core.main.TestSuiteExecutor.accessTestCaseMainPhase(TestSuiteExecutor.java:169)
	at com.kms.katalon.core.main.TestSuiteExecutor.accessTestSuiteMainPhase(TestSuiteExecutor.java:142)
	at com.kms.katalon.core.main.TestSuiteExecutor.execute(TestSuiteExecutor.java:91)
	at com.kms.katalon.core.main.TestCaseMain.startTestSuite(TestCaseMain.java:157)
	at com.kms.katalon.core.main.TestCaseMain$startTestSuite$0.call(Unknown Source)
	at TempTestSuite1591335489835.run(TempTestSuite1591335489835.groovy:37)
Caused by: com.kms.katalon.core.webui.exception.WebElementNotFoundException: Web element with id: 'Object Repository/1612427/14_Hide_PinPosts/Page_Town Square - minus Mattermost/svg' located by 'By.xpath: (.//*[normalize-space(text()) and normalize-space(.)='(Edit)'])[1]/following::*[name()='svg'][2]' not found
	at com.kms.katalon.core.webui.common.WebUiCommonHelper.findWebElement(WebUiCommonHelper.java:1154)
	at com.kms.katalon.core.webui.keyword.internal.WebUIAbstractKeyword.findWebElement(WebUIAbstractKeyword.groovy:27)
	at com.kms.katalon.core.webui.keyword.internal.WebUIAbstractKeyword.findWebElement(WebUIAbstractKeyword.groovy:26)
	at com.kms.katalon.core.webui.keyword.builtin.ClickKeyword$_click_closure1.doCall(ClickKeyword.groovy:67)
	at com.kms.katalon.core.webui.keyword.builtin.ClickKeyword$_click_closure1.call(ClickKeyword.groovy)
	at com.kms.katalon.core.webui.keyword.internal.WebUIKeywordMain.runKeyword(WebUIKeywordMain.groovy:20)
	at com.kms.katalon.core.webui.keyword.builtin.ClickKeyword.click(ClickKeyword.groovy:76)
	at com.kms.katalon.core.webui.keyword.builtin.ClickKeyword.execute(ClickKeyword.groovy:43)
	at com.kms.katalon.core.keyword.internal.KeywordExecutor.executeKeywordForPlatform(KeywordExecutor.groovy:72)
	at com.kms.katalon.core.webui.keyword.WebUiBuiltInKeywords.click(WebUiBuiltInKeywords.groovy:616)
	at com.kms.katalon.core.webui.keyword.WebUiBuiltInKeywords$click$3.call(Unknown Source)
	at Script1591099422326.run(Script1591099422326.groovy:31)
	... 13 more
)
[[ATTACHMENT|C:\\Users\\Thanh\\Desktop\\github.com\\New folder (2)\\homeword02-mattermost-katalon\\Reports\\20200605_123809\\Run all test cases\\20200605_123809\\1591335604801.png]]]]></system-out>
         <system-err><![CDATA[2020-06-05 12:39:08 - [TEST_CASE][FAILED] - Test Cases/1612427/14_Hide_PinPosts: Test Cases/1612427/14_Hide_PinPosts FAILED.
Reason:
com.kms.katalon.core.exception.StepFailedException: Unable to click on object 'Object Repository/1612427/14_Hide_PinPosts/Page_Town Square - minus Mattermost/svg'
	at com.kms.katalon.core.webui.keyword.internal.WebUIKeywordMain.stepFailed(WebUIKeywordMain.groovy:64)
	at com.kms.katalon.core.webui.keyword.internal.WebUIKeywordMain.runKeyword(WebUIKeywordMain.groovy:26)
	at com.kms.katalon.core.webui.keyword.builtin.ClickKeyword.click(ClickKeyword.groovy:76)
	at com.kms.katalon.core.webui.keyword.builtin.ClickKeyword.execute(ClickKeyword.groovy:43)
	at com.kms.katalon.core.keyword.internal.KeywordExecutor.executeKeywordForPlatform(KeywordExecutor.groovy:72)
	at com.kms.katalon.core.webui.keyword.WebUiBuiltInKeywords.click(WebUiBuiltInKeywords.groovy:616)
	at com.kms.katalon.core.webui.keyword.WebUiBuiltInKeywords$click$3.call(Unknown Source)
	at 14_Hide_PinPosts.run(14_Hide_PinPosts:31)
	at com.kms.katalon.core.main.ScriptEngine.run(ScriptEngine.java:194)
	at com.kms.katalon.core.main.ScriptEngine.runScriptAsRawText(ScriptEngine.java:119)
	at com.kms.katalon.core.main.TestCaseExecutor.runScript(TestCaseExecutor.java:337)
	at com.kms.katalon.core.main.TestCaseExecutor.doExecute(TestCaseExecutor.java:328)
	at com.kms.katalon.core.main.TestCaseExecutor.processExecutionPhase(TestCaseExecutor.java:307)
	at com.kms.katalon.core.main.TestCaseExecutor.accessMainPhase(TestCaseExecutor.java:299)
	at com.kms.katalon.core.main.TestCaseExecutor.execute(TestCaseExecutor.java:233)
	at com.kms.katalon.core.main.TestSuiteExecutor.accessTestCaseMainPhase(TestSuiteExecutor.java:169)
	at com.kms.katalon.core.main.TestSuiteExecutor.accessTestSuiteMainPhase(TestSuiteExecutor.java:142)
	at com.kms.katalon.core.main.TestSuiteExecutor.execute(TestSuiteExecutor.java:91)
	at com.kms.katalon.core.main.TestCaseMain.startTestSuite(TestCaseMain.java:157)
	at com.kms.katalon.core.main.TestCaseMain$startTestSuite$0.call(Unknown Source)
	at TempTestSuite1591335489835.run(TempTestSuite1591335489835.groovy:37)
Caused by: com.kms.katalon.core.webui.exception.WebElementNotFoundException: Web element with id: 'Object Repository/1612427/14_Hide_PinPosts/Page_Town Square - minus Mattermost/svg' located by 'By.xpath: (.//*[normalize-space(text()) and normalize-space(.)='(Edit)'])[1]/following::*[name()='svg'][2]' not found
	at com.kms.katalon.core.webui.common.WebUiCommonHelper.findWebElement(WebUiCommonHelper.java:1154)
	at com.kms.katalon.core.webui.keyword.internal.WebUIAbstractKeyword.findWebElement(WebUIAbstractKeyword.groovy:27)
	at com.kms.katalon.core.webui.keyword.internal.WebUIAbstractKeyword.findWebElement(WebUIAbstractKeyword.groovy:26)
	at com.kms.katalon.core.webui.keyword.builtin.ClickKeyword$_click_closure1.doCall(ClickKeyword.groovy:67)
	at com.kms.katalon.core.webui.keyword.builtin.ClickKeyword$_click_closure1.call(ClickKeyword.groovy)
	at com.kms.katalon.core.webui.keyword.internal.WebUIKeywordMain.runKeyword(WebUIKeywordMain.groovy:20)
	... 19 more]]></system-err>
      </testcase>
      <testcase name="Test Cases/1612427/15_OpenFlag" time="56.779" classname="Test Cases/1612427/15_OpenFlag" status="FAILED">
         <failure type="FAILED" message="Test Cases/1612427/15_OpenFlag FAILED.
Reason:
com.kms.katalon.core.exception.StepFailedException: Unable to click on object 'Object Repository/1612427/15_OpenFlag/Page_Town Square - minus Mattermost/svg'
	at com.kms.katalon.core.webui.keyword.internal.WebUIKeywordMain.stepFailed(WebUIKeywordMain.groovy:64)
	at com.kms.katalon.core.webui.keyword.internal.WebUIKeywordMain.runKeyword(WebUIKeywordMain.groovy:26)
	at com.kms.katalon.core.webui.keyword.builtin.ClickKeyword.click(ClickKeyword.groovy:76)
	at com.kms.katalon.core.webui.keyword.builtin.ClickKeyword.execute(ClickKeyword.groovy:43)
	at com.kms.katalon.core.keyword.internal.KeywordExecutor.executeKeywordForPlatform(KeywordExecutor.groovy:72)
	at com.kms.katalon.core.webui.keyword.WebUiBuiltInKeywords.click(WebUiBuiltInKeywords.groovy:616)
	at com.kms.katalon.core.webui.keyword.WebUiBuiltInKeywords$click$3.call(Unknown Source)
	at 15_OpenFlag.run(15_OpenFlag:31)
	at com.kms.katalon.core.main.ScriptEngine.run(ScriptEngine.java:194)
	at com.kms.katalon.core.main.ScriptEngine.runScriptAsRawText(ScriptEngine.java:119)
	at com.kms.katalon.core.main.TestCaseExecutor.runScript(TestCaseExecutor.java:337)
	at com.kms.katalon.core.main.TestCaseExecutor.doExecute(TestCaseExecutor.java:328)
	at com.kms.katalon.core.main.TestCaseExecutor.processExecutionPhase(TestCaseExecutor.java:307)
	at com.kms.katalon.core.main.TestCaseExecutor.accessMainPhase(TestCaseExecutor.java:299)
	at com.kms.katalon.core.main.TestCaseExecutor.execute(TestCaseExecutor.java:233)
	at com.kms.katalon.core.main.TestSuiteExecutor.accessTestCaseMainPhase(TestSuiteExecutor.java:169)
	at com.kms.katalon.core.main.TestSuiteExecutor.accessTestSuiteMainPhase(TestSuiteExecutor.java:142)
	at com.kms.katalon.core.main.TestSuiteExecutor.execute(TestSuiteExecutor.java:91)
	at com.kms.katalon.core.main.TestCaseMain.startTestSuite(TestCaseMain.java:157)
	at com.kms.katalon.core.main.TestCaseMain$startTestSuite$0.call(Unknown Source)
	at TempTestSuite1591335489835.run(TempTestSuite1591335489835.groovy:37)
Caused by: com.kms.katalon.core.webui.exception.WebElementNotFoundException: Web element with id: 'Object Repository/1612427/15_OpenFlag/Page_Town Square - minus Mattermost/svg' located by 'By.xpath: (.//*[normalize-space(text()) and normalize-space(.)='(Edit)'])[1]/following::*[name()='svg'][5]' not found
	at com.kms.katalon.core.webui.common.WebUiCommonHelper.findWebElement(WebUiCommonHelper.java:1154)
	at com.kms.katalon.core.webui.keyword.internal.WebUIAbstractKeyword.findWebElement(WebUIAbstractKeyword.groovy:27)
	at com.kms.katalon.core.webui.keyword.internal.WebUIAbstractKeyword.findWebElement(WebUIAbstractKeyword.groovy:26)
	at com.kms.katalon.core.webui.keyword.builtin.ClickKeyword$_click_closure1.doCall(ClickKeyword.groovy:67)
	at com.kms.katalon.core.webui.keyword.builtin.ClickKeyword$_click_closure1.call(ClickKeyword.groovy)
	at com.kms.katalon.core.webui.keyword.internal.WebUIKeywordMain.runKeyword(WebUIKeywordMain.groovy:20)
	... 19 more
"/>
         <system-out><![CDATA[2020-06-05 12:40:05 - [TEST_CASE][FAILED] - Test Cases/1612427/15_OpenFlag: Test Cases/1612427/15_OpenFlag FAILED.
Reason:
com.kms.katalon.core.exception.StepFailedException: Unable to click on object 'Object Repository/1612427/15_OpenFlag/Page_Town Square - minus Mattermost/svg'
	at com.kms.katalon.core.webui.keyword.internal.WebUIKeywordMain.stepFailed(WebUIKeywordMain.groovy:64)
	at com.kms.katalon.core.webui.keyword.internal.WebUIKeywordMain.runKeyword(WebUIKeywordMain.groovy:26)
	at com.kms.katalon.core.webui.keyword.builtin.ClickKeyword.click(ClickKeyword.groovy:76)
	at com.kms.katalon.core.webui.keyword.builtin.ClickKeyword.execute(ClickKeyword.groovy:43)
	at com.kms.katalon.core.keyword.internal.KeywordExecutor.executeKeywordForPlatform(KeywordExecutor.groovy:72)
	at com.kms.katalon.core.webui.keyword.WebUiBuiltInKeywords.click(WebUiBuiltInKeywords.groovy:616)
	at com.kms.katalon.core.webui.keyword.WebUiBuiltInKeywords$click$3.call(Unknown Source)
	at 15_OpenFlag.run(15_OpenFlag:31)
	at com.kms.katalon.core.main.ScriptEngine.run(ScriptEngine.java:194)
	at com.kms.katalon.core.main.ScriptEngine.runScriptAsRawText(ScriptEngine.java:119)
	at com.kms.katalon.core.main.TestCaseExecutor.runScript(TestCaseExecutor.java:337)
	at com.kms.katalon.core.main.TestCaseExecutor.doExecute(TestCaseExecutor.java:328)
	at com.kms.katalon.core.main.TestCaseExecutor.processExecutionPhase(TestCaseExecutor.java:307)
	at com.kms.katalon.core.main.TestCaseExecutor.accessMainPhase(TestCaseExecutor.java:299)
	at com.kms.katalon.core.main.TestCaseExecutor.execute(TestCaseExecutor.java:233)
	at com.kms.katalon.core.main.TestSuiteExecutor.accessTestCaseMainPhase(TestSuiteExecutor.java:169)
	at com.kms.katalon.core.main.TestSuiteExecutor.accessTestSuiteMainPhase(TestSuiteExecutor.java:142)
	at com.kms.katalon.core.main.TestSuiteExecutor.execute(TestSuiteExecutor.java:91)
	at com.kms.katalon.core.main.TestCaseMain.startTestSuite(TestCaseMain.java:157)
	at com.kms.katalon.core.main.TestCaseMain$startTestSuite$0.call(Unknown Source)
	at TempTestSuite1591335489835.run(TempTestSuite1591335489835.groovy:37)
Caused by: com.kms.katalon.core.webui.exception.WebElementNotFoundException: Web element with id: 'Object Repository/1612427/15_OpenFlag/Page_Town Square - minus Mattermost/svg' located by 'By.xpath: (.//*[normalize-space(text()) and normalize-space(.)='(Edit)'])[1]/following::*[name()='svg'][5]' not found
	at com.kms.katalon.core.webui.common.WebUiCommonHelper.findWebElement(WebUiCommonHelper.java:1154)
	at com.kms.katalon.core.webui.keyword.internal.WebUIAbstractKeyword.findWebElement(WebUIAbstractKeyword.groovy:27)
	at com.kms.katalon.core.webui.keyword.internal.WebUIAbstractKeyword.findWebElement(WebUIAbstractKeyword.groovy:26)
	at com.kms.katalon.core.webui.keyword.builtin.ClickKeyword$_click_closure1.doCall(ClickKeyword.groovy:67)
	at com.kms.katalon.core.webui.keyword.builtin.ClickKeyword$_click_closure1.call(ClickKeyword.groovy)
	at com.kms.katalon.core.webui.keyword.internal.WebUIKeywordMain.runKeyword(WebUIKeywordMain.groovy:20)
	... 19 more


2020-06-05 12:40:05 - [TEST_STEP][PASSED] - openBrowser(""): Browser is opened with url: ''

2020-06-05 12:40:05 - [MESSAGE][WARNING] - A browser is already opened. Closing browser and opening a new one

2020-06-05 12:40:06 - [MESSAGE][INFO] - Starting 'Chrome' driver

2020-06-05 12:40:06 - [MESSAGE][INFO] - Action delay is set to 0 milliseconds

2020-06-05 12:40:09 - [MESSAGE][PASSED] - Browser is opened with url: ''

2020-06-05 12:40:09 - [TEST_STEP][PASSED] - navigateToUrl("http://localhost:8065/login"): Navigate to 'http://localhost:8065/login' successfully

2020-06-05 12:40:11 - [MESSAGE][PASSED] - Navigate to 'http://localhost:8065/login' successfully

2020-06-05 12:40:11 - [TEST_STEP][PASSED] - setText(findTestObject("Object Repository/1612427/15_OpenFlag/Page_Mattermost/input_All team communication in one place s_703ef5"), "hcmus-cdnc"): Text 'hcmus-cdnc' is set on object 'Object Repository/1612427/15_OpenFlag/Page_Mattermost/input_All team communication in one place s_703ef5'

2020-06-05 12:40:13 - [MESSAGE][PASSED] - Text 'hcmus-cdnc' is set on object 'Object Repository/1612427/15_OpenFlag/Page_Mattermost/input_All team communication in one place s_703ef5'

2020-06-05 12:40:13 - [TEST_STEP][PASSED] - setEncryptedText(findTestObject("Object Repository/1612427/15_OpenFlag/Page_Mattermost/input_All team communication in one place s_2f2733"), "aeHFOx8jV/A="): Text ****** has been set on object 'Object Repository/1612427/15_OpenFlag/Page_Mattermost/input_All team communication in one place s_2f2733'

2020-06-05 12:40:13 - [MESSAGE][PASSED] - Text ****** has been set on object 'Object Repository/1612427/15_OpenFlag/Page_Mattermost/input_All team communication in one place s_2f2733'

2020-06-05 12:40:13 - [TEST_STEP][PASSED] - click(findTestObject("Object Repository/1612427/15_OpenFlag/Page_Mattermost/span_Sign in")): Object: 'Object Repository/1612427/15_OpenFlag/Page_Mattermost/span_Sign in' is clicked on

2020-06-05 12:40:14 - [MESSAGE][PASSED] - Object: 'Object Repository/1612427/15_OpenFlag/Page_Mattermost/span_Sign in' is clicked on

2020-06-05 12:40:14 - [TEST_STEP][FAILED] - click(findTestObject("Object Repository/1612427/15_OpenFlag/Page_Town Square - minus Mattermost/svg")): Unable to click on object 'Object Repository/1612427/15_OpenFlag/Page_Town Square - minus Mattermost/svg' (Root cause: com.kms.katalon.core.exception.StepFailedException: Unable to click on object 'Object Repository/1612427/15_OpenFlag/Page_Town Square - minus Mattermost/svg'
	at com.kms.katalon.core.webui.keyword.internal.WebUIKeywordMain.stepFailed(WebUIKeywordMain.groovy:64)
	at com.kms.katalon.core.webui.keyword.internal.WebUIKeywordMain.runKeyword(WebUIKeywordMain.groovy:26)
	at com.kms.katalon.core.webui.keyword.builtin.ClickKeyword.click(ClickKeyword.groovy:76)
	at com.kms.katalon.core.webui.keyword.builtin.ClickKeyword.execute(ClickKeyword.groovy:43)
	at com.kms.katalon.core.keyword.internal.KeywordExecutor.executeKeywordForPlatform(KeywordExecutor.groovy:72)
	at com.kms.katalon.core.webui.keyword.WebUiBuiltInKeywords.click(WebUiBuiltInKeywords.groovy:616)
	at com.kms.katalon.core.webui.keyword.WebUiBuiltInKeywords$click$3.call(Unknown Source)
	at 15_OpenFlag.run(15_OpenFlag:31)
	at com.kms.katalon.core.main.ScriptEngine.run(ScriptEngine.java:194)
	at com.kms.katalon.core.main.ScriptEngine.runScriptAsRawText(ScriptEngine.java:119)
	at com.kms.katalon.core.main.TestCaseExecutor.runScript(TestCaseExecutor.java:337)
	at com.kms.katalon.core.main.TestCaseExecutor.doExecute(TestCaseExecutor.java:328)
	at com.kms.katalon.core.main.TestCaseExecutor.processExecutionPhase(TestCaseExecutor.java:307)
	at com.kms.katalon.core.main.TestCaseExecutor.accessMainPhase(TestCaseExecutor.java:299)
	at com.kms.katalon.core.main.TestCaseExecutor.execute(TestCaseExecutor.java:233)
	at com.kms.katalon.core.main.TestSuiteExecutor.accessTestCaseMainPhase(TestSuiteExecutor.java:169)
	at com.kms.katalon.core.main.TestSuiteExecutor.accessTestSuiteMainPhase(TestSuiteExecutor.java:142)
	at com.kms.katalon.core.main.TestSuiteExecutor.execute(TestSuiteExecutor.java:91)
	at com.kms.katalon.core.main.TestCaseMain.startTestSuite(TestCaseMain.java:157)
	at com.kms.katalon.core.main.TestCaseMain$startTestSuite$0.call(Unknown Source)
	at TempTestSuite1591335489835.run(TempTestSuite1591335489835.groovy:37)
Caused by: com.kms.katalon.core.webui.exception.WebElementNotFoundException: Web element with id: 'Object Repository/1612427/15_OpenFlag/Page_Town Square - minus Mattermost/svg' located by 'By.xpath: (.//*[normalize-space(text()) and normalize-space(.)='(Edit)'])[1]/following::*[name()='svg'][5]' not found
	at com.kms.katalon.core.webui.common.WebUiCommonHelper.findWebElement(WebUiCommonHelper.java:1154)
	at com.kms.katalon.core.webui.keyword.internal.WebUIAbstractKeyword.findWebElement(WebUIAbstractKeyword.groovy:27)
	at com.kms.katalon.core.webui.keyword.internal.WebUIAbstractKeyword.findWebElement(WebUIAbstractKeyword.groovy:26)
	at com.kms.katalon.core.webui.keyword.builtin.ClickKeyword$_click_closure1.doCall(ClickKeyword.groovy:67)
	at com.kms.katalon.core.webui.keyword.builtin.ClickKeyword$_click_closure1.call(ClickKeyword.groovy)
	at com.kms.katalon.core.webui.keyword.internal.WebUIKeywordMain.runKeyword(WebUIKeywordMain.groovy:20)
	at com.kms.katalon.core.webui.keyword.builtin.ClickKeyword.click(ClickKeyword.groovy:76)
	at com.kms.katalon.core.webui.keyword.builtin.ClickKeyword.execute(ClickKeyword.groovy:43)
	at com.kms.katalon.core.keyword.internal.KeywordExecutor.executeKeywordForPlatform(KeywordExecutor.groovy:72)
	at com.kms.katalon.core.webui.keyword.WebUiBuiltInKeywords.click(WebUiBuiltInKeywords.groovy:616)
	at com.kms.katalon.core.webui.keyword.WebUiBuiltInKeywords$click$3.call(Unknown Source)
	at Script1591107929060.run(Script1591107929060.groovy:31)
	... 13 more
)

2020-06-05 12:41:01 - [MESSAGE][INFO] - Unable to find the element located by 'By.xpath: (.//*[normalize-space(text()) and normalize-space(.)='(Edit)'])[1]/following::*[name()='svg'][5]'. Please recheck the objects properties to make sure the desired element is located. 

2020-06-05 12:41:01 - [MESSAGE][FAILED] - Unable to click on object 'Object Repository/1612427/15_OpenFlag/Page_Town Square - minus Mattermost/svg' (Root cause: com.kms.katalon.core.exception.StepFailedException: Unable to click on object 'Object Repository/1612427/15_OpenFlag/Page_Town Square - minus Mattermost/svg'
	at com.kms.katalon.core.webui.keyword.internal.WebUIKeywordMain.stepFailed(WebUIKeywordMain.groovy:64)
	at com.kms.katalon.core.webui.keyword.internal.WebUIKeywordMain.runKeyword(WebUIKeywordMain.groovy:26)
	at com.kms.katalon.core.webui.keyword.builtin.ClickKeyword.click(ClickKeyword.groovy:76)
	at com.kms.katalon.core.webui.keyword.builtin.ClickKeyword.execute(ClickKeyword.groovy:43)
	at com.kms.katalon.core.keyword.internal.KeywordExecutor.executeKeywordForPlatform(KeywordExecutor.groovy:72)
	at com.kms.katalon.core.webui.keyword.WebUiBuiltInKeywords.click(WebUiBuiltInKeywords.groovy:616)
	at com.kms.katalon.core.webui.keyword.WebUiBuiltInKeywords$click$3.call(Unknown Source)
	at 15_OpenFlag.run(15_OpenFlag:31)
	at com.kms.katalon.core.main.ScriptEngine.run(ScriptEngine.java:194)
	at com.kms.katalon.core.main.ScriptEngine.runScriptAsRawText(ScriptEngine.java:119)
	at com.kms.katalon.core.main.TestCaseExecutor.runScript(TestCaseExecutor.java:337)
	at com.kms.katalon.core.main.TestCaseExecutor.doExecute(TestCaseExecutor.java:328)
	at com.kms.katalon.core.main.TestCaseExecutor.processExecutionPhase(TestCaseExecutor.java:307)
	at com.kms.katalon.core.main.TestCaseExecutor.accessMainPhase(TestCaseExecutor.java:299)
	at com.kms.katalon.core.main.TestCaseExecutor.execute(TestCaseExecutor.java:233)
	at com.kms.katalon.core.main.TestSuiteExecutor.accessTestCaseMainPhase(TestSuiteExecutor.java:169)
	at com.kms.katalon.core.main.TestSuiteExecutor.accessTestSuiteMainPhase(TestSuiteExecutor.java:142)
	at com.kms.katalon.core.main.TestSuiteExecutor.execute(TestSuiteExecutor.java:91)
	at com.kms.katalon.core.main.TestCaseMain.startTestSuite(TestCaseMain.java:157)
	at com.kms.katalon.core.main.TestCaseMain$startTestSuite$0.call(Unknown Source)
	at TempTestSuite1591335489835.run(TempTestSuite1591335489835.groovy:37)
Caused by: com.kms.katalon.core.webui.exception.WebElementNotFoundException: Web element with id: 'Object Repository/1612427/15_OpenFlag/Page_Town Square - minus Mattermost/svg' located by 'By.xpath: (.//*[normalize-space(text()) and normalize-space(.)='(Edit)'])[1]/following::*[name()='svg'][5]' not found
	at com.kms.katalon.core.webui.common.WebUiCommonHelper.findWebElement(WebUiCommonHelper.java:1154)
	at com.kms.katalon.core.webui.keyword.internal.WebUIAbstractKeyword.findWebElement(WebUIAbstractKeyword.groovy:27)
	at com.kms.katalon.core.webui.keyword.internal.WebUIAbstractKeyword.findWebElement(WebUIAbstractKeyword.groovy:26)
	at com.kms.katalon.core.webui.keyword.builtin.ClickKeyword$_click_closure1.doCall(ClickKeyword.groovy:67)
	at com.kms.katalon.core.webui.keyword.builtin.ClickKeyword$_click_closure1.call(ClickKeyword.groovy)
	at com.kms.katalon.core.webui.keyword.internal.WebUIKeywordMain.runKeyword(WebUIKeywordMain.groovy:20)
	at com.kms.katalon.core.webui.keyword.builtin.ClickKeyword.click(ClickKeyword.groovy:76)
	at com.kms.katalon.core.webui.keyword.builtin.ClickKeyword.execute(ClickKeyword.groovy:43)
	at com.kms.katalon.core.keyword.internal.KeywordExecutor.executeKeywordForPlatform(KeywordExecutor.groovy:72)
	at com.kms.katalon.core.webui.keyword.WebUiBuiltInKeywords.click(WebUiBuiltInKeywords.groovy:616)
	at com.kms.katalon.core.webui.keyword.WebUiBuiltInKeywords$click$3.call(Unknown Source)
	at Script1591107929060.run(Script1591107929060.groovy:31)
	... 13 more
)
[[ATTACHMENT|C:\\Users\\Thanh\\Desktop\\github.com\\New folder (2)\\homeword02-mattermost-katalon\\Reports\\20200605_123809\\Run all test cases\\20200605_123809\\1591335661674.png]]]]></system-out>
         <system-err><![CDATA[2020-06-05 12:40:05 - [TEST_CASE][FAILED] - Test Cases/1612427/15_OpenFlag: Test Cases/1612427/15_OpenFlag FAILED.
Reason:
com.kms.katalon.core.exception.StepFailedException: Unable to click on object 'Object Repository/1612427/15_OpenFlag/Page_Town Square - minus Mattermost/svg'
	at com.kms.katalon.core.webui.keyword.internal.WebUIKeywordMain.stepFailed(WebUIKeywordMain.groovy:64)
	at com.kms.katalon.core.webui.keyword.internal.WebUIKeywordMain.runKeyword(WebUIKeywordMain.groovy:26)
	at com.kms.katalon.core.webui.keyword.builtin.ClickKeyword.click(ClickKeyword.groovy:76)
	at com.kms.katalon.core.webui.keyword.builtin.ClickKeyword.execute(ClickKeyword.groovy:43)
	at com.kms.katalon.core.keyword.internal.KeywordExecutor.executeKeywordForPlatform(KeywordExecutor.groovy:72)
	at com.kms.katalon.core.webui.keyword.WebUiBuiltInKeywords.click(WebUiBuiltInKeywords.groovy:616)
	at com.kms.katalon.core.webui.keyword.WebUiBuiltInKeywords$click$3.call(Unknown Source)
	at 15_OpenFlag.run(15_OpenFlag:31)
	at com.kms.katalon.core.main.ScriptEngine.run(ScriptEngine.java:194)
	at com.kms.katalon.core.main.ScriptEngine.runScriptAsRawText(ScriptEngine.java:119)
	at com.kms.katalon.core.main.TestCaseExecutor.runScript(TestCaseExecutor.java:337)
	at com.kms.katalon.core.main.TestCaseExecutor.doExecute(TestCaseExecutor.java:328)
	at com.kms.katalon.core.main.TestCaseExecutor.processExecutionPhase(TestCaseExecutor.java:307)
	at com.kms.katalon.core.main.TestCaseExecutor.accessMainPhase(TestCaseExecutor.java:299)
	at com.kms.katalon.core.main.TestCaseExecutor.execute(TestCaseExecutor.java:233)
	at com.kms.katalon.core.main.TestSuiteExecutor.accessTestCaseMainPhase(TestSuiteExecutor.java:169)
	at com.kms.katalon.core.main.TestSuiteExecutor.accessTestSuiteMainPhase(TestSuiteExecutor.java:142)
	at com.kms.katalon.core.main.TestSuiteExecutor.execute(TestSuiteExecutor.java:91)
	at com.kms.katalon.core.main.TestCaseMain.startTestSuite(TestCaseMain.java:157)
	at com.kms.katalon.core.main.TestCaseMain$startTestSuite$0.call(Unknown Source)
	at TempTestSuite1591335489835.run(TempTestSuite1591335489835.groovy:37)
Caused by: com.kms.katalon.core.webui.exception.WebElementNotFoundException: Web element with id: 'Object Repository/1612427/15_OpenFlag/Page_Town Square - minus Mattermost/svg' located by 'By.xpath: (.//*[normalize-space(text()) and normalize-space(.)='(Edit)'])[1]/following::*[name()='svg'][5]' not found
	at com.kms.katalon.core.webui.common.WebUiCommonHelper.findWebElement(WebUiCommonHelper.java:1154)
	at com.kms.katalon.core.webui.keyword.internal.WebUIAbstractKeyword.findWebElement(WebUIAbstractKeyword.groovy:27)
	at com.kms.katalon.core.webui.keyword.internal.WebUIAbstractKeyword.findWebElement(WebUIAbstractKeyword.groovy:26)
	at com.kms.katalon.core.webui.keyword.builtin.ClickKeyword$_click_closure1.doCall(ClickKeyword.groovy:67)
	at com.kms.katalon.core.webui.keyword.builtin.ClickKeyword$_click_closure1.call(ClickKeyword.groovy)
	at com.kms.katalon.core.webui.keyword.internal.WebUIKeywordMain.runKeyword(WebUIKeywordMain.groovy:20)
	... 19 more]]></system-err>
      </testcase>
      <testcase name="Test Cases/1612427/16_AssignPermission" time="16.972" classname="Test Cases/1612427/16_AssignPermission" status="PASSED">
         <system-out><![CDATA[2020-06-05 12:41:01 - [TEST_CASE][PASSED] - Test Cases/1612427/16_AssignPermission: Test Cases/1612427/16_AssignPermission

2020-06-05 12:41:02 - [TEST_STEP][PASSED] - openBrowser(""): Browser is opened with url: ''

2020-06-05 12:41:02 - [MESSAGE][WARNING] - A browser is already opened. Closing browser and opening a new one

2020-06-05 12:41:03 - [MESSAGE][INFO] - Starting 'Chrome' driver

2020-06-05 12:41:03 - [MESSAGE][INFO] - Action delay is set to 0 milliseconds

2020-06-05 12:41:06 - [MESSAGE][PASSED] - Browser is opened with url: ''

2020-06-05 12:41:06 - [TEST_STEP][PASSED] - navigateToUrl("http://localhost:8065/login"): Navigate to 'http://localhost:8065/login' successfully

2020-06-05 12:41:07 - [MESSAGE][PASSED] - Navigate to 'http://localhost:8065/login' successfully

2020-06-05 12:41:07 - [TEST_STEP][PASSED] - setText(findTestObject("Object Repository/1612427/16_AssignPermission/Page_Mattermost/input_All team communication in one place s_703ef5"), "hcmus-cdnc"): Text 'hcmus-cdnc' is set on object 'Object Repository/1612427/16_AssignPermission/Page_Mattermost/input_All team communication in one place s_703ef5'

2020-06-05 12:41:09 - [MESSAGE][PASSED] - Text 'hcmus-cdnc' is set on object 'Object Repository/1612427/16_AssignPermission/Page_Mattermost/input_All team communication in one place s_703ef5'

2020-06-05 12:41:09 - [TEST_STEP][PASSED] - setEncryptedText(findTestObject("Object Repository/1612427/16_AssignPermission/Page_Mattermost/input_All team communication in one place s_2f2733"), "aeHFOx8jV/A="): Text ****** has been set on object 'Object Repository/1612427/16_AssignPermission/Page_Mattermost/input_All team communication in one place s_2f2733'

2020-06-05 12:41:10 - [MESSAGE][PASSED] - Text ****** has been set on object 'Object Repository/1612427/16_AssignPermission/Page_Mattermost/input_All team communication in one place s_2f2733'

2020-06-05 12:41:10 - [TEST_STEP][PASSED] - click(findTestObject("Object Repository/1612427/16_AssignPermission/Page_Mattermost/span_Sign in")): Object: 'Object Repository/1612427/16_AssignPermission/Page_Mattermost/span_Sign in' is clicked on

2020-06-05 12:41:10 - [MESSAGE][PASSED] - Object: 'Object Repository/1612427/16_AssignPermission/Page_Mattermost/span_Sign in' is clicked on

2020-06-05 12:41:10 - [TEST_STEP][PASSED] - click(findTestObject("Object Repository/1612427/16_AssignPermission/Page_Town Square - minus Mattermost/button_hcmus-cdnc_style--none sidebar-heade_0f8da4")): Object: 'Object Repository/1612427/16_AssignPermission/Page_Town Square - minus Mattermost/button_hcmus-cdnc_style--none sidebar-heade_0f8da4' is clicked on

2020-06-05 12:41:14 - [MESSAGE][PASSED] - Object: 'Object Repository/1612427/16_AssignPermission/Page_Town Square - minus Mattermost/button_hcmus-cdnc_style--none sidebar-heade_0f8da4' is clicked on

2020-06-05 12:41:14 - [TEST_STEP][PASSED] - click(findTestObject("Object Repository/1612427/16_AssignPermission/Page_Town Square - minus Mattermost/span_Manage Members")): Object: 'Object Repository/1612427/16_AssignPermission/Page_Town Square - minus Mattermost/span_Manage Members' is clicked on

2020-06-05 12:41:15 - [MESSAGE][PASSED] - Object: 'Object Repository/1612427/16_AssignPermission/Page_Town Square - minus Mattermost/span_Manage Members' is clicked on

2020-06-05 12:41:15 - [TEST_STEP][PASSED] - click(findTestObject("Object Repository/1612427/16_AssignPermission/Page_Town Square - minus Mattermost/span_Member")): Object: 'Object Repository/1612427/16_AssignPermission/Page_Town Square - minus Mattermost/span_Member' is clicked on

2020-06-05 12:41:17 - [MESSAGE][PASSED] - Object: 'Object Repository/1612427/16_AssignPermission/Page_Town Square - minus Mattermost/span_Member' is clicked on

2020-06-05 12:41:17 - [TEST_STEP][PASSED] - switch ("admin"): null

2020-06-05 12:41:17 - [TEST_STEP][PASSED] - case "admin":: null

2020-06-05 12:41:17 - [TEST_STEP][PASSED] - click(findTestObject("Object Repository/1612427/16_AssignPermission/Page_Town Square - minus Mattermost/span_Make Team Admin")): Object: 'Object Repository/1612427/16_AssignPermission/Page_Town Square - minus Mattermost/span_Make Team Admin' is clicked on

2020-06-05 12:41:18 - [MESSAGE][PASSED] - Object: 'Object Repository/1612427/16_AssignPermission/Page_Town Square - minus Mattermost/span_Make Team Admin' is clicked on

2020-06-05 12:41:18 - [TEST_STEP][PASSED] - break: null

2020-06-05 12:41:18 - [TEST_STEP][PASSED] - closeBrowser(): Browser is closed

2020-06-05 12:41:18 - [MESSAGE][PASSED] - Browser is closed]]></system-out>
         <system-err><![CDATA[]]></system-err>
      </testcase>
      <testcase name="Test Cases/1612427/17_SendIcon" time="59.801" classname="Test Cases/1612427/17_SendIcon" status="FAILED">
         <failure type="FAILED" message="Test Cases/1612427/17_SendIcon FAILED.
Reason:
com.kms.katalon.core.exception.StepFailedException: Unable to click on object 'Object Repository/1612427/17_SendIcon/Page_Town Square - minus Mattermost/svg'
	at com.kms.katalon.core.webui.keyword.internal.WebUIKeywordMain.stepFailed(WebUIKeywordMain.groovy:64)
	at com.kms.katalon.core.webui.keyword.internal.WebUIKeywordMain.runKeyword(WebUIKeywordMain.groovy:26)
	at com.kms.katalon.core.webui.keyword.builtin.ClickKeyword.click(ClickKeyword.groovy:76)
	at com.kms.katalon.core.webui.keyword.builtin.ClickKeyword.execute(ClickKeyword.groovy:43)
	at com.kms.katalon.core.keyword.internal.KeywordExecutor.executeKeywordForPlatform(KeywordExecutor.groovy:72)
	at com.kms.katalon.core.webui.keyword.WebUiBuiltInKeywords.click(WebUiBuiltInKeywords.groovy:616)
	at com.kms.katalon.core.webui.keyword.WebUiBuiltInKeywords$click$3.call(Unknown Source)
	at 17_SendIcon.run(17_SendIcon:33)
	at com.kms.katalon.core.main.ScriptEngine.run(ScriptEngine.java:194)
	at com.kms.katalon.core.main.ScriptEngine.runScriptAsRawText(ScriptEngine.java:119)
	at com.kms.katalon.core.main.TestCaseExecutor.runScript(TestCaseExecutor.java:337)
	at com.kms.katalon.core.main.TestCaseExecutor.doExecute(TestCaseExecutor.java:328)
	at com.kms.katalon.core.main.TestCaseExecutor.processExecutionPhase(TestCaseExecutor.java:307)
	at com.kms.katalon.core.main.TestCaseExecutor.accessMainPhase(TestCaseExecutor.java:299)
	at com.kms.katalon.core.main.TestCaseExecutor.execute(TestCaseExecutor.java:233)
	at com.kms.katalon.core.main.TestSuiteExecutor.accessTestCaseMainPhase(TestSuiteExecutor.java:169)
	at com.kms.katalon.core.main.TestSuiteExecutor.accessTestSuiteMainPhase(TestSuiteExecutor.java:142)
	at com.kms.katalon.core.main.TestSuiteExecutor.execute(TestSuiteExecutor.java:91)
	at com.kms.katalon.core.main.TestCaseMain.startTestSuite(TestCaseMain.java:157)
	at com.kms.katalon.core.main.TestCaseMain$startTestSuite$0.call(Unknown Source)
	at TempTestSuite1591335489835.run(TempTestSuite1591335489835.groovy:37)
Caused by: com.kms.katalon.core.webui.exception.WebElementNotFoundException: Web element with id: 'Object Repository/1612427/17_SendIcon/Page_Town Square - minus Mattermost/svg' located by 'By.xpath: (.//*[normalize-space(text()) and normalize-space(.)='Write to Town Square'])[1]/following::*[name()='svg'][2]' not found
	at com.kms.katalon.core.webui.common.WebUiCommonHelper.findWebElement(WebUiCommonHelper.java:1154)
	at com.kms.katalon.core.webui.keyword.internal.WebUIAbstractKeyword.findWebElement(WebUIAbstractKeyword.groovy:27)
	at com.kms.katalon.core.webui.keyword.internal.WebUIAbstractKeyword.findWebElement(WebUIAbstractKeyword.groovy:26)
	at com.kms.katalon.core.webui.keyword.builtin.ClickKeyword$_click_closure1.doCall(ClickKeyword.groovy:67)
	at com.kms.katalon.core.webui.keyword.builtin.ClickKeyword$_click_closure1.call(ClickKeyword.groovy)
	at com.kms.katalon.core.webui.keyword.internal.WebUIKeywordMain.runKeyword(WebUIKeywordMain.groovy:20)
	... 19 more
"/>
         <system-out><![CDATA[2020-06-05 12:41:18 - [TEST_CASE][FAILED] - Test Cases/1612427/17_SendIcon: Test Cases/1612427/17_SendIcon FAILED.
Reason:
com.kms.katalon.core.exception.StepFailedException: Unable to click on object 'Object Repository/1612427/17_SendIcon/Page_Town Square - minus Mattermost/svg'
	at com.kms.katalon.core.webui.keyword.internal.WebUIKeywordMain.stepFailed(WebUIKeywordMain.groovy:64)
	at com.kms.katalon.core.webui.keyword.internal.WebUIKeywordMain.runKeyword(WebUIKeywordMain.groovy:26)
	at com.kms.katalon.core.webui.keyword.builtin.ClickKeyword.click(ClickKeyword.groovy:76)
	at com.kms.katalon.core.webui.keyword.builtin.ClickKeyword.execute(ClickKeyword.groovy:43)
	at com.kms.katalon.core.keyword.internal.KeywordExecutor.executeKeywordForPlatform(KeywordExecutor.groovy:72)
	at com.kms.katalon.core.webui.keyword.WebUiBuiltInKeywords.click(WebUiBuiltInKeywords.groovy:616)
	at com.kms.katalon.core.webui.keyword.WebUiBuiltInKeywords$click$3.call(Unknown Source)
	at 17_SendIcon.run(17_SendIcon:33)
	at com.kms.katalon.core.main.ScriptEngine.run(ScriptEngine.java:194)
	at com.kms.katalon.core.main.ScriptEngine.runScriptAsRawText(ScriptEngine.java:119)
	at com.kms.katalon.core.main.TestCaseExecutor.runScript(TestCaseExecutor.java:337)
	at com.kms.katalon.core.main.TestCaseExecutor.doExecute(TestCaseExecutor.java:328)
	at com.kms.katalon.core.main.TestCaseExecutor.processExecutionPhase(TestCaseExecutor.java:307)
	at com.kms.katalon.core.main.TestCaseExecutor.accessMainPhase(TestCaseExecutor.java:299)
	at com.kms.katalon.core.main.TestCaseExecutor.execute(TestCaseExecutor.java:233)
	at com.kms.katalon.core.main.TestSuiteExecutor.accessTestCaseMainPhase(TestSuiteExecutor.java:169)
	at com.kms.katalon.core.main.TestSuiteExecutor.accessTestSuiteMainPhase(TestSuiteExecutor.java:142)
	at com.kms.katalon.core.main.TestSuiteExecutor.execute(TestSuiteExecutor.java:91)
	at com.kms.katalon.core.main.TestCaseMain.startTestSuite(TestCaseMain.java:157)
	at com.kms.katalon.core.main.TestCaseMain$startTestSuite$0.call(Unknown Source)
	at TempTestSuite1591335489835.run(TempTestSuite1591335489835.groovy:37)
Caused by: com.kms.katalon.core.webui.exception.WebElementNotFoundException: Web element with id: 'Object Repository/1612427/17_SendIcon/Page_Town Square - minus Mattermost/svg' located by 'By.xpath: (.//*[normalize-space(text()) and normalize-space(.)='Write to Town Square'])[1]/following::*[name()='svg'][2]' not found
	at com.kms.katalon.core.webui.common.WebUiCommonHelper.findWebElement(WebUiCommonHelper.java:1154)
	at com.kms.katalon.core.webui.keyword.internal.WebUIAbstractKeyword.findWebElement(WebUIAbstractKeyword.groovy:27)
	at com.kms.katalon.core.webui.keyword.internal.WebUIAbstractKeyword.findWebElement(WebUIAbstractKeyword.groovy:26)
	at com.kms.katalon.core.webui.keyword.builtin.ClickKeyword$_click_closure1.doCall(ClickKeyword.groovy:67)
	at com.kms.katalon.core.webui.keyword.builtin.ClickKeyword$_click_closure1.call(ClickKeyword.groovy)
	at com.kms.katalon.core.webui.keyword.internal.WebUIKeywordMain.runKeyword(WebUIKeywordMain.groovy:20)
	... 19 more


2020-06-05 12:41:19 - [TEST_STEP][PASSED] - openBrowser(""): Browser is opened with url: ''

2020-06-05 12:41:19 - [MESSAGE][INFO] - Starting 'Chrome' driver

2020-06-05 12:41:19 - [MESSAGE][INFO] - Action delay is set to 0 milliseconds

2020-06-05 12:41:22 - [MESSAGE][PASSED] - Browser is opened with url: ''

2020-06-05 12:41:22 - [TEST_STEP][PASSED] - setViewPortSize(1600, 1500): Viewport is set to new size with width = 1600 and height = 1500

2020-06-05 12:41:24 - [MESSAGE][PASSED] - Viewport is set to new size with width = 1600 and height = 1500

2020-06-05 12:41:24 - [TEST_STEP][PASSED] - navigateToUrl("http://localhost:8065/login"): Navigate to 'http://localhost:8065/login' successfully

2020-06-05 12:41:26 - [MESSAGE][PASSED] - Navigate to 'http://localhost:8065/login' successfully

2020-06-05 12:41:26 - [TEST_STEP][PASSED] - setText(findTestObject("Object Repository/1612427/17_SendIcon/Page_Mattermost/input_All team communication in one place s_703ef5"), "hcmus-cdnc"): Text 'hcmus-cdnc' is set on object 'Object Repository/1612427/17_SendIcon/Page_Mattermost/input_All team communication in one place s_703ef5'

2020-06-05 12:41:28 - [MESSAGE][PASSED] - Text 'hcmus-cdnc' is set on object 'Object Repository/1612427/17_SendIcon/Page_Mattermost/input_All team communication in one place s_703ef5'

2020-06-05 12:41:28 - [TEST_STEP][PASSED] - setEncryptedText(findTestObject("Object Repository/1612427/17_SendIcon/Page_Mattermost/input_All team communication in one place s_2f2733"), "aeHFOx8jV/A="): Text ****** has been set on object 'Object Repository/1612427/17_SendIcon/Page_Mattermost/input_All team communication in one place s_2f2733'

2020-06-05 12:41:29 - [MESSAGE][PASSED] - Text ****** has been set on object 'Object Repository/1612427/17_SendIcon/Page_Mattermost/input_All team communication in one place s_2f2733'

2020-06-05 12:41:29 - [TEST_STEP][PASSED] - click(findTestObject("Object Repository/1612427/17_SendIcon/Page_Mattermost/span_Sign in")): Object: 'Object Repository/1612427/17_SendIcon/Page_Mattermost/span_Sign in' is clicked on

2020-06-05 12:41:29 - [MESSAGE][PASSED] - Object: 'Object Repository/1612427/17_SendIcon/Page_Mattermost/span_Sign in' is clicked on

2020-06-05 12:41:29 - [TEST_STEP][FAILED] - click(findTestObject("Object Repository/1612427/17_SendIcon/Page_Town Square - minus Mattermost/svg")): Unable to click on object 'Object Repository/1612427/17_SendIcon/Page_Town Square - minus Mattermost/svg' (Root cause: com.kms.katalon.core.exception.StepFailedException: Unable to click on object 'Object Repository/1612427/17_SendIcon/Page_Town Square - minus Mattermost/svg'
	at com.kms.katalon.core.webui.keyword.internal.WebUIKeywordMain.stepFailed(WebUIKeywordMain.groovy:64)
	at com.kms.katalon.core.webui.keyword.internal.WebUIKeywordMain.runKeyword(WebUIKeywordMain.groovy:26)
	at com.kms.katalon.core.webui.keyword.builtin.ClickKeyword.click(ClickKeyword.groovy:76)
	at com.kms.katalon.core.webui.keyword.builtin.ClickKeyword.execute(ClickKeyword.groovy:43)
	at com.kms.katalon.core.keyword.internal.KeywordExecutor.executeKeywordForPlatform(KeywordExecutor.groovy:72)
	at com.kms.katalon.core.webui.keyword.WebUiBuiltInKeywords.click(WebUiBuiltInKeywords.groovy:616)
	at com.kms.katalon.core.webui.keyword.WebUiBuiltInKeywords$click$3.call(Unknown Source)
	at 17_SendIcon.run(17_SendIcon:33)
	at com.kms.katalon.core.main.ScriptEngine.run(ScriptEngine.java:194)
	at com.kms.katalon.core.main.ScriptEngine.runScriptAsRawText(ScriptEngine.java:119)
	at com.kms.katalon.core.main.TestCaseExecutor.runScript(TestCaseExecutor.java:337)
	at com.kms.katalon.core.main.TestCaseExecutor.doExecute(TestCaseExecutor.java:328)
	at com.kms.katalon.core.main.TestCaseExecutor.processExecutionPhase(TestCaseExecutor.java:307)
	at com.kms.katalon.core.main.TestCaseExecutor.accessMainPhase(TestCaseExecutor.java:299)
	at com.kms.katalon.core.main.TestCaseExecutor.execute(TestCaseExecutor.java:233)
	at com.kms.katalon.core.main.TestSuiteExecutor.accessTestCaseMainPhase(TestSuiteExecutor.java:169)
	at com.kms.katalon.core.main.TestSuiteExecutor.accessTestSuiteMainPhase(TestSuiteExecutor.java:142)
	at com.kms.katalon.core.main.TestSuiteExecutor.execute(TestSuiteExecutor.java:91)
	at com.kms.katalon.core.main.TestCaseMain.startTestSuite(TestCaseMain.java:157)
	at com.kms.katalon.core.main.TestCaseMain$startTestSuite$0.call(Unknown Source)
	at TempTestSuite1591335489835.run(TempTestSuite1591335489835.groovy:37)
Caused by: com.kms.katalon.core.webui.exception.WebElementNotFoundException: Web element with id: 'Object Repository/1612427/17_SendIcon/Page_Town Square - minus Mattermost/svg' located by 'By.xpath: (.//*[normalize-space(text()) and normalize-space(.)='Write to Town Square'])[1]/following::*[name()='svg'][2]' not found
	at com.kms.katalon.core.webui.common.WebUiCommonHelper.findWebElement(WebUiCommonHelper.java:1154)
	at com.kms.katalon.core.webui.keyword.internal.WebUIAbstractKeyword.findWebElement(WebUIAbstractKeyword.groovy:27)
	at com.kms.katalon.core.webui.keyword.internal.WebUIAbstractKeyword.findWebElement(WebUIAbstractKeyword.groovy:26)
	at com.kms.katalon.core.webui.keyword.builtin.ClickKeyword$_click_closure1.doCall(ClickKeyword.groovy:67)
	at com.kms.katalon.core.webui.keyword.builtin.ClickKeyword$_click_closure1.call(ClickKeyword.groovy)
	at com.kms.katalon.core.webui.keyword.internal.WebUIKeywordMain.runKeyword(WebUIKeywordMain.groovy:20)
	at com.kms.katalon.core.webui.keyword.builtin.ClickKeyword.click(ClickKeyword.groovy:76)
	at com.kms.katalon.core.webui.keyword.builtin.ClickKeyword.execute(ClickKeyword.groovy:43)
	at com.kms.katalon.core.keyword.internal.KeywordExecutor.executeKeywordForPlatform(KeywordExecutor.groovy:72)
	at com.kms.katalon.core.webui.keyword.WebUiBuiltInKeywords.click(WebUiBuiltInKeywords.groovy:616)
	at com.kms.katalon.core.webui.keyword.WebUiBuiltInKeywords$click$3.call(Unknown Source)
	at Script1591144482063.run(Script1591144482063.groovy:33)
	... 13 more
)

2020-06-05 12:42:17 - [MESSAGE][INFO] - Unable to find the element located by 'By.xpath: (.//*[normalize-space(text()) and normalize-space(.)='Write to Town Square'])[1]/following::*[name()='svg'][2]'. Please recheck the objects properties to make sure the desired element is located. 

2020-06-05 12:42:18 - [MESSAGE][FAILED] - Unable to click on object 'Object Repository/1612427/17_SendIcon/Page_Town Square - minus Mattermost/svg' (Root cause: com.kms.katalon.core.exception.StepFailedException: Unable to click on object 'Object Repository/1612427/17_SendIcon/Page_Town Square - minus Mattermost/svg'
	at com.kms.katalon.core.webui.keyword.internal.WebUIKeywordMain.stepFailed(WebUIKeywordMain.groovy:64)
	at com.kms.katalon.core.webui.keyword.internal.WebUIKeywordMain.runKeyword(WebUIKeywordMain.groovy:26)
	at com.kms.katalon.core.webui.keyword.builtin.ClickKeyword.click(ClickKeyword.groovy:76)
	at com.kms.katalon.core.webui.keyword.builtin.ClickKeyword.execute(ClickKeyword.groovy:43)
	at com.kms.katalon.core.keyword.internal.KeywordExecutor.executeKeywordForPlatform(KeywordExecutor.groovy:72)
	at com.kms.katalon.core.webui.keyword.WebUiBuiltInKeywords.click(WebUiBuiltInKeywords.groovy:616)
	at com.kms.katalon.core.webui.keyword.WebUiBuiltInKeywords$click$3.call(Unknown Source)
	at 17_SendIcon.run(17_SendIcon:33)
	at com.kms.katalon.core.main.ScriptEngine.run(ScriptEngine.java:194)
	at com.kms.katalon.core.main.ScriptEngine.runScriptAsRawText(ScriptEngine.java:119)
	at com.kms.katalon.core.main.TestCaseExecutor.runScript(TestCaseExecutor.java:337)
	at com.kms.katalon.core.main.TestCaseExecutor.doExecute(TestCaseExecutor.java:328)
	at com.kms.katalon.core.main.TestCaseExecutor.processExecutionPhase(TestCaseExecutor.java:307)
	at com.kms.katalon.core.main.TestCaseExecutor.accessMainPhase(TestCaseExecutor.java:299)
	at com.kms.katalon.core.main.TestCaseExecutor.execute(TestCaseExecutor.java:233)
	at com.kms.katalon.core.main.TestSuiteExecutor.accessTestCaseMainPhase(TestSuiteExecutor.java:169)
	at com.kms.katalon.core.main.TestSuiteExecutor.accessTestSuiteMainPhase(TestSuiteExecutor.java:142)
	at com.kms.katalon.core.main.TestSuiteExecutor.execute(TestSuiteExecutor.java:91)
	at com.kms.katalon.core.main.TestCaseMain.startTestSuite(TestCaseMain.java:157)
	at com.kms.katalon.core.main.TestCaseMain$startTestSuite$0.call(Unknown Source)
	at TempTestSuite1591335489835.run(TempTestSuite1591335489835.groovy:37)
Caused by: com.kms.katalon.core.webui.exception.WebElementNotFoundException: Web element with id: 'Object Repository/1612427/17_SendIcon/Page_Town Square - minus Mattermost/svg' located by 'By.xpath: (.//*[normalize-space(text()) and normalize-space(.)='Write to Town Square'])[1]/following::*[name()='svg'][2]' not found
	at com.kms.katalon.core.webui.common.WebUiCommonHelper.findWebElement(WebUiCommonHelper.java:1154)
	at com.kms.katalon.core.webui.keyword.internal.WebUIAbstractKeyword.findWebElement(WebUIAbstractKeyword.groovy:27)
	at com.kms.katalon.core.webui.keyword.internal.WebUIAbstractKeyword.findWebElement(WebUIAbstractKeyword.groovy:26)
	at com.kms.katalon.core.webui.keyword.builtin.ClickKeyword$_click_closure1.doCall(ClickKeyword.groovy:67)
	at com.kms.katalon.core.webui.keyword.builtin.ClickKeyword$_click_closure1.call(ClickKeyword.groovy)
	at com.kms.katalon.core.webui.keyword.internal.WebUIKeywordMain.runKeyword(WebUIKeywordMain.groovy:20)
	at com.kms.katalon.core.webui.keyword.builtin.ClickKeyword.click(ClickKeyword.groovy:76)
	at com.kms.katalon.core.webui.keyword.builtin.ClickKeyword.execute(ClickKeyword.groovy:43)
	at com.kms.katalon.core.keyword.internal.KeywordExecutor.executeKeywordForPlatform(KeywordExecutor.groovy:72)
	at com.kms.katalon.core.webui.keyword.WebUiBuiltInKeywords.click(WebUiBuiltInKeywords.groovy:616)
	at com.kms.katalon.core.webui.keyword.WebUiBuiltInKeywords$click$3.call(Unknown Source)
	at Script1591144482063.run(Script1591144482063.groovy:33)
	... 13 more
)
[[ATTACHMENT|C:\\Users\\Thanh\\Desktop\\github.com\\New folder (2)\\homeword02-mattermost-katalon\\Reports\\20200605_123809\\Run all test cases\\20200605_123809\\1591335737767.png]]]]></system-out>
         <system-err><![CDATA[2020-06-05 12:41:18 - [TEST_CASE][FAILED] - Test Cases/1612427/17_SendIcon: Test Cases/1612427/17_SendIcon FAILED.
Reason:
com.kms.katalon.core.exception.StepFailedException: Unable to click on object 'Object Repository/1612427/17_SendIcon/Page_Town Square - minus Mattermost/svg'
	at com.kms.katalon.core.webui.keyword.internal.WebUIKeywordMain.stepFailed(WebUIKeywordMain.groovy:64)
	at com.kms.katalon.core.webui.keyword.internal.WebUIKeywordMain.runKeyword(WebUIKeywordMain.groovy:26)
	at com.kms.katalon.core.webui.keyword.builtin.ClickKeyword.click(ClickKeyword.groovy:76)
	at com.kms.katalon.core.webui.keyword.builtin.ClickKeyword.execute(ClickKeyword.groovy:43)
	at com.kms.katalon.core.keyword.internal.KeywordExecutor.executeKeywordForPlatform(KeywordExecutor.groovy:72)
	at com.kms.katalon.core.webui.keyword.WebUiBuiltInKeywords.click(WebUiBuiltInKeywords.groovy:616)
	at com.kms.katalon.core.webui.keyword.WebUiBuiltInKeywords$click$3.call(Unknown Source)
	at 17_SendIcon.run(17_SendIcon:33)
	at com.kms.katalon.core.main.ScriptEngine.run(ScriptEngine.java:194)
	at com.kms.katalon.core.main.ScriptEngine.runScriptAsRawText(ScriptEngine.java:119)
	at com.kms.katalon.core.main.TestCaseExecutor.runScript(TestCaseExecutor.java:337)
	at com.kms.katalon.core.main.TestCaseExecutor.doExecute(TestCaseExecutor.java:328)
	at com.kms.katalon.core.main.TestCaseExecutor.processExecutionPhase(TestCaseExecutor.java:307)
	at com.kms.katalon.core.main.TestCaseExecutor.accessMainPhase(TestCaseExecutor.java:299)
	at com.kms.katalon.core.main.TestCaseExecutor.execute(TestCaseExecutor.java:233)
	at com.kms.katalon.core.main.TestSuiteExecutor.accessTestCaseMainPhase(TestSuiteExecutor.java:169)
	at com.kms.katalon.core.main.TestSuiteExecutor.accessTestSuiteMainPhase(TestSuiteExecutor.java:142)
	at com.kms.katalon.core.main.TestSuiteExecutor.execute(TestSuiteExecutor.java:91)
	at com.kms.katalon.core.main.TestCaseMain.startTestSuite(TestCaseMain.java:157)
	at com.kms.katalon.core.main.TestCaseMain$startTestSuite$0.call(Unknown Source)
	at TempTestSuite1591335489835.run(TempTestSuite1591335489835.groovy:37)
Caused by: com.kms.katalon.core.webui.exception.WebElementNotFoundException: Web element with id: 'Object Repository/1612427/17_SendIcon/Page_Town Square - minus Mattermost/svg' located by 'By.xpath: (.//*[normalize-space(text()) and normalize-space(.)='Write to Town Square'])[1]/following::*[name()='svg'][2]' not found
	at com.kms.katalon.core.webui.common.WebUiCommonHelper.findWebElement(WebUiCommonHelper.java:1154)
	at com.kms.katalon.core.webui.keyword.internal.WebUIAbstractKeyword.findWebElement(WebUIAbstractKeyword.groovy:27)
	at com.kms.katalon.core.webui.keyword.internal.WebUIAbstractKeyword.findWebElement(WebUIAbstractKeyword.groovy:26)
	at com.kms.katalon.core.webui.keyword.builtin.ClickKeyword$_click_closure1.doCall(ClickKeyword.groovy:67)
	at com.kms.katalon.core.webui.keyword.builtin.ClickKeyword$_click_closure1.call(ClickKeyword.groovy)
	at com.kms.katalon.core.webui.keyword.internal.WebUIKeywordMain.runKeyword(WebUIKeywordMain.groovy:20)
	... 19 more]]></system-err>
      </testcase>
      <testcase name="Test Cases/1612427/18_SwitchChannel" time="15.45" classname="Test Cases/1612427/18_SwitchChannel" status="PASSED">
         <system-out><![CDATA[2020-06-05 12:42:18 - [TEST_CASE][PASSED] - Test Cases/1612427/18_SwitchChannel: Test Cases/1612427/18_SwitchChannel

2020-06-05 12:42:19 - [TEST_STEP][PASSED] - openBrowser(""): Browser is opened with url: ''

2020-06-05 12:42:19 - [MESSAGE][WARNING] - A browser is already opened. Closing browser and opening a new one

2020-06-05 12:42:19 - [MESSAGE][INFO] - Starting 'Chrome' driver

2020-06-05 12:42:19 - [MESSAGE][INFO] - Action delay is set to 0 milliseconds

2020-06-05 12:42:23 - [MESSAGE][PASSED] - Browser is opened with url: ''

2020-06-05 12:42:23 - [TEST_STEP][PASSED] - navigateToUrl("http://localhost:8065/login"): Navigate to 'http://localhost:8065/login' successfully

2020-06-05 12:42:24 - [MESSAGE][PASSED] - Navigate to 'http://localhost:8065/login' successfully

2020-06-05 12:42:24 - [TEST_STEP][PASSED] - setText(findTestObject("Object Repository/1612427/18_SwitchChannel/Page_Mattermost/input_All team communication in one place s_703ef5"), "hcmus-cdnc"): Text 'hcmus-cdnc' is set on object 'Object Repository/1612427/18_SwitchChannel/Page_Mattermost/input_All team communication in one place s_703ef5'

2020-06-05 12:42:27 - [MESSAGE][PASSED] - Text 'hcmus-cdnc' is set on object 'Object Repository/1612427/18_SwitchChannel/Page_Mattermost/input_All team communication in one place s_703ef5'

2020-06-05 12:42:27 - [TEST_STEP][PASSED] - setEncryptedText(findTestObject("Object Repository/1612427/18_SwitchChannel/Page_Mattermost/input_All team communication in one place s_2f2733"), "aeHFOx8jV/A="): Text ****** has been set on object 'Object Repository/1612427/18_SwitchChannel/Page_Mattermost/input_All team communication in one place s_2f2733'

2020-06-05 12:42:28 - [MESSAGE][PASSED] - Text ****** has been set on object 'Object Repository/1612427/18_SwitchChannel/Page_Mattermost/input_All team communication in one place s_2f2733'

2020-06-05 12:42:28 - [TEST_STEP][PASSED] - click(findTestObject("Object Repository/1612427/18_SwitchChannel/Page_Mattermost/span_Sign in")): Object: 'Object Repository/1612427/18_SwitchChannel/Page_Mattermost/span_Sign in' is clicked on

2020-06-05 12:42:29 - [MESSAGE][PASSED] - Object: 'Object Repository/1612427/18_SwitchChannel/Page_Mattermost/span_Sign in' is clicked on

2020-06-05 12:42:29 - [TEST_STEP][PASSED] - channels = ["Town Square", "Off-Topic"]: null

2020-06-05 12:42:29 - [TEST_STEP][PASSED] - for (String ch : channels): null

2020-06-05 12:42:29 - [TEST_STEP][PASSED] - switch (ch): null

2020-06-05 12:42:29 - [TEST_STEP][PASSED] - case "Town Square":: null

2020-06-05 12:42:29 - [TEST_STEP][PASSED] - click(findTestObject("Object Repository/1612427/18_SwitchChannel/Page_Town Square - minus Mattermost/span_Off-Topic")): Object: 'Object Repository/1612427/18_SwitchChannel/Page_Town Square - minus Mattermost/span_Off-Topic' is clicked on

2020-06-05 12:42:32 - [MESSAGE][PASSED] - Object: 'Object Repository/1612427/18_SwitchChannel/Page_Town Square - minus Mattermost/span_Off-Topic' is clicked on

2020-06-05 12:42:32 - [TEST_STEP][PASSED] - break: null

2020-06-05 12:42:32 - [TEST_STEP][PASSED] - switch (ch): null

2020-06-05 12:42:32 - [TEST_STEP][PASSED] - case "Off-Topic":: null

2020-06-05 12:42:32 - [TEST_STEP][PASSED] - click(findTestObject("Object Repository/1612427/18_SwitchChannel/Page_Off-Topic - minus Mattermost/span_Town Square")): Object: 'Object Repository/1612427/18_SwitchChannel/Page_Off-Topic - minus Mattermost/span_Town Square' is clicked on

2020-06-05 12:42:33 - [MESSAGE][PASSED] - Object: 'Object Repository/1612427/18_SwitchChannel/Page_Off-Topic - minus Mattermost/span_Town Square' is clicked on

2020-06-05 12:42:33 - [TEST_STEP][PASSED] - break: null

2020-06-05 12:42:33 - [TEST_STEP][PASSED] - closeBrowser(): Browser is closed

2020-06-05 12:42:34 - [MESSAGE][PASSED] - Browser is closed]]></system-out>
         <system-err><![CDATA[]]></system-err>
      </testcase>
      <testcase name="Test Cases/1612427/19_InvitePeople" time="17.991" classname="Test Cases/1612427/19_InvitePeople" status="PASSED">
         <system-out><![CDATA[2020-06-05 12:42:34 - [TEST_CASE][PASSED] - Test Cases/1612427/19_InvitePeople: Test Cases/1612427/19_InvitePeople

2020-06-05 12:42:34 - [TEST_STEP][PASSED] - openBrowser(""): Browser is opened with url: ''

2020-06-05 12:42:34 - [MESSAGE][INFO] - Starting 'Chrome' driver

2020-06-05 12:42:34 - [MESSAGE][INFO] - Action delay is set to 0 milliseconds

2020-06-05 12:42:37 - [MESSAGE][PASSED] - Browser is opened with url: ''

2020-06-05 12:42:37 - [TEST_STEP][PASSED] - navigateToUrl("http://localhost:8065/login"): Navigate to 'http://localhost:8065/login' successfully

2020-06-05 12:42:39 - [MESSAGE][PASSED] - Navigate to 'http://localhost:8065/login' successfully

2020-06-05 12:42:39 - [TEST_STEP][PASSED] - setText(findTestObject("Object Repository/1612427/19_InvitePeople/Page_Mattermost/input_All team communication in one place s_703ef5"), "hcmus-cdnc"): Text 'hcmus-cdnc' is set on object 'Object Repository/1612427/19_InvitePeople/Page_Mattermost/input_All team communication in one place s_703ef5'

2020-06-05 12:42:41 - [MESSAGE][PASSED] - Text 'hcmus-cdnc' is set on object 'Object Repository/1612427/19_InvitePeople/Page_Mattermost/input_All team communication in one place s_703ef5'

2020-06-05 12:42:41 - [TEST_STEP][PASSED] - setEncryptedText(findTestObject("Object Repository/1612427/19_InvitePeople/Page_Mattermost/input_All team communication in one place s_2f2733"), "aeHFOx8jV/A="): Text ****** has been set on object 'Object Repository/1612427/19_InvitePeople/Page_Mattermost/input_All team communication in one place s_2f2733'

2020-06-05 12:42:41 - [MESSAGE][PASSED] - Text ****** has been set on object 'Object Repository/1612427/19_InvitePeople/Page_Mattermost/input_All team communication in one place s_2f2733'

2020-06-05 12:42:41 - [TEST_STEP][PASSED] - click(findTestObject("Object Repository/1612427/19_InvitePeople/Page_Mattermost/span_Sign in")): Object: 'Object Repository/1612427/19_InvitePeople/Page_Mattermost/span_Sign in' is clicked on

2020-06-05 12:42:42 - [MESSAGE][PASSED] - Object: 'Object Repository/1612427/19_InvitePeople/Page_Mattermost/span_Sign in' is clicked on

2020-06-05 12:42:42 - [TEST_STEP][PASSED] - click(findTestObject("Object Repository/1612427/19_InvitePeople/Page_Town Square - minus Mattermost/svg")): Object: 'Object Repository/1612427/19_InvitePeople/Page_Town Square - minus Mattermost/svg' is clicked on

2020-06-05 12:42:45 - [MESSAGE][PASSED] - Object: 'Object Repository/1612427/19_InvitePeople/Page_Town Square - minus Mattermost/svg' is clicked on

2020-06-05 12:42:45 - [TEST_STEP][PASSED] - click(findTestObject("Object Repository/1612427/19_InvitePeople/Page_Town Square - minus Mattermost/span_Invite People")): Object: 'Object Repository/1612427/19_InvitePeople/Page_Town Square - minus Mattermost/span_Invite People' is clicked on

2020-06-05 12:42:46 - [MESSAGE][PASSED] - Object: 'Object Repository/1612427/19_InvitePeople/Page_Town Square - minus Mattermost/span_Invite People' is clicked on

2020-06-05 12:42:46 - [TEST_STEP][PASSED] - click(findTestObject("Object Repository/1612427/19_InvitePeople/Page_Town Square - minus Mattermost/div_Add members")): Object: 'Object Repository/1612427/19_InvitePeople/Page_Town Square - minus Mattermost/div_Add members' is clicked on

2020-06-05 12:42:47 - [MESSAGE][PASSED] - Object: 'Object Repository/1612427/19_InvitePeople/Page_Town Square - minus Mattermost/div_Add members' is clicked on

2020-06-05 12:42:47 - [TEST_STEP][PASSED] - members = ["Nghiem", "Loc", "Thien", "Nhat"]: null

2020-06-05 12:42:47 - [TEST_STEP][PASSED] - for (String name : members): null

2020-06-05 12:42:47 - [TEST_STEP][PASSED] - switch (name): null

2020-06-05 12:42:47 - [TEST_STEP][PASSED] - case "Nghiem":: null

2020-06-05 12:42:47 - [TEST_STEP][PASSED] - setText(findTestObject("Object Repository/1612427/19_InvitePeople/Page_Town Square - minus Mattermost/input_Add members_react-select-2-input"), name): Text 'Nghiem' is set on object 'Object Repository/1612427/19_InvitePeople/Page_Town Square - minus Mattermost/input_Add members_react-select-2-input'

2020-06-05 12:42:48 - [MESSAGE][PASSED] - Text 'Nghiem' is set on object 'Object Repository/1612427/19_InvitePeople/Page_Town Square - minus Mattermost/input_Add members_react-select-2-input'

2020-06-05 12:42:48 - [TEST_STEP][PASSED] - break: null

2020-06-05 12:42:48 - [TEST_STEP][PASSED] - switch (name): null

2020-06-05 12:42:48 - [TEST_STEP][PASSED] - case "Loc":: null

2020-06-05 12:42:48 - [TEST_STEP][PASSED] - setText(findTestObject("Object Repository/1612427/19_InvitePeople/Page_Town Square - minus Mattermost/input_Add members_react-select-2-input"), "Loc"): Text 'Loc' is set on object 'Object Repository/1612427/19_InvitePeople/Page_Town Square - minus Mattermost/input_Add members_react-select-2-input'

2020-06-05 12:42:50 - [MESSAGE][PASSED] - Text 'Loc' is set on object 'Object Repository/1612427/19_InvitePeople/Page_Town Square - minus Mattermost/input_Add members_react-select-2-input'

2020-06-05 12:42:50 - [TEST_STEP][PASSED] - break: null

2020-06-05 12:42:50 - [TEST_STEP][PASSED] - switch (name): null

2020-06-05 12:42:50 - [TEST_STEP][PASSED] - case "Thien":: null

2020-06-05 12:42:50 - [TEST_STEP][PASSED] - setText(findTestObject("Object Repository/1612427/19_InvitePeople/Page_Town Square - minus Mattermost/input_Add members_react-select-2-input"), "Thien"): Text 'Thien' is set on object 'Object Repository/1612427/19_InvitePeople/Page_Town Square - minus Mattermost/input_Add members_react-select-2-input'

2020-06-05 12:42:51 - [MESSAGE][PASSED] - Text 'Thien' is set on object 'Object Repository/1612427/19_InvitePeople/Page_Town Square - minus Mattermost/input_Add members_react-select-2-input'

2020-06-05 12:42:51 - [TEST_STEP][PASSED] - break: null

2020-06-05 12:42:51 - [TEST_STEP][PASSED] - switch (name): null

2020-06-05 12:42:51 - [TEST_STEP][PASSED] - closeBrowser(): Browser is closed

2020-06-05 12:42:52 - [MESSAGE][PASSED] - Browser is closed]]></system-out>
         <system-err><![CDATA[]]></system-err>
      </testcase>
      <testcase name="Test Cases/1612427/20_Search_Message" time="9.691" classname="Test Cases/1612427/20_Search_Message" status="FAILED">
         <failure type="FAILED" message="Test Cases/1612427/20_Search_Message FAILED.
Reason:
com.kms.katalon.core.exception.StepFailedException: Unable to set text
	at com.kms.katalon.core.webui.keyword.internal.WebUIKeywordMain.stepFailed(WebUIKeywordMain.groovy:64)
	at com.kms.katalon.core.webui.keyword.internal.WebUIKeywordMain.runKeyword(WebUIKeywordMain.groovy:26)
	at com.kms.katalon.core.webui.keyword.builtin.SetTextKeyword.setText(SetTextKeyword.groovy:66)
	at com.kms.katalon.core.webui.keyword.builtin.SetTextKeyword.execute(SetTextKeyword.groovy:37)
	at com.kms.katalon.core.keyword.internal.KeywordExecutor.executeKeywordForPlatform(KeywordExecutor.groovy:72)
	at com.kms.katalon.core.webui.keyword.WebUiBuiltInKeywords.setText(WebUiBuiltInKeywords.groovy:976)
	at com.kms.katalon.core.webui.keyword.WebUiBuiltInKeywords$setText$1.call(Unknown Source)
	at 20_Search_Message.run(20_Search_Message:36)
	at com.kms.katalon.core.main.ScriptEngine.run(ScriptEngine.java:194)
	at com.kms.katalon.core.main.ScriptEngine.runScriptAsRawText(ScriptEngine.java:119)
	at com.kms.katalon.core.main.TestCaseExecutor.runScript(TestCaseExecutor.java:337)
	at com.kms.katalon.core.main.TestCaseExecutor.doExecute(TestCaseExecutor.java:328)
	at com.kms.katalon.core.main.TestCaseExecutor.processExecutionPhase(TestCaseExecutor.java:307)
	at com.kms.katalon.core.main.TestCaseExecutor.accessMainPhase(TestCaseExecutor.java:299)
	at com.kms.katalon.core.main.TestCaseExecutor.execute(TestCaseExecutor.java:233)
	at com.kms.katalon.core.main.TestSuiteExecutor.accessTestCaseMainPhase(TestSuiteExecutor.java:169)
	at com.kms.katalon.core.main.TestSuiteExecutor.accessTestSuiteMainPhase(TestSuiteExecutor.java:142)
	at com.kms.katalon.core.main.TestSuiteExecutor.execute(TestSuiteExecutor.java:91)
	at com.kms.katalon.core.main.TestCaseMain.startTestSuite(TestCaseMain.java:157)
	at com.kms.katalon.core.main.TestCaseMain$startTestSuite$0.call(Unknown Source)
	at TempTestSuite1591335489835.run(TempTestSuite1591335489835.groovy:37)
Caused by: java.lang.IllegalArgumentException: Object is null
	at com.kms.katalon.core.helper.KeywordHelper.checkTestObjectParameter(KeywordHelper.java:33)
	at com.kms.katalon.core.webui.keyword.builtin.SetTextKeyword$_setText_closure1.doCall(SetTextKeyword.groovy:45)
	at com.kms.katalon.core.webui.keyword.builtin.SetTextKeyword$_setText_closure1.call(SetTextKeyword.groovy)
	at com.kms.katalon.core.webui.keyword.internal.WebUIKeywordMain.runKeyword(WebUIKeywordMain.groovy:20)
	... 19 more
"/>
         <system-out><![CDATA[2020-06-05 12:42:52 - [TEST_CASE][FAILED] - Test Cases/1612427/20_Search_Message: Test Cases/1612427/20_Search_Message FAILED.
Reason:
com.kms.katalon.core.exception.StepFailedException: Unable to set text
	at com.kms.katalon.core.webui.keyword.internal.WebUIKeywordMain.stepFailed(WebUIKeywordMain.groovy:64)
	at com.kms.katalon.core.webui.keyword.internal.WebUIKeywordMain.runKeyword(WebUIKeywordMain.groovy:26)
	at com.kms.katalon.core.webui.keyword.builtin.SetTextKeyword.setText(SetTextKeyword.groovy:66)
	at com.kms.katalon.core.webui.keyword.builtin.SetTextKeyword.execute(SetTextKeyword.groovy:37)
	at com.kms.katalon.core.keyword.internal.KeywordExecutor.executeKeywordForPlatform(KeywordExecutor.groovy:72)
	at com.kms.katalon.core.webui.keyword.WebUiBuiltInKeywords.setText(WebUiBuiltInKeywords.groovy:976)
	at com.kms.katalon.core.webui.keyword.WebUiBuiltInKeywords$setText$1.call(Unknown Source)
	at 20_Search_Message.run(20_Search_Message:36)
	at com.kms.katalon.core.main.ScriptEngine.run(ScriptEngine.java:194)
	at com.kms.katalon.core.main.ScriptEngine.runScriptAsRawText(ScriptEngine.java:119)
	at com.kms.katalon.core.main.TestCaseExecutor.runScript(TestCaseExecutor.java:337)
	at com.kms.katalon.core.main.TestCaseExecutor.doExecute(TestCaseExecutor.java:328)
	at com.kms.katalon.core.main.TestCaseExecutor.processExecutionPhase(TestCaseExecutor.java:307)
	at com.kms.katalon.core.main.TestCaseExecutor.accessMainPhase(TestCaseExecutor.java:299)
	at com.kms.katalon.core.main.TestCaseExecutor.execute(TestCaseExecutor.java:233)
	at com.kms.katalon.core.main.TestSuiteExecutor.accessTestCaseMainPhase(TestSuiteExecutor.java:169)
	at com.kms.katalon.core.main.TestSuiteExecutor.accessTestSuiteMainPhase(TestSuiteExecutor.java:142)
	at com.kms.katalon.core.main.TestSuiteExecutor.execute(TestSuiteExecutor.java:91)
	at com.kms.katalon.core.main.TestCaseMain.startTestSuite(TestCaseMain.java:157)
	at com.kms.katalon.core.main.TestCaseMain$startTestSuite$0.call(Unknown Source)
	at TempTestSuite1591335489835.run(TempTestSuite1591335489835.groovy:37)
Caused by: java.lang.IllegalArgumentException: Object is null
	at com.kms.katalon.core.helper.KeywordHelper.checkTestObjectParameter(KeywordHelper.java:33)
	at com.kms.katalon.core.webui.keyword.builtin.SetTextKeyword$_setText_closure1.doCall(SetTextKeyword.groovy:45)
	at com.kms.katalon.core.webui.keyword.builtin.SetTextKeyword$_setText_closure1.call(SetTextKeyword.groovy)
	at com.kms.katalon.core.webui.keyword.internal.WebUIKeywordMain.runKeyword(WebUIKeywordMain.groovy:20)
	... 19 more


2020-06-05 12:42:52 - [TEST_STEP][PASSED] - openBrowser(""): Browser is opened with url: ''

2020-06-05 12:42:52 - [MESSAGE][INFO] - Starting 'Chrome' driver

2020-06-05 12:42:52 - [MESSAGE][INFO] - Action delay is set to 0 milliseconds

2020-06-05 12:42:55 - [MESSAGE][PASSED] - Browser is opened with url: ''

2020-06-05 12:42:55 - [TEST_STEP][PASSED] - navigateToUrl("http://localhost:8065/login"): Navigate to 'http://localhost:8065/login' successfully

2020-06-05 12:42:57 - [MESSAGE][PASSED] - Navigate to 'http://localhost:8065/login' successfully

2020-06-05 12:42:57 - [TEST_STEP][PASSED] - setText(findTestObject("Object Repository/1612427/20_SearchMessage/Page_Mattermost/input_All team communication in one place s_703ef5"), "hcmus-cdnc"): Text 'hcmus-cdnc' is set on object 'Object Repository/1612427/20_SearchMessage/Page_Mattermost/input_All team communication in one place s_703ef5'

2020-06-05 12:43:00 - [MESSAGE][PASSED] - Text 'hcmus-cdnc' is set on object 'Object Repository/1612427/20_SearchMessage/Page_Mattermost/input_All team communication in one place s_703ef5'

2020-06-05 12:43:00 - [TEST_STEP][PASSED] - setEncryptedText(findTestObject("Object Repository/1612427/20_SearchMessage/Page_Mattermost/input_All team communication in one place s_2f2733"), "aeHFOx8jV/A="): Text ****** has been set on object 'Object Repository/1612427/20_SearchMessage/Page_Mattermost/input_All team communication in one place s_2f2733'

2020-06-05 12:43:00 - [MESSAGE][PASSED] - Text ****** has been set on object 'Object Repository/1612427/20_SearchMessage/Page_Mattermost/input_All team communication in one place s_2f2733'

2020-06-05 12:43:00 - [TEST_STEP][PASSED] - click(findTestObject("Object Repository/1612427/20_SearchMessage/Page_Mattermost/button_Sign in")): Object: 'Object Repository/1612427/20_SearchMessage/Page_Mattermost/button_Sign in' is clicked on

2020-06-05 12:43:01 - [MESSAGE][PASSED] - Object: 'Object Repository/1612427/20_SearchMessage/Page_Mattermost/button_Sign in' is clicked on

2020-06-05 12:43:01 - [TEST_STEP][PASSED] - keys = ["nghiem", "son"]: null

2020-06-05 12:43:01 - [TEST_STEP][FAILED] - for (String key : keys): Unable to set text (Root cause: com.kms.katalon.core.exception.StepFailedException: Unable to set text
	at com.kms.katalon.core.webui.keyword.internal.WebUIKeywordMain.stepFailed(WebUIKeywordMain.groovy:64)
	at com.kms.katalon.core.webui.keyword.internal.WebUIKeywordMain.runKeyword(WebUIKeywordMain.groovy:26)
	at com.kms.katalon.core.webui.keyword.builtin.SetTextKeyword.setText(SetTextKeyword.groovy:66)
	at com.kms.katalon.core.webui.keyword.builtin.SetTextKeyword.execute(SetTextKeyword.groovy:37)
	at com.kms.katalon.core.keyword.internal.KeywordExecutor.executeKeywordForPlatform(KeywordExecutor.groovy:72)
	at com.kms.katalon.core.webui.keyword.WebUiBuiltInKeywords.setText(WebUiBuiltInKeywords.groovy:976)
	at com.kms.katalon.core.webui.keyword.WebUiBuiltInKeywords$setText$1.call(Unknown Source)
	at 20_Search_Message.run(20_Search_Message:36)
	at com.kms.katalon.core.main.ScriptEngine.run(ScriptEngine.java:194)
	at com.kms.katalon.core.main.ScriptEngine.runScriptAsRawText(ScriptEngine.java:119)
	at com.kms.katalon.core.main.TestCaseExecutor.runScript(TestCaseExecutor.java:337)
	at com.kms.katalon.core.main.TestCaseExecutor.doExecute(TestCaseExecutor.java:328)
	at com.kms.katalon.core.main.TestCaseExecutor.processExecutionPhase(TestCaseExecutor.java:307)
	at com.kms.katalon.core.main.TestCaseExecutor.accessMainPhase(TestCaseExecutor.java:299)
	at com.kms.katalon.core.main.TestCaseExecutor.execute(TestCaseExecutor.java:233)
	at com.kms.katalon.core.main.TestSuiteExecutor.accessTestCaseMainPhase(TestSuiteExecutor.java:169)
	at com.kms.katalon.core.main.TestSuiteExecutor.accessTestSuiteMainPhase(TestSuiteExecutor.java:142)
	at com.kms.katalon.core.main.TestSuiteExecutor.execute(TestSuiteExecutor.java:91)
	at com.kms.katalon.core.main.TestCaseMain.startTestSuite(TestCaseMain.java:157)
	at com.kms.katalon.core.main.TestCaseMain$startTestSuite$0.call(Unknown Source)
	at TempTestSuite1591335489835.run(TempTestSuite1591335489835.groovy:37)
Caused by: java.lang.IllegalArgumentException: Object is null
	at com.kms.katalon.core.helper.KeywordHelper.checkTestObjectParameter(KeywordHelper.java:33)
	at com.kms.katalon.core.webui.keyword.builtin.SetTextKeyword$_setText_closure1.doCall(SetTextKeyword.groovy:45)
	at com.kms.katalon.core.webui.keyword.builtin.SetTextKeyword$_setText_closure1.call(SetTextKeyword.groovy)
	at com.kms.katalon.core.webui.keyword.internal.WebUIKeywordMain.runKeyword(WebUIKeywordMain.groovy:20)
	at com.kms.katalon.core.webui.keyword.builtin.SetTextKeyword.setText(SetTextKeyword.groovy:66)
	at com.kms.katalon.core.webui.keyword.builtin.SetTextKeyword.execute(SetTextKeyword.groovy:37)
	at com.kms.katalon.core.keyword.internal.KeywordExecutor.executeKeywordForPlatform(KeywordExecutor.groovy:72)
	at com.kms.katalon.core.webui.keyword.WebUiBuiltInKeywords.setText(WebUiBuiltInKeywords.groovy:976)
	at com.kms.katalon.core.webui.keyword.WebUiBuiltInKeywords$setText$1.call(Unknown Source)
	at Script1591282251403.run(Script1591282251403.groovy:36)
	... 13 more
)

2020-06-05 12:43:01 - [TEST_STEP][FAILED] - switch ("from"): Unable to set text (Root cause: com.kms.katalon.core.exception.StepFailedException: Unable to set text
	at com.kms.katalon.core.webui.keyword.internal.WebUIKeywordMain.stepFailed(WebUIKeywordMain.groovy:64)
	at com.kms.katalon.core.webui.keyword.internal.WebUIKeywordMain.runKeyword(WebUIKeywordMain.groovy:26)
	at com.kms.katalon.core.webui.keyword.builtin.SetTextKeyword.setText(SetTextKeyword.groovy:66)
	at com.kms.katalon.core.webui.keyword.builtin.SetTextKeyword.execute(SetTextKeyword.groovy:37)
	at com.kms.katalon.core.keyword.internal.KeywordExecutor.executeKeywordForPlatform(KeywordExecutor.groovy:72)
	at com.kms.katalon.core.webui.keyword.WebUiBuiltInKeywords.setText(WebUiBuiltInKeywords.groovy:976)
	at com.kms.katalon.core.webui.keyword.WebUiBuiltInKeywords$setText$1.call(Unknown Source)
	at 20_Search_Message.run(20_Search_Message:36)
	at com.kms.katalon.core.main.ScriptEngine.run(ScriptEngine.java:194)
	at com.kms.katalon.core.main.ScriptEngine.runScriptAsRawText(ScriptEngine.java:119)
	at com.kms.katalon.core.main.TestCaseExecutor.runScript(TestCaseExecutor.java:337)
	at com.kms.katalon.core.main.TestCaseExecutor.doExecute(TestCaseExecutor.java:328)
	at com.kms.katalon.core.main.TestCaseExecutor.processExecutionPhase(TestCaseExecutor.java:307)
	at com.kms.katalon.core.main.TestCaseExecutor.accessMainPhase(TestCaseExecutor.java:299)
	at com.kms.katalon.core.main.TestCaseExecutor.execute(TestCaseExecutor.java:233)
	at com.kms.katalon.core.main.TestSuiteExecutor.accessTestCaseMainPhase(TestSuiteExecutor.java:169)
	at com.kms.katalon.core.main.TestSuiteExecutor.accessTestSuiteMainPhase(TestSuiteExecutor.java:142)
	at com.kms.katalon.core.main.TestSuiteExecutor.execute(TestSuiteExecutor.java:91)
	at com.kms.katalon.core.main.TestCaseMain.startTestSuite(TestCaseMain.java:157)
	at com.kms.katalon.core.main.TestCaseMain$startTestSuite$0.call(Unknown Source)
	at TempTestSuite1591335489835.run(TempTestSuite1591335489835.groovy:37)
Caused by: java.lang.IllegalArgumentException: Object is null
	at com.kms.katalon.core.helper.KeywordHelper.checkTestObjectParameter(KeywordHelper.java:33)
	at com.kms.katalon.core.webui.keyword.builtin.SetTextKeyword$_setText_closure1.doCall(SetTextKeyword.groovy:45)
	at com.kms.katalon.core.webui.keyword.builtin.SetTextKeyword$_setText_closure1.call(SetTextKeyword.groovy)
	at com.kms.katalon.core.webui.keyword.internal.WebUIKeywordMain.runKeyword(WebUIKeywordMain.groovy:20)
	at com.kms.katalon.core.webui.keyword.builtin.SetTextKeyword.setText(SetTextKeyword.groovy:66)
	at com.kms.katalon.core.webui.keyword.builtin.SetTextKeyword.execute(SetTextKeyword.groovy:37)
	at com.kms.katalon.core.keyword.internal.KeywordExecutor.executeKeywordForPlatform(KeywordExecutor.groovy:72)
	at com.kms.katalon.core.webui.keyword.WebUiBuiltInKeywords.setText(WebUiBuiltInKeywords.groovy:976)
	at com.kms.katalon.core.webui.keyword.WebUiBuiltInKeywords$setText$1.call(Unknown Source)
	at Script1591282251403.run(Script1591282251403.groovy:36)
	... 13 more
)

2020-06-05 12:43:01 - [TEST_STEP][FAILED] - case "from":: Unable to set text (Root cause: com.kms.katalon.core.exception.StepFailedException: Unable to set text
	at com.kms.katalon.core.webui.keyword.internal.WebUIKeywordMain.stepFailed(WebUIKeywordMain.groovy:64)
	at com.kms.katalon.core.webui.keyword.internal.WebUIKeywordMain.runKeyword(WebUIKeywordMain.groovy:26)
	at com.kms.katalon.core.webui.keyword.builtin.SetTextKeyword.setText(SetTextKeyword.groovy:66)
	at com.kms.katalon.core.webui.keyword.builtin.SetTextKeyword.execute(SetTextKeyword.groovy:37)
	at com.kms.katalon.core.keyword.internal.KeywordExecutor.executeKeywordForPlatform(KeywordExecutor.groovy:72)
	at com.kms.katalon.core.webui.keyword.WebUiBuiltInKeywords.setText(WebUiBuiltInKeywords.groovy:976)
	at com.kms.katalon.core.webui.keyword.WebUiBuiltInKeywords$setText$1.call(Unknown Source)
	at 20_Search_Message.run(20_Search_Message:36)
	at com.kms.katalon.core.main.ScriptEngine.run(ScriptEngine.java:194)
	at com.kms.katalon.core.main.ScriptEngine.runScriptAsRawText(ScriptEngine.java:119)
	at com.kms.katalon.core.main.TestCaseExecutor.runScript(TestCaseExecutor.java:337)
	at com.kms.katalon.core.main.TestCaseExecutor.doExecute(TestCaseExecutor.java:328)
	at com.kms.katalon.core.main.TestCaseExecutor.processExecutionPhase(TestCaseExecutor.java:307)
	at com.kms.katalon.core.main.TestCaseExecutor.accessMainPhase(TestCaseExecutor.java:299)
	at com.kms.katalon.core.main.TestCaseExecutor.execute(TestCaseExecutor.java:233)
	at com.kms.katalon.core.main.TestSuiteExecutor.accessTestCaseMainPhase(TestSuiteExecutor.java:169)
	at com.kms.katalon.core.main.TestSuiteExecutor.accessTestSuiteMainPhase(TestSuiteExecutor.java:142)
	at com.kms.katalon.core.main.TestSuiteExecutor.execute(TestSuiteExecutor.java:91)
	at com.kms.katalon.core.main.TestCaseMain.startTestSuite(TestCaseMain.java:157)
	at com.kms.katalon.core.main.TestCaseMain$startTestSuite$0.call(Unknown Source)
	at TempTestSuite1591335489835.run(TempTestSuite1591335489835.groovy:37)
Caused by: java.lang.IllegalArgumentException: Object is null
	at com.kms.katalon.core.helper.KeywordHelper.checkTestObjectParameter(KeywordHelper.java:33)
	at com.kms.katalon.core.webui.keyword.builtin.SetTextKeyword$_setText_closure1.doCall(SetTextKeyword.groovy:45)
	at com.kms.katalon.core.webui.keyword.builtin.SetTextKeyword$_setText_closure1.call(SetTextKeyword.groovy)
	at com.kms.katalon.core.webui.keyword.internal.WebUIKeywordMain.runKeyword(WebUIKeywordMain.groovy:20)
	at com.kms.katalon.core.webui.keyword.builtin.SetTextKeyword.setText(SetTextKeyword.groovy:66)
	at com.kms.katalon.core.webui.keyword.builtin.SetTextKeyword.execute(SetTextKeyword.groovy:37)
	at com.kms.katalon.core.keyword.internal.KeywordExecutor.executeKeywordForPlatform(KeywordExecutor.groovy:72)
	at com.kms.katalon.core.webui.keyword.WebUiBuiltInKeywords.setText(WebUiBuiltInKeywords.groovy:976)
	at com.kms.katalon.core.webui.keyword.WebUiBuiltInKeywords$setText$1.call(Unknown Source)
	at Script1591282251403.run(Script1591282251403.groovy:36)
	... 13 more
)

2020-06-05 12:43:01 - [TEST_STEP][FAILED] - setText(findTestObject("Object Repository/1612427/20_Search_Message/Page_Town Square - eligendi Mattermost/input_(Edit)_searchBox"), "from: ".concat(key)): Unable to set text (Root cause: com.kms.katalon.core.exception.StepFailedException: Unable to set text
	at com.kms.katalon.core.webui.keyword.internal.WebUIKeywordMain.stepFailed(WebUIKeywordMain.groovy:64)
	at com.kms.katalon.core.webui.keyword.internal.WebUIKeywordMain.runKeyword(WebUIKeywordMain.groovy:26)
	at com.kms.katalon.core.webui.keyword.builtin.SetTextKeyword.setText(SetTextKeyword.groovy:66)
	at com.kms.katalon.core.webui.keyword.builtin.SetTextKeyword.execute(SetTextKeyword.groovy:37)
	at com.kms.katalon.core.keyword.internal.KeywordExecutor.executeKeywordForPlatform(KeywordExecutor.groovy:72)
	at com.kms.katalon.core.webui.keyword.WebUiBuiltInKeywords.setText(WebUiBuiltInKeywords.groovy:976)
	at com.kms.katalon.core.webui.keyword.WebUiBuiltInKeywords$setText$1.call(Unknown Source)
	at 20_Search_Message.run(20_Search_Message:36)
	at com.kms.katalon.core.main.ScriptEngine.run(ScriptEngine.java:194)
	at com.kms.katalon.core.main.ScriptEngine.runScriptAsRawText(ScriptEngine.java:119)
	at com.kms.katalon.core.main.TestCaseExecutor.runScript(TestCaseExecutor.java:337)
	at com.kms.katalon.core.main.TestCaseExecutor.doExecute(TestCaseExecutor.java:328)
	at com.kms.katalon.core.main.TestCaseExecutor.processExecutionPhase(TestCaseExecutor.java:307)
	at com.kms.katalon.core.main.TestCaseExecutor.accessMainPhase(TestCaseExecutor.java:299)
	at com.kms.katalon.core.main.TestCaseExecutor.execute(TestCaseExecutor.java:233)
	at com.kms.katalon.core.main.TestSuiteExecutor.accessTestCaseMainPhase(TestSuiteExecutor.java:169)
	at com.kms.katalon.core.main.TestSuiteExecutor.accessTestSuiteMainPhase(TestSuiteExecutor.java:142)
	at com.kms.katalon.core.main.TestSuiteExecutor.execute(TestSuiteExecutor.java:91)
	at com.kms.katalon.core.main.TestCaseMain.startTestSuite(TestCaseMain.java:157)
	at com.kms.katalon.core.main.TestCaseMain$startTestSuite$0.call(Unknown Source)
	at TempTestSuite1591335489835.run(TempTestSuite1591335489835.groovy:37)
Caused by: java.lang.IllegalArgumentException: Object is null
	at com.kms.katalon.core.helper.KeywordHelper.checkTestObjectParameter(KeywordHelper.java:33)
	at com.kms.katalon.core.webui.keyword.builtin.SetTextKeyword$_setText_closure1.doCall(SetTextKeyword.groovy:45)
	at com.kms.katalon.core.webui.keyword.builtin.SetTextKeyword$_setText_closure1.call(SetTextKeyword.groovy)
	at com.kms.katalon.core.webui.keyword.internal.WebUIKeywordMain.runKeyword(WebUIKeywordMain.groovy:20)
	at com.kms.katalon.core.webui.keyword.builtin.SetTextKeyword.setText(SetTextKeyword.groovy:66)
	at com.kms.katalon.core.webui.keyword.builtin.SetTextKeyword.execute(SetTextKeyword.groovy:37)
	at com.kms.katalon.core.keyword.internal.KeywordExecutor.executeKeywordForPlatform(KeywordExecutor.groovy:72)
	at com.kms.katalon.core.webui.keyword.WebUiBuiltInKeywords.setText(WebUiBuiltInKeywords.groovy:976)
	at com.kms.katalon.core.webui.keyword.WebUiBuiltInKeywords$setText$1.call(Unknown Source)
	at Script1591282251403.run(Script1591282251403.groovy:36)
	... 13 more
)

2020-06-05 12:43:01 - [MESSAGE][WARNING] - Test object with id 'Object Repository/1612427/20_Search_Message/Page_Town Square - eligendi Mattermost/input_(Edit)_searchBox' does not exist

2020-06-05 12:43:01 - [MESSAGE][WARNING] - Test object with id 'Object Repository/' does not exist

2020-06-05 12:43:01 - [MESSAGE][FAILED] - Unable to set text (Root cause: com.kms.katalon.core.exception.StepFailedException: Unable to set text
	at com.kms.katalon.core.webui.keyword.internal.WebUIKeywordMain.stepFailed(WebUIKeywordMain.groovy:64)
	at com.kms.katalon.core.webui.keyword.internal.WebUIKeywordMain.runKeyword(WebUIKeywordMain.groovy:26)
	at com.kms.katalon.core.webui.keyword.builtin.SetTextKeyword.setText(SetTextKeyword.groovy:66)
	at com.kms.katalon.core.webui.keyword.builtin.SetTextKeyword.execute(SetTextKeyword.groovy:37)
	at com.kms.katalon.core.keyword.internal.KeywordExecutor.executeKeywordForPlatform(KeywordExecutor.groovy:72)
	at com.kms.katalon.core.webui.keyword.WebUiBuiltInKeywords.setText(WebUiBuiltInKeywords.groovy:976)
	at com.kms.katalon.core.webui.keyword.WebUiBuiltInKeywords$setText$1.call(Unknown Source)
	at 20_Search_Message.run(20_Search_Message:36)
	at com.kms.katalon.core.main.ScriptEngine.run(ScriptEngine.java:194)
	at com.kms.katalon.core.main.ScriptEngine.runScriptAsRawText(ScriptEngine.java:119)
	at com.kms.katalon.core.main.TestCaseExecutor.runScript(TestCaseExecutor.java:337)
	at com.kms.katalon.core.main.TestCaseExecutor.doExecute(TestCaseExecutor.java:328)
	at com.kms.katalon.core.main.TestCaseExecutor.processExecutionPhase(TestCaseExecutor.java:307)
	at com.kms.katalon.core.main.TestCaseExecutor.accessMainPhase(TestCaseExecutor.java:299)
	at com.kms.katalon.core.main.TestCaseExecutor.execute(TestCaseExecutor.java:233)
	at com.kms.katalon.core.main.TestSuiteExecutor.accessTestCaseMainPhase(TestSuiteExecutor.java:169)
	at com.kms.katalon.core.main.TestSuiteExecutor.accessTestSuiteMainPhase(TestSuiteExecutor.java:142)
	at com.kms.katalon.core.main.TestSuiteExecutor.execute(TestSuiteExecutor.java:91)
	at com.kms.katalon.core.main.TestCaseMain.startTestSuite(TestCaseMain.java:157)
	at com.kms.katalon.core.main.TestCaseMain$startTestSuite$0.call(Unknown Source)
	at TempTestSuite1591335489835.run(TempTestSuite1591335489835.groovy:37)
Caused by: java.lang.IllegalArgumentException: Object is null
	at com.kms.katalon.core.helper.KeywordHelper.checkTestObjectParameter(KeywordHelper.java:33)
	at com.kms.katalon.core.webui.keyword.builtin.SetTextKeyword$_setText_closure1.doCall(SetTextKeyword.groovy:45)
	at com.kms.katalon.core.webui.keyword.builtin.SetTextKeyword$_setText_closure1.call(SetTextKeyword.groovy)
	at com.kms.katalon.core.webui.keyword.internal.WebUIKeywordMain.runKeyword(WebUIKeywordMain.groovy:20)
	at com.kms.katalon.core.webui.keyword.builtin.SetTextKeyword.setText(SetTextKeyword.groovy:66)
	at com.kms.katalon.core.webui.keyword.builtin.SetTextKeyword.execute(SetTextKeyword.groovy:37)
	at com.kms.katalon.core.keyword.internal.KeywordExecutor.executeKeywordForPlatform(KeywordExecutor.groovy:72)
	at com.kms.katalon.core.webui.keyword.WebUiBuiltInKeywords.setText(WebUiBuiltInKeywords.groovy:976)
	at com.kms.katalon.core.webui.keyword.WebUiBuiltInKeywords$setText$1.call(Unknown Source)
	at Script1591282251403.run(Script1591282251403.groovy:36)
	... 13 more
)
[[ATTACHMENT|C:\\Users\\Thanh\\Desktop\\github.com\\New folder (2)\\homeword02-mattermost-katalon\\Reports\\20200605_123809\\Run all test cases\\20200605_123809\\1591335781527.png]]]]></system-out>
         <system-err><![CDATA[2020-06-05 12:42:52 - [TEST_CASE][FAILED] - Test Cases/1612427/20_Search_Message: Test Cases/1612427/20_Search_Message FAILED.
Reason:
com.kms.katalon.core.exception.StepFailedException: Unable to set text
	at com.kms.katalon.core.webui.keyword.internal.WebUIKeywordMain.stepFailed(WebUIKeywordMain.groovy:64)
	at com.kms.katalon.core.webui.keyword.internal.WebUIKeywordMain.runKeyword(WebUIKeywordMain.groovy:26)
	at com.kms.katalon.core.webui.keyword.builtin.SetTextKeyword.setText(SetTextKeyword.groovy:66)
	at com.kms.katalon.core.webui.keyword.builtin.SetTextKeyword.execute(SetTextKeyword.groovy:37)
	at com.kms.katalon.core.keyword.internal.KeywordExecutor.executeKeywordForPlatform(KeywordExecutor.groovy:72)
	at com.kms.katalon.core.webui.keyword.WebUiBuiltInKeywords.setText(WebUiBuiltInKeywords.groovy:976)
	at com.kms.katalon.core.webui.keyword.WebUiBuiltInKeywords$setText$1.call(Unknown Source)
	at 20_Search_Message.run(20_Search_Message:36)
	at com.kms.katalon.core.main.ScriptEngine.run(ScriptEngine.java:194)
	at com.kms.katalon.core.main.ScriptEngine.runScriptAsRawText(ScriptEngine.java:119)
	at com.kms.katalon.core.main.TestCaseExecutor.runScript(TestCaseExecutor.java:337)
	at com.kms.katalon.core.main.TestCaseExecutor.doExecute(TestCaseExecutor.java:328)
	at com.kms.katalon.core.main.TestCaseExecutor.processExecutionPhase(TestCaseExecutor.java:307)
	at com.kms.katalon.core.main.TestCaseExecutor.accessMainPhase(TestCaseExecutor.java:299)
	at com.kms.katalon.core.main.TestCaseExecutor.execute(TestCaseExecutor.java:233)
	at com.kms.katalon.core.main.TestSuiteExecutor.accessTestCaseMainPhase(TestSuiteExecutor.java:169)
	at com.kms.katalon.core.main.TestSuiteExecutor.accessTestSuiteMainPhase(TestSuiteExecutor.java:142)
	at com.kms.katalon.core.main.TestSuiteExecutor.execute(TestSuiteExecutor.java:91)
	at com.kms.katalon.core.main.TestCaseMain.startTestSuite(TestCaseMain.java:157)
	at com.kms.katalon.core.main.TestCaseMain$startTestSuite$0.call(Unknown Source)
	at TempTestSuite1591335489835.run(TempTestSuite1591335489835.groovy:37)
Caused by: java.lang.IllegalArgumentException: Object is null
	at com.kms.katalon.core.helper.KeywordHelper.checkTestObjectParameter(KeywordHelper.java:33)
	at com.kms.katalon.core.webui.keyword.builtin.SetTextKeyword$_setText_closure1.doCall(SetTextKeyword.groovy:45)
	at com.kms.katalon.core.webui.keyword.builtin.SetTextKeyword$_setText_closure1.call(SetTextKeyword.groovy)
	at com.kms.katalon.core.webui.keyword.internal.WebUIKeywordMain.runKeyword(WebUIKeywordMain.groovy:20)
	... 19 more]]></system-err>
      </testcase>
      <testcase name="Test Cases/1612567/21_CommentChannel" time="27.587" classname="Test Cases/1612567/21_CommentChannel" status="PASSED">
         <system-out><![CDATA[2020-06-05 12:43:01 - [TEST_CASE][PASSED] - Test Cases/1612567/21_CommentChannel: Test Cases/1612567/21_CommentChannel

2020-06-05 12:43:02 - [TEST_STEP][PASSED] - openBrowser(""): Browser is opened with url: ''

2020-06-05 12:43:02 - [MESSAGE][WARNING] - A browser is already opened. Closing browser and opening a new one

2020-06-05 12:43:03 - [MESSAGE][INFO] - Starting 'Chrome' driver

2020-06-05 12:43:03 - [MESSAGE][INFO] - Action delay is set to 0 milliseconds

2020-06-05 12:43:06 - [MESSAGE][PASSED] - Browser is opened with url: ''

2020-06-05 12:43:06 - [TEST_STEP][PASSED] - navigateToUrl("http://localhost:8065/login"): Navigate to 'http://localhost:8065/login' successfully

2020-06-05 12:43:07 - [MESSAGE][PASSED] - Navigate to 'http://localhost:8065/login' successfully

2020-06-05 12:43:07 - [TEST_STEP][PASSED] - setText(findTestObject("Object Repository/1612567/21_CommentChannel/Page_Mattermost/input_All team communication in one place s_703ef5"), "hcmus-cdnc"): Text 'hcmus-cdnc' is set on object 'Object Repository/1612567/21_CommentChannel/Page_Mattermost/input_All team communication in one place s_703ef5'

2020-06-05 12:43:09 - [MESSAGE][PASSED] - Text 'hcmus-cdnc' is set on object 'Object Repository/1612567/21_CommentChannel/Page_Mattermost/input_All team communication in one place s_703ef5'

2020-06-05 12:43:09 - [TEST_STEP][PASSED] - setEncryptedText(findTestObject("Object Repository/1612567/21_CommentChannel/Page_Mattermost/input_All team communication in one place s_2f2733"), "aeHFOx8jV/A="): Text ****** has been set on object 'Object Repository/1612567/21_CommentChannel/Page_Mattermost/input_All team communication in one place s_2f2733'

2020-06-05 12:43:10 - [MESSAGE][PASSED] - Text ****** has been set on object 'Object Repository/1612567/21_CommentChannel/Page_Mattermost/input_All team communication in one place s_2f2733'

2020-06-05 12:43:10 - [TEST_STEP][PASSED] - sendKeys(findTestObject("Object Repository/1612567/21_CommentChannel/Page_Mattermost/input_All team communication in one place s_2f2733"), Keys.chord(ENTER)): Keys 'ENTER + ' sent to object: 'Object Repository/1612567/21_CommentChannel/Page_Mattermost/input_All team communication in one place s_2f2733'

2020-06-05 12:43:10 - [MESSAGE][PASSED] - Keys 'ENTER + ' sent to object: 'Object Repository/1612567/21_CommentChannel/Page_Mattermost/input_All team communication in one place s_2f2733'

2020-06-05 12:43:10 - [TEST_STEP][PASSED] - messages = ["Hi, I'm newbie", "Thanks", "Good morning!", "Shhh!"]: null

2020-06-05 12:43:10 - [TEST_STEP][PASSED] - for (String message : messages): Keys 'ENTER + ' sent to object: 'Object Repository/1612567/21_CommentChannel/Page_Town Square - eligendi Mattermost/textarea_Hi Im Nghie'

2020-06-05 12:43:10 - [TEST_STEP][PASSED] - setText(findTestObject("Object Repository/1612567/21_CommentChannel/Page_Town Square - eligendi Mattermost/textarea_Hi Im Nghie"), message): Text 'Hi, I'm newbie' is set on object 'Object Repository/1612567/21_CommentChannel/Page_Town Square - eligendi Mattermost/textarea_Hi Im Nghie'

2020-06-05 12:43:17 - [MESSAGE][PASSED] - Text 'Hi, I'm newbie' is set on object 'Object Repository/1612567/21_CommentChannel/Page_Town Square - eligendi Mattermost/textarea_Hi Im Nghie'

2020-06-05 12:43:17 - [TEST_STEP][PASSED] - sendKeys(findTestObject("Object Repository/1612567/21_CommentChannel/Page_Town Square - eligendi Mattermost/textarea_Hi Im Nghie"), Keys.chord(ENTER)): Keys 'ENTER + ' sent to object: 'Object Repository/1612567/21_CommentChannel/Page_Town Square - eligendi Mattermost/textarea_Hi Im Nghie'

2020-06-05 12:43:18 - [MESSAGE][PASSED] - Keys 'ENTER + ' sent to object: 'Object Repository/1612567/21_CommentChannel/Page_Town Square - eligendi Mattermost/textarea_Hi Im Nghie'

2020-06-05 12:43:18 - [TEST_STEP][PASSED] - setText(findTestObject("Object Repository/1612567/21_CommentChannel/Page_Town Square - eligendi Mattermost/textarea_Hi Im Nghie"), message): Text 'Thanks' is set on object 'Object Repository/1612567/21_CommentChannel/Page_Town Square - eligendi Mattermost/textarea_Hi Im Nghie'

2020-06-05 12:43:20 - [MESSAGE][PASSED] - Text 'Thanks' is set on object 'Object Repository/1612567/21_CommentChannel/Page_Town Square - eligendi Mattermost/textarea_Hi Im Nghie'

2020-06-05 12:43:20 - [TEST_STEP][PASSED] - sendKeys(findTestObject("Object Repository/1612567/21_CommentChannel/Page_Town Square - eligendi Mattermost/textarea_Hi Im Nghie"), Keys.chord(ENTER)): Keys 'ENTER + ' sent to object: 'Object Repository/1612567/21_CommentChannel/Page_Town Square - eligendi Mattermost/textarea_Hi Im Nghie'

2020-06-05 12:43:21 - [MESSAGE][PASSED] - Keys 'ENTER + ' sent to object: 'Object Repository/1612567/21_CommentChannel/Page_Town Square - eligendi Mattermost/textarea_Hi Im Nghie'

2020-06-05 12:43:21 - [TEST_STEP][PASSED] - setText(findTestObject("Object Repository/1612567/21_CommentChannel/Page_Town Square - eligendi Mattermost/textarea_Hi Im Nghie"), message): Text 'Good morning!' is set on object 'Object Repository/1612567/21_CommentChannel/Page_Town Square - eligendi Mattermost/textarea_Hi Im Nghie'

2020-06-05 12:43:25 - [MESSAGE][PASSED] - Text 'Good morning!' is set on object 'Object Repository/1612567/21_CommentChannel/Page_Town Square - eligendi Mattermost/textarea_Hi Im Nghie'

2020-06-05 12:43:25 - [TEST_STEP][PASSED] - sendKeys(findTestObject("Object Repository/1612567/21_CommentChannel/Page_Town Square - eligendi Mattermost/textarea_Hi Im Nghie"), Keys.chord(ENTER)): Keys 'ENTER + ' sent to object: 'Object Repository/1612567/21_CommentChannel/Page_Town Square - eligendi Mattermost/textarea_Hi Im Nghie'

2020-06-05 12:43:26 - [MESSAGE][PASSED] - Keys 'ENTER + ' sent to object: 'Object Repository/1612567/21_CommentChannel/Page_Town Square - eligendi Mattermost/textarea_Hi Im Nghie'

2020-06-05 12:43:26 - [TEST_STEP][PASSED] - setText(findTestObject("Object Repository/1612567/21_CommentChannel/Page_Town Square - eligendi Mattermost/textarea_Hi Im Nghie"), message): Text 'Shhh!' is set on object 'Object Repository/1612567/21_CommentChannel/Page_Town Square - eligendi Mattermost/textarea_Hi Im Nghie'

2020-06-05 12:43:27 - [MESSAGE][PASSED] - Text 'Shhh!' is set on object 'Object Repository/1612567/21_CommentChannel/Page_Town Square - eligendi Mattermost/textarea_Hi Im Nghie'

2020-06-05 12:43:27 - [TEST_STEP][PASSED] - sendKeys(findTestObject("Object Repository/1612567/21_CommentChannel/Page_Town Square - eligendi Mattermost/textarea_Hi Im Nghie"), Keys.chord(ENTER)): Keys 'ENTER + ' sent to object: 'Object Repository/1612567/21_CommentChannel/Page_Town Square - eligendi Mattermost/textarea_Hi Im Nghie'

2020-06-05 12:43:28 - [MESSAGE][PASSED] - Keys 'ENTER + ' sent to object: 'Object Repository/1612567/21_CommentChannel/Page_Town Square - eligendi Mattermost/textarea_Hi Im Nghie'

2020-06-05 12:43:28 - [TEST_STEP][PASSED] - closeBrowser(): Browser is closed

2020-06-05 12:43:29 - [MESSAGE][PASSED] - Browser is closed]]></system-out>
         <system-err><![CDATA[]]></system-err>
      </testcase>
      <testcase name="Test Cases/1612567/22_DirectMessage" time="20.339" classname="Test Cases/1612567/22_DirectMessage" status="PASSED">
         <system-out><![CDATA[2020-06-05 12:43:29 - [TEST_CASE][PASSED] - Test Cases/1612567/22_DirectMessage: Test Cases/1612567/22_DirectMessage

2020-06-05 12:43:29 - [TEST_STEP][PASSED] - openBrowser(""): Browser is opened with url: ''

2020-06-05 12:43:29 - [MESSAGE][INFO] - Starting 'Chrome' driver

2020-06-05 12:43:29 - [MESSAGE][INFO] - Action delay is set to 0 milliseconds

2020-06-05 12:43:33 - [MESSAGE][PASSED] - Browser is opened with url: ''

2020-06-05 12:43:33 - [TEST_STEP][PASSED] - navigateToUrl("http://localhost:8065/login"): Navigate to 'http://localhost:8065/login' successfully

2020-06-05 12:43:34 - [MESSAGE][PASSED] - Navigate to 'http://localhost:8065/login' successfully

2020-06-05 12:43:34 - [TEST_STEP][PASSED] - setText(findTestObject("Object Repository/1612567/22_DirectMessage/Page_Mattermost/input_All team communication in one place s_703ef5"), "hcmus-cdnc"): Text 'hcmus-cdnc' is set on object 'Object Repository/1612567/22_DirectMessage/Page_Mattermost/input_All team communication in one place s_703ef5'

2020-06-05 12:43:36 - [MESSAGE][PASSED] - Text 'hcmus-cdnc' is set on object 'Object Repository/1612567/22_DirectMessage/Page_Mattermost/input_All team communication in one place s_703ef5'

2020-06-05 12:43:36 - [TEST_STEP][PASSED] - setEncryptedText(findTestObject("Object Repository/1612567/22_DirectMessage/Page_Mattermost/input_All team communication in one place s_2f2733"), "aeHFOx8jV/A="): Text ****** has been set on object 'Object Repository/1612567/22_DirectMessage/Page_Mattermost/input_All team communication in one place s_2f2733'

2020-06-05 12:43:37 - [MESSAGE][PASSED] - Text ****** has been set on object 'Object Repository/1612567/22_DirectMessage/Page_Mattermost/input_All team communication in one place s_2f2733'

2020-06-05 12:43:37 - [TEST_STEP][PASSED] - sendKeys(findTestObject("Object Repository/1612567/22_DirectMessage/Page_Mattermost/input_All team communication in one place s_2f2733"), Keys.chord(ENTER)): Keys 'ENTER + ' sent to object: 'Object Repository/1612567/22_DirectMessage/Page_Mattermost/input_All team communication in one place s_2f2733'

2020-06-05 12:43:37 - [MESSAGE][PASSED] - Keys 'ENTER + ' sent to object: 'Object Repository/1612567/22_DirectMessage/Page_Mattermost/input_All team communication in one place s_2f2733'

2020-06-05 12:43:37 - [TEST_STEP][PASSED] - click(findTestObject("Object Repository/1612567/22_DirectMessage/Page_Town Square - eligendi Mattermost/span_")): Object: 'Object Repository/1612567/22_DirectMessage/Page_Town Square - eligendi Mattermost/span_' is clicked on

2020-06-05 12:43:41 - [MESSAGE][PASSED] - Object: 'Object Repository/1612567/22_DirectMessage/Page_Town Square - eligendi Mattermost/span_' is clicked on

2020-06-05 12:43:41 - [TEST_STEP][PASSED] - keys = ["me", "s"]: null

2020-06-05 12:43:41 - [TEST_STEP][PASSED] - for (String key : keys): null

2020-06-05 12:43:41 - [TEST_STEP][PASSED] - setText(findTestObject("Object Repository/1612567/22_DirectMessage/Page_Town Square - eligendi Mattermost/input_Search and add members_react-select-2-input"), key): Text 'me' is set on object 'Object Repository/1612567/22_DirectMessage/Page_Town Square - eligendi Mattermost/input_Search and add members_react-select-2-input'

2020-06-05 12:43:43 - [MESSAGE][PASSED] - Text 'me' is set on object 'Object Repository/1612567/22_DirectMessage/Page_Town Square - eligendi Mattermost/input_Search and add members_react-select-2-input'

2020-06-05 12:43:43 - [TEST_STEP][PASSED] - if (key == "me"): Object: 'Object Repository/1612567/22_DirectMessage/Page_Town Square - eligendi Mattermost/span_aaronmedina - Aaron Medina (Centidel)' is clicked on

2020-06-05 12:43:43 - [TEST_STEP][PASSED] - click(findTestObject("Object Repository/1612567/22_DirectMessage/Page_Town Square - eligendi Mattermost/span_aaronmedina - Aaron Medina (Centidel)")): Object: 'Object Repository/1612567/22_DirectMessage/Page_Town Square - eligendi Mattermost/span_aaronmedina - Aaron Medina (Centidel)' is clicked on

2020-06-05 12:43:45 - [MESSAGE][PASSED] - Object: 'Object Repository/1612567/22_DirectMessage/Page_Town Square - eligendi Mattermost/span_aaronmedina - Aaron Medina (Centidel)' is clicked on

2020-06-05 12:43:45 - [TEST_STEP][PASSED] - setText(findTestObject("Object Repository/1612567/22_DirectMessage/Page_Town Square - eligendi Mattermost/input_Search and add members_react-select-2-input"), key): Text 's' is set on object 'Object Repository/1612567/22_DirectMessage/Page_Town Square - eligendi Mattermost/input_Search and add members_react-select-2-input'

2020-06-05 12:43:46 - [MESSAGE][PASSED] - Text 's' is set on object 'Object Repository/1612567/22_DirectMessage/Page_Town Square - eligendi Mattermost/input_Search and add members_react-select-2-input'

2020-06-05 12:43:46 - [TEST_STEP][PASSED] - if (key == "me"): null

2020-06-05 12:43:46 - [TEST_STEP][PASSED] - click(findTestObject("Object Repository/1612567/22_DirectMessage/Page_Town Square - eligendi Mattermost/div_aaronpeterson - Aaron Petersonuser-7sam_dd566b")): Object: 'Object Repository/1612567/22_DirectMessage/Page_Town Square - eligendi Mattermost/div_aaronpeterson - Aaron Petersonuser-7sam_dd566b' is clicked on

2020-06-05 12:43:47 - [MESSAGE][PASSED] - Object: 'Object Repository/1612567/22_DirectMessage/Page_Town Square - eligendi Mattermost/div_aaronpeterson - Aaron Petersonuser-7sam_dd566b' is clicked on

2020-06-05 12:43:47 - [TEST_STEP][PASSED] - click(findTestObject("Object Repository/1612567/22_DirectMessage/Page_Town Square - eligendi Mattermost/div_user-36samplemattermostcom_more-modal___2272d4")): Object: 'Object Repository/1612567/22_DirectMessage/Page_Town Square - eligendi Mattermost/div_user-36samplemattermostcom_more-modal___2272d4' is clicked on

2020-06-05 12:43:48 - [MESSAGE][PASSED] - Object: 'Object Repository/1612567/22_DirectMessage/Page_Town Square - eligendi Mattermost/div_user-36samplemattermostcom_more-modal___2272d4' is clicked on

2020-06-05 12:43:48 - [TEST_STEP][PASSED] - click(findTestObject("Object Repository/1612567/22_DirectMessage/Page_Town Square - eligendi Mattermost/button_Go")): Object: 'Object Repository/1612567/22_DirectMessage/Page_Town Square - eligendi Mattermost/button_Go' is clicked on

2020-06-05 12:43:49 - [MESSAGE][PASSED] - Object: 'Object Repository/1612567/22_DirectMessage/Page_Town Square - eligendi Mattermost/button_Go' is clicked on

2020-06-05 12:43:49 - [TEST_STEP][PASSED] - closeBrowser(): Browser is closed

2020-06-05 12:43:49 - [MESSAGE][PASSED] - Browser is closed]]></system-out>
         <system-err><![CDATA[]]></system-err>
      </testcase>
      <testcase name="Test Cases/1612567/23_Set_Domain_Email_SignUp" time="21.209" classname="Test Cases/1612567/23_Set_Domain_Email_SignUp" status="PASSED">
         <system-out><![CDATA[2020-06-05 12:43:49 - [TEST_CASE][PASSED] - Test Cases/1612567/23_Set_Domain_Email_SignUp: Test Cases/1612567/23_Set_Domain_Email_SignUp

2020-06-05 12:43:50 - [TEST_STEP][PASSED] - openBrowser(""): Browser is opened with url: ''

2020-06-05 12:43:50 - [MESSAGE][INFO] - Starting 'Chrome' driver

2020-06-05 12:43:50 - [MESSAGE][INFO] - Action delay is set to 0 milliseconds

2020-06-05 12:43:53 - [MESSAGE][PASSED] - Browser is opened with url: ''

2020-06-05 12:43:53 - [TEST_STEP][PASSED] - navigateToUrl("http://localhost:8065/admin_console"): Navigate to 'http://localhost:8065/admin_console' successfully

2020-06-05 12:43:55 - [MESSAGE][PASSED] - Navigate to 'http://localhost:8065/admin_console' successfully

2020-06-05 12:43:55 - [TEST_STEP][PASSED] - setText(findTestObject("Object Repository/1612567/23_Set_Domain_Email_SignUp/Page_Mattermost/input_All team communication in one place s_703ef5"), "hcmus-cdnc"): Text 'hcmus-cdnc' is set on object 'Object Repository/1612567/23_Set_Domain_Email_SignUp/Page_Mattermost/input_All team communication in one place s_703ef5'

2020-06-05 12:43:58 - [MESSAGE][PASSED] - Text 'hcmus-cdnc' is set on object 'Object Repository/1612567/23_Set_Domain_Email_SignUp/Page_Mattermost/input_All team communication in one place s_703ef5'

2020-06-05 12:43:58 - [TEST_STEP][PASSED] - setEncryptedText(findTestObject("Object Repository/1612567/23_Set_Domain_Email_SignUp/Page_Mattermost/input_All team communication in one place s_2f2733"), "aeHFOx8jV/A="): Text ****** has been set on object 'Object Repository/1612567/23_Set_Domain_Email_SignUp/Page_Mattermost/input_All team communication in one place s_2f2733'

2020-06-05 12:43:58 - [MESSAGE][PASSED] - Text ****** has been set on object 'Object Repository/1612567/23_Set_Domain_Email_SignUp/Page_Mattermost/input_All team communication in one place s_2f2733'

2020-06-05 12:43:58 - [TEST_STEP][PASSED] - click(findTestObject("Object Repository/1612567/23_Set_Domain_Email_SignUp/Page_Mattermost/span_Sign in")): Object: 'Object Repository/1612567/23_Set_Domain_Email_SignUp/Page_Mattermost/span_Sign in' is clicked on

2020-06-05 12:43:59 - [MESSAGE][PASSED] - Object: 'Object Repository/1612567/23_Set_Domain_Email_SignUp/Page_Mattermost/span_Sign in' is clicked on

2020-06-05 12:43:59 - [TEST_STEP][PASSED] - setText(findTestObject("Object Repository/1612567/23_Set_Domain_Email_SignUp/Page_System Console - Mattermost/input_hcmus-cdnc_adminSidebarFilter"), "sign"): Text 'sign' is set on object 'Object Repository/1612567/23_Set_Domain_Email_SignUp/Page_System Console - Mattermost/input_hcmus-cdnc_adminSidebarFilter'

2020-06-05 12:44:02 - [MESSAGE][PASSED] - Text 'sign' is set on object 'Object Repository/1612567/23_Set_Domain_Email_SignUp/Page_System Console - Mattermost/input_hcmus-cdnc_adminSidebarFilter'

2020-06-05 12:44:02 - [TEST_STEP][PASSED] - click(findTestObject("Object Repository/1612567/23_Set_Domain_Email_SignUp/Page_System Console - Mattermost/mark_Signup")): Object: 'Object Repository/1612567/23_Set_Domain_Email_SignUp/Page_System Console - Mattermost/mark_Signup' is clicked on

2020-06-05 12:44:03 - [MESSAGE][PASSED] - Object: 'Object Repository/1612567/23_Set_Domain_Email_SignUp/Page_System Console - Mattermost/mark_Signup' is clicked on

2020-06-05 12:44:03 - [TEST_STEP][PASSED] - domains = ["gmail.com ", "outlook.com ", "microsoft.com ", "yahoo.com"]: null

2020-06-05 12:44:03 - [TEST_STEP][PASSED] - tmp = "": null

2020-06-05 12:44:03 - [TEST_STEP][PASSED] - for (String domain : domains): Text 'gmail.com outlook.com microsoft.com yahoo.com' is set on object 'Object Repository/1612567/23_Set_Domain_Email_SignUp/Page_System Console - Mattermost/input_Restrict account creation to specifie_31c344'

2020-06-05 12:44:03 - [TEST_STEP][PASSED] - tmp += domain: null

2020-06-05 12:44:03 - [TEST_STEP][PASSED] - setText(findTestObject("Object Repository/1612567/23_Set_Domain_Email_SignUp/Page_System Console - Mattermost/input_Restrict account creation to specifie_31c344"), tmp): Text 'gmail.com ' is set on object 'Object Repository/1612567/23_Set_Domain_Email_SignUp/Page_System Console - Mattermost/input_Restrict account creation to specifie_31c344'

2020-06-05 12:44:04 - [MESSAGE][PASSED] - Text 'gmail.com ' is set on object 'Object Repository/1612567/23_Set_Domain_Email_SignUp/Page_System Console - Mattermost/input_Restrict account creation to specifie_31c344'

2020-06-05 12:44:04 - [TEST_STEP][PASSED] - tmp += domain: null

2020-06-05 12:44:04 - [TEST_STEP][PASSED] - setText(findTestObject("Object Repository/1612567/23_Set_Domain_Email_SignUp/Page_System Console - Mattermost/input_Restrict account creation to specifie_31c344"), tmp): Text 'gmail.com outlook.com ' is set on object 'Object Repository/1612567/23_Set_Domain_Email_SignUp/Page_System Console - Mattermost/input_Restrict account creation to specifie_31c344'

2020-06-05 12:44:06 - [MESSAGE][PASSED] - Text 'gmail.com outlook.com ' is set on object 'Object Repository/1612567/23_Set_Domain_Email_SignUp/Page_System Console - Mattermost/input_Restrict account creation to specifie_31c344'

2020-06-05 12:44:06 - [TEST_STEP][PASSED] - tmp += domain: null

2020-06-05 12:44:06 - [TEST_STEP][PASSED] - setText(findTestObject("Object Repository/1612567/23_Set_Domain_Email_SignUp/Page_System Console - Mattermost/input_Restrict account creation to specifie_31c344"), tmp): Text 'gmail.com outlook.com microsoft.com ' is set on object 'Object Repository/1612567/23_Set_Domain_Email_SignUp/Page_System Console - Mattermost/input_Restrict account creation to specifie_31c344'

2020-06-05 12:44:07 - [MESSAGE][PASSED] - Text 'gmail.com outlook.com microsoft.com ' is set on object 'Object Repository/1612567/23_Set_Domain_Email_SignUp/Page_System Console - Mattermost/input_Restrict account creation to specifie_31c344'

2020-06-05 12:44:07 - [TEST_STEP][PASSED] - tmp += domain: null

2020-06-05 12:44:07 - [TEST_STEP][PASSED] - setText(findTestObject("Object Repository/1612567/23_Set_Domain_Email_SignUp/Page_System Console - Mattermost/input_Restrict account creation to specifie_31c344"), tmp): Text 'gmail.com outlook.com microsoft.com yahoo.com' is set on object 'Object Repository/1612567/23_Set_Domain_Email_SignUp/Page_System Console - Mattermost/input_Restrict account creation to specifie_31c344'

2020-06-05 12:44:09 - [MESSAGE][PASSED] - Text 'gmail.com outlook.com microsoft.com yahoo.com' is set on object 'Object Repository/1612567/23_Set_Domain_Email_SignUp/Page_System Console - Mattermost/input_Restrict account creation to specifie_31c344'

2020-06-05 12:44:09 - [TEST_STEP][PASSED] - click(findTestObject("Object Repository/1612567/23_Set_Domain_Email_SignUp/Page_System Console - Mattermost/span_Save")): Object: 'Object Repository/1612567/23_Set_Domain_Email_SignUp/Page_System Console - Mattermost/span_Save' is clicked on

2020-06-05 12:44:10 - [MESSAGE][PASSED] - Object: 'Object Repository/1612567/23_Set_Domain_Email_SignUp/Page_System Console - Mattermost/span_Save' is clicked on

2020-06-05 12:44:10 - [TEST_STEP][PASSED] - closeBrowser(): Browser is closed

2020-06-05 12:44:11 - [MESSAGE][PASSED] - Browser is closed]]></system-out>
         <system-err><![CDATA[]]></system-err>
      </testcase>
      <testcase name="Test Cases/1612567/24_Setting_Searching" time="21.943" classname="Test Cases/1612567/24_Setting_Searching" status="PASSED">
         <system-out><![CDATA[2020-06-05 12:44:11 - [TEST_CASE][PASSED] - Test Cases/1612567/24_Setting_Searching: Test Cases/1612567/24_Setting_Searching

2020-06-05 12:44:11 - [TEST_STEP][PASSED] - openBrowser(""): Browser is opened with url: ''

2020-06-05 12:44:11 - [MESSAGE][INFO] - Starting 'Chrome' driver

2020-06-05 12:44:11 - [MESSAGE][INFO] - Action delay is set to 0 milliseconds

2020-06-05 12:44:15 - [MESSAGE][PASSED] - Browser is opened with url: ''

2020-06-05 12:44:15 - [TEST_STEP][PASSED] - navigateToUrl("http://localhost:8065/admin_console"): Navigate to 'http://localhost:8065/admin_console' successfully

2020-06-05 12:44:17 - [MESSAGE][PASSED] - Navigate to 'http://localhost:8065/admin_console' successfully

2020-06-05 12:44:17 - [TEST_STEP][PASSED] - setText(findTestObject("1612567/24_Setting_Searching/Page_Mattermost/input_All team communication in one place s_703ef5"), "hcmus-cdnc"): Text 'hcmus-cdnc' is set on object 'Object Repository/1612567/24_Setting_Searching/Page_Mattermost/input_All team communication in one place s_703ef5'

2020-06-05 12:44:20 - [MESSAGE][PASSED] - Text 'hcmus-cdnc' is set on object 'Object Repository/1612567/24_Setting_Searching/Page_Mattermost/input_All team communication in one place s_703ef5'

2020-06-05 12:44:20 - [TEST_STEP][PASSED] - setEncryptedText(findTestObject("1612567/24_Setting_Searching/Page_Mattermost/input_All team communication in one place s_2f2733"), "aeHFOx8jV/A="): Text ****** has been set on object 'Object Repository/1612567/24_Setting_Searching/Page_Mattermost/input_All team communication in one place s_2f2733'

2020-06-05 12:44:21 - [MESSAGE][PASSED] - Text ****** has been set on object 'Object Repository/1612567/24_Setting_Searching/Page_Mattermost/input_All team communication in one place s_2f2733'

2020-06-05 12:44:21 - [TEST_STEP][PASSED] - click(findTestObject("1612567/24_Setting_Searching/Page_Mattermost/span_Sign in")): Object: 'Object Repository/1612567/24_Setting_Searching/Page_Mattermost/span_Sign in' is clicked on

2020-06-05 12:44:22 - [MESSAGE][PASSED] - Object: 'Object Repository/1612567/24_Setting_Searching/Page_Mattermost/span_Sign in' is clicked on

2020-06-05 12:44:22 - [TEST_STEP][PASSED] - keys = ["password", "sign", "database", "dev", "user"]: null

2020-06-05 12:44:22 - [TEST_STEP][PASSED] - for (String key : keys): Keys 'ENTER + ' sent to object: 'Object Repository/1612567/24_Setting_Searching/Page_System Console - Mattermost/input_hcmus-cdnc_adminSidebarFilter'

2020-06-05 12:44:22 - [TEST_STEP][PASSED] - setText(findTestObject("1612567/24_Setting_Searching/Page_System Console - Mattermost/input_hcmus-cdnc_adminSidebarFilter"), key): Text 'password' is set on object 'Object Repository/1612567/24_Setting_Searching/Page_System Console - Mattermost/input_hcmus-cdnc_adminSidebarFilter'

2020-06-05 12:44:24 - [MESSAGE][PASSED] - Text 'password' is set on object 'Object Repository/1612567/24_Setting_Searching/Page_System Console - Mattermost/input_hcmus-cdnc_adminSidebarFilter'

2020-06-05 12:44:24 - [TEST_STEP][PASSED] - sendKeys(findTestObject("1612567/24_Setting_Searching/Page_System Console - Mattermost/input_hcmus-cdnc_adminSidebarFilter"), Keys.chord(ENTER)): Keys 'ENTER + ' sent to object: 'Object Repository/1612567/24_Setting_Searching/Page_System Console - Mattermost/input_hcmus-cdnc_adminSidebarFilter'

2020-06-05 12:44:25 - [MESSAGE][PASSED] - Keys 'ENTER + ' sent to object: 'Object Repository/1612567/24_Setting_Searching/Page_System Console - Mattermost/input_hcmus-cdnc_adminSidebarFilter'

2020-06-05 12:44:25 - [TEST_STEP][PASSED] - setText(findTestObject("1612567/24_Setting_Searching/Page_System Console - Mattermost/input_hcmus-cdnc_adminSidebarFilter"), key): Text 'sign' is set on object 'Object Repository/1612567/24_Setting_Searching/Page_System Console - Mattermost/input_hcmus-cdnc_adminSidebarFilter'

2020-06-05 12:44:26 - [MESSAGE][PASSED] - Text 'sign' is set on object 'Object Repository/1612567/24_Setting_Searching/Page_System Console - Mattermost/input_hcmus-cdnc_adminSidebarFilter'

2020-06-05 12:44:26 - [TEST_STEP][PASSED] - sendKeys(findTestObject("1612567/24_Setting_Searching/Page_System Console - Mattermost/input_hcmus-cdnc_adminSidebarFilter"), Keys.chord(ENTER)): Keys 'ENTER + ' sent to object: 'Object Repository/1612567/24_Setting_Searching/Page_System Console - Mattermost/input_hcmus-cdnc_adminSidebarFilter'

2020-06-05 12:44:27 - [MESSAGE][PASSED] - Keys 'ENTER + ' sent to object: 'Object Repository/1612567/24_Setting_Searching/Page_System Console - Mattermost/input_hcmus-cdnc_adminSidebarFilter'

2020-06-05 12:44:27 - [TEST_STEP][PASSED] - setText(findTestObject("1612567/24_Setting_Searching/Page_System Console - Mattermost/input_hcmus-cdnc_adminSidebarFilter"), key): Text 'database' is set on object 'Object Repository/1612567/24_Setting_Searching/Page_System Console - Mattermost/input_hcmus-cdnc_adminSidebarFilter'

2020-06-05 12:44:28 - [MESSAGE][PASSED] - Text 'database' is set on object 'Object Repository/1612567/24_Setting_Searching/Page_System Console - Mattermost/input_hcmus-cdnc_adminSidebarFilter'

2020-06-05 12:44:28 - [TEST_STEP][PASSED] - sendKeys(findTestObject("1612567/24_Setting_Searching/Page_System Console - Mattermost/input_hcmus-cdnc_adminSidebarFilter"), Keys.chord(ENTER)): Keys 'ENTER + ' sent to object: 'Object Repository/1612567/24_Setting_Searching/Page_System Console - Mattermost/input_hcmus-cdnc_adminSidebarFilter'

2020-06-05 12:44:29 - [MESSAGE][PASSED] - Keys 'ENTER + ' sent to object: 'Object Repository/1612567/24_Setting_Searching/Page_System Console - Mattermost/input_hcmus-cdnc_adminSidebarFilter'

2020-06-05 12:44:29 - [TEST_STEP][PASSED] - setText(findTestObject("1612567/24_Setting_Searching/Page_System Console - Mattermost/input_hcmus-cdnc_adminSidebarFilter"), key): Text 'dev' is set on object 'Object Repository/1612567/24_Setting_Searching/Page_System Console - Mattermost/input_hcmus-cdnc_adminSidebarFilter'

2020-06-05 12:44:29 - [MESSAGE][PASSED] - Text 'dev' is set on object 'Object Repository/1612567/24_Setting_Searching/Page_System Console - Mattermost/input_hcmus-cdnc_adminSidebarFilter'

2020-06-05 12:44:29 - [TEST_STEP][PASSED] - sendKeys(findTestObject("1612567/24_Setting_Searching/Page_System Console - Mattermost/input_hcmus-cdnc_adminSidebarFilter"), Keys.chord(ENTER)): Keys 'ENTER + ' sent to object: 'Object Repository/1612567/24_Setting_Searching/Page_System Console - Mattermost/input_hcmus-cdnc_adminSidebarFilter'

2020-06-05 12:44:30 - [MESSAGE][PASSED] - Keys 'ENTER + ' sent to object: 'Object Repository/1612567/24_Setting_Searching/Page_System Console - Mattermost/input_hcmus-cdnc_adminSidebarFilter'

2020-06-05 12:44:30 - [TEST_STEP][PASSED] - setText(findTestObject("1612567/24_Setting_Searching/Page_System Console - Mattermost/input_hcmus-cdnc_adminSidebarFilter"), key): Text 'user' is set on object 'Object Repository/1612567/24_Setting_Searching/Page_System Console - Mattermost/input_hcmus-cdnc_adminSidebarFilter'

2020-06-05 12:44:31 - [MESSAGE][PASSED] - Text 'user' is set on object 'Object Repository/1612567/24_Setting_Searching/Page_System Console - Mattermost/input_hcmus-cdnc_adminSidebarFilter'

2020-06-05 12:44:31 - [TEST_STEP][PASSED] - sendKeys(findTestObject("1612567/24_Setting_Searching/Page_System Console - Mattermost/input_hcmus-cdnc_adminSidebarFilter"), Keys.chord(ENTER)): Keys 'ENTER + ' sent to object: 'Object Repository/1612567/24_Setting_Searching/Page_System Console - Mattermost/input_hcmus-cdnc_adminSidebarFilter'

2020-06-05 12:44:32 - [MESSAGE][PASSED] - Keys 'ENTER + ' sent to object: 'Object Repository/1612567/24_Setting_Searching/Page_System Console - Mattermost/input_hcmus-cdnc_adminSidebarFilter'

2020-06-05 12:44:32 - [TEST_STEP][PASSED] - closeBrowser(): Browser is closed

2020-06-05 12:44:33 - [MESSAGE][PASSED] - Browser is closed]]></system-out>
         <system-err><![CDATA[]]></system-err>
      </testcase>
      <testcase name="Test Cases/1612567/25_CORS_Setting" time="21.368" classname="Test Cases/1612567/25_CORS_Setting" status="PASSED">
         <system-out><![CDATA[2020-06-05 12:44:33 - [TEST_CASE][PASSED] - Test Cases/1612567/25_CORS_Setting: Test Cases/1612567/25_CORS_Setting

2020-06-05 12:44:33 - [TEST_STEP][PASSED] - openBrowser(""): Browser is opened with url: ''

2020-06-05 12:44:33 - [MESSAGE][INFO] - Starting 'Chrome' driver

2020-06-05 12:44:33 - [MESSAGE][INFO] - Action delay is set to 0 milliseconds

2020-06-05 12:44:36 - [MESSAGE][PASSED] - Browser is opened with url: ''

2020-06-05 12:44:36 - [TEST_STEP][PASSED] - navigateToUrl("http://localhost:8065/admin_console"): Navigate to 'http://localhost:8065/admin_console' successfully

2020-06-05 12:44:38 - [MESSAGE][PASSED] - Navigate to 'http://localhost:8065/admin_console' successfully

2020-06-05 12:44:38 - [TEST_STEP][PASSED] - setText(findTestObject("1612567/25_CORS_Setting/Page_Mattermost/input_All team communication in one place s_703ef5"), "hcmus-cdnc"): Text 'hcmus-cdnc' is set on object 'Object Repository/1612567/25_CORS_Setting/Page_Mattermost/input_All team communication in one place s_703ef5'

2020-06-05 12:44:41 - [MESSAGE][PASSED] - Text 'hcmus-cdnc' is set on object 'Object Repository/1612567/25_CORS_Setting/Page_Mattermost/input_All team communication in one place s_703ef5'

2020-06-05 12:44:41 - [TEST_STEP][PASSED] - setEncryptedText(findTestObject("1612567/25_CORS_Setting/Page_Mattermost/input_All team communication in one place s_2f2733"), "aeHFOx8jV/A="): Text ****** has been set on object 'Object Repository/1612567/25_CORS_Setting/Page_Mattermost/input_All team communication in one place s_2f2733'

2020-06-05 12:44:41 - [MESSAGE][PASSED] - Text ****** has been set on object 'Object Repository/1612567/25_CORS_Setting/Page_Mattermost/input_All team communication in one place s_2f2733'

2020-06-05 12:44:41 - [TEST_STEP][PASSED] - click(findTestObject("1612567/25_CORS_Setting/Page_Mattermost/button_Sign in")): Object: 'Object Repository/1612567/25_CORS_Setting/Page_Mattermost/button_Sign in' is clicked on

2020-06-05 12:44:42 - [MESSAGE][PASSED] - Object: 'Object Repository/1612567/25_CORS_Setting/Page_Mattermost/button_Sign in' is clicked on

2020-06-05 12:44:42 - [TEST_STEP][PASSED] - setText(findTestObject("1612567/25_CORS_Setting/Page_System Console - Mattermost/input_hcmus-cdnc_adminSidebarFilter"), "cor"): Text 'cor' is set on object 'Object Repository/1612567/25_CORS_Setting/Page_System Console - Mattermost/input_hcmus-cdnc_adminSidebarFilter'

2020-06-05 12:44:45 - [MESSAGE][PASSED] - Text 'cor' is set on object 'Object Repository/1612567/25_CORS_Setting/Page_System Console - Mattermost/input_hcmus-cdnc_adminSidebarFilter'

2020-06-05 12:44:45 - [TEST_STEP][PASSED] - click(findTestObject("1612567/25_CORS_Setting/Page_System Console - Mattermost/a_CORS")): Object: 'Object Repository/1612567/25_CORS_Setting/Page_System Console - Mattermost/a_CORS' is clicked on

2020-06-05 12:44:45 - [MESSAGE][PASSED] - Object: 'Object Repository/1612567/25_CORS_Setting/Page_System Console - Mattermost/a_CORS' is clicked on

2020-06-05 12:44:45 - [TEST_STEP][PASSED] - hosts = ["https://facebook.com ", "https://news.com ", "https://mastermost.com ", "http://localhost:3000"]: null

2020-06-05 12:44:45 - [TEST_STEP][PASSED] - tmp = "": null

2020-06-05 12:44:45 - [TEST_STEP][PASSED] - for (String host : hosts): Text 'https://facebook.com https://news.com https://mastermost.com http://localhost:3000' is set on object 'Object Repository/1612567/25_CORS_Setting/Page_System Console - Mattermost/input_Enable cross-origin requests from_Ser_d74bcf'

2020-06-05 12:44:45 - [TEST_STEP][PASSED] - tmp += host: null

2020-06-05 12:44:45 - [TEST_STEP][PASSED] - setText(findTestObject("1612567/25_CORS_Setting/Page_System Console - Mattermost/input_Enable cross-origin requests from_Ser_d74bcf"), tmp): Text 'https://facebook.com ' is set on object 'Object Repository/1612567/25_CORS_Setting/Page_System Console - Mattermost/input_Enable cross-origin requests from_Ser_d74bcf'

2020-06-05 12:44:47 - [MESSAGE][PASSED] - Text 'https://facebook.com ' is set on object 'Object Repository/1612567/25_CORS_Setting/Page_System Console - Mattermost/input_Enable cross-origin requests from_Ser_d74bcf'

2020-06-05 12:44:47 - [TEST_STEP][PASSED] - tmp += host: null

2020-06-05 12:44:47 - [TEST_STEP][PASSED] - setText(findTestObject("1612567/25_CORS_Setting/Page_System Console - Mattermost/input_Enable cross-origin requests from_Ser_d74bcf"), tmp): Text 'https://facebook.com https://news.com ' is set on object 'Object Repository/1612567/25_CORS_Setting/Page_System Console - Mattermost/input_Enable cross-origin requests from_Ser_d74bcf'

2020-06-05 12:44:48 - [MESSAGE][PASSED] - Text 'https://facebook.com https://news.com ' is set on object 'Object Repository/1612567/25_CORS_Setting/Page_System Console - Mattermost/input_Enable cross-origin requests from_Ser_d74bcf'

2020-06-05 12:44:48 - [TEST_STEP][PASSED] - tmp += host: null

2020-06-05 12:44:48 - [TEST_STEP][PASSED] - setText(findTestObject("1612567/25_CORS_Setting/Page_System Console - Mattermost/input_Enable cross-origin requests from_Ser_d74bcf"), tmp): Text 'https://facebook.com https://news.com https://mastermost.com ' is set on object 'Object Repository/1612567/25_CORS_Setting/Page_System Console - Mattermost/input_Enable cross-origin requests from_Ser_d74bcf'

2020-06-05 12:44:50 - [MESSAGE][PASSED] - Text 'https://facebook.com https://news.com https://mastermost.com ' is set on object 'Object Repository/1612567/25_CORS_Setting/Page_System Console - Mattermost/input_Enable cross-origin requests from_Ser_d74bcf'

2020-06-05 12:44:50 - [TEST_STEP][PASSED] - tmp += host: null

2020-06-05 12:44:50 - [TEST_STEP][PASSED] - setText(findTestObject("1612567/25_CORS_Setting/Page_System Console - Mattermost/input_Enable cross-origin requests from_Ser_d74bcf"), tmp): Text 'https://facebook.com https://news.com https://mastermost.com http://localhost:3000' is set on object 'Object Repository/1612567/25_CORS_Setting/Page_System Console - Mattermost/input_Enable cross-origin requests from_Ser_d74bcf'

2020-06-05 12:44:53 - [MESSAGE][PASSED] - Text 'https://facebook.com https://news.com https://mastermost.com http://localhost:3000' is set on object 'Object Repository/1612567/25_CORS_Setting/Page_System Console - Mattermost/input_Enable cross-origin requests from_Ser_d74bcf'

2020-06-05 12:44:53 - [TEST_STEP][PASSED] - click(findTestObject("1612567/25_CORS_Setting/Page_System Console - Mattermost/button_Save")): Object: 'Object Repository/1612567/25_CORS_Setting/Page_System Console - Mattermost/button_Save' is clicked on

2020-06-05 12:44:53 - [MESSAGE][PASSED] - Object: 'Object Repository/1612567/25_CORS_Setting/Page_System Console - Mattermost/button_Save' is clicked on

2020-06-05 12:44:53 - [TEST_STEP][PASSED] - closeBrowser(): Browser is closed

2020-06-05 12:44:54 - [MESSAGE][PASSED] - Browser is closed]]></system-out>
         <system-err><![CDATA[]]></system-err>
      </testcase>
      <testcase name="Test Cases/1612567/26_Call_API_Login" time="1.56" classname="Test Cases/1612567/26_Call_API_Login" status="PASSED">
         <system-out><![CDATA[2020-06-05 12:44:54 - [TEST_CASE][PASSED] - Test Cases/1612567/26_Call_API_Login: Test Cases/1612567/26_Call_API_Login

2020-06-05 12:44:54 - [TEST_STEP][PASSED] - sendRequest(findTestObject("1612567/API TESTING/26_Call_API_Login")): Send request successfully

2020-06-05 12:44:55 - [MESSAGE][INFO] - HAR: C:\Users\Thanh\Desktop\github.com\New folder (2)\homeword02-mattermost-katalon\Reports\20200605_123809\Run all test cases\20200605_123809\requests\main\0.har

2020-06-05 12:44:56 - [MESSAGE][PASSED] - Send request successfully]]></system-out>
         <system-err><![CDATA[]]></system-err>
      </testcase>
      <testcase name="Test Cases/1612567/27_Call_API_Channels_Info" time="0.296" classname="Test Cases/1612567/27_Call_API_Channels_Info" status="PASSED">
         <system-out><![CDATA[2020-06-05 12:44:56 - [TEST_CASE][PASSED] - Test Cases/1612567/27_Call_API_Channels_Info: Test Cases/1612567/27_Call_API_Channels_Info

2020-06-05 12:44:56 - [TEST_STEP][PASSED] - sendRequest(findTestObject("1612567/API TESTING/27_Call_API_Channels_Info")): Send request successfully

2020-06-05 12:44:56 - [MESSAGE][INFO] - HAR: C:\Users\Thanh\Desktop\github.com\New folder (2)\homeword02-mattermost-katalon\Reports\20200605_123809\Run all test cases\20200605_123809\requests\main\1.har

2020-06-05 12:44:56 - [MESSAGE][PASSED] - Send request successfully]]></system-out>
         <system-err><![CDATA[]]></system-err>
      </testcase>
      <testcase name="Test Cases/1612567/28_Call_API_ChangeName" time="0.299" classname="Test Cases/1612567/28_Call_API_ChangeName" status="PASSED">
         <system-out><![CDATA[2020-06-05 12:44:56 - [TEST_CASE][PASSED] - Test Cases/1612567/28_Call_API_ChangeName: Test Cases/1612567/28_Call_API_ChangeName

2020-06-05 12:44:56 - [TEST_STEP][PASSED] - sendRequest(findTestObject("1612567/API TESTING/28_Call_API_ChangeName")): Send request successfully

2020-06-05 12:44:56 - [MESSAGE][INFO] - HAR: C:\Users\Thanh\Desktop\github.com\New folder (2)\homeword02-mattermost-katalon\Reports\20200605_123809\Run all test cases\20200605_123809\requests\main\2.har

2020-06-05 12:44:56 - [MESSAGE][PASSED] - Send request successfully]]></system-out>
         <system-err><![CDATA[]]></system-err>
      </testcase>
      <testcase name="Test Cases/1612567/29_Call_API_ResetPassword" time="0.315" classname="Test Cases/1612567/29_Call_API_ResetPassword" status="PASSED">
         <system-out><![CDATA[2020-06-05 12:44:56 - [TEST_CASE][PASSED] - Test Cases/1612567/29_Call_API_ResetPassword: Test Cases/1612567/29_Call_API_ResetPassword

2020-06-05 12:44:56 - [TEST_STEP][PASSED] - sendRequest(findTestObject("1612567/API TESTING/29_Call_API_ResetPassword")): Send request successfully

2020-06-05 12:44:57 - [MESSAGE][INFO] - HAR: C:\Users\Thanh\Desktop\github.com\New folder (2)\homeword02-mattermost-katalon\Reports\20200605_123809\Run all test cases\20200605_123809\requests\main\3.har

2020-06-05 12:44:57 - [MESSAGE][PASSED] - Send request successfully]]></system-out>
         <system-err><![CDATA[]]></system-err>
      </testcase>
      <testcase name="Test Cases/1612567/30_Call_API_Set_Permission" time="0.428" classname="Test Cases/1612567/30_Call_API_Set_Permission" status="PASSED">
         <system-out><![CDATA[2020-06-05 12:44:57 - [TEST_CASE][PASSED] - Test Cases/1612567/30_Call_API_Set_Permission: Test Cases/1612567/30_Call_API_Set_Permission

2020-06-05 12:44:57 - [TEST_STEP][PASSED] - sendRequest(findTestObject("1612567/API TESTING/30_Call_API_Set_Permission")): Send request successfully

2020-06-05 12:44:57 - [MESSAGE][INFO] - HAR: C:\Users\Thanh\Desktop\github.com\New folder (2)\homeword02-mattermost-katalon\Reports\20200605_123809\Run all test cases\20200605_123809\requests\main\4.har

2020-06-05 12:44:57 - [MESSAGE][PASSED] - Send request successfully]]></system-out>
         <system-err><![CDATA[]]></system-err>
      </testcase>
      <testcase name="Test Cases/1612567/31_Call_API_Search_User" time="0.321" classname="Test Cases/1612567/31_Call_API_Search_User" status="PASSED">
         <system-out><![CDATA[2020-06-05 12:44:57 - [TEST_CASE][PASSED] - Test Cases/1612567/31_Call_API_Search_User: Test Cases/1612567/31_Call_API_Search_User

2020-06-05 12:44:57 - [TEST_STEP][PASSED] - sendRequest(findTestObject("1612567/API TESTING/31_Call_API_Search_User")): Send request successfully

2020-06-05 12:44:57 - [MESSAGE][INFO] - HAR: C:\Users\Thanh\Desktop\github.com\New folder (2)\homeword02-mattermost-katalon\Reports\20200605_123809\Run all test cases\20200605_123809\requests\main\5.har

2020-06-05 12:44:57 - [MESSAGE][PASSED] - Send request successfully]]></system-out>
         <system-err><![CDATA[]]></system-err>
      </testcase>
      <testcase name="Test Cases/1612567/32_Call_API_Search_Tokens" time="0.33" classname="Test Cases/1612567/32_Call_API_Search_Tokens" status="PASSED">
         <system-out><![CDATA[2020-06-05 12:44:57 - [TEST_CASE][PASSED] - Test Cases/1612567/32_Call_API_Search_Tokens: Test Cases/1612567/32_Call_API_Search_Tokens

2020-06-05 12:44:58 - [TEST_STEP][PASSED] - sendRequest(findTestObject("1612567/API TESTING/32_Call_API_Search_Tokens")): Send request successfully

2020-06-05 12:44:58 - [MESSAGE][INFO] - HAR: C:\Users\Thanh\Desktop\github.com\New folder (2)\homeword02-mattermost-katalon\Reports\20200605_123809\Run all test cases\20200605_123809\requests\main\6.har

2020-06-05 12:44:58 - [MESSAGE][PASSED] - Send request successfully]]></system-out>
         <system-err><![CDATA[]]></system-err>
      </testcase>
      <testcase name="Test Cases/1612567/33_Call_API_Get_Jobs" time="0.394" classname="Test Cases/1612567/33_Call_API_Get_Jobs" status="PASSED">
         <system-out><![CDATA[2020-06-05 12:44:58 - [TEST_CASE][PASSED] - Test Cases/1612567/33_Call_API_Get_Jobs: Test Cases/1612567/33_Call_API_Get_Jobs

2020-06-05 12:44:58 - [TEST_STEP][PASSED] - sendRequest(findTestObject("1612567/API TESTING/33_Call_API_Get_Jobs")): Send request successfully

2020-06-05 12:44:58 - [MESSAGE][INFO] - HAR: C:\Users\Thanh\Desktop\github.com\New folder (2)\homeword02-mattermost-katalon\Reports\20200605_123809\Run all test cases\20200605_123809\requests\main\7.har

2020-06-05 12:44:58 - [MESSAGE][PASSED] - Send request successfully]]></system-out>
         <system-err><![CDATA[]]></system-err>
      </testcase>
      <testcase name="Test Cases/1612567/34_Call_API_Create_Job_By_Type" time="0.312" classname="Test Cases/1612567/34_Call_API_Create_Job_By_Type" status="PASSED">
         <system-out><![CDATA[2020-06-05 12:44:58 - [TEST_CASE][PASSED] - Test Cases/1612567/34_Call_API_Create_Job_By_Type: Test Cases/1612567/34_Call_API_Create_Job_By_Type

2020-06-05 12:44:58 - [TEST_STEP][PASSED] - sendRequest(findTestObject("1612567/API TESTING/33_Call_API_Get_Jobs")): Send request successfully

2020-06-05 12:44:58 - [MESSAGE][INFO] - HAR: C:\Users\Thanh\Desktop\github.com\New folder (2)\homeword02-mattermost-katalon\Reports\20200605_123809\Run all test cases\20200605_123809\requests\main\8.har

2020-06-05 12:44:58 - [MESSAGE][PASSED] - Send request successfully]]></system-out>
         <system-err><![CDATA[]]></system-err>
      </testcase>
      <testcase name="Test Cases/1612567/35_Call_API_Cancel_Job" time="0.294" classname="Test Cases/1612567/35_Call_API_Cancel_Job" status="PASSED">
         <system-out><![CDATA[2020-06-05 12:44:58 - [TEST_CASE][PASSED] - Test Cases/1612567/35_Call_API_Cancel_Job: Test Cases/1612567/35_Call_API_Cancel_Job

2020-06-05 12:44:59 - [TEST_STEP][PASSED] - sendRequest(findTestObject("1612567/API TESTING/33_Call_API_Get_Jobs")): Send request successfully

2020-06-05 12:44:59 - [MESSAGE][INFO] - HAR: C:\Users\Thanh\Desktop\github.com\New folder (2)\homeword02-mattermost-katalon\Reports\20200605_123809\Run all test cases\20200605_123809\requests\main\9.har

2020-06-05 12:44:59 - [MESSAGE][PASSED] - Send request successfully]]></system-out>
         <system-err><![CDATA[]]></system-err>
      </testcase>
      <testcase name="Test Cases/1612893/TC_36_Edit_UserName" time="17.65" classname="Test Cases/1612893/TC_36_Edit_UserName" status="PASSED">
         <system-out><![CDATA[2020-06-05 12:44:59 - [TEST_CASE][PASSED] - Test Cases/1612893/TC_36_Edit_UserName: Test Cases/1612893/TC_36_Edit_UserName

2020-06-05 12:44:59 - [TEST_STEP][PASSED] - openBrowser(""): Browser is opened with url: ''

2020-06-05 12:44:59 - [MESSAGE][INFO] - Starting 'Chrome' driver

2020-06-05 12:44:59 - [MESSAGE][INFO] - Action delay is set to 0 milliseconds

2020-06-05 12:45:02 - [MESSAGE][PASSED] - Browser is opened with url: ''

2020-06-05 12:45:02 - [TEST_STEP][PASSED] - navigateToUrl("http://localhost:8065/login"): Navigate to 'http://localhost:8065/login' successfully

2020-06-05 12:45:04 - [MESSAGE][PASSED] - Navigate to 'http://localhost:8065/login' successfully

2020-06-05 12:45:04 - [TEST_STEP][PASSED] - setText(findTestObject("Object Repository/1612893/36_Edit_UserName/Page_Mattermost/input_All team communication in one place s_703ef5"), "hcmus-cdnc@gmail.com"): Text 'hcmus-cdnc@gmail.com' is set on object 'Object Repository/1612893/36_Edit_UserName/Page_Mattermost/input_All team communication in one place s_703ef5'

2020-06-05 12:45:06 - [MESSAGE][PASSED] - Text 'hcmus-cdnc@gmail.com' is set on object 'Object Repository/1612893/36_Edit_UserName/Page_Mattermost/input_All team communication in one place s_703ef5'

2020-06-05 12:45:06 - [TEST_STEP][PASSED] - setEncryptedText(findTestObject("Object Repository/1612893/36_Edit_UserName/Page_Mattermost/input_All team communication in one place s_2f2733"), "aeHFOx8jV/A="): Text ****** has been set on object 'Object Repository/1612893/36_Edit_UserName/Page_Mattermost/input_All team communication in one place s_2f2733'

2020-06-05 12:45:07 - [MESSAGE][PASSED] - Text ****** has been set on object 'Object Repository/1612893/36_Edit_UserName/Page_Mattermost/input_All team communication in one place s_2f2733'

2020-06-05 12:45:07 - [TEST_STEP][PASSED] - click(findTestObject("Object Repository/1612893/36_Edit_UserName/Page_Mattermost/span_Sign in")): Object: 'Object Repository/1612893/36_Edit_UserName/Page_Mattermost/span_Sign in' is clicked on

2020-06-05 12:45:07 - [MESSAGE][PASSED] - Object: 'Object Repository/1612893/36_Edit_UserName/Page_Mattermost/span_Sign in' is clicked on

2020-06-05 12:45:07 - [TEST_STEP][PASSED] - click(findTestObject("Object Repository/1612893/36_Edit_UserName/Page_Thanh set Channel name - hcmus-cdnc-te_a699a0/span")): Object: 'Object Repository/1612893/36_Edit_UserName/Page_Thanh set Channel name - hcmus-cdnc-te_a699a0/span' is clicked on

2020-06-05 12:45:11 - [MESSAGE][PASSED] - Object: 'Object Repository/1612893/36_Edit_UserName/Page_Thanh set Channel name - hcmus-cdnc-te_a699a0/span' is clicked on

2020-06-05 12:45:11 - [TEST_STEP][PASSED] - click(findTestObject("Object Repository/1612893/36_Edit_UserName/Page_Thanh set Channel name - hcmus-cdnc-te_a699a0/span_Account Settings")): Object: 'Object Repository/1612893/36_Edit_UserName/Page_Thanh set Channel name - hcmus-cdnc-te_a699a0/span_Account Settings' is clicked on

2020-06-05 12:45:12 - [MESSAGE][PASSED] - Object: 'Object Repository/1612893/36_Edit_UserName/Page_Thanh set Channel name - hcmus-cdnc-te_a699a0/span_Account Settings' is clicked on

2020-06-05 12:45:12 - [TEST_STEP][PASSED] - click(findTestObject("Object Repository/1612893/36_Edit_UserName/Page_Thanh set Channel name - hcmus-cdnc-te_a699a0/span_Edit")): Object: 'Object Repository/1612893/36_Edit_UserName/Page_Thanh set Channel name - hcmus-cdnc-te_a699a0/span_Edit' is clicked on

2020-06-05 12:45:13 - [MESSAGE][PASSED] - Object: 'Object Repository/1612893/36_Edit_UserName/Page_Thanh set Channel name - hcmus-cdnc-te_a699a0/span_Edit' is clicked on

2020-06-05 12:45:13 - [TEST_STEP][PASSED] - setText(findTestObject("Object Repository/1612893/36_Edit_UserName/Page_Thanh set Channel name - hcmus-cdnc-te_a699a0/input_Username_username"), userName): Text 'tung' is set on object 'Object Repository/1612893/36_Edit_UserName/Page_Thanh set Channel name - hcmus-cdnc-te_a699a0/input_Username_username'

2020-06-05 12:45:14 - [MESSAGE][PASSED] - Text 'tung' is set on object 'Object Repository/1612893/36_Edit_UserName/Page_Thanh set Channel name - hcmus-cdnc-te_a699a0/input_Username_username'

2020-06-05 12:45:14 - [TEST_STEP][PASSED] - click(findTestObject("Object Repository/1612893/36_Edit_UserName/Page_Thanh set Channel name - hcmus-cdnc-te_a699a0/span_Save")): Object: 'Object Repository/1612893/36_Edit_UserName/Page_Thanh set Channel name - hcmus-cdnc-te_a699a0/span_Save' is clicked on

2020-06-05 12:45:14 - [MESSAGE][PASSED] - Object: 'Object Repository/1612893/36_Edit_UserName/Page_Thanh set Channel name - hcmus-cdnc-te_a699a0/span_Save' is clicked on

2020-06-05 12:45:14 - [TEST_STEP][PASSED] - click(findTestObject("Object Repository/1612893/36_Edit_UserName/Page_Thanh set Channel name - hcmus-cdnc-te_a699a0/span_")): Object: 'Object Repository/1612893/36_Edit_UserName/Page_Thanh set Channel name - hcmus-cdnc-te_a699a0/span_' is clicked on

2020-06-05 12:45:16 - [MESSAGE][PASSED] - Object: 'Object Repository/1612893/36_Edit_UserName/Page_Thanh set Channel name - hcmus-cdnc-te_a699a0/span_' is clicked on

2020-06-05 12:45:16 - [TEST_STEP][PASSED] - closeBrowser(): Browser is closed

2020-06-05 12:45:16 - [MESSAGE][PASSED] - Browser is closed]]></system-out>
         <system-err><![CDATA[]]></system-err>
      </testcase>
      <testcase name="Test Cases/1612893/TC_36_Edit_UserName" time="17.666" classname="Test Cases/1612893/TC_36_Edit_UserName" status="PASSED">
         <system-out><![CDATA[2020-06-05 12:45:16 - [TEST_CASE][PASSED] - Test Cases/1612893/TC_36_Edit_UserName: Test Cases/1612893/TC_36_Edit_UserName

2020-06-05 12:45:16 - [TEST_STEP][PASSED] - openBrowser(""): Browser is opened with url: ''

2020-06-05 12:45:16 - [MESSAGE][INFO] - Starting 'Chrome' driver

2020-06-05 12:45:16 - [MESSAGE][INFO] - Action delay is set to 0 milliseconds

2020-06-05 12:45:20 - [MESSAGE][PASSED] - Browser is opened with url: ''

2020-06-05 12:45:20 - [TEST_STEP][PASSED] - navigateToUrl("http://localhost:8065/login"): Navigate to 'http://localhost:8065/login' successfully

2020-06-05 12:45:21 - [MESSAGE][PASSED] - Navigate to 'http://localhost:8065/login' successfully

2020-06-05 12:45:21 - [TEST_STEP][PASSED] - setText(findTestObject("Object Repository/1612893/36_Edit_UserName/Page_Mattermost/input_All team communication in one place s_703ef5"), "hcmus-cdnc@gmail.com"): Text 'hcmus-cdnc@gmail.com' is set on object 'Object Repository/1612893/36_Edit_UserName/Page_Mattermost/input_All team communication in one place s_703ef5'

2020-06-05 12:45:23 - [MESSAGE][PASSED] - Text 'hcmus-cdnc@gmail.com' is set on object 'Object Repository/1612893/36_Edit_UserName/Page_Mattermost/input_All team communication in one place s_703ef5'

2020-06-05 12:45:23 - [TEST_STEP][PASSED] - setEncryptedText(findTestObject("Object Repository/1612893/36_Edit_UserName/Page_Mattermost/input_All team communication in one place s_2f2733"), "aeHFOx8jV/A="): Text ****** has been set on object 'Object Repository/1612893/36_Edit_UserName/Page_Mattermost/input_All team communication in one place s_2f2733'

2020-06-05 12:45:24 - [MESSAGE][PASSED] - Text ****** has been set on object 'Object Repository/1612893/36_Edit_UserName/Page_Mattermost/input_All team communication in one place s_2f2733'

2020-06-05 12:45:24 - [TEST_STEP][PASSED] - click(findTestObject("Object Repository/1612893/36_Edit_UserName/Page_Mattermost/span_Sign in")): Object: 'Object Repository/1612893/36_Edit_UserName/Page_Mattermost/span_Sign in' is clicked on

2020-06-05 12:45:25 - [MESSAGE][PASSED] - Object: 'Object Repository/1612893/36_Edit_UserName/Page_Mattermost/span_Sign in' is clicked on

2020-06-05 12:45:25 - [TEST_STEP][PASSED] - click(findTestObject("Object Repository/1612893/36_Edit_UserName/Page_Thanh set Channel name - hcmus-cdnc-te_a699a0/span")): Object: 'Object Repository/1612893/36_Edit_UserName/Page_Thanh set Channel name - hcmus-cdnc-te_a699a0/span' is clicked on

2020-06-05 12:45:29 - [MESSAGE][PASSED] - Object: 'Object Repository/1612893/36_Edit_UserName/Page_Thanh set Channel name - hcmus-cdnc-te_a699a0/span' is clicked on

2020-06-05 12:45:29 - [TEST_STEP][PASSED] - click(findTestObject("Object Repository/1612893/36_Edit_UserName/Page_Thanh set Channel name - hcmus-cdnc-te_a699a0/span_Account Settings")): Object: 'Object Repository/1612893/36_Edit_UserName/Page_Thanh set Channel name - hcmus-cdnc-te_a699a0/span_Account Settings' is clicked on

2020-06-05 12:45:30 - [MESSAGE][PASSED] - Object: 'Object Repository/1612893/36_Edit_UserName/Page_Thanh set Channel name - hcmus-cdnc-te_a699a0/span_Account Settings' is clicked on

2020-06-05 12:45:30 - [TEST_STEP][PASSED] - click(findTestObject("Object Repository/1612893/36_Edit_UserName/Page_Thanh set Channel name - hcmus-cdnc-te_a699a0/span_Edit")): Object: 'Object Repository/1612893/36_Edit_UserName/Page_Thanh set Channel name - hcmus-cdnc-te_a699a0/span_Edit' is clicked on

2020-06-05 12:45:31 - [MESSAGE][PASSED] - Object: 'Object Repository/1612893/36_Edit_UserName/Page_Thanh set Channel name - hcmus-cdnc-te_a699a0/span_Edit' is clicked on

2020-06-05 12:45:31 - [TEST_STEP][PASSED] - setText(findTestObject("Object Repository/1612893/36_Edit_UserName/Page_Thanh set Channel name - hcmus-cdnc-te_a699a0/input_Username_username"), userName): Text 'mai' is set on object 'Object Repository/1612893/36_Edit_UserName/Page_Thanh set Channel name - hcmus-cdnc-te_a699a0/input_Username_username'

2020-06-05 12:45:31 - [MESSAGE][PASSED] - Text 'mai' is set on object 'Object Repository/1612893/36_Edit_UserName/Page_Thanh set Channel name - hcmus-cdnc-te_a699a0/input_Username_username'

2020-06-05 12:45:31 - [TEST_STEP][PASSED] - click(findTestObject("Object Repository/1612893/36_Edit_UserName/Page_Thanh set Channel name - hcmus-cdnc-te_a699a0/span_Save")): Object: 'Object Repository/1612893/36_Edit_UserName/Page_Thanh set Channel name - hcmus-cdnc-te_a699a0/span_Save' is clicked on

2020-06-05 12:45:32 - [MESSAGE][PASSED] - Object: 'Object Repository/1612893/36_Edit_UserName/Page_Thanh set Channel name - hcmus-cdnc-te_a699a0/span_Save' is clicked on

2020-06-05 12:45:32 - [TEST_STEP][PASSED] - click(findTestObject("Object Repository/1612893/36_Edit_UserName/Page_Thanh set Channel name - hcmus-cdnc-te_a699a0/span_")): Object: 'Object Repository/1612893/36_Edit_UserName/Page_Thanh set Channel name - hcmus-cdnc-te_a699a0/span_' is clicked on

2020-06-05 12:45:33 - [MESSAGE][PASSED] - Object: 'Object Repository/1612893/36_Edit_UserName/Page_Thanh set Channel name - hcmus-cdnc-te_a699a0/span_' is clicked on

2020-06-05 12:45:33 - [TEST_STEP][PASSED] - closeBrowser(): Browser is closed

2020-06-05 12:45:34 - [MESSAGE][PASSED] - Browser is closed]]></system-out>
         <system-err><![CDATA[]]></system-err>
      </testcase>
      <testcase name="Test Cases/1612893/TC_36_Edit_UserName" time="17.481" classname="Test Cases/1612893/TC_36_Edit_UserName" status="PASSED">
         <system-out><![CDATA[2020-06-05 12:45:34 - [TEST_CASE][PASSED] - Test Cases/1612893/TC_36_Edit_UserName: Test Cases/1612893/TC_36_Edit_UserName

2020-06-05 12:45:34 - [TEST_STEP][PASSED] - openBrowser(""): Browser is opened with url: ''

2020-06-05 12:45:34 - [MESSAGE][INFO] - Starting 'Chrome' driver

2020-06-05 12:45:34 - [MESSAGE][INFO] - Action delay is set to 0 milliseconds

2020-06-05 12:45:38 - [MESSAGE][PASSED] - Browser is opened with url: ''

2020-06-05 12:45:38 - [TEST_STEP][PASSED] - navigateToUrl("http://localhost:8065/login"): Navigate to 'http://localhost:8065/login' successfully

2020-06-05 12:45:39 - [MESSAGE][PASSED] - Navigate to 'http://localhost:8065/login' successfully

2020-06-05 12:45:39 - [TEST_STEP][PASSED] - setText(findTestObject("Object Repository/1612893/36_Edit_UserName/Page_Mattermost/input_All team communication in one place s_703ef5"), "hcmus-cdnc@gmail.com"): Text 'hcmus-cdnc@gmail.com' is set on object 'Object Repository/1612893/36_Edit_UserName/Page_Mattermost/input_All team communication in one place s_703ef5'

2020-06-05 12:45:41 - [MESSAGE][PASSED] - Text 'hcmus-cdnc@gmail.com' is set on object 'Object Repository/1612893/36_Edit_UserName/Page_Mattermost/input_All team communication in one place s_703ef5'

2020-06-05 12:45:41 - [TEST_STEP][PASSED] - setEncryptedText(findTestObject("Object Repository/1612893/36_Edit_UserName/Page_Mattermost/input_All team communication in one place s_2f2733"), "aeHFOx8jV/A="): Text ****** has been set on object 'Object Repository/1612893/36_Edit_UserName/Page_Mattermost/input_All team communication in one place s_2f2733'

2020-06-05 12:45:42 - [MESSAGE][PASSED] - Text ****** has been set on object 'Object Repository/1612893/36_Edit_UserName/Page_Mattermost/input_All team communication in one place s_2f2733'

2020-06-05 12:45:42 - [TEST_STEP][PASSED] - click(findTestObject("Object Repository/1612893/36_Edit_UserName/Page_Mattermost/span_Sign in")): Object: 'Object Repository/1612893/36_Edit_UserName/Page_Mattermost/span_Sign in' is clicked on

2020-06-05 12:45:43 - [MESSAGE][PASSED] - Object: 'Object Repository/1612893/36_Edit_UserName/Page_Mattermost/span_Sign in' is clicked on

2020-06-05 12:45:43 - [TEST_STEP][PASSED] - click(findTestObject("Object Repository/1612893/36_Edit_UserName/Page_Thanh set Channel name - hcmus-cdnc-te_a699a0/span")): Object: 'Object Repository/1612893/36_Edit_UserName/Page_Thanh set Channel name - hcmus-cdnc-te_a699a0/span' is clicked on

2020-06-05 12:45:46 - [MESSAGE][PASSED] - Object: 'Object Repository/1612893/36_Edit_UserName/Page_Thanh set Channel name - hcmus-cdnc-te_a699a0/span' is clicked on

2020-06-05 12:45:46 - [TEST_STEP][PASSED] - click(findTestObject("Object Repository/1612893/36_Edit_UserName/Page_Thanh set Channel name - hcmus-cdnc-te_a699a0/span_Account Settings")): Object: 'Object Repository/1612893/36_Edit_UserName/Page_Thanh set Channel name - hcmus-cdnc-te_a699a0/span_Account Settings' is clicked on

2020-06-05 12:45:48 - [MESSAGE][PASSED] - Object: 'Object Repository/1612893/36_Edit_UserName/Page_Thanh set Channel name - hcmus-cdnc-te_a699a0/span_Account Settings' is clicked on

2020-06-05 12:45:48 - [TEST_STEP][PASSED] - click(findTestObject("Object Repository/1612893/36_Edit_UserName/Page_Thanh set Channel name - hcmus-cdnc-te_a699a0/span_Edit")): Object: 'Object Repository/1612893/36_Edit_UserName/Page_Thanh set Channel name - hcmus-cdnc-te_a699a0/span_Edit' is clicked on

2020-06-05 12:45:48 - [MESSAGE][PASSED] - Object: 'Object Repository/1612893/36_Edit_UserName/Page_Thanh set Channel name - hcmus-cdnc-te_a699a0/span_Edit' is clicked on

2020-06-05 12:45:48 - [TEST_STEP][PASSED] - setText(findTestObject("Object Repository/1612893/36_Edit_UserName/Page_Thanh set Channel name - hcmus-cdnc-te_a699a0/input_Username_username"), userName): Text 'lan' is set on object 'Object Repository/1612893/36_Edit_UserName/Page_Thanh set Channel name - hcmus-cdnc-te_a699a0/input_Username_username'

2020-06-05 12:45:49 - [MESSAGE][PASSED] - Text 'lan' is set on object 'Object Repository/1612893/36_Edit_UserName/Page_Thanh set Channel name - hcmus-cdnc-te_a699a0/input_Username_username'

2020-06-05 12:45:49 - [TEST_STEP][PASSED] - click(findTestObject("Object Repository/1612893/36_Edit_UserName/Page_Thanh set Channel name - hcmus-cdnc-te_a699a0/span_Save")): Object: 'Object Repository/1612893/36_Edit_UserName/Page_Thanh set Channel name - hcmus-cdnc-te_a699a0/span_Save' is clicked on

2020-06-05 12:45:50 - [MESSAGE][PASSED] - Object: 'Object Repository/1612893/36_Edit_UserName/Page_Thanh set Channel name - hcmus-cdnc-te_a699a0/span_Save' is clicked on

2020-06-05 12:45:50 - [TEST_STEP][PASSED] - click(findTestObject("Object Repository/1612893/36_Edit_UserName/Page_Thanh set Channel name - hcmus-cdnc-te_a699a0/span_")): Object: 'Object Repository/1612893/36_Edit_UserName/Page_Thanh set Channel name - hcmus-cdnc-te_a699a0/span_' is clicked on

2020-06-05 12:45:51 - [MESSAGE][PASSED] - Object: 'Object Repository/1612893/36_Edit_UserName/Page_Thanh set Channel name - hcmus-cdnc-te_a699a0/span_' is clicked on

2020-06-05 12:45:51 - [TEST_STEP][PASSED] - closeBrowser(): Browser is closed

2020-06-05 12:45:52 - [MESSAGE][PASSED] - Browser is closed]]></system-out>
         <system-err><![CDATA[]]></system-err>
      </testcase>
      <testcase name="Test Cases/1612893/TC_36_Edit_UserName" time="16.937" classname="Test Cases/1612893/TC_36_Edit_UserName" status="PASSED">
         <system-out><![CDATA[2020-06-05 12:45:52 - [TEST_CASE][PASSED] - Test Cases/1612893/TC_36_Edit_UserName: Test Cases/1612893/TC_36_Edit_UserName

2020-06-05 12:45:52 - [TEST_STEP][PASSED] - openBrowser(""): Browser is opened with url: ''

2020-06-05 12:45:52 - [MESSAGE][INFO] - Starting 'Chrome' driver

2020-06-05 12:45:52 - [MESSAGE][INFO] - Action delay is set to 0 milliseconds

2020-06-05 12:45:55 - [MESSAGE][PASSED] - Browser is opened with url: ''

2020-06-05 12:45:55 - [TEST_STEP][PASSED] - navigateToUrl("http://localhost:8065/login"): Navigate to 'http://localhost:8065/login' successfully

2020-06-05 12:45:56 - [MESSAGE][PASSED] - Navigate to 'http://localhost:8065/login' successfully

2020-06-05 12:45:56 - [TEST_STEP][PASSED] - setText(findTestObject("Object Repository/1612893/36_Edit_UserName/Page_Mattermost/input_All team communication in one place s_703ef5"), "hcmus-cdnc@gmail.com"): Text 'hcmus-cdnc@gmail.com' is set on object 'Object Repository/1612893/36_Edit_UserName/Page_Mattermost/input_All team communication in one place s_703ef5'

2020-06-05 12:45:59 - [MESSAGE][PASSED] - Text 'hcmus-cdnc@gmail.com' is set on object 'Object Repository/1612893/36_Edit_UserName/Page_Mattermost/input_All team communication in one place s_703ef5'

2020-06-05 12:45:59 - [TEST_STEP][PASSED] - setEncryptedText(findTestObject("Object Repository/1612893/36_Edit_UserName/Page_Mattermost/input_All team communication in one place s_2f2733"), "aeHFOx8jV/A="): Text ****** has been set on object 'Object Repository/1612893/36_Edit_UserName/Page_Mattermost/input_All team communication in one place s_2f2733'

2020-06-05 12:45:59 - [MESSAGE][PASSED] - Text ****** has been set on object 'Object Repository/1612893/36_Edit_UserName/Page_Mattermost/input_All team communication in one place s_2f2733'

2020-06-05 12:45:59 - [TEST_STEP][PASSED] - click(findTestObject("Object Repository/1612893/36_Edit_UserName/Page_Mattermost/span_Sign in")): Object: 'Object Repository/1612893/36_Edit_UserName/Page_Mattermost/span_Sign in' is clicked on

2020-06-05 12:46:00 - [MESSAGE][PASSED] - Object: 'Object Repository/1612893/36_Edit_UserName/Page_Mattermost/span_Sign in' is clicked on

2020-06-05 12:46:00 - [TEST_STEP][PASSED] - click(findTestObject("Object Repository/1612893/36_Edit_UserName/Page_Thanh set Channel name - hcmus-cdnc-te_a699a0/span")): Object: 'Object Repository/1612893/36_Edit_UserName/Page_Thanh set Channel name - hcmus-cdnc-te_a699a0/span' is clicked on

2020-06-05 12:46:03 - [MESSAGE][PASSED] - Object: 'Object Repository/1612893/36_Edit_UserName/Page_Thanh set Channel name - hcmus-cdnc-te_a699a0/span' is clicked on

2020-06-05 12:46:03 - [TEST_STEP][PASSED] - click(findTestObject("Object Repository/1612893/36_Edit_UserName/Page_Thanh set Channel name - hcmus-cdnc-te_a699a0/span_Account Settings")): Object: 'Object Repository/1612893/36_Edit_UserName/Page_Thanh set Channel name - hcmus-cdnc-te_a699a0/span_Account Settings' is clicked on

2020-06-05 12:46:04 - [MESSAGE][PASSED] - Object: 'Object Repository/1612893/36_Edit_UserName/Page_Thanh set Channel name - hcmus-cdnc-te_a699a0/span_Account Settings' is clicked on

2020-06-05 12:46:04 - [TEST_STEP][PASSED] - click(findTestObject("Object Repository/1612893/36_Edit_UserName/Page_Thanh set Channel name - hcmus-cdnc-te_a699a0/span_Edit")): Object: 'Object Repository/1612893/36_Edit_UserName/Page_Thanh set Channel name - hcmus-cdnc-te_a699a0/span_Edit' is clicked on

2020-06-05 12:46:05 - [MESSAGE][PASSED] - Object: 'Object Repository/1612893/36_Edit_UserName/Page_Thanh set Channel name - hcmus-cdnc-te_a699a0/span_Edit' is clicked on

2020-06-05 12:46:05 - [TEST_STEP][PASSED] - setText(findTestObject("Object Repository/1612893/36_Edit_UserName/Page_Thanh set Channel name - hcmus-cdnc-te_a699a0/input_Username_username"), userName): Text 'truc' is set on object 'Object Repository/1612893/36_Edit_UserName/Page_Thanh set Channel name - hcmus-cdnc-te_a699a0/input_Username_username'

2020-06-05 12:46:06 - [MESSAGE][PASSED] - Text 'truc' is set on object 'Object Repository/1612893/36_Edit_UserName/Page_Thanh set Channel name - hcmus-cdnc-te_a699a0/input_Username_username'

2020-06-05 12:46:06 - [TEST_STEP][PASSED] - click(findTestObject("Object Repository/1612893/36_Edit_UserName/Page_Thanh set Channel name - hcmus-cdnc-te_a699a0/span_Save")): Object: 'Object Repository/1612893/36_Edit_UserName/Page_Thanh set Channel name - hcmus-cdnc-te_a699a0/span_Save' is clicked on

2020-06-05 12:46:07 - [MESSAGE][PASSED] - Object: 'Object Repository/1612893/36_Edit_UserName/Page_Thanh set Channel name - hcmus-cdnc-te_a699a0/span_Save' is clicked on

2020-06-05 12:46:07 - [TEST_STEP][PASSED] - click(findTestObject("Object Repository/1612893/36_Edit_UserName/Page_Thanh set Channel name - hcmus-cdnc-te_a699a0/span_")): Object: 'Object Repository/1612893/36_Edit_UserName/Page_Thanh set Channel name - hcmus-cdnc-te_a699a0/span_' is clicked on

2020-06-05 12:46:08 - [MESSAGE][PASSED] - Object: 'Object Repository/1612893/36_Edit_UserName/Page_Thanh set Channel name - hcmus-cdnc-te_a699a0/span_' is clicked on

2020-06-05 12:46:08 - [TEST_STEP][PASSED] - closeBrowser(): Browser is closed

2020-06-05 12:46:08 - [MESSAGE][PASSED] - Browser is closed]]></system-out>
         <system-err><![CDATA[]]></system-err>
      </testcase>
      <testcase name="Test Cases/1612893/TC_36_Edit_UserName" time="17.72" classname="Test Cases/1612893/TC_36_Edit_UserName" status="PASSED">
         <system-out><![CDATA[2020-06-05 12:46:09 - [TEST_CASE][PASSED] - Test Cases/1612893/TC_36_Edit_UserName: Test Cases/1612893/TC_36_Edit_UserName

2020-06-05 12:46:09 - [TEST_STEP][PASSED] - openBrowser(""): Browser is opened with url: ''

2020-06-05 12:46:09 - [MESSAGE][INFO] - Starting 'Chrome' driver

2020-06-05 12:46:09 - [MESSAGE][INFO] - Action delay is set to 0 milliseconds

2020-06-05 12:46:12 - [MESSAGE][PASSED] - Browser is opened with url: ''

2020-06-05 12:46:12 - [TEST_STEP][PASSED] - navigateToUrl("http://localhost:8065/login"): Navigate to 'http://localhost:8065/login' successfully

2020-06-05 12:46:14 - [MESSAGE][PASSED] - Navigate to 'http://localhost:8065/login' successfully

2020-06-05 12:46:14 - [TEST_STEP][PASSED] - setText(findTestObject("Object Repository/1612893/36_Edit_UserName/Page_Mattermost/input_All team communication in one place s_703ef5"), "hcmus-cdnc@gmail.com"): Text 'hcmus-cdnc@gmail.com' is set on object 'Object Repository/1612893/36_Edit_UserName/Page_Mattermost/input_All team communication in one place s_703ef5'

2020-06-05 12:46:16 - [MESSAGE][PASSED] - Text 'hcmus-cdnc@gmail.com' is set on object 'Object Repository/1612893/36_Edit_UserName/Page_Mattermost/input_All team communication in one place s_703ef5'

2020-06-05 12:46:16 - [TEST_STEP][PASSED] - setEncryptedText(findTestObject("Object Repository/1612893/36_Edit_UserName/Page_Mattermost/input_All team communication in one place s_2f2733"), "aeHFOx8jV/A="): Text ****** has been set on object 'Object Repository/1612893/36_Edit_UserName/Page_Mattermost/input_All team communication in one place s_2f2733'

2020-06-05 12:46:17 - [MESSAGE][PASSED] - Text ****** has been set on object 'Object Repository/1612893/36_Edit_UserName/Page_Mattermost/input_All team communication in one place s_2f2733'

2020-06-05 12:46:17 - [TEST_STEP][PASSED] - click(findTestObject("Object Repository/1612893/36_Edit_UserName/Page_Mattermost/span_Sign in")): Object: 'Object Repository/1612893/36_Edit_UserName/Page_Mattermost/span_Sign in' is clicked on

2020-06-05 12:46:17 - [MESSAGE][PASSED] - Object: 'Object Repository/1612893/36_Edit_UserName/Page_Mattermost/span_Sign in' is clicked on

2020-06-05 12:46:17 - [TEST_STEP][PASSED] - click(findTestObject("Object Repository/1612893/36_Edit_UserName/Page_Thanh set Channel name - hcmus-cdnc-te_a699a0/span")): Object: 'Object Repository/1612893/36_Edit_UserName/Page_Thanh set Channel name - hcmus-cdnc-te_a699a0/span' is clicked on

2020-06-05 12:46:21 - [MESSAGE][PASSED] - Object: 'Object Repository/1612893/36_Edit_UserName/Page_Thanh set Channel name - hcmus-cdnc-te_a699a0/span' is clicked on

2020-06-05 12:46:21 - [TEST_STEP][PASSED] - click(findTestObject("Object Repository/1612893/36_Edit_UserName/Page_Thanh set Channel name - hcmus-cdnc-te_a699a0/span_Account Settings")): Object: 'Object Repository/1612893/36_Edit_UserName/Page_Thanh set Channel name - hcmus-cdnc-te_a699a0/span_Account Settings' is clicked on

2020-06-05 12:46:22 - [MESSAGE][PASSED] - Object: 'Object Repository/1612893/36_Edit_UserName/Page_Thanh set Channel name - hcmus-cdnc-te_a699a0/span_Account Settings' is clicked on

2020-06-05 12:46:22 - [TEST_STEP][PASSED] - click(findTestObject("Object Repository/1612893/36_Edit_UserName/Page_Thanh set Channel name - hcmus-cdnc-te_a699a0/span_Edit")): Object: 'Object Repository/1612893/36_Edit_UserName/Page_Thanh set Channel name - hcmus-cdnc-te_a699a0/span_Edit' is clicked on

2020-06-05 12:46:23 - [MESSAGE][PASSED] - Object: 'Object Repository/1612893/36_Edit_UserName/Page_Thanh set Channel name - hcmus-cdnc-te_a699a0/span_Edit' is clicked on

2020-06-05 12:46:23 - [TEST_STEP][PASSED] - setText(findTestObject("Object Repository/1612893/36_Edit_UserName/Page_Thanh set Channel name - hcmus-cdnc-te_a699a0/input_Username_username"), userName): Text 'anh' is set on object 'Object Repository/1612893/36_Edit_UserName/Page_Thanh set Channel name - hcmus-cdnc-te_a699a0/input_Username_username'

2020-06-05 12:46:24 - [MESSAGE][PASSED] - Text 'anh' is set on object 'Object Repository/1612893/36_Edit_UserName/Page_Thanh set Channel name - hcmus-cdnc-te_a699a0/input_Username_username'

2020-06-05 12:46:24 - [TEST_STEP][PASSED] - click(findTestObject("Object Repository/1612893/36_Edit_UserName/Page_Thanh set Channel name - hcmus-cdnc-te_a699a0/span_Save")): Object: 'Object Repository/1612893/36_Edit_UserName/Page_Thanh set Channel name - hcmus-cdnc-te_a699a0/span_Save' is clicked on

2020-06-05 12:46:24 - [MESSAGE][PASSED] - Object: 'Object Repository/1612893/36_Edit_UserName/Page_Thanh set Channel name - hcmus-cdnc-te_a699a0/span_Save' is clicked on

2020-06-05 12:46:24 - [TEST_STEP][PASSED] - click(findTestObject("Object Repository/1612893/36_Edit_UserName/Page_Thanh set Channel name - hcmus-cdnc-te_a699a0/span_")): Object: 'Object Repository/1612893/36_Edit_UserName/Page_Thanh set Channel name - hcmus-cdnc-te_a699a0/span_' is clicked on

2020-06-05 12:46:25 - [MESSAGE][PASSED] - Object: 'Object Repository/1612893/36_Edit_UserName/Page_Thanh set Channel name - hcmus-cdnc-te_a699a0/span_' is clicked on

2020-06-05 12:46:25 - [TEST_STEP][PASSED] - closeBrowser(): Browser is closed

2020-06-05 12:46:26 - [MESSAGE][PASSED] - Browser is closed]]></system-out>
         <system-err><![CDATA[]]></system-err>
      </testcase>
      <testcase name="Test Cases/1612893/TC_36_Edit_UserName" time="17.285" classname="Test Cases/1612893/TC_36_Edit_UserName" status="PASSED">
         <system-out><![CDATA[2020-06-05 12:46:26 - [TEST_CASE][PASSED] - Test Cases/1612893/TC_36_Edit_UserName: Test Cases/1612893/TC_36_Edit_UserName

2020-06-05 12:46:26 - [TEST_STEP][PASSED] - openBrowser(""): Browser is opened with url: ''

2020-06-05 12:46:26 - [MESSAGE][INFO] - Starting 'Chrome' driver

2020-06-05 12:46:26 - [MESSAGE][INFO] - Action delay is set to 0 milliseconds

2020-06-05 12:46:30 - [MESSAGE][PASSED] - Browser is opened with url: ''

2020-06-05 12:46:30 - [TEST_STEP][PASSED] - navigateToUrl("http://localhost:8065/login"): Navigate to 'http://localhost:8065/login' successfully

2020-06-05 12:46:31 - [MESSAGE][PASSED] - Navigate to 'http://localhost:8065/login' successfully

2020-06-05 12:46:31 - [TEST_STEP][PASSED] - setText(findTestObject("Object Repository/1612893/36_Edit_UserName/Page_Mattermost/input_All team communication in one place s_703ef5"), "hcmus-cdnc@gmail.com"): Text 'hcmus-cdnc@gmail.com' is set on object 'Object Repository/1612893/36_Edit_UserName/Page_Mattermost/input_All team communication in one place s_703ef5'

2020-06-05 12:46:33 - [MESSAGE][PASSED] - Text 'hcmus-cdnc@gmail.com' is set on object 'Object Repository/1612893/36_Edit_UserName/Page_Mattermost/input_All team communication in one place s_703ef5'

2020-06-05 12:46:33 - [TEST_STEP][PASSED] - setEncryptedText(findTestObject("Object Repository/1612893/36_Edit_UserName/Page_Mattermost/input_All team communication in one place s_2f2733"), "aeHFOx8jV/A="): Text ****** has been set on object 'Object Repository/1612893/36_Edit_UserName/Page_Mattermost/input_All team communication in one place s_2f2733'

2020-06-05 12:46:34 - [MESSAGE][PASSED] - Text ****** has been set on object 'Object Repository/1612893/36_Edit_UserName/Page_Mattermost/input_All team communication in one place s_2f2733'

2020-06-05 12:46:34 - [TEST_STEP][PASSED] - click(findTestObject("Object Repository/1612893/36_Edit_UserName/Page_Mattermost/span_Sign in")): Object: 'Object Repository/1612893/36_Edit_UserName/Page_Mattermost/span_Sign in' is clicked on

2020-06-05 12:46:34 - [MESSAGE][PASSED] - Object: 'Object Repository/1612893/36_Edit_UserName/Page_Mattermost/span_Sign in' is clicked on

2020-06-05 12:46:34 - [TEST_STEP][PASSED] - click(findTestObject("Object Repository/1612893/36_Edit_UserName/Page_Thanh set Channel name - hcmus-cdnc-te_a699a0/span")): Object: 'Object Repository/1612893/36_Edit_UserName/Page_Thanh set Channel name - hcmus-cdnc-te_a699a0/span' is clicked on

2020-06-05 12:46:38 - [MESSAGE][PASSED] - Object: 'Object Repository/1612893/36_Edit_UserName/Page_Thanh set Channel name - hcmus-cdnc-te_a699a0/span' is clicked on

2020-06-05 12:46:38 - [TEST_STEP][PASSED] - click(findTestObject("Object Repository/1612893/36_Edit_UserName/Page_Thanh set Channel name - hcmus-cdnc-te_a699a0/span_Account Settings")): Object: 'Object Repository/1612893/36_Edit_UserName/Page_Thanh set Channel name - hcmus-cdnc-te_a699a0/span_Account Settings' is clicked on

2020-06-05 12:46:39 - [MESSAGE][PASSED] - Object: 'Object Repository/1612893/36_Edit_UserName/Page_Thanh set Channel name - hcmus-cdnc-te_a699a0/span_Account Settings' is clicked on

2020-06-05 12:46:39 - [TEST_STEP][PASSED] - click(findTestObject("Object Repository/1612893/36_Edit_UserName/Page_Thanh set Channel name - hcmus-cdnc-te_a699a0/span_Edit")): Object: 'Object Repository/1612893/36_Edit_UserName/Page_Thanh set Channel name - hcmus-cdnc-te_a699a0/span_Edit' is clicked on

2020-06-05 12:46:40 - [MESSAGE][PASSED] - Object: 'Object Repository/1612893/36_Edit_UserName/Page_Thanh set Channel name - hcmus-cdnc-te_a699a0/span_Edit' is clicked on

2020-06-05 12:46:40 - [TEST_STEP][PASSED] - setText(findTestObject("Object Repository/1612893/36_Edit_UserName/Page_Thanh set Channel name - hcmus-cdnc-te_a699a0/input_Username_username"), userName): Text 'hcmus-cdnc' is set on object 'Object Repository/1612893/36_Edit_UserName/Page_Thanh set Channel name - hcmus-cdnc-te_a699a0/input_Username_username'

2020-06-05 12:46:41 - [MESSAGE][PASSED] - Text 'hcmus-cdnc' is set on object 'Object Repository/1612893/36_Edit_UserName/Page_Thanh set Channel name - hcmus-cdnc-te_a699a0/input_Username_username'

2020-06-05 12:46:41 - [TEST_STEP][PASSED] - click(findTestObject("Object Repository/1612893/36_Edit_UserName/Page_Thanh set Channel name - hcmus-cdnc-te_a699a0/span_Save")): Object: 'Object Repository/1612893/36_Edit_UserName/Page_Thanh set Channel name - hcmus-cdnc-te_a699a0/span_Save' is clicked on

2020-06-05 12:46:42 - [MESSAGE][PASSED] - Object: 'Object Repository/1612893/36_Edit_UserName/Page_Thanh set Channel name - hcmus-cdnc-te_a699a0/span_Save' is clicked on

2020-06-05 12:46:42 - [TEST_STEP][PASSED] - click(findTestObject("Object Repository/1612893/36_Edit_UserName/Page_Thanh set Channel name - hcmus-cdnc-te_a699a0/span_")): Object: 'Object Repository/1612893/36_Edit_UserName/Page_Thanh set Channel name - hcmus-cdnc-te_a699a0/span_' is clicked on

2020-06-05 12:46:43 - [MESSAGE][PASSED] - Object: 'Object Repository/1612893/36_Edit_UserName/Page_Thanh set Channel name - hcmus-cdnc-te_a699a0/span_' is clicked on

2020-06-05 12:46:43 - [TEST_STEP][PASSED] - closeBrowser(): Browser is closed

2020-06-05 12:46:44 - [MESSAGE][PASSED] - Browser is closed]]></system-out>
         <system-err><![CDATA[]]></system-err>
      </testcase>
      <testcase name="Test Cases/1612893/TC_37_Set_a_header" time="55.611" classname="Test Cases/1612893/TC_37_Set_a_header" status="FAILED">
         <failure type="FAILED" message="Test Cases/1612893/TC_37_Set_a_header FAILED.
Reason:
com.kms.katalon.core.exception.StepFailedException: Unable to click on object 'Object Repository/1612893/37_Set_a_header/Page_Thanh set Channel name - hcmus-cdnc-te_a699a0/button_Set a Header'
	at com.kms.katalon.core.webui.keyword.internal.WebUIKeywordMain.stepFailed(WebUIKeywordMain.groovy:64)
	at com.kms.katalon.core.webui.keyword.internal.WebUIKeywordMain.runKeyword(WebUIKeywordMain.groovy:26)
	at com.kms.katalon.core.webui.keyword.builtin.ClickKeyword.click(ClickKeyword.groovy:76)
	at com.kms.katalon.core.webui.keyword.builtin.ClickKeyword.execute(ClickKeyword.groovy:43)
	at com.kms.katalon.core.keyword.internal.KeywordExecutor.executeKeywordForPlatform(KeywordExecutor.groovy:72)
	at com.kms.katalon.core.webui.keyword.WebUiBuiltInKeywords.click(WebUiBuiltInKeywords.groovy:616)
	at com.kms.katalon.core.webui.keyword.WebUiBuiltInKeywords$click$3.call(Unknown Source)
	at TC_37_Set_a_header.run(TC_37_Set_a_header:32)
	at com.kms.katalon.core.main.ScriptEngine.run(ScriptEngine.java:194)
	at com.kms.katalon.core.main.ScriptEngine.runScriptAsRawText(ScriptEngine.java:119)
	at com.kms.katalon.core.main.TestCaseExecutor.runScript(TestCaseExecutor.java:337)
	at com.kms.katalon.core.main.TestCaseExecutor.doExecute(TestCaseExecutor.java:328)
	at com.kms.katalon.core.main.TestCaseExecutor.processExecutionPhase(TestCaseExecutor.java:307)
	at com.kms.katalon.core.main.TestCaseExecutor.accessMainPhase(TestCaseExecutor.java:299)
	at com.kms.katalon.core.main.TestCaseExecutor.execute(TestCaseExecutor.java:233)
	at com.kms.katalon.core.main.TestSuiteExecutor.accessTestCaseMainPhase(TestSuiteExecutor.java:169)
	at com.kms.katalon.core.main.TestSuiteExecutor.accessTestSuiteMainPhase(TestSuiteExecutor.java:142)
	at com.kms.katalon.core.main.TestSuiteExecutor.execute(TestSuiteExecutor.java:91)
	at com.kms.katalon.core.main.TestCaseMain.startTestSuite(TestCaseMain.java:157)
	at com.kms.katalon.core.main.TestCaseMain$startTestSuite$0.call(Unknown Source)
	at TempTestSuite1591335489835.run(TempTestSuite1591335489835.groovy:37)
Caused by: com.kms.katalon.core.webui.exception.WebElementNotFoundException: Web element with id: 'Object Repository/1612893/37_Set_a_header/Page_Thanh set Channel name - hcmus-cdnc-te_a699a0/button_Set a Header' located by 'By.xpath: //div[@id='channelIntro']/button[2]' not found
	at com.kms.katalon.core.webui.common.WebUiCommonHelper.findWebElement(WebUiCommonHelper.java:1154)
	at com.kms.katalon.core.webui.keyword.internal.WebUIAbstractKeyword.findWebElement(WebUIAbstractKeyword.groovy:27)
	at com.kms.katalon.core.webui.keyword.internal.WebUIAbstractKeyword.findWebElement(WebUIAbstractKeyword.groovy:26)
	at com.kms.katalon.core.webui.keyword.builtin.ClickKeyword$_click_closure1.doCall(ClickKeyword.groovy:67)
	at com.kms.katalon.core.webui.keyword.builtin.ClickKeyword$_click_closure1.call(ClickKeyword.groovy)
	at com.kms.katalon.core.webui.keyword.internal.WebUIKeywordMain.runKeyword(WebUIKeywordMain.groovy:20)
	... 19 more
"/>
         <system-out><![CDATA[2020-06-05 12:46:44 - [TEST_CASE][FAILED] - Test Cases/1612893/TC_37_Set_a_header: Test Cases/1612893/TC_37_Set_a_header FAILED.
Reason:
com.kms.katalon.core.exception.StepFailedException: Unable to click on object 'Object Repository/1612893/37_Set_a_header/Page_Thanh set Channel name - hcmus-cdnc-te_a699a0/button_Set a Header'
	at com.kms.katalon.core.webui.keyword.internal.WebUIKeywordMain.stepFailed(WebUIKeywordMain.groovy:64)
	at com.kms.katalon.core.webui.keyword.internal.WebUIKeywordMain.runKeyword(WebUIKeywordMain.groovy:26)
	at com.kms.katalon.core.webui.keyword.builtin.ClickKeyword.click(ClickKeyword.groovy:76)
	at com.kms.katalon.core.webui.keyword.builtin.ClickKeyword.execute(ClickKeyword.groovy:43)
	at com.kms.katalon.core.keyword.internal.KeywordExecutor.executeKeywordForPlatform(KeywordExecutor.groovy:72)
	at com.kms.katalon.core.webui.keyword.WebUiBuiltInKeywords.click(WebUiBuiltInKeywords.groovy:616)
	at com.kms.katalon.core.webui.keyword.WebUiBuiltInKeywords$click$3.call(Unknown Source)
	at TC_37_Set_a_header.run(TC_37_Set_a_header:32)
	at com.kms.katalon.core.main.ScriptEngine.run(ScriptEngine.java:194)
	at com.kms.katalon.core.main.ScriptEngine.runScriptAsRawText(ScriptEngine.java:119)
	at com.kms.katalon.core.main.TestCaseExecutor.runScript(TestCaseExecutor.java:337)
	at com.kms.katalon.core.main.TestCaseExecutor.doExecute(TestCaseExecutor.java:328)
	at com.kms.katalon.core.main.TestCaseExecutor.processExecutionPhase(TestCaseExecutor.java:307)
	at com.kms.katalon.core.main.TestCaseExecutor.accessMainPhase(TestCaseExecutor.java:299)
	at com.kms.katalon.core.main.TestCaseExecutor.execute(TestCaseExecutor.java:233)
	at com.kms.katalon.core.main.TestSuiteExecutor.accessTestCaseMainPhase(TestSuiteExecutor.java:169)
	at com.kms.katalon.core.main.TestSuiteExecutor.accessTestSuiteMainPhase(TestSuiteExecutor.java:142)
	at com.kms.katalon.core.main.TestSuiteExecutor.execute(TestSuiteExecutor.java:91)
	at com.kms.katalon.core.main.TestCaseMain.startTestSuite(TestCaseMain.java:157)
	at com.kms.katalon.core.main.TestCaseMain$startTestSuite$0.call(Unknown Source)
	at TempTestSuite1591335489835.run(TempTestSuite1591335489835.groovy:37)
Caused by: com.kms.katalon.core.webui.exception.WebElementNotFoundException: Web element with id: 'Object Repository/1612893/37_Set_a_header/Page_Thanh set Channel name - hcmus-cdnc-te_a699a0/button_Set a Header' located by 'By.xpath: //div[@id='channelIntro']/button[2]' not found
	at com.kms.katalon.core.webui.common.WebUiCommonHelper.findWebElement(WebUiCommonHelper.java:1154)
	at com.kms.katalon.core.webui.keyword.internal.WebUIAbstractKeyword.findWebElement(WebUIAbstractKeyword.groovy:27)
	at com.kms.katalon.core.webui.keyword.internal.WebUIAbstractKeyword.findWebElement(WebUIAbstractKeyword.groovy:26)
	at com.kms.katalon.core.webui.keyword.builtin.ClickKeyword$_click_closure1.doCall(ClickKeyword.groovy:67)
	at com.kms.katalon.core.webui.keyword.builtin.ClickKeyword$_click_closure1.call(ClickKeyword.groovy)
	at com.kms.katalon.core.webui.keyword.internal.WebUIKeywordMain.runKeyword(WebUIKeywordMain.groovy:20)
	... 19 more


2020-06-05 12:46:44 - [TEST_STEP][PASSED] - openBrowser(""): Browser is opened with url: ''

2020-06-05 12:46:44 - [MESSAGE][INFO] - Starting 'Chrome' driver

2020-06-05 12:46:44 - [MESSAGE][INFO] - Action delay is set to 0 milliseconds

2020-06-05 12:46:47 - [MESSAGE][PASSED] - Browser is opened with url: ''

2020-06-05 12:46:47 - [TEST_STEP][PASSED] - navigateToUrl("http://localhost:8065/login"): Navigate to 'http://localhost:8065/login' successfully

2020-06-05 12:46:49 - [MESSAGE][PASSED] - Navigate to 'http://localhost:8065/login' successfully

2020-06-05 12:46:49 - [TEST_STEP][PASSED] - setText(findTestObject("Object Repository/1612893/37_Set_a_header/Page_Mattermost/input_All team communication in one place s_703ef5"), "hcmus-cdnc"): Text 'hcmus-cdnc' is set on object 'Object Repository/1612893/37_Set_a_header/Page_Mattermost/input_All team communication in one place s_703ef5'

2020-06-05 12:46:51 - [MESSAGE][PASSED] - Text 'hcmus-cdnc' is set on object 'Object Repository/1612893/37_Set_a_header/Page_Mattermost/input_All team communication in one place s_703ef5'

2020-06-05 12:46:51 - [TEST_STEP][PASSED] - setEncryptedText(findTestObject("Object Repository/1612893/37_Set_a_header/Page_Mattermost/input_All team communication in one place s_2f2733"), "aeHFOx8jV/A="): Text ****** has been set on object 'Object Repository/1612893/37_Set_a_header/Page_Mattermost/input_All team communication in one place s_2f2733'

2020-06-05 12:46:51 - [MESSAGE][PASSED] - Text ****** has been set on object 'Object Repository/1612893/37_Set_a_header/Page_Mattermost/input_All team communication in one place s_2f2733'

2020-06-05 12:46:51 - [TEST_STEP][PASSED] - sendKeys(findTestObject("Object Repository/1612893/37_Set_a_header/Page_Mattermost/input_All team communication in one place s_2f2733"), Keys.chord(ENTER)): Keys 'ENTER + ' sent to object: 'Object Repository/1612893/37_Set_a_header/Page_Mattermost/input_All team communication in one place s_2f2733'

2020-06-05 12:46:52 - [MESSAGE][PASSED] - Keys 'ENTER + ' sent to object: 'Object Repository/1612893/37_Set_a_header/Page_Mattermost/input_All team communication in one place s_2f2733'

2020-06-05 12:46:52 - [TEST_STEP][FAILED] - click(findTestObject("Object Repository/1612893/37_Set_a_header/Page_Thanh set Channel name - hcmus-cdnc-te_a699a0/button_Set a Header")): Unable to click on object 'Object Repository/1612893/37_Set_a_header/Page_Thanh set Channel name - hcmus-cdnc-te_a699a0/button_Set a Header' (Root cause: com.kms.katalon.core.exception.StepFailedException: Unable to click on object 'Object Repository/1612893/37_Set_a_header/Page_Thanh set Channel name - hcmus-cdnc-te_a699a0/button_Set a Header'
	at com.kms.katalon.core.webui.keyword.internal.WebUIKeywordMain.stepFailed(WebUIKeywordMain.groovy:64)
	at com.kms.katalon.core.webui.keyword.internal.WebUIKeywordMain.runKeyword(WebUIKeywordMain.groovy:26)
	at com.kms.katalon.core.webui.keyword.builtin.ClickKeyword.click(ClickKeyword.groovy:76)
	at com.kms.katalon.core.webui.keyword.builtin.ClickKeyword.execute(ClickKeyword.groovy:43)
	at com.kms.katalon.core.keyword.internal.KeywordExecutor.executeKeywordForPlatform(KeywordExecutor.groovy:72)
	at com.kms.katalon.core.webui.keyword.WebUiBuiltInKeywords.click(WebUiBuiltInKeywords.groovy:616)
	at com.kms.katalon.core.webui.keyword.WebUiBuiltInKeywords$click$3.call(Unknown Source)
	at TC_37_Set_a_header.run(TC_37_Set_a_header:32)
	at com.kms.katalon.core.main.ScriptEngine.run(ScriptEngine.java:194)
	at com.kms.katalon.core.main.ScriptEngine.runScriptAsRawText(ScriptEngine.java:119)
	at com.kms.katalon.core.main.TestCaseExecutor.runScript(TestCaseExecutor.java:337)
	at com.kms.katalon.core.main.TestCaseExecutor.doExecute(TestCaseExecutor.java:328)
	at com.kms.katalon.core.main.TestCaseExecutor.processExecutionPhase(TestCaseExecutor.java:307)
	at com.kms.katalon.core.main.TestCaseExecutor.accessMainPhase(TestCaseExecutor.java:299)
	at com.kms.katalon.core.main.TestCaseExecutor.execute(TestCaseExecutor.java:233)
	at com.kms.katalon.core.main.TestSuiteExecutor.accessTestCaseMainPhase(TestSuiteExecutor.java:169)
	at com.kms.katalon.core.main.TestSuiteExecutor.accessTestSuiteMainPhase(TestSuiteExecutor.java:142)
	at com.kms.katalon.core.main.TestSuiteExecutor.execute(TestSuiteExecutor.java:91)
	at com.kms.katalon.core.main.TestCaseMain.startTestSuite(TestCaseMain.java:157)
	at com.kms.katalon.core.main.TestCaseMain$startTestSuite$0.call(Unknown Source)
	at TempTestSuite1591335489835.run(TempTestSuite1591335489835.groovy:37)
Caused by: com.kms.katalon.core.webui.exception.WebElementNotFoundException: Web element with id: 'Object Repository/1612893/37_Set_a_header/Page_Thanh set Channel name - hcmus-cdnc-te_a699a0/button_Set a Header' located by 'By.xpath: //div[@id='channelIntro']/button[2]' not found
	at com.kms.katalon.core.webui.common.WebUiCommonHelper.findWebElement(WebUiCommonHelper.java:1154)
	at com.kms.katalon.core.webui.keyword.internal.WebUIAbstractKeyword.findWebElement(WebUIAbstractKeyword.groovy:27)
	at com.kms.katalon.core.webui.keyword.internal.WebUIAbstractKeyword.findWebElement(WebUIAbstractKeyword.groovy:26)
	at com.kms.katalon.core.webui.keyword.builtin.ClickKeyword$_click_closure1.doCall(ClickKeyword.groovy:67)
	at com.kms.katalon.core.webui.keyword.builtin.ClickKeyword$_click_closure1.call(ClickKeyword.groovy)
	at com.kms.katalon.core.webui.keyword.internal.WebUIKeywordMain.runKeyword(WebUIKeywordMain.groovy:20)
	at com.kms.katalon.core.webui.keyword.builtin.ClickKeyword.click(ClickKeyword.groovy:76)
	at com.kms.katalon.core.webui.keyword.builtin.ClickKeyword.execute(ClickKeyword.groovy:43)
	at com.kms.katalon.core.keyword.internal.KeywordExecutor.executeKeywordForPlatform(KeywordExecutor.groovy:72)
	at com.kms.katalon.core.webui.keyword.WebUiBuiltInKeywords.click(WebUiBuiltInKeywords.groovy:616)
	at com.kms.katalon.core.webui.keyword.WebUiBuiltInKeywords$click$3.call(Unknown Source)
	at Script1591173004583.run(Script1591173004583.groovy:32)
	... 13 more
)

2020-06-05 12:47:39 - [MESSAGE][INFO] - Unable to find the element located by 'By.xpath: //div[@id='channelIntro']/button[2]'. Please recheck the objects properties to make sure the desired element is located. 

2020-06-05 12:47:39 - [MESSAGE][FAILED] - Unable to click on object 'Object Repository/1612893/37_Set_a_header/Page_Thanh set Channel name - hcmus-cdnc-te_a699a0/button_Set a Header' (Root cause: com.kms.katalon.core.exception.StepFailedException: Unable to click on object 'Object Repository/1612893/37_Set_a_header/Page_Thanh set Channel name - hcmus-cdnc-te_a699a0/button_Set a Header'
	at com.kms.katalon.core.webui.keyword.internal.WebUIKeywordMain.stepFailed(WebUIKeywordMain.groovy:64)
	at com.kms.katalon.core.webui.keyword.internal.WebUIKeywordMain.runKeyword(WebUIKeywordMain.groovy:26)
	at com.kms.katalon.core.webui.keyword.builtin.ClickKeyword.click(ClickKeyword.groovy:76)
	at com.kms.katalon.core.webui.keyword.builtin.ClickKeyword.execute(ClickKeyword.groovy:43)
	at com.kms.katalon.core.keyword.internal.KeywordExecutor.executeKeywordForPlatform(KeywordExecutor.groovy:72)
	at com.kms.katalon.core.webui.keyword.WebUiBuiltInKeywords.click(WebUiBuiltInKeywords.groovy:616)
	at com.kms.katalon.core.webui.keyword.WebUiBuiltInKeywords$click$3.call(Unknown Source)
	at TC_37_Set_a_header.run(TC_37_Set_a_header:32)
	at com.kms.katalon.core.main.ScriptEngine.run(ScriptEngine.java:194)
	at com.kms.katalon.core.main.ScriptEngine.runScriptAsRawText(ScriptEngine.java:119)
	at com.kms.katalon.core.main.TestCaseExecutor.runScript(TestCaseExecutor.java:337)
	at com.kms.katalon.core.main.TestCaseExecutor.doExecute(TestCaseExecutor.java:328)
	at com.kms.katalon.core.main.TestCaseExecutor.processExecutionPhase(TestCaseExecutor.java:307)
	at com.kms.katalon.core.main.TestCaseExecutor.accessMainPhase(TestCaseExecutor.java:299)
	at com.kms.katalon.core.main.TestCaseExecutor.execute(TestCaseExecutor.java:233)
	at com.kms.katalon.core.main.TestSuiteExecutor.accessTestCaseMainPhase(TestSuiteExecutor.java:169)
	at com.kms.katalon.core.main.TestSuiteExecutor.accessTestSuiteMainPhase(TestSuiteExecutor.java:142)
	at com.kms.katalon.core.main.TestSuiteExecutor.execute(TestSuiteExecutor.java:91)
	at com.kms.katalon.core.main.TestCaseMain.startTestSuite(TestCaseMain.java:157)
	at com.kms.katalon.core.main.TestCaseMain$startTestSuite$0.call(Unknown Source)
	at TempTestSuite1591335489835.run(TempTestSuite1591335489835.groovy:37)
Caused by: com.kms.katalon.core.webui.exception.WebElementNotFoundException: Web element with id: 'Object Repository/1612893/37_Set_a_header/Page_Thanh set Channel name - hcmus-cdnc-te_a699a0/button_Set a Header' located by 'By.xpath: //div[@id='channelIntro']/button[2]' not found
	at com.kms.katalon.core.webui.common.WebUiCommonHelper.findWebElement(WebUiCommonHelper.java:1154)
	at com.kms.katalon.core.webui.keyword.internal.WebUIAbstractKeyword.findWebElement(WebUIAbstractKeyword.groovy:27)
	at com.kms.katalon.core.webui.keyword.internal.WebUIAbstractKeyword.findWebElement(WebUIAbstractKeyword.groovy:26)
	at com.kms.katalon.core.webui.keyword.builtin.ClickKeyword$_click_closure1.doCall(ClickKeyword.groovy:67)
	at com.kms.katalon.core.webui.keyword.builtin.ClickKeyword$_click_closure1.call(ClickKeyword.groovy)
	at com.kms.katalon.core.webui.keyword.internal.WebUIKeywordMain.runKeyword(WebUIKeywordMain.groovy:20)
	at com.kms.katalon.core.webui.keyword.builtin.ClickKeyword.click(ClickKeyword.groovy:76)
	at com.kms.katalon.core.webui.keyword.builtin.ClickKeyword.execute(ClickKeyword.groovy:43)
	at com.kms.katalon.core.keyword.internal.KeywordExecutor.executeKeywordForPlatform(KeywordExecutor.groovy:72)
	at com.kms.katalon.core.webui.keyword.WebUiBuiltInKeywords.click(WebUiBuiltInKeywords.groovy:616)
	at com.kms.katalon.core.webui.keyword.WebUiBuiltInKeywords$click$3.call(Unknown Source)
	at Script1591173004583.run(Script1591173004583.groovy:32)
	... 13 more
)
[[ATTACHMENT|C:\\Users\\Thanh\\Desktop\\github.com\\New folder (2)\\homeword02-mattermost-katalon\\Reports\\20200605_123809\\Run all test cases\\20200605_123809\\1591336059341.png]]]]></system-out>
         <system-err><![CDATA[2020-06-05 12:46:44 - [TEST_CASE][FAILED] - Test Cases/1612893/TC_37_Set_a_header: Test Cases/1612893/TC_37_Set_a_header FAILED.
Reason:
com.kms.katalon.core.exception.StepFailedException: Unable to click on object 'Object Repository/1612893/37_Set_a_header/Page_Thanh set Channel name - hcmus-cdnc-te_a699a0/button_Set a Header'
	at com.kms.katalon.core.webui.keyword.internal.WebUIKeywordMain.stepFailed(WebUIKeywordMain.groovy:64)
	at com.kms.katalon.core.webui.keyword.internal.WebUIKeywordMain.runKeyword(WebUIKeywordMain.groovy:26)
	at com.kms.katalon.core.webui.keyword.builtin.ClickKeyword.click(ClickKeyword.groovy:76)
	at com.kms.katalon.core.webui.keyword.builtin.ClickKeyword.execute(ClickKeyword.groovy:43)
	at com.kms.katalon.core.keyword.internal.KeywordExecutor.executeKeywordForPlatform(KeywordExecutor.groovy:72)
	at com.kms.katalon.core.webui.keyword.WebUiBuiltInKeywords.click(WebUiBuiltInKeywords.groovy:616)
	at com.kms.katalon.core.webui.keyword.WebUiBuiltInKeywords$click$3.call(Unknown Source)
	at TC_37_Set_a_header.run(TC_37_Set_a_header:32)
	at com.kms.katalon.core.main.ScriptEngine.run(ScriptEngine.java:194)
	at com.kms.katalon.core.main.ScriptEngine.runScriptAsRawText(ScriptEngine.java:119)
	at com.kms.katalon.core.main.TestCaseExecutor.runScript(TestCaseExecutor.java:337)
	at com.kms.katalon.core.main.TestCaseExecutor.doExecute(TestCaseExecutor.java:328)
	at com.kms.katalon.core.main.TestCaseExecutor.processExecutionPhase(TestCaseExecutor.java:307)
	at com.kms.katalon.core.main.TestCaseExecutor.accessMainPhase(TestCaseExecutor.java:299)
	at com.kms.katalon.core.main.TestCaseExecutor.execute(TestCaseExecutor.java:233)
	at com.kms.katalon.core.main.TestSuiteExecutor.accessTestCaseMainPhase(TestSuiteExecutor.java:169)
	at com.kms.katalon.core.main.TestSuiteExecutor.accessTestSuiteMainPhase(TestSuiteExecutor.java:142)
	at com.kms.katalon.core.main.TestSuiteExecutor.execute(TestSuiteExecutor.java:91)
	at com.kms.katalon.core.main.TestCaseMain.startTestSuite(TestCaseMain.java:157)
	at com.kms.katalon.core.main.TestCaseMain$startTestSuite$0.call(Unknown Source)
	at TempTestSuite1591335489835.run(TempTestSuite1591335489835.groovy:37)
Caused by: com.kms.katalon.core.webui.exception.WebElementNotFoundException: Web element with id: 'Object Repository/1612893/37_Set_a_header/Page_Thanh set Channel name - hcmus-cdnc-te_a699a0/button_Set a Header' located by 'By.xpath: //div[@id='channelIntro']/button[2]' not found
	at com.kms.katalon.core.webui.common.WebUiCommonHelper.findWebElement(WebUiCommonHelper.java:1154)
	at com.kms.katalon.core.webui.keyword.internal.WebUIAbstractKeyword.findWebElement(WebUIAbstractKeyword.groovy:27)
	at com.kms.katalon.core.webui.keyword.internal.WebUIAbstractKeyword.findWebElement(WebUIAbstractKeyword.groovy:26)
	at com.kms.katalon.core.webui.keyword.builtin.ClickKeyword$_click_closure1.doCall(ClickKeyword.groovy:67)
	at com.kms.katalon.core.webui.keyword.builtin.ClickKeyword$_click_closure1.call(ClickKeyword.groovy)
	at com.kms.katalon.core.webui.keyword.internal.WebUIKeywordMain.runKeyword(WebUIKeywordMain.groovy:20)
	... 19 more]]></system-err>
      </testcase>
      <testcase name="Test Cases/1612893/TC_37_Set_a_header" time="55.992" classname="Test Cases/1612893/TC_37_Set_a_header" status="FAILED">
         <failure type="FAILED" message="Test Cases/1612893/TC_37_Set_a_header FAILED.
Reason:
com.kms.katalon.core.exception.StepFailedException: Unable to click on object 'Object Repository/1612893/37_Set_a_header/Page_Thanh set Channel name - hcmus-cdnc-te_a699a0/button_Set a Header'
	at com.kms.katalon.core.webui.keyword.internal.WebUIKeywordMain.stepFailed(WebUIKeywordMain.groovy:64)
	at com.kms.katalon.core.webui.keyword.internal.WebUIKeywordMain.runKeyword(WebUIKeywordMain.groovy:26)
	at com.kms.katalon.core.webui.keyword.builtin.ClickKeyword.click(ClickKeyword.groovy:76)
	at com.kms.katalon.core.webui.keyword.builtin.ClickKeyword.execute(ClickKeyword.groovy:43)
	at com.kms.katalon.core.keyword.internal.KeywordExecutor.executeKeywordForPlatform(KeywordExecutor.groovy:72)
	at com.kms.katalon.core.webui.keyword.WebUiBuiltInKeywords.click(WebUiBuiltInKeywords.groovy:616)
	at com.kms.katalon.core.webui.keyword.WebUiBuiltInKeywords$click$3.call(Unknown Source)
	at TC_37_Set_a_header.run(TC_37_Set_a_header:32)
	at com.kms.katalon.core.main.ScriptEngine.run(ScriptEngine.java:194)
	at com.kms.katalon.core.main.ScriptEngine.runScriptAsRawText(ScriptEngine.java:119)
	at com.kms.katalon.core.main.TestCaseExecutor.runScript(TestCaseExecutor.java:337)
	at com.kms.katalon.core.main.TestCaseExecutor.doExecute(TestCaseExecutor.java:328)
	at com.kms.katalon.core.main.TestCaseExecutor.processExecutionPhase(TestCaseExecutor.java:307)
	at com.kms.katalon.core.main.TestCaseExecutor.accessMainPhase(TestCaseExecutor.java:299)
	at com.kms.katalon.core.main.TestCaseExecutor.execute(TestCaseExecutor.java:233)
	at com.kms.katalon.core.main.TestSuiteExecutor.accessTestCaseMainPhase(TestSuiteExecutor.java:169)
	at com.kms.katalon.core.main.TestSuiteExecutor.accessTestSuiteMainPhase(TestSuiteExecutor.java:142)
	at com.kms.katalon.core.main.TestSuiteExecutor.execute(TestSuiteExecutor.java:91)
	at com.kms.katalon.core.main.TestCaseMain.startTestSuite(TestCaseMain.java:157)
	at com.kms.katalon.core.main.TestCaseMain$startTestSuite$0.call(Unknown Source)
	at TempTestSuite1591335489835.run(TempTestSuite1591335489835.groovy:37)
Caused by: com.kms.katalon.core.webui.exception.WebElementNotFoundException: Web element with id: 'Object Repository/1612893/37_Set_a_header/Page_Thanh set Channel name - hcmus-cdnc-te_a699a0/button_Set a Header' located by 'By.xpath: //div[@id='channelIntro']/button[2]' not found
	at com.kms.katalon.core.webui.common.WebUiCommonHelper.findWebElement(WebUiCommonHelper.java:1154)
	at com.kms.katalon.core.webui.keyword.internal.WebUIAbstractKeyword.findWebElement(WebUIAbstractKeyword.groovy:27)
	at com.kms.katalon.core.webui.keyword.internal.WebUIAbstractKeyword.findWebElement(WebUIAbstractKeyword.groovy:26)
	at com.kms.katalon.core.webui.keyword.builtin.ClickKeyword$_click_closure1.doCall(ClickKeyword.groovy:67)
	at com.kms.katalon.core.webui.keyword.builtin.ClickKeyword$_click_closure1.call(ClickKeyword.groovy)
	at com.kms.katalon.core.webui.keyword.internal.WebUIKeywordMain.runKeyword(WebUIKeywordMain.groovy:20)
	... 19 more
"/>
         <system-out><![CDATA[2020-06-05 12:47:39 - [TEST_CASE][FAILED] - Test Cases/1612893/TC_37_Set_a_header: Test Cases/1612893/TC_37_Set_a_header FAILED.
Reason:
com.kms.katalon.core.exception.StepFailedException: Unable to click on object 'Object Repository/1612893/37_Set_a_header/Page_Thanh set Channel name - hcmus-cdnc-te_a699a0/button_Set a Header'
	at com.kms.katalon.core.webui.keyword.internal.WebUIKeywordMain.stepFailed(WebUIKeywordMain.groovy:64)
	at com.kms.katalon.core.webui.keyword.internal.WebUIKeywordMain.runKeyword(WebUIKeywordMain.groovy:26)
	at com.kms.katalon.core.webui.keyword.builtin.ClickKeyword.click(ClickKeyword.groovy:76)
	at com.kms.katalon.core.webui.keyword.builtin.ClickKeyword.execute(ClickKeyword.groovy:43)
	at com.kms.katalon.core.keyword.internal.KeywordExecutor.executeKeywordForPlatform(KeywordExecutor.groovy:72)
	at com.kms.katalon.core.webui.keyword.WebUiBuiltInKeywords.click(WebUiBuiltInKeywords.groovy:616)
	at com.kms.katalon.core.webui.keyword.WebUiBuiltInKeywords$click$3.call(Unknown Source)
	at TC_37_Set_a_header.run(TC_37_Set_a_header:32)
	at com.kms.katalon.core.main.ScriptEngine.run(ScriptEngine.java:194)
	at com.kms.katalon.core.main.ScriptEngine.runScriptAsRawText(ScriptEngine.java:119)
	at com.kms.katalon.core.main.TestCaseExecutor.runScript(TestCaseExecutor.java:337)
	at com.kms.katalon.core.main.TestCaseExecutor.doExecute(TestCaseExecutor.java:328)
	at com.kms.katalon.core.main.TestCaseExecutor.processExecutionPhase(TestCaseExecutor.java:307)
	at com.kms.katalon.core.main.TestCaseExecutor.accessMainPhase(TestCaseExecutor.java:299)
	at com.kms.katalon.core.main.TestCaseExecutor.execute(TestCaseExecutor.java:233)
	at com.kms.katalon.core.main.TestSuiteExecutor.accessTestCaseMainPhase(TestSuiteExecutor.java:169)
	at com.kms.katalon.core.main.TestSuiteExecutor.accessTestSuiteMainPhase(TestSuiteExecutor.java:142)
	at com.kms.katalon.core.main.TestSuiteExecutor.execute(TestSuiteExecutor.java:91)
	at com.kms.katalon.core.main.TestCaseMain.startTestSuite(TestCaseMain.java:157)
	at com.kms.katalon.core.main.TestCaseMain$startTestSuite$0.call(Unknown Source)
	at TempTestSuite1591335489835.run(TempTestSuite1591335489835.groovy:37)
Caused by: com.kms.katalon.core.webui.exception.WebElementNotFoundException: Web element with id: 'Object Repository/1612893/37_Set_a_header/Page_Thanh set Channel name - hcmus-cdnc-te_a699a0/button_Set a Header' located by 'By.xpath: //div[@id='channelIntro']/button[2]' not found
	at com.kms.katalon.core.webui.common.WebUiCommonHelper.findWebElement(WebUiCommonHelper.java:1154)
	at com.kms.katalon.core.webui.keyword.internal.WebUIAbstractKeyword.findWebElement(WebUIAbstractKeyword.groovy:27)
	at com.kms.katalon.core.webui.keyword.internal.WebUIAbstractKeyword.findWebElement(WebUIAbstractKeyword.groovy:26)
	at com.kms.katalon.core.webui.keyword.builtin.ClickKeyword$_click_closure1.doCall(ClickKeyword.groovy:67)
	at com.kms.katalon.core.webui.keyword.builtin.ClickKeyword$_click_closure1.call(ClickKeyword.groovy)
	at com.kms.katalon.core.webui.keyword.internal.WebUIKeywordMain.runKeyword(WebUIKeywordMain.groovy:20)
	... 19 more


2020-06-05 12:47:39 - [TEST_STEP][PASSED] - openBrowser(""): Browser is opened with url: ''

2020-06-05 12:47:39 - [MESSAGE][WARNING] - A browser is already opened. Closing browser and opening a new one

2020-06-05 12:47:40 - [MESSAGE][INFO] - Starting 'Chrome' driver

2020-06-05 12:47:40 - [MESSAGE][INFO] - Action delay is set to 0 milliseconds

2020-06-05 12:47:43 - [MESSAGE][PASSED] - Browser is opened with url: ''

2020-06-05 12:47:43 - [TEST_STEP][PASSED] - navigateToUrl("http://localhost:8065/login"): Navigate to 'http://localhost:8065/login' successfully

2020-06-05 12:47:45 - [MESSAGE][PASSED] - Navigate to 'http://localhost:8065/login' successfully

2020-06-05 12:47:45 - [TEST_STEP][PASSED] - setText(findTestObject("Object Repository/1612893/37_Set_a_header/Page_Mattermost/input_All team communication in one place s_703ef5"), "hcmus-cdnc"): Text 'hcmus-cdnc' is set on object 'Object Repository/1612893/37_Set_a_header/Page_Mattermost/input_All team communication in one place s_703ef5'

2020-06-05 12:47:47 - [MESSAGE][PASSED] - Text 'hcmus-cdnc' is set on object 'Object Repository/1612893/37_Set_a_header/Page_Mattermost/input_All team communication in one place s_703ef5'

2020-06-05 12:47:47 - [TEST_STEP][PASSED] - setEncryptedText(findTestObject("Object Repository/1612893/37_Set_a_header/Page_Mattermost/input_All team communication in one place s_2f2733"), "aeHFOx8jV/A="): Text ****** has been set on object 'Object Repository/1612893/37_Set_a_header/Page_Mattermost/input_All team communication in one place s_2f2733'

2020-06-05 12:47:48 - [MESSAGE][PASSED] - Text ****** has been set on object 'Object Repository/1612893/37_Set_a_header/Page_Mattermost/input_All team communication in one place s_2f2733'

2020-06-05 12:47:48 - [TEST_STEP][PASSED] - sendKeys(findTestObject("Object Repository/1612893/37_Set_a_header/Page_Mattermost/input_All team communication in one place s_2f2733"), Keys.chord(ENTER)): Keys 'ENTER + ' sent to object: 'Object Repository/1612893/37_Set_a_header/Page_Mattermost/input_All team communication in one place s_2f2733'

2020-06-05 12:47:48 - [MESSAGE][PASSED] - Keys 'ENTER + ' sent to object: 'Object Repository/1612893/37_Set_a_header/Page_Mattermost/input_All team communication in one place s_2f2733'

2020-06-05 12:47:48 - [TEST_STEP][FAILED] - click(findTestObject("Object Repository/1612893/37_Set_a_header/Page_Thanh set Channel name - hcmus-cdnc-te_a699a0/button_Set a Header")): Unable to click on object 'Object Repository/1612893/37_Set_a_header/Page_Thanh set Channel name - hcmus-cdnc-te_a699a0/button_Set a Header' (Root cause: com.kms.katalon.core.exception.StepFailedException: Unable to click on object 'Object Repository/1612893/37_Set_a_header/Page_Thanh set Channel name - hcmus-cdnc-te_a699a0/button_Set a Header'
	at com.kms.katalon.core.webui.keyword.internal.WebUIKeywordMain.stepFailed(WebUIKeywordMain.groovy:64)
	at com.kms.katalon.core.webui.keyword.internal.WebUIKeywordMain.runKeyword(WebUIKeywordMain.groovy:26)
	at com.kms.katalon.core.webui.keyword.builtin.ClickKeyword.click(ClickKeyword.groovy:76)
	at com.kms.katalon.core.webui.keyword.builtin.ClickKeyword.execute(ClickKeyword.groovy:43)
	at com.kms.katalon.core.keyword.internal.KeywordExecutor.executeKeywordForPlatform(KeywordExecutor.groovy:72)
	at com.kms.katalon.core.webui.keyword.WebUiBuiltInKeywords.click(WebUiBuiltInKeywords.groovy:616)
	at com.kms.katalon.core.webui.keyword.WebUiBuiltInKeywords$click$3.call(Unknown Source)
	at TC_37_Set_a_header.run(TC_37_Set_a_header:32)
	at com.kms.katalon.core.main.ScriptEngine.run(ScriptEngine.java:194)
	at com.kms.katalon.core.main.ScriptEngine.runScriptAsRawText(ScriptEngine.java:119)
	at com.kms.katalon.core.main.TestCaseExecutor.runScript(TestCaseExecutor.java:337)
	at com.kms.katalon.core.main.TestCaseExecutor.doExecute(TestCaseExecutor.java:328)
	at com.kms.katalon.core.main.TestCaseExecutor.processExecutionPhase(TestCaseExecutor.java:307)
	at com.kms.katalon.core.main.TestCaseExecutor.accessMainPhase(TestCaseExecutor.java:299)
	at com.kms.katalon.core.main.TestCaseExecutor.execute(TestCaseExecutor.java:233)
	at com.kms.katalon.core.main.TestSuiteExecutor.accessTestCaseMainPhase(TestSuiteExecutor.java:169)
	at com.kms.katalon.core.main.TestSuiteExecutor.accessTestSuiteMainPhase(TestSuiteExecutor.java:142)
	at com.kms.katalon.core.main.TestSuiteExecutor.execute(TestSuiteExecutor.java:91)
	at com.kms.katalon.core.main.TestCaseMain.startTestSuite(TestCaseMain.java:157)
	at com.kms.katalon.core.main.TestCaseMain$startTestSuite$0.call(Unknown Source)
	at TempTestSuite1591335489835.run(TempTestSuite1591335489835.groovy:37)
Caused by: com.kms.katalon.core.webui.exception.WebElementNotFoundException: Web element with id: 'Object Repository/1612893/37_Set_a_header/Page_Thanh set Channel name - hcmus-cdnc-te_a699a0/button_Set a Header' located by 'By.xpath: //div[@id='channelIntro']/button[2]' not found
	at com.kms.katalon.core.webui.common.WebUiCommonHelper.findWebElement(WebUiCommonHelper.java:1154)
	at com.kms.katalon.core.webui.keyword.internal.WebUIAbstractKeyword.findWebElement(WebUIAbstractKeyword.groovy:27)
	at com.kms.katalon.core.webui.keyword.internal.WebUIAbstractKeyword.findWebElement(WebUIAbstractKeyword.groovy:26)
	at com.kms.katalon.core.webui.keyword.builtin.ClickKeyword$_click_closure1.doCall(ClickKeyword.groovy:67)
	at com.kms.katalon.core.webui.keyword.builtin.ClickKeyword$_click_closure1.call(ClickKeyword.groovy)
	at com.kms.katalon.core.webui.keyword.internal.WebUIKeywordMain.runKeyword(WebUIKeywordMain.groovy:20)
	at com.kms.katalon.core.webui.keyword.builtin.ClickKeyword.click(ClickKeyword.groovy:76)
	at com.kms.katalon.core.webui.keyword.builtin.ClickKeyword.execute(ClickKeyword.groovy:43)
	at com.kms.katalon.core.keyword.internal.KeywordExecutor.executeKeywordForPlatform(KeywordExecutor.groovy:72)
	at com.kms.katalon.core.webui.keyword.WebUiBuiltInKeywords.click(WebUiBuiltInKeywords.groovy:616)
	at com.kms.katalon.core.webui.keyword.WebUiBuiltInKeywords$click$3.call(Unknown Source)
	at Script1591173004583.run(Script1591173004583.groovy:32)
	... 13 more
)

2020-06-05 12:48:35 - [MESSAGE][INFO] - Unable to find the element located by 'By.xpath: //div[@id='channelIntro']/button[2]'. Please recheck the objects properties to make sure the desired element is located. 

2020-06-05 12:48:35 - [MESSAGE][FAILED] - Unable to click on object 'Object Repository/1612893/37_Set_a_header/Page_Thanh set Channel name - hcmus-cdnc-te_a699a0/button_Set a Header' (Root cause: com.kms.katalon.core.exception.StepFailedException: Unable to click on object 'Object Repository/1612893/37_Set_a_header/Page_Thanh set Channel name - hcmus-cdnc-te_a699a0/button_Set a Header'
	at com.kms.katalon.core.webui.keyword.internal.WebUIKeywordMain.stepFailed(WebUIKeywordMain.groovy:64)
	at com.kms.katalon.core.webui.keyword.internal.WebUIKeywordMain.runKeyword(WebUIKeywordMain.groovy:26)
	at com.kms.katalon.core.webui.keyword.builtin.ClickKeyword.click(ClickKeyword.groovy:76)
	at com.kms.katalon.core.webui.keyword.builtin.ClickKeyword.execute(ClickKeyword.groovy:43)
	at com.kms.katalon.core.keyword.internal.KeywordExecutor.executeKeywordForPlatform(KeywordExecutor.groovy:72)
	at com.kms.katalon.core.webui.keyword.WebUiBuiltInKeywords.click(WebUiBuiltInKeywords.groovy:616)
	at com.kms.katalon.core.webui.keyword.WebUiBuiltInKeywords$click$3.call(Unknown Source)
	at TC_37_Set_a_header.run(TC_37_Set_a_header:32)
	at com.kms.katalon.core.main.ScriptEngine.run(ScriptEngine.java:194)
	at com.kms.katalon.core.main.ScriptEngine.runScriptAsRawText(ScriptEngine.java:119)
	at com.kms.katalon.core.main.TestCaseExecutor.runScript(TestCaseExecutor.java:337)
	at com.kms.katalon.core.main.TestCaseExecutor.doExecute(TestCaseExecutor.java:328)
	at com.kms.katalon.core.main.TestCaseExecutor.processExecutionPhase(TestCaseExecutor.java:307)
	at com.kms.katalon.core.main.TestCaseExecutor.accessMainPhase(TestCaseExecutor.java:299)
	at com.kms.katalon.core.main.TestCaseExecutor.execute(TestCaseExecutor.java:233)
	at com.kms.katalon.core.main.TestSuiteExecutor.accessTestCaseMainPhase(TestSuiteExecutor.java:169)
	at com.kms.katalon.core.main.TestSuiteExecutor.accessTestSuiteMainPhase(TestSuiteExecutor.java:142)
	at com.kms.katalon.core.main.TestSuiteExecutor.execute(TestSuiteExecutor.java:91)
	at com.kms.katalon.core.main.TestCaseMain.startTestSuite(TestCaseMain.java:157)
	at com.kms.katalon.core.main.TestCaseMain$startTestSuite$0.call(Unknown Source)
	at TempTestSuite1591335489835.run(TempTestSuite1591335489835.groovy:37)
Caused by: com.kms.katalon.core.webui.exception.WebElementNotFoundException: Web element with id: 'Object Repository/1612893/37_Set_a_header/Page_Thanh set Channel name - hcmus-cdnc-te_a699a0/button_Set a Header' located by 'By.xpath: //div[@id='channelIntro']/button[2]' not found
	at com.kms.katalon.core.webui.common.WebUiCommonHelper.findWebElement(WebUiCommonHelper.java:1154)
	at com.kms.katalon.core.webui.keyword.internal.WebUIAbstractKeyword.findWebElement(WebUIAbstractKeyword.groovy:27)
	at com.kms.katalon.core.webui.keyword.internal.WebUIAbstractKeyword.findWebElement(WebUIAbstractKeyword.groovy:26)
	at com.kms.katalon.core.webui.keyword.builtin.ClickKeyword$_click_closure1.doCall(ClickKeyword.groovy:67)
	at com.kms.katalon.core.webui.keyword.builtin.ClickKeyword$_click_closure1.call(ClickKeyword.groovy)
	at com.kms.katalon.core.webui.keyword.internal.WebUIKeywordMain.runKeyword(WebUIKeywordMain.groovy:20)
	at com.kms.katalon.core.webui.keyword.builtin.ClickKeyword.click(ClickKeyword.groovy:76)
	at com.kms.katalon.core.webui.keyword.builtin.ClickKeyword.execute(ClickKeyword.groovy:43)
	at com.kms.katalon.core.keyword.internal.KeywordExecutor.executeKeywordForPlatform(KeywordExecutor.groovy:72)
	at com.kms.katalon.core.webui.keyword.WebUiBuiltInKeywords.click(WebUiBuiltInKeywords.groovy:616)
	at com.kms.katalon.core.webui.keyword.WebUiBuiltInKeywords$click$3.call(Unknown Source)
	at Script1591173004583.run(Script1591173004583.groovy:32)
	... 13 more
)
[[ATTACHMENT|C:\\Users\\Thanh\\Desktop\\github.com\\New folder (2)\\homeword02-mattermost-katalon\\Reports\\20200605_123809\\Run all test cases\\20200605_123809\\1591336115383.png]]]]></system-out>
         <system-err><![CDATA[2020-06-05 12:47:39 - [TEST_CASE][FAILED] - Test Cases/1612893/TC_37_Set_a_header: Test Cases/1612893/TC_37_Set_a_header FAILED.
Reason:
com.kms.katalon.core.exception.StepFailedException: Unable to click on object 'Object Repository/1612893/37_Set_a_header/Page_Thanh set Channel name - hcmus-cdnc-te_a699a0/button_Set a Header'
	at com.kms.katalon.core.webui.keyword.internal.WebUIKeywordMain.stepFailed(WebUIKeywordMain.groovy:64)
	at com.kms.katalon.core.webui.keyword.internal.WebUIKeywordMain.runKeyword(WebUIKeywordMain.groovy:26)
	at com.kms.katalon.core.webui.keyword.builtin.ClickKeyword.click(ClickKeyword.groovy:76)
	at com.kms.katalon.core.webui.keyword.builtin.ClickKeyword.execute(ClickKeyword.groovy:43)
	at com.kms.katalon.core.keyword.internal.KeywordExecutor.executeKeywordForPlatform(KeywordExecutor.groovy:72)
	at com.kms.katalon.core.webui.keyword.WebUiBuiltInKeywords.click(WebUiBuiltInKeywords.groovy:616)
	at com.kms.katalon.core.webui.keyword.WebUiBuiltInKeywords$click$3.call(Unknown Source)
	at TC_37_Set_a_header.run(TC_37_Set_a_header:32)
	at com.kms.katalon.core.main.ScriptEngine.run(ScriptEngine.java:194)
	at com.kms.katalon.core.main.ScriptEngine.runScriptAsRawText(ScriptEngine.java:119)
	at com.kms.katalon.core.main.TestCaseExecutor.runScript(TestCaseExecutor.java:337)
	at com.kms.katalon.core.main.TestCaseExecutor.doExecute(TestCaseExecutor.java:328)
	at com.kms.katalon.core.main.TestCaseExecutor.processExecutionPhase(TestCaseExecutor.java:307)
	at com.kms.katalon.core.main.TestCaseExecutor.accessMainPhase(TestCaseExecutor.java:299)
	at com.kms.katalon.core.main.TestCaseExecutor.execute(TestCaseExecutor.java:233)
	at com.kms.katalon.core.main.TestSuiteExecutor.accessTestCaseMainPhase(TestSuiteExecutor.java:169)
	at com.kms.katalon.core.main.TestSuiteExecutor.accessTestSuiteMainPhase(TestSuiteExecutor.java:142)
	at com.kms.katalon.core.main.TestSuiteExecutor.execute(TestSuiteExecutor.java:91)
	at com.kms.katalon.core.main.TestCaseMain.startTestSuite(TestCaseMain.java:157)
	at com.kms.katalon.core.main.TestCaseMain$startTestSuite$0.call(Unknown Source)
	at TempTestSuite1591335489835.run(TempTestSuite1591335489835.groovy:37)
Caused by: com.kms.katalon.core.webui.exception.WebElementNotFoundException: Web element with id: 'Object Repository/1612893/37_Set_a_header/Page_Thanh set Channel name - hcmus-cdnc-te_a699a0/button_Set a Header' located by 'By.xpath: //div[@id='channelIntro']/button[2]' not found
	at com.kms.katalon.core.webui.common.WebUiCommonHelper.findWebElement(WebUiCommonHelper.java:1154)
	at com.kms.katalon.core.webui.keyword.internal.WebUIAbstractKeyword.findWebElement(WebUIAbstractKeyword.groovy:27)
	at com.kms.katalon.core.webui.keyword.internal.WebUIAbstractKeyword.findWebElement(WebUIAbstractKeyword.groovy:26)
	at com.kms.katalon.core.webui.keyword.builtin.ClickKeyword$_click_closure1.doCall(ClickKeyword.groovy:67)
	at com.kms.katalon.core.webui.keyword.builtin.ClickKeyword$_click_closure1.call(ClickKeyword.groovy)
	at com.kms.katalon.core.webui.keyword.internal.WebUIKeywordMain.runKeyword(WebUIKeywordMain.groovy:20)
	... 19 more]]></system-err>
      </testcase>
      <testcase name="Test Cases/1612893/TC_37_Set_a_header" time="56.389" classname="Test Cases/1612893/TC_37_Set_a_header" status="FAILED">
         <failure type="FAILED" message="Test Cases/1612893/TC_37_Set_a_header FAILED.
Reason:
com.kms.katalon.core.exception.StepFailedException: Unable to click on object 'Object Repository/1612893/37_Set_a_header/Page_Thanh set Channel name - hcmus-cdnc-te_a699a0/button_Set a Header'
	at com.kms.katalon.core.webui.keyword.internal.WebUIKeywordMain.stepFailed(WebUIKeywordMain.groovy:64)
	at com.kms.katalon.core.webui.keyword.internal.WebUIKeywordMain.runKeyword(WebUIKeywordMain.groovy:26)
	at com.kms.katalon.core.webui.keyword.builtin.ClickKeyword.click(ClickKeyword.groovy:76)
	at com.kms.katalon.core.webui.keyword.builtin.ClickKeyword.execute(ClickKeyword.groovy:43)
	at com.kms.katalon.core.keyword.internal.KeywordExecutor.executeKeywordForPlatform(KeywordExecutor.groovy:72)
	at com.kms.katalon.core.webui.keyword.WebUiBuiltInKeywords.click(WebUiBuiltInKeywords.groovy:616)
	at com.kms.katalon.core.webui.keyword.WebUiBuiltInKeywords$click$3.call(Unknown Source)
	at TC_37_Set_a_header.run(TC_37_Set_a_header:32)
	at com.kms.katalon.core.main.ScriptEngine.run(ScriptEngine.java:194)
	at com.kms.katalon.core.main.ScriptEngine.runScriptAsRawText(ScriptEngine.java:119)
	at com.kms.katalon.core.main.TestCaseExecutor.runScript(TestCaseExecutor.java:337)
	at com.kms.katalon.core.main.TestCaseExecutor.doExecute(TestCaseExecutor.java:328)
	at com.kms.katalon.core.main.TestCaseExecutor.processExecutionPhase(TestCaseExecutor.java:307)
	at com.kms.katalon.core.main.TestCaseExecutor.accessMainPhase(TestCaseExecutor.java:299)
	at com.kms.katalon.core.main.TestCaseExecutor.execute(TestCaseExecutor.java:233)
	at com.kms.katalon.core.main.TestSuiteExecutor.accessTestCaseMainPhase(TestSuiteExecutor.java:169)
	at com.kms.katalon.core.main.TestSuiteExecutor.accessTestSuiteMainPhase(TestSuiteExecutor.java:142)
	at com.kms.katalon.core.main.TestSuiteExecutor.execute(TestSuiteExecutor.java:91)
	at com.kms.katalon.core.main.TestCaseMain.startTestSuite(TestCaseMain.java:157)
	at com.kms.katalon.core.main.TestCaseMain$startTestSuite$0.call(Unknown Source)
	at TempTestSuite1591335489835.run(TempTestSuite1591335489835.groovy:37)
Caused by: com.kms.katalon.core.webui.exception.WebElementNotFoundException: Web element with id: 'Object Repository/1612893/37_Set_a_header/Page_Thanh set Channel name - hcmus-cdnc-te_a699a0/button_Set a Header' located by 'By.xpath: //div[@id='channelIntro']/button[2]' not found
	at com.kms.katalon.core.webui.common.WebUiCommonHelper.findWebElement(WebUiCommonHelper.java:1154)
	at com.kms.katalon.core.webui.keyword.internal.WebUIAbstractKeyword.findWebElement(WebUIAbstractKeyword.groovy:27)
	at com.kms.katalon.core.webui.keyword.internal.WebUIAbstractKeyword.findWebElement(WebUIAbstractKeyword.groovy:26)
	at com.kms.katalon.core.webui.keyword.builtin.ClickKeyword$_click_closure1.doCall(ClickKeyword.groovy:67)
	at com.kms.katalon.core.webui.keyword.builtin.ClickKeyword$_click_closure1.call(ClickKeyword.groovy)
	at com.kms.katalon.core.webui.keyword.internal.WebUIKeywordMain.runKeyword(WebUIKeywordMain.groovy:20)
	... 19 more
"/>
         <system-out><![CDATA[2020-06-05 12:48:35 - [TEST_CASE][FAILED] - Test Cases/1612893/TC_37_Set_a_header: Test Cases/1612893/TC_37_Set_a_header FAILED.
Reason:
com.kms.katalon.core.exception.StepFailedException: Unable to click on object 'Object Repository/1612893/37_Set_a_header/Page_Thanh set Channel name - hcmus-cdnc-te_a699a0/button_Set a Header'
	at com.kms.katalon.core.webui.keyword.internal.WebUIKeywordMain.stepFailed(WebUIKeywordMain.groovy:64)
	at com.kms.katalon.core.webui.keyword.internal.WebUIKeywordMain.runKeyword(WebUIKeywordMain.groovy:26)
	at com.kms.katalon.core.webui.keyword.builtin.ClickKeyword.click(ClickKeyword.groovy:76)
	at com.kms.katalon.core.webui.keyword.builtin.ClickKeyword.execute(ClickKeyword.groovy:43)
	at com.kms.katalon.core.keyword.internal.KeywordExecutor.executeKeywordForPlatform(KeywordExecutor.groovy:72)
	at com.kms.katalon.core.webui.keyword.WebUiBuiltInKeywords.click(WebUiBuiltInKeywords.groovy:616)
	at com.kms.katalon.core.webui.keyword.WebUiBuiltInKeywords$click$3.call(Unknown Source)
	at TC_37_Set_a_header.run(TC_37_Set_a_header:32)
	at com.kms.katalon.core.main.ScriptEngine.run(ScriptEngine.java:194)
	at com.kms.katalon.core.main.ScriptEngine.runScriptAsRawText(ScriptEngine.java:119)
	at com.kms.katalon.core.main.TestCaseExecutor.runScript(TestCaseExecutor.java:337)
	at com.kms.katalon.core.main.TestCaseExecutor.doExecute(TestCaseExecutor.java:328)
	at com.kms.katalon.core.main.TestCaseExecutor.processExecutionPhase(TestCaseExecutor.java:307)
	at com.kms.katalon.core.main.TestCaseExecutor.accessMainPhase(TestCaseExecutor.java:299)
	at com.kms.katalon.core.main.TestCaseExecutor.execute(TestCaseExecutor.java:233)
	at com.kms.katalon.core.main.TestSuiteExecutor.accessTestCaseMainPhase(TestSuiteExecutor.java:169)
	at com.kms.katalon.core.main.TestSuiteExecutor.accessTestSuiteMainPhase(TestSuiteExecutor.java:142)
	at com.kms.katalon.core.main.TestSuiteExecutor.execute(TestSuiteExecutor.java:91)
	at com.kms.katalon.core.main.TestCaseMain.startTestSuite(TestCaseMain.java:157)
	at com.kms.katalon.core.main.TestCaseMain$startTestSuite$0.call(Unknown Source)
	at TempTestSuite1591335489835.run(TempTestSuite1591335489835.groovy:37)
Caused by: com.kms.katalon.core.webui.exception.WebElementNotFoundException: Web element with id: 'Object Repository/1612893/37_Set_a_header/Page_Thanh set Channel name - hcmus-cdnc-te_a699a0/button_Set a Header' located by 'By.xpath: //div[@id='channelIntro']/button[2]' not found
	at com.kms.katalon.core.webui.common.WebUiCommonHelper.findWebElement(WebUiCommonHelper.java:1154)
	at com.kms.katalon.core.webui.keyword.internal.WebUIAbstractKeyword.findWebElement(WebUIAbstractKeyword.groovy:27)
	at com.kms.katalon.core.webui.keyword.internal.WebUIAbstractKeyword.findWebElement(WebUIAbstractKeyword.groovy:26)
	at com.kms.katalon.core.webui.keyword.builtin.ClickKeyword$_click_closure1.doCall(ClickKeyword.groovy:67)
	at com.kms.katalon.core.webui.keyword.builtin.ClickKeyword$_click_closure1.call(ClickKeyword.groovy)
	at com.kms.katalon.core.webui.keyword.internal.WebUIKeywordMain.runKeyword(WebUIKeywordMain.groovy:20)
	... 19 more


2020-06-05 12:48:35 - [TEST_STEP][PASSED] - openBrowser(""): Browser is opened with url: ''

2020-06-05 12:48:35 - [MESSAGE][WARNING] - A browser is already opened. Closing browser and opening a new one

2020-06-05 12:48:36 - [MESSAGE][INFO] - Starting 'Chrome' driver

2020-06-05 12:48:36 - [MESSAGE][INFO] - Action delay is set to 0 milliseconds

2020-06-05 12:48:39 - [MESSAGE][PASSED] - Browser is opened with url: ''

2020-06-05 12:48:39 - [TEST_STEP][PASSED] - navigateToUrl("http://localhost:8065/login"): Navigate to 'http://localhost:8065/login' successfully

2020-06-05 12:48:41 - [MESSAGE][PASSED] - Navigate to 'http://localhost:8065/login' successfully

2020-06-05 12:48:41 - [TEST_STEP][PASSED] - setText(findTestObject("Object Repository/1612893/37_Set_a_header/Page_Mattermost/input_All team communication in one place s_703ef5"), "hcmus-cdnc"): Text 'hcmus-cdnc' is set on object 'Object Repository/1612893/37_Set_a_header/Page_Mattermost/input_All team communication in one place s_703ef5'

2020-06-05 12:48:43 - [MESSAGE][PASSED] - Text 'hcmus-cdnc' is set on object 'Object Repository/1612893/37_Set_a_header/Page_Mattermost/input_All team communication in one place s_703ef5'

2020-06-05 12:48:43 - [TEST_STEP][PASSED] - setEncryptedText(findTestObject("Object Repository/1612893/37_Set_a_header/Page_Mattermost/input_All team communication in one place s_2f2733"), "aeHFOx8jV/A="): Text ****** has been set on object 'Object Repository/1612893/37_Set_a_header/Page_Mattermost/input_All team communication in one place s_2f2733'

2020-06-05 12:48:44 - [MESSAGE][PASSED] - Text ****** has been set on object 'Object Repository/1612893/37_Set_a_header/Page_Mattermost/input_All team communication in one place s_2f2733'

2020-06-05 12:48:44 - [TEST_STEP][PASSED] - sendKeys(findTestObject("Object Repository/1612893/37_Set_a_header/Page_Mattermost/input_All team communication in one place s_2f2733"), Keys.chord(ENTER)): Keys 'ENTER + ' sent to object: 'Object Repository/1612893/37_Set_a_header/Page_Mattermost/input_All team communication in one place s_2f2733'

2020-06-05 12:48:44 - [MESSAGE][PASSED] - Keys 'ENTER + ' sent to object: 'Object Repository/1612893/37_Set_a_header/Page_Mattermost/input_All team communication in one place s_2f2733'

2020-06-05 12:48:44 - [TEST_STEP][FAILED] - click(findTestObject("Object Repository/1612893/37_Set_a_header/Page_Thanh set Channel name - hcmus-cdnc-te_a699a0/button_Set a Header")): Unable to click on object 'Object Repository/1612893/37_Set_a_header/Page_Thanh set Channel name - hcmus-cdnc-te_a699a0/button_Set a Header' (Root cause: com.kms.katalon.core.exception.StepFailedException: Unable to click on object 'Object Repository/1612893/37_Set_a_header/Page_Thanh set Channel name - hcmus-cdnc-te_a699a0/button_Set a Header'
	at com.kms.katalon.core.webui.keyword.internal.WebUIKeywordMain.stepFailed(WebUIKeywordMain.groovy:64)
	at com.kms.katalon.core.webui.keyword.internal.WebUIKeywordMain.runKeyword(WebUIKeywordMain.groovy:26)
	at com.kms.katalon.core.webui.keyword.builtin.ClickKeyword.click(ClickKeyword.groovy:76)
	at com.kms.katalon.core.webui.keyword.builtin.ClickKeyword.execute(ClickKeyword.groovy:43)
	at com.kms.katalon.core.keyword.internal.KeywordExecutor.executeKeywordForPlatform(KeywordExecutor.groovy:72)
	at com.kms.katalon.core.webui.keyword.WebUiBuiltInKeywords.click(WebUiBuiltInKeywords.groovy:616)
	at com.kms.katalon.core.webui.keyword.WebUiBuiltInKeywords$click$3.call(Unknown Source)
	at TC_37_Set_a_header.run(TC_37_Set_a_header:32)
	at com.kms.katalon.core.main.ScriptEngine.run(ScriptEngine.java:194)
	at com.kms.katalon.core.main.ScriptEngine.runScriptAsRawText(ScriptEngine.java:119)
	at com.kms.katalon.core.main.TestCaseExecutor.runScript(TestCaseExecutor.java:337)
	at com.kms.katalon.core.main.TestCaseExecutor.doExecute(TestCaseExecutor.java:328)
	at com.kms.katalon.core.main.TestCaseExecutor.processExecutionPhase(TestCaseExecutor.java:307)
	at com.kms.katalon.core.main.TestCaseExecutor.accessMainPhase(TestCaseExecutor.java:299)
	at com.kms.katalon.core.main.TestCaseExecutor.execute(TestCaseExecutor.java:233)
	at com.kms.katalon.core.main.TestSuiteExecutor.accessTestCaseMainPhase(TestSuiteExecutor.java:169)
	at com.kms.katalon.core.main.TestSuiteExecutor.accessTestSuiteMainPhase(TestSuiteExecutor.java:142)
	at com.kms.katalon.core.main.TestSuiteExecutor.execute(TestSuiteExecutor.java:91)
	at com.kms.katalon.core.main.TestCaseMain.startTestSuite(TestCaseMain.java:157)
	at com.kms.katalon.core.main.TestCaseMain$startTestSuite$0.call(Unknown Source)
	at TempTestSuite1591335489835.run(TempTestSuite1591335489835.groovy:37)
Caused by: com.kms.katalon.core.webui.exception.WebElementNotFoundException: Web element with id: 'Object Repository/1612893/37_Set_a_header/Page_Thanh set Channel name - hcmus-cdnc-te_a699a0/button_Set a Header' located by 'By.xpath: //div[@id='channelIntro']/button[2]' not found
	at com.kms.katalon.core.webui.common.WebUiCommonHelper.findWebElement(WebUiCommonHelper.java:1154)
	at com.kms.katalon.core.webui.keyword.internal.WebUIAbstractKeyword.findWebElement(WebUIAbstractKeyword.groovy:27)
	at com.kms.katalon.core.webui.keyword.internal.WebUIAbstractKeyword.findWebElement(WebUIAbstractKeyword.groovy:26)
	at com.kms.katalon.core.webui.keyword.builtin.ClickKeyword$_click_closure1.doCall(ClickKeyword.groovy:67)
	at com.kms.katalon.core.webui.keyword.builtin.ClickKeyword$_click_closure1.call(ClickKeyword.groovy)
	at com.kms.katalon.core.webui.keyword.internal.WebUIKeywordMain.runKeyword(WebUIKeywordMain.groovy:20)
	at com.kms.katalon.core.webui.keyword.builtin.ClickKeyword.click(ClickKeyword.groovy:76)
	at com.kms.katalon.core.webui.keyword.builtin.ClickKeyword.execute(ClickKeyword.groovy:43)
	at com.kms.katalon.core.keyword.internal.KeywordExecutor.executeKeywordForPlatform(KeywordExecutor.groovy:72)
	at com.kms.katalon.core.webui.keyword.WebUiBuiltInKeywords.click(WebUiBuiltInKeywords.groovy:616)
	at com.kms.katalon.core.webui.keyword.WebUiBuiltInKeywords$click$3.call(Unknown Source)
	at Script1591173004583.run(Script1591173004583.groovy:32)
	... 13 more
)

2020-06-05 12:49:31 - [MESSAGE][INFO] - Unable to find the element located by 'By.xpath: //div[@id='channelIntro']/button[2]'. Please recheck the objects properties to make sure the desired element is located. 

2020-06-05 12:49:32 - [MESSAGE][FAILED] - Unable to click on object 'Object Repository/1612893/37_Set_a_header/Page_Thanh set Channel name - hcmus-cdnc-te_a699a0/button_Set a Header' (Root cause: com.kms.katalon.core.exception.StepFailedException: Unable to click on object 'Object Repository/1612893/37_Set_a_header/Page_Thanh set Channel name - hcmus-cdnc-te_a699a0/button_Set a Header'
	at com.kms.katalon.core.webui.keyword.internal.WebUIKeywordMain.stepFailed(WebUIKeywordMain.groovy:64)
	at com.kms.katalon.core.webui.keyword.internal.WebUIKeywordMain.runKeyword(WebUIKeywordMain.groovy:26)
	at com.kms.katalon.core.webui.keyword.builtin.ClickKeyword.click(ClickKeyword.groovy:76)
	at com.kms.katalon.core.webui.keyword.builtin.ClickKeyword.execute(ClickKeyword.groovy:43)
	at com.kms.katalon.core.keyword.internal.KeywordExecutor.executeKeywordForPlatform(KeywordExecutor.groovy:72)
	at com.kms.katalon.core.webui.keyword.WebUiBuiltInKeywords.click(WebUiBuiltInKeywords.groovy:616)
	at com.kms.katalon.core.webui.keyword.WebUiBuiltInKeywords$click$3.call(Unknown Source)
	at TC_37_Set_a_header.run(TC_37_Set_a_header:32)
	at com.kms.katalon.core.main.ScriptEngine.run(ScriptEngine.java:194)
	at com.kms.katalon.core.main.ScriptEngine.runScriptAsRawText(ScriptEngine.java:119)
	at com.kms.katalon.core.main.TestCaseExecutor.runScript(TestCaseExecutor.java:337)
	at com.kms.katalon.core.main.TestCaseExecutor.doExecute(TestCaseExecutor.java:328)
	at com.kms.katalon.core.main.TestCaseExecutor.processExecutionPhase(TestCaseExecutor.java:307)
	at com.kms.katalon.core.main.TestCaseExecutor.accessMainPhase(TestCaseExecutor.java:299)
	at com.kms.katalon.core.main.TestCaseExecutor.execute(TestCaseExecutor.java:233)
	at com.kms.katalon.core.main.TestSuiteExecutor.accessTestCaseMainPhase(TestSuiteExecutor.java:169)
	at com.kms.katalon.core.main.TestSuiteExecutor.accessTestSuiteMainPhase(TestSuiteExecutor.java:142)
	at com.kms.katalon.core.main.TestSuiteExecutor.execute(TestSuiteExecutor.java:91)
	at com.kms.katalon.core.main.TestCaseMain.startTestSuite(TestCaseMain.java:157)
	at com.kms.katalon.core.main.TestCaseMain$startTestSuite$0.call(Unknown Source)
	at TempTestSuite1591335489835.run(TempTestSuite1591335489835.groovy:37)
Caused by: com.kms.katalon.core.webui.exception.WebElementNotFoundException: Web element with id: 'Object Repository/1612893/37_Set_a_header/Page_Thanh set Channel name - hcmus-cdnc-te_a699a0/button_Set a Header' located by 'By.xpath: //div[@id='channelIntro']/button[2]' not found
	at com.kms.katalon.core.webui.common.WebUiCommonHelper.findWebElement(WebUiCommonHelper.java:1154)
	at com.kms.katalon.core.webui.keyword.internal.WebUIAbstractKeyword.findWebElement(WebUIAbstractKeyword.groovy:27)
	at com.kms.katalon.core.webui.keyword.internal.WebUIAbstractKeyword.findWebElement(WebUIAbstractKeyword.groovy:26)
	at com.kms.katalon.core.webui.keyword.builtin.ClickKeyword$_click_closure1.doCall(ClickKeyword.groovy:67)
	at com.kms.katalon.core.webui.keyword.builtin.ClickKeyword$_click_closure1.call(ClickKeyword.groovy)
	at com.kms.katalon.core.webui.keyword.internal.WebUIKeywordMain.runKeyword(WebUIKeywordMain.groovy:20)
	at com.kms.katalon.core.webui.keyword.builtin.ClickKeyword.click(ClickKeyword.groovy:76)
	at com.kms.katalon.core.webui.keyword.builtin.ClickKeyword.execute(ClickKeyword.groovy:43)
	at com.kms.katalon.core.keyword.internal.KeywordExecutor.executeKeywordForPlatform(KeywordExecutor.groovy:72)
	at com.kms.katalon.core.webui.keyword.WebUiBuiltInKeywords.click(WebUiBuiltInKeywords.groovy:616)
	at com.kms.katalon.core.webui.keyword.WebUiBuiltInKeywords$click$3.call(Unknown Source)
	at Script1591173004583.run(Script1591173004583.groovy:32)
	... 13 more
)
[[ATTACHMENT|C:\\Users\\Thanh\\Desktop\\github.com\\New folder (2)\\homeword02-mattermost-katalon\\Reports\\20200605_123809\\Run all test cases\\20200605_123809\\1591336171765.png]]]]></system-out>
         <system-err><![CDATA[2020-06-05 12:48:35 - [TEST_CASE][FAILED] - Test Cases/1612893/TC_37_Set_a_header: Test Cases/1612893/TC_37_Set_a_header FAILED.
Reason:
com.kms.katalon.core.exception.StepFailedException: Unable to click on object 'Object Repository/1612893/37_Set_a_header/Page_Thanh set Channel name - hcmus-cdnc-te_a699a0/button_Set a Header'
	at com.kms.katalon.core.webui.keyword.internal.WebUIKeywordMain.stepFailed(WebUIKeywordMain.groovy:64)
	at com.kms.katalon.core.webui.keyword.internal.WebUIKeywordMain.runKeyword(WebUIKeywordMain.groovy:26)
	at com.kms.katalon.core.webui.keyword.builtin.ClickKeyword.click(ClickKeyword.groovy:76)
	at com.kms.katalon.core.webui.keyword.builtin.ClickKeyword.execute(ClickKeyword.groovy:43)
	at com.kms.katalon.core.keyword.internal.KeywordExecutor.executeKeywordForPlatform(KeywordExecutor.groovy:72)
	at com.kms.katalon.core.webui.keyword.WebUiBuiltInKeywords.click(WebUiBuiltInKeywords.groovy:616)
	at com.kms.katalon.core.webui.keyword.WebUiBuiltInKeywords$click$3.call(Unknown Source)
	at TC_37_Set_a_header.run(TC_37_Set_a_header:32)
	at com.kms.katalon.core.main.ScriptEngine.run(ScriptEngine.java:194)
	at com.kms.katalon.core.main.ScriptEngine.runScriptAsRawText(ScriptEngine.java:119)
	at com.kms.katalon.core.main.TestCaseExecutor.runScript(TestCaseExecutor.java:337)
	at com.kms.katalon.core.main.TestCaseExecutor.doExecute(TestCaseExecutor.java:328)
	at com.kms.katalon.core.main.TestCaseExecutor.processExecutionPhase(TestCaseExecutor.java:307)
	at com.kms.katalon.core.main.TestCaseExecutor.accessMainPhase(TestCaseExecutor.java:299)
	at com.kms.katalon.core.main.TestCaseExecutor.execute(TestCaseExecutor.java:233)
	at com.kms.katalon.core.main.TestSuiteExecutor.accessTestCaseMainPhase(TestSuiteExecutor.java:169)
	at com.kms.katalon.core.main.TestSuiteExecutor.accessTestSuiteMainPhase(TestSuiteExecutor.java:142)
	at com.kms.katalon.core.main.TestSuiteExecutor.execute(TestSuiteExecutor.java:91)
	at com.kms.katalon.core.main.TestCaseMain.startTestSuite(TestCaseMain.java:157)
	at com.kms.katalon.core.main.TestCaseMain$startTestSuite$0.call(Unknown Source)
	at TempTestSuite1591335489835.run(TempTestSuite1591335489835.groovy:37)
Caused by: com.kms.katalon.core.webui.exception.WebElementNotFoundException: Web element with id: 'Object Repository/1612893/37_Set_a_header/Page_Thanh set Channel name - hcmus-cdnc-te_a699a0/button_Set a Header' located by 'By.xpath: //div[@id='channelIntro']/button[2]' not found
	at com.kms.katalon.core.webui.common.WebUiCommonHelper.findWebElement(WebUiCommonHelper.java:1154)
	at com.kms.katalon.core.webui.keyword.internal.WebUIAbstractKeyword.findWebElement(WebUIAbstractKeyword.groovy:27)
	at com.kms.katalon.core.webui.keyword.internal.WebUIAbstractKeyword.findWebElement(WebUIAbstractKeyword.groovy:26)
	at com.kms.katalon.core.webui.keyword.builtin.ClickKeyword$_click_closure1.doCall(ClickKeyword.groovy:67)
	at com.kms.katalon.core.webui.keyword.builtin.ClickKeyword$_click_closure1.call(ClickKeyword.groovy)
	at com.kms.katalon.core.webui.keyword.internal.WebUIKeywordMain.runKeyword(WebUIKeywordMain.groovy:20)
	... 19 more]]></system-err>
      </testcase>
      <testcase name="Test Cases/1612893/TC_37_Set_a_header" time="55.593" classname="Test Cases/1612893/TC_37_Set_a_header" status="FAILED">
         <failure type="FAILED" message="Test Cases/1612893/TC_37_Set_a_header FAILED.
Reason:
com.kms.katalon.core.exception.StepFailedException: Unable to click on object 'Object Repository/1612893/37_Set_a_header/Page_Thanh set Channel name - hcmus-cdnc-te_a699a0/button_Set a Header'
	at com.kms.katalon.core.webui.keyword.internal.WebUIKeywordMain.stepFailed(WebUIKeywordMain.groovy:64)
	at com.kms.katalon.core.webui.keyword.internal.WebUIKeywordMain.runKeyword(WebUIKeywordMain.groovy:26)
	at com.kms.katalon.core.webui.keyword.builtin.ClickKeyword.click(ClickKeyword.groovy:76)
	at com.kms.katalon.core.webui.keyword.builtin.ClickKeyword.execute(ClickKeyword.groovy:43)
	at com.kms.katalon.core.keyword.internal.KeywordExecutor.executeKeywordForPlatform(KeywordExecutor.groovy:72)
	at com.kms.katalon.core.webui.keyword.WebUiBuiltInKeywords.click(WebUiBuiltInKeywords.groovy:616)
	at com.kms.katalon.core.webui.keyword.WebUiBuiltInKeywords$click$3.call(Unknown Source)
	at TC_37_Set_a_header.run(TC_37_Set_a_header:32)
	at com.kms.katalon.core.main.ScriptEngine.run(ScriptEngine.java:194)
	at com.kms.katalon.core.main.ScriptEngine.runScriptAsRawText(ScriptEngine.java:119)
	at com.kms.katalon.core.main.TestCaseExecutor.runScript(TestCaseExecutor.java:337)
	at com.kms.katalon.core.main.TestCaseExecutor.doExecute(TestCaseExecutor.java:328)
	at com.kms.katalon.core.main.TestCaseExecutor.processExecutionPhase(TestCaseExecutor.java:307)
	at com.kms.katalon.core.main.TestCaseExecutor.accessMainPhase(TestCaseExecutor.java:299)
	at com.kms.katalon.core.main.TestCaseExecutor.execute(TestCaseExecutor.java:233)
	at com.kms.katalon.core.main.TestSuiteExecutor.accessTestCaseMainPhase(TestSuiteExecutor.java:169)
	at com.kms.katalon.core.main.TestSuiteExecutor.accessTestSuiteMainPhase(TestSuiteExecutor.java:142)
	at com.kms.katalon.core.main.TestSuiteExecutor.execute(TestSuiteExecutor.java:91)
	at com.kms.katalon.core.main.TestCaseMain.startTestSuite(TestCaseMain.java:157)
	at com.kms.katalon.core.main.TestCaseMain$startTestSuite$0.call(Unknown Source)
	at TempTestSuite1591335489835.run(TempTestSuite1591335489835.groovy:37)
Caused by: com.kms.katalon.core.webui.exception.WebElementNotFoundException: Web element with id: 'Object Repository/1612893/37_Set_a_header/Page_Thanh set Channel name - hcmus-cdnc-te_a699a0/button_Set a Header' located by 'By.xpath: //div[@id='channelIntro']/button[2]' not found
	at com.kms.katalon.core.webui.common.WebUiCommonHelper.findWebElement(WebUiCommonHelper.java:1154)
	at com.kms.katalon.core.webui.keyword.internal.WebUIAbstractKeyword.findWebElement(WebUIAbstractKeyword.groovy:27)
	at com.kms.katalon.core.webui.keyword.internal.WebUIAbstractKeyword.findWebElement(WebUIAbstractKeyword.groovy:26)
	at com.kms.katalon.core.webui.keyword.builtin.ClickKeyword$_click_closure1.doCall(ClickKeyword.groovy:67)
	at com.kms.katalon.core.webui.keyword.builtin.ClickKeyword$_click_closure1.call(ClickKeyword.groovy)
	at com.kms.katalon.core.webui.keyword.internal.WebUIKeywordMain.runKeyword(WebUIKeywordMain.groovy:20)
	... 19 more
"/>
         <system-out><![CDATA[2020-06-05 12:49:32 - [TEST_CASE][FAILED] - Test Cases/1612893/TC_37_Set_a_header: Test Cases/1612893/TC_37_Set_a_header FAILED.
Reason:
com.kms.katalon.core.exception.StepFailedException: Unable to click on object 'Object Repository/1612893/37_Set_a_header/Page_Thanh set Channel name - hcmus-cdnc-te_a699a0/button_Set a Header'
	at com.kms.katalon.core.webui.keyword.internal.WebUIKeywordMain.stepFailed(WebUIKeywordMain.groovy:64)
	at com.kms.katalon.core.webui.keyword.internal.WebUIKeywordMain.runKeyword(WebUIKeywordMain.groovy:26)
	at com.kms.katalon.core.webui.keyword.builtin.ClickKeyword.click(ClickKeyword.groovy:76)
	at com.kms.katalon.core.webui.keyword.builtin.ClickKeyword.execute(ClickKeyword.groovy:43)
	at com.kms.katalon.core.keyword.internal.KeywordExecutor.executeKeywordForPlatform(KeywordExecutor.groovy:72)
	at com.kms.katalon.core.webui.keyword.WebUiBuiltInKeywords.click(WebUiBuiltInKeywords.groovy:616)
	at com.kms.katalon.core.webui.keyword.WebUiBuiltInKeywords$click$3.call(Unknown Source)
	at TC_37_Set_a_header.run(TC_37_Set_a_header:32)
	at com.kms.katalon.core.main.ScriptEngine.run(ScriptEngine.java:194)
	at com.kms.katalon.core.main.ScriptEngine.runScriptAsRawText(ScriptEngine.java:119)
	at com.kms.katalon.core.main.TestCaseExecutor.runScript(TestCaseExecutor.java:337)
	at com.kms.katalon.core.main.TestCaseExecutor.doExecute(TestCaseExecutor.java:328)
	at com.kms.katalon.core.main.TestCaseExecutor.processExecutionPhase(TestCaseExecutor.java:307)
	at com.kms.katalon.core.main.TestCaseExecutor.accessMainPhase(TestCaseExecutor.java:299)
	at com.kms.katalon.core.main.TestCaseExecutor.execute(TestCaseExecutor.java:233)
	at com.kms.katalon.core.main.TestSuiteExecutor.accessTestCaseMainPhase(TestSuiteExecutor.java:169)
	at com.kms.katalon.core.main.TestSuiteExecutor.accessTestSuiteMainPhase(TestSuiteExecutor.java:142)
	at com.kms.katalon.core.main.TestSuiteExecutor.execute(TestSuiteExecutor.java:91)
	at com.kms.katalon.core.main.TestCaseMain.startTestSuite(TestCaseMain.java:157)
	at com.kms.katalon.core.main.TestCaseMain$startTestSuite$0.call(Unknown Source)
	at TempTestSuite1591335489835.run(TempTestSuite1591335489835.groovy:37)
Caused by: com.kms.katalon.core.webui.exception.WebElementNotFoundException: Web element with id: 'Object Repository/1612893/37_Set_a_header/Page_Thanh set Channel name - hcmus-cdnc-te_a699a0/button_Set a Header' located by 'By.xpath: //div[@id='channelIntro']/button[2]' not found
	at com.kms.katalon.core.webui.common.WebUiCommonHelper.findWebElement(WebUiCommonHelper.java:1154)
	at com.kms.katalon.core.webui.keyword.internal.WebUIAbstractKeyword.findWebElement(WebUIAbstractKeyword.groovy:27)
	at com.kms.katalon.core.webui.keyword.internal.WebUIAbstractKeyword.findWebElement(WebUIAbstractKeyword.groovy:26)
	at com.kms.katalon.core.webui.keyword.builtin.ClickKeyword$_click_closure1.doCall(ClickKeyword.groovy:67)
	at com.kms.katalon.core.webui.keyword.builtin.ClickKeyword$_click_closure1.call(ClickKeyword.groovy)
	at com.kms.katalon.core.webui.keyword.internal.WebUIKeywordMain.runKeyword(WebUIKeywordMain.groovy:20)
	... 19 more


2020-06-05 12:49:32 - [TEST_STEP][PASSED] - openBrowser(""): Browser is opened with url: ''

2020-06-05 12:49:32 - [MESSAGE][WARNING] - A browser is already opened. Closing browser and opening a new one

2020-06-05 12:49:32 - [MESSAGE][INFO] - Starting 'Chrome' driver

2020-06-05 12:49:32 - [MESSAGE][INFO] - Action delay is set to 0 milliseconds

2020-06-05 12:49:36 - [MESSAGE][PASSED] - Browser is opened with url: ''

2020-06-05 12:49:36 - [TEST_STEP][PASSED] - navigateToUrl("http://localhost:8065/login"): Navigate to 'http://localhost:8065/login' successfully

2020-06-05 12:49:37 - [MESSAGE][PASSED] - Navigate to 'http://localhost:8065/login' successfully

2020-06-05 12:49:37 - [TEST_STEP][PASSED] - setText(findTestObject("Object Repository/1612893/37_Set_a_header/Page_Mattermost/input_All team communication in one place s_703ef5"), "hcmus-cdnc"): Text 'hcmus-cdnc' is set on object 'Object Repository/1612893/37_Set_a_header/Page_Mattermost/input_All team communication in one place s_703ef5'

2020-06-05 12:49:39 - [MESSAGE][PASSED] - Text 'hcmus-cdnc' is set on object 'Object Repository/1612893/37_Set_a_header/Page_Mattermost/input_All team communication in one place s_703ef5'

2020-06-05 12:49:39 - [TEST_STEP][PASSED] - setEncryptedText(findTestObject("Object Repository/1612893/37_Set_a_header/Page_Mattermost/input_All team communication in one place s_2f2733"), "aeHFOx8jV/A="): Text ****** has been set on object 'Object Repository/1612893/37_Set_a_header/Page_Mattermost/input_All team communication in one place s_2f2733'

2020-06-05 12:49:40 - [MESSAGE][PASSED] - Text ****** has been set on object 'Object Repository/1612893/37_Set_a_header/Page_Mattermost/input_All team communication in one place s_2f2733'

2020-06-05 12:49:40 - [TEST_STEP][PASSED] - sendKeys(findTestObject("Object Repository/1612893/37_Set_a_header/Page_Mattermost/input_All team communication in one place s_2f2733"), Keys.chord(ENTER)): Keys 'ENTER + ' sent to object: 'Object Repository/1612893/37_Set_a_header/Page_Mattermost/input_All team communication in one place s_2f2733'

2020-06-05 12:49:41 - [MESSAGE][PASSED] - Keys 'ENTER + ' sent to object: 'Object Repository/1612893/37_Set_a_header/Page_Mattermost/input_All team communication in one place s_2f2733'

2020-06-05 12:49:41 - [TEST_STEP][FAILED] - click(findTestObject("Object Repository/1612893/37_Set_a_header/Page_Thanh set Channel name - hcmus-cdnc-te_a699a0/button_Set a Header")): Unable to click on object 'Object Repository/1612893/37_Set_a_header/Page_Thanh set Channel name - hcmus-cdnc-te_a699a0/button_Set a Header' (Root cause: com.kms.katalon.core.exception.StepFailedException: Unable to click on object 'Object Repository/1612893/37_Set_a_header/Page_Thanh set Channel name - hcmus-cdnc-te_a699a0/button_Set a Header'
	at com.kms.katalon.core.webui.keyword.internal.WebUIKeywordMain.stepFailed(WebUIKeywordMain.groovy:64)
	at com.kms.katalon.core.webui.keyword.internal.WebUIKeywordMain.runKeyword(WebUIKeywordMain.groovy:26)
	at com.kms.katalon.core.webui.keyword.builtin.ClickKeyword.click(ClickKeyword.groovy:76)
	at com.kms.katalon.core.webui.keyword.builtin.ClickKeyword.execute(ClickKeyword.groovy:43)
	at com.kms.katalon.core.keyword.internal.KeywordExecutor.executeKeywordForPlatform(KeywordExecutor.groovy:72)
	at com.kms.katalon.core.webui.keyword.WebUiBuiltInKeywords.click(WebUiBuiltInKeywords.groovy:616)
	at com.kms.katalon.core.webui.keyword.WebUiBuiltInKeywords$click$3.call(Unknown Source)
	at TC_37_Set_a_header.run(TC_37_Set_a_header:32)
	at com.kms.katalon.core.main.ScriptEngine.run(ScriptEngine.java:194)
	at com.kms.katalon.core.main.ScriptEngine.runScriptAsRawText(ScriptEngine.java:119)
	at com.kms.katalon.core.main.TestCaseExecutor.runScript(TestCaseExecutor.java:337)
	at com.kms.katalon.core.main.TestCaseExecutor.doExecute(TestCaseExecutor.java:328)
	at com.kms.katalon.core.main.TestCaseExecutor.processExecutionPhase(TestCaseExecutor.java:307)
	at com.kms.katalon.core.main.TestCaseExecutor.accessMainPhase(TestCaseExecutor.java:299)
	at com.kms.katalon.core.main.TestCaseExecutor.execute(TestCaseExecutor.java:233)
	at com.kms.katalon.core.main.TestSuiteExecutor.accessTestCaseMainPhase(TestSuiteExecutor.java:169)
	at com.kms.katalon.core.main.TestSuiteExecutor.accessTestSuiteMainPhase(TestSuiteExecutor.java:142)
	at com.kms.katalon.core.main.TestSuiteExecutor.execute(TestSuiteExecutor.java:91)
	at com.kms.katalon.core.main.TestCaseMain.startTestSuite(TestCaseMain.java:157)
	at com.kms.katalon.core.main.TestCaseMain$startTestSuite$0.call(Unknown Source)
	at TempTestSuite1591335489835.run(TempTestSuite1591335489835.groovy:37)
Caused by: com.kms.katalon.core.webui.exception.WebElementNotFoundException: Web element with id: 'Object Repository/1612893/37_Set_a_header/Page_Thanh set Channel name - hcmus-cdnc-te_a699a0/button_Set a Header' located by 'By.xpath: //div[@id='channelIntro']/button[2]' not found
	at com.kms.katalon.core.webui.common.WebUiCommonHelper.findWebElement(WebUiCommonHelper.java:1154)
	at com.kms.katalon.core.webui.keyword.internal.WebUIAbstractKeyword.findWebElement(WebUIAbstractKeyword.groovy:27)
	at com.kms.katalon.core.webui.keyword.internal.WebUIAbstractKeyword.findWebElement(WebUIAbstractKeyword.groovy:26)
	at com.kms.katalon.core.webui.keyword.builtin.ClickKeyword$_click_closure1.doCall(ClickKeyword.groovy:67)
	at com.kms.katalon.core.webui.keyword.builtin.ClickKeyword$_click_closure1.call(ClickKeyword.groovy)
	at com.kms.katalon.core.webui.keyword.internal.WebUIKeywordMain.runKeyword(WebUIKeywordMain.groovy:20)
	at com.kms.katalon.core.webui.keyword.builtin.ClickKeyword.click(ClickKeyword.groovy:76)
	at com.kms.katalon.core.webui.keyword.builtin.ClickKeyword.execute(ClickKeyword.groovy:43)
	at com.kms.katalon.core.keyword.internal.KeywordExecutor.executeKeywordForPlatform(KeywordExecutor.groovy:72)
	at com.kms.katalon.core.webui.keyword.WebUiBuiltInKeywords.click(WebUiBuiltInKeywords.groovy:616)
	at com.kms.katalon.core.webui.keyword.WebUiBuiltInKeywords$click$3.call(Unknown Source)
	at Script1591173004583.run(Script1591173004583.groovy:32)
	... 13 more
)

2020-06-05 12:50:27 - [MESSAGE][INFO] - Unable to find the element located by 'By.xpath: //div[@id='channelIntro']/button[2]'. Please recheck the objects properties to make sure the desired element is located. 

2020-06-05 12:50:27 - [MESSAGE][FAILED] - Unable to click on object 'Object Repository/1612893/37_Set_a_header/Page_Thanh set Channel name - hcmus-cdnc-te_a699a0/button_Set a Header' (Root cause: com.kms.katalon.core.exception.StepFailedException: Unable to click on object 'Object Repository/1612893/37_Set_a_header/Page_Thanh set Channel name - hcmus-cdnc-te_a699a0/button_Set a Header'
	at com.kms.katalon.core.webui.keyword.internal.WebUIKeywordMain.stepFailed(WebUIKeywordMain.groovy:64)
	at com.kms.katalon.core.webui.keyword.internal.WebUIKeywordMain.runKeyword(WebUIKeywordMain.groovy:26)
	at com.kms.katalon.core.webui.keyword.builtin.ClickKeyword.click(ClickKeyword.groovy:76)
	at com.kms.katalon.core.webui.keyword.builtin.ClickKeyword.execute(ClickKeyword.groovy:43)
	at com.kms.katalon.core.keyword.internal.KeywordExecutor.executeKeywordForPlatform(KeywordExecutor.groovy:72)
	at com.kms.katalon.core.webui.keyword.WebUiBuiltInKeywords.click(WebUiBuiltInKeywords.groovy:616)
	at com.kms.katalon.core.webui.keyword.WebUiBuiltInKeywords$click$3.call(Unknown Source)
	at TC_37_Set_a_header.run(TC_37_Set_a_header:32)
	at com.kms.katalon.core.main.ScriptEngine.run(ScriptEngine.java:194)
	at com.kms.katalon.core.main.ScriptEngine.runScriptAsRawText(ScriptEngine.java:119)
	at com.kms.katalon.core.main.TestCaseExecutor.runScript(TestCaseExecutor.java:337)
	at com.kms.katalon.core.main.TestCaseExecutor.doExecute(TestCaseExecutor.java:328)
	at com.kms.katalon.core.main.TestCaseExecutor.processExecutionPhase(TestCaseExecutor.java:307)
	at com.kms.katalon.core.main.TestCaseExecutor.accessMainPhase(TestCaseExecutor.java:299)
	at com.kms.katalon.core.main.TestCaseExecutor.execute(TestCaseExecutor.java:233)
	at com.kms.katalon.core.main.TestSuiteExecutor.accessTestCaseMainPhase(TestSuiteExecutor.java:169)
	at com.kms.katalon.core.main.TestSuiteExecutor.accessTestSuiteMainPhase(TestSuiteExecutor.java:142)
	at com.kms.katalon.core.main.TestSuiteExecutor.execute(TestSuiteExecutor.java:91)
	at com.kms.katalon.core.main.TestCaseMain.startTestSuite(TestCaseMain.java:157)
	at com.kms.katalon.core.main.TestCaseMain$startTestSuite$0.call(Unknown Source)
	at TempTestSuite1591335489835.run(TempTestSuite1591335489835.groovy:37)
Caused by: com.kms.katalon.core.webui.exception.WebElementNotFoundException: Web element with id: 'Object Repository/1612893/37_Set_a_header/Page_Thanh set Channel name - hcmus-cdnc-te_a699a0/button_Set a Header' located by 'By.xpath: //div[@id='channelIntro']/button[2]' not found
	at com.kms.katalon.core.webui.common.WebUiCommonHelper.findWebElement(WebUiCommonHelper.java:1154)
	at com.kms.katalon.core.webui.keyword.internal.WebUIAbstractKeyword.findWebElement(WebUIAbstractKeyword.groovy:27)
	at com.kms.katalon.core.webui.keyword.internal.WebUIAbstractKeyword.findWebElement(WebUIAbstractKeyword.groovy:26)
	at com.kms.katalon.core.webui.keyword.builtin.ClickKeyword$_click_closure1.doCall(ClickKeyword.groovy:67)
	at com.kms.katalon.core.webui.keyword.builtin.ClickKeyword$_click_closure1.call(ClickKeyword.groovy)
	at com.kms.katalon.core.webui.keyword.internal.WebUIKeywordMain.runKeyword(WebUIKeywordMain.groovy:20)
	at com.kms.katalon.core.webui.keyword.builtin.ClickKeyword.click(ClickKeyword.groovy:76)
	at com.kms.katalon.core.webui.keyword.builtin.ClickKeyword.execute(ClickKeyword.groovy:43)
	at com.kms.katalon.core.keyword.internal.KeywordExecutor.executeKeywordForPlatform(KeywordExecutor.groovy:72)
	at com.kms.katalon.core.webui.keyword.WebUiBuiltInKeywords.click(WebUiBuiltInKeywords.groovy:616)
	at com.kms.katalon.core.webui.keyword.WebUiBuiltInKeywords$click$3.call(Unknown Source)
	at Script1591173004583.run(Script1591173004583.groovy:32)
	... 13 more
)
[[ATTACHMENT|C:\\Users\\Thanh\\Desktop\\github.com\\New folder (2)\\homeword02-mattermost-katalon\\Reports\\20200605_123809\\Run all test cases\\20200605_123809\\1591336227372.png]]]]></system-out>
         <system-err><![CDATA[2020-06-05 12:49:32 - [TEST_CASE][FAILED] - Test Cases/1612893/TC_37_Set_a_header: Test Cases/1612893/TC_37_Set_a_header FAILED.
Reason:
com.kms.katalon.core.exception.StepFailedException: Unable to click on object 'Object Repository/1612893/37_Set_a_header/Page_Thanh set Channel name - hcmus-cdnc-te_a699a0/button_Set a Header'
	at com.kms.katalon.core.webui.keyword.internal.WebUIKeywordMain.stepFailed(WebUIKeywordMain.groovy:64)
	at com.kms.katalon.core.webui.keyword.internal.WebUIKeywordMain.runKeyword(WebUIKeywordMain.groovy:26)
	at com.kms.katalon.core.webui.keyword.builtin.ClickKeyword.click(ClickKeyword.groovy:76)
	at com.kms.katalon.core.webui.keyword.builtin.ClickKeyword.execute(ClickKeyword.groovy:43)
	at com.kms.katalon.core.keyword.internal.KeywordExecutor.executeKeywordForPlatform(KeywordExecutor.groovy:72)
	at com.kms.katalon.core.webui.keyword.WebUiBuiltInKeywords.click(WebUiBuiltInKeywords.groovy:616)
	at com.kms.katalon.core.webui.keyword.WebUiBuiltInKeywords$click$3.call(Unknown Source)
	at TC_37_Set_a_header.run(TC_37_Set_a_header:32)
	at com.kms.katalon.core.main.ScriptEngine.run(ScriptEngine.java:194)
	at com.kms.katalon.core.main.ScriptEngine.runScriptAsRawText(ScriptEngine.java:119)
	at com.kms.katalon.core.main.TestCaseExecutor.runScript(TestCaseExecutor.java:337)
	at com.kms.katalon.core.main.TestCaseExecutor.doExecute(TestCaseExecutor.java:328)
	at com.kms.katalon.core.main.TestCaseExecutor.processExecutionPhase(TestCaseExecutor.java:307)
	at com.kms.katalon.core.main.TestCaseExecutor.accessMainPhase(TestCaseExecutor.java:299)
	at com.kms.katalon.core.main.TestCaseExecutor.execute(TestCaseExecutor.java:233)
	at com.kms.katalon.core.main.TestSuiteExecutor.accessTestCaseMainPhase(TestSuiteExecutor.java:169)
	at com.kms.katalon.core.main.TestSuiteExecutor.accessTestSuiteMainPhase(TestSuiteExecutor.java:142)
	at com.kms.katalon.core.main.TestSuiteExecutor.execute(TestSuiteExecutor.java:91)
	at com.kms.katalon.core.main.TestCaseMain.startTestSuite(TestCaseMain.java:157)
	at com.kms.katalon.core.main.TestCaseMain$startTestSuite$0.call(Unknown Source)
	at TempTestSuite1591335489835.run(TempTestSuite1591335489835.groovy:37)
Caused by: com.kms.katalon.core.webui.exception.WebElementNotFoundException: Web element with id: 'Object Repository/1612893/37_Set_a_header/Page_Thanh set Channel name - hcmus-cdnc-te_a699a0/button_Set a Header' located by 'By.xpath: //div[@id='channelIntro']/button[2]' not found
	at com.kms.katalon.core.webui.common.WebUiCommonHelper.findWebElement(WebUiCommonHelper.java:1154)
	at com.kms.katalon.core.webui.keyword.internal.WebUIAbstractKeyword.findWebElement(WebUIAbstractKeyword.groovy:27)
	at com.kms.katalon.core.webui.keyword.internal.WebUIAbstractKeyword.findWebElement(WebUIAbstractKeyword.groovy:26)
	at com.kms.katalon.core.webui.keyword.builtin.ClickKeyword$_click_closure1.doCall(ClickKeyword.groovy:67)
	at com.kms.katalon.core.webui.keyword.builtin.ClickKeyword$_click_closure1.call(ClickKeyword.groovy)
	at com.kms.katalon.core.webui.keyword.internal.WebUIKeywordMain.runKeyword(WebUIKeywordMain.groovy:20)
	... 19 more]]></system-err>
      </testcase>
      <testcase name="Test Cases/1612893/TC_37_Set_a_header" time="56.114" classname="Test Cases/1612893/TC_37_Set_a_header" status="FAILED">
         <failure type="FAILED" message="Test Cases/1612893/TC_37_Set_a_header FAILED.
Reason:
com.kms.katalon.core.exception.StepFailedException: Unable to click on object 'Object Repository/1612893/37_Set_a_header/Page_Thanh set Channel name - hcmus-cdnc-te_a699a0/button_Set a Header'
	at com.kms.katalon.core.webui.keyword.internal.WebUIKeywordMain.stepFailed(WebUIKeywordMain.groovy:64)
	at com.kms.katalon.core.webui.keyword.internal.WebUIKeywordMain.runKeyword(WebUIKeywordMain.groovy:26)
	at com.kms.katalon.core.webui.keyword.builtin.ClickKeyword.click(ClickKeyword.groovy:76)
	at com.kms.katalon.core.webui.keyword.builtin.ClickKeyword.execute(ClickKeyword.groovy:43)
	at com.kms.katalon.core.keyword.internal.KeywordExecutor.executeKeywordForPlatform(KeywordExecutor.groovy:72)
	at com.kms.katalon.core.webui.keyword.WebUiBuiltInKeywords.click(WebUiBuiltInKeywords.groovy:616)
	at com.kms.katalon.core.webui.keyword.WebUiBuiltInKeywords$click$3.call(Unknown Source)
	at TC_37_Set_a_header.run(TC_37_Set_a_header:32)
	at com.kms.katalon.core.main.ScriptEngine.run(ScriptEngine.java:194)
	at com.kms.katalon.core.main.ScriptEngine.runScriptAsRawText(ScriptEngine.java:119)
	at com.kms.katalon.core.main.TestCaseExecutor.runScript(TestCaseExecutor.java:337)
	at com.kms.katalon.core.main.TestCaseExecutor.doExecute(TestCaseExecutor.java:328)
	at com.kms.katalon.core.main.TestCaseExecutor.processExecutionPhase(TestCaseExecutor.java:307)
	at com.kms.katalon.core.main.TestCaseExecutor.accessMainPhase(TestCaseExecutor.java:299)
	at com.kms.katalon.core.main.TestCaseExecutor.execute(TestCaseExecutor.java:233)
	at com.kms.katalon.core.main.TestSuiteExecutor.accessTestCaseMainPhase(TestSuiteExecutor.java:169)
	at com.kms.katalon.core.main.TestSuiteExecutor.accessTestSuiteMainPhase(TestSuiteExecutor.java:142)
	at com.kms.katalon.core.main.TestSuiteExecutor.execute(TestSuiteExecutor.java:91)
	at com.kms.katalon.core.main.TestCaseMain.startTestSuite(TestCaseMain.java:157)
	at com.kms.katalon.core.main.TestCaseMain$startTestSuite$0.call(Unknown Source)
	at TempTestSuite1591335489835.run(TempTestSuite1591335489835.groovy:37)
Caused by: com.kms.katalon.core.webui.exception.WebElementNotFoundException: Web element with id: 'Object Repository/1612893/37_Set_a_header/Page_Thanh set Channel name - hcmus-cdnc-te_a699a0/button_Set a Header' located by 'By.xpath: //div[@id='channelIntro']/button[2]' not found
	at com.kms.katalon.core.webui.common.WebUiCommonHelper.findWebElement(WebUiCommonHelper.java:1154)
	at com.kms.katalon.core.webui.keyword.internal.WebUIAbstractKeyword.findWebElement(WebUIAbstractKeyword.groovy:27)
	at com.kms.katalon.core.webui.keyword.internal.WebUIAbstractKeyword.findWebElement(WebUIAbstractKeyword.groovy:26)
	at com.kms.katalon.core.webui.keyword.builtin.ClickKeyword$_click_closure1.doCall(ClickKeyword.groovy:67)
	at com.kms.katalon.core.webui.keyword.builtin.ClickKeyword$_click_closure1.call(ClickKeyword.groovy)
	at com.kms.katalon.core.webui.keyword.internal.WebUIKeywordMain.runKeyword(WebUIKeywordMain.groovy:20)
	... 19 more
"/>
         <system-out><![CDATA[2020-06-05 12:50:27 - [TEST_CASE][FAILED] - Test Cases/1612893/TC_37_Set_a_header: Test Cases/1612893/TC_37_Set_a_header FAILED.
Reason:
com.kms.katalon.core.exception.StepFailedException: Unable to click on object 'Object Repository/1612893/37_Set_a_header/Page_Thanh set Channel name - hcmus-cdnc-te_a699a0/button_Set a Header'
	at com.kms.katalon.core.webui.keyword.internal.WebUIKeywordMain.stepFailed(WebUIKeywordMain.groovy:64)
	at com.kms.katalon.core.webui.keyword.internal.WebUIKeywordMain.runKeyword(WebUIKeywordMain.groovy:26)
	at com.kms.katalon.core.webui.keyword.builtin.ClickKeyword.click(ClickKeyword.groovy:76)
	at com.kms.katalon.core.webui.keyword.builtin.ClickKeyword.execute(ClickKeyword.groovy:43)
	at com.kms.katalon.core.keyword.internal.KeywordExecutor.executeKeywordForPlatform(KeywordExecutor.groovy:72)
	at com.kms.katalon.core.webui.keyword.WebUiBuiltInKeywords.click(WebUiBuiltInKeywords.groovy:616)
	at com.kms.katalon.core.webui.keyword.WebUiBuiltInKeywords$click$3.call(Unknown Source)
	at TC_37_Set_a_header.run(TC_37_Set_a_header:32)
	at com.kms.katalon.core.main.ScriptEngine.run(ScriptEngine.java:194)
	at com.kms.katalon.core.main.ScriptEngine.runScriptAsRawText(ScriptEngine.java:119)
	at com.kms.katalon.core.main.TestCaseExecutor.runScript(TestCaseExecutor.java:337)
	at com.kms.katalon.core.main.TestCaseExecutor.doExecute(TestCaseExecutor.java:328)
	at com.kms.katalon.core.main.TestCaseExecutor.processExecutionPhase(TestCaseExecutor.java:307)
	at com.kms.katalon.core.main.TestCaseExecutor.accessMainPhase(TestCaseExecutor.java:299)
	at com.kms.katalon.core.main.TestCaseExecutor.execute(TestCaseExecutor.java:233)
	at com.kms.katalon.core.main.TestSuiteExecutor.accessTestCaseMainPhase(TestSuiteExecutor.java:169)
	at com.kms.katalon.core.main.TestSuiteExecutor.accessTestSuiteMainPhase(TestSuiteExecutor.java:142)
	at com.kms.katalon.core.main.TestSuiteExecutor.execute(TestSuiteExecutor.java:91)
	at com.kms.katalon.core.main.TestCaseMain.startTestSuite(TestCaseMain.java:157)
	at com.kms.katalon.core.main.TestCaseMain$startTestSuite$0.call(Unknown Source)
	at TempTestSuite1591335489835.run(TempTestSuite1591335489835.groovy:37)
Caused by: com.kms.katalon.core.webui.exception.WebElementNotFoundException: Web element with id: 'Object Repository/1612893/37_Set_a_header/Page_Thanh set Channel name - hcmus-cdnc-te_a699a0/button_Set a Header' located by 'By.xpath: //div[@id='channelIntro']/button[2]' not found
	at com.kms.katalon.core.webui.common.WebUiCommonHelper.findWebElement(WebUiCommonHelper.java:1154)
	at com.kms.katalon.core.webui.keyword.internal.WebUIAbstractKeyword.findWebElement(WebUIAbstractKeyword.groovy:27)
	at com.kms.katalon.core.webui.keyword.internal.WebUIAbstractKeyword.findWebElement(WebUIAbstractKeyword.groovy:26)
	at com.kms.katalon.core.webui.keyword.builtin.ClickKeyword$_click_closure1.doCall(ClickKeyword.groovy:67)
	at com.kms.katalon.core.webui.keyword.builtin.ClickKeyword$_click_closure1.call(ClickKeyword.groovy)
	at com.kms.katalon.core.webui.keyword.internal.WebUIKeywordMain.runKeyword(WebUIKeywordMain.groovy:20)
	... 19 more


2020-06-05 12:50:27 - [TEST_STEP][PASSED] - openBrowser(""): Browser is opened with url: ''

2020-06-05 12:50:27 - [MESSAGE][WARNING] - A browser is already opened. Closing browser and opening a new one

2020-06-05 12:50:28 - [MESSAGE][INFO] - Starting 'Chrome' driver

2020-06-05 12:50:28 - [MESSAGE][INFO] - Action delay is set to 0 milliseconds

2020-06-05 12:50:31 - [MESSAGE][PASSED] - Browser is opened with url: ''

2020-06-05 12:50:31 - [TEST_STEP][PASSED] - navigateToUrl("http://localhost:8065/login"): Navigate to 'http://localhost:8065/login' successfully

2020-06-05 12:50:33 - [MESSAGE][PASSED] - Navigate to 'http://localhost:8065/login' successfully

2020-06-05 12:50:33 - [TEST_STEP][PASSED] - setText(findTestObject("Object Repository/1612893/37_Set_a_header/Page_Mattermost/input_All team communication in one place s_703ef5"), "hcmus-cdnc"): Text 'hcmus-cdnc' is set on object 'Object Repository/1612893/37_Set_a_header/Page_Mattermost/input_All team communication in one place s_703ef5'

2020-06-05 12:50:35 - [MESSAGE][PASSED] - Text 'hcmus-cdnc' is set on object 'Object Repository/1612893/37_Set_a_header/Page_Mattermost/input_All team communication in one place s_703ef5'

2020-06-05 12:50:35 - [TEST_STEP][PASSED] - setEncryptedText(findTestObject("Object Repository/1612893/37_Set_a_header/Page_Mattermost/input_All team communication in one place s_2f2733"), "aeHFOx8jV/A="): Text ****** has been set on object 'Object Repository/1612893/37_Set_a_header/Page_Mattermost/input_All team communication in one place s_2f2733'

2020-06-05 12:50:36 - [MESSAGE][PASSED] - Text ****** has been set on object 'Object Repository/1612893/37_Set_a_header/Page_Mattermost/input_All team communication in one place s_2f2733'

2020-06-05 12:50:36 - [TEST_STEP][PASSED] - sendKeys(findTestObject("Object Repository/1612893/37_Set_a_header/Page_Mattermost/input_All team communication in one place s_2f2733"), Keys.chord(ENTER)): Keys 'ENTER + ' sent to object: 'Object Repository/1612893/37_Set_a_header/Page_Mattermost/input_All team communication in one place s_2f2733'

2020-06-05 12:50:36 - [MESSAGE][PASSED] - Keys 'ENTER + ' sent to object: 'Object Repository/1612893/37_Set_a_header/Page_Mattermost/input_All team communication in one place s_2f2733'

2020-06-05 12:50:36 - [TEST_STEP][FAILED] - click(findTestObject("Object Repository/1612893/37_Set_a_header/Page_Thanh set Channel name - hcmus-cdnc-te_a699a0/button_Set a Header")): Unable to click on object 'Object Repository/1612893/37_Set_a_header/Page_Thanh set Channel name - hcmus-cdnc-te_a699a0/button_Set a Header' (Root cause: com.kms.katalon.core.exception.StepFailedException: Unable to click on object 'Object Repository/1612893/37_Set_a_header/Page_Thanh set Channel name - hcmus-cdnc-te_a699a0/button_Set a Header'
	at com.kms.katalon.core.webui.keyword.internal.WebUIKeywordMain.stepFailed(WebUIKeywordMain.groovy:64)
	at com.kms.katalon.core.webui.keyword.internal.WebUIKeywordMain.runKeyword(WebUIKeywordMain.groovy:26)
	at com.kms.katalon.core.webui.keyword.builtin.ClickKeyword.click(ClickKeyword.groovy:76)
	at com.kms.katalon.core.webui.keyword.builtin.ClickKeyword.execute(ClickKeyword.groovy:43)
	at com.kms.katalon.core.keyword.internal.KeywordExecutor.executeKeywordForPlatform(KeywordExecutor.groovy:72)
	at com.kms.katalon.core.webui.keyword.WebUiBuiltInKeywords.click(WebUiBuiltInKeywords.groovy:616)
	at com.kms.katalon.core.webui.keyword.WebUiBuiltInKeywords$click$3.call(Unknown Source)
	at TC_37_Set_a_header.run(TC_37_Set_a_header:32)
	at com.kms.katalon.core.main.ScriptEngine.run(ScriptEngine.java:194)
	at com.kms.katalon.core.main.ScriptEngine.runScriptAsRawText(ScriptEngine.java:119)
	at com.kms.katalon.core.main.TestCaseExecutor.runScript(TestCaseExecutor.java:337)
	at com.kms.katalon.core.main.TestCaseExecutor.doExecute(TestCaseExecutor.java:328)
	at com.kms.katalon.core.main.TestCaseExecutor.processExecutionPhase(TestCaseExecutor.java:307)
	at com.kms.katalon.core.main.TestCaseExecutor.accessMainPhase(TestCaseExecutor.java:299)
	at com.kms.katalon.core.main.TestCaseExecutor.execute(TestCaseExecutor.java:233)
	at com.kms.katalon.core.main.TestSuiteExecutor.accessTestCaseMainPhase(TestSuiteExecutor.java:169)
	at com.kms.katalon.core.main.TestSuiteExecutor.accessTestSuiteMainPhase(TestSuiteExecutor.java:142)
	at com.kms.katalon.core.main.TestSuiteExecutor.execute(TestSuiteExecutor.java:91)
	at com.kms.katalon.core.main.TestCaseMain.startTestSuite(TestCaseMain.java:157)
	at com.kms.katalon.core.main.TestCaseMain$startTestSuite$0.call(Unknown Source)
	at TempTestSuite1591335489835.run(TempTestSuite1591335489835.groovy:37)
Caused by: com.kms.katalon.core.webui.exception.WebElementNotFoundException: Web element with id: 'Object Repository/1612893/37_Set_a_header/Page_Thanh set Channel name - hcmus-cdnc-te_a699a0/button_Set a Header' located by 'By.xpath: //div[@id='channelIntro']/button[2]' not found
	at com.kms.katalon.core.webui.common.WebUiCommonHelper.findWebElement(WebUiCommonHelper.java:1154)
	at com.kms.katalon.core.webui.keyword.internal.WebUIAbstractKeyword.findWebElement(WebUIAbstractKeyword.groovy:27)
	at com.kms.katalon.core.webui.keyword.internal.WebUIAbstractKeyword.findWebElement(WebUIAbstractKeyword.groovy:26)
	at com.kms.katalon.core.webui.keyword.builtin.ClickKeyword$_click_closure1.doCall(ClickKeyword.groovy:67)
	at com.kms.katalon.core.webui.keyword.builtin.ClickKeyword$_click_closure1.call(ClickKeyword.groovy)
	at com.kms.katalon.core.webui.keyword.internal.WebUIKeywordMain.runKeyword(WebUIKeywordMain.groovy:20)
	at com.kms.katalon.core.webui.keyword.builtin.ClickKeyword.click(ClickKeyword.groovy:76)
	at com.kms.katalon.core.webui.keyword.builtin.ClickKeyword.execute(ClickKeyword.groovy:43)
	at com.kms.katalon.core.keyword.internal.KeywordExecutor.executeKeywordForPlatform(KeywordExecutor.groovy:72)
	at com.kms.katalon.core.webui.keyword.WebUiBuiltInKeywords.click(WebUiBuiltInKeywords.groovy:616)
	at com.kms.katalon.core.webui.keyword.WebUiBuiltInKeywords$click$3.call(Unknown Source)
	at Script1591173004583.run(Script1591173004583.groovy:32)
	... 13 more
)

2020-06-05 12:51:23 - [MESSAGE][INFO] - Unable to find the element located by 'By.xpath: //div[@id='channelIntro']/button[2]'. Please recheck the objects properties to make sure the desired element is located. 

2020-06-05 12:51:23 - [MESSAGE][FAILED] - Unable to click on object 'Object Repository/1612893/37_Set_a_header/Page_Thanh set Channel name - hcmus-cdnc-te_a699a0/button_Set a Header' (Root cause: com.kms.katalon.core.exception.StepFailedException: Unable to click on object 'Object Repository/1612893/37_Set_a_header/Page_Thanh set Channel name - hcmus-cdnc-te_a699a0/button_Set a Header'
	at com.kms.katalon.core.webui.keyword.internal.WebUIKeywordMain.stepFailed(WebUIKeywordMain.groovy:64)
	at com.kms.katalon.core.webui.keyword.internal.WebUIKeywordMain.runKeyword(WebUIKeywordMain.groovy:26)
	at com.kms.katalon.core.webui.keyword.builtin.ClickKeyword.click(ClickKeyword.groovy:76)
	at com.kms.katalon.core.webui.keyword.builtin.ClickKeyword.execute(ClickKeyword.groovy:43)
	at com.kms.katalon.core.keyword.internal.KeywordExecutor.executeKeywordForPlatform(KeywordExecutor.groovy:72)
	at com.kms.katalon.core.webui.keyword.WebUiBuiltInKeywords.click(WebUiBuiltInKeywords.groovy:616)
	at com.kms.katalon.core.webui.keyword.WebUiBuiltInKeywords$click$3.call(Unknown Source)
	at TC_37_Set_a_header.run(TC_37_Set_a_header:32)
	at com.kms.katalon.core.main.ScriptEngine.run(ScriptEngine.java:194)
	at com.kms.katalon.core.main.ScriptEngine.runScriptAsRawText(ScriptEngine.java:119)
	at com.kms.katalon.core.main.TestCaseExecutor.runScript(TestCaseExecutor.java:337)
	at com.kms.katalon.core.main.TestCaseExecutor.doExecute(TestCaseExecutor.java:328)
	at com.kms.katalon.core.main.TestCaseExecutor.processExecutionPhase(TestCaseExecutor.java:307)
	at com.kms.katalon.core.main.TestCaseExecutor.accessMainPhase(TestCaseExecutor.java:299)
	at com.kms.katalon.core.main.TestCaseExecutor.execute(TestCaseExecutor.java:233)
	at com.kms.katalon.core.main.TestSuiteExecutor.accessTestCaseMainPhase(TestSuiteExecutor.java:169)
	at com.kms.katalon.core.main.TestSuiteExecutor.accessTestSuiteMainPhase(TestSuiteExecutor.java:142)
	at com.kms.katalon.core.main.TestSuiteExecutor.execute(TestSuiteExecutor.java:91)
	at com.kms.katalon.core.main.TestCaseMain.startTestSuite(TestCaseMain.java:157)
	at com.kms.katalon.core.main.TestCaseMain$startTestSuite$0.call(Unknown Source)
	at TempTestSuite1591335489835.run(TempTestSuite1591335489835.groovy:37)
Caused by: com.kms.katalon.core.webui.exception.WebElementNotFoundException: Web element with id: 'Object Repository/1612893/37_Set_a_header/Page_Thanh set Channel name - hcmus-cdnc-te_a699a0/button_Set a Header' located by 'By.xpath: //div[@id='channelIntro']/button[2]' not found
	at com.kms.katalon.core.webui.common.WebUiCommonHelper.findWebElement(WebUiCommonHelper.java:1154)
	at com.kms.katalon.core.webui.keyword.internal.WebUIAbstractKeyword.findWebElement(WebUIAbstractKeyword.groovy:27)
	at com.kms.katalon.core.webui.keyword.internal.WebUIAbstractKeyword.findWebElement(WebUIAbstractKeyword.groovy:26)
	at com.kms.katalon.core.webui.keyword.builtin.ClickKeyword$_click_closure1.doCall(ClickKeyword.groovy:67)
	at com.kms.katalon.core.webui.keyword.builtin.ClickKeyword$_click_closure1.call(ClickKeyword.groovy)
	at com.kms.katalon.core.webui.keyword.internal.WebUIKeywordMain.runKeyword(WebUIKeywordMain.groovy:20)
	at com.kms.katalon.core.webui.keyword.builtin.ClickKeyword.click(ClickKeyword.groovy:76)
	at com.kms.katalon.core.webui.keyword.builtin.ClickKeyword.execute(ClickKeyword.groovy:43)
	at com.kms.katalon.core.keyword.internal.KeywordExecutor.executeKeywordForPlatform(KeywordExecutor.groovy:72)
	at com.kms.katalon.core.webui.keyword.WebUiBuiltInKeywords.click(WebUiBuiltInKeywords.groovy:616)
	at com.kms.katalon.core.webui.keyword.WebUiBuiltInKeywords$click$3.call(Unknown Source)
	at Script1591173004583.run(Script1591173004583.groovy:32)
	... 13 more
)
[[ATTACHMENT|C:\\Users\\Thanh\\Desktop\\github.com\\New folder (2)\\homeword02-mattermost-katalon\\Reports\\20200605_123809\\Run all test cases\\20200605_123809\\1591336283519.png]]]]></system-out>
         <system-err><![CDATA[2020-06-05 12:50:27 - [TEST_CASE][FAILED] - Test Cases/1612893/TC_37_Set_a_header: Test Cases/1612893/TC_37_Set_a_header FAILED.
Reason:
com.kms.katalon.core.exception.StepFailedException: Unable to click on object 'Object Repository/1612893/37_Set_a_header/Page_Thanh set Channel name - hcmus-cdnc-te_a699a0/button_Set a Header'
	at com.kms.katalon.core.webui.keyword.internal.WebUIKeywordMain.stepFailed(WebUIKeywordMain.groovy:64)
	at com.kms.katalon.core.webui.keyword.internal.WebUIKeywordMain.runKeyword(WebUIKeywordMain.groovy:26)
	at com.kms.katalon.core.webui.keyword.builtin.ClickKeyword.click(ClickKeyword.groovy:76)
	at com.kms.katalon.core.webui.keyword.builtin.ClickKeyword.execute(ClickKeyword.groovy:43)
	at com.kms.katalon.core.keyword.internal.KeywordExecutor.executeKeywordForPlatform(KeywordExecutor.groovy:72)
	at com.kms.katalon.core.webui.keyword.WebUiBuiltInKeywords.click(WebUiBuiltInKeywords.groovy:616)
	at com.kms.katalon.core.webui.keyword.WebUiBuiltInKeywords$click$3.call(Unknown Source)
	at TC_37_Set_a_header.run(TC_37_Set_a_header:32)
	at com.kms.katalon.core.main.ScriptEngine.run(ScriptEngine.java:194)
	at com.kms.katalon.core.main.ScriptEngine.runScriptAsRawText(ScriptEngine.java:119)
	at com.kms.katalon.core.main.TestCaseExecutor.runScript(TestCaseExecutor.java:337)
	at com.kms.katalon.core.main.TestCaseExecutor.doExecute(TestCaseExecutor.java:328)
	at com.kms.katalon.core.main.TestCaseExecutor.processExecutionPhase(TestCaseExecutor.java:307)
	at com.kms.katalon.core.main.TestCaseExecutor.accessMainPhase(TestCaseExecutor.java:299)
	at com.kms.katalon.core.main.TestCaseExecutor.execute(TestCaseExecutor.java:233)
	at com.kms.katalon.core.main.TestSuiteExecutor.accessTestCaseMainPhase(TestSuiteExecutor.java:169)
	at com.kms.katalon.core.main.TestSuiteExecutor.accessTestSuiteMainPhase(TestSuiteExecutor.java:142)
	at com.kms.katalon.core.main.TestSuiteExecutor.execute(TestSuiteExecutor.java:91)
	at com.kms.katalon.core.main.TestCaseMain.startTestSuite(TestCaseMain.java:157)
	at com.kms.katalon.core.main.TestCaseMain$startTestSuite$0.call(Unknown Source)
	at TempTestSuite1591335489835.run(TempTestSuite1591335489835.groovy:37)
Caused by: com.kms.katalon.core.webui.exception.WebElementNotFoundException: Web element with id: 'Object Repository/1612893/37_Set_a_header/Page_Thanh set Channel name - hcmus-cdnc-te_a699a0/button_Set a Header' located by 'By.xpath: //div[@id='channelIntro']/button[2]' not found
	at com.kms.katalon.core.webui.common.WebUiCommonHelper.findWebElement(WebUiCommonHelper.java:1154)
	at com.kms.katalon.core.webui.keyword.internal.WebUIAbstractKeyword.findWebElement(WebUIAbstractKeyword.groovy:27)
	at com.kms.katalon.core.webui.keyword.internal.WebUIAbstractKeyword.findWebElement(WebUIAbstractKeyword.groovy:26)
	at com.kms.katalon.core.webui.keyword.builtin.ClickKeyword$_click_closure1.doCall(ClickKeyword.groovy:67)
	at com.kms.katalon.core.webui.keyword.builtin.ClickKeyword$_click_closure1.call(ClickKeyword.groovy)
	at com.kms.katalon.core.webui.keyword.internal.WebUIKeywordMain.runKeyword(WebUIKeywordMain.groovy:20)
	... 19 more]]></system-err>
      </testcase>
      <testcase name="Test Cases/1612893/TC_38_Rename_Channel" time="18.249" classname="Test Cases/1612893/TC_38_Rename_Channel" status="PASSED">
         <system-out><![CDATA[2020-06-05 12:51:23 - [TEST_CASE][PASSED] - Test Cases/1612893/TC_38_Rename_Channel: Test Cases/1612893/TC_38_Rename_Channel

2020-06-05 12:51:24 - [TEST_STEP][PASSED] - openBrowser(""): Browser is opened with url: ''

2020-06-05 12:51:24 - [MESSAGE][WARNING] - A browser is already opened. Closing browser and opening a new one

2020-06-05 12:51:24 - [MESSAGE][INFO] - Starting 'Chrome' driver

2020-06-05 12:51:24 - [MESSAGE][INFO] - Action delay is set to 0 milliseconds

2020-06-05 12:51:28 - [MESSAGE][PASSED] - Browser is opened with url: ''

2020-06-05 12:51:28 - [TEST_STEP][PASSED] - navigateToUrl("http://localhost:8065/login"): Navigate to 'http://localhost:8065/login' successfully

2020-06-05 12:51:30 - [MESSAGE][PASSED] - Navigate to 'http://localhost:8065/login' successfully

2020-06-05 12:51:30 - [TEST_STEP][PASSED] - setText(findTestObject("Object Repository/1612893/38_Rename_channel/Page_Mattermost/input_All team communication in one place s_703ef5"), "hcmus-cdnc"): Text 'hcmus-cdnc' is set on object 'Object Repository/1612893/38_Rename_channel/Page_Mattermost/input_All team communication in one place s_703ef5'

2020-06-05 12:51:32 - [MESSAGE][PASSED] - Text 'hcmus-cdnc' is set on object 'Object Repository/1612893/38_Rename_channel/Page_Mattermost/input_All team communication in one place s_703ef5'

2020-06-05 12:51:32 - [TEST_STEP][PASSED] - setEncryptedText(findTestObject("Object Repository/1612893/38_Rename_channel/Page_Mattermost/input_All team communication in one place s_2f2733"), "aeHFOx8jV/A="): Text ****** has been set on object 'Object Repository/1612893/38_Rename_channel/Page_Mattermost/input_All team communication in one place s_2f2733'

2020-06-05 12:51:33 - [MESSAGE][PASSED] - Text ****** has been set on object 'Object Repository/1612893/38_Rename_channel/Page_Mattermost/input_All team communication in one place s_2f2733'

2020-06-05 12:51:33 - [TEST_STEP][PASSED] - click(findTestObject("Object Repository/1612893/38_Rename_channel/Page_Mattermost/span_Sign in")): Object: 'Object Repository/1612893/38_Rename_channel/Page_Mattermost/span_Sign in' is clicked on

2020-06-05 12:51:34 - [MESSAGE][PASSED] - Object: 'Object Repository/1612893/38_Rename_channel/Page_Mattermost/span_Sign in' is clicked on

2020-06-05 12:51:34 - [TEST_STEP][PASSED] - click(findTestObject("Object Repository/1612893/38_Rename_channel/Page_Town Square - hcmus-cdnc-team Mattermost/span_Town Square_channelHeaderDropdownIcon")): Object: 'Object Repository/1612893/38_Rename_channel/Page_Town Square - hcmus-cdnc-team Mattermost/span_Town Square_channelHeaderDropdownIcon' is clicked on

2020-06-05 12:51:37 - [MESSAGE][PASSED] - Object: 'Object Repository/1612893/38_Rename_channel/Page_Town Square - hcmus-cdnc-team Mattermost/span_Town Square_channelHeaderDropdownIcon' is clicked on

2020-06-05 12:51:37 - [TEST_STEP][PASSED] - click(findTestObject("Object Repository/1612893/38_Rename_channel/Page_Town Square - hcmus-cdnc-team Mattermost/span_Rename Channel")): Object: 'Object Repository/1612893/38_Rename_channel/Page_Town Square - hcmus-cdnc-team Mattermost/span_Rename Channel' is clicked on

2020-06-05 12:51:38 - [MESSAGE][PASSED] - Object: 'Object Repository/1612893/38_Rename_channel/Page_Town Square - hcmus-cdnc-team Mattermost/span_Rename Channel' is clicked on

2020-06-05 12:51:38 - [TEST_STEP][PASSED] - setText(findTestObject("Object Repository/1612893/38_Rename_channel/Page_Town Square - hcmus-cdnc-team Mattermost/input_Display Name_display_name"), channelName): Text '1234565789087654334564576543234576433425764' is set on object 'Object Repository/1612893/38_Rename_channel/Page_Town Square - hcmus-cdnc-team Mattermost/input_Display Name_display_name'

2020-06-05 12:51:40 - [MESSAGE][PASSED] - Text '1234565789087654334564576543234576433425764' is set on object 'Object Repository/1612893/38_Rename_channel/Page_Town Square - hcmus-cdnc-team Mattermost/input_Display Name_display_name'

2020-06-05 12:51:40 - [TEST_STEP][PASSED] - click(findTestObject("Object Repository/1612893/38_Rename_channel/Page_Town Square - hcmus-cdnc-team Mattermost/span_Save")): Object: 'Object Repository/1612893/38_Rename_channel/Page_Town Square - hcmus-cdnc-team Mattermost/span_Save' is clicked on

2020-06-05 12:51:41 - [MESSAGE][PASSED] - Object: 'Object Repository/1612893/38_Rename_channel/Page_Town Square - hcmus-cdnc-team Mattermost/span_Save' is clicked on

2020-06-05 12:51:41 - [TEST_STEP][PASSED] - closeBrowser(): Browser is closed

2020-06-05 12:51:42 - [MESSAGE][PASSED] - Browser is closed]]></system-out>
         <system-err><![CDATA[]]></system-err>
      </testcase>
      <testcase name="Test Cases/1612893/TC_38_Rename_Channel" time="16.381" classname="Test Cases/1612893/TC_38_Rename_Channel" status="PASSED">
         <system-out><![CDATA[2020-06-05 12:51:42 - [TEST_CASE][PASSED] - Test Cases/1612893/TC_38_Rename_Channel: Test Cases/1612893/TC_38_Rename_Channel

2020-06-05 12:51:42 - [TEST_STEP][PASSED] - openBrowser(""): Browser is opened with url: ''

2020-06-05 12:51:42 - [MESSAGE][INFO] - Starting 'Chrome' driver

2020-06-05 12:51:42 - [MESSAGE][INFO] - Action delay is set to 0 milliseconds

2020-06-05 12:51:45 - [MESSAGE][PASSED] - Browser is opened with url: ''

2020-06-05 12:51:45 - [TEST_STEP][PASSED] - navigateToUrl("http://localhost:8065/login"): Navigate to 'http://localhost:8065/login' successfully

2020-06-05 12:51:47 - [MESSAGE][PASSED] - Navigate to 'http://localhost:8065/login' successfully

2020-06-05 12:51:47 - [TEST_STEP][PASSED] - setText(findTestObject("Object Repository/1612893/38_Rename_channel/Page_Mattermost/input_All team communication in one place s_703ef5"), "hcmus-cdnc"): Text 'hcmus-cdnc' is set on object 'Object Repository/1612893/38_Rename_channel/Page_Mattermost/input_All team communication in one place s_703ef5'

2020-06-05 12:51:50 - [MESSAGE][PASSED] - Text 'hcmus-cdnc' is set on object 'Object Repository/1612893/38_Rename_channel/Page_Mattermost/input_All team communication in one place s_703ef5'

2020-06-05 12:51:50 - [TEST_STEP][PASSED] - setEncryptedText(findTestObject("Object Repository/1612893/38_Rename_channel/Page_Mattermost/input_All team communication in one place s_2f2733"), "aeHFOx8jV/A="): Text ****** has been set on object 'Object Repository/1612893/38_Rename_channel/Page_Mattermost/input_All team communication in one place s_2f2733'

2020-06-05 12:51:50 - [MESSAGE][PASSED] - Text ****** has been set on object 'Object Repository/1612893/38_Rename_channel/Page_Mattermost/input_All team communication in one place s_2f2733'

2020-06-05 12:51:50 - [TEST_STEP][PASSED] - click(findTestObject("Object Repository/1612893/38_Rename_channel/Page_Mattermost/span_Sign in")): Object: 'Object Repository/1612893/38_Rename_channel/Page_Mattermost/span_Sign in' is clicked on

2020-06-05 12:51:51 - [MESSAGE][PASSED] - Object: 'Object Repository/1612893/38_Rename_channel/Page_Mattermost/span_Sign in' is clicked on

2020-06-05 12:51:51 - [TEST_STEP][PASSED] - click(findTestObject("Object Repository/1612893/38_Rename_channel/Page_Town Square - hcmus-cdnc-team Mattermost/span_Town Square_channelHeaderDropdownIcon")): Object: 'Object Repository/1612893/38_Rename_channel/Page_Town Square - hcmus-cdnc-team Mattermost/span_Town Square_channelHeaderDropdownIcon' is clicked on

2020-06-05 12:51:54 - [MESSAGE][PASSED] - Object: 'Object Repository/1612893/38_Rename_channel/Page_Town Square - hcmus-cdnc-team Mattermost/span_Town Square_channelHeaderDropdownIcon' is clicked on

2020-06-05 12:51:54 - [TEST_STEP][PASSED] - click(findTestObject("Object Repository/1612893/38_Rename_channel/Page_Town Square - hcmus-cdnc-team Mattermost/span_Rename Channel")): Object: 'Object Repository/1612893/38_Rename_channel/Page_Town Square - hcmus-cdnc-team Mattermost/span_Rename Channel' is clicked on

2020-06-05 12:51:55 - [MESSAGE][PASSED] - Object: 'Object Repository/1612893/38_Rename_channel/Page_Town Square - hcmus-cdnc-team Mattermost/span_Rename Channel' is clicked on

2020-06-05 12:51:55 - [TEST_STEP][PASSED] - setText(findTestObject("Object Repository/1612893/38_Rename_channel/Page_Town Square - hcmus-cdnc-team Mattermost/input_Display Name_display_name"), channelName): Text 'RGDETHRDFE' is set on object 'Object Repository/1612893/38_Rename_channel/Page_Town Square - hcmus-cdnc-team Mattermost/input_Display Name_display_name'

2020-06-05 12:51:57 - [MESSAGE][PASSED] - Text 'RGDETHRDFE' is set on object 'Object Repository/1612893/38_Rename_channel/Page_Town Square - hcmus-cdnc-team Mattermost/input_Display Name_display_name'

2020-06-05 12:51:57 - [TEST_STEP][PASSED] - click(findTestObject("Object Repository/1612893/38_Rename_channel/Page_Town Square - hcmus-cdnc-team Mattermost/span_Save")): Object: 'Object Repository/1612893/38_Rename_channel/Page_Town Square - hcmus-cdnc-team Mattermost/span_Save' is clicked on

2020-06-05 12:51:57 - [MESSAGE][PASSED] - Object: 'Object Repository/1612893/38_Rename_channel/Page_Town Square - hcmus-cdnc-team Mattermost/span_Save' is clicked on

2020-06-05 12:51:57 - [TEST_STEP][PASSED] - closeBrowser(): Browser is closed

2020-06-05 12:51:58 - [MESSAGE][PASSED] - Browser is closed]]></system-out>
         <system-err><![CDATA[]]></system-err>
      </testcase>
      <testcase name="Test Cases/1612893/TC_38_Rename_Channel" time="16.119" classname="Test Cases/1612893/TC_38_Rename_Channel" status="PASSED">
         <system-out><![CDATA[2020-06-05 12:51:58 - [TEST_CASE][PASSED] - Test Cases/1612893/TC_38_Rename_Channel: Test Cases/1612893/TC_38_Rename_Channel

2020-06-05 12:51:58 - [TEST_STEP][PASSED] - openBrowser(""): Browser is opened with url: ''

2020-06-05 12:51:58 - [MESSAGE][INFO] - Starting 'Chrome' driver

2020-06-05 12:51:58 - [MESSAGE][INFO] - Action delay is set to 0 milliseconds

2020-06-05 12:52:01 - [MESSAGE][PASSED] - Browser is opened with url: ''

2020-06-05 12:52:01 - [TEST_STEP][PASSED] - navigateToUrl("http://localhost:8065/login"): Navigate to 'http://localhost:8065/login' successfully

2020-06-05 12:52:04 - [MESSAGE][PASSED] - Navigate to 'http://localhost:8065/login' successfully

2020-06-05 12:52:04 - [TEST_STEP][PASSED] - setText(findTestObject("Object Repository/1612893/38_Rename_channel/Page_Mattermost/input_All team communication in one place s_703ef5"), "hcmus-cdnc"): Text 'hcmus-cdnc' is set on object 'Object Repository/1612893/38_Rename_channel/Page_Mattermost/input_All team communication in one place s_703ef5'

2020-06-05 12:52:05 - [MESSAGE][PASSED] - Text 'hcmus-cdnc' is set on object 'Object Repository/1612893/38_Rename_channel/Page_Mattermost/input_All team communication in one place s_703ef5'

2020-06-05 12:52:05 - [TEST_STEP][PASSED] - setEncryptedText(findTestObject("Object Repository/1612893/38_Rename_channel/Page_Mattermost/input_All team communication in one place s_2f2733"), "aeHFOx8jV/A="): Text ****** has been set on object 'Object Repository/1612893/38_Rename_channel/Page_Mattermost/input_All team communication in one place s_2f2733'

2020-06-05 12:52:06 - [MESSAGE][PASSED] - Text ****** has been set on object 'Object Repository/1612893/38_Rename_channel/Page_Mattermost/input_All team communication in one place s_2f2733'

2020-06-05 12:52:06 - [TEST_STEP][PASSED] - click(findTestObject("Object Repository/1612893/38_Rename_channel/Page_Mattermost/span_Sign in")): Object: 'Object Repository/1612893/38_Rename_channel/Page_Mattermost/span_Sign in' is clicked on

2020-06-05 12:52:07 - [MESSAGE][PASSED] - Object: 'Object Repository/1612893/38_Rename_channel/Page_Mattermost/span_Sign in' is clicked on

2020-06-05 12:52:07 - [TEST_STEP][PASSED] - click(findTestObject("Object Repository/1612893/38_Rename_channel/Page_Town Square - hcmus-cdnc-team Mattermost/span_Town Square_channelHeaderDropdownIcon")): Object: 'Object Repository/1612893/38_Rename_channel/Page_Town Square - hcmus-cdnc-team Mattermost/span_Town Square_channelHeaderDropdownIcon' is clicked on

2020-06-05 12:52:10 - [MESSAGE][PASSED] - Object: 'Object Repository/1612893/38_Rename_channel/Page_Town Square - hcmus-cdnc-team Mattermost/span_Town Square_channelHeaderDropdownIcon' is clicked on

2020-06-05 12:52:10 - [TEST_STEP][PASSED] - click(findTestObject("Object Repository/1612893/38_Rename_channel/Page_Town Square - hcmus-cdnc-team Mattermost/span_Rename Channel")): Object: 'Object Repository/1612893/38_Rename_channel/Page_Town Square - hcmus-cdnc-team Mattermost/span_Rename Channel' is clicked on

2020-06-05 12:52:11 - [MESSAGE][PASSED] - Object: 'Object Repository/1612893/38_Rename_channel/Page_Town Square - hcmus-cdnc-team Mattermost/span_Rename Channel' is clicked on

2020-06-05 12:52:11 - [TEST_STEP][PASSED] - setText(findTestObject("Object Repository/1612893/38_Rename_channel/Page_Town Square - hcmus-cdnc-team Mattermost/input_Display Name_display_name"), channelName): Text '%$##^$#%#%' is set on object 'Object Repository/1612893/38_Rename_channel/Page_Town Square - hcmus-cdnc-team Mattermost/input_Display Name_display_name'

2020-06-05 12:52:13 - [MESSAGE][PASSED] - Text '%$##^$#%#%' is set on object 'Object Repository/1612893/38_Rename_channel/Page_Town Square - hcmus-cdnc-team Mattermost/input_Display Name_display_name'

2020-06-05 12:52:13 - [TEST_STEP][PASSED] - click(findTestObject("Object Repository/1612893/38_Rename_channel/Page_Town Square - hcmus-cdnc-team Mattermost/span_Save")): Object: 'Object Repository/1612893/38_Rename_channel/Page_Town Square - hcmus-cdnc-team Mattermost/span_Save' is clicked on

2020-06-05 12:52:13 - [MESSAGE][PASSED] - Object: 'Object Repository/1612893/38_Rename_channel/Page_Town Square - hcmus-cdnc-team Mattermost/span_Save' is clicked on

2020-06-05 12:52:13 - [TEST_STEP][PASSED] - closeBrowser(): Browser is closed

2020-06-05 12:52:14 - [MESSAGE][PASSED] - Browser is closed]]></system-out>
         <system-err><![CDATA[]]></system-err>
      </testcase>
      <testcase name="Test Cases/1612893/TC_38_Rename_Channel" time="15.386" classname="Test Cases/1612893/TC_38_Rename_Channel" status="PASSED">
         <system-out><![CDATA[2020-06-05 12:52:14 - [TEST_CASE][PASSED] - Test Cases/1612893/TC_38_Rename_Channel: Test Cases/1612893/TC_38_Rename_Channel

2020-06-05 12:52:14 - [TEST_STEP][PASSED] - openBrowser(""): Browser is opened with url: ''

2020-06-05 12:52:14 - [MESSAGE][INFO] - Starting 'Chrome' driver

2020-06-05 12:52:14 - [MESSAGE][INFO] - Action delay is set to 0 milliseconds

2020-06-05 12:52:18 - [MESSAGE][PASSED] - Browser is opened with url: ''

2020-06-05 12:52:18 - [TEST_STEP][PASSED] - navigateToUrl("http://localhost:8065/login"): Navigate to 'http://localhost:8065/login' successfully

2020-06-05 12:52:19 - [MESSAGE][PASSED] - Navigate to 'http://localhost:8065/login' successfully

2020-06-05 12:52:19 - [TEST_STEP][PASSED] - setText(findTestObject("Object Repository/1612893/38_Rename_channel/Page_Mattermost/input_All team communication in one place s_703ef5"), "hcmus-cdnc"): Text 'hcmus-cdnc' is set on object 'Object Repository/1612893/38_Rename_channel/Page_Mattermost/input_All team communication in one place s_703ef5'

2020-06-05 12:52:21 - [MESSAGE][PASSED] - Text 'hcmus-cdnc' is set on object 'Object Repository/1612893/38_Rename_channel/Page_Mattermost/input_All team communication in one place s_703ef5'

2020-06-05 12:52:21 - [TEST_STEP][PASSED] - setEncryptedText(findTestObject("Object Repository/1612893/38_Rename_channel/Page_Mattermost/input_All team communication in one place s_2f2733"), "aeHFOx8jV/A="): Text ****** has been set on object 'Object Repository/1612893/38_Rename_channel/Page_Mattermost/input_All team communication in one place s_2f2733'

2020-06-05 12:52:22 - [MESSAGE][PASSED] - Text ****** has been set on object 'Object Repository/1612893/38_Rename_channel/Page_Mattermost/input_All team communication in one place s_2f2733'

2020-06-05 12:52:22 - [TEST_STEP][PASSED] - click(findTestObject("Object Repository/1612893/38_Rename_channel/Page_Mattermost/span_Sign in")): Object: 'Object Repository/1612893/38_Rename_channel/Page_Mattermost/span_Sign in' is clicked on

2020-06-05 12:52:22 - [MESSAGE][PASSED] - Object: 'Object Repository/1612893/38_Rename_channel/Page_Mattermost/span_Sign in' is clicked on

2020-06-05 12:52:22 - [TEST_STEP][PASSED] - click(findTestObject("Object Repository/1612893/38_Rename_channel/Page_Town Square - hcmus-cdnc-team Mattermost/span_Town Square_channelHeaderDropdownIcon")): Object: 'Object Repository/1612893/38_Rename_channel/Page_Town Square - hcmus-cdnc-team Mattermost/span_Town Square_channelHeaderDropdownIcon' is clicked on

2020-06-05 12:52:26 - [MESSAGE][PASSED] - Object: 'Object Repository/1612893/38_Rename_channel/Page_Town Square - hcmus-cdnc-team Mattermost/span_Town Square_channelHeaderDropdownIcon' is clicked on

2020-06-05 12:52:26 - [TEST_STEP][PASSED] - click(findTestObject("Object Repository/1612893/38_Rename_channel/Page_Town Square - hcmus-cdnc-team Mattermost/span_Rename Channel")): Object: 'Object Repository/1612893/38_Rename_channel/Page_Town Square - hcmus-cdnc-team Mattermost/span_Rename Channel' is clicked on

2020-06-05 12:52:27 - [MESSAGE][PASSED] - Object: 'Object Repository/1612893/38_Rename_channel/Page_Town Square - hcmus-cdnc-team Mattermost/span_Rename Channel' is clicked on

2020-06-05 12:52:27 - [TEST_STEP][PASSED] - setText(findTestObject("Object Repository/1612893/38_Rename_channel/Page_Town Square - hcmus-cdnc-team Mattermost/input_Display Name_display_name"), channelName): Text '<html><html>' is set on object 'Object Repository/1612893/38_Rename_channel/Page_Town Square - hcmus-cdnc-team Mattermost/input_Display Name_display_name'

2020-06-05 12:52:28 - [MESSAGE][PASSED] - Text '<html><html>' is set on object 'Object Repository/1612893/38_Rename_channel/Page_Town Square - hcmus-cdnc-team Mattermost/input_Display Name_display_name'

2020-06-05 12:52:28 - [TEST_STEP][PASSED] - click(findTestObject("Object Repository/1612893/38_Rename_channel/Page_Town Square - hcmus-cdnc-team Mattermost/span_Save")): Object: 'Object Repository/1612893/38_Rename_channel/Page_Town Square - hcmus-cdnc-team Mattermost/span_Save' is clicked on

2020-06-05 12:52:29 - [MESSAGE][PASSED] - Object: 'Object Repository/1612893/38_Rename_channel/Page_Town Square - hcmus-cdnc-team Mattermost/span_Save' is clicked on

2020-06-05 12:52:29 - [TEST_STEP][PASSED] - closeBrowser(): Browser is closed

2020-06-05 12:52:30 - [MESSAGE][PASSED] - Browser is closed]]></system-out>
         <system-err><![CDATA[]]></system-err>
      </testcase>
      <testcase name="Test Cases/1612893/TC_38_Rename_Channel" time="15.466" classname="Test Cases/1612893/TC_38_Rename_Channel" status="PASSED">
         <system-out><![CDATA[2020-06-05 12:52:30 - [TEST_CASE][PASSED] - Test Cases/1612893/TC_38_Rename_Channel: Test Cases/1612893/TC_38_Rename_Channel

2020-06-05 12:52:30 - [TEST_STEP][PASSED] - openBrowser(""): Browser is opened with url: ''

2020-06-05 12:52:30 - [MESSAGE][INFO] - Starting 'Chrome' driver

2020-06-05 12:52:30 - [MESSAGE][INFO] - Action delay is set to 0 milliseconds

2020-06-05 12:52:33 - [MESSAGE][PASSED] - Browser is opened with url: ''

2020-06-05 12:52:33 - [TEST_STEP][PASSED] - navigateToUrl("http://localhost:8065/login"): Navigate to 'http://localhost:8065/login' successfully

2020-06-05 12:52:35 - [MESSAGE][PASSED] - Navigate to 'http://localhost:8065/login' successfully

2020-06-05 12:52:35 - [TEST_STEP][PASSED] - setText(findTestObject("Object Repository/1612893/38_Rename_channel/Page_Mattermost/input_All team communication in one place s_703ef5"), "hcmus-cdnc"): Text 'hcmus-cdnc' is set on object 'Object Repository/1612893/38_Rename_channel/Page_Mattermost/input_All team communication in one place s_703ef5'

2020-06-05 12:52:36 - [MESSAGE][PASSED] - Text 'hcmus-cdnc' is set on object 'Object Repository/1612893/38_Rename_channel/Page_Mattermost/input_All team communication in one place s_703ef5'

2020-06-05 12:52:36 - [TEST_STEP][PASSED] - setEncryptedText(findTestObject("Object Repository/1612893/38_Rename_channel/Page_Mattermost/input_All team communication in one place s_2f2733"), "aeHFOx8jV/A="): Text ****** has been set on object 'Object Repository/1612893/38_Rename_channel/Page_Mattermost/input_All team communication in one place s_2f2733'

2020-06-05 12:52:37 - [MESSAGE][PASSED] - Text ****** has been set on object 'Object Repository/1612893/38_Rename_channel/Page_Mattermost/input_All team communication in one place s_2f2733'

2020-06-05 12:52:37 - [TEST_STEP][PASSED] - click(findTestObject("Object Repository/1612893/38_Rename_channel/Page_Mattermost/span_Sign in")): Object: 'Object Repository/1612893/38_Rename_channel/Page_Mattermost/span_Sign in' is clicked on

2020-06-05 12:52:38 - [MESSAGE][PASSED] - Object: 'Object Repository/1612893/38_Rename_channel/Page_Mattermost/span_Sign in' is clicked on

2020-06-05 12:52:38 - [TEST_STEP][PASSED] - click(findTestObject("Object Repository/1612893/38_Rename_channel/Page_Town Square - hcmus-cdnc-team Mattermost/span_Town Square_channelHeaderDropdownIcon")): Object: 'Object Repository/1612893/38_Rename_channel/Page_Town Square - hcmus-cdnc-team Mattermost/span_Town Square_channelHeaderDropdownIcon' is clicked on

2020-06-05 12:52:41 - [MESSAGE][PASSED] - Object: 'Object Repository/1612893/38_Rename_channel/Page_Town Square - hcmus-cdnc-team Mattermost/span_Town Square_channelHeaderDropdownIcon' is clicked on

2020-06-05 12:52:41 - [TEST_STEP][PASSED] - click(findTestObject("Object Repository/1612893/38_Rename_channel/Page_Town Square - hcmus-cdnc-team Mattermost/span_Rename Channel")): Object: 'Object Repository/1612893/38_Rename_channel/Page_Town Square - hcmus-cdnc-team Mattermost/span_Rename Channel' is clicked on

2020-06-05 12:52:42 - [MESSAGE][PASSED] - Object: 'Object Repository/1612893/38_Rename_channel/Page_Town Square - hcmus-cdnc-team Mattermost/span_Rename Channel' is clicked on

2020-06-05 12:52:42 - [TEST_STEP][PASSED] - setText(findTestObject("Object Repository/1612893/38_Rename_channel/Page_Town Square - hcmus-cdnc-team Mattermost/input_Display Name_display_name"), channelName): Text 'Thanh set Channel name' is set on object 'Object Repository/1612893/38_Rename_channel/Page_Town Square - hcmus-cdnc-team Mattermost/input_Display Name_display_name'

2020-06-05 12:52:44 - [MESSAGE][PASSED] - Text 'Thanh set Channel name' is set on object 'Object Repository/1612893/38_Rename_channel/Page_Town Square - hcmus-cdnc-team Mattermost/input_Display Name_display_name'

2020-06-05 12:52:44 - [TEST_STEP][PASSED] - click(findTestObject("Object Repository/1612893/38_Rename_channel/Page_Town Square - hcmus-cdnc-team Mattermost/span_Save")): Object: 'Object Repository/1612893/38_Rename_channel/Page_Town Square - hcmus-cdnc-team Mattermost/span_Save' is clicked on

2020-06-05 12:52:44 - [MESSAGE][PASSED] - Object: 'Object Repository/1612893/38_Rename_channel/Page_Town Square - hcmus-cdnc-team Mattermost/span_Save' is clicked on

2020-06-05 12:52:44 - [TEST_STEP][PASSED] - closeBrowser(): Browser is closed

2020-06-05 12:52:45 - [MESSAGE][PASSED] - Browser is closed]]></system-out>
         <system-err><![CDATA[]]></system-err>
      </testcase>
      <testcase name="Test Cases/1612893/TC_39_Edit_channel_purpose" time="15.868" classname="Test Cases/1612893/TC_39_Edit_channel_purpose" status="PASSED">
         <system-out><![CDATA[2020-06-05 12:52:45 - [TEST_CASE][PASSED] - Test Cases/1612893/TC_39_Edit_channel_purpose: Test Cases/1612893/TC_39_Edit_channel_purpose

2020-06-05 12:52:45 - [TEST_STEP][PASSED] - openBrowser(""): Browser is opened with url: ''

2020-06-05 12:52:45 - [MESSAGE][INFO] - Starting 'Chrome' driver

2020-06-05 12:52:45 - [MESSAGE][INFO] - Action delay is set to 0 milliseconds

2020-06-05 12:52:49 - [MESSAGE][PASSED] - Browser is opened with url: ''

2020-06-05 12:52:49 - [TEST_STEP][PASSED] - navigateToUrl("http://localhost:8065/login"): Navigate to 'http://localhost:8065/login' successfully

2020-06-05 12:52:51 - [MESSAGE][PASSED] - Navigate to 'http://localhost:8065/login' successfully

2020-06-05 12:52:51 - [TEST_STEP][PASSED] - setText(findTestObject("Object Repository/1612893/39_Edit_channel_purpose/Page_Mattermost/input_All team communication in one place s_703ef5"), "hcmus-cdnc"): Text 'hcmus-cdnc' is set on object 'Object Repository/1612893/39_Edit_channel_purpose/Page_Mattermost/input_All team communication in one place s_703ef5'

2020-06-05 12:52:53 - [MESSAGE][PASSED] - Text 'hcmus-cdnc' is set on object 'Object Repository/1612893/39_Edit_channel_purpose/Page_Mattermost/input_All team communication in one place s_703ef5'

2020-06-05 12:52:53 - [TEST_STEP][PASSED] - setEncryptedText(findTestObject("Object Repository/1612893/39_Edit_channel_purpose/Page_Mattermost/input_All team communication in one place s_2f2733"), "aeHFOx8jV/A="): Text ****** has been set on object 'Object Repository/1612893/39_Edit_channel_purpose/Page_Mattermost/input_All team communication in one place s_2f2733'

2020-06-05 12:52:53 - [MESSAGE][PASSED] - Text ****** has been set on object 'Object Repository/1612893/39_Edit_channel_purpose/Page_Mattermost/input_All team communication in one place s_2f2733'

2020-06-05 12:52:53 - [TEST_STEP][PASSED] - click(findTestObject("Object Repository/1612893/39_Edit_channel_purpose/Page_Mattermost/span_Sign in")): Object: 'Object Repository/1612893/39_Edit_channel_purpose/Page_Mattermost/span_Sign in' is clicked on

2020-06-05 12:52:54 - [MESSAGE][PASSED] - Object: 'Object Repository/1612893/39_Edit_channel_purpose/Page_Mattermost/span_Sign in' is clicked on

2020-06-05 12:52:54 - [TEST_STEP][PASSED] - click(findTestObject("Object Repository/1612893/39_Edit_channel_purpose/Page_Thanh set Channel name - hcmus-cdnc-te_a699a0/span_Thanh set Channel name_channelHeaderDr_8caf36")): Object: 'Object Repository/1612893/39_Edit_channel_purpose/Page_Thanh set Channel name - hcmus-cdnc-te_a699a0/span_Thanh set Channel name_channelHeaderDr_8caf36' is clicked on

2020-06-05 12:52:57 - [MESSAGE][PASSED] - Object: 'Object Repository/1612893/39_Edit_channel_purpose/Page_Thanh set Channel name - hcmus-cdnc-te_a699a0/span_Thanh set Channel name_channelHeaderDr_8caf36' is clicked on

2020-06-05 12:52:57 - [TEST_STEP][PASSED] - click(findTestObject("Object Repository/1612893/39_Edit_channel_purpose/Page_Thanh set Channel name - hcmus-cdnc-te_a699a0/span_Edit Channel Purpose")): Object: 'Object Repository/1612893/39_Edit_channel_purpose/Page_Thanh set Channel name - hcmus-cdnc-te_a699a0/span_Edit Channel Purpose' is clicked on

2020-06-05 12:52:58 - [MESSAGE][PASSED] - Object: 'Object Repository/1612893/39_Edit_channel_purpose/Page_Thanh set Channel name - hcmus-cdnc-te_a699a0/span_Edit Channel Purpose' is clicked on

2020-06-05 12:52:58 - [TEST_STEP][PASSED] - setText(findTestObject("Object Repository/1612893/39_Edit_channel_purpose/Page_Thanh set Channel name - hcmus-cdnc-te_a699a0/textarea_Thanh set Channel name_form-contro_b51f21"), channelPurpose): Text 'THANH' is set on object 'Object Repository/1612893/39_Edit_channel_purpose/Page_Thanh set Channel name - hcmus-cdnc-te_a699a0/textarea_Thanh set Channel name_form-contro_b51f21'

2020-06-05 12:52:59 - [MESSAGE][PASSED] - Text 'THANH' is set on object 'Object Repository/1612893/39_Edit_channel_purpose/Page_Thanh set Channel name - hcmus-cdnc-te_a699a0/textarea_Thanh set Channel name_form-contro_b51f21'

2020-06-05 12:52:59 - [TEST_STEP][PASSED] - click(findTestObject("Object Repository/1612893/39_Edit_channel_purpose/Page_Thanh set Channel name - hcmus-cdnc-te_a699a0/span_Save")): Object: 'Object Repository/1612893/39_Edit_channel_purpose/Page_Thanh set Channel name - hcmus-cdnc-te_a699a0/span_Save' is clicked on

2020-06-05 12:53:00 - [MESSAGE][PASSED] - Object: 'Object Repository/1612893/39_Edit_channel_purpose/Page_Thanh set Channel name - hcmus-cdnc-te_a699a0/span_Save' is clicked on

2020-06-05 12:53:00 - [TEST_STEP][PASSED] - closeBrowser(): Browser is closed

2020-06-05 12:53:01 - [MESSAGE][PASSED] - Browser is closed]]></system-out>
         <system-err><![CDATA[]]></system-err>
      </testcase>
      <testcase name="Test Cases/1612893/TC_39_Edit_channel_purpose" time="15.908" classname="Test Cases/1612893/TC_39_Edit_channel_purpose" status="PASSED">
         <system-out><![CDATA[2020-06-05 12:53:01 - [TEST_CASE][PASSED] - Test Cases/1612893/TC_39_Edit_channel_purpose: Test Cases/1612893/TC_39_Edit_channel_purpose

2020-06-05 12:53:01 - [TEST_STEP][PASSED] - openBrowser(""): Browser is opened with url: ''

2020-06-05 12:53:01 - [MESSAGE][INFO] - Starting 'Chrome' driver

2020-06-05 12:53:01 - [MESSAGE][INFO] - Action delay is set to 0 milliseconds

2020-06-05 12:53:04 - [MESSAGE][PASSED] - Browser is opened with url: ''

2020-06-05 12:53:04 - [TEST_STEP][PASSED] - navigateToUrl("http://localhost:8065/login"): Navigate to 'http://localhost:8065/login' successfully

2020-06-05 12:53:06 - [MESSAGE][PASSED] - Navigate to 'http://localhost:8065/login' successfully

2020-06-05 12:53:06 - [TEST_STEP][PASSED] - setText(findTestObject("Object Repository/1612893/39_Edit_channel_purpose/Page_Mattermost/input_All team communication in one place s_703ef5"), "hcmus-cdnc"): Text 'hcmus-cdnc' is set on object 'Object Repository/1612893/39_Edit_channel_purpose/Page_Mattermost/input_All team communication in one place s_703ef5'

2020-06-05 12:53:08 - [MESSAGE][PASSED] - Text 'hcmus-cdnc' is set on object 'Object Repository/1612893/39_Edit_channel_purpose/Page_Mattermost/input_All team communication in one place s_703ef5'

2020-06-05 12:53:08 - [TEST_STEP][PASSED] - setEncryptedText(findTestObject("Object Repository/1612893/39_Edit_channel_purpose/Page_Mattermost/input_All team communication in one place s_2f2733"), "aeHFOx8jV/A="): Text ****** has been set on object 'Object Repository/1612893/39_Edit_channel_purpose/Page_Mattermost/input_All team communication in one place s_2f2733'

2020-06-05 12:53:09 - [MESSAGE][PASSED] - Text ****** has been set on object 'Object Repository/1612893/39_Edit_channel_purpose/Page_Mattermost/input_All team communication in one place s_2f2733'

2020-06-05 12:53:09 - [TEST_STEP][PASSED] - click(findTestObject("Object Repository/1612893/39_Edit_channel_purpose/Page_Mattermost/span_Sign in")): Object: 'Object Repository/1612893/39_Edit_channel_purpose/Page_Mattermost/span_Sign in' is clicked on

2020-06-05 12:53:09 - [MESSAGE][PASSED] - Object: 'Object Repository/1612893/39_Edit_channel_purpose/Page_Mattermost/span_Sign in' is clicked on

2020-06-05 12:53:09 - [TEST_STEP][PASSED] - click(findTestObject("Object Repository/1612893/39_Edit_channel_purpose/Page_Thanh set Channel name - hcmus-cdnc-te_a699a0/span_Thanh set Channel name_channelHeaderDr_8caf36")): Object: 'Object Repository/1612893/39_Edit_channel_purpose/Page_Thanh set Channel name - hcmus-cdnc-te_a699a0/span_Thanh set Channel name_channelHeaderDr_8caf36' is clicked on

2020-06-05 12:53:14 - [MESSAGE][PASSED] - Object: 'Object Repository/1612893/39_Edit_channel_purpose/Page_Thanh set Channel name - hcmus-cdnc-te_a699a0/span_Thanh set Channel name_channelHeaderDr_8caf36' is clicked on

2020-06-05 12:53:14 - [TEST_STEP][PASSED] - click(findTestObject("Object Repository/1612893/39_Edit_channel_purpose/Page_Thanh set Channel name - hcmus-cdnc-te_a699a0/span_Edit Channel Purpose")): Object: 'Object Repository/1612893/39_Edit_channel_purpose/Page_Thanh set Channel name - hcmus-cdnc-te_a699a0/span_Edit Channel Purpose' is clicked on

2020-06-05 12:53:14 - [MESSAGE][PASSED] - Object: 'Object Repository/1612893/39_Edit_channel_purpose/Page_Thanh set Channel name - hcmus-cdnc-te_a699a0/span_Edit Channel Purpose' is clicked on

2020-06-05 12:53:14 - [TEST_STEP][PASSED] - setText(findTestObject("Object Repository/1612893/39_Edit_channel_purpose/Page_Thanh set Channel name - hcmus-cdnc-te_a699a0/textarea_Thanh set Channel name_form-contro_b51f21"), channelPurpose): Text 'thanh' is set on object 'Object Repository/1612893/39_Edit_channel_purpose/Page_Thanh set Channel name - hcmus-cdnc-te_a699a0/textarea_Thanh set Channel name_form-contro_b51f21'

2020-06-05 12:53:15 - [MESSAGE][PASSED] - Text 'thanh' is set on object 'Object Repository/1612893/39_Edit_channel_purpose/Page_Thanh set Channel name - hcmus-cdnc-te_a699a0/textarea_Thanh set Channel name_form-contro_b51f21'

2020-06-05 12:53:15 - [TEST_STEP][PASSED] - click(findTestObject("Object Repository/1612893/39_Edit_channel_purpose/Page_Thanh set Channel name - hcmus-cdnc-te_a699a0/span_Save")): Object: 'Object Repository/1612893/39_Edit_channel_purpose/Page_Thanh set Channel name - hcmus-cdnc-te_a699a0/span_Save' is clicked on

2020-06-05 12:53:16 - [MESSAGE][PASSED] - Object: 'Object Repository/1612893/39_Edit_channel_purpose/Page_Thanh set Channel name - hcmus-cdnc-te_a699a0/span_Save' is clicked on

2020-06-05 12:53:16 - [TEST_STEP][PASSED] - closeBrowser(): Browser is closed

2020-06-05 12:53:17 - [MESSAGE][PASSED] - Browser is closed]]></system-out>
         <system-err><![CDATA[]]></system-err>
      </testcase>
      <testcase name="Test Cases/1612893/TC_39_Edit_channel_purpose" time="14.948" classname="Test Cases/1612893/TC_39_Edit_channel_purpose" status="PASSED">
         <system-out><![CDATA[2020-06-05 12:53:17 - [TEST_CASE][PASSED] - Test Cases/1612893/TC_39_Edit_channel_purpose: Test Cases/1612893/TC_39_Edit_channel_purpose

2020-06-05 12:53:17 - [TEST_STEP][PASSED] - openBrowser(""): Browser is opened with url: ''

2020-06-05 12:53:17 - [MESSAGE][INFO] - Starting 'Chrome' driver

2020-06-05 12:53:17 - [MESSAGE][INFO] - Action delay is set to 0 milliseconds

2020-06-05 12:53:20 - [MESSAGE][PASSED] - Browser is opened with url: ''

2020-06-05 12:53:20 - [TEST_STEP][PASSED] - navigateToUrl("http://localhost:8065/login"): Navigate to 'http://localhost:8065/login' successfully

2020-06-05 12:53:22 - [MESSAGE][PASSED] - Navigate to 'http://localhost:8065/login' successfully

2020-06-05 12:53:22 - [TEST_STEP][PASSED] - setText(findTestObject("Object Repository/1612893/39_Edit_channel_purpose/Page_Mattermost/input_All team communication in one place s_703ef5"), "hcmus-cdnc"): Text 'hcmus-cdnc' is set on object 'Object Repository/1612893/39_Edit_channel_purpose/Page_Mattermost/input_All team communication in one place s_703ef5'

2020-06-05 12:53:24 - [MESSAGE][PASSED] - Text 'hcmus-cdnc' is set on object 'Object Repository/1612893/39_Edit_channel_purpose/Page_Mattermost/input_All team communication in one place s_703ef5'

2020-06-05 12:53:24 - [TEST_STEP][PASSED] - setEncryptedText(findTestObject("Object Repository/1612893/39_Edit_channel_purpose/Page_Mattermost/input_All team communication in one place s_2f2733"), "aeHFOx8jV/A="): Text ****** has been set on object 'Object Repository/1612893/39_Edit_channel_purpose/Page_Mattermost/input_All team communication in one place s_2f2733'

2020-06-05 12:53:24 - [MESSAGE][PASSED] - Text ****** has been set on object 'Object Repository/1612893/39_Edit_channel_purpose/Page_Mattermost/input_All team communication in one place s_2f2733'

2020-06-05 12:53:24 - [TEST_STEP][PASSED] - click(findTestObject("Object Repository/1612893/39_Edit_channel_purpose/Page_Mattermost/span_Sign in")): Object: 'Object Repository/1612893/39_Edit_channel_purpose/Page_Mattermost/span_Sign in' is clicked on

2020-06-05 12:53:25 - [MESSAGE][PASSED] - Object: 'Object Repository/1612893/39_Edit_channel_purpose/Page_Mattermost/span_Sign in' is clicked on

2020-06-05 12:53:25 - [TEST_STEP][PASSED] - click(findTestObject("Object Repository/1612893/39_Edit_channel_purpose/Page_Thanh set Channel name - hcmus-cdnc-te_a699a0/span_Thanh set Channel name_channelHeaderDr_8caf36")): Object: 'Object Repository/1612893/39_Edit_channel_purpose/Page_Thanh set Channel name - hcmus-cdnc-te_a699a0/span_Thanh set Channel name_channelHeaderDr_8caf36' is clicked on

2020-06-05 12:53:28 - [MESSAGE][PASSED] - Object: 'Object Repository/1612893/39_Edit_channel_purpose/Page_Thanh set Channel name - hcmus-cdnc-te_a699a0/span_Thanh set Channel name_channelHeaderDr_8caf36' is clicked on

2020-06-05 12:53:28 - [TEST_STEP][PASSED] - click(findTestObject("Object Repository/1612893/39_Edit_channel_purpose/Page_Thanh set Channel name - hcmus-cdnc-te_a699a0/span_Edit Channel Purpose")): Object: 'Object Repository/1612893/39_Edit_channel_purpose/Page_Thanh set Channel name - hcmus-cdnc-te_a699a0/span_Edit Channel Purpose' is clicked on

2020-06-05 12:53:29 - [MESSAGE][PASSED] - Object: 'Object Repository/1612893/39_Edit_channel_purpose/Page_Thanh set Channel name - hcmus-cdnc-te_a699a0/span_Edit Channel Purpose' is clicked on

2020-06-05 12:53:29 - [TEST_STEP][PASSED] - setText(findTestObject("Object Repository/1612893/39_Edit_channel_purpose/Page_Thanh set Channel name - hcmus-cdnc-te_a699a0/textarea_Thanh set Channel name_form-contro_b51f21"), channelPurpose): Text '1234567890' is set on object 'Object Repository/1612893/39_Edit_channel_purpose/Page_Thanh set Channel name - hcmus-cdnc-te_a699a0/textarea_Thanh set Channel name_form-contro_b51f21'

2020-06-05 12:53:30 - [MESSAGE][PASSED] - Text '1234567890' is set on object 'Object Repository/1612893/39_Edit_channel_purpose/Page_Thanh set Channel name - hcmus-cdnc-te_a699a0/textarea_Thanh set Channel name_form-contro_b51f21'

2020-06-05 12:53:30 - [TEST_STEP][PASSED] - click(findTestObject("Object Repository/1612893/39_Edit_channel_purpose/Page_Thanh set Channel name - hcmus-cdnc-te_a699a0/span_Save")): Object: 'Object Repository/1612893/39_Edit_channel_purpose/Page_Thanh set Channel name - hcmus-cdnc-te_a699a0/span_Save' is clicked on

2020-06-05 12:53:31 - [MESSAGE][PASSED] - Object: 'Object Repository/1612893/39_Edit_channel_purpose/Page_Thanh set Channel name - hcmus-cdnc-te_a699a0/span_Save' is clicked on

2020-06-05 12:53:31 - [TEST_STEP][PASSED] - closeBrowser(): Browser is closed

2020-06-05 12:53:32 - [MESSAGE][PASSED] - Browser is closed]]></system-out>
         <system-err><![CDATA[]]></system-err>
      </testcase>
      <testcase name="Test Cases/1612893/TC_39_Edit_channel_purpose" time="15.676" classname="Test Cases/1612893/TC_39_Edit_channel_purpose" status="PASSED">
         <system-out><![CDATA[2020-06-05 12:53:32 - [TEST_CASE][PASSED] - Test Cases/1612893/TC_39_Edit_channel_purpose: Test Cases/1612893/TC_39_Edit_channel_purpose

2020-06-05 12:53:32 - [TEST_STEP][PASSED] - openBrowser(""): Browser is opened with url: ''

2020-06-05 12:53:32 - [MESSAGE][INFO] - Starting 'Chrome' driver

2020-06-05 12:53:32 - [MESSAGE][INFO] - Action delay is set to 0 milliseconds

2020-06-05 12:53:35 - [MESSAGE][PASSED] - Browser is opened with url: ''

2020-06-05 12:53:35 - [TEST_STEP][PASSED] - navigateToUrl("http://localhost:8065/login"): Navigate to 'http://localhost:8065/login' successfully

2020-06-05 12:53:37 - [MESSAGE][PASSED] - Navigate to 'http://localhost:8065/login' successfully

2020-06-05 12:53:37 - [TEST_STEP][PASSED] - setText(findTestObject("Object Repository/1612893/39_Edit_channel_purpose/Page_Mattermost/input_All team communication in one place s_703ef5"), "hcmus-cdnc"): Text 'hcmus-cdnc' is set on object 'Object Repository/1612893/39_Edit_channel_purpose/Page_Mattermost/input_All team communication in one place s_703ef5'

2020-06-05 12:53:39 - [MESSAGE][PASSED] - Text 'hcmus-cdnc' is set on object 'Object Repository/1612893/39_Edit_channel_purpose/Page_Mattermost/input_All team communication in one place s_703ef5'

2020-06-05 12:53:39 - [TEST_STEP][PASSED] - setEncryptedText(findTestObject("Object Repository/1612893/39_Edit_channel_purpose/Page_Mattermost/input_All team communication in one place s_2f2733"), "aeHFOx8jV/A="): Text ****** has been set on object 'Object Repository/1612893/39_Edit_channel_purpose/Page_Mattermost/input_All team communication in one place s_2f2733'

2020-06-05 12:53:39 - [MESSAGE][PASSED] - Text ****** has been set on object 'Object Repository/1612893/39_Edit_channel_purpose/Page_Mattermost/input_All team communication in one place s_2f2733'

2020-06-05 12:53:39 - [TEST_STEP][PASSED] - click(findTestObject("Object Repository/1612893/39_Edit_channel_purpose/Page_Mattermost/span_Sign in")): Object: 'Object Repository/1612893/39_Edit_channel_purpose/Page_Mattermost/span_Sign in' is clicked on

2020-06-05 12:53:40 - [MESSAGE][PASSED] - Object: 'Object Repository/1612893/39_Edit_channel_purpose/Page_Mattermost/span_Sign in' is clicked on

2020-06-05 12:53:40 - [TEST_STEP][PASSED] - click(findTestObject("Object Repository/1612893/39_Edit_channel_purpose/Page_Thanh set Channel name - hcmus-cdnc-te_a699a0/span_Thanh set Channel name_channelHeaderDr_8caf36")): Object: 'Object Repository/1612893/39_Edit_channel_purpose/Page_Thanh set Channel name - hcmus-cdnc-te_a699a0/span_Thanh set Channel name_channelHeaderDr_8caf36' is clicked on

2020-06-05 12:53:44 - [MESSAGE][PASSED] - Object: 'Object Repository/1612893/39_Edit_channel_purpose/Page_Thanh set Channel name - hcmus-cdnc-te_a699a0/span_Thanh set Channel name_channelHeaderDr_8caf36' is clicked on

2020-06-05 12:53:44 - [TEST_STEP][PASSED] - click(findTestObject("Object Repository/1612893/39_Edit_channel_purpose/Page_Thanh set Channel name - hcmus-cdnc-te_a699a0/span_Edit Channel Purpose")): Object: 'Object Repository/1612893/39_Edit_channel_purpose/Page_Thanh set Channel name - hcmus-cdnc-te_a699a0/span_Edit Channel Purpose' is clicked on

2020-06-05 12:53:44 - [MESSAGE][PASSED] - Object: 'Object Repository/1612893/39_Edit_channel_purpose/Page_Thanh set Channel name - hcmus-cdnc-te_a699a0/span_Edit Channel Purpose' is clicked on

2020-06-05 12:53:44 - [TEST_STEP][PASSED] - setText(findTestObject("Object Repository/1612893/39_Edit_channel_purpose/Page_Thanh set Channel name - hcmus-cdnc-te_a699a0/textarea_Thanh set Channel name_form-contro_b51f21"), channelPurpose): Text '!@@#R#@@#@' is set on object 'Object Repository/1612893/39_Edit_channel_purpose/Page_Thanh set Channel name - hcmus-cdnc-te_a699a0/textarea_Thanh set Channel name_form-contro_b51f21'

2020-06-05 12:53:46 - [MESSAGE][PASSED] - Text '!@@#R#@@#@' is set on object 'Object Repository/1612893/39_Edit_channel_purpose/Page_Thanh set Channel name - hcmus-cdnc-te_a699a0/textarea_Thanh set Channel name_form-contro_b51f21'

2020-06-05 12:53:46 - [TEST_STEP][PASSED] - click(findTestObject("Object Repository/1612893/39_Edit_channel_purpose/Page_Thanh set Channel name - hcmus-cdnc-te_a699a0/span_Save")): Object: 'Object Repository/1612893/39_Edit_channel_purpose/Page_Thanh set Channel name - hcmus-cdnc-te_a699a0/span_Save' is clicked on

2020-06-05 12:53:47 - [MESSAGE][PASSED] - Object: 'Object Repository/1612893/39_Edit_channel_purpose/Page_Thanh set Channel name - hcmus-cdnc-te_a699a0/span_Save' is clicked on

2020-06-05 12:53:47 - [TEST_STEP][PASSED] - closeBrowser(): Browser is closed

2020-06-05 12:53:48 - [MESSAGE][PASSED] - Browser is closed]]></system-out>
         <system-err><![CDATA[]]></system-err>
      </testcase>
      <testcase name="Test Cases/1612893/TC_39_Edit_channel_purpose" time="15.942" classname="Test Cases/1612893/TC_39_Edit_channel_purpose" status="PASSED">
         <system-out><![CDATA[2020-06-05 12:53:48 - [TEST_CASE][PASSED] - Test Cases/1612893/TC_39_Edit_channel_purpose: Test Cases/1612893/TC_39_Edit_channel_purpose

2020-06-05 12:53:48 - [TEST_STEP][PASSED] - openBrowser(""): Browser is opened with url: ''

2020-06-05 12:53:48 - [MESSAGE][INFO] - Starting 'Chrome' driver

2020-06-05 12:53:48 - [MESSAGE][INFO] - Action delay is set to 0 milliseconds

2020-06-05 12:53:51 - [MESSAGE][PASSED] - Browser is opened with url: ''

2020-06-05 12:53:51 - [TEST_STEP][PASSED] - navigateToUrl("http://localhost:8065/login"): Navigate to 'http://localhost:8065/login' successfully

2020-06-05 12:53:53 - [MESSAGE][PASSED] - Navigate to 'http://localhost:8065/login' successfully

2020-06-05 12:53:53 - [TEST_STEP][PASSED] - setText(findTestObject("Object Repository/1612893/39_Edit_channel_purpose/Page_Mattermost/input_All team communication in one place s_703ef5"), "hcmus-cdnc"): Text 'hcmus-cdnc' is set on object 'Object Repository/1612893/39_Edit_channel_purpose/Page_Mattermost/input_All team communication in one place s_703ef5'

2020-06-05 12:53:55 - [MESSAGE][PASSED] - Text 'hcmus-cdnc' is set on object 'Object Repository/1612893/39_Edit_channel_purpose/Page_Mattermost/input_All team communication in one place s_703ef5'

2020-06-05 12:53:55 - [TEST_STEP][PASSED] - setEncryptedText(findTestObject("Object Repository/1612893/39_Edit_channel_purpose/Page_Mattermost/input_All team communication in one place s_2f2733"), "aeHFOx8jV/A="): Text ****** has been set on object 'Object Repository/1612893/39_Edit_channel_purpose/Page_Mattermost/input_All team communication in one place s_2f2733'

2020-06-05 12:53:56 - [MESSAGE][PASSED] - Text ****** has been set on object 'Object Repository/1612893/39_Edit_channel_purpose/Page_Mattermost/input_All team communication in one place s_2f2733'

2020-06-05 12:53:56 - [TEST_STEP][PASSED] - click(findTestObject("Object Repository/1612893/39_Edit_channel_purpose/Page_Mattermost/span_Sign in")): Object: 'Object Repository/1612893/39_Edit_channel_purpose/Page_Mattermost/span_Sign in' is clicked on

2020-06-05 12:53:56 - [MESSAGE][PASSED] - Object: 'Object Repository/1612893/39_Edit_channel_purpose/Page_Mattermost/span_Sign in' is clicked on

2020-06-05 12:53:56 - [TEST_STEP][PASSED] - click(findTestObject("Object Repository/1612893/39_Edit_channel_purpose/Page_Thanh set Channel name - hcmus-cdnc-te_a699a0/span_Thanh set Channel name_channelHeaderDr_8caf36")): Object: 'Object Repository/1612893/39_Edit_channel_purpose/Page_Thanh set Channel name - hcmus-cdnc-te_a699a0/span_Thanh set Channel name_channelHeaderDr_8caf36' is clicked on

2020-06-05 12:54:00 - [MESSAGE][PASSED] - Object: 'Object Repository/1612893/39_Edit_channel_purpose/Page_Thanh set Channel name - hcmus-cdnc-te_a699a0/span_Thanh set Channel name_channelHeaderDr_8caf36' is clicked on

2020-06-05 12:54:00 - [TEST_STEP][PASSED] - click(findTestObject("Object Repository/1612893/39_Edit_channel_purpose/Page_Thanh set Channel name - hcmus-cdnc-te_a699a0/span_Edit Channel Purpose")): Object: 'Object Repository/1612893/39_Edit_channel_purpose/Page_Thanh set Channel name - hcmus-cdnc-te_a699a0/span_Edit Channel Purpose' is clicked on

2020-06-05 12:54:01 - [MESSAGE][PASSED] - Object: 'Object Repository/1612893/39_Edit_channel_purpose/Page_Thanh set Channel name - hcmus-cdnc-te_a699a0/span_Edit Channel Purpose' is clicked on

2020-06-05 12:54:01 - [TEST_STEP][PASSED] - setText(findTestObject("Object Repository/1612893/39_Edit_channel_purpose/Page_Thanh set Channel name - hcmus-cdnc-te_a699a0/textarea_Thanh set Channel name_form-contro_b51f21"), channelPurpose): Text '<div></div>' is set on object 'Object Repository/1612893/39_Edit_channel_purpose/Page_Thanh set Channel name - hcmus-cdnc-te_a699a0/textarea_Thanh set Channel name_form-contro_b51f21'

2020-06-05 12:54:02 - [MESSAGE][PASSED] - Text '<div></div>' is set on object 'Object Repository/1612893/39_Edit_channel_purpose/Page_Thanh set Channel name - hcmus-cdnc-te_a699a0/textarea_Thanh set Channel name_form-contro_b51f21'

2020-06-05 12:54:02 - [TEST_STEP][PASSED] - click(findTestObject("Object Repository/1612893/39_Edit_channel_purpose/Page_Thanh set Channel name - hcmus-cdnc-te_a699a0/span_Save")): Object: 'Object Repository/1612893/39_Edit_channel_purpose/Page_Thanh set Channel name - hcmus-cdnc-te_a699a0/span_Save' is clicked on

2020-06-05 12:54:03 - [MESSAGE][PASSED] - Object: 'Object Repository/1612893/39_Edit_channel_purpose/Page_Thanh set Channel name - hcmus-cdnc-te_a699a0/span_Save' is clicked on

2020-06-05 12:54:03 - [TEST_STEP][PASSED] - closeBrowser(): Browser is closed

2020-06-05 12:54:04 - [MESSAGE][PASSED] - Browser is closed]]></system-out>
         <system-err><![CDATA[]]></system-err>
      </testcase>
      <testcase name="Test Cases/1612893/TC_40_Edit_channel_header" time="16.324" classname="Test Cases/1612893/TC_40_Edit_channel_header" status="PASSED">
         <system-out><![CDATA[2020-06-05 12:54:04 - [TEST_CASE][PASSED] - Test Cases/1612893/TC_40_Edit_channel_header: Test Cases/1612893/TC_40_Edit_channel_header

2020-06-05 12:54:04 - [TEST_STEP][PASSED] - openBrowser(""): Browser is opened with url: ''

2020-06-05 12:54:04 - [MESSAGE][INFO] - Starting 'Chrome' driver

2020-06-05 12:54:04 - [MESSAGE][INFO] - Action delay is set to 0 milliseconds

2020-06-05 12:54:07 - [MESSAGE][PASSED] - Browser is opened with url: ''

2020-06-05 12:54:07 - [TEST_STEP][PASSED] - navigateToUrl("http://localhost:8065/login"): Navigate to 'http://localhost:8065/login' successfully

2020-06-05 12:54:09 - [MESSAGE][PASSED] - Navigate to 'http://localhost:8065/login' successfully

2020-06-05 12:54:09 - [TEST_STEP][PASSED] - setText(findTestObject("1612893/40_Edit_channel_header/Page_Mattermost/input_All team communication in one place s_703ef5"), "hcmus-cdnc"): Text 'hcmus-cdnc' is set on object 'Object Repository/1612893/40_Edit_channel_header/Page_Mattermost/input_All team communication in one place s_703ef5'

2020-06-05 12:54:11 - [MESSAGE][PASSED] - Text 'hcmus-cdnc' is set on object 'Object Repository/1612893/40_Edit_channel_header/Page_Mattermost/input_All team communication in one place s_703ef5'

2020-06-05 12:54:11 - [TEST_STEP][PASSED] - setEncryptedText(findTestObject("1612893/40_Edit_channel_header/Page_Mattermost/input_All team communication in one place s_2f2733"), "aeHFOx8jV/A="): Text ****** has been set on object 'Object Repository/1612893/40_Edit_channel_header/Page_Mattermost/input_All team communication in one place s_2f2733'

2020-06-05 12:54:12 - [MESSAGE][PASSED] - Text ****** has been set on object 'Object Repository/1612893/40_Edit_channel_header/Page_Mattermost/input_All team communication in one place s_2f2733'

2020-06-05 12:54:12 - [TEST_STEP][PASSED] - sendKeys(findTestObject("1612893/40_Edit_channel_header/Page_Mattermost/input_All team communication in one place s_2f2733"), Keys.chord(ENTER)): Keys 'ENTER + ' sent to object: 'Object Repository/1612893/40_Edit_channel_header/Page_Mattermost/input_All team communication in one place s_2f2733'

2020-06-05 12:54:12 - [MESSAGE][PASSED] - Keys 'ENTER + ' sent to object: 'Object Repository/1612893/40_Edit_channel_header/Page_Mattermost/input_All team communication in one place s_2f2733'

2020-06-05 12:54:12 - [TEST_STEP][PASSED] - click(findTestObject("1612893/40_Edit_channel_header/Page_Thanh set Channel name - hcmus-cdnc-te_a699a0/span_Thanh set Channel name_channelHeaderDr_8caf36")): Object: 'Object Repository/1612893/40_Edit_channel_header/Page_Thanh set Channel name - hcmus-cdnc-te_a699a0/span_Thanh set Channel name_channelHeaderDr_8caf36' is clicked on

2020-06-05 12:54:16 - [MESSAGE][PASSED] - Object: 'Object Repository/1612893/40_Edit_channel_header/Page_Thanh set Channel name - hcmus-cdnc-te_a699a0/span_Thanh set Channel name_channelHeaderDr_8caf36' is clicked on

2020-06-05 12:54:16 - [TEST_STEP][PASSED] - click(findTestObject("1612893/40_Edit_channel_header/Page_Thanh set Channel name - hcmus-cdnc-te_a699a0/span_Edit Channel Header")): Object: 'Object Repository/1612893/40_Edit_channel_header/Page_Thanh set Channel name - hcmus-cdnc-te_a699a0/span_Edit Channel Header' is clicked on

2020-06-05 12:54:17 - [MESSAGE][PASSED] - Object: 'Object Repository/1612893/40_Edit_channel_header/Page_Thanh set Channel name - hcmus-cdnc-te_a699a0/span_Edit Channel Header' is clicked on

2020-06-05 12:54:17 - [TEST_STEP][PASSED] - setText(findTestObject("1612893/40_Edit_channel_header/Page_Thanh set Channel name - hcmus-cdnc-te_a699a0/textarea_thanh set header"), content): Text '999999999213193921129319' is set on object 'Object Repository/1612893/40_Edit_channel_header/Page_Thanh set Channel name - hcmus-cdnc-te_a699a0/textarea_thanh set header'

2020-06-05 12:54:18 - [MESSAGE][PASSED] - Text '999999999213193921129319' is set on object 'Object Repository/1612893/40_Edit_channel_header/Page_Thanh set Channel name - hcmus-cdnc-te_a699a0/textarea_thanh set header'

2020-06-05 12:54:18 - [TEST_STEP][PASSED] - click(findTestObject("1612893/40_Edit_channel_header/Page_Thanh set Channel name - hcmus-cdnc-te_a699a0/span_Save")): Object: 'Object Repository/1612893/40_Edit_channel_header/Page_Thanh set Channel name - hcmus-cdnc-te_a699a0/span_Save' is clicked on

2020-06-05 12:54:19 - [MESSAGE][PASSED] - Object: 'Object Repository/1612893/40_Edit_channel_header/Page_Thanh set Channel name - hcmus-cdnc-te_a699a0/span_Save' is clicked on

2020-06-05 12:54:19 - [TEST_STEP][PASSED] - closeBrowser(): Browser is closed

2020-06-05 12:54:20 - [MESSAGE][PASSED] - Browser is closed]]></system-out>
         <system-err><![CDATA[]]></system-err>
      </testcase>
      <testcase name="Test Cases/1612893/TC_40_Edit_channel_header" time="16.69" classname="Test Cases/1612893/TC_40_Edit_channel_header" status="PASSED">
         <system-out><![CDATA[2020-06-05 12:54:20 - [TEST_CASE][PASSED] - Test Cases/1612893/TC_40_Edit_channel_header: Test Cases/1612893/TC_40_Edit_channel_header

2020-06-05 12:54:20 - [TEST_STEP][PASSED] - openBrowser(""): Browser is opened with url: ''

2020-06-05 12:54:20 - [MESSAGE][INFO] - Starting 'Chrome' driver

2020-06-05 12:54:20 - [MESSAGE][INFO] - Action delay is set to 0 milliseconds

2020-06-05 12:54:23 - [MESSAGE][PASSED] - Browser is opened with url: ''

2020-06-05 12:54:23 - [TEST_STEP][PASSED] - navigateToUrl("http://localhost:8065/login"): Navigate to 'http://localhost:8065/login' successfully

2020-06-05 12:54:26 - [MESSAGE][PASSED] - Navigate to 'http://localhost:8065/login' successfully

2020-06-05 12:54:26 - [TEST_STEP][PASSED] - setText(findTestObject("1612893/40_Edit_channel_header/Page_Mattermost/input_All team communication in one place s_703ef5"), "hcmus-cdnc"): Text 'hcmus-cdnc' is set on object 'Object Repository/1612893/40_Edit_channel_header/Page_Mattermost/input_All team communication in one place s_703ef5'

2020-06-05 12:54:28 - [MESSAGE][PASSED] - Text 'hcmus-cdnc' is set on object 'Object Repository/1612893/40_Edit_channel_header/Page_Mattermost/input_All team communication in one place s_703ef5'

2020-06-05 12:54:28 - [TEST_STEP][PASSED] - setEncryptedText(findTestObject("1612893/40_Edit_channel_header/Page_Mattermost/input_All team communication in one place s_2f2733"), "aeHFOx8jV/A="): Text ****** has been set on object 'Object Repository/1612893/40_Edit_channel_header/Page_Mattermost/input_All team communication in one place s_2f2733'

2020-06-05 12:54:28 - [MESSAGE][PASSED] - Text ****** has been set on object 'Object Repository/1612893/40_Edit_channel_header/Page_Mattermost/input_All team communication in one place s_2f2733'

2020-06-05 12:54:28 - [TEST_STEP][PASSED] - sendKeys(findTestObject("1612893/40_Edit_channel_header/Page_Mattermost/input_All team communication in one place s_2f2733"), Keys.chord(ENTER)): Keys 'ENTER + ' sent to object: 'Object Repository/1612893/40_Edit_channel_header/Page_Mattermost/input_All team communication in one place s_2f2733'

2020-06-05 12:54:29 - [MESSAGE][PASSED] - Keys 'ENTER + ' sent to object: 'Object Repository/1612893/40_Edit_channel_header/Page_Mattermost/input_All team communication in one place s_2f2733'

2020-06-05 12:54:29 - [TEST_STEP][PASSED] - click(findTestObject("1612893/40_Edit_channel_header/Page_Thanh set Channel name - hcmus-cdnc-te_a699a0/span_Thanh set Channel name_channelHeaderDr_8caf36")): Object: 'Object Repository/1612893/40_Edit_channel_header/Page_Thanh set Channel name - hcmus-cdnc-te_a699a0/span_Thanh set Channel name_channelHeaderDr_8caf36' is clicked on

2020-06-05 12:54:33 - [MESSAGE][PASSED] - Object: 'Object Repository/1612893/40_Edit_channel_header/Page_Thanh set Channel name - hcmus-cdnc-te_a699a0/span_Thanh set Channel name_channelHeaderDr_8caf36' is clicked on

2020-06-05 12:54:33 - [TEST_STEP][PASSED] - click(findTestObject("1612893/40_Edit_channel_header/Page_Thanh set Channel name - hcmus-cdnc-te_a699a0/span_Edit Channel Header")): Object: 'Object Repository/1612893/40_Edit_channel_header/Page_Thanh set Channel name - hcmus-cdnc-te_a699a0/span_Edit Channel Header' is clicked on

2020-06-05 12:54:33 - [MESSAGE][PASSED] - Object: 'Object Repository/1612893/40_Edit_channel_header/Page_Thanh set Channel name - hcmus-cdnc-te_a699a0/span_Edit Channel Header' is clicked on

2020-06-05 12:54:33 - [TEST_STEP][PASSED] - setText(findTestObject("1612893/40_Edit_channel_header/Page_Thanh set Channel name - hcmus-cdnc-te_a699a0/textarea_thanh set header"), content): Text '$#%@#^^#%##%%' is set on object 'Object Repository/1612893/40_Edit_channel_header/Page_Thanh set Channel name - hcmus-cdnc-te_a699a0/textarea_thanh set header'

2020-06-05 12:54:35 - [MESSAGE][PASSED] - Text '$#%@#^^#%##%%' is set on object 'Object Repository/1612893/40_Edit_channel_header/Page_Thanh set Channel name - hcmus-cdnc-te_a699a0/textarea_thanh set header'

2020-06-05 12:54:35 - [TEST_STEP][PASSED] - click(findTestObject("1612893/40_Edit_channel_header/Page_Thanh set Channel name - hcmus-cdnc-te_a699a0/span_Save")): Object: 'Object Repository/1612893/40_Edit_channel_header/Page_Thanh set Channel name - hcmus-cdnc-te_a699a0/span_Save' is clicked on

2020-06-05 12:54:36 - [MESSAGE][PASSED] - Object: 'Object Repository/1612893/40_Edit_channel_header/Page_Thanh set Channel name - hcmus-cdnc-te_a699a0/span_Save' is clicked on

2020-06-05 12:54:36 - [TEST_STEP][PASSED] - closeBrowser(): Browser is closed

2020-06-05 12:54:37 - [MESSAGE][PASSED] - Browser is closed]]></system-out>
         <system-err><![CDATA[]]></system-err>
      </testcase>
      <testcase name="Test Cases/1612893/TC_40_Edit_channel_header" time="16.338" classname="Test Cases/1612893/TC_40_Edit_channel_header" status="PASSED">
         <system-out><![CDATA[2020-06-05 12:54:37 - [TEST_CASE][PASSED] - Test Cases/1612893/TC_40_Edit_channel_header: Test Cases/1612893/TC_40_Edit_channel_header

2020-06-05 12:54:37 - [TEST_STEP][PASSED] - openBrowser(""): Browser is opened with url: ''

2020-06-05 12:54:37 - [MESSAGE][INFO] - Starting 'Chrome' driver

2020-06-05 12:54:37 - [MESSAGE][INFO] - Action delay is set to 0 milliseconds

2020-06-05 12:54:40 - [MESSAGE][PASSED] - Browser is opened with url: ''

2020-06-05 12:54:40 - [TEST_STEP][PASSED] - navigateToUrl("http://localhost:8065/login"): Navigate to 'http://localhost:8065/login' successfully

2020-06-05 12:54:42 - [MESSAGE][PASSED] - Navigate to 'http://localhost:8065/login' successfully

2020-06-05 12:54:42 - [TEST_STEP][PASSED] - setText(findTestObject("1612893/40_Edit_channel_header/Page_Mattermost/input_All team communication in one place s_703ef5"), "hcmus-cdnc"): Text 'hcmus-cdnc' is set on object 'Object Repository/1612893/40_Edit_channel_header/Page_Mattermost/input_All team communication in one place s_703ef5'

2020-06-05 12:54:44 - [MESSAGE][PASSED] - Text 'hcmus-cdnc' is set on object 'Object Repository/1612893/40_Edit_channel_header/Page_Mattermost/input_All team communication in one place s_703ef5'

2020-06-05 12:54:44 - [TEST_STEP][PASSED] - setEncryptedText(findTestObject("1612893/40_Edit_channel_header/Page_Mattermost/input_All team communication in one place s_2f2733"), "aeHFOx8jV/A="): Text ****** has been set on object 'Object Repository/1612893/40_Edit_channel_header/Page_Mattermost/input_All team communication in one place s_2f2733'

2020-06-05 12:54:45 - [MESSAGE][PASSED] - Text ****** has been set on object 'Object Repository/1612893/40_Edit_channel_header/Page_Mattermost/input_All team communication in one place s_2f2733'

2020-06-05 12:54:45 - [TEST_STEP][PASSED] - sendKeys(findTestObject("1612893/40_Edit_channel_header/Page_Mattermost/input_All team communication in one place s_2f2733"), Keys.chord(ENTER)): Keys 'ENTER + ' sent to object: 'Object Repository/1612893/40_Edit_channel_header/Page_Mattermost/input_All team communication in one place s_2f2733'

2020-06-05 12:54:45 - [MESSAGE][PASSED] - Keys 'ENTER + ' sent to object: 'Object Repository/1612893/40_Edit_channel_header/Page_Mattermost/input_All team communication in one place s_2f2733'

2020-06-05 12:54:45 - [TEST_STEP][PASSED] - click(findTestObject("1612893/40_Edit_channel_header/Page_Thanh set Channel name - hcmus-cdnc-te_a699a0/span_Thanh set Channel name_channelHeaderDr_8caf36")): Object: 'Object Repository/1612893/40_Edit_channel_header/Page_Thanh set Channel name - hcmus-cdnc-te_a699a0/span_Thanh set Channel name_channelHeaderDr_8caf36' is clicked on

2020-06-05 12:54:49 - [MESSAGE][PASSED] - Object: 'Object Repository/1612893/40_Edit_channel_header/Page_Thanh set Channel name - hcmus-cdnc-te_a699a0/span_Thanh set Channel name_channelHeaderDr_8caf36' is clicked on

2020-06-05 12:54:49 - [TEST_STEP][PASSED] - click(findTestObject("1612893/40_Edit_channel_header/Page_Thanh set Channel name - hcmus-cdnc-te_a699a0/span_Edit Channel Header")): Object: 'Object Repository/1612893/40_Edit_channel_header/Page_Thanh set Channel name - hcmus-cdnc-te_a699a0/span_Edit Channel Header' is clicked on

2020-06-05 12:54:50 - [MESSAGE][PASSED] - Object: 'Object Repository/1612893/40_Edit_channel_header/Page_Thanh set Channel name - hcmus-cdnc-te_a699a0/span_Edit Channel Header' is clicked on

2020-06-05 12:54:50 - [TEST_STEP][PASSED] - setText(findTestObject("1612893/40_Edit_channel_header/Page_Thanh set Channel name - hcmus-cdnc-te_a699a0/textarea_thanh set header"), content): Text '><VĐGDGR$RFD' is set on object 'Object Repository/1612893/40_Edit_channel_header/Page_Thanh set Channel name - hcmus-cdnc-te_a699a0/textarea_thanh set header'

2020-06-05 12:54:51 - [MESSAGE][PASSED] - Text '><VĐGDGR$RFD' is set on object 'Object Repository/1612893/40_Edit_channel_header/Page_Thanh set Channel name - hcmus-cdnc-te_a699a0/textarea_thanh set header'

2020-06-05 12:54:51 - [TEST_STEP][PASSED] - click(findTestObject("1612893/40_Edit_channel_header/Page_Thanh set Channel name - hcmus-cdnc-te_a699a0/span_Save")): Object: 'Object Repository/1612893/40_Edit_channel_header/Page_Thanh set Channel name - hcmus-cdnc-te_a699a0/span_Save' is clicked on

2020-06-05 12:54:52 - [MESSAGE][PASSED] - Object: 'Object Repository/1612893/40_Edit_channel_header/Page_Thanh set Channel name - hcmus-cdnc-te_a699a0/span_Save' is clicked on

2020-06-05 12:54:52 - [TEST_STEP][PASSED] - closeBrowser(): Browser is closed

2020-06-05 12:54:53 - [MESSAGE][PASSED] - Browser is closed]]></system-out>
         <system-err><![CDATA[]]></system-err>
      </testcase>
      <testcase name="Test Cases/1612893/TC_40_Edit_channel_header" time="16.212" classname="Test Cases/1612893/TC_40_Edit_channel_header" status="PASSED">
         <system-out><![CDATA[2020-06-05 12:54:53 - [TEST_CASE][PASSED] - Test Cases/1612893/TC_40_Edit_channel_header: Test Cases/1612893/TC_40_Edit_channel_header

2020-06-05 12:54:53 - [TEST_STEP][PASSED] - openBrowser(""): Browser is opened with url: ''

2020-06-05 12:54:53 - [MESSAGE][INFO] - Starting 'Chrome' driver

2020-06-05 12:54:53 - [MESSAGE][INFO] - Action delay is set to 0 milliseconds

2020-06-05 12:54:56 - [MESSAGE][PASSED] - Browser is opened with url: ''

2020-06-05 12:54:56 - [TEST_STEP][PASSED] - navigateToUrl("http://localhost:8065/login"): Navigate to 'http://localhost:8065/login' successfully

2020-06-05 12:54:58 - [MESSAGE][PASSED] - Navigate to 'http://localhost:8065/login' successfully

2020-06-05 12:54:58 - [TEST_STEP][PASSED] - setText(findTestObject("1612893/40_Edit_channel_header/Page_Mattermost/input_All team communication in one place s_703ef5"), "hcmus-cdnc"): Text 'hcmus-cdnc' is set on object 'Object Repository/1612893/40_Edit_channel_header/Page_Mattermost/input_All team communication in one place s_703ef5'

2020-06-05 12:55:00 - [MESSAGE][PASSED] - Text 'hcmus-cdnc' is set on object 'Object Repository/1612893/40_Edit_channel_header/Page_Mattermost/input_All team communication in one place s_703ef5'

2020-06-05 12:55:00 - [TEST_STEP][PASSED] - setEncryptedText(findTestObject("1612893/40_Edit_channel_header/Page_Mattermost/input_All team communication in one place s_2f2733"), "aeHFOx8jV/A="): Text ****** has been set on object 'Object Repository/1612893/40_Edit_channel_header/Page_Mattermost/input_All team communication in one place s_2f2733'

2020-06-05 12:55:01 - [MESSAGE][PASSED] - Text ****** has been set on object 'Object Repository/1612893/40_Edit_channel_header/Page_Mattermost/input_All team communication in one place s_2f2733'

2020-06-05 12:55:01 - [TEST_STEP][PASSED] - sendKeys(findTestObject("1612893/40_Edit_channel_header/Page_Mattermost/input_All team communication in one place s_2f2733"), Keys.chord(ENTER)): Keys 'ENTER + ' sent to object: 'Object Repository/1612893/40_Edit_channel_header/Page_Mattermost/input_All team communication in one place s_2f2733'

2020-06-05 12:55:01 - [MESSAGE][PASSED] - Keys 'ENTER + ' sent to object: 'Object Repository/1612893/40_Edit_channel_header/Page_Mattermost/input_All team communication in one place s_2f2733'

2020-06-05 12:55:01 - [TEST_STEP][PASSED] - click(findTestObject("1612893/40_Edit_channel_header/Page_Thanh set Channel name - hcmus-cdnc-te_a699a0/span_Thanh set Channel name_channelHeaderDr_8caf36")): Object: 'Object Repository/1612893/40_Edit_channel_header/Page_Thanh set Channel name - hcmus-cdnc-te_a699a0/span_Thanh set Channel name_channelHeaderDr_8caf36' is clicked on

2020-06-05 12:55:05 - [MESSAGE][PASSED] - Object: 'Object Repository/1612893/40_Edit_channel_header/Page_Thanh set Channel name - hcmus-cdnc-te_a699a0/span_Thanh set Channel name_channelHeaderDr_8caf36' is clicked on

2020-06-05 12:55:05 - [TEST_STEP][PASSED] - click(findTestObject("1612893/40_Edit_channel_header/Page_Thanh set Channel name - hcmus-cdnc-te_a699a0/span_Edit Channel Header")): Object: 'Object Repository/1612893/40_Edit_channel_header/Page_Thanh set Channel name - hcmus-cdnc-te_a699a0/span_Edit Channel Header' is clicked on

2020-06-05 12:55:06 - [MESSAGE][PASSED] - Object: 'Object Repository/1612893/40_Edit_channel_header/Page_Thanh set Channel name - hcmus-cdnc-te_a699a0/span_Edit Channel Header' is clicked on

2020-06-05 12:55:06 - [TEST_STEP][PASSED] - setText(findTestObject("1612893/40_Edit_channel_header/Page_Thanh set Channel name - hcmus-cdnc-te_a699a0/textarea_thanh set header"), content): Text '<div><div>' is set on object 'Object Repository/1612893/40_Edit_channel_header/Page_Thanh set Channel name - hcmus-cdnc-te_a699a0/textarea_thanh set header'

2020-06-05 12:55:08 - [MESSAGE][PASSED] - Text '<div><div>' is set on object 'Object Repository/1612893/40_Edit_channel_header/Page_Thanh set Channel name - hcmus-cdnc-te_a699a0/textarea_thanh set header'

2020-06-05 12:55:08 - [TEST_STEP][PASSED] - click(findTestObject("1612893/40_Edit_channel_header/Page_Thanh set Channel name - hcmus-cdnc-te_a699a0/span_Save")): Object: 'Object Repository/1612893/40_Edit_channel_header/Page_Thanh set Channel name - hcmus-cdnc-te_a699a0/span_Save' is clicked on

2020-06-05 12:55:08 - [MESSAGE][PASSED] - Object: 'Object Repository/1612893/40_Edit_channel_header/Page_Thanh set Channel name - hcmus-cdnc-te_a699a0/span_Save' is clicked on

2020-06-05 12:55:08 - [TEST_STEP][PASSED] - closeBrowser(): Browser is closed

2020-06-05 12:55:09 - [MESSAGE][PASSED] - Browser is closed]]></system-out>
         <system-err><![CDATA[]]></system-err>
      </testcase>
      <testcase name="Test Cases/1612893/TC_40_Edit_channel_header" time="15.936" classname="Test Cases/1612893/TC_40_Edit_channel_header" status="PASSED">
         <system-out><![CDATA[2020-06-05 12:55:09 - [TEST_CASE][PASSED] - Test Cases/1612893/TC_40_Edit_channel_header: Test Cases/1612893/TC_40_Edit_channel_header

2020-06-05 12:55:09 - [TEST_STEP][PASSED] - openBrowser(""): Browser is opened with url: ''

2020-06-05 12:55:09 - [MESSAGE][INFO] - Starting 'Chrome' driver

2020-06-05 12:55:09 - [MESSAGE][INFO] - Action delay is set to 0 milliseconds

2020-06-05 12:55:13 - [MESSAGE][PASSED] - Browser is opened with url: ''

2020-06-05 12:55:13 - [TEST_STEP][PASSED] - navigateToUrl("http://localhost:8065/login"): Navigate to 'http://localhost:8065/login' successfully

2020-06-05 12:55:14 - [MESSAGE][PASSED] - Navigate to 'http://localhost:8065/login' successfully

2020-06-05 12:55:14 - [TEST_STEP][PASSED] - setText(findTestObject("1612893/40_Edit_channel_header/Page_Mattermost/input_All team communication in one place s_703ef5"), "hcmus-cdnc"): Text 'hcmus-cdnc' is set on object 'Object Repository/1612893/40_Edit_channel_header/Page_Mattermost/input_All team communication in one place s_703ef5'

2020-06-05 12:55:16 - [MESSAGE][PASSED] - Text 'hcmus-cdnc' is set on object 'Object Repository/1612893/40_Edit_channel_header/Page_Mattermost/input_All team communication in one place s_703ef5'

2020-06-05 12:55:16 - [TEST_STEP][PASSED] - setEncryptedText(findTestObject("1612893/40_Edit_channel_header/Page_Mattermost/input_All team communication in one place s_2f2733"), "aeHFOx8jV/A="): Text ****** has been set on object 'Object Repository/1612893/40_Edit_channel_header/Page_Mattermost/input_All team communication in one place s_2f2733'

2020-06-05 12:55:17 - [MESSAGE][PASSED] - Text ****** has been set on object 'Object Repository/1612893/40_Edit_channel_header/Page_Mattermost/input_All team communication in one place s_2f2733'

2020-06-05 12:55:17 - [TEST_STEP][PASSED] - sendKeys(findTestObject("1612893/40_Edit_channel_header/Page_Mattermost/input_All team communication in one place s_2f2733"), Keys.chord(ENTER)): Keys 'ENTER + ' sent to object: 'Object Repository/1612893/40_Edit_channel_header/Page_Mattermost/input_All team communication in one place s_2f2733'

2020-06-05 12:55:17 - [MESSAGE][PASSED] - Keys 'ENTER + ' sent to object: 'Object Repository/1612893/40_Edit_channel_header/Page_Mattermost/input_All team communication in one place s_2f2733'

2020-06-05 12:55:17 - [TEST_STEP][PASSED] - click(findTestObject("1612893/40_Edit_channel_header/Page_Thanh set Channel name - hcmus-cdnc-te_a699a0/span_Thanh set Channel name_channelHeaderDr_8caf36")): Object: 'Object Repository/1612893/40_Edit_channel_header/Page_Thanh set Channel name - hcmus-cdnc-te_a699a0/span_Thanh set Channel name_channelHeaderDr_8caf36' is clicked on

2020-06-05 12:55:21 - [MESSAGE][PASSED] - Object: 'Object Repository/1612893/40_Edit_channel_header/Page_Thanh set Channel name - hcmus-cdnc-te_a699a0/span_Thanh set Channel name_channelHeaderDr_8caf36' is clicked on

2020-06-05 12:55:21 - [TEST_STEP][PASSED] - click(findTestObject("1612893/40_Edit_channel_header/Page_Thanh set Channel name - hcmus-cdnc-te_a699a0/span_Edit Channel Header")): Object: 'Object Repository/1612893/40_Edit_channel_header/Page_Thanh set Channel name - hcmus-cdnc-te_a699a0/span_Edit Channel Header' is clicked on

2020-06-05 12:55:22 - [MESSAGE][PASSED] - Object: 'Object Repository/1612893/40_Edit_channel_header/Page_Thanh set Channel name - hcmus-cdnc-te_a699a0/span_Edit Channel Header' is clicked on

2020-06-05 12:55:22 - [TEST_STEP][PASSED] - setText(findTestObject("1612893/40_Edit_channel_header/Page_Thanh set Channel name - hcmus-cdnc-te_a699a0/textarea_thanh set header"), content): Text 'thanh set header' is set on object 'Object Repository/1612893/40_Edit_channel_header/Page_Thanh set Channel name - hcmus-cdnc-te_a699a0/textarea_thanh set header'

2020-06-05 12:55:24 - [MESSAGE][PASSED] - Text 'thanh set header' is set on object 'Object Repository/1612893/40_Edit_channel_header/Page_Thanh set Channel name - hcmus-cdnc-te_a699a0/textarea_thanh set header'

2020-06-05 12:55:24 - [TEST_STEP][PASSED] - click(findTestObject("1612893/40_Edit_channel_header/Page_Thanh set Channel name - hcmus-cdnc-te_a699a0/span_Save")): Object: 'Object Repository/1612893/40_Edit_channel_header/Page_Thanh set Channel name - hcmus-cdnc-te_a699a0/span_Save' is clicked on

2020-06-05 12:55:24 - [MESSAGE][PASSED] - Object: 'Object Repository/1612893/40_Edit_channel_header/Page_Thanh set Channel name - hcmus-cdnc-te_a699a0/span_Save' is clicked on

2020-06-05 12:55:24 - [TEST_STEP][PASSED] - closeBrowser(): Browser is closed

2020-06-05 12:55:25 - [MESSAGE][PASSED] - Browser is closed]]></system-out>
         <system-err><![CDATA[]]></system-err>
      </testcase>
      <testcase name="Test Cases/1612893/TC_41_CreateTeam" time="16.496" classname="Test Cases/1612893/TC_41_CreateTeam" status="PASSED">
         <system-out><![CDATA[2020-06-05 12:55:25 - [TEST_CASE][PASSED] - Test Cases/1612893/TC_41_CreateTeam: Test Cases/1612893/TC_41_CreateTeam

2020-06-05 12:55:25 - [TEST_STEP][PASSED] - openBrowser(""): Browser is opened with url: ''

2020-06-05 12:55:25 - [MESSAGE][INFO] - Starting 'Chrome' driver

2020-06-05 12:55:25 - [MESSAGE][INFO] - Action delay is set to 0 milliseconds

2020-06-05 12:55:29 - [MESSAGE][PASSED] - Browser is opened with url: ''

2020-06-05 12:55:29 - [TEST_STEP][PASSED] - navigateToUrl("http://localhost:8065/login"): Navigate to 'http://localhost:8065/login' successfully

2020-06-05 12:55:31 - [MESSAGE][PASSED] - Navigate to 'http://localhost:8065/login' successfully

2020-06-05 12:55:31 - [TEST_STEP][PASSED] - setText(findTestObject("Object Repository/1612893/41_CreateTeam/Page_Mattermost/input_All team communication in one place s_703ef5"), "hcmus-cdnc"): Text 'hcmus-cdnc' is set on object 'Object Repository/1612893/41_CreateTeam/Page_Mattermost/input_All team communication in one place s_703ef5'

2020-06-05 12:55:33 - [MESSAGE][PASSED] - Text 'hcmus-cdnc' is set on object 'Object Repository/1612893/41_CreateTeam/Page_Mattermost/input_All team communication in one place s_703ef5'

2020-06-05 12:55:33 - [TEST_STEP][PASSED] - setEncryptedText(findTestObject("Object Repository/1612893/41_CreateTeam/Page_Mattermost/input_All team communication in one place s_2f2733"), "aeHFOx8jV/A="): Text ****** has been set on object 'Object Repository/1612893/41_CreateTeam/Page_Mattermost/input_All team communication in one place s_2f2733'

2020-06-05 12:55:33 - [MESSAGE][PASSED] - Text ****** has been set on object 'Object Repository/1612893/41_CreateTeam/Page_Mattermost/input_All team communication in one place s_2f2733'

2020-06-05 12:55:33 - [TEST_STEP][PASSED] - click(findTestObject("Object Repository/1612893/41_CreateTeam/Page_Mattermost/button_Sign in")): Object: 'Object Repository/1612893/41_CreateTeam/Page_Mattermost/button_Sign in' is clicked on

2020-06-05 12:55:34 - [MESSAGE][PASSED] - Object: 'Object Repository/1612893/41_CreateTeam/Page_Mattermost/button_Sign in' is clicked on

2020-06-05 12:55:34 - [TEST_STEP][PASSED] - click(findTestObject("Object Repository/1612893/41_CreateTeam/Page_Thanh set Channel name - hcmus-cdnc-te_a699a0/div_")): Object: 'Object Repository/1612893/41_CreateTeam/Page_Thanh set Channel name - hcmus-cdnc-te_a699a0/div_' is clicked on

2020-06-05 12:55:38 - [MESSAGE][PASSED] - Object: 'Object Repository/1612893/41_CreateTeam/Page_Thanh set Channel name - hcmus-cdnc-te_a699a0/div_' is clicked on

2020-06-05 12:55:38 - [TEST_STEP][PASSED] - click(findTestObject("Object Repository/1612893/41_CreateTeam/Page_Thanh set Channel name - hcmus-cdnc-te_a699a0/span_Create a team")): Object: 'Object Repository/1612893/41_CreateTeam/Page_Thanh set Channel name - hcmus-cdnc-te_a699a0/span_Create a team' is clicked on

2020-06-05 12:55:39 - [MESSAGE][PASSED] - Object: 'Object Repository/1612893/41_CreateTeam/Page_Thanh set Channel name - hcmus-cdnc-te_a699a0/span_Create a team' is clicked on

2020-06-05 12:55:39 - [TEST_STEP][PASSED] - setText(findTestObject("Object Repository/1612893/41_CreateTeam/Page_Thanh set Channel name - hcmus-cdnc-te_a699a0/input_Team Name_teamNameInput"), teamName): Text 'Team1' is set on object 'Object Repository/1612893/41_CreateTeam/Page_Thanh set Channel name - hcmus-cdnc-te_a699a0/input_Team Name_teamNameInput'

2020-06-05 12:55:40 - [MESSAGE][PASSED] - Text 'Team1' is set on object 'Object Repository/1612893/41_CreateTeam/Page_Thanh set Channel name - hcmus-cdnc-te_a699a0/input_Team Name_teamNameInput'

2020-06-05 12:55:40 - [TEST_STEP][PASSED] - click(findTestObject("Object Repository/1612893/41_CreateTeam/Page_Thanh set Channel name - hcmus-cdnc-te_a699a0/button_Next")): Object: 'Object Repository/1612893/41_CreateTeam/Page_Thanh set Channel name - hcmus-cdnc-te_a699a0/button_Next' is clicked on

2020-06-05 12:55:40 - [MESSAGE][PASSED] - Object: 'Object Repository/1612893/41_CreateTeam/Page_Thanh set Channel name - hcmus-cdnc-te_a699a0/button_Next' is clicked on

2020-06-05 12:55:40 - [TEST_STEP][PASSED] - click(findTestObject("Object Repository/1612893/41_CreateTeam/Page_Thanh set Channel name - hcmus-cdnc-te_a699a0/button_Finish")): Object: 'Object Repository/1612893/41_CreateTeam/Page_Thanh set Channel name - hcmus-cdnc-te_a699a0/button_Finish' is clicked on

2020-06-05 12:55:41 - [MESSAGE][PASSED] - Object: 'Object Repository/1612893/41_CreateTeam/Page_Thanh set Channel name - hcmus-cdnc-te_a699a0/button_Finish' is clicked on

2020-06-05 12:55:41 - [TEST_STEP][PASSED] - closeBrowser(): Browser is closed

2020-06-05 12:55:42 - [MESSAGE][PASSED] - Browser is closed]]></system-out>
         <system-err><![CDATA[]]></system-err>
      </testcase>
      <testcase name="Test Cases/1612893/TC_41_CreateTeam" time="15.925" classname="Test Cases/1612893/TC_41_CreateTeam" status="PASSED">
         <system-out><![CDATA[2020-06-05 12:55:42 - [TEST_CASE][PASSED] - Test Cases/1612893/TC_41_CreateTeam: Test Cases/1612893/TC_41_CreateTeam

2020-06-05 12:55:42 - [TEST_STEP][PASSED] - openBrowser(""): Browser is opened with url: ''

2020-06-05 12:55:42 - [MESSAGE][INFO] - Starting 'Chrome' driver

2020-06-05 12:55:42 - [MESSAGE][INFO] - Action delay is set to 0 milliseconds

2020-06-05 12:55:45 - [MESSAGE][PASSED] - Browser is opened with url: ''

2020-06-05 12:55:45 - [TEST_STEP][PASSED] - navigateToUrl("http://localhost:8065/login"): Navigate to 'http://localhost:8065/login' successfully

2020-06-05 12:55:47 - [MESSAGE][PASSED] - Navigate to 'http://localhost:8065/login' successfully

2020-06-05 12:55:47 - [TEST_STEP][PASSED] - setText(findTestObject("Object Repository/1612893/41_CreateTeam/Page_Mattermost/input_All team communication in one place s_703ef5"), "hcmus-cdnc"): Text 'hcmus-cdnc' is set on object 'Object Repository/1612893/41_CreateTeam/Page_Mattermost/input_All team communication in one place s_703ef5'

2020-06-05 12:55:49 - [MESSAGE][PASSED] - Text 'hcmus-cdnc' is set on object 'Object Repository/1612893/41_CreateTeam/Page_Mattermost/input_All team communication in one place s_703ef5'

2020-06-05 12:55:49 - [TEST_STEP][PASSED] - setEncryptedText(findTestObject("Object Repository/1612893/41_CreateTeam/Page_Mattermost/input_All team communication in one place s_2f2733"), "aeHFOx8jV/A="): Text ****** has been set on object 'Object Repository/1612893/41_CreateTeam/Page_Mattermost/input_All team communication in one place s_2f2733'

2020-06-05 12:55:50 - [MESSAGE][PASSED] - Text ****** has been set on object 'Object Repository/1612893/41_CreateTeam/Page_Mattermost/input_All team communication in one place s_2f2733'

2020-06-05 12:55:50 - [TEST_STEP][PASSED] - click(findTestObject("Object Repository/1612893/41_CreateTeam/Page_Mattermost/button_Sign in")): Object: 'Object Repository/1612893/41_CreateTeam/Page_Mattermost/button_Sign in' is clicked on

2020-06-05 12:55:50 - [MESSAGE][PASSED] - Object: 'Object Repository/1612893/41_CreateTeam/Page_Mattermost/button_Sign in' is clicked on

2020-06-05 12:55:50 - [TEST_STEP][PASSED] - click(findTestObject("Object Repository/1612893/41_CreateTeam/Page_Thanh set Channel name - hcmus-cdnc-te_a699a0/div_")): Object: 'Object Repository/1612893/41_CreateTeam/Page_Thanh set Channel name - hcmus-cdnc-te_a699a0/div_' is clicked on

2020-06-05 12:55:54 - [MESSAGE][PASSED] - Object: 'Object Repository/1612893/41_CreateTeam/Page_Thanh set Channel name - hcmus-cdnc-te_a699a0/div_' is clicked on

2020-06-05 12:55:54 - [TEST_STEP][PASSED] - click(findTestObject("Object Repository/1612893/41_CreateTeam/Page_Thanh set Channel name - hcmus-cdnc-te_a699a0/span_Create a team")): Object: 'Object Repository/1612893/41_CreateTeam/Page_Thanh set Channel name - hcmus-cdnc-te_a699a0/span_Create a team' is clicked on

2020-06-05 12:55:55 - [MESSAGE][PASSED] - Object: 'Object Repository/1612893/41_CreateTeam/Page_Thanh set Channel name - hcmus-cdnc-te_a699a0/span_Create a team' is clicked on

2020-06-05 12:55:55 - [TEST_STEP][PASSED] - setText(findTestObject("Object Repository/1612893/41_CreateTeam/Page_Thanh set Channel name - hcmus-cdnc-te_a699a0/input_Team Name_teamNameInput"), teamName): Text 'Team2' is set on object 'Object Repository/1612893/41_CreateTeam/Page_Thanh set Channel name - hcmus-cdnc-te_a699a0/input_Team Name_teamNameInput'

2020-06-05 12:55:56 - [MESSAGE][PASSED] - Text 'Team2' is set on object 'Object Repository/1612893/41_CreateTeam/Page_Thanh set Channel name - hcmus-cdnc-te_a699a0/input_Team Name_teamNameInput'

2020-06-05 12:55:56 - [TEST_STEP][PASSED] - click(findTestObject("Object Repository/1612893/41_CreateTeam/Page_Thanh set Channel name - hcmus-cdnc-te_a699a0/button_Next")): Object: 'Object Repository/1612893/41_CreateTeam/Page_Thanh set Channel name - hcmus-cdnc-te_a699a0/button_Next' is clicked on

2020-06-05 12:55:56 - [MESSAGE][PASSED] - Object: 'Object Repository/1612893/41_CreateTeam/Page_Thanh set Channel name - hcmus-cdnc-te_a699a0/button_Next' is clicked on

2020-06-05 12:55:56 - [TEST_STEP][PASSED] - click(findTestObject("Object Repository/1612893/41_CreateTeam/Page_Thanh set Channel name - hcmus-cdnc-te_a699a0/button_Finish")): Object: 'Object Repository/1612893/41_CreateTeam/Page_Thanh set Channel name - hcmus-cdnc-te_a699a0/button_Finish' is clicked on

2020-06-05 12:55:57 - [MESSAGE][PASSED] - Object: 'Object Repository/1612893/41_CreateTeam/Page_Thanh set Channel name - hcmus-cdnc-te_a699a0/button_Finish' is clicked on

2020-06-05 12:55:57 - [TEST_STEP][PASSED] - closeBrowser(): Browser is closed

2020-06-05 12:55:58 - [MESSAGE][PASSED] - Browser is closed]]></system-out>
         <system-err><![CDATA[]]></system-err>
      </testcase>
      <testcase name="Test Cases/1612893/TC_41_CreateTeam" time="15.989" classname="Test Cases/1612893/TC_41_CreateTeam" status="PASSED">
         <system-out><![CDATA[2020-06-05 12:55:58 - [TEST_CASE][PASSED] - Test Cases/1612893/TC_41_CreateTeam: Test Cases/1612893/TC_41_CreateTeam

2020-06-05 12:55:58 - [TEST_STEP][PASSED] - openBrowser(""): Browser is opened with url: ''

2020-06-05 12:55:58 - [MESSAGE][INFO] - Starting 'Chrome' driver

2020-06-05 12:55:58 - [MESSAGE][INFO] - Action delay is set to 0 milliseconds

2020-06-05 12:56:01 - [MESSAGE][PASSED] - Browser is opened with url: ''

2020-06-05 12:56:01 - [TEST_STEP][PASSED] - navigateToUrl("http://localhost:8065/login"): Navigate to 'http://localhost:8065/login' successfully

2020-06-05 12:56:03 - [MESSAGE][PASSED] - Navigate to 'http://localhost:8065/login' successfully

2020-06-05 12:56:03 - [TEST_STEP][PASSED] - setText(findTestObject("Object Repository/1612893/41_CreateTeam/Page_Mattermost/input_All team communication in one place s_703ef5"), "hcmus-cdnc"): Text 'hcmus-cdnc' is set on object 'Object Repository/1612893/41_CreateTeam/Page_Mattermost/input_All team communication in one place s_703ef5'

2020-06-05 12:56:05 - [MESSAGE][PASSED] - Text 'hcmus-cdnc' is set on object 'Object Repository/1612893/41_CreateTeam/Page_Mattermost/input_All team communication in one place s_703ef5'

2020-06-05 12:56:05 - [TEST_STEP][PASSED] - setEncryptedText(findTestObject("Object Repository/1612893/41_CreateTeam/Page_Mattermost/input_All team communication in one place s_2f2733"), "aeHFOx8jV/A="): Text ****** has been set on object 'Object Repository/1612893/41_CreateTeam/Page_Mattermost/input_All team communication in one place s_2f2733'

2020-06-05 12:56:06 - [MESSAGE][PASSED] - Text ****** has been set on object 'Object Repository/1612893/41_CreateTeam/Page_Mattermost/input_All team communication in one place s_2f2733'

2020-06-05 12:56:06 - [TEST_STEP][PASSED] - click(findTestObject("Object Repository/1612893/41_CreateTeam/Page_Mattermost/button_Sign in")): Object: 'Object Repository/1612893/41_CreateTeam/Page_Mattermost/button_Sign in' is clicked on

2020-06-05 12:56:06 - [MESSAGE][PASSED] - Object: 'Object Repository/1612893/41_CreateTeam/Page_Mattermost/button_Sign in' is clicked on

2020-06-05 12:56:06 - [TEST_STEP][PASSED] - click(findTestObject("Object Repository/1612893/41_CreateTeam/Page_Thanh set Channel name - hcmus-cdnc-te_a699a0/div_")): Object: 'Object Repository/1612893/41_CreateTeam/Page_Thanh set Channel name - hcmus-cdnc-te_a699a0/div_' is clicked on

2020-06-05 12:56:10 - [MESSAGE][PASSED] - Object: 'Object Repository/1612893/41_CreateTeam/Page_Thanh set Channel name - hcmus-cdnc-te_a699a0/div_' is clicked on

2020-06-05 12:56:10 - [TEST_STEP][PASSED] - click(findTestObject("Object Repository/1612893/41_CreateTeam/Page_Thanh set Channel name - hcmus-cdnc-te_a699a0/span_Create a team")): Object: 'Object Repository/1612893/41_CreateTeam/Page_Thanh set Channel name - hcmus-cdnc-te_a699a0/span_Create a team' is clicked on

2020-06-05 12:56:11 - [MESSAGE][PASSED] - Object: 'Object Repository/1612893/41_CreateTeam/Page_Thanh set Channel name - hcmus-cdnc-te_a699a0/span_Create a team' is clicked on

2020-06-05 12:56:11 - [TEST_STEP][PASSED] - setText(findTestObject("Object Repository/1612893/41_CreateTeam/Page_Thanh set Channel name - hcmus-cdnc-te_a699a0/input_Team Name_teamNameInput"), teamName): Text 'Team3' is set on object 'Object Repository/1612893/41_CreateTeam/Page_Thanh set Channel name - hcmus-cdnc-te_a699a0/input_Team Name_teamNameInput'

2020-06-05 12:56:12 - [MESSAGE][PASSED] - Text 'Team3' is set on object 'Object Repository/1612893/41_CreateTeam/Page_Thanh set Channel name - hcmus-cdnc-te_a699a0/input_Team Name_teamNameInput'

2020-06-05 12:56:12 - [TEST_STEP][PASSED] - click(findTestObject("Object Repository/1612893/41_CreateTeam/Page_Thanh set Channel name - hcmus-cdnc-te_a699a0/button_Next")): Object: 'Object Repository/1612893/41_CreateTeam/Page_Thanh set Channel name - hcmus-cdnc-te_a699a0/button_Next' is clicked on

2020-06-05 12:56:12 - [MESSAGE][PASSED] - Object: 'Object Repository/1612893/41_CreateTeam/Page_Thanh set Channel name - hcmus-cdnc-te_a699a0/button_Next' is clicked on

2020-06-05 12:56:12 - [TEST_STEP][PASSED] - click(findTestObject("Object Repository/1612893/41_CreateTeam/Page_Thanh set Channel name - hcmus-cdnc-te_a699a0/button_Finish")): Object: 'Object Repository/1612893/41_CreateTeam/Page_Thanh set Channel name - hcmus-cdnc-te_a699a0/button_Finish' is clicked on

2020-06-05 12:56:13 - [MESSAGE][PASSED] - Object: 'Object Repository/1612893/41_CreateTeam/Page_Thanh set Channel name - hcmus-cdnc-te_a699a0/button_Finish' is clicked on

2020-06-05 12:56:13 - [TEST_STEP][PASSED] - closeBrowser(): Browser is closed

2020-06-05 12:56:14 - [MESSAGE][PASSED] - Browser is closed]]></system-out>
         <system-err><![CDATA[]]></system-err>
      </testcase>
      <testcase name="Test Cases/1612893/TC_41_CreateTeam" time="15.734" classname="Test Cases/1612893/TC_41_CreateTeam" status="PASSED">
         <system-out><![CDATA[2020-06-05 12:56:14 - [TEST_CASE][PASSED] - Test Cases/1612893/TC_41_CreateTeam: Test Cases/1612893/TC_41_CreateTeam

2020-06-05 12:56:14 - [TEST_STEP][PASSED] - openBrowser(""): Browser is opened with url: ''

2020-06-05 12:56:14 - [MESSAGE][INFO] - Starting 'Chrome' driver

2020-06-05 12:56:14 - [MESSAGE][INFO] - Action delay is set to 0 milliseconds

2020-06-05 12:56:17 - [MESSAGE][PASSED] - Browser is opened with url: ''

2020-06-05 12:56:17 - [TEST_STEP][PASSED] - navigateToUrl("http://localhost:8065/login"): Navigate to 'http://localhost:8065/login' successfully

2020-06-05 12:56:19 - [MESSAGE][PASSED] - Navigate to 'http://localhost:8065/login' successfully

2020-06-05 12:56:19 - [TEST_STEP][PASSED] - setText(findTestObject("Object Repository/1612893/41_CreateTeam/Page_Mattermost/input_All team communication in one place s_703ef5"), "hcmus-cdnc"): Text 'hcmus-cdnc' is set on object 'Object Repository/1612893/41_CreateTeam/Page_Mattermost/input_All team communication in one place s_703ef5'

2020-06-05 12:56:21 - [MESSAGE][PASSED] - Text 'hcmus-cdnc' is set on object 'Object Repository/1612893/41_CreateTeam/Page_Mattermost/input_All team communication in one place s_703ef5'

2020-06-05 12:56:21 - [TEST_STEP][PASSED] - setEncryptedText(findTestObject("Object Repository/1612893/41_CreateTeam/Page_Mattermost/input_All team communication in one place s_2f2733"), "aeHFOx8jV/A="): Text ****** has been set on object 'Object Repository/1612893/41_CreateTeam/Page_Mattermost/input_All team communication in one place s_2f2733'

2020-06-05 12:56:22 - [MESSAGE][PASSED] - Text ****** has been set on object 'Object Repository/1612893/41_CreateTeam/Page_Mattermost/input_All team communication in one place s_2f2733'

2020-06-05 12:56:22 - [TEST_STEP][PASSED] - click(findTestObject("Object Repository/1612893/41_CreateTeam/Page_Mattermost/button_Sign in")): Object: 'Object Repository/1612893/41_CreateTeam/Page_Mattermost/button_Sign in' is clicked on

2020-06-05 12:56:22 - [MESSAGE][PASSED] - Object: 'Object Repository/1612893/41_CreateTeam/Page_Mattermost/button_Sign in' is clicked on

2020-06-05 12:56:22 - [TEST_STEP][PASSED] - click(findTestObject("Object Repository/1612893/41_CreateTeam/Page_Thanh set Channel name - hcmus-cdnc-te_a699a0/div_")): Object: 'Object Repository/1612893/41_CreateTeam/Page_Thanh set Channel name - hcmus-cdnc-te_a699a0/div_' is clicked on

2020-06-05 12:56:26 - [MESSAGE][PASSED] - Object: 'Object Repository/1612893/41_CreateTeam/Page_Thanh set Channel name - hcmus-cdnc-te_a699a0/div_' is clicked on

2020-06-05 12:56:26 - [TEST_STEP][PASSED] - click(findTestObject("Object Repository/1612893/41_CreateTeam/Page_Thanh set Channel name - hcmus-cdnc-te_a699a0/span_Create a team")): Object: 'Object Repository/1612893/41_CreateTeam/Page_Thanh set Channel name - hcmus-cdnc-te_a699a0/span_Create a team' is clicked on

2020-06-05 12:56:27 - [MESSAGE][PASSED] - Object: 'Object Repository/1612893/41_CreateTeam/Page_Thanh set Channel name - hcmus-cdnc-te_a699a0/span_Create a team' is clicked on

2020-06-05 12:56:27 - [TEST_STEP][PASSED] - setText(findTestObject("Object Repository/1612893/41_CreateTeam/Page_Thanh set Channel name - hcmus-cdnc-te_a699a0/input_Team Name_teamNameInput"), teamName): Text 'Team4' is set on object 'Object Repository/1612893/41_CreateTeam/Page_Thanh set Channel name - hcmus-cdnc-te_a699a0/input_Team Name_teamNameInput'

2020-06-05 12:56:28 - [MESSAGE][PASSED] - Text 'Team4' is set on object 'Object Repository/1612893/41_CreateTeam/Page_Thanh set Channel name - hcmus-cdnc-te_a699a0/input_Team Name_teamNameInput'

2020-06-05 12:56:28 - [TEST_STEP][PASSED] - click(findTestObject("Object Repository/1612893/41_CreateTeam/Page_Thanh set Channel name - hcmus-cdnc-te_a699a0/button_Next")): Object: 'Object Repository/1612893/41_CreateTeam/Page_Thanh set Channel name - hcmus-cdnc-te_a699a0/button_Next' is clicked on

2020-06-05 12:56:28 - [MESSAGE][PASSED] - Object: 'Object Repository/1612893/41_CreateTeam/Page_Thanh set Channel name - hcmus-cdnc-te_a699a0/button_Next' is clicked on

2020-06-05 12:56:28 - [TEST_STEP][PASSED] - click(findTestObject("Object Repository/1612893/41_CreateTeam/Page_Thanh set Channel name - hcmus-cdnc-te_a699a0/button_Finish")): Object: 'Object Repository/1612893/41_CreateTeam/Page_Thanh set Channel name - hcmus-cdnc-te_a699a0/button_Finish' is clicked on

2020-06-05 12:56:29 - [MESSAGE][PASSED] - Object: 'Object Repository/1612893/41_CreateTeam/Page_Thanh set Channel name - hcmus-cdnc-te_a699a0/button_Finish' is clicked on

2020-06-05 12:56:29 - [TEST_STEP][PASSED] - closeBrowser(): Browser is closed

2020-06-05 12:56:29 - [MESSAGE][PASSED] - Browser is closed]]></system-out>
         <system-err><![CDATA[]]></system-err>
      </testcase>
      <testcase name="Test Cases/1612893/TC_41_CreateTeam" time="16.404" classname="Test Cases/1612893/TC_41_CreateTeam" status="PASSED">
         <system-out><![CDATA[2020-06-05 12:56:29 - [TEST_CASE][PASSED] - Test Cases/1612893/TC_41_CreateTeam: Test Cases/1612893/TC_41_CreateTeam

2020-06-05 12:56:29 - [TEST_STEP][PASSED] - openBrowser(""): Browser is opened with url: ''

2020-06-05 12:56:29 - [MESSAGE][INFO] - Starting 'Chrome' driver

2020-06-05 12:56:29 - [MESSAGE][INFO] - Action delay is set to 0 milliseconds

2020-06-05 12:56:33 - [MESSAGE][PASSED] - Browser is opened with url: ''

2020-06-05 12:56:33 - [TEST_STEP][PASSED] - navigateToUrl("http://localhost:8065/login"): Navigate to 'http://localhost:8065/login' successfully

2020-06-05 12:56:35 - [MESSAGE][PASSED] - Navigate to 'http://localhost:8065/login' successfully

2020-06-05 12:56:35 - [TEST_STEP][PASSED] - setText(findTestObject("Object Repository/1612893/41_CreateTeam/Page_Mattermost/input_All team communication in one place s_703ef5"), "hcmus-cdnc"): Text 'hcmus-cdnc' is set on object 'Object Repository/1612893/41_CreateTeam/Page_Mattermost/input_All team communication in one place s_703ef5'

2020-06-05 12:56:37 - [MESSAGE][PASSED] - Text 'hcmus-cdnc' is set on object 'Object Repository/1612893/41_CreateTeam/Page_Mattermost/input_All team communication in one place s_703ef5'

2020-06-05 12:56:37 - [TEST_STEP][PASSED] - setEncryptedText(findTestObject("Object Repository/1612893/41_CreateTeam/Page_Mattermost/input_All team communication in one place s_2f2733"), "aeHFOx8jV/A="): Text ****** has been set on object 'Object Repository/1612893/41_CreateTeam/Page_Mattermost/input_All team communication in one place s_2f2733'

2020-06-05 12:56:38 - [MESSAGE][PASSED] - Text ****** has been set on object 'Object Repository/1612893/41_CreateTeam/Page_Mattermost/input_All team communication in one place s_2f2733'

2020-06-05 12:56:38 - [TEST_STEP][PASSED] - click(findTestObject("Object Repository/1612893/41_CreateTeam/Page_Mattermost/button_Sign in")): Object: 'Object Repository/1612893/41_CreateTeam/Page_Mattermost/button_Sign in' is clicked on

2020-06-05 12:56:38 - [MESSAGE][PASSED] - Object: 'Object Repository/1612893/41_CreateTeam/Page_Mattermost/button_Sign in' is clicked on

2020-06-05 12:56:38 - [TEST_STEP][PASSED] - click(findTestObject("Object Repository/1612893/41_CreateTeam/Page_Thanh set Channel name - hcmus-cdnc-te_a699a0/div_")): Object: 'Object Repository/1612893/41_CreateTeam/Page_Thanh set Channel name - hcmus-cdnc-te_a699a0/div_' is clicked on

2020-06-05 12:56:42 - [MESSAGE][PASSED] - Object: 'Object Repository/1612893/41_CreateTeam/Page_Thanh set Channel name - hcmus-cdnc-te_a699a0/div_' is clicked on

2020-06-05 12:56:42 - [TEST_STEP][PASSED] - click(findTestObject("Object Repository/1612893/41_CreateTeam/Page_Thanh set Channel name - hcmus-cdnc-te_a699a0/span_Create a team")): Object: 'Object Repository/1612893/41_CreateTeam/Page_Thanh set Channel name - hcmus-cdnc-te_a699a0/span_Create a team' is clicked on

2020-06-05 12:56:43 - [MESSAGE][PASSED] - Object: 'Object Repository/1612893/41_CreateTeam/Page_Thanh set Channel name - hcmus-cdnc-te_a699a0/span_Create a team' is clicked on

2020-06-05 12:56:43 - [TEST_STEP][PASSED] - setText(findTestObject("Object Repository/1612893/41_CreateTeam/Page_Thanh set Channel name - hcmus-cdnc-te_a699a0/input_Team Name_teamNameInput"), teamName): Text 'Team5' is set on object 'Object Repository/1612893/41_CreateTeam/Page_Thanh set Channel name - hcmus-cdnc-te_a699a0/input_Team Name_teamNameInput'

2020-06-05 12:56:44 - [MESSAGE][PASSED] - Text 'Team5' is set on object 'Object Repository/1612893/41_CreateTeam/Page_Thanh set Channel name - hcmus-cdnc-te_a699a0/input_Team Name_teamNameInput'

2020-06-05 12:56:44 - [TEST_STEP][PASSED] - click(findTestObject("Object Repository/1612893/41_CreateTeam/Page_Thanh set Channel name - hcmus-cdnc-te_a699a0/button_Next")): Object: 'Object Repository/1612893/41_CreateTeam/Page_Thanh set Channel name - hcmus-cdnc-te_a699a0/button_Next' is clicked on

2020-06-05 12:56:44 - [MESSAGE][PASSED] - Object: 'Object Repository/1612893/41_CreateTeam/Page_Thanh set Channel name - hcmus-cdnc-te_a699a0/button_Next' is clicked on

2020-06-05 12:56:44 - [TEST_STEP][PASSED] - click(findTestObject("Object Repository/1612893/41_CreateTeam/Page_Thanh set Channel name - hcmus-cdnc-te_a699a0/button_Finish")): Object: 'Object Repository/1612893/41_CreateTeam/Page_Thanh set Channel name - hcmus-cdnc-te_a699a0/button_Finish' is clicked on

2020-06-05 12:56:45 - [MESSAGE][PASSED] - Object: 'Object Repository/1612893/41_CreateTeam/Page_Thanh set Channel name - hcmus-cdnc-te_a699a0/button_Finish' is clicked on

2020-06-05 12:56:45 - [TEST_STEP][PASSED] - closeBrowser(): Browser is closed

2020-06-05 12:56:46 - [MESSAGE][PASSED] - Browser is closed]]></system-out>
         <system-err><![CDATA[]]></system-err>
      </testcase>
      <testcase name="Test Cases/1612893/TC_42_EditTeamName" time="17.659" classname="Test Cases/1612893/TC_42_EditTeamName" status="PASSED">
         <system-out><![CDATA[2020-06-05 12:56:46 - [TEST_CASE][PASSED] - Test Cases/1612893/TC_42_EditTeamName: Test Cases/1612893/TC_42_EditTeamName

2020-06-05 12:56:46 - [TEST_STEP][PASSED] - openBrowser(""): Browser is opened with url: ''

2020-06-05 12:56:46 - [MESSAGE][INFO] - Starting 'Chrome' driver

2020-06-05 12:56:46 - [MESSAGE][INFO] - Action delay is set to 0 milliseconds

2020-06-05 12:56:50 - [MESSAGE][PASSED] - Browser is opened with url: ''

2020-06-05 12:56:50 - [TEST_STEP][PASSED] - navigateToUrl("http://localhost:8065/login"): Navigate to 'http://localhost:8065/login' successfully

2020-06-05 12:56:51 - [MESSAGE][PASSED] - Navigate to 'http://localhost:8065/login' successfully

2020-06-05 12:56:51 - [TEST_STEP][PASSED] - setText(findTestObject("Object Repository/1612893/42_EditTeamName/Page_Mattermost/input_All team communication in one place s_703ef5"), "hcmus-cdnc@gmail.com"): Text 'hcmus-cdnc@gmail.com' is set on object 'Object Repository/1612893/42_EditTeamName/Page_Mattermost/input_All team communication in one place s_703ef5'

2020-06-05 12:56:53 - [MESSAGE][PASSED] - Text 'hcmus-cdnc@gmail.com' is set on object 'Object Repository/1612893/42_EditTeamName/Page_Mattermost/input_All team communication in one place s_703ef5'

2020-06-05 12:56:53 - [TEST_STEP][PASSED] - setEncryptedText(findTestObject("Object Repository/1612893/42_EditTeamName/Page_Mattermost/input_All team communication in one place s_2f2733"), "aeHFOx8jV/A="): Text ****** has been set on object 'Object Repository/1612893/42_EditTeamName/Page_Mattermost/input_All team communication in one place s_2f2733'

2020-06-05 12:56:54 - [MESSAGE][PASSED] - Text ****** has been set on object 'Object Repository/1612893/42_EditTeamName/Page_Mattermost/input_All team communication in one place s_2f2733'

2020-06-05 12:56:54 - [TEST_STEP][PASSED] - click(findTestObject("Object Repository/1612893/42_EditTeamName/Page_Mattermost/button_Sign in")): Object: 'Object Repository/1612893/42_EditTeamName/Page_Mattermost/button_Sign in' is clicked on

2020-06-05 12:56:55 - [MESSAGE][PASSED] - Object: 'Object Repository/1612893/42_EditTeamName/Page_Mattermost/button_Sign in' is clicked on

2020-06-05 12:56:55 - [TEST_STEP][PASSED] - click(findTestObject("Object Repository/1612893/42_EditTeamName/Page_Thanh set Channel name - hcmus-cdnc-te_a699a0/button_anh_style--none sidebar-header-dropd_e4937e")): Object: 'Object Repository/1612893/42_EditTeamName/Page_Thanh set Channel name - hcmus-cdnc-te_a699a0/button_anh_style--none sidebar-header-dropd_e4937e' is clicked on

2020-06-05 12:56:58 - [MESSAGE][PASSED] - Object: 'Object Repository/1612893/42_EditTeamName/Page_Thanh set Channel name - hcmus-cdnc-te_a699a0/button_anh_style--none sidebar-header-dropd_e4937e' is clicked on

2020-06-05 12:56:58 - [TEST_STEP][PASSED] - click(findTestObject("Object Repository/1612893/42_EditTeamName/Page_Thanh set Channel name - hcmus-cdnc-te_a699a0/span_Team Settings")): Object: 'Object Repository/1612893/42_EditTeamName/Page_Thanh set Channel name - hcmus-cdnc-te_a699a0/span_Team Settings' is clicked on

2020-06-05 12:56:59 - [MESSAGE][PASSED] - Object: 'Object Repository/1612893/42_EditTeamName/Page_Thanh set Channel name - hcmus-cdnc-te_a699a0/span_Team Settings' is clicked on

2020-06-05 12:56:59 - [TEST_STEP][PASSED] - click(findTestObject("Object Repository/1612893/42_EditTeamName/Page_Thanh set Channel name - hcmus-cdnc-te_a699a0/button_Edit")): Object: 'Object Repository/1612893/42_EditTeamName/Page_Thanh set Channel name - hcmus-cdnc-te_a699a0/button_Edit' is clicked on

2020-06-05 12:57:00 - [MESSAGE][PASSED] - Object: 'Object Repository/1612893/42_EditTeamName/Page_Thanh set Channel name - hcmus-cdnc-te_a699a0/button_Edit' is clicked on

2020-06-05 12:57:00 - [TEST_STEP][PASSED] - setText(findTestObject("Object Repository/1612893/42_EditTeamName/Page_Thanh set Channel name - hcmus-cdnc-te_a699a0/input_Team Name_teamName"), teamName): Text 'Team-Tester' is set on object 'Object Repository/1612893/42_EditTeamName/Page_Thanh set Channel name - hcmus-cdnc-te_a699a0/input_Team Name_teamName'

2020-06-05 12:57:01 - [MESSAGE][PASSED] - Text 'Team-Tester' is set on object 'Object Repository/1612893/42_EditTeamName/Page_Thanh set Channel name - hcmus-cdnc-te_a699a0/input_Team Name_teamName'

2020-06-05 12:57:01 - [TEST_STEP][PASSED] - click(findTestObject("Object Repository/1612893/42_EditTeamName/Page_Thanh set Channel name - hcmus-cdnc-te_a699a0/button_Save")): Object: 'Object Repository/1612893/42_EditTeamName/Page_Thanh set Channel name - hcmus-cdnc-te_a699a0/button_Save' is clicked on

2020-06-05 12:57:02 - [MESSAGE][PASSED] - Object: 'Object Repository/1612893/42_EditTeamName/Page_Thanh set Channel name - hcmus-cdnc-te_a699a0/button_Save' is clicked on

2020-06-05 12:57:02 - [TEST_STEP][PASSED] - click(findTestObject("Object Repository/1612893/42_EditTeamName/Page_Thanh set Channel name - hcmus-cdnc-te_a699a0/button_Close")): Object: 'Object Repository/1612893/42_EditTeamName/Page_Thanh set Channel name - hcmus-cdnc-te_a699a0/button_Close' is clicked on

2020-06-05 12:57:03 - [MESSAGE][PASSED] - Object: 'Object Repository/1612893/42_EditTeamName/Page_Thanh set Channel name - hcmus-cdnc-te_a699a0/button_Close' is clicked on

2020-06-05 12:57:03 - [TEST_STEP][PASSED] - closeBrowser(): Browser is closed

2020-06-05 12:57:03 - [MESSAGE][PASSED] - Browser is closed]]></system-out>
         <system-err><![CDATA[]]></system-err>
      </testcase>
      <testcase name="Test Cases/1612893/TC_42_EditTeamName" time="17.818" classname="Test Cases/1612893/TC_42_EditTeamName" status="PASSED">
         <system-out><![CDATA[2020-06-05 12:57:03 - [TEST_CASE][PASSED] - Test Cases/1612893/TC_42_EditTeamName: Test Cases/1612893/TC_42_EditTeamName

2020-06-05 12:57:03 - [TEST_STEP][PASSED] - openBrowser(""): Browser is opened with url: ''

2020-06-05 12:57:03 - [MESSAGE][INFO] - Starting 'Chrome' driver

2020-06-05 12:57:03 - [MESSAGE][INFO] - Action delay is set to 0 milliseconds

2020-06-05 12:57:07 - [MESSAGE][PASSED] - Browser is opened with url: ''

2020-06-05 12:57:07 - [TEST_STEP][PASSED] - navigateToUrl("http://localhost:8065/login"): Navigate to 'http://localhost:8065/login' successfully

2020-06-05 12:57:09 - [MESSAGE][PASSED] - Navigate to 'http://localhost:8065/login' successfully

2020-06-05 12:57:09 - [TEST_STEP][PASSED] - setText(findTestObject("Object Repository/1612893/42_EditTeamName/Page_Mattermost/input_All team communication in one place s_703ef5"), "hcmus-cdnc@gmail.com"): Text 'hcmus-cdnc@gmail.com' is set on object 'Object Repository/1612893/42_EditTeamName/Page_Mattermost/input_All team communication in one place s_703ef5'

2020-06-05 12:57:11 - [MESSAGE][PASSED] - Text 'hcmus-cdnc@gmail.com' is set on object 'Object Repository/1612893/42_EditTeamName/Page_Mattermost/input_All team communication in one place s_703ef5'

2020-06-05 12:57:11 - [TEST_STEP][PASSED] - setEncryptedText(findTestObject("Object Repository/1612893/42_EditTeamName/Page_Mattermost/input_All team communication in one place s_2f2733"), "aeHFOx8jV/A="): Text ****** has been set on object 'Object Repository/1612893/42_EditTeamName/Page_Mattermost/input_All team communication in one place s_2f2733'

2020-06-05 12:57:12 - [MESSAGE][PASSED] - Text ****** has been set on object 'Object Repository/1612893/42_EditTeamName/Page_Mattermost/input_All team communication in one place s_2f2733'

2020-06-05 12:57:12 - [TEST_STEP][PASSED] - click(findTestObject("Object Repository/1612893/42_EditTeamName/Page_Mattermost/button_Sign in")): Object: 'Object Repository/1612893/42_EditTeamName/Page_Mattermost/button_Sign in' is clicked on

2020-06-05 12:57:12 - [MESSAGE][PASSED] - Object: 'Object Repository/1612893/42_EditTeamName/Page_Mattermost/button_Sign in' is clicked on

2020-06-05 12:57:12 - [TEST_STEP][PASSED] - click(findTestObject("Object Repository/1612893/42_EditTeamName/Page_Thanh set Channel name - hcmus-cdnc-te_a699a0/button_anh_style--none sidebar-header-dropd_e4937e")): Object: 'Object Repository/1612893/42_EditTeamName/Page_Thanh set Channel name - hcmus-cdnc-te_a699a0/button_anh_style--none sidebar-header-dropd_e4937e' is clicked on

2020-06-05 12:57:16 - [MESSAGE][PASSED] - Object: 'Object Repository/1612893/42_EditTeamName/Page_Thanh set Channel name - hcmus-cdnc-te_a699a0/button_anh_style--none sidebar-header-dropd_e4937e' is clicked on

2020-06-05 12:57:16 - [TEST_STEP][PASSED] - click(findTestObject("Object Repository/1612893/42_EditTeamName/Page_Thanh set Channel name - hcmus-cdnc-te_a699a0/span_Team Settings")): Object: 'Object Repository/1612893/42_EditTeamName/Page_Thanh set Channel name - hcmus-cdnc-te_a699a0/span_Team Settings' is clicked on

2020-06-05 12:57:17 - [MESSAGE][PASSED] - Object: 'Object Repository/1612893/42_EditTeamName/Page_Thanh set Channel name - hcmus-cdnc-te_a699a0/span_Team Settings' is clicked on

2020-06-05 12:57:17 - [TEST_STEP][PASSED] - click(findTestObject("Object Repository/1612893/42_EditTeamName/Page_Thanh set Channel name - hcmus-cdnc-te_a699a0/button_Edit")): Object: 'Object Repository/1612893/42_EditTeamName/Page_Thanh set Channel name - hcmus-cdnc-te_a699a0/button_Edit' is clicked on

2020-06-05 12:57:18 - [MESSAGE][PASSED] - Object: 'Object Repository/1612893/42_EditTeamName/Page_Thanh set Channel name - hcmus-cdnc-te_a699a0/button_Edit' is clicked on

2020-06-05 12:57:18 - [TEST_STEP][PASSED] - setText(findTestObject("Object Repository/1612893/42_EditTeamName/Page_Thanh set Channel name - hcmus-cdnc-te_a699a0/input_Team Name_teamName"), teamName): Text 'Team-Developer' is set on object 'Object Repository/1612893/42_EditTeamName/Page_Thanh set Channel name - hcmus-cdnc-te_a699a0/input_Team Name_teamName'

2020-06-05 12:57:19 - [MESSAGE][PASSED] - Text 'Team-Developer' is set on object 'Object Repository/1612893/42_EditTeamName/Page_Thanh set Channel name - hcmus-cdnc-te_a699a0/input_Team Name_teamName'

2020-06-05 12:57:19 - [TEST_STEP][PASSED] - click(findTestObject("Object Repository/1612893/42_EditTeamName/Page_Thanh set Channel name - hcmus-cdnc-te_a699a0/button_Save")): Object: 'Object Repository/1612893/42_EditTeamName/Page_Thanh set Channel name - hcmus-cdnc-te_a699a0/button_Save' is clicked on

2020-06-05 12:57:20 - [MESSAGE][PASSED] - Object: 'Object Repository/1612893/42_EditTeamName/Page_Thanh set Channel name - hcmus-cdnc-te_a699a0/button_Save' is clicked on

2020-06-05 12:57:20 - [TEST_STEP][PASSED] - click(findTestObject("Object Repository/1612893/42_EditTeamName/Page_Thanh set Channel name - hcmus-cdnc-te_a699a0/button_Close")): Object: 'Object Repository/1612893/42_EditTeamName/Page_Thanh set Channel name - hcmus-cdnc-te_a699a0/button_Close' is clicked on

2020-06-05 12:57:21 - [MESSAGE][PASSED] - Object: 'Object Repository/1612893/42_EditTeamName/Page_Thanh set Channel name - hcmus-cdnc-te_a699a0/button_Close' is clicked on

2020-06-05 12:57:21 - [TEST_STEP][PASSED] - closeBrowser(): Browser is closed

2020-06-05 12:57:21 - [MESSAGE][PASSED] - Browser is closed]]></system-out>
         <system-err><![CDATA[]]></system-err>
      </testcase>
      <testcase name="Test Cases/1612893/TC_42_EditTeamName" time="17.412" classname="Test Cases/1612893/TC_42_EditTeamName" status="PASSED">
         <system-out><![CDATA[2020-06-05 12:57:21 - [TEST_CASE][PASSED] - Test Cases/1612893/TC_42_EditTeamName: Test Cases/1612893/TC_42_EditTeamName

2020-06-05 12:57:21 - [TEST_STEP][PASSED] - openBrowser(""): Browser is opened with url: ''

2020-06-05 12:57:21 - [MESSAGE][INFO] - Starting 'Chrome' driver

2020-06-05 12:57:21 - [MESSAGE][INFO] - Action delay is set to 0 milliseconds

2020-06-05 12:57:25 - [MESSAGE][PASSED] - Browser is opened with url: ''

2020-06-05 12:57:25 - [TEST_STEP][PASSED] - navigateToUrl("http://localhost:8065/login"): Navigate to 'http://localhost:8065/login' successfully

2020-06-05 12:57:26 - [MESSAGE][PASSED] - Navigate to 'http://localhost:8065/login' successfully

2020-06-05 12:57:26 - [TEST_STEP][PASSED] - setText(findTestObject("Object Repository/1612893/42_EditTeamName/Page_Mattermost/input_All team communication in one place s_703ef5"), "hcmus-cdnc@gmail.com"): Text 'hcmus-cdnc@gmail.com' is set on object 'Object Repository/1612893/42_EditTeamName/Page_Mattermost/input_All team communication in one place s_703ef5'

2020-06-05 12:57:29 - [MESSAGE][PASSED] - Text 'hcmus-cdnc@gmail.com' is set on object 'Object Repository/1612893/42_EditTeamName/Page_Mattermost/input_All team communication in one place s_703ef5'

2020-06-05 12:57:29 - [TEST_STEP][PASSED] - setEncryptedText(findTestObject("Object Repository/1612893/42_EditTeamName/Page_Mattermost/input_All team communication in one place s_2f2733"), "aeHFOx8jV/A="): Text ****** has been set on object 'Object Repository/1612893/42_EditTeamName/Page_Mattermost/input_All team communication in one place s_2f2733'

2020-06-05 12:57:29 - [MESSAGE][PASSED] - Text ****** has been set on object 'Object Repository/1612893/42_EditTeamName/Page_Mattermost/input_All team communication in one place s_2f2733'

2020-06-05 12:57:29 - [TEST_STEP][PASSED] - click(findTestObject("Object Repository/1612893/42_EditTeamName/Page_Mattermost/button_Sign in")): Object: 'Object Repository/1612893/42_EditTeamName/Page_Mattermost/button_Sign in' is clicked on

2020-06-05 12:57:30 - [MESSAGE][PASSED] - Object: 'Object Repository/1612893/42_EditTeamName/Page_Mattermost/button_Sign in' is clicked on

2020-06-05 12:57:30 - [TEST_STEP][PASSED] - click(findTestObject("Object Repository/1612893/42_EditTeamName/Page_Thanh set Channel name - hcmus-cdnc-te_a699a0/button_anh_style--none sidebar-header-dropd_e4937e")): Object: 'Object Repository/1612893/42_EditTeamName/Page_Thanh set Channel name - hcmus-cdnc-te_a699a0/button_anh_style--none sidebar-header-dropd_e4937e' is clicked on

2020-06-05 12:57:34 - [MESSAGE][PASSED] - Object: 'Object Repository/1612893/42_EditTeamName/Page_Thanh set Channel name - hcmus-cdnc-te_a699a0/button_anh_style--none sidebar-header-dropd_e4937e' is clicked on

2020-06-05 12:57:34 - [TEST_STEP][PASSED] - click(findTestObject("Object Repository/1612893/42_EditTeamName/Page_Thanh set Channel name - hcmus-cdnc-te_a699a0/span_Team Settings")): Object: 'Object Repository/1612893/42_EditTeamName/Page_Thanh set Channel name - hcmus-cdnc-te_a699a0/span_Team Settings' is clicked on

2020-06-05 12:57:35 - [MESSAGE][PASSED] - Object: 'Object Repository/1612893/42_EditTeamName/Page_Thanh set Channel name - hcmus-cdnc-te_a699a0/span_Team Settings' is clicked on

2020-06-05 12:57:35 - [TEST_STEP][PASSED] - click(findTestObject("Object Repository/1612893/42_EditTeamName/Page_Thanh set Channel name - hcmus-cdnc-te_a699a0/button_Edit")): Object: 'Object Repository/1612893/42_EditTeamName/Page_Thanh set Channel name - hcmus-cdnc-te_a699a0/button_Edit' is clicked on

2020-06-05 12:57:35 - [MESSAGE][PASSED] - Object: 'Object Repository/1612893/42_EditTeamName/Page_Thanh set Channel name - hcmus-cdnc-te_a699a0/button_Edit' is clicked on

2020-06-05 12:57:35 - [TEST_STEP][PASSED] - setText(findTestObject("Object Repository/1612893/42_EditTeamName/Page_Thanh set Channel name - hcmus-cdnc-te_a699a0/input_Team Name_teamName"), teamName): Text 'Team-Designer' is set on object 'Object Repository/1612893/42_EditTeamName/Page_Thanh set Channel name - hcmus-cdnc-te_a699a0/input_Team Name_teamName'

2020-06-05 12:57:37 - [MESSAGE][PASSED] - Text 'Team-Designer' is set on object 'Object Repository/1612893/42_EditTeamName/Page_Thanh set Channel name - hcmus-cdnc-te_a699a0/input_Team Name_teamName'

2020-06-05 12:57:37 - [TEST_STEP][PASSED] - click(findTestObject("Object Repository/1612893/42_EditTeamName/Page_Thanh set Channel name - hcmus-cdnc-te_a699a0/button_Save")): Object: 'Object Repository/1612893/42_EditTeamName/Page_Thanh set Channel name - hcmus-cdnc-te_a699a0/button_Save' is clicked on

2020-06-05 12:57:37 - [MESSAGE][PASSED] - Object: 'Object Repository/1612893/42_EditTeamName/Page_Thanh set Channel name - hcmus-cdnc-te_a699a0/button_Save' is clicked on

2020-06-05 12:57:37 - [TEST_STEP][PASSED] - click(findTestObject("Object Repository/1612893/42_EditTeamName/Page_Thanh set Channel name - hcmus-cdnc-te_a699a0/button_Close")): Object: 'Object Repository/1612893/42_EditTeamName/Page_Thanh set Channel name - hcmus-cdnc-te_a699a0/button_Close' is clicked on

2020-06-05 12:57:38 - [MESSAGE][PASSED] - Object: 'Object Repository/1612893/42_EditTeamName/Page_Thanh set Channel name - hcmus-cdnc-te_a699a0/button_Close' is clicked on

2020-06-05 12:57:38 - [TEST_STEP][PASSED] - closeBrowser(): Browser is closed

2020-06-05 12:57:39 - [MESSAGE][PASSED] - Browser is closed]]></system-out>
         <system-err><![CDATA[]]></system-err>
      </testcase>
      <testcase name="Test Cases/1612893/TC_42_EditTeamName" time="17.942" classname="Test Cases/1612893/TC_42_EditTeamName" status="PASSED">
         <system-out><![CDATA[2020-06-05 12:57:39 - [TEST_CASE][PASSED] - Test Cases/1612893/TC_42_EditTeamName: Test Cases/1612893/TC_42_EditTeamName

2020-06-05 12:57:39 - [TEST_STEP][PASSED] - openBrowser(""): Browser is opened with url: ''

2020-06-05 12:57:39 - [MESSAGE][INFO] - Starting 'Chrome' driver

2020-06-05 12:57:39 - [MESSAGE][INFO] - Action delay is set to 0 milliseconds

2020-06-05 12:57:42 - [MESSAGE][PASSED] - Browser is opened with url: ''

2020-06-05 12:57:42 - [TEST_STEP][PASSED] - navigateToUrl("http://localhost:8065/login"): Navigate to 'http://localhost:8065/login' successfully

2020-06-05 12:57:44 - [MESSAGE][PASSED] - Navigate to 'http://localhost:8065/login' successfully

2020-06-05 12:57:44 - [TEST_STEP][PASSED] - setText(findTestObject("Object Repository/1612893/42_EditTeamName/Page_Mattermost/input_All team communication in one place s_703ef5"), "hcmus-cdnc@gmail.com"): Text 'hcmus-cdnc@gmail.com' is set on object 'Object Repository/1612893/42_EditTeamName/Page_Mattermost/input_All team communication in one place s_703ef5'

2020-06-05 12:57:46 - [MESSAGE][PASSED] - Text 'hcmus-cdnc@gmail.com' is set on object 'Object Repository/1612893/42_EditTeamName/Page_Mattermost/input_All team communication in one place s_703ef5'

2020-06-05 12:57:46 - [TEST_STEP][PASSED] - setEncryptedText(findTestObject("Object Repository/1612893/42_EditTeamName/Page_Mattermost/input_All team communication in one place s_2f2733"), "aeHFOx8jV/A="): Text ****** has been set on object 'Object Repository/1612893/42_EditTeamName/Page_Mattermost/input_All team communication in one place s_2f2733'

2020-06-05 12:57:47 - [MESSAGE][PASSED] - Text ****** has been set on object 'Object Repository/1612893/42_EditTeamName/Page_Mattermost/input_All team communication in one place s_2f2733'

2020-06-05 12:57:47 - [TEST_STEP][PASSED] - click(findTestObject("Object Repository/1612893/42_EditTeamName/Page_Mattermost/button_Sign in")): Object: 'Object Repository/1612893/42_EditTeamName/Page_Mattermost/button_Sign in' is clicked on

2020-06-05 12:57:47 - [MESSAGE][PASSED] - Object: 'Object Repository/1612893/42_EditTeamName/Page_Mattermost/button_Sign in' is clicked on

2020-06-05 12:57:47 - [TEST_STEP][PASSED] - click(findTestObject("Object Repository/1612893/42_EditTeamName/Page_Thanh set Channel name - hcmus-cdnc-te_a699a0/button_anh_style--none sidebar-header-dropd_e4937e")): Object: 'Object Repository/1612893/42_EditTeamName/Page_Thanh set Channel name - hcmus-cdnc-te_a699a0/button_anh_style--none sidebar-header-dropd_e4937e' is clicked on

2020-06-05 12:57:51 - [MESSAGE][PASSED] - Object: 'Object Repository/1612893/42_EditTeamName/Page_Thanh set Channel name - hcmus-cdnc-te_a699a0/button_anh_style--none sidebar-header-dropd_e4937e' is clicked on

2020-06-05 12:57:51 - [TEST_STEP][PASSED] - click(findTestObject("Object Repository/1612893/42_EditTeamName/Page_Thanh set Channel name - hcmus-cdnc-te_a699a0/span_Team Settings")): Object: 'Object Repository/1612893/42_EditTeamName/Page_Thanh set Channel name - hcmus-cdnc-te_a699a0/span_Team Settings' is clicked on

2020-06-05 12:57:52 - [MESSAGE][PASSED] - Object: 'Object Repository/1612893/42_EditTeamName/Page_Thanh set Channel name - hcmus-cdnc-te_a699a0/span_Team Settings' is clicked on

2020-06-05 12:57:52 - [TEST_STEP][PASSED] - click(findTestObject("Object Repository/1612893/42_EditTeamName/Page_Thanh set Channel name - hcmus-cdnc-te_a699a0/button_Edit")): Object: 'Object Repository/1612893/42_EditTeamName/Page_Thanh set Channel name - hcmus-cdnc-te_a699a0/button_Edit' is clicked on

2020-06-05 12:57:53 - [MESSAGE][PASSED] - Object: 'Object Repository/1612893/42_EditTeamName/Page_Thanh set Channel name - hcmus-cdnc-te_a699a0/button_Edit' is clicked on

2020-06-05 12:57:53 - [TEST_STEP][PASSED] - setText(findTestObject("Object Repository/1612893/42_EditTeamName/Page_Thanh set Channel name - hcmus-cdnc-te_a699a0/input_Team Name_teamName"), teamName): Text 'Team-Sale' is set on object 'Object Repository/1612893/42_EditTeamName/Page_Thanh set Channel name - hcmus-cdnc-te_a699a0/input_Team Name_teamName'

2020-06-05 12:57:54 - [MESSAGE][PASSED] - Text 'Team-Sale' is set on object 'Object Repository/1612893/42_EditTeamName/Page_Thanh set Channel name - hcmus-cdnc-te_a699a0/input_Team Name_teamName'

2020-06-05 12:57:54 - [TEST_STEP][PASSED] - click(findTestObject("Object Repository/1612893/42_EditTeamName/Page_Thanh set Channel name - hcmus-cdnc-te_a699a0/button_Save")): Object: 'Object Repository/1612893/42_EditTeamName/Page_Thanh set Channel name - hcmus-cdnc-te_a699a0/button_Save' is clicked on

2020-06-05 12:57:55 - [MESSAGE][PASSED] - Object: 'Object Repository/1612893/42_EditTeamName/Page_Thanh set Channel name - hcmus-cdnc-te_a699a0/button_Save' is clicked on

2020-06-05 12:57:55 - [TEST_STEP][PASSED] - click(findTestObject("Object Repository/1612893/42_EditTeamName/Page_Thanh set Channel name - hcmus-cdnc-te_a699a0/button_Close")): Object: 'Object Repository/1612893/42_EditTeamName/Page_Thanh set Channel name - hcmus-cdnc-te_a699a0/button_Close' is clicked on

2020-06-05 12:57:56 - [MESSAGE][PASSED] - Object: 'Object Repository/1612893/42_EditTeamName/Page_Thanh set Channel name - hcmus-cdnc-te_a699a0/button_Close' is clicked on

2020-06-05 12:57:56 - [TEST_STEP][PASSED] - closeBrowser(): Browser is closed

2020-06-05 12:57:57 - [MESSAGE][PASSED] - Browser is closed]]></system-out>
         <system-err><![CDATA[]]></system-err>
      </testcase>
      <testcase name="Test Cases/1612893/TC_42_EditTeamName" time="17.971" classname="Test Cases/1612893/TC_42_EditTeamName" status="PASSED">
         <system-out><![CDATA[2020-06-05 12:57:57 - [TEST_CASE][PASSED] - Test Cases/1612893/TC_42_EditTeamName: Test Cases/1612893/TC_42_EditTeamName

2020-06-05 12:57:57 - [TEST_STEP][PASSED] - openBrowser(""): Browser is opened with url: ''

2020-06-05 12:57:57 - [MESSAGE][INFO] - Starting 'Chrome' driver

2020-06-05 12:57:57 - [MESSAGE][INFO] - Action delay is set to 0 milliseconds

2020-06-05 12:58:00 - [MESSAGE][PASSED] - Browser is opened with url: ''

2020-06-05 12:58:00 - [TEST_STEP][PASSED] - navigateToUrl("http://localhost:8065/login"): Navigate to 'http://localhost:8065/login' successfully

2020-06-05 12:58:02 - [MESSAGE][PASSED] - Navigate to 'http://localhost:8065/login' successfully

2020-06-05 12:58:02 - [TEST_STEP][PASSED] - setText(findTestObject("Object Repository/1612893/42_EditTeamName/Page_Mattermost/input_All team communication in one place s_703ef5"), "hcmus-cdnc@gmail.com"): Text 'hcmus-cdnc@gmail.com' is set on object 'Object Repository/1612893/42_EditTeamName/Page_Mattermost/input_All team communication in one place s_703ef5'

2020-06-05 12:58:04 - [MESSAGE][PASSED] - Text 'hcmus-cdnc@gmail.com' is set on object 'Object Repository/1612893/42_EditTeamName/Page_Mattermost/input_All team communication in one place s_703ef5'

2020-06-05 12:58:04 - [TEST_STEP][PASSED] - setEncryptedText(findTestObject("Object Repository/1612893/42_EditTeamName/Page_Mattermost/input_All team communication in one place s_2f2733"), "aeHFOx8jV/A="): Text ****** has been set on object 'Object Repository/1612893/42_EditTeamName/Page_Mattermost/input_All team communication in one place s_2f2733'

2020-06-05 12:58:05 - [MESSAGE][PASSED] - Text ****** has been set on object 'Object Repository/1612893/42_EditTeamName/Page_Mattermost/input_All team communication in one place s_2f2733'

2020-06-05 12:58:05 - [TEST_STEP][PASSED] - click(findTestObject("Object Repository/1612893/42_EditTeamName/Page_Mattermost/button_Sign in")): Object: 'Object Repository/1612893/42_EditTeamName/Page_Mattermost/button_Sign in' is clicked on

2020-06-05 12:58:06 - [MESSAGE][PASSED] - Object: 'Object Repository/1612893/42_EditTeamName/Page_Mattermost/button_Sign in' is clicked on

2020-06-05 12:58:06 - [TEST_STEP][PASSED] - click(findTestObject("Object Repository/1612893/42_EditTeamName/Page_Thanh set Channel name - hcmus-cdnc-te_a699a0/button_anh_style--none sidebar-header-dropd_e4937e")): Object: 'Object Repository/1612893/42_EditTeamName/Page_Thanh set Channel name - hcmus-cdnc-te_a699a0/button_anh_style--none sidebar-header-dropd_e4937e' is clicked on

2020-06-05 12:58:09 - [MESSAGE][PASSED] - Object: 'Object Repository/1612893/42_EditTeamName/Page_Thanh set Channel name - hcmus-cdnc-te_a699a0/button_anh_style--none sidebar-header-dropd_e4937e' is clicked on

2020-06-05 12:58:09 - [TEST_STEP][PASSED] - click(findTestObject("Object Repository/1612893/42_EditTeamName/Page_Thanh set Channel name - hcmus-cdnc-te_a699a0/span_Team Settings")): Object: 'Object Repository/1612893/42_EditTeamName/Page_Thanh set Channel name - hcmus-cdnc-te_a699a0/span_Team Settings' is clicked on

2020-06-05 12:58:10 - [MESSAGE][PASSED] - Object: 'Object Repository/1612893/42_EditTeamName/Page_Thanh set Channel name - hcmus-cdnc-te_a699a0/span_Team Settings' is clicked on

2020-06-05 12:58:10 - [TEST_STEP][PASSED] - click(findTestObject("Object Repository/1612893/42_EditTeamName/Page_Thanh set Channel name - hcmus-cdnc-te_a699a0/button_Edit")): Object: 'Object Repository/1612893/42_EditTeamName/Page_Thanh set Channel name - hcmus-cdnc-te_a699a0/button_Edit' is clicked on

2020-06-05 12:58:11 - [MESSAGE][PASSED] - Object: 'Object Repository/1612893/42_EditTeamName/Page_Thanh set Channel name - hcmus-cdnc-te_a699a0/button_Edit' is clicked on

2020-06-05 12:58:11 - [TEST_STEP][PASSED] - setText(findTestObject("Object Repository/1612893/42_EditTeamName/Page_Thanh set Channel name - hcmus-cdnc-te_a699a0/input_Team Name_teamName"), teamName): Text 'hcmus-cdnc-team' is set on object 'Object Repository/1612893/42_EditTeamName/Page_Thanh set Channel name - hcmus-cdnc-te_a699a0/input_Team Name_teamName'

2020-06-05 12:58:12 - [MESSAGE][PASSED] - Text 'hcmus-cdnc-team' is set on object 'Object Repository/1612893/42_EditTeamName/Page_Thanh set Channel name - hcmus-cdnc-te_a699a0/input_Team Name_teamName'

2020-06-05 12:58:12 - [TEST_STEP][PASSED] - click(findTestObject("Object Repository/1612893/42_EditTeamName/Page_Thanh set Channel name - hcmus-cdnc-te_a699a0/button_Save")): Object: 'Object Repository/1612893/42_EditTeamName/Page_Thanh set Channel name - hcmus-cdnc-te_a699a0/button_Save' is clicked on

2020-06-05 12:58:13 - [MESSAGE][PASSED] - Object: 'Object Repository/1612893/42_EditTeamName/Page_Thanh set Channel name - hcmus-cdnc-te_a699a0/button_Save' is clicked on

2020-06-05 12:58:13 - [TEST_STEP][PASSED] - click(findTestObject("Object Repository/1612893/42_EditTeamName/Page_Thanh set Channel name - hcmus-cdnc-te_a699a0/button_Close")): Object: 'Object Repository/1612893/42_EditTeamName/Page_Thanh set Channel name - hcmus-cdnc-te_a699a0/button_Close' is clicked on

2020-06-05 12:58:14 - [MESSAGE][PASSED] - Object: 'Object Repository/1612893/42_EditTeamName/Page_Thanh set Channel name - hcmus-cdnc-te_a699a0/button_Close' is clicked on

2020-06-05 12:58:14 - [TEST_STEP][PASSED] - closeBrowser(): Browser is closed

2020-06-05 12:58:15 - [MESSAGE][PASSED] - Browser is closed]]></system-out>
         <system-err><![CDATA[]]></system-err>
      </testcase>
      <testcase name="Test Cases/1612893/TC_43_AddSensitiveWord" time="19.77" classname="Test Cases/1612893/TC_43_AddSensitiveWord" status="PASSED">
         <system-out><![CDATA[2020-06-05 12:58:15 - [TEST_CASE][PASSED] - Test Cases/1612893/TC_43_AddSensitiveWord: Test Cases/1612893/TC_43_AddSensitiveWord

2020-06-05 12:58:15 - [TEST_STEP][PASSED] - openBrowser(""): Browser is opened with url: ''

2020-06-05 12:58:15 - [MESSAGE][INFO] - Starting 'Chrome' driver

2020-06-05 12:58:15 - [MESSAGE][INFO] - Action delay is set to 0 milliseconds

2020-06-05 12:58:19 - [MESSAGE][PASSED] - Browser is opened with url: ''

2020-06-05 12:58:19 - [TEST_STEP][PASSED] - navigateToUrl("http://localhost:8065/login"): Navigate to 'http://localhost:8065/login' successfully

2020-06-05 12:58:21 - [MESSAGE][PASSED] - Navigate to 'http://localhost:8065/login' successfully

2020-06-05 12:58:21 - [TEST_STEP][PASSED] - setText(findTestObject("1612893/43_AddSensitiveWord/Page_Mattermost/input_All team communication in one place s_703ef5"), "hcmus-cdnc@gmail.com"): Text 'hcmus-cdnc@gmail.com' is set on object 'Object Repository/1612893/43_AddSensitiveWord/Page_Mattermost/input_All team communication in one place s_703ef5'

2020-06-05 12:58:23 - [MESSAGE][PASSED] - Text 'hcmus-cdnc@gmail.com' is set on object 'Object Repository/1612893/43_AddSensitiveWord/Page_Mattermost/input_All team communication in one place s_703ef5'

2020-06-05 12:58:23 - [TEST_STEP][PASSED] - setEncryptedText(findTestObject("1612893/43_AddSensitiveWord/Page_Mattermost/input_All team communication in one place s_2f2733"), "aeHFOx8jV/A="): Text ****** has been set on object 'Object Repository/1612893/43_AddSensitiveWord/Page_Mattermost/input_All team communication in one place s_2f2733'

2020-06-05 12:58:24 - [MESSAGE][PASSED] - Text ****** has been set on object 'Object Repository/1612893/43_AddSensitiveWord/Page_Mattermost/input_All team communication in one place s_2f2733'

2020-06-05 12:58:24 - [TEST_STEP][PASSED] - click(findTestObject("1612893/43_AddSensitiveWord/Page_Mattermost/button_Sign in")): Object: 'Object Repository/1612893/43_AddSensitiveWord/Page_Mattermost/button_Sign in' is clicked on

2020-06-05 12:58:24 - [MESSAGE][PASSED] - Object: 'Object Repository/1612893/43_AddSensitiveWord/Page_Mattermost/button_Sign in' is clicked on

2020-06-05 12:58:24 - [TEST_STEP][PASSED] - click(findTestObject("1612893/43_AddSensitiveWord/Page_Thanh set Channel name - hcmus-cdnc-te_a699a0/button_anh_style--none sidebar-header-dropd_e4937e")): Object: 'Object Repository/1612893/43_AddSensitiveWord/Page_Thanh set Channel name - hcmus-cdnc-te_a699a0/button_anh_style--none sidebar-header-dropd_e4937e' is clicked on

2020-06-05 12:58:28 - [MESSAGE][PASSED] - Object: 'Object Repository/1612893/43_AddSensitiveWord/Page_Thanh set Channel name - hcmus-cdnc-te_a699a0/button_anh_style--none sidebar-header-dropd_e4937e' is clicked on

2020-06-05 12:58:28 - [TEST_STEP][PASSED] - click(findTestObject("1612893/43_AddSensitiveWord/Page_Thanh set Channel name - hcmus-cdnc-te_a699a0/span_Account Settings")): Object: 'Object Repository/1612893/43_AddSensitiveWord/Page_Thanh set Channel name - hcmus-cdnc-te_a699a0/span_Account Settings' is clicked on

2020-06-05 12:58:29 - [MESSAGE][PASSED] - Object: 'Object Repository/1612893/43_AddSensitiveWord/Page_Thanh set Channel name - hcmus-cdnc-te_a699a0/span_Account Settings' is clicked on

2020-06-05 12:58:29 - [TEST_STEP][PASSED] - click(findTestObject("1612893/43_AddSensitiveWord/Page_Thanh set Channel name - hcmus-cdnc-te_a699a0/button_Notifications")): Object: 'Object Repository/1612893/43_AddSensitiveWord/Page_Thanh set Channel name - hcmus-cdnc-te_a699a0/button_Notifications' is clicked on

2020-06-05 12:58:30 - [MESSAGE][PASSED] - Object: 'Object Repository/1612893/43_AddSensitiveWord/Page_Thanh set Channel name - hcmus-cdnc-te_a699a0/button_Notifications' is clicked on

2020-06-05 12:58:30 - [TEST_STEP][PASSED] - click(findTestObject("1612893/43_AddSensitiveWord/Page_Thanh set Channel name - hcmus-cdnc-te_a699a0/button_Edit_1")): Object: 'Object Repository/1612893/43_AddSensitiveWord/Page_Thanh set Channel name - hcmus-cdnc-te_a699a0/button_Edit_1' is clicked on

2020-06-05 12:58:30 - [MESSAGE][PASSED] - Object: 'Object Repository/1612893/43_AddSensitiveWord/Page_Thanh set Channel name - hcmus-cdnc-te_a699a0/button_Edit_1' is clicked on

2020-06-05 12:58:30 - [TEST_STEP][PASSED] - setText(findTestObject("1612893/43_AddSensitiveWord/Page_Thanh set Channel name - hcmus-cdnc-te_a699a0/input_Other non-case sensitive words separa_48b795"), sensitiveWord): Text 'từ nhạy cảm' is set on object 'Object Repository/1612893/43_AddSensitiveWord/Page_Thanh set Channel name - hcmus-cdnc-te_a699a0/input_Other non-case sensitive words separa_48b795'

2020-06-05 12:58:32 - [MESSAGE][PASSED] - Text 'từ nhạy cảm' is set on object 'Object Repository/1612893/43_AddSensitiveWord/Page_Thanh set Channel name - hcmus-cdnc-te_a699a0/input_Other non-case sensitive words separa_48b795'

2020-06-05 12:58:32 - [TEST_STEP][PASSED] - click(findTestObject("1612893/43_AddSensitiveWord/Page_Thanh set Channel name - hcmus-cdnc-te_a699a0/button_Save")): Object: 'Object Repository/1612893/43_AddSensitiveWord/Page_Thanh set Channel name - hcmus-cdnc-te_a699a0/button_Save' is clicked on

2020-06-05 12:58:32 - [MESSAGE][PASSED] - Object: 'Object Repository/1612893/43_AddSensitiveWord/Page_Thanh set Channel name - hcmus-cdnc-te_a699a0/button_Save' is clicked on

2020-06-05 12:58:32 - [TEST_STEP][PASSED] - click(findTestObject("1612893/43_AddSensitiveWord/Page_Thanh set Channel name - hcmus-cdnc-te_a699a0/button_Close")): Object: 'Object Repository/1612893/43_AddSensitiveWord/Page_Thanh set Channel name - hcmus-cdnc-te_a699a0/button_Close' is clicked on

2020-06-05 12:58:33 - [MESSAGE][PASSED] - Object: 'Object Repository/1612893/43_AddSensitiveWord/Page_Thanh set Channel name - hcmus-cdnc-te_a699a0/button_Close' is clicked on

2020-06-05 12:58:33 - [TEST_STEP][PASSED] - closeBrowser(): Browser is closed

2020-06-05 12:58:34 - [MESSAGE][PASSED] - Browser is closed]]></system-out>
         <system-err><![CDATA[]]></system-err>
      </testcase>
      <testcase name="Test Cases/1612893/TC_43_AddSensitiveWord" time="18.807" classname="Test Cases/1612893/TC_43_AddSensitiveWord" status="PASSED">
         <system-out><![CDATA[2020-06-05 12:58:34 - [TEST_CASE][PASSED] - Test Cases/1612893/TC_43_AddSensitiveWord: Test Cases/1612893/TC_43_AddSensitiveWord

2020-06-05 12:58:34 - [TEST_STEP][PASSED] - openBrowser(""): Browser is opened with url: ''

2020-06-05 12:58:34 - [MESSAGE][INFO] - Starting 'Chrome' driver

2020-06-05 12:58:34 - [MESSAGE][INFO] - Action delay is set to 0 milliseconds

2020-06-05 12:58:38 - [MESSAGE][PASSED] - Browser is opened with url: ''

2020-06-05 12:58:38 - [TEST_STEP][PASSED] - navigateToUrl("http://localhost:8065/login"): Navigate to 'http://localhost:8065/login' successfully

2020-06-05 12:58:40 - [MESSAGE][PASSED] - Navigate to 'http://localhost:8065/login' successfully

2020-06-05 12:58:40 - [TEST_STEP][PASSED] - setText(findTestObject("1612893/43_AddSensitiveWord/Page_Mattermost/input_All team communication in one place s_703ef5"), "hcmus-cdnc@gmail.com"): Text 'hcmus-cdnc@gmail.com' is set on object 'Object Repository/1612893/43_AddSensitiveWord/Page_Mattermost/input_All team communication in one place s_703ef5'

2020-06-05 12:58:42 - [MESSAGE][PASSED] - Text 'hcmus-cdnc@gmail.com' is set on object 'Object Repository/1612893/43_AddSensitiveWord/Page_Mattermost/input_All team communication in one place s_703ef5'

2020-06-05 12:58:42 - [TEST_STEP][PASSED] - setEncryptedText(findTestObject("1612893/43_AddSensitiveWord/Page_Mattermost/input_All team communication in one place s_2f2733"), "aeHFOx8jV/A="): Text ****** has been set on object 'Object Repository/1612893/43_AddSensitiveWord/Page_Mattermost/input_All team communication in one place s_2f2733'

2020-06-05 12:58:43 - [MESSAGE][PASSED] - Text ****** has been set on object 'Object Repository/1612893/43_AddSensitiveWord/Page_Mattermost/input_All team communication in one place s_2f2733'

2020-06-05 12:58:43 - [TEST_STEP][PASSED] - click(findTestObject("1612893/43_AddSensitiveWord/Page_Mattermost/button_Sign in")): Object: 'Object Repository/1612893/43_AddSensitiveWord/Page_Mattermost/button_Sign in' is clicked on

2020-06-05 12:58:43 - [MESSAGE][PASSED] - Object: 'Object Repository/1612893/43_AddSensitiveWord/Page_Mattermost/button_Sign in' is clicked on

2020-06-05 12:58:43 - [TEST_STEP][PASSED] - click(findTestObject("1612893/43_AddSensitiveWord/Page_Thanh set Channel name - hcmus-cdnc-te_a699a0/button_anh_style--none sidebar-header-dropd_e4937e")): Object: 'Object Repository/1612893/43_AddSensitiveWord/Page_Thanh set Channel name - hcmus-cdnc-te_a699a0/button_anh_style--none sidebar-header-dropd_e4937e' is clicked on

2020-06-05 12:58:47 - [MESSAGE][PASSED] - Object: 'Object Repository/1612893/43_AddSensitiveWord/Page_Thanh set Channel name - hcmus-cdnc-te_a699a0/button_anh_style--none sidebar-header-dropd_e4937e' is clicked on

2020-06-05 12:58:47 - [TEST_STEP][PASSED] - click(findTestObject("1612893/43_AddSensitiveWord/Page_Thanh set Channel name - hcmus-cdnc-te_a699a0/span_Account Settings")): Object: 'Object Repository/1612893/43_AddSensitiveWord/Page_Thanh set Channel name - hcmus-cdnc-te_a699a0/span_Account Settings' is clicked on

2020-06-05 12:58:48 - [MESSAGE][PASSED] - Object: 'Object Repository/1612893/43_AddSensitiveWord/Page_Thanh set Channel name - hcmus-cdnc-te_a699a0/span_Account Settings' is clicked on

2020-06-05 12:58:48 - [TEST_STEP][PASSED] - click(findTestObject("1612893/43_AddSensitiveWord/Page_Thanh set Channel name - hcmus-cdnc-te_a699a0/button_Notifications")): Object: 'Object Repository/1612893/43_AddSensitiveWord/Page_Thanh set Channel name - hcmus-cdnc-te_a699a0/button_Notifications' is clicked on

2020-06-05 12:58:49 - [MESSAGE][PASSED] - Object: 'Object Repository/1612893/43_AddSensitiveWord/Page_Thanh set Channel name - hcmus-cdnc-te_a699a0/button_Notifications' is clicked on

2020-06-05 12:58:49 - [TEST_STEP][PASSED] - click(findTestObject("1612893/43_AddSensitiveWord/Page_Thanh set Channel name - hcmus-cdnc-te_a699a0/button_Edit_1")): Object: 'Object Repository/1612893/43_AddSensitiveWord/Page_Thanh set Channel name - hcmus-cdnc-te_a699a0/button_Edit_1' is clicked on

2020-06-05 12:58:50 - [MESSAGE][PASSED] - Object: 'Object Repository/1612893/43_AddSensitiveWord/Page_Thanh set Channel name - hcmus-cdnc-te_a699a0/button_Edit_1' is clicked on

2020-06-05 12:58:50 - [TEST_STEP][PASSED] - setText(findTestObject("1612893/43_AddSensitiveWord/Page_Thanh set Channel name - hcmus-cdnc-te_a699a0/input_Other non-case sensitive words separa_48b795"), sensitiveWord): Text 'từ xúc phạm' is set on object 'Object Repository/1612893/43_AddSensitiveWord/Page_Thanh set Channel name - hcmus-cdnc-te_a699a0/input_Other non-case sensitive words separa_48b795'

2020-06-05 12:58:51 - [MESSAGE][PASSED] - Text 'từ xúc phạm' is set on object 'Object Repository/1612893/43_AddSensitiveWord/Page_Thanh set Channel name - hcmus-cdnc-te_a699a0/input_Other non-case sensitive words separa_48b795'

2020-06-05 12:58:51 - [TEST_STEP][PASSED] - click(findTestObject("1612893/43_AddSensitiveWord/Page_Thanh set Channel name - hcmus-cdnc-te_a699a0/button_Save")): Object: 'Object Repository/1612893/43_AddSensitiveWord/Page_Thanh set Channel name - hcmus-cdnc-te_a699a0/button_Save' is clicked on

2020-06-05 12:58:52 - [MESSAGE][PASSED] - Object: 'Object Repository/1612893/43_AddSensitiveWord/Page_Thanh set Channel name - hcmus-cdnc-te_a699a0/button_Save' is clicked on

2020-06-05 12:58:52 - [TEST_STEP][PASSED] - click(findTestObject("1612893/43_AddSensitiveWord/Page_Thanh set Channel name - hcmus-cdnc-te_a699a0/button_Close")): Object: 'Object Repository/1612893/43_AddSensitiveWord/Page_Thanh set Channel name - hcmus-cdnc-te_a699a0/button_Close' is clicked on

2020-06-05 12:58:52 - [MESSAGE][PASSED] - Object: 'Object Repository/1612893/43_AddSensitiveWord/Page_Thanh set Channel name - hcmus-cdnc-te_a699a0/button_Close' is clicked on

2020-06-05 12:58:52 - [TEST_STEP][PASSED] - closeBrowser(): Browser is closed

2020-06-05 12:58:53 - [MESSAGE][PASSED] - Browser is closed]]></system-out>
         <system-err><![CDATA[]]></system-err>
      </testcase>
      <testcase name="Test Cases/1612893/TC_43_AddSensitiveWord" time="18.644" classname="Test Cases/1612893/TC_43_AddSensitiveWord" status="PASSED">
         <system-out><![CDATA[2020-06-05 12:58:53 - [TEST_CASE][PASSED] - Test Cases/1612893/TC_43_AddSensitiveWord: Test Cases/1612893/TC_43_AddSensitiveWord

2020-06-05 12:58:53 - [TEST_STEP][PASSED] - openBrowser(""): Browser is opened with url: ''

2020-06-05 12:58:53 - [MESSAGE][INFO] - Starting 'Chrome' driver

2020-06-05 12:58:53 - [MESSAGE][INFO] - Action delay is set to 0 milliseconds

2020-06-05 12:58:57 - [MESSAGE][PASSED] - Browser is opened with url: ''

2020-06-05 12:58:57 - [TEST_STEP][PASSED] - navigateToUrl("http://localhost:8065/login"): Navigate to 'http://localhost:8065/login' successfully

2020-06-05 12:58:59 - [MESSAGE][PASSED] - Navigate to 'http://localhost:8065/login' successfully

2020-06-05 12:58:59 - [TEST_STEP][PASSED] - setText(findTestObject("1612893/43_AddSensitiveWord/Page_Mattermost/input_All team communication in one place s_703ef5"), "hcmus-cdnc@gmail.com"): Text 'hcmus-cdnc@gmail.com' is set on object 'Object Repository/1612893/43_AddSensitiveWord/Page_Mattermost/input_All team communication in one place s_703ef5'

2020-06-05 12:59:01 - [MESSAGE][PASSED] - Text 'hcmus-cdnc@gmail.com' is set on object 'Object Repository/1612893/43_AddSensitiveWord/Page_Mattermost/input_All team communication in one place s_703ef5'

2020-06-05 12:59:01 - [TEST_STEP][PASSED] - setEncryptedText(findTestObject("1612893/43_AddSensitiveWord/Page_Mattermost/input_All team communication in one place s_2f2733"), "aeHFOx8jV/A="): Text ****** has been set on object 'Object Repository/1612893/43_AddSensitiveWord/Page_Mattermost/input_All team communication in one place s_2f2733'

2020-06-05 12:59:01 - [MESSAGE][PASSED] - Text ****** has been set on object 'Object Repository/1612893/43_AddSensitiveWord/Page_Mattermost/input_All team communication in one place s_2f2733'

2020-06-05 12:59:01 - [TEST_STEP][PASSED] - click(findTestObject("1612893/43_AddSensitiveWord/Page_Mattermost/button_Sign in")): Object: 'Object Repository/1612893/43_AddSensitiveWord/Page_Mattermost/button_Sign in' is clicked on

2020-06-05 12:59:02 - [MESSAGE][PASSED] - Object: 'Object Repository/1612893/43_AddSensitiveWord/Page_Mattermost/button_Sign in' is clicked on

2020-06-05 12:59:02 - [TEST_STEP][PASSED] - click(findTestObject("1612893/43_AddSensitiveWord/Page_Thanh set Channel name - hcmus-cdnc-te_a699a0/button_anh_style--none sidebar-header-dropd_e4937e")): Object: 'Object Repository/1612893/43_AddSensitiveWord/Page_Thanh set Channel name - hcmus-cdnc-te_a699a0/button_anh_style--none sidebar-header-dropd_e4937e' is clicked on

2020-06-05 12:59:06 - [MESSAGE][PASSED] - Object: 'Object Repository/1612893/43_AddSensitiveWord/Page_Thanh set Channel name - hcmus-cdnc-te_a699a0/button_anh_style--none sidebar-header-dropd_e4937e' is clicked on

2020-06-05 12:59:06 - [TEST_STEP][PASSED] - click(findTestObject("1612893/43_AddSensitiveWord/Page_Thanh set Channel name - hcmus-cdnc-te_a699a0/span_Account Settings")): Object: 'Object Repository/1612893/43_AddSensitiveWord/Page_Thanh set Channel name - hcmus-cdnc-te_a699a0/span_Account Settings' is clicked on

2020-06-05 12:59:07 - [MESSAGE][PASSED] - Object: 'Object Repository/1612893/43_AddSensitiveWord/Page_Thanh set Channel name - hcmus-cdnc-te_a699a0/span_Account Settings' is clicked on

2020-06-05 12:59:07 - [TEST_STEP][PASSED] - click(findTestObject("1612893/43_AddSensitiveWord/Page_Thanh set Channel name - hcmus-cdnc-te_a699a0/button_Notifications")): Object: 'Object Repository/1612893/43_AddSensitiveWord/Page_Thanh set Channel name - hcmus-cdnc-te_a699a0/button_Notifications' is clicked on

2020-06-05 12:59:08 - [MESSAGE][PASSED] - Object: 'Object Repository/1612893/43_AddSensitiveWord/Page_Thanh set Channel name - hcmus-cdnc-te_a699a0/button_Notifications' is clicked on

2020-06-05 12:59:08 - [TEST_STEP][PASSED] - click(findTestObject("1612893/43_AddSensitiveWord/Page_Thanh set Channel name - hcmus-cdnc-te_a699a0/button_Edit_1")): Object: 'Object Repository/1612893/43_AddSensitiveWord/Page_Thanh set Channel name - hcmus-cdnc-te_a699a0/button_Edit_1' is clicked on

2020-06-05 12:59:08 - [MESSAGE][PASSED] - Object: 'Object Repository/1612893/43_AddSensitiveWord/Page_Thanh set Channel name - hcmus-cdnc-te_a699a0/button_Edit_1' is clicked on

2020-06-05 12:59:08 - [TEST_STEP][PASSED] - setText(findTestObject("1612893/43_AddSensitiveWord/Page_Thanh set Channel name - hcmus-cdnc-te_a699a0/input_Other non-case sensitive words separa_48b795"), sensitiveWord): Text 'chửi thề' is set on object 'Object Repository/1612893/43_AddSensitiveWord/Page_Thanh set Channel name - hcmus-cdnc-te_a699a0/input_Other non-case sensitive words separa_48b795'

2020-06-05 12:59:10 - [MESSAGE][PASSED] - Text 'chửi thề' is set on object 'Object Repository/1612893/43_AddSensitiveWord/Page_Thanh set Channel name - hcmus-cdnc-te_a699a0/input_Other non-case sensitive words separa_48b795'

2020-06-05 12:59:10 - [TEST_STEP][PASSED] - click(findTestObject("1612893/43_AddSensitiveWord/Page_Thanh set Channel name - hcmus-cdnc-te_a699a0/button_Save")): Object: 'Object Repository/1612893/43_AddSensitiveWord/Page_Thanh set Channel name - hcmus-cdnc-te_a699a0/button_Save' is clicked on

2020-06-05 12:59:10 - [MESSAGE][PASSED] - Object: 'Object Repository/1612893/43_AddSensitiveWord/Page_Thanh set Channel name - hcmus-cdnc-te_a699a0/button_Save' is clicked on

2020-06-05 12:59:10 - [TEST_STEP][PASSED] - click(findTestObject("1612893/43_AddSensitiveWord/Page_Thanh set Channel name - hcmus-cdnc-te_a699a0/button_Close")): Object: 'Object Repository/1612893/43_AddSensitiveWord/Page_Thanh set Channel name - hcmus-cdnc-te_a699a0/button_Close' is clicked on

2020-06-05 12:59:11 - [MESSAGE][PASSED] - Object: 'Object Repository/1612893/43_AddSensitiveWord/Page_Thanh set Channel name - hcmus-cdnc-te_a699a0/button_Close' is clicked on

2020-06-05 12:59:11 - [TEST_STEP][PASSED] - closeBrowser(): Browser is closed

2020-06-05 12:59:12 - [MESSAGE][PASSED] - Browser is closed]]></system-out>
         <system-err><![CDATA[]]></system-err>
      </testcase>
      <testcase name="Test Cases/1612893/TC_43_AddSensitiveWord" time="18.841" classname="Test Cases/1612893/TC_43_AddSensitiveWord" status="PASSED">
         <system-out><![CDATA[2020-06-05 12:59:12 - [TEST_CASE][PASSED] - Test Cases/1612893/TC_43_AddSensitiveWord: Test Cases/1612893/TC_43_AddSensitiveWord

2020-06-05 12:59:12 - [TEST_STEP][PASSED] - openBrowser(""): Browser is opened with url: ''

2020-06-05 12:59:12 - [MESSAGE][INFO] - Starting 'Chrome' driver

2020-06-05 12:59:12 - [MESSAGE][INFO] - Action delay is set to 0 milliseconds

2020-06-05 12:59:16 - [MESSAGE][PASSED] - Browser is opened with url: ''

2020-06-05 12:59:16 - [TEST_STEP][PASSED] - navigateToUrl("http://localhost:8065/login"): Navigate to 'http://localhost:8065/login' successfully

2020-06-05 12:59:18 - [MESSAGE][PASSED] - Navigate to 'http://localhost:8065/login' successfully

2020-06-05 12:59:18 - [TEST_STEP][PASSED] - setText(findTestObject("1612893/43_AddSensitiveWord/Page_Mattermost/input_All team communication in one place s_703ef5"), "hcmus-cdnc@gmail.com"): Text 'hcmus-cdnc@gmail.com' is set on object 'Object Repository/1612893/43_AddSensitiveWord/Page_Mattermost/input_All team communication in one place s_703ef5'

2020-06-05 12:59:20 - [MESSAGE][PASSED] - Text 'hcmus-cdnc@gmail.com' is set on object 'Object Repository/1612893/43_AddSensitiveWord/Page_Mattermost/input_All team communication in one place s_703ef5'

2020-06-05 12:59:20 - [TEST_STEP][PASSED] - setEncryptedText(findTestObject("1612893/43_AddSensitiveWord/Page_Mattermost/input_All team communication in one place s_2f2733"), "aeHFOx8jV/A="): Text ****** has been set on object 'Object Repository/1612893/43_AddSensitiveWord/Page_Mattermost/input_All team communication in one place s_2f2733'

2020-06-05 12:59:20 - [MESSAGE][PASSED] - Text ****** has been set on object 'Object Repository/1612893/43_AddSensitiveWord/Page_Mattermost/input_All team communication in one place s_2f2733'

2020-06-05 12:59:20 - [TEST_STEP][PASSED] - click(findTestObject("1612893/43_AddSensitiveWord/Page_Mattermost/button_Sign in")): Object: 'Object Repository/1612893/43_AddSensitiveWord/Page_Mattermost/button_Sign in' is clicked on

2020-06-05 12:59:21 - [MESSAGE][PASSED] - Object: 'Object Repository/1612893/43_AddSensitiveWord/Page_Mattermost/button_Sign in' is clicked on

2020-06-05 12:59:21 - [TEST_STEP][PASSED] - click(findTestObject("1612893/43_AddSensitiveWord/Page_Thanh set Channel name - hcmus-cdnc-te_a699a0/button_anh_style--none sidebar-header-dropd_e4937e")): Object: 'Object Repository/1612893/43_AddSensitiveWord/Page_Thanh set Channel name - hcmus-cdnc-te_a699a0/button_anh_style--none sidebar-header-dropd_e4937e' is clicked on

2020-06-05 12:59:25 - [MESSAGE][PASSED] - Object: 'Object Repository/1612893/43_AddSensitiveWord/Page_Thanh set Channel name - hcmus-cdnc-te_a699a0/button_anh_style--none sidebar-header-dropd_e4937e' is clicked on

2020-06-05 12:59:25 - [TEST_STEP][PASSED] - click(findTestObject("1612893/43_AddSensitiveWord/Page_Thanh set Channel name - hcmus-cdnc-te_a699a0/span_Account Settings")): Object: 'Object Repository/1612893/43_AddSensitiveWord/Page_Thanh set Channel name - hcmus-cdnc-te_a699a0/span_Account Settings' is clicked on

2020-06-05 12:59:26 - [MESSAGE][PASSED] - Object: 'Object Repository/1612893/43_AddSensitiveWord/Page_Thanh set Channel name - hcmus-cdnc-te_a699a0/span_Account Settings' is clicked on

2020-06-05 12:59:26 - [TEST_STEP][PASSED] - click(findTestObject("1612893/43_AddSensitiveWord/Page_Thanh set Channel name - hcmus-cdnc-te_a699a0/button_Notifications")): Object: 'Object Repository/1612893/43_AddSensitiveWord/Page_Thanh set Channel name - hcmus-cdnc-te_a699a0/button_Notifications' is clicked on

2020-06-05 12:59:26 - [MESSAGE][PASSED] - Object: 'Object Repository/1612893/43_AddSensitiveWord/Page_Thanh set Channel name - hcmus-cdnc-te_a699a0/button_Notifications' is clicked on

2020-06-05 12:59:26 - [TEST_STEP][PASSED] - click(findTestObject("1612893/43_AddSensitiveWord/Page_Thanh set Channel name - hcmus-cdnc-te_a699a0/button_Edit_1")): Object: 'Object Repository/1612893/43_AddSensitiveWord/Page_Thanh set Channel name - hcmus-cdnc-te_a699a0/button_Edit_1' is clicked on

2020-06-05 12:59:27 - [MESSAGE][PASSED] - Object: 'Object Repository/1612893/43_AddSensitiveWord/Page_Thanh set Channel name - hcmus-cdnc-te_a699a0/button_Edit_1' is clicked on

2020-06-05 12:59:27 - [TEST_STEP][PASSED] - setText(findTestObject("1612893/43_AddSensitiveWord/Page_Thanh set Channel name - hcmus-cdnc-te_a699a0/input_Other non-case sensitive words separa_48b795"), sensitiveWord): Text 'kích động' is set on object 'Object Repository/1612893/43_AddSensitiveWord/Page_Thanh set Channel name - hcmus-cdnc-te_a699a0/input_Other non-case sensitive words separa_48b795'

2020-06-05 12:59:28 - [MESSAGE][PASSED] - Text 'kích động' is set on object 'Object Repository/1612893/43_AddSensitiveWord/Page_Thanh set Channel name - hcmus-cdnc-te_a699a0/input_Other non-case sensitive words separa_48b795'

2020-06-05 12:59:28 - [TEST_STEP][PASSED] - click(findTestObject("1612893/43_AddSensitiveWord/Page_Thanh set Channel name - hcmus-cdnc-te_a699a0/button_Save")): Object: 'Object Repository/1612893/43_AddSensitiveWord/Page_Thanh set Channel name - hcmus-cdnc-te_a699a0/button_Save' is clicked on

2020-06-05 12:59:29 - [MESSAGE][PASSED] - Object: 'Object Repository/1612893/43_AddSensitiveWord/Page_Thanh set Channel name - hcmus-cdnc-te_a699a0/button_Save' is clicked on

2020-06-05 12:59:29 - [TEST_STEP][PASSED] - click(findTestObject("1612893/43_AddSensitiveWord/Page_Thanh set Channel name - hcmus-cdnc-te_a699a0/button_Close")): Object: 'Object Repository/1612893/43_AddSensitiveWord/Page_Thanh set Channel name - hcmus-cdnc-te_a699a0/button_Close' is clicked on

2020-06-05 12:59:30 - [MESSAGE][PASSED] - Object: 'Object Repository/1612893/43_AddSensitiveWord/Page_Thanh set Channel name - hcmus-cdnc-te_a699a0/button_Close' is clicked on

2020-06-05 12:59:30 - [TEST_STEP][PASSED] - closeBrowser(): Browser is closed

2020-06-05 12:59:31 - [MESSAGE][PASSED] - Browser is closed]]></system-out>
         <system-err><![CDATA[]]></system-err>
      </testcase>
      <testcase name="Test Cases/1612893/TC_43_AddSensitiveWord" time="18.825" classname="Test Cases/1612893/TC_43_AddSensitiveWord" status="PASSED">
         <system-out><![CDATA[2020-06-05 12:59:31 - [TEST_CASE][PASSED] - Test Cases/1612893/TC_43_AddSensitiveWord: Test Cases/1612893/TC_43_AddSensitiveWord

2020-06-05 12:59:31 - [TEST_STEP][PASSED] - openBrowser(""): Browser is opened with url: ''

2020-06-05 12:59:31 - [MESSAGE][INFO] - Starting 'Chrome' driver

2020-06-05 12:59:31 - [MESSAGE][INFO] - Action delay is set to 0 milliseconds

2020-06-05 12:59:34 - [MESSAGE][PASSED] - Browser is opened with url: ''

2020-06-05 12:59:34 - [TEST_STEP][PASSED] - navigateToUrl("http://localhost:8065/login"): Navigate to 'http://localhost:8065/login' successfully

2020-06-05 12:59:36 - [MESSAGE][PASSED] - Navigate to 'http://localhost:8065/login' successfully

2020-06-05 12:59:36 - [TEST_STEP][PASSED] - setText(findTestObject("1612893/43_AddSensitiveWord/Page_Mattermost/input_All team communication in one place s_703ef5"), "hcmus-cdnc@gmail.com"): Text 'hcmus-cdnc@gmail.com' is set on object 'Object Repository/1612893/43_AddSensitiveWord/Page_Mattermost/input_All team communication in one place s_703ef5'

2020-06-05 12:59:38 - [MESSAGE][PASSED] - Text 'hcmus-cdnc@gmail.com' is set on object 'Object Repository/1612893/43_AddSensitiveWord/Page_Mattermost/input_All team communication in one place s_703ef5'

2020-06-05 12:59:38 - [TEST_STEP][PASSED] - setEncryptedText(findTestObject("1612893/43_AddSensitiveWord/Page_Mattermost/input_All team communication in one place s_2f2733"), "aeHFOx8jV/A="): Text ****** has been set on object 'Object Repository/1612893/43_AddSensitiveWord/Page_Mattermost/input_All team communication in one place s_2f2733'

2020-06-05 12:59:39 - [MESSAGE][PASSED] - Text ****** has been set on object 'Object Repository/1612893/43_AddSensitiveWord/Page_Mattermost/input_All team communication in one place s_2f2733'

2020-06-05 12:59:39 - [TEST_STEP][PASSED] - click(findTestObject("1612893/43_AddSensitiveWord/Page_Mattermost/button_Sign in")): Object: 'Object Repository/1612893/43_AddSensitiveWord/Page_Mattermost/button_Sign in' is clicked on

2020-06-05 12:59:40 - [MESSAGE][PASSED] - Object: 'Object Repository/1612893/43_AddSensitiveWord/Page_Mattermost/button_Sign in' is clicked on

2020-06-05 12:59:40 - [TEST_STEP][PASSED] - click(findTestObject("1612893/43_AddSensitiveWord/Page_Thanh set Channel name - hcmus-cdnc-te_a699a0/button_anh_style--none sidebar-header-dropd_e4937e")): Object: 'Object Repository/1612893/43_AddSensitiveWord/Page_Thanh set Channel name - hcmus-cdnc-te_a699a0/button_anh_style--none sidebar-header-dropd_e4937e' is clicked on

2020-06-05 12:59:43 - [MESSAGE][PASSED] - Object: 'Object Repository/1612893/43_AddSensitiveWord/Page_Thanh set Channel name - hcmus-cdnc-te_a699a0/button_anh_style--none sidebar-header-dropd_e4937e' is clicked on

2020-06-05 12:59:43 - [TEST_STEP][PASSED] - click(findTestObject("1612893/43_AddSensitiveWord/Page_Thanh set Channel name - hcmus-cdnc-te_a699a0/span_Account Settings")): Object: 'Object Repository/1612893/43_AddSensitiveWord/Page_Thanh set Channel name - hcmus-cdnc-te_a699a0/span_Account Settings' is clicked on

2020-06-05 12:59:44 - [MESSAGE][PASSED] - Object: 'Object Repository/1612893/43_AddSensitiveWord/Page_Thanh set Channel name - hcmus-cdnc-te_a699a0/span_Account Settings' is clicked on

2020-06-05 12:59:44 - [TEST_STEP][PASSED] - click(findTestObject("1612893/43_AddSensitiveWord/Page_Thanh set Channel name - hcmus-cdnc-te_a699a0/button_Notifications")): Object: 'Object Repository/1612893/43_AddSensitiveWord/Page_Thanh set Channel name - hcmus-cdnc-te_a699a0/button_Notifications' is clicked on

2020-06-05 12:59:45 - [MESSAGE][PASSED] - Object: 'Object Repository/1612893/43_AddSensitiveWord/Page_Thanh set Channel name - hcmus-cdnc-te_a699a0/button_Notifications' is clicked on

2020-06-05 12:59:45 - [TEST_STEP][PASSED] - click(findTestObject("1612893/43_AddSensitiveWord/Page_Thanh set Channel name - hcmus-cdnc-te_a699a0/button_Edit_1")): Object: 'Object Repository/1612893/43_AddSensitiveWord/Page_Thanh set Channel name - hcmus-cdnc-te_a699a0/button_Edit_1' is clicked on

2020-06-05 12:59:46 - [MESSAGE][PASSED] - Object: 'Object Repository/1612893/43_AddSensitiveWord/Page_Thanh set Channel name - hcmus-cdnc-te_a699a0/button_Edit_1' is clicked on

2020-06-05 12:59:46 - [TEST_STEP][PASSED] - setText(findTestObject("1612893/43_AddSensitiveWord/Page_Thanh set Channel name - hcmus-cdnc-te_a699a0/input_Other non-case sensitive words separa_48b795"), sensitiveWord): Text 'hành động nguy hiểm' is set on object 'Object Repository/1612893/43_AddSensitiveWord/Page_Thanh set Channel name - hcmus-cdnc-te_a699a0/input_Other non-case sensitive words separa_48b795'

2020-06-05 12:59:47 - [MESSAGE][PASSED] - Text 'hành động nguy hiểm' is set on object 'Object Repository/1612893/43_AddSensitiveWord/Page_Thanh set Channel name - hcmus-cdnc-te_a699a0/input_Other non-case sensitive words separa_48b795'

2020-06-05 12:59:47 - [TEST_STEP][PASSED] - click(findTestObject("1612893/43_AddSensitiveWord/Page_Thanh set Channel name - hcmus-cdnc-te_a699a0/button_Save")): Object: 'Object Repository/1612893/43_AddSensitiveWord/Page_Thanh set Channel name - hcmus-cdnc-te_a699a0/button_Save' is clicked on

2020-06-05 12:59:48 - [MESSAGE][PASSED] - Object: 'Object Repository/1612893/43_AddSensitiveWord/Page_Thanh set Channel name - hcmus-cdnc-te_a699a0/button_Save' is clicked on

2020-06-05 12:59:48 - [TEST_STEP][PASSED] - click(findTestObject("1612893/43_AddSensitiveWord/Page_Thanh set Channel name - hcmus-cdnc-te_a699a0/button_Close")): Object: 'Object Repository/1612893/43_AddSensitiveWord/Page_Thanh set Channel name - hcmus-cdnc-te_a699a0/button_Close' is clicked on

2020-06-05 12:59:49 - [MESSAGE][PASSED] - Object: 'Object Repository/1612893/43_AddSensitiveWord/Page_Thanh set Channel name - hcmus-cdnc-te_a699a0/button_Close' is clicked on

2020-06-05 12:59:49 - [TEST_STEP][PASSED] - closeBrowser(): Browser is closed

2020-06-05 12:59:50 - [MESSAGE][PASSED] - Browser is closed]]></system-out>
         <system-err><![CDATA[]]></system-err>
      </testcase>
      <testcase name="Test Cases/1612893/TC_44_AddEmailWhiteList" time="17.509" classname="Test Cases/1612893/TC_44_AddEmailWhiteList" status="PASSED">
         <system-out><![CDATA[2020-06-05 12:59:50 - [TEST_CASE][PASSED] - Test Cases/1612893/TC_44_AddEmailWhiteList: Test Cases/1612893/TC_44_AddEmailWhiteList

2020-06-05 12:59:50 - [TEST_STEP][PASSED] - openBrowser(""): Browser is opened with url: ''

2020-06-05 12:59:50 - [MESSAGE][INFO] - Starting 'Chrome' driver

2020-06-05 12:59:50 - [MESSAGE][INFO] - Action delay is set to 0 milliseconds

2020-06-05 12:59:54 - [MESSAGE][PASSED] - Browser is opened with url: ''

2020-06-05 12:59:54 - [TEST_STEP][PASSED] - navigateToUrl("http://localhost:8065/login"): Navigate to 'http://localhost:8065/login' successfully

2020-06-05 12:59:55 - [MESSAGE][PASSED] - Navigate to 'http://localhost:8065/login' successfully

2020-06-05 12:59:55 - [TEST_STEP][PASSED] - setText(findTestObject("Object Repository/1612893/44_AddEmailWhiteList/Page_Mattermost/input_All team communication in one place s_703ef5"), "hcmus-cdnc@gmail.com"): Text 'hcmus-cdnc@gmail.com' is set on object 'Object Repository/1612893/44_AddEmailWhiteList/Page_Mattermost/input_All team communication in one place s_703ef5'

2020-06-05 12:59:57 - [MESSAGE][PASSED] - Text 'hcmus-cdnc@gmail.com' is set on object 'Object Repository/1612893/44_AddEmailWhiteList/Page_Mattermost/input_All team communication in one place s_703ef5'

2020-06-05 12:59:57 - [TEST_STEP][PASSED] - setEncryptedText(findTestObject("Object Repository/1612893/44_AddEmailWhiteList/Page_Mattermost/input_All team communication in one place s_2f2733"), "aeHFOx8jV/A="): Text ****** has been set on object 'Object Repository/1612893/44_AddEmailWhiteList/Page_Mattermost/input_All team communication in one place s_2f2733'

2020-06-05 12:59:58 - [MESSAGE][PASSED] - Text ****** has been set on object 'Object Repository/1612893/44_AddEmailWhiteList/Page_Mattermost/input_All team communication in one place s_2f2733'

2020-06-05 12:59:58 - [TEST_STEP][PASSED] - click(findTestObject("Object Repository/1612893/44_AddEmailWhiteList/Page_Mattermost/button_Sign in")): Object: 'Object Repository/1612893/44_AddEmailWhiteList/Page_Mattermost/button_Sign in' is clicked on

2020-06-05 12:59:58 - [MESSAGE][PASSED] - Object: 'Object Repository/1612893/44_AddEmailWhiteList/Page_Mattermost/button_Sign in' is clicked on

2020-06-05 12:59:58 - [TEST_STEP][PASSED] - click(findTestObject("Object Repository/1612893/44_AddEmailWhiteList/Page_Thanh set Channel name - hcmus-cdnc-te_a699a0/button_anh_style--none sidebar-header-dropd_e4937e")): Object: 'Object Repository/1612893/44_AddEmailWhiteList/Page_Thanh set Channel name - hcmus-cdnc-te_a699a0/button_anh_style--none sidebar-header-dropd_e4937e' is clicked on

2020-06-05 13:00:02 - [MESSAGE][PASSED] - Object: 'Object Repository/1612893/44_AddEmailWhiteList/Page_Thanh set Channel name - hcmus-cdnc-te_a699a0/button_anh_style--none sidebar-header-dropd_e4937e' is clicked on

2020-06-05 13:00:02 - [TEST_STEP][PASSED] - click(findTestObject("Object Repository/1612893/44_AddEmailWhiteList/Page_Thanh set Channel name - hcmus-cdnc-te_a699a0/span_Team Settings")): Object: 'Object Repository/1612893/44_AddEmailWhiteList/Page_Thanh set Channel name - hcmus-cdnc-te_a699a0/span_Team Settings' is clicked on

2020-06-05 13:00:03 - [MESSAGE][PASSED] - Object: 'Object Repository/1612893/44_AddEmailWhiteList/Page_Thanh set Channel name - hcmus-cdnc-te_a699a0/span_Team Settings' is clicked on

2020-06-05 13:00:03 - [TEST_STEP][PASSED] - click(findTestObject("Object Repository/1612893/44_AddEmailWhiteList/Page_Thanh set Channel name - hcmus-cdnc-te_a699a0/button_Edit")): Object: 'Object Repository/1612893/44_AddEmailWhiteList/Page_Thanh set Channel name - hcmus-cdnc-te_a699a0/button_Edit' is clicked on

2020-06-05 13:00:04 - [MESSAGE][PASSED] - Object: 'Object Repository/1612893/44_AddEmailWhiteList/Page_Thanh set Channel name - hcmus-cdnc-te_a699a0/button_Edit' is clicked on

2020-06-05 13:00:04 - [TEST_STEP][PASSED] - setText(findTestObject("Object Repository/1612893/44_AddEmailWhiteList/Page_Thanh set Channel name - hcmus-cdnc-te_a699a0/input_Allow only users with a specific emai_44da11"), whiteList): Text 'gmail.com' is set on object 'Object Repository/1612893/44_AddEmailWhiteList/Page_Thanh set Channel name - hcmus-cdnc-te_a699a0/input_Allow only users with a specific emai_44da11'

2020-06-05 13:00:05 - [MESSAGE][PASSED] - Text 'gmail.com' is set on object 'Object Repository/1612893/44_AddEmailWhiteList/Page_Thanh set Channel name - hcmus-cdnc-te_a699a0/input_Allow only users with a specific emai_44da11'

2020-06-05 13:00:05 - [TEST_STEP][PASSED] - click(findTestObject("Object Repository/1612893/44_AddEmailWhiteList/Page_Thanh set Channel name - hcmus-cdnc-te_a699a0/button_Save")): Object: 'Object Repository/1612893/44_AddEmailWhiteList/Page_Thanh set Channel name - hcmus-cdnc-te_a699a0/button_Save' is clicked on

2020-06-05 13:00:05 - [MESSAGE][PASSED] - Object: 'Object Repository/1612893/44_AddEmailWhiteList/Page_Thanh set Channel name - hcmus-cdnc-te_a699a0/button_Save' is clicked on

2020-06-05 13:00:05 - [TEST_STEP][PASSED] - click(findTestObject("Object Repository/1612893/44_AddEmailWhiteList/Page_Thanh set Channel name - hcmus-cdnc-te_a699a0/button_Close")): Object: 'Object Repository/1612893/44_AddEmailWhiteList/Page_Thanh set Channel name - hcmus-cdnc-te_a699a0/button_Close' is clicked on

2020-06-05 13:00:06 - [MESSAGE][PASSED] - Object: 'Object Repository/1612893/44_AddEmailWhiteList/Page_Thanh set Channel name - hcmus-cdnc-te_a699a0/button_Close' is clicked on

2020-06-05 13:00:06 - [TEST_STEP][PASSED] - closeBrowser(): Browser is closed

2020-06-05 13:00:07 - [MESSAGE][PASSED] - Browser is closed]]></system-out>
         <system-err><![CDATA[]]></system-err>
      </testcase>
      <testcase name="Test Cases/1612893/TC_44_AddEmailWhiteList" time="18.218" classname="Test Cases/1612893/TC_44_AddEmailWhiteList" status="PASSED">
         <system-out><![CDATA[2020-06-05 13:00:07 - [TEST_CASE][PASSED] - Test Cases/1612893/TC_44_AddEmailWhiteList: Test Cases/1612893/TC_44_AddEmailWhiteList

2020-06-05 13:00:07 - [TEST_STEP][PASSED] - openBrowser(""): Browser is opened with url: ''

2020-06-05 13:00:07 - [MESSAGE][INFO] - Starting 'Chrome' driver

2020-06-05 13:00:07 - [MESSAGE][INFO] - Action delay is set to 0 milliseconds

2020-06-05 13:00:11 - [MESSAGE][PASSED] - Browser is opened with url: ''

2020-06-05 13:00:11 - [TEST_STEP][PASSED] - navigateToUrl("http://localhost:8065/login"): Navigate to 'http://localhost:8065/login' successfully

2020-06-05 13:00:12 - [MESSAGE][PASSED] - Navigate to 'http://localhost:8065/login' successfully

2020-06-05 13:00:12 - [TEST_STEP][PASSED] - setText(findTestObject("Object Repository/1612893/44_AddEmailWhiteList/Page_Mattermost/input_All team communication in one place s_703ef5"), "hcmus-cdnc@gmail.com"): Text 'hcmus-cdnc@gmail.com' is set on object 'Object Repository/1612893/44_AddEmailWhiteList/Page_Mattermost/input_All team communication in one place s_703ef5'

2020-06-05 13:00:14 - [MESSAGE][PASSED] - Text 'hcmus-cdnc@gmail.com' is set on object 'Object Repository/1612893/44_AddEmailWhiteList/Page_Mattermost/input_All team communication in one place s_703ef5'

2020-06-05 13:00:14 - [TEST_STEP][PASSED] - setEncryptedText(findTestObject("Object Repository/1612893/44_AddEmailWhiteList/Page_Mattermost/input_All team communication in one place s_2f2733"), "aeHFOx8jV/A="): Text ****** has been set on object 'Object Repository/1612893/44_AddEmailWhiteList/Page_Mattermost/input_All team communication in one place s_2f2733'

2020-06-05 13:00:15 - [MESSAGE][PASSED] - Text ****** has been set on object 'Object Repository/1612893/44_AddEmailWhiteList/Page_Mattermost/input_All team communication in one place s_2f2733'

2020-06-05 13:00:15 - [TEST_STEP][PASSED] - click(findTestObject("Object Repository/1612893/44_AddEmailWhiteList/Page_Mattermost/button_Sign in")): Object: 'Object Repository/1612893/44_AddEmailWhiteList/Page_Mattermost/button_Sign in' is clicked on

2020-06-05 13:00:16 - [MESSAGE][PASSED] - Object: 'Object Repository/1612893/44_AddEmailWhiteList/Page_Mattermost/button_Sign in' is clicked on

2020-06-05 13:00:16 - [TEST_STEP][PASSED] - click(findTestObject("Object Repository/1612893/44_AddEmailWhiteList/Page_Thanh set Channel name - hcmus-cdnc-te_a699a0/button_anh_style--none sidebar-header-dropd_e4937e")): Object: 'Object Repository/1612893/44_AddEmailWhiteList/Page_Thanh set Channel name - hcmus-cdnc-te_a699a0/button_anh_style--none sidebar-header-dropd_e4937e' is clicked on

2020-06-05 13:00:20 - [MESSAGE][PASSED] - Object: 'Object Repository/1612893/44_AddEmailWhiteList/Page_Thanh set Channel name - hcmus-cdnc-te_a699a0/button_anh_style--none sidebar-header-dropd_e4937e' is clicked on

2020-06-05 13:00:20 - [TEST_STEP][PASSED] - click(findTestObject("Object Repository/1612893/44_AddEmailWhiteList/Page_Thanh set Channel name - hcmus-cdnc-te_a699a0/span_Team Settings")): Object: 'Object Repository/1612893/44_AddEmailWhiteList/Page_Thanh set Channel name - hcmus-cdnc-te_a699a0/span_Team Settings' is clicked on

2020-06-05 13:00:21 - [MESSAGE][PASSED] - Object: 'Object Repository/1612893/44_AddEmailWhiteList/Page_Thanh set Channel name - hcmus-cdnc-te_a699a0/span_Team Settings' is clicked on

2020-06-05 13:00:21 - [TEST_STEP][PASSED] - click(findTestObject("Object Repository/1612893/44_AddEmailWhiteList/Page_Thanh set Channel name - hcmus-cdnc-te_a699a0/button_Edit")): Object: 'Object Repository/1612893/44_AddEmailWhiteList/Page_Thanh set Channel name - hcmus-cdnc-te_a699a0/button_Edit' is clicked on

2020-06-05 13:00:22 - [MESSAGE][PASSED] - Object: 'Object Repository/1612893/44_AddEmailWhiteList/Page_Thanh set Channel name - hcmus-cdnc-te_a699a0/button_Edit' is clicked on

2020-06-05 13:00:22 - [TEST_STEP][PASSED] - setText(findTestObject("Object Repository/1612893/44_AddEmailWhiteList/Page_Thanh set Channel name - hcmus-cdnc-te_a699a0/input_Allow only users with a specific emai_44da11"), whiteList): Text 'outlook.com' is set on object 'Object Repository/1612893/44_AddEmailWhiteList/Page_Thanh set Channel name - hcmus-cdnc-te_a699a0/input_Allow only users with a specific emai_44da11'

2020-06-05 13:00:23 - [MESSAGE][PASSED] - Text 'outlook.com' is set on object 'Object Repository/1612893/44_AddEmailWhiteList/Page_Thanh set Channel name - hcmus-cdnc-te_a699a0/input_Allow only users with a specific emai_44da11'

2020-06-05 13:00:23 - [TEST_STEP][PASSED] - click(findTestObject("Object Repository/1612893/44_AddEmailWhiteList/Page_Thanh set Channel name - hcmus-cdnc-te_a699a0/button_Save")): Object: 'Object Repository/1612893/44_AddEmailWhiteList/Page_Thanh set Channel name - hcmus-cdnc-te_a699a0/button_Save' is clicked on

2020-06-05 13:00:24 - [MESSAGE][PASSED] - Object: 'Object Repository/1612893/44_AddEmailWhiteList/Page_Thanh set Channel name - hcmus-cdnc-te_a699a0/button_Save' is clicked on

2020-06-05 13:00:24 - [TEST_STEP][PASSED] - click(findTestObject("Object Repository/1612893/44_AddEmailWhiteList/Page_Thanh set Channel name - hcmus-cdnc-te_a699a0/button_Close")): Object: 'Object Repository/1612893/44_AddEmailWhiteList/Page_Thanh set Channel name - hcmus-cdnc-te_a699a0/button_Close' is clicked on

2020-06-05 13:00:25 - [MESSAGE][PASSED] - Object: 'Object Repository/1612893/44_AddEmailWhiteList/Page_Thanh set Channel name - hcmus-cdnc-te_a699a0/button_Close' is clicked on

2020-06-05 13:00:25 - [TEST_STEP][PASSED] - closeBrowser(): Browser is closed

2020-06-05 13:00:25 - [MESSAGE][PASSED] - Browser is closed]]></system-out>
         <system-err><![CDATA[]]></system-err>
      </testcase>
      <testcase name="Test Cases/1612893/TC_44_AddEmailWhiteList" time="18.023" classname="Test Cases/1612893/TC_44_AddEmailWhiteList" status="PASSED">
         <system-out><![CDATA[2020-06-05 13:00:25 - [TEST_CASE][PASSED] - Test Cases/1612893/TC_44_AddEmailWhiteList: Test Cases/1612893/TC_44_AddEmailWhiteList

2020-06-05 13:00:25 - [TEST_STEP][PASSED] - openBrowser(""): Browser is opened with url: ''

2020-06-05 13:00:25 - [MESSAGE][INFO] - Starting 'Chrome' driver

2020-06-05 13:00:25 - [MESSAGE][INFO] - Action delay is set to 0 milliseconds

2020-06-05 13:00:29 - [MESSAGE][PASSED] - Browser is opened with url: ''

2020-06-05 13:00:29 - [TEST_STEP][PASSED] - navigateToUrl("http://localhost:8065/login"): Navigate to 'http://localhost:8065/login' successfully

2020-06-05 13:00:30 - [MESSAGE][PASSED] - Navigate to 'http://localhost:8065/login' successfully

2020-06-05 13:00:30 - [TEST_STEP][PASSED] - setText(findTestObject("Object Repository/1612893/44_AddEmailWhiteList/Page_Mattermost/input_All team communication in one place s_703ef5"), "hcmus-cdnc@gmail.com"): Text 'hcmus-cdnc@gmail.com' is set on object 'Object Repository/1612893/44_AddEmailWhiteList/Page_Mattermost/input_All team communication in one place s_703ef5'

2020-06-05 13:00:33 - [MESSAGE][PASSED] - Text 'hcmus-cdnc@gmail.com' is set on object 'Object Repository/1612893/44_AddEmailWhiteList/Page_Mattermost/input_All team communication in one place s_703ef5'

2020-06-05 13:00:33 - [TEST_STEP][PASSED] - setEncryptedText(findTestObject("Object Repository/1612893/44_AddEmailWhiteList/Page_Mattermost/input_All team communication in one place s_2f2733"), "aeHFOx8jV/A="): Text ****** has been set on object 'Object Repository/1612893/44_AddEmailWhiteList/Page_Mattermost/input_All team communication in one place s_2f2733'

2020-06-05 13:00:33 - [MESSAGE][PASSED] - Text ****** has been set on object 'Object Repository/1612893/44_AddEmailWhiteList/Page_Mattermost/input_All team communication in one place s_2f2733'

2020-06-05 13:00:33 - [TEST_STEP][PASSED] - click(findTestObject("Object Repository/1612893/44_AddEmailWhiteList/Page_Mattermost/button_Sign in")): Object: 'Object Repository/1612893/44_AddEmailWhiteList/Page_Mattermost/button_Sign in' is clicked on

2020-06-05 13:00:34 - [MESSAGE][PASSED] - Object: 'Object Repository/1612893/44_AddEmailWhiteList/Page_Mattermost/button_Sign in' is clicked on

2020-06-05 13:00:34 - [TEST_STEP][PASSED] - click(findTestObject("Object Repository/1612893/44_AddEmailWhiteList/Page_Thanh set Channel name - hcmus-cdnc-te_a699a0/button_anh_style--none sidebar-header-dropd_e4937e")): Object: 'Object Repository/1612893/44_AddEmailWhiteList/Page_Thanh set Channel name - hcmus-cdnc-te_a699a0/button_anh_style--none sidebar-header-dropd_e4937e' is clicked on

2020-06-05 13:00:36 - [MESSAGE][PASSED] - Object: 'Object Repository/1612893/44_AddEmailWhiteList/Page_Thanh set Channel name - hcmus-cdnc-te_a699a0/button_anh_style--none sidebar-header-dropd_e4937e' is clicked on

2020-06-05 13:00:36 - [TEST_STEP][PASSED] - click(findTestObject("Object Repository/1612893/44_AddEmailWhiteList/Page_Thanh set Channel name - hcmus-cdnc-te_a699a0/span_Team Settings")): Object: 'Object Repository/1612893/44_AddEmailWhiteList/Page_Thanh set Channel name - hcmus-cdnc-te_a699a0/span_Team Settings' is clicked on

2020-06-05 13:00:37 - [MESSAGE][PASSED] - Object: 'Object Repository/1612893/44_AddEmailWhiteList/Page_Thanh set Channel name - hcmus-cdnc-te_a699a0/span_Team Settings' is clicked on

2020-06-05 13:00:37 - [TEST_STEP][PASSED] - click(findTestObject("Object Repository/1612893/44_AddEmailWhiteList/Page_Thanh set Channel name - hcmus-cdnc-te_a699a0/button_Edit")): Object: 'Object Repository/1612893/44_AddEmailWhiteList/Page_Thanh set Channel name - hcmus-cdnc-te_a699a0/button_Edit' is clicked on

2020-06-05 13:00:38 - [MESSAGE][PASSED] - Object: 'Object Repository/1612893/44_AddEmailWhiteList/Page_Thanh set Channel name - hcmus-cdnc-te_a699a0/button_Edit' is clicked on

2020-06-05 13:00:38 - [TEST_STEP][PASSED] - setText(findTestObject("Object Repository/1612893/44_AddEmailWhiteList/Page_Thanh set Channel name - hcmus-cdnc-te_a699a0/input_Allow only users with a specific emai_44da11"), whiteList): Text 'abc.com' is set on object 'Object Repository/1612893/44_AddEmailWhiteList/Page_Thanh set Channel name - hcmus-cdnc-te_a699a0/input_Allow only users with a specific emai_44da11'

2020-06-05 13:00:41 - [MESSAGE][PASSED] - Text 'abc.com' is set on object 'Object Repository/1612893/44_AddEmailWhiteList/Page_Thanh set Channel name - hcmus-cdnc-te_a699a0/input_Allow only users with a specific emai_44da11'

2020-06-05 13:00:41 - [TEST_STEP][PASSED] - click(findTestObject("Object Repository/1612893/44_AddEmailWhiteList/Page_Thanh set Channel name - hcmus-cdnc-te_a699a0/button_Save")): Object: 'Object Repository/1612893/44_AddEmailWhiteList/Page_Thanh set Channel name - hcmus-cdnc-te_a699a0/button_Save' is clicked on

2020-06-05 13:00:42 - [MESSAGE][PASSED] - Object: 'Object Repository/1612893/44_AddEmailWhiteList/Page_Thanh set Channel name - hcmus-cdnc-te_a699a0/button_Save' is clicked on

2020-06-05 13:00:42 - [TEST_STEP][PASSED] - click(findTestObject("Object Repository/1612893/44_AddEmailWhiteList/Page_Thanh set Channel name - hcmus-cdnc-te_a699a0/button_Close")): Object: 'Object Repository/1612893/44_AddEmailWhiteList/Page_Thanh set Channel name - hcmus-cdnc-te_a699a0/button_Close' is clicked on

2020-06-05 13:00:43 - [MESSAGE][PASSED] - Object: 'Object Repository/1612893/44_AddEmailWhiteList/Page_Thanh set Channel name - hcmus-cdnc-te_a699a0/button_Close' is clicked on

2020-06-05 13:00:43 - [TEST_STEP][PASSED] - closeBrowser(): Browser is closed

2020-06-05 13:00:43 - [MESSAGE][PASSED] - Browser is closed]]></system-out>
         <system-err><![CDATA[]]></system-err>
      </testcase>
      <testcase name="Test Cases/1612893/TC_44_AddEmailWhiteList" time="24.016" classname="Test Cases/1612893/TC_44_AddEmailWhiteList" status="PASSED">
         <system-out><![CDATA[2020-06-05 13:00:43 - [TEST_CASE][PASSED] - Test Cases/1612893/TC_44_AddEmailWhiteList: Test Cases/1612893/TC_44_AddEmailWhiteList

2020-06-05 13:00:43 - [TEST_STEP][PASSED] - openBrowser(""): Browser is opened with url: ''

2020-06-05 13:00:43 - [MESSAGE][INFO] - Starting 'Chrome' driver

2020-06-05 13:00:43 - [MESSAGE][INFO] - Action delay is set to 0 milliseconds

2020-06-05 13:00:47 - [MESSAGE][PASSED] - Browser is opened with url: ''

2020-06-05 13:00:47 - [TEST_STEP][PASSED] - navigateToUrl("http://localhost:8065/login"): Navigate to 'http://localhost:8065/login' successfully

2020-06-05 13:00:52 - [MESSAGE][PASSED] - Navigate to 'http://localhost:8065/login' successfully

2020-06-05 13:00:52 - [TEST_STEP][PASSED] - setText(findTestObject("Object Repository/1612893/44_AddEmailWhiteList/Page_Mattermost/input_All team communication in one place s_703ef5"), "hcmus-cdnc@gmail.com"): Text 'hcmus-cdnc@gmail.com' is set on object 'Object Repository/1612893/44_AddEmailWhiteList/Page_Mattermost/input_All team communication in one place s_703ef5'

2020-06-05 13:00:56 - [MESSAGE][PASSED] - Text 'hcmus-cdnc@gmail.com' is set on object 'Object Repository/1612893/44_AddEmailWhiteList/Page_Mattermost/input_All team communication in one place s_703ef5'

2020-06-05 13:00:56 - [TEST_STEP][PASSED] - setEncryptedText(findTestObject("Object Repository/1612893/44_AddEmailWhiteList/Page_Mattermost/input_All team communication in one place s_2f2733"), "aeHFOx8jV/A="): Text ****** has been set on object 'Object Repository/1612893/44_AddEmailWhiteList/Page_Mattermost/input_All team communication in one place s_2f2733'

2020-06-05 13:00:56 - [MESSAGE][PASSED] - Text ****** has been set on object 'Object Repository/1612893/44_AddEmailWhiteList/Page_Mattermost/input_All team communication in one place s_2f2733'

2020-06-05 13:00:56 - [TEST_STEP][PASSED] - click(findTestObject("Object Repository/1612893/44_AddEmailWhiteList/Page_Mattermost/button_Sign in")): Object: 'Object Repository/1612893/44_AddEmailWhiteList/Page_Mattermost/button_Sign in' is clicked on

2020-06-05 13:00:57 - [MESSAGE][PASSED] - Object: 'Object Repository/1612893/44_AddEmailWhiteList/Page_Mattermost/button_Sign in' is clicked on

2020-06-05 13:00:57 - [TEST_STEP][PASSED] - click(findTestObject("Object Repository/1612893/44_AddEmailWhiteList/Page_Thanh set Channel name - hcmus-cdnc-te_a699a0/button_anh_style--none sidebar-header-dropd_e4937e")): Object: 'Object Repository/1612893/44_AddEmailWhiteList/Page_Thanh set Channel name - hcmus-cdnc-te_a699a0/button_anh_style--none sidebar-header-dropd_e4937e' is clicked on

2020-06-05 13:01:02 - [MESSAGE][PASSED] - Object: 'Object Repository/1612893/44_AddEmailWhiteList/Page_Thanh set Channel name - hcmus-cdnc-te_a699a0/button_anh_style--none sidebar-header-dropd_e4937e' is clicked on

2020-06-05 13:01:02 - [TEST_STEP][PASSED] - click(findTestObject("Object Repository/1612893/44_AddEmailWhiteList/Page_Thanh set Channel name - hcmus-cdnc-te_a699a0/span_Team Settings")): Object: 'Object Repository/1612893/44_AddEmailWhiteList/Page_Thanh set Channel name - hcmus-cdnc-te_a699a0/span_Team Settings' is clicked on

2020-06-05 13:01:03 - [MESSAGE][PASSED] - Object: 'Object Repository/1612893/44_AddEmailWhiteList/Page_Thanh set Channel name - hcmus-cdnc-te_a699a0/span_Team Settings' is clicked on

2020-06-05 13:01:03 - [TEST_STEP][PASSED] - click(findTestObject("Object Repository/1612893/44_AddEmailWhiteList/Page_Thanh set Channel name - hcmus-cdnc-te_a699a0/button_Edit")): Object: 'Object Repository/1612893/44_AddEmailWhiteList/Page_Thanh set Channel name - hcmus-cdnc-te_a699a0/button_Edit' is clicked on

2020-06-05 13:01:04 - [MESSAGE][PASSED] - Object: 'Object Repository/1612893/44_AddEmailWhiteList/Page_Thanh set Channel name - hcmus-cdnc-te_a699a0/button_Edit' is clicked on

2020-06-05 13:01:04 - [TEST_STEP][PASSED] - setText(findTestObject("Object Repository/1612893/44_AddEmailWhiteList/Page_Thanh set Channel name - hcmus-cdnc-te_a699a0/input_Allow only users with a specific emai_44da11"), whiteList): Text 'mattermost.com' is set on object 'Object Repository/1612893/44_AddEmailWhiteList/Page_Thanh set Channel name - hcmus-cdnc-te_a699a0/input_Allow only users with a specific emai_44da11'

2020-06-05 13:01:06 - [MESSAGE][PASSED] - Text 'mattermost.com' is set on object 'Object Repository/1612893/44_AddEmailWhiteList/Page_Thanh set Channel name - hcmus-cdnc-te_a699a0/input_Allow only users with a specific emai_44da11'

2020-06-05 13:01:06 - [TEST_STEP][PASSED] - click(findTestObject("Object Repository/1612893/44_AddEmailWhiteList/Page_Thanh set Channel name - hcmus-cdnc-te_a699a0/button_Save")): Object: 'Object Repository/1612893/44_AddEmailWhiteList/Page_Thanh set Channel name - hcmus-cdnc-te_a699a0/button_Save' is clicked on

2020-06-05 13:01:06 - [MESSAGE][PASSED] - Object: 'Object Repository/1612893/44_AddEmailWhiteList/Page_Thanh set Channel name - hcmus-cdnc-te_a699a0/button_Save' is clicked on

2020-06-05 13:01:06 - [TEST_STEP][PASSED] - click(findTestObject("Object Repository/1612893/44_AddEmailWhiteList/Page_Thanh set Channel name - hcmus-cdnc-te_a699a0/button_Close")): Object: 'Object Repository/1612893/44_AddEmailWhiteList/Page_Thanh set Channel name - hcmus-cdnc-te_a699a0/button_Close' is clicked on

2020-06-05 13:01:07 - [MESSAGE][PASSED] - Object: 'Object Repository/1612893/44_AddEmailWhiteList/Page_Thanh set Channel name - hcmus-cdnc-te_a699a0/button_Close' is clicked on

2020-06-05 13:01:07 - [TEST_STEP][PASSED] - closeBrowser(): Browser is closed

2020-06-05 13:01:07 - [MESSAGE][PASSED] - Browser is closed]]></system-out>
         <system-err><![CDATA[]]></system-err>
      </testcase>
      <testcase name="Test Cases/1612893/TC_44_AddEmailWhiteList" time="29.755" classname="Test Cases/1612893/TC_44_AddEmailWhiteList" status="PASSED">
         <system-out><![CDATA[2020-06-05 13:01:07 - [TEST_CASE][PASSED] - Test Cases/1612893/TC_44_AddEmailWhiteList: Test Cases/1612893/TC_44_AddEmailWhiteList

2020-06-05 13:01:07 - [TEST_STEP][PASSED] - openBrowser(""): Browser is opened with url: ''

2020-06-05 13:01:07 - [MESSAGE][INFO] - Starting 'Chrome' driver

2020-06-05 13:01:07 - [MESSAGE][INFO] - Action delay is set to 0 milliseconds

2020-06-05 13:01:11 - [MESSAGE][PASSED] - Browser is opened with url: ''

2020-06-05 13:01:11 - [TEST_STEP][PASSED] - navigateToUrl("http://localhost:8065/login"): Navigate to 'http://localhost:8065/login' successfully

2020-06-05 13:01:21 - [MESSAGE][PASSED] - Navigate to 'http://localhost:8065/login' successfully

2020-06-05 13:01:21 - [TEST_STEP][PASSED] - setText(findTestObject("Object Repository/1612893/44_AddEmailWhiteList/Page_Mattermost/input_All team communication in one place s_703ef5"), "hcmus-cdnc@gmail.com"): Text 'hcmus-cdnc@gmail.com' is set on object 'Object Repository/1612893/44_AddEmailWhiteList/Page_Mattermost/input_All team communication in one place s_703ef5'

2020-06-05 13:01:27 - [MESSAGE][PASSED] - Text 'hcmus-cdnc@gmail.com' is set on object 'Object Repository/1612893/44_AddEmailWhiteList/Page_Mattermost/input_All team communication in one place s_703ef5'

2020-06-05 13:01:27 - [TEST_STEP][PASSED] - setEncryptedText(findTestObject("Object Repository/1612893/44_AddEmailWhiteList/Page_Mattermost/input_All team communication in one place s_2f2733"), "aeHFOx8jV/A="): Text ****** has been set on object 'Object Repository/1612893/44_AddEmailWhiteList/Page_Mattermost/input_All team communication in one place s_2f2733'

2020-06-05 13:01:28 - [MESSAGE][PASSED] - Text ****** has been set on object 'Object Repository/1612893/44_AddEmailWhiteList/Page_Mattermost/input_All team communication in one place s_2f2733'

2020-06-05 13:01:28 - [TEST_STEP][PASSED] - click(findTestObject("Object Repository/1612893/44_AddEmailWhiteList/Page_Mattermost/button_Sign in")): Object: 'Object Repository/1612893/44_AddEmailWhiteList/Page_Mattermost/button_Sign in' is clicked on

2020-06-05 13:01:28 - [MESSAGE][PASSED] - Object: 'Object Repository/1612893/44_AddEmailWhiteList/Page_Mattermost/button_Sign in' is clicked on

2020-06-05 13:01:28 - [TEST_STEP][PASSED] - click(findTestObject("Object Repository/1612893/44_AddEmailWhiteList/Page_Thanh set Channel name - hcmus-cdnc-te_a699a0/button_anh_style--none sidebar-header-dropd_e4937e")): Object: 'Object Repository/1612893/44_AddEmailWhiteList/Page_Thanh set Channel name - hcmus-cdnc-te_a699a0/button_anh_style--none sidebar-header-dropd_e4937e' is clicked on

2020-06-05 13:01:32 - [MESSAGE][PASSED] - Object: 'Object Repository/1612893/44_AddEmailWhiteList/Page_Thanh set Channel name - hcmus-cdnc-te_a699a0/button_anh_style--none sidebar-header-dropd_e4937e' is clicked on

2020-06-05 13:01:32 - [TEST_STEP][PASSED] - click(findTestObject("Object Repository/1612893/44_AddEmailWhiteList/Page_Thanh set Channel name - hcmus-cdnc-te_a699a0/span_Team Settings")): Object: 'Object Repository/1612893/44_AddEmailWhiteList/Page_Thanh set Channel name - hcmus-cdnc-te_a699a0/span_Team Settings' is clicked on

2020-06-05 13:01:33 - [MESSAGE][PASSED] - Object: 'Object Repository/1612893/44_AddEmailWhiteList/Page_Thanh set Channel name - hcmus-cdnc-te_a699a0/span_Team Settings' is clicked on

2020-06-05 13:01:33 - [TEST_STEP][PASSED] - click(findTestObject("Object Repository/1612893/44_AddEmailWhiteList/Page_Thanh set Channel name - hcmus-cdnc-te_a699a0/button_Edit")): Object: 'Object Repository/1612893/44_AddEmailWhiteList/Page_Thanh set Channel name - hcmus-cdnc-te_a699a0/button_Edit' is clicked on

2020-06-05 13:01:34 - [MESSAGE][PASSED] - Object: 'Object Repository/1612893/44_AddEmailWhiteList/Page_Thanh set Channel name - hcmus-cdnc-te_a699a0/button_Edit' is clicked on

2020-06-05 13:01:34 - [TEST_STEP][PASSED] - setText(findTestObject("Object Repository/1612893/44_AddEmailWhiteList/Page_Thanh set Channel name - hcmus-cdnc-te_a699a0/input_Allow only users with a specific emai_44da11"), whiteList): Text 'mattermost.org' is set on object 'Object Repository/1612893/44_AddEmailWhiteList/Page_Thanh set Channel name - hcmus-cdnc-te_a699a0/input_Allow only users with a specific emai_44da11'

2020-06-05 13:01:35 - [MESSAGE][PASSED] - Text 'mattermost.org' is set on object 'Object Repository/1612893/44_AddEmailWhiteList/Page_Thanh set Channel name - hcmus-cdnc-te_a699a0/input_Allow only users with a specific emai_44da11'

2020-06-05 13:01:35 - [TEST_STEP][PASSED] - click(findTestObject("Object Repository/1612893/44_AddEmailWhiteList/Page_Thanh set Channel name - hcmus-cdnc-te_a699a0/button_Save")): Object: 'Object Repository/1612893/44_AddEmailWhiteList/Page_Thanh set Channel name - hcmus-cdnc-te_a699a0/button_Save' is clicked on

2020-06-05 13:01:36 - [MESSAGE][PASSED] - Object: 'Object Repository/1612893/44_AddEmailWhiteList/Page_Thanh set Channel name - hcmus-cdnc-te_a699a0/button_Save' is clicked on

2020-06-05 13:01:36 - [TEST_STEP][PASSED] - click(findTestObject("Object Repository/1612893/44_AddEmailWhiteList/Page_Thanh set Channel name - hcmus-cdnc-te_a699a0/button_Close")): Object: 'Object Repository/1612893/44_AddEmailWhiteList/Page_Thanh set Channel name - hcmus-cdnc-te_a699a0/button_Close' is clicked on

2020-06-05 13:01:37 - [MESSAGE][PASSED] - Object: 'Object Repository/1612893/44_AddEmailWhiteList/Page_Thanh set Channel name - hcmus-cdnc-te_a699a0/button_Close' is clicked on

2020-06-05 13:01:37 - [TEST_STEP][PASSED] - closeBrowser(): Browser is closed

2020-06-05 13:01:37 - [MESSAGE][PASSED] - Browser is closed]]></system-out>
         <system-err><![CDATA[]]></system-err>
      </testcase>
      <testcase name="Test Cases/1612893/TC_45_Edit_TeamDescription" time="18.667" classname="Test Cases/1612893/TC_45_Edit_TeamDescription" status="PASSED">
         <system-out><![CDATA[2020-06-05 13:01:37 - [TEST_CASE][PASSED] - Test Cases/1612893/TC_45_Edit_TeamDescription: Test Cases/1612893/TC_45_Edit_TeamDescription

2020-06-05 13:01:38 - [TEST_STEP][PASSED] - openBrowser(""): Browser is opened with url: ''

2020-06-05 13:01:38 - [MESSAGE][INFO] - Starting 'Chrome' driver

2020-06-05 13:01:38 - [MESSAGE][INFO] - Action delay is set to 0 milliseconds

2020-06-05 13:01:41 - [MESSAGE][PASSED] - Browser is opened with url: ''

2020-06-05 13:01:41 - [TEST_STEP][PASSED] - navigateToUrl("http://localhost:8065/hcmus-cdnc-team/channels/town-square"): Navigate to 'http://localhost:8065/hcmus-cdnc-team/channels/town-square' successfully

2020-06-05 13:01:43 - [MESSAGE][PASSED] - Navigate to 'http://localhost:8065/hcmus-cdnc-team/channels/town-square' successfully

2020-06-05 13:01:43 - [TEST_STEP][PASSED] - setText(findTestObject("Object Repository/1612893/45_Edit_TeamDescription/Page_Mattermost/input_All team communication in one place s_703ef5"), "hcmus-cdnc@gmail.com"): Text 'hcmus-cdnc@gmail.com' is set on object 'Object Repository/1612893/45_Edit_TeamDescription/Page_Mattermost/input_All team communication in one place s_703ef5'

2020-06-05 13:01:45 - [MESSAGE][PASSED] - Text 'hcmus-cdnc@gmail.com' is set on object 'Object Repository/1612893/45_Edit_TeamDescription/Page_Mattermost/input_All team communication in one place s_703ef5'

2020-06-05 13:01:45 - [TEST_STEP][PASSED] - setEncryptedText(findTestObject("Object Repository/1612893/45_Edit_TeamDescription/Page_Mattermost/input_Please enter your password_password"), "aeHFOx8jV/A="): Text ****** has been set on object 'Object Repository/1612893/45_Edit_TeamDescription/Page_Mattermost/input_Please enter your password_password'

2020-06-05 13:01:46 - [MESSAGE][PASSED] - Text ****** has been set on object 'Object Repository/1612893/45_Edit_TeamDescription/Page_Mattermost/input_Please enter your password_password'

2020-06-05 13:01:46 - [TEST_STEP][PASSED] - sendKeys(findTestObject("Object Repository/1612893/45_Edit_TeamDescription/Page_Mattermost/input_Please enter your password_password"), Keys.chord(ENTER)): Keys 'ENTER + ' sent to object: 'Object Repository/1612893/45_Edit_TeamDescription/Page_Mattermost/input_Please enter your password_password'

2020-06-05 13:01:47 - [MESSAGE][PASSED] - Keys 'ENTER + ' sent to object: 'Object Repository/1612893/45_Edit_TeamDescription/Page_Mattermost/input_Please enter your password_password'

2020-06-05 13:01:47 - [TEST_STEP][PASSED] - click(findTestObject("Object Repository/1612893/45_Edit_TeamDescription/Page_Thanh set Channel name - hcmus-cdnc-te_a699a0/span")): Object: 'Object Repository/1612893/45_Edit_TeamDescription/Page_Thanh set Channel name - hcmus-cdnc-te_a699a0/span' is clicked on

2020-06-05 13:01:51 - [MESSAGE][PASSED] - Object: 'Object Repository/1612893/45_Edit_TeamDescription/Page_Thanh set Channel name - hcmus-cdnc-te_a699a0/span' is clicked on

2020-06-05 13:01:51 - [TEST_STEP][PASSED] - click(findTestObject("Object Repository/1612893/45_Edit_TeamDescription/Page_Thanh set Channel name - hcmus-cdnc-te_a699a0/span_Team Settings")): Object: 'Object Repository/1612893/45_Edit_TeamDescription/Page_Thanh set Channel name - hcmus-cdnc-te_a699a0/span_Team Settings' is clicked on

2020-06-05 13:01:52 - [MESSAGE][PASSED] - Object: 'Object Repository/1612893/45_Edit_TeamDescription/Page_Thanh set Channel name - hcmus-cdnc-te_a699a0/span_Team Settings' is clicked on

2020-06-05 13:01:52 - [TEST_STEP][PASSED] - click(findTestObject("Object Repository/1612893/45_Edit_TeamDescription/Page_Thanh set Channel name - hcmus-cdnc-te_a699a0/span_Edit")): Object: 'Object Repository/1612893/45_Edit_TeamDescription/Page_Thanh set Channel name - hcmus-cdnc-te_a699a0/span_Edit' is clicked on

2020-06-05 13:01:53 - [MESSAGE][PASSED] - Object: 'Object Repository/1612893/45_Edit_TeamDescription/Page_Thanh set Channel name - hcmus-cdnc-te_a699a0/span_Edit' is clicked on

2020-06-05 13:01:53 - [TEST_STEP][PASSED] - setText(findTestObject("Object Repository/1612893/45_Edit_TeamDescription/Page_Thanh set Channel name - hcmus-cdnc-te_a699a0/input_Team Description_teamDescription"), description): Text 'Nhóm thiết kế' is set on object 'Object Repository/1612893/45_Edit_TeamDescription/Page_Thanh set Channel name - hcmus-cdnc-te_a699a0/input_Team Description_teamDescription'

2020-06-05 13:01:54 - [MESSAGE][PASSED] - Text 'Nhóm thiết kế' is set on object 'Object Repository/1612893/45_Edit_TeamDescription/Page_Thanh set Channel name - hcmus-cdnc-te_a699a0/input_Team Description_teamDescription'

2020-06-05 13:01:54 - [TEST_STEP][PASSED] - click(findTestObject("Object Repository/1612893/45_Edit_TeamDescription/Page_Thanh set Channel name - hcmus-cdnc-te_a699a0/span_Save")): Object: 'Object Repository/1612893/45_Edit_TeamDescription/Page_Thanh set Channel name - hcmus-cdnc-te_a699a0/span_Save' is clicked on

2020-06-05 13:01:54 - [MESSAGE][PASSED] - Object: 'Object Repository/1612893/45_Edit_TeamDescription/Page_Thanh set Channel name - hcmus-cdnc-te_a699a0/span_Save' is clicked on

2020-06-05 13:01:54 - [TEST_STEP][PASSED] - click(findTestObject("Object Repository/1612893/45_Edit_TeamDescription/Page_Thanh set Channel name - hcmus-cdnc-te_a699a0/span_")): Object: 'Object Repository/1612893/45_Edit_TeamDescription/Page_Thanh set Channel name - hcmus-cdnc-te_a699a0/span_' is clicked on

2020-06-05 13:01:55 - [MESSAGE][PASSED] - Object: 'Object Repository/1612893/45_Edit_TeamDescription/Page_Thanh set Channel name - hcmus-cdnc-te_a699a0/span_' is clicked on

2020-06-05 13:01:55 - [TEST_STEP][PASSED] - closeBrowser(): Browser is closed

2020-06-05 13:01:56 - [MESSAGE][PASSED] - Browser is closed]]></system-out>
         <system-err><![CDATA[]]></system-err>
      </testcase>
      <testcase name="Test Cases/1612893/TC_45_Edit_TeamDescription" time="18.768" classname="Test Cases/1612893/TC_45_Edit_TeamDescription" status="PASSED">
         <system-out><![CDATA[2020-06-05 13:01:56 - [TEST_CASE][PASSED] - Test Cases/1612893/TC_45_Edit_TeamDescription: Test Cases/1612893/TC_45_Edit_TeamDescription

2020-06-05 13:01:56 - [TEST_STEP][PASSED] - openBrowser(""): Browser is opened with url: ''

2020-06-05 13:01:56 - [MESSAGE][INFO] - Starting 'Chrome' driver

2020-06-05 13:01:56 - [MESSAGE][INFO] - Action delay is set to 0 milliseconds

2020-06-05 13:02:00 - [MESSAGE][PASSED] - Browser is opened with url: ''

2020-06-05 13:02:00 - [TEST_STEP][PASSED] - navigateToUrl("http://localhost:8065/hcmus-cdnc-team/channels/town-square"): Navigate to 'http://localhost:8065/hcmus-cdnc-team/channels/town-square' successfully

2020-06-05 13:02:02 - [MESSAGE][PASSED] - Navigate to 'http://localhost:8065/hcmus-cdnc-team/channels/town-square' successfully

2020-06-05 13:02:02 - [TEST_STEP][PASSED] - setText(findTestObject("Object Repository/1612893/45_Edit_TeamDescription/Page_Mattermost/input_All team communication in one place s_703ef5"), "hcmus-cdnc@gmail.com"): Text 'hcmus-cdnc@gmail.com' is set on object 'Object Repository/1612893/45_Edit_TeamDescription/Page_Mattermost/input_All team communication in one place s_703ef5'

2020-06-05 13:02:04 - [MESSAGE][PASSED] - Text 'hcmus-cdnc@gmail.com' is set on object 'Object Repository/1612893/45_Edit_TeamDescription/Page_Mattermost/input_All team communication in one place s_703ef5'

2020-06-05 13:02:04 - [TEST_STEP][PASSED] - setEncryptedText(findTestObject("Object Repository/1612893/45_Edit_TeamDescription/Page_Mattermost/input_Please enter your password_password"), "aeHFOx8jV/A="): Text ****** has been set on object 'Object Repository/1612893/45_Edit_TeamDescription/Page_Mattermost/input_Please enter your password_password'

2020-06-05 13:02:05 - [MESSAGE][PASSED] - Text ****** has been set on object 'Object Repository/1612893/45_Edit_TeamDescription/Page_Mattermost/input_Please enter your password_password'

2020-06-05 13:02:05 - [TEST_STEP][PASSED] - sendKeys(findTestObject("Object Repository/1612893/45_Edit_TeamDescription/Page_Mattermost/input_Please enter your password_password"), Keys.chord(ENTER)): Keys 'ENTER + ' sent to object: 'Object Repository/1612893/45_Edit_TeamDescription/Page_Mattermost/input_Please enter your password_password'

2020-06-05 13:02:06 - [MESSAGE][PASSED] - Keys 'ENTER + ' sent to object: 'Object Repository/1612893/45_Edit_TeamDescription/Page_Mattermost/input_Please enter your password_password'

2020-06-05 13:02:06 - [TEST_STEP][PASSED] - click(findTestObject("Object Repository/1612893/45_Edit_TeamDescription/Page_Thanh set Channel name - hcmus-cdnc-te_a699a0/span")): Object: 'Object Repository/1612893/45_Edit_TeamDescription/Page_Thanh set Channel name - hcmus-cdnc-te_a699a0/span' is clicked on

2020-06-05 13:02:09 - [MESSAGE][PASSED] - Object: 'Object Repository/1612893/45_Edit_TeamDescription/Page_Thanh set Channel name - hcmus-cdnc-te_a699a0/span' is clicked on

2020-06-05 13:02:09 - [TEST_STEP][PASSED] - click(findTestObject("Object Repository/1612893/45_Edit_TeamDescription/Page_Thanh set Channel name - hcmus-cdnc-te_a699a0/span_Team Settings")): Object: 'Object Repository/1612893/45_Edit_TeamDescription/Page_Thanh set Channel name - hcmus-cdnc-te_a699a0/span_Team Settings' is clicked on

2020-06-05 13:02:11 - [MESSAGE][PASSED] - Object: 'Object Repository/1612893/45_Edit_TeamDescription/Page_Thanh set Channel name - hcmus-cdnc-te_a699a0/span_Team Settings' is clicked on

2020-06-05 13:02:11 - [TEST_STEP][PASSED] - click(findTestObject("Object Repository/1612893/45_Edit_TeamDescription/Page_Thanh set Channel name - hcmus-cdnc-te_a699a0/span_Edit")): Object: 'Object Repository/1612893/45_Edit_TeamDescription/Page_Thanh set Channel name - hcmus-cdnc-te_a699a0/span_Edit' is clicked on

2020-06-05 13:02:11 - [MESSAGE][PASSED] - Object: 'Object Repository/1612893/45_Edit_TeamDescription/Page_Thanh set Channel name - hcmus-cdnc-te_a699a0/span_Edit' is clicked on

2020-06-05 13:02:11 - [TEST_STEP][PASSED] - setText(findTestObject("Object Repository/1612893/45_Edit_TeamDescription/Page_Thanh set Channel name - hcmus-cdnc-te_a699a0/input_Team Description_teamDescription"), description): Text 'Nhóm Phát triển' is set on object 'Object Repository/1612893/45_Edit_TeamDescription/Page_Thanh set Channel name - hcmus-cdnc-te_a699a0/input_Team Description_teamDescription'

2020-06-05 13:02:13 - [MESSAGE][PASSED] - Text 'Nhóm Phát triển' is set on object 'Object Repository/1612893/45_Edit_TeamDescription/Page_Thanh set Channel name - hcmus-cdnc-te_a699a0/input_Team Description_teamDescription'

2020-06-05 13:02:13 - [TEST_STEP][PASSED] - click(findTestObject("Object Repository/1612893/45_Edit_TeamDescription/Page_Thanh set Channel name - hcmus-cdnc-te_a699a0/span_Save")): Object: 'Object Repository/1612893/45_Edit_TeamDescription/Page_Thanh set Channel name - hcmus-cdnc-te_a699a0/span_Save' is clicked on

2020-06-05 13:02:13 - [MESSAGE][PASSED] - Object: 'Object Repository/1612893/45_Edit_TeamDescription/Page_Thanh set Channel name - hcmus-cdnc-te_a699a0/span_Save' is clicked on

2020-06-05 13:02:13 - [TEST_STEP][PASSED] - click(findTestObject("Object Repository/1612893/45_Edit_TeamDescription/Page_Thanh set Channel name - hcmus-cdnc-te_a699a0/span_")): Object: 'Object Repository/1612893/45_Edit_TeamDescription/Page_Thanh set Channel name - hcmus-cdnc-te_a699a0/span_' is clicked on

2020-06-05 13:02:14 - [MESSAGE][PASSED] - Object: 'Object Repository/1612893/45_Edit_TeamDescription/Page_Thanh set Channel name - hcmus-cdnc-te_a699a0/span_' is clicked on

2020-06-05 13:02:14 - [TEST_STEP][PASSED] - closeBrowser(): Browser is closed

2020-06-05 13:02:15 - [MESSAGE][PASSED] - Browser is closed]]></system-out>
         <system-err><![CDATA[]]></system-err>
      </testcase>
      <testcase name="Test Cases/1612893/TC_45_Edit_TeamDescription" time="20.173" classname="Test Cases/1612893/TC_45_Edit_TeamDescription" status="PASSED">
         <system-out><![CDATA[2020-06-05 13:02:15 - [TEST_CASE][PASSED] - Test Cases/1612893/TC_45_Edit_TeamDescription: Test Cases/1612893/TC_45_Edit_TeamDescription

2020-06-05 13:02:15 - [TEST_STEP][PASSED] - openBrowser(""): Browser is opened with url: ''

2020-06-05 13:02:15 - [MESSAGE][INFO] - Starting 'Chrome' driver

2020-06-05 13:02:15 - [MESSAGE][INFO] - Action delay is set to 0 milliseconds

2020-06-05 13:02:19 - [MESSAGE][PASSED] - Browser is opened with url: ''

2020-06-05 13:02:19 - [TEST_STEP][PASSED] - navigateToUrl("http://localhost:8065/hcmus-cdnc-team/channels/town-square"): Navigate to 'http://localhost:8065/hcmus-cdnc-team/channels/town-square' successfully

2020-06-05 13:02:22 - [MESSAGE][PASSED] - Navigate to 'http://localhost:8065/hcmus-cdnc-team/channels/town-square' successfully

2020-06-05 13:02:22 - [TEST_STEP][PASSED] - setText(findTestObject("Object Repository/1612893/45_Edit_TeamDescription/Page_Mattermost/input_All team communication in one place s_703ef5"), "hcmus-cdnc@gmail.com"): Text 'hcmus-cdnc@gmail.com' is set on object 'Object Repository/1612893/45_Edit_TeamDescription/Page_Mattermost/input_All team communication in one place s_703ef5'

2020-06-05 13:02:24 - [MESSAGE][PASSED] - Text 'hcmus-cdnc@gmail.com' is set on object 'Object Repository/1612893/45_Edit_TeamDescription/Page_Mattermost/input_All team communication in one place s_703ef5'

2020-06-05 13:02:24 - [TEST_STEP][PASSED] - setEncryptedText(findTestObject("Object Repository/1612893/45_Edit_TeamDescription/Page_Mattermost/input_Please enter your password_password"), "aeHFOx8jV/A="): Text ****** has been set on object 'Object Repository/1612893/45_Edit_TeamDescription/Page_Mattermost/input_Please enter your password_password'

2020-06-05 13:02:25 - [MESSAGE][PASSED] - Text ****** has been set on object 'Object Repository/1612893/45_Edit_TeamDescription/Page_Mattermost/input_Please enter your password_password'

2020-06-05 13:02:25 - [TEST_STEP][PASSED] - sendKeys(findTestObject("Object Repository/1612893/45_Edit_TeamDescription/Page_Mattermost/input_Please enter your password_password"), Keys.chord(ENTER)): Keys 'ENTER + ' sent to object: 'Object Repository/1612893/45_Edit_TeamDescription/Page_Mattermost/input_Please enter your password_password'

2020-06-05 13:02:26 - [MESSAGE][PASSED] - Keys 'ENTER + ' sent to object: 'Object Repository/1612893/45_Edit_TeamDescription/Page_Mattermost/input_Please enter your password_password'

2020-06-05 13:02:26 - [TEST_STEP][PASSED] - click(findTestObject("Object Repository/1612893/45_Edit_TeamDescription/Page_Thanh set Channel name - hcmus-cdnc-te_a699a0/span")): Object: 'Object Repository/1612893/45_Edit_TeamDescription/Page_Thanh set Channel name - hcmus-cdnc-te_a699a0/span' is clicked on

2020-06-05 13:02:30 - [MESSAGE][PASSED] - Object: 'Object Repository/1612893/45_Edit_TeamDescription/Page_Thanh set Channel name - hcmus-cdnc-te_a699a0/span' is clicked on

2020-06-05 13:02:30 - [TEST_STEP][PASSED] - click(findTestObject("Object Repository/1612893/45_Edit_TeamDescription/Page_Thanh set Channel name - hcmus-cdnc-te_a699a0/span_Team Settings")): Object: 'Object Repository/1612893/45_Edit_TeamDescription/Page_Thanh set Channel name - hcmus-cdnc-te_a699a0/span_Team Settings' is clicked on

2020-06-05 13:02:31 - [MESSAGE][PASSED] - Object: 'Object Repository/1612893/45_Edit_TeamDescription/Page_Thanh set Channel name - hcmus-cdnc-te_a699a0/span_Team Settings' is clicked on

2020-06-05 13:02:31 - [TEST_STEP][PASSED] - click(findTestObject("Object Repository/1612893/45_Edit_TeamDescription/Page_Thanh set Channel name - hcmus-cdnc-te_a699a0/span_Edit")): Object: 'Object Repository/1612893/45_Edit_TeamDescription/Page_Thanh set Channel name - hcmus-cdnc-te_a699a0/span_Edit' is clicked on

2020-06-05 13:02:31 - [MESSAGE][PASSED] - Object: 'Object Repository/1612893/45_Edit_TeamDescription/Page_Thanh set Channel name - hcmus-cdnc-te_a699a0/span_Edit' is clicked on

2020-06-05 13:02:31 - [TEST_STEP][PASSED] - setText(findTestObject("Object Repository/1612893/45_Edit_TeamDescription/Page_Thanh set Channel name - hcmus-cdnc-te_a699a0/input_Team Description_teamDescription"), description): Text 'Nhóm quảng bá sản phẩm' is set on object 'Object Repository/1612893/45_Edit_TeamDescription/Page_Thanh set Channel name - hcmus-cdnc-te_a699a0/input_Team Description_teamDescription'

2020-06-05 13:02:33 - [MESSAGE][PASSED] - Text 'Nhóm quảng bá sản phẩm' is set on object 'Object Repository/1612893/45_Edit_TeamDescription/Page_Thanh set Channel name - hcmus-cdnc-te_a699a0/input_Team Description_teamDescription'

2020-06-05 13:02:33 - [TEST_STEP][PASSED] - click(findTestObject("Object Repository/1612893/45_Edit_TeamDescription/Page_Thanh set Channel name - hcmus-cdnc-te_a699a0/span_Save")): Object: 'Object Repository/1612893/45_Edit_TeamDescription/Page_Thanh set Channel name - hcmus-cdnc-te_a699a0/span_Save' is clicked on

2020-06-05 13:02:33 - [MESSAGE][PASSED] - Object: 'Object Repository/1612893/45_Edit_TeamDescription/Page_Thanh set Channel name - hcmus-cdnc-te_a699a0/span_Save' is clicked on

2020-06-05 13:02:33 - [TEST_STEP][PASSED] - click(findTestObject("Object Repository/1612893/45_Edit_TeamDescription/Page_Thanh set Channel name - hcmus-cdnc-te_a699a0/span_")): Object: 'Object Repository/1612893/45_Edit_TeamDescription/Page_Thanh set Channel name - hcmus-cdnc-te_a699a0/span_' is clicked on

2020-06-05 13:02:34 - [MESSAGE][PASSED] - Object: 'Object Repository/1612893/45_Edit_TeamDescription/Page_Thanh set Channel name - hcmus-cdnc-te_a699a0/span_' is clicked on

2020-06-05 13:02:34 - [TEST_STEP][PASSED] - closeBrowser(): Browser is closed

2020-06-05 13:02:35 - [MESSAGE][PASSED] - Browser is closed]]></system-out>
         <system-err><![CDATA[]]></system-err>
      </testcase>
      <testcase name="Test Cases/1612893/TC_45_Edit_TeamDescription" time="18.653" classname="Test Cases/1612893/TC_45_Edit_TeamDescription" status="PASSED">
         <system-out><![CDATA[2020-06-05 13:02:35 - [TEST_CASE][PASSED] - Test Cases/1612893/TC_45_Edit_TeamDescription: Test Cases/1612893/TC_45_Edit_TeamDescription

2020-06-05 13:02:35 - [TEST_STEP][PASSED] - openBrowser(""): Browser is opened with url: ''

2020-06-05 13:02:35 - [MESSAGE][INFO] - Starting 'Chrome' driver

2020-06-05 13:02:35 - [MESSAGE][INFO] - Action delay is set to 0 milliseconds

2020-06-05 13:02:39 - [MESSAGE][PASSED] - Browser is opened with url: ''

2020-06-05 13:02:39 - [TEST_STEP][PASSED] - navigateToUrl("http://localhost:8065/hcmus-cdnc-team/channels/town-square"): Navigate to 'http://localhost:8065/hcmus-cdnc-team/channels/town-square' successfully

2020-06-05 13:02:40 - [MESSAGE][PASSED] - Navigate to 'http://localhost:8065/hcmus-cdnc-team/channels/town-square' successfully

2020-06-05 13:02:40 - [TEST_STEP][PASSED] - setText(findTestObject("Object Repository/1612893/45_Edit_TeamDescription/Page_Mattermost/input_All team communication in one place s_703ef5"), "hcmus-cdnc@gmail.com"): Text 'hcmus-cdnc@gmail.com' is set on object 'Object Repository/1612893/45_Edit_TeamDescription/Page_Mattermost/input_All team communication in one place s_703ef5'

2020-06-05 13:02:43 - [MESSAGE][PASSED] - Text 'hcmus-cdnc@gmail.com' is set on object 'Object Repository/1612893/45_Edit_TeamDescription/Page_Mattermost/input_All team communication in one place s_703ef5'

2020-06-05 13:02:43 - [TEST_STEP][PASSED] - setEncryptedText(findTestObject("Object Repository/1612893/45_Edit_TeamDescription/Page_Mattermost/input_Please enter your password_password"), "aeHFOx8jV/A="): Text ****** has been set on object 'Object Repository/1612893/45_Edit_TeamDescription/Page_Mattermost/input_Please enter your password_password'

2020-06-05 13:02:44 - [MESSAGE][PASSED] - Text ****** has been set on object 'Object Repository/1612893/45_Edit_TeamDescription/Page_Mattermost/input_Please enter your password_password'

2020-06-05 13:02:44 - [TEST_STEP][PASSED] - sendKeys(findTestObject("Object Repository/1612893/45_Edit_TeamDescription/Page_Mattermost/input_Please enter your password_password"), Keys.chord(ENTER)): Keys 'ENTER + ' sent to object: 'Object Repository/1612893/45_Edit_TeamDescription/Page_Mattermost/input_Please enter your password_password'

2020-06-05 13:02:44 - [MESSAGE][PASSED] - Keys 'ENTER + ' sent to object: 'Object Repository/1612893/45_Edit_TeamDescription/Page_Mattermost/input_Please enter your password_password'

2020-06-05 13:02:44 - [TEST_STEP][PASSED] - click(findTestObject("Object Repository/1612893/45_Edit_TeamDescription/Page_Thanh set Channel name - hcmus-cdnc-te_a699a0/span")): Object: 'Object Repository/1612893/45_Edit_TeamDescription/Page_Thanh set Channel name - hcmus-cdnc-te_a699a0/span' is clicked on

2020-06-05 13:02:48 - [MESSAGE][PASSED] - Object: 'Object Repository/1612893/45_Edit_TeamDescription/Page_Thanh set Channel name - hcmus-cdnc-te_a699a0/span' is clicked on

2020-06-05 13:02:48 - [TEST_STEP][PASSED] - click(findTestObject("Object Repository/1612893/45_Edit_TeamDescription/Page_Thanh set Channel name - hcmus-cdnc-te_a699a0/span_Team Settings")): Object: 'Object Repository/1612893/45_Edit_TeamDescription/Page_Thanh set Channel name - hcmus-cdnc-te_a699a0/span_Team Settings' is clicked on

2020-06-05 13:02:49 - [MESSAGE][PASSED] - Object: 'Object Repository/1612893/45_Edit_TeamDescription/Page_Thanh set Channel name - hcmus-cdnc-te_a699a0/span_Team Settings' is clicked on

2020-06-05 13:02:49 - [TEST_STEP][PASSED] - click(findTestObject("Object Repository/1612893/45_Edit_TeamDescription/Page_Thanh set Channel name - hcmus-cdnc-te_a699a0/span_Edit")): Object: 'Object Repository/1612893/45_Edit_TeamDescription/Page_Thanh set Channel name - hcmus-cdnc-te_a699a0/span_Edit' is clicked on

2020-06-05 13:02:50 - [MESSAGE][PASSED] - Object: 'Object Repository/1612893/45_Edit_TeamDescription/Page_Thanh set Channel name - hcmus-cdnc-te_a699a0/span_Edit' is clicked on

2020-06-05 13:02:50 - [TEST_STEP][PASSED] - setText(findTestObject("Object Repository/1612893/45_Edit_TeamDescription/Page_Thanh set Channel name - hcmus-cdnc-te_a699a0/input_Team Description_teamDescription"), description): Text 'Nhóm thu thập yêu cầu' is set on object 'Object Repository/1612893/45_Edit_TeamDescription/Page_Thanh set Channel name - hcmus-cdnc-te_a699a0/input_Team Description_teamDescription'

2020-06-05 13:02:52 - [MESSAGE][PASSED] - Text 'Nhóm thu thập yêu cầu' is set on object 'Object Repository/1612893/45_Edit_TeamDescription/Page_Thanh set Channel name - hcmus-cdnc-te_a699a0/input_Team Description_teamDescription'

2020-06-05 13:02:52 - [TEST_STEP][PASSED] - click(findTestObject("Object Repository/1612893/45_Edit_TeamDescription/Page_Thanh set Channel name - hcmus-cdnc-te_a699a0/span_Save")): Object: 'Object Repository/1612893/45_Edit_TeamDescription/Page_Thanh set Channel name - hcmus-cdnc-te_a699a0/span_Save' is clicked on

2020-06-05 13:02:52 - [MESSAGE][PASSED] - Object: 'Object Repository/1612893/45_Edit_TeamDescription/Page_Thanh set Channel name - hcmus-cdnc-te_a699a0/span_Save' is clicked on

2020-06-05 13:02:52 - [TEST_STEP][PASSED] - click(findTestObject("Object Repository/1612893/45_Edit_TeamDescription/Page_Thanh set Channel name - hcmus-cdnc-te_a699a0/span_")): Object: 'Object Repository/1612893/45_Edit_TeamDescription/Page_Thanh set Channel name - hcmus-cdnc-te_a699a0/span_' is clicked on

2020-06-05 13:02:53 - [MESSAGE][PASSED] - Object: 'Object Repository/1612893/45_Edit_TeamDescription/Page_Thanh set Channel name - hcmus-cdnc-te_a699a0/span_' is clicked on

2020-06-05 13:02:53 - [TEST_STEP][PASSED] - closeBrowser(): Browser is closed

2020-06-05 13:02:54 - [MESSAGE][PASSED] - Browser is closed]]></system-out>
         <system-err><![CDATA[]]></system-err>
      </testcase>
      <testcase name="Test Cases/1612893/TC_45_Edit_TeamDescription" time="20.189" classname="Test Cases/1612893/TC_45_Edit_TeamDescription" status="PASSED">
         <system-out><![CDATA[2020-06-05 13:02:54 - [TEST_CASE][PASSED] - Test Cases/1612893/TC_45_Edit_TeamDescription: Test Cases/1612893/TC_45_Edit_TeamDescription

2020-06-05 13:02:54 - [TEST_STEP][PASSED] - openBrowser(""): Browser is opened with url: ''

2020-06-05 13:02:54 - [MESSAGE][INFO] - Starting 'Chrome' driver

2020-06-05 13:02:54 - [MESSAGE][INFO] - Action delay is set to 0 milliseconds

2020-06-05 13:02:57 - [MESSAGE][PASSED] - Browser is opened with url: ''

2020-06-05 13:02:57 - [TEST_STEP][PASSED] - navigateToUrl("http://localhost:8065/hcmus-cdnc-team/channels/town-square"): Navigate to 'http://localhost:8065/hcmus-cdnc-team/channels/town-square' successfully

2020-06-05 13:02:59 - [MESSAGE][PASSED] - Navigate to 'http://localhost:8065/hcmus-cdnc-team/channels/town-square' successfully

2020-06-05 13:02:59 - [TEST_STEP][PASSED] - setText(findTestObject("Object Repository/1612893/45_Edit_TeamDescription/Page_Mattermost/input_All team communication in one place s_703ef5"), "hcmus-cdnc@gmail.com"): Text 'hcmus-cdnc@gmail.com' is set on object 'Object Repository/1612893/45_Edit_TeamDescription/Page_Mattermost/input_All team communication in one place s_703ef5'

2020-06-05 13:03:02 - [MESSAGE][PASSED] - Text 'hcmus-cdnc@gmail.com' is set on object 'Object Repository/1612893/45_Edit_TeamDescription/Page_Mattermost/input_All team communication in one place s_703ef5'

2020-06-05 13:03:02 - [TEST_STEP][PASSED] - setEncryptedText(findTestObject("Object Repository/1612893/45_Edit_TeamDescription/Page_Mattermost/input_Please enter your password_password"), "aeHFOx8jV/A="): Text ****** has been set on object 'Object Repository/1612893/45_Edit_TeamDescription/Page_Mattermost/input_Please enter your password_password'

2020-06-05 13:03:03 - [MESSAGE][PASSED] - Text ****** has been set on object 'Object Repository/1612893/45_Edit_TeamDescription/Page_Mattermost/input_Please enter your password_password'

2020-06-05 13:03:03 - [TEST_STEP][PASSED] - sendKeys(findTestObject("Object Repository/1612893/45_Edit_TeamDescription/Page_Mattermost/input_Please enter your password_password"), Keys.chord(ENTER)): Keys 'ENTER + ' sent to object: 'Object Repository/1612893/45_Edit_TeamDescription/Page_Mattermost/input_Please enter your password_password'

2020-06-05 13:03:03 - [MESSAGE][PASSED] - Keys 'ENTER + ' sent to object: 'Object Repository/1612893/45_Edit_TeamDescription/Page_Mattermost/input_Please enter your password_password'

2020-06-05 13:03:03 - [TEST_STEP][PASSED] - click(findTestObject("Object Repository/1612893/45_Edit_TeamDescription/Page_Thanh set Channel name - hcmus-cdnc-te_a699a0/span")): Object: 'Object Repository/1612893/45_Edit_TeamDescription/Page_Thanh set Channel name - hcmus-cdnc-te_a699a0/span' is clicked on

2020-06-05 13:03:09 - [MESSAGE][PASSED] - Object: 'Object Repository/1612893/45_Edit_TeamDescription/Page_Thanh set Channel name - hcmus-cdnc-te_a699a0/span' is clicked on

2020-06-05 13:03:09 - [TEST_STEP][PASSED] - click(findTestObject("Object Repository/1612893/45_Edit_TeamDescription/Page_Thanh set Channel name - hcmus-cdnc-te_a699a0/span_Team Settings")): Object: 'Object Repository/1612893/45_Edit_TeamDescription/Page_Thanh set Channel name - hcmus-cdnc-te_a699a0/span_Team Settings' is clicked on

2020-06-05 13:03:10 - [MESSAGE][PASSED] - Object: 'Object Repository/1612893/45_Edit_TeamDescription/Page_Thanh set Channel name - hcmus-cdnc-te_a699a0/span_Team Settings' is clicked on

2020-06-05 13:03:10 - [TEST_STEP][PASSED] - click(findTestObject("Object Repository/1612893/45_Edit_TeamDescription/Page_Thanh set Channel name - hcmus-cdnc-te_a699a0/span_Edit")): Object: 'Object Repository/1612893/45_Edit_TeamDescription/Page_Thanh set Channel name - hcmus-cdnc-te_a699a0/span_Edit' is clicked on

2020-06-05 13:03:10 - [MESSAGE][PASSED] - Object: 'Object Repository/1612893/45_Edit_TeamDescription/Page_Thanh set Channel name - hcmus-cdnc-te_a699a0/span_Edit' is clicked on

2020-06-05 13:03:10 - [TEST_STEP][PASSED] - setText(findTestObject("Object Repository/1612893/45_Edit_TeamDescription/Page_Thanh set Channel name - hcmus-cdnc-te_a699a0/input_Team Description_teamDescription"), description): Text 'Nhóm đảm bảo chất lượng' is set on object 'Object Repository/1612893/45_Edit_TeamDescription/Page_Thanh set Channel name - hcmus-cdnc-te_a699a0/input_Team Description_teamDescription'

2020-06-05 13:03:12 - [MESSAGE][PASSED] - Text 'Nhóm đảm bảo chất lượng' is set on object 'Object Repository/1612893/45_Edit_TeamDescription/Page_Thanh set Channel name - hcmus-cdnc-te_a699a0/input_Team Description_teamDescription'

2020-06-05 13:03:12 - [TEST_STEP][PASSED] - click(findTestObject("Object Repository/1612893/45_Edit_TeamDescription/Page_Thanh set Channel name - hcmus-cdnc-te_a699a0/span_Save")): Object: 'Object Repository/1612893/45_Edit_TeamDescription/Page_Thanh set Channel name - hcmus-cdnc-te_a699a0/span_Save' is clicked on

2020-06-05 13:03:12 - [MESSAGE][PASSED] - Object: 'Object Repository/1612893/45_Edit_TeamDescription/Page_Thanh set Channel name - hcmus-cdnc-te_a699a0/span_Save' is clicked on

2020-06-05 13:03:12 - [TEST_STEP][PASSED] - click(findTestObject("Object Repository/1612893/45_Edit_TeamDescription/Page_Thanh set Channel name - hcmus-cdnc-te_a699a0/span_")): Object: 'Object Repository/1612893/45_Edit_TeamDescription/Page_Thanh set Channel name - hcmus-cdnc-te_a699a0/span_' is clicked on

2020-06-05 13:03:13 - [MESSAGE][PASSED] - Object: 'Object Repository/1612893/45_Edit_TeamDescription/Page_Thanh set Channel name - hcmus-cdnc-te_a699a0/span_' is clicked on

2020-06-05 13:03:13 - [TEST_STEP][PASSED] - closeBrowser(): Browser is closed

2020-06-05 13:03:14 - [MESSAGE][PASSED] - Browser is closed]]></system-out>
         <system-err><![CDATA[]]></system-err>
      </testcase>
      <testcase name="Test Cases/1612893/TC_46_ViewMember" time="16.982" classname="Test Cases/1612893/TC_46_ViewMember" status="PASSED">
         <system-out><![CDATA[2020-06-05 13:03:14 - [TEST_CASE][PASSED] - Test Cases/1612893/TC_46_ViewMember: Test Cases/1612893/TC_46_ViewMember

2020-06-05 13:03:14 - [TEST_STEP][PASSED] - callTestCase(findTestCase("1612893/TC_Login"), ["username":"hcmus-cdnc@gmail.com", "password":"aeHFOx8jV/A="], STOP_ON_FAILURE): Call Test Case 'Test Cases/1612893/TC_Login' successfully

2020-06-05 13:03:14 - [TEST_CASE][PASSED] - Test Cases/1612893/TC_Login: Test Cases/1612893/TC_Login

2020-06-05 13:03:14 - [TEST_STEP][PASSED] - openBrowser(""): Browser is opened with url: ''

2020-06-05 13:03:15 - [MESSAGE][INFO] - Starting 'Chrome' driver

2020-06-05 13:03:15 - [MESSAGE][INFO] - Action delay is set to 0 milliseconds

2020-06-05 13:03:18 - [MESSAGE][PASSED] - Browser is opened with url: ''

2020-06-05 13:03:18 - [TEST_STEP][PASSED] - navigateToUrl("http://localhost:8065/login"): Navigate to 'http://localhost:8065/login' successfully

2020-06-05 13:03:20 - [MESSAGE][PASSED] - Navigate to 'http://localhost:8065/login' successfully

2020-06-05 13:03:20 - [TEST_STEP][PASSED] - setText(findTestObject("Object Repository/1612427/01_Login/Page_Mattermost/input_All team communication in one place s_703ef5"), "hcmus-cdnc@gmail.com"): Text 'hcmus-cdnc@gmail.com' is set on object 'Object Repository/1612427/01_Login/Page_Mattermost/input_All team communication in one place s_703ef5'

2020-06-05 13:03:22 - [MESSAGE][PASSED] - Text 'hcmus-cdnc@gmail.com' is set on object 'Object Repository/1612427/01_Login/Page_Mattermost/input_All team communication in one place s_703ef5'

2020-06-05 13:03:22 - [TEST_STEP][PASSED] - setEncryptedText(findTestObject("Object Repository/1612427/01_Login/Page_Mattermost/input_All team communication in one place s_2f2733"), "aeHFOx8jV/A="): Text ****** has been set on object 'Object Repository/1612427/01_Login/Page_Mattermost/input_All team communication in one place s_2f2733'

2020-06-05 13:03:23 - [MESSAGE][PASSED] - Text ****** has been set on object 'Object Repository/1612427/01_Login/Page_Mattermost/input_All team communication in one place s_2f2733'

2020-06-05 13:03:23 - [TEST_STEP][PASSED] - click(findTestObject("Object Repository/1612427/01_Login/Page_Mattermost/span_Sign in")): Object: 'Object Repository/1612427/01_Login/Page_Mattermost/span_Sign in' is clicked on

2020-06-05 13:03:24 - [MESSAGE][PASSED] - Object: 'Object Repository/1612427/01_Login/Page_Mattermost/span_Sign in' is clicked on

2020-06-05 13:03:24 - [MESSAGE][PASSED] - Call Test Case 'Test Cases/1612893/TC_Login' successfully

2020-06-05 13:03:24 - [TEST_STEP][PASSED] - callTestCase(findTestCase("1612893/TC_ViewMember"), [:], STOP_ON_FAILURE): Call Test Case 'Test Cases/1612893/TC_ViewMember' successfully

2020-06-05 13:03:24 - [TEST_CASE][PASSED] - Test Cases/1612893/TC_ViewMember: Test Cases/1612893/TC_ViewMember

2020-06-05 13:03:24 - [TEST_STEP][PASSED] - click(findTestObject("Object Repository/1612893/ViewMember/Page_Thanh set Channel name - hcmus-cdnc-te_a699a0/span_Thanh set Channel name_channelHeaderDr_8caf36")): Object: 'Object Repository/1612893/ViewMember/Page_Thanh set Channel name - hcmus-cdnc-te_a699a0/span_Thanh set Channel name_channelHeaderDr_8caf36' is clicked on

2020-06-05 13:03:27 - [MESSAGE][PASSED] - Object: 'Object Repository/1612893/ViewMember/Page_Thanh set Channel name - hcmus-cdnc-te_a699a0/span_Thanh set Channel name_channelHeaderDr_8caf36' is clicked on

2020-06-05 13:03:27 - [TEST_STEP][PASSED] - click(findTestObject("Object Repository/1612893/ViewMember/Page_Thanh set Channel name - hcmus-cdnc-te_a699a0/span_View Members")): Object: 'Object Repository/1612893/ViewMember/Page_Thanh set Channel name - hcmus-cdnc-te_a699a0/span_View Members' is clicked on

2020-06-05 13:03:28 - [MESSAGE][PASSED] - Object: 'Object Repository/1612893/ViewMember/Page_Thanh set Channel name - hcmus-cdnc-te_a699a0/span_View Members' is clicked on

2020-06-05 13:03:28 - [TEST_STEP][PASSED] - click(findTestObject("Object Repository/1612893/ViewMember/Page_Thanh set Channel name - hcmus-cdnc-te_a699a0/span_")): Object: 'Object Repository/1612893/ViewMember/Page_Thanh set Channel name - hcmus-cdnc-te_a699a0/span_' is clicked on

2020-06-05 13:03:30 - [MESSAGE][PASSED] - Object: 'Object Repository/1612893/ViewMember/Page_Thanh set Channel name - hcmus-cdnc-te_a699a0/span_' is clicked on

2020-06-05 13:03:30 - [TEST_STEP][PASSED] - closeBrowser(): Browser is closed

2020-06-05 13:03:31 - [MESSAGE][PASSED] - Browser is closed

2020-06-05 13:03:31 - [MESSAGE][PASSED] - Call Test Case 'Test Cases/1612893/TC_ViewMember' successfully]]></system-out>
         <system-err><![CDATA[]]></system-err>
      </testcase>
      <testcase name="Test Cases/1612893/TC_47_FlaggedPost" time="14.184" classname="Test Cases/1612893/TC_47_FlaggedPost" status="PASSED">
         <system-out><![CDATA[2020-06-05 13:03:31 - [TEST_CASE][PASSED] - Test Cases/1612893/TC_47_FlaggedPost: Test Cases/1612893/TC_47_FlaggedPost

2020-06-05 13:03:31 - [TEST_STEP][PASSED] - callTestCase(findTestCase("1612893/TC_Login"), ["username":"hcmus-cdnc@gmail.com", "password":"aeHFOx8jV/A="], STOP_ON_FAILURE): Call Test Case 'Test Cases/1612893/TC_Login' successfully

2020-06-05 13:03:31 - [TEST_CASE][PASSED] - Test Cases/1612893/TC_Login: Test Cases/1612893/TC_Login

2020-06-05 13:03:31 - [TEST_STEP][PASSED] - openBrowser(""): Browser is opened with url: ''

2020-06-05 13:03:31 - [MESSAGE][INFO] - Starting 'Chrome' driver

2020-06-05 13:03:31 - [MESSAGE][INFO] - Action delay is set to 0 milliseconds

2020-06-05 13:03:35 - [MESSAGE][PASSED] - Browser is opened with url: ''

2020-06-05 13:03:35 - [TEST_STEP][PASSED] - navigateToUrl("http://localhost:8065/login"): Navigate to 'http://localhost:8065/login' successfully

2020-06-05 13:03:36 - [MESSAGE][PASSED] - Navigate to 'http://localhost:8065/login' successfully

2020-06-05 13:03:36 - [TEST_STEP][PASSED] - setText(findTestObject("Object Repository/1612427/01_Login/Page_Mattermost/input_All team communication in one place s_703ef5"), "hcmus-cdnc@gmail.com"): Text 'hcmus-cdnc@gmail.com' is set on object 'Object Repository/1612427/01_Login/Page_Mattermost/input_All team communication in one place s_703ef5'

2020-06-05 13:03:38 - [MESSAGE][PASSED] - Text 'hcmus-cdnc@gmail.com' is set on object 'Object Repository/1612427/01_Login/Page_Mattermost/input_All team communication in one place s_703ef5'

2020-06-05 13:03:38 - [TEST_STEP][PASSED] - setEncryptedText(findTestObject("Object Repository/1612427/01_Login/Page_Mattermost/input_All team communication in one place s_2f2733"), "aeHFOx8jV/A="): Text ****** has been set on object 'Object Repository/1612427/01_Login/Page_Mattermost/input_All team communication in one place s_2f2733'

2020-06-05 13:03:39 - [MESSAGE][PASSED] - Text ****** has been set on object 'Object Repository/1612427/01_Login/Page_Mattermost/input_All team communication in one place s_2f2733'

2020-06-05 13:03:39 - [TEST_STEP][PASSED] - click(findTestObject("Object Repository/1612427/01_Login/Page_Mattermost/span_Sign in")): Object: 'Object Repository/1612427/01_Login/Page_Mattermost/span_Sign in' is clicked on

2020-06-05 13:03:39 - [MESSAGE][PASSED] - Object: 'Object Repository/1612427/01_Login/Page_Mattermost/span_Sign in' is clicked on

2020-06-05 13:03:39 - [MESSAGE][PASSED] - Call Test Case 'Test Cases/1612893/TC_Login' successfully

2020-06-05 13:03:39 - [TEST_STEP][PASSED] - callTestCase(findTestCase("1612893/TC_Flagged_Post"), [:], STOP_ON_FAILURE): Call Test Case 'Test Cases/1612893/TC_Flagged_Post' successfully

2020-06-05 13:03:40 - [TEST_CASE][PASSED] - Test Cases/1612893/TC_Flagged_Post: Test Cases/1612893/TC_Flagged_Post

2020-06-05 13:03:40 - [TEST_STEP][PASSED] - click(findTestObject("Object Repository/1612893/Flagged_Post/Page_Thanh set Channel name - hcmus-cdnc-te_a699a0/button_dash_channelHeaderFlagButton")): Object: 'Object Repository/1612893/Flagged_Post/Page_Thanh set Channel name - hcmus-cdnc-te_a699a0/button_dash_channelHeaderFlagButton' is clicked on

2020-06-05 13:03:44 - [MESSAGE][PASSED] - Object: 'Object Repository/1612893/Flagged_Post/Page_Thanh set Channel name - hcmus-cdnc-te_a699a0/button_dash_channelHeaderFlagButton' is clicked on

2020-06-05 13:03:44 - [TEST_STEP][PASSED] - closeBrowser(): Browser is closed

2020-06-05 13:03:45 - [MESSAGE][PASSED] - Browser is closed

2020-06-05 13:03:45 - [MESSAGE][PASSED] - Call Test Case 'Test Cases/1612893/TC_Flagged_Post' successfully]]></system-out>
         <system-err><![CDATA[]]></system-err>
      </testcase>
      <testcase name="Test Cases/1612893/TC_48_ViewInfo" time="14.655" classname="Test Cases/1612893/TC_48_ViewInfo" status="PASSED">
         <system-out><![CDATA[2020-06-05 13:03:45 - [TEST_CASE][PASSED] - Test Cases/1612893/TC_48_ViewInfo: Test Cases/1612893/TC_48_ViewInfo

2020-06-05 13:03:45 - [TEST_STEP][PASSED] - callTestCase(findTestCase("1612893/TC_Login"), ["username":"hcmus-cdnc@gmail.com", "password":"aeHFOx8jV/A="], STOP_ON_FAILURE): Call Test Case 'Test Cases/1612893/TC_Login' successfully

2020-06-05 13:03:45 - [TEST_CASE][PASSED] - Test Cases/1612893/TC_Login: Test Cases/1612893/TC_Login

2020-06-05 13:03:45 - [TEST_STEP][PASSED] - openBrowser(""): Browser is opened with url: ''

2020-06-05 13:03:45 - [MESSAGE][INFO] - Starting 'Chrome' driver

2020-06-05 13:03:45 - [MESSAGE][INFO] - Action delay is set to 0 milliseconds

2020-06-05 13:03:49 - [MESSAGE][PASSED] - Browser is opened with url: ''

2020-06-05 13:03:49 - [TEST_STEP][PASSED] - navigateToUrl("http://localhost:8065/login"): Navigate to 'http://localhost:8065/login' successfully

2020-06-05 13:03:50 - [MESSAGE][PASSED] - Navigate to 'http://localhost:8065/login' successfully

2020-06-05 13:03:50 - [TEST_STEP][PASSED] - setText(findTestObject("Object Repository/1612427/01_Login/Page_Mattermost/input_All team communication in one place s_703ef5"), "hcmus-cdnc@gmail.com"): Text 'hcmus-cdnc@gmail.com' is set on object 'Object Repository/1612427/01_Login/Page_Mattermost/input_All team communication in one place s_703ef5'

2020-06-05 13:03:52 - [MESSAGE][PASSED] - Text 'hcmus-cdnc@gmail.com' is set on object 'Object Repository/1612427/01_Login/Page_Mattermost/input_All team communication in one place s_703ef5'

2020-06-05 13:03:52 - [TEST_STEP][PASSED] - setEncryptedText(findTestObject("Object Repository/1612427/01_Login/Page_Mattermost/input_All team communication in one place s_2f2733"), "aeHFOx8jV/A="): Text ****** has been set on object 'Object Repository/1612427/01_Login/Page_Mattermost/input_All team communication in one place s_2f2733'

2020-06-05 13:03:53 - [MESSAGE][PASSED] - Text ****** has been set on object 'Object Repository/1612427/01_Login/Page_Mattermost/input_All team communication in one place s_2f2733'

2020-06-05 13:03:53 - [TEST_STEP][PASSED] - click(findTestObject("Object Repository/1612427/01_Login/Page_Mattermost/span_Sign in")): Object: 'Object Repository/1612427/01_Login/Page_Mattermost/span_Sign in' is clicked on

2020-06-05 13:03:53 - [MESSAGE][PASSED] - Object: 'Object Repository/1612427/01_Login/Page_Mattermost/span_Sign in' is clicked on

2020-06-05 13:03:53 - [MESSAGE][PASSED] - Call Test Case 'Test Cases/1612893/TC_Login' successfully

2020-06-05 13:03:53 - [TEST_STEP][PASSED] - callTestCase(findTestCase("1612893/TC_ViewInfo"), [:], STOP_ON_FAILURE): Call Test Case 'Test Cases/1612893/TC_ViewInfo' successfully

2020-06-05 13:03:53 - [TEST_CASE][PASSED] - Test Cases/1612893/TC_ViewInfo: Test Cases/1612893/TC_ViewInfo

2020-06-05 13:03:54 - [TEST_STEP][PASSED] - click(findTestObject("1612893/ViewInfo/Page_Thanh set Channel name - hcmus-cdnc-te_a699a0/span_Thanh set Channel name_channelHeaderDr_8caf36")): Object: 'Object Repository/1612893/ViewInfo/Page_Thanh set Channel name - hcmus-cdnc-te_a699a0/span_Thanh set Channel name_channelHeaderDr_8caf36' is clicked on

2020-06-05 13:03:57 - [MESSAGE][PASSED] - Object: 'Object Repository/1612893/ViewInfo/Page_Thanh set Channel name - hcmus-cdnc-te_a699a0/span_Thanh set Channel name_channelHeaderDr_8caf36' is clicked on

2020-06-05 13:03:57 - [TEST_STEP][PASSED] - click(findTestObject("1612893/ViewInfo/Page_Thanh set Channel name - hcmus-cdnc-te_a699a0/span_View Info")): Object: 'Object Repository/1612893/ViewInfo/Page_Thanh set Channel name - hcmus-cdnc-te_a699a0/span_View Info' is clicked on

2020-06-05 13:03:58 - [MESSAGE][PASSED] - Object: 'Object Repository/1612893/ViewInfo/Page_Thanh set Channel name - hcmus-cdnc-te_a699a0/span_View Info' is clicked on

2020-06-05 13:03:58 - [TEST_STEP][PASSED] - click(findTestObject("1612893/ViewInfo/Page_Thanh set Channel name - hcmus-cdnc-te_a699a0/span_")): Object: 'Object Repository/1612893/ViewInfo/Page_Thanh set Channel name - hcmus-cdnc-te_a699a0/span_' is clicked on

2020-06-05 13:03:58 - [MESSAGE][PASSED] - Object: 'Object Repository/1612893/ViewInfo/Page_Thanh set Channel name - hcmus-cdnc-te_a699a0/span_' is clicked on

2020-06-05 13:03:58 - [TEST_STEP][PASSED] - closeBrowser(): Browser is closed

2020-06-05 13:04:00 - [MESSAGE][PASSED] - Browser is closed

2020-06-05 13:04:00 - [MESSAGE][PASSED] - Call Test Case 'Test Cases/1612893/TC_ViewInfo' successfully]]></system-out>
         <system-err><![CDATA[]]></system-err>
      </testcase>
      <testcase name="Test Cases/1612893/TC_49_PinPost" time="14.181" classname="Test Cases/1612893/TC_49_PinPost" status="PASSED">
         <system-out><![CDATA[2020-06-05 13:04:00 - [TEST_CASE][PASSED] - Test Cases/1612893/TC_49_PinPost: Test Cases/1612893/TC_49_PinPost

2020-06-05 13:04:00 - [TEST_STEP][PASSED] - callTestCase(findTestCase("1612893/TC_Login"), ["username":"hcmus-cdnc@gmail.com", "password":"aeHFOx8jV/A="], STOP_ON_FAILURE): Call Test Case 'Test Cases/1612893/TC_Login' successfully

2020-06-05 13:04:00 - [TEST_CASE][PASSED] - Test Cases/1612893/TC_Login: Test Cases/1612893/TC_Login

2020-06-05 13:04:00 - [TEST_STEP][PASSED] - openBrowser(""): Browser is opened with url: ''

2020-06-05 13:04:00 - [MESSAGE][INFO] - Starting 'Chrome' driver

2020-06-05 13:04:00 - [MESSAGE][INFO] - Action delay is set to 0 milliseconds

2020-06-05 13:04:04 - [MESSAGE][PASSED] - Browser is opened with url: ''

2020-06-05 13:04:04 - [TEST_STEP][PASSED] - navigateToUrl("http://localhost:8065/login"): Navigate to 'http://localhost:8065/login' successfully

2020-06-05 13:04:05 - [MESSAGE][PASSED] - Navigate to 'http://localhost:8065/login' successfully

2020-06-05 13:04:05 - [TEST_STEP][PASSED] - setText(findTestObject("Object Repository/1612427/01_Login/Page_Mattermost/input_All team communication in one place s_703ef5"), "hcmus-cdnc@gmail.com"): Text 'hcmus-cdnc@gmail.com' is set on object 'Object Repository/1612427/01_Login/Page_Mattermost/input_All team communication in one place s_703ef5'

2020-06-05 13:04:07 - [MESSAGE][PASSED] - Text 'hcmus-cdnc@gmail.com' is set on object 'Object Repository/1612427/01_Login/Page_Mattermost/input_All team communication in one place s_703ef5'

2020-06-05 13:04:07 - [TEST_STEP][PASSED] - setEncryptedText(findTestObject("Object Repository/1612427/01_Login/Page_Mattermost/input_All team communication in one place s_2f2733"), "aeHFOx8jV/A="): Text ****** has been set on object 'Object Repository/1612427/01_Login/Page_Mattermost/input_All team communication in one place s_2f2733'

2020-06-05 13:04:08 - [MESSAGE][PASSED] - Text ****** has been set on object 'Object Repository/1612427/01_Login/Page_Mattermost/input_All team communication in one place s_2f2733'

2020-06-05 13:04:08 - [TEST_STEP][PASSED] - click(findTestObject("Object Repository/1612427/01_Login/Page_Mattermost/span_Sign in")): Object: 'Object Repository/1612427/01_Login/Page_Mattermost/span_Sign in' is clicked on

2020-06-05 13:04:08 - [MESSAGE][PASSED] - Object: 'Object Repository/1612427/01_Login/Page_Mattermost/span_Sign in' is clicked on

2020-06-05 13:04:08 - [MESSAGE][PASSED] - Call Test Case 'Test Cases/1612893/TC_Login' successfully

2020-06-05 13:04:08 - [TEST_STEP][PASSED] - callTestCase(findTestCase("1612893/TC_PinPost"), [:], STOP_ON_FAILURE): Call Test Case 'Test Cases/1612893/TC_PinPost' successfully

2020-06-05 13:04:08 - [TEST_CASE][PASSED] - Test Cases/1612893/TC_PinPost: Test Cases/1612893/TC_PinPost

2020-06-05 13:04:09 - [TEST_STEP][PASSED] - click(findTestObject("Object Repository/1612893/PinPost/Page_Thanh set Channel name - hcmus-cdnc-te_a699a0/button_Thanh set Channel name_channelHeader_632246")): Object: 'Object Repository/1612893/PinPost/Page_Thanh set Channel name - hcmus-cdnc-te_a699a0/button_Thanh set Channel name_channelHeader_632246' is clicked on

2020-06-05 13:04:13 - [MESSAGE][PASSED] - Object: 'Object Repository/1612893/PinPost/Page_Thanh set Channel name - hcmus-cdnc-te_a699a0/button_Thanh set Channel name_channelHeader_632246' is clicked on

2020-06-05 13:04:13 - [TEST_STEP][PASSED] - closeBrowser(): Browser is closed

2020-06-05 13:04:14 - [MESSAGE][PASSED] - Browser is closed

2020-06-05 13:04:14 - [MESSAGE][PASSED] - Call Test Case 'Test Cases/1612893/TC_PinPost' successfully]]></system-out>
         <system-err><![CDATA[]]></system-err>
      </testcase>
      <testcase name="Test Cases/1612893/TC_50_AddToFavorite" time="12.927" classname="Test Cases/1612893/TC_50_AddToFavorite" status="PASSED">
         <system-out><![CDATA[2020-06-05 13:04:14 - [TEST_CASE][PASSED] - Test Cases/1612893/TC_50_AddToFavorite: Test Cases/1612893/TC_50_AddToFavorite

2020-06-05 13:04:14 - [TEST_STEP][PASSED] - callTestCase(findTestCase("1612893/TC_Login"), ["username":"hcmus-cdnc@gmail.com", "password":"aeHFOx8jV/A="], STOP_ON_FAILURE): Call Test Case 'Test Cases/1612893/TC_Login' successfully

2020-06-05 13:04:14 - [TEST_CASE][PASSED] - Test Cases/1612893/TC_Login: Test Cases/1612893/TC_Login

2020-06-05 13:04:14 - [TEST_STEP][PASSED] - openBrowser(""): Browser is opened with url: ''

2020-06-05 13:04:14 - [MESSAGE][INFO] - Starting 'Chrome' driver

2020-06-05 13:04:14 - [MESSAGE][INFO] - Action delay is set to 0 milliseconds

2020-06-05 13:04:18 - [MESSAGE][PASSED] - Browser is opened with url: ''

2020-06-05 13:04:18 - [TEST_STEP][PASSED] - navigateToUrl("http://localhost:8065/login"): Navigate to 'http://localhost:8065/login' successfully

2020-06-05 13:04:19 - [MESSAGE][PASSED] - Navigate to 'http://localhost:8065/login' successfully

2020-06-05 13:04:19 - [TEST_STEP][PASSED] - setText(findTestObject("Object Repository/1612427/01_Login/Page_Mattermost/input_All team communication in one place s_703ef5"), "hcmus-cdnc@gmail.com"): Text 'hcmus-cdnc@gmail.com' is set on object 'Object Repository/1612427/01_Login/Page_Mattermost/input_All team communication in one place s_703ef5'

2020-06-05 13:04:21 - [MESSAGE][PASSED] - Text 'hcmus-cdnc@gmail.com' is set on object 'Object Repository/1612427/01_Login/Page_Mattermost/input_All team communication in one place s_703ef5'

2020-06-05 13:04:21 - [TEST_STEP][PASSED] - setEncryptedText(findTestObject("Object Repository/1612427/01_Login/Page_Mattermost/input_All team communication in one place s_2f2733"), "aeHFOx8jV/A="): Text ****** has been set on object 'Object Repository/1612427/01_Login/Page_Mattermost/input_All team communication in one place s_2f2733'

2020-06-05 13:04:22 - [MESSAGE][PASSED] - Text ****** has been set on object 'Object Repository/1612427/01_Login/Page_Mattermost/input_All team communication in one place s_2f2733'

2020-06-05 13:04:22 - [TEST_STEP][PASSED] - click(findTestObject("Object Repository/1612427/01_Login/Page_Mattermost/span_Sign in")): Object: 'Object Repository/1612427/01_Login/Page_Mattermost/span_Sign in' is clicked on

2020-06-05 13:04:22 - [MESSAGE][PASSED] - Object: 'Object Repository/1612427/01_Login/Page_Mattermost/span_Sign in' is clicked on

2020-06-05 13:04:22 - [MESSAGE][PASSED] - Call Test Case 'Test Cases/1612893/TC_Login' successfully

2020-06-05 13:04:22 - [TEST_STEP][PASSED] - callTestCase(findTestCase("1612893/TC_AddToFavorite"), [:], STOP_ON_FAILURE): Call Test Case 'Test Cases/1612893/TC_AddToFavorite' successfully

2020-06-05 13:04:23 - [TEST_CASE][PASSED] - Test Cases/1612893/TC_AddToFavorite: Test Cases/1612893/TC_AddToFavorite

2020-06-05 13:04:23 - [TEST_STEP][PASSED] - click(findTestObject("Object Repository/1612893/AddToFavorite/Page_Thanh set Channel name - hcmus-cdnc-te_a699a0/i_Drop a file to upload it_icon fa fa-star-o")): Object: 'Object Repository/1612893/AddToFavorite/Page_Thanh set Channel name - hcmus-cdnc-te_a699a0/i_Drop a file to upload it_icon fa fa-star-o' is clicked on

2020-06-05 13:04:26 - [MESSAGE][PASSED] - Object: 'Object Repository/1612893/AddToFavorite/Page_Thanh set Channel name - hcmus-cdnc-te_a699a0/i_Drop a file to upload it_icon fa fa-star-o' is clicked on

2020-06-05 13:04:26 - [TEST_STEP][PASSED] - closeBrowser(): Browser is closed

2020-06-05 13:04:27 - [MESSAGE][PASSED] - Browser is closed

2020-06-05 13:04:27 - [MESSAGE][PASSED] - Call Test Case 'Test Cases/1612893/TC_AddToFavorite' successfully]]></system-out>
         <system-err><![CDATA[]]></system-err>
      </testcase>
      <system-out><![CDATA[2020-06-05 12:38:13 - [TEST_SUITE][FAILED] - Run all test cases: Test Cases/1612427/14_Hide_PinPosts FAILED.
Reason:
com.kms.katalon.core.exception.StepFailedException: Unable to click on object 'Object Repository/1612427/14_Hide_PinPosts/Page_Town Square - minus Mattermost/svg'
	at com.kms.katalon.core.webui.keyword.internal.WebUIKeywordMain.stepFailed(WebUIKeywordMain.groovy:64)
	at com.kms.katalon.core.webui.keyword.internal.WebUIKeywordMain.runKeyword(WebUIKeywordMain.groovy:26)
	at com.kms.katalon.core.webui.keyword.builtin.ClickKeyword.click(ClickKeyword.groovy:76)
	at com.kms.katalon.core.webui.keyword.builtin.ClickKeyword.execute(ClickKeyword.groovy:43)
	at com.kms.katalon.core.keyword.internal.KeywordExecutor.executeKeywordForPlatform(KeywordExecutor.groovy:72)
	at com.kms.katalon.core.webui.keyword.WebUiBuiltInKeywords.click(WebUiBuiltInKeywords.groovy:616)
	at com.kms.katalon.core.webui.keyword.WebUiBuiltInKeywords$click$3.call(Unknown Source)
	at 14_Hide_PinPosts.run(14_Hide_PinPosts:31)
	at com.kms.katalon.core.main.ScriptEngine.run(ScriptEngine.java:194)
	at com.kms.katalon.core.main.ScriptEngine.runScriptAsRawText(ScriptEngine.java:119)
	at com.kms.katalon.core.main.TestCaseExecutor.runScript(TestCaseExecutor.java:337)
	at com.kms.katalon.core.main.TestCaseExecutor.doExecute(TestCaseExecutor.java:328)
	at com.kms.katalon.core.main.TestCaseExecutor.processExecutionPhase(TestCaseExecutor.java:307)
	at com.kms.katalon.core.main.TestCaseExecutor.accessMainPhase(TestCaseExecutor.java:299)
	at com.kms.katalon.core.main.TestCaseExecutor.execute(TestCaseExecutor.java:233)
	at com.kms.katalon.core.main.TestSuiteExecutor.accessTestCaseMainPhase(TestSuiteExecutor.java:169)
	at com.kms.katalon.core.main.TestSuiteExecutor.accessTestSuiteMainPhase(TestSuiteExecutor.java:142)
	at com.kms.katalon.core.main.TestSuiteExecutor.execute(TestSuiteExecutor.java:91)
	at com.kms.katalon.core.main.TestCaseMain.startTestSuite(TestCaseMain.java:157)
	at com.kms.katalon.core.main.TestCaseMain$startTestSuite$0.call(Unknown Source)
	at TempTestSuite1591335489835.run(TempTestSuite1591335489835.groovy:37)
Caused by: com.kms.katalon.core.webui.exception.WebElementNotFoundException: Web element with id: 'Object Repository/1612427/14_Hide_PinPosts/Page_Town Square - minus Mattermost/svg' located by 'By.xpath: (.//*[normalize-space(text()) and normalize-space(.)='(Edit)'])[1]/following::*[name()='svg'][2]' not found
	at com.kms.katalon.core.webui.common.WebUiCommonHelper.findWebElement(WebUiCommonHelper.java:1154)
	at com.kms.katalon.core.webui.keyword.internal.WebUIAbstractKeyword.findWebElement(WebUIAbstractKeyword.groovy:27)
	at com.kms.katalon.core.webui.keyword.internal.WebUIAbstractKeyword.findWebElement(WebUIAbstractKeyword.groovy:26)
	at com.kms.katalon.core.webui.keyword.builtin.ClickKeyword$_click_closure1.doCall(ClickKeyword.groovy:67)
	at com.kms.katalon.core.webui.keyword.builtin.ClickKeyword$_click_closure1.call(ClickKeyword.groovy)
	at com.kms.katalon.core.webui.keyword.internal.WebUIKeywordMain.runKeyword(WebUIKeywordMain.groovy:20)
	... 19 more]]></system-out>
      <system-err><![CDATA[2020-06-05 12:38:13 - [TEST_SUITE][FAILED] - Run all test cases: Test Cases/1612427/14_Hide_PinPosts FAILED.
Reason:
com.kms.katalon.core.exception.StepFailedException: Unable to click on object 'Object Repository/1612427/14_Hide_PinPosts/Page_Town Square - minus Mattermost/svg'
	at com.kms.katalon.core.webui.keyword.internal.WebUIKeywordMain.stepFailed(WebUIKeywordMain.groovy:64)
	at com.kms.katalon.core.webui.keyword.internal.WebUIKeywordMain.runKeyword(WebUIKeywordMain.groovy:26)
	at com.kms.katalon.core.webui.keyword.builtin.ClickKeyword.click(ClickKeyword.groovy:76)
	at com.kms.katalon.core.webui.keyword.builtin.ClickKeyword.execute(ClickKeyword.groovy:43)
	at com.kms.katalon.core.keyword.internal.KeywordExecutor.executeKeywordForPlatform(KeywordExecutor.groovy:72)
	at com.kms.katalon.core.webui.keyword.WebUiBuiltInKeywords.click(WebUiBuiltInKeywords.groovy:616)
	at com.kms.katalon.core.webui.keyword.WebUiBuiltInKeywords$click$3.call(Unknown Source)
	at 14_Hide_PinPosts.run(14_Hide_PinPosts:31)
	at com.kms.katalon.core.main.ScriptEngine.run(ScriptEngine.java:194)
	at com.kms.katalon.core.main.ScriptEngine.runScriptAsRawText(ScriptEngine.java:119)
	at com.kms.katalon.core.main.TestCaseExecutor.runScript(TestCaseExecutor.java:337)
	at com.kms.katalon.core.main.TestCaseExecutor.doExecute(TestCaseExecutor.java:328)
	at com.kms.katalon.core.main.TestCaseExecutor.processExecutionPhase(TestCaseExecutor.java:307)
	at com.kms.katalon.core.main.TestCaseExecutor.accessMainPhase(TestCaseExecutor.java:299)
	at com.kms.katalon.core.main.TestCaseExecutor.execute(TestCaseExecutor.java:233)
	at com.kms.katalon.core.main.TestSuiteExecutor.accessTestCaseMainPhase(TestSuiteExecutor.java:169)
	at com.kms.katalon.core.main.TestSuiteExecutor.accessTestSuiteMainPhase(TestSuiteExecutor.java:142)
	at com.kms.katalon.core.main.TestSuiteExecutor.execute(TestSuiteExecutor.java:91)
	at com.kms.katalon.core.main.TestCaseMain.startTestSuite(TestCaseMain.java:157)
	at com.kms.katalon.core.main.TestCaseMain$startTestSuite$0.call(Unknown Source)
	at TempTestSuite1591335489835.run(TempTestSuite1591335489835.groovy:37)
Caused by: com.kms.katalon.core.webui.exception.WebElementNotFoundException: Web element with id: 'Object Repository/1612427/14_Hide_PinPosts/Page_Town Square - minus Mattermost/svg' located by 'By.xpath: (.//*[normalize-space(text()) and normalize-space(.)='(Edit)'])[1]/following::*[name()='svg'][2]' not found
	at com.kms.katalon.core.webui.common.WebUiCommonHelper.findWebElement(WebUiCommonHelper.java:1154)
	at com.kms.katalon.core.webui.keyword.internal.WebUIAbstractKeyword.findWebElement(WebUIAbstractKeyword.groovy:27)
	at com.kms.katalon.core.webui.keyword.internal.WebUIAbstractKeyword.findWebElement(WebUIAbstractKeyword.groovy:26)
	at com.kms.katalon.core.webui.keyword.builtin.ClickKeyword$_click_closure1.doCall(ClickKeyword.groovy:67)
	at com.kms.katalon.core.webui.keyword.builtin.ClickKeyword$_click_closure1.call(ClickKeyword.groovy)
	at com.kms.katalon.core.webui.keyword.internal.WebUIKeywordMain.runKeyword(WebUIKeywordMain.groovy:20)
	... 19 more]]></system-err>
   </testsuite>
</testsuites>
