<?xml version="1.0" encoding="UTF-8"?>
<testsuites name="Run all test cases" time="4863.611" tests="129" failures="22" errors="0">
   <testsuite name="Run all test cases" tests="129" failures="22" errors="0" time="4863.611" timestamp="2020-06-05 15:54:53" hostname="Thanh - DESKTOP-SGC4F2H.mshome.net" id="Test Suites/Run all test cases">
      <properties>
         <property name="deviceName" value=""/>
         <property name="devicePlatform" value=""/>
         <property name="logFolder" value="C:\\Users\\Thanh\\Desktop\\github.com\\New folder (2)\\homeword02-mattermost-katalon\\Reports\\20200605_155438\\Run all test cases\\20200605_155438"/>
         <property name="logFiles" value="C:\\Users\\Thanh\\Desktop\\github.com\\New folder (2)\\homeword02-mattermost-katalon\\Reports\\20200605_155438\\Run all test cases\\20200605_155438\\execution0.log"/>
         <property name="attachments" value="C:\\Users\\Thanh\\Desktop\\github.com\\New folder (2)\\homeword02-mattermost-katalon\\Reports\\20200605_155438\\Run all test cases\\20200605_155438\\1591347756076.png, C:\\Users\\Thanh\\Desktop\\github.com\\New folder (2)\\homeword02-mattermost-katalon\\Reports\\20200605_155438\\Run all test cases\\20200605_155438\\1591347961450.png, C:\\Users\\Thanh\\Desktop\\github.com\\New folder (2)\\homeword02-mattermost-katalon\\Reports\\20200605_155438\\Run all test cases\\20200605_155438\\1591348042054.png, C:\\Users\\Thanh\\Desktop\\github.com\\New folder (2)\\homeword02-mattermost-katalon\\Reports\\20200605_155438\\Run all test cases\\20200605_155438\\1591348079909.png, C:\\Users\\Thanh\\Desktop\\github.com\\New folder (2)\\homeword02-mattermost-katalon\\Reports\\20200605_155438\\Run all test cases\\20200605_155438\\1591348906557.png, C:\\Users\\Thanh\\Desktop\\github.com\\New folder (2)\\homeword02-mattermost-katalon\\Reports\\20200605_155438\\Run all test cases\\20200605_155438\\1591349030390.png, C:\\Users\\Thanh\\Desktop\\github.com\\New folder (2)\\homeword02-mattermost-katalon\\Reports\\20200605_155438\\Run all test cases\\20200605_155438\\1591350274830.png, C:\\Users\\Thanh\\Desktop\\github.com\\New folder (2)\\homeword02-mattermost-katalon\\Reports\\20200605_155438\\Run all test cases\\20200605_155438\\1591350328703.png, C:\\Users\\Thanh\\Desktop\\github.com\\New folder (2)\\homeword02-mattermost-katalon\\Reports\\20200605_155438\\Run all test cases\\20200605_155438\\1591350408021.png, C:\\Users\\Thanh\\Desktop\\github.com\\New folder (2)\\homeword02-mattermost-katalon\\Reports\\20200605_155438\\Run all test cases\\20200605_155438\\1591350463135.png, C:\\Users\\Thanh\\Desktop\\github.com\\New folder (2)\\homeword02-mattermost-katalon\\Reports\\20200605_155438\\Run all test cases\\20200605_155438\\1591350801687.png, C:\\Users\\Thanh\\Desktop\\github.com\\New folder (2)\\homeword02-mattermost-katalon\\Reports\\20200605_155438\\Run all test cases\\20200605_155438\\1591350858447.png, C:\\Users\\Thanh\\Desktop\\github.com\\New folder (2)\\homeword02-mattermost-katalon\\Reports\\20200605_155438\\Run all test cases\\20200605_155438\\1591350918870.png, C:\\Users\\Thanh\\Desktop\\github.com\\New folder (2)\\homeword02-mattermost-katalon\\Reports\\20200605_155438\\Run all test cases\\20200605_155438\\1591350970775.png, C:\\Users\\Thanh\\Desktop\\github.com\\New folder (2)\\homeword02-mattermost-katalon\\Reports\\20200605_155438\\Run all test cases\\20200605_155438\\1591351552506.png"/>
         <property name="hostName" value="Thanh - DESKTOP-SGC4F2H.mshome.net"/>
         <property name="os" value="Windows 10 64bit"/>
         <property name="katalonVersion" value="7.5.2.1"/>
         <property name="browser" value="Chrome 83.0.4103.97"/>
         <property name="hostAddress" value="172.25.32.1"/>
         <property name="sessionId" value="c928d90967f7b60f74baa6137c251b3b"/>
         <property name="seleniumVersion" value="3.141.59"/>
         <property name="proxyInformation" value="ProxyInformation { proxyOption=NO_PROXY, proxyServerType=HTTP, username=, password=********, proxyServerAddress=, proxyServerPort=0, executionList=\&quot;\&quot;, isApplyToDesiredCapabilities=true }"/>
         <property name="platform" value="Windows 10"/>
      </properties>
      <testcase name="Test Cases/1612427/01_Login" time="69.795" classname="Test Cases/1612427/01_Login" status="PASSED">
         <system-out><![CDATA[2020-06-05 15:54:54 - [TEST_CASE][PASSED] - Test Cases/1612427/01_Login: Test Cases/1612427/01_Login

2020-06-05 15:54:56 - [TEST_STEP][PASSED] - openBrowser(""): Browser is opened with url: ''

2020-06-05 15:54:57 - [MESSAGE][INFO] - Starting 'Chrome' driver

2020-06-05 15:54:58 - [MESSAGE][INFO] - Action delay is set to 0 milliseconds

2020-06-05 15:55:21 - [MESSAGE][PASSED] - Browser is opened with url: ''

2020-06-05 15:55:21 - [TEST_STEP][PASSED] - navigateToUrl("http://localhost:8065/login"): Navigate to 'http://localhost:8065/login' successfully

2020-06-05 15:55:49 - [MESSAGE][PASSED] - Navigate to 'http://localhost:8065/login' successfully

2020-06-05 15:55:49 - [TEST_STEP][PASSED] - setText(findTestObject("Object Repository/1612427/01_Login/Page_Mattermost/input_All team communication in one place s_703ef5"), username): Text 'hcmus-cdnc' is set on object 'Object Repository/1612427/01_Login/Page_Mattermost/input_All team communication in one place s_703ef5'

2020-06-05 15:56:01 - [MESSAGE][PASSED] - Text 'hcmus-cdnc' is set on object 'Object Repository/1612427/01_Login/Page_Mattermost/input_All team communication in one place s_703ef5'

2020-06-05 15:56:01 - [TEST_STEP][PASSED] - setEncryptedText(findTestObject("Object Repository/1612427/01_Login/Page_Mattermost/input_All team communication in one place s_2f2733"), password): Text ****** has been set on object 'Object Repository/1612427/01_Login/Page_Mattermost/input_All team communication in one place s_2f2733'

2020-06-05 15:56:02 - [MESSAGE][PASSED] - Text ****** has been set on object 'Object Repository/1612427/01_Login/Page_Mattermost/input_All team communication in one place s_2f2733'

2020-06-05 15:56:02 - [TEST_STEP][PASSED] - click(findTestObject("Object Repository/1612427/01_Login/Page_Mattermost/span_Sign in")): Object: 'Object Repository/1612427/01_Login/Page_Mattermost/span_Sign in' is clicked on

2020-06-05 15:56:03 - [MESSAGE][PASSED] - Object: 'Object Repository/1612427/01_Login/Page_Mattermost/span_Sign in' is clicked on

2020-06-05 15:56:03 - [TEST_STEP][PASSED] - closeBrowser(): Browser is closed

2020-06-05 15:56:04 - [MESSAGE][PASSED] - Browser is closed]]></system-out>
         <system-err><![CDATA[]]></system-err>
      </testcase>
      <testcase name="Test Cases/1612427/01_Login" time="13.096" classname="Test Cases/1612427/01_Login" status="PASSED">
         <system-out><![CDATA[2020-06-05 15:56:04 - [TEST_CASE][PASSED] - Test Cases/1612427/01_Login: Test Cases/1612427/01_Login

2020-06-05 15:56:04 - [TEST_STEP][PASSED] - openBrowser(""): Browser is opened with url: ''

2020-06-05 15:56:04 - [MESSAGE][INFO] - Starting 'Chrome' driver

2020-06-05 15:56:04 - [MESSAGE][INFO] - Action delay is set to 0 milliseconds

2020-06-05 15:56:08 - [MESSAGE][PASSED] - Browser is opened with url: ''

2020-06-05 15:56:08 - [TEST_STEP][PASSED] - navigateToUrl("http://localhost:8065/login"): Navigate to 'http://localhost:8065/login' successfully

2020-06-05 15:56:10 - [MESSAGE][PASSED] - Navigate to 'http://localhost:8065/login' successfully

2020-06-05 15:56:10 - [TEST_STEP][PASSED] - setText(findTestObject("Object Repository/1612427/01_Login/Page_Mattermost/input_All team communication in one place s_703ef5"), username): Text 'hoangthien' is set on object 'Object Repository/1612427/01_Login/Page_Mattermost/input_All team communication in one place s_703ef5'

2020-06-05 15:56:15 - [MESSAGE][PASSED] - Text 'hoangthien' is set on object 'Object Repository/1612427/01_Login/Page_Mattermost/input_All team communication in one place s_703ef5'

2020-06-05 15:56:15 - [TEST_STEP][PASSED] - setEncryptedText(findTestObject("Object Repository/1612427/01_Login/Page_Mattermost/input_All team communication in one place s_2f2733"), password): Text ****** has been set on object 'Object Repository/1612427/01_Login/Page_Mattermost/input_All team communication in one place s_2f2733'

2020-06-05 15:56:16 - [MESSAGE][PASSED] - Text ****** has been set on object 'Object Repository/1612427/01_Login/Page_Mattermost/input_All team communication in one place s_2f2733'

2020-06-05 15:56:16 - [TEST_STEP][PASSED] - click(findTestObject("Object Repository/1612427/01_Login/Page_Mattermost/span_Sign in")): Object: 'Object Repository/1612427/01_Login/Page_Mattermost/span_Sign in' is clicked on

2020-06-05 15:56:16 - [MESSAGE][PASSED] - Object: 'Object Repository/1612427/01_Login/Page_Mattermost/span_Sign in' is clicked on

2020-06-05 15:56:16 - [TEST_STEP][PASSED] - closeBrowser(): Browser is closed

2020-06-05 15:56:17 - [MESSAGE][PASSED] - Browser is closed]]></system-out>
         <system-err><![CDATA[]]></system-err>
      </testcase>
      <testcase name="Test Cases/1612427/01_Login" time="15.559" classname="Test Cases/1612427/01_Login" status="PASSED">
         <system-out><![CDATA[2020-06-05 15:56:17 - [TEST_CASE][PASSED] - Test Cases/1612427/01_Login: Test Cases/1612427/01_Login

2020-06-05 15:56:17 - [TEST_STEP][PASSED] - openBrowser(""): Browser is opened with url: ''

2020-06-05 15:56:17 - [MESSAGE][INFO] - Starting 'Chrome' driver

2020-06-05 15:56:17 - [MESSAGE][INFO] - Action delay is set to 0 milliseconds

2020-06-05 15:56:21 - [MESSAGE][PASSED] - Browser is opened with url: ''

2020-06-05 15:56:21 - [TEST_STEP][PASSED] - navigateToUrl("http://localhost:8065/login"): Navigate to 'http://localhost:8065/login' successfully

2020-06-05 15:56:24 - [MESSAGE][PASSED] - Navigate to 'http://localhost:8065/login' successfully

2020-06-05 15:56:24 - [TEST_STEP][PASSED] - setText(findTestObject("Object Repository/1612427/01_Login/Page_Mattermost/input_All team communication in one place s_703ef5"), username): Text 'hcmus-cdnc' is set on object 'Object Repository/1612427/01_Login/Page_Mattermost/input_All team communication in one place s_703ef5'

2020-06-05 15:56:28 - [MESSAGE][PASSED] - Text 'hcmus-cdnc' is set on object 'Object Repository/1612427/01_Login/Page_Mattermost/input_All team communication in one place s_703ef5'

2020-06-05 15:56:28 - [TEST_STEP][PASSED] - setEncryptedText(findTestObject("Object Repository/1612427/01_Login/Page_Mattermost/input_All team communication in one place s_2f2733"), password): Text ****** has been set on object 'Object Repository/1612427/01_Login/Page_Mattermost/input_All team communication in one place s_2f2733'

2020-06-05 15:56:29 - [MESSAGE][PASSED] - Text ****** has been set on object 'Object Repository/1612427/01_Login/Page_Mattermost/input_All team communication in one place s_2f2733'

2020-06-05 15:56:29 - [TEST_STEP][PASSED] - click(findTestObject("Object Repository/1612427/01_Login/Page_Mattermost/span_Sign in")): Object: 'Object Repository/1612427/01_Login/Page_Mattermost/span_Sign in' is clicked on

2020-06-05 15:56:32 - [MESSAGE][PASSED] - Object: 'Object Repository/1612427/01_Login/Page_Mattermost/span_Sign in' is clicked on

2020-06-05 15:56:32 - [TEST_STEP][PASSED] - closeBrowser(): Browser is closed

2020-06-05 15:56:33 - [MESSAGE][PASSED] - Browser is closed]]></system-out>
         <system-err><![CDATA[]]></system-err>
      </testcase>
      <testcase name="Test Cases/1612427/01_Login" time="10.923" classname="Test Cases/1612427/01_Login" status="PASSED">
         <system-out><![CDATA[2020-06-05 15:56:33 - [TEST_CASE][PASSED] - Test Cases/1612427/01_Login: Test Cases/1612427/01_Login

2020-06-05 15:56:33 - [TEST_STEP][PASSED] - openBrowser(""): Browser is opened with url: ''

2020-06-05 15:56:33 - [MESSAGE][INFO] - Starting 'Chrome' driver

2020-06-05 15:56:33 - [MESSAGE][INFO] - Action delay is set to 0 milliseconds

2020-06-05 15:56:37 - [MESSAGE][PASSED] - Browser is opened with url: ''

2020-06-05 15:56:37 - [TEST_STEP][PASSED] - navigateToUrl("http://localhost:8065/login"): Navigate to 'http://localhost:8065/login' successfully

2020-06-05 15:56:39 - [MESSAGE][PASSED] - Navigate to 'http://localhost:8065/login' successfully

2020-06-05 15:56:39 - [TEST_STEP][PASSED] - setText(findTestObject("Object Repository/1612427/01_Login/Page_Mattermost/input_All team communication in one place s_703ef5"), username): Text 'ductruyen' is set on object 'Object Repository/1612427/01_Login/Page_Mattermost/input_All team communication in one place s_703ef5'

2020-06-05 15:56:42 - [MESSAGE][PASSED] - Text 'ductruyen' is set on object 'Object Repository/1612427/01_Login/Page_Mattermost/input_All team communication in one place s_703ef5'

2020-06-05 15:56:42 - [TEST_STEP][PASSED] - setEncryptedText(findTestObject("Object Repository/1612427/01_Login/Page_Mattermost/input_All team communication in one place s_2f2733"), password): Text ****** has been set on object 'Object Repository/1612427/01_Login/Page_Mattermost/input_All team communication in one place s_2f2733'

2020-06-05 15:56:42 - [MESSAGE][PASSED] - Text ****** has been set on object 'Object Repository/1612427/01_Login/Page_Mattermost/input_All team communication in one place s_2f2733'

2020-06-05 15:56:42 - [TEST_STEP][PASSED] - click(findTestObject("Object Repository/1612427/01_Login/Page_Mattermost/span_Sign in")): Object: 'Object Repository/1612427/01_Login/Page_Mattermost/span_Sign in' is clicked on

2020-06-05 15:56:43 - [MESSAGE][PASSED] - Object: 'Object Repository/1612427/01_Login/Page_Mattermost/span_Sign in' is clicked on

2020-06-05 15:56:43 - [TEST_STEP][PASSED] - closeBrowser(): Browser is closed

2020-06-05 15:56:44 - [MESSAGE][PASSED] - Browser is closed]]></system-out>
         <system-err><![CDATA[]]></system-err>
      </testcase>
      <testcase name="Test Cases/1612427/01_Login" time="10.531" classname="Test Cases/1612427/01_Login" status="PASSED">
         <system-out><![CDATA[2020-06-05 15:56:44 - [TEST_CASE][PASSED] - Test Cases/1612427/01_Login: Test Cases/1612427/01_Login

2020-06-05 15:56:44 - [TEST_STEP][PASSED] - openBrowser(""): Browser is opened with url: ''

2020-06-05 15:56:44 - [MESSAGE][INFO] - Starting 'Chrome' driver

2020-06-05 15:56:44 - [MESSAGE][INFO] - Action delay is set to 0 milliseconds

2020-06-05 15:56:47 - [MESSAGE][PASSED] - Browser is opened with url: ''

2020-06-05 15:56:47 - [TEST_STEP][PASSED] - navigateToUrl("http://localhost:8065/login"): Navigate to 'http://localhost:8065/login' successfully

2020-06-05 15:56:49 - [MESSAGE][PASSED] - Navigate to 'http://localhost:8065/login' successfully

2020-06-05 15:56:49 - [TEST_STEP][PASSED] - setText(findTestObject("Object Repository/1612427/01_Login/Page_Mattermost/input_All team communication in one place s_703ef5"), username): Text 'hcmus-cdnc' is set on object 'Object Repository/1612427/01_Login/Page_Mattermost/input_All team communication in one place s_703ef5'

2020-06-05 15:56:51 - [MESSAGE][PASSED] - Text 'hcmus-cdnc' is set on object 'Object Repository/1612427/01_Login/Page_Mattermost/input_All team communication in one place s_703ef5'

2020-06-05 15:56:51 - [TEST_STEP][PASSED] - setEncryptedText(findTestObject("Object Repository/1612427/01_Login/Page_Mattermost/input_All team communication in one place s_2f2733"), password): Text ****** has been set on object 'Object Repository/1612427/01_Login/Page_Mattermost/input_All team communication in one place s_2f2733'

2020-06-05 15:56:52 - [MESSAGE][PASSED] - Text ****** has been set on object 'Object Repository/1612427/01_Login/Page_Mattermost/input_All team communication in one place s_2f2733'

2020-06-05 15:56:52 - [TEST_STEP][PASSED] - click(findTestObject("Object Repository/1612427/01_Login/Page_Mattermost/span_Sign in")): Object: 'Object Repository/1612427/01_Login/Page_Mattermost/span_Sign in' is clicked on

2020-06-05 15:56:53 - [MESSAGE][PASSED] - Object: 'Object Repository/1612427/01_Login/Page_Mattermost/span_Sign in' is clicked on

2020-06-05 15:56:53 - [TEST_STEP][PASSED] - closeBrowser(): Browser is closed

2020-06-05 15:56:54 - [MESSAGE][PASSED] - Browser is closed]]></system-out>
         <system-err><![CDATA[]]></system-err>
      </testcase>
      <testcase name="Test Cases/1612427/02_ChangePassword" time="48.988" classname="Test Cases/1612427/02_ChangePassword" status="PASSED">
         <system-out><![CDATA[2020-06-05 15:56:54 - [TEST_CASE][PASSED] - Test Cases/1612427/02_ChangePassword: Test Cases/1612427/02_ChangePassword

2020-06-05 15:56:55 - [TEST_STEP][PASSED] - openBrowser(""): Browser is opened with url: ''

2020-06-05 15:56:55 - [MESSAGE][INFO] - Starting 'Chrome' driver

2020-06-05 15:56:55 - [MESSAGE][INFO] - Action delay is set to 0 milliseconds

2020-06-05 15:56:59 - [MESSAGE][PASSED] - Browser is opened with url: ''

2020-06-05 15:56:59 - [TEST_STEP][PASSED] - navigateToUrl("http://localhost:8065/login"): Navigate to 'http://localhost:8065/login' successfully

2020-06-05 15:57:02 - [MESSAGE][PASSED] - Navigate to 'http://localhost:8065/login' successfully

2020-06-05 15:57:02 - [TEST_STEP][PASSED] - setText(findTestObject("Object Repository/1612427/02_ChangePassword/Page_Mattermost/input_All team communication in one place s_703ef5"), "hcmus-cdnc"): Text 'hcmus-cdnc' is set on object 'Object Repository/1612427/02_ChangePassword/Page_Mattermost/input_All team communication in one place s_703ef5'

2020-06-05 15:57:04 - [MESSAGE][PASSED] - Text 'hcmus-cdnc' is set on object 'Object Repository/1612427/02_ChangePassword/Page_Mattermost/input_All team communication in one place s_703ef5'

2020-06-05 15:57:04 - [TEST_STEP][PASSED] - setEncryptedText(findTestObject("Object Repository/1612427/02_ChangePassword/Page_Mattermost/input_All team communication in one place s_2f2733"), "aeHFOx8jV/A="): Text ****** has been set on object 'Object Repository/1612427/02_ChangePassword/Page_Mattermost/input_All team communication in one place s_2f2733'

2020-06-05 15:57:05 - [MESSAGE][PASSED] - Text ****** has been set on object 'Object Repository/1612427/02_ChangePassword/Page_Mattermost/input_All team communication in one place s_2f2733'

2020-06-05 15:57:05 - [TEST_STEP][PASSED] - click(findTestObject("Object Repository/1612427/02_ChangePassword/Page_Mattermost/span_Sign in")): Object: 'Object Repository/1612427/02_ChangePassword/Page_Mattermost/span_Sign in' is clicked on

2020-06-05 15:57:05 - [MESSAGE][PASSED] - Object: 'Object Repository/1612427/02_ChangePassword/Page_Mattermost/span_Sign in' is clicked on

2020-06-05 15:57:05 - [TEST_STEP][PASSED] - click(findTestObject("Object Repository/1612427/02_ChangePassword/Page_Town Square - minus Mattermost/span")): Object: 'Object Repository/1612427/02_ChangePassword/Page_Town Square - minus Mattermost/span' is clicked on

2020-06-05 15:57:13 - [MESSAGE][PASSED] - Object: 'Object Repository/1612427/02_ChangePassword/Page_Town Square - minus Mattermost/span' is clicked on

2020-06-05 15:57:13 - [TEST_STEP][PASSED] - click(findTestObject("Object Repository/1612427/02_ChangePassword/Page_Town Square - minus Mattermost/span_Account Settings")): Object: 'Object Repository/1612427/02_ChangePassword/Page_Town Square - minus Mattermost/span_Account Settings' is clicked on

2020-06-05 15:57:23 - [MESSAGE][PASSED] - Object: 'Object Repository/1612427/02_ChangePassword/Page_Town Square - minus Mattermost/span_Account Settings' is clicked on

2020-06-05 15:57:23 - [TEST_STEP][PASSED] - click(findTestObject("Object Repository/1612427/02_ChangePassword/Page_Town Square - minus Mattermost/button_Security")): Object: 'Object Repository/1612427/02_ChangePassword/Page_Town Square - minus Mattermost/button_Security' is clicked on

2020-06-05 15:57:24 - [MESSAGE][PASSED] - Object: 'Object Repository/1612427/02_ChangePassword/Page_Town Square - minus Mattermost/button_Security' is clicked on

2020-06-05 15:57:24 - [TEST_STEP][PASSED] - click(findTestObject("Object Repository/1612427/02_ChangePassword/Page_Town Square - minus Mattermost/span_Edit")): Object: 'Object Repository/1612427/02_ChangePassword/Page_Town Square - minus Mattermost/span_Edit' is clicked on

2020-06-05 15:57:24 - [MESSAGE][PASSED] - Object: 'Object Repository/1612427/02_ChangePassword/Page_Town Square - minus Mattermost/span_Edit' is clicked on

2020-06-05 15:57:24 - [TEST_STEP][PASSED] - setEncryptedText(findTestObject("Object Repository/1612427/02_ChangePassword/Page_Town Square - minus Mattermost/input_Current Password_currentPassword"), password): Text ****** has been set on object 'Object Repository/1612427/02_ChangePassword/Page_Town Square - minus Mattermost/input_Current Password_currentPassword'

2020-06-05 15:57:25 - [MESSAGE][PASSED] - Text ****** has been set on object 'Object Repository/1612427/02_ChangePassword/Page_Town Square - minus Mattermost/input_Current Password_currentPassword'

2020-06-05 15:57:25 - [TEST_STEP][PASSED] - setEncryptedText(findTestObject("Object Repository/1612427/02_ChangePassword/Page_Town Square - minus Mattermost/input_New Password_newPassword"), new_password): Text ****** has been set on object 'Object Repository/1612427/02_ChangePassword/Page_Town Square - minus Mattermost/input_New Password_newPassword'

2020-06-05 15:57:27 - [MESSAGE][PASSED] - Text ****** has been set on object 'Object Repository/1612427/02_ChangePassword/Page_Town Square - minus Mattermost/input_New Password_newPassword'

2020-06-05 15:57:27 - [TEST_STEP][PASSED] - setEncryptedText(findTestObject("Object Repository/1612427/02_ChangePassword/Page_Town Square - minus Mattermost/input_Retype New Password_confirmPassword"), confirm_password): Text ****** has been set on object 'Object Repository/1612427/02_ChangePassword/Page_Town Square - minus Mattermost/input_Retype New Password_confirmPassword'

2020-06-05 15:57:27 - [MESSAGE][PASSED] - Text ****** has been set on object 'Object Repository/1612427/02_ChangePassword/Page_Town Square - minus Mattermost/input_Retype New Password_confirmPassword'

2020-06-05 15:57:27 - [TEST_STEP][PASSED] - click(findTestObject("Object Repository/1612427/02_ChangePassword/Page_Town Square - minus Mattermost/span_Save")): Object: 'Object Repository/1612427/02_ChangePassword/Page_Town Square - minus Mattermost/span_Save' is clicked on

2020-06-05 15:57:33 - [MESSAGE][PASSED] - Object: 'Object Repository/1612427/02_ChangePassword/Page_Town Square - minus Mattermost/span_Save' is clicked on

2020-06-05 15:57:33 - [TEST_STEP][PASSED] - closeBrowser(): Browser is closed

2020-06-05 15:57:43 - [MESSAGE][PASSED] - Browser is closed]]></system-out>
         <system-err><![CDATA[]]></system-err>
      </testcase>
      <testcase name="Test Cases/1612427/02_ChangePassword" time="141.129" classname="Test Cases/1612427/02_ChangePassword" status="PASSED">
         <system-out><![CDATA[2020-06-05 15:57:43 - [TEST_CASE][PASSED] - Test Cases/1612427/02_ChangePassword: Test Cases/1612427/02_ChangePassword

2020-06-05 15:57:43 - [TEST_STEP][PASSED] - openBrowser(""): Browser is opened with url: ''

2020-06-05 15:57:43 - [MESSAGE][INFO] - Starting 'Chrome' driver

2020-06-05 15:57:43 - [MESSAGE][INFO] - Action delay is set to 0 milliseconds

2020-06-05 15:57:55 - [MESSAGE][PASSED] - Browser is opened with url: ''

2020-06-05 15:57:55 - [TEST_STEP][PASSED] - navigateToUrl("http://localhost:8065/login"): Navigate to 'http://localhost:8065/login' successfully

2020-06-05 15:58:01 - [MESSAGE][PASSED] - Navigate to 'http://localhost:8065/login' successfully

2020-06-05 15:58:01 - [TEST_STEP][PASSED] - setText(findTestObject("Object Repository/1612427/02_ChangePassword/Page_Mattermost/input_All team communication in one place s_703ef5"), "hcmus-cdnc"): Text 'hcmus-cdnc' is set on object 'Object Repository/1612427/02_ChangePassword/Page_Mattermost/input_All team communication in one place s_703ef5'

2020-06-05 15:58:20 - [MESSAGE][PASSED] - Text 'hcmus-cdnc' is set on object 'Object Repository/1612427/02_ChangePassword/Page_Mattermost/input_All team communication in one place s_703ef5'

2020-06-05 15:58:20 - [TEST_STEP][PASSED] - setEncryptedText(findTestObject("Object Repository/1612427/02_ChangePassword/Page_Mattermost/input_All team communication in one place s_2f2733"), "aeHFOx8jV/A="): Text ****** has been set on object 'Object Repository/1612427/02_ChangePassword/Page_Mattermost/input_All team communication in one place s_2f2733'

2020-06-05 15:58:21 - [MESSAGE][PASSED] - Text ****** has been set on object 'Object Repository/1612427/02_ChangePassword/Page_Mattermost/input_All team communication in one place s_2f2733'

2020-06-05 15:58:21 - [TEST_STEP][PASSED] - click(findTestObject("Object Repository/1612427/02_ChangePassword/Page_Mattermost/span_Sign in")): Object: 'Object Repository/1612427/02_ChangePassword/Page_Mattermost/span_Sign in' is clicked on

2020-06-05 15:58:22 - [MESSAGE][PASSED] - Object: 'Object Repository/1612427/02_ChangePassword/Page_Mattermost/span_Sign in' is clicked on

2020-06-05 15:58:22 - [TEST_STEP][PASSED] - click(findTestObject("Object Repository/1612427/02_ChangePassword/Page_Town Square - minus Mattermost/span")): Object: 'Object Repository/1612427/02_ChangePassword/Page_Town Square - minus Mattermost/span' is clicked on

2020-06-05 15:58:27 - [MESSAGE][PASSED] - Object: 'Object Repository/1612427/02_ChangePassword/Page_Town Square - minus Mattermost/span' is clicked on

2020-06-05 15:58:27 - [TEST_STEP][PASSED] - click(findTestObject("Object Repository/1612427/02_ChangePassword/Page_Town Square - minus Mattermost/span_Account Settings")): Object: 'Object Repository/1612427/02_ChangePassword/Page_Town Square - minus Mattermost/span_Account Settings' is clicked on

2020-06-05 15:58:32 - [MESSAGE][PASSED] - Object: 'Object Repository/1612427/02_ChangePassword/Page_Town Square - minus Mattermost/span_Account Settings' is clicked on

2020-06-05 15:58:32 - [TEST_STEP][PASSED] - click(findTestObject("Object Repository/1612427/02_ChangePassword/Page_Town Square - minus Mattermost/button_Security")): Object: 'Object Repository/1612427/02_ChangePassword/Page_Town Square - minus Mattermost/button_Security' is clicked on

2020-06-05 15:58:33 - [MESSAGE][PASSED] - Object: 'Object Repository/1612427/02_ChangePassword/Page_Town Square - minus Mattermost/button_Security' is clicked on

2020-06-05 15:58:33 - [TEST_STEP][PASSED] - click(findTestObject("Object Repository/1612427/02_ChangePassword/Page_Town Square - minus Mattermost/span_Edit")): Object: 'Object Repository/1612427/02_ChangePassword/Page_Town Square - minus Mattermost/span_Edit' is clicked on

2020-06-05 15:58:34 - [MESSAGE][PASSED] - Object: 'Object Repository/1612427/02_ChangePassword/Page_Town Square - minus Mattermost/span_Edit' is clicked on

2020-06-05 15:58:34 - [TEST_STEP][PASSED] - setEncryptedText(findTestObject("Object Repository/1612427/02_ChangePassword/Page_Town Square - minus Mattermost/input_Current Password_currentPassword"), password): Text ****** has been set on object 'Object Repository/1612427/02_ChangePassword/Page_Town Square - minus Mattermost/input_Current Password_currentPassword'

2020-06-05 15:58:35 - [MESSAGE][PASSED] - Text ****** has been set on object 'Object Repository/1612427/02_ChangePassword/Page_Town Square - minus Mattermost/input_Current Password_currentPassword'

2020-06-05 15:58:35 - [TEST_STEP][PASSED] - setEncryptedText(findTestObject("Object Repository/1612427/02_ChangePassword/Page_Town Square - minus Mattermost/input_New Password_newPassword"), new_password): Text ****** has been set on object 'Object Repository/1612427/02_ChangePassword/Page_Town Square - minus Mattermost/input_New Password_newPassword'

2020-06-05 15:58:36 - [MESSAGE][PASSED] - Text ****** has been set on object 'Object Repository/1612427/02_ChangePassword/Page_Town Square - minus Mattermost/input_New Password_newPassword'

2020-06-05 15:58:36 - [TEST_STEP][PASSED] - setEncryptedText(findTestObject("Object Repository/1612427/02_ChangePassword/Page_Town Square - minus Mattermost/input_Retype New Password_confirmPassword"), confirm_password): Text ****** has been set on object 'Object Repository/1612427/02_ChangePassword/Page_Town Square - minus Mattermost/input_Retype New Password_confirmPassword'

2020-06-05 15:58:37 - [MESSAGE][PASSED] - Text ****** has been set on object 'Object Repository/1612427/02_ChangePassword/Page_Town Square - minus Mattermost/input_Retype New Password_confirmPassword'

2020-06-05 15:58:37 - [TEST_STEP][PASSED] - click(findTestObject("Object Repository/1612427/02_ChangePassword/Page_Town Square - minus Mattermost/span_Save")): Object: 'Object Repository/1612427/02_ChangePassword/Page_Town Square - minus Mattermost/span_Save' is clicked on

2020-06-05 15:58:38 - [MESSAGE][PASSED] - Object: 'Object Repository/1612427/02_ChangePassword/Page_Town Square - minus Mattermost/span_Save' is clicked on

2020-06-05 15:58:38 - [TEST_STEP][PASSED] - closeBrowser(): Browser is closed

2020-06-05 16:00:04 - [MESSAGE][WARNING] - Browser is not reachable. Browser may have been closed already.

2020-06-05 16:00:04 - [MESSAGE][PASSED] - Browser is closed]]></system-out>
         <system-err><![CDATA[]]></system-err>
      </testcase>
      <testcase name="Test Cases/1612427/02_ChangePassword" time="151.685" classname="Test Cases/1612427/02_ChangePassword" status="FAILED">
         <failure type="FAILED" message="Test Cases/1612427/02_ChangePassword FAILED.
Reason:
com.kms.katalon.core.exception.StepFailedException: Unable to click on object 'Object Repository/1612427/02_ChangePassword/Page_Town Square - minus Mattermost/button_Security'
	at com.kms.katalon.core.webui.keyword.internal.WebUIKeywordMain.stepFailed(WebUIKeywordMain.groovy:64)
	at com.kms.katalon.core.webui.keyword.internal.WebUIKeywordMain.runKeyword(WebUIKeywordMain.groovy:26)
	at com.kms.katalon.core.webui.keyword.builtin.ClickKeyword.click(ClickKeyword.groovy:76)
	at com.kms.katalon.core.webui.keyword.builtin.ClickKeyword.execute(ClickKeyword.groovy:43)
	at com.kms.katalon.core.keyword.internal.KeywordExecutor.executeKeywordForPlatform(KeywordExecutor.groovy:72)
	at com.kms.katalon.core.webui.keyword.WebUiBuiltInKeywords.click(WebUiBuiltInKeywords.groovy:616)
	at com.kms.katalon.core.webui.keyword.WebUiBuiltInKeywords$click$3.call(Unknown Source)
	at 02_ChangePassword.run(02_ChangePassword:35)
	at com.kms.katalon.core.main.ScriptEngine.run(ScriptEngine.java:194)
	at com.kms.katalon.core.main.ScriptEngine.runScriptAsRawText(ScriptEngine.java:119)
	at com.kms.katalon.core.main.TestCaseExecutor.runScript(TestCaseExecutor.java:337)
	at com.kms.katalon.core.main.TestCaseExecutor.doExecute(TestCaseExecutor.java:328)
	at com.kms.katalon.core.main.TestCaseExecutor.processExecutionPhase(TestCaseExecutor.java:307)
	at com.kms.katalon.core.main.TestCaseExecutor.accessMainPhase(TestCaseExecutor.java:299)
	at com.kms.katalon.core.main.TestCaseExecutor.execute(TestCaseExecutor.java:233)
	at com.kms.katalon.core.main.TestSuiteExecutor.accessTestCaseMainPhase(TestSuiteExecutor.java:169)
	at com.kms.katalon.core.main.TestSuiteExecutor.accessTestSuiteMainPhase(TestSuiteExecutor.java:142)
	at com.kms.katalon.core.main.TestSuiteExecutor.execute(TestSuiteExecutor.java:91)
	at com.kms.katalon.core.main.TestCaseMain.startTestSuite(TestCaseMain.java:157)
	at com.kms.katalon.core.main.TestCaseMain$startTestSuite$0.call(Unknown Source)
	at TempTestSuite1591347278292.run(TempTestSuite1591347278292.groovy:37)
Caused by: com.kms.katalon.core.webui.exception.WebElementNotFoundException: Web element with id: 'Object Repository/1612427/02_ChangePassword/Page_Town Square - minus Mattermost/button_Security' located by 'By.xpath: //button[@id='securityButton']' not found
	at com.kms.katalon.core.webui.common.WebUiCommonHelper.findWebElement(WebUiCommonHelper.java:1154)
	at com.kms.katalon.core.webui.keyword.internal.WebUIAbstractKeyword.findWebElement(WebUIAbstractKeyword.groovy:27)
	at com.kms.katalon.core.webui.keyword.internal.WebUIAbstractKeyword.findWebElement(WebUIAbstractKeyword.groovy:26)
	at com.kms.katalon.core.webui.keyword.builtin.ClickKeyword$_click_closure1.doCall(ClickKeyword.groovy:67)
	at com.kms.katalon.core.webui.keyword.builtin.ClickKeyword$_click_closure1.call(ClickKeyword.groovy)
	at com.kms.katalon.core.webui.keyword.internal.WebUIKeywordMain.runKeyword(WebUIKeywordMain.groovy:20)
	... 19 more
"/>
         <system-out><![CDATA[2020-06-05 16:00:05 - [TEST_CASE][FAILED] - Test Cases/1612427/02_ChangePassword: Test Cases/1612427/02_ChangePassword FAILED.
Reason:
com.kms.katalon.core.exception.StepFailedException: Unable to click on object 'Object Repository/1612427/02_ChangePassword/Page_Town Square - minus Mattermost/button_Security'
	at com.kms.katalon.core.webui.keyword.internal.WebUIKeywordMain.stepFailed(WebUIKeywordMain.groovy:64)
	at com.kms.katalon.core.webui.keyword.internal.WebUIKeywordMain.runKeyword(WebUIKeywordMain.groovy:26)
	at com.kms.katalon.core.webui.keyword.builtin.ClickKeyword.click(ClickKeyword.groovy:76)
	at com.kms.katalon.core.webui.keyword.builtin.ClickKeyword.execute(ClickKeyword.groovy:43)
	at com.kms.katalon.core.keyword.internal.KeywordExecutor.executeKeywordForPlatform(KeywordExecutor.groovy:72)
	at com.kms.katalon.core.webui.keyword.WebUiBuiltInKeywords.click(WebUiBuiltInKeywords.groovy:616)
	at com.kms.katalon.core.webui.keyword.WebUiBuiltInKeywords$click$3.call(Unknown Source)
	at 02_ChangePassword.run(02_ChangePassword:35)
	at com.kms.katalon.core.main.ScriptEngine.run(ScriptEngine.java:194)
	at com.kms.katalon.core.main.ScriptEngine.runScriptAsRawText(ScriptEngine.java:119)
	at com.kms.katalon.core.main.TestCaseExecutor.runScript(TestCaseExecutor.java:337)
	at com.kms.katalon.core.main.TestCaseExecutor.doExecute(TestCaseExecutor.java:328)
	at com.kms.katalon.core.main.TestCaseExecutor.processExecutionPhase(TestCaseExecutor.java:307)
	at com.kms.katalon.core.main.TestCaseExecutor.accessMainPhase(TestCaseExecutor.java:299)
	at com.kms.katalon.core.main.TestCaseExecutor.execute(TestCaseExecutor.java:233)
	at com.kms.katalon.core.main.TestSuiteExecutor.accessTestCaseMainPhase(TestSuiteExecutor.java:169)
	at com.kms.katalon.core.main.TestSuiteExecutor.accessTestSuiteMainPhase(TestSuiteExecutor.java:142)
	at com.kms.katalon.core.main.TestSuiteExecutor.execute(TestSuiteExecutor.java:91)
	at com.kms.katalon.core.main.TestCaseMain.startTestSuite(TestCaseMain.java:157)
	at com.kms.katalon.core.main.TestCaseMain$startTestSuite$0.call(Unknown Source)
	at TempTestSuite1591347278292.run(TempTestSuite1591347278292.groovy:37)
Caused by: com.kms.katalon.core.webui.exception.WebElementNotFoundException: Web element with id: 'Object Repository/1612427/02_ChangePassword/Page_Town Square - minus Mattermost/button_Security' located by 'By.xpath: //button[@id='securityButton']' not found
	at com.kms.katalon.core.webui.common.WebUiCommonHelper.findWebElement(WebUiCommonHelper.java:1154)
	at com.kms.katalon.core.webui.keyword.internal.WebUIAbstractKeyword.findWebElement(WebUIAbstractKeyword.groovy:27)
	at com.kms.katalon.core.webui.keyword.internal.WebUIAbstractKeyword.findWebElement(WebUIAbstractKeyword.groovy:26)
	at com.kms.katalon.core.webui.keyword.builtin.ClickKeyword$_click_closure1.doCall(ClickKeyword.groovy:67)
	at com.kms.katalon.core.webui.keyword.builtin.ClickKeyword$_click_closure1.call(ClickKeyword.groovy)
	at com.kms.katalon.core.webui.keyword.internal.WebUIKeywordMain.runKeyword(WebUIKeywordMain.groovy:20)
	... 19 more


2020-06-05 16:00:06 - [TEST_STEP][PASSED] - openBrowser(""): Browser is opened with url: ''

2020-06-05 16:00:06 - [MESSAGE][INFO] - Starting 'Chrome' driver

2020-06-05 16:00:06 - [MESSAGE][INFO] - Action delay is set to 0 milliseconds

2020-06-05 16:00:37 - [MESSAGE][PASSED] - Browser is opened with url: ''

2020-06-05 16:00:37 - [TEST_STEP][PASSED] - navigateToUrl("http://localhost:8065/login"): Navigate to 'http://localhost:8065/login' successfully

2020-06-05 16:01:02 - [MESSAGE][PASSED] - Navigate to 'http://localhost:8065/login' successfully

2020-06-05 16:01:02 - [TEST_STEP][PASSED] - setText(findTestObject("Object Repository/1612427/02_ChangePassword/Page_Mattermost/input_All team communication in one place s_703ef5"), "hcmus-cdnc"): Text 'hcmus-cdnc' is set on object 'Object Repository/1612427/02_ChangePassword/Page_Mattermost/input_All team communication in one place s_703ef5'

2020-06-05 16:01:21 - [MESSAGE][PASSED] - Text 'hcmus-cdnc' is set on object 'Object Repository/1612427/02_ChangePassword/Page_Mattermost/input_All team communication in one place s_703ef5'

2020-06-05 16:01:21 - [TEST_STEP][PASSED] - setEncryptedText(findTestObject("Object Repository/1612427/02_ChangePassword/Page_Mattermost/input_All team communication in one place s_2f2733"), "aeHFOx8jV/A="): Text ****** has been set on object 'Object Repository/1612427/02_ChangePassword/Page_Mattermost/input_All team communication in one place s_2f2733'

2020-06-05 16:01:22 - [MESSAGE][PASSED] - Text ****** has been set on object 'Object Repository/1612427/02_ChangePassword/Page_Mattermost/input_All team communication in one place s_2f2733'

2020-06-05 16:01:22 - [TEST_STEP][PASSED] - click(findTestObject("Object Repository/1612427/02_ChangePassword/Page_Mattermost/span_Sign in")): Object: 'Object Repository/1612427/02_ChangePassword/Page_Mattermost/span_Sign in' is clicked on

2020-06-05 16:01:39 - [MESSAGE][PASSED] - Object: 'Object Repository/1612427/02_ChangePassword/Page_Mattermost/span_Sign in' is clicked on

2020-06-05 16:01:39 - [TEST_STEP][PASSED] - click(findTestObject("Object Repository/1612427/02_ChangePassword/Page_Town Square - minus Mattermost/span")): Object: 'Object Repository/1612427/02_ChangePassword/Page_Town Square - minus Mattermost/span' is clicked on

2020-06-05 16:01:52 - [MESSAGE][PASSED] - Object: 'Object Repository/1612427/02_ChangePassword/Page_Town Square - minus Mattermost/span' is clicked on

2020-06-05 16:01:52 - [TEST_STEP][PASSED] - click(findTestObject("Object Repository/1612427/02_ChangePassword/Page_Town Square - minus Mattermost/span_Account Settings")): Object: 'Object Repository/1612427/02_ChangePassword/Page_Town Square - minus Mattermost/span_Account Settings' is clicked on

2020-06-05 16:01:54 - [MESSAGE][PASSED] - Object: 'Object Repository/1612427/02_ChangePassword/Page_Town Square - minus Mattermost/span_Account Settings' is clicked on

2020-06-05 16:01:54 - [TEST_STEP][FAILED] - click(findTestObject("Object Repository/1612427/02_ChangePassword/Page_Town Square - minus Mattermost/button_Security")): Unable to click on object 'Object Repository/1612427/02_ChangePassword/Page_Town Square - minus Mattermost/button_Security' (Root cause: com.kms.katalon.core.exception.StepFailedException: Unable to click on object 'Object Repository/1612427/02_ChangePassword/Page_Town Square - minus Mattermost/button_Security'
	at com.kms.katalon.core.webui.keyword.internal.WebUIKeywordMain.stepFailed(WebUIKeywordMain.groovy:64)
	at com.kms.katalon.core.webui.keyword.internal.WebUIKeywordMain.runKeyword(WebUIKeywordMain.groovy:26)
	at com.kms.katalon.core.webui.keyword.builtin.ClickKeyword.click(ClickKeyword.groovy:76)
	at com.kms.katalon.core.webui.keyword.builtin.ClickKeyword.execute(ClickKeyword.groovy:43)
	at com.kms.katalon.core.keyword.internal.KeywordExecutor.executeKeywordForPlatform(KeywordExecutor.groovy:72)
	at com.kms.katalon.core.webui.keyword.WebUiBuiltInKeywords.click(WebUiBuiltInKeywords.groovy:616)
	at com.kms.katalon.core.webui.keyword.WebUiBuiltInKeywords$click$3.call(Unknown Source)
	at 02_ChangePassword.run(02_ChangePassword:35)
	at com.kms.katalon.core.main.ScriptEngine.run(ScriptEngine.java:194)
	at com.kms.katalon.core.main.ScriptEngine.runScriptAsRawText(ScriptEngine.java:119)
	at com.kms.katalon.core.main.TestCaseExecutor.runScript(TestCaseExecutor.java:337)
	at com.kms.katalon.core.main.TestCaseExecutor.doExecute(TestCaseExecutor.java:328)
	at com.kms.katalon.core.main.TestCaseExecutor.processExecutionPhase(TestCaseExecutor.java:307)
	at com.kms.katalon.core.main.TestCaseExecutor.accessMainPhase(TestCaseExecutor.java:299)
	at com.kms.katalon.core.main.TestCaseExecutor.execute(TestCaseExecutor.java:233)
	at com.kms.katalon.core.main.TestSuiteExecutor.accessTestCaseMainPhase(TestSuiteExecutor.java:169)
	at com.kms.katalon.core.main.TestSuiteExecutor.accessTestSuiteMainPhase(TestSuiteExecutor.java:142)
	at com.kms.katalon.core.main.TestSuiteExecutor.execute(TestSuiteExecutor.java:91)
	at com.kms.katalon.core.main.TestCaseMain.startTestSuite(TestCaseMain.java:157)
	at com.kms.katalon.core.main.TestCaseMain$startTestSuite$0.call(Unknown Source)
	at TempTestSuite1591347278292.run(TempTestSuite1591347278292.groovy:37)
Caused by: com.kms.katalon.core.webui.exception.WebElementNotFoundException: Web element with id: 'Object Repository/1612427/02_ChangePassword/Page_Town Square - minus Mattermost/button_Security' located by 'By.xpath: //button[@id='securityButton']' not found
	at com.kms.katalon.core.webui.common.WebUiCommonHelper.findWebElement(WebUiCommonHelper.java:1154)
	at com.kms.katalon.core.webui.keyword.internal.WebUIAbstractKeyword.findWebElement(WebUIAbstractKeyword.groovy:27)
	at com.kms.katalon.core.webui.keyword.internal.WebUIAbstractKeyword.findWebElement(WebUIAbstractKeyword.groovy:26)
	at com.kms.katalon.core.webui.keyword.builtin.ClickKeyword$_click_closure1.doCall(ClickKeyword.groovy:67)
	at com.kms.katalon.core.webui.keyword.builtin.ClickKeyword$_click_closure1.call(ClickKeyword.groovy)
	at com.kms.katalon.core.webui.keyword.internal.WebUIKeywordMain.runKeyword(WebUIKeywordMain.groovy:20)
	at com.kms.katalon.core.webui.keyword.builtin.ClickKeyword.click(ClickKeyword.groovy:76)
	at com.kms.katalon.core.webui.keyword.builtin.ClickKeyword.execute(ClickKeyword.groovy:43)
	at com.kms.katalon.core.keyword.internal.KeywordExecutor.executeKeywordForPlatform(KeywordExecutor.groovy:72)
	at com.kms.katalon.core.webui.keyword.WebUiBuiltInKeywords.click(WebUiBuiltInKeywords.groovy:616)
	at com.kms.katalon.core.webui.keyword.WebUiBuiltInKeywords$click$3.call(Unknown Source)
	at Script1591092800879.run(Script1591092800879.groovy:35)
	... 13 more
)

2020-06-05 16:02:35 - [MESSAGE][INFO] - Unable to find the element located by 'By.xpath: //button[@id='securityButton']'. Please recheck the objects properties to make sure the desired element is located. 

2020-06-05 16:02:37 - [MESSAGE][FAILED] - Unable to click on object 'Object Repository/1612427/02_ChangePassword/Page_Town Square - minus Mattermost/button_Security' (Root cause: com.kms.katalon.core.exception.StepFailedException: Unable to click on object 'Object Repository/1612427/02_ChangePassword/Page_Town Square - minus Mattermost/button_Security'
	at com.kms.katalon.core.webui.keyword.internal.WebUIKeywordMain.stepFailed(WebUIKeywordMain.groovy:64)
	at com.kms.katalon.core.webui.keyword.internal.WebUIKeywordMain.runKeyword(WebUIKeywordMain.groovy:26)
	at com.kms.katalon.core.webui.keyword.builtin.ClickKeyword.click(ClickKeyword.groovy:76)
	at com.kms.katalon.core.webui.keyword.builtin.ClickKeyword.execute(ClickKeyword.groovy:43)
	at com.kms.katalon.core.keyword.internal.KeywordExecutor.executeKeywordForPlatform(KeywordExecutor.groovy:72)
	at com.kms.katalon.core.webui.keyword.WebUiBuiltInKeywords.click(WebUiBuiltInKeywords.groovy:616)
	at com.kms.katalon.core.webui.keyword.WebUiBuiltInKeywords$click$3.call(Unknown Source)
	at 02_ChangePassword.run(02_ChangePassword:35)
	at com.kms.katalon.core.main.ScriptEngine.run(ScriptEngine.java:194)
	at com.kms.katalon.core.main.ScriptEngine.runScriptAsRawText(ScriptEngine.java:119)
	at com.kms.katalon.core.main.TestCaseExecutor.runScript(TestCaseExecutor.java:337)
	at com.kms.katalon.core.main.TestCaseExecutor.doExecute(TestCaseExecutor.java:328)
	at com.kms.katalon.core.main.TestCaseExecutor.processExecutionPhase(TestCaseExecutor.java:307)
	at com.kms.katalon.core.main.TestCaseExecutor.accessMainPhase(TestCaseExecutor.java:299)
	at com.kms.katalon.core.main.TestCaseExecutor.execute(TestCaseExecutor.java:233)
	at com.kms.katalon.core.main.TestSuiteExecutor.accessTestCaseMainPhase(TestSuiteExecutor.java:169)
	at com.kms.katalon.core.main.TestSuiteExecutor.accessTestSuiteMainPhase(TestSuiteExecutor.java:142)
	at com.kms.katalon.core.main.TestSuiteExecutor.execute(TestSuiteExecutor.java:91)
	at com.kms.katalon.core.main.TestCaseMain.startTestSuite(TestCaseMain.java:157)
	at com.kms.katalon.core.main.TestCaseMain$startTestSuite$0.call(Unknown Source)
	at TempTestSuite1591347278292.run(TempTestSuite1591347278292.groovy:37)
Caused by: com.kms.katalon.core.webui.exception.WebElementNotFoundException: Web element with id: 'Object Repository/1612427/02_ChangePassword/Page_Town Square - minus Mattermost/button_Security' located by 'By.xpath: //button[@id='securityButton']' not found
	at com.kms.katalon.core.webui.common.WebUiCommonHelper.findWebElement(WebUiCommonHelper.java:1154)
	at com.kms.katalon.core.webui.keyword.internal.WebUIAbstractKeyword.findWebElement(WebUIAbstractKeyword.groovy:27)
	at com.kms.katalon.core.webui.keyword.internal.WebUIAbstractKeyword.findWebElement(WebUIAbstractKeyword.groovy:26)
	at com.kms.katalon.core.webui.keyword.builtin.ClickKeyword$_click_closure1.doCall(ClickKeyword.groovy:67)
	at com.kms.katalon.core.webui.keyword.builtin.ClickKeyword$_click_closure1.call(ClickKeyword.groovy)
	at com.kms.katalon.core.webui.keyword.internal.WebUIKeywordMain.runKeyword(WebUIKeywordMain.groovy:20)
	at com.kms.katalon.core.webui.keyword.builtin.ClickKeyword.click(ClickKeyword.groovy:76)
	at com.kms.katalon.core.webui.keyword.builtin.ClickKeyword.execute(ClickKeyword.groovy:43)
	at com.kms.katalon.core.keyword.internal.KeywordExecutor.executeKeywordForPlatform(KeywordExecutor.groovy:72)
	at com.kms.katalon.core.webui.keyword.WebUiBuiltInKeywords.click(WebUiBuiltInKeywords.groovy:616)
	at com.kms.katalon.core.webui.keyword.WebUiBuiltInKeywords$click$3.call(Unknown Source)
	at Script1591092800879.run(Script1591092800879.groovy:35)
	... 13 more
)
[[ATTACHMENT|C:\\Users\\Thanh\\Desktop\\github.com\\New folder (2)\\homeword02-mattermost-katalon\\Reports\\20200605_155438\\Run all test cases\\20200605_155438\\1591347756076.png]]]]></system-out>
         <system-err><![CDATA[2020-06-05 16:00:05 - [TEST_CASE][FAILED] - Test Cases/1612427/02_ChangePassword: Test Cases/1612427/02_ChangePassword FAILED.
Reason:
com.kms.katalon.core.exception.StepFailedException: Unable to click on object 'Object Repository/1612427/02_ChangePassword/Page_Town Square - minus Mattermost/button_Security'
	at com.kms.katalon.core.webui.keyword.internal.WebUIKeywordMain.stepFailed(WebUIKeywordMain.groovy:64)
	at com.kms.katalon.core.webui.keyword.internal.WebUIKeywordMain.runKeyword(WebUIKeywordMain.groovy:26)
	at com.kms.katalon.core.webui.keyword.builtin.ClickKeyword.click(ClickKeyword.groovy:76)
	at com.kms.katalon.core.webui.keyword.builtin.ClickKeyword.execute(ClickKeyword.groovy:43)
	at com.kms.katalon.core.keyword.internal.KeywordExecutor.executeKeywordForPlatform(KeywordExecutor.groovy:72)
	at com.kms.katalon.core.webui.keyword.WebUiBuiltInKeywords.click(WebUiBuiltInKeywords.groovy:616)
	at com.kms.katalon.core.webui.keyword.WebUiBuiltInKeywords$click$3.call(Unknown Source)
	at 02_ChangePassword.run(02_ChangePassword:35)
	at com.kms.katalon.core.main.ScriptEngine.run(ScriptEngine.java:194)
	at com.kms.katalon.core.main.ScriptEngine.runScriptAsRawText(ScriptEngine.java:119)
	at com.kms.katalon.core.main.TestCaseExecutor.runScript(TestCaseExecutor.java:337)
	at com.kms.katalon.core.main.TestCaseExecutor.doExecute(TestCaseExecutor.java:328)
	at com.kms.katalon.core.main.TestCaseExecutor.processExecutionPhase(TestCaseExecutor.java:307)
	at com.kms.katalon.core.main.TestCaseExecutor.accessMainPhase(TestCaseExecutor.java:299)
	at com.kms.katalon.core.main.TestCaseExecutor.execute(TestCaseExecutor.java:233)
	at com.kms.katalon.core.main.TestSuiteExecutor.accessTestCaseMainPhase(TestSuiteExecutor.java:169)
	at com.kms.katalon.core.main.TestSuiteExecutor.accessTestSuiteMainPhase(TestSuiteExecutor.java:142)
	at com.kms.katalon.core.main.TestSuiteExecutor.execute(TestSuiteExecutor.java:91)
	at com.kms.katalon.core.main.TestCaseMain.startTestSuite(TestCaseMain.java:157)
	at com.kms.katalon.core.main.TestCaseMain$startTestSuite$0.call(Unknown Source)
	at TempTestSuite1591347278292.run(TempTestSuite1591347278292.groovy:37)
Caused by: com.kms.katalon.core.webui.exception.WebElementNotFoundException: Web element with id: 'Object Repository/1612427/02_ChangePassword/Page_Town Square - minus Mattermost/button_Security' located by 'By.xpath: //button[@id='securityButton']' not found
	at com.kms.katalon.core.webui.common.WebUiCommonHelper.findWebElement(WebUiCommonHelper.java:1154)
	at com.kms.katalon.core.webui.keyword.internal.WebUIAbstractKeyword.findWebElement(WebUIAbstractKeyword.groovy:27)
	at com.kms.katalon.core.webui.keyword.internal.WebUIAbstractKeyword.findWebElement(WebUIAbstractKeyword.groovy:26)
	at com.kms.katalon.core.webui.keyword.builtin.ClickKeyword$_click_closure1.doCall(ClickKeyword.groovy:67)
	at com.kms.katalon.core.webui.keyword.builtin.ClickKeyword$_click_closure1.call(ClickKeyword.groovy)
	at com.kms.katalon.core.webui.keyword.internal.WebUIKeywordMain.runKeyword(WebUIKeywordMain.groovy:20)
	... 19 more]]></system-err>
      </testcase>
      <testcase name="Test Cases/1612427/02_ChangePassword" time="204.209" classname="Test Cases/1612427/02_ChangePassword" status="FAILED">
         <failure type="FAILED" message="Test Cases/1612427/02_ChangePassword FAILED.
Reason:
com.kms.katalon.core.exception.StepFailedException: Unable to click on object 'Object Repository/1612427/02_ChangePassword/Page_Town Square - minus Mattermost/button_Security'
	at com.kms.katalon.core.webui.keyword.internal.WebUIKeywordMain.stepFailed(WebUIKeywordMain.groovy:64)
	at com.kms.katalon.core.webui.keyword.internal.WebUIKeywordMain.runKeyword(WebUIKeywordMain.groovy:26)
	at com.kms.katalon.core.webui.keyword.builtin.ClickKeyword.click(ClickKeyword.groovy:76)
	at com.kms.katalon.core.webui.keyword.builtin.ClickKeyword.execute(ClickKeyword.groovy:43)
	at com.kms.katalon.core.keyword.internal.KeywordExecutor.executeKeywordForPlatform(KeywordExecutor.groovy:72)
	at com.kms.katalon.core.webui.keyword.WebUiBuiltInKeywords.click(WebUiBuiltInKeywords.groovy:616)
	at com.kms.katalon.core.webui.keyword.WebUiBuiltInKeywords$click$3.call(Unknown Source)
	at 02_ChangePassword.run(02_ChangePassword:35)
	at com.kms.katalon.core.main.ScriptEngine.run(ScriptEngine.java:194)
	at com.kms.katalon.core.main.ScriptEngine.runScriptAsRawText(ScriptEngine.java:119)
	at com.kms.katalon.core.main.TestCaseExecutor.runScript(TestCaseExecutor.java:337)
	at com.kms.katalon.core.main.TestCaseExecutor.doExecute(TestCaseExecutor.java:328)
	at com.kms.katalon.core.main.TestCaseExecutor.processExecutionPhase(TestCaseExecutor.java:307)
	at com.kms.katalon.core.main.TestCaseExecutor.accessMainPhase(TestCaseExecutor.java:299)
	at com.kms.katalon.core.main.TestCaseExecutor.execute(TestCaseExecutor.java:233)
	at com.kms.katalon.core.main.TestSuiteExecutor.accessTestCaseMainPhase(TestSuiteExecutor.java:169)
	at com.kms.katalon.core.main.TestSuiteExecutor.accessTestSuiteMainPhase(TestSuiteExecutor.java:142)
	at com.kms.katalon.core.main.TestSuiteExecutor.execute(TestSuiteExecutor.java:91)
	at com.kms.katalon.core.main.TestCaseMain.startTestSuite(TestCaseMain.java:157)
	at com.kms.katalon.core.main.TestCaseMain$startTestSuite$0.call(Unknown Source)
	at TempTestSuite1591347278292.run(TempTestSuite1591347278292.groovy:37)
Caused by: com.kms.katalon.core.webui.exception.WebElementNotFoundException: Web element with id: 'Object Repository/1612427/02_ChangePassword/Page_Town Square - minus Mattermost/button_Security' located by 'By.xpath: //button[@id='securityButton']' not found
	at com.kms.katalon.core.webui.common.WebUiCommonHelper.findWebElement(WebUiCommonHelper.java:1154)
	at com.kms.katalon.core.webui.keyword.internal.WebUIAbstractKeyword.findWebElement(WebUIAbstractKeyword.groovy:27)
	at com.kms.katalon.core.webui.keyword.internal.WebUIAbstractKeyword.findWebElement(WebUIAbstractKeyword.groovy:26)
	at com.kms.katalon.core.webui.keyword.builtin.ClickKeyword$_click_closure1.doCall(ClickKeyword.groovy:67)
	at com.kms.katalon.core.webui.keyword.builtin.ClickKeyword$_click_closure1.call(ClickKeyword.groovy)
	at com.kms.katalon.core.webui.keyword.internal.WebUIKeywordMain.runKeyword(WebUIKeywordMain.groovy:20)
	... 19 more
"/>
         <system-out><![CDATA[2020-06-05 16:02:37 - [TEST_CASE][FAILED] - Test Cases/1612427/02_ChangePassword: Test Cases/1612427/02_ChangePassword FAILED.
Reason:
com.kms.katalon.core.exception.StepFailedException: Unable to click on object 'Object Repository/1612427/02_ChangePassword/Page_Town Square - minus Mattermost/button_Security'
	at com.kms.katalon.core.webui.keyword.internal.WebUIKeywordMain.stepFailed(WebUIKeywordMain.groovy:64)
	at com.kms.katalon.core.webui.keyword.internal.WebUIKeywordMain.runKeyword(WebUIKeywordMain.groovy:26)
	at com.kms.katalon.core.webui.keyword.builtin.ClickKeyword.click(ClickKeyword.groovy:76)
	at com.kms.katalon.core.webui.keyword.builtin.ClickKeyword.execute(ClickKeyword.groovy:43)
	at com.kms.katalon.core.keyword.internal.KeywordExecutor.executeKeywordForPlatform(KeywordExecutor.groovy:72)
	at com.kms.katalon.core.webui.keyword.WebUiBuiltInKeywords.click(WebUiBuiltInKeywords.groovy:616)
	at com.kms.katalon.core.webui.keyword.WebUiBuiltInKeywords$click$3.call(Unknown Source)
	at 02_ChangePassword.run(02_ChangePassword:35)
	at com.kms.katalon.core.main.ScriptEngine.run(ScriptEngine.java:194)
	at com.kms.katalon.core.main.ScriptEngine.runScriptAsRawText(ScriptEngine.java:119)
	at com.kms.katalon.core.main.TestCaseExecutor.runScript(TestCaseExecutor.java:337)
	at com.kms.katalon.core.main.TestCaseExecutor.doExecute(TestCaseExecutor.java:328)
	at com.kms.katalon.core.main.TestCaseExecutor.processExecutionPhase(TestCaseExecutor.java:307)
	at com.kms.katalon.core.main.TestCaseExecutor.accessMainPhase(TestCaseExecutor.java:299)
	at com.kms.katalon.core.main.TestCaseExecutor.execute(TestCaseExecutor.java:233)
	at com.kms.katalon.core.main.TestSuiteExecutor.accessTestCaseMainPhase(TestSuiteExecutor.java:169)
	at com.kms.katalon.core.main.TestSuiteExecutor.accessTestSuiteMainPhase(TestSuiteExecutor.java:142)
	at com.kms.katalon.core.main.TestSuiteExecutor.execute(TestSuiteExecutor.java:91)
	at com.kms.katalon.core.main.TestCaseMain.startTestSuite(TestCaseMain.java:157)
	at com.kms.katalon.core.main.TestCaseMain$startTestSuite$0.call(Unknown Source)
	at TempTestSuite1591347278292.run(TempTestSuite1591347278292.groovy:37)
Caused by: com.kms.katalon.core.webui.exception.WebElementNotFoundException: Web element with id: 'Object Repository/1612427/02_ChangePassword/Page_Town Square - minus Mattermost/button_Security' located by 'By.xpath: //button[@id='securityButton']' not found
	at com.kms.katalon.core.webui.common.WebUiCommonHelper.findWebElement(WebUiCommonHelper.java:1154)
	at com.kms.katalon.core.webui.keyword.internal.WebUIAbstractKeyword.findWebElement(WebUIAbstractKeyword.groovy:27)
	at com.kms.katalon.core.webui.keyword.internal.WebUIAbstractKeyword.findWebElement(WebUIAbstractKeyword.groovy:26)
	at com.kms.katalon.core.webui.keyword.builtin.ClickKeyword$_click_closure1.doCall(ClickKeyword.groovy:67)
	at com.kms.katalon.core.webui.keyword.builtin.ClickKeyword$_click_closure1.call(ClickKeyword.groovy)
	at com.kms.katalon.core.webui.keyword.internal.WebUIKeywordMain.runKeyword(WebUIKeywordMain.groovy:20)
	... 19 more


2020-06-05 16:02:37 - [TEST_STEP][PASSED] - openBrowser(""): Browser is opened with url: ''

2020-06-05 16:02:37 - [MESSAGE][WARNING] - A browser is already opened. Closing browser and opening a new one

2020-06-05 16:03:18 - [MESSAGE][INFO] - Starting 'Chrome' driver

2020-06-05 16:03:19 - [MESSAGE][INFO] - Action delay is set to 0 milliseconds

2020-06-05 16:03:58 - [MESSAGE][PASSED] - Browser is opened with url: ''

2020-06-05 16:03:58 - [TEST_STEP][PASSED] - navigateToUrl("http://localhost:8065/login"): Navigate to 'http://localhost:8065/login' successfully

2020-06-05 16:04:44 - [MESSAGE][PASSED] - Navigate to 'http://localhost:8065/login' successfully

2020-06-05 16:04:44 - [TEST_STEP][PASSED] - setText(findTestObject("Object Repository/1612427/02_ChangePassword/Page_Mattermost/input_All team communication in one place s_703ef5"), "hcmus-cdnc"): Text 'hcmus-cdnc' is set on object 'Object Repository/1612427/02_ChangePassword/Page_Mattermost/input_All team communication in one place s_703ef5'

2020-06-05 16:05:00 - [MESSAGE][PASSED] - Text 'hcmus-cdnc' is set on object 'Object Repository/1612427/02_ChangePassword/Page_Mattermost/input_All team communication in one place s_703ef5'

2020-06-05 16:05:00 - [TEST_STEP][PASSED] - setEncryptedText(findTestObject("Object Repository/1612427/02_ChangePassword/Page_Mattermost/input_All team communication in one place s_2f2733"), "aeHFOx8jV/A="): Text ****** has been set on object 'Object Repository/1612427/02_ChangePassword/Page_Mattermost/input_All team communication in one place s_2f2733'

2020-06-05 16:05:01 - [MESSAGE][PASSED] - Text ****** has been set on object 'Object Repository/1612427/02_ChangePassword/Page_Mattermost/input_All team communication in one place s_2f2733'

2020-06-05 16:05:01 - [TEST_STEP][PASSED] - click(findTestObject("Object Repository/1612427/02_ChangePassword/Page_Mattermost/span_Sign in")): Object: 'Object Repository/1612427/02_ChangePassword/Page_Mattermost/span_Sign in' is clicked on

2020-06-05 16:05:07 - [MESSAGE][PASSED] - Object: 'Object Repository/1612427/02_ChangePassword/Page_Mattermost/span_Sign in' is clicked on

2020-06-05 16:05:07 - [TEST_STEP][PASSED] - click(findTestObject("Object Repository/1612427/02_ChangePassword/Page_Town Square - minus Mattermost/span")): Object: 'Object Repository/1612427/02_ChangePassword/Page_Town Square - minus Mattermost/span' is clicked on

2020-06-05 16:05:11 - [MESSAGE][PASSED] - Object: 'Object Repository/1612427/02_ChangePassword/Page_Town Square - minus Mattermost/span' is clicked on

2020-06-05 16:05:11 - [TEST_STEP][PASSED] - click(findTestObject("Object Repository/1612427/02_ChangePassword/Page_Town Square - minus Mattermost/span_Account Settings")): Object: 'Object Repository/1612427/02_ChangePassword/Page_Town Square - minus Mattermost/span_Account Settings' is clicked on

2020-06-05 16:05:13 - [MESSAGE][PASSED] - Object: 'Object Repository/1612427/02_ChangePassword/Page_Town Square - minus Mattermost/span_Account Settings' is clicked on

2020-06-05 16:05:13 - [TEST_STEP][FAILED] - click(findTestObject("Object Repository/1612427/02_ChangePassword/Page_Town Square - minus Mattermost/button_Security")): Unable to click on object 'Object Repository/1612427/02_ChangePassword/Page_Town Square - minus Mattermost/button_Security' (Root cause: com.kms.katalon.core.exception.StepFailedException: Unable to click on object 'Object Repository/1612427/02_ChangePassword/Page_Town Square - minus Mattermost/button_Security'
	at com.kms.katalon.core.webui.keyword.internal.WebUIKeywordMain.stepFailed(WebUIKeywordMain.groovy:64)
	at com.kms.katalon.core.webui.keyword.internal.WebUIKeywordMain.runKeyword(WebUIKeywordMain.groovy:26)
	at com.kms.katalon.core.webui.keyword.builtin.ClickKeyword.click(ClickKeyword.groovy:76)
	at com.kms.katalon.core.webui.keyword.builtin.ClickKeyword.execute(ClickKeyword.groovy:43)
	at com.kms.katalon.core.keyword.internal.KeywordExecutor.executeKeywordForPlatform(KeywordExecutor.groovy:72)
	at com.kms.katalon.core.webui.keyword.WebUiBuiltInKeywords.click(WebUiBuiltInKeywords.groovy:616)
	at com.kms.katalon.core.webui.keyword.WebUiBuiltInKeywords$click$3.call(Unknown Source)
	at 02_ChangePassword.run(02_ChangePassword:35)
	at com.kms.katalon.core.main.ScriptEngine.run(ScriptEngine.java:194)
	at com.kms.katalon.core.main.ScriptEngine.runScriptAsRawText(ScriptEngine.java:119)
	at com.kms.katalon.core.main.TestCaseExecutor.runScript(TestCaseExecutor.java:337)
	at com.kms.katalon.core.main.TestCaseExecutor.doExecute(TestCaseExecutor.java:328)
	at com.kms.katalon.core.main.TestCaseExecutor.processExecutionPhase(TestCaseExecutor.java:307)
	at com.kms.katalon.core.main.TestCaseExecutor.accessMainPhase(TestCaseExecutor.java:299)
	at com.kms.katalon.core.main.TestCaseExecutor.execute(TestCaseExecutor.java:233)
	at com.kms.katalon.core.main.TestSuiteExecutor.accessTestCaseMainPhase(TestSuiteExecutor.java:169)
	at com.kms.katalon.core.main.TestSuiteExecutor.accessTestSuiteMainPhase(TestSuiteExecutor.java:142)
	at com.kms.katalon.core.main.TestSuiteExecutor.execute(TestSuiteExecutor.java:91)
	at com.kms.katalon.core.main.TestCaseMain.startTestSuite(TestCaseMain.java:157)
	at com.kms.katalon.core.main.TestCaseMain$startTestSuite$0.call(Unknown Source)
	at TempTestSuite1591347278292.run(TempTestSuite1591347278292.groovy:37)
Caused by: com.kms.katalon.core.webui.exception.WebElementNotFoundException: Web element with id: 'Object Repository/1612427/02_ChangePassword/Page_Town Square - minus Mattermost/button_Security' located by 'By.xpath: //button[@id='securityButton']' not found
	at com.kms.katalon.core.webui.common.WebUiCommonHelper.findWebElement(WebUiCommonHelper.java:1154)
	at com.kms.katalon.core.webui.keyword.internal.WebUIAbstractKeyword.findWebElement(WebUIAbstractKeyword.groovy:27)
	at com.kms.katalon.core.webui.keyword.internal.WebUIAbstractKeyword.findWebElement(WebUIAbstractKeyword.groovy:26)
	at com.kms.katalon.core.webui.keyword.builtin.ClickKeyword$_click_closure1.doCall(ClickKeyword.groovy:67)
	at com.kms.katalon.core.webui.keyword.builtin.ClickKeyword$_click_closure1.call(ClickKeyword.groovy)
	at com.kms.katalon.core.webui.keyword.internal.WebUIKeywordMain.runKeyword(WebUIKeywordMain.groovy:20)
	at com.kms.katalon.core.webui.keyword.builtin.ClickKeyword.click(ClickKeyword.groovy:76)
	at com.kms.katalon.core.webui.keyword.builtin.ClickKeyword.execute(ClickKeyword.groovy:43)
	at com.kms.katalon.core.keyword.internal.KeywordExecutor.executeKeywordForPlatform(KeywordExecutor.groovy:72)
	at com.kms.katalon.core.webui.keyword.WebUiBuiltInKeywords.click(WebUiBuiltInKeywords.groovy:616)
	at com.kms.katalon.core.webui.keyword.WebUiBuiltInKeywords$click$3.call(Unknown Source)
	at Script1591092800879.run(Script1591092800879.groovy:35)
	... 13 more
)

2020-06-05 16:06:01 - [MESSAGE][INFO] - Unable to find the element located by 'By.xpath: //button[@id='securityButton']'. Please recheck the objects properties to make sure the desired element is located. 

2020-06-05 16:06:01 - [MESSAGE][FAILED] - Unable to click on object 'Object Repository/1612427/02_ChangePassword/Page_Town Square - minus Mattermost/button_Security' (Root cause: com.kms.katalon.core.exception.StepFailedException: Unable to click on object 'Object Repository/1612427/02_ChangePassword/Page_Town Square - minus Mattermost/button_Security'
	at com.kms.katalon.core.webui.keyword.internal.WebUIKeywordMain.stepFailed(WebUIKeywordMain.groovy:64)
	at com.kms.katalon.core.webui.keyword.internal.WebUIKeywordMain.runKeyword(WebUIKeywordMain.groovy:26)
	at com.kms.katalon.core.webui.keyword.builtin.ClickKeyword.click(ClickKeyword.groovy:76)
	at com.kms.katalon.core.webui.keyword.builtin.ClickKeyword.execute(ClickKeyword.groovy:43)
	at com.kms.katalon.core.keyword.internal.KeywordExecutor.executeKeywordForPlatform(KeywordExecutor.groovy:72)
	at com.kms.katalon.core.webui.keyword.WebUiBuiltInKeywords.click(WebUiBuiltInKeywords.groovy:616)
	at com.kms.katalon.core.webui.keyword.WebUiBuiltInKeywords$click$3.call(Unknown Source)
	at 02_ChangePassword.run(02_ChangePassword:35)
	at com.kms.katalon.core.main.ScriptEngine.run(ScriptEngine.java:194)
	at com.kms.katalon.core.main.ScriptEngine.runScriptAsRawText(ScriptEngine.java:119)
	at com.kms.katalon.core.main.TestCaseExecutor.runScript(TestCaseExecutor.java:337)
	at com.kms.katalon.core.main.TestCaseExecutor.doExecute(TestCaseExecutor.java:328)
	at com.kms.katalon.core.main.TestCaseExecutor.processExecutionPhase(TestCaseExecutor.java:307)
	at com.kms.katalon.core.main.TestCaseExecutor.accessMainPhase(TestCaseExecutor.java:299)
	at com.kms.katalon.core.main.TestCaseExecutor.execute(TestCaseExecutor.java:233)
	at com.kms.katalon.core.main.TestSuiteExecutor.accessTestCaseMainPhase(TestSuiteExecutor.java:169)
	at com.kms.katalon.core.main.TestSuiteExecutor.accessTestSuiteMainPhase(TestSuiteExecutor.java:142)
	at com.kms.katalon.core.main.TestSuiteExecutor.execute(TestSuiteExecutor.java:91)
	at com.kms.katalon.core.main.TestCaseMain.startTestSuite(TestCaseMain.java:157)
	at com.kms.katalon.core.main.TestCaseMain$startTestSuite$0.call(Unknown Source)
	at TempTestSuite1591347278292.run(TempTestSuite1591347278292.groovy:37)
Caused by: com.kms.katalon.core.webui.exception.WebElementNotFoundException: Web element with id: 'Object Repository/1612427/02_ChangePassword/Page_Town Square - minus Mattermost/button_Security' located by 'By.xpath: //button[@id='securityButton']' not found
	at com.kms.katalon.core.webui.common.WebUiCommonHelper.findWebElement(WebUiCommonHelper.java:1154)
	at com.kms.katalon.core.webui.keyword.internal.WebUIAbstractKeyword.findWebElement(WebUIAbstractKeyword.groovy:27)
	at com.kms.katalon.core.webui.keyword.internal.WebUIAbstractKeyword.findWebElement(WebUIAbstractKeyword.groovy:26)
	at com.kms.katalon.core.webui.keyword.builtin.ClickKeyword$_click_closure1.doCall(ClickKeyword.groovy:67)
	at com.kms.katalon.core.webui.keyword.builtin.ClickKeyword$_click_closure1.call(ClickKeyword.groovy)
	at com.kms.katalon.core.webui.keyword.internal.WebUIKeywordMain.runKeyword(WebUIKeywordMain.groovy:20)
	at com.kms.katalon.core.webui.keyword.builtin.ClickKeyword.click(ClickKeyword.groovy:76)
	at com.kms.katalon.core.webui.keyword.builtin.ClickKeyword.execute(ClickKeyword.groovy:43)
	at com.kms.katalon.core.keyword.internal.KeywordExecutor.executeKeywordForPlatform(KeywordExecutor.groovy:72)
	at com.kms.katalon.core.webui.keyword.WebUiBuiltInKeywords.click(WebUiBuiltInKeywords.groovy:616)
	at com.kms.katalon.core.webui.keyword.WebUiBuiltInKeywords$click$3.call(Unknown Source)
	at Script1591092800879.run(Script1591092800879.groovy:35)
	... 13 more
)
[[ATTACHMENT|C:\\Users\\Thanh\\Desktop\\github.com\\New folder (2)\\homeword02-mattermost-katalon\\Reports\\20200605_155438\\Run all test cases\\20200605_155438\\1591347961450.png]]]]></system-out>
         <system-err><![CDATA[2020-06-05 16:02:37 - [TEST_CASE][FAILED] - Test Cases/1612427/02_ChangePassword: Test Cases/1612427/02_ChangePassword FAILED.
Reason:
com.kms.katalon.core.exception.StepFailedException: Unable to click on object 'Object Repository/1612427/02_ChangePassword/Page_Town Square - minus Mattermost/button_Security'
	at com.kms.katalon.core.webui.keyword.internal.WebUIKeywordMain.stepFailed(WebUIKeywordMain.groovy:64)
	at com.kms.katalon.core.webui.keyword.internal.WebUIKeywordMain.runKeyword(WebUIKeywordMain.groovy:26)
	at com.kms.katalon.core.webui.keyword.builtin.ClickKeyword.click(ClickKeyword.groovy:76)
	at com.kms.katalon.core.webui.keyword.builtin.ClickKeyword.execute(ClickKeyword.groovy:43)
	at com.kms.katalon.core.keyword.internal.KeywordExecutor.executeKeywordForPlatform(KeywordExecutor.groovy:72)
	at com.kms.katalon.core.webui.keyword.WebUiBuiltInKeywords.click(WebUiBuiltInKeywords.groovy:616)
	at com.kms.katalon.core.webui.keyword.WebUiBuiltInKeywords$click$3.call(Unknown Source)
	at 02_ChangePassword.run(02_ChangePassword:35)
	at com.kms.katalon.core.main.ScriptEngine.run(ScriptEngine.java:194)
	at com.kms.katalon.core.main.ScriptEngine.runScriptAsRawText(ScriptEngine.java:119)
	at com.kms.katalon.core.main.TestCaseExecutor.runScript(TestCaseExecutor.java:337)
	at com.kms.katalon.core.main.TestCaseExecutor.doExecute(TestCaseExecutor.java:328)
	at com.kms.katalon.core.main.TestCaseExecutor.processExecutionPhase(TestCaseExecutor.java:307)
	at com.kms.katalon.core.main.TestCaseExecutor.accessMainPhase(TestCaseExecutor.java:299)
	at com.kms.katalon.core.main.TestCaseExecutor.execute(TestCaseExecutor.java:233)
	at com.kms.katalon.core.main.TestSuiteExecutor.accessTestCaseMainPhase(TestSuiteExecutor.java:169)
	at com.kms.katalon.core.main.TestSuiteExecutor.accessTestSuiteMainPhase(TestSuiteExecutor.java:142)
	at com.kms.katalon.core.main.TestSuiteExecutor.execute(TestSuiteExecutor.java:91)
	at com.kms.katalon.core.main.TestCaseMain.startTestSuite(TestCaseMain.java:157)
	at com.kms.katalon.core.main.TestCaseMain$startTestSuite$0.call(Unknown Source)
	at TempTestSuite1591347278292.run(TempTestSuite1591347278292.groovy:37)
Caused by: com.kms.katalon.core.webui.exception.WebElementNotFoundException: Web element with id: 'Object Repository/1612427/02_ChangePassword/Page_Town Square - minus Mattermost/button_Security' located by 'By.xpath: //button[@id='securityButton']' not found
	at com.kms.katalon.core.webui.common.WebUiCommonHelper.findWebElement(WebUiCommonHelper.java:1154)
	at com.kms.katalon.core.webui.keyword.internal.WebUIAbstractKeyword.findWebElement(WebUIAbstractKeyword.groovy:27)
	at com.kms.katalon.core.webui.keyword.internal.WebUIAbstractKeyword.findWebElement(WebUIAbstractKeyword.groovy:26)
	at com.kms.katalon.core.webui.keyword.builtin.ClickKeyword$_click_closure1.doCall(ClickKeyword.groovy:67)
	at com.kms.katalon.core.webui.keyword.builtin.ClickKeyword$_click_closure1.call(ClickKeyword.groovy)
	at com.kms.katalon.core.webui.keyword.internal.WebUIKeywordMain.runKeyword(WebUIKeywordMain.groovy:20)
	... 19 more]]></system-err>
      </testcase>
      <testcase name="Test Cases/1612427/02_ChangePassword" time="33.716" classname="Test Cases/1612427/02_ChangePassword" status="PASSED">
         <system-out><![CDATA[2020-06-05 16:06:01 - [TEST_CASE][PASSED] - Test Cases/1612427/02_ChangePassword: Test Cases/1612427/02_ChangePassword

2020-06-05 16:06:02 - [TEST_STEP][PASSED] - openBrowser(""): Browser is opened with url: ''

2020-06-05 16:06:02 - [MESSAGE][WARNING] - A browser is already opened. Closing browser and opening a new one

2020-06-05 16:06:03 - [MESSAGE][INFO] - Starting 'Chrome' driver

2020-06-05 16:06:03 - [MESSAGE][INFO] - Action delay is set to 0 milliseconds

2020-06-05 16:06:19 - [MESSAGE][PASSED] - Browser is opened with url: ''

2020-06-05 16:06:19 - [TEST_STEP][PASSED] - navigateToUrl("http://localhost:8065/login"): Navigate to 'http://localhost:8065/login' successfully

2020-06-05 16:06:21 - [MESSAGE][PASSED] - Navigate to 'http://localhost:8065/login' successfully

2020-06-05 16:06:21 - [TEST_STEP][PASSED] - setText(findTestObject("Object Repository/1612427/02_ChangePassword/Page_Mattermost/input_All team communication in one place s_703ef5"), "hcmus-cdnc"): Text 'hcmus-cdnc' is set on object 'Object Repository/1612427/02_ChangePassword/Page_Mattermost/input_All team communication in one place s_703ef5'

2020-06-05 16:06:23 - [MESSAGE][PASSED] - Text 'hcmus-cdnc' is set on object 'Object Repository/1612427/02_ChangePassword/Page_Mattermost/input_All team communication in one place s_703ef5'

2020-06-05 16:06:23 - [TEST_STEP][PASSED] - setEncryptedText(findTestObject("Object Repository/1612427/02_ChangePassword/Page_Mattermost/input_All team communication in one place s_2f2733"), "aeHFOx8jV/A="): Text ****** has been set on object 'Object Repository/1612427/02_ChangePassword/Page_Mattermost/input_All team communication in one place s_2f2733'

2020-06-05 16:06:24 - [MESSAGE][PASSED] - Text ****** has been set on object 'Object Repository/1612427/02_ChangePassword/Page_Mattermost/input_All team communication in one place s_2f2733'

2020-06-05 16:06:24 - [TEST_STEP][PASSED] - click(findTestObject("Object Repository/1612427/02_ChangePassword/Page_Mattermost/span_Sign in")): Object: 'Object Repository/1612427/02_ChangePassword/Page_Mattermost/span_Sign in' is clicked on

2020-06-05 16:06:24 - [MESSAGE][PASSED] - Object: 'Object Repository/1612427/02_ChangePassword/Page_Mattermost/span_Sign in' is clicked on

2020-06-05 16:06:24 - [TEST_STEP][PASSED] - click(findTestObject("Object Repository/1612427/02_ChangePassword/Page_Town Square - minus Mattermost/span")): Object: 'Object Repository/1612427/02_ChangePassword/Page_Town Square - minus Mattermost/span' is clicked on

2020-06-05 16:06:29 - [MESSAGE][PASSED] - Object: 'Object Repository/1612427/02_ChangePassword/Page_Town Square - minus Mattermost/span' is clicked on

2020-06-05 16:06:29 - [TEST_STEP][PASSED] - click(findTestObject("Object Repository/1612427/02_ChangePassword/Page_Town Square - minus Mattermost/span_Account Settings")): Object: 'Object Repository/1612427/02_ChangePassword/Page_Town Square - minus Mattermost/span_Account Settings' is clicked on

2020-06-05 16:06:30 - [MESSAGE][PASSED] - Object: 'Object Repository/1612427/02_ChangePassword/Page_Town Square - minus Mattermost/span_Account Settings' is clicked on

2020-06-05 16:06:30 - [TEST_STEP][PASSED] - click(findTestObject("Object Repository/1612427/02_ChangePassword/Page_Town Square - minus Mattermost/button_Security")): Object: 'Object Repository/1612427/02_ChangePassword/Page_Town Square - minus Mattermost/button_Security' is clicked on

2020-06-05 16:06:31 - [MESSAGE][PASSED] - Object: 'Object Repository/1612427/02_ChangePassword/Page_Town Square - minus Mattermost/button_Security' is clicked on

2020-06-05 16:06:31 - [TEST_STEP][PASSED] - click(findTestObject("Object Repository/1612427/02_ChangePassword/Page_Town Square - minus Mattermost/span_Edit")): Object: 'Object Repository/1612427/02_ChangePassword/Page_Town Square - minus Mattermost/span_Edit' is clicked on

2020-06-05 16:06:32 - [MESSAGE][PASSED] - Object: 'Object Repository/1612427/02_ChangePassword/Page_Town Square - minus Mattermost/span_Edit' is clicked on

2020-06-05 16:06:32 - [TEST_STEP][PASSED] - setEncryptedText(findTestObject("Object Repository/1612427/02_ChangePassword/Page_Town Square - minus Mattermost/input_Current Password_currentPassword"), password): Text ****** has been set on object 'Object Repository/1612427/02_ChangePassword/Page_Town Square - minus Mattermost/input_Current Password_currentPassword'

2020-06-05 16:06:32 - [MESSAGE][PASSED] - Text ****** has been set on object 'Object Repository/1612427/02_ChangePassword/Page_Town Square - minus Mattermost/input_Current Password_currentPassword'

2020-06-05 16:06:32 - [TEST_STEP][PASSED] - setEncryptedText(findTestObject("Object Repository/1612427/02_ChangePassword/Page_Town Square - minus Mattermost/input_New Password_newPassword"), new_password): Text ****** has been set on object 'Object Repository/1612427/02_ChangePassword/Page_Town Square - minus Mattermost/input_New Password_newPassword'

2020-06-05 16:06:33 - [MESSAGE][PASSED] - Text ****** has been set on object 'Object Repository/1612427/02_ChangePassword/Page_Town Square - minus Mattermost/input_New Password_newPassword'

2020-06-05 16:06:33 - [TEST_STEP][PASSED] - setEncryptedText(findTestObject("Object Repository/1612427/02_ChangePassword/Page_Town Square - minus Mattermost/input_Retype New Password_confirmPassword"), confirm_password): Text ****** has been set on object 'Object Repository/1612427/02_ChangePassword/Page_Town Square - minus Mattermost/input_Retype New Password_confirmPassword'

2020-06-05 16:06:34 - [MESSAGE][PASSED] - Text ****** has been set on object 'Object Repository/1612427/02_ChangePassword/Page_Town Square - minus Mattermost/input_Retype New Password_confirmPassword'

2020-06-05 16:06:34 - [TEST_STEP][PASSED] - click(findTestObject("Object Repository/1612427/02_ChangePassword/Page_Town Square - minus Mattermost/span_Save")): Object: 'Object Repository/1612427/02_ChangePassword/Page_Town Square - minus Mattermost/span_Save' is clicked on

2020-06-05 16:06:34 - [MESSAGE][PASSED] - Object: 'Object Repository/1612427/02_ChangePassword/Page_Town Square - minus Mattermost/span_Save' is clicked on

2020-06-05 16:06:34 - [TEST_STEP][PASSED] - closeBrowser(): Browser is closed

2020-06-05 16:06:35 - [MESSAGE][PASSED] - Browser is closed]]></system-out>
         <system-err><![CDATA[]]></system-err>
      </testcase>
      <testcase name="Test Cases/1612427/03_ChangeName" time="46.623" classname="Test Cases/1612427/03_ChangeName" status="FAILED">
         <failure type="FAILED" message="Test Cases/1612427/03_ChangeName FAILED.
Reason:
com.kms.katalon.core.exception.StepFailedException: Unable to click on object 'Object Repository/1612427/02_ChangePassword/Page_Town Square - minus Mattermost/span_Account Settings'
	at com.kms.katalon.core.webui.keyword.internal.WebUIKeywordMain.stepFailed(WebUIKeywordMain.groovy:64)
	at com.kms.katalon.core.webui.keyword.internal.WebUIKeywordMain.runKeyword(WebUIKeywordMain.groovy:26)
	at com.kms.katalon.core.webui.keyword.builtin.ClickKeyword.click(ClickKeyword.groovy:76)
	at com.kms.katalon.core.webui.keyword.builtin.ClickKeyword.execute(ClickKeyword.groovy:43)
	at com.kms.katalon.core.keyword.internal.KeywordExecutor.executeKeywordForPlatform(KeywordExecutor.groovy:72)
	at com.kms.katalon.core.webui.keyword.WebUiBuiltInKeywords.click(WebUiBuiltInKeywords.groovy:616)
	at com.kms.katalon.core.webui.keyword.WebUiBuiltInKeywords$click$3.call(Unknown Source)
	at 03_ChangeName.run(03_ChangeName:33)
	at com.kms.katalon.core.main.ScriptEngine.run(ScriptEngine.java:194)
	at com.kms.katalon.core.main.ScriptEngine.runScriptAsRawText(ScriptEngine.java:119)
	at com.kms.katalon.core.main.TestCaseExecutor.runScript(TestCaseExecutor.java:337)
	at com.kms.katalon.core.main.TestCaseExecutor.doExecute(TestCaseExecutor.java:328)
	at com.kms.katalon.core.main.TestCaseExecutor.processExecutionPhase(TestCaseExecutor.java:307)
	at com.kms.katalon.core.main.TestCaseExecutor.accessMainPhase(TestCaseExecutor.java:299)
	at com.kms.katalon.core.main.TestCaseExecutor.execute(TestCaseExecutor.java:233)
	at com.kms.katalon.core.main.TestSuiteExecutor.accessTestCaseMainPhase(TestSuiteExecutor.java:169)
	at com.kms.katalon.core.main.TestSuiteExecutor.accessTestSuiteMainPhase(TestSuiteExecutor.java:142)
	at com.kms.katalon.core.main.TestSuiteExecutor.execute(TestSuiteExecutor.java:91)
	at com.kms.katalon.core.main.TestCaseMain.startTestSuite(TestCaseMain.java:157)
	at com.kms.katalon.core.main.TestCaseMain$startTestSuite$0.call(Unknown Source)
	at TempTestSuite1591347278292.run(TempTestSuite1591347278292.groovy:37)
Caused by: org.openqa.selenium.ElementClickInterceptedException: element click intercepted: Element &lt;span class=&quot;MenuItem__primary-text&quot;>...&lt;/span> is not clickable at point (247, 114). Other element would receive the click: &lt;span>...&lt;/span>
  (Session info: chrome=83.0.4103.97)
Build info: version: '3.141.59', revision: 'e82be7d358', time: '2018-11-14T08:25:53'
System info: host: 'DESKTOP-SGC4F2H', ip: '172.25.32.1', os.name: 'Windows 10', os.arch: 'amd64', os.version: '10.0', java.version: '1.8.0_181'
Driver info: com.kms.katalon.selenium.driver.CChromeDriver
Capabilities {acceptInsecureCerts: false, browserName: chrome, browserVersion: 83.0.4103.97, chrome: {chromedriverVersion: 83.0.4103.39 (ccbf011cb2d2b..., userDataDir: C:\Users\Thanh\AppData\Loca...}, goog:chromeOptions: {debuggerAddress: localhost:55406}, javascriptEnabled: true, networkConnectionEnabled: false, pageLoadStrategy: normal, platform: WINDOWS, platformName: WINDOWS, proxy: Proxy(), setWindowRect: true, strictFileInteractability: false, timeouts: {implicit: 0, pageLoad: 300000, script: 30000}, unhandledPromptBehavior: dismiss and notify, webauthn:virtualAuthenticators: true}
Session ID: f7505247646e0d313378eebc00f57c3c
	at org.openqa.selenium.remote.http.W3CHttpResponseCodec.createException(W3CHttpResponseCodec.java:187)
	at org.openqa.selenium.remote.http.W3CHttpResponseCodec.decode(W3CHttpResponseCodec.java:122)
	at org.openqa.selenium.remote.http.W3CHttpResponseCodec.decode(W3CHttpResponseCodec.java:49)
	at org.openqa.selenium.remote.HttpCommandExecutor.execute(HttpCommandExecutor.java:158)
	at org.openqa.selenium.remote.service.DriverCommandExecutor.execute(DriverCommandExecutor.java:83)
	at org.openqa.selenium.remote.RemoteWebDriver.execute(RemoteWebDriver.java:552)
	at com.kms.katalon.selenium.driver.CChromeDriver.execute(CChromeDriver.java:19)
	at org.openqa.selenium.remote.RemoteWebElement.execute(RemoteWebElement.java:285)
	at org.openqa.selenium.remote.RemoteWebElement.click(RemoteWebElement.java:84)
	at org.openqa.selenium.support.events.EventFiringWebDriver$EventFiringWebElement.lambda$new$0(EventFiringWebDriver.java:404)
	at com.sun.proxy.$Proxy9.click(Unknown Source)
	at org.openqa.selenium.support.events.EventFiringWebDriver$EventFiringWebElement.click(EventFiringWebDriver.java:417)
	at com.kms.katalon.core.webui.keyword.builtin.ClickKeyword$_click_closure1.doCall(ClickKeyword.groovy:69)
	at com.kms.katalon.core.webui.keyword.builtin.ClickKeyword$_click_closure1.call(ClickKeyword.groovy)
	at com.kms.katalon.core.webui.keyword.internal.WebUIKeywordMain.runKeyword(WebUIKeywordMain.groovy:20)
	... 19 more
"/>
         <system-out><![CDATA[2020-06-05 16:06:35 - [TEST_CASE][FAILED] - Test Cases/1612427/03_ChangeName: Test Cases/1612427/03_ChangeName FAILED.
Reason:
com.kms.katalon.core.exception.StepFailedException: Unable to click on object 'Object Repository/1612427/02_ChangePassword/Page_Town Square - minus Mattermost/span_Account Settings'
	at com.kms.katalon.core.webui.keyword.internal.WebUIKeywordMain.stepFailed(WebUIKeywordMain.groovy:64)
	at com.kms.katalon.core.webui.keyword.internal.WebUIKeywordMain.runKeyword(WebUIKeywordMain.groovy:26)
	at com.kms.katalon.core.webui.keyword.builtin.ClickKeyword.click(ClickKeyword.groovy:76)
	at com.kms.katalon.core.webui.keyword.builtin.ClickKeyword.execute(ClickKeyword.groovy:43)
	at com.kms.katalon.core.keyword.internal.KeywordExecutor.executeKeywordForPlatform(KeywordExecutor.groovy:72)
	at com.kms.katalon.core.webui.keyword.WebUiBuiltInKeywords.click(WebUiBuiltInKeywords.groovy:616)
	at com.kms.katalon.core.webui.keyword.WebUiBuiltInKeywords$click$3.call(Unknown Source)
	at 03_ChangeName.run(03_ChangeName:33)
	at com.kms.katalon.core.main.ScriptEngine.run(ScriptEngine.java:194)
	at com.kms.katalon.core.main.ScriptEngine.runScriptAsRawText(ScriptEngine.java:119)
	at com.kms.katalon.core.main.TestCaseExecutor.runScript(TestCaseExecutor.java:337)
	at com.kms.katalon.core.main.TestCaseExecutor.doExecute(TestCaseExecutor.java:328)
	at com.kms.katalon.core.main.TestCaseExecutor.processExecutionPhase(TestCaseExecutor.java:307)
	at com.kms.katalon.core.main.TestCaseExecutor.accessMainPhase(TestCaseExecutor.java:299)
	at com.kms.katalon.core.main.TestCaseExecutor.execute(TestCaseExecutor.java:233)
	at com.kms.katalon.core.main.TestSuiteExecutor.accessTestCaseMainPhase(TestSuiteExecutor.java:169)
	at com.kms.katalon.core.main.TestSuiteExecutor.accessTestSuiteMainPhase(TestSuiteExecutor.java:142)
	at com.kms.katalon.core.main.TestSuiteExecutor.execute(TestSuiteExecutor.java:91)
	at com.kms.katalon.core.main.TestCaseMain.startTestSuite(TestCaseMain.java:157)
	at com.kms.katalon.core.main.TestCaseMain$startTestSuite$0.call(Unknown Source)
	at TempTestSuite1591347278292.run(TempTestSuite1591347278292.groovy:37)
Caused by: org.openqa.selenium.ElementClickInterceptedException: element click intercepted: Element <span class="MenuItem__primary-text">...</span> is not clickable at point (247, 114). Other element would receive the click: <span>...</span>
  (Session info: chrome=83.0.4103.97)
Build info: version: '3.141.59', revision: 'e82be7d358', time: '2018-11-14T08:25:53'
System info: host: 'DESKTOP-SGC4F2H', ip: '172.25.32.1', os.name: 'Windows 10', os.arch: 'amd64', os.version: '10.0', java.version: '1.8.0_181'
Driver info: com.kms.katalon.selenium.driver.CChromeDriver
Capabilities {acceptInsecureCerts: false, browserName: chrome, browserVersion: 83.0.4103.97, chrome: {chromedriverVersion: 83.0.4103.39 (ccbf011cb2d2b..., userDataDir: C:\Users\Thanh\AppData\Loca...}, goog:chromeOptions: {debuggerAddress: localhost:55406}, javascriptEnabled: true, networkConnectionEnabled: false, pageLoadStrategy: normal, platform: WINDOWS, platformName: WINDOWS, proxy: Proxy(), setWindowRect: true, strictFileInteractability: false, timeouts: {implicit: 0, pageLoad: 300000, script: 30000}, unhandledPromptBehavior: dismiss and notify, webauthn:virtualAuthenticators: true}
Session ID: f7505247646e0d313378eebc00f57c3c
	at org.openqa.selenium.remote.http.W3CHttpResponseCodec.createException(W3CHttpResponseCodec.java:187)
	at org.openqa.selenium.remote.http.W3CHttpResponseCodec.decode(W3CHttpResponseCodec.java:122)
	at org.openqa.selenium.remote.http.W3CHttpResponseCodec.decode(W3CHttpResponseCodec.java:49)
	at org.openqa.selenium.remote.HttpCommandExecutor.execute(HttpCommandExecutor.java:158)
	at org.openqa.selenium.remote.service.DriverCommandExecutor.execute(DriverCommandExecutor.java:83)
	at org.openqa.selenium.remote.RemoteWebDriver.execute(RemoteWebDriver.java:552)
	at com.kms.katalon.selenium.driver.CChromeDriver.execute(CChromeDriver.java:19)
	at org.openqa.selenium.remote.RemoteWebElement.execute(RemoteWebElement.java:285)
	at org.openqa.selenium.remote.RemoteWebElement.click(RemoteWebElement.java:84)
	at org.openqa.selenium.support.events.EventFiringWebDriver$EventFiringWebElement.lambda$new$0(EventFiringWebDriver.java:404)
	at com.sun.proxy.$Proxy9.click(Unknown Source)
	at org.openqa.selenium.support.events.EventFiringWebDriver$EventFiringWebElement.click(EventFiringWebDriver.java:417)
	at com.kms.katalon.core.webui.keyword.builtin.ClickKeyword$_click_closure1.doCall(ClickKeyword.groovy:69)
	at com.kms.katalon.core.webui.keyword.builtin.ClickKeyword$_click_closure1.call(ClickKeyword.groovy)
	at com.kms.katalon.core.webui.keyword.internal.WebUIKeywordMain.runKeyword(WebUIKeywordMain.groovy:20)
	... 19 more


2020-06-05 16:06:37 - [TEST_STEP][PASSED] - openBrowser(""): Browser is opened with url: ''

2020-06-05 16:06:37 - [MESSAGE][INFO] - Starting 'Chrome' driver

2020-06-05 16:06:37 - [MESSAGE][INFO] - Action delay is set to 0 milliseconds

2020-06-05 16:06:42 - [MESSAGE][PASSED] - Browser is opened with url: ''

2020-06-05 16:06:42 - [TEST_STEP][PASSED] - navigateToUrl("http://localhost:8065/login"): Navigate to 'http://localhost:8065/login' successfully

2020-06-05 16:07:02 - [MESSAGE][PASSED] - Navigate to 'http://localhost:8065/login' successfully

2020-06-05 16:07:02 - [TEST_STEP][PASSED] - setText(findTestObject("Object Repository/1612427/02_ChangePassword/Page_Mattermost/input_All team communication in one place s_703ef5"), "hcmus-cdnc"): Text 'hcmus-cdnc' is set on object 'Object Repository/1612427/02_ChangePassword/Page_Mattermost/input_All team communication in one place s_703ef5'

2020-06-05 16:07:06 - [MESSAGE][PASSED] - Text 'hcmus-cdnc' is set on object 'Object Repository/1612427/02_ChangePassword/Page_Mattermost/input_All team communication in one place s_703ef5'

2020-06-05 16:07:06 - [TEST_STEP][PASSED] - setEncryptedText(findTestObject("Object Repository/1612427/02_ChangePassword/Page_Mattermost/input_All team communication in one place s_2f2733"), "aeHFOx8jV/A="): Text ****** has been set on object 'Object Repository/1612427/02_ChangePassword/Page_Mattermost/input_All team communication in one place s_2f2733'

2020-06-05 16:07:10 - [MESSAGE][PASSED] - Text ****** has been set on object 'Object Repository/1612427/02_ChangePassword/Page_Mattermost/input_All team communication in one place s_2f2733'

2020-06-05 16:07:10 - [TEST_STEP][PASSED] - click(findTestObject("Object Repository/1612427/02_ChangePassword/Page_Mattermost/span_Sign in")): Object: 'Object Repository/1612427/02_ChangePassword/Page_Mattermost/span_Sign in' is clicked on

2020-06-05 16:07:12 - [MESSAGE][PASSED] - Object: 'Object Repository/1612427/02_ChangePassword/Page_Mattermost/span_Sign in' is clicked on

2020-06-05 16:07:12 - [TEST_STEP][PASSED] - click(findTestObject("Object Repository/1612427/02_ChangePassword/Page_Town Square - minus Mattermost/span")): Object: 'Object Repository/1612427/02_ChangePassword/Page_Town Square - minus Mattermost/span' is clicked on

2020-06-05 16:07:19 - [MESSAGE][PASSED] - Object: 'Object Repository/1612427/02_ChangePassword/Page_Town Square - minus Mattermost/span' is clicked on

2020-06-05 16:07:19 - [TEST_STEP][FAILED] - click(findTestObject("Object Repository/1612427/02_ChangePassword/Page_Town Square - minus Mattermost/span_Account Settings")): Unable to click on object 'Object Repository/1612427/02_ChangePassword/Page_Town Square - minus Mattermost/span_Account Settings' (Root cause: com.kms.katalon.core.exception.StepFailedException: Unable to click on object 'Object Repository/1612427/02_ChangePassword/Page_Town Square - minus Mattermost/span_Account Settings'
	at com.kms.katalon.core.webui.keyword.internal.WebUIKeywordMain.stepFailed(WebUIKeywordMain.groovy:64)
	at com.kms.katalon.core.webui.keyword.internal.WebUIKeywordMain.runKeyword(WebUIKeywordMain.groovy:26)
	at com.kms.katalon.core.webui.keyword.builtin.ClickKeyword.click(ClickKeyword.groovy:76)
	at com.kms.katalon.core.webui.keyword.builtin.ClickKeyword.execute(ClickKeyword.groovy:43)
	at com.kms.katalon.core.keyword.internal.KeywordExecutor.executeKeywordForPlatform(KeywordExecutor.groovy:72)
	at com.kms.katalon.core.webui.keyword.WebUiBuiltInKeywords.click(WebUiBuiltInKeywords.groovy:616)
	at com.kms.katalon.core.webui.keyword.WebUiBuiltInKeywords$click$3.call(Unknown Source)
	at 03_ChangeName.run(03_ChangeName:33)
	at com.kms.katalon.core.main.ScriptEngine.run(ScriptEngine.java:194)
	at com.kms.katalon.core.main.ScriptEngine.runScriptAsRawText(ScriptEngine.java:119)
	at com.kms.katalon.core.main.TestCaseExecutor.runScript(TestCaseExecutor.java:337)
	at com.kms.katalon.core.main.TestCaseExecutor.doExecute(TestCaseExecutor.java:328)
	at com.kms.katalon.core.main.TestCaseExecutor.processExecutionPhase(TestCaseExecutor.java:307)
	at com.kms.katalon.core.main.TestCaseExecutor.accessMainPhase(TestCaseExecutor.java:299)
	at com.kms.katalon.core.main.TestCaseExecutor.execute(TestCaseExecutor.java:233)
	at com.kms.katalon.core.main.TestSuiteExecutor.accessTestCaseMainPhase(TestSuiteExecutor.java:169)
	at com.kms.katalon.core.main.TestSuiteExecutor.accessTestSuiteMainPhase(TestSuiteExecutor.java:142)
	at com.kms.katalon.core.main.TestSuiteExecutor.execute(TestSuiteExecutor.java:91)
	at com.kms.katalon.core.main.TestCaseMain.startTestSuite(TestCaseMain.java:157)
	at com.kms.katalon.core.main.TestCaseMain$startTestSuite$0.call(Unknown Source)
	at TempTestSuite1591347278292.run(TempTestSuite1591347278292.groovy:37)
Caused by: org.openqa.selenium.ElementClickInterceptedException: element click intercepted: Element <span class="MenuItem__primary-text">...</span> is not clickable at point (247, 114). Other element would receive the click: <span>...</span>
  (Session info: chrome=83.0.4103.97)
Build info: version: '3.141.59', revision: 'e82be7d358', time: '2018-11-14T08:25:53'
System info: host: 'DESKTOP-SGC4F2H', ip: '172.25.32.1', os.name: 'Windows 10', os.arch: 'amd64', os.version: '10.0', java.version: '1.8.0_181'
Driver info: com.kms.katalon.selenium.driver.CChromeDriver
Capabilities {acceptInsecureCerts: false, browserName: chrome, browserVersion: 83.0.4103.97, chrome: {chromedriverVersion: 83.0.4103.39 (ccbf011cb2d2b..., userDataDir: C:\Users\Thanh\AppData\Loca...}, goog:chromeOptions: {debuggerAddress: localhost:55406}, javascriptEnabled: true, networkConnectionEnabled: false, pageLoadStrategy: normal, platform: WINDOWS, platformName: WINDOWS, proxy: Proxy(), setWindowRect: true, strictFileInteractability: false, timeouts: {implicit: 0, pageLoad: 300000, script: 30000}, unhandledPromptBehavior: dismiss and notify, webauthn:virtualAuthenticators: true}
Session ID: f7505247646e0d313378eebc00f57c3c
	at org.openqa.selenium.remote.http.W3CHttpResponseCodec.createException(W3CHttpResponseCodec.java:187)
	at org.openqa.selenium.remote.http.W3CHttpResponseCodec.decode(W3CHttpResponseCodec.java:122)
	at org.openqa.selenium.remote.http.W3CHttpResponseCodec.decode(W3CHttpResponseCodec.java:49)
	at org.openqa.selenium.remote.HttpCommandExecutor.execute(HttpCommandExecutor.java:158)
	at org.openqa.selenium.remote.service.DriverCommandExecutor.execute(DriverCommandExecutor.java:83)
	at org.openqa.selenium.remote.RemoteWebDriver.execute(RemoteWebDriver.java:552)
	at com.kms.katalon.selenium.driver.CChromeDriver.execute(CChromeDriver.java:19)
	at org.openqa.selenium.remote.RemoteWebElement.execute(RemoteWebElement.java:285)
	at org.openqa.selenium.remote.RemoteWebElement.click(RemoteWebElement.java:84)
	at org.openqa.selenium.support.events.EventFiringWebDriver$EventFiringWebElement.lambda$new$0(EventFiringWebDriver.java:404)
	at com.sun.proxy.$Proxy9.click(Unknown Source)
	at org.openqa.selenium.support.events.EventFiringWebDriver$EventFiringWebElement.click(EventFiringWebDriver.java:417)
	at com.kms.katalon.core.webui.keyword.builtin.ClickKeyword$_click_closure1.doCall(ClickKeyword.groovy:69)
	at com.kms.katalon.core.webui.keyword.builtin.ClickKeyword$_click_closure1.call(ClickKeyword.groovy)
	at com.kms.katalon.core.webui.keyword.internal.WebUIKeywordMain.runKeyword(WebUIKeywordMain.groovy:20)
	at com.kms.katalon.core.webui.keyword.builtin.ClickKeyword.click(ClickKeyword.groovy:76)
	at com.kms.katalon.core.webui.keyword.builtin.ClickKeyword.execute(ClickKeyword.groovy:43)
	at com.kms.katalon.core.keyword.internal.KeywordExecutor.executeKeywordForPlatform(KeywordExecutor.groovy:72)
	at com.kms.katalon.core.webui.keyword.WebUiBuiltInKeywords.click(WebUiBuiltInKeywords.groovy:616)
	at com.kms.katalon.core.webui.keyword.WebUiBuiltInKeywords$click$3.call(Unknown Source)
	at Script1591095074500.run(Script1591095074500.groovy:33)
	... 13 more
)

2020-06-05 16:07:22 - [MESSAGE][FAILED] - Unable to click on object 'Object Repository/1612427/02_ChangePassword/Page_Town Square - minus Mattermost/span_Account Settings' (Root cause: com.kms.katalon.core.exception.StepFailedException: Unable to click on object 'Object Repository/1612427/02_ChangePassword/Page_Town Square - minus Mattermost/span_Account Settings'
	at com.kms.katalon.core.webui.keyword.internal.WebUIKeywordMain.stepFailed(WebUIKeywordMain.groovy:64)
	at com.kms.katalon.core.webui.keyword.internal.WebUIKeywordMain.runKeyword(WebUIKeywordMain.groovy:26)
	at com.kms.katalon.core.webui.keyword.builtin.ClickKeyword.click(ClickKeyword.groovy:76)
	at com.kms.katalon.core.webui.keyword.builtin.ClickKeyword.execute(ClickKeyword.groovy:43)
	at com.kms.katalon.core.keyword.internal.KeywordExecutor.executeKeywordForPlatform(KeywordExecutor.groovy:72)
	at com.kms.katalon.core.webui.keyword.WebUiBuiltInKeywords.click(WebUiBuiltInKeywords.groovy:616)
	at com.kms.katalon.core.webui.keyword.WebUiBuiltInKeywords$click$3.call(Unknown Source)
	at 03_ChangeName.run(03_ChangeName:33)
	at com.kms.katalon.core.main.ScriptEngine.run(ScriptEngine.java:194)
	at com.kms.katalon.core.main.ScriptEngine.runScriptAsRawText(ScriptEngine.java:119)
	at com.kms.katalon.core.main.TestCaseExecutor.runScript(TestCaseExecutor.java:337)
	at com.kms.katalon.core.main.TestCaseExecutor.doExecute(TestCaseExecutor.java:328)
	at com.kms.katalon.core.main.TestCaseExecutor.processExecutionPhase(TestCaseExecutor.java:307)
	at com.kms.katalon.core.main.TestCaseExecutor.accessMainPhase(TestCaseExecutor.java:299)
	at com.kms.katalon.core.main.TestCaseExecutor.execute(TestCaseExecutor.java:233)
	at com.kms.katalon.core.main.TestSuiteExecutor.accessTestCaseMainPhase(TestSuiteExecutor.java:169)
	at com.kms.katalon.core.main.TestSuiteExecutor.accessTestSuiteMainPhase(TestSuiteExecutor.java:142)
	at com.kms.katalon.core.main.TestSuiteExecutor.execute(TestSuiteExecutor.java:91)
	at com.kms.katalon.core.main.TestCaseMain.startTestSuite(TestCaseMain.java:157)
	at com.kms.katalon.core.main.TestCaseMain$startTestSuite$0.call(Unknown Source)
	at TempTestSuite1591347278292.run(TempTestSuite1591347278292.groovy:37)
Caused by: org.openqa.selenium.ElementClickInterceptedException: element click intercepted: Element <span class="MenuItem__primary-text">...</span> is not clickable at point (247, 114). Other element would receive the click: <span>...</span>
  (Session info: chrome=83.0.4103.97)
Build info: version: '3.141.59', revision: 'e82be7d358', time: '2018-11-14T08:25:53'
System info: host: 'DESKTOP-SGC4F2H', ip: '172.25.32.1', os.name: 'Windows 10', os.arch: 'amd64', os.version: '10.0', java.version: '1.8.0_181'
Driver info: com.kms.katalon.selenium.driver.CChromeDriver
Capabilities {acceptInsecureCerts: false, browserName: chrome, browserVersion: 83.0.4103.97, chrome: {chromedriverVersion: 83.0.4103.39 (ccbf011cb2d2b..., userDataDir: C:\Users\Thanh\AppData\Loca...}, goog:chromeOptions: {debuggerAddress: localhost:55406}, javascriptEnabled: true, networkConnectionEnabled: false, pageLoadStrategy: normal, platform: WINDOWS, platformName: WINDOWS, proxy: Proxy(), setWindowRect: true, strictFileInteractability: false, timeouts: {implicit: 0, pageLoad: 300000, script: 30000}, unhandledPromptBehavior: dismiss and notify, webauthn:virtualAuthenticators: true}
Session ID: f7505247646e0d313378eebc00f57c3c
	at org.openqa.selenium.remote.http.W3CHttpResponseCodec.createException(W3CHttpResponseCodec.java:187)
	at org.openqa.selenium.remote.http.W3CHttpResponseCodec.decode(W3CHttpResponseCodec.java:122)
	at org.openqa.selenium.remote.http.W3CHttpResponseCodec.decode(W3CHttpResponseCodec.java:49)
	at org.openqa.selenium.remote.HttpCommandExecutor.execute(HttpCommandExecutor.java:158)
	at org.openqa.selenium.remote.service.DriverCommandExecutor.execute(DriverCommandExecutor.java:83)
	at org.openqa.selenium.remote.RemoteWebDriver.execute(RemoteWebDriver.java:552)
	at com.kms.katalon.selenium.driver.CChromeDriver.execute(CChromeDriver.java:19)
	at org.openqa.selenium.remote.RemoteWebElement.execute(RemoteWebElement.java:285)
	at org.openqa.selenium.remote.RemoteWebElement.click(RemoteWebElement.java:84)
	at org.openqa.selenium.support.events.EventFiringWebDriver$EventFiringWebElement.lambda$new$0(EventFiringWebDriver.java:404)
	at com.sun.proxy.$Proxy9.click(Unknown Source)
	at org.openqa.selenium.support.events.EventFiringWebDriver$EventFiringWebElement.click(EventFiringWebDriver.java:417)
	at com.kms.katalon.core.webui.keyword.builtin.ClickKeyword$_click_closure1.doCall(ClickKeyword.groovy:69)
	at com.kms.katalon.core.webui.keyword.builtin.ClickKeyword$_click_closure1.call(ClickKeyword.groovy)
	at com.kms.katalon.core.webui.keyword.internal.WebUIKeywordMain.runKeyword(WebUIKeywordMain.groovy:20)
	at com.kms.katalon.core.webui.keyword.builtin.ClickKeyword.click(ClickKeyword.groovy:76)
	at com.kms.katalon.core.webui.keyword.builtin.ClickKeyword.execute(ClickKeyword.groovy:43)
	at com.kms.katalon.core.keyword.internal.KeywordExecutor.executeKeywordForPlatform(KeywordExecutor.groovy:72)
	at com.kms.katalon.core.webui.keyword.WebUiBuiltInKeywords.click(WebUiBuiltInKeywords.groovy:616)
	at com.kms.katalon.core.webui.keyword.WebUiBuiltInKeywords$click$3.call(Unknown Source)
	at Script1591095074500.run(Script1591095074500.groovy:33)
	... 13 more
)
[[ATTACHMENT|C:\\Users\\Thanh\\Desktop\\github.com\\New folder (2)\\homeword02-mattermost-katalon\\Reports\\20200605_155438\\Run all test cases\\20200605_155438\\1591348042054.png]]]]></system-out>
         <system-err><![CDATA[2020-06-05 16:06:35 - [TEST_CASE][FAILED] - Test Cases/1612427/03_ChangeName: Test Cases/1612427/03_ChangeName FAILED.
Reason:
com.kms.katalon.core.exception.StepFailedException: Unable to click on object 'Object Repository/1612427/02_ChangePassword/Page_Town Square - minus Mattermost/span_Account Settings'
	at com.kms.katalon.core.webui.keyword.internal.WebUIKeywordMain.stepFailed(WebUIKeywordMain.groovy:64)
	at com.kms.katalon.core.webui.keyword.internal.WebUIKeywordMain.runKeyword(WebUIKeywordMain.groovy:26)
	at com.kms.katalon.core.webui.keyword.builtin.ClickKeyword.click(ClickKeyword.groovy:76)
	at com.kms.katalon.core.webui.keyword.builtin.ClickKeyword.execute(ClickKeyword.groovy:43)
	at com.kms.katalon.core.keyword.internal.KeywordExecutor.executeKeywordForPlatform(KeywordExecutor.groovy:72)
	at com.kms.katalon.core.webui.keyword.WebUiBuiltInKeywords.click(WebUiBuiltInKeywords.groovy:616)
	at com.kms.katalon.core.webui.keyword.WebUiBuiltInKeywords$click$3.call(Unknown Source)
	at 03_ChangeName.run(03_ChangeName:33)
	at com.kms.katalon.core.main.ScriptEngine.run(ScriptEngine.java:194)
	at com.kms.katalon.core.main.ScriptEngine.runScriptAsRawText(ScriptEngine.java:119)
	at com.kms.katalon.core.main.TestCaseExecutor.runScript(TestCaseExecutor.java:337)
	at com.kms.katalon.core.main.TestCaseExecutor.doExecute(TestCaseExecutor.java:328)
	at com.kms.katalon.core.main.TestCaseExecutor.processExecutionPhase(TestCaseExecutor.java:307)
	at com.kms.katalon.core.main.TestCaseExecutor.accessMainPhase(TestCaseExecutor.java:299)
	at com.kms.katalon.core.main.TestCaseExecutor.execute(TestCaseExecutor.java:233)
	at com.kms.katalon.core.main.TestSuiteExecutor.accessTestCaseMainPhase(TestSuiteExecutor.java:169)
	at com.kms.katalon.core.main.TestSuiteExecutor.accessTestSuiteMainPhase(TestSuiteExecutor.java:142)
	at com.kms.katalon.core.main.TestSuiteExecutor.execute(TestSuiteExecutor.java:91)
	at com.kms.katalon.core.main.TestCaseMain.startTestSuite(TestCaseMain.java:157)
	at com.kms.katalon.core.main.TestCaseMain$startTestSuite$0.call(Unknown Source)
	at TempTestSuite1591347278292.run(TempTestSuite1591347278292.groovy:37)
Caused by: org.openqa.selenium.ElementClickInterceptedException: element click intercepted: Element <span class="MenuItem__primary-text">...</span> is not clickable at point (247, 114). Other element would receive the click: <span>...</span>
  (Session info: chrome=83.0.4103.97)
Build info: version: '3.141.59', revision: 'e82be7d358', time: '2018-11-14T08:25:53'
System info: host: 'DESKTOP-SGC4F2H', ip: '172.25.32.1', os.name: 'Windows 10', os.arch: 'amd64', os.version: '10.0', java.version: '1.8.0_181'
Driver info: com.kms.katalon.selenium.driver.CChromeDriver
Capabilities {acceptInsecureCerts: false, browserName: chrome, browserVersion: 83.0.4103.97, chrome: {chromedriverVersion: 83.0.4103.39 (ccbf011cb2d2b..., userDataDir: C:\Users\Thanh\AppData\Loca...}, goog:chromeOptions: {debuggerAddress: localhost:55406}, javascriptEnabled: true, networkConnectionEnabled: false, pageLoadStrategy: normal, platform: WINDOWS, platformName: WINDOWS, proxy: Proxy(), setWindowRect: true, strictFileInteractability: false, timeouts: {implicit: 0, pageLoad: 300000, script: 30000}, unhandledPromptBehavior: dismiss and notify, webauthn:virtualAuthenticators: true}
Session ID: f7505247646e0d313378eebc00f57c3c
	at org.openqa.selenium.remote.http.W3CHttpResponseCodec.createException(W3CHttpResponseCodec.java:187)
	at org.openqa.selenium.remote.http.W3CHttpResponseCodec.decode(W3CHttpResponseCodec.java:122)
	at org.openqa.selenium.remote.http.W3CHttpResponseCodec.decode(W3CHttpResponseCodec.java:49)
	at org.openqa.selenium.remote.HttpCommandExecutor.execute(HttpCommandExecutor.java:158)
	at org.openqa.selenium.remote.service.DriverCommandExecutor.execute(DriverCommandExecutor.java:83)
	at org.openqa.selenium.remote.RemoteWebDriver.execute(RemoteWebDriver.java:552)
	at com.kms.katalon.selenium.driver.CChromeDriver.execute(CChromeDriver.java:19)
	at org.openqa.selenium.remote.RemoteWebElement.execute(RemoteWebElement.java:285)
	at org.openqa.selenium.remote.RemoteWebElement.click(RemoteWebElement.java:84)
	at org.openqa.selenium.support.events.EventFiringWebDriver$EventFiringWebElement.lambda$new$0(EventFiringWebDriver.java:404)
	at com.sun.proxy.$Proxy9.click(Unknown Source)
	at org.openqa.selenium.support.events.EventFiringWebDriver$EventFiringWebElement.click(EventFiringWebDriver.java:417)
	at com.kms.katalon.core.webui.keyword.builtin.ClickKeyword$_click_closure1.doCall(ClickKeyword.groovy:69)
	at com.kms.katalon.core.webui.keyword.builtin.ClickKeyword$_click_closure1.call(ClickKeyword.groovy)
	at com.kms.katalon.core.webui.keyword.internal.WebUIKeywordMain.runKeyword(WebUIKeywordMain.groovy:20)
	... 19 more]]></system-err>
      </testcase>
      <testcase name="Test Cases/1612427/03_ChangeName" time="51.609" classname="Test Cases/1612427/03_ChangeName" status="FAILED">
         <failure type="FAILED" message="Test Cases/1612427/03_ChangeName FAILED.
Reason:
com.kms.katalon.core.exception.StepFailedException: Unable to click on object 'Object Repository/1612427/02_ChangePassword/Page_Town Square - minus Mattermost/span_Account Settings'
	at com.kms.katalon.core.webui.keyword.internal.WebUIKeywordMain.stepFailed(WebUIKeywordMain.groovy:64)
	at com.kms.katalon.core.webui.keyword.internal.WebUIKeywordMain.runKeyword(WebUIKeywordMain.groovy:26)
	at com.kms.katalon.core.webui.keyword.builtin.ClickKeyword.click(ClickKeyword.groovy:76)
	at com.kms.katalon.core.webui.keyword.builtin.ClickKeyword.execute(ClickKeyword.groovy:43)
	at com.kms.katalon.core.keyword.internal.KeywordExecutor.executeKeywordForPlatform(KeywordExecutor.groovy:72)
	at com.kms.katalon.core.webui.keyword.WebUiBuiltInKeywords.click(WebUiBuiltInKeywords.groovy:616)
	at com.kms.katalon.core.webui.keyword.WebUiBuiltInKeywords$click$3.call(Unknown Source)
	at 03_ChangeName.run(03_ChangeName:33)
	at com.kms.katalon.core.main.ScriptEngine.run(ScriptEngine.java:194)
	at com.kms.katalon.core.main.ScriptEngine.runScriptAsRawText(ScriptEngine.java:119)
	at com.kms.katalon.core.main.TestCaseExecutor.runScript(TestCaseExecutor.java:337)
	at com.kms.katalon.core.main.TestCaseExecutor.doExecute(TestCaseExecutor.java:328)
	at com.kms.katalon.core.main.TestCaseExecutor.processExecutionPhase(TestCaseExecutor.java:307)
	at com.kms.katalon.core.main.TestCaseExecutor.accessMainPhase(TestCaseExecutor.java:299)
	at com.kms.katalon.core.main.TestCaseExecutor.execute(TestCaseExecutor.java:233)
	at com.kms.katalon.core.main.TestSuiteExecutor.accessTestCaseMainPhase(TestSuiteExecutor.java:169)
	at com.kms.katalon.core.main.TestSuiteExecutor.accessTestSuiteMainPhase(TestSuiteExecutor.java:142)
	at com.kms.katalon.core.main.TestSuiteExecutor.execute(TestSuiteExecutor.java:91)
	at com.kms.katalon.core.main.TestCaseMain.startTestSuite(TestCaseMain.java:157)
	at com.kms.katalon.core.main.TestCaseMain$startTestSuite$0.call(Unknown Source)
	at TempTestSuite1591347278292.run(TempTestSuite1591347278292.groovy:37)
Caused by: org.openqa.selenium.ElementClickInterceptedException: element click intercepted: Element &lt;span class=&quot;MenuItem__primary-text&quot;>...&lt;/span> is not clickable at point (247, 114). Other element would receive the click: &lt;span>...&lt;/span>
  (Session info: chrome=83.0.4103.97)
Build info: version: '3.141.59', revision: 'e82be7d358', time: '2018-11-14T08:25:53'
System info: host: 'DESKTOP-SGC4F2H', ip: '172.25.32.1', os.name: 'Windows 10', os.arch: 'amd64', os.version: '10.0', java.version: '1.8.0_181'
Driver info: com.kms.katalon.selenium.driver.CChromeDriver
Capabilities {acceptInsecureCerts: false, browserName: chrome, browserVersion: 83.0.4103.97, chrome: {chromedriverVersion: 83.0.4103.39 (ccbf011cb2d2b..., userDataDir: C:\Users\Thanh\AppData\Loca...}, goog:chromeOptions: {debuggerAddress: localhost:55447}, javascriptEnabled: true, networkConnectionEnabled: false, pageLoadStrategy: normal, platform: WINDOWS, platformName: WINDOWS, proxy: Proxy(), setWindowRect: true, strictFileInteractability: false, timeouts: {implicit: 0, pageLoad: 300000, script: 30000}, unhandledPromptBehavior: dismiss and notify, webauthn:virtualAuthenticators: true}
Session ID: 9d22d395f53fac5eab3604dc546fbc7d
	at org.openqa.selenium.remote.http.W3CHttpResponseCodec.createException(W3CHttpResponseCodec.java:187)
	at org.openqa.selenium.remote.http.W3CHttpResponseCodec.decode(W3CHttpResponseCodec.java:122)
	at org.openqa.selenium.remote.http.W3CHttpResponseCodec.decode(W3CHttpResponseCodec.java:49)
	at org.openqa.selenium.remote.HttpCommandExecutor.execute(HttpCommandExecutor.java:158)
	at org.openqa.selenium.remote.service.DriverCommandExecutor.execute(DriverCommandExecutor.java:83)
	at org.openqa.selenium.remote.RemoteWebDriver.execute(RemoteWebDriver.java:552)
	at com.kms.katalon.selenium.driver.CChromeDriver.execute(CChromeDriver.java:19)
	at org.openqa.selenium.remote.RemoteWebElement.execute(RemoteWebElement.java:285)
	at org.openqa.selenium.remote.RemoteWebElement.click(RemoteWebElement.java:84)
	at org.openqa.selenium.support.events.EventFiringWebDriver$EventFiringWebElement.lambda$new$0(EventFiringWebDriver.java:404)
	at com.sun.proxy.$Proxy9.click(Unknown Source)
	at org.openqa.selenium.support.events.EventFiringWebDriver$EventFiringWebElement.click(EventFiringWebDriver.java:417)
	at com.kms.katalon.core.webui.keyword.builtin.ClickKeyword$_click_closure1.doCall(ClickKeyword.groovy:69)
	at com.kms.katalon.core.webui.keyword.builtin.ClickKeyword$_click_closure1.call(ClickKeyword.groovy)
	at com.kms.katalon.core.webui.keyword.internal.WebUIKeywordMain.runKeyword(WebUIKeywordMain.groovy:20)
	... 19 more
"/>
         <system-out><![CDATA[2020-06-05 16:07:22 - [TEST_CASE][FAILED] - Test Cases/1612427/03_ChangeName: Test Cases/1612427/03_ChangeName FAILED.
Reason:
com.kms.katalon.core.exception.StepFailedException: Unable to click on object 'Object Repository/1612427/02_ChangePassword/Page_Town Square - minus Mattermost/span_Account Settings'
	at com.kms.katalon.core.webui.keyword.internal.WebUIKeywordMain.stepFailed(WebUIKeywordMain.groovy:64)
	at com.kms.katalon.core.webui.keyword.internal.WebUIKeywordMain.runKeyword(WebUIKeywordMain.groovy:26)
	at com.kms.katalon.core.webui.keyword.builtin.ClickKeyword.click(ClickKeyword.groovy:76)
	at com.kms.katalon.core.webui.keyword.builtin.ClickKeyword.execute(ClickKeyword.groovy:43)
	at com.kms.katalon.core.keyword.internal.KeywordExecutor.executeKeywordForPlatform(KeywordExecutor.groovy:72)
	at com.kms.katalon.core.webui.keyword.WebUiBuiltInKeywords.click(WebUiBuiltInKeywords.groovy:616)
	at com.kms.katalon.core.webui.keyword.WebUiBuiltInKeywords$click$3.call(Unknown Source)
	at 03_ChangeName.run(03_ChangeName:33)
	at com.kms.katalon.core.main.ScriptEngine.run(ScriptEngine.java:194)
	at com.kms.katalon.core.main.ScriptEngine.runScriptAsRawText(ScriptEngine.java:119)
	at com.kms.katalon.core.main.TestCaseExecutor.runScript(TestCaseExecutor.java:337)
	at com.kms.katalon.core.main.TestCaseExecutor.doExecute(TestCaseExecutor.java:328)
	at com.kms.katalon.core.main.TestCaseExecutor.processExecutionPhase(TestCaseExecutor.java:307)
	at com.kms.katalon.core.main.TestCaseExecutor.accessMainPhase(TestCaseExecutor.java:299)
	at com.kms.katalon.core.main.TestCaseExecutor.execute(TestCaseExecutor.java:233)
	at com.kms.katalon.core.main.TestSuiteExecutor.accessTestCaseMainPhase(TestSuiteExecutor.java:169)
	at com.kms.katalon.core.main.TestSuiteExecutor.accessTestSuiteMainPhase(TestSuiteExecutor.java:142)
	at com.kms.katalon.core.main.TestSuiteExecutor.execute(TestSuiteExecutor.java:91)
	at com.kms.katalon.core.main.TestCaseMain.startTestSuite(TestCaseMain.java:157)
	at com.kms.katalon.core.main.TestCaseMain$startTestSuite$0.call(Unknown Source)
	at TempTestSuite1591347278292.run(TempTestSuite1591347278292.groovy:37)
Caused by: org.openqa.selenium.ElementClickInterceptedException: element click intercepted: Element <span class="MenuItem__primary-text">...</span> is not clickable at point (247, 114). Other element would receive the click: <span>...</span>
  (Session info: chrome=83.0.4103.97)
Build info: version: '3.141.59', revision: 'e82be7d358', time: '2018-11-14T08:25:53'
System info: host: 'DESKTOP-SGC4F2H', ip: '172.25.32.1', os.name: 'Windows 10', os.arch: 'amd64', os.version: '10.0', java.version: '1.8.0_181'
Driver info: com.kms.katalon.selenium.driver.CChromeDriver
Capabilities {acceptInsecureCerts: false, browserName: chrome, browserVersion: 83.0.4103.97, chrome: {chromedriverVersion: 83.0.4103.39 (ccbf011cb2d2b..., userDataDir: C:\Users\Thanh\AppData\Loca...}, goog:chromeOptions: {debuggerAddress: localhost:55447}, javascriptEnabled: true, networkConnectionEnabled: false, pageLoadStrategy: normal, platform: WINDOWS, platformName: WINDOWS, proxy: Proxy(), setWindowRect: true, strictFileInteractability: false, timeouts: {implicit: 0, pageLoad: 300000, script: 30000}, unhandledPromptBehavior: dismiss and notify, webauthn:virtualAuthenticators: true}
Session ID: 9d22d395f53fac5eab3604dc546fbc7d
	at org.openqa.selenium.remote.http.W3CHttpResponseCodec.createException(W3CHttpResponseCodec.java:187)
	at org.openqa.selenium.remote.http.W3CHttpResponseCodec.decode(W3CHttpResponseCodec.java:122)
	at org.openqa.selenium.remote.http.W3CHttpResponseCodec.decode(W3CHttpResponseCodec.java:49)
	at org.openqa.selenium.remote.HttpCommandExecutor.execute(HttpCommandExecutor.java:158)
	at org.openqa.selenium.remote.service.DriverCommandExecutor.execute(DriverCommandExecutor.java:83)
	at org.openqa.selenium.remote.RemoteWebDriver.execute(RemoteWebDriver.java:552)
	at com.kms.katalon.selenium.driver.CChromeDriver.execute(CChromeDriver.java:19)
	at org.openqa.selenium.remote.RemoteWebElement.execute(RemoteWebElement.java:285)
	at org.openqa.selenium.remote.RemoteWebElement.click(RemoteWebElement.java:84)
	at org.openqa.selenium.support.events.EventFiringWebDriver$EventFiringWebElement.lambda$new$0(EventFiringWebDriver.java:404)
	at com.sun.proxy.$Proxy9.click(Unknown Source)
	at org.openqa.selenium.support.events.EventFiringWebDriver$EventFiringWebElement.click(EventFiringWebDriver.java:417)
	at com.kms.katalon.core.webui.keyword.builtin.ClickKeyword$_click_closure1.doCall(ClickKeyword.groovy:69)
	at com.kms.katalon.core.webui.keyword.builtin.ClickKeyword$_click_closure1.call(ClickKeyword.groovy)
	at com.kms.katalon.core.webui.keyword.internal.WebUIKeywordMain.runKeyword(WebUIKeywordMain.groovy:20)
	... 19 more


2020-06-05 16:07:22 - [TEST_STEP][PASSED] - openBrowser(""): Browser is opened with url: ''

2020-06-05 16:07:22 - [MESSAGE][WARNING] - A browser is already opened. Closing browser and opening a new one

2020-06-05 16:07:29 - [MESSAGE][INFO] - Starting 'Chrome' driver

2020-06-05 16:07:29 - [MESSAGE][INFO] - Action delay is set to 0 milliseconds

2020-06-05 16:07:33 - [MESSAGE][PASSED] - Browser is opened with url: ''

2020-06-05 16:07:33 - [TEST_STEP][PASSED] - navigateToUrl("http://localhost:8065/login"): Navigate to 'http://localhost:8065/login' successfully

2020-06-05 16:07:40 - [MESSAGE][PASSED] - Navigate to 'http://localhost:8065/login' successfully

2020-06-05 16:07:40 - [TEST_STEP][PASSED] - setText(findTestObject("Object Repository/1612427/02_ChangePassword/Page_Mattermost/input_All team communication in one place s_703ef5"), "hcmus-cdnc"): Text 'hcmus-cdnc' is set on object 'Object Repository/1612427/02_ChangePassword/Page_Mattermost/input_All team communication in one place s_703ef5'

2020-06-05 16:07:45 - [MESSAGE][PASSED] - Text 'hcmus-cdnc' is set on object 'Object Repository/1612427/02_ChangePassword/Page_Mattermost/input_All team communication in one place s_703ef5'

2020-06-05 16:07:45 - [TEST_STEP][PASSED] - setEncryptedText(findTestObject("Object Repository/1612427/02_ChangePassword/Page_Mattermost/input_All team communication in one place s_2f2733"), "aeHFOx8jV/A="): Text ****** has been set on object 'Object Repository/1612427/02_ChangePassword/Page_Mattermost/input_All team communication in one place s_2f2733'

2020-06-05 16:07:46 - [MESSAGE][PASSED] - Text ****** has been set on object 'Object Repository/1612427/02_ChangePassword/Page_Mattermost/input_All team communication in one place s_2f2733'

2020-06-05 16:07:46 - [TEST_STEP][PASSED] - click(findTestObject("Object Repository/1612427/02_ChangePassword/Page_Mattermost/span_Sign in")): Object: 'Object Repository/1612427/02_ChangePassword/Page_Mattermost/span_Sign in' is clicked on

2020-06-05 16:07:47 - [MESSAGE][PASSED] - Object: 'Object Repository/1612427/02_ChangePassword/Page_Mattermost/span_Sign in' is clicked on

2020-06-05 16:07:47 - [TEST_STEP][PASSED] - click(findTestObject("Object Repository/1612427/02_ChangePassword/Page_Town Square - minus Mattermost/span")): Object: 'Object Repository/1612427/02_ChangePassword/Page_Town Square - minus Mattermost/span' is clicked on

2020-06-05 16:07:58 - [MESSAGE][PASSED] - Object: 'Object Repository/1612427/02_ChangePassword/Page_Town Square - minus Mattermost/span' is clicked on

2020-06-05 16:07:58 - [TEST_STEP][FAILED] - click(findTestObject("Object Repository/1612427/02_ChangePassword/Page_Town Square - minus Mattermost/span_Account Settings")): Unable to click on object 'Object Repository/1612427/02_ChangePassword/Page_Town Square - minus Mattermost/span_Account Settings' (Root cause: com.kms.katalon.core.exception.StepFailedException: Unable to click on object 'Object Repository/1612427/02_ChangePassword/Page_Town Square - minus Mattermost/span_Account Settings'
	at com.kms.katalon.core.webui.keyword.internal.WebUIKeywordMain.stepFailed(WebUIKeywordMain.groovy:64)
	at com.kms.katalon.core.webui.keyword.internal.WebUIKeywordMain.runKeyword(WebUIKeywordMain.groovy:26)
	at com.kms.katalon.core.webui.keyword.builtin.ClickKeyword.click(ClickKeyword.groovy:76)
	at com.kms.katalon.core.webui.keyword.builtin.ClickKeyword.execute(ClickKeyword.groovy:43)
	at com.kms.katalon.core.keyword.internal.KeywordExecutor.executeKeywordForPlatform(KeywordExecutor.groovy:72)
	at com.kms.katalon.core.webui.keyword.WebUiBuiltInKeywords.click(WebUiBuiltInKeywords.groovy:616)
	at com.kms.katalon.core.webui.keyword.WebUiBuiltInKeywords$click$3.call(Unknown Source)
	at 03_ChangeName.run(03_ChangeName:33)
	at com.kms.katalon.core.main.ScriptEngine.run(ScriptEngine.java:194)
	at com.kms.katalon.core.main.ScriptEngine.runScriptAsRawText(ScriptEngine.java:119)
	at com.kms.katalon.core.main.TestCaseExecutor.runScript(TestCaseExecutor.java:337)
	at com.kms.katalon.core.main.TestCaseExecutor.doExecute(TestCaseExecutor.java:328)
	at com.kms.katalon.core.main.TestCaseExecutor.processExecutionPhase(TestCaseExecutor.java:307)
	at com.kms.katalon.core.main.TestCaseExecutor.accessMainPhase(TestCaseExecutor.java:299)
	at com.kms.katalon.core.main.TestCaseExecutor.execute(TestCaseExecutor.java:233)
	at com.kms.katalon.core.main.TestSuiteExecutor.accessTestCaseMainPhase(TestSuiteExecutor.java:169)
	at com.kms.katalon.core.main.TestSuiteExecutor.accessTestSuiteMainPhase(TestSuiteExecutor.java:142)
	at com.kms.katalon.core.main.TestSuiteExecutor.execute(TestSuiteExecutor.java:91)
	at com.kms.katalon.core.main.TestCaseMain.startTestSuite(TestCaseMain.java:157)
	at com.kms.katalon.core.main.TestCaseMain$startTestSuite$0.call(Unknown Source)
	at TempTestSuite1591347278292.run(TempTestSuite1591347278292.groovy:37)
Caused by: org.openqa.selenium.ElementClickInterceptedException: element click intercepted: Element <span class="MenuItem__primary-text">...</span> is not clickable at point (247, 114). Other element would receive the click: <span>...</span>
  (Session info: chrome=83.0.4103.97)
Build info: version: '3.141.59', revision: 'e82be7d358', time: '2018-11-14T08:25:53'
System info: host: 'DESKTOP-SGC4F2H', ip: '172.25.32.1', os.name: 'Windows 10', os.arch: 'amd64', os.version: '10.0', java.version: '1.8.0_181'
Driver info: com.kms.katalon.selenium.driver.CChromeDriver
Capabilities {acceptInsecureCerts: false, browserName: chrome, browserVersion: 83.0.4103.97, chrome: {chromedriverVersion: 83.0.4103.39 (ccbf011cb2d2b..., userDataDir: C:\Users\Thanh\AppData\Loca...}, goog:chromeOptions: {debuggerAddress: localhost:55447}, javascriptEnabled: true, networkConnectionEnabled: false, pageLoadStrategy: normal, platform: WINDOWS, platformName: WINDOWS, proxy: Proxy(), setWindowRect: true, strictFileInteractability: false, timeouts: {implicit: 0, pageLoad: 300000, script: 30000}, unhandledPromptBehavior: dismiss and notify, webauthn:virtualAuthenticators: true}
Session ID: 9d22d395f53fac5eab3604dc546fbc7d
	at org.openqa.selenium.remote.http.W3CHttpResponseCodec.createException(W3CHttpResponseCodec.java:187)
	at org.openqa.selenium.remote.http.W3CHttpResponseCodec.decode(W3CHttpResponseCodec.java:122)
	at org.openqa.selenium.remote.http.W3CHttpResponseCodec.decode(W3CHttpResponseCodec.java:49)
	at org.openqa.selenium.remote.HttpCommandExecutor.execute(HttpCommandExecutor.java:158)
	at org.openqa.selenium.remote.service.DriverCommandExecutor.execute(DriverCommandExecutor.java:83)
	at org.openqa.selenium.remote.RemoteWebDriver.execute(RemoteWebDriver.java:552)
	at com.kms.katalon.selenium.driver.CChromeDriver.execute(CChromeDriver.java:19)
	at org.openqa.selenium.remote.RemoteWebElement.execute(RemoteWebElement.java:285)
	at org.openqa.selenium.remote.RemoteWebElement.click(RemoteWebElement.java:84)
	at org.openqa.selenium.support.events.EventFiringWebDriver$EventFiringWebElement.lambda$new$0(EventFiringWebDriver.java:404)
	at com.sun.proxy.$Proxy9.click(Unknown Source)
	at org.openqa.selenium.support.events.EventFiringWebDriver$EventFiringWebElement.click(EventFiringWebDriver.java:417)
	at com.kms.katalon.core.webui.keyword.builtin.ClickKeyword$_click_closure1.doCall(ClickKeyword.groovy:69)
	at com.kms.katalon.core.webui.keyword.builtin.ClickKeyword$_click_closure1.call(ClickKeyword.groovy)
	at com.kms.katalon.core.webui.keyword.internal.WebUIKeywordMain.runKeyword(WebUIKeywordMain.groovy:20)
	at com.kms.katalon.core.webui.keyword.builtin.ClickKeyword.click(ClickKeyword.groovy:76)
	at com.kms.katalon.core.webui.keyword.builtin.ClickKeyword.execute(ClickKeyword.groovy:43)
	at com.kms.katalon.core.keyword.internal.KeywordExecutor.executeKeywordForPlatform(KeywordExecutor.groovy:72)
	at com.kms.katalon.core.webui.keyword.WebUiBuiltInKeywords.click(WebUiBuiltInKeywords.groovy:616)
	at com.kms.katalon.core.webui.keyword.WebUiBuiltInKeywords$click$3.call(Unknown Source)
	at Script1591095074500.run(Script1591095074500.groovy:33)
	... 13 more
)

2020-06-05 16:08:14 - [MESSAGE][FAILED] - Unable to click on object 'Object Repository/1612427/02_ChangePassword/Page_Town Square - minus Mattermost/span_Account Settings' (Root cause: com.kms.katalon.core.exception.StepFailedException: Unable to click on object 'Object Repository/1612427/02_ChangePassword/Page_Town Square - minus Mattermost/span_Account Settings'
	at com.kms.katalon.core.webui.keyword.internal.WebUIKeywordMain.stepFailed(WebUIKeywordMain.groovy:64)
	at com.kms.katalon.core.webui.keyword.internal.WebUIKeywordMain.runKeyword(WebUIKeywordMain.groovy:26)
	at com.kms.katalon.core.webui.keyword.builtin.ClickKeyword.click(ClickKeyword.groovy:76)
	at com.kms.katalon.core.webui.keyword.builtin.ClickKeyword.execute(ClickKeyword.groovy:43)
	at com.kms.katalon.core.keyword.internal.KeywordExecutor.executeKeywordForPlatform(KeywordExecutor.groovy:72)
	at com.kms.katalon.core.webui.keyword.WebUiBuiltInKeywords.click(WebUiBuiltInKeywords.groovy:616)
	at com.kms.katalon.core.webui.keyword.WebUiBuiltInKeywords$click$3.call(Unknown Source)
	at 03_ChangeName.run(03_ChangeName:33)
	at com.kms.katalon.core.main.ScriptEngine.run(ScriptEngine.java:194)
	at com.kms.katalon.core.main.ScriptEngine.runScriptAsRawText(ScriptEngine.java:119)
	at com.kms.katalon.core.main.TestCaseExecutor.runScript(TestCaseExecutor.java:337)
	at com.kms.katalon.core.main.TestCaseExecutor.doExecute(TestCaseExecutor.java:328)
	at com.kms.katalon.core.main.TestCaseExecutor.processExecutionPhase(TestCaseExecutor.java:307)
	at com.kms.katalon.core.main.TestCaseExecutor.accessMainPhase(TestCaseExecutor.java:299)
	at com.kms.katalon.core.main.TestCaseExecutor.execute(TestCaseExecutor.java:233)
	at com.kms.katalon.core.main.TestSuiteExecutor.accessTestCaseMainPhase(TestSuiteExecutor.java:169)
	at com.kms.katalon.core.main.TestSuiteExecutor.accessTestSuiteMainPhase(TestSuiteExecutor.java:142)
	at com.kms.katalon.core.main.TestSuiteExecutor.execute(TestSuiteExecutor.java:91)
	at com.kms.katalon.core.main.TestCaseMain.startTestSuite(TestCaseMain.java:157)
	at com.kms.katalon.core.main.TestCaseMain$startTestSuite$0.call(Unknown Source)
	at TempTestSuite1591347278292.run(TempTestSuite1591347278292.groovy:37)
Caused by: org.openqa.selenium.ElementClickInterceptedException: element click intercepted: Element <span class="MenuItem__primary-text">...</span> is not clickable at point (247, 114). Other element would receive the click: <span>...</span>
  (Session info: chrome=83.0.4103.97)
Build info: version: '3.141.59', revision: 'e82be7d358', time: '2018-11-14T08:25:53'
System info: host: 'DESKTOP-SGC4F2H', ip: '172.25.32.1', os.name: 'Windows 10', os.arch: 'amd64', os.version: '10.0', java.version: '1.8.0_181'
Driver info: com.kms.katalon.selenium.driver.CChromeDriver
Capabilities {acceptInsecureCerts: false, browserName: chrome, browserVersion: 83.0.4103.97, chrome: {chromedriverVersion: 83.0.4103.39 (ccbf011cb2d2b..., userDataDir: C:\Users\Thanh\AppData\Loca...}, goog:chromeOptions: {debuggerAddress: localhost:55447}, javascriptEnabled: true, networkConnectionEnabled: false, pageLoadStrategy: normal, platform: WINDOWS, platformName: WINDOWS, proxy: Proxy(), setWindowRect: true, strictFileInteractability: false, timeouts: {implicit: 0, pageLoad: 300000, script: 30000}, unhandledPromptBehavior: dismiss and notify, webauthn:virtualAuthenticators: true}
Session ID: 9d22d395f53fac5eab3604dc546fbc7d
	at org.openqa.selenium.remote.http.W3CHttpResponseCodec.createException(W3CHttpResponseCodec.java:187)
	at org.openqa.selenium.remote.http.W3CHttpResponseCodec.decode(W3CHttpResponseCodec.java:122)
	at org.openqa.selenium.remote.http.W3CHttpResponseCodec.decode(W3CHttpResponseCodec.java:49)
	at org.openqa.selenium.remote.HttpCommandExecutor.execute(HttpCommandExecutor.java:158)
	at org.openqa.selenium.remote.service.DriverCommandExecutor.execute(DriverCommandExecutor.java:83)
	at org.openqa.selenium.remote.RemoteWebDriver.execute(RemoteWebDriver.java:552)
	at com.kms.katalon.selenium.driver.CChromeDriver.execute(CChromeDriver.java:19)
	at org.openqa.selenium.remote.RemoteWebElement.execute(RemoteWebElement.java:285)
	at org.openqa.selenium.remote.RemoteWebElement.click(RemoteWebElement.java:84)
	at org.openqa.selenium.support.events.EventFiringWebDriver$EventFiringWebElement.lambda$new$0(EventFiringWebDriver.java:404)
	at com.sun.proxy.$Proxy9.click(Unknown Source)
	at org.openqa.selenium.support.events.EventFiringWebDriver$EventFiringWebElement.click(EventFiringWebDriver.java:417)
	at com.kms.katalon.core.webui.keyword.builtin.ClickKeyword$_click_closure1.doCall(ClickKeyword.groovy:69)
	at com.kms.katalon.core.webui.keyword.builtin.ClickKeyword$_click_closure1.call(ClickKeyword.groovy)
	at com.kms.katalon.core.webui.keyword.internal.WebUIKeywordMain.runKeyword(WebUIKeywordMain.groovy:20)
	at com.kms.katalon.core.webui.keyword.builtin.ClickKeyword.click(ClickKeyword.groovy:76)
	at com.kms.katalon.core.webui.keyword.builtin.ClickKeyword.execute(ClickKeyword.groovy:43)
	at com.kms.katalon.core.keyword.internal.KeywordExecutor.executeKeywordForPlatform(KeywordExecutor.groovy:72)
	at com.kms.katalon.core.webui.keyword.WebUiBuiltInKeywords.click(WebUiBuiltInKeywords.groovy:616)
	at com.kms.katalon.core.webui.keyword.WebUiBuiltInKeywords$click$3.call(Unknown Source)
	at Script1591095074500.run(Script1591095074500.groovy:33)
	... 13 more
)
[[ATTACHMENT|C:\\Users\\Thanh\\Desktop\\github.com\\New folder (2)\\homeword02-mattermost-katalon\\Reports\\20200605_155438\\Run all test cases\\20200605_155438\\1591348079909.png]]]]></system-out>
         <system-err><![CDATA[2020-06-05 16:07:22 - [TEST_CASE][FAILED] - Test Cases/1612427/03_ChangeName: Test Cases/1612427/03_ChangeName FAILED.
Reason:
com.kms.katalon.core.exception.StepFailedException: Unable to click on object 'Object Repository/1612427/02_ChangePassword/Page_Town Square - minus Mattermost/span_Account Settings'
	at com.kms.katalon.core.webui.keyword.internal.WebUIKeywordMain.stepFailed(WebUIKeywordMain.groovy:64)
	at com.kms.katalon.core.webui.keyword.internal.WebUIKeywordMain.runKeyword(WebUIKeywordMain.groovy:26)
	at com.kms.katalon.core.webui.keyword.builtin.ClickKeyword.click(ClickKeyword.groovy:76)
	at com.kms.katalon.core.webui.keyword.builtin.ClickKeyword.execute(ClickKeyword.groovy:43)
	at com.kms.katalon.core.keyword.internal.KeywordExecutor.executeKeywordForPlatform(KeywordExecutor.groovy:72)
	at com.kms.katalon.core.webui.keyword.WebUiBuiltInKeywords.click(WebUiBuiltInKeywords.groovy:616)
	at com.kms.katalon.core.webui.keyword.WebUiBuiltInKeywords$click$3.call(Unknown Source)
	at 03_ChangeName.run(03_ChangeName:33)
	at com.kms.katalon.core.main.ScriptEngine.run(ScriptEngine.java:194)
	at com.kms.katalon.core.main.ScriptEngine.runScriptAsRawText(ScriptEngine.java:119)
	at com.kms.katalon.core.main.TestCaseExecutor.runScript(TestCaseExecutor.java:337)
	at com.kms.katalon.core.main.TestCaseExecutor.doExecute(TestCaseExecutor.java:328)
	at com.kms.katalon.core.main.TestCaseExecutor.processExecutionPhase(TestCaseExecutor.java:307)
	at com.kms.katalon.core.main.TestCaseExecutor.accessMainPhase(TestCaseExecutor.java:299)
	at com.kms.katalon.core.main.TestCaseExecutor.execute(TestCaseExecutor.java:233)
	at com.kms.katalon.core.main.TestSuiteExecutor.accessTestCaseMainPhase(TestSuiteExecutor.java:169)
	at com.kms.katalon.core.main.TestSuiteExecutor.accessTestSuiteMainPhase(TestSuiteExecutor.java:142)
	at com.kms.katalon.core.main.TestSuiteExecutor.execute(TestSuiteExecutor.java:91)
	at com.kms.katalon.core.main.TestCaseMain.startTestSuite(TestCaseMain.java:157)
	at com.kms.katalon.core.main.TestCaseMain$startTestSuite$0.call(Unknown Source)
	at TempTestSuite1591347278292.run(TempTestSuite1591347278292.groovy:37)
Caused by: org.openqa.selenium.ElementClickInterceptedException: element click intercepted: Element <span class="MenuItem__primary-text">...</span> is not clickable at point (247, 114). Other element would receive the click: <span>...</span>
  (Session info: chrome=83.0.4103.97)
Build info: version: '3.141.59', revision: 'e82be7d358', time: '2018-11-14T08:25:53'
System info: host: 'DESKTOP-SGC4F2H', ip: '172.25.32.1', os.name: 'Windows 10', os.arch: 'amd64', os.version: '10.0', java.version: '1.8.0_181'
Driver info: com.kms.katalon.selenium.driver.CChromeDriver
Capabilities {acceptInsecureCerts: false, browserName: chrome, browserVersion: 83.0.4103.97, chrome: {chromedriverVersion: 83.0.4103.39 (ccbf011cb2d2b..., userDataDir: C:\Users\Thanh\AppData\Loca...}, goog:chromeOptions: {debuggerAddress: localhost:55447}, javascriptEnabled: true, networkConnectionEnabled: false, pageLoadStrategy: normal, platform: WINDOWS, platformName: WINDOWS, proxy: Proxy(), setWindowRect: true, strictFileInteractability: false, timeouts: {implicit: 0, pageLoad: 300000, script: 30000}, unhandledPromptBehavior: dismiss and notify, webauthn:virtualAuthenticators: true}
Session ID: 9d22d395f53fac5eab3604dc546fbc7d
	at org.openqa.selenium.remote.http.W3CHttpResponseCodec.createException(W3CHttpResponseCodec.java:187)
	at org.openqa.selenium.remote.http.W3CHttpResponseCodec.decode(W3CHttpResponseCodec.java:122)
	at org.openqa.selenium.remote.http.W3CHttpResponseCodec.decode(W3CHttpResponseCodec.java:49)
	at org.openqa.selenium.remote.HttpCommandExecutor.execute(HttpCommandExecutor.java:158)
	at org.openqa.selenium.remote.service.DriverCommandExecutor.execute(DriverCommandExecutor.java:83)
	at org.openqa.selenium.remote.RemoteWebDriver.execute(RemoteWebDriver.java:552)
	at com.kms.katalon.selenium.driver.CChromeDriver.execute(CChromeDriver.java:19)
	at org.openqa.selenium.remote.RemoteWebElement.execute(RemoteWebElement.java:285)
	at org.openqa.selenium.remote.RemoteWebElement.click(RemoteWebElement.java:84)
	at org.openqa.selenium.support.events.EventFiringWebDriver$EventFiringWebElement.lambda$new$0(EventFiringWebDriver.java:404)
	at com.sun.proxy.$Proxy9.click(Unknown Source)
	at org.openqa.selenium.support.events.EventFiringWebDriver$EventFiringWebElement.click(EventFiringWebDriver.java:417)
	at com.kms.katalon.core.webui.keyword.builtin.ClickKeyword$_click_closure1.doCall(ClickKeyword.groovy:69)
	at com.kms.katalon.core.webui.keyword.builtin.ClickKeyword$_click_closure1.call(ClickKeyword.groovy)
	at com.kms.katalon.core.webui.keyword.internal.WebUIKeywordMain.runKeyword(WebUIKeywordMain.groovy:20)
	... 19 more]]></system-err>
      </testcase>
      <testcase name="Test Cases/1612427/03_ChangeName" time="133.92" classname="Test Cases/1612427/03_ChangeName" status="PASSED">
         <system-out><![CDATA[2020-06-05 16:08:14 - [TEST_CASE][PASSED] - Test Cases/1612427/03_ChangeName: Test Cases/1612427/03_ChangeName

2020-06-05 16:08:14 - [TEST_STEP][PASSED] - openBrowser(""): Browser is opened with url: ''

2020-06-05 16:08:14 - [MESSAGE][WARNING] - A browser is already opened. Closing browser and opening a new one

2020-06-05 16:08:15 - [MESSAGE][INFO] - Starting 'Chrome' driver

2020-06-05 16:08:15 - [MESSAGE][INFO] - Action delay is set to 0 milliseconds

2020-06-05 16:08:20 - [MESSAGE][PASSED] - Browser is opened with url: ''

2020-06-05 16:08:20 - [TEST_STEP][PASSED] - navigateToUrl("http://localhost:8065/login"): Navigate to 'http://localhost:8065/login' successfully

2020-06-05 16:08:34 - [MESSAGE][PASSED] - Navigate to 'http://localhost:8065/login' successfully

2020-06-05 16:08:34 - [TEST_STEP][PASSED] - setText(findTestObject("Object Repository/1612427/02_ChangePassword/Page_Mattermost/input_All team communication in one place s_703ef5"), "hcmus-cdnc"): Text 'hcmus-cdnc' is set on object 'Object Repository/1612427/02_ChangePassword/Page_Mattermost/input_All team communication in one place s_703ef5'

2020-06-05 16:08:57 - [MESSAGE][PASSED] - Text 'hcmus-cdnc' is set on object 'Object Repository/1612427/02_ChangePassword/Page_Mattermost/input_All team communication in one place s_703ef5'

2020-06-05 16:08:57 - [TEST_STEP][PASSED] - setEncryptedText(findTestObject("Object Repository/1612427/02_ChangePassword/Page_Mattermost/input_All team communication in one place s_2f2733"), "aeHFOx8jV/A="): Text ****** has been set on object 'Object Repository/1612427/02_ChangePassword/Page_Mattermost/input_All team communication in one place s_2f2733'

2020-06-05 16:08:58 - [MESSAGE][PASSED] - Text ****** has been set on object 'Object Repository/1612427/02_ChangePassword/Page_Mattermost/input_All team communication in one place s_2f2733'

2020-06-05 16:08:58 - [TEST_STEP][PASSED] - click(findTestObject("Object Repository/1612427/02_ChangePassword/Page_Mattermost/span_Sign in")): Object: 'Object Repository/1612427/02_ChangePassword/Page_Mattermost/span_Sign in' is clicked on

2020-06-05 16:09:19 - [MESSAGE][PASSED] - Object: 'Object Repository/1612427/02_ChangePassword/Page_Mattermost/span_Sign in' is clicked on

2020-06-05 16:09:19 - [TEST_STEP][PASSED] - click(findTestObject("Object Repository/1612427/02_ChangePassword/Page_Town Square - minus Mattermost/span")): Object: 'Object Repository/1612427/02_ChangePassword/Page_Town Square - minus Mattermost/span' is clicked on

2020-06-05 16:09:26 - [MESSAGE][PASSED] - Object: 'Object Repository/1612427/02_ChangePassword/Page_Town Square - minus Mattermost/span' is clicked on

2020-06-05 16:09:26 - [TEST_STEP][PASSED] - click(findTestObject("Object Repository/1612427/02_ChangePassword/Page_Town Square - minus Mattermost/span_Account Settings")): Object: 'Object Repository/1612427/02_ChangePassword/Page_Town Square - minus Mattermost/span_Account Settings' is clicked on

2020-06-05 16:09:28 - [MESSAGE][PASSED] - Object: 'Object Repository/1612427/02_ChangePassword/Page_Town Square - minus Mattermost/span_Account Settings' is clicked on

2020-06-05 16:09:28 - [TEST_STEP][PASSED] - click(findTestObject("Object Repository/1612427/03_ChangeName/Page_Town Square - minus Mattermost/span_Edit")): Object: 'Object Repository/1612427/03_ChangeName/Page_Town Square - minus Mattermost/span_Edit' is clicked on

2020-06-05 16:09:37 - [MESSAGE][PASSED] - Object: 'Object Repository/1612427/03_ChangeName/Page_Town Square - minus Mattermost/span_Edit' is clicked on

2020-06-05 16:09:38 - [TEST_STEP][PASSED] - click(findTestObject("Object Repository/1612427/03_ChangeName/Page_Town Square - minus Mattermost/div_First Name")): Object: 'Object Repository/1612427/03_ChangeName/Page_Town Square - minus Mattermost/div_First Name' is clicked on

2020-06-05 16:09:44 - [MESSAGE][PASSED] - Object: 'Object Repository/1612427/03_ChangeName/Page_Town Square - minus Mattermost/div_First Name' is clicked on

2020-06-05 16:09:44 - [TEST_STEP][PASSED] - setText(findTestObject("Object Repository/1612427/03_ChangeName/Page_Town Square - minus Mattermost/input_First Name_firstName"), firstname): Text 'Hoàng' is set on object 'Object Repository/1612427/03_ChangeName/Page_Town Square - minus Mattermost/input_First Name_firstName'

2020-06-05 16:09:47 - [MESSAGE][PASSED] - Text 'Hoàng' is set on object 'Object Repository/1612427/03_ChangeName/Page_Town Square - minus Mattermost/input_First Name_firstName'

2020-06-05 16:09:47 - [TEST_STEP][PASSED] - click(findTestObject("Object Repository/1612427/03_ChangeName/Page_Town Square - minus Mattermost/div_Last Name")): Object: 'Object Repository/1612427/03_ChangeName/Page_Town Square - minus Mattermost/div_Last Name' is clicked on

2020-06-05 16:09:49 - [MESSAGE][PASSED] - Object: 'Object Repository/1612427/03_ChangeName/Page_Town Square - minus Mattermost/div_Last Name' is clicked on

2020-06-05 16:09:49 - [TEST_STEP][PASSED] - setText(findTestObject("Object Repository/1612427/03_ChangeName/Page_Town Square - minus Mattermost/input_Last Name_lastName"), lastname): Text 'Huy Lịch' is set on object 'Object Repository/1612427/03_ChangeName/Page_Town Square - minus Mattermost/input_Last Name_lastName'

2020-06-05 16:09:51 - [MESSAGE][PASSED] - Text 'Huy Lịch' is set on object 'Object Repository/1612427/03_ChangeName/Page_Town Square - minus Mattermost/input_Last Name_lastName'

2020-06-05 16:09:51 - [TEST_STEP][PASSED] - click(findTestObject("Object Repository/1612427/03_ChangeName/Page_Town Square - minus Mattermost/span_Save")): Object: 'Object Repository/1612427/03_ChangeName/Page_Town Square - minus Mattermost/span_Save' is clicked on

2020-06-05 16:09:52 - [MESSAGE][PASSED] - Object: 'Object Repository/1612427/03_ChangeName/Page_Town Square - minus Mattermost/span_Save' is clicked on

2020-06-05 16:09:52 - [TEST_STEP][PASSED] - closeBrowser(): Browser is closed

2020-06-05 16:10:28 - [MESSAGE][PASSED] - Browser is closed]]></system-out>
         <system-err><![CDATA[]]></system-err>
      </testcase>
      <testcase name="Test Cases/1612427/03_ChangeName" time="123.018" classname="Test Cases/1612427/03_ChangeName" status="PASSED">
         <system-out><![CDATA[2020-06-05 16:10:36 - [TEST_CASE][PASSED] - Test Cases/1612427/03_ChangeName: Test Cases/1612427/03_ChangeName

2020-06-05 16:10:36 - [TEST_STEP][PASSED] - openBrowser(""): Browser is opened with url: ''

2020-06-05 16:10:36 - [MESSAGE][INFO] - Starting 'Chrome' driver

2020-06-05 16:10:36 - [MESSAGE][INFO] - Action delay is set to 0 milliseconds

2020-06-05 16:11:00 - [MESSAGE][PASSED] - Browser is opened with url: ''

2020-06-05 16:11:00 - [TEST_STEP][PASSED] - navigateToUrl("http://localhost:8065/login"): Navigate to 'http://localhost:8065/login' successfully

2020-06-05 16:11:16 - [MESSAGE][PASSED] - Navigate to 'http://localhost:8065/login' successfully

2020-06-05 16:11:16 - [TEST_STEP][PASSED] - setText(findTestObject("Object Repository/1612427/02_ChangePassword/Page_Mattermost/input_All team communication in one place s_703ef5"), "hcmus-cdnc"): Text 'hcmus-cdnc' is set on object 'Object Repository/1612427/02_ChangePassword/Page_Mattermost/input_All team communication in one place s_703ef5'

2020-06-05 16:11:23 - [MESSAGE][PASSED] - Text 'hcmus-cdnc' is set on object 'Object Repository/1612427/02_ChangePassword/Page_Mattermost/input_All team communication in one place s_703ef5'

2020-06-05 16:11:23 - [TEST_STEP][PASSED] - setEncryptedText(findTestObject("Object Repository/1612427/02_ChangePassword/Page_Mattermost/input_All team communication in one place s_2f2733"), "aeHFOx8jV/A="): Text ****** has been set on object 'Object Repository/1612427/02_ChangePassword/Page_Mattermost/input_All team communication in one place s_2f2733'

2020-06-05 16:11:25 - [MESSAGE][PASSED] - Text ****** has been set on object 'Object Repository/1612427/02_ChangePassword/Page_Mattermost/input_All team communication in one place s_2f2733'

2020-06-05 16:11:25 - [TEST_STEP][PASSED] - click(findTestObject("Object Repository/1612427/02_ChangePassword/Page_Mattermost/span_Sign in")): Object: 'Object Repository/1612427/02_ChangePassword/Page_Mattermost/span_Sign in' is clicked on

2020-06-05 16:11:35 - [MESSAGE][PASSED] - Object: 'Object Repository/1612427/02_ChangePassword/Page_Mattermost/span_Sign in' is clicked on

2020-06-05 16:11:35 - [TEST_STEP][PASSED] - click(findTestObject("Object Repository/1612427/02_ChangePassword/Page_Town Square - minus Mattermost/span")): Object: 'Object Repository/1612427/02_ChangePassword/Page_Town Square - minus Mattermost/span' is clicked on

2020-06-05 16:12:01 - [MESSAGE][PASSED] - Object: 'Object Repository/1612427/02_ChangePassword/Page_Town Square - minus Mattermost/span' is clicked on

2020-06-05 16:12:01 - [TEST_STEP][PASSED] - click(findTestObject("Object Repository/1612427/02_ChangePassword/Page_Town Square - minus Mattermost/span_Account Settings")): Object: 'Object Repository/1612427/02_ChangePassword/Page_Town Square - minus Mattermost/span_Account Settings' is clicked on

2020-06-05 16:12:06 - [MESSAGE][PASSED] - Object: 'Object Repository/1612427/02_ChangePassword/Page_Town Square - minus Mattermost/span_Account Settings' is clicked on

2020-06-05 16:12:06 - [TEST_STEP][PASSED] - click(findTestObject("Object Repository/1612427/03_ChangeName/Page_Town Square - minus Mattermost/span_Edit")): Object: 'Object Repository/1612427/03_ChangeName/Page_Town Square - minus Mattermost/span_Edit' is clicked on

2020-06-05 16:12:09 - [MESSAGE][PASSED] - Object: 'Object Repository/1612427/03_ChangeName/Page_Town Square - minus Mattermost/span_Edit' is clicked on

2020-06-05 16:12:09 - [TEST_STEP][PASSED] - click(findTestObject("Object Repository/1612427/03_ChangeName/Page_Town Square - minus Mattermost/div_First Name")): Object: 'Object Repository/1612427/03_ChangeName/Page_Town Square - minus Mattermost/div_First Name' is clicked on

2020-06-05 16:12:16 - [MESSAGE][PASSED] - Object: 'Object Repository/1612427/03_ChangeName/Page_Town Square - minus Mattermost/div_First Name' is clicked on

2020-06-05 16:12:16 - [TEST_STEP][PASSED] - setText(findTestObject("Object Repository/1612427/03_ChangeName/Page_Town Square - minus Mattermost/input_First Name_firstName"), firstname): Text 'Lê' is set on object 'Object Repository/1612427/03_ChangeName/Page_Town Square - minus Mattermost/input_First Name_firstName'

2020-06-05 16:12:18 - [MESSAGE][PASSED] - Text 'Lê' is set on object 'Object Repository/1612427/03_ChangeName/Page_Town Square - minus Mattermost/input_First Name_firstName'

2020-06-05 16:12:18 - [TEST_STEP][PASSED] - click(findTestObject("Object Repository/1612427/03_ChangeName/Page_Town Square - minus Mattermost/div_Last Name")): Object: 'Object Repository/1612427/03_ChangeName/Page_Town Square - minus Mattermost/div_Last Name' is clicked on

2020-06-05 16:12:20 - [MESSAGE][PASSED] - Object: 'Object Repository/1612427/03_ChangeName/Page_Town Square - minus Mattermost/div_Last Name' is clicked on

2020-06-05 16:12:20 - [TEST_STEP][PASSED] - setText(findTestObject("Object Repository/1612427/03_ChangeName/Page_Town Square - minus Mattermost/input_Last Name_lastName"), lastname): Text 'Đức Truyền' is set on object 'Object Repository/1612427/03_ChangeName/Page_Town Square - minus Mattermost/input_Last Name_lastName'

2020-06-05 16:12:22 - [MESSAGE][PASSED] - Text 'Đức Truyền' is set on object 'Object Repository/1612427/03_ChangeName/Page_Town Square - minus Mattermost/input_Last Name_lastName'

2020-06-05 16:12:22 - [TEST_STEP][PASSED] - click(findTestObject("Object Repository/1612427/03_ChangeName/Page_Town Square - minus Mattermost/span_Save")): Object: 'Object Repository/1612427/03_ChangeName/Page_Town Square - minus Mattermost/span_Save' is clicked on

2020-06-05 16:12:24 - [MESSAGE][PASSED] - Object: 'Object Repository/1612427/03_ChangeName/Page_Town Square - minus Mattermost/span_Save' is clicked on

2020-06-05 16:12:24 - [TEST_STEP][PASSED] - closeBrowser(): Browser is closed

2020-06-05 16:12:39 - [MESSAGE][PASSED] - Browser is closed]]></system-out>
         <system-err><![CDATA[]]></system-err>
      </testcase>
      <testcase name="Test Cases/1612427/03_ChangeName" time="153.614" classname="Test Cases/1612427/03_ChangeName" status="PASSED">
         <system-out><![CDATA[2020-06-05 16:12:39 - [TEST_CASE][PASSED] - Test Cases/1612427/03_ChangeName: Test Cases/1612427/03_ChangeName

2020-06-05 16:12:39 - [TEST_STEP][PASSED] - openBrowser(""): Browser is opened with url: ''

2020-06-05 16:12:39 - [MESSAGE][INFO] - Starting 'Chrome' driver

2020-06-05 16:12:39 - [MESSAGE][INFO] - Action delay is set to 0 milliseconds

2020-06-05 16:12:45 - [MESSAGE][PASSED] - Browser is opened with url: ''

2020-06-05 16:12:45 - [TEST_STEP][PASSED] - navigateToUrl("http://localhost:8065/login"): Navigate to 'http://localhost:8065/login' successfully

2020-06-05 16:12:49 - [MESSAGE][PASSED] - Navigate to 'http://localhost:8065/login' successfully

2020-06-05 16:12:49 - [TEST_STEP][PASSED] - setText(findTestObject("Object Repository/1612427/02_ChangePassword/Page_Mattermost/input_All team communication in one place s_703ef5"), "hcmus-cdnc"): Text 'hcmus-cdnc' is set on object 'Object Repository/1612427/02_ChangePassword/Page_Mattermost/input_All team communication in one place s_703ef5'

2020-06-05 16:13:16 - [MESSAGE][PASSED] - Text 'hcmus-cdnc' is set on object 'Object Repository/1612427/02_ChangePassword/Page_Mattermost/input_All team communication in one place s_703ef5'

2020-06-05 16:13:16 - [TEST_STEP][PASSED] - setEncryptedText(findTestObject("Object Repository/1612427/02_ChangePassword/Page_Mattermost/input_All team communication in one place s_2f2733"), "aeHFOx8jV/A="): Text ****** has been set on object 'Object Repository/1612427/02_ChangePassword/Page_Mattermost/input_All team communication in one place s_2f2733'

2020-06-05 16:13:16 - [MESSAGE][PASSED] - Text ****** has been set on object 'Object Repository/1612427/02_ChangePassword/Page_Mattermost/input_All team communication in one place s_2f2733'

2020-06-05 16:13:16 - [TEST_STEP][PASSED] - click(findTestObject("Object Repository/1612427/02_ChangePassword/Page_Mattermost/span_Sign in")): Object: 'Object Repository/1612427/02_ChangePassword/Page_Mattermost/span_Sign in' is clicked on

2020-06-05 16:13:32 - [MESSAGE][PASSED] - Object: 'Object Repository/1612427/02_ChangePassword/Page_Mattermost/span_Sign in' is clicked on

2020-06-05 16:13:32 - [TEST_STEP][PASSED] - click(findTestObject("Object Repository/1612427/02_ChangePassword/Page_Town Square - minus Mattermost/span")): Object: 'Object Repository/1612427/02_ChangePassword/Page_Town Square - minus Mattermost/span' is clicked on

2020-06-05 16:13:46 - [MESSAGE][PASSED] - Object: 'Object Repository/1612427/02_ChangePassword/Page_Town Square - minus Mattermost/span' is clicked on

2020-06-05 16:13:46 - [TEST_STEP][PASSED] - click(findTestObject("Object Repository/1612427/02_ChangePassword/Page_Town Square - minus Mattermost/span_Account Settings")): Object: 'Object Repository/1612427/02_ChangePassword/Page_Town Square - minus Mattermost/span_Account Settings' is clicked on

2020-06-05 16:13:51 - [MESSAGE][PASSED] - Object: 'Object Repository/1612427/02_ChangePassword/Page_Town Square - minus Mattermost/span_Account Settings' is clicked on

2020-06-05 16:13:51 - [TEST_STEP][PASSED] - click(findTestObject("Object Repository/1612427/03_ChangeName/Page_Town Square - minus Mattermost/span_Edit")): Object: 'Object Repository/1612427/03_ChangeName/Page_Town Square - minus Mattermost/span_Edit' is clicked on

2020-06-05 16:13:53 - [MESSAGE][PASSED] - Object: 'Object Repository/1612427/03_ChangeName/Page_Town Square - minus Mattermost/span_Edit' is clicked on

2020-06-05 16:13:53 - [TEST_STEP][PASSED] - click(findTestObject("Object Repository/1612427/03_ChangeName/Page_Town Square - minus Mattermost/div_First Name")): Object: 'Object Repository/1612427/03_ChangeName/Page_Town Square - minus Mattermost/div_First Name' is clicked on

2020-06-05 16:13:54 - [MESSAGE][PASSED] - Object: 'Object Repository/1612427/03_ChangeName/Page_Town Square - minus Mattermost/div_First Name' is clicked on

2020-06-05 16:13:54 - [TEST_STEP][PASSED] - setText(findTestObject("Object Repository/1612427/03_ChangeName/Page_Town Square - minus Mattermost/input_First Name_firstName"), firstname): Text 'Trương' is set on object 'Object Repository/1612427/03_ChangeName/Page_Town Square - minus Mattermost/input_First Name_firstName'

2020-06-05 16:13:56 - [MESSAGE][PASSED] - Text 'Trương' is set on object 'Object Repository/1612427/03_ChangeName/Page_Town Square - minus Mattermost/input_First Name_firstName'

2020-06-05 16:13:56 - [TEST_STEP][PASSED] - click(findTestObject("Object Repository/1612427/03_ChangeName/Page_Town Square - minus Mattermost/div_Last Name")): Object: 'Object Repository/1612427/03_ChangeName/Page_Town Square - minus Mattermost/div_Last Name' is clicked on

2020-06-05 16:13:57 - [MESSAGE][PASSED] - Object: 'Object Repository/1612427/03_ChangeName/Page_Town Square - minus Mattermost/div_Last Name' is clicked on

2020-06-05 16:13:57 - [TEST_STEP][PASSED] - setText(findTestObject("Object Repository/1612427/03_ChangeName/Page_Town Square - minus Mattermost/input_Last Name_lastName"), lastname): Text 'Quang Lộc' is set on object 'Object Repository/1612427/03_ChangeName/Page_Town Square - minus Mattermost/input_Last Name_lastName'

2020-06-05 16:14:01 - [MESSAGE][PASSED] - Text 'Quang Lộc' is set on object 'Object Repository/1612427/03_ChangeName/Page_Town Square - minus Mattermost/input_Last Name_lastName'

2020-06-05 16:14:01 - [TEST_STEP][PASSED] - click(findTestObject("Object Repository/1612427/03_ChangeName/Page_Town Square - minus Mattermost/span_Save")): Object: 'Object Repository/1612427/03_ChangeName/Page_Town Square - minus Mattermost/span_Save' is clicked on

2020-06-05 16:14:13 - [MESSAGE][PASSED] - Object: 'Object Repository/1612427/03_ChangeName/Page_Town Square - minus Mattermost/span_Save' is clicked on

2020-06-05 16:14:13 - [TEST_STEP][PASSED] - closeBrowser(): Browser is closed

2020-06-05 16:15:12 - [MESSAGE][WARNING] - Browser is not reachable. Browser may have been closed already.

2020-06-05 16:15:12 - [MESSAGE][PASSED] - Browser is closed]]></system-out>
         <system-err><![CDATA[]]></system-err>
      </testcase>
      <testcase name="Test Cases/1612427/04_ChangeNickname" time="175.466" classname="Test Cases/1612427/04_ChangeNickname" status="PASSED">
         <system-out><![CDATA[2020-06-05 16:15:16 - [TEST_CASE][PASSED] - Test Cases/1612427/04_ChangeNickname: Test Cases/1612427/04_ChangeNickname

2020-06-05 16:15:37 - [TEST_STEP][PASSED] - openBrowser(""): Browser is opened with url: ''

2020-06-05 16:15:37 - [MESSAGE][INFO] - Starting 'Chrome' driver

2020-06-05 16:15:38 - [MESSAGE][INFO] - Action delay is set to 0 milliseconds

2020-06-05 16:16:44 - [MESSAGE][PASSED] - Browser is opened with url: ''

2020-06-05 16:16:44 - [TEST_STEP][PASSED] - navigateToUrl("http://localhost:8065/login"): Navigate to 'http://localhost:8065/login' successfully

2020-06-05 16:17:08 - [MESSAGE][PASSED] - Navigate to 'http://localhost:8065/login' successfully

2020-06-05 16:17:08 - [TEST_STEP][PASSED] - setText(findTestObject("Object Repository/1612427/02_ChangePassword/Page_Mattermost/input_All team communication in one place s_703ef5"), "hcmus-cdnc"): Text 'hcmus-cdnc' is set on object 'Object Repository/1612427/02_ChangePassword/Page_Mattermost/input_All team communication in one place s_703ef5'

2020-06-05 16:17:22 - [MESSAGE][PASSED] - Text 'hcmus-cdnc' is set on object 'Object Repository/1612427/02_ChangePassword/Page_Mattermost/input_All team communication in one place s_703ef5'

2020-06-05 16:17:22 - [TEST_STEP][PASSED] - setEncryptedText(findTestObject("Object Repository/1612427/02_ChangePassword/Page_Mattermost/input_All team communication in one place s_2f2733"), "aeHFOx8jV/A="): Text ****** has been set on object 'Object Repository/1612427/02_ChangePassword/Page_Mattermost/input_All team communication in one place s_2f2733'

2020-06-05 16:17:24 - [MESSAGE][PASSED] - Text ****** has been set on object 'Object Repository/1612427/02_ChangePassword/Page_Mattermost/input_All team communication in one place s_2f2733'

2020-06-05 16:17:24 - [TEST_STEP][PASSED] - click(findTestObject("Object Repository/1612427/02_ChangePassword/Page_Mattermost/span_Sign in")): Object: 'Object Repository/1612427/02_ChangePassword/Page_Mattermost/span_Sign in' is clicked on

2020-06-05 16:17:39 - [MESSAGE][PASSED] - Object: 'Object Repository/1612427/02_ChangePassword/Page_Mattermost/span_Sign in' is clicked on

2020-06-05 16:17:39 - [TEST_STEP][PASSED] - click(findTestObject("Object Repository/1612427/02_ChangePassword/Page_Town Square - minus Mattermost/span")): Object: 'Object Repository/1612427/02_ChangePassword/Page_Town Square - minus Mattermost/span' is clicked on

2020-06-05 16:17:48 - [MESSAGE][PASSED] - Object: 'Object Repository/1612427/02_ChangePassword/Page_Town Square - minus Mattermost/span' is clicked on

2020-06-05 16:17:48 - [TEST_STEP][PASSED] - click(findTestObject("Object Repository/1612427/02_ChangePassword/Page_Town Square - minus Mattermost/span_Account Settings")): Object: 'Object Repository/1612427/02_ChangePassword/Page_Town Square - minus Mattermost/span_Account Settings' is clicked on

2020-06-05 16:18:00 - [MESSAGE][PASSED] - Object: 'Object Repository/1612427/02_ChangePassword/Page_Town Square - minus Mattermost/span_Account Settings' is clicked on

2020-06-05 16:18:00 - [TEST_STEP][PASSED] - click(findTestObject("Object Repository/1612427/04_ChangeNickname/Page_Town Square - minus Mattermost/span_Edit")): Object: 'Object Repository/1612427/04_ChangeNickname/Page_Town Square - minus Mattermost/span_Edit' is clicked on

2020-06-05 16:18:01 - [MESSAGE][PASSED] - Object: 'Object Repository/1612427/04_ChangeNickname/Page_Town Square - minus Mattermost/span_Edit' is clicked on

2020-06-05 16:18:01 - [TEST_STEP][PASSED] - setText(findTestObject("Object Repository/1612427/04_ChangeNickname/Page_Town Square - minus Mattermost/input_Nickname_nickname"), nickname): Text 'xuanghjem' is set on object 'Object Repository/1612427/04_ChangeNickname/Page_Town Square - minus Mattermost/input_Nickname_nickname'

2020-06-05 16:18:03 - [MESSAGE][PASSED] - Text 'xuanghjem' is set on object 'Object Repository/1612427/04_ChangeNickname/Page_Town Square - minus Mattermost/input_Nickname_nickname'

2020-06-05 16:18:03 - [TEST_STEP][PASSED] - click(findTestObject("Object Repository/1612427/04_ChangeNickname/Page_Town Square - minus Mattermost/span_Save")): Object: 'Object Repository/1612427/04_ChangeNickname/Page_Town Square - minus Mattermost/span_Save' is clicked on

2020-06-05 16:18:03 - [MESSAGE][PASSED] - Object: 'Object Repository/1612427/04_ChangeNickname/Page_Town Square - minus Mattermost/span_Save' is clicked on

2020-06-05 16:18:03 - [TEST_STEP][PASSED] - closeBrowser(): Browser is closed

2020-06-05 16:18:12 - [MESSAGE][PASSED] - Browser is closed]]></system-out>
         <system-err><![CDATA[]]></system-err>
      </testcase>
      <testcase name="Test Cases/1612427/04_ChangeNickname" time="48.214" classname="Test Cases/1612427/04_ChangeNickname" status="PASSED">
         <system-out><![CDATA[2020-06-05 16:18:12 - [TEST_CASE][PASSED] - Test Cases/1612427/04_ChangeNickname: Test Cases/1612427/04_ChangeNickname

2020-06-05 16:18:12 - [TEST_STEP][PASSED] - openBrowser(""): Browser is opened with url: ''

2020-06-05 16:18:12 - [MESSAGE][INFO] - Starting 'Chrome' driver

2020-06-05 16:18:12 - [MESSAGE][INFO] - Action delay is set to 0 milliseconds

2020-06-05 16:18:17 - [MESSAGE][PASSED] - Browser is opened with url: ''

2020-06-05 16:18:17 - [TEST_STEP][PASSED] - navigateToUrl("http://localhost:8065/login"): Navigate to 'http://localhost:8065/login' successfully

2020-06-05 16:18:24 - [MESSAGE][PASSED] - Navigate to 'http://localhost:8065/login' successfully

2020-06-05 16:18:24 - [TEST_STEP][PASSED] - setText(findTestObject("Object Repository/1612427/02_ChangePassword/Page_Mattermost/input_All team communication in one place s_703ef5"), "hcmus-cdnc"): Text 'hcmus-cdnc' is set on object 'Object Repository/1612427/02_ChangePassword/Page_Mattermost/input_All team communication in one place s_703ef5'

2020-06-05 16:18:26 - [MESSAGE][PASSED] - Text 'hcmus-cdnc' is set on object 'Object Repository/1612427/02_ChangePassword/Page_Mattermost/input_All team communication in one place s_703ef5'

2020-06-05 16:18:26 - [TEST_STEP][PASSED] - setEncryptedText(findTestObject("Object Repository/1612427/02_ChangePassword/Page_Mattermost/input_All team communication in one place s_2f2733"), "aeHFOx8jV/A="): Text ****** has been set on object 'Object Repository/1612427/02_ChangePassword/Page_Mattermost/input_All team communication in one place s_2f2733'

2020-06-05 16:18:43 - [MESSAGE][PASSED] - Text ****** has been set on object 'Object Repository/1612427/02_ChangePassword/Page_Mattermost/input_All team communication in one place s_2f2733'

2020-06-05 16:18:43 - [TEST_STEP][PASSED] - click(findTestObject("Object Repository/1612427/02_ChangePassword/Page_Mattermost/span_Sign in")): Object: 'Object Repository/1612427/02_ChangePassword/Page_Mattermost/span_Sign in' is clicked on

2020-06-05 16:18:50 - [MESSAGE][PASSED] - Object: 'Object Repository/1612427/02_ChangePassword/Page_Mattermost/span_Sign in' is clicked on

2020-06-05 16:18:50 - [TEST_STEP][PASSED] - click(findTestObject("Object Repository/1612427/02_ChangePassword/Page_Town Square - minus Mattermost/span")): Object: 'Object Repository/1612427/02_ChangePassword/Page_Town Square - minus Mattermost/span' is clicked on

2020-06-05 16:18:55 - [MESSAGE][PASSED] - Object: 'Object Repository/1612427/02_ChangePassword/Page_Town Square - minus Mattermost/span' is clicked on

2020-06-05 16:18:55 - [TEST_STEP][PASSED] - click(findTestObject("Object Repository/1612427/02_ChangePassword/Page_Town Square - minus Mattermost/span_Account Settings")): Object: 'Object Repository/1612427/02_ChangePassword/Page_Town Square - minus Mattermost/span_Account Settings' is clicked on

2020-06-05 16:18:56 - [MESSAGE][PASSED] - Object: 'Object Repository/1612427/02_ChangePassword/Page_Town Square - minus Mattermost/span_Account Settings' is clicked on

2020-06-05 16:18:56 - [TEST_STEP][PASSED] - click(findTestObject("Object Repository/1612427/04_ChangeNickname/Page_Town Square - minus Mattermost/span_Edit")): Object: 'Object Repository/1612427/04_ChangeNickname/Page_Town Square - minus Mattermost/span_Edit' is clicked on

2020-06-05 16:18:57 - [MESSAGE][PASSED] - Object: 'Object Repository/1612427/04_ChangeNickname/Page_Town Square - minus Mattermost/span_Edit' is clicked on

2020-06-05 16:18:57 - [TEST_STEP][PASSED] - setText(findTestObject("Object Repository/1612427/04_ChangeNickname/Page_Town Square - minus Mattermost/input_Nickname_nickname"), nickname): Text 'minhhien' is set on object 'Object Repository/1612427/04_ChangeNickname/Page_Town Square - minus Mattermost/input_Nickname_nickname'

2020-06-05 16:18:58 - [MESSAGE][PASSED] - Text 'minhhien' is set on object 'Object Repository/1612427/04_ChangeNickname/Page_Town Square - minus Mattermost/input_Nickname_nickname'

2020-06-05 16:18:58 - [TEST_STEP][PASSED] - click(findTestObject("Object Repository/1612427/04_ChangeNickname/Page_Town Square - minus Mattermost/span_Save")): Object: 'Object Repository/1612427/04_ChangeNickname/Page_Town Square - minus Mattermost/span_Save' is clicked on

2020-06-05 16:18:59 - [MESSAGE][PASSED] - Object: 'Object Repository/1612427/04_ChangeNickname/Page_Town Square - minus Mattermost/span_Save' is clicked on

2020-06-05 16:18:59 - [TEST_STEP][PASSED] - closeBrowser(): Browser is closed

2020-06-05 16:19:00 - [MESSAGE][PASSED] - Browser is closed]]></system-out>
         <system-err><![CDATA[]]></system-err>
      </testcase>
      <testcase name="Test Cases/1612427/04_ChangeNickname" time="27.465" classname="Test Cases/1612427/04_ChangeNickname" status="PASSED">
         <system-out><![CDATA[2020-06-05 16:19:00 - [TEST_CASE][PASSED] - Test Cases/1612427/04_ChangeNickname: Test Cases/1612427/04_ChangeNickname

2020-06-05 16:19:00 - [TEST_STEP][PASSED] - openBrowser(""): Browser is opened with url: ''

2020-06-05 16:19:00 - [MESSAGE][INFO] - Starting 'Chrome' driver

2020-06-05 16:19:00 - [MESSAGE][INFO] - Action delay is set to 0 milliseconds

2020-06-05 16:19:05 - [MESSAGE][PASSED] - Browser is opened with url: ''

2020-06-05 16:19:05 - [TEST_STEP][PASSED] - navigateToUrl("http://localhost:8065/login"): Navigate to 'http://localhost:8065/login' successfully

2020-06-05 16:19:15 - [MESSAGE][PASSED] - Navigate to 'http://localhost:8065/login' successfully

2020-06-05 16:19:15 - [TEST_STEP][PASSED] - setText(findTestObject("Object Repository/1612427/02_ChangePassword/Page_Mattermost/input_All team communication in one place s_703ef5"), "hcmus-cdnc"): Text 'hcmus-cdnc' is set on object 'Object Repository/1612427/02_ChangePassword/Page_Mattermost/input_All team communication in one place s_703ef5'

2020-06-05 16:19:17 - [MESSAGE][PASSED] - Text 'hcmus-cdnc' is set on object 'Object Repository/1612427/02_ChangePassword/Page_Mattermost/input_All team communication in one place s_703ef5'

2020-06-05 16:19:17 - [TEST_STEP][PASSED] - setEncryptedText(findTestObject("Object Repository/1612427/02_ChangePassword/Page_Mattermost/input_All team communication in one place s_2f2733"), "aeHFOx8jV/A="): Text ****** has been set on object 'Object Repository/1612427/02_ChangePassword/Page_Mattermost/input_All team communication in one place s_2f2733'

2020-06-05 16:19:18 - [MESSAGE][PASSED] - Text ****** has been set on object 'Object Repository/1612427/02_ChangePassword/Page_Mattermost/input_All team communication in one place s_2f2733'

2020-06-05 16:19:18 - [TEST_STEP][PASSED] - click(findTestObject("Object Repository/1612427/02_ChangePassword/Page_Mattermost/span_Sign in")): Object: 'Object Repository/1612427/02_ChangePassword/Page_Mattermost/span_Sign in' is clicked on

2020-06-05 16:19:19 - [MESSAGE][PASSED] - Object: 'Object Repository/1612427/02_ChangePassword/Page_Mattermost/span_Sign in' is clicked on

2020-06-05 16:19:19 - [TEST_STEP][PASSED] - click(findTestObject("Object Repository/1612427/02_ChangePassword/Page_Town Square - minus Mattermost/span")): Object: 'Object Repository/1612427/02_ChangePassword/Page_Town Square - minus Mattermost/span' is clicked on

2020-06-05 16:19:23 - [MESSAGE][PASSED] - Object: 'Object Repository/1612427/02_ChangePassword/Page_Town Square - minus Mattermost/span' is clicked on

2020-06-05 16:19:23 - [TEST_STEP][PASSED] - click(findTestObject("Object Repository/1612427/02_ChangePassword/Page_Town Square - minus Mattermost/span_Account Settings")): Object: 'Object Repository/1612427/02_ChangePassword/Page_Town Square - minus Mattermost/span_Account Settings' is clicked on

2020-06-05 16:19:24 - [MESSAGE][PASSED] - Object: 'Object Repository/1612427/02_ChangePassword/Page_Town Square - minus Mattermost/span_Account Settings' is clicked on

2020-06-05 16:19:24 - [TEST_STEP][PASSED] - click(findTestObject("Object Repository/1612427/04_ChangeNickname/Page_Town Square - minus Mattermost/span_Edit")): Object: 'Object Repository/1612427/04_ChangeNickname/Page_Town Square - minus Mattermost/span_Edit' is clicked on

2020-06-05 16:19:25 - [MESSAGE][PASSED] - Object: 'Object Repository/1612427/04_ChangeNickname/Page_Town Square - minus Mattermost/span_Edit' is clicked on

2020-06-05 16:19:25 - [TEST_STEP][PASSED] - setText(findTestObject("Object Repository/1612427/04_ChangeNickname/Page_Town Square - minus Mattermost/input_Nickname_nickname"), nickname): Text '&&&&&' is set on object 'Object Repository/1612427/04_ChangeNickname/Page_Town Square - minus Mattermost/input_Nickname_nickname'

2020-06-05 16:19:26 - [MESSAGE][PASSED] - Text '&&&&&' is set on object 'Object Repository/1612427/04_ChangeNickname/Page_Town Square - minus Mattermost/input_Nickname_nickname'

2020-06-05 16:19:26 - [TEST_STEP][PASSED] - click(findTestObject("Object Repository/1612427/04_ChangeNickname/Page_Town Square - minus Mattermost/span_Save")): Object: 'Object Repository/1612427/04_ChangeNickname/Page_Town Square - minus Mattermost/span_Save' is clicked on

2020-06-05 16:19:27 - [MESSAGE][PASSED] - Object: 'Object Repository/1612427/04_ChangeNickname/Page_Town Square - minus Mattermost/span_Save' is clicked on

2020-06-05 16:19:27 - [TEST_STEP][PASSED] - closeBrowser(): Browser is closed

2020-06-05 16:19:27 - [MESSAGE][PASSED] - Browser is closed]]></system-out>
         <system-err><![CDATA[]]></system-err>
      </testcase>
      <testcase name="Test Cases/1612427/04_ChangeNickname" time="39.637" classname="Test Cases/1612427/04_ChangeNickname" status="PASSED">
         <system-out><![CDATA[2020-06-05 16:19:27 - [TEST_CASE][PASSED] - Test Cases/1612427/04_ChangeNickname: Test Cases/1612427/04_ChangeNickname

2020-06-05 16:19:27 - [TEST_STEP][PASSED] - openBrowser(""): Browser is opened with url: ''

2020-06-05 16:19:27 - [MESSAGE][INFO] - Starting 'Chrome' driver

2020-06-05 16:19:27 - [MESSAGE][INFO] - Action delay is set to 0 milliseconds

2020-06-05 16:19:33 - [MESSAGE][PASSED] - Browser is opened with url: ''

2020-06-05 16:19:33 - [TEST_STEP][PASSED] - navigateToUrl("http://localhost:8065/login"): Navigate to 'http://localhost:8065/login' successfully

2020-06-05 16:19:47 - [MESSAGE][PASSED] - Navigate to 'http://localhost:8065/login' successfully

2020-06-05 16:19:47 - [TEST_STEP][PASSED] - setText(findTestObject("Object Repository/1612427/02_ChangePassword/Page_Mattermost/input_All team communication in one place s_703ef5"), "hcmus-cdnc"): Text 'hcmus-cdnc' is set on object 'Object Repository/1612427/02_ChangePassword/Page_Mattermost/input_All team communication in one place s_703ef5'

2020-06-05 16:19:50 - [MESSAGE][PASSED] - Text 'hcmus-cdnc' is set on object 'Object Repository/1612427/02_ChangePassword/Page_Mattermost/input_All team communication in one place s_703ef5'

2020-06-05 16:19:50 - [TEST_STEP][PASSED] - setEncryptedText(findTestObject("Object Repository/1612427/02_ChangePassword/Page_Mattermost/input_All team communication in one place s_2f2733"), "aeHFOx8jV/A="): Text ****** has been set on object 'Object Repository/1612427/02_ChangePassword/Page_Mattermost/input_All team communication in one place s_2f2733'

2020-06-05 16:19:50 - [MESSAGE][PASSED] - Text ****** has been set on object 'Object Repository/1612427/02_ChangePassword/Page_Mattermost/input_All team communication in one place s_2f2733'

2020-06-05 16:19:50 - [TEST_STEP][PASSED] - click(findTestObject("Object Repository/1612427/02_ChangePassword/Page_Mattermost/span_Sign in")): Object: 'Object Repository/1612427/02_ChangePassword/Page_Mattermost/span_Sign in' is clicked on

2020-06-05 16:19:51 - [MESSAGE][PASSED] - Object: 'Object Repository/1612427/02_ChangePassword/Page_Mattermost/span_Sign in' is clicked on

2020-06-05 16:19:51 - [TEST_STEP][PASSED] - click(findTestObject("Object Repository/1612427/02_ChangePassword/Page_Town Square - minus Mattermost/span")): Object: 'Object Repository/1612427/02_ChangePassword/Page_Town Square - minus Mattermost/span' is clicked on

2020-06-05 16:19:56 - [MESSAGE][PASSED] - Object: 'Object Repository/1612427/02_ChangePassword/Page_Town Square - minus Mattermost/span' is clicked on

2020-06-05 16:19:56 - [TEST_STEP][PASSED] - click(findTestObject("Object Repository/1612427/02_ChangePassword/Page_Town Square - minus Mattermost/span_Account Settings")): Object: 'Object Repository/1612427/02_ChangePassword/Page_Town Square - minus Mattermost/span_Account Settings' is clicked on

2020-06-05 16:19:57 - [MESSAGE][PASSED] - Object: 'Object Repository/1612427/02_ChangePassword/Page_Town Square - minus Mattermost/span_Account Settings' is clicked on

2020-06-05 16:19:57 - [TEST_STEP][PASSED] - click(findTestObject("Object Repository/1612427/04_ChangeNickname/Page_Town Square - minus Mattermost/span_Edit")): Object: 'Object Repository/1612427/04_ChangeNickname/Page_Town Square - minus Mattermost/span_Edit' is clicked on

2020-06-05 16:19:58 - [MESSAGE][PASSED] - Object: 'Object Repository/1612427/04_ChangeNickname/Page_Town Square - minus Mattermost/span_Edit' is clicked on

2020-06-05 16:19:58 - [TEST_STEP][PASSED] - setText(findTestObject("Object Repository/1612427/04_ChangeNickname/Page_Town Square - minus Mattermost/input_Nickname_nickname"), nickname): Text 'vanthin' is set on object 'Object Repository/1612427/04_ChangeNickname/Page_Town Square - minus Mattermost/input_Nickname_nickname'

2020-06-05 16:20:00 - [MESSAGE][PASSED] - Text 'vanthin' is set on object 'Object Repository/1612427/04_ChangeNickname/Page_Town Square - minus Mattermost/input_Nickname_nickname'

2020-06-05 16:20:00 - [TEST_STEP][PASSED] - click(findTestObject("Object Repository/1612427/04_ChangeNickname/Page_Town Square - minus Mattermost/span_Save")): Object: 'Object Repository/1612427/04_ChangeNickname/Page_Town Square - minus Mattermost/span_Save' is clicked on

2020-06-05 16:20:00 - [MESSAGE][PASSED] - Object: 'Object Repository/1612427/04_ChangeNickname/Page_Town Square - minus Mattermost/span_Save' is clicked on

2020-06-05 16:20:00 - [TEST_STEP][PASSED] - closeBrowser(): Browser is closed

2020-06-05 16:20:07 - [MESSAGE][PASSED] - Browser is closed]]></system-out>
         <system-err><![CDATA[]]></system-err>
      </testcase>
      <testcase name="Test Cases/1612427/04_ChangeNickname" time="35.051" classname="Test Cases/1612427/04_ChangeNickname" status="PASSED">
         <system-out><![CDATA[2020-06-05 16:20:07 - [TEST_CASE][PASSED] - Test Cases/1612427/04_ChangeNickname: Test Cases/1612427/04_ChangeNickname

2020-06-05 16:20:15 - [TEST_STEP][PASSED] - openBrowser(""): Browser is opened with url: ''

2020-06-05 16:20:15 - [MESSAGE][INFO] - Starting 'Chrome' driver

2020-06-05 16:20:15 - [MESSAGE][INFO] - Action delay is set to 0 milliseconds

2020-06-05 16:20:21 - [MESSAGE][PASSED] - Browser is opened with url: ''

2020-06-05 16:20:21 - [TEST_STEP][PASSED] - navigateToUrl("http://localhost:8065/login"): Navigate to 'http://localhost:8065/login' successfully

2020-06-05 16:20:23 - [MESSAGE][PASSED] - Navigate to 'http://localhost:8065/login' successfully

2020-06-05 16:20:23 - [TEST_STEP][PASSED] - setText(findTestObject("Object Repository/1612427/02_ChangePassword/Page_Mattermost/input_All team communication in one place s_703ef5"), "hcmus-cdnc"): Text 'hcmus-cdnc' is set on object 'Object Repository/1612427/02_ChangePassword/Page_Mattermost/input_All team communication in one place s_703ef5'

2020-06-05 16:20:26 - [MESSAGE][PASSED] - Text 'hcmus-cdnc' is set on object 'Object Repository/1612427/02_ChangePassword/Page_Mattermost/input_All team communication in one place s_703ef5'

2020-06-05 16:20:26 - [TEST_STEP][PASSED] - setEncryptedText(findTestObject("Object Repository/1612427/02_ChangePassword/Page_Mattermost/input_All team communication in one place s_2f2733"), "aeHFOx8jV/A="): Text ****** has been set on object 'Object Repository/1612427/02_ChangePassword/Page_Mattermost/input_All team communication in one place s_2f2733'

2020-06-05 16:20:27 - [MESSAGE][PASSED] - Text ****** has been set on object 'Object Repository/1612427/02_ChangePassword/Page_Mattermost/input_All team communication in one place s_2f2733'

2020-06-05 16:20:27 - [TEST_STEP][PASSED] - click(findTestObject("Object Repository/1612427/02_ChangePassword/Page_Mattermost/span_Sign in")): Object: 'Object Repository/1612427/02_ChangePassword/Page_Mattermost/span_Sign in' is clicked on

2020-06-05 16:20:29 - [MESSAGE][PASSED] - Object: 'Object Repository/1612427/02_ChangePassword/Page_Mattermost/span_Sign in' is clicked on

2020-06-05 16:20:29 - [TEST_STEP][PASSED] - click(findTestObject("Object Repository/1612427/02_ChangePassword/Page_Town Square - minus Mattermost/span")): Object: 'Object Repository/1612427/02_ChangePassword/Page_Town Square - minus Mattermost/span' is clicked on

2020-06-05 16:20:35 - [MESSAGE][PASSED] - Object: 'Object Repository/1612427/02_ChangePassword/Page_Town Square - minus Mattermost/span' is clicked on

2020-06-05 16:20:35 - [TEST_STEP][PASSED] - click(findTestObject("Object Repository/1612427/02_ChangePassword/Page_Town Square - minus Mattermost/span_Account Settings")): Object: 'Object Repository/1612427/02_ChangePassword/Page_Town Square - minus Mattermost/span_Account Settings' is clicked on

2020-06-05 16:20:36 - [MESSAGE][PASSED] - Object: 'Object Repository/1612427/02_ChangePassword/Page_Town Square - minus Mattermost/span_Account Settings' is clicked on

2020-06-05 16:20:36 - [TEST_STEP][PASSED] - click(findTestObject("Object Repository/1612427/04_ChangeNickname/Page_Town Square - minus Mattermost/span_Edit")): Object: 'Object Repository/1612427/04_ChangeNickname/Page_Town Square - minus Mattermost/span_Edit' is clicked on

2020-06-05 16:20:37 - [MESSAGE][PASSED] - Object: 'Object Repository/1612427/04_ChangeNickname/Page_Town Square - minus Mattermost/span_Edit' is clicked on

2020-06-05 16:20:37 - [TEST_STEP][PASSED] - setText(findTestObject("Object Repository/1612427/04_ChangeNickname/Page_Town Square - minus Mattermost/input_Nickname_nickname"), nickname): Text '******' is set on object 'Object Repository/1612427/04_ChangeNickname/Page_Town Square - minus Mattermost/input_Nickname_nickname'

2020-06-05 16:20:39 - [MESSAGE][PASSED] - Text '******' is set on object 'Object Repository/1612427/04_ChangeNickname/Page_Town Square - minus Mattermost/input_Nickname_nickname'

2020-06-05 16:20:39 - [TEST_STEP][PASSED] - click(findTestObject("Object Repository/1612427/04_ChangeNickname/Page_Town Square - minus Mattermost/span_Save")): Object: 'Object Repository/1612427/04_ChangeNickname/Page_Town Square - minus Mattermost/span_Save' is clicked on

2020-06-05 16:20:39 - [MESSAGE][PASSED] - Object: 'Object Repository/1612427/04_ChangeNickname/Page_Town Square - minus Mattermost/span_Save' is clicked on

2020-06-05 16:20:39 - [TEST_STEP][PASSED] - closeBrowser(): Browser is closed

2020-06-05 16:20:42 - [MESSAGE][PASSED] - Browser is closed]]></system-out>
         <system-err><![CDATA[]]></system-err>
      </testcase>
      <testcase name="Test Cases/1612427/05_ChangePosition" time="24.839" classname="Test Cases/1612427/05_ChangePosition" status="PASSED">
         <system-out><![CDATA[2020-06-05 16:20:42 - [TEST_CASE][PASSED] - Test Cases/1612427/05_ChangePosition: Test Cases/1612427/05_ChangePosition

2020-06-05 16:20:43 - [TEST_STEP][PASSED] - openBrowser(""): Browser is opened with url: ''

2020-06-05 16:20:43 - [MESSAGE][INFO] - Starting 'Chrome' driver

2020-06-05 16:20:43 - [MESSAGE][INFO] - Action delay is set to 0 milliseconds

2020-06-05 16:20:46 - [MESSAGE][PASSED] - Browser is opened with url: ''

2020-06-05 16:20:46 - [TEST_STEP][PASSED] - navigateToUrl("http://localhost:8065/login"): Navigate to 'http://localhost:8065/login' successfully

2020-06-05 16:20:48 - [MESSAGE][PASSED] - Navigate to 'http://localhost:8065/login' successfully

2020-06-05 16:20:48 - [TEST_STEP][PASSED] - setText(findTestObject("Object Repository/1612427/05_ChangePosition/Page_Mattermost/input_All team communication in one place s_703ef5"), "hcmus-cdnc"): Text 'hcmus-cdnc' is set on object 'Object Repository/1612427/05_ChangePosition/Page_Mattermost/input_All team communication in one place s_703ef5'

2020-06-05 16:20:51 - [MESSAGE][PASSED] - Text 'hcmus-cdnc' is set on object 'Object Repository/1612427/05_ChangePosition/Page_Mattermost/input_All team communication in one place s_703ef5'

2020-06-05 16:20:51 - [TEST_STEP][PASSED] - setEncryptedText(findTestObject("Object Repository/1612427/05_ChangePosition/Page_Mattermost/input_All team communication in one place s_2f2733"), "aeHFOx8jV/A="): Text ****** has been set on object 'Object Repository/1612427/05_ChangePosition/Page_Mattermost/input_All team communication in one place s_2f2733'

2020-06-05 16:20:52 - [MESSAGE][PASSED] - Text ****** has been set on object 'Object Repository/1612427/05_ChangePosition/Page_Mattermost/input_All team communication in one place s_2f2733'

2020-06-05 16:20:52 - [TEST_STEP][PASSED] - click(findTestObject("Object Repository/1612427/05_ChangePosition/Page_Mattermost/button_Sign in")): Object: 'Object Repository/1612427/05_ChangePosition/Page_Mattermost/button_Sign in' is clicked on

2020-06-05 16:20:56 - [MESSAGE][PASSED] - Object: 'Object Repository/1612427/05_ChangePosition/Page_Mattermost/button_Sign in' is clicked on

2020-06-05 16:20:56 - [TEST_STEP][PASSED] - click(findTestObject("Object Repository/1612427/05_ChangePosition/Page_Town Square - minus Mattermost/button_hcmus-cdnc_style--none sidebar-heade_0f8da4")): Object: 'Object Repository/1612427/05_ChangePosition/Page_Town Square - minus Mattermost/button_hcmus-cdnc_style--none sidebar-heade_0f8da4' is clicked on

2020-06-05 16:21:01 - [MESSAGE][PASSED] - Object: 'Object Repository/1612427/05_ChangePosition/Page_Town Square - minus Mattermost/button_hcmus-cdnc_style--none sidebar-heade_0f8da4' is clicked on

2020-06-05 16:21:01 - [TEST_STEP][PASSED] - click(findTestObject("Object Repository/1612427/05_ChangePosition/Page_Town Square - minus Mattermost/span_Account Settings")): Object: 'Object Repository/1612427/05_ChangePosition/Page_Town Square - minus Mattermost/span_Account Settings' is clicked on

2020-06-05 16:21:02 - [MESSAGE][PASSED] - Object: 'Object Repository/1612427/05_ChangePosition/Page_Town Square - minus Mattermost/span_Account Settings' is clicked on

2020-06-05 16:21:02 - [TEST_STEP][PASSED] - click(findTestObject("Object Repository/1612427/05_ChangePosition/Page_Town Square - minus Mattermost/span_Edit")): Object: 'Object Repository/1612427/05_ChangePosition/Page_Town Square - minus Mattermost/span_Edit' is clicked on

2020-06-05 16:21:03 - [MESSAGE][PASSED] - Object: 'Object Repository/1612427/05_ChangePosition/Page_Town Square - minus Mattermost/span_Edit' is clicked on

2020-06-05 16:21:03 - [TEST_STEP][PASSED] - setText(findTestObject("Object Repository/1612427/05_ChangePosition/Page_Town Square - minus Mattermost/input_Position_position"), position): Text 'developer' is set on object 'Object Repository/1612427/05_ChangePosition/Page_Town Square - minus Mattermost/input_Position_position'

2020-06-05 16:21:04 - [MESSAGE][PASSED] - Text 'developer' is set on object 'Object Repository/1612427/05_ChangePosition/Page_Town Square - minus Mattermost/input_Position_position'

2020-06-05 16:21:04 - [TEST_STEP][PASSED] - click(findTestObject("Object Repository/1612427/05_ChangePosition/Page_Town Square - minus Mattermost/span_Save")): Object: 'Object Repository/1612427/05_ChangePosition/Page_Town Square - minus Mattermost/span_Save' is clicked on

2020-06-05 16:21:05 - [MESSAGE][PASSED] - Object: 'Object Repository/1612427/05_ChangePosition/Page_Town Square - minus Mattermost/span_Save' is clicked on

2020-06-05 16:21:05 - [TEST_STEP][PASSED] - closeBrowser(): Browser is closed

2020-06-05 16:21:07 - [MESSAGE][PASSED] - Browser is closed]]></system-out>
         <system-err><![CDATA[]]></system-err>
      </testcase>
      <testcase name="Test Cases/1612427/05_ChangePosition" time="39.553" classname="Test Cases/1612427/05_ChangePosition" status="FAILED">
         <failure type="FAILED" message="Test Cases/1612427/05_ChangePosition FAILED.
Reason:
com.kms.katalon.core.exception.StepFailedException: Unable to click on object 'Object Repository/1612427/05_ChangePosition/Page_Town Square - minus Mattermost/span_Account Settings'
	at com.kms.katalon.core.webui.keyword.internal.WebUIKeywordMain.stepFailed(WebUIKeywordMain.groovy:64)
	at com.kms.katalon.core.webui.keyword.internal.WebUIKeywordMain.runKeyword(WebUIKeywordMain.groovy:26)
	at com.kms.katalon.core.webui.keyword.builtin.ClickKeyword.click(ClickKeyword.groovy:76)
	at com.kms.katalon.core.webui.keyword.builtin.ClickKeyword.execute(ClickKeyword.groovy:43)
	at com.kms.katalon.core.keyword.internal.KeywordExecutor.executeKeywordForPlatform(KeywordExecutor.groovy:72)
	at com.kms.katalon.core.webui.keyword.WebUiBuiltInKeywords.click(WebUiBuiltInKeywords.groovy:616)
	at com.kms.katalon.core.webui.keyword.WebUiBuiltInKeywords$click$3.call(Unknown Source)
	at 05_ChangePosition.run(05_ChangePosition:33)
	at com.kms.katalon.core.main.ScriptEngine.run(ScriptEngine.java:194)
	at com.kms.katalon.core.main.ScriptEngine.runScriptAsRawText(ScriptEngine.java:119)
	at com.kms.katalon.core.main.TestCaseExecutor.runScript(TestCaseExecutor.java:337)
	at com.kms.katalon.core.main.TestCaseExecutor.doExecute(TestCaseExecutor.java:328)
	at com.kms.katalon.core.main.TestCaseExecutor.processExecutionPhase(TestCaseExecutor.java:307)
	at com.kms.katalon.core.main.TestCaseExecutor.accessMainPhase(TestCaseExecutor.java:299)
	at com.kms.katalon.core.main.TestCaseExecutor.execute(TestCaseExecutor.java:233)
	at com.kms.katalon.core.main.TestSuiteExecutor.accessTestCaseMainPhase(TestSuiteExecutor.java:169)
	at com.kms.katalon.core.main.TestSuiteExecutor.accessTestSuiteMainPhase(TestSuiteExecutor.java:142)
	at com.kms.katalon.core.main.TestSuiteExecutor.execute(TestSuiteExecutor.java:91)
	at com.kms.katalon.core.main.TestCaseMain.startTestSuite(TestCaseMain.java:157)
	at com.kms.katalon.core.main.TestCaseMain$startTestSuite$0.call(Unknown Source)
	at TempTestSuite1591347278292.run(TempTestSuite1591347278292.groovy:37)
Caused by: org.openqa.selenium.ElementClickInterceptedException: element click intercepted: Element &lt;span class=&quot;MenuItem__primary-text&quot;>...&lt;/span> is not clickable at point (247, 114). Other element would receive the click: &lt;span>...&lt;/span>
  (Session info: chrome=83.0.4103.97)
Build info: version: '3.141.59', revision: 'e82be7d358', time: '2018-11-14T08:25:53'
System info: host: 'DESKTOP-SGC4F2H', ip: '172.25.32.1', os.name: 'Windows 10', os.arch: 'amd64', os.version: '10.0', java.version: '1.8.0_181'
Driver info: com.kms.katalon.selenium.driver.CChromeDriver
Capabilities {acceptInsecureCerts: false, browserName: chrome, browserVersion: 83.0.4103.97, chrome: {chromedriverVersion: 83.0.4103.39 (ccbf011cb2d2b..., userDataDir: C:\Users\Thanh\AppData\Loca...}, goog:chromeOptions: {debuggerAddress: localhost:55904}, javascriptEnabled: true, networkConnectionEnabled: false, pageLoadStrategy: normal, platform: WINDOWS, platformName: WINDOWS, proxy: Proxy(), setWindowRect: true, strictFileInteractability: false, timeouts: {implicit: 0, pageLoad: 300000, script: 30000}, unhandledPromptBehavior: dismiss and notify, webauthn:virtualAuthenticators: true}
Session ID: 508895149ed66208cb0a8a8b62252784
	at org.openqa.selenium.remote.http.W3CHttpResponseCodec.createException(W3CHttpResponseCodec.java:187)
	at org.openqa.selenium.remote.http.W3CHttpResponseCodec.decode(W3CHttpResponseCodec.java:122)
	at org.openqa.selenium.remote.http.W3CHttpResponseCodec.decode(W3CHttpResponseCodec.java:49)
	at org.openqa.selenium.remote.HttpCommandExecutor.execute(HttpCommandExecutor.java:158)
	at org.openqa.selenium.remote.service.DriverCommandExecutor.execute(DriverCommandExecutor.java:83)
	at org.openqa.selenium.remote.RemoteWebDriver.execute(RemoteWebDriver.java:552)
	at com.kms.katalon.selenium.driver.CChromeDriver.execute(CChromeDriver.java:19)
	at org.openqa.selenium.remote.RemoteWebElement.execute(RemoteWebElement.java:285)
	at org.openqa.selenium.remote.RemoteWebElement.click(RemoteWebElement.java:84)
	at org.openqa.selenium.support.events.EventFiringWebDriver$EventFiringWebElement.lambda$new$0(EventFiringWebDriver.java:404)
	at com.sun.proxy.$Proxy9.click(Unknown Source)
	at org.openqa.selenium.support.events.EventFiringWebDriver$EventFiringWebElement.click(EventFiringWebDriver.java:417)
	at com.kms.katalon.core.webui.keyword.builtin.ClickKeyword$_click_closure1.doCall(ClickKeyword.groovy:69)
	at com.kms.katalon.core.webui.keyword.builtin.ClickKeyword$_click_closure1.call(ClickKeyword.groovy)
	at com.kms.katalon.core.webui.keyword.internal.WebUIKeywordMain.runKeyword(WebUIKeywordMain.groovy:20)
	... 19 more
"/>
         <system-out><![CDATA[2020-06-05 16:21:07 - [TEST_CASE][FAILED] - Test Cases/1612427/05_ChangePosition: Test Cases/1612427/05_ChangePosition FAILED.
Reason:
com.kms.katalon.core.exception.StepFailedException: Unable to click on object 'Object Repository/1612427/05_ChangePosition/Page_Town Square - minus Mattermost/span_Account Settings'
	at com.kms.katalon.core.webui.keyword.internal.WebUIKeywordMain.stepFailed(WebUIKeywordMain.groovy:64)
	at com.kms.katalon.core.webui.keyword.internal.WebUIKeywordMain.runKeyword(WebUIKeywordMain.groovy:26)
	at com.kms.katalon.core.webui.keyword.builtin.ClickKeyword.click(ClickKeyword.groovy:76)
	at com.kms.katalon.core.webui.keyword.builtin.ClickKeyword.execute(ClickKeyword.groovy:43)
	at com.kms.katalon.core.keyword.internal.KeywordExecutor.executeKeywordForPlatform(KeywordExecutor.groovy:72)
	at com.kms.katalon.core.webui.keyword.WebUiBuiltInKeywords.click(WebUiBuiltInKeywords.groovy:616)
	at com.kms.katalon.core.webui.keyword.WebUiBuiltInKeywords$click$3.call(Unknown Source)
	at 05_ChangePosition.run(05_ChangePosition:33)
	at com.kms.katalon.core.main.ScriptEngine.run(ScriptEngine.java:194)
	at com.kms.katalon.core.main.ScriptEngine.runScriptAsRawText(ScriptEngine.java:119)
	at com.kms.katalon.core.main.TestCaseExecutor.runScript(TestCaseExecutor.java:337)
	at com.kms.katalon.core.main.TestCaseExecutor.doExecute(TestCaseExecutor.java:328)
	at com.kms.katalon.core.main.TestCaseExecutor.processExecutionPhase(TestCaseExecutor.java:307)
	at com.kms.katalon.core.main.TestCaseExecutor.accessMainPhase(TestCaseExecutor.java:299)
	at com.kms.katalon.core.main.TestCaseExecutor.execute(TestCaseExecutor.java:233)
	at com.kms.katalon.core.main.TestSuiteExecutor.accessTestCaseMainPhase(TestSuiteExecutor.java:169)
	at com.kms.katalon.core.main.TestSuiteExecutor.accessTestSuiteMainPhase(TestSuiteExecutor.java:142)
	at com.kms.katalon.core.main.TestSuiteExecutor.execute(TestSuiteExecutor.java:91)
	at com.kms.katalon.core.main.TestCaseMain.startTestSuite(TestCaseMain.java:157)
	at com.kms.katalon.core.main.TestCaseMain$startTestSuite$0.call(Unknown Source)
	at TempTestSuite1591347278292.run(TempTestSuite1591347278292.groovy:37)
Caused by: org.openqa.selenium.ElementClickInterceptedException: element click intercepted: Element <span class="MenuItem__primary-text">...</span> is not clickable at point (247, 114). Other element would receive the click: <span>...</span>
  (Session info: chrome=83.0.4103.97)
Build info: version: '3.141.59', revision: 'e82be7d358', time: '2018-11-14T08:25:53'
System info: host: 'DESKTOP-SGC4F2H', ip: '172.25.32.1', os.name: 'Windows 10', os.arch: 'amd64', os.version: '10.0', java.version: '1.8.0_181'
Driver info: com.kms.katalon.selenium.driver.CChromeDriver
Capabilities {acceptInsecureCerts: false, browserName: chrome, browserVersion: 83.0.4103.97, chrome: {chromedriverVersion: 83.0.4103.39 (ccbf011cb2d2b..., userDataDir: C:\Users\Thanh\AppData\Loca...}, goog:chromeOptions: {debuggerAddress: localhost:55904}, javascriptEnabled: true, networkConnectionEnabled: false, pageLoadStrategy: normal, platform: WINDOWS, platformName: WINDOWS, proxy: Proxy(), setWindowRect: true, strictFileInteractability: false, timeouts: {implicit: 0, pageLoad: 300000, script: 30000}, unhandledPromptBehavior: dismiss and notify, webauthn:virtualAuthenticators: true}
Session ID: 508895149ed66208cb0a8a8b62252784
	at org.openqa.selenium.remote.http.W3CHttpResponseCodec.createException(W3CHttpResponseCodec.java:187)
	at org.openqa.selenium.remote.http.W3CHttpResponseCodec.decode(W3CHttpResponseCodec.java:122)
	at org.openqa.selenium.remote.http.W3CHttpResponseCodec.decode(W3CHttpResponseCodec.java:49)
	at org.openqa.selenium.remote.HttpCommandExecutor.execute(HttpCommandExecutor.java:158)
	at org.openqa.selenium.remote.service.DriverCommandExecutor.execute(DriverCommandExecutor.java:83)
	at org.openqa.selenium.remote.RemoteWebDriver.execute(RemoteWebDriver.java:552)
	at com.kms.katalon.selenium.driver.CChromeDriver.execute(CChromeDriver.java:19)
	at org.openqa.selenium.remote.RemoteWebElement.execute(RemoteWebElement.java:285)
	at org.openqa.selenium.remote.RemoteWebElement.click(RemoteWebElement.java:84)
	at org.openqa.selenium.support.events.EventFiringWebDriver$EventFiringWebElement.lambda$new$0(EventFiringWebDriver.java:404)
	at com.sun.proxy.$Proxy9.click(Unknown Source)
	at org.openqa.selenium.support.events.EventFiringWebDriver$EventFiringWebElement.click(EventFiringWebDriver.java:417)
	at com.kms.katalon.core.webui.keyword.builtin.ClickKeyword$_click_closure1.doCall(ClickKeyword.groovy:69)
	at com.kms.katalon.core.webui.keyword.builtin.ClickKeyword$_click_closure1.call(ClickKeyword.groovy)
	at com.kms.katalon.core.webui.keyword.internal.WebUIKeywordMain.runKeyword(WebUIKeywordMain.groovy:20)
	... 19 more


2020-06-05 16:21:07 - [TEST_STEP][PASSED] - openBrowser(""): Browser is opened with url: ''

2020-06-05 16:21:07 - [MESSAGE][INFO] - Starting 'Chrome' driver

2020-06-05 16:21:07 - [MESSAGE][INFO] - Action delay is set to 0 milliseconds

2020-06-05 16:21:16 - [MESSAGE][PASSED] - Browser is opened with url: ''

2020-06-05 16:21:16 - [TEST_STEP][PASSED] - navigateToUrl("http://localhost:8065/login"): Navigate to 'http://localhost:8065/login' successfully

2020-06-05 16:21:27 - [MESSAGE][PASSED] - Navigate to 'http://localhost:8065/login' successfully

2020-06-05 16:21:27 - [TEST_STEP][PASSED] - setText(findTestObject("Object Repository/1612427/05_ChangePosition/Page_Mattermost/input_All team communication in one place s_703ef5"), "hcmus-cdnc"): Text 'hcmus-cdnc' is set on object 'Object Repository/1612427/05_ChangePosition/Page_Mattermost/input_All team communication in one place s_703ef5'

2020-06-05 16:21:31 - [MESSAGE][PASSED] - Text 'hcmus-cdnc' is set on object 'Object Repository/1612427/05_ChangePosition/Page_Mattermost/input_All team communication in one place s_703ef5'

2020-06-05 16:21:31 - [TEST_STEP][PASSED] - setEncryptedText(findTestObject("Object Repository/1612427/05_ChangePosition/Page_Mattermost/input_All team communication in one place s_2f2733"), "aeHFOx8jV/A="): Text ****** has been set on object 'Object Repository/1612427/05_ChangePosition/Page_Mattermost/input_All team communication in one place s_2f2733'

2020-06-05 16:21:32 - [MESSAGE][PASSED] - Text ****** has been set on object 'Object Repository/1612427/05_ChangePosition/Page_Mattermost/input_All team communication in one place s_2f2733'

2020-06-05 16:21:32 - [TEST_STEP][PASSED] - click(findTestObject("Object Repository/1612427/05_ChangePosition/Page_Mattermost/button_Sign in")): Object: 'Object Repository/1612427/05_ChangePosition/Page_Mattermost/button_Sign in' is clicked on

2020-06-05 16:21:36 - [MESSAGE][PASSED] - Object: 'Object Repository/1612427/05_ChangePosition/Page_Mattermost/button_Sign in' is clicked on

2020-06-05 16:21:36 - [TEST_STEP][PASSED] - click(findTestObject("Object Repository/1612427/05_ChangePosition/Page_Town Square - minus Mattermost/button_hcmus-cdnc_style--none sidebar-heade_0f8da4")): Object: 'Object Repository/1612427/05_ChangePosition/Page_Town Square - minus Mattermost/button_hcmus-cdnc_style--none sidebar-heade_0f8da4' is clicked on

2020-06-05 16:21:44 - [MESSAGE][PASSED] - Object: 'Object Repository/1612427/05_ChangePosition/Page_Town Square - minus Mattermost/button_hcmus-cdnc_style--none sidebar-heade_0f8da4' is clicked on

2020-06-05 16:21:44 - [TEST_STEP][FAILED] - click(findTestObject("Object Repository/1612427/05_ChangePosition/Page_Town Square - minus Mattermost/span_Account Settings")): Unable to click on object 'Object Repository/1612427/05_ChangePosition/Page_Town Square - minus Mattermost/span_Account Settings' (Root cause: com.kms.katalon.core.exception.StepFailedException: Unable to click on object 'Object Repository/1612427/05_ChangePosition/Page_Town Square - minus Mattermost/span_Account Settings'
	at com.kms.katalon.core.webui.keyword.internal.WebUIKeywordMain.stepFailed(WebUIKeywordMain.groovy:64)
	at com.kms.katalon.core.webui.keyword.internal.WebUIKeywordMain.runKeyword(WebUIKeywordMain.groovy:26)
	at com.kms.katalon.core.webui.keyword.builtin.ClickKeyword.click(ClickKeyword.groovy:76)
	at com.kms.katalon.core.webui.keyword.builtin.ClickKeyword.execute(ClickKeyword.groovy:43)
	at com.kms.katalon.core.keyword.internal.KeywordExecutor.executeKeywordForPlatform(KeywordExecutor.groovy:72)
	at com.kms.katalon.core.webui.keyword.WebUiBuiltInKeywords.click(WebUiBuiltInKeywords.groovy:616)
	at com.kms.katalon.core.webui.keyword.WebUiBuiltInKeywords$click$3.call(Unknown Source)
	at 05_ChangePosition.run(05_ChangePosition:33)
	at com.kms.katalon.core.main.ScriptEngine.run(ScriptEngine.java:194)
	at com.kms.katalon.core.main.ScriptEngine.runScriptAsRawText(ScriptEngine.java:119)
	at com.kms.katalon.core.main.TestCaseExecutor.runScript(TestCaseExecutor.java:337)
	at com.kms.katalon.core.main.TestCaseExecutor.doExecute(TestCaseExecutor.java:328)
	at com.kms.katalon.core.main.TestCaseExecutor.processExecutionPhase(TestCaseExecutor.java:307)
	at com.kms.katalon.core.main.TestCaseExecutor.accessMainPhase(TestCaseExecutor.java:299)
	at com.kms.katalon.core.main.TestCaseExecutor.execute(TestCaseExecutor.java:233)
	at com.kms.katalon.core.main.TestSuiteExecutor.accessTestCaseMainPhase(TestSuiteExecutor.java:169)
	at com.kms.katalon.core.main.TestSuiteExecutor.accessTestSuiteMainPhase(TestSuiteExecutor.java:142)
	at com.kms.katalon.core.main.TestSuiteExecutor.execute(TestSuiteExecutor.java:91)
	at com.kms.katalon.core.main.TestCaseMain.startTestSuite(TestCaseMain.java:157)
	at com.kms.katalon.core.main.TestCaseMain$startTestSuite$0.call(Unknown Source)
	at TempTestSuite1591347278292.run(TempTestSuite1591347278292.groovy:37)
Caused by: org.openqa.selenium.ElementClickInterceptedException: element click intercepted: Element <span class="MenuItem__primary-text">...</span> is not clickable at point (247, 114). Other element would receive the click: <span>...</span>
  (Session info: chrome=83.0.4103.97)
Build info: version: '3.141.59', revision: 'e82be7d358', time: '2018-11-14T08:25:53'
System info: host: 'DESKTOP-SGC4F2H', ip: '172.25.32.1', os.name: 'Windows 10', os.arch: 'amd64', os.version: '10.0', java.version: '1.8.0_181'
Driver info: com.kms.katalon.selenium.driver.CChromeDriver
Capabilities {acceptInsecureCerts: false, browserName: chrome, browserVersion: 83.0.4103.97, chrome: {chromedriverVersion: 83.0.4103.39 (ccbf011cb2d2b..., userDataDir: C:\Users\Thanh\AppData\Loca...}, goog:chromeOptions: {debuggerAddress: localhost:55904}, javascriptEnabled: true, networkConnectionEnabled: false, pageLoadStrategy: normal, platform: WINDOWS, platformName: WINDOWS, proxy: Proxy(), setWindowRect: true, strictFileInteractability: false, timeouts: {implicit: 0, pageLoad: 300000, script: 30000}, unhandledPromptBehavior: dismiss and notify, webauthn:virtualAuthenticators: true}
Session ID: 508895149ed66208cb0a8a8b62252784
	at org.openqa.selenium.remote.http.W3CHttpResponseCodec.createException(W3CHttpResponseCodec.java:187)
	at org.openqa.selenium.remote.http.W3CHttpResponseCodec.decode(W3CHttpResponseCodec.java:122)
	at org.openqa.selenium.remote.http.W3CHttpResponseCodec.decode(W3CHttpResponseCodec.java:49)
	at org.openqa.selenium.remote.HttpCommandExecutor.execute(HttpCommandExecutor.java:158)
	at org.openqa.selenium.remote.service.DriverCommandExecutor.execute(DriverCommandExecutor.java:83)
	at org.openqa.selenium.remote.RemoteWebDriver.execute(RemoteWebDriver.java:552)
	at com.kms.katalon.selenium.driver.CChromeDriver.execute(CChromeDriver.java:19)
	at org.openqa.selenium.remote.RemoteWebElement.execute(RemoteWebElement.java:285)
	at org.openqa.selenium.remote.RemoteWebElement.click(RemoteWebElement.java:84)
	at org.openqa.selenium.support.events.EventFiringWebDriver$EventFiringWebElement.lambda$new$0(EventFiringWebDriver.java:404)
	at com.sun.proxy.$Proxy9.click(Unknown Source)
	at org.openqa.selenium.support.events.EventFiringWebDriver$EventFiringWebElement.click(EventFiringWebDriver.java:417)
	at com.kms.katalon.core.webui.keyword.builtin.ClickKeyword$_click_closure1.doCall(ClickKeyword.groovy:69)
	at com.kms.katalon.core.webui.keyword.builtin.ClickKeyword$_click_closure1.call(ClickKeyword.groovy)
	at com.kms.katalon.core.webui.keyword.internal.WebUIKeywordMain.runKeyword(WebUIKeywordMain.groovy:20)
	at com.kms.katalon.core.webui.keyword.builtin.ClickKeyword.click(ClickKeyword.groovy:76)
	at com.kms.katalon.core.webui.keyword.builtin.ClickKeyword.execute(ClickKeyword.groovy:43)
	at com.kms.katalon.core.keyword.internal.KeywordExecutor.executeKeywordForPlatform(KeywordExecutor.groovy:72)
	at com.kms.katalon.core.webui.keyword.WebUiBuiltInKeywords.click(WebUiBuiltInKeywords.groovy:616)
	at com.kms.katalon.core.webui.keyword.WebUiBuiltInKeywords$click$3.call(Unknown Source)
	at Script1591096472529.run(Script1591096472529.groovy:33)
	... 13 more
)

2020-06-05 16:21:47 - [MESSAGE][FAILED] - Unable to click on object 'Object Repository/1612427/05_ChangePosition/Page_Town Square - minus Mattermost/span_Account Settings' (Root cause: com.kms.katalon.core.exception.StepFailedException: Unable to click on object 'Object Repository/1612427/05_ChangePosition/Page_Town Square - minus Mattermost/span_Account Settings'
	at com.kms.katalon.core.webui.keyword.internal.WebUIKeywordMain.stepFailed(WebUIKeywordMain.groovy:64)
	at com.kms.katalon.core.webui.keyword.internal.WebUIKeywordMain.runKeyword(WebUIKeywordMain.groovy:26)
	at com.kms.katalon.core.webui.keyword.builtin.ClickKeyword.click(ClickKeyword.groovy:76)
	at com.kms.katalon.core.webui.keyword.builtin.ClickKeyword.execute(ClickKeyword.groovy:43)
	at com.kms.katalon.core.keyword.internal.KeywordExecutor.executeKeywordForPlatform(KeywordExecutor.groovy:72)
	at com.kms.katalon.core.webui.keyword.WebUiBuiltInKeywords.click(WebUiBuiltInKeywords.groovy:616)
	at com.kms.katalon.core.webui.keyword.WebUiBuiltInKeywords$click$3.call(Unknown Source)
	at 05_ChangePosition.run(05_ChangePosition:33)
	at com.kms.katalon.core.main.ScriptEngine.run(ScriptEngine.java:194)
	at com.kms.katalon.core.main.ScriptEngine.runScriptAsRawText(ScriptEngine.java:119)
	at com.kms.katalon.core.main.TestCaseExecutor.runScript(TestCaseExecutor.java:337)
	at com.kms.katalon.core.main.TestCaseExecutor.doExecute(TestCaseExecutor.java:328)
	at com.kms.katalon.core.main.TestCaseExecutor.processExecutionPhase(TestCaseExecutor.java:307)
	at com.kms.katalon.core.main.TestCaseExecutor.accessMainPhase(TestCaseExecutor.java:299)
	at com.kms.katalon.core.main.TestCaseExecutor.execute(TestCaseExecutor.java:233)
	at com.kms.katalon.core.main.TestSuiteExecutor.accessTestCaseMainPhase(TestSuiteExecutor.java:169)
	at com.kms.katalon.core.main.TestSuiteExecutor.accessTestSuiteMainPhase(TestSuiteExecutor.java:142)
	at com.kms.katalon.core.main.TestSuiteExecutor.execute(TestSuiteExecutor.java:91)
	at com.kms.katalon.core.main.TestCaseMain.startTestSuite(TestCaseMain.java:157)
	at com.kms.katalon.core.main.TestCaseMain$startTestSuite$0.call(Unknown Source)
	at TempTestSuite1591347278292.run(TempTestSuite1591347278292.groovy:37)
Caused by: org.openqa.selenium.ElementClickInterceptedException: element click intercepted: Element <span class="MenuItem__primary-text">...</span> is not clickable at point (247, 114). Other element would receive the click: <span>...</span>
  (Session info: chrome=83.0.4103.97)
Build info: version: '3.141.59', revision: 'e82be7d358', time: '2018-11-14T08:25:53'
System info: host: 'DESKTOP-SGC4F2H', ip: '172.25.32.1', os.name: 'Windows 10', os.arch: 'amd64', os.version: '10.0', java.version: '1.8.0_181'
Driver info: com.kms.katalon.selenium.driver.CChromeDriver
Capabilities {acceptInsecureCerts: false, browserName: chrome, browserVersion: 83.0.4103.97, chrome: {chromedriverVersion: 83.0.4103.39 (ccbf011cb2d2b..., userDataDir: C:\Users\Thanh\AppData\Loca...}, goog:chromeOptions: {debuggerAddress: localhost:55904}, javascriptEnabled: true, networkConnectionEnabled: false, pageLoadStrategy: normal, platform: WINDOWS, platformName: WINDOWS, proxy: Proxy(), setWindowRect: true, strictFileInteractability: false, timeouts: {implicit: 0, pageLoad: 300000, script: 30000}, unhandledPromptBehavior: dismiss and notify, webauthn:virtualAuthenticators: true}
Session ID: 508895149ed66208cb0a8a8b62252784
	at org.openqa.selenium.remote.http.W3CHttpResponseCodec.createException(W3CHttpResponseCodec.java:187)
	at org.openqa.selenium.remote.http.W3CHttpResponseCodec.decode(W3CHttpResponseCodec.java:122)
	at org.openqa.selenium.remote.http.W3CHttpResponseCodec.decode(W3CHttpResponseCodec.java:49)
	at org.openqa.selenium.remote.HttpCommandExecutor.execute(HttpCommandExecutor.java:158)
	at org.openqa.selenium.remote.service.DriverCommandExecutor.execute(DriverCommandExecutor.java:83)
	at org.openqa.selenium.remote.RemoteWebDriver.execute(RemoteWebDriver.java:552)
	at com.kms.katalon.selenium.driver.CChromeDriver.execute(CChromeDriver.java:19)
	at org.openqa.selenium.remote.RemoteWebElement.execute(RemoteWebElement.java:285)
	at org.openqa.selenium.remote.RemoteWebElement.click(RemoteWebElement.java:84)
	at org.openqa.selenium.support.events.EventFiringWebDriver$EventFiringWebElement.lambda$new$0(EventFiringWebDriver.java:404)
	at com.sun.proxy.$Proxy9.click(Unknown Source)
	at org.openqa.selenium.support.events.EventFiringWebDriver$EventFiringWebElement.click(EventFiringWebDriver.java:417)
	at com.kms.katalon.core.webui.keyword.builtin.ClickKeyword$_click_closure1.doCall(ClickKeyword.groovy:69)
	at com.kms.katalon.core.webui.keyword.builtin.ClickKeyword$_click_closure1.call(ClickKeyword.groovy)
	at com.kms.katalon.core.webui.keyword.internal.WebUIKeywordMain.runKeyword(WebUIKeywordMain.groovy:20)
	at com.kms.katalon.core.webui.keyword.builtin.ClickKeyword.click(ClickKeyword.groovy:76)
	at com.kms.katalon.core.webui.keyword.builtin.ClickKeyword.execute(ClickKeyword.groovy:43)
	at com.kms.katalon.core.keyword.internal.KeywordExecutor.executeKeywordForPlatform(KeywordExecutor.groovy:72)
	at com.kms.katalon.core.webui.keyword.WebUiBuiltInKeywords.click(WebUiBuiltInKeywords.groovy:616)
	at com.kms.katalon.core.webui.keyword.WebUiBuiltInKeywords$click$3.call(Unknown Source)
	at Script1591096472529.run(Script1591096472529.groovy:33)
	... 13 more
)
[[ATTACHMENT|C:\\Users\\Thanh\\Desktop\\github.com\\New folder (2)\\homeword02-mattermost-katalon\\Reports\\20200605_155438\\Run all test cases\\20200605_155438\\1591348906557.png]]]]></system-out>
         <system-err><![CDATA[2020-06-05 16:21:07 - [TEST_CASE][FAILED] - Test Cases/1612427/05_ChangePosition: Test Cases/1612427/05_ChangePosition FAILED.
Reason:
com.kms.katalon.core.exception.StepFailedException: Unable to click on object 'Object Repository/1612427/05_ChangePosition/Page_Town Square - minus Mattermost/span_Account Settings'
	at com.kms.katalon.core.webui.keyword.internal.WebUIKeywordMain.stepFailed(WebUIKeywordMain.groovy:64)
	at com.kms.katalon.core.webui.keyword.internal.WebUIKeywordMain.runKeyword(WebUIKeywordMain.groovy:26)
	at com.kms.katalon.core.webui.keyword.builtin.ClickKeyword.click(ClickKeyword.groovy:76)
	at com.kms.katalon.core.webui.keyword.builtin.ClickKeyword.execute(ClickKeyword.groovy:43)
	at com.kms.katalon.core.keyword.internal.KeywordExecutor.executeKeywordForPlatform(KeywordExecutor.groovy:72)
	at com.kms.katalon.core.webui.keyword.WebUiBuiltInKeywords.click(WebUiBuiltInKeywords.groovy:616)
	at com.kms.katalon.core.webui.keyword.WebUiBuiltInKeywords$click$3.call(Unknown Source)
	at 05_ChangePosition.run(05_ChangePosition:33)
	at com.kms.katalon.core.main.ScriptEngine.run(ScriptEngine.java:194)
	at com.kms.katalon.core.main.ScriptEngine.runScriptAsRawText(ScriptEngine.java:119)
	at com.kms.katalon.core.main.TestCaseExecutor.runScript(TestCaseExecutor.java:337)
	at com.kms.katalon.core.main.TestCaseExecutor.doExecute(TestCaseExecutor.java:328)
	at com.kms.katalon.core.main.TestCaseExecutor.processExecutionPhase(TestCaseExecutor.java:307)
	at com.kms.katalon.core.main.TestCaseExecutor.accessMainPhase(TestCaseExecutor.java:299)
	at com.kms.katalon.core.main.TestCaseExecutor.execute(TestCaseExecutor.java:233)
	at com.kms.katalon.core.main.TestSuiteExecutor.accessTestCaseMainPhase(TestSuiteExecutor.java:169)
	at com.kms.katalon.core.main.TestSuiteExecutor.accessTestSuiteMainPhase(TestSuiteExecutor.java:142)
	at com.kms.katalon.core.main.TestSuiteExecutor.execute(TestSuiteExecutor.java:91)
	at com.kms.katalon.core.main.TestCaseMain.startTestSuite(TestCaseMain.java:157)
	at com.kms.katalon.core.main.TestCaseMain$startTestSuite$0.call(Unknown Source)
	at TempTestSuite1591347278292.run(TempTestSuite1591347278292.groovy:37)
Caused by: org.openqa.selenium.ElementClickInterceptedException: element click intercepted: Element <span class="MenuItem__primary-text">...</span> is not clickable at point (247, 114). Other element would receive the click: <span>...</span>
  (Session info: chrome=83.0.4103.97)
Build info: version: '3.141.59', revision: 'e82be7d358', time: '2018-11-14T08:25:53'
System info: host: 'DESKTOP-SGC4F2H', ip: '172.25.32.1', os.name: 'Windows 10', os.arch: 'amd64', os.version: '10.0', java.version: '1.8.0_181'
Driver info: com.kms.katalon.selenium.driver.CChromeDriver
Capabilities {acceptInsecureCerts: false, browserName: chrome, browserVersion: 83.0.4103.97, chrome: {chromedriverVersion: 83.0.4103.39 (ccbf011cb2d2b..., userDataDir: C:\Users\Thanh\AppData\Loca...}, goog:chromeOptions: {debuggerAddress: localhost:55904}, javascriptEnabled: true, networkConnectionEnabled: false, pageLoadStrategy: normal, platform: WINDOWS, platformName: WINDOWS, proxy: Proxy(), setWindowRect: true, strictFileInteractability: false, timeouts: {implicit: 0, pageLoad: 300000, script: 30000}, unhandledPromptBehavior: dismiss and notify, webauthn:virtualAuthenticators: true}
Session ID: 508895149ed66208cb0a8a8b62252784
	at org.openqa.selenium.remote.http.W3CHttpResponseCodec.createException(W3CHttpResponseCodec.java:187)
	at org.openqa.selenium.remote.http.W3CHttpResponseCodec.decode(W3CHttpResponseCodec.java:122)
	at org.openqa.selenium.remote.http.W3CHttpResponseCodec.decode(W3CHttpResponseCodec.java:49)
	at org.openqa.selenium.remote.HttpCommandExecutor.execute(HttpCommandExecutor.java:158)
	at org.openqa.selenium.remote.service.DriverCommandExecutor.execute(DriverCommandExecutor.java:83)
	at org.openqa.selenium.remote.RemoteWebDriver.execute(RemoteWebDriver.java:552)
	at com.kms.katalon.selenium.driver.CChromeDriver.execute(CChromeDriver.java:19)
	at org.openqa.selenium.remote.RemoteWebElement.execute(RemoteWebElement.java:285)
	at org.openqa.selenium.remote.RemoteWebElement.click(RemoteWebElement.java:84)
	at org.openqa.selenium.support.events.EventFiringWebDriver$EventFiringWebElement.lambda$new$0(EventFiringWebDriver.java:404)
	at com.sun.proxy.$Proxy9.click(Unknown Source)
	at org.openqa.selenium.support.events.EventFiringWebDriver$EventFiringWebElement.click(EventFiringWebDriver.java:417)
	at com.kms.katalon.core.webui.keyword.builtin.ClickKeyword$_click_closure1.doCall(ClickKeyword.groovy:69)
	at com.kms.katalon.core.webui.keyword.builtin.ClickKeyword$_click_closure1.call(ClickKeyword.groovy)
	at com.kms.katalon.core.webui.keyword.internal.WebUIKeywordMain.runKeyword(WebUIKeywordMain.groovy:20)
	... 19 more]]></system-err>
      </testcase>
      <testcase name="Test Cases/1612427/05_ChangePosition" time="21.191" classname="Test Cases/1612427/05_ChangePosition" status="PASSED">
         <system-out><![CDATA[2020-06-05 16:21:47 - [TEST_CASE][PASSED] - Test Cases/1612427/05_ChangePosition: Test Cases/1612427/05_ChangePosition

2020-06-05 16:21:47 - [TEST_STEP][PASSED] - openBrowser(""): Browser is opened with url: ''

2020-06-05 16:21:47 - [MESSAGE][WARNING] - A browser is already opened. Closing browser and opening a new one

2020-06-05 16:21:48 - [MESSAGE][INFO] - Starting 'Chrome' driver

2020-06-05 16:21:48 - [MESSAGE][INFO] - Action delay is set to 0 milliseconds

2020-06-05 16:21:52 - [MESSAGE][PASSED] - Browser is opened with url: ''

2020-06-05 16:21:52 - [TEST_STEP][PASSED] - navigateToUrl("http://localhost:8065/login"): Navigate to 'http://localhost:8065/login' successfully

2020-06-05 16:21:54 - [MESSAGE][PASSED] - Navigate to 'http://localhost:8065/login' successfully

2020-06-05 16:21:54 - [TEST_STEP][PASSED] - setText(findTestObject("Object Repository/1612427/05_ChangePosition/Page_Mattermost/input_All team communication in one place s_703ef5"), "hcmus-cdnc"): Text 'hcmus-cdnc' is set on object 'Object Repository/1612427/05_ChangePosition/Page_Mattermost/input_All team communication in one place s_703ef5'

2020-06-05 16:21:57 - [MESSAGE][PASSED] - Text 'hcmus-cdnc' is set on object 'Object Repository/1612427/05_ChangePosition/Page_Mattermost/input_All team communication in one place s_703ef5'

2020-06-05 16:21:57 - [TEST_STEP][PASSED] - setEncryptedText(findTestObject("Object Repository/1612427/05_ChangePosition/Page_Mattermost/input_All team communication in one place s_2f2733"), "aeHFOx8jV/A="): Text ****** has been set on object 'Object Repository/1612427/05_ChangePosition/Page_Mattermost/input_All team communication in one place s_2f2733'

2020-06-05 16:21:58 - [MESSAGE][PASSED] - Text ****** has been set on object 'Object Repository/1612427/05_ChangePosition/Page_Mattermost/input_All team communication in one place s_2f2733'

2020-06-05 16:21:58 - [TEST_STEP][PASSED] - click(findTestObject("Object Repository/1612427/05_ChangePosition/Page_Mattermost/button_Sign in")): Object: 'Object Repository/1612427/05_ChangePosition/Page_Mattermost/button_Sign in' is clicked on

2020-06-05 16:21:59 - [MESSAGE][PASSED] - Object: 'Object Repository/1612427/05_ChangePosition/Page_Mattermost/button_Sign in' is clicked on

2020-06-05 16:21:59 - [TEST_STEP][PASSED] - click(findTestObject("Object Repository/1612427/05_ChangePosition/Page_Town Square - minus Mattermost/button_hcmus-cdnc_style--none sidebar-heade_0f8da4")): Object: 'Object Repository/1612427/05_ChangePosition/Page_Town Square - minus Mattermost/button_hcmus-cdnc_style--none sidebar-heade_0f8da4' is clicked on

2020-06-05 16:22:03 - [MESSAGE][PASSED] - Object: 'Object Repository/1612427/05_ChangePosition/Page_Town Square - minus Mattermost/button_hcmus-cdnc_style--none sidebar-heade_0f8da4' is clicked on

2020-06-05 16:22:03 - [TEST_STEP][PASSED] - click(findTestObject("Object Repository/1612427/05_ChangePosition/Page_Town Square - minus Mattermost/span_Account Settings")): Object: 'Object Repository/1612427/05_ChangePosition/Page_Town Square - minus Mattermost/span_Account Settings' is clicked on

2020-06-05 16:22:04 - [MESSAGE][PASSED] - Object: 'Object Repository/1612427/05_ChangePosition/Page_Town Square - minus Mattermost/span_Account Settings' is clicked on

2020-06-05 16:22:04 - [TEST_STEP][PASSED] - click(findTestObject("Object Repository/1612427/05_ChangePosition/Page_Town Square - minus Mattermost/span_Edit")): Object: 'Object Repository/1612427/05_ChangePosition/Page_Town Square - minus Mattermost/span_Edit' is clicked on

2020-06-05 16:22:05 - [MESSAGE][PASSED] - Object: 'Object Repository/1612427/05_ChangePosition/Page_Town Square - minus Mattermost/span_Edit' is clicked on

2020-06-05 16:22:05 - [TEST_STEP][PASSED] - setText(findTestObject("Object Repository/1612427/05_ChangePosition/Page_Town Square - minus Mattermost/input_Position_position"), position): Text '1' is set on object 'Object Repository/1612427/05_ChangePosition/Page_Town Square - minus Mattermost/input_Position_position'

2020-06-05 16:22:06 - [MESSAGE][PASSED] - Text '1' is set on object 'Object Repository/1612427/05_ChangePosition/Page_Town Square - minus Mattermost/input_Position_position'

2020-06-05 16:22:06 - [TEST_STEP][PASSED] - click(findTestObject("Object Repository/1612427/05_ChangePosition/Page_Town Square - minus Mattermost/span_Save")): Object: 'Object Repository/1612427/05_ChangePosition/Page_Town Square - minus Mattermost/span_Save' is clicked on

2020-06-05 16:22:07 - [MESSAGE][PASSED] - Object: 'Object Repository/1612427/05_ChangePosition/Page_Town Square - minus Mattermost/span_Save' is clicked on

2020-06-05 16:22:07 - [TEST_STEP][PASSED] - closeBrowser(): Browser is closed

2020-06-05 16:22:08 - [MESSAGE][PASSED] - Browser is closed]]></system-out>
         <system-err><![CDATA[]]></system-err>
      </testcase>
      <testcase name="Test Cases/1612427/05_ChangePosition" time="36.398" classname="Test Cases/1612427/05_ChangePosition" status="PASSED">
         <system-out><![CDATA[2020-06-05 16:22:08 - [TEST_CASE][PASSED] - Test Cases/1612427/05_ChangePosition: Test Cases/1612427/05_ChangePosition

2020-06-05 16:22:08 - [TEST_STEP][PASSED] - openBrowser(""): Browser is opened with url: ''

2020-06-05 16:22:08 - [MESSAGE][INFO] - Starting 'Chrome' driver

2020-06-05 16:22:08 - [MESSAGE][INFO] - Action delay is set to 0 milliseconds

2020-06-05 16:22:21 - [MESSAGE][PASSED] - Browser is opened with url: ''

2020-06-05 16:22:21 - [TEST_STEP][PASSED] - navigateToUrl("http://localhost:8065/login"): Navigate to 'http://localhost:8065/login' successfully

2020-06-05 16:22:22 - [MESSAGE][PASSED] - Navigate to 'http://localhost:8065/login' successfully

2020-06-05 16:22:22 - [TEST_STEP][PASSED] - setText(findTestObject("Object Repository/1612427/05_ChangePosition/Page_Mattermost/input_All team communication in one place s_703ef5"), "hcmus-cdnc"): Text 'hcmus-cdnc' is set on object 'Object Repository/1612427/05_ChangePosition/Page_Mattermost/input_All team communication in one place s_703ef5'

2020-06-05 16:22:27 - [MESSAGE][PASSED] - Text 'hcmus-cdnc' is set on object 'Object Repository/1612427/05_ChangePosition/Page_Mattermost/input_All team communication in one place s_703ef5'

2020-06-05 16:22:27 - [TEST_STEP][PASSED] - setEncryptedText(findTestObject("Object Repository/1612427/05_ChangePosition/Page_Mattermost/input_All team communication in one place s_2f2733"), "aeHFOx8jV/A="): Text ****** has been set on object 'Object Repository/1612427/05_ChangePosition/Page_Mattermost/input_All team communication in one place s_2f2733'

2020-06-05 16:22:28 - [MESSAGE][PASSED] - Text ****** has been set on object 'Object Repository/1612427/05_ChangePosition/Page_Mattermost/input_All team communication in one place s_2f2733'

2020-06-05 16:22:28 - [TEST_STEP][PASSED] - click(findTestObject("Object Repository/1612427/05_ChangePosition/Page_Mattermost/button_Sign in")): Object: 'Object Repository/1612427/05_ChangePosition/Page_Mattermost/button_Sign in' is clicked on

2020-06-05 16:22:35 - [MESSAGE][PASSED] - Object: 'Object Repository/1612427/05_ChangePosition/Page_Mattermost/button_Sign in' is clicked on

2020-06-05 16:22:35 - [TEST_STEP][PASSED] - click(findTestObject("Object Repository/1612427/05_ChangePosition/Page_Town Square - minus Mattermost/button_hcmus-cdnc_style--none sidebar-heade_0f8da4")): Object: 'Object Repository/1612427/05_ChangePosition/Page_Town Square - minus Mattermost/button_hcmus-cdnc_style--none sidebar-heade_0f8da4' is clicked on

2020-06-05 16:22:39 - [MESSAGE][PASSED] - Object: 'Object Repository/1612427/05_ChangePosition/Page_Town Square - minus Mattermost/button_hcmus-cdnc_style--none sidebar-heade_0f8da4' is clicked on

2020-06-05 16:22:39 - [TEST_STEP][PASSED] - click(findTestObject("Object Repository/1612427/05_ChangePosition/Page_Town Square - minus Mattermost/span_Account Settings")): Object: 'Object Repository/1612427/05_ChangePosition/Page_Town Square - minus Mattermost/span_Account Settings' is clicked on

2020-06-05 16:22:40 - [MESSAGE][PASSED] - Object: 'Object Repository/1612427/05_ChangePosition/Page_Town Square - minus Mattermost/span_Account Settings' is clicked on

2020-06-05 16:22:40 - [TEST_STEP][PASSED] - click(findTestObject("Object Repository/1612427/05_ChangePosition/Page_Town Square - minus Mattermost/span_Edit")): Object: 'Object Repository/1612427/05_ChangePosition/Page_Town Square - minus Mattermost/span_Edit' is clicked on

2020-06-05 16:22:41 - [MESSAGE][PASSED] - Object: 'Object Repository/1612427/05_ChangePosition/Page_Town Square - minus Mattermost/span_Edit' is clicked on

2020-06-05 16:22:41 - [TEST_STEP][PASSED] - setText(findTestObject("Object Repository/1612427/05_ChangePosition/Page_Town Square - minus Mattermost/input_Position_position"), position): Text 'DevOps' is set on object 'Object Repository/1612427/05_ChangePosition/Page_Town Square - minus Mattermost/input_Position_position'

2020-06-05 16:22:43 - [MESSAGE][PASSED] - Text 'DevOps' is set on object 'Object Repository/1612427/05_ChangePosition/Page_Town Square - minus Mattermost/input_Position_position'

2020-06-05 16:22:43 - [TEST_STEP][PASSED] - click(findTestObject("Object Repository/1612427/05_ChangePosition/Page_Town Square - minus Mattermost/span_Save")): Object: 'Object Repository/1612427/05_ChangePosition/Page_Town Square - minus Mattermost/span_Save' is clicked on

2020-06-05 16:22:43 - [MESSAGE][PASSED] - Object: 'Object Repository/1612427/05_ChangePosition/Page_Town Square - minus Mattermost/span_Save' is clicked on

2020-06-05 16:22:43 - [TEST_STEP][PASSED] - closeBrowser(): Browser is closed

2020-06-05 16:22:44 - [MESSAGE][PASSED] - Browser is closed]]></system-out>
         <system-err><![CDATA[]]></system-err>
      </testcase>
      <testcase name="Test Cases/1612427/05_ChangePosition" time="66.05" classname="Test Cases/1612427/05_ChangePosition" status="FAILED">
         <failure type="FAILED" message="Test Cases/1612427/05_ChangePosition FAILED.
Reason:
com.kms.katalon.core.exception.StepFailedException: Unable to set text 'BA' of object 'Object Repository/1612427/05_ChangePosition/Page_Town Square - minus Mattermost/input_Position_position'
	at com.kms.katalon.core.webui.keyword.internal.WebUIKeywordMain.stepFailed(WebUIKeywordMain.groovy:64)
	at com.kms.katalon.core.webui.keyword.internal.WebUIKeywordMain.runKeyword(WebUIKeywordMain.groovy:26)
	at com.kms.katalon.core.webui.keyword.builtin.SetTextKeyword.setText(SetTextKeyword.groovy:66)
	at com.kms.katalon.core.webui.keyword.builtin.SetTextKeyword.execute(SetTextKeyword.groovy:37)
	at com.kms.katalon.core.keyword.internal.KeywordExecutor.executeKeywordForPlatform(KeywordExecutor.groovy:72)
	at com.kms.katalon.core.webui.keyword.WebUiBuiltInKeywords.setText(WebUiBuiltInKeywords.groovy:976)
	at com.kms.katalon.core.webui.keyword.WebUiBuiltInKeywords$setText$1.call(Unknown Source)
	at 05_ChangePosition.run(05_ChangePosition:37)
	at com.kms.katalon.core.main.ScriptEngine.run(ScriptEngine.java:194)
	at com.kms.katalon.core.main.ScriptEngine.runScriptAsRawText(ScriptEngine.java:119)
	at com.kms.katalon.core.main.TestCaseExecutor.runScript(TestCaseExecutor.java:337)
	at com.kms.katalon.core.main.TestCaseExecutor.doExecute(TestCaseExecutor.java:328)
	at com.kms.katalon.core.main.TestCaseExecutor.processExecutionPhase(TestCaseExecutor.java:307)
	at com.kms.katalon.core.main.TestCaseExecutor.accessMainPhase(TestCaseExecutor.java:299)
	at com.kms.katalon.core.main.TestCaseExecutor.execute(TestCaseExecutor.java:233)
	at com.kms.katalon.core.main.TestSuiteExecutor.accessTestCaseMainPhase(TestSuiteExecutor.java:169)
	at com.kms.katalon.core.main.TestSuiteExecutor.accessTestSuiteMainPhase(TestSuiteExecutor.java:142)
	at com.kms.katalon.core.main.TestSuiteExecutor.execute(TestSuiteExecutor.java:91)
	at com.kms.katalon.core.main.TestCaseMain.startTestSuite(TestCaseMain.java:157)
	at com.kms.katalon.core.main.TestCaseMain$startTestSuite$0.call(Unknown Source)
	at TempTestSuite1591347278292.run(TempTestSuite1591347278292.groovy:37)
Caused by: com.kms.katalon.core.webui.exception.WebElementNotFoundException: Web element with id: 'Object Repository/1612427/05_ChangePosition/Page_Town Square - minus Mattermost/input_Position_position' located by 'By.xpath: //input[@id='position']' not found
	at com.kms.katalon.core.webui.common.WebUiCommonHelper.findWebElement(WebUiCommonHelper.java:1154)
	at com.kms.katalon.core.webui.keyword.internal.WebUIAbstractKeyword.findWebElement(WebUIAbstractKeyword.groovy:27)
	at com.kms.katalon.core.webui.keyword.internal.WebUIAbstractKeyword.findWebElement(WebUIAbstractKeyword.groovy:26)
	at com.kms.katalon.core.webui.keyword.builtin.SetTextKeyword$_setText_closure1.doCall(SetTextKeyword.groovy:51)
	at com.kms.katalon.core.webui.keyword.builtin.SetTextKeyword$_setText_closure1.call(SetTextKeyword.groovy)
	at com.kms.katalon.core.webui.keyword.internal.WebUIKeywordMain.runKeyword(WebUIKeywordMain.groovy:20)
	... 19 more
"/>
         <system-out><![CDATA[2020-06-05 16:22:44 - [TEST_CASE][FAILED] - Test Cases/1612427/05_ChangePosition: Test Cases/1612427/05_ChangePosition FAILED.
Reason:
com.kms.katalon.core.exception.StepFailedException: Unable to set text 'BA' of object 'Object Repository/1612427/05_ChangePosition/Page_Town Square - minus Mattermost/input_Position_position'
	at com.kms.katalon.core.webui.keyword.internal.WebUIKeywordMain.stepFailed(WebUIKeywordMain.groovy:64)
	at com.kms.katalon.core.webui.keyword.internal.WebUIKeywordMain.runKeyword(WebUIKeywordMain.groovy:26)
	at com.kms.katalon.core.webui.keyword.builtin.SetTextKeyword.setText(SetTextKeyword.groovy:66)
	at com.kms.katalon.core.webui.keyword.builtin.SetTextKeyword.execute(SetTextKeyword.groovy:37)
	at com.kms.katalon.core.keyword.internal.KeywordExecutor.executeKeywordForPlatform(KeywordExecutor.groovy:72)
	at com.kms.katalon.core.webui.keyword.WebUiBuiltInKeywords.setText(WebUiBuiltInKeywords.groovy:976)
	at com.kms.katalon.core.webui.keyword.WebUiBuiltInKeywords$setText$1.call(Unknown Source)
	at 05_ChangePosition.run(05_ChangePosition:37)
	at com.kms.katalon.core.main.ScriptEngine.run(ScriptEngine.java:194)
	at com.kms.katalon.core.main.ScriptEngine.runScriptAsRawText(ScriptEngine.java:119)
	at com.kms.katalon.core.main.TestCaseExecutor.runScript(TestCaseExecutor.java:337)
	at com.kms.katalon.core.main.TestCaseExecutor.doExecute(TestCaseExecutor.java:328)
	at com.kms.katalon.core.main.TestCaseExecutor.processExecutionPhase(TestCaseExecutor.java:307)
	at com.kms.katalon.core.main.TestCaseExecutor.accessMainPhase(TestCaseExecutor.java:299)
	at com.kms.katalon.core.main.TestCaseExecutor.execute(TestCaseExecutor.java:233)
	at com.kms.katalon.core.main.TestSuiteExecutor.accessTestCaseMainPhase(TestSuiteExecutor.java:169)
	at com.kms.katalon.core.main.TestSuiteExecutor.accessTestSuiteMainPhase(TestSuiteExecutor.java:142)
	at com.kms.katalon.core.main.TestSuiteExecutor.execute(TestSuiteExecutor.java:91)
	at com.kms.katalon.core.main.TestCaseMain.startTestSuite(TestCaseMain.java:157)
	at com.kms.katalon.core.main.TestCaseMain$startTestSuite$0.call(Unknown Source)
	at TempTestSuite1591347278292.run(TempTestSuite1591347278292.groovy:37)
Caused by: com.kms.katalon.core.webui.exception.WebElementNotFoundException: Web element with id: 'Object Repository/1612427/05_ChangePosition/Page_Town Square - minus Mattermost/input_Position_position' located by 'By.xpath: //input[@id='position']' not found
	at com.kms.katalon.core.webui.common.WebUiCommonHelper.findWebElement(WebUiCommonHelper.java:1154)
	at com.kms.katalon.core.webui.keyword.internal.WebUIAbstractKeyword.findWebElement(WebUIAbstractKeyword.groovy:27)
	at com.kms.katalon.core.webui.keyword.internal.WebUIAbstractKeyword.findWebElement(WebUIAbstractKeyword.groovy:26)
	at com.kms.katalon.core.webui.keyword.builtin.SetTextKeyword$_setText_closure1.doCall(SetTextKeyword.groovy:51)
	at com.kms.katalon.core.webui.keyword.builtin.SetTextKeyword$_setText_closure1.call(SetTextKeyword.groovy)
	at com.kms.katalon.core.webui.keyword.internal.WebUIKeywordMain.runKeyword(WebUIKeywordMain.groovy:20)
	... 19 more


2020-06-05 16:22:44 - [TEST_STEP][PASSED] - openBrowser(""): Browser is opened with url: ''

2020-06-05 16:22:44 - [MESSAGE][INFO] - Starting 'Chrome' driver

2020-06-05 16:22:44 - [MESSAGE][INFO] - Action delay is set to 0 milliseconds

2020-06-05 16:22:48 - [MESSAGE][PASSED] - Browser is opened with url: ''

2020-06-05 16:22:48 - [TEST_STEP][PASSED] - navigateToUrl("http://localhost:8065/login"): Navigate to 'http://localhost:8065/login' successfully

2020-06-05 16:22:50 - [MESSAGE][PASSED] - Navigate to 'http://localhost:8065/login' successfully

2020-06-05 16:22:50 - [TEST_STEP][PASSED] - setText(findTestObject("Object Repository/1612427/05_ChangePosition/Page_Mattermost/input_All team communication in one place s_703ef5"), "hcmus-cdnc"): Text 'hcmus-cdnc' is set on object 'Object Repository/1612427/05_ChangePosition/Page_Mattermost/input_All team communication in one place s_703ef5'

2020-06-05 16:22:53 - [MESSAGE][PASSED] - Text 'hcmus-cdnc' is set on object 'Object Repository/1612427/05_ChangePosition/Page_Mattermost/input_All team communication in one place s_703ef5'

2020-06-05 16:22:53 - [TEST_STEP][PASSED] - setEncryptedText(findTestObject("Object Repository/1612427/05_ChangePosition/Page_Mattermost/input_All team communication in one place s_2f2733"), "aeHFOx8jV/A="): Text ****** has been set on object 'Object Repository/1612427/05_ChangePosition/Page_Mattermost/input_All team communication in one place s_2f2733'

2020-06-05 16:22:54 - [MESSAGE][PASSED] - Text ****** has been set on object 'Object Repository/1612427/05_ChangePosition/Page_Mattermost/input_All team communication in one place s_2f2733'

2020-06-05 16:22:54 - [TEST_STEP][PASSED] - click(findTestObject("Object Repository/1612427/05_ChangePosition/Page_Mattermost/button_Sign in")): Object: 'Object Repository/1612427/05_ChangePosition/Page_Mattermost/button_Sign in' is clicked on

2020-06-05 16:22:55 - [MESSAGE][PASSED] - Object: 'Object Repository/1612427/05_ChangePosition/Page_Mattermost/button_Sign in' is clicked on

2020-06-05 16:22:55 - [TEST_STEP][PASSED] - click(findTestObject("Object Repository/1612427/05_ChangePosition/Page_Town Square - minus Mattermost/button_hcmus-cdnc_style--none sidebar-heade_0f8da4")): Object: 'Object Repository/1612427/05_ChangePosition/Page_Town Square - minus Mattermost/button_hcmus-cdnc_style--none sidebar-heade_0f8da4' is clicked on

2020-06-05 16:23:00 - [MESSAGE][PASSED] - Object: 'Object Repository/1612427/05_ChangePosition/Page_Town Square - minus Mattermost/button_hcmus-cdnc_style--none sidebar-heade_0f8da4' is clicked on

2020-06-05 16:23:00 - [TEST_STEP][PASSED] - click(findTestObject("Object Repository/1612427/05_ChangePosition/Page_Town Square - minus Mattermost/span_Account Settings")): Object: 'Object Repository/1612427/05_ChangePosition/Page_Town Square - minus Mattermost/span_Account Settings' is clicked on

2020-06-05 16:23:01 - [MESSAGE][PASSED] - Object: 'Object Repository/1612427/05_ChangePosition/Page_Town Square - minus Mattermost/span_Account Settings' is clicked on

2020-06-05 16:23:01 - [TEST_STEP][PASSED] - click(findTestObject("Object Repository/1612427/05_ChangePosition/Page_Town Square - minus Mattermost/span_Edit")): Object: 'Object Repository/1612427/05_ChangePosition/Page_Town Square - minus Mattermost/span_Edit' is clicked on

2020-06-05 16:23:03 - [MESSAGE][PASSED] - Object: 'Object Repository/1612427/05_ChangePosition/Page_Town Square - minus Mattermost/span_Edit' is clicked on

2020-06-05 16:23:03 - [TEST_STEP][FAILED] - setText(findTestObject("Object Repository/1612427/05_ChangePosition/Page_Town Square - minus Mattermost/input_Position_position"), position): Unable to set text 'BA' of object 'Object Repository/1612427/05_ChangePosition/Page_Town Square - minus Mattermost/input_Position_position' (Root cause: com.kms.katalon.core.exception.StepFailedException: Unable to set text 'BA' of object 'Object Repository/1612427/05_ChangePosition/Page_Town Square - minus Mattermost/input_Position_position'
	at com.kms.katalon.core.webui.keyword.internal.WebUIKeywordMain.stepFailed(WebUIKeywordMain.groovy:64)
	at com.kms.katalon.core.webui.keyword.internal.WebUIKeywordMain.runKeyword(WebUIKeywordMain.groovy:26)
	at com.kms.katalon.core.webui.keyword.builtin.SetTextKeyword.setText(SetTextKeyword.groovy:66)
	at com.kms.katalon.core.webui.keyword.builtin.SetTextKeyword.execute(SetTextKeyword.groovy:37)
	at com.kms.katalon.core.keyword.internal.KeywordExecutor.executeKeywordForPlatform(KeywordExecutor.groovy:72)
	at com.kms.katalon.core.webui.keyword.WebUiBuiltInKeywords.setText(WebUiBuiltInKeywords.groovy:976)
	at com.kms.katalon.core.webui.keyword.WebUiBuiltInKeywords$setText$1.call(Unknown Source)
	at 05_ChangePosition.run(05_ChangePosition:37)
	at com.kms.katalon.core.main.ScriptEngine.run(ScriptEngine.java:194)
	at com.kms.katalon.core.main.ScriptEngine.runScriptAsRawText(ScriptEngine.java:119)
	at com.kms.katalon.core.main.TestCaseExecutor.runScript(TestCaseExecutor.java:337)
	at com.kms.katalon.core.main.TestCaseExecutor.doExecute(TestCaseExecutor.java:328)
	at com.kms.katalon.core.main.TestCaseExecutor.processExecutionPhase(TestCaseExecutor.java:307)
	at com.kms.katalon.core.main.TestCaseExecutor.accessMainPhase(TestCaseExecutor.java:299)
	at com.kms.katalon.core.main.TestCaseExecutor.execute(TestCaseExecutor.java:233)
	at com.kms.katalon.core.main.TestSuiteExecutor.accessTestCaseMainPhase(TestSuiteExecutor.java:169)
	at com.kms.katalon.core.main.TestSuiteExecutor.accessTestSuiteMainPhase(TestSuiteExecutor.java:142)
	at com.kms.katalon.core.main.TestSuiteExecutor.execute(TestSuiteExecutor.java:91)
	at com.kms.katalon.core.main.TestCaseMain.startTestSuite(TestCaseMain.java:157)
	at com.kms.katalon.core.main.TestCaseMain$startTestSuite$0.call(Unknown Source)
	at TempTestSuite1591347278292.run(TempTestSuite1591347278292.groovy:37)
Caused by: com.kms.katalon.core.webui.exception.WebElementNotFoundException: Web element with id: 'Object Repository/1612427/05_ChangePosition/Page_Town Square - minus Mattermost/input_Position_position' located by 'By.xpath: //input[@id='position']' not found
	at com.kms.katalon.core.webui.common.WebUiCommonHelper.findWebElement(WebUiCommonHelper.java:1154)
	at com.kms.katalon.core.webui.keyword.internal.WebUIAbstractKeyword.findWebElement(WebUIAbstractKeyword.groovy:27)
	at com.kms.katalon.core.webui.keyword.internal.WebUIAbstractKeyword.findWebElement(WebUIAbstractKeyword.groovy:26)
	at com.kms.katalon.core.webui.keyword.builtin.SetTextKeyword$_setText_closure1.doCall(SetTextKeyword.groovy:51)
	at com.kms.katalon.core.webui.keyword.builtin.SetTextKeyword$_setText_closure1.call(SetTextKeyword.groovy)
	at com.kms.katalon.core.webui.keyword.internal.WebUIKeywordMain.runKeyword(WebUIKeywordMain.groovy:20)
	at com.kms.katalon.core.webui.keyword.builtin.SetTextKeyword.setText(SetTextKeyword.groovy:66)
	at com.kms.katalon.core.webui.keyword.builtin.SetTextKeyword.execute(SetTextKeyword.groovy:37)
	at com.kms.katalon.core.keyword.internal.KeywordExecutor.executeKeywordForPlatform(KeywordExecutor.groovy:72)
	at com.kms.katalon.core.webui.keyword.WebUiBuiltInKeywords.setText(WebUiBuiltInKeywords.groovy:976)
	at com.kms.katalon.core.webui.keyword.WebUiBuiltInKeywords$setText$1.call(Unknown Source)
	at Script1591096472529.run(Script1591096472529.groovy:37)
	... 13 more
)

2020-06-05 16:23:50 - [MESSAGE][INFO] - Unable to find the element located by 'By.xpath: //input[@id='position']'. Please recheck the objects properties to make sure the desired element is located. 

2020-06-05 16:23:50 - [MESSAGE][FAILED] - Unable to set text 'BA' of object 'Object Repository/1612427/05_ChangePosition/Page_Town Square - minus Mattermost/input_Position_position' (Root cause: com.kms.katalon.core.exception.StepFailedException: Unable to set text 'BA' of object 'Object Repository/1612427/05_ChangePosition/Page_Town Square - minus Mattermost/input_Position_position'
	at com.kms.katalon.core.webui.keyword.internal.WebUIKeywordMain.stepFailed(WebUIKeywordMain.groovy:64)
	at com.kms.katalon.core.webui.keyword.internal.WebUIKeywordMain.runKeyword(WebUIKeywordMain.groovy:26)
	at com.kms.katalon.core.webui.keyword.builtin.SetTextKeyword.setText(SetTextKeyword.groovy:66)
	at com.kms.katalon.core.webui.keyword.builtin.SetTextKeyword.execute(SetTextKeyword.groovy:37)
	at com.kms.katalon.core.keyword.internal.KeywordExecutor.executeKeywordForPlatform(KeywordExecutor.groovy:72)
	at com.kms.katalon.core.webui.keyword.WebUiBuiltInKeywords.setText(WebUiBuiltInKeywords.groovy:976)
	at com.kms.katalon.core.webui.keyword.WebUiBuiltInKeywords$setText$1.call(Unknown Source)
	at 05_ChangePosition.run(05_ChangePosition:37)
	at com.kms.katalon.core.main.ScriptEngine.run(ScriptEngine.java:194)
	at com.kms.katalon.core.main.ScriptEngine.runScriptAsRawText(ScriptEngine.java:119)
	at com.kms.katalon.core.main.TestCaseExecutor.runScript(TestCaseExecutor.java:337)
	at com.kms.katalon.core.main.TestCaseExecutor.doExecute(TestCaseExecutor.java:328)
	at com.kms.katalon.core.main.TestCaseExecutor.processExecutionPhase(TestCaseExecutor.java:307)
	at com.kms.katalon.core.main.TestCaseExecutor.accessMainPhase(TestCaseExecutor.java:299)
	at com.kms.katalon.core.main.TestCaseExecutor.execute(TestCaseExecutor.java:233)
	at com.kms.katalon.core.main.TestSuiteExecutor.accessTestCaseMainPhase(TestSuiteExecutor.java:169)
	at com.kms.katalon.core.main.TestSuiteExecutor.accessTestSuiteMainPhase(TestSuiteExecutor.java:142)
	at com.kms.katalon.core.main.TestSuiteExecutor.execute(TestSuiteExecutor.java:91)
	at com.kms.katalon.core.main.TestCaseMain.startTestSuite(TestCaseMain.java:157)
	at com.kms.katalon.core.main.TestCaseMain$startTestSuite$0.call(Unknown Source)
	at TempTestSuite1591347278292.run(TempTestSuite1591347278292.groovy:37)
Caused by: com.kms.katalon.core.webui.exception.WebElementNotFoundException: Web element with id: 'Object Repository/1612427/05_ChangePosition/Page_Town Square - minus Mattermost/input_Position_position' located by 'By.xpath: //input[@id='position']' not found
	at com.kms.katalon.core.webui.common.WebUiCommonHelper.findWebElement(WebUiCommonHelper.java:1154)
	at com.kms.katalon.core.webui.keyword.internal.WebUIAbstractKeyword.findWebElement(WebUIAbstractKeyword.groovy:27)
	at com.kms.katalon.core.webui.keyword.internal.WebUIAbstractKeyword.findWebElement(WebUIAbstractKeyword.groovy:26)
	at com.kms.katalon.core.webui.keyword.builtin.SetTextKeyword$_setText_closure1.doCall(SetTextKeyword.groovy:51)
	at com.kms.katalon.core.webui.keyword.builtin.SetTextKeyword$_setText_closure1.call(SetTextKeyword.groovy)
	at com.kms.katalon.core.webui.keyword.internal.WebUIKeywordMain.runKeyword(WebUIKeywordMain.groovy:20)
	at com.kms.katalon.core.webui.keyword.builtin.SetTextKeyword.setText(SetTextKeyword.groovy:66)
	at com.kms.katalon.core.webui.keyword.builtin.SetTextKeyword.execute(SetTextKeyword.groovy:37)
	at com.kms.katalon.core.keyword.internal.KeywordExecutor.executeKeywordForPlatform(KeywordExecutor.groovy:72)
	at com.kms.katalon.core.webui.keyword.WebUiBuiltInKeywords.setText(WebUiBuiltInKeywords.groovy:976)
	at com.kms.katalon.core.webui.keyword.WebUiBuiltInKeywords$setText$1.call(Unknown Source)
	at Script1591096472529.run(Script1591096472529.groovy:37)
	... 13 more
)
[[ATTACHMENT|C:\\Users\\Thanh\\Desktop\\github.com\\New folder (2)\\homeword02-mattermost-katalon\\Reports\\20200605_155438\\Run all test cases\\20200605_155438\\1591349030390.png]]]]></system-out>
         <system-err><![CDATA[2020-06-05 16:22:44 - [TEST_CASE][FAILED] - Test Cases/1612427/05_ChangePosition: Test Cases/1612427/05_ChangePosition FAILED.
Reason:
com.kms.katalon.core.exception.StepFailedException: Unable to set text 'BA' of object 'Object Repository/1612427/05_ChangePosition/Page_Town Square - minus Mattermost/input_Position_position'
	at com.kms.katalon.core.webui.keyword.internal.WebUIKeywordMain.stepFailed(WebUIKeywordMain.groovy:64)
	at com.kms.katalon.core.webui.keyword.internal.WebUIKeywordMain.runKeyword(WebUIKeywordMain.groovy:26)
	at com.kms.katalon.core.webui.keyword.builtin.SetTextKeyword.setText(SetTextKeyword.groovy:66)
	at com.kms.katalon.core.webui.keyword.builtin.SetTextKeyword.execute(SetTextKeyword.groovy:37)
	at com.kms.katalon.core.keyword.internal.KeywordExecutor.executeKeywordForPlatform(KeywordExecutor.groovy:72)
	at com.kms.katalon.core.webui.keyword.WebUiBuiltInKeywords.setText(WebUiBuiltInKeywords.groovy:976)
	at com.kms.katalon.core.webui.keyword.WebUiBuiltInKeywords$setText$1.call(Unknown Source)
	at 05_ChangePosition.run(05_ChangePosition:37)
	at com.kms.katalon.core.main.ScriptEngine.run(ScriptEngine.java:194)
	at com.kms.katalon.core.main.ScriptEngine.runScriptAsRawText(ScriptEngine.java:119)
	at com.kms.katalon.core.main.TestCaseExecutor.runScript(TestCaseExecutor.java:337)
	at com.kms.katalon.core.main.TestCaseExecutor.doExecute(TestCaseExecutor.java:328)
	at com.kms.katalon.core.main.TestCaseExecutor.processExecutionPhase(TestCaseExecutor.java:307)
	at com.kms.katalon.core.main.TestCaseExecutor.accessMainPhase(TestCaseExecutor.java:299)
	at com.kms.katalon.core.main.TestCaseExecutor.execute(TestCaseExecutor.java:233)
	at com.kms.katalon.core.main.TestSuiteExecutor.accessTestCaseMainPhase(TestSuiteExecutor.java:169)
	at com.kms.katalon.core.main.TestSuiteExecutor.accessTestSuiteMainPhase(TestSuiteExecutor.java:142)
	at com.kms.katalon.core.main.TestSuiteExecutor.execute(TestSuiteExecutor.java:91)
	at com.kms.katalon.core.main.TestCaseMain.startTestSuite(TestCaseMain.java:157)
	at com.kms.katalon.core.main.TestCaseMain$startTestSuite$0.call(Unknown Source)
	at TempTestSuite1591347278292.run(TempTestSuite1591347278292.groovy:37)
Caused by: com.kms.katalon.core.webui.exception.WebElementNotFoundException: Web element with id: 'Object Repository/1612427/05_ChangePosition/Page_Town Square - minus Mattermost/input_Position_position' located by 'By.xpath: //input[@id='position']' not found
	at com.kms.katalon.core.webui.common.WebUiCommonHelper.findWebElement(WebUiCommonHelper.java:1154)
	at com.kms.katalon.core.webui.keyword.internal.WebUIAbstractKeyword.findWebElement(WebUIAbstractKeyword.groovy:27)
	at com.kms.katalon.core.webui.keyword.internal.WebUIAbstractKeyword.findWebElement(WebUIAbstractKeyword.groovy:26)
	at com.kms.katalon.core.webui.keyword.builtin.SetTextKeyword$_setText_closure1.doCall(SetTextKeyword.groovy:51)
	at com.kms.katalon.core.webui.keyword.builtin.SetTextKeyword$_setText_closure1.call(SetTextKeyword.groovy)
	at com.kms.katalon.core.webui.keyword.internal.WebUIKeywordMain.runKeyword(WebUIKeywordMain.groovy:20)
	... 19 more]]></system-err>
      </testcase>
      <testcase name="Test Cases/1612427/05_ChangePosition" time="46.283" classname="Test Cases/1612427/05_ChangePosition" status="PASSED">
         <system-out><![CDATA[2020-06-05 16:23:50 - [TEST_CASE][PASSED] - Test Cases/1612427/05_ChangePosition: Test Cases/1612427/05_ChangePosition

2020-06-05 16:23:50 - [TEST_STEP][PASSED] - openBrowser(""): Browser is opened with url: ''

2020-06-05 16:23:50 - [MESSAGE][WARNING] - A browser is already opened. Closing browser and opening a new one

2020-06-05 16:23:52 - [MESSAGE][INFO] - Starting 'Chrome' driver

2020-06-05 16:23:52 - [MESSAGE][INFO] - Action delay is set to 0 milliseconds

2020-06-05 16:23:56 - [MESSAGE][PASSED] - Browser is opened with url: ''

2020-06-05 16:23:56 - [TEST_STEP][PASSED] - navigateToUrl("http://localhost:8065/login"): Navigate to 'http://localhost:8065/login' successfully

2020-06-05 16:23:59 - [MESSAGE][PASSED] - Navigate to 'http://localhost:8065/login' successfully

2020-06-05 16:23:59 - [TEST_STEP][PASSED] - setText(findTestObject("Object Repository/1612427/05_ChangePosition/Page_Mattermost/input_All team communication in one place s_703ef5"), "hcmus-cdnc"): Text 'hcmus-cdnc' is set on object 'Object Repository/1612427/05_ChangePosition/Page_Mattermost/input_All team communication in one place s_703ef5'

2020-06-05 16:24:02 - [MESSAGE][PASSED] - Text 'hcmus-cdnc' is set on object 'Object Repository/1612427/05_ChangePosition/Page_Mattermost/input_All team communication in one place s_703ef5'

2020-06-05 16:24:02 - [TEST_STEP][PASSED] - setEncryptedText(findTestObject("Object Repository/1612427/05_ChangePosition/Page_Mattermost/input_All team communication in one place s_2f2733"), "aeHFOx8jV/A="): Text ****** has been set on object 'Object Repository/1612427/05_ChangePosition/Page_Mattermost/input_All team communication in one place s_2f2733'

2020-06-05 16:24:02 - [MESSAGE][PASSED] - Text ****** has been set on object 'Object Repository/1612427/05_ChangePosition/Page_Mattermost/input_All team communication in one place s_2f2733'

2020-06-05 16:24:02 - [TEST_STEP][PASSED] - click(findTestObject("Object Repository/1612427/05_ChangePosition/Page_Mattermost/button_Sign in")): Object: 'Object Repository/1612427/05_ChangePosition/Page_Mattermost/button_Sign in' is clicked on

2020-06-05 16:24:03 - [MESSAGE][PASSED] - Object: 'Object Repository/1612427/05_ChangePosition/Page_Mattermost/button_Sign in' is clicked on

2020-06-05 16:24:03 - [TEST_STEP][PASSED] - click(findTestObject("Object Repository/1612427/05_ChangePosition/Page_Town Square - minus Mattermost/button_hcmus-cdnc_style--none sidebar-heade_0f8da4")): Object: 'Object Repository/1612427/05_ChangePosition/Page_Town Square - minus Mattermost/button_hcmus-cdnc_style--none sidebar-heade_0f8da4' is clicked on

2020-06-05 16:24:13 - [MESSAGE][PASSED] - Object: 'Object Repository/1612427/05_ChangePosition/Page_Town Square - minus Mattermost/button_hcmus-cdnc_style--none sidebar-heade_0f8da4' is clicked on

2020-06-05 16:24:13 - [TEST_STEP][PASSED] - click(findTestObject("Object Repository/1612427/05_ChangePosition/Page_Town Square - minus Mattermost/span_Account Settings")): Object: 'Object Repository/1612427/05_ChangePosition/Page_Town Square - minus Mattermost/span_Account Settings' is clicked on

2020-06-05 16:24:15 - [MESSAGE][PASSED] - Object: 'Object Repository/1612427/05_ChangePosition/Page_Town Square - minus Mattermost/span_Account Settings' is clicked on

2020-06-05 16:24:15 - [TEST_STEP][PASSED] - click(findTestObject("Object Repository/1612427/05_ChangePosition/Page_Town Square - minus Mattermost/span_Edit")): Object: 'Object Repository/1612427/05_ChangePosition/Page_Town Square - minus Mattermost/span_Edit' is clicked on

2020-06-05 16:24:17 - [MESSAGE][PASSED] - Object: 'Object Repository/1612427/05_ChangePosition/Page_Town Square - minus Mattermost/span_Edit' is clicked on

2020-06-05 16:24:17 - [TEST_STEP][PASSED] - setText(findTestObject("Object Repository/1612427/05_ChangePosition/Page_Town Square - minus Mattermost/input_Position_position"), position): Text 'Team Leader' is set on object 'Object Repository/1612427/05_ChangePosition/Page_Town Square - minus Mattermost/input_Position_position'

2020-06-05 16:24:20 - [MESSAGE][PASSED] - Text 'Team Leader' is set on object 'Object Repository/1612427/05_ChangePosition/Page_Town Square - minus Mattermost/input_Position_position'

2020-06-05 16:24:20 - [TEST_STEP][PASSED] - click(findTestObject("Object Repository/1612427/05_ChangePosition/Page_Town Square - minus Mattermost/span_Save")): Object: 'Object Repository/1612427/05_ChangePosition/Page_Town Square - minus Mattermost/span_Save' is clicked on

2020-06-05 16:24:21 - [MESSAGE][PASSED] - Object: 'Object Repository/1612427/05_ChangePosition/Page_Town Square - minus Mattermost/span_Save' is clicked on

2020-06-05 16:24:21 - [TEST_STEP][PASSED] - closeBrowser(): Browser is closed

2020-06-05 16:24:37 - [MESSAGE][PASSED] - Browser is closed]]></system-out>
         <system-err><![CDATA[]]></system-err>
      </testcase>
      <testcase name="Test Cases/1612427/06_ChangeEmail" time="103.054" classname="Test Cases/1612427/06_ChangeEmail" status="PASSED">
         <system-out><![CDATA[2020-06-05 16:24:37 - [TEST_CASE][PASSED] - Test Cases/1612427/06_ChangeEmail: Test Cases/1612427/06_ChangeEmail

2020-06-05 16:24:38 - [TEST_STEP][PASSED] - openBrowser(""): Browser is opened with url: ''

2020-06-05 16:24:38 - [MESSAGE][INFO] - Starting 'Chrome' driver

2020-06-05 16:24:38 - [MESSAGE][INFO] - Action delay is set to 0 milliseconds

2020-06-05 16:24:45 - [MESSAGE][PASSED] - Browser is opened with url: ''

2020-06-05 16:24:45 - [TEST_STEP][PASSED] - navigateToUrl("http://localhost:8065/login"): Navigate to 'http://localhost:8065/login' successfully

2020-06-05 16:25:03 - [MESSAGE][PASSED] - Navigate to 'http://localhost:8065/login' successfully

2020-06-05 16:25:03 - [TEST_STEP][PASSED] - setText(findTestObject("Object Repository/1612427/06_ChangeEmail/Page_Mattermost/input_All team communication in one place s_703ef5"), "hcmus-cdnc"): Text 'hcmus-cdnc' is set on object 'Object Repository/1612427/06_ChangeEmail/Page_Mattermost/input_All team communication in one place s_703ef5'

2020-06-05 16:25:08 - [MESSAGE][PASSED] - Text 'hcmus-cdnc' is set on object 'Object Repository/1612427/06_ChangeEmail/Page_Mattermost/input_All team communication in one place s_703ef5'

2020-06-05 16:25:08 - [TEST_STEP][PASSED] - click(findTestObject("Object Repository/1612427/06_ChangeEmail/Page_Mattermost/input_All team communication in one place s_703ef5")): Object: 'Object Repository/1612427/06_ChangeEmail/Page_Mattermost/input_All team communication in one place s_703ef5' is clicked on

2020-06-05 16:25:35 - [MESSAGE][PASSED] - Object: 'Object Repository/1612427/06_ChangeEmail/Page_Mattermost/input_All team communication in one place s_703ef5' is clicked on

2020-06-05 16:25:35 - [TEST_STEP][PASSED] - setText(findTestObject("Object Repository/1612427/06_ChangeEmail/Page_Mattermost/input_All team communication in one place s_703ef5"), "hcmus-cdnc"): Text 'hcmus-cdnc' is set on object 'Object Repository/1612427/06_ChangeEmail/Page_Mattermost/input_All team communication in one place s_703ef5'

2020-06-05 16:25:36 - [MESSAGE][PASSED] - Text 'hcmus-cdnc' is set on object 'Object Repository/1612427/06_ChangeEmail/Page_Mattermost/input_All team communication in one place s_703ef5'

2020-06-05 16:25:36 - [TEST_STEP][PASSED] - setEncryptedText(findTestObject("Object Repository/1612427/06_ChangeEmail/Page_Mattermost/input_All team communication in one place s_2f2733"), "aeHFOx8jV/A="): Text ****** has been set on object 'Object Repository/1612427/06_ChangeEmail/Page_Mattermost/input_All team communication in one place s_2f2733'

2020-06-05 16:25:38 - [MESSAGE][PASSED] - Text ****** has been set on object 'Object Repository/1612427/06_ChangeEmail/Page_Mattermost/input_All team communication in one place s_2f2733'

2020-06-05 16:25:38 - [TEST_STEP][PASSED] - click(findTestObject("Object Repository/1612427/06_ChangeEmail/Page_Mattermost/span_Sign in")): Object: 'Object Repository/1612427/06_ChangeEmail/Page_Mattermost/span_Sign in' is clicked on

2020-06-05 16:25:40 - [MESSAGE][PASSED] - Object: 'Object Repository/1612427/06_ChangeEmail/Page_Mattermost/span_Sign in' is clicked on

2020-06-05 16:25:40 - [TEST_STEP][PASSED] - click(findTestObject("Object Repository/1612427/06_ChangeEmail/Page_Town Square - minus Mattermost/svg")): Object: 'Object Repository/1612427/06_ChangeEmail/Page_Town Square - minus Mattermost/svg' is clicked on

2020-06-05 16:25:57 - [MESSAGE][PASSED] - Object: 'Object Repository/1612427/06_ChangeEmail/Page_Town Square - minus Mattermost/svg' is clicked on

2020-06-05 16:25:58 - [TEST_STEP][PASSED] - click(findTestObject("Object Repository/1612427/06_ChangeEmail/Page_Town Square - minus Mattermost/span_Account Settings")): Object: 'Object Repository/1612427/06_ChangeEmail/Page_Town Square - minus Mattermost/span_Account Settings' is clicked on

2020-06-05 16:26:03 - [MESSAGE][PASSED] - Object: 'Object Repository/1612427/06_ChangeEmail/Page_Town Square - minus Mattermost/span_Account Settings' is clicked on

2020-06-05 16:26:03 - [TEST_STEP][PASSED] - click(findTestObject("Object Repository/1612427/06_ChangeEmail/Page_Town Square - minus Mattermost/span_Edit")): Object: 'Object Repository/1612427/06_ChangeEmail/Page_Town Square - minus Mattermost/span_Edit' is clicked on

2020-06-05 16:26:04 - [MESSAGE][PASSED] - Object: 'Object Repository/1612427/06_ChangeEmail/Page_Town Square - minus Mattermost/span_Edit' is clicked on

2020-06-05 16:26:04 - [TEST_STEP][PASSED] - setText(findTestObject("Object Repository/1612427/06_ChangeEmail/Page_Town Square - minus Mattermost/input_New Email_primaryEmail"), email): Text 'xuan@' is set on object 'Object Repository/1612427/06_ChangeEmail/Page_Town Square - minus Mattermost/input_New Email_primaryEmail'

2020-06-05 16:26:06 - [MESSAGE][PASSED] - Text 'xuan@' is set on object 'Object Repository/1612427/06_ChangeEmail/Page_Town Square - minus Mattermost/input_New Email_primaryEmail'

2020-06-05 16:26:06 - [TEST_STEP][PASSED] - setText(findTestObject("Object Repository/1612427/06_ChangeEmail/Page_Town Square - minus Mattermost/input_Confirm Email_confirmEmail"), confirm_email): Text 'xuan@' is set on object 'Object Repository/1612427/06_ChangeEmail/Page_Town Square - minus Mattermost/input_Confirm Email_confirmEmail'

2020-06-05 16:26:08 - [MESSAGE][PASSED] - Text 'xuan@' is set on object 'Object Repository/1612427/06_ChangeEmail/Page_Town Square - minus Mattermost/input_Confirm Email_confirmEmail'

2020-06-05 16:26:08 - [TEST_STEP][PASSED] - setEncryptedText(findTestObject("Object Repository/1612427/06_ChangeEmail/Page_Town Square - minus Mattermost/input_Current Password_currentPassword"), password): Text ****** has been set on object 'Object Repository/1612427/06_ChangeEmail/Page_Town Square - minus Mattermost/input_Current Password_currentPassword'

2020-06-05 16:26:16 - [MESSAGE][PASSED] - Text ****** has been set on object 'Object Repository/1612427/06_ChangeEmail/Page_Town Square - minus Mattermost/input_Current Password_currentPassword'

2020-06-05 16:26:16 - [TEST_STEP][PASSED] - click(findTestObject("Object Repository/1612427/06_ChangeEmail/Page_Town Square - minus Mattermost/span_Save")): Object: 'Object Repository/1612427/06_ChangeEmail/Page_Town Square - minus Mattermost/span_Save' is clicked on

2020-06-05 16:26:17 - [MESSAGE][PASSED] - Object: 'Object Repository/1612427/06_ChangeEmail/Page_Town Square - minus Mattermost/span_Save' is clicked on

2020-06-05 16:26:17 - [TEST_STEP][PASSED] - closeBrowser(): Browser is closed

2020-06-05 16:26:20 - [MESSAGE][PASSED] - Browser is closed]]></system-out>
         <system-err><![CDATA[]]></system-err>
      </testcase>
      <testcase name="Test Cases/1612427/06_ChangeEmail" time="42.731" classname="Test Cases/1612427/06_ChangeEmail" status="PASSED">
         <system-out><![CDATA[2020-06-05 16:26:20 - [TEST_CASE][PASSED] - Test Cases/1612427/06_ChangeEmail: Test Cases/1612427/06_ChangeEmail

2020-06-05 16:26:20 - [TEST_STEP][PASSED] - openBrowser(""): Browser is opened with url: ''

2020-06-05 16:26:20 - [MESSAGE][INFO] - Starting 'Chrome' driver

2020-06-05 16:26:20 - [MESSAGE][INFO] - Action delay is set to 0 milliseconds

2020-06-05 16:26:33 - [MESSAGE][PASSED] - Browser is opened with url: ''

2020-06-05 16:26:33 - [TEST_STEP][PASSED] - navigateToUrl("http://localhost:8065/login"): Navigate to 'http://localhost:8065/login' successfully

2020-06-05 16:26:37 - [MESSAGE][PASSED] - Navigate to 'http://localhost:8065/login' successfully

2020-06-05 16:26:37 - [TEST_STEP][PASSED] - setText(findTestObject("Object Repository/1612427/06_ChangeEmail/Page_Mattermost/input_All team communication in one place s_703ef5"), "hcmus-cdnc"): Text 'hcmus-cdnc' is set on object 'Object Repository/1612427/06_ChangeEmail/Page_Mattermost/input_All team communication in one place s_703ef5'

2020-06-05 16:26:40 - [MESSAGE][PASSED] - Text 'hcmus-cdnc' is set on object 'Object Repository/1612427/06_ChangeEmail/Page_Mattermost/input_All team communication in one place s_703ef5'

2020-06-05 16:26:40 - [TEST_STEP][PASSED] - click(findTestObject("Object Repository/1612427/06_ChangeEmail/Page_Mattermost/input_All team communication in one place s_703ef5")): Object: 'Object Repository/1612427/06_ChangeEmail/Page_Mattermost/input_All team communication in one place s_703ef5' is clicked on

2020-06-05 16:26:41 - [MESSAGE][PASSED] - Object: 'Object Repository/1612427/06_ChangeEmail/Page_Mattermost/input_All team communication in one place s_703ef5' is clicked on

2020-06-05 16:26:41 - [TEST_STEP][PASSED] - setText(findTestObject("Object Repository/1612427/06_ChangeEmail/Page_Mattermost/input_All team communication in one place s_703ef5"), "hcmus-cdnc"): Text 'hcmus-cdnc' is set on object 'Object Repository/1612427/06_ChangeEmail/Page_Mattermost/input_All team communication in one place s_703ef5'

2020-06-05 16:26:42 - [MESSAGE][PASSED] - Text 'hcmus-cdnc' is set on object 'Object Repository/1612427/06_ChangeEmail/Page_Mattermost/input_All team communication in one place s_703ef5'

2020-06-05 16:26:42 - [TEST_STEP][PASSED] - setEncryptedText(findTestObject("Object Repository/1612427/06_ChangeEmail/Page_Mattermost/input_All team communication in one place s_2f2733"), "aeHFOx8jV/A="): Text ****** has been set on object 'Object Repository/1612427/06_ChangeEmail/Page_Mattermost/input_All team communication in one place s_2f2733'

2020-06-05 16:26:43 - [MESSAGE][PASSED] - Text ****** has been set on object 'Object Repository/1612427/06_ChangeEmail/Page_Mattermost/input_All team communication in one place s_2f2733'

2020-06-05 16:26:43 - [TEST_STEP][PASSED] - click(findTestObject("Object Repository/1612427/06_ChangeEmail/Page_Mattermost/span_Sign in")): Object: 'Object Repository/1612427/06_ChangeEmail/Page_Mattermost/span_Sign in' is clicked on

2020-06-05 16:26:46 - [MESSAGE][PASSED] - Object: 'Object Repository/1612427/06_ChangeEmail/Page_Mattermost/span_Sign in' is clicked on

2020-06-05 16:26:46 - [TEST_STEP][PASSED] - click(findTestObject("Object Repository/1612427/06_ChangeEmail/Page_Town Square - minus Mattermost/svg")): Object: 'Object Repository/1612427/06_ChangeEmail/Page_Town Square - minus Mattermost/svg' is clicked on

2020-06-05 16:26:51 - [MESSAGE][PASSED] - Object: 'Object Repository/1612427/06_ChangeEmail/Page_Town Square - minus Mattermost/svg' is clicked on

2020-06-05 16:26:51 - [TEST_STEP][PASSED] - click(findTestObject("Object Repository/1612427/06_ChangeEmail/Page_Town Square - minus Mattermost/span_Account Settings")): Object: 'Object Repository/1612427/06_ChangeEmail/Page_Town Square - minus Mattermost/span_Account Settings' is clicked on

2020-06-05 16:26:52 - [MESSAGE][PASSED] - Object: 'Object Repository/1612427/06_ChangeEmail/Page_Town Square - minus Mattermost/span_Account Settings' is clicked on

2020-06-05 16:26:52 - [TEST_STEP][PASSED] - click(findTestObject("Object Repository/1612427/06_ChangeEmail/Page_Town Square - minus Mattermost/span_Edit")): Object: 'Object Repository/1612427/06_ChangeEmail/Page_Town Square - minus Mattermost/span_Edit' is clicked on

2020-06-05 16:26:53 - [MESSAGE][PASSED] - Object: 'Object Repository/1612427/06_ChangeEmail/Page_Town Square - minus Mattermost/span_Edit' is clicked on

2020-06-05 16:26:53 - [TEST_STEP][PASSED] - setText(findTestObject("Object Repository/1612427/06_ChangeEmail/Page_Town Square - minus Mattermost/input_New Email_primaryEmail"), email): Text 'xuanghjem210@gmail.com' is set on object 'Object Repository/1612427/06_ChangeEmail/Page_Town Square - minus Mattermost/input_New Email_primaryEmail'

2020-06-05 16:26:55 - [MESSAGE][PASSED] - Text 'xuanghjem210@gmail.com' is set on object 'Object Repository/1612427/06_ChangeEmail/Page_Town Square - minus Mattermost/input_New Email_primaryEmail'

2020-06-05 16:26:55 - [TEST_STEP][PASSED] - setText(findTestObject("Object Repository/1612427/06_ChangeEmail/Page_Town Square - minus Mattermost/input_Confirm Email_confirmEmail"), confirm_email): Text 'xuanghjem210@gmail.com' is set on object 'Object Repository/1612427/06_ChangeEmail/Page_Town Square - minus Mattermost/input_Confirm Email_confirmEmail'

2020-06-05 16:26:59 - [MESSAGE][PASSED] - Text 'xuanghjem210@gmail.com' is set on object 'Object Repository/1612427/06_ChangeEmail/Page_Town Square - minus Mattermost/input_Confirm Email_confirmEmail'

2020-06-05 16:26:59 - [TEST_STEP][PASSED] - setEncryptedText(findTestObject("Object Repository/1612427/06_ChangeEmail/Page_Town Square - minus Mattermost/input_Current Password_currentPassword"), password): Text ****** has been set on object 'Object Repository/1612427/06_ChangeEmail/Page_Town Square - minus Mattermost/input_Current Password_currentPassword'

2020-06-05 16:26:59 - [MESSAGE][PASSED] - Text ****** has been set on object 'Object Repository/1612427/06_ChangeEmail/Page_Town Square - minus Mattermost/input_Current Password_currentPassword'

2020-06-05 16:26:59 - [TEST_STEP][PASSED] - click(findTestObject("Object Repository/1612427/06_ChangeEmail/Page_Town Square - minus Mattermost/span_Save")): Object: 'Object Repository/1612427/06_ChangeEmail/Page_Town Square - minus Mattermost/span_Save' is clicked on

2020-06-05 16:27:00 - [MESSAGE][PASSED] - Object: 'Object Repository/1612427/06_ChangeEmail/Page_Town Square - minus Mattermost/span_Save' is clicked on

2020-06-05 16:27:00 - [TEST_STEP][PASSED] - closeBrowser(): Browser is closed

2020-06-05 16:27:03 - [MESSAGE][PASSED] - Browser is closed]]></system-out>
         <system-err><![CDATA[]]></system-err>
      </testcase>
      <testcase name="Test Cases/1612427/06_ChangeEmail" time="40.462" classname="Test Cases/1612427/06_ChangeEmail" status="PASSED">
         <system-out><![CDATA[2020-06-05 16:27:03 - [TEST_CASE][PASSED] - Test Cases/1612427/06_ChangeEmail: Test Cases/1612427/06_ChangeEmail

2020-06-05 16:27:03 - [TEST_STEP][PASSED] - openBrowser(""): Browser is opened with url: ''

2020-06-05 16:27:03 - [MESSAGE][INFO] - Starting 'Chrome' driver

2020-06-05 16:27:03 - [MESSAGE][INFO] - Action delay is set to 0 milliseconds

2020-06-05 16:27:13 - [MESSAGE][PASSED] - Browser is opened with url: ''

2020-06-05 16:27:13 - [TEST_STEP][PASSED] - navigateToUrl("http://localhost:8065/login"): Navigate to 'http://localhost:8065/login' successfully

2020-06-05 16:27:15 - [MESSAGE][PASSED] - Navigate to 'http://localhost:8065/login' successfully

2020-06-05 16:27:15 - [TEST_STEP][PASSED] - setText(findTestObject("Object Repository/1612427/06_ChangeEmail/Page_Mattermost/input_All team communication in one place s_703ef5"), "hcmus-cdnc"): Text 'hcmus-cdnc' is set on object 'Object Repository/1612427/06_ChangeEmail/Page_Mattermost/input_All team communication in one place s_703ef5'

2020-06-05 16:27:18 - [MESSAGE][PASSED] - Text 'hcmus-cdnc' is set on object 'Object Repository/1612427/06_ChangeEmail/Page_Mattermost/input_All team communication in one place s_703ef5'

2020-06-05 16:27:18 - [TEST_STEP][PASSED] - click(findTestObject("Object Repository/1612427/06_ChangeEmail/Page_Mattermost/input_All team communication in one place s_703ef5")): Object: 'Object Repository/1612427/06_ChangeEmail/Page_Mattermost/input_All team communication in one place s_703ef5' is clicked on

2020-06-05 16:27:18 - [MESSAGE][PASSED] - Object: 'Object Repository/1612427/06_ChangeEmail/Page_Mattermost/input_All team communication in one place s_703ef5' is clicked on

2020-06-05 16:27:18 - [TEST_STEP][PASSED] - setText(findTestObject("Object Repository/1612427/06_ChangeEmail/Page_Mattermost/input_All team communication in one place s_703ef5"), "hcmus-cdnc"): Text 'hcmus-cdnc' is set on object 'Object Repository/1612427/06_ChangeEmail/Page_Mattermost/input_All team communication in one place s_703ef5'

2020-06-05 16:27:19 - [MESSAGE][PASSED] - Text 'hcmus-cdnc' is set on object 'Object Repository/1612427/06_ChangeEmail/Page_Mattermost/input_All team communication in one place s_703ef5'

2020-06-05 16:27:19 - [TEST_STEP][PASSED] - setEncryptedText(findTestObject("Object Repository/1612427/06_ChangeEmail/Page_Mattermost/input_All team communication in one place s_2f2733"), "aeHFOx8jV/A="): Text ****** has been set on object 'Object Repository/1612427/06_ChangeEmail/Page_Mattermost/input_All team communication in one place s_2f2733'

2020-06-05 16:27:20 - [MESSAGE][PASSED] - Text ****** has been set on object 'Object Repository/1612427/06_ChangeEmail/Page_Mattermost/input_All team communication in one place s_2f2733'

2020-06-05 16:27:20 - [TEST_STEP][PASSED] - click(findTestObject("Object Repository/1612427/06_ChangeEmail/Page_Mattermost/span_Sign in")): Object: 'Object Repository/1612427/06_ChangeEmail/Page_Mattermost/span_Sign in' is clicked on

2020-06-05 16:27:20 - [MESSAGE][PASSED] - Object: 'Object Repository/1612427/06_ChangeEmail/Page_Mattermost/span_Sign in' is clicked on

2020-06-05 16:27:20 - [TEST_STEP][PASSED] - click(findTestObject("Object Repository/1612427/06_ChangeEmail/Page_Town Square - minus Mattermost/svg")): Object: 'Object Repository/1612427/06_ChangeEmail/Page_Town Square - minus Mattermost/svg' is clicked on

2020-06-05 16:27:28 - [MESSAGE][PASSED] - Object: 'Object Repository/1612427/06_ChangeEmail/Page_Town Square - minus Mattermost/svg' is clicked on

2020-06-05 16:27:28 - [TEST_STEP][PASSED] - click(findTestObject("Object Repository/1612427/06_ChangeEmail/Page_Town Square - minus Mattermost/span_Account Settings")): Object: 'Object Repository/1612427/06_ChangeEmail/Page_Town Square - minus Mattermost/span_Account Settings' is clicked on

2020-06-05 16:27:30 - [MESSAGE][PASSED] - Object: 'Object Repository/1612427/06_ChangeEmail/Page_Town Square - minus Mattermost/span_Account Settings' is clicked on

2020-06-05 16:27:30 - [TEST_STEP][PASSED] - click(findTestObject("Object Repository/1612427/06_ChangeEmail/Page_Town Square - minus Mattermost/span_Edit")): Object: 'Object Repository/1612427/06_ChangeEmail/Page_Town Square - minus Mattermost/span_Edit' is clicked on

2020-06-05 16:27:36 - [MESSAGE][PASSED] - Object: 'Object Repository/1612427/06_ChangeEmail/Page_Town Square - minus Mattermost/span_Edit' is clicked on

2020-06-05 16:27:36 - [TEST_STEP][PASSED] - setText(findTestObject("Object Repository/1612427/06_ChangeEmail/Page_Town Square - minus Mattermost/input_New Email_primaryEmail"), email): Text 'xuanghjem210@gmail.com' is set on object 'Object Repository/1612427/06_ChangeEmail/Page_Town Square - minus Mattermost/input_New Email_primaryEmail'

2020-06-05 16:27:38 - [MESSAGE][PASSED] - Text 'xuanghjem210@gmail.com' is set on object 'Object Repository/1612427/06_ChangeEmail/Page_Town Square - minus Mattermost/input_New Email_primaryEmail'

2020-06-05 16:27:38 - [TEST_STEP][PASSED] - setText(findTestObject("Object Repository/1612427/06_ChangeEmail/Page_Town Square - minus Mattermost/input_Confirm Email_confirmEmail"), confirm_email): Text 'xuanghjem@gmail.com' is set on object 'Object Repository/1612427/06_ChangeEmail/Page_Town Square - minus Mattermost/input_Confirm Email_confirmEmail'

2020-06-05 16:27:39 - [MESSAGE][PASSED] - Text 'xuanghjem@gmail.com' is set on object 'Object Repository/1612427/06_ChangeEmail/Page_Town Square - minus Mattermost/input_Confirm Email_confirmEmail'

2020-06-05 16:27:39 - [TEST_STEP][PASSED] - setEncryptedText(findTestObject("Object Repository/1612427/06_ChangeEmail/Page_Town Square - minus Mattermost/input_Current Password_currentPassword"), password): Text ****** has been set on object 'Object Repository/1612427/06_ChangeEmail/Page_Town Square - minus Mattermost/input_Current Password_currentPassword'

2020-06-05 16:27:40 - [MESSAGE][PASSED] - Text ****** has been set on object 'Object Repository/1612427/06_ChangeEmail/Page_Town Square - minus Mattermost/input_Current Password_currentPassword'

2020-06-05 16:27:40 - [TEST_STEP][PASSED] - click(findTestObject("Object Repository/1612427/06_ChangeEmail/Page_Town Square - minus Mattermost/span_Save")): Object: 'Object Repository/1612427/06_ChangeEmail/Page_Town Square - minus Mattermost/span_Save' is clicked on

2020-06-05 16:27:41 - [MESSAGE][PASSED] - Object: 'Object Repository/1612427/06_ChangeEmail/Page_Town Square - minus Mattermost/span_Save' is clicked on

2020-06-05 16:27:41 - [TEST_STEP][PASSED] - closeBrowser(): Browser is closed

2020-06-05 16:27:43 - [MESSAGE][PASSED] - Browser is closed]]></system-out>
         <system-err><![CDATA[]]></system-err>
      </testcase>
      <testcase name="Test Cases/1612427/06_ChangeEmail" time="42.002" classname="Test Cases/1612427/06_ChangeEmail" status="PASSED">
         <system-out><![CDATA[2020-06-05 16:27:43 - [TEST_CASE][PASSED] - Test Cases/1612427/06_ChangeEmail: Test Cases/1612427/06_ChangeEmail

2020-06-05 16:27:43 - [TEST_STEP][PASSED] - openBrowser(""): Browser is opened with url: ''

2020-06-05 16:27:43 - [MESSAGE][INFO] - Starting 'Chrome' driver

2020-06-05 16:27:43 - [MESSAGE][INFO] - Action delay is set to 0 milliseconds

2020-06-05 16:28:02 - [MESSAGE][PASSED] - Browser is opened with url: ''

2020-06-05 16:28:02 - [TEST_STEP][PASSED] - navigateToUrl("http://localhost:8065/login"): Navigate to 'http://localhost:8065/login' successfully

2020-06-05 16:28:04 - [MESSAGE][PASSED] - Navigate to 'http://localhost:8065/login' successfully

2020-06-05 16:28:04 - [TEST_STEP][PASSED] - setText(findTestObject("Object Repository/1612427/06_ChangeEmail/Page_Mattermost/input_All team communication in one place s_703ef5"), "hcmus-cdnc"): Text 'hcmus-cdnc' is set on object 'Object Repository/1612427/06_ChangeEmail/Page_Mattermost/input_All team communication in one place s_703ef5'

2020-06-05 16:28:07 - [MESSAGE][PASSED] - Text 'hcmus-cdnc' is set on object 'Object Repository/1612427/06_ChangeEmail/Page_Mattermost/input_All team communication in one place s_703ef5'

2020-06-05 16:28:07 - [TEST_STEP][PASSED] - click(findTestObject("Object Repository/1612427/06_ChangeEmail/Page_Mattermost/input_All team communication in one place s_703ef5")): Object: 'Object Repository/1612427/06_ChangeEmail/Page_Mattermost/input_All team communication in one place s_703ef5' is clicked on

2020-06-05 16:28:07 - [MESSAGE][PASSED] - Object: 'Object Repository/1612427/06_ChangeEmail/Page_Mattermost/input_All team communication in one place s_703ef5' is clicked on

2020-06-05 16:28:07 - [TEST_STEP][PASSED] - setText(findTestObject("Object Repository/1612427/06_ChangeEmail/Page_Mattermost/input_All team communication in one place s_703ef5"), "hcmus-cdnc"): Text 'hcmus-cdnc' is set on object 'Object Repository/1612427/06_ChangeEmail/Page_Mattermost/input_All team communication in one place s_703ef5'

2020-06-05 16:28:08 - [MESSAGE][PASSED] - Text 'hcmus-cdnc' is set on object 'Object Repository/1612427/06_ChangeEmail/Page_Mattermost/input_All team communication in one place s_703ef5'

2020-06-05 16:28:08 - [TEST_STEP][PASSED] - setEncryptedText(findTestObject("Object Repository/1612427/06_ChangeEmail/Page_Mattermost/input_All team communication in one place s_2f2733"), "aeHFOx8jV/A="): Text ****** has been set on object 'Object Repository/1612427/06_ChangeEmail/Page_Mattermost/input_All team communication in one place s_2f2733'

2020-06-05 16:28:09 - [MESSAGE][PASSED] - Text ****** has been set on object 'Object Repository/1612427/06_ChangeEmail/Page_Mattermost/input_All team communication in one place s_2f2733'

2020-06-05 16:28:09 - [TEST_STEP][PASSED] - click(findTestObject("Object Repository/1612427/06_ChangeEmail/Page_Mattermost/span_Sign in")): Object: 'Object Repository/1612427/06_ChangeEmail/Page_Mattermost/span_Sign in' is clicked on

2020-06-05 16:28:10 - [MESSAGE][PASSED] - Object: 'Object Repository/1612427/06_ChangeEmail/Page_Mattermost/span_Sign in' is clicked on

2020-06-05 16:28:10 - [TEST_STEP][PASSED] - click(findTestObject("Object Repository/1612427/06_ChangeEmail/Page_Town Square - minus Mattermost/svg")): Object: 'Object Repository/1612427/06_ChangeEmail/Page_Town Square - minus Mattermost/svg' is clicked on

2020-06-05 16:28:17 - [MESSAGE][PASSED] - Object: 'Object Repository/1612427/06_ChangeEmail/Page_Town Square - minus Mattermost/svg' is clicked on

2020-06-05 16:28:17 - [TEST_STEP][PASSED] - click(findTestObject("Object Repository/1612427/06_ChangeEmail/Page_Town Square - minus Mattermost/span_Account Settings")): Object: 'Object Repository/1612427/06_ChangeEmail/Page_Town Square - minus Mattermost/span_Account Settings' is clicked on

2020-06-05 16:28:18 - [MESSAGE][PASSED] - Object: 'Object Repository/1612427/06_ChangeEmail/Page_Town Square - minus Mattermost/span_Account Settings' is clicked on

2020-06-05 16:28:18 - [TEST_STEP][PASSED] - click(findTestObject("Object Repository/1612427/06_ChangeEmail/Page_Town Square - minus Mattermost/span_Edit")): Object: 'Object Repository/1612427/06_ChangeEmail/Page_Town Square - minus Mattermost/span_Edit' is clicked on

2020-06-05 16:28:19 - [MESSAGE][PASSED] - Object: 'Object Repository/1612427/06_ChangeEmail/Page_Town Square - minus Mattermost/span_Edit' is clicked on

2020-06-05 16:28:19 - [TEST_STEP][PASSED] - setText(findTestObject("Object Repository/1612427/06_ChangeEmail/Page_Town Square - minus Mattermost/input_New Email_primaryEmail"), email): Text 'sss.com' is set on object 'Object Repository/1612427/06_ChangeEmail/Page_Town Square - minus Mattermost/input_New Email_primaryEmail'

2020-06-05 16:28:20 - [MESSAGE][PASSED] - Text 'sss.com' is set on object 'Object Repository/1612427/06_ChangeEmail/Page_Town Square - minus Mattermost/input_New Email_primaryEmail'

2020-06-05 16:28:20 - [TEST_STEP][PASSED] - setText(findTestObject("Object Repository/1612427/06_ChangeEmail/Page_Town Square - minus Mattermost/input_Confirm Email_confirmEmail"), confirm_email): Text 'sss.com' is set on object 'Object Repository/1612427/06_ChangeEmail/Page_Town Square - minus Mattermost/input_Confirm Email_confirmEmail'

2020-06-05 16:28:21 - [MESSAGE][PASSED] - Text 'sss.com' is set on object 'Object Repository/1612427/06_ChangeEmail/Page_Town Square - minus Mattermost/input_Confirm Email_confirmEmail'

2020-06-05 16:28:21 - [TEST_STEP][PASSED] - setEncryptedText(findTestObject("Object Repository/1612427/06_ChangeEmail/Page_Town Square - minus Mattermost/input_Current Password_currentPassword"), password): Text ****** has been set on object 'Object Repository/1612427/06_ChangeEmail/Page_Town Square - minus Mattermost/input_Current Password_currentPassword'

2020-06-05 16:28:22 - [MESSAGE][PASSED] - Text ****** has been set on object 'Object Repository/1612427/06_ChangeEmail/Page_Town Square - minus Mattermost/input_Current Password_currentPassword'

2020-06-05 16:28:22 - [TEST_STEP][PASSED] - click(findTestObject("Object Repository/1612427/06_ChangeEmail/Page_Town Square - minus Mattermost/span_Save")): Object: 'Object Repository/1612427/06_ChangeEmail/Page_Town Square - minus Mattermost/span_Save' is clicked on

2020-06-05 16:28:22 - [MESSAGE][PASSED] - Object: 'Object Repository/1612427/06_ChangeEmail/Page_Town Square - minus Mattermost/span_Save' is clicked on

2020-06-05 16:28:22 - [TEST_STEP][PASSED] - closeBrowser(): Browser is closed

2020-06-05 16:28:25 - [MESSAGE][PASSED] - Browser is closed]]></system-out>
         <system-err><![CDATA[]]></system-err>
      </testcase>
      <testcase name="Test Cases/1612427/06_ChangeEmail" time="34.142" classname="Test Cases/1612427/06_ChangeEmail" status="PASSED">
         <system-out><![CDATA[2020-06-05 16:28:25 - [TEST_CASE][PASSED] - Test Cases/1612427/06_ChangeEmail: Test Cases/1612427/06_ChangeEmail

2020-06-05 16:28:25 - [TEST_STEP][PASSED] - openBrowser(""): Browser is opened with url: ''

2020-06-05 16:28:25 - [MESSAGE][INFO] - Starting 'Chrome' driver

2020-06-05 16:28:25 - [MESSAGE][INFO] - Action delay is set to 0 milliseconds

2020-06-05 16:28:29 - [MESSAGE][PASSED] - Browser is opened with url: ''

2020-06-05 16:28:29 - [TEST_STEP][PASSED] - navigateToUrl("http://localhost:8065/login"): Navigate to 'http://localhost:8065/login' successfully

2020-06-05 16:28:31 - [MESSAGE][PASSED] - Navigate to 'http://localhost:8065/login' successfully

2020-06-05 16:28:31 - [TEST_STEP][PASSED] - setText(findTestObject("Object Repository/1612427/06_ChangeEmail/Page_Mattermost/input_All team communication in one place s_703ef5"), "hcmus-cdnc"): Text 'hcmus-cdnc' is set on object 'Object Repository/1612427/06_ChangeEmail/Page_Mattermost/input_All team communication in one place s_703ef5'

2020-06-05 16:28:34 - [MESSAGE][PASSED] - Text 'hcmus-cdnc' is set on object 'Object Repository/1612427/06_ChangeEmail/Page_Mattermost/input_All team communication in one place s_703ef5'

2020-06-05 16:28:34 - [TEST_STEP][PASSED] - click(findTestObject("Object Repository/1612427/06_ChangeEmail/Page_Mattermost/input_All team communication in one place s_703ef5")): Object: 'Object Repository/1612427/06_ChangeEmail/Page_Mattermost/input_All team communication in one place s_703ef5' is clicked on

2020-06-05 16:28:40 - [MESSAGE][PASSED] - Object: 'Object Repository/1612427/06_ChangeEmail/Page_Mattermost/input_All team communication in one place s_703ef5' is clicked on

2020-06-05 16:28:40 - [TEST_STEP][PASSED] - setText(findTestObject("Object Repository/1612427/06_ChangeEmail/Page_Mattermost/input_All team communication in one place s_703ef5"), "hcmus-cdnc"): Text 'hcmus-cdnc' is set on object 'Object Repository/1612427/06_ChangeEmail/Page_Mattermost/input_All team communication in one place s_703ef5'

2020-06-05 16:28:41 - [MESSAGE][PASSED] - Text 'hcmus-cdnc' is set on object 'Object Repository/1612427/06_ChangeEmail/Page_Mattermost/input_All team communication in one place s_703ef5'

2020-06-05 16:28:41 - [TEST_STEP][PASSED] - setEncryptedText(findTestObject("Object Repository/1612427/06_ChangeEmail/Page_Mattermost/input_All team communication in one place s_2f2733"), "aeHFOx8jV/A="): Text ****** has been set on object 'Object Repository/1612427/06_ChangeEmail/Page_Mattermost/input_All team communication in one place s_2f2733'

2020-06-05 16:28:41 - [MESSAGE][PASSED] - Text ****** has been set on object 'Object Repository/1612427/06_ChangeEmail/Page_Mattermost/input_All team communication in one place s_2f2733'

2020-06-05 16:28:41 - [TEST_STEP][PASSED] - click(findTestObject("Object Repository/1612427/06_ChangeEmail/Page_Mattermost/span_Sign in")): Object: 'Object Repository/1612427/06_ChangeEmail/Page_Mattermost/span_Sign in' is clicked on

2020-06-05 16:28:47 - [MESSAGE][PASSED] - Object: 'Object Repository/1612427/06_ChangeEmail/Page_Mattermost/span_Sign in' is clicked on

2020-06-05 16:28:47 - [TEST_STEP][PASSED] - click(findTestObject("Object Repository/1612427/06_ChangeEmail/Page_Town Square - minus Mattermost/svg")): Object: 'Object Repository/1612427/06_ChangeEmail/Page_Town Square - minus Mattermost/svg' is clicked on

2020-06-05 16:28:52 - [MESSAGE][PASSED] - Object: 'Object Repository/1612427/06_ChangeEmail/Page_Town Square - minus Mattermost/svg' is clicked on

2020-06-05 16:28:52 - [TEST_STEP][PASSED] - click(findTestObject("Object Repository/1612427/06_ChangeEmail/Page_Town Square - minus Mattermost/span_Account Settings")): Object: 'Object Repository/1612427/06_ChangeEmail/Page_Town Square - minus Mattermost/span_Account Settings' is clicked on

2020-06-05 16:28:53 - [MESSAGE][PASSED] - Object: 'Object Repository/1612427/06_ChangeEmail/Page_Town Square - minus Mattermost/span_Account Settings' is clicked on

2020-06-05 16:28:53 - [TEST_STEP][PASSED] - click(findTestObject("Object Repository/1612427/06_ChangeEmail/Page_Town Square - minus Mattermost/span_Edit")): Object: 'Object Repository/1612427/06_ChangeEmail/Page_Town Square - minus Mattermost/span_Edit' is clicked on

2020-06-05 16:28:54 - [MESSAGE][PASSED] - Object: 'Object Repository/1612427/06_ChangeEmail/Page_Town Square - minus Mattermost/span_Edit' is clicked on

2020-06-05 16:28:54 - [TEST_STEP][PASSED] - setText(findTestObject("Object Repository/1612427/06_ChangeEmail/Page_Town Square - minus Mattermost/input_New Email_primaryEmail"), email): Text 'email@email.com' is set on object 'Object Repository/1612427/06_ChangeEmail/Page_Town Square - minus Mattermost/input_New Email_primaryEmail'

2020-06-05 16:28:56 - [MESSAGE][PASSED] - Text 'email@email.com' is set on object 'Object Repository/1612427/06_ChangeEmail/Page_Town Square - minus Mattermost/input_New Email_primaryEmail'

2020-06-05 16:28:56 - [TEST_STEP][PASSED] - setText(findTestObject("Object Repository/1612427/06_ChangeEmail/Page_Town Square - minus Mattermost/input_Confirm Email_confirmEmail"), confirm_email): Text 'email@email#' is set on object 'Object Repository/1612427/06_ChangeEmail/Page_Town Square - minus Mattermost/input_Confirm Email_confirmEmail'

2020-06-05 16:28:57 - [MESSAGE][PASSED] - Text 'email@email#' is set on object 'Object Repository/1612427/06_ChangeEmail/Page_Town Square - minus Mattermost/input_Confirm Email_confirmEmail'

2020-06-05 16:28:57 - [TEST_STEP][PASSED] - setEncryptedText(findTestObject("Object Repository/1612427/06_ChangeEmail/Page_Town Square - minus Mattermost/input_Current Password_currentPassword"), password): Text ****** has been set on object 'Object Repository/1612427/06_ChangeEmail/Page_Town Square - minus Mattermost/input_Current Password_currentPassword'

2020-06-05 16:28:58 - [MESSAGE][PASSED] - Text ****** has been set on object 'Object Repository/1612427/06_ChangeEmail/Page_Town Square - minus Mattermost/input_Current Password_currentPassword'

2020-06-05 16:28:58 - [TEST_STEP][PASSED] - click(findTestObject("Object Repository/1612427/06_ChangeEmail/Page_Town Square - minus Mattermost/span_Save")): Object: 'Object Repository/1612427/06_ChangeEmail/Page_Town Square - minus Mattermost/span_Save' is clicked on

2020-06-05 16:28:58 - [MESSAGE][PASSED] - Object: 'Object Repository/1612427/06_ChangeEmail/Page_Town Square - minus Mattermost/span_Save' is clicked on

2020-06-05 16:28:58 - [TEST_STEP][PASSED] - closeBrowser(): Browser is closed

2020-06-05 16:28:59 - [MESSAGE][PASSED] - Browser is closed]]></system-out>
         <system-err><![CDATA[]]></system-err>
      </testcase>
      <testcase name="Test Cases/1612427/06_ChangeEmail" time="26.585" classname="Test Cases/1612427/06_ChangeEmail" status="PASSED">
         <system-out><![CDATA[2020-06-05 16:29:00 - [TEST_CASE][PASSED] - Test Cases/1612427/06_ChangeEmail: Test Cases/1612427/06_ChangeEmail

2020-06-05 16:29:00 - [TEST_STEP][PASSED] - openBrowser(""): Browser is opened with url: ''

2020-06-05 16:29:00 - [MESSAGE][INFO] - Starting 'Chrome' driver

2020-06-05 16:29:00 - [MESSAGE][INFO] - Action delay is set to 0 milliseconds

2020-06-05 16:29:03 - [MESSAGE][PASSED] - Browser is opened with url: ''

2020-06-05 16:29:03 - [TEST_STEP][PASSED] - navigateToUrl("http://localhost:8065/login"): Navigate to 'http://localhost:8065/login' successfully

2020-06-05 16:29:06 - [MESSAGE][PASSED] - Navigate to 'http://localhost:8065/login' successfully

2020-06-05 16:29:06 - [TEST_STEP][PASSED] - setText(findTestObject("Object Repository/1612427/06_ChangeEmail/Page_Mattermost/input_All team communication in one place s_703ef5"), "hcmus-cdnc"): Text 'hcmus-cdnc' is set on object 'Object Repository/1612427/06_ChangeEmail/Page_Mattermost/input_All team communication in one place s_703ef5'

2020-06-05 16:29:09 - [MESSAGE][PASSED] - Text 'hcmus-cdnc' is set on object 'Object Repository/1612427/06_ChangeEmail/Page_Mattermost/input_All team communication in one place s_703ef5'

2020-06-05 16:29:09 - [TEST_STEP][PASSED] - click(findTestObject("Object Repository/1612427/06_ChangeEmail/Page_Mattermost/input_All team communication in one place s_703ef5")): Object: 'Object Repository/1612427/06_ChangeEmail/Page_Mattermost/input_All team communication in one place s_703ef5' is clicked on

2020-06-05 16:29:09 - [MESSAGE][PASSED] - Object: 'Object Repository/1612427/06_ChangeEmail/Page_Mattermost/input_All team communication in one place s_703ef5' is clicked on

2020-06-05 16:29:09 - [TEST_STEP][PASSED] - setText(findTestObject("Object Repository/1612427/06_ChangeEmail/Page_Mattermost/input_All team communication in one place s_703ef5"), "hcmus-cdnc"): Text 'hcmus-cdnc' is set on object 'Object Repository/1612427/06_ChangeEmail/Page_Mattermost/input_All team communication in one place s_703ef5'

2020-06-05 16:29:10 - [MESSAGE][PASSED] - Text 'hcmus-cdnc' is set on object 'Object Repository/1612427/06_ChangeEmail/Page_Mattermost/input_All team communication in one place s_703ef5'

2020-06-05 16:29:10 - [TEST_STEP][PASSED] - setEncryptedText(findTestObject("Object Repository/1612427/06_ChangeEmail/Page_Mattermost/input_All team communication in one place s_2f2733"), "aeHFOx8jV/A="): Text ****** has been set on object 'Object Repository/1612427/06_ChangeEmail/Page_Mattermost/input_All team communication in one place s_2f2733'

2020-06-05 16:29:11 - [MESSAGE][PASSED] - Text ****** has been set on object 'Object Repository/1612427/06_ChangeEmail/Page_Mattermost/input_All team communication in one place s_2f2733'

2020-06-05 16:29:11 - [TEST_STEP][PASSED] - click(findTestObject("Object Repository/1612427/06_ChangeEmail/Page_Mattermost/span_Sign in")): Object: 'Object Repository/1612427/06_ChangeEmail/Page_Mattermost/span_Sign in' is clicked on

2020-06-05 16:29:11 - [MESSAGE][PASSED] - Object: 'Object Repository/1612427/06_ChangeEmail/Page_Mattermost/span_Sign in' is clicked on

2020-06-05 16:29:11 - [TEST_STEP][PASSED] - click(findTestObject("Object Repository/1612427/06_ChangeEmail/Page_Town Square - minus Mattermost/svg")): Object: 'Object Repository/1612427/06_ChangeEmail/Page_Town Square - minus Mattermost/svg' is clicked on

2020-06-05 16:29:16 - [MESSAGE][PASSED] - Object: 'Object Repository/1612427/06_ChangeEmail/Page_Town Square - minus Mattermost/svg' is clicked on

2020-06-05 16:29:16 - [TEST_STEP][PASSED] - click(findTestObject("Object Repository/1612427/06_ChangeEmail/Page_Town Square - minus Mattermost/span_Account Settings")): Object: 'Object Repository/1612427/06_ChangeEmail/Page_Town Square - minus Mattermost/span_Account Settings' is clicked on

2020-06-05 16:29:18 - [MESSAGE][PASSED] - Object: 'Object Repository/1612427/06_ChangeEmail/Page_Town Square - minus Mattermost/span_Account Settings' is clicked on

2020-06-05 16:29:18 - [TEST_STEP][PASSED] - click(findTestObject("Object Repository/1612427/06_ChangeEmail/Page_Town Square - minus Mattermost/span_Edit")): Object: 'Object Repository/1612427/06_ChangeEmail/Page_Town Square - minus Mattermost/span_Edit' is clicked on

2020-06-05 16:29:18 - [MESSAGE][PASSED] - Object: 'Object Repository/1612427/06_ChangeEmail/Page_Town Square - minus Mattermost/span_Edit' is clicked on

2020-06-05 16:29:18 - [TEST_STEP][PASSED] - setText(findTestObject("Object Repository/1612427/06_ChangeEmail/Page_Town Square - minus Mattermost/input_New Email_primaryEmail"), email): Text 'hcmus-cdnc@gmail.com' is set on object 'Object Repository/1612427/06_ChangeEmail/Page_Town Square - minus Mattermost/input_New Email_primaryEmail'

2020-06-05 16:29:20 - [MESSAGE][PASSED] - Text 'hcmus-cdnc@gmail.com' is set on object 'Object Repository/1612427/06_ChangeEmail/Page_Town Square - minus Mattermost/input_New Email_primaryEmail'

2020-06-05 16:29:20 - [TEST_STEP][PASSED] - setText(findTestObject("Object Repository/1612427/06_ChangeEmail/Page_Town Square - minus Mattermost/input_Confirm Email_confirmEmail"), confirm_email): Text 'hcmus-cdnc@gmail.com' is set on object 'Object Repository/1612427/06_ChangeEmail/Page_Town Square - minus Mattermost/input_Confirm Email_confirmEmail'

2020-06-05 16:29:22 - [MESSAGE][PASSED] - Text 'hcmus-cdnc@gmail.com' is set on object 'Object Repository/1612427/06_ChangeEmail/Page_Town Square - minus Mattermost/input_Confirm Email_confirmEmail'

2020-06-05 16:29:22 - [TEST_STEP][PASSED] - setEncryptedText(findTestObject("Object Repository/1612427/06_ChangeEmail/Page_Town Square - minus Mattermost/input_Current Password_currentPassword"), password): Text ****** has been set on object 'Object Repository/1612427/06_ChangeEmail/Page_Town Square - minus Mattermost/input_Current Password_currentPassword'

2020-06-05 16:29:23 - [MESSAGE][PASSED] - Text ****** has been set on object 'Object Repository/1612427/06_ChangeEmail/Page_Town Square - minus Mattermost/input_Current Password_currentPassword'

2020-06-05 16:29:23 - [TEST_STEP][PASSED] - click(findTestObject("Object Repository/1612427/06_ChangeEmail/Page_Town Square - minus Mattermost/span_Save")): Object: 'Object Repository/1612427/06_ChangeEmail/Page_Town Square - minus Mattermost/span_Save' is clicked on

2020-06-05 16:29:24 - [MESSAGE][PASSED] - Object: 'Object Repository/1612427/06_ChangeEmail/Page_Town Square - minus Mattermost/span_Save' is clicked on

2020-06-05 16:29:24 - [TEST_STEP][PASSED] - closeBrowser(): Browser is closed

2020-06-05 16:29:26 - [MESSAGE][PASSED] - Browser is closed]]></system-out>
         <system-err><![CDATA[]]></system-err>
      </testcase>
      <testcase name="Test Cases/1612427/07_AddTriggerMention" time="53.418" classname="Test Cases/1612427/07_AddTriggerMention" status="PASSED">
         <system-out><![CDATA[2020-06-05 16:29:26 - [TEST_CASE][PASSED] - Test Cases/1612427/07_AddTriggerMention: Test Cases/1612427/07_AddTriggerMention

2020-06-05 16:29:42 - [TEST_STEP][PASSED] - openBrowser(""): Browser is opened with url: ''

2020-06-05 16:29:42 - [MESSAGE][INFO] - Starting 'Chrome' driver

2020-06-05 16:29:42 - [MESSAGE][INFO] - Action delay is set to 0 milliseconds

2020-06-05 16:29:57 - [MESSAGE][PASSED] - Browser is opened with url: ''

2020-06-05 16:29:57 - [TEST_STEP][PASSED] - navigateToUrl("http://localhost:8065/login"): Navigate to 'http://localhost:8065/login' successfully

2020-06-05 16:30:01 - [MESSAGE][PASSED] - Navigate to 'http://localhost:8065/login' successfully

2020-06-05 16:30:01 - [TEST_STEP][PASSED] - setText(findTestObject("Object Repository/1612427/06_ChangeEmail/Page_Mattermost/input_All team communication in one place s_703ef5"), "hcmus-cdnc"): Text 'hcmus-cdnc' is set on object 'Object Repository/1612427/06_ChangeEmail/Page_Mattermost/input_All team communication in one place s_703ef5'

2020-06-05 16:30:04 - [MESSAGE][PASSED] - Text 'hcmus-cdnc' is set on object 'Object Repository/1612427/06_ChangeEmail/Page_Mattermost/input_All team communication in one place s_703ef5'

2020-06-05 16:30:04 - [TEST_STEP][PASSED] - click(findTestObject("Object Repository/1612427/06_ChangeEmail/Page_Mattermost/input_All team communication in one place s_703ef5")): Object: 'Object Repository/1612427/06_ChangeEmail/Page_Mattermost/input_All team communication in one place s_703ef5' is clicked on

2020-06-05 16:30:05 - [MESSAGE][PASSED] - Object: 'Object Repository/1612427/06_ChangeEmail/Page_Mattermost/input_All team communication in one place s_703ef5' is clicked on

2020-06-05 16:30:05 - [TEST_STEP][PASSED] - setText(findTestObject("Object Repository/1612427/06_ChangeEmail/Page_Mattermost/input_All team communication in one place s_703ef5"), "hcmus-cdnc"): Text 'hcmus-cdnc' is set on object 'Object Repository/1612427/06_ChangeEmail/Page_Mattermost/input_All team communication in one place s_703ef5'

2020-06-05 16:30:06 - [MESSAGE][PASSED] - Text 'hcmus-cdnc' is set on object 'Object Repository/1612427/06_ChangeEmail/Page_Mattermost/input_All team communication in one place s_703ef5'

2020-06-05 16:30:06 - [TEST_STEP][PASSED] - setEncryptedText(findTestObject("Object Repository/1612427/06_ChangeEmail/Page_Mattermost/input_All team communication in one place s_2f2733"), "aeHFOx8jV/A="): Text ****** has been set on object 'Object Repository/1612427/06_ChangeEmail/Page_Mattermost/input_All team communication in one place s_2f2733'

2020-06-05 16:30:06 - [MESSAGE][PASSED] - Text ****** has been set on object 'Object Repository/1612427/06_ChangeEmail/Page_Mattermost/input_All team communication in one place s_2f2733'

2020-06-05 16:30:06 - [TEST_STEP][PASSED] - click(findTestObject("Object Repository/1612427/06_ChangeEmail/Page_Mattermost/span_Sign in")): Object: 'Object Repository/1612427/06_ChangeEmail/Page_Mattermost/span_Sign in' is clicked on

2020-06-05 16:30:07 - [MESSAGE][PASSED] - Object: 'Object Repository/1612427/06_ChangeEmail/Page_Mattermost/span_Sign in' is clicked on

2020-06-05 16:30:07 - [TEST_STEP][PASSED] - click(findTestObject("Object Repository/1612427/06_ChangeEmail/Page_Town Square - minus Mattermost/svg")): Object: 'Object Repository/1612427/06_ChangeEmail/Page_Town Square - minus Mattermost/svg' is clicked on

2020-06-05 16:30:13 - [MESSAGE][PASSED] - Object: 'Object Repository/1612427/06_ChangeEmail/Page_Town Square - minus Mattermost/svg' is clicked on

2020-06-05 16:30:13 - [TEST_STEP][PASSED] - click(findTestObject("Object Repository/1612427/06_ChangeEmail/Page_Town Square - minus Mattermost/span_Account Settings")): Object: 'Object Repository/1612427/06_ChangeEmail/Page_Town Square - minus Mattermost/span_Account Settings' is clicked on

2020-06-05 16:30:14 - [MESSAGE][PASSED] - Object: 'Object Repository/1612427/06_ChangeEmail/Page_Town Square - minus Mattermost/span_Account Settings' is clicked on

2020-06-05 16:30:14 - [TEST_STEP][PASSED] - click(findTestObject("Object Repository/1612427/07_AddTriggerMention/Page_Town Square - minus Mattermost/button_Notifications")): Object: 'Object Repository/1612427/07_AddTriggerMention/Page_Town Square - minus Mattermost/button_Notifications' is clicked on

2020-06-05 16:30:15 - [MESSAGE][PASSED] - Object: 'Object Repository/1612427/07_AddTriggerMention/Page_Town Square - minus Mattermost/button_Notifications' is clicked on

2020-06-05 16:30:15 - [TEST_STEP][PASSED] - click(findTestObject("Object Repository/1612427/07_AddTriggerMention/Page_Town Square - minus Mattermost/span_Edit")): Object: 'Object Repository/1612427/07_AddTriggerMention/Page_Town Square - minus Mattermost/span_Edit' is clicked on

2020-06-05 16:30:16 - [MESSAGE][PASSED] - Object: 'Object Repository/1612427/07_AddTriggerMention/Page_Town Square - minus Mattermost/span_Edit' is clicked on

2020-06-05 16:30:16 - [TEST_STEP][PASSED] - setText(findTestObject("Object Repository/1612427/07_AddTriggerMention/Page_Town Square - minus Mattermost/input_Other non-case sensitive words separa_48b795"), trigger_name): Text 'nghiem' is set on object 'Object Repository/1612427/07_AddTriggerMention/Page_Town Square - minus Mattermost/input_Other non-case sensitive words separa_48b795'

2020-06-05 16:30:17 - [MESSAGE][PASSED] - Text 'nghiem' is set on object 'Object Repository/1612427/07_AddTriggerMention/Page_Town Square - minus Mattermost/input_Other non-case sensitive words separa_48b795'

2020-06-05 16:30:17 - [TEST_STEP][PASSED] - click(findTestObject("Object Repository/1612427/07_AddTriggerMention/Page_Town Square - minus Mattermost/span_Save")): Object: 'Object Repository/1612427/07_AddTriggerMention/Page_Town Square - minus Mattermost/span_Save' is clicked on

2020-06-05 16:30:18 - [MESSAGE][PASSED] - Object: 'Object Repository/1612427/07_AddTriggerMention/Page_Town Square - minus Mattermost/span_Save' is clicked on

2020-06-05 16:30:18 - [TEST_STEP][PASSED] - closeBrowser(): Browser is closed

2020-06-05 16:30:20 - [MESSAGE][PASSED] - Browser is closed]]></system-out>
         <system-err><![CDATA[]]></system-err>
      </testcase>
      <testcase name="Test Cases/1612427/07_AddTriggerMention" time="151.328" classname="Test Cases/1612427/07_AddTriggerMention" status="PASSED">
         <system-out><![CDATA[2020-06-05 16:30:20 - [TEST_CASE][PASSED] - Test Cases/1612427/07_AddTriggerMention: Test Cases/1612427/07_AddTriggerMention

2020-06-05 16:30:20 - [TEST_STEP][PASSED] - openBrowser(""): Browser is opened with url: ''

2020-06-05 16:30:20 - [MESSAGE][INFO] - Starting 'Chrome' driver

2020-06-05 16:30:20 - [MESSAGE][INFO] - Action delay is set to 0 milliseconds

2020-06-05 16:30:35 - [MESSAGE][PASSED] - Browser is opened with url: ''

2020-06-05 16:30:35 - [TEST_STEP][PASSED] - navigateToUrl("http://localhost:8065/login"): Navigate to 'http://localhost:8065/login' successfully

2020-06-05 16:30:41 - [MESSAGE][PASSED] - Navigate to 'http://localhost:8065/login' successfully

2020-06-05 16:30:41 - [TEST_STEP][PASSED] - setText(findTestObject("Object Repository/1612427/06_ChangeEmail/Page_Mattermost/input_All team communication in one place s_703ef5"), "hcmus-cdnc"): Text 'hcmus-cdnc' is set on object 'Object Repository/1612427/06_ChangeEmail/Page_Mattermost/input_All team communication in one place s_703ef5'

2020-06-05 16:31:00 - [MESSAGE][PASSED] - Text 'hcmus-cdnc' is set on object 'Object Repository/1612427/06_ChangeEmail/Page_Mattermost/input_All team communication in one place s_703ef5'

2020-06-05 16:31:00 - [TEST_STEP][PASSED] - click(findTestObject("Object Repository/1612427/06_ChangeEmail/Page_Mattermost/input_All team communication in one place s_703ef5")): Object: 'Object Repository/1612427/06_ChangeEmail/Page_Mattermost/input_All team communication in one place s_703ef5' is clicked on

2020-06-05 16:31:10 - [MESSAGE][PASSED] - Object: 'Object Repository/1612427/06_ChangeEmail/Page_Mattermost/input_All team communication in one place s_703ef5' is clicked on

2020-06-05 16:31:10 - [TEST_STEP][PASSED] - setText(findTestObject("Object Repository/1612427/06_ChangeEmail/Page_Mattermost/input_All team communication in one place s_703ef5"), "hcmus-cdnc"): Text 'hcmus-cdnc' is set on object 'Object Repository/1612427/06_ChangeEmail/Page_Mattermost/input_All team communication in one place s_703ef5'

2020-06-05 16:31:14 - [MESSAGE][PASSED] - Text 'hcmus-cdnc' is set on object 'Object Repository/1612427/06_ChangeEmail/Page_Mattermost/input_All team communication in one place s_703ef5'

2020-06-05 16:31:14 - [TEST_STEP][PASSED] - setEncryptedText(findTestObject("Object Repository/1612427/06_ChangeEmail/Page_Mattermost/input_All team communication in one place s_2f2733"), "aeHFOx8jV/A="): Text ****** has been set on object 'Object Repository/1612427/06_ChangeEmail/Page_Mattermost/input_All team communication in one place s_2f2733'

2020-06-05 16:31:15 - [MESSAGE][PASSED] - Text ****** has been set on object 'Object Repository/1612427/06_ChangeEmail/Page_Mattermost/input_All team communication in one place s_2f2733'

2020-06-05 16:31:15 - [TEST_STEP][PASSED] - click(findTestObject("Object Repository/1612427/06_ChangeEmail/Page_Mattermost/span_Sign in")): Object: 'Object Repository/1612427/06_ChangeEmail/Page_Mattermost/span_Sign in' is clicked on

2020-06-05 16:31:15 - [MESSAGE][PASSED] - Object: 'Object Repository/1612427/06_ChangeEmail/Page_Mattermost/span_Sign in' is clicked on

2020-06-05 16:31:15 - [TEST_STEP][PASSED] - click(findTestObject("Object Repository/1612427/06_ChangeEmail/Page_Town Square - minus Mattermost/svg")): Object: 'Object Repository/1612427/06_ChangeEmail/Page_Town Square - minus Mattermost/svg' is clicked on

2020-06-05 16:31:58 - [MESSAGE][PASSED] - Object: 'Object Repository/1612427/06_ChangeEmail/Page_Town Square - minus Mattermost/svg' is clicked on

2020-06-05 16:31:58 - [TEST_STEP][PASSED] - click(findTestObject("Object Repository/1612427/06_ChangeEmail/Page_Town Square - minus Mattermost/span_Account Settings")): Object: 'Object Repository/1612427/06_ChangeEmail/Page_Town Square - minus Mattermost/span_Account Settings' is clicked on

2020-06-05 16:32:08 - [MESSAGE][PASSED] - Object: 'Object Repository/1612427/06_ChangeEmail/Page_Town Square - minus Mattermost/span_Account Settings' is clicked on

2020-06-05 16:32:08 - [TEST_STEP][PASSED] - click(findTestObject("Object Repository/1612427/07_AddTriggerMention/Page_Town Square - minus Mattermost/button_Notifications")): Object: 'Object Repository/1612427/07_AddTriggerMention/Page_Town Square - minus Mattermost/button_Notifications' is clicked on

2020-06-05 16:32:09 - [MESSAGE][PASSED] - Object: 'Object Repository/1612427/07_AddTriggerMention/Page_Town Square - minus Mattermost/button_Notifications' is clicked on

2020-06-05 16:32:09 - [TEST_STEP][PASSED] - click(findTestObject("Object Repository/1612427/07_AddTriggerMention/Page_Town Square - minus Mattermost/span_Edit")): Object: 'Object Repository/1612427/07_AddTriggerMention/Page_Town Square - minus Mattermost/span_Edit' is clicked on

2020-06-05 16:32:14 - [MESSAGE][PASSED] - Object: 'Object Repository/1612427/07_AddTriggerMention/Page_Town Square - minus Mattermost/span_Edit' is clicked on

2020-06-05 16:32:15 - [TEST_STEP][PASSED] - setText(findTestObject("Object Repository/1612427/07_AddTriggerMention/Page_Town Square - minus Mattermost/input_Other non-case sensitive words separa_48b795"), trigger_name): Text '...' is set on object 'Object Repository/1612427/07_AddTriggerMention/Page_Town Square - minus Mattermost/input_Other non-case sensitive words separa_48b795'

2020-06-05 16:32:18 - [MESSAGE][PASSED] - Text '...' is set on object 'Object Repository/1612427/07_AddTriggerMention/Page_Town Square - minus Mattermost/input_Other non-case sensitive words separa_48b795'

2020-06-05 16:32:18 - [TEST_STEP][PASSED] - click(findTestObject("Object Repository/1612427/07_AddTriggerMention/Page_Town Square - minus Mattermost/span_Save")): Object: 'Object Repository/1612427/07_AddTriggerMention/Page_Town Square - minus Mattermost/span_Save' is clicked on

2020-06-05 16:32:28 - [MESSAGE][PASSED] - Object: 'Object Repository/1612427/07_AddTriggerMention/Page_Town Square - minus Mattermost/span_Save' is clicked on

2020-06-05 16:32:28 - [TEST_STEP][PASSED] - closeBrowser(): Browser is closed

2020-06-05 16:32:51 - [MESSAGE][PASSED] - Browser is closed]]></system-out>
         <system-err><![CDATA[]]></system-err>
      </testcase>
      <testcase name="Test Cases/1612427/07_AddTriggerMention" time="44.805" classname="Test Cases/1612427/07_AddTriggerMention" status="PASSED">
         <system-out><![CDATA[2020-06-05 16:32:51 - [TEST_CASE][PASSED] - Test Cases/1612427/07_AddTriggerMention: Test Cases/1612427/07_AddTriggerMention

2020-06-05 16:32:56 - [TEST_STEP][PASSED] - openBrowser(""): Browser is opened with url: ''

2020-06-05 16:32:57 - [MESSAGE][INFO] - Starting 'Chrome' driver

2020-06-05 16:32:57 - [MESSAGE][INFO] - Action delay is set to 0 milliseconds

2020-06-05 16:33:05 - [MESSAGE][PASSED] - Browser is opened with url: ''

2020-06-05 16:33:05 - [TEST_STEP][PASSED] - navigateToUrl("http://localhost:8065/login"): Navigate to 'http://localhost:8065/login' successfully

2020-06-05 16:33:07 - [MESSAGE][PASSED] - Navigate to 'http://localhost:8065/login' successfully

2020-06-05 16:33:07 - [TEST_STEP][PASSED] - setText(findTestObject("Object Repository/1612427/06_ChangeEmail/Page_Mattermost/input_All team communication in one place s_703ef5"), "hcmus-cdnc"): Text 'hcmus-cdnc' is set on object 'Object Repository/1612427/06_ChangeEmail/Page_Mattermost/input_All team communication in one place s_703ef5'

2020-06-05 16:33:11 - [MESSAGE][PASSED] - Text 'hcmus-cdnc' is set on object 'Object Repository/1612427/06_ChangeEmail/Page_Mattermost/input_All team communication in one place s_703ef5'

2020-06-05 16:33:11 - [TEST_STEP][PASSED] - click(findTestObject("Object Repository/1612427/06_ChangeEmail/Page_Mattermost/input_All team communication in one place s_703ef5")): Object: 'Object Repository/1612427/06_ChangeEmail/Page_Mattermost/input_All team communication in one place s_703ef5' is clicked on

2020-06-05 16:33:19 - [MESSAGE][PASSED] - Object: 'Object Repository/1612427/06_ChangeEmail/Page_Mattermost/input_All team communication in one place s_703ef5' is clicked on

2020-06-05 16:33:19 - [TEST_STEP][PASSED] - setText(findTestObject("Object Repository/1612427/06_ChangeEmail/Page_Mattermost/input_All team communication in one place s_703ef5"), "hcmus-cdnc"): Text 'hcmus-cdnc' is set on object 'Object Repository/1612427/06_ChangeEmail/Page_Mattermost/input_All team communication in one place s_703ef5'

2020-06-05 16:33:20 - [MESSAGE][PASSED] - Text 'hcmus-cdnc' is set on object 'Object Repository/1612427/06_ChangeEmail/Page_Mattermost/input_All team communication in one place s_703ef5'

2020-06-05 16:33:20 - [TEST_STEP][PASSED] - setEncryptedText(findTestObject("Object Repository/1612427/06_ChangeEmail/Page_Mattermost/input_All team communication in one place s_2f2733"), "aeHFOx8jV/A="): Text ****** has been set on object 'Object Repository/1612427/06_ChangeEmail/Page_Mattermost/input_All team communication in one place s_2f2733'

2020-06-05 16:33:23 - [MESSAGE][PASSED] - Text ****** has been set on object 'Object Repository/1612427/06_ChangeEmail/Page_Mattermost/input_All team communication in one place s_2f2733'

2020-06-05 16:33:23 - [TEST_STEP][PASSED] - click(findTestObject("Object Repository/1612427/06_ChangeEmail/Page_Mattermost/span_Sign in")): Object: 'Object Repository/1612427/06_ChangeEmail/Page_Mattermost/span_Sign in' is clicked on

2020-06-05 16:33:24 - [MESSAGE][PASSED] - Object: 'Object Repository/1612427/06_ChangeEmail/Page_Mattermost/span_Sign in' is clicked on

2020-06-05 16:33:24 - [TEST_STEP][PASSED] - click(findTestObject("Object Repository/1612427/06_ChangeEmail/Page_Town Square - minus Mattermost/svg")): Object: 'Object Repository/1612427/06_ChangeEmail/Page_Town Square - minus Mattermost/svg' is clicked on

2020-06-05 16:33:29 - [MESSAGE][PASSED] - Object: 'Object Repository/1612427/06_ChangeEmail/Page_Town Square - minus Mattermost/svg' is clicked on

2020-06-05 16:33:29 - [TEST_STEP][PASSED] - click(findTestObject("Object Repository/1612427/06_ChangeEmail/Page_Town Square - minus Mattermost/span_Account Settings")): Object: 'Object Repository/1612427/06_ChangeEmail/Page_Town Square - minus Mattermost/span_Account Settings' is clicked on

2020-06-05 16:33:32 - [MESSAGE][PASSED] - Object: 'Object Repository/1612427/06_ChangeEmail/Page_Town Square - minus Mattermost/span_Account Settings' is clicked on

2020-06-05 16:33:32 - [TEST_STEP][PASSED] - click(findTestObject("Object Repository/1612427/07_AddTriggerMention/Page_Town Square - minus Mattermost/button_Notifications")): Object: 'Object Repository/1612427/07_AddTriggerMention/Page_Town Square - minus Mattermost/button_Notifications' is clicked on

2020-06-05 16:33:33 - [MESSAGE][PASSED] - Object: 'Object Repository/1612427/07_AddTriggerMention/Page_Town Square - minus Mattermost/button_Notifications' is clicked on

2020-06-05 16:33:33 - [TEST_STEP][PASSED] - click(findTestObject("Object Repository/1612427/07_AddTriggerMention/Page_Town Square - minus Mattermost/span_Edit")): Object: 'Object Repository/1612427/07_AddTriggerMention/Page_Town Square - minus Mattermost/span_Edit' is clicked on

2020-06-05 16:33:33 - [MESSAGE][PASSED] - Object: 'Object Repository/1612427/07_AddTriggerMention/Page_Town Square - minus Mattermost/span_Edit' is clicked on

2020-06-05 16:33:33 - [TEST_STEP][PASSED] - setText(findTestObject("Object Repository/1612427/07_AddTriggerMention/Page_Town Square - minus Mattermost/input_Other non-case sensitive words separa_48b795"), trigger_name): Text '^^^' is set on object 'Object Repository/1612427/07_AddTriggerMention/Page_Town Square - minus Mattermost/input_Other non-case sensitive words separa_48b795'

2020-06-05 16:33:35 - [MESSAGE][PASSED] - Text '^^^' is set on object 'Object Repository/1612427/07_AddTriggerMention/Page_Town Square - minus Mattermost/input_Other non-case sensitive words separa_48b795'

2020-06-05 16:33:35 - [TEST_STEP][PASSED] - click(findTestObject("Object Repository/1612427/07_AddTriggerMention/Page_Town Square - minus Mattermost/span_Save")): Object: 'Object Repository/1612427/07_AddTriggerMention/Page_Town Square - minus Mattermost/span_Save' is clicked on

2020-06-05 16:33:35 - [MESSAGE][PASSED] - Object: 'Object Repository/1612427/07_AddTriggerMention/Page_Town Square - minus Mattermost/span_Save' is clicked on

2020-06-05 16:33:35 - [TEST_STEP][PASSED] - closeBrowser(): Browser is closed

2020-06-05 16:33:36 - [MESSAGE][PASSED] - Browser is closed]]></system-out>
         <system-err><![CDATA[]]></system-err>
      </testcase>
      <testcase name="Test Cases/1612427/07_AddTriggerMention" time="30.614" classname="Test Cases/1612427/07_AddTriggerMention" status="PASSED">
         <system-out><![CDATA[2020-06-05 16:33:37 - [TEST_CASE][PASSED] - Test Cases/1612427/07_AddTriggerMention: Test Cases/1612427/07_AddTriggerMention

2020-06-05 16:33:37 - [TEST_STEP][PASSED] - openBrowser(""): Browser is opened with url: ''

2020-06-05 16:33:37 - [MESSAGE][INFO] - Starting 'Chrome' driver

2020-06-05 16:33:37 - [MESSAGE][INFO] - Action delay is set to 0 milliseconds

2020-06-05 16:33:41 - [MESSAGE][PASSED] - Browser is opened with url: ''

2020-06-05 16:33:41 - [TEST_STEP][PASSED] - navigateToUrl("http://localhost:8065/login"): Navigate to 'http://localhost:8065/login' successfully

2020-06-05 16:33:44 - [MESSAGE][PASSED] - Navigate to 'http://localhost:8065/login' successfully

2020-06-05 16:33:44 - [TEST_STEP][PASSED] - setText(findTestObject("Object Repository/1612427/06_ChangeEmail/Page_Mattermost/input_All team communication in one place s_703ef5"), "hcmus-cdnc"): Text 'hcmus-cdnc' is set on object 'Object Repository/1612427/06_ChangeEmail/Page_Mattermost/input_All team communication in one place s_703ef5'

2020-06-05 16:33:46 - [MESSAGE][PASSED] - Text 'hcmus-cdnc' is set on object 'Object Repository/1612427/06_ChangeEmail/Page_Mattermost/input_All team communication in one place s_703ef5'

2020-06-05 16:33:46 - [TEST_STEP][PASSED] - click(findTestObject("Object Repository/1612427/06_ChangeEmail/Page_Mattermost/input_All team communication in one place s_703ef5")): Object: 'Object Repository/1612427/06_ChangeEmail/Page_Mattermost/input_All team communication in one place s_703ef5' is clicked on

2020-06-05 16:33:47 - [MESSAGE][PASSED] - Object: 'Object Repository/1612427/06_ChangeEmail/Page_Mattermost/input_All team communication in one place s_703ef5' is clicked on

2020-06-05 16:33:47 - [TEST_STEP][PASSED] - setText(findTestObject("Object Repository/1612427/06_ChangeEmail/Page_Mattermost/input_All team communication in one place s_703ef5"), "hcmus-cdnc"): Text 'hcmus-cdnc' is set on object 'Object Repository/1612427/06_ChangeEmail/Page_Mattermost/input_All team communication in one place s_703ef5'

2020-06-05 16:33:47 - [MESSAGE][PASSED] - Text 'hcmus-cdnc' is set on object 'Object Repository/1612427/06_ChangeEmail/Page_Mattermost/input_All team communication in one place s_703ef5'

2020-06-05 16:33:47 - [TEST_STEP][PASSED] - setEncryptedText(findTestObject("Object Repository/1612427/06_ChangeEmail/Page_Mattermost/input_All team communication in one place s_2f2733"), "aeHFOx8jV/A="): Text ****** has been set on object 'Object Repository/1612427/06_ChangeEmail/Page_Mattermost/input_All team communication in one place s_2f2733'

2020-06-05 16:33:48 - [MESSAGE][PASSED] - Text ****** has been set on object 'Object Repository/1612427/06_ChangeEmail/Page_Mattermost/input_All team communication in one place s_2f2733'

2020-06-05 16:33:48 - [TEST_STEP][PASSED] - click(findTestObject("Object Repository/1612427/06_ChangeEmail/Page_Mattermost/span_Sign in")): Object: 'Object Repository/1612427/06_ChangeEmail/Page_Mattermost/span_Sign in' is clicked on

2020-06-05 16:33:49 - [MESSAGE][PASSED] - Object: 'Object Repository/1612427/06_ChangeEmail/Page_Mattermost/span_Sign in' is clicked on

2020-06-05 16:33:49 - [TEST_STEP][PASSED] - click(findTestObject("Object Repository/1612427/06_ChangeEmail/Page_Town Square - minus Mattermost/svg")): Object: 'Object Repository/1612427/06_ChangeEmail/Page_Town Square - minus Mattermost/svg' is clicked on

2020-06-05 16:33:53 - [MESSAGE][PASSED] - Object: 'Object Repository/1612427/06_ChangeEmail/Page_Town Square - minus Mattermost/svg' is clicked on

2020-06-05 16:33:53 - [TEST_STEP][PASSED] - click(findTestObject("Object Repository/1612427/06_ChangeEmail/Page_Town Square - minus Mattermost/span_Account Settings")): Object: 'Object Repository/1612427/06_ChangeEmail/Page_Town Square - minus Mattermost/span_Account Settings' is clicked on

2020-06-05 16:33:55 - [MESSAGE][PASSED] - Object: 'Object Repository/1612427/06_ChangeEmail/Page_Town Square - minus Mattermost/span_Account Settings' is clicked on

2020-06-05 16:33:55 - [TEST_STEP][PASSED] - click(findTestObject("Object Repository/1612427/07_AddTriggerMention/Page_Town Square - minus Mattermost/button_Notifications")): Object: 'Object Repository/1612427/07_AddTriggerMention/Page_Town Square - minus Mattermost/button_Notifications' is clicked on

2020-06-05 16:33:58 - [MESSAGE][PASSED] - Object: 'Object Repository/1612427/07_AddTriggerMention/Page_Town Square - minus Mattermost/button_Notifications' is clicked on

2020-06-05 16:33:58 - [TEST_STEP][PASSED] - click(findTestObject("Object Repository/1612427/07_AddTriggerMention/Page_Town Square - minus Mattermost/span_Edit")): Object: 'Object Repository/1612427/07_AddTriggerMention/Page_Town Square - minus Mattermost/span_Edit' is clicked on

2020-06-05 16:33:59 - [MESSAGE][PASSED] - Object: 'Object Repository/1612427/07_AddTriggerMention/Page_Town Square - minus Mattermost/span_Edit' is clicked on

2020-06-05 16:33:59 - [TEST_STEP][PASSED] - setText(findTestObject("Object Repository/1612427/07_AddTriggerMention/Page_Town Square - minus Mattermost/input_Other non-case sensitive words separa_48b795"), trigger_name): Text 'thanh' is set on object 'Object Repository/1612427/07_AddTriggerMention/Page_Town Square - minus Mattermost/input_Other non-case sensitive words separa_48b795'

2020-06-05 16:34:02 - [MESSAGE][PASSED] - Text 'thanh' is set on object 'Object Repository/1612427/07_AddTriggerMention/Page_Town Square - minus Mattermost/input_Other non-case sensitive words separa_48b795'

2020-06-05 16:34:02 - [TEST_STEP][PASSED] - click(findTestObject("Object Repository/1612427/07_AddTriggerMention/Page_Town Square - minus Mattermost/span_Save")): Object: 'Object Repository/1612427/07_AddTriggerMention/Page_Town Square - minus Mattermost/span_Save' is clicked on

2020-06-05 16:34:03 - [MESSAGE][PASSED] - Object: 'Object Repository/1612427/07_AddTriggerMention/Page_Town Square - minus Mattermost/span_Save' is clicked on

2020-06-05 16:34:03 - [TEST_STEP][PASSED] - closeBrowser(): Browser is closed

2020-06-05 16:34:07 - [MESSAGE][PASSED] - Browser is closed]]></system-out>
         <system-err><![CDATA[]]></system-err>
      </testcase>
      <testcase name="Test Cases/1612427/07_AddTriggerMention" time="32.473" classname="Test Cases/1612427/07_AddTriggerMention" status="PASSED">
         <system-out><![CDATA[2020-06-05 16:34:07 - [TEST_CASE][PASSED] - Test Cases/1612427/07_AddTriggerMention: Test Cases/1612427/07_AddTriggerMention

2020-06-05 16:34:07 - [TEST_STEP][PASSED] - openBrowser(""): Browser is opened with url: ''

2020-06-05 16:34:08 - [MESSAGE][INFO] - Starting 'Chrome' driver

2020-06-05 16:34:08 - [MESSAGE][INFO] - Action delay is set to 0 milliseconds

2020-06-05 16:34:11 - [MESSAGE][PASSED] - Browser is opened with url: ''

2020-06-05 16:34:11 - [TEST_STEP][PASSED] - navigateToUrl("http://localhost:8065/login"): Navigate to 'http://localhost:8065/login' successfully

2020-06-05 16:34:13 - [MESSAGE][PASSED] - Navigate to 'http://localhost:8065/login' successfully

2020-06-05 16:34:13 - [TEST_STEP][PASSED] - setText(findTestObject("Object Repository/1612427/06_ChangeEmail/Page_Mattermost/input_All team communication in one place s_703ef5"), "hcmus-cdnc"): Text 'hcmus-cdnc' is set on object 'Object Repository/1612427/06_ChangeEmail/Page_Mattermost/input_All team communication in one place s_703ef5'

2020-06-05 16:34:16 - [MESSAGE][PASSED] - Text 'hcmus-cdnc' is set on object 'Object Repository/1612427/06_ChangeEmail/Page_Mattermost/input_All team communication in one place s_703ef5'

2020-06-05 16:34:16 - [TEST_STEP][PASSED] - click(findTestObject("Object Repository/1612427/06_ChangeEmail/Page_Mattermost/input_All team communication in one place s_703ef5")): Object: 'Object Repository/1612427/06_ChangeEmail/Page_Mattermost/input_All team communication in one place s_703ef5' is clicked on

2020-06-05 16:34:16 - [MESSAGE][PASSED] - Object: 'Object Repository/1612427/06_ChangeEmail/Page_Mattermost/input_All team communication in one place s_703ef5' is clicked on

2020-06-05 16:34:16 - [TEST_STEP][PASSED] - setText(findTestObject("Object Repository/1612427/06_ChangeEmail/Page_Mattermost/input_All team communication in one place s_703ef5"), "hcmus-cdnc"): Text 'hcmus-cdnc' is set on object 'Object Repository/1612427/06_ChangeEmail/Page_Mattermost/input_All team communication in one place s_703ef5'

2020-06-05 16:34:17 - [MESSAGE][PASSED] - Text 'hcmus-cdnc' is set on object 'Object Repository/1612427/06_ChangeEmail/Page_Mattermost/input_All team communication in one place s_703ef5'

2020-06-05 16:34:17 - [TEST_STEP][PASSED] - setEncryptedText(findTestObject("Object Repository/1612427/06_ChangeEmail/Page_Mattermost/input_All team communication in one place s_2f2733"), "aeHFOx8jV/A="): Text ****** has been set on object 'Object Repository/1612427/06_ChangeEmail/Page_Mattermost/input_All team communication in one place s_2f2733'

2020-06-05 16:34:18 - [MESSAGE][PASSED] - Text ****** has been set on object 'Object Repository/1612427/06_ChangeEmail/Page_Mattermost/input_All team communication in one place s_2f2733'

2020-06-05 16:34:18 - [TEST_STEP][PASSED] - click(findTestObject("Object Repository/1612427/06_ChangeEmail/Page_Mattermost/span_Sign in")): Object: 'Object Repository/1612427/06_ChangeEmail/Page_Mattermost/span_Sign in' is clicked on

2020-06-05 16:34:18 - [MESSAGE][PASSED] - Object: 'Object Repository/1612427/06_ChangeEmail/Page_Mattermost/span_Sign in' is clicked on

2020-06-05 16:34:18 - [TEST_STEP][PASSED] - click(findTestObject("Object Repository/1612427/06_ChangeEmail/Page_Town Square - minus Mattermost/svg")): Object: 'Object Repository/1612427/06_ChangeEmail/Page_Town Square - minus Mattermost/svg' is clicked on

2020-06-05 16:34:24 - [MESSAGE][PASSED] - Object: 'Object Repository/1612427/06_ChangeEmail/Page_Town Square - minus Mattermost/svg' is clicked on

2020-06-05 16:34:24 - [TEST_STEP][PASSED] - click(findTestObject("Object Repository/1612427/06_ChangeEmail/Page_Town Square - minus Mattermost/span_Account Settings")): Object: 'Object Repository/1612427/06_ChangeEmail/Page_Town Square - minus Mattermost/span_Account Settings' is clicked on

2020-06-05 16:34:24 - [MESSAGE][PASSED] - Object: 'Object Repository/1612427/06_ChangeEmail/Page_Town Square - minus Mattermost/span_Account Settings' is clicked on

2020-06-05 16:34:24 - [TEST_STEP][PASSED] - click(findTestObject("Object Repository/1612427/07_AddTriggerMention/Page_Town Square - minus Mattermost/button_Notifications")): Object: 'Object Repository/1612427/07_AddTriggerMention/Page_Town Square - minus Mattermost/button_Notifications' is clicked on

2020-06-05 16:34:28 - [MESSAGE][PASSED] - Object: 'Object Repository/1612427/07_AddTriggerMention/Page_Town Square - minus Mattermost/button_Notifications' is clicked on

2020-06-05 16:34:28 - [TEST_STEP][PASSED] - click(findTestObject("Object Repository/1612427/07_AddTriggerMention/Page_Town Square - minus Mattermost/span_Edit")): Object: 'Object Repository/1612427/07_AddTriggerMention/Page_Town Square - minus Mattermost/span_Edit' is clicked on

2020-06-05 16:34:34 - [MESSAGE][PASSED] - Object: 'Object Repository/1612427/07_AddTriggerMention/Page_Town Square - minus Mattermost/span_Edit' is clicked on

2020-06-05 16:34:34 - [TEST_STEP][PASSED] - setText(findTestObject("Object Repository/1612427/07_AddTriggerMention/Page_Town Square - minus Mattermost/input_Other non-case sensitive words separa_48b795"), trigger_name): Text 'son' is set on object 'Object Repository/1612427/07_AddTriggerMention/Page_Town Square - minus Mattermost/input_Other non-case sensitive words separa_48b795'

2020-06-05 16:34:36 - [MESSAGE][PASSED] - Text 'son' is set on object 'Object Repository/1612427/07_AddTriggerMention/Page_Town Square - minus Mattermost/input_Other non-case sensitive words separa_48b795'

2020-06-05 16:34:36 - [TEST_STEP][PASSED] - click(findTestObject("Object Repository/1612427/07_AddTriggerMention/Page_Town Square - minus Mattermost/span_Save")): Object: 'Object Repository/1612427/07_AddTriggerMention/Page_Town Square - minus Mattermost/span_Save' is clicked on

2020-06-05 16:34:37 - [MESSAGE][PASSED] - Object: 'Object Repository/1612427/07_AddTriggerMention/Page_Town Square - minus Mattermost/span_Save' is clicked on

2020-06-05 16:34:37 - [TEST_STEP][PASSED] - closeBrowser(): Browser is closed

2020-06-05 16:34:40 - [MESSAGE][PASSED] - Browser is closed]]></system-out>
         <system-err><![CDATA[]]></system-err>
      </testcase>
      <testcase name="Test Cases/1612427/08_ResetUserPassword" time="35.689" classname="Test Cases/1612427/08_ResetUserPassword" status="PASSED">
         <system-out><![CDATA[2020-06-05 16:34:40 - [TEST_CASE][PASSED] - Test Cases/1612427/08_ResetUserPassword: Test Cases/1612427/08_ResetUserPassword

2020-06-05 16:34:41 - [TEST_STEP][PASSED] - openBrowser(""): Browser is opened with url: ''

2020-06-05 16:34:41 - [MESSAGE][INFO] - Starting 'Chrome' driver

2020-06-05 16:34:41 - [MESSAGE][INFO] - Action delay is set to 0 milliseconds

2020-06-05 16:34:53 - [MESSAGE][PASSED] - Browser is opened with url: ''

2020-06-05 16:34:53 - [TEST_STEP][PASSED] - navigateToUrl("http://localhost:8065/admin_console/user_management/users"): Navigate to 'http://localhost:8065/admin_console/user_management/users' successfully

2020-06-05 16:34:56 - [MESSAGE][PASSED] - Navigate to 'http://localhost:8065/admin_console/user_management/users' successfully

2020-06-05 16:34:56 - [TEST_STEP][PASSED] - setText(findTestObject("Object Repository/1612427/08_ResetUserPassword/Page_Mattermost/input_All team communication in one place s_703ef5"), "hcmus-cdnc"): Text 'hcmus-cdnc' is set on object 'Object Repository/1612427/08_ResetUserPassword/Page_Mattermost/input_All team communication in one place s_703ef5'

2020-06-05 16:34:59 - [MESSAGE][PASSED] - Text 'hcmus-cdnc' is set on object 'Object Repository/1612427/08_ResetUserPassword/Page_Mattermost/input_All team communication in one place s_703ef5'

2020-06-05 16:34:59 - [TEST_STEP][PASSED] - setEncryptedText(findTestObject("Object Repository/1612427/08_ResetUserPassword/Page_Mattermost/input_All team communication in one place s_2f2733"), "aeHFOx8jV/A="): Text ****** has been set on object 'Object Repository/1612427/08_ResetUserPassword/Page_Mattermost/input_All team communication in one place s_2f2733'

2020-06-05 16:34:59 - [MESSAGE][PASSED] - Text ****** has been set on object 'Object Repository/1612427/08_ResetUserPassword/Page_Mattermost/input_All team communication in one place s_2f2733'

2020-06-05 16:34:59 - [TEST_STEP][PASSED] - click(findTestObject("Object Repository/1612427/08_ResetUserPassword/Page_Mattermost/span_Sign in")): Object: 'Object Repository/1612427/08_ResetUserPassword/Page_Mattermost/span_Sign in' is clicked on

2020-06-05 16:35:00 - [MESSAGE][PASSED] - Object: 'Object Repository/1612427/08_ResetUserPassword/Page_Mattermost/span_Sign in' is clicked on

2020-06-05 16:35:00 - [TEST_STEP][PASSED] - setText(findTestObject("Object Repository/1612427/08_ResetUserPassword/Page_System Console - Mattermost/input_Mattermost Users_searchUsers"), "ar"): Text 'ar' is set on object 'Object Repository/1612427/08_ResetUserPassword/Page_System Console - Mattermost/input_Mattermost Users_searchUsers'

2020-06-05 16:35:04 - [MESSAGE][PASSED] - Text 'ar' is set on object 'Object Repository/1612427/08_ResetUserPassword/Page_System Console - Mattermost/input_Mattermost Users_searchUsers'

2020-06-05 16:35:04 - [TEST_STEP][PASSED] - click(findTestObject("Object Repository/1612427/08_ResetUserPassword/Page_System Console - Mattermost/span_janicearmstrong - Janice Armstrong")): Object: 'Object Repository/1612427/08_ResetUserPassword/Page_System Console - Mattermost/span_janicearmstrong - Janice Armstrong' is clicked on

2020-06-05 16:35:05 - [MESSAGE][PASSED] - Object: 'Object Repository/1612427/08_ResetUserPassword/Page_System Console - Mattermost/span_janicearmstrong - Janice Armstrong' is clicked on

2020-06-05 16:35:05 - [TEST_STEP][PASSED] - click(findTestObject("Object Repository/1612427/08_ResetUserPassword/Page_System Console - Mattermost/button_Reset Password")): Object: 'Object Repository/1612427/08_ResetUserPassword/Page_System Console - Mattermost/button_Reset Password' is clicked on

2020-06-05 16:35:09 - [MESSAGE][PASSED] - Object: 'Object Repository/1612427/08_ResetUserPassword/Page_System Console - Mattermost/button_Reset Password' is clicked on

2020-06-05 16:35:09 - [TEST_STEP][PASSED] - setEncryptedText(findTestObject("Object Repository/1612427/08_ResetUserPassword/Page_System Console - Mattermost/input_New Password_form-control"), newPassword): Text ****** has been set on object 'Object Repository/1612427/08_ResetUserPassword/Page_System Console - Mattermost/input_New Password_form-control'

2020-06-05 16:35:14 - [MESSAGE][PASSED] - Text ****** has been set on object 'Object Repository/1612427/08_ResetUserPassword/Page_System Console - Mattermost/input_New Password_form-control'

2020-06-05 16:35:14 - [TEST_STEP][PASSED] - click(findTestObject("Object Repository/1612427/08_ResetUserPassword/Page_System Console - Mattermost/span_Reset")): Object: 'Object Repository/1612427/08_ResetUserPassword/Page_System Console - Mattermost/span_Reset' is clicked on

2020-06-05 16:35:15 - [MESSAGE][PASSED] - Object: 'Object Repository/1612427/08_ResetUserPassword/Page_System Console - Mattermost/span_Reset' is clicked on

2020-06-05 16:35:15 - [TEST_STEP][PASSED] - closeBrowser(): Browser is closed

2020-06-05 16:35:16 - [MESSAGE][PASSED] - Browser is closed]]></system-out>
         <system-err><![CDATA[]]></system-err>
      </testcase>
      <testcase name="Test Cases/1612427/08_ResetUserPassword" time="21.616" classname="Test Cases/1612427/08_ResetUserPassword" status="PASSED">
         <system-out><![CDATA[2020-06-05 16:35:16 - [TEST_CASE][PASSED] - Test Cases/1612427/08_ResetUserPassword: Test Cases/1612427/08_ResetUserPassword

2020-06-05 16:35:16 - [TEST_STEP][PASSED] - openBrowser(""): Browser is opened with url: ''

2020-06-05 16:35:16 - [MESSAGE][INFO] - Starting 'Chrome' driver

2020-06-05 16:35:16 - [MESSAGE][INFO] - Action delay is set to 0 milliseconds

2020-06-05 16:35:21 - [MESSAGE][PASSED] - Browser is opened with url: ''

2020-06-05 16:35:21 - [TEST_STEP][PASSED] - navigateToUrl("http://localhost:8065/admin_console/user_management/users"): Navigate to 'http://localhost:8065/admin_console/user_management/users' successfully

2020-06-05 16:35:24 - [MESSAGE][PASSED] - Navigate to 'http://localhost:8065/admin_console/user_management/users' successfully

2020-06-05 16:35:24 - [TEST_STEP][PASSED] - setText(findTestObject("Object Repository/1612427/08_ResetUserPassword/Page_Mattermost/input_All team communication in one place s_703ef5"), "hcmus-cdnc"): Text 'hcmus-cdnc' is set on object 'Object Repository/1612427/08_ResetUserPassword/Page_Mattermost/input_All team communication in one place s_703ef5'

2020-06-05 16:35:29 - [MESSAGE][PASSED] - Text 'hcmus-cdnc' is set on object 'Object Repository/1612427/08_ResetUserPassword/Page_Mattermost/input_All team communication in one place s_703ef5'

2020-06-05 16:35:29 - [TEST_STEP][PASSED] - setEncryptedText(findTestObject("Object Repository/1612427/08_ResetUserPassword/Page_Mattermost/input_All team communication in one place s_2f2733"), "aeHFOx8jV/A="): Text ****** has been set on object 'Object Repository/1612427/08_ResetUserPassword/Page_Mattermost/input_All team communication in one place s_2f2733'

2020-06-05 16:35:30 - [MESSAGE][PASSED] - Text ****** has been set on object 'Object Repository/1612427/08_ResetUserPassword/Page_Mattermost/input_All team communication in one place s_2f2733'

2020-06-05 16:35:30 - [TEST_STEP][PASSED] - click(findTestObject("Object Repository/1612427/08_ResetUserPassword/Page_Mattermost/span_Sign in")): Object: 'Object Repository/1612427/08_ResetUserPassword/Page_Mattermost/span_Sign in' is clicked on

2020-06-05 16:35:30 - [MESSAGE][PASSED] - Object: 'Object Repository/1612427/08_ResetUserPassword/Page_Mattermost/span_Sign in' is clicked on

2020-06-05 16:35:30 - [TEST_STEP][PASSED] - setText(findTestObject("Object Repository/1612427/08_ResetUserPassword/Page_System Console - Mattermost/input_Mattermost Users_searchUsers"), "ar"): Text 'ar' is set on object 'Object Repository/1612427/08_ResetUserPassword/Page_System Console - Mattermost/input_Mattermost Users_searchUsers'

2020-06-05 16:35:34 - [MESSAGE][PASSED] - Text 'ar' is set on object 'Object Repository/1612427/08_ResetUserPassword/Page_System Console - Mattermost/input_Mattermost Users_searchUsers'

2020-06-05 16:35:34 - [TEST_STEP][PASSED] - click(findTestObject("Object Repository/1612427/08_ResetUserPassword/Page_System Console - Mattermost/span_janicearmstrong - Janice Armstrong")): Object: 'Object Repository/1612427/08_ResetUserPassword/Page_System Console - Mattermost/span_janicearmstrong - Janice Armstrong' is clicked on

2020-06-05 16:35:35 - [MESSAGE][PASSED] - Object: 'Object Repository/1612427/08_ResetUserPassword/Page_System Console - Mattermost/span_janicearmstrong - Janice Armstrong' is clicked on

2020-06-05 16:35:35 - [TEST_STEP][PASSED] - click(findTestObject("Object Repository/1612427/08_ResetUserPassword/Page_System Console - Mattermost/button_Reset Password")): Object: 'Object Repository/1612427/08_ResetUserPassword/Page_System Console - Mattermost/button_Reset Password' is clicked on

2020-06-05 16:35:36 - [MESSAGE][PASSED] - Object: 'Object Repository/1612427/08_ResetUserPassword/Page_System Console - Mattermost/button_Reset Password' is clicked on

2020-06-05 16:35:36 - [TEST_STEP][PASSED] - setEncryptedText(findTestObject("Object Repository/1612427/08_ResetUserPassword/Page_System Console - Mattermost/input_New Password_form-control"), newPassword): Text ****** has been set on object 'Object Repository/1612427/08_ResetUserPassword/Page_System Console - Mattermost/input_New Password_form-control'

2020-06-05 16:35:36 - [MESSAGE][PASSED] - Text ****** has been set on object 'Object Repository/1612427/08_ResetUserPassword/Page_System Console - Mattermost/input_New Password_form-control'

2020-06-05 16:35:36 - [TEST_STEP][PASSED] - click(findTestObject("Object Repository/1612427/08_ResetUserPassword/Page_System Console - Mattermost/span_Reset")): Object: 'Object Repository/1612427/08_ResetUserPassword/Page_System Console - Mattermost/span_Reset' is clicked on

2020-06-05 16:35:37 - [MESSAGE][PASSED] - Object: 'Object Repository/1612427/08_ResetUserPassword/Page_System Console - Mattermost/span_Reset' is clicked on

2020-06-05 16:35:37 - [TEST_STEP][PASSED] - closeBrowser(): Browser is closed

2020-06-05 16:35:37 - [MESSAGE][PASSED] - Browser is closed]]></system-out>
         <system-err><![CDATA[]]></system-err>
      </testcase>
      <testcase name="Test Cases/1612427/08_ResetUserPassword" time="27.818" classname="Test Cases/1612427/08_ResetUserPassword" status="FAILED">
         <failure type="FAILED" message="Test Cases/1612427/08_ResetUserPassword FAILED.
Reason:
com.kms.katalon.core.exception.StepFailedException: Unable to click on object 'Object Repository/1612427/08_ResetUserPassword/Page_System Console - Mattermost/span_janicearmstrong - Janice Armstrong'
	at com.kms.katalon.core.webui.keyword.internal.WebUIKeywordMain.stepFailed(WebUIKeywordMain.groovy:64)
	at com.kms.katalon.core.webui.keyword.internal.WebUIKeywordMain.runKeyword(WebUIKeywordMain.groovy:26)
	at com.kms.katalon.core.webui.keyword.builtin.ClickKeyword.click(ClickKeyword.groovy:76)
	at com.kms.katalon.core.webui.keyword.builtin.ClickKeyword.execute(ClickKeyword.groovy:43)
	at com.kms.katalon.core.keyword.internal.KeywordExecutor.executeKeywordForPlatform(KeywordExecutor.groovy:72)
	at com.kms.katalon.core.webui.keyword.WebUiBuiltInKeywords.click(WebUiBuiltInKeywords.groovy:616)
	at com.kms.katalon.core.webui.keyword.WebUiBuiltInKeywords$click$3.call(Unknown Source)
	at 08_ResetUserPassword.run(08_ResetUserPassword:34)
	at com.kms.katalon.core.main.ScriptEngine.run(ScriptEngine.java:194)
	at com.kms.katalon.core.main.ScriptEngine.runScriptAsRawText(ScriptEngine.java:119)
	at com.kms.katalon.core.main.TestCaseExecutor.runScript(TestCaseExecutor.java:337)
	at com.kms.katalon.core.main.TestCaseExecutor.doExecute(TestCaseExecutor.java:328)
	at com.kms.katalon.core.main.TestCaseExecutor.processExecutionPhase(TestCaseExecutor.java:307)
	at com.kms.katalon.core.main.TestCaseExecutor.accessMainPhase(TestCaseExecutor.java:299)
	at com.kms.katalon.core.main.TestCaseExecutor.execute(TestCaseExecutor.java:233)
	at com.kms.katalon.core.main.TestSuiteExecutor.accessTestCaseMainPhase(TestSuiteExecutor.java:169)
	at com.kms.katalon.core.main.TestSuiteExecutor.accessTestSuiteMainPhase(TestSuiteExecutor.java:142)
	at com.kms.katalon.core.main.TestSuiteExecutor.execute(TestSuiteExecutor.java:91)
	at com.kms.katalon.core.main.TestCaseMain.startTestSuite(TestCaseMain.java:157)
	at com.kms.katalon.core.main.TestCaseMain$startTestSuite$0.call(Unknown Source)
	at TempTestSuite1591347278292.run(TempTestSuite1591347278292.groovy:37)
Caused by: org.openqa.selenium.NoSuchWindowException: no such window: target window already closed
from unknown error: web view not found
  (Session info: chrome=83.0.4103.97)
Build info: version: '3.141.59', revision: 'e82be7d358', time: '2018-11-14T08:25:53'
System info: host: 'DESKTOP-SGC4F2H', ip: '172.25.32.1', os.name: 'Windows 10', os.arch: 'amd64', os.version: '10.0', java.version: '1.8.0_181'
Driver info: com.kms.katalon.selenium.driver.CChromeDriver
Capabilities {acceptInsecureCerts: false, browserName: chrome, browserVersion: 83.0.4103.97, chrome: {chromedriverVersion: 83.0.4103.39 (ccbf011cb2d2b..., userDataDir: C:\Users\Thanh\AppData\Loca...}, goog:chromeOptions: {debuggerAddress: localhost:56966}, javascriptEnabled: true, networkConnectionEnabled: false, pageLoadStrategy: normal, platform: WINDOWS, platformName: WINDOWS, proxy: Proxy(), setWindowRect: true, strictFileInteractability: false, timeouts: {implicit: 0, pageLoad: 300000, script: 30000}, unhandledPromptBehavior: dismiss and notify, webauthn:virtualAuthenticators: true}
Session ID: 39d56bdaceb038895998d62e38297b43
*** Element info: {Using=xpath, value=//div[@id='adminConsoleWrapper']/div[3]/div/div/div[2]/div/div/div/div/div[2]/div/div/div/div/div/div/a/span}
	at org.openqa.selenium.remote.http.W3CHttpResponseCodec.createException(W3CHttpResponseCodec.java:187)
	at org.openqa.selenium.remote.http.W3CHttpResponseCodec.decode(W3CHttpResponseCodec.java:122)
	at org.openqa.selenium.remote.http.W3CHttpResponseCodec.decode(W3CHttpResponseCodec.java:49)
	at org.openqa.selenium.remote.HttpCommandExecutor.execute(HttpCommandExecutor.java:158)
	at org.openqa.selenium.remote.service.DriverCommandExecutor.execute(DriverCommandExecutor.java:83)
	at org.openqa.selenium.remote.RemoteWebDriver.execute(RemoteWebDriver.java:552)
	at com.kms.katalon.selenium.driver.CChromeDriver.execute(CChromeDriver.java:19)
	at org.openqa.selenium.remote.RemoteWebDriver.findElements(RemoteWebDriver.java:353)
	at org.openqa.selenium.remote.RemoteWebDriver.findElementsByXPath(RemoteWebDriver.java:432)
	at org.openqa.selenium.By$ByXPath.findElements(By.java:348)
	at org.openqa.selenium.remote.RemoteWebDriver.findElements(RemoteWebDriver.java:311)
	at org.openqa.selenium.support.events.EventFiringWebDriver.lambda$new$1(EventFiringWebDriver.java:105)
	at com.sun.proxy.$Proxy8.findElements(Unknown Source)
	at org.openqa.selenium.support.events.EventFiringWebDriver.findElements(EventFiringWebDriver.java:182)
	at com.kms.katalon.core.webui.common.WebUiCommonHelper.findWebElements(WebUiCommonHelper.java:789)
	at com.kms.katalon.core.webui.common.WebUiCommonHelper.findWebElement(WebUiCommonHelper.java:1150)
	at com.kms.katalon.core.webui.keyword.internal.WebUIAbstractKeyword.findWebElement(WebUIAbstractKeyword.groovy:27)
	at com.kms.katalon.core.webui.keyword.internal.WebUIAbstractKeyword.findWebElement(WebUIAbstractKeyword.groovy:26)
	at com.kms.katalon.core.webui.keyword.builtin.ClickKeyword$_click_closure1.doCall(ClickKeyword.groovy:67)
	at com.kms.katalon.core.webui.keyword.builtin.ClickKeyword$_click_closure1.call(ClickKeyword.groovy)
	at com.kms.katalon.core.webui.keyword.internal.WebUIKeywordMain.runKeyword(WebUIKeywordMain.groovy:20)
	... 19 more
"/>
         <system-out><![CDATA[2020-06-05 16:35:37 - [TEST_CASE][FAILED] - Test Cases/1612427/08_ResetUserPassword: Test Cases/1612427/08_ResetUserPassword FAILED.
Reason:
com.kms.katalon.core.exception.StepFailedException: Unable to click on object 'Object Repository/1612427/08_ResetUserPassword/Page_System Console - Mattermost/span_janicearmstrong - Janice Armstrong'
	at com.kms.katalon.core.webui.keyword.internal.WebUIKeywordMain.stepFailed(WebUIKeywordMain.groovy:64)
	at com.kms.katalon.core.webui.keyword.internal.WebUIKeywordMain.runKeyword(WebUIKeywordMain.groovy:26)
	at com.kms.katalon.core.webui.keyword.builtin.ClickKeyword.click(ClickKeyword.groovy:76)
	at com.kms.katalon.core.webui.keyword.builtin.ClickKeyword.execute(ClickKeyword.groovy:43)
	at com.kms.katalon.core.keyword.internal.KeywordExecutor.executeKeywordForPlatform(KeywordExecutor.groovy:72)
	at com.kms.katalon.core.webui.keyword.WebUiBuiltInKeywords.click(WebUiBuiltInKeywords.groovy:616)
	at com.kms.katalon.core.webui.keyword.WebUiBuiltInKeywords$click$3.call(Unknown Source)
	at 08_ResetUserPassword.run(08_ResetUserPassword:34)
	at com.kms.katalon.core.main.ScriptEngine.run(ScriptEngine.java:194)
	at com.kms.katalon.core.main.ScriptEngine.runScriptAsRawText(ScriptEngine.java:119)
	at com.kms.katalon.core.main.TestCaseExecutor.runScript(TestCaseExecutor.java:337)
	at com.kms.katalon.core.main.TestCaseExecutor.doExecute(TestCaseExecutor.java:328)
	at com.kms.katalon.core.main.TestCaseExecutor.processExecutionPhase(TestCaseExecutor.java:307)
	at com.kms.katalon.core.main.TestCaseExecutor.accessMainPhase(TestCaseExecutor.java:299)
	at com.kms.katalon.core.main.TestCaseExecutor.execute(TestCaseExecutor.java:233)
	at com.kms.katalon.core.main.TestSuiteExecutor.accessTestCaseMainPhase(TestSuiteExecutor.java:169)
	at com.kms.katalon.core.main.TestSuiteExecutor.accessTestSuiteMainPhase(TestSuiteExecutor.java:142)
	at com.kms.katalon.core.main.TestSuiteExecutor.execute(TestSuiteExecutor.java:91)
	at com.kms.katalon.core.main.TestCaseMain.startTestSuite(TestCaseMain.java:157)
	at com.kms.katalon.core.main.TestCaseMain$startTestSuite$0.call(Unknown Source)
	at TempTestSuite1591347278292.run(TempTestSuite1591347278292.groovy:37)
Caused by: org.openqa.selenium.NoSuchWindowException: no such window: target window already closed
from unknown error: web view not found
  (Session info: chrome=83.0.4103.97)
Build info: version: '3.141.59', revision: 'e82be7d358', time: '2018-11-14T08:25:53'
System info: host: 'DESKTOP-SGC4F2H', ip: '172.25.32.1', os.name: 'Windows 10', os.arch: 'amd64', os.version: '10.0', java.version: '1.8.0_181'
Driver info: com.kms.katalon.selenium.driver.CChromeDriver
Capabilities {acceptInsecureCerts: false, browserName: chrome, browserVersion: 83.0.4103.97, chrome: {chromedriverVersion: 83.0.4103.39 (ccbf011cb2d2b..., userDataDir: C:\Users\Thanh\AppData\Loca...}, goog:chromeOptions: {debuggerAddress: localhost:56966}, javascriptEnabled: true, networkConnectionEnabled: false, pageLoadStrategy: normal, platform: WINDOWS, platformName: WINDOWS, proxy: Proxy(), setWindowRect: true, strictFileInteractability: false, timeouts: {implicit: 0, pageLoad: 300000, script: 30000}, unhandledPromptBehavior: dismiss and notify, webauthn:virtualAuthenticators: true}
Session ID: 39d56bdaceb038895998d62e38297b43
*** Element info: {Using=xpath, value=//div[@id='adminConsoleWrapper']/div[3]/div/div/div[2]/div/div/div/div/div[2]/div/div/div/div/div/div/a/span}
	at org.openqa.selenium.remote.http.W3CHttpResponseCodec.createException(W3CHttpResponseCodec.java:187)
	at org.openqa.selenium.remote.http.W3CHttpResponseCodec.decode(W3CHttpResponseCodec.java:122)
	at org.openqa.selenium.remote.http.W3CHttpResponseCodec.decode(W3CHttpResponseCodec.java:49)
	at org.openqa.selenium.remote.HttpCommandExecutor.execute(HttpCommandExecutor.java:158)
	at org.openqa.selenium.remote.service.DriverCommandExecutor.execute(DriverCommandExecutor.java:83)
	at org.openqa.selenium.remote.RemoteWebDriver.execute(RemoteWebDriver.java:552)
	at com.kms.katalon.selenium.driver.CChromeDriver.execute(CChromeDriver.java:19)
	at org.openqa.selenium.remote.RemoteWebDriver.findElements(RemoteWebDriver.java:353)
	at org.openqa.selenium.remote.RemoteWebDriver.findElementsByXPath(RemoteWebDriver.java:432)
	at org.openqa.selenium.By$ByXPath.findElements(By.java:348)
	at org.openqa.selenium.remote.RemoteWebDriver.findElements(RemoteWebDriver.java:311)
	at org.openqa.selenium.support.events.EventFiringWebDriver.lambda$new$1(EventFiringWebDriver.java:105)
	at com.sun.proxy.$Proxy8.findElements(Unknown Source)
	at org.openqa.selenium.support.events.EventFiringWebDriver.findElements(EventFiringWebDriver.java:182)
	at com.kms.katalon.core.webui.common.WebUiCommonHelper.findWebElements(WebUiCommonHelper.java:789)
	at com.kms.katalon.core.webui.common.WebUiCommonHelper.findWebElement(WebUiCommonHelper.java:1150)
	at com.kms.katalon.core.webui.keyword.internal.WebUIAbstractKeyword.findWebElement(WebUIAbstractKeyword.groovy:27)
	at com.kms.katalon.core.webui.keyword.internal.WebUIAbstractKeyword.findWebElement(WebUIAbstractKeyword.groovy:26)
	at com.kms.katalon.core.webui.keyword.builtin.ClickKeyword$_click_closure1.doCall(ClickKeyword.groovy:67)
	at com.kms.katalon.core.webui.keyword.builtin.ClickKeyword$_click_closure1.call(ClickKeyword.groovy)
	at com.kms.katalon.core.webui.keyword.internal.WebUIKeywordMain.runKeyword(WebUIKeywordMain.groovy:20)
	... 19 more


2020-06-05 16:35:38 - [TEST_STEP][PASSED] - openBrowser(""): Browser is opened with url: ''

2020-06-05 16:35:38 - [MESSAGE][INFO] - Starting 'Chrome' driver

2020-06-05 16:35:38 - [MESSAGE][INFO] - Action delay is set to 0 milliseconds

2020-06-05 16:35:41 - [MESSAGE][PASSED] - Browser is opened with url: ''

2020-06-05 16:35:41 - [TEST_STEP][PASSED] - navigateToUrl("http://localhost:8065/admin_console/user_management/users"): Navigate to 'http://localhost:8065/admin_console/user_management/users' successfully

2020-06-05 16:35:53 - [MESSAGE][PASSED] - Navigate to 'http://localhost:8065/admin_console/user_management/users' successfully

2020-06-05 16:35:53 - [TEST_STEP][PASSED] - setText(findTestObject("Object Repository/1612427/08_ResetUserPassword/Page_Mattermost/input_All team communication in one place s_703ef5"), "hcmus-cdnc"): Text 'hcmus-cdnc' is set on object 'Object Repository/1612427/08_ResetUserPassword/Page_Mattermost/input_All team communication in one place s_703ef5'

2020-06-05 16:35:58 - [MESSAGE][PASSED] - Text 'hcmus-cdnc' is set on object 'Object Repository/1612427/08_ResetUserPassword/Page_Mattermost/input_All team communication in one place s_703ef5'

2020-06-05 16:35:58 - [TEST_STEP][PASSED] - setEncryptedText(findTestObject("Object Repository/1612427/08_ResetUserPassword/Page_Mattermost/input_All team communication in one place s_2f2733"), "aeHFOx8jV/A="): Text ****** has been set on object 'Object Repository/1612427/08_ResetUserPassword/Page_Mattermost/input_All team communication in one place s_2f2733'

2020-06-05 16:35:59 - [MESSAGE][PASSED] - Text ****** has been set on object 'Object Repository/1612427/08_ResetUserPassword/Page_Mattermost/input_All team communication in one place s_2f2733'

2020-06-05 16:35:59 - [TEST_STEP][PASSED] - click(findTestObject("Object Repository/1612427/08_ResetUserPassword/Page_Mattermost/span_Sign in")): Object: 'Object Repository/1612427/08_ResetUserPassword/Page_Mattermost/span_Sign in' is clicked on

2020-06-05 16:36:00 - [MESSAGE][PASSED] - Object: 'Object Repository/1612427/08_ResetUserPassword/Page_Mattermost/span_Sign in' is clicked on

2020-06-05 16:36:00 - [TEST_STEP][PASSED] - setText(findTestObject("Object Repository/1612427/08_ResetUserPassword/Page_System Console - Mattermost/input_Mattermost Users_searchUsers"), "ar"): Text 'ar' is set on object 'Object Repository/1612427/08_ResetUserPassword/Page_System Console - Mattermost/input_Mattermost Users_searchUsers'

2020-06-05 16:36:05 - [MESSAGE][PASSED] - Text 'ar' is set on object 'Object Repository/1612427/08_ResetUserPassword/Page_System Console - Mattermost/input_Mattermost Users_searchUsers'

2020-06-05 16:36:05 - [TEST_STEP][FAILED] - click(findTestObject("Object Repository/1612427/08_ResetUserPassword/Page_System Console - Mattermost/span_janicearmstrong - Janice Armstrong")): Unable to click on object 'Object Repository/1612427/08_ResetUserPassword/Page_System Console - Mattermost/span_janicearmstrong - Janice Armstrong' (Root cause: com.kms.katalon.core.exception.StepFailedException: Unable to click on object 'Object Repository/1612427/08_ResetUserPassword/Page_System Console - Mattermost/span_janicearmstrong - Janice Armstrong'
	at com.kms.katalon.core.webui.keyword.internal.WebUIKeywordMain.stepFailed(WebUIKeywordMain.groovy:64)
	at com.kms.katalon.core.webui.keyword.internal.WebUIKeywordMain.runKeyword(WebUIKeywordMain.groovy:26)
	at com.kms.katalon.core.webui.keyword.builtin.ClickKeyword.click(ClickKeyword.groovy:76)
	at com.kms.katalon.core.webui.keyword.builtin.ClickKeyword.execute(ClickKeyword.groovy:43)
	at com.kms.katalon.core.keyword.internal.KeywordExecutor.executeKeywordForPlatform(KeywordExecutor.groovy:72)
	at com.kms.katalon.core.webui.keyword.WebUiBuiltInKeywords.click(WebUiBuiltInKeywords.groovy:616)
	at com.kms.katalon.core.webui.keyword.WebUiBuiltInKeywords$click$3.call(Unknown Source)
	at 08_ResetUserPassword.run(08_ResetUserPassword:34)
	at com.kms.katalon.core.main.ScriptEngine.run(ScriptEngine.java:194)
	at com.kms.katalon.core.main.ScriptEngine.runScriptAsRawText(ScriptEngine.java:119)
	at com.kms.katalon.core.main.TestCaseExecutor.runScript(TestCaseExecutor.java:337)
	at com.kms.katalon.core.main.TestCaseExecutor.doExecute(TestCaseExecutor.java:328)
	at com.kms.katalon.core.main.TestCaseExecutor.processExecutionPhase(TestCaseExecutor.java:307)
	at com.kms.katalon.core.main.TestCaseExecutor.accessMainPhase(TestCaseExecutor.java:299)
	at com.kms.katalon.core.main.TestCaseExecutor.execute(TestCaseExecutor.java:233)
	at com.kms.katalon.core.main.TestSuiteExecutor.accessTestCaseMainPhase(TestSuiteExecutor.java:169)
	at com.kms.katalon.core.main.TestSuiteExecutor.accessTestSuiteMainPhase(TestSuiteExecutor.java:142)
	at com.kms.katalon.core.main.TestSuiteExecutor.execute(TestSuiteExecutor.java:91)
	at com.kms.katalon.core.main.TestCaseMain.startTestSuite(TestCaseMain.java:157)
	at com.kms.katalon.core.main.TestCaseMain$startTestSuite$0.call(Unknown Source)
	at TempTestSuite1591347278292.run(TempTestSuite1591347278292.groovy:37)
Caused by: org.openqa.selenium.NoSuchWindowException: no such window: target window already closed
from unknown error: web view not found
  (Session info: chrome=83.0.4103.97)
Build info: version: '3.141.59', revision: 'e82be7d358', time: '2018-11-14T08:25:53'
System info: host: 'DESKTOP-SGC4F2H', ip: '172.25.32.1', os.name: 'Windows 10', os.arch: 'amd64', os.version: '10.0', java.version: '1.8.0_181'
Driver info: com.kms.katalon.selenium.driver.CChromeDriver
Capabilities {acceptInsecureCerts: false, browserName: chrome, browserVersion: 83.0.4103.97, chrome: {chromedriverVersion: 83.0.4103.39 (ccbf011cb2d2b..., userDataDir: C:\Users\Thanh\AppData\Loca...}, goog:chromeOptions: {debuggerAddress: localhost:56966}, javascriptEnabled: true, networkConnectionEnabled: false, pageLoadStrategy: normal, platform: WINDOWS, platformName: WINDOWS, proxy: Proxy(), setWindowRect: true, strictFileInteractability: false, timeouts: {implicit: 0, pageLoad: 300000, script: 30000}, unhandledPromptBehavior: dismiss and notify, webauthn:virtualAuthenticators: true}
Session ID: 39d56bdaceb038895998d62e38297b43
*** Element info: {Using=xpath, value=//div[@id='adminConsoleWrapper']/div[3]/div/div/div[2]/div/div/div/div/div[2]/div/div/div/div/div/div/a/span}
	at org.openqa.selenium.remote.http.W3CHttpResponseCodec.createException(W3CHttpResponseCodec.java:187)
	at org.openqa.selenium.remote.http.W3CHttpResponseCodec.decode(W3CHttpResponseCodec.java:122)
	at org.openqa.selenium.remote.http.W3CHttpResponseCodec.decode(W3CHttpResponseCodec.java:49)
	at org.openqa.selenium.remote.HttpCommandExecutor.execute(HttpCommandExecutor.java:158)
	at org.openqa.selenium.remote.service.DriverCommandExecutor.execute(DriverCommandExecutor.java:83)
	at org.openqa.selenium.remote.RemoteWebDriver.execute(RemoteWebDriver.java:552)
	at com.kms.katalon.selenium.driver.CChromeDriver.execute(CChromeDriver.java:19)
	at org.openqa.selenium.remote.RemoteWebDriver.findElements(RemoteWebDriver.java:353)
	at org.openqa.selenium.remote.RemoteWebDriver.findElementsByXPath(RemoteWebDriver.java:432)
	at org.openqa.selenium.By$ByXPath.findElements(By.java:348)
	at org.openqa.selenium.remote.RemoteWebDriver.findElements(RemoteWebDriver.java:311)
	at org.openqa.selenium.support.events.EventFiringWebDriver.lambda$new$1(EventFiringWebDriver.java:105)
	at com.sun.proxy.$Proxy8.findElements(Unknown Source)
	at org.openqa.selenium.support.events.EventFiringWebDriver.findElements(EventFiringWebDriver.java:182)
	at com.kms.katalon.core.webui.common.WebUiCommonHelper.findWebElements(WebUiCommonHelper.java:789)
	at com.kms.katalon.core.webui.common.WebUiCommonHelper.findWebElement(WebUiCommonHelper.java:1150)
	at com.kms.katalon.core.webui.keyword.internal.WebUIAbstractKeyword.findWebElement(WebUIAbstractKeyword.groovy:27)
	at com.kms.katalon.core.webui.keyword.internal.WebUIAbstractKeyword.findWebElement(WebUIAbstractKeyword.groovy:26)
	at com.kms.katalon.core.webui.keyword.builtin.ClickKeyword$_click_closure1.doCall(ClickKeyword.groovy:67)
	at com.kms.katalon.core.webui.keyword.builtin.ClickKeyword$_click_closure1.call(ClickKeyword.groovy)
	at com.kms.katalon.core.webui.keyword.internal.WebUIKeywordMain.runKeyword(WebUIKeywordMain.groovy:20)
	at com.kms.katalon.core.webui.keyword.builtin.ClickKeyword.click(ClickKeyword.groovy:76)
	at com.kms.katalon.core.webui.keyword.builtin.ClickKeyword.execute(ClickKeyword.groovy:43)
	at com.kms.katalon.core.keyword.internal.KeywordExecutor.executeKeywordForPlatform(KeywordExecutor.groovy:72)
	at com.kms.katalon.core.webui.keyword.WebUiBuiltInKeywords.click(WebUiBuiltInKeywords.groovy:616)
	at com.kms.katalon.core.webui.keyword.WebUiBuiltInKeywords$click$3.call(Unknown Source)
	at Script1591228302096.run(Script1591228302096.groovy:34)
	... 13 more
)

2020-06-05 16:36:05 - [MESSAGE][WARNING] - Cannot take screenshot

2020-06-05 16:36:05 - [MESSAGE][FAILED] - Unable to click on object 'Object Repository/1612427/08_ResetUserPassword/Page_System Console - Mattermost/span_janicearmstrong - Janice Armstrong' (Root cause: com.kms.katalon.core.exception.StepFailedException: Unable to click on object 'Object Repository/1612427/08_ResetUserPassword/Page_System Console - Mattermost/span_janicearmstrong - Janice Armstrong'
	at com.kms.katalon.core.webui.keyword.internal.WebUIKeywordMain.stepFailed(WebUIKeywordMain.groovy:64)
	at com.kms.katalon.core.webui.keyword.internal.WebUIKeywordMain.runKeyword(WebUIKeywordMain.groovy:26)
	at com.kms.katalon.core.webui.keyword.builtin.ClickKeyword.click(ClickKeyword.groovy:76)
	at com.kms.katalon.core.webui.keyword.builtin.ClickKeyword.execute(ClickKeyword.groovy:43)
	at com.kms.katalon.core.keyword.internal.KeywordExecutor.executeKeywordForPlatform(KeywordExecutor.groovy:72)
	at com.kms.katalon.core.webui.keyword.WebUiBuiltInKeywords.click(WebUiBuiltInKeywords.groovy:616)
	at com.kms.katalon.core.webui.keyword.WebUiBuiltInKeywords$click$3.call(Unknown Source)
	at 08_ResetUserPassword.run(08_ResetUserPassword:34)
	at com.kms.katalon.core.main.ScriptEngine.run(ScriptEngine.java:194)
	at com.kms.katalon.core.main.ScriptEngine.runScriptAsRawText(ScriptEngine.java:119)
	at com.kms.katalon.core.main.TestCaseExecutor.runScript(TestCaseExecutor.java:337)
	at com.kms.katalon.core.main.TestCaseExecutor.doExecute(TestCaseExecutor.java:328)
	at com.kms.katalon.core.main.TestCaseExecutor.processExecutionPhase(TestCaseExecutor.java:307)
	at com.kms.katalon.core.main.TestCaseExecutor.accessMainPhase(TestCaseExecutor.java:299)
	at com.kms.katalon.core.main.TestCaseExecutor.execute(TestCaseExecutor.java:233)
	at com.kms.katalon.core.main.TestSuiteExecutor.accessTestCaseMainPhase(TestSuiteExecutor.java:169)
	at com.kms.katalon.core.main.TestSuiteExecutor.accessTestSuiteMainPhase(TestSuiteExecutor.java:142)
	at com.kms.katalon.core.main.TestSuiteExecutor.execute(TestSuiteExecutor.java:91)
	at com.kms.katalon.core.main.TestCaseMain.startTestSuite(TestCaseMain.java:157)
	at com.kms.katalon.core.main.TestCaseMain$startTestSuite$0.call(Unknown Source)
	at TempTestSuite1591347278292.run(TempTestSuite1591347278292.groovy:37)
Caused by: org.openqa.selenium.NoSuchWindowException: no such window: target window already closed
from unknown error: web view not found
  (Session info: chrome=83.0.4103.97)
Build info: version: '3.141.59', revision: 'e82be7d358', time: '2018-11-14T08:25:53'
System info: host: 'DESKTOP-SGC4F2H', ip: '172.25.32.1', os.name: 'Windows 10', os.arch: 'amd64', os.version: '10.0', java.version: '1.8.0_181'
Driver info: com.kms.katalon.selenium.driver.CChromeDriver
Capabilities {acceptInsecureCerts: false, browserName: chrome, browserVersion: 83.0.4103.97, chrome: {chromedriverVersion: 83.0.4103.39 (ccbf011cb2d2b..., userDataDir: C:\Users\Thanh\AppData\Loca...}, goog:chromeOptions: {debuggerAddress: localhost:56966}, javascriptEnabled: true, networkConnectionEnabled: false, pageLoadStrategy: normal, platform: WINDOWS, platformName: WINDOWS, proxy: Proxy(), setWindowRect: true, strictFileInteractability: false, timeouts: {implicit: 0, pageLoad: 300000, script: 30000}, unhandledPromptBehavior: dismiss and notify, webauthn:virtualAuthenticators: true}
Session ID: 39d56bdaceb038895998d62e38297b43
*** Element info: {Using=xpath, value=//div[@id='adminConsoleWrapper']/div[3]/div/div/div[2]/div/div/div/div/div[2]/div/div/div/div/div/div/a/span}
	at org.openqa.selenium.remote.http.W3CHttpResponseCodec.createException(W3CHttpResponseCodec.java:187)
	at org.openqa.selenium.remote.http.W3CHttpResponseCodec.decode(W3CHttpResponseCodec.java:122)
	at org.openqa.selenium.remote.http.W3CHttpResponseCodec.decode(W3CHttpResponseCodec.java:49)
	at org.openqa.selenium.remote.HttpCommandExecutor.execute(HttpCommandExecutor.java:158)
	at org.openqa.selenium.remote.service.DriverCommandExecutor.execute(DriverCommandExecutor.java:83)
	at org.openqa.selenium.remote.RemoteWebDriver.execute(RemoteWebDriver.java:552)
	at com.kms.katalon.selenium.driver.CChromeDriver.execute(CChromeDriver.java:19)
	at org.openqa.selenium.remote.RemoteWebDriver.findElements(RemoteWebDriver.java:353)
	at org.openqa.selenium.remote.RemoteWebDriver.findElementsByXPath(RemoteWebDriver.java:432)
	at org.openqa.selenium.By$ByXPath.findElements(By.java:348)
	at org.openqa.selenium.remote.RemoteWebDriver.findElements(RemoteWebDriver.java:311)
	at org.openqa.selenium.support.events.EventFiringWebDriver.lambda$new$1(EventFiringWebDriver.java:105)
	at com.sun.proxy.$Proxy8.findElements(Unknown Source)
	at org.openqa.selenium.support.events.EventFiringWebDriver.findElements(EventFiringWebDriver.java:182)
	at com.kms.katalon.core.webui.common.WebUiCommonHelper.findWebElements(WebUiCommonHelper.java:789)
	at com.kms.katalon.core.webui.common.WebUiCommonHelper.findWebElement(WebUiCommonHelper.java:1150)
	at com.kms.katalon.core.webui.keyword.internal.WebUIAbstractKeyword.findWebElement(WebUIAbstractKeyword.groovy:27)
	at com.kms.katalon.core.webui.keyword.internal.WebUIAbstractKeyword.findWebElement(WebUIAbstractKeyword.groovy:26)
	at com.kms.katalon.core.webui.keyword.builtin.ClickKeyword$_click_closure1.doCall(ClickKeyword.groovy:67)
	at com.kms.katalon.core.webui.keyword.builtin.ClickKeyword$_click_closure1.call(ClickKeyword.groovy)
	at com.kms.katalon.core.webui.keyword.internal.WebUIKeywordMain.runKeyword(WebUIKeywordMain.groovy:20)
	at com.kms.katalon.core.webui.keyword.builtin.ClickKeyword.click(ClickKeyword.groovy:76)
	at com.kms.katalon.core.webui.keyword.builtin.ClickKeyword.execute(ClickKeyword.groovy:43)
	at com.kms.katalon.core.keyword.internal.KeywordExecutor.executeKeywordForPlatform(KeywordExecutor.groovy:72)
	at com.kms.katalon.core.webui.keyword.WebUiBuiltInKeywords.click(WebUiBuiltInKeywords.groovy:616)
	at com.kms.katalon.core.webui.keyword.WebUiBuiltInKeywords$click$3.call(Unknown Source)
	at Script1591228302096.run(Script1591228302096.groovy:34)
	... 13 more
)]]></system-out>
         <system-err><![CDATA[2020-06-05 16:35:37 - [TEST_CASE][FAILED] - Test Cases/1612427/08_ResetUserPassword: Test Cases/1612427/08_ResetUserPassword FAILED.
Reason:
com.kms.katalon.core.exception.StepFailedException: Unable to click on object 'Object Repository/1612427/08_ResetUserPassword/Page_System Console - Mattermost/span_janicearmstrong - Janice Armstrong'
	at com.kms.katalon.core.webui.keyword.internal.WebUIKeywordMain.stepFailed(WebUIKeywordMain.groovy:64)
	at com.kms.katalon.core.webui.keyword.internal.WebUIKeywordMain.runKeyword(WebUIKeywordMain.groovy:26)
	at com.kms.katalon.core.webui.keyword.builtin.ClickKeyword.click(ClickKeyword.groovy:76)
	at com.kms.katalon.core.webui.keyword.builtin.ClickKeyword.execute(ClickKeyword.groovy:43)
	at com.kms.katalon.core.keyword.internal.KeywordExecutor.executeKeywordForPlatform(KeywordExecutor.groovy:72)
	at com.kms.katalon.core.webui.keyword.WebUiBuiltInKeywords.click(WebUiBuiltInKeywords.groovy:616)
	at com.kms.katalon.core.webui.keyword.WebUiBuiltInKeywords$click$3.call(Unknown Source)
	at 08_ResetUserPassword.run(08_ResetUserPassword:34)
	at com.kms.katalon.core.main.ScriptEngine.run(ScriptEngine.java:194)
	at com.kms.katalon.core.main.ScriptEngine.runScriptAsRawText(ScriptEngine.java:119)
	at com.kms.katalon.core.main.TestCaseExecutor.runScript(TestCaseExecutor.java:337)
	at com.kms.katalon.core.main.TestCaseExecutor.doExecute(TestCaseExecutor.java:328)
	at com.kms.katalon.core.main.TestCaseExecutor.processExecutionPhase(TestCaseExecutor.java:307)
	at com.kms.katalon.core.main.TestCaseExecutor.accessMainPhase(TestCaseExecutor.java:299)
	at com.kms.katalon.core.main.TestCaseExecutor.execute(TestCaseExecutor.java:233)
	at com.kms.katalon.core.main.TestSuiteExecutor.accessTestCaseMainPhase(TestSuiteExecutor.java:169)
	at com.kms.katalon.core.main.TestSuiteExecutor.accessTestSuiteMainPhase(TestSuiteExecutor.java:142)
	at com.kms.katalon.core.main.TestSuiteExecutor.execute(TestSuiteExecutor.java:91)
	at com.kms.katalon.core.main.TestCaseMain.startTestSuite(TestCaseMain.java:157)
	at com.kms.katalon.core.main.TestCaseMain$startTestSuite$0.call(Unknown Source)
	at TempTestSuite1591347278292.run(TempTestSuite1591347278292.groovy:37)
Caused by: org.openqa.selenium.NoSuchWindowException: no such window: target window already closed
from unknown error: web view not found
  (Session info: chrome=83.0.4103.97)
Build info: version: '3.141.59', revision: 'e82be7d358', time: '2018-11-14T08:25:53'
System info: host: 'DESKTOP-SGC4F2H', ip: '172.25.32.1', os.name: 'Windows 10', os.arch: 'amd64', os.version: '10.0', java.version: '1.8.0_181'
Driver info: com.kms.katalon.selenium.driver.CChromeDriver
Capabilities {acceptInsecureCerts: false, browserName: chrome, browserVersion: 83.0.4103.97, chrome: {chromedriverVersion: 83.0.4103.39 (ccbf011cb2d2b..., userDataDir: C:\Users\Thanh\AppData\Loca...}, goog:chromeOptions: {debuggerAddress: localhost:56966}, javascriptEnabled: true, networkConnectionEnabled: false, pageLoadStrategy: normal, platform: WINDOWS, platformName: WINDOWS, proxy: Proxy(), setWindowRect: true, strictFileInteractability: false, timeouts: {implicit: 0, pageLoad: 300000, script: 30000}, unhandledPromptBehavior: dismiss and notify, webauthn:virtualAuthenticators: true}
Session ID: 39d56bdaceb038895998d62e38297b43
*** Element info: {Using=xpath, value=//div[@id='adminConsoleWrapper']/div[3]/div/div/div[2]/div/div/div/div/div[2]/div/div/div/div/div/div/a/span}
	at org.openqa.selenium.remote.http.W3CHttpResponseCodec.createException(W3CHttpResponseCodec.java:187)
	at org.openqa.selenium.remote.http.W3CHttpResponseCodec.decode(W3CHttpResponseCodec.java:122)
	at org.openqa.selenium.remote.http.W3CHttpResponseCodec.decode(W3CHttpResponseCodec.java:49)
	at org.openqa.selenium.remote.HttpCommandExecutor.execute(HttpCommandExecutor.java:158)
	at org.openqa.selenium.remote.service.DriverCommandExecutor.execute(DriverCommandExecutor.java:83)
	at org.openqa.selenium.remote.RemoteWebDriver.execute(RemoteWebDriver.java:552)
	at com.kms.katalon.selenium.driver.CChromeDriver.execute(CChromeDriver.java:19)
	at org.openqa.selenium.remote.RemoteWebDriver.findElements(RemoteWebDriver.java:353)
	at org.openqa.selenium.remote.RemoteWebDriver.findElementsByXPath(RemoteWebDriver.java:432)
	at org.openqa.selenium.By$ByXPath.findElements(By.java:348)
	at org.openqa.selenium.remote.RemoteWebDriver.findElements(RemoteWebDriver.java:311)
	at org.openqa.selenium.support.events.EventFiringWebDriver.lambda$new$1(EventFiringWebDriver.java:105)
	at com.sun.proxy.$Proxy8.findElements(Unknown Source)
	at org.openqa.selenium.support.events.EventFiringWebDriver.findElements(EventFiringWebDriver.java:182)
	at com.kms.katalon.core.webui.common.WebUiCommonHelper.findWebElements(WebUiCommonHelper.java:789)
	at com.kms.katalon.core.webui.common.WebUiCommonHelper.findWebElement(WebUiCommonHelper.java:1150)
	at com.kms.katalon.core.webui.keyword.internal.WebUIAbstractKeyword.findWebElement(WebUIAbstractKeyword.groovy:27)
	at com.kms.katalon.core.webui.keyword.internal.WebUIAbstractKeyword.findWebElement(WebUIAbstractKeyword.groovy:26)
	at com.kms.katalon.core.webui.keyword.builtin.ClickKeyword$_click_closure1.doCall(ClickKeyword.groovy:67)
	at com.kms.katalon.core.webui.keyword.builtin.ClickKeyword$_click_closure1.call(ClickKeyword.groovy)
	at com.kms.katalon.core.webui.keyword.internal.WebUIKeywordMain.runKeyword(WebUIKeywordMain.groovy:20)
	... 19 more]]></system-err>
      </testcase>
      <testcase name="Test Cases/1612427/08_ResetUserPassword" time="19.994" classname="Test Cases/1612427/08_ResetUserPassword" status="FAILED">
         <failure type="FAILED" message="Test Cases/1612427/08_ResetUserPassword FAILED.
Reason:
com.kms.katalon.core.exception.StepFailedException: Unable to click on object 'Object Repository/1612427/08_ResetUserPassword/Page_System Console - Mattermost/span_janicearmstrong - Janice Armstrong'
	at com.kms.katalon.core.webui.keyword.internal.WebUIKeywordMain.stepFailed(WebUIKeywordMain.groovy:64)
	at com.kms.katalon.core.webui.keyword.internal.WebUIKeywordMain.runKeyword(WebUIKeywordMain.groovy:26)
	at com.kms.katalon.core.webui.keyword.builtin.ClickKeyword.click(ClickKeyword.groovy:76)
	at com.kms.katalon.core.webui.keyword.builtin.ClickKeyword.execute(ClickKeyword.groovy:43)
	at com.kms.katalon.core.keyword.internal.KeywordExecutor.executeKeywordForPlatform(KeywordExecutor.groovy:72)
	at com.kms.katalon.core.webui.keyword.WebUiBuiltInKeywords.click(WebUiBuiltInKeywords.groovy:616)
	at com.kms.katalon.core.webui.keyword.WebUiBuiltInKeywords$click$3.call(Unknown Source)
	at 08_ResetUserPassword.run(08_ResetUserPassword:34)
	at com.kms.katalon.core.main.ScriptEngine.run(ScriptEngine.java:194)
	at com.kms.katalon.core.main.ScriptEngine.runScriptAsRawText(ScriptEngine.java:119)
	at com.kms.katalon.core.main.TestCaseExecutor.runScript(TestCaseExecutor.java:337)
	at com.kms.katalon.core.main.TestCaseExecutor.doExecute(TestCaseExecutor.java:328)
	at com.kms.katalon.core.main.TestCaseExecutor.processExecutionPhase(TestCaseExecutor.java:307)
	at com.kms.katalon.core.main.TestCaseExecutor.accessMainPhase(TestCaseExecutor.java:299)
	at com.kms.katalon.core.main.TestCaseExecutor.execute(TestCaseExecutor.java:233)
	at com.kms.katalon.core.main.TestSuiteExecutor.accessTestCaseMainPhase(TestSuiteExecutor.java:169)
	at com.kms.katalon.core.main.TestSuiteExecutor.accessTestSuiteMainPhase(TestSuiteExecutor.java:142)
	at com.kms.katalon.core.main.TestSuiteExecutor.execute(TestSuiteExecutor.java:91)
	at com.kms.katalon.core.main.TestCaseMain.startTestSuite(TestCaseMain.java:157)
	at com.kms.katalon.core.main.TestCaseMain$startTestSuite$0.call(Unknown Source)
	at TempTestSuite1591347278292.run(TempTestSuite1591347278292.groovy:37)
Caused by: org.openqa.selenium.NoSuchWindowException: no such window: target window already closed
from unknown error: web view not found
  (Session info: chrome=83.0.4103.97)
Build info: version: '3.141.59', revision: 'e82be7d358', time: '2018-11-14T08:25:53'
System info: host: 'DESKTOP-SGC4F2H', ip: '172.25.32.1', os.name: 'Windows 10', os.arch: 'amd64', os.version: '10.0', java.version: '1.8.0_181'
Driver info: com.kms.katalon.selenium.driver.CChromeDriver
Capabilities {acceptInsecureCerts: false, browserName: chrome, browserVersion: 83.0.4103.97, chrome: {chromedriverVersion: 83.0.4103.39 (ccbf011cb2d2b..., userDataDir: C:\Users\Thanh\AppData\Loca...}, goog:chromeOptions: {debuggerAddress: localhost:56997}, javascriptEnabled: true, networkConnectionEnabled: false, pageLoadStrategy: normal, platform: WINDOWS, platformName: WINDOWS, proxy: Proxy(), setWindowRect: true, strictFileInteractability: false, timeouts: {implicit: 0, pageLoad: 300000, script: 30000}, unhandledPromptBehavior: dismiss and notify, webauthn:virtualAuthenticators: true}
Session ID: 8467af3f4384859b9b7403341f1e305f
*** Element info: {Using=xpath, value=//div[@id='adminConsoleWrapper']/div[3]/div/div/div[2]/div/div/div/div/div[2]/div/div/div/div/div/div/a/span}
	at org.openqa.selenium.remote.http.W3CHttpResponseCodec.createException(W3CHttpResponseCodec.java:187)
	at org.openqa.selenium.remote.http.W3CHttpResponseCodec.decode(W3CHttpResponseCodec.java:122)
	at org.openqa.selenium.remote.http.W3CHttpResponseCodec.decode(W3CHttpResponseCodec.java:49)
	at org.openqa.selenium.remote.HttpCommandExecutor.execute(HttpCommandExecutor.java:158)
	at org.openqa.selenium.remote.service.DriverCommandExecutor.execute(DriverCommandExecutor.java:83)
	at org.openqa.selenium.remote.RemoteWebDriver.execute(RemoteWebDriver.java:552)
	at com.kms.katalon.selenium.driver.CChromeDriver.execute(CChromeDriver.java:19)
	at org.openqa.selenium.remote.RemoteWebDriver.findElements(RemoteWebDriver.java:353)
	at org.openqa.selenium.remote.RemoteWebDriver.findElementsByXPath(RemoteWebDriver.java:432)
	at org.openqa.selenium.By$ByXPath.findElements(By.java:348)
	at org.openqa.selenium.remote.RemoteWebDriver.findElements(RemoteWebDriver.java:311)
	at org.openqa.selenium.support.events.EventFiringWebDriver.lambda$new$1(EventFiringWebDriver.java:105)
	at com.sun.proxy.$Proxy8.findElements(Unknown Source)
	at org.openqa.selenium.support.events.EventFiringWebDriver.findElements(EventFiringWebDriver.java:182)
	at com.kms.katalon.core.webui.common.WebUiCommonHelper.findWebElements(WebUiCommonHelper.java:789)
	at com.kms.katalon.core.webui.common.WebUiCommonHelper.findWebElement(WebUiCommonHelper.java:1150)
	at com.kms.katalon.core.webui.keyword.internal.WebUIAbstractKeyword.findWebElement(WebUIAbstractKeyword.groovy:27)
	at com.kms.katalon.core.webui.keyword.internal.WebUIAbstractKeyword.findWebElement(WebUIAbstractKeyword.groovy:26)
	at com.kms.katalon.core.webui.keyword.builtin.ClickKeyword$_click_closure1.doCall(ClickKeyword.groovy:67)
	at com.kms.katalon.core.webui.keyword.builtin.ClickKeyword$_click_closure1.call(ClickKeyword.groovy)
	at com.kms.katalon.core.webui.keyword.internal.WebUIKeywordMain.runKeyword(WebUIKeywordMain.groovy:20)
	... 19 more
"/>
         <system-out><![CDATA[2020-06-05 16:36:05 - [TEST_CASE][FAILED] - Test Cases/1612427/08_ResetUserPassword: Test Cases/1612427/08_ResetUserPassword FAILED.
Reason:
com.kms.katalon.core.exception.StepFailedException: Unable to click on object 'Object Repository/1612427/08_ResetUserPassword/Page_System Console - Mattermost/span_janicearmstrong - Janice Armstrong'
	at com.kms.katalon.core.webui.keyword.internal.WebUIKeywordMain.stepFailed(WebUIKeywordMain.groovy:64)
	at com.kms.katalon.core.webui.keyword.internal.WebUIKeywordMain.runKeyword(WebUIKeywordMain.groovy:26)
	at com.kms.katalon.core.webui.keyword.builtin.ClickKeyword.click(ClickKeyword.groovy:76)
	at com.kms.katalon.core.webui.keyword.builtin.ClickKeyword.execute(ClickKeyword.groovy:43)
	at com.kms.katalon.core.keyword.internal.KeywordExecutor.executeKeywordForPlatform(KeywordExecutor.groovy:72)
	at com.kms.katalon.core.webui.keyword.WebUiBuiltInKeywords.click(WebUiBuiltInKeywords.groovy:616)
	at com.kms.katalon.core.webui.keyword.WebUiBuiltInKeywords$click$3.call(Unknown Source)
	at 08_ResetUserPassword.run(08_ResetUserPassword:34)
	at com.kms.katalon.core.main.ScriptEngine.run(ScriptEngine.java:194)
	at com.kms.katalon.core.main.ScriptEngine.runScriptAsRawText(ScriptEngine.java:119)
	at com.kms.katalon.core.main.TestCaseExecutor.runScript(TestCaseExecutor.java:337)
	at com.kms.katalon.core.main.TestCaseExecutor.doExecute(TestCaseExecutor.java:328)
	at com.kms.katalon.core.main.TestCaseExecutor.processExecutionPhase(TestCaseExecutor.java:307)
	at com.kms.katalon.core.main.TestCaseExecutor.accessMainPhase(TestCaseExecutor.java:299)
	at com.kms.katalon.core.main.TestCaseExecutor.execute(TestCaseExecutor.java:233)
	at com.kms.katalon.core.main.TestSuiteExecutor.accessTestCaseMainPhase(TestSuiteExecutor.java:169)
	at com.kms.katalon.core.main.TestSuiteExecutor.accessTestSuiteMainPhase(TestSuiteExecutor.java:142)
	at com.kms.katalon.core.main.TestSuiteExecutor.execute(TestSuiteExecutor.java:91)
	at com.kms.katalon.core.main.TestCaseMain.startTestSuite(TestCaseMain.java:157)
	at com.kms.katalon.core.main.TestCaseMain$startTestSuite$0.call(Unknown Source)
	at TempTestSuite1591347278292.run(TempTestSuite1591347278292.groovy:37)
Caused by: org.openqa.selenium.NoSuchWindowException: no such window: target window already closed
from unknown error: web view not found
  (Session info: chrome=83.0.4103.97)
Build info: version: '3.141.59', revision: 'e82be7d358', time: '2018-11-14T08:25:53'
System info: host: 'DESKTOP-SGC4F2H', ip: '172.25.32.1', os.name: 'Windows 10', os.arch: 'amd64', os.version: '10.0', java.version: '1.8.0_181'
Driver info: com.kms.katalon.selenium.driver.CChromeDriver
Capabilities {acceptInsecureCerts: false, browserName: chrome, browserVersion: 83.0.4103.97, chrome: {chromedriverVersion: 83.0.4103.39 (ccbf011cb2d2b..., userDataDir: C:\Users\Thanh\AppData\Loca...}, goog:chromeOptions: {debuggerAddress: localhost:56997}, javascriptEnabled: true, networkConnectionEnabled: false, pageLoadStrategy: normal, platform: WINDOWS, platformName: WINDOWS, proxy: Proxy(), setWindowRect: true, strictFileInteractability: false, timeouts: {implicit: 0, pageLoad: 300000, script: 30000}, unhandledPromptBehavior: dismiss and notify, webauthn:virtualAuthenticators: true}
Session ID: 8467af3f4384859b9b7403341f1e305f
*** Element info: {Using=xpath, value=//div[@id='adminConsoleWrapper']/div[3]/div/div/div[2]/div/div/div/div/div[2]/div/div/div/div/div/div/a/span}
	at org.openqa.selenium.remote.http.W3CHttpResponseCodec.createException(W3CHttpResponseCodec.java:187)
	at org.openqa.selenium.remote.http.W3CHttpResponseCodec.decode(W3CHttpResponseCodec.java:122)
	at org.openqa.selenium.remote.http.W3CHttpResponseCodec.decode(W3CHttpResponseCodec.java:49)
	at org.openqa.selenium.remote.HttpCommandExecutor.execute(HttpCommandExecutor.java:158)
	at org.openqa.selenium.remote.service.DriverCommandExecutor.execute(DriverCommandExecutor.java:83)
	at org.openqa.selenium.remote.RemoteWebDriver.execute(RemoteWebDriver.java:552)
	at com.kms.katalon.selenium.driver.CChromeDriver.execute(CChromeDriver.java:19)
	at org.openqa.selenium.remote.RemoteWebDriver.findElements(RemoteWebDriver.java:353)
	at org.openqa.selenium.remote.RemoteWebDriver.findElementsByXPath(RemoteWebDriver.java:432)
	at org.openqa.selenium.By$ByXPath.findElements(By.java:348)
	at org.openqa.selenium.remote.RemoteWebDriver.findElements(RemoteWebDriver.java:311)
	at org.openqa.selenium.support.events.EventFiringWebDriver.lambda$new$1(EventFiringWebDriver.java:105)
	at com.sun.proxy.$Proxy8.findElements(Unknown Source)
	at org.openqa.selenium.support.events.EventFiringWebDriver.findElements(EventFiringWebDriver.java:182)
	at com.kms.katalon.core.webui.common.WebUiCommonHelper.findWebElements(WebUiCommonHelper.java:789)
	at com.kms.katalon.core.webui.common.WebUiCommonHelper.findWebElement(WebUiCommonHelper.java:1150)
	at com.kms.katalon.core.webui.keyword.internal.WebUIAbstractKeyword.findWebElement(WebUIAbstractKeyword.groovy:27)
	at com.kms.katalon.core.webui.keyword.internal.WebUIAbstractKeyword.findWebElement(WebUIAbstractKeyword.groovy:26)
	at com.kms.katalon.core.webui.keyword.builtin.ClickKeyword$_click_closure1.doCall(ClickKeyword.groovy:67)
	at com.kms.katalon.core.webui.keyword.builtin.ClickKeyword$_click_closure1.call(ClickKeyword.groovy)
	at com.kms.katalon.core.webui.keyword.internal.WebUIKeywordMain.runKeyword(WebUIKeywordMain.groovy:20)
	... 19 more


2020-06-05 16:36:05 - [TEST_STEP][PASSED] - openBrowser(""): Browser is opened with url: ''

2020-06-05 16:36:05 - [MESSAGE][WARNING] - A browser is already opened. Closing browser and opening a new one

2020-06-05 16:36:07 - [MESSAGE][INFO] - Starting 'Chrome' driver

2020-06-05 16:36:07 - [MESSAGE][INFO] - Action delay is set to 0 milliseconds

2020-06-05 16:36:14 - [MESSAGE][PASSED] - Browser is opened with url: ''

2020-06-05 16:36:14 - [TEST_STEP][PASSED] - navigateToUrl("http://localhost:8065/admin_console/user_management/users"): Navigate to 'http://localhost:8065/admin_console/user_management/users' successfully

2020-06-05 16:36:17 - [MESSAGE][PASSED] - Navigate to 'http://localhost:8065/admin_console/user_management/users' successfully

2020-06-05 16:36:17 - [TEST_STEP][PASSED] - setText(findTestObject("Object Repository/1612427/08_ResetUserPassword/Page_Mattermost/input_All team communication in one place s_703ef5"), "hcmus-cdnc"): Text 'hcmus-cdnc' is set on object 'Object Repository/1612427/08_ResetUserPassword/Page_Mattermost/input_All team communication in one place s_703ef5'

2020-06-05 16:36:20 - [MESSAGE][PASSED] - Text 'hcmus-cdnc' is set on object 'Object Repository/1612427/08_ResetUserPassword/Page_Mattermost/input_All team communication in one place s_703ef5'

2020-06-05 16:36:20 - [TEST_STEP][PASSED] - setEncryptedText(findTestObject("Object Repository/1612427/08_ResetUserPassword/Page_Mattermost/input_All team communication in one place s_2f2733"), "aeHFOx8jV/A="): Text ****** has been set on object 'Object Repository/1612427/08_ResetUserPassword/Page_Mattermost/input_All team communication in one place s_2f2733'

2020-06-05 16:36:20 - [MESSAGE][PASSED] - Text ****** has been set on object 'Object Repository/1612427/08_ResetUserPassword/Page_Mattermost/input_All team communication in one place s_2f2733'

2020-06-05 16:36:20 - [TEST_STEP][PASSED] - click(findTestObject("Object Repository/1612427/08_ResetUserPassword/Page_Mattermost/span_Sign in")): Object: 'Object Repository/1612427/08_ResetUserPassword/Page_Mattermost/span_Sign in' is clicked on

2020-06-05 16:36:21 - [MESSAGE][PASSED] - Object: 'Object Repository/1612427/08_ResetUserPassword/Page_Mattermost/span_Sign in' is clicked on

2020-06-05 16:36:21 - [TEST_STEP][PASSED] - setText(findTestObject("Object Repository/1612427/08_ResetUserPassword/Page_System Console - Mattermost/input_Mattermost Users_searchUsers"), "ar"): Text 'ar' is set on object 'Object Repository/1612427/08_ResetUserPassword/Page_System Console - Mattermost/input_Mattermost Users_searchUsers'

2020-06-05 16:36:25 - [MESSAGE][PASSED] - Text 'ar' is set on object 'Object Repository/1612427/08_ResetUserPassword/Page_System Console - Mattermost/input_Mattermost Users_searchUsers'

2020-06-05 16:36:25 - [TEST_STEP][FAILED] - click(findTestObject("Object Repository/1612427/08_ResetUserPassword/Page_System Console - Mattermost/span_janicearmstrong - Janice Armstrong")): Unable to click on object 'Object Repository/1612427/08_ResetUserPassword/Page_System Console - Mattermost/span_janicearmstrong - Janice Armstrong' (Root cause: com.kms.katalon.core.exception.StepFailedException: Unable to click on object 'Object Repository/1612427/08_ResetUserPassword/Page_System Console - Mattermost/span_janicearmstrong - Janice Armstrong'
	at com.kms.katalon.core.webui.keyword.internal.WebUIKeywordMain.stepFailed(WebUIKeywordMain.groovy:64)
	at com.kms.katalon.core.webui.keyword.internal.WebUIKeywordMain.runKeyword(WebUIKeywordMain.groovy:26)
	at com.kms.katalon.core.webui.keyword.builtin.ClickKeyword.click(ClickKeyword.groovy:76)
	at com.kms.katalon.core.webui.keyword.builtin.ClickKeyword.execute(ClickKeyword.groovy:43)
	at com.kms.katalon.core.keyword.internal.KeywordExecutor.executeKeywordForPlatform(KeywordExecutor.groovy:72)
	at com.kms.katalon.core.webui.keyword.WebUiBuiltInKeywords.click(WebUiBuiltInKeywords.groovy:616)
	at com.kms.katalon.core.webui.keyword.WebUiBuiltInKeywords$click$3.call(Unknown Source)
	at 08_ResetUserPassword.run(08_ResetUserPassword:34)
	at com.kms.katalon.core.main.ScriptEngine.run(ScriptEngine.java:194)
	at com.kms.katalon.core.main.ScriptEngine.runScriptAsRawText(ScriptEngine.java:119)
	at com.kms.katalon.core.main.TestCaseExecutor.runScript(TestCaseExecutor.java:337)
	at com.kms.katalon.core.main.TestCaseExecutor.doExecute(TestCaseExecutor.java:328)
	at com.kms.katalon.core.main.TestCaseExecutor.processExecutionPhase(TestCaseExecutor.java:307)
	at com.kms.katalon.core.main.TestCaseExecutor.accessMainPhase(TestCaseExecutor.java:299)
	at com.kms.katalon.core.main.TestCaseExecutor.execute(TestCaseExecutor.java:233)
	at com.kms.katalon.core.main.TestSuiteExecutor.accessTestCaseMainPhase(TestSuiteExecutor.java:169)
	at com.kms.katalon.core.main.TestSuiteExecutor.accessTestSuiteMainPhase(TestSuiteExecutor.java:142)
	at com.kms.katalon.core.main.TestSuiteExecutor.execute(TestSuiteExecutor.java:91)
	at com.kms.katalon.core.main.TestCaseMain.startTestSuite(TestCaseMain.java:157)
	at com.kms.katalon.core.main.TestCaseMain$startTestSuite$0.call(Unknown Source)
	at TempTestSuite1591347278292.run(TempTestSuite1591347278292.groovy:37)
Caused by: org.openqa.selenium.NoSuchWindowException: no such window: target window already closed
from unknown error: web view not found
  (Session info: chrome=83.0.4103.97)
Build info: version: '3.141.59', revision: 'e82be7d358', time: '2018-11-14T08:25:53'
System info: host: 'DESKTOP-SGC4F2H', ip: '172.25.32.1', os.name: 'Windows 10', os.arch: 'amd64', os.version: '10.0', java.version: '1.8.0_181'
Driver info: com.kms.katalon.selenium.driver.CChromeDriver
Capabilities {acceptInsecureCerts: false, browserName: chrome, browserVersion: 83.0.4103.97, chrome: {chromedriverVersion: 83.0.4103.39 (ccbf011cb2d2b..., userDataDir: C:\Users\Thanh\AppData\Loca...}, goog:chromeOptions: {debuggerAddress: localhost:56997}, javascriptEnabled: true, networkConnectionEnabled: false, pageLoadStrategy: normal, platform: WINDOWS, platformName: WINDOWS, proxy: Proxy(), setWindowRect: true, strictFileInteractability: false, timeouts: {implicit: 0, pageLoad: 300000, script: 30000}, unhandledPromptBehavior: dismiss and notify, webauthn:virtualAuthenticators: true}
Session ID: 8467af3f4384859b9b7403341f1e305f
*** Element info: {Using=xpath, value=//div[@id='adminConsoleWrapper']/div[3]/div/div/div[2]/div/div/div/div/div[2]/div/div/div/div/div/div/a/span}
	at org.openqa.selenium.remote.http.W3CHttpResponseCodec.createException(W3CHttpResponseCodec.java:187)
	at org.openqa.selenium.remote.http.W3CHttpResponseCodec.decode(W3CHttpResponseCodec.java:122)
	at org.openqa.selenium.remote.http.W3CHttpResponseCodec.decode(W3CHttpResponseCodec.java:49)
	at org.openqa.selenium.remote.HttpCommandExecutor.execute(HttpCommandExecutor.java:158)
	at org.openqa.selenium.remote.service.DriverCommandExecutor.execute(DriverCommandExecutor.java:83)
	at org.openqa.selenium.remote.RemoteWebDriver.execute(RemoteWebDriver.java:552)
	at com.kms.katalon.selenium.driver.CChromeDriver.execute(CChromeDriver.java:19)
	at org.openqa.selenium.remote.RemoteWebDriver.findElements(RemoteWebDriver.java:353)
	at org.openqa.selenium.remote.RemoteWebDriver.findElementsByXPath(RemoteWebDriver.java:432)
	at org.openqa.selenium.By$ByXPath.findElements(By.java:348)
	at org.openqa.selenium.remote.RemoteWebDriver.findElements(RemoteWebDriver.java:311)
	at org.openqa.selenium.support.events.EventFiringWebDriver.lambda$new$1(EventFiringWebDriver.java:105)
	at com.sun.proxy.$Proxy8.findElements(Unknown Source)
	at org.openqa.selenium.support.events.EventFiringWebDriver.findElements(EventFiringWebDriver.java:182)
	at com.kms.katalon.core.webui.common.WebUiCommonHelper.findWebElements(WebUiCommonHelper.java:789)
	at com.kms.katalon.core.webui.common.WebUiCommonHelper.findWebElement(WebUiCommonHelper.java:1150)
	at com.kms.katalon.core.webui.keyword.internal.WebUIAbstractKeyword.findWebElement(WebUIAbstractKeyword.groovy:27)
	at com.kms.katalon.core.webui.keyword.internal.WebUIAbstractKeyword.findWebElement(WebUIAbstractKeyword.groovy:26)
	at com.kms.katalon.core.webui.keyword.builtin.ClickKeyword$_click_closure1.doCall(ClickKeyword.groovy:67)
	at com.kms.katalon.core.webui.keyword.builtin.ClickKeyword$_click_closure1.call(ClickKeyword.groovy)
	at com.kms.katalon.core.webui.keyword.internal.WebUIKeywordMain.runKeyword(WebUIKeywordMain.groovy:20)
	at com.kms.katalon.core.webui.keyword.builtin.ClickKeyword.click(ClickKeyword.groovy:76)
	at com.kms.katalon.core.webui.keyword.builtin.ClickKeyword.execute(ClickKeyword.groovy:43)
	at com.kms.katalon.core.keyword.internal.KeywordExecutor.executeKeywordForPlatform(KeywordExecutor.groovy:72)
	at com.kms.katalon.core.webui.keyword.WebUiBuiltInKeywords.click(WebUiBuiltInKeywords.groovy:616)
	at com.kms.katalon.core.webui.keyword.WebUiBuiltInKeywords$click$3.call(Unknown Source)
	at Script1591228302096.run(Script1591228302096.groovy:34)
	... 13 more
)

2020-06-05 16:36:25 - [MESSAGE][WARNING] - Cannot take screenshot

2020-06-05 16:36:25 - [MESSAGE][FAILED] - Unable to click on object 'Object Repository/1612427/08_ResetUserPassword/Page_System Console - Mattermost/span_janicearmstrong - Janice Armstrong' (Root cause: com.kms.katalon.core.exception.StepFailedException: Unable to click on object 'Object Repository/1612427/08_ResetUserPassword/Page_System Console - Mattermost/span_janicearmstrong - Janice Armstrong'
	at com.kms.katalon.core.webui.keyword.internal.WebUIKeywordMain.stepFailed(WebUIKeywordMain.groovy:64)
	at com.kms.katalon.core.webui.keyword.internal.WebUIKeywordMain.runKeyword(WebUIKeywordMain.groovy:26)
	at com.kms.katalon.core.webui.keyword.builtin.ClickKeyword.click(ClickKeyword.groovy:76)
	at com.kms.katalon.core.webui.keyword.builtin.ClickKeyword.execute(ClickKeyword.groovy:43)
	at com.kms.katalon.core.keyword.internal.KeywordExecutor.executeKeywordForPlatform(KeywordExecutor.groovy:72)
	at com.kms.katalon.core.webui.keyword.WebUiBuiltInKeywords.click(WebUiBuiltInKeywords.groovy:616)
	at com.kms.katalon.core.webui.keyword.WebUiBuiltInKeywords$click$3.call(Unknown Source)
	at 08_ResetUserPassword.run(08_ResetUserPassword:34)
	at com.kms.katalon.core.main.ScriptEngine.run(ScriptEngine.java:194)
	at com.kms.katalon.core.main.ScriptEngine.runScriptAsRawText(ScriptEngine.java:119)
	at com.kms.katalon.core.main.TestCaseExecutor.runScript(TestCaseExecutor.java:337)
	at com.kms.katalon.core.main.TestCaseExecutor.doExecute(TestCaseExecutor.java:328)
	at com.kms.katalon.core.main.TestCaseExecutor.processExecutionPhase(TestCaseExecutor.java:307)
	at com.kms.katalon.core.main.TestCaseExecutor.accessMainPhase(TestCaseExecutor.java:299)
	at com.kms.katalon.core.main.TestCaseExecutor.execute(TestCaseExecutor.java:233)
	at com.kms.katalon.core.main.TestSuiteExecutor.accessTestCaseMainPhase(TestSuiteExecutor.java:169)
	at com.kms.katalon.core.main.TestSuiteExecutor.accessTestSuiteMainPhase(TestSuiteExecutor.java:142)
	at com.kms.katalon.core.main.TestSuiteExecutor.execute(TestSuiteExecutor.java:91)
	at com.kms.katalon.core.main.TestCaseMain.startTestSuite(TestCaseMain.java:157)
	at com.kms.katalon.core.main.TestCaseMain$startTestSuite$0.call(Unknown Source)
	at TempTestSuite1591347278292.run(TempTestSuite1591347278292.groovy:37)
Caused by: org.openqa.selenium.NoSuchWindowException: no such window: target window already closed
from unknown error: web view not found
  (Session info: chrome=83.0.4103.97)
Build info: version: '3.141.59', revision: 'e82be7d358', time: '2018-11-14T08:25:53'
System info: host: 'DESKTOP-SGC4F2H', ip: '172.25.32.1', os.name: 'Windows 10', os.arch: 'amd64', os.version: '10.0', java.version: '1.8.0_181'
Driver info: com.kms.katalon.selenium.driver.CChromeDriver
Capabilities {acceptInsecureCerts: false, browserName: chrome, browserVersion: 83.0.4103.97, chrome: {chromedriverVersion: 83.0.4103.39 (ccbf011cb2d2b..., userDataDir: C:\Users\Thanh\AppData\Loca...}, goog:chromeOptions: {debuggerAddress: localhost:56997}, javascriptEnabled: true, networkConnectionEnabled: false, pageLoadStrategy: normal, platform: WINDOWS, platformName: WINDOWS, proxy: Proxy(), setWindowRect: true, strictFileInteractability: false, timeouts: {implicit: 0, pageLoad: 300000, script: 30000}, unhandledPromptBehavior: dismiss and notify, webauthn:virtualAuthenticators: true}
Session ID: 8467af3f4384859b9b7403341f1e305f
*** Element info: {Using=xpath, value=//div[@id='adminConsoleWrapper']/div[3]/div/div/div[2]/div/div/div/div/div[2]/div/div/div/div/div/div/a/span}
	at org.openqa.selenium.remote.http.W3CHttpResponseCodec.createException(W3CHttpResponseCodec.java:187)
	at org.openqa.selenium.remote.http.W3CHttpResponseCodec.decode(W3CHttpResponseCodec.java:122)
	at org.openqa.selenium.remote.http.W3CHttpResponseCodec.decode(W3CHttpResponseCodec.java:49)
	at org.openqa.selenium.remote.HttpCommandExecutor.execute(HttpCommandExecutor.java:158)
	at org.openqa.selenium.remote.service.DriverCommandExecutor.execute(DriverCommandExecutor.java:83)
	at org.openqa.selenium.remote.RemoteWebDriver.execute(RemoteWebDriver.java:552)
	at com.kms.katalon.selenium.driver.CChromeDriver.execute(CChromeDriver.java:19)
	at org.openqa.selenium.remote.RemoteWebDriver.findElements(RemoteWebDriver.java:353)
	at org.openqa.selenium.remote.RemoteWebDriver.findElementsByXPath(RemoteWebDriver.java:432)
	at org.openqa.selenium.By$ByXPath.findElements(By.java:348)
	at org.openqa.selenium.remote.RemoteWebDriver.findElements(RemoteWebDriver.java:311)
	at org.openqa.selenium.support.events.EventFiringWebDriver.lambda$new$1(EventFiringWebDriver.java:105)
	at com.sun.proxy.$Proxy8.findElements(Unknown Source)
	at org.openqa.selenium.support.events.EventFiringWebDriver.findElements(EventFiringWebDriver.java:182)
	at com.kms.katalon.core.webui.common.WebUiCommonHelper.findWebElements(WebUiCommonHelper.java:789)
	at com.kms.katalon.core.webui.common.WebUiCommonHelper.findWebElement(WebUiCommonHelper.java:1150)
	at com.kms.katalon.core.webui.keyword.internal.WebUIAbstractKeyword.findWebElement(WebUIAbstractKeyword.groovy:27)
	at com.kms.katalon.core.webui.keyword.internal.WebUIAbstractKeyword.findWebElement(WebUIAbstractKeyword.groovy:26)
	at com.kms.katalon.core.webui.keyword.builtin.ClickKeyword$_click_closure1.doCall(ClickKeyword.groovy:67)
	at com.kms.katalon.core.webui.keyword.builtin.ClickKeyword$_click_closure1.call(ClickKeyword.groovy)
	at com.kms.katalon.core.webui.keyword.internal.WebUIKeywordMain.runKeyword(WebUIKeywordMain.groovy:20)
	at com.kms.katalon.core.webui.keyword.builtin.ClickKeyword.click(ClickKeyword.groovy:76)
	at com.kms.katalon.core.webui.keyword.builtin.ClickKeyword.execute(ClickKeyword.groovy:43)
	at com.kms.katalon.core.keyword.internal.KeywordExecutor.executeKeywordForPlatform(KeywordExecutor.groovy:72)
	at com.kms.katalon.core.webui.keyword.WebUiBuiltInKeywords.click(WebUiBuiltInKeywords.groovy:616)
	at com.kms.katalon.core.webui.keyword.WebUiBuiltInKeywords$click$3.call(Unknown Source)
	at Script1591228302096.run(Script1591228302096.groovy:34)
	... 13 more
)]]></system-out>
         <system-err><![CDATA[2020-06-05 16:36:05 - [TEST_CASE][FAILED] - Test Cases/1612427/08_ResetUserPassword: Test Cases/1612427/08_ResetUserPassword FAILED.
Reason:
com.kms.katalon.core.exception.StepFailedException: Unable to click on object 'Object Repository/1612427/08_ResetUserPassword/Page_System Console - Mattermost/span_janicearmstrong - Janice Armstrong'
	at com.kms.katalon.core.webui.keyword.internal.WebUIKeywordMain.stepFailed(WebUIKeywordMain.groovy:64)
	at com.kms.katalon.core.webui.keyword.internal.WebUIKeywordMain.runKeyword(WebUIKeywordMain.groovy:26)
	at com.kms.katalon.core.webui.keyword.builtin.ClickKeyword.click(ClickKeyword.groovy:76)
	at com.kms.katalon.core.webui.keyword.builtin.ClickKeyword.execute(ClickKeyword.groovy:43)
	at com.kms.katalon.core.keyword.internal.KeywordExecutor.executeKeywordForPlatform(KeywordExecutor.groovy:72)
	at com.kms.katalon.core.webui.keyword.WebUiBuiltInKeywords.click(WebUiBuiltInKeywords.groovy:616)
	at com.kms.katalon.core.webui.keyword.WebUiBuiltInKeywords$click$3.call(Unknown Source)
	at 08_ResetUserPassword.run(08_ResetUserPassword:34)
	at com.kms.katalon.core.main.ScriptEngine.run(ScriptEngine.java:194)
	at com.kms.katalon.core.main.ScriptEngine.runScriptAsRawText(ScriptEngine.java:119)
	at com.kms.katalon.core.main.TestCaseExecutor.runScript(TestCaseExecutor.java:337)
	at com.kms.katalon.core.main.TestCaseExecutor.doExecute(TestCaseExecutor.java:328)
	at com.kms.katalon.core.main.TestCaseExecutor.processExecutionPhase(TestCaseExecutor.java:307)
	at com.kms.katalon.core.main.TestCaseExecutor.accessMainPhase(TestCaseExecutor.java:299)
	at com.kms.katalon.core.main.TestCaseExecutor.execute(TestCaseExecutor.java:233)
	at com.kms.katalon.core.main.TestSuiteExecutor.accessTestCaseMainPhase(TestSuiteExecutor.java:169)
	at com.kms.katalon.core.main.TestSuiteExecutor.accessTestSuiteMainPhase(TestSuiteExecutor.java:142)
	at com.kms.katalon.core.main.TestSuiteExecutor.execute(TestSuiteExecutor.java:91)
	at com.kms.katalon.core.main.TestCaseMain.startTestSuite(TestCaseMain.java:157)
	at com.kms.katalon.core.main.TestCaseMain$startTestSuite$0.call(Unknown Source)
	at TempTestSuite1591347278292.run(TempTestSuite1591347278292.groovy:37)
Caused by: org.openqa.selenium.NoSuchWindowException: no such window: target window already closed
from unknown error: web view not found
  (Session info: chrome=83.0.4103.97)
Build info: version: '3.141.59', revision: 'e82be7d358', time: '2018-11-14T08:25:53'
System info: host: 'DESKTOP-SGC4F2H', ip: '172.25.32.1', os.name: 'Windows 10', os.arch: 'amd64', os.version: '10.0', java.version: '1.8.0_181'
Driver info: com.kms.katalon.selenium.driver.CChromeDriver
Capabilities {acceptInsecureCerts: false, browserName: chrome, browserVersion: 83.0.4103.97, chrome: {chromedriverVersion: 83.0.4103.39 (ccbf011cb2d2b..., userDataDir: C:\Users\Thanh\AppData\Loca...}, goog:chromeOptions: {debuggerAddress: localhost:56997}, javascriptEnabled: true, networkConnectionEnabled: false, pageLoadStrategy: normal, platform: WINDOWS, platformName: WINDOWS, proxy: Proxy(), setWindowRect: true, strictFileInteractability: false, timeouts: {implicit: 0, pageLoad: 300000, script: 30000}, unhandledPromptBehavior: dismiss and notify, webauthn:virtualAuthenticators: true}
Session ID: 8467af3f4384859b9b7403341f1e305f
*** Element info: {Using=xpath, value=//div[@id='adminConsoleWrapper']/div[3]/div/div/div[2]/div/div/div/div/div[2]/div/div/div/div/div/div/a/span}
	at org.openqa.selenium.remote.http.W3CHttpResponseCodec.createException(W3CHttpResponseCodec.java:187)
	at org.openqa.selenium.remote.http.W3CHttpResponseCodec.decode(W3CHttpResponseCodec.java:122)
	at org.openqa.selenium.remote.http.W3CHttpResponseCodec.decode(W3CHttpResponseCodec.java:49)
	at org.openqa.selenium.remote.HttpCommandExecutor.execute(HttpCommandExecutor.java:158)
	at org.openqa.selenium.remote.service.DriverCommandExecutor.execute(DriverCommandExecutor.java:83)
	at org.openqa.selenium.remote.RemoteWebDriver.execute(RemoteWebDriver.java:552)
	at com.kms.katalon.selenium.driver.CChromeDriver.execute(CChromeDriver.java:19)
	at org.openqa.selenium.remote.RemoteWebDriver.findElements(RemoteWebDriver.java:353)
	at org.openqa.selenium.remote.RemoteWebDriver.findElementsByXPath(RemoteWebDriver.java:432)
	at org.openqa.selenium.By$ByXPath.findElements(By.java:348)
	at org.openqa.selenium.remote.RemoteWebDriver.findElements(RemoteWebDriver.java:311)
	at org.openqa.selenium.support.events.EventFiringWebDriver.lambda$new$1(EventFiringWebDriver.java:105)
	at com.sun.proxy.$Proxy8.findElements(Unknown Source)
	at org.openqa.selenium.support.events.EventFiringWebDriver.findElements(EventFiringWebDriver.java:182)
	at com.kms.katalon.core.webui.common.WebUiCommonHelper.findWebElements(WebUiCommonHelper.java:789)
	at com.kms.katalon.core.webui.common.WebUiCommonHelper.findWebElement(WebUiCommonHelper.java:1150)
	at com.kms.katalon.core.webui.keyword.internal.WebUIAbstractKeyword.findWebElement(WebUIAbstractKeyword.groovy:27)
	at com.kms.katalon.core.webui.keyword.internal.WebUIAbstractKeyword.findWebElement(WebUIAbstractKeyword.groovy:26)
	at com.kms.katalon.core.webui.keyword.builtin.ClickKeyword$_click_closure1.doCall(ClickKeyword.groovy:67)
	at com.kms.katalon.core.webui.keyword.builtin.ClickKeyword$_click_closure1.call(ClickKeyword.groovy)
	at com.kms.katalon.core.webui.keyword.internal.WebUIKeywordMain.runKeyword(WebUIKeywordMain.groovy:20)
	... 19 more]]></system-err>
      </testcase>
      <testcase name="Test Cases/1612427/08_ResetUserPassword" time="16.439" classname="Test Cases/1612427/08_ResetUserPassword" status="FAILED">
         <failure type="FAILED" message="Test Cases/1612427/08_ResetUserPassword FAILED.
Reason:
com.kms.katalon.core.exception.StepFailedException: Unable to click on object 'Object Repository/1612427/08_ResetUserPassword/Page_System Console - Mattermost/span_janicearmstrong - Janice Armstrong'
	at com.kms.katalon.core.webui.keyword.internal.WebUIKeywordMain.stepFailed(WebUIKeywordMain.groovy:64)
	at com.kms.katalon.core.webui.keyword.internal.WebUIKeywordMain.runKeyword(WebUIKeywordMain.groovy:26)
	at com.kms.katalon.core.webui.keyword.builtin.ClickKeyword.click(ClickKeyword.groovy:76)
	at com.kms.katalon.core.webui.keyword.builtin.ClickKeyword.execute(ClickKeyword.groovy:43)
	at com.kms.katalon.core.keyword.internal.KeywordExecutor.executeKeywordForPlatform(KeywordExecutor.groovy:72)
	at com.kms.katalon.core.webui.keyword.WebUiBuiltInKeywords.click(WebUiBuiltInKeywords.groovy:616)
	at com.kms.katalon.core.webui.keyword.WebUiBuiltInKeywords$click$3.call(Unknown Source)
	at 08_ResetUserPassword.run(08_ResetUserPassword:34)
	at com.kms.katalon.core.main.ScriptEngine.run(ScriptEngine.java:194)
	at com.kms.katalon.core.main.ScriptEngine.runScriptAsRawText(ScriptEngine.java:119)
	at com.kms.katalon.core.main.TestCaseExecutor.runScript(TestCaseExecutor.java:337)
	at com.kms.katalon.core.main.TestCaseExecutor.doExecute(TestCaseExecutor.java:328)
	at com.kms.katalon.core.main.TestCaseExecutor.processExecutionPhase(TestCaseExecutor.java:307)
	at com.kms.katalon.core.main.TestCaseExecutor.accessMainPhase(TestCaseExecutor.java:299)
	at com.kms.katalon.core.main.TestCaseExecutor.execute(TestCaseExecutor.java:233)
	at com.kms.katalon.core.main.TestSuiteExecutor.accessTestCaseMainPhase(TestSuiteExecutor.java:169)
	at com.kms.katalon.core.main.TestSuiteExecutor.accessTestSuiteMainPhase(TestSuiteExecutor.java:142)
	at com.kms.katalon.core.main.TestSuiteExecutor.execute(TestSuiteExecutor.java:91)
	at com.kms.katalon.core.main.TestCaseMain.startTestSuite(TestCaseMain.java:157)
	at com.kms.katalon.core.main.TestCaseMain$startTestSuite$0.call(Unknown Source)
	at TempTestSuite1591347278292.run(TempTestSuite1591347278292.groovy:37)
Caused by: org.openqa.selenium.NoSuchWindowException: no such window: target window already closed
from unknown error: web view not found
  (Session info: chrome=83.0.4103.97)
Build info: version: '3.141.59', revision: 'e82be7d358', time: '2018-11-14T08:25:53'
System info: host: 'DESKTOP-SGC4F2H', ip: '172.25.32.1', os.name: 'Windows 10', os.arch: 'amd64', os.version: '10.0', java.version: '1.8.0_181'
Driver info: com.kms.katalon.selenium.driver.CChromeDriver
Capabilities {acceptInsecureCerts: false, browserName: chrome, browserVersion: 83.0.4103.97, chrome: {chromedriverVersion: 83.0.4103.39 (ccbf011cb2d2b..., userDataDir: C:\Users\Thanh\AppData\Loca...}, goog:chromeOptions: {debuggerAddress: localhost:57128}, javascriptEnabled: true, networkConnectionEnabled: false, pageLoadStrategy: normal, platform: WINDOWS, platformName: WINDOWS, proxy: Proxy(), setWindowRect: true, strictFileInteractability: false, timeouts: {implicit: 0, pageLoad: 300000, script: 30000}, unhandledPromptBehavior: dismiss and notify, webauthn:virtualAuthenticators: true}
Session ID: 3cfddfca1576e108c8854b30f56a1605
*** Element info: {Using=xpath, value=//div[@id='adminConsoleWrapper']/div[3]/div/div/div[2]/div/div/div/div/div[2]/div/div/div/div/div/div/a/span}
	at org.openqa.selenium.remote.http.W3CHttpResponseCodec.createException(W3CHttpResponseCodec.java:187)
	at org.openqa.selenium.remote.http.W3CHttpResponseCodec.decode(W3CHttpResponseCodec.java:122)
	at org.openqa.selenium.remote.http.W3CHttpResponseCodec.decode(W3CHttpResponseCodec.java:49)
	at org.openqa.selenium.remote.HttpCommandExecutor.execute(HttpCommandExecutor.java:158)
	at org.openqa.selenium.remote.service.DriverCommandExecutor.execute(DriverCommandExecutor.java:83)
	at org.openqa.selenium.remote.RemoteWebDriver.execute(RemoteWebDriver.java:552)
	at com.kms.katalon.selenium.driver.CChromeDriver.execute(CChromeDriver.java:19)
	at org.openqa.selenium.remote.RemoteWebDriver.findElements(RemoteWebDriver.java:353)
	at org.openqa.selenium.remote.RemoteWebDriver.findElementsByXPath(RemoteWebDriver.java:432)
	at org.openqa.selenium.By$ByXPath.findElements(By.java:348)
	at org.openqa.selenium.remote.RemoteWebDriver.findElements(RemoteWebDriver.java:311)
	at org.openqa.selenium.support.events.EventFiringWebDriver.lambda$new$1(EventFiringWebDriver.java:105)
	at com.sun.proxy.$Proxy8.findElements(Unknown Source)
	at org.openqa.selenium.support.events.EventFiringWebDriver.findElements(EventFiringWebDriver.java:182)
	at com.kms.katalon.core.webui.common.WebUiCommonHelper.findWebElements(WebUiCommonHelper.java:789)
	at com.kms.katalon.core.webui.common.WebUiCommonHelper.findWebElement(WebUiCommonHelper.java:1150)
	at com.kms.katalon.core.webui.keyword.internal.WebUIAbstractKeyword.findWebElement(WebUIAbstractKeyword.groovy:27)
	at com.kms.katalon.core.webui.keyword.internal.WebUIAbstractKeyword.findWebElement(WebUIAbstractKeyword.groovy:26)
	at com.kms.katalon.core.webui.keyword.builtin.ClickKeyword$_click_closure1.doCall(ClickKeyword.groovy:67)
	at com.kms.katalon.core.webui.keyword.builtin.ClickKeyword$_click_closure1.call(ClickKeyword.groovy)
	at com.kms.katalon.core.webui.keyword.internal.WebUIKeywordMain.runKeyword(WebUIKeywordMain.groovy:20)
	... 19 more
"/>
         <system-out><![CDATA[2020-06-05 16:36:25 - [TEST_CASE][FAILED] - Test Cases/1612427/08_ResetUserPassword: Test Cases/1612427/08_ResetUserPassword FAILED.
Reason:
com.kms.katalon.core.exception.StepFailedException: Unable to click on object 'Object Repository/1612427/08_ResetUserPassword/Page_System Console - Mattermost/span_janicearmstrong - Janice Armstrong'
	at com.kms.katalon.core.webui.keyword.internal.WebUIKeywordMain.stepFailed(WebUIKeywordMain.groovy:64)
	at com.kms.katalon.core.webui.keyword.internal.WebUIKeywordMain.runKeyword(WebUIKeywordMain.groovy:26)
	at com.kms.katalon.core.webui.keyword.builtin.ClickKeyword.click(ClickKeyword.groovy:76)
	at com.kms.katalon.core.webui.keyword.builtin.ClickKeyword.execute(ClickKeyword.groovy:43)
	at com.kms.katalon.core.keyword.internal.KeywordExecutor.executeKeywordForPlatform(KeywordExecutor.groovy:72)
	at com.kms.katalon.core.webui.keyword.WebUiBuiltInKeywords.click(WebUiBuiltInKeywords.groovy:616)
	at com.kms.katalon.core.webui.keyword.WebUiBuiltInKeywords$click$3.call(Unknown Source)
	at 08_ResetUserPassword.run(08_ResetUserPassword:34)
	at com.kms.katalon.core.main.ScriptEngine.run(ScriptEngine.java:194)
	at com.kms.katalon.core.main.ScriptEngine.runScriptAsRawText(ScriptEngine.java:119)
	at com.kms.katalon.core.main.TestCaseExecutor.runScript(TestCaseExecutor.java:337)
	at com.kms.katalon.core.main.TestCaseExecutor.doExecute(TestCaseExecutor.java:328)
	at com.kms.katalon.core.main.TestCaseExecutor.processExecutionPhase(TestCaseExecutor.java:307)
	at com.kms.katalon.core.main.TestCaseExecutor.accessMainPhase(TestCaseExecutor.java:299)
	at com.kms.katalon.core.main.TestCaseExecutor.execute(TestCaseExecutor.java:233)
	at com.kms.katalon.core.main.TestSuiteExecutor.accessTestCaseMainPhase(TestSuiteExecutor.java:169)
	at com.kms.katalon.core.main.TestSuiteExecutor.accessTestSuiteMainPhase(TestSuiteExecutor.java:142)
	at com.kms.katalon.core.main.TestSuiteExecutor.execute(TestSuiteExecutor.java:91)
	at com.kms.katalon.core.main.TestCaseMain.startTestSuite(TestCaseMain.java:157)
	at com.kms.katalon.core.main.TestCaseMain$startTestSuite$0.call(Unknown Source)
	at TempTestSuite1591347278292.run(TempTestSuite1591347278292.groovy:37)
Caused by: org.openqa.selenium.NoSuchWindowException: no such window: target window already closed
from unknown error: web view not found
  (Session info: chrome=83.0.4103.97)
Build info: version: '3.141.59', revision: 'e82be7d358', time: '2018-11-14T08:25:53'
System info: host: 'DESKTOP-SGC4F2H', ip: '172.25.32.1', os.name: 'Windows 10', os.arch: 'amd64', os.version: '10.0', java.version: '1.8.0_181'
Driver info: com.kms.katalon.selenium.driver.CChromeDriver
Capabilities {acceptInsecureCerts: false, browserName: chrome, browserVersion: 83.0.4103.97, chrome: {chromedriverVersion: 83.0.4103.39 (ccbf011cb2d2b..., userDataDir: C:\Users\Thanh\AppData\Loca...}, goog:chromeOptions: {debuggerAddress: localhost:57128}, javascriptEnabled: true, networkConnectionEnabled: false, pageLoadStrategy: normal, platform: WINDOWS, platformName: WINDOWS, proxy: Proxy(), setWindowRect: true, strictFileInteractability: false, timeouts: {implicit: 0, pageLoad: 300000, script: 30000}, unhandledPromptBehavior: dismiss and notify, webauthn:virtualAuthenticators: true}
Session ID: 3cfddfca1576e108c8854b30f56a1605
*** Element info: {Using=xpath, value=//div[@id='adminConsoleWrapper']/div[3]/div/div/div[2]/div/div/div/div/div[2]/div/div/div/div/div/div/a/span}
	at org.openqa.selenium.remote.http.W3CHttpResponseCodec.createException(W3CHttpResponseCodec.java:187)
	at org.openqa.selenium.remote.http.W3CHttpResponseCodec.decode(W3CHttpResponseCodec.java:122)
	at org.openqa.selenium.remote.http.W3CHttpResponseCodec.decode(W3CHttpResponseCodec.java:49)
	at org.openqa.selenium.remote.HttpCommandExecutor.execute(HttpCommandExecutor.java:158)
	at org.openqa.selenium.remote.service.DriverCommandExecutor.execute(DriverCommandExecutor.java:83)
	at org.openqa.selenium.remote.RemoteWebDriver.execute(RemoteWebDriver.java:552)
	at com.kms.katalon.selenium.driver.CChromeDriver.execute(CChromeDriver.java:19)
	at org.openqa.selenium.remote.RemoteWebDriver.findElements(RemoteWebDriver.java:353)
	at org.openqa.selenium.remote.RemoteWebDriver.findElementsByXPath(RemoteWebDriver.java:432)
	at org.openqa.selenium.By$ByXPath.findElements(By.java:348)
	at org.openqa.selenium.remote.RemoteWebDriver.findElements(RemoteWebDriver.java:311)
	at org.openqa.selenium.support.events.EventFiringWebDriver.lambda$new$1(EventFiringWebDriver.java:105)
	at com.sun.proxy.$Proxy8.findElements(Unknown Source)
	at org.openqa.selenium.support.events.EventFiringWebDriver.findElements(EventFiringWebDriver.java:182)
	at com.kms.katalon.core.webui.common.WebUiCommonHelper.findWebElements(WebUiCommonHelper.java:789)
	at com.kms.katalon.core.webui.common.WebUiCommonHelper.findWebElement(WebUiCommonHelper.java:1150)
	at com.kms.katalon.core.webui.keyword.internal.WebUIAbstractKeyword.findWebElement(WebUIAbstractKeyword.groovy:27)
	at com.kms.katalon.core.webui.keyword.internal.WebUIAbstractKeyword.findWebElement(WebUIAbstractKeyword.groovy:26)
	at com.kms.katalon.core.webui.keyword.builtin.ClickKeyword$_click_closure1.doCall(ClickKeyword.groovy:67)
	at com.kms.katalon.core.webui.keyword.builtin.ClickKeyword$_click_closure1.call(ClickKeyword.groovy)
	at com.kms.katalon.core.webui.keyword.internal.WebUIKeywordMain.runKeyword(WebUIKeywordMain.groovy:20)
	... 19 more


2020-06-05 16:36:25 - [TEST_STEP][PASSED] - openBrowser(""): Browser is opened with url: ''

2020-06-05 16:36:25 - [MESSAGE][WARNING] - A browser is already opened. Closing browser and opening a new one

2020-06-05 16:36:26 - [MESSAGE][INFO] - Starting 'Chrome' driver

2020-06-05 16:36:26 - [MESSAGE][INFO] - Action delay is set to 0 milliseconds

2020-06-05 16:36:30 - [MESSAGE][PASSED] - Browser is opened with url: ''

2020-06-05 16:36:30 - [TEST_STEP][PASSED] - navigateToUrl("http://localhost:8065/admin_console/user_management/users"): Navigate to 'http://localhost:8065/admin_console/user_management/users' successfully

2020-06-05 16:36:32 - [MESSAGE][PASSED] - Navigate to 'http://localhost:8065/admin_console/user_management/users' successfully

2020-06-05 16:36:32 - [TEST_STEP][PASSED] - setText(findTestObject("Object Repository/1612427/08_ResetUserPassword/Page_Mattermost/input_All team communication in one place s_703ef5"), "hcmus-cdnc"): Text 'hcmus-cdnc' is set on object 'Object Repository/1612427/08_ResetUserPassword/Page_Mattermost/input_All team communication in one place s_703ef5'

2020-06-05 16:36:35 - [MESSAGE][PASSED] - Text 'hcmus-cdnc' is set on object 'Object Repository/1612427/08_ResetUserPassword/Page_Mattermost/input_All team communication in one place s_703ef5'

2020-06-05 16:36:35 - [TEST_STEP][PASSED] - setEncryptedText(findTestObject("Object Repository/1612427/08_ResetUserPassword/Page_Mattermost/input_All team communication in one place s_2f2733"), "aeHFOx8jV/A="): Text ****** has been set on object 'Object Repository/1612427/08_ResetUserPassword/Page_Mattermost/input_All team communication in one place s_2f2733'

2020-06-05 16:36:35 - [MESSAGE][PASSED] - Text ****** has been set on object 'Object Repository/1612427/08_ResetUserPassword/Page_Mattermost/input_All team communication in one place s_2f2733'

2020-06-05 16:36:35 - [TEST_STEP][PASSED] - click(findTestObject("Object Repository/1612427/08_ResetUserPassword/Page_Mattermost/span_Sign in")): Object: 'Object Repository/1612427/08_ResetUserPassword/Page_Mattermost/span_Sign in' is clicked on

2020-06-05 16:36:36 - [MESSAGE][PASSED] - Object: 'Object Repository/1612427/08_ResetUserPassword/Page_Mattermost/span_Sign in' is clicked on

2020-06-05 16:36:36 - [TEST_STEP][PASSED] - setText(findTestObject("Object Repository/1612427/08_ResetUserPassword/Page_System Console - Mattermost/input_Mattermost Users_searchUsers"), "ar"): Text 'ar' is set on object 'Object Repository/1612427/08_ResetUserPassword/Page_System Console - Mattermost/input_Mattermost Users_searchUsers'

2020-06-05 16:36:39 - [MESSAGE][PASSED] - Text 'ar' is set on object 'Object Repository/1612427/08_ResetUserPassword/Page_System Console - Mattermost/input_Mattermost Users_searchUsers'

2020-06-05 16:36:39 - [TEST_STEP][FAILED] - click(findTestObject("Object Repository/1612427/08_ResetUserPassword/Page_System Console - Mattermost/span_janicearmstrong - Janice Armstrong")): Unable to click on object 'Object Repository/1612427/08_ResetUserPassword/Page_System Console - Mattermost/span_janicearmstrong - Janice Armstrong' (Root cause: com.kms.katalon.core.exception.StepFailedException: Unable to click on object 'Object Repository/1612427/08_ResetUserPassword/Page_System Console - Mattermost/span_janicearmstrong - Janice Armstrong'
	at com.kms.katalon.core.webui.keyword.internal.WebUIKeywordMain.stepFailed(WebUIKeywordMain.groovy:64)
	at com.kms.katalon.core.webui.keyword.internal.WebUIKeywordMain.runKeyword(WebUIKeywordMain.groovy:26)
	at com.kms.katalon.core.webui.keyword.builtin.ClickKeyword.click(ClickKeyword.groovy:76)
	at com.kms.katalon.core.webui.keyword.builtin.ClickKeyword.execute(ClickKeyword.groovy:43)
	at com.kms.katalon.core.keyword.internal.KeywordExecutor.executeKeywordForPlatform(KeywordExecutor.groovy:72)
	at com.kms.katalon.core.webui.keyword.WebUiBuiltInKeywords.click(WebUiBuiltInKeywords.groovy:616)
	at com.kms.katalon.core.webui.keyword.WebUiBuiltInKeywords$click$3.call(Unknown Source)
	at 08_ResetUserPassword.run(08_ResetUserPassword:34)
	at com.kms.katalon.core.main.ScriptEngine.run(ScriptEngine.java:194)
	at com.kms.katalon.core.main.ScriptEngine.runScriptAsRawText(ScriptEngine.java:119)
	at com.kms.katalon.core.main.TestCaseExecutor.runScript(TestCaseExecutor.java:337)
	at com.kms.katalon.core.main.TestCaseExecutor.doExecute(TestCaseExecutor.java:328)
	at com.kms.katalon.core.main.TestCaseExecutor.processExecutionPhase(TestCaseExecutor.java:307)
	at com.kms.katalon.core.main.TestCaseExecutor.accessMainPhase(TestCaseExecutor.java:299)
	at com.kms.katalon.core.main.TestCaseExecutor.execute(TestCaseExecutor.java:233)
	at com.kms.katalon.core.main.TestSuiteExecutor.accessTestCaseMainPhase(TestSuiteExecutor.java:169)
	at com.kms.katalon.core.main.TestSuiteExecutor.accessTestSuiteMainPhase(TestSuiteExecutor.java:142)
	at com.kms.katalon.core.main.TestSuiteExecutor.execute(TestSuiteExecutor.java:91)
	at com.kms.katalon.core.main.TestCaseMain.startTestSuite(TestCaseMain.java:157)
	at com.kms.katalon.core.main.TestCaseMain$startTestSuite$0.call(Unknown Source)
	at TempTestSuite1591347278292.run(TempTestSuite1591347278292.groovy:37)
Caused by: org.openqa.selenium.NoSuchWindowException: no such window: target window already closed
from unknown error: web view not found
  (Session info: chrome=83.0.4103.97)
Build info: version: '3.141.59', revision: 'e82be7d358', time: '2018-11-14T08:25:53'
System info: host: 'DESKTOP-SGC4F2H', ip: '172.25.32.1', os.name: 'Windows 10', os.arch: 'amd64', os.version: '10.0', java.version: '1.8.0_181'
Driver info: com.kms.katalon.selenium.driver.CChromeDriver
Capabilities {acceptInsecureCerts: false, browserName: chrome, browserVersion: 83.0.4103.97, chrome: {chromedriverVersion: 83.0.4103.39 (ccbf011cb2d2b..., userDataDir: C:\Users\Thanh\AppData\Loca...}, goog:chromeOptions: {debuggerAddress: localhost:57128}, javascriptEnabled: true, networkConnectionEnabled: false, pageLoadStrategy: normal, platform: WINDOWS, platformName: WINDOWS, proxy: Proxy(), setWindowRect: true, strictFileInteractability: false, timeouts: {implicit: 0, pageLoad: 300000, script: 30000}, unhandledPromptBehavior: dismiss and notify, webauthn:virtualAuthenticators: true}
Session ID: 3cfddfca1576e108c8854b30f56a1605
*** Element info: {Using=xpath, value=//div[@id='adminConsoleWrapper']/div[3]/div/div/div[2]/div/div/div/div/div[2]/div/div/div/div/div/div/a/span}
	at org.openqa.selenium.remote.http.W3CHttpResponseCodec.createException(W3CHttpResponseCodec.java:187)
	at org.openqa.selenium.remote.http.W3CHttpResponseCodec.decode(W3CHttpResponseCodec.java:122)
	at org.openqa.selenium.remote.http.W3CHttpResponseCodec.decode(W3CHttpResponseCodec.java:49)
	at org.openqa.selenium.remote.HttpCommandExecutor.execute(HttpCommandExecutor.java:158)
	at org.openqa.selenium.remote.service.DriverCommandExecutor.execute(DriverCommandExecutor.java:83)
	at org.openqa.selenium.remote.RemoteWebDriver.execute(RemoteWebDriver.java:552)
	at com.kms.katalon.selenium.driver.CChromeDriver.execute(CChromeDriver.java:19)
	at org.openqa.selenium.remote.RemoteWebDriver.findElements(RemoteWebDriver.java:353)
	at org.openqa.selenium.remote.RemoteWebDriver.findElementsByXPath(RemoteWebDriver.java:432)
	at org.openqa.selenium.By$ByXPath.findElements(By.java:348)
	at org.openqa.selenium.remote.RemoteWebDriver.findElements(RemoteWebDriver.java:311)
	at org.openqa.selenium.support.events.EventFiringWebDriver.lambda$new$1(EventFiringWebDriver.java:105)
	at com.sun.proxy.$Proxy8.findElements(Unknown Source)
	at org.openqa.selenium.support.events.EventFiringWebDriver.findElements(EventFiringWebDriver.java:182)
	at com.kms.katalon.core.webui.common.WebUiCommonHelper.findWebElements(WebUiCommonHelper.java:789)
	at com.kms.katalon.core.webui.common.WebUiCommonHelper.findWebElement(WebUiCommonHelper.java:1150)
	at com.kms.katalon.core.webui.keyword.internal.WebUIAbstractKeyword.findWebElement(WebUIAbstractKeyword.groovy:27)
	at com.kms.katalon.core.webui.keyword.internal.WebUIAbstractKeyword.findWebElement(WebUIAbstractKeyword.groovy:26)
	at com.kms.katalon.core.webui.keyword.builtin.ClickKeyword$_click_closure1.doCall(ClickKeyword.groovy:67)
	at com.kms.katalon.core.webui.keyword.builtin.ClickKeyword$_click_closure1.call(ClickKeyword.groovy)
	at com.kms.katalon.core.webui.keyword.internal.WebUIKeywordMain.runKeyword(WebUIKeywordMain.groovy:20)
	at com.kms.katalon.core.webui.keyword.builtin.ClickKeyword.click(ClickKeyword.groovy:76)
	at com.kms.katalon.core.webui.keyword.builtin.ClickKeyword.execute(ClickKeyword.groovy:43)
	at com.kms.katalon.core.keyword.internal.KeywordExecutor.executeKeywordForPlatform(KeywordExecutor.groovy:72)
	at com.kms.katalon.core.webui.keyword.WebUiBuiltInKeywords.click(WebUiBuiltInKeywords.groovy:616)
	at com.kms.katalon.core.webui.keyword.WebUiBuiltInKeywords$click$3.call(Unknown Source)
	at Script1591228302096.run(Script1591228302096.groovy:34)
	... 13 more
)

2020-06-05 16:36:42 - [MESSAGE][WARNING] - Cannot take screenshot

2020-06-05 16:36:42 - [MESSAGE][FAILED] - Unable to click on object 'Object Repository/1612427/08_ResetUserPassword/Page_System Console - Mattermost/span_janicearmstrong - Janice Armstrong' (Root cause: com.kms.katalon.core.exception.StepFailedException: Unable to click on object 'Object Repository/1612427/08_ResetUserPassword/Page_System Console - Mattermost/span_janicearmstrong - Janice Armstrong'
	at com.kms.katalon.core.webui.keyword.internal.WebUIKeywordMain.stepFailed(WebUIKeywordMain.groovy:64)
	at com.kms.katalon.core.webui.keyword.internal.WebUIKeywordMain.runKeyword(WebUIKeywordMain.groovy:26)
	at com.kms.katalon.core.webui.keyword.builtin.ClickKeyword.click(ClickKeyword.groovy:76)
	at com.kms.katalon.core.webui.keyword.builtin.ClickKeyword.execute(ClickKeyword.groovy:43)
	at com.kms.katalon.core.keyword.internal.KeywordExecutor.executeKeywordForPlatform(KeywordExecutor.groovy:72)
	at com.kms.katalon.core.webui.keyword.WebUiBuiltInKeywords.click(WebUiBuiltInKeywords.groovy:616)
	at com.kms.katalon.core.webui.keyword.WebUiBuiltInKeywords$click$3.call(Unknown Source)
	at 08_ResetUserPassword.run(08_ResetUserPassword:34)
	at com.kms.katalon.core.main.ScriptEngine.run(ScriptEngine.java:194)
	at com.kms.katalon.core.main.ScriptEngine.runScriptAsRawText(ScriptEngine.java:119)
	at com.kms.katalon.core.main.TestCaseExecutor.runScript(TestCaseExecutor.java:337)
	at com.kms.katalon.core.main.TestCaseExecutor.doExecute(TestCaseExecutor.java:328)
	at com.kms.katalon.core.main.TestCaseExecutor.processExecutionPhase(TestCaseExecutor.java:307)
	at com.kms.katalon.core.main.TestCaseExecutor.accessMainPhase(TestCaseExecutor.java:299)
	at com.kms.katalon.core.main.TestCaseExecutor.execute(TestCaseExecutor.java:233)
	at com.kms.katalon.core.main.TestSuiteExecutor.accessTestCaseMainPhase(TestSuiteExecutor.java:169)
	at com.kms.katalon.core.main.TestSuiteExecutor.accessTestSuiteMainPhase(TestSuiteExecutor.java:142)
	at com.kms.katalon.core.main.TestSuiteExecutor.execute(TestSuiteExecutor.java:91)
	at com.kms.katalon.core.main.TestCaseMain.startTestSuite(TestCaseMain.java:157)
	at com.kms.katalon.core.main.TestCaseMain$startTestSuite$0.call(Unknown Source)
	at TempTestSuite1591347278292.run(TempTestSuite1591347278292.groovy:37)
Caused by: org.openqa.selenium.NoSuchWindowException: no such window: target window already closed
from unknown error: web view not found
  (Session info: chrome=83.0.4103.97)
Build info: version: '3.141.59', revision: 'e82be7d358', time: '2018-11-14T08:25:53'
System info: host: 'DESKTOP-SGC4F2H', ip: '172.25.32.1', os.name: 'Windows 10', os.arch: 'amd64', os.version: '10.0', java.version: '1.8.0_181'
Driver info: com.kms.katalon.selenium.driver.CChromeDriver
Capabilities {acceptInsecureCerts: false, browserName: chrome, browserVersion: 83.0.4103.97, chrome: {chromedriverVersion: 83.0.4103.39 (ccbf011cb2d2b..., userDataDir: C:\Users\Thanh\AppData\Loca...}, goog:chromeOptions: {debuggerAddress: localhost:57128}, javascriptEnabled: true, networkConnectionEnabled: false, pageLoadStrategy: normal, platform: WINDOWS, platformName: WINDOWS, proxy: Proxy(), setWindowRect: true, strictFileInteractability: false, timeouts: {implicit: 0, pageLoad: 300000, script: 30000}, unhandledPromptBehavior: dismiss and notify, webauthn:virtualAuthenticators: true}
Session ID: 3cfddfca1576e108c8854b30f56a1605
*** Element info: {Using=xpath, value=//div[@id='adminConsoleWrapper']/div[3]/div/div/div[2]/div/div/div/div/div[2]/div/div/div/div/div/div/a/span}
	at org.openqa.selenium.remote.http.W3CHttpResponseCodec.createException(W3CHttpResponseCodec.java:187)
	at org.openqa.selenium.remote.http.W3CHttpResponseCodec.decode(W3CHttpResponseCodec.java:122)
	at org.openqa.selenium.remote.http.W3CHttpResponseCodec.decode(W3CHttpResponseCodec.java:49)
	at org.openqa.selenium.remote.HttpCommandExecutor.execute(HttpCommandExecutor.java:158)
	at org.openqa.selenium.remote.service.DriverCommandExecutor.execute(DriverCommandExecutor.java:83)
	at org.openqa.selenium.remote.RemoteWebDriver.execute(RemoteWebDriver.java:552)
	at com.kms.katalon.selenium.driver.CChromeDriver.execute(CChromeDriver.java:19)
	at org.openqa.selenium.remote.RemoteWebDriver.findElements(RemoteWebDriver.java:353)
	at org.openqa.selenium.remote.RemoteWebDriver.findElementsByXPath(RemoteWebDriver.java:432)
	at org.openqa.selenium.By$ByXPath.findElements(By.java:348)
	at org.openqa.selenium.remote.RemoteWebDriver.findElements(RemoteWebDriver.java:311)
	at org.openqa.selenium.support.events.EventFiringWebDriver.lambda$new$1(EventFiringWebDriver.java:105)
	at com.sun.proxy.$Proxy8.findElements(Unknown Source)
	at org.openqa.selenium.support.events.EventFiringWebDriver.findElements(EventFiringWebDriver.java:182)
	at com.kms.katalon.core.webui.common.WebUiCommonHelper.findWebElements(WebUiCommonHelper.java:789)
	at com.kms.katalon.core.webui.common.WebUiCommonHelper.findWebElement(WebUiCommonHelper.java:1150)
	at com.kms.katalon.core.webui.keyword.internal.WebUIAbstractKeyword.findWebElement(WebUIAbstractKeyword.groovy:27)
	at com.kms.katalon.core.webui.keyword.internal.WebUIAbstractKeyword.findWebElement(WebUIAbstractKeyword.groovy:26)
	at com.kms.katalon.core.webui.keyword.builtin.ClickKeyword$_click_closure1.doCall(ClickKeyword.groovy:67)
	at com.kms.katalon.core.webui.keyword.builtin.ClickKeyword$_click_closure1.call(ClickKeyword.groovy)
	at com.kms.katalon.core.webui.keyword.internal.WebUIKeywordMain.runKeyword(WebUIKeywordMain.groovy:20)
	at com.kms.katalon.core.webui.keyword.builtin.ClickKeyword.click(ClickKeyword.groovy:76)
	at com.kms.katalon.core.webui.keyword.builtin.ClickKeyword.execute(ClickKeyword.groovy:43)
	at com.kms.katalon.core.keyword.internal.KeywordExecutor.executeKeywordForPlatform(KeywordExecutor.groovy:72)
	at com.kms.katalon.core.webui.keyword.WebUiBuiltInKeywords.click(WebUiBuiltInKeywords.groovy:616)
	at com.kms.katalon.core.webui.keyword.WebUiBuiltInKeywords$click$3.call(Unknown Source)
	at Script1591228302096.run(Script1591228302096.groovy:34)
	... 13 more
)]]></system-out>
         <system-err><![CDATA[2020-06-05 16:36:25 - [TEST_CASE][FAILED] - Test Cases/1612427/08_ResetUserPassword: Test Cases/1612427/08_ResetUserPassword FAILED.
Reason:
com.kms.katalon.core.exception.StepFailedException: Unable to click on object 'Object Repository/1612427/08_ResetUserPassword/Page_System Console - Mattermost/span_janicearmstrong - Janice Armstrong'
	at com.kms.katalon.core.webui.keyword.internal.WebUIKeywordMain.stepFailed(WebUIKeywordMain.groovy:64)
	at com.kms.katalon.core.webui.keyword.internal.WebUIKeywordMain.runKeyword(WebUIKeywordMain.groovy:26)
	at com.kms.katalon.core.webui.keyword.builtin.ClickKeyword.click(ClickKeyword.groovy:76)
	at com.kms.katalon.core.webui.keyword.builtin.ClickKeyword.execute(ClickKeyword.groovy:43)
	at com.kms.katalon.core.keyword.internal.KeywordExecutor.executeKeywordForPlatform(KeywordExecutor.groovy:72)
	at com.kms.katalon.core.webui.keyword.WebUiBuiltInKeywords.click(WebUiBuiltInKeywords.groovy:616)
	at com.kms.katalon.core.webui.keyword.WebUiBuiltInKeywords$click$3.call(Unknown Source)
	at 08_ResetUserPassword.run(08_ResetUserPassword:34)
	at com.kms.katalon.core.main.ScriptEngine.run(ScriptEngine.java:194)
	at com.kms.katalon.core.main.ScriptEngine.runScriptAsRawText(ScriptEngine.java:119)
	at com.kms.katalon.core.main.TestCaseExecutor.runScript(TestCaseExecutor.java:337)
	at com.kms.katalon.core.main.TestCaseExecutor.doExecute(TestCaseExecutor.java:328)
	at com.kms.katalon.core.main.TestCaseExecutor.processExecutionPhase(TestCaseExecutor.java:307)
	at com.kms.katalon.core.main.TestCaseExecutor.accessMainPhase(TestCaseExecutor.java:299)
	at com.kms.katalon.core.main.TestCaseExecutor.execute(TestCaseExecutor.java:233)
	at com.kms.katalon.core.main.TestSuiteExecutor.accessTestCaseMainPhase(TestSuiteExecutor.java:169)
	at com.kms.katalon.core.main.TestSuiteExecutor.accessTestSuiteMainPhase(TestSuiteExecutor.java:142)
	at com.kms.katalon.core.main.TestSuiteExecutor.execute(TestSuiteExecutor.java:91)
	at com.kms.katalon.core.main.TestCaseMain.startTestSuite(TestCaseMain.java:157)
	at com.kms.katalon.core.main.TestCaseMain$startTestSuite$0.call(Unknown Source)
	at TempTestSuite1591347278292.run(TempTestSuite1591347278292.groovy:37)
Caused by: org.openqa.selenium.NoSuchWindowException: no such window: target window already closed
from unknown error: web view not found
  (Session info: chrome=83.0.4103.97)
Build info: version: '3.141.59', revision: 'e82be7d358', time: '2018-11-14T08:25:53'
System info: host: 'DESKTOP-SGC4F2H', ip: '172.25.32.1', os.name: 'Windows 10', os.arch: 'amd64', os.version: '10.0', java.version: '1.8.0_181'
Driver info: com.kms.katalon.selenium.driver.CChromeDriver
Capabilities {acceptInsecureCerts: false, browserName: chrome, browserVersion: 83.0.4103.97, chrome: {chromedriverVersion: 83.0.4103.39 (ccbf011cb2d2b..., userDataDir: C:\Users\Thanh\AppData\Loca...}, goog:chromeOptions: {debuggerAddress: localhost:57128}, javascriptEnabled: true, networkConnectionEnabled: false, pageLoadStrategy: normal, platform: WINDOWS, platformName: WINDOWS, proxy: Proxy(), setWindowRect: true, strictFileInteractability: false, timeouts: {implicit: 0, pageLoad: 300000, script: 30000}, unhandledPromptBehavior: dismiss and notify, webauthn:virtualAuthenticators: true}
Session ID: 3cfddfca1576e108c8854b30f56a1605
*** Element info: {Using=xpath, value=//div[@id='adminConsoleWrapper']/div[3]/div/div/div[2]/div/div/div/div/div[2]/div/div/div/div/div/div/a/span}
	at org.openqa.selenium.remote.http.W3CHttpResponseCodec.createException(W3CHttpResponseCodec.java:187)
	at org.openqa.selenium.remote.http.W3CHttpResponseCodec.decode(W3CHttpResponseCodec.java:122)
	at org.openqa.selenium.remote.http.W3CHttpResponseCodec.decode(W3CHttpResponseCodec.java:49)
	at org.openqa.selenium.remote.HttpCommandExecutor.execute(HttpCommandExecutor.java:158)
	at org.openqa.selenium.remote.service.DriverCommandExecutor.execute(DriverCommandExecutor.java:83)
	at org.openqa.selenium.remote.RemoteWebDriver.execute(RemoteWebDriver.java:552)
	at com.kms.katalon.selenium.driver.CChromeDriver.execute(CChromeDriver.java:19)
	at org.openqa.selenium.remote.RemoteWebDriver.findElements(RemoteWebDriver.java:353)
	at org.openqa.selenium.remote.RemoteWebDriver.findElementsByXPath(RemoteWebDriver.java:432)
	at org.openqa.selenium.By$ByXPath.findElements(By.java:348)
	at org.openqa.selenium.remote.RemoteWebDriver.findElements(RemoteWebDriver.java:311)
	at org.openqa.selenium.support.events.EventFiringWebDriver.lambda$new$1(EventFiringWebDriver.java:105)
	at com.sun.proxy.$Proxy8.findElements(Unknown Source)
	at org.openqa.selenium.support.events.EventFiringWebDriver.findElements(EventFiringWebDriver.java:182)
	at com.kms.katalon.core.webui.common.WebUiCommonHelper.findWebElements(WebUiCommonHelper.java:789)
	at com.kms.katalon.core.webui.common.WebUiCommonHelper.findWebElement(WebUiCommonHelper.java:1150)
	at com.kms.katalon.core.webui.keyword.internal.WebUIAbstractKeyword.findWebElement(WebUIAbstractKeyword.groovy:27)
	at com.kms.katalon.core.webui.keyword.internal.WebUIAbstractKeyword.findWebElement(WebUIAbstractKeyword.groovy:26)
	at com.kms.katalon.core.webui.keyword.builtin.ClickKeyword$_click_closure1.doCall(ClickKeyword.groovy:67)
	at com.kms.katalon.core.webui.keyword.builtin.ClickKeyword$_click_closure1.call(ClickKeyword.groovy)
	at com.kms.katalon.core.webui.keyword.internal.WebUIKeywordMain.runKeyword(WebUIKeywordMain.groovy:20)
	... 19 more]]></system-err>
      </testcase>
      <testcase name="Test Cases/1612427/09_ChangeUserEmail" time="63.395" classname="Test Cases/1612427/09_ChangeUserEmail" status="FAILED">
         <failure type="FAILED" message="Test Cases/1612427/09_ChangeUserEmail FAILED.
Reason:
com.kms.katalon.core.exception.StepFailedException: Unable to set text 'ar' of object 'Object Repository/1612427/09_ChangeUserEmail/Page_System Console - Mattermost/input_Mattermost Users_searchUsers'
	at com.kms.katalon.core.webui.keyword.internal.WebUIKeywordMain.stepFailed(WebUIKeywordMain.groovy:64)
	at com.kms.katalon.core.webui.keyword.internal.WebUIKeywordMain.runKeyword(WebUIKeywordMain.groovy:26)
	at com.kms.katalon.core.webui.keyword.builtin.SetTextKeyword.setText(SetTextKeyword.groovy:66)
	at com.kms.katalon.core.webui.keyword.builtin.SetTextKeyword.execute(SetTextKeyword.groovy:37)
	at com.kms.katalon.core.keyword.internal.KeywordExecutor.executeKeywordForPlatform(KeywordExecutor.groovy:72)
	at com.kms.katalon.core.webui.keyword.WebUiBuiltInKeywords.setText(WebUiBuiltInKeywords.groovy:976)
	at com.kms.katalon.core.webui.keyword.WebUiBuiltInKeywords$setText$1.call(Unknown Source)
	at 09_ChangeUserEmail.run(09_ChangeUserEmail:35)
	at com.kms.katalon.core.main.ScriptEngine.run(ScriptEngine.java:194)
	at com.kms.katalon.core.main.ScriptEngine.runScriptAsRawText(ScriptEngine.java:119)
	at com.kms.katalon.core.main.TestCaseExecutor.runScript(TestCaseExecutor.java:337)
	at com.kms.katalon.core.main.TestCaseExecutor.doExecute(TestCaseExecutor.java:328)
	at com.kms.katalon.core.main.TestCaseExecutor.processExecutionPhase(TestCaseExecutor.java:307)
	at com.kms.katalon.core.main.TestCaseExecutor.accessMainPhase(TestCaseExecutor.java:299)
	at com.kms.katalon.core.main.TestCaseExecutor.execute(TestCaseExecutor.java:233)
	at com.kms.katalon.core.main.TestSuiteExecutor.accessTestCaseMainPhase(TestSuiteExecutor.java:169)
	at com.kms.katalon.core.main.TestSuiteExecutor.accessTestSuiteMainPhase(TestSuiteExecutor.java:142)
	at com.kms.katalon.core.main.TestSuiteExecutor.execute(TestSuiteExecutor.java:91)
	at com.kms.katalon.core.main.TestCaseMain.startTestSuite(TestCaseMain.java:157)
	at com.kms.katalon.core.main.TestCaseMain$startTestSuite$0.call(Unknown Source)
	at TempTestSuite1591347278292.run(TempTestSuite1591347278292.groovy:37)
Caused by: org.openqa.selenium.WebDriverException: chrome not reachable
  (Session info: chrome=83.0.4103.97)
Build info: version: '3.141.59', revision: 'e82be7d358', time: '2018-11-14T08:25:53'
System info: host: 'DESKTOP-SGC4F2H', ip: '172.25.32.1', os.name: 'Windows 10', os.arch: 'amd64', os.version: '10.0', java.version: '1.8.0_181'
Driver info: com.kms.katalon.selenium.driver.CChromeDriver
Capabilities {acceptInsecureCerts: false, browserName: chrome, browserVersion: 83.0.4103.97, chrome: {chromedriverVersion: 83.0.4103.39 (ccbf011cb2d2b..., userDataDir: C:\Users\Thanh\AppData\Loca...}, goog:chromeOptions: {debuggerAddress: localhost:57166}, javascriptEnabled: true, networkConnectionEnabled: false, pageLoadStrategy: normal, platform: WINDOWS, platformName: WINDOWS, proxy: Proxy(), setWindowRect: true, strictFileInteractability: false, timeouts: {implicit: 0, pageLoad: 300000, script: 30000}, unhandledPromptBehavior: dismiss and notify, webauthn:virtualAuthenticators: true}
Session ID: f85067dd7368c97c2dde61e29061b14f
*** Element info: {Using=xpath, value=//input[@id='searchUsers']}
	at org.openqa.selenium.remote.http.W3CHttpResponseCodec.createException(W3CHttpResponseCodec.java:187)
	at org.openqa.selenium.remote.http.W3CHttpResponseCodec.decode(W3CHttpResponseCodec.java:122)
	at org.openqa.selenium.remote.http.W3CHttpResponseCodec.decode(W3CHttpResponseCodec.java:49)
	at org.openqa.selenium.remote.HttpCommandExecutor.execute(HttpCommandExecutor.java:158)
	at org.openqa.selenium.remote.service.DriverCommandExecutor.execute(DriverCommandExecutor.java:83)
	at org.openqa.selenium.remote.RemoteWebDriver.execute(RemoteWebDriver.java:552)
	at com.kms.katalon.selenium.driver.CChromeDriver.execute(CChromeDriver.java:19)
	at org.openqa.selenium.remote.RemoteWebDriver.findElements(RemoteWebDriver.java:353)
	at org.openqa.selenium.remote.RemoteWebDriver.findElementsByXPath(RemoteWebDriver.java:432)
	at org.openqa.selenium.By$ByXPath.findElements(By.java:348)
	at org.openqa.selenium.remote.RemoteWebDriver.findElements(RemoteWebDriver.java:311)
	at org.openqa.selenium.support.events.EventFiringWebDriver.lambda$new$1(EventFiringWebDriver.java:105)
	at com.sun.proxy.$Proxy8.findElements(Unknown Source)
	at org.openqa.selenium.support.events.EventFiringWebDriver.findElements(EventFiringWebDriver.java:182)
	at com.kms.katalon.core.webui.common.WebUiCommonHelper.findWebElements(WebUiCommonHelper.java:789)
	at com.kms.katalon.core.webui.common.WebUiCommonHelper.findWebElement(WebUiCommonHelper.java:1150)
	at com.kms.katalon.core.webui.keyword.internal.WebUIAbstractKeyword.findWebElement(WebUIAbstractKeyword.groovy:27)
	at com.kms.katalon.core.webui.keyword.internal.WebUIAbstractKeyword.findWebElement(WebUIAbstractKeyword.groovy:26)
	at com.kms.katalon.core.webui.keyword.builtin.SetTextKeyword$_setText_closure1.doCall(SetTextKeyword.groovy:51)
	at com.kms.katalon.core.webui.keyword.builtin.SetTextKeyword$_setText_closure1.call(SetTextKeyword.groovy)
	at com.kms.katalon.core.webui.keyword.internal.WebUIKeywordMain.runKeyword(WebUIKeywordMain.groovy:20)
	... 19 more
"/>
         <system-out><![CDATA[2020-06-05 16:36:42 - [TEST_CASE][FAILED] - Test Cases/1612427/09_ChangeUserEmail: Test Cases/1612427/09_ChangeUserEmail FAILED.
Reason:
com.kms.katalon.core.exception.StepFailedException: Unable to set text 'ar' of object 'Object Repository/1612427/09_ChangeUserEmail/Page_System Console - Mattermost/input_Mattermost Users_searchUsers'
	at com.kms.katalon.core.webui.keyword.internal.WebUIKeywordMain.stepFailed(WebUIKeywordMain.groovy:64)
	at com.kms.katalon.core.webui.keyword.internal.WebUIKeywordMain.runKeyword(WebUIKeywordMain.groovy:26)
	at com.kms.katalon.core.webui.keyword.builtin.SetTextKeyword.setText(SetTextKeyword.groovy:66)
	at com.kms.katalon.core.webui.keyword.builtin.SetTextKeyword.execute(SetTextKeyword.groovy:37)
	at com.kms.katalon.core.keyword.internal.KeywordExecutor.executeKeywordForPlatform(KeywordExecutor.groovy:72)
	at com.kms.katalon.core.webui.keyword.WebUiBuiltInKeywords.setText(WebUiBuiltInKeywords.groovy:976)
	at com.kms.katalon.core.webui.keyword.WebUiBuiltInKeywords$setText$1.call(Unknown Source)
	at 09_ChangeUserEmail.run(09_ChangeUserEmail:35)
	at com.kms.katalon.core.main.ScriptEngine.run(ScriptEngine.java:194)
	at com.kms.katalon.core.main.ScriptEngine.runScriptAsRawText(ScriptEngine.java:119)
	at com.kms.katalon.core.main.TestCaseExecutor.runScript(TestCaseExecutor.java:337)
	at com.kms.katalon.core.main.TestCaseExecutor.doExecute(TestCaseExecutor.java:328)
	at com.kms.katalon.core.main.TestCaseExecutor.processExecutionPhase(TestCaseExecutor.java:307)
	at com.kms.katalon.core.main.TestCaseExecutor.accessMainPhase(TestCaseExecutor.java:299)
	at com.kms.katalon.core.main.TestCaseExecutor.execute(TestCaseExecutor.java:233)
	at com.kms.katalon.core.main.TestSuiteExecutor.accessTestCaseMainPhase(TestSuiteExecutor.java:169)
	at com.kms.katalon.core.main.TestSuiteExecutor.accessTestSuiteMainPhase(TestSuiteExecutor.java:142)
	at com.kms.katalon.core.main.TestSuiteExecutor.execute(TestSuiteExecutor.java:91)
	at com.kms.katalon.core.main.TestCaseMain.startTestSuite(TestCaseMain.java:157)
	at com.kms.katalon.core.main.TestCaseMain$startTestSuite$0.call(Unknown Source)
	at TempTestSuite1591347278292.run(TempTestSuite1591347278292.groovy:37)
Caused by: org.openqa.selenium.WebDriverException: chrome not reachable
  (Session info: chrome=83.0.4103.97)
Build info: version: '3.141.59', revision: 'e82be7d358', time: '2018-11-14T08:25:53'
System info: host: 'DESKTOP-SGC4F2H', ip: '172.25.32.1', os.name: 'Windows 10', os.arch: 'amd64', os.version: '10.0', java.version: '1.8.0_181'
Driver info: com.kms.katalon.selenium.driver.CChromeDriver
Capabilities {acceptInsecureCerts: false, browserName: chrome, browserVersion: 83.0.4103.97, chrome: {chromedriverVersion: 83.0.4103.39 (ccbf011cb2d2b..., userDataDir: C:\Users\Thanh\AppData\Loca...}, goog:chromeOptions: {debuggerAddress: localhost:57166}, javascriptEnabled: true, networkConnectionEnabled: false, pageLoadStrategy: normal, platform: WINDOWS, platformName: WINDOWS, proxy: Proxy(), setWindowRect: true, strictFileInteractability: false, timeouts: {implicit: 0, pageLoad: 300000, script: 30000}, unhandledPromptBehavior: dismiss and notify, webauthn:virtualAuthenticators: true}
Session ID: f85067dd7368c97c2dde61e29061b14f
*** Element info: {Using=xpath, value=//input[@id='searchUsers']}
	at org.openqa.selenium.remote.http.W3CHttpResponseCodec.createException(W3CHttpResponseCodec.java:187)
	at org.openqa.selenium.remote.http.W3CHttpResponseCodec.decode(W3CHttpResponseCodec.java:122)
	at org.openqa.selenium.remote.http.W3CHttpResponseCodec.decode(W3CHttpResponseCodec.java:49)
	at org.openqa.selenium.remote.HttpCommandExecutor.execute(HttpCommandExecutor.java:158)
	at org.openqa.selenium.remote.service.DriverCommandExecutor.execute(DriverCommandExecutor.java:83)
	at org.openqa.selenium.remote.RemoteWebDriver.execute(RemoteWebDriver.java:552)
	at com.kms.katalon.selenium.driver.CChromeDriver.execute(CChromeDriver.java:19)
	at org.openqa.selenium.remote.RemoteWebDriver.findElements(RemoteWebDriver.java:353)
	at org.openqa.selenium.remote.RemoteWebDriver.findElementsByXPath(RemoteWebDriver.java:432)
	at org.openqa.selenium.By$ByXPath.findElements(By.java:348)
	at org.openqa.selenium.remote.RemoteWebDriver.findElements(RemoteWebDriver.java:311)
	at org.openqa.selenium.support.events.EventFiringWebDriver.lambda$new$1(EventFiringWebDriver.java:105)
	at com.sun.proxy.$Proxy8.findElements(Unknown Source)
	at org.openqa.selenium.support.events.EventFiringWebDriver.findElements(EventFiringWebDriver.java:182)
	at com.kms.katalon.core.webui.common.WebUiCommonHelper.findWebElements(WebUiCommonHelper.java:789)
	at com.kms.katalon.core.webui.common.WebUiCommonHelper.findWebElement(WebUiCommonHelper.java:1150)
	at com.kms.katalon.core.webui.keyword.internal.WebUIAbstractKeyword.findWebElement(WebUIAbstractKeyword.groovy:27)
	at com.kms.katalon.core.webui.keyword.internal.WebUIAbstractKeyword.findWebElement(WebUIAbstractKeyword.groovy:26)
	at com.kms.katalon.core.webui.keyword.builtin.SetTextKeyword$_setText_closure1.doCall(SetTextKeyword.groovy:51)
	at com.kms.katalon.core.webui.keyword.builtin.SetTextKeyword$_setText_closure1.call(SetTextKeyword.groovy)
	at com.kms.katalon.core.webui.keyword.internal.WebUIKeywordMain.runKeyword(WebUIKeywordMain.groovy:20)
	... 19 more


2020-06-05 16:36:43 - [TEST_STEP][PASSED] - openBrowser(""): Browser is opened with url: ''

2020-06-05 16:36:43 - [MESSAGE][WARNING] - A browser is already opened. Closing browser and opening a new one

2020-06-05 16:36:44 - [MESSAGE][INFO] - Starting 'Chrome' driver

2020-06-05 16:36:44 - [MESSAGE][INFO] - Action delay is set to 0 milliseconds

2020-06-05 16:36:48 - [MESSAGE][PASSED] - Browser is opened with url: ''

2020-06-05 16:36:48 - [TEST_STEP][PASSED] - setViewPortSize(1600, 1500): Viewport is set to new size with width = 1600 and height = 1500

2020-06-05 16:36:52 - [MESSAGE][PASSED] - Viewport is set to new size with width = 1600 and height = 1500

2020-06-05 16:36:52 - [TEST_STEP][PASSED] - navigateToUrl("http://localhost:8065/admin_console"): Navigate to 'http://localhost:8065/admin_console' successfully

2020-06-05 16:36:56 - [MESSAGE][PASSED] - Navigate to 'http://localhost:8065/admin_console' successfully

2020-06-05 16:36:56 - [TEST_STEP][PASSED] - setText(findTestObject("Object Repository/1612427/09_ChangeUserEmail/Page_Mattermost/input_All team communication in one place s_703ef5"), "hcmus-cdnc"): Text 'hcmus-cdnc' is set on object 'Object Repository/1612427/09_ChangeUserEmail/Page_Mattermost/input_All team communication in one place s_703ef5'

2020-06-05 16:37:01 - [MESSAGE][PASSED] - Text 'hcmus-cdnc' is set on object 'Object Repository/1612427/09_ChangeUserEmail/Page_Mattermost/input_All team communication in one place s_703ef5'

2020-06-05 16:37:01 - [TEST_STEP][PASSED] - setEncryptedText(findTestObject("Object Repository/1612427/09_ChangeUserEmail/Page_Mattermost/input_All team communication in one place s_2f2733"), "aeHFOx8jV/A="): Text ****** has been set on object 'Object Repository/1612427/09_ChangeUserEmail/Page_Mattermost/input_All team communication in one place s_2f2733'

2020-06-05 16:37:02 - [MESSAGE][PASSED] - Text ****** has been set on object 'Object Repository/1612427/09_ChangeUserEmail/Page_Mattermost/input_All team communication in one place s_2f2733'

2020-06-05 16:37:02 - [TEST_STEP][PASSED] - click(findTestObject("Object Repository/1612427/09_ChangeUserEmail/Page_Mattermost/span_Sign in")): Object: 'Object Repository/1612427/09_ChangeUserEmail/Page_Mattermost/span_Sign in' is clicked on

2020-06-05 16:37:02 - [MESSAGE][PASSED] - Object: 'Object Repository/1612427/09_ChangeUserEmail/Page_Mattermost/span_Sign in' is clicked on

2020-06-05 16:37:02 - [TEST_STEP][PASSED] - click(findTestObject("Object Repository/1612427/09_ChangeUserEmail/Page_System Console - Mattermost/a_Users")): Object: 'Object Repository/1612427/09_ChangeUserEmail/Page_System Console - Mattermost/a_Users' is clicked on

2020-06-05 16:37:04 - [MESSAGE][PASSED] - Object: 'Object Repository/1612427/09_ChangeUserEmail/Page_System Console - Mattermost/a_Users' is clicked on

2020-06-05 16:37:04 - [TEST_STEP][FAILED] - setText(findTestObject("Object Repository/1612427/09_ChangeUserEmail/Page_System Console - Mattermost/input_Mattermost Users_searchUsers"), "ar"): Unable to set text 'ar' of object 'Object Repository/1612427/09_ChangeUserEmail/Page_System Console - Mattermost/input_Mattermost Users_searchUsers' (Root cause: com.kms.katalon.core.exception.StepFailedException: Unable to set text 'ar' of object 'Object Repository/1612427/09_ChangeUserEmail/Page_System Console - Mattermost/input_Mattermost Users_searchUsers'
	at com.kms.katalon.core.webui.keyword.internal.WebUIKeywordMain.stepFailed(WebUIKeywordMain.groovy:64)
	at com.kms.katalon.core.webui.keyword.internal.WebUIKeywordMain.runKeyword(WebUIKeywordMain.groovy:26)
	at com.kms.katalon.core.webui.keyword.builtin.SetTextKeyword.setText(SetTextKeyword.groovy:66)
	at com.kms.katalon.core.webui.keyword.builtin.SetTextKeyword.execute(SetTextKeyword.groovy:37)
	at com.kms.katalon.core.keyword.internal.KeywordExecutor.executeKeywordForPlatform(KeywordExecutor.groovy:72)
	at com.kms.katalon.core.webui.keyword.WebUiBuiltInKeywords.setText(WebUiBuiltInKeywords.groovy:976)
	at com.kms.katalon.core.webui.keyword.WebUiBuiltInKeywords$setText$1.call(Unknown Source)
	at 09_ChangeUserEmail.run(09_ChangeUserEmail:35)
	at com.kms.katalon.core.main.ScriptEngine.run(ScriptEngine.java:194)
	at com.kms.katalon.core.main.ScriptEngine.runScriptAsRawText(ScriptEngine.java:119)
	at com.kms.katalon.core.main.TestCaseExecutor.runScript(TestCaseExecutor.java:337)
	at com.kms.katalon.core.main.TestCaseExecutor.doExecute(TestCaseExecutor.java:328)
	at com.kms.katalon.core.main.TestCaseExecutor.processExecutionPhase(TestCaseExecutor.java:307)
	at com.kms.katalon.core.main.TestCaseExecutor.accessMainPhase(TestCaseExecutor.java:299)
	at com.kms.katalon.core.main.TestCaseExecutor.execute(TestCaseExecutor.java:233)
	at com.kms.katalon.core.main.TestSuiteExecutor.accessTestCaseMainPhase(TestSuiteExecutor.java:169)
	at com.kms.katalon.core.main.TestSuiteExecutor.accessTestSuiteMainPhase(TestSuiteExecutor.java:142)
	at com.kms.katalon.core.main.TestSuiteExecutor.execute(TestSuiteExecutor.java:91)
	at com.kms.katalon.core.main.TestCaseMain.startTestSuite(TestCaseMain.java:157)
	at com.kms.katalon.core.main.TestCaseMain$startTestSuite$0.call(Unknown Source)
	at TempTestSuite1591347278292.run(TempTestSuite1591347278292.groovy:37)
Caused by: org.openqa.selenium.WebDriverException: chrome not reachable
  (Session info: chrome=83.0.4103.97)
Build info: version: '3.141.59', revision: 'e82be7d358', time: '2018-11-14T08:25:53'
System info: host: 'DESKTOP-SGC4F2H', ip: '172.25.32.1', os.name: 'Windows 10', os.arch: 'amd64', os.version: '10.0', java.version: '1.8.0_181'
Driver info: com.kms.katalon.selenium.driver.CChromeDriver
Capabilities {acceptInsecureCerts: false, browserName: chrome, browserVersion: 83.0.4103.97, chrome: {chromedriverVersion: 83.0.4103.39 (ccbf011cb2d2b..., userDataDir: C:\Users\Thanh\AppData\Loca...}, goog:chromeOptions: {debuggerAddress: localhost:57166}, javascriptEnabled: true, networkConnectionEnabled: false, pageLoadStrategy: normal, platform: WINDOWS, platformName: WINDOWS, proxy: Proxy(), setWindowRect: true, strictFileInteractability: false, timeouts: {implicit: 0, pageLoad: 300000, script: 30000}, unhandledPromptBehavior: dismiss and notify, webauthn:virtualAuthenticators: true}
Session ID: f85067dd7368c97c2dde61e29061b14f
*** Element info: {Using=xpath, value=//input[@id='searchUsers']}
	at org.openqa.selenium.remote.http.W3CHttpResponseCodec.createException(W3CHttpResponseCodec.java:187)
	at org.openqa.selenium.remote.http.W3CHttpResponseCodec.decode(W3CHttpResponseCodec.java:122)
	at org.openqa.selenium.remote.http.W3CHttpResponseCodec.decode(W3CHttpResponseCodec.java:49)
	at org.openqa.selenium.remote.HttpCommandExecutor.execute(HttpCommandExecutor.java:158)
	at org.openqa.selenium.remote.service.DriverCommandExecutor.execute(DriverCommandExecutor.java:83)
	at org.openqa.selenium.remote.RemoteWebDriver.execute(RemoteWebDriver.java:552)
	at com.kms.katalon.selenium.driver.CChromeDriver.execute(CChromeDriver.java:19)
	at org.openqa.selenium.remote.RemoteWebDriver.findElements(RemoteWebDriver.java:353)
	at org.openqa.selenium.remote.RemoteWebDriver.findElementsByXPath(RemoteWebDriver.java:432)
	at org.openqa.selenium.By$ByXPath.findElements(By.java:348)
	at org.openqa.selenium.remote.RemoteWebDriver.findElements(RemoteWebDriver.java:311)
	at org.openqa.selenium.support.events.EventFiringWebDriver.lambda$new$1(EventFiringWebDriver.java:105)
	at com.sun.proxy.$Proxy8.findElements(Unknown Source)
	at org.openqa.selenium.support.events.EventFiringWebDriver.findElements(EventFiringWebDriver.java:182)
	at com.kms.katalon.core.webui.common.WebUiCommonHelper.findWebElements(WebUiCommonHelper.java:789)
	at com.kms.katalon.core.webui.common.WebUiCommonHelper.findWebElement(WebUiCommonHelper.java:1150)
	at com.kms.katalon.core.webui.keyword.internal.WebUIAbstractKeyword.findWebElement(WebUIAbstractKeyword.groovy:27)
	at com.kms.katalon.core.webui.keyword.internal.WebUIAbstractKeyword.findWebElement(WebUIAbstractKeyword.groovy:26)
	at com.kms.katalon.core.webui.keyword.builtin.SetTextKeyword$_setText_closure1.doCall(SetTextKeyword.groovy:51)
	at com.kms.katalon.core.webui.keyword.builtin.SetTextKeyword$_setText_closure1.call(SetTextKeyword.groovy)
	at com.kms.katalon.core.webui.keyword.internal.WebUIKeywordMain.runKeyword(WebUIKeywordMain.groovy:20)
	at com.kms.katalon.core.webui.keyword.builtin.SetTextKeyword.setText(SetTextKeyword.groovy:66)
	at com.kms.katalon.core.webui.keyword.builtin.SetTextKeyword.execute(SetTextKeyword.groovy:37)
	at com.kms.katalon.core.keyword.internal.KeywordExecutor.executeKeywordForPlatform(KeywordExecutor.groovy:72)
	at com.kms.katalon.core.webui.keyword.WebUiBuiltInKeywords.setText(WebUiBuiltInKeywords.groovy:976)
	at com.kms.katalon.core.webui.keyword.WebUiBuiltInKeywords$setText$1.call(Unknown Source)
	at Script1591278779104.run(Script1591278779104.groovy:35)
	... 13 more
)

2020-06-05 16:37:46 - [MESSAGE][WARNING] - Cannot take screenshot

2020-06-05 16:37:46 - [MESSAGE][FAILED] - Unable to set text 'ar' of object 'Object Repository/1612427/09_ChangeUserEmail/Page_System Console - Mattermost/input_Mattermost Users_searchUsers' (Root cause: com.kms.katalon.core.exception.StepFailedException: Unable to set text 'ar' of object 'Object Repository/1612427/09_ChangeUserEmail/Page_System Console - Mattermost/input_Mattermost Users_searchUsers'
	at com.kms.katalon.core.webui.keyword.internal.WebUIKeywordMain.stepFailed(WebUIKeywordMain.groovy:64)
	at com.kms.katalon.core.webui.keyword.internal.WebUIKeywordMain.runKeyword(WebUIKeywordMain.groovy:26)
	at com.kms.katalon.core.webui.keyword.builtin.SetTextKeyword.setText(SetTextKeyword.groovy:66)
	at com.kms.katalon.core.webui.keyword.builtin.SetTextKeyword.execute(SetTextKeyword.groovy:37)
	at com.kms.katalon.core.keyword.internal.KeywordExecutor.executeKeywordForPlatform(KeywordExecutor.groovy:72)
	at com.kms.katalon.core.webui.keyword.WebUiBuiltInKeywords.setText(WebUiBuiltInKeywords.groovy:976)
	at com.kms.katalon.core.webui.keyword.WebUiBuiltInKeywords$setText$1.call(Unknown Source)
	at 09_ChangeUserEmail.run(09_ChangeUserEmail:35)
	at com.kms.katalon.core.main.ScriptEngine.run(ScriptEngine.java:194)
	at com.kms.katalon.core.main.ScriptEngine.runScriptAsRawText(ScriptEngine.java:119)
	at com.kms.katalon.core.main.TestCaseExecutor.runScript(TestCaseExecutor.java:337)
	at com.kms.katalon.core.main.TestCaseExecutor.doExecute(TestCaseExecutor.java:328)
	at com.kms.katalon.core.main.TestCaseExecutor.processExecutionPhase(TestCaseExecutor.java:307)
	at com.kms.katalon.core.main.TestCaseExecutor.accessMainPhase(TestCaseExecutor.java:299)
	at com.kms.katalon.core.main.TestCaseExecutor.execute(TestCaseExecutor.java:233)
	at com.kms.katalon.core.main.TestSuiteExecutor.accessTestCaseMainPhase(TestSuiteExecutor.java:169)
	at com.kms.katalon.core.main.TestSuiteExecutor.accessTestSuiteMainPhase(TestSuiteExecutor.java:142)
	at com.kms.katalon.core.main.TestSuiteExecutor.execute(TestSuiteExecutor.java:91)
	at com.kms.katalon.core.main.TestCaseMain.startTestSuite(TestCaseMain.java:157)
	at com.kms.katalon.core.main.TestCaseMain$startTestSuite$0.call(Unknown Source)
	at TempTestSuite1591347278292.run(TempTestSuite1591347278292.groovy:37)
Caused by: org.openqa.selenium.WebDriverException: chrome not reachable
  (Session info: chrome=83.0.4103.97)
Build info: version: '3.141.59', revision: 'e82be7d358', time: '2018-11-14T08:25:53'
System info: host: 'DESKTOP-SGC4F2H', ip: '172.25.32.1', os.name: 'Windows 10', os.arch: 'amd64', os.version: '10.0', java.version: '1.8.0_181'
Driver info: com.kms.katalon.selenium.driver.CChromeDriver
Capabilities {acceptInsecureCerts: false, browserName: chrome, browserVersion: 83.0.4103.97, chrome: {chromedriverVersion: 83.0.4103.39 (ccbf011cb2d2b..., userDataDir: C:\Users\Thanh\AppData\Loca...}, goog:chromeOptions: {debuggerAddress: localhost:57166}, javascriptEnabled: true, networkConnectionEnabled: false, pageLoadStrategy: normal, platform: WINDOWS, platformName: WINDOWS, proxy: Proxy(), setWindowRect: true, strictFileInteractability: false, timeouts: {implicit: 0, pageLoad: 300000, script: 30000}, unhandledPromptBehavior: dismiss and notify, webauthn:virtualAuthenticators: true}
Session ID: f85067dd7368c97c2dde61e29061b14f
*** Element info: {Using=xpath, value=//input[@id='searchUsers']}
	at org.openqa.selenium.remote.http.W3CHttpResponseCodec.createException(W3CHttpResponseCodec.java:187)
	at org.openqa.selenium.remote.http.W3CHttpResponseCodec.decode(W3CHttpResponseCodec.java:122)
	at org.openqa.selenium.remote.http.W3CHttpResponseCodec.decode(W3CHttpResponseCodec.java:49)
	at org.openqa.selenium.remote.HttpCommandExecutor.execute(HttpCommandExecutor.java:158)
	at org.openqa.selenium.remote.service.DriverCommandExecutor.execute(DriverCommandExecutor.java:83)
	at org.openqa.selenium.remote.RemoteWebDriver.execute(RemoteWebDriver.java:552)
	at com.kms.katalon.selenium.driver.CChromeDriver.execute(CChromeDriver.java:19)
	at org.openqa.selenium.remote.RemoteWebDriver.findElements(RemoteWebDriver.java:353)
	at org.openqa.selenium.remote.RemoteWebDriver.findElementsByXPath(RemoteWebDriver.java:432)
	at org.openqa.selenium.By$ByXPath.findElements(By.java:348)
	at org.openqa.selenium.remote.RemoteWebDriver.findElements(RemoteWebDriver.java:311)
	at org.openqa.selenium.support.events.EventFiringWebDriver.lambda$new$1(EventFiringWebDriver.java:105)
	at com.sun.proxy.$Proxy8.findElements(Unknown Source)
	at org.openqa.selenium.support.events.EventFiringWebDriver.findElements(EventFiringWebDriver.java:182)
	at com.kms.katalon.core.webui.common.WebUiCommonHelper.findWebElements(WebUiCommonHelper.java:789)
	at com.kms.katalon.core.webui.common.WebUiCommonHelper.findWebElement(WebUiCommonHelper.java:1150)
	at com.kms.katalon.core.webui.keyword.internal.WebUIAbstractKeyword.findWebElement(WebUIAbstractKeyword.groovy:27)
	at com.kms.katalon.core.webui.keyword.internal.WebUIAbstractKeyword.findWebElement(WebUIAbstractKeyword.groovy:26)
	at com.kms.katalon.core.webui.keyword.builtin.SetTextKeyword$_setText_closure1.doCall(SetTextKeyword.groovy:51)
	at com.kms.katalon.core.webui.keyword.builtin.SetTextKeyword$_setText_closure1.call(SetTextKeyword.groovy)
	at com.kms.katalon.core.webui.keyword.internal.WebUIKeywordMain.runKeyword(WebUIKeywordMain.groovy:20)
	at com.kms.katalon.core.webui.keyword.builtin.SetTextKeyword.setText(SetTextKeyword.groovy:66)
	at com.kms.katalon.core.webui.keyword.builtin.SetTextKeyword.execute(SetTextKeyword.groovy:37)
	at com.kms.katalon.core.keyword.internal.KeywordExecutor.executeKeywordForPlatform(KeywordExecutor.groovy:72)
	at com.kms.katalon.core.webui.keyword.WebUiBuiltInKeywords.setText(WebUiBuiltInKeywords.groovy:976)
	at com.kms.katalon.core.webui.keyword.WebUiBuiltInKeywords$setText$1.call(Unknown Source)
	at Script1591278779104.run(Script1591278779104.groovy:35)
	... 13 more
)]]></system-out>
         <system-err><![CDATA[2020-06-05 16:36:42 - [TEST_CASE][FAILED] - Test Cases/1612427/09_ChangeUserEmail: Test Cases/1612427/09_ChangeUserEmail FAILED.
Reason:
com.kms.katalon.core.exception.StepFailedException: Unable to set text 'ar' of object 'Object Repository/1612427/09_ChangeUserEmail/Page_System Console - Mattermost/input_Mattermost Users_searchUsers'
	at com.kms.katalon.core.webui.keyword.internal.WebUIKeywordMain.stepFailed(WebUIKeywordMain.groovy:64)
	at com.kms.katalon.core.webui.keyword.internal.WebUIKeywordMain.runKeyword(WebUIKeywordMain.groovy:26)
	at com.kms.katalon.core.webui.keyword.builtin.SetTextKeyword.setText(SetTextKeyword.groovy:66)
	at com.kms.katalon.core.webui.keyword.builtin.SetTextKeyword.execute(SetTextKeyword.groovy:37)
	at com.kms.katalon.core.keyword.internal.KeywordExecutor.executeKeywordForPlatform(KeywordExecutor.groovy:72)
	at com.kms.katalon.core.webui.keyword.WebUiBuiltInKeywords.setText(WebUiBuiltInKeywords.groovy:976)
	at com.kms.katalon.core.webui.keyword.WebUiBuiltInKeywords$setText$1.call(Unknown Source)
	at 09_ChangeUserEmail.run(09_ChangeUserEmail:35)
	at com.kms.katalon.core.main.ScriptEngine.run(ScriptEngine.java:194)
	at com.kms.katalon.core.main.ScriptEngine.runScriptAsRawText(ScriptEngine.java:119)
	at com.kms.katalon.core.main.TestCaseExecutor.runScript(TestCaseExecutor.java:337)
	at com.kms.katalon.core.main.TestCaseExecutor.doExecute(TestCaseExecutor.java:328)
	at com.kms.katalon.core.main.TestCaseExecutor.processExecutionPhase(TestCaseExecutor.java:307)
	at com.kms.katalon.core.main.TestCaseExecutor.accessMainPhase(TestCaseExecutor.java:299)
	at com.kms.katalon.core.main.TestCaseExecutor.execute(TestCaseExecutor.java:233)
	at com.kms.katalon.core.main.TestSuiteExecutor.accessTestCaseMainPhase(TestSuiteExecutor.java:169)
	at com.kms.katalon.core.main.TestSuiteExecutor.accessTestSuiteMainPhase(TestSuiteExecutor.java:142)
	at com.kms.katalon.core.main.TestSuiteExecutor.execute(TestSuiteExecutor.java:91)
	at com.kms.katalon.core.main.TestCaseMain.startTestSuite(TestCaseMain.java:157)
	at com.kms.katalon.core.main.TestCaseMain$startTestSuite$0.call(Unknown Source)
	at TempTestSuite1591347278292.run(TempTestSuite1591347278292.groovy:37)
Caused by: org.openqa.selenium.WebDriverException: chrome not reachable
  (Session info: chrome=83.0.4103.97)
Build info: version: '3.141.59', revision: 'e82be7d358', time: '2018-11-14T08:25:53'
System info: host: 'DESKTOP-SGC4F2H', ip: '172.25.32.1', os.name: 'Windows 10', os.arch: 'amd64', os.version: '10.0', java.version: '1.8.0_181'
Driver info: com.kms.katalon.selenium.driver.CChromeDriver
Capabilities {acceptInsecureCerts: false, browserName: chrome, browserVersion: 83.0.4103.97, chrome: {chromedriverVersion: 83.0.4103.39 (ccbf011cb2d2b..., userDataDir: C:\Users\Thanh\AppData\Loca...}, goog:chromeOptions: {debuggerAddress: localhost:57166}, javascriptEnabled: true, networkConnectionEnabled: false, pageLoadStrategy: normal, platform: WINDOWS, platformName: WINDOWS, proxy: Proxy(), setWindowRect: true, strictFileInteractability: false, timeouts: {implicit: 0, pageLoad: 300000, script: 30000}, unhandledPromptBehavior: dismiss and notify, webauthn:virtualAuthenticators: true}
Session ID: f85067dd7368c97c2dde61e29061b14f
*** Element info: {Using=xpath, value=//input[@id='searchUsers']}
	at org.openqa.selenium.remote.http.W3CHttpResponseCodec.createException(W3CHttpResponseCodec.java:187)
	at org.openqa.selenium.remote.http.W3CHttpResponseCodec.decode(W3CHttpResponseCodec.java:122)
	at org.openqa.selenium.remote.http.W3CHttpResponseCodec.decode(W3CHttpResponseCodec.java:49)
	at org.openqa.selenium.remote.HttpCommandExecutor.execute(HttpCommandExecutor.java:158)
	at org.openqa.selenium.remote.service.DriverCommandExecutor.execute(DriverCommandExecutor.java:83)
	at org.openqa.selenium.remote.RemoteWebDriver.execute(RemoteWebDriver.java:552)
	at com.kms.katalon.selenium.driver.CChromeDriver.execute(CChromeDriver.java:19)
	at org.openqa.selenium.remote.RemoteWebDriver.findElements(RemoteWebDriver.java:353)
	at org.openqa.selenium.remote.RemoteWebDriver.findElementsByXPath(RemoteWebDriver.java:432)
	at org.openqa.selenium.By$ByXPath.findElements(By.java:348)
	at org.openqa.selenium.remote.RemoteWebDriver.findElements(RemoteWebDriver.java:311)
	at org.openqa.selenium.support.events.EventFiringWebDriver.lambda$new$1(EventFiringWebDriver.java:105)
	at com.sun.proxy.$Proxy8.findElements(Unknown Source)
	at org.openqa.selenium.support.events.EventFiringWebDriver.findElements(EventFiringWebDriver.java:182)
	at com.kms.katalon.core.webui.common.WebUiCommonHelper.findWebElements(WebUiCommonHelper.java:789)
	at com.kms.katalon.core.webui.common.WebUiCommonHelper.findWebElement(WebUiCommonHelper.java:1150)
	at com.kms.katalon.core.webui.keyword.internal.WebUIAbstractKeyword.findWebElement(WebUIAbstractKeyword.groovy:27)
	at com.kms.katalon.core.webui.keyword.internal.WebUIAbstractKeyword.findWebElement(WebUIAbstractKeyword.groovy:26)
	at com.kms.katalon.core.webui.keyword.builtin.SetTextKeyword$_setText_closure1.doCall(SetTextKeyword.groovy:51)
	at com.kms.katalon.core.webui.keyword.builtin.SetTextKeyword$_setText_closure1.call(SetTextKeyword.groovy)
	at com.kms.katalon.core.webui.keyword.internal.WebUIKeywordMain.runKeyword(WebUIKeywordMain.groovy:20)
	... 19 more]]></system-err>
      </testcase>
      <testcase name="Test Cases/1612427/10_SetMinimum_Password" time="31.559" classname="Test Cases/1612427/10_SetMinimum_Password" status="PASSED">
         <system-out><![CDATA[2020-06-05 16:37:46 - [TEST_CASE][PASSED] - Test Cases/1612427/10_SetMinimum_Password: Test Cases/1612427/10_SetMinimum_Password

2020-06-05 16:37:46 - [TEST_STEP][PASSED] - openBrowser(""): Browser is opened with url: ''

2020-06-05 16:37:46 - [MESSAGE][WARNING] - A browser is already opened. Closing browser and opening a new one

2020-06-05 16:37:47 - [MESSAGE][INFO] - Starting 'Chrome' driver

2020-06-05 16:37:47 - [MESSAGE][INFO] - Action delay is set to 0 milliseconds

2020-06-05 16:37:50 - [MESSAGE][PASSED] - Browser is opened with url: ''

2020-06-05 16:37:50 - [TEST_STEP][PASSED] - navigateToUrl("http://localhost:8065/admin_console/user_management/users"): Navigate to 'http://localhost:8065/admin_console/user_management/users' successfully

2020-06-05 16:37:53 - [MESSAGE][PASSED] - Navigate to 'http://localhost:8065/admin_console/user_management/users' successfully

2020-06-05 16:37:53 - [TEST_STEP][PASSED] - setText(findTestObject("Object Repository/1612427/10_SetMinimun_Password/Page_Mattermost/input_All team communication in one place s_703ef5"), "hcmus-cdnc"): Text 'hcmus-cdnc' is set on object 'Object Repository/1612427/10_SetMinimun_Password/Page_Mattermost/input_All team communication in one place s_703ef5'

2020-06-05 16:38:08 - [MESSAGE][PASSED] - Text 'hcmus-cdnc' is set on object 'Object Repository/1612427/10_SetMinimun_Password/Page_Mattermost/input_All team communication in one place s_703ef5'

2020-06-05 16:38:08 - [TEST_STEP][PASSED] - setEncryptedText(findTestObject("Object Repository/1612427/10_SetMinimun_Password/Page_Mattermost/input_All team communication in one place s_2f2733"), "aeHFOx8jV/A="): Text ****** has been set on object 'Object Repository/1612427/10_SetMinimun_Password/Page_Mattermost/input_All team communication in one place s_2f2733'

2020-06-05 16:38:09 - [MESSAGE][PASSED] - Text ****** has been set on object 'Object Repository/1612427/10_SetMinimun_Password/Page_Mattermost/input_All team communication in one place s_2f2733'

2020-06-05 16:38:09 - [TEST_STEP][PASSED] - click(findTestObject("Object Repository/1612427/10_SetMinimun_Password/Page_Mattermost/button_Sign in")): Object: 'Object Repository/1612427/10_SetMinimun_Password/Page_Mattermost/button_Sign in' is clicked on

2020-06-05 16:38:10 - [MESSAGE][PASSED] - Object: 'Object Repository/1612427/10_SetMinimun_Password/Page_Mattermost/button_Sign in' is clicked on

2020-06-05 16:38:10 - [TEST_STEP][PASSED] - setText(findTestObject("Object Repository/1612427/10_SetMinimun_Password/Page_System Console - Mattermost/input_hcmus-cdnc_adminSidebarFilter"), "pass"): Text 'pass' is set on object 'Object Repository/1612427/10_SetMinimun_Password/Page_System Console - Mattermost/input_hcmus-cdnc_adminSidebarFilter'

2020-06-05 16:38:14 - [MESSAGE][PASSED] - Text 'pass' is set on object 'Object Repository/1612427/10_SetMinimun_Password/Page_System Console - Mattermost/input_hcmus-cdnc_adminSidebarFilter'

2020-06-05 16:38:14 - [TEST_STEP][PASSED] - click(findTestObject("Object Repository/1612427/10_SetMinimun_Password/Page_System Console - Mattermost/mark_Password")): Object: 'Object Repository/1612427/10_SetMinimun_Password/Page_System Console - Mattermost/mark_Password' is clicked on

2020-06-05 16:38:14 - [MESSAGE][PASSED] - Object: 'Object Repository/1612427/10_SetMinimun_Password/Page_System Console - Mattermost/mark_Password' is clicked on

2020-06-05 16:38:14 - [TEST_STEP][PASSED] - setText(findTestObject("Object Repository/1612427/10_SetMinimun_Password/Page_System Console - Mattermost/input_Password_passwordMinimumLength"), length): Text '12' is set on object 'Object Repository/1612427/10_SetMinimun_Password/Page_System Console - Mattermost/input_Password_passwordMinimumLength'

2020-06-05 16:38:15 - [MESSAGE][PASSED] - Text '12' is set on object 'Object Repository/1612427/10_SetMinimun_Password/Page_System Console - Mattermost/input_Password_passwordMinimumLength'

2020-06-05 16:38:15 - [TEST_STEP][PASSED] - click(findTestObject("Object Repository/1612427/10_SetMinimun_Password/Page_System Console - Mattermost/span_Save")): Object: 'Object Repository/1612427/10_SetMinimun_Password/Page_System Console - Mattermost/span_Save' is clicked on

2020-06-05 16:38:16 - [MESSAGE][PASSED] - Object: 'Object Repository/1612427/10_SetMinimun_Password/Page_System Console - Mattermost/span_Save' is clicked on

2020-06-05 16:38:16 - [TEST_STEP][PASSED] - closeBrowser(): Browser is closed

2020-06-05 16:38:17 - [MESSAGE][PASSED] - Browser is closed]]></system-out>
         <system-err><![CDATA[]]></system-err>
      </testcase>
      <testcase name="Test Cases/1612427/10_SetMinimum_Password" time="15.372" classname="Test Cases/1612427/10_SetMinimum_Password" status="PASSED">
         <system-out><![CDATA[2020-06-05 16:38:18 - [TEST_CASE][PASSED] - Test Cases/1612427/10_SetMinimum_Password: Test Cases/1612427/10_SetMinimum_Password

2020-06-05 16:38:18 - [TEST_STEP][PASSED] - openBrowser(""): Browser is opened with url: ''

2020-06-05 16:38:18 - [MESSAGE][INFO] - Starting 'Chrome' driver

2020-06-05 16:38:18 - [MESSAGE][INFO] - Action delay is set to 0 milliseconds

2020-06-05 16:38:21 - [MESSAGE][PASSED] - Browser is opened with url: ''

2020-06-05 16:38:21 - [TEST_STEP][PASSED] - navigateToUrl("http://localhost:8065/admin_console/user_management/users"): Navigate to 'http://localhost:8065/admin_console/user_management/users' successfully

2020-06-05 16:38:23 - [MESSAGE][PASSED] - Navigate to 'http://localhost:8065/admin_console/user_management/users' successfully

2020-06-05 16:38:23 - [TEST_STEP][PASSED] - setText(findTestObject("Object Repository/1612427/10_SetMinimun_Password/Page_Mattermost/input_All team communication in one place s_703ef5"), "hcmus-cdnc"): Text 'hcmus-cdnc' is set on object 'Object Repository/1612427/10_SetMinimun_Password/Page_Mattermost/input_All team communication in one place s_703ef5'

2020-06-05 16:38:25 - [MESSAGE][PASSED] - Text 'hcmus-cdnc' is set on object 'Object Repository/1612427/10_SetMinimun_Password/Page_Mattermost/input_All team communication in one place s_703ef5'

2020-06-05 16:38:25 - [TEST_STEP][PASSED] - setEncryptedText(findTestObject("Object Repository/1612427/10_SetMinimun_Password/Page_Mattermost/input_All team communication in one place s_2f2733"), "aeHFOx8jV/A="): Text ****** has been set on object 'Object Repository/1612427/10_SetMinimun_Password/Page_Mattermost/input_All team communication in one place s_2f2733'

2020-06-05 16:38:26 - [MESSAGE][PASSED] - Text ****** has been set on object 'Object Repository/1612427/10_SetMinimun_Password/Page_Mattermost/input_All team communication in one place s_2f2733'

2020-06-05 16:38:26 - [TEST_STEP][PASSED] - click(findTestObject("Object Repository/1612427/10_SetMinimun_Password/Page_Mattermost/button_Sign in")): Object: 'Object Repository/1612427/10_SetMinimun_Password/Page_Mattermost/button_Sign in' is clicked on

2020-06-05 16:38:27 - [MESSAGE][PASSED] - Object: 'Object Repository/1612427/10_SetMinimun_Password/Page_Mattermost/button_Sign in' is clicked on

2020-06-05 16:38:27 - [TEST_STEP][PASSED] - setText(findTestObject("Object Repository/1612427/10_SetMinimun_Password/Page_System Console - Mattermost/input_hcmus-cdnc_adminSidebarFilter"), "pass"): Text 'pass' is set on object 'Object Repository/1612427/10_SetMinimun_Password/Page_System Console - Mattermost/input_hcmus-cdnc_adminSidebarFilter'

2020-06-05 16:38:30 - [MESSAGE][PASSED] - Text 'pass' is set on object 'Object Repository/1612427/10_SetMinimun_Password/Page_System Console - Mattermost/input_hcmus-cdnc_adminSidebarFilter'

2020-06-05 16:38:30 - [TEST_STEP][PASSED] - click(findTestObject("Object Repository/1612427/10_SetMinimun_Password/Page_System Console - Mattermost/mark_Password")): Object: 'Object Repository/1612427/10_SetMinimun_Password/Page_System Console - Mattermost/mark_Password' is clicked on

2020-06-05 16:38:31 - [MESSAGE][PASSED] - Object: 'Object Repository/1612427/10_SetMinimun_Password/Page_System Console - Mattermost/mark_Password' is clicked on

2020-06-05 16:38:31 - [TEST_STEP][PASSED] - setText(findTestObject("Object Repository/1612427/10_SetMinimun_Password/Page_System Console - Mattermost/input_Password_passwordMinimumLength"), length): Text '1' is set on object 'Object Repository/1612427/10_SetMinimun_Password/Page_System Console - Mattermost/input_Password_passwordMinimumLength'

2020-06-05 16:38:32 - [MESSAGE][PASSED] - Text '1' is set on object 'Object Repository/1612427/10_SetMinimun_Password/Page_System Console - Mattermost/input_Password_passwordMinimumLength'

2020-06-05 16:38:32 - [TEST_STEP][PASSED] - click(findTestObject("Object Repository/1612427/10_SetMinimun_Password/Page_System Console - Mattermost/span_Save")): Object: 'Object Repository/1612427/10_SetMinimun_Password/Page_System Console - Mattermost/span_Save' is clicked on

2020-06-05 16:38:32 - [MESSAGE][PASSED] - Object: 'Object Repository/1612427/10_SetMinimun_Password/Page_System Console - Mattermost/span_Save' is clicked on

2020-06-05 16:38:32 - [TEST_STEP][PASSED] - closeBrowser(): Browser is closed

2020-06-05 16:38:33 - [MESSAGE][PASSED] - Browser is closed]]></system-out>
         <system-err><![CDATA[]]></system-err>
      </testcase>
      <testcase name="Test Cases/1612427/10_SetMinimum_Password" time="15.895" classname="Test Cases/1612427/10_SetMinimum_Password" status="PASSED">
         <system-out><![CDATA[2020-06-05 16:38:33 - [TEST_CASE][PASSED] - Test Cases/1612427/10_SetMinimum_Password: Test Cases/1612427/10_SetMinimum_Password

2020-06-05 16:38:33 - [TEST_STEP][PASSED] - openBrowser(""): Browser is opened with url: ''

2020-06-05 16:38:33 - [MESSAGE][INFO] - Starting 'Chrome' driver

2020-06-05 16:38:33 - [MESSAGE][INFO] - Action delay is set to 0 milliseconds

2020-06-05 16:38:37 - [MESSAGE][PASSED] - Browser is opened with url: ''

2020-06-05 16:38:37 - [TEST_STEP][PASSED] - navigateToUrl("http://localhost:8065/admin_console/user_management/users"): Navigate to 'http://localhost:8065/admin_console/user_management/users' successfully

2020-06-05 16:38:38 - [MESSAGE][PASSED] - Navigate to 'http://localhost:8065/admin_console/user_management/users' successfully

2020-06-05 16:38:38 - [TEST_STEP][PASSED] - setText(findTestObject("Object Repository/1612427/10_SetMinimun_Password/Page_Mattermost/input_All team communication in one place s_703ef5"), "hcmus-cdnc"): Text 'hcmus-cdnc' is set on object 'Object Repository/1612427/10_SetMinimun_Password/Page_Mattermost/input_All team communication in one place s_703ef5'

2020-06-05 16:38:41 - [MESSAGE][PASSED] - Text 'hcmus-cdnc' is set on object 'Object Repository/1612427/10_SetMinimun_Password/Page_Mattermost/input_All team communication in one place s_703ef5'

2020-06-05 16:38:41 - [TEST_STEP][PASSED] - setEncryptedText(findTestObject("Object Repository/1612427/10_SetMinimun_Password/Page_Mattermost/input_All team communication in one place s_2f2733"), "aeHFOx8jV/A="): Text ****** has been set on object 'Object Repository/1612427/10_SetMinimun_Password/Page_Mattermost/input_All team communication in one place s_2f2733'

2020-06-05 16:38:42 - [MESSAGE][PASSED] - Text ****** has been set on object 'Object Repository/1612427/10_SetMinimun_Password/Page_Mattermost/input_All team communication in one place s_2f2733'

2020-06-05 16:38:42 - [TEST_STEP][PASSED] - click(findTestObject("Object Repository/1612427/10_SetMinimun_Password/Page_Mattermost/button_Sign in")): Object: 'Object Repository/1612427/10_SetMinimun_Password/Page_Mattermost/button_Sign in' is clicked on

2020-06-05 16:38:42 - [MESSAGE][PASSED] - Object: 'Object Repository/1612427/10_SetMinimun_Password/Page_Mattermost/button_Sign in' is clicked on

2020-06-05 16:38:42 - [TEST_STEP][PASSED] - setText(findTestObject("Object Repository/1612427/10_SetMinimun_Password/Page_System Console - Mattermost/input_hcmus-cdnc_adminSidebarFilter"), "pass"): Text 'pass' is set on object 'Object Repository/1612427/10_SetMinimun_Password/Page_System Console - Mattermost/input_hcmus-cdnc_adminSidebarFilter'

2020-06-05 16:38:46 - [MESSAGE][PASSED] - Text 'pass' is set on object 'Object Repository/1612427/10_SetMinimun_Password/Page_System Console - Mattermost/input_hcmus-cdnc_adminSidebarFilter'

2020-06-05 16:38:46 - [TEST_STEP][PASSED] - click(findTestObject("Object Repository/1612427/10_SetMinimun_Password/Page_System Console - Mattermost/mark_Password")): Object: 'Object Repository/1612427/10_SetMinimun_Password/Page_System Console - Mattermost/mark_Password' is clicked on

2020-06-05 16:38:47 - [MESSAGE][PASSED] - Object: 'Object Repository/1612427/10_SetMinimun_Password/Page_System Console - Mattermost/mark_Password' is clicked on

2020-06-05 16:38:47 - [TEST_STEP][PASSED] - setText(findTestObject("Object Repository/1612427/10_SetMinimun_Password/Page_System Console - Mattermost/input_Password_passwordMinimumLength"), length): Text '2' is set on object 'Object Repository/1612427/10_SetMinimun_Password/Page_System Console - Mattermost/input_Password_passwordMinimumLength'

2020-06-05 16:38:48 - [MESSAGE][PASSED] - Text '2' is set on object 'Object Repository/1612427/10_SetMinimun_Password/Page_System Console - Mattermost/input_Password_passwordMinimumLength'

2020-06-05 16:38:48 - [TEST_STEP][PASSED] - click(findTestObject("Object Repository/1612427/10_SetMinimun_Password/Page_System Console - Mattermost/span_Save")): Object: 'Object Repository/1612427/10_SetMinimun_Password/Page_System Console - Mattermost/span_Save' is clicked on

2020-06-05 16:38:48 - [MESSAGE][PASSED] - Object: 'Object Repository/1612427/10_SetMinimun_Password/Page_System Console - Mattermost/span_Save' is clicked on

2020-06-05 16:38:48 - [TEST_STEP][PASSED] - closeBrowser(): Browser is closed

2020-06-05 16:38:49 - [MESSAGE][PASSED] - Browser is closed]]></system-out>
         <system-err><![CDATA[]]></system-err>
      </testcase>
      <testcase name="Test Cases/1612427/10_SetMinimum_Password" time="16.857" classname="Test Cases/1612427/10_SetMinimum_Password" status="PASSED">
         <system-out><![CDATA[2020-06-05 16:38:49 - [TEST_CASE][PASSED] - Test Cases/1612427/10_SetMinimum_Password: Test Cases/1612427/10_SetMinimum_Password

2020-06-05 16:38:49 - [TEST_STEP][PASSED] - openBrowser(""): Browser is opened with url: ''

2020-06-05 16:38:49 - [MESSAGE][INFO] - Starting 'Chrome' driver

2020-06-05 16:38:49 - [MESSAGE][INFO] - Action delay is set to 0 milliseconds

2020-06-05 16:38:53 - [MESSAGE][PASSED] - Browser is opened with url: ''

2020-06-05 16:38:53 - [TEST_STEP][PASSED] - navigateToUrl("http://localhost:8065/admin_console/user_management/users"): Navigate to 'http://localhost:8065/admin_console/user_management/users' successfully

2020-06-05 16:38:55 - [MESSAGE][PASSED] - Navigate to 'http://localhost:8065/admin_console/user_management/users' successfully

2020-06-05 16:38:55 - [TEST_STEP][PASSED] - setText(findTestObject("Object Repository/1612427/10_SetMinimun_Password/Page_Mattermost/input_All team communication in one place s_703ef5"), "hcmus-cdnc"): Text 'hcmus-cdnc' is set on object 'Object Repository/1612427/10_SetMinimun_Password/Page_Mattermost/input_All team communication in one place s_703ef5'

2020-06-05 16:38:58 - [MESSAGE][PASSED] - Text 'hcmus-cdnc' is set on object 'Object Repository/1612427/10_SetMinimun_Password/Page_Mattermost/input_All team communication in one place s_703ef5'

2020-06-05 16:38:58 - [TEST_STEP][PASSED] - setEncryptedText(findTestObject("Object Repository/1612427/10_SetMinimun_Password/Page_Mattermost/input_All team communication in one place s_2f2733"), "aeHFOx8jV/A="): Text ****** has been set on object 'Object Repository/1612427/10_SetMinimun_Password/Page_Mattermost/input_All team communication in one place s_2f2733'

2020-06-05 16:38:58 - [MESSAGE][PASSED] - Text ****** has been set on object 'Object Repository/1612427/10_SetMinimun_Password/Page_Mattermost/input_All team communication in one place s_2f2733'

2020-06-05 16:38:58 - [TEST_STEP][PASSED] - click(findTestObject("Object Repository/1612427/10_SetMinimun_Password/Page_Mattermost/button_Sign in")): Object: 'Object Repository/1612427/10_SetMinimun_Password/Page_Mattermost/button_Sign in' is clicked on

2020-06-05 16:38:59 - [MESSAGE][PASSED] - Object: 'Object Repository/1612427/10_SetMinimun_Password/Page_Mattermost/button_Sign in' is clicked on

2020-06-05 16:38:59 - [TEST_STEP][PASSED] - setText(findTestObject("Object Repository/1612427/10_SetMinimun_Password/Page_System Console - Mattermost/input_hcmus-cdnc_adminSidebarFilter"), "pass"): Text 'pass' is set on object 'Object Repository/1612427/10_SetMinimun_Password/Page_System Console - Mattermost/input_hcmus-cdnc_adminSidebarFilter'

2020-06-05 16:39:02 - [MESSAGE][PASSED] - Text 'pass' is set on object 'Object Repository/1612427/10_SetMinimun_Password/Page_System Console - Mattermost/input_hcmus-cdnc_adminSidebarFilter'

2020-06-05 16:39:02 - [TEST_STEP][PASSED] - click(findTestObject("Object Repository/1612427/10_SetMinimun_Password/Page_System Console - Mattermost/mark_Password")): Object: 'Object Repository/1612427/10_SetMinimun_Password/Page_System Console - Mattermost/mark_Password' is clicked on

2020-06-05 16:39:03 - [MESSAGE][PASSED] - Object: 'Object Repository/1612427/10_SetMinimun_Password/Page_System Console - Mattermost/mark_Password' is clicked on

2020-06-05 16:39:03 - [TEST_STEP][PASSED] - setText(findTestObject("Object Repository/1612427/10_SetMinimun_Password/Page_System Console - Mattermost/input_Password_passwordMinimumLength"), length): Text '5' is set on object 'Object Repository/1612427/10_SetMinimun_Password/Page_System Console - Mattermost/input_Password_passwordMinimumLength'

2020-06-05 16:39:04 - [MESSAGE][PASSED] - Text '5' is set on object 'Object Repository/1612427/10_SetMinimun_Password/Page_System Console - Mattermost/input_Password_passwordMinimumLength'

2020-06-05 16:39:04 - [TEST_STEP][PASSED] - click(findTestObject("Object Repository/1612427/10_SetMinimun_Password/Page_System Console - Mattermost/span_Save")): Object: 'Object Repository/1612427/10_SetMinimun_Password/Page_System Console - Mattermost/span_Save' is clicked on

2020-06-05 16:39:05 - [MESSAGE][PASSED] - Object: 'Object Repository/1612427/10_SetMinimun_Password/Page_System Console - Mattermost/span_Save' is clicked on

2020-06-05 16:39:05 - [TEST_STEP][PASSED] - closeBrowser(): Browser is closed

2020-06-05 16:39:06 - [MESSAGE][PASSED] - Browser is closed]]></system-out>
         <system-err><![CDATA[]]></system-err>
      </testcase>
      <testcase name="Test Cases/1612427/10_SetMinimum_Password" time="20.797" classname="Test Cases/1612427/10_SetMinimum_Password" status="PASSED">
         <system-out><![CDATA[2020-06-05 16:39:06 - [TEST_CASE][PASSED] - Test Cases/1612427/10_SetMinimum_Password: Test Cases/1612427/10_SetMinimum_Password

2020-06-05 16:39:06 - [TEST_STEP][PASSED] - openBrowser(""): Browser is opened with url: ''

2020-06-05 16:39:06 - [MESSAGE][INFO] - Starting 'Chrome' driver

2020-06-05 16:39:06 - [MESSAGE][INFO] - Action delay is set to 0 milliseconds

2020-06-05 16:39:09 - [MESSAGE][PASSED] - Browser is opened with url: ''

2020-06-05 16:39:09 - [TEST_STEP][PASSED] - navigateToUrl("http://localhost:8065/admin_console/user_management/users"): Navigate to 'http://localhost:8065/admin_console/user_management/users' successfully

2020-06-05 16:39:12 - [MESSAGE][PASSED] - Navigate to 'http://localhost:8065/admin_console/user_management/users' successfully

2020-06-05 16:39:12 - [TEST_STEP][PASSED] - setText(findTestObject("Object Repository/1612427/10_SetMinimun_Password/Page_Mattermost/input_All team communication in one place s_703ef5"), "hcmus-cdnc"): Text 'hcmus-cdnc' is set on object 'Object Repository/1612427/10_SetMinimun_Password/Page_Mattermost/input_All team communication in one place s_703ef5'

2020-06-05 16:39:16 - [MESSAGE][PASSED] - Text 'hcmus-cdnc' is set on object 'Object Repository/1612427/10_SetMinimun_Password/Page_Mattermost/input_All team communication in one place s_703ef5'

2020-06-05 16:39:16 - [TEST_STEP][PASSED] - setEncryptedText(findTestObject("Object Repository/1612427/10_SetMinimun_Password/Page_Mattermost/input_All team communication in one place s_2f2733"), "aeHFOx8jV/A="): Text ****** has been set on object 'Object Repository/1612427/10_SetMinimun_Password/Page_Mattermost/input_All team communication in one place s_2f2733'

2020-06-05 16:39:17 - [MESSAGE][PASSED] - Text ****** has been set on object 'Object Repository/1612427/10_SetMinimun_Password/Page_Mattermost/input_All team communication in one place s_2f2733'

2020-06-05 16:39:17 - [TEST_STEP][PASSED] - click(findTestObject("Object Repository/1612427/10_SetMinimun_Password/Page_Mattermost/button_Sign in")): Object: 'Object Repository/1612427/10_SetMinimun_Password/Page_Mattermost/button_Sign in' is clicked on

2020-06-05 16:39:17 - [MESSAGE][PASSED] - Object: 'Object Repository/1612427/10_SetMinimun_Password/Page_Mattermost/button_Sign in' is clicked on

2020-06-05 16:39:17 - [TEST_STEP][PASSED] - setText(findTestObject("Object Repository/1612427/10_SetMinimun_Password/Page_System Console - Mattermost/input_hcmus-cdnc_adminSidebarFilter"), "pass"): Text 'pass' is set on object 'Object Repository/1612427/10_SetMinimun_Password/Page_System Console - Mattermost/input_hcmus-cdnc_adminSidebarFilter'

2020-06-05 16:39:22 - [MESSAGE][PASSED] - Text 'pass' is set on object 'Object Repository/1612427/10_SetMinimun_Password/Page_System Console - Mattermost/input_hcmus-cdnc_adminSidebarFilter'

2020-06-05 16:39:22 - [TEST_STEP][PASSED] - click(findTestObject("Object Repository/1612427/10_SetMinimun_Password/Page_System Console - Mattermost/mark_Password")): Object: 'Object Repository/1612427/10_SetMinimun_Password/Page_System Console - Mattermost/mark_Password' is clicked on

2020-06-05 16:39:22 - [MESSAGE][PASSED] - Object: 'Object Repository/1612427/10_SetMinimun_Password/Page_System Console - Mattermost/mark_Password' is clicked on

2020-06-05 16:39:22 - [TEST_STEP][PASSED] - setText(findTestObject("Object Repository/1612427/10_SetMinimun_Password/Page_System Console - Mattermost/input_Password_passwordMinimumLength"), length): Text '10' is set on object 'Object Repository/1612427/10_SetMinimun_Password/Page_System Console - Mattermost/input_Password_passwordMinimumLength'

2020-06-05 16:39:23 - [MESSAGE][PASSED] - Text '10' is set on object 'Object Repository/1612427/10_SetMinimun_Password/Page_System Console - Mattermost/input_Password_passwordMinimumLength'

2020-06-05 16:39:23 - [TEST_STEP][PASSED] - click(findTestObject("Object Repository/1612427/10_SetMinimun_Password/Page_System Console - Mattermost/span_Save")): Object: 'Object Repository/1612427/10_SetMinimun_Password/Page_System Console - Mattermost/span_Save' is clicked on

2020-06-05 16:39:24 - [MESSAGE][PASSED] - Object: 'Object Repository/1612427/10_SetMinimun_Password/Page_System Console - Mattermost/span_Save' is clicked on

2020-06-05 16:39:24 - [TEST_STEP][PASSED] - closeBrowser(): Browser is closed

2020-06-05 16:39:27 - [MESSAGE][PASSED] - Browser is closed]]></system-out>
         <system-err><![CDATA[]]></system-err>
      </testcase>
      <testcase name="Test Cases/1612427/11_Notification" time="135.586" classname="Test Cases/1612427/11_Notification" status="PASSED">
         <system-out><![CDATA[2020-06-05 16:39:27 - [TEST_CASE][PASSED] - Test Cases/1612427/11_Notification: Test Cases/1612427/11_Notification

2020-06-05 16:39:27 - [TEST_STEP][PASSED] - openBrowser(""): Browser is opened with url: ''

2020-06-05 16:39:27 - [MESSAGE][INFO] - Starting 'Chrome' driver

2020-06-05 16:39:27 - [MESSAGE][INFO] - Action delay is set to 0 milliseconds

2020-06-05 16:39:31 - [MESSAGE][PASSED] - Browser is opened with url: ''

2020-06-05 16:39:31 - [TEST_STEP][PASSED] - navigateToUrl("http://localhost:8065/login"): Navigate to 'http://localhost:8065/login' successfully

2020-06-05 16:39:37 - [MESSAGE][PASSED] - Navigate to 'http://localhost:8065/login' successfully

2020-06-05 16:39:37 - [TEST_STEP][PASSED] - setText(findTestObject("Object Repository/1612427/02_ChangePassword/Page_Mattermost/input_All team communication in one place s_703ef5"), "hcmus-cdnc"): Text 'hcmus-cdnc' is set on object 'Object Repository/1612427/02_ChangePassword/Page_Mattermost/input_All team communication in one place s_703ef5'

2020-06-05 16:39:46 - [MESSAGE][PASSED] - Text 'hcmus-cdnc' is set on object 'Object Repository/1612427/02_ChangePassword/Page_Mattermost/input_All team communication in one place s_703ef5'

2020-06-05 16:39:46 - [TEST_STEP][PASSED] - setEncryptedText(findTestObject("Object Repository/1612427/02_ChangePassword/Page_Mattermost/input_All team communication in one place s_2f2733"), "aeHFOx8jV/A="): Text ****** has been set on object 'Object Repository/1612427/02_ChangePassword/Page_Mattermost/input_All team communication in one place s_2f2733'

2020-06-05 16:39:48 - [MESSAGE][PASSED] - Text ****** has been set on object 'Object Repository/1612427/02_ChangePassword/Page_Mattermost/input_All team communication in one place s_2f2733'

2020-06-05 16:39:48 - [TEST_STEP][PASSED] - click(findTestObject("Object Repository/1612427/02_ChangePassword/Page_Mattermost/span_Sign in")): Object: 'Object Repository/1612427/02_ChangePassword/Page_Mattermost/span_Sign in' is clicked on

2020-06-05 16:39:50 - [MESSAGE][PASSED] - Object: 'Object Repository/1612427/02_ChangePassword/Page_Mattermost/span_Sign in' is clicked on

2020-06-05 16:39:50 - [TEST_STEP][PASSED] - click(findTestObject("Object Repository/1612427/02_ChangePassword/Page_Town Square - minus Mattermost/span")): Object: 'Object Repository/1612427/02_ChangePassword/Page_Town Square - minus Mattermost/span' is clicked on

2020-06-05 16:40:00 - [MESSAGE][PASSED] - Object: 'Object Repository/1612427/02_ChangePassword/Page_Town Square - minus Mattermost/span' is clicked on

2020-06-05 16:40:00 - [TEST_STEP][PASSED] - click(findTestObject("Object Repository/1612427/02_ChangePassword/Page_Town Square - minus Mattermost/span_Account Settings")): Object: 'Object Repository/1612427/02_ChangePassword/Page_Town Square - minus Mattermost/span_Account Settings' is clicked on

2020-06-05 16:40:02 - [MESSAGE][PASSED] - Object: 'Object Repository/1612427/02_ChangePassword/Page_Town Square - minus Mattermost/span_Account Settings' is clicked on

2020-06-05 16:40:02 - [TEST_STEP][PASSED] - click(findTestObject("Object Repository/1612427/11_Notification/Page_Town Square - minus Mattermost/button_Notifications")): Object: 'Object Repository/1612427/11_Notification/Page_Town Square - minus Mattermost/button_Notifications' is clicked on

2020-06-05 16:40:04 - [MESSAGE][PASSED] - Object: 'Object Repository/1612427/11_Notification/Page_Town Square - minus Mattermost/button_Notifications' is clicked on

2020-06-05 16:40:04 - [TEST_STEP][PASSED] - click(findTestObject("Object Repository/1612427/11_Notification/Page_Town Square - minus Mattermost/span_Edit")): Object: 'Object Repository/1612427/11_Notification/Page_Town Square - minus Mattermost/span_Edit' is clicked on

2020-06-05 16:40:38 - [MESSAGE][PASSED] - Object: 'Object Repository/1612427/11_Notification/Page_Town Square - minus Mattermost/span_Edit' is clicked on

2020-06-05 16:40:38 - [TEST_STEP][PASSED] - if (findTestObject("Object Repository/1612427/11_Notification/Page_Town Square - minus Mattermost/label_Never")): Object: 'Object Repository/1612427/11_Notification/Page_Town Square - minus Mattermost/label_Never' is clicked on

2020-06-05 16:40:39 - [TEST_STEP][PASSED] - click(findTestObject("Object Repository/1612427/11_Notification/Page_Town Square - minus Mattermost/label_Never")): Object: 'Object Repository/1612427/11_Notification/Page_Town Square - minus Mattermost/label_Never' is clicked on

2020-06-05 16:40:40 - [MESSAGE][PASSED] - Object: 'Object Repository/1612427/11_Notification/Page_Town Square - minus Mattermost/label_Never' is clicked on

2020-06-05 16:40:40 - [TEST_STEP][PASSED] - if (findTestObject("Object Repository/1612427/11_Notification/Page_Town Square - minus Mattermost/label_Only for mentions and direct messages")): Test object with id 'Object Repository/1612427/11_Notification/Page_Town Square - minus Mattermost/label_Only for mentions and direct messages' does not exist

2020-06-05 16:40:40 - [MESSAGE][WARNING] - Test object with id 'Object Repository/1612427/11_Notification/Page_Town Square - minus Mattermost/label_Only for mentions and direct messages' does not exist

2020-06-05 16:40:40 - [TEST_STEP][PASSED] - click(findTestObject("Object Repository/1612427/11_Notification/Page_Town Square - minus Mattermost/span_Save")): Object: 'Object Repository/1612427/11_Notification/Page_Town Square - minus Mattermost/span_Save' is clicked on

2020-06-05 16:40:42 - [MESSAGE][PASSED] - Object: 'Object Repository/1612427/11_Notification/Page_Town Square - minus Mattermost/span_Save' is clicked on

2020-06-05 16:40:42 - [TEST_STEP][PASSED] - closeBrowser(): Browser is closed

2020-06-05 16:41:42 - [MESSAGE][PASSED] - Browser is closed]]></system-out>
         <system-err><![CDATA[]]></system-err>
      </testcase>
      <testcase name="Test Cases/1612427/12_Create_Channel" time="61.089" classname="Test Cases/1612427/12_Create_Channel" status="PASSED">
         <system-out><![CDATA[2020-06-05 16:41:42 - [TEST_CASE][PASSED] - Test Cases/1612427/12_Create_Channel: Test Cases/1612427/12_Create_Channel

2020-06-05 16:41:46 - [TEST_STEP][PASSED] - openBrowser(""): Browser is opened with url: ''

2020-06-05 16:41:46 - [MESSAGE][INFO] - Starting 'Chrome' driver

2020-06-05 16:41:46 - [MESSAGE][INFO] - Action delay is set to 0 milliseconds

2020-06-05 16:41:54 - [MESSAGE][PASSED] - Browser is opened with url: ''

2020-06-05 16:41:54 - [TEST_STEP][PASSED] - setViewPortSize(1600, 1500): Viewport is set to new size with width = 1600 and height = 1500

2020-06-05 16:42:06 - [MESSAGE][PASSED] - Viewport is set to new size with width = 1600 and height = 1500

2020-06-05 16:42:06 - [TEST_STEP][PASSED] - navigateToUrl("http://localhost:8065/reiciendis-0/channels/town-square"): Navigate to 'http://localhost:8065/reiciendis-0/channels/town-square' successfully

2020-06-05 16:42:11 - [MESSAGE][PASSED] - Navigate to 'http://localhost:8065/reiciendis-0/channels/town-square' successfully

2020-06-05 16:42:11 - [TEST_STEP][PASSED] - setText(findTestObject("Object Repository/1612427/12_Create_Channel/Page_Mattermost/input_All team communication in one place s_703ef5"), "hcmus-cdnc"): Text 'hcmus-cdnc' is set on object 'Object Repository/1612427/12_Create_Channel/Page_Mattermost/input_All team communication in one place s_703ef5'

2020-06-05 16:42:15 - [MESSAGE][PASSED] - Text 'hcmus-cdnc' is set on object 'Object Repository/1612427/12_Create_Channel/Page_Mattermost/input_All team communication in one place s_703ef5'

2020-06-05 16:42:15 - [TEST_STEP][PASSED] - setEncryptedText(findTestObject("Object Repository/1612427/12_Create_Channel/Page_Mattermost/input_All team communication in one place s_2f2733"), "aeHFOx8jV/A="): Text ****** has been set on object 'Object Repository/1612427/12_Create_Channel/Page_Mattermost/input_All team communication in one place s_2f2733'

2020-06-05 16:42:16 - [MESSAGE][PASSED] - Text ****** has been set on object 'Object Repository/1612427/12_Create_Channel/Page_Mattermost/input_All team communication in one place s_2f2733'

2020-06-05 16:42:16 - [TEST_STEP][PASSED] - click(findTestObject("Object Repository/1612427/12_Create_Channel/Page_Mattermost/span_Sign in")): Object: 'Object Repository/1612427/12_Create_Channel/Page_Mattermost/span_Sign in' is clicked on

2020-06-05 16:42:16 - [MESSAGE][PASSED] - Object: 'Object Repository/1612427/12_Create_Channel/Page_Mattermost/span_Sign in' is clicked on

2020-06-05 16:42:16 - [TEST_STEP][PASSED] - click(findTestObject("Object Repository/1612427/12_Create_Channel/Page_Town Square - minus Mattermost/span_")): Object: 'Object Repository/1612427/12_Create_Channel/Page_Town Square - minus Mattermost/span_' is clicked on

2020-06-05 16:42:22 - [MESSAGE][PASSED] - Object: 'Object Repository/1612427/12_Create_Channel/Page_Town Square - minus Mattermost/span_' is clicked on

2020-06-05 16:42:22 - [TEST_STEP][PASSED] - setText(findTestObject("Object Repository/1612427/12_Create_Channel/Page_Town Square - minus Mattermost/input_Name_newChannelName"), "general"): Text 'general' is set on object 'Object Repository/1612427/12_Create_Channel/Page_Town Square - minus Mattermost/input_Name_newChannelName'

2020-06-05 16:42:23 - [MESSAGE][PASSED] - Text 'general' is set on object 'Object Repository/1612427/12_Create_Channel/Page_Town Square - minus Mattermost/input_Name_newChannelName'

2020-06-05 16:42:23 - [TEST_STEP][PASSED] - click(findTestObject("Object Repository/1612427/12_Create_Channel/Page_Town Square - minus Mattermost/span_Create Channel")): Object: 'Object Repository/1612427/12_Create_Channel/Page_Town Square - minus Mattermost/span_Create Channel' is clicked on

2020-06-05 16:42:24 - [MESSAGE][PASSED] - Object: 'Object Repository/1612427/12_Create_Channel/Page_Town Square - minus Mattermost/span_Create Channel' is clicked on

2020-06-05 16:42:24 - [TEST_STEP][PASSED] - if (findTestObject("Object Repository/1612427/12_Create_Channel/Page_Town Square - minus Mattermost/p_A channel with that name already exists o_b26172")): Text 'general1' is set on object 'Object Repository/1612427/12_Create_Channel/Page_Town Square - minus Mattermost/input_httplocis-0channels_form-control'

2020-06-05 16:42:30 - [TEST_STEP][PASSED] - click(findTestObject("Object Repository/1612427/12_Create_Channel/Page_Town Square - minus Mattermost/span_Edit")): Object: 'Object Repository/1612427/12_Create_Channel/Page_Town Square - minus Mattermost/span_Edit' is clicked on

2020-06-05 16:42:34 - [MESSAGE][PASSED] - Object: 'Object Repository/1612427/12_Create_Channel/Page_Town Square - minus Mattermost/span_Edit' is clicked on

2020-06-05 16:42:34 - [TEST_STEP][PASSED] - setText(findTestObject("Object Repository/1612427/12_Create_Channel/Page_Town Square - minus Mattermost/input_httplocis-0channels_form-control"), "general1"): Text 'general1' is set on object 'Object Repository/1612427/12_Create_Channel/Page_Town Square - minus Mattermost/input_httplocis-0channels_form-control'

2020-06-05 16:42:37 - [MESSAGE][PASSED] - Text 'general1' is set on object 'Object Repository/1612427/12_Create_Channel/Page_Town Square - minus Mattermost/input_httplocis-0channels_form-control'

2020-06-05 16:42:37 - [TEST_STEP][PASSED] - closeBrowser(): Browser is closed

2020-06-05 16:42:44 - [MESSAGE][PASSED] - Browser is closed]]></system-out>
         <system-err><![CDATA[]]></system-err>
      </testcase>
      <testcase name="Test Cases/1612427/13_UnmuteChannel" time="50.397" classname="Test Cases/1612427/13_UnmuteChannel" status="FAILED">
         <failure type="FAILED" message="Test Cases/1612427/13_UnmuteChannel FAILED.
Reason:
com.kms.katalon.core.exception.StepFailedException: Unable to click on object 'Object Repository/1612427/13_UnmuteChannel/Page_Town Square - minus Mattermost/span_Town Square_channelHeaderDropdownIcon'
	at com.kms.katalon.core.webui.keyword.internal.WebUIKeywordMain.stepFailed(WebUIKeywordMain.groovy:64)
	at com.kms.katalon.core.webui.keyword.internal.WebUIKeywordMain.runKeyword(WebUIKeywordMain.groovy:26)
	at com.kms.katalon.core.webui.keyword.builtin.ClickKeyword.click(ClickKeyword.groovy:76)
	at com.kms.katalon.core.webui.keyword.builtin.ClickKeyword.execute(ClickKeyword.groovy:43)
	at com.kms.katalon.core.keyword.internal.KeywordExecutor.executeKeywordForPlatform(KeywordExecutor.groovy:72)
	at com.kms.katalon.core.webui.keyword.WebUiBuiltInKeywords.click(WebUiBuiltInKeywords.groovy:616)
	at com.kms.katalon.core.webui.keyword.WebUiBuiltInKeywords$click$3.call(Unknown Source)
	at 13_UnmuteChannel.run(13_UnmuteChannel:31)
	at com.kms.katalon.core.main.ScriptEngine.run(ScriptEngine.java:194)
	at com.kms.katalon.core.main.ScriptEngine.runScriptAsRawText(ScriptEngine.java:119)
	at com.kms.katalon.core.main.TestCaseExecutor.runScript(TestCaseExecutor.java:337)
	at com.kms.katalon.core.main.TestCaseExecutor.doExecute(TestCaseExecutor.java:328)
	at com.kms.katalon.core.main.TestCaseExecutor.processExecutionPhase(TestCaseExecutor.java:307)
	at com.kms.katalon.core.main.TestCaseExecutor.accessMainPhase(TestCaseExecutor.java:299)
	at com.kms.katalon.core.main.TestCaseExecutor.execute(TestCaseExecutor.java:233)
	at com.kms.katalon.core.main.TestSuiteExecutor.accessTestCaseMainPhase(TestSuiteExecutor.java:169)
	at com.kms.katalon.core.main.TestSuiteExecutor.accessTestSuiteMainPhase(TestSuiteExecutor.java:142)
	at com.kms.katalon.core.main.TestSuiteExecutor.execute(TestSuiteExecutor.java:91)
	at com.kms.katalon.core.main.TestCaseMain.startTestSuite(TestCaseMain.java:157)
	at com.kms.katalon.core.main.TestCaseMain$startTestSuite$0.call(Unknown Source)
	at TempTestSuite1591347278292.run(TempTestSuite1591347278292.groovy:37)
Caused by: org.openqa.selenium.WebDriverException: chrome not reachable
  (Session info: chrome=83.0.4103.97)
Build info: version: '3.141.59', revision: 'e82be7d358', time: '2018-11-14T08:25:53'
System info: host: 'DESKTOP-SGC4F2H', ip: '172.25.32.1', os.name: 'Windows 10', os.arch: 'amd64', os.version: '10.0', java.version: '1.8.0_181'
Driver info: com.kms.katalon.selenium.driver.CChromeDriver
Capabilities {acceptInsecureCerts: false, browserName: chrome, browserVersion: 83.0.4103.97, chrome: {chromedriverVersion: 83.0.4103.39 (ccbf011cb2d2b..., userDataDir: C:\Users\Thanh\AppData\Loca...}, goog:chromeOptions: {debuggerAddress: localhost:57601}, javascriptEnabled: true, networkConnectionEnabled: false, pageLoadStrategy: normal, platform: WINDOWS, platformName: WINDOWS, proxy: Proxy(), setWindowRect: true, strictFileInteractability: false, timeouts: {implicit: 0, pageLoad: 300000, script: 30000}, unhandledPromptBehavior: dismiss and notify, webauthn:virtualAuthenticators: true}
Session ID: 755c0c8c181516fb2427451e03bc5dbd
*** Element info: {Using=xpath, value=//span[@id='channelHeaderDropdownIcon']}
	at org.openqa.selenium.remote.http.W3CHttpResponseCodec.createException(W3CHttpResponseCodec.java:187)
	at org.openqa.selenium.remote.http.W3CHttpResponseCodec.decode(W3CHttpResponseCodec.java:122)
	at org.openqa.selenium.remote.http.W3CHttpResponseCodec.decode(W3CHttpResponseCodec.java:49)
	at org.openqa.selenium.remote.HttpCommandExecutor.execute(HttpCommandExecutor.java:158)
	at org.openqa.selenium.remote.service.DriverCommandExecutor.execute(DriverCommandExecutor.java:83)
	at org.openqa.selenium.remote.RemoteWebDriver.execute(RemoteWebDriver.java:552)
	at com.kms.katalon.selenium.driver.CChromeDriver.execute(CChromeDriver.java:19)
	at org.openqa.selenium.remote.RemoteWebDriver.findElements(RemoteWebDriver.java:353)
	at org.openqa.selenium.remote.RemoteWebDriver.findElementsByXPath(RemoteWebDriver.java:432)
	at org.openqa.selenium.By$ByXPath.findElements(By.java:348)
	at org.openqa.selenium.remote.RemoteWebDriver.findElements(RemoteWebDriver.java:311)
	at org.openqa.selenium.support.events.EventFiringWebDriver.lambda$new$1(EventFiringWebDriver.java:105)
	at com.sun.proxy.$Proxy8.findElements(Unknown Source)
	at org.openqa.selenium.support.events.EventFiringWebDriver.findElements(EventFiringWebDriver.java:182)
	at com.kms.katalon.core.webui.common.WebUiCommonHelper.findWebElements(WebUiCommonHelper.java:789)
	at com.kms.katalon.core.webui.common.WebUiCommonHelper.findWebElement(WebUiCommonHelper.java:1150)
	at com.kms.katalon.core.webui.keyword.internal.WebUIAbstractKeyword.findWebElement(WebUIAbstractKeyword.groovy:27)
	at com.kms.katalon.core.webui.keyword.internal.WebUIAbstractKeyword.findWebElement(WebUIAbstractKeyword.groovy:26)
	at com.kms.katalon.core.webui.keyword.builtin.ClickKeyword$_click_closure1.doCall(ClickKeyword.groovy:67)
	at com.kms.katalon.core.webui.keyword.builtin.ClickKeyword$_click_closure1.call(ClickKeyword.groovy)
	at com.kms.katalon.core.webui.keyword.internal.WebUIKeywordMain.runKeyword(WebUIKeywordMain.groovy:20)
	... 19 more
"/>
         <system-out><![CDATA[2020-06-05 16:42:44 - [TEST_CASE][FAILED] - Test Cases/1612427/13_UnmuteChannel: Test Cases/1612427/13_UnmuteChannel FAILED.
Reason:
com.kms.katalon.core.exception.StepFailedException: Unable to click on object 'Object Repository/1612427/13_UnmuteChannel/Page_Town Square - minus Mattermost/span_Town Square_channelHeaderDropdownIcon'
	at com.kms.katalon.core.webui.keyword.internal.WebUIKeywordMain.stepFailed(WebUIKeywordMain.groovy:64)
	at com.kms.katalon.core.webui.keyword.internal.WebUIKeywordMain.runKeyword(WebUIKeywordMain.groovy:26)
	at com.kms.katalon.core.webui.keyword.builtin.ClickKeyword.click(ClickKeyword.groovy:76)
	at com.kms.katalon.core.webui.keyword.builtin.ClickKeyword.execute(ClickKeyword.groovy:43)
	at com.kms.katalon.core.keyword.internal.KeywordExecutor.executeKeywordForPlatform(KeywordExecutor.groovy:72)
	at com.kms.katalon.core.webui.keyword.WebUiBuiltInKeywords.click(WebUiBuiltInKeywords.groovy:616)
	at com.kms.katalon.core.webui.keyword.WebUiBuiltInKeywords$click$3.call(Unknown Source)
	at 13_UnmuteChannel.run(13_UnmuteChannel:31)
	at com.kms.katalon.core.main.ScriptEngine.run(ScriptEngine.java:194)
	at com.kms.katalon.core.main.ScriptEngine.runScriptAsRawText(ScriptEngine.java:119)
	at com.kms.katalon.core.main.TestCaseExecutor.runScript(TestCaseExecutor.java:337)
	at com.kms.katalon.core.main.TestCaseExecutor.doExecute(TestCaseExecutor.java:328)
	at com.kms.katalon.core.main.TestCaseExecutor.processExecutionPhase(TestCaseExecutor.java:307)
	at com.kms.katalon.core.main.TestCaseExecutor.accessMainPhase(TestCaseExecutor.java:299)
	at com.kms.katalon.core.main.TestCaseExecutor.execute(TestCaseExecutor.java:233)
	at com.kms.katalon.core.main.TestSuiteExecutor.accessTestCaseMainPhase(TestSuiteExecutor.java:169)
	at com.kms.katalon.core.main.TestSuiteExecutor.accessTestSuiteMainPhase(TestSuiteExecutor.java:142)
	at com.kms.katalon.core.main.TestSuiteExecutor.execute(TestSuiteExecutor.java:91)
	at com.kms.katalon.core.main.TestCaseMain.startTestSuite(TestCaseMain.java:157)
	at com.kms.katalon.core.main.TestCaseMain$startTestSuite$0.call(Unknown Source)
	at TempTestSuite1591347278292.run(TempTestSuite1591347278292.groovy:37)
Caused by: org.openqa.selenium.WebDriverException: chrome not reachable
  (Session info: chrome=83.0.4103.97)
Build info: version: '3.141.59', revision: 'e82be7d358', time: '2018-11-14T08:25:53'
System info: host: 'DESKTOP-SGC4F2H', ip: '172.25.32.1', os.name: 'Windows 10', os.arch: 'amd64', os.version: '10.0', java.version: '1.8.0_181'
Driver info: com.kms.katalon.selenium.driver.CChromeDriver
Capabilities {acceptInsecureCerts: false, browserName: chrome, browserVersion: 83.0.4103.97, chrome: {chromedriverVersion: 83.0.4103.39 (ccbf011cb2d2b..., userDataDir: C:\Users\Thanh\AppData\Loca...}, goog:chromeOptions: {debuggerAddress: localhost:57601}, javascriptEnabled: true, networkConnectionEnabled: false, pageLoadStrategy: normal, platform: WINDOWS, platformName: WINDOWS, proxy: Proxy(), setWindowRect: true, strictFileInteractability: false, timeouts: {implicit: 0, pageLoad: 300000, script: 30000}, unhandledPromptBehavior: dismiss and notify, webauthn:virtualAuthenticators: true}
Session ID: 755c0c8c181516fb2427451e03bc5dbd
*** Element info: {Using=xpath, value=//span[@id='channelHeaderDropdownIcon']}
	at org.openqa.selenium.remote.http.W3CHttpResponseCodec.createException(W3CHttpResponseCodec.java:187)
	at org.openqa.selenium.remote.http.W3CHttpResponseCodec.decode(W3CHttpResponseCodec.java:122)
	at org.openqa.selenium.remote.http.W3CHttpResponseCodec.decode(W3CHttpResponseCodec.java:49)
	at org.openqa.selenium.remote.HttpCommandExecutor.execute(HttpCommandExecutor.java:158)
	at org.openqa.selenium.remote.service.DriverCommandExecutor.execute(DriverCommandExecutor.java:83)
	at org.openqa.selenium.remote.RemoteWebDriver.execute(RemoteWebDriver.java:552)
	at com.kms.katalon.selenium.driver.CChromeDriver.execute(CChromeDriver.java:19)
	at org.openqa.selenium.remote.RemoteWebDriver.findElements(RemoteWebDriver.java:353)
	at org.openqa.selenium.remote.RemoteWebDriver.findElementsByXPath(RemoteWebDriver.java:432)
	at org.openqa.selenium.By$ByXPath.findElements(By.java:348)
	at org.openqa.selenium.remote.RemoteWebDriver.findElements(RemoteWebDriver.java:311)
	at org.openqa.selenium.support.events.EventFiringWebDriver.lambda$new$1(EventFiringWebDriver.java:105)
	at com.sun.proxy.$Proxy8.findElements(Unknown Source)
	at org.openqa.selenium.support.events.EventFiringWebDriver.findElements(EventFiringWebDriver.java:182)
	at com.kms.katalon.core.webui.common.WebUiCommonHelper.findWebElements(WebUiCommonHelper.java:789)
	at com.kms.katalon.core.webui.common.WebUiCommonHelper.findWebElement(WebUiCommonHelper.java:1150)
	at com.kms.katalon.core.webui.keyword.internal.WebUIAbstractKeyword.findWebElement(WebUIAbstractKeyword.groovy:27)
	at com.kms.katalon.core.webui.keyword.internal.WebUIAbstractKeyword.findWebElement(WebUIAbstractKeyword.groovy:26)
	at com.kms.katalon.core.webui.keyword.builtin.ClickKeyword$_click_closure1.doCall(ClickKeyword.groovy:67)
	at com.kms.katalon.core.webui.keyword.builtin.ClickKeyword$_click_closure1.call(ClickKeyword.groovy)
	at com.kms.katalon.core.webui.keyword.internal.WebUIKeywordMain.runKeyword(WebUIKeywordMain.groovy:20)
	... 19 more


2020-06-05 16:42:45 - [TEST_STEP][PASSED] - openBrowser(""): Browser is opened with url: ''

2020-06-05 16:42:45 - [MESSAGE][INFO] - Starting 'Chrome' driver

2020-06-05 16:42:45 - [MESSAGE][INFO] - Action delay is set to 0 milliseconds

2020-06-05 16:42:49 - [MESSAGE][PASSED] - Browser is opened with url: ''

2020-06-05 16:42:49 - [TEST_STEP][PASSED] - navigateToUrl("http://localhost:8065/login"): Navigate to 'http://localhost:8065/login' successfully

2020-06-05 16:43:02 - [MESSAGE][PASSED] - Navigate to 'http://localhost:8065/login' successfully

2020-06-05 16:43:02 - [TEST_STEP][PASSED] - setText(findTestObject("Object Repository/1612427/13_UnmuteChannel/Page_Mattermost/input_All team communication in one place s_703ef5"), "hcmus-cdnc"): Text 'hcmus-cdnc' is set on object 'Object Repository/1612427/13_UnmuteChannel/Page_Mattermost/input_All team communication in one place s_703ef5'

2020-06-05 16:43:04 - [MESSAGE][PASSED] - Text 'hcmus-cdnc' is set on object 'Object Repository/1612427/13_UnmuteChannel/Page_Mattermost/input_All team communication in one place s_703ef5'

2020-06-05 16:43:04 - [TEST_STEP][PASSED] - setEncryptedText(findTestObject("Object Repository/1612427/13_UnmuteChannel/Page_Mattermost/input_All team communication in one place s_2f2733"), "aeHFOx8jV/A="): Text ****** has been set on object 'Object Repository/1612427/13_UnmuteChannel/Page_Mattermost/input_All team communication in one place s_2f2733'

2020-06-05 16:43:05 - [MESSAGE][PASSED] - Text ****** has been set on object 'Object Repository/1612427/13_UnmuteChannel/Page_Mattermost/input_All team communication in one place s_2f2733'

2020-06-05 16:43:05 - [TEST_STEP][PASSED] - click(findTestObject("Object Repository/1612427/13_UnmuteChannel/Page_Mattermost/span_Sign in")): Object: 'Object Repository/1612427/13_UnmuteChannel/Page_Mattermost/span_Sign in' is clicked on

2020-06-05 16:43:05 - [MESSAGE][PASSED] - Object: 'Object Repository/1612427/13_UnmuteChannel/Page_Mattermost/span_Sign in' is clicked on

2020-06-05 16:43:05 - [TEST_STEP][FAILED] - click(findTestObject("Object Repository/1612427/13_UnmuteChannel/Page_Town Square - minus Mattermost/span_Town Square_channelHeaderDropdownIcon")): Unable to click on object 'Object Repository/1612427/13_UnmuteChannel/Page_Town Square - minus Mattermost/span_Town Square_channelHeaderDropdownIcon' (Root cause: com.kms.katalon.core.exception.StepFailedException: Unable to click on object 'Object Repository/1612427/13_UnmuteChannel/Page_Town Square - minus Mattermost/span_Town Square_channelHeaderDropdownIcon'
	at com.kms.katalon.core.webui.keyword.internal.WebUIKeywordMain.stepFailed(WebUIKeywordMain.groovy:64)
	at com.kms.katalon.core.webui.keyword.internal.WebUIKeywordMain.runKeyword(WebUIKeywordMain.groovy:26)
	at com.kms.katalon.core.webui.keyword.builtin.ClickKeyword.click(ClickKeyword.groovy:76)
	at com.kms.katalon.core.webui.keyword.builtin.ClickKeyword.execute(ClickKeyword.groovy:43)
	at com.kms.katalon.core.keyword.internal.KeywordExecutor.executeKeywordForPlatform(KeywordExecutor.groovy:72)
	at com.kms.katalon.core.webui.keyword.WebUiBuiltInKeywords.click(WebUiBuiltInKeywords.groovy:616)
	at com.kms.katalon.core.webui.keyword.WebUiBuiltInKeywords$click$3.call(Unknown Source)
	at 13_UnmuteChannel.run(13_UnmuteChannel:31)
	at com.kms.katalon.core.main.ScriptEngine.run(ScriptEngine.java:194)
	at com.kms.katalon.core.main.ScriptEngine.runScriptAsRawText(ScriptEngine.java:119)
	at com.kms.katalon.core.main.TestCaseExecutor.runScript(TestCaseExecutor.java:337)
	at com.kms.katalon.core.main.TestCaseExecutor.doExecute(TestCaseExecutor.java:328)
	at com.kms.katalon.core.main.TestCaseExecutor.processExecutionPhase(TestCaseExecutor.java:307)
	at com.kms.katalon.core.main.TestCaseExecutor.accessMainPhase(TestCaseExecutor.java:299)
	at com.kms.katalon.core.main.TestCaseExecutor.execute(TestCaseExecutor.java:233)
	at com.kms.katalon.core.main.TestSuiteExecutor.accessTestCaseMainPhase(TestSuiteExecutor.java:169)
	at com.kms.katalon.core.main.TestSuiteExecutor.accessTestSuiteMainPhase(TestSuiteExecutor.java:142)
	at com.kms.katalon.core.main.TestSuiteExecutor.execute(TestSuiteExecutor.java:91)
	at com.kms.katalon.core.main.TestCaseMain.startTestSuite(TestCaseMain.java:157)
	at com.kms.katalon.core.main.TestCaseMain$startTestSuite$0.call(Unknown Source)
	at TempTestSuite1591347278292.run(TempTestSuite1591347278292.groovy:37)
Caused by: org.openqa.selenium.WebDriverException: chrome not reachable
  (Session info: chrome=83.0.4103.97)
Build info: version: '3.141.59', revision: 'e82be7d358', time: '2018-11-14T08:25:53'
System info: host: 'DESKTOP-SGC4F2H', ip: '172.25.32.1', os.name: 'Windows 10', os.arch: 'amd64', os.version: '10.0', java.version: '1.8.0_181'
Driver info: com.kms.katalon.selenium.driver.CChromeDriver
Capabilities {acceptInsecureCerts: false, browserName: chrome, browserVersion: 83.0.4103.97, chrome: {chromedriverVersion: 83.0.4103.39 (ccbf011cb2d2b..., userDataDir: C:\Users\Thanh\AppData\Loca...}, goog:chromeOptions: {debuggerAddress: localhost:57601}, javascriptEnabled: true, networkConnectionEnabled: false, pageLoadStrategy: normal, platform: WINDOWS, platformName: WINDOWS, proxy: Proxy(), setWindowRect: true, strictFileInteractability: false, timeouts: {implicit: 0, pageLoad: 300000, script: 30000}, unhandledPromptBehavior: dismiss and notify, webauthn:virtualAuthenticators: true}
Session ID: 755c0c8c181516fb2427451e03bc5dbd
*** Element info: {Using=xpath, value=//span[@id='channelHeaderDropdownIcon']}
	at org.openqa.selenium.remote.http.W3CHttpResponseCodec.createException(W3CHttpResponseCodec.java:187)
	at org.openqa.selenium.remote.http.W3CHttpResponseCodec.decode(W3CHttpResponseCodec.java:122)
	at org.openqa.selenium.remote.http.W3CHttpResponseCodec.decode(W3CHttpResponseCodec.java:49)
	at org.openqa.selenium.remote.HttpCommandExecutor.execute(HttpCommandExecutor.java:158)
	at org.openqa.selenium.remote.service.DriverCommandExecutor.execute(DriverCommandExecutor.java:83)
	at org.openqa.selenium.remote.RemoteWebDriver.execute(RemoteWebDriver.java:552)
	at com.kms.katalon.selenium.driver.CChromeDriver.execute(CChromeDriver.java:19)
	at org.openqa.selenium.remote.RemoteWebDriver.findElements(RemoteWebDriver.java:353)
	at org.openqa.selenium.remote.RemoteWebDriver.findElementsByXPath(RemoteWebDriver.java:432)
	at org.openqa.selenium.By$ByXPath.findElements(By.java:348)
	at org.openqa.selenium.remote.RemoteWebDriver.findElements(RemoteWebDriver.java:311)
	at org.openqa.selenium.support.events.EventFiringWebDriver.lambda$new$1(EventFiringWebDriver.java:105)
	at com.sun.proxy.$Proxy8.findElements(Unknown Source)
	at org.openqa.selenium.support.events.EventFiringWebDriver.findElements(EventFiringWebDriver.java:182)
	at com.kms.katalon.core.webui.common.WebUiCommonHelper.findWebElements(WebUiCommonHelper.java:789)
	at com.kms.katalon.core.webui.common.WebUiCommonHelper.findWebElement(WebUiCommonHelper.java:1150)
	at com.kms.katalon.core.webui.keyword.internal.WebUIAbstractKeyword.findWebElement(WebUIAbstractKeyword.groovy:27)
	at com.kms.katalon.core.webui.keyword.internal.WebUIAbstractKeyword.findWebElement(WebUIAbstractKeyword.groovy:26)
	at com.kms.katalon.core.webui.keyword.builtin.ClickKeyword$_click_closure1.doCall(ClickKeyword.groovy:67)
	at com.kms.katalon.core.webui.keyword.builtin.ClickKeyword$_click_closure1.call(ClickKeyword.groovy)
	at com.kms.katalon.core.webui.keyword.internal.WebUIKeywordMain.runKeyword(WebUIKeywordMain.groovy:20)
	at com.kms.katalon.core.webui.keyword.builtin.ClickKeyword.click(ClickKeyword.groovy:76)
	at com.kms.katalon.core.webui.keyword.builtin.ClickKeyword.execute(ClickKeyword.groovy:43)
	at com.kms.katalon.core.keyword.internal.KeywordExecutor.executeKeywordForPlatform(KeywordExecutor.groovy:72)
	at com.kms.katalon.core.webui.keyword.WebUiBuiltInKeywords.click(WebUiBuiltInKeywords.groovy:616)
	at com.kms.katalon.core.webui.keyword.WebUiBuiltInKeywords$click$3.call(Unknown Source)
	at Script1591098254829.run(Script1591098254829.groovy:31)
	... 13 more
)

2020-06-05 16:43:34 - [MESSAGE][WARNING] - Cannot take screenshot

2020-06-05 16:43:34 - [MESSAGE][FAILED] - Unable to click on object 'Object Repository/1612427/13_UnmuteChannel/Page_Town Square - minus Mattermost/span_Town Square_channelHeaderDropdownIcon' (Root cause: com.kms.katalon.core.exception.StepFailedException: Unable to click on object 'Object Repository/1612427/13_UnmuteChannel/Page_Town Square - minus Mattermost/span_Town Square_channelHeaderDropdownIcon'
	at com.kms.katalon.core.webui.keyword.internal.WebUIKeywordMain.stepFailed(WebUIKeywordMain.groovy:64)
	at com.kms.katalon.core.webui.keyword.internal.WebUIKeywordMain.runKeyword(WebUIKeywordMain.groovy:26)
	at com.kms.katalon.core.webui.keyword.builtin.ClickKeyword.click(ClickKeyword.groovy:76)
	at com.kms.katalon.core.webui.keyword.builtin.ClickKeyword.execute(ClickKeyword.groovy:43)
	at com.kms.katalon.core.keyword.internal.KeywordExecutor.executeKeywordForPlatform(KeywordExecutor.groovy:72)
	at com.kms.katalon.core.webui.keyword.WebUiBuiltInKeywords.click(WebUiBuiltInKeywords.groovy:616)
	at com.kms.katalon.core.webui.keyword.WebUiBuiltInKeywords$click$3.call(Unknown Source)
	at 13_UnmuteChannel.run(13_UnmuteChannel:31)
	at com.kms.katalon.core.main.ScriptEngine.run(ScriptEngine.java:194)
	at com.kms.katalon.core.main.ScriptEngine.runScriptAsRawText(ScriptEngine.java:119)
	at com.kms.katalon.core.main.TestCaseExecutor.runScript(TestCaseExecutor.java:337)
	at com.kms.katalon.core.main.TestCaseExecutor.doExecute(TestCaseExecutor.java:328)
	at com.kms.katalon.core.main.TestCaseExecutor.processExecutionPhase(TestCaseExecutor.java:307)
	at com.kms.katalon.core.main.TestCaseExecutor.accessMainPhase(TestCaseExecutor.java:299)
	at com.kms.katalon.core.main.TestCaseExecutor.execute(TestCaseExecutor.java:233)
	at com.kms.katalon.core.main.TestSuiteExecutor.accessTestCaseMainPhase(TestSuiteExecutor.java:169)
	at com.kms.katalon.core.main.TestSuiteExecutor.accessTestSuiteMainPhase(TestSuiteExecutor.java:142)
	at com.kms.katalon.core.main.TestSuiteExecutor.execute(TestSuiteExecutor.java:91)
	at com.kms.katalon.core.main.TestCaseMain.startTestSuite(TestCaseMain.java:157)
	at com.kms.katalon.core.main.TestCaseMain$startTestSuite$0.call(Unknown Source)
	at TempTestSuite1591347278292.run(TempTestSuite1591347278292.groovy:37)
Caused by: org.openqa.selenium.WebDriverException: chrome not reachable
  (Session info: chrome=83.0.4103.97)
Build info: version: '3.141.59', revision: 'e82be7d358', time: '2018-11-14T08:25:53'
System info: host: 'DESKTOP-SGC4F2H', ip: '172.25.32.1', os.name: 'Windows 10', os.arch: 'amd64', os.version: '10.0', java.version: '1.8.0_181'
Driver info: com.kms.katalon.selenium.driver.CChromeDriver
Capabilities {acceptInsecureCerts: false, browserName: chrome, browserVersion: 83.0.4103.97, chrome: {chromedriverVersion: 83.0.4103.39 (ccbf011cb2d2b..., userDataDir: C:\Users\Thanh\AppData\Loca...}, goog:chromeOptions: {debuggerAddress: localhost:57601}, javascriptEnabled: true, networkConnectionEnabled: false, pageLoadStrategy: normal, platform: WINDOWS, platformName: WINDOWS, proxy: Proxy(), setWindowRect: true, strictFileInteractability: false, timeouts: {implicit: 0, pageLoad: 300000, script: 30000}, unhandledPromptBehavior: dismiss and notify, webauthn:virtualAuthenticators: true}
Session ID: 755c0c8c181516fb2427451e03bc5dbd
*** Element info: {Using=xpath, value=//span[@id='channelHeaderDropdownIcon']}
	at org.openqa.selenium.remote.http.W3CHttpResponseCodec.createException(W3CHttpResponseCodec.java:187)
	at org.openqa.selenium.remote.http.W3CHttpResponseCodec.decode(W3CHttpResponseCodec.java:122)
	at org.openqa.selenium.remote.http.W3CHttpResponseCodec.decode(W3CHttpResponseCodec.java:49)
	at org.openqa.selenium.remote.HttpCommandExecutor.execute(HttpCommandExecutor.java:158)
	at org.openqa.selenium.remote.service.DriverCommandExecutor.execute(DriverCommandExecutor.java:83)
	at org.openqa.selenium.remote.RemoteWebDriver.execute(RemoteWebDriver.java:552)
	at com.kms.katalon.selenium.driver.CChromeDriver.execute(CChromeDriver.java:19)
	at org.openqa.selenium.remote.RemoteWebDriver.findElements(RemoteWebDriver.java:353)
	at org.openqa.selenium.remote.RemoteWebDriver.findElementsByXPath(RemoteWebDriver.java:432)
	at org.openqa.selenium.By$ByXPath.findElements(By.java:348)
	at org.openqa.selenium.remote.RemoteWebDriver.findElements(RemoteWebDriver.java:311)
	at org.openqa.selenium.support.events.EventFiringWebDriver.lambda$new$1(EventFiringWebDriver.java:105)
	at com.sun.proxy.$Proxy8.findElements(Unknown Source)
	at org.openqa.selenium.support.events.EventFiringWebDriver.findElements(EventFiringWebDriver.java:182)
	at com.kms.katalon.core.webui.common.WebUiCommonHelper.findWebElements(WebUiCommonHelper.java:789)
	at com.kms.katalon.core.webui.common.WebUiCommonHelper.findWebElement(WebUiCommonHelper.java:1150)
	at com.kms.katalon.core.webui.keyword.internal.WebUIAbstractKeyword.findWebElement(WebUIAbstractKeyword.groovy:27)
	at com.kms.katalon.core.webui.keyword.internal.WebUIAbstractKeyword.findWebElement(WebUIAbstractKeyword.groovy:26)
	at com.kms.katalon.core.webui.keyword.builtin.ClickKeyword$_click_closure1.doCall(ClickKeyword.groovy:67)
	at com.kms.katalon.core.webui.keyword.builtin.ClickKeyword$_click_closure1.call(ClickKeyword.groovy)
	at com.kms.katalon.core.webui.keyword.internal.WebUIKeywordMain.runKeyword(WebUIKeywordMain.groovy:20)
	at com.kms.katalon.core.webui.keyword.builtin.ClickKeyword.click(ClickKeyword.groovy:76)
	at com.kms.katalon.core.webui.keyword.builtin.ClickKeyword.execute(ClickKeyword.groovy:43)
	at com.kms.katalon.core.keyword.internal.KeywordExecutor.executeKeywordForPlatform(KeywordExecutor.groovy:72)
	at com.kms.katalon.core.webui.keyword.WebUiBuiltInKeywords.click(WebUiBuiltInKeywords.groovy:616)
	at com.kms.katalon.core.webui.keyword.WebUiBuiltInKeywords$click$3.call(Unknown Source)
	at Script1591098254829.run(Script1591098254829.groovy:31)
	... 13 more
)]]></system-out>
         <system-err><![CDATA[2020-06-05 16:42:44 - [TEST_CASE][FAILED] - Test Cases/1612427/13_UnmuteChannel: Test Cases/1612427/13_UnmuteChannel FAILED.
Reason:
com.kms.katalon.core.exception.StepFailedException: Unable to click on object 'Object Repository/1612427/13_UnmuteChannel/Page_Town Square - minus Mattermost/span_Town Square_channelHeaderDropdownIcon'
	at com.kms.katalon.core.webui.keyword.internal.WebUIKeywordMain.stepFailed(WebUIKeywordMain.groovy:64)
	at com.kms.katalon.core.webui.keyword.internal.WebUIKeywordMain.runKeyword(WebUIKeywordMain.groovy:26)
	at com.kms.katalon.core.webui.keyword.builtin.ClickKeyword.click(ClickKeyword.groovy:76)
	at com.kms.katalon.core.webui.keyword.builtin.ClickKeyword.execute(ClickKeyword.groovy:43)
	at com.kms.katalon.core.keyword.internal.KeywordExecutor.executeKeywordForPlatform(KeywordExecutor.groovy:72)
	at com.kms.katalon.core.webui.keyword.WebUiBuiltInKeywords.click(WebUiBuiltInKeywords.groovy:616)
	at com.kms.katalon.core.webui.keyword.WebUiBuiltInKeywords$click$3.call(Unknown Source)
	at 13_UnmuteChannel.run(13_UnmuteChannel:31)
	at com.kms.katalon.core.main.ScriptEngine.run(ScriptEngine.java:194)
	at com.kms.katalon.core.main.ScriptEngine.runScriptAsRawText(ScriptEngine.java:119)
	at com.kms.katalon.core.main.TestCaseExecutor.runScript(TestCaseExecutor.java:337)
	at com.kms.katalon.core.main.TestCaseExecutor.doExecute(TestCaseExecutor.java:328)
	at com.kms.katalon.core.main.TestCaseExecutor.processExecutionPhase(TestCaseExecutor.java:307)
	at com.kms.katalon.core.main.TestCaseExecutor.accessMainPhase(TestCaseExecutor.java:299)
	at com.kms.katalon.core.main.TestCaseExecutor.execute(TestCaseExecutor.java:233)
	at com.kms.katalon.core.main.TestSuiteExecutor.accessTestCaseMainPhase(TestSuiteExecutor.java:169)
	at com.kms.katalon.core.main.TestSuiteExecutor.accessTestSuiteMainPhase(TestSuiteExecutor.java:142)
	at com.kms.katalon.core.main.TestSuiteExecutor.execute(TestSuiteExecutor.java:91)
	at com.kms.katalon.core.main.TestCaseMain.startTestSuite(TestCaseMain.java:157)
	at com.kms.katalon.core.main.TestCaseMain$startTestSuite$0.call(Unknown Source)
	at TempTestSuite1591347278292.run(TempTestSuite1591347278292.groovy:37)
Caused by: org.openqa.selenium.WebDriverException: chrome not reachable
  (Session info: chrome=83.0.4103.97)
Build info: version: '3.141.59', revision: 'e82be7d358', time: '2018-11-14T08:25:53'
System info: host: 'DESKTOP-SGC4F2H', ip: '172.25.32.1', os.name: 'Windows 10', os.arch: 'amd64', os.version: '10.0', java.version: '1.8.0_181'
Driver info: com.kms.katalon.selenium.driver.CChromeDriver
Capabilities {acceptInsecureCerts: false, browserName: chrome, browserVersion: 83.0.4103.97, chrome: {chromedriverVersion: 83.0.4103.39 (ccbf011cb2d2b..., userDataDir: C:\Users\Thanh\AppData\Loca...}, goog:chromeOptions: {debuggerAddress: localhost:57601}, javascriptEnabled: true, networkConnectionEnabled: false, pageLoadStrategy: normal, platform: WINDOWS, platformName: WINDOWS, proxy: Proxy(), setWindowRect: true, strictFileInteractability: false, timeouts: {implicit: 0, pageLoad: 300000, script: 30000}, unhandledPromptBehavior: dismiss and notify, webauthn:virtualAuthenticators: true}
Session ID: 755c0c8c181516fb2427451e03bc5dbd
*** Element info: {Using=xpath, value=//span[@id='channelHeaderDropdownIcon']}
	at org.openqa.selenium.remote.http.W3CHttpResponseCodec.createException(W3CHttpResponseCodec.java:187)
	at org.openqa.selenium.remote.http.W3CHttpResponseCodec.decode(W3CHttpResponseCodec.java:122)
	at org.openqa.selenium.remote.http.W3CHttpResponseCodec.decode(W3CHttpResponseCodec.java:49)
	at org.openqa.selenium.remote.HttpCommandExecutor.execute(HttpCommandExecutor.java:158)
	at org.openqa.selenium.remote.service.DriverCommandExecutor.execute(DriverCommandExecutor.java:83)
	at org.openqa.selenium.remote.RemoteWebDriver.execute(RemoteWebDriver.java:552)
	at com.kms.katalon.selenium.driver.CChromeDriver.execute(CChromeDriver.java:19)
	at org.openqa.selenium.remote.RemoteWebDriver.findElements(RemoteWebDriver.java:353)
	at org.openqa.selenium.remote.RemoteWebDriver.findElementsByXPath(RemoteWebDriver.java:432)
	at org.openqa.selenium.By$ByXPath.findElements(By.java:348)
	at org.openqa.selenium.remote.RemoteWebDriver.findElements(RemoteWebDriver.java:311)
	at org.openqa.selenium.support.events.EventFiringWebDriver.lambda$new$1(EventFiringWebDriver.java:105)
	at com.sun.proxy.$Proxy8.findElements(Unknown Source)
	at org.openqa.selenium.support.events.EventFiringWebDriver.findElements(EventFiringWebDriver.java:182)
	at com.kms.katalon.core.webui.common.WebUiCommonHelper.findWebElements(WebUiCommonHelper.java:789)
	at com.kms.katalon.core.webui.common.WebUiCommonHelper.findWebElement(WebUiCommonHelper.java:1150)
	at com.kms.katalon.core.webui.keyword.internal.WebUIAbstractKeyword.findWebElement(WebUIAbstractKeyword.groovy:27)
	at com.kms.katalon.core.webui.keyword.internal.WebUIAbstractKeyword.findWebElement(WebUIAbstractKeyword.groovy:26)
	at com.kms.katalon.core.webui.keyword.builtin.ClickKeyword$_click_closure1.doCall(ClickKeyword.groovy:67)
	at com.kms.katalon.core.webui.keyword.builtin.ClickKeyword$_click_closure1.call(ClickKeyword.groovy)
	at com.kms.katalon.core.webui.keyword.internal.WebUIKeywordMain.runKeyword(WebUIKeywordMain.groovy:20)
	... 19 more]]></system-err>
      </testcase>
      <testcase name="Test Cases/1612427/14_Hide_PinPosts" time="60.761" classname="Test Cases/1612427/14_Hide_PinPosts" status="FAILED">
         <failure type="FAILED" message="Test Cases/1612427/14_Hide_PinPosts FAILED.
Reason:
com.kms.katalon.core.exception.StepFailedException: Unable to click on object 'Object Repository/1612427/14_Hide_PinPosts/Page_Town Square - minus Mattermost/svg'
	at com.kms.katalon.core.webui.keyword.internal.WebUIKeywordMain.stepFailed(WebUIKeywordMain.groovy:64)
	at com.kms.katalon.core.webui.keyword.internal.WebUIKeywordMain.runKeyword(WebUIKeywordMain.groovy:26)
	at com.kms.katalon.core.webui.keyword.builtin.ClickKeyword.click(ClickKeyword.groovy:76)
	at com.kms.katalon.core.webui.keyword.builtin.ClickKeyword.execute(ClickKeyword.groovy:43)
	at com.kms.katalon.core.keyword.internal.KeywordExecutor.executeKeywordForPlatform(KeywordExecutor.groovy:72)
	at com.kms.katalon.core.webui.keyword.WebUiBuiltInKeywords.click(WebUiBuiltInKeywords.groovy:616)
	at com.kms.katalon.core.webui.keyword.WebUiBuiltInKeywords$click$3.call(Unknown Source)
	at 14_Hide_PinPosts.run(14_Hide_PinPosts:31)
	at com.kms.katalon.core.main.ScriptEngine.run(ScriptEngine.java:194)
	at com.kms.katalon.core.main.ScriptEngine.runScriptAsRawText(ScriptEngine.java:119)
	at com.kms.katalon.core.main.TestCaseExecutor.runScript(TestCaseExecutor.java:337)
	at com.kms.katalon.core.main.TestCaseExecutor.doExecute(TestCaseExecutor.java:328)
	at com.kms.katalon.core.main.TestCaseExecutor.processExecutionPhase(TestCaseExecutor.java:307)
	at com.kms.katalon.core.main.TestCaseExecutor.accessMainPhase(TestCaseExecutor.java:299)
	at com.kms.katalon.core.main.TestCaseExecutor.execute(TestCaseExecutor.java:233)
	at com.kms.katalon.core.main.TestSuiteExecutor.accessTestCaseMainPhase(TestSuiteExecutor.java:169)
	at com.kms.katalon.core.main.TestSuiteExecutor.accessTestSuiteMainPhase(TestSuiteExecutor.java:142)
	at com.kms.katalon.core.main.TestSuiteExecutor.execute(TestSuiteExecutor.java:91)
	at com.kms.katalon.core.main.TestCaseMain.startTestSuite(TestCaseMain.java:157)
	at com.kms.katalon.core.main.TestCaseMain$startTestSuite$0.call(Unknown Source)
	at TempTestSuite1591347278292.run(TempTestSuite1591347278292.groovy:37)
Caused by: com.kms.katalon.core.webui.exception.WebElementNotFoundException: Web element with id: 'Object Repository/1612427/14_Hide_PinPosts/Page_Town Square - minus Mattermost/svg' located by 'By.xpath: (.//*[normalize-space(text()) and normalize-space(.)='(Edit)'])[1]/following::*[name()='svg'][2]' not found
	at com.kms.katalon.core.webui.common.WebUiCommonHelper.findWebElement(WebUiCommonHelper.java:1154)
	at com.kms.katalon.core.webui.keyword.internal.WebUIAbstractKeyword.findWebElement(WebUIAbstractKeyword.groovy:27)
	at com.kms.katalon.core.webui.keyword.internal.WebUIAbstractKeyword.findWebElement(WebUIAbstractKeyword.groovy:26)
	at com.kms.katalon.core.webui.keyword.builtin.ClickKeyword$_click_closure1.doCall(ClickKeyword.groovy:67)
	at com.kms.katalon.core.webui.keyword.builtin.ClickKeyword$_click_closure1.call(ClickKeyword.groovy)
	at com.kms.katalon.core.webui.keyword.internal.WebUIKeywordMain.runKeyword(WebUIKeywordMain.groovy:20)
	... 19 more
"/>
         <system-out><![CDATA[2020-06-05 16:43:34 - [TEST_CASE][FAILED] - Test Cases/1612427/14_Hide_PinPosts: Test Cases/1612427/14_Hide_PinPosts FAILED.
Reason:
com.kms.katalon.core.exception.StepFailedException: Unable to click on object 'Object Repository/1612427/14_Hide_PinPosts/Page_Town Square - minus Mattermost/svg'
	at com.kms.katalon.core.webui.keyword.internal.WebUIKeywordMain.stepFailed(WebUIKeywordMain.groovy:64)
	at com.kms.katalon.core.webui.keyword.internal.WebUIKeywordMain.runKeyword(WebUIKeywordMain.groovy:26)
	at com.kms.katalon.core.webui.keyword.builtin.ClickKeyword.click(ClickKeyword.groovy:76)
	at com.kms.katalon.core.webui.keyword.builtin.ClickKeyword.execute(ClickKeyword.groovy:43)
	at com.kms.katalon.core.keyword.internal.KeywordExecutor.executeKeywordForPlatform(KeywordExecutor.groovy:72)
	at com.kms.katalon.core.webui.keyword.WebUiBuiltInKeywords.click(WebUiBuiltInKeywords.groovy:616)
	at com.kms.katalon.core.webui.keyword.WebUiBuiltInKeywords$click$3.call(Unknown Source)
	at 14_Hide_PinPosts.run(14_Hide_PinPosts:31)
	at com.kms.katalon.core.main.ScriptEngine.run(ScriptEngine.java:194)
	at com.kms.katalon.core.main.ScriptEngine.runScriptAsRawText(ScriptEngine.java:119)
	at com.kms.katalon.core.main.TestCaseExecutor.runScript(TestCaseExecutor.java:337)
	at com.kms.katalon.core.main.TestCaseExecutor.doExecute(TestCaseExecutor.java:328)
	at com.kms.katalon.core.main.TestCaseExecutor.processExecutionPhase(TestCaseExecutor.java:307)
	at com.kms.katalon.core.main.TestCaseExecutor.accessMainPhase(TestCaseExecutor.java:299)
	at com.kms.katalon.core.main.TestCaseExecutor.execute(TestCaseExecutor.java:233)
	at com.kms.katalon.core.main.TestSuiteExecutor.accessTestCaseMainPhase(TestSuiteExecutor.java:169)
	at com.kms.katalon.core.main.TestSuiteExecutor.accessTestSuiteMainPhase(TestSuiteExecutor.java:142)
	at com.kms.katalon.core.main.TestSuiteExecutor.execute(TestSuiteExecutor.java:91)
	at com.kms.katalon.core.main.TestCaseMain.startTestSuite(TestCaseMain.java:157)
	at com.kms.katalon.core.main.TestCaseMain$startTestSuite$0.call(Unknown Source)
	at TempTestSuite1591347278292.run(TempTestSuite1591347278292.groovy:37)
Caused by: com.kms.katalon.core.webui.exception.WebElementNotFoundException: Web element with id: 'Object Repository/1612427/14_Hide_PinPosts/Page_Town Square - minus Mattermost/svg' located by 'By.xpath: (.//*[normalize-space(text()) and normalize-space(.)='(Edit)'])[1]/following::*[name()='svg'][2]' not found
	at com.kms.katalon.core.webui.common.WebUiCommonHelper.findWebElement(WebUiCommonHelper.java:1154)
	at com.kms.katalon.core.webui.keyword.internal.WebUIAbstractKeyword.findWebElement(WebUIAbstractKeyword.groovy:27)
	at com.kms.katalon.core.webui.keyword.internal.WebUIAbstractKeyword.findWebElement(WebUIAbstractKeyword.groovy:26)
	at com.kms.katalon.core.webui.keyword.builtin.ClickKeyword$_click_closure1.doCall(ClickKeyword.groovy:67)
	at com.kms.katalon.core.webui.keyword.builtin.ClickKeyword$_click_closure1.call(ClickKeyword.groovy)
	at com.kms.katalon.core.webui.keyword.internal.WebUIKeywordMain.runKeyword(WebUIKeywordMain.groovy:20)
	... 19 more


2020-06-05 16:43:34 - [TEST_STEP][PASSED] - openBrowser(""): Browser is opened with url: ''

2020-06-05 16:43:34 - [MESSAGE][WARNING] - A browser is already opened. Closing browser and opening a new one

2020-06-05 16:43:35 - [MESSAGE][INFO] - Starting 'Chrome' driver

2020-06-05 16:43:35 - [MESSAGE][INFO] - Action delay is set to 0 milliseconds

2020-06-05 16:43:40 - [MESSAGE][PASSED] - Browser is opened with url: ''

2020-06-05 16:43:40 - [TEST_STEP][PASSED] - navigateToUrl("http://localhost:8065/login"): Navigate to 'http://localhost:8065/login' successfully

2020-06-05 16:43:41 - [MESSAGE][PASSED] - Navigate to 'http://localhost:8065/login' successfully

2020-06-05 16:43:41 - [TEST_STEP][PASSED] - setText(findTestObject("Object Repository/1612427/14_Hide_PinPosts/Page_Mattermost/input_All team communication in one place s_703ef5"), "hcmus-cdnc"): Text 'hcmus-cdnc' is set on object 'Object Repository/1612427/14_Hide_PinPosts/Page_Mattermost/input_All team communication in one place s_703ef5'

2020-06-05 16:43:44 - [MESSAGE][PASSED] - Text 'hcmus-cdnc' is set on object 'Object Repository/1612427/14_Hide_PinPosts/Page_Mattermost/input_All team communication in one place s_703ef5'

2020-06-05 16:43:44 - [TEST_STEP][PASSED] - setEncryptedText(findTestObject("Object Repository/1612427/14_Hide_PinPosts/Page_Mattermost/input_All team communication in one place s_2f2733"), "aeHFOx8jV/A="): Text ****** has been set on object 'Object Repository/1612427/14_Hide_PinPosts/Page_Mattermost/input_All team communication in one place s_2f2733'

2020-06-05 16:43:45 - [MESSAGE][PASSED] - Text ****** has been set on object 'Object Repository/1612427/14_Hide_PinPosts/Page_Mattermost/input_All team communication in one place s_2f2733'

2020-06-05 16:43:45 - [TEST_STEP][PASSED] - click(findTestObject("Object Repository/1612427/14_Hide_PinPosts/Page_Mattermost/span_Sign in")): Object: 'Object Repository/1612427/14_Hide_PinPosts/Page_Mattermost/span_Sign in' is clicked on

2020-06-05 16:43:46 - [MESSAGE][PASSED] - Object: 'Object Repository/1612427/14_Hide_PinPosts/Page_Mattermost/span_Sign in' is clicked on

2020-06-05 16:43:46 - [TEST_STEP][FAILED] - click(findTestObject("Object Repository/1612427/14_Hide_PinPosts/Page_Town Square - minus Mattermost/svg")): Unable to click on object 'Object Repository/1612427/14_Hide_PinPosts/Page_Town Square - minus Mattermost/svg' (Root cause: com.kms.katalon.core.exception.StepFailedException: Unable to click on object 'Object Repository/1612427/14_Hide_PinPosts/Page_Town Square - minus Mattermost/svg'
	at com.kms.katalon.core.webui.keyword.internal.WebUIKeywordMain.stepFailed(WebUIKeywordMain.groovy:64)
	at com.kms.katalon.core.webui.keyword.internal.WebUIKeywordMain.runKeyword(WebUIKeywordMain.groovy:26)
	at com.kms.katalon.core.webui.keyword.builtin.ClickKeyword.click(ClickKeyword.groovy:76)
	at com.kms.katalon.core.webui.keyword.builtin.ClickKeyword.execute(ClickKeyword.groovy:43)
	at com.kms.katalon.core.keyword.internal.KeywordExecutor.executeKeywordForPlatform(KeywordExecutor.groovy:72)
	at com.kms.katalon.core.webui.keyword.WebUiBuiltInKeywords.click(WebUiBuiltInKeywords.groovy:616)
	at com.kms.katalon.core.webui.keyword.WebUiBuiltInKeywords$click$3.call(Unknown Source)
	at 14_Hide_PinPosts.run(14_Hide_PinPosts:31)
	at com.kms.katalon.core.main.ScriptEngine.run(ScriptEngine.java:194)
	at com.kms.katalon.core.main.ScriptEngine.runScriptAsRawText(ScriptEngine.java:119)
	at com.kms.katalon.core.main.TestCaseExecutor.runScript(TestCaseExecutor.java:337)
	at com.kms.katalon.core.main.TestCaseExecutor.doExecute(TestCaseExecutor.java:328)
	at com.kms.katalon.core.main.TestCaseExecutor.processExecutionPhase(TestCaseExecutor.java:307)
	at com.kms.katalon.core.main.TestCaseExecutor.accessMainPhase(TestCaseExecutor.java:299)
	at com.kms.katalon.core.main.TestCaseExecutor.execute(TestCaseExecutor.java:233)
	at com.kms.katalon.core.main.TestSuiteExecutor.accessTestCaseMainPhase(TestSuiteExecutor.java:169)
	at com.kms.katalon.core.main.TestSuiteExecutor.accessTestSuiteMainPhase(TestSuiteExecutor.java:142)
	at com.kms.katalon.core.main.TestSuiteExecutor.execute(TestSuiteExecutor.java:91)
	at com.kms.katalon.core.main.TestCaseMain.startTestSuite(TestCaseMain.java:157)
	at com.kms.katalon.core.main.TestCaseMain$startTestSuite$0.call(Unknown Source)
	at TempTestSuite1591347278292.run(TempTestSuite1591347278292.groovy:37)
Caused by: com.kms.katalon.core.webui.exception.WebElementNotFoundException: Web element with id: 'Object Repository/1612427/14_Hide_PinPosts/Page_Town Square - minus Mattermost/svg' located by 'By.xpath: (.//*[normalize-space(text()) and normalize-space(.)='(Edit)'])[1]/following::*[name()='svg'][2]' not found
	at com.kms.katalon.core.webui.common.WebUiCommonHelper.findWebElement(WebUiCommonHelper.java:1154)
	at com.kms.katalon.core.webui.keyword.internal.WebUIAbstractKeyword.findWebElement(WebUIAbstractKeyword.groovy:27)
	at com.kms.katalon.core.webui.keyword.internal.WebUIAbstractKeyword.findWebElement(WebUIAbstractKeyword.groovy:26)
	at com.kms.katalon.core.webui.keyword.builtin.ClickKeyword$_click_closure1.doCall(ClickKeyword.groovy:67)
	at com.kms.katalon.core.webui.keyword.builtin.ClickKeyword$_click_closure1.call(ClickKeyword.groovy)
	at com.kms.katalon.core.webui.keyword.internal.WebUIKeywordMain.runKeyword(WebUIKeywordMain.groovy:20)
	at com.kms.katalon.core.webui.keyword.builtin.ClickKeyword.click(ClickKeyword.groovy:76)
	at com.kms.katalon.core.webui.keyword.builtin.ClickKeyword.execute(ClickKeyword.groovy:43)
	at com.kms.katalon.core.keyword.internal.KeywordExecutor.executeKeywordForPlatform(KeywordExecutor.groovy:72)
	at com.kms.katalon.core.webui.keyword.WebUiBuiltInKeywords.click(WebUiBuiltInKeywords.groovy:616)
	at com.kms.katalon.core.webui.keyword.WebUiBuiltInKeywords$click$3.call(Unknown Source)
	at Script1591099422326.run(Script1591099422326.groovy:31)
	... 13 more
)

2020-06-05 16:44:34 - [MESSAGE][INFO] - Unable to find the element located by 'By.xpath: (.//*[normalize-space(text()) and normalize-space(.)='(Edit)'])[1]/following::*[name()='svg'][2]'. Please recheck the objects properties to make sure the desired element is located. 

2020-06-05 16:44:35 - [MESSAGE][FAILED] - Unable to click on object 'Object Repository/1612427/14_Hide_PinPosts/Page_Town Square - minus Mattermost/svg' (Root cause: com.kms.katalon.core.exception.StepFailedException: Unable to click on object 'Object Repository/1612427/14_Hide_PinPosts/Page_Town Square - minus Mattermost/svg'
	at com.kms.katalon.core.webui.keyword.internal.WebUIKeywordMain.stepFailed(WebUIKeywordMain.groovy:64)
	at com.kms.katalon.core.webui.keyword.internal.WebUIKeywordMain.runKeyword(WebUIKeywordMain.groovy:26)
	at com.kms.katalon.core.webui.keyword.builtin.ClickKeyword.click(ClickKeyword.groovy:76)
	at com.kms.katalon.core.webui.keyword.builtin.ClickKeyword.execute(ClickKeyword.groovy:43)
	at com.kms.katalon.core.keyword.internal.KeywordExecutor.executeKeywordForPlatform(KeywordExecutor.groovy:72)
	at com.kms.katalon.core.webui.keyword.WebUiBuiltInKeywords.click(WebUiBuiltInKeywords.groovy:616)
	at com.kms.katalon.core.webui.keyword.WebUiBuiltInKeywords$click$3.call(Unknown Source)
	at 14_Hide_PinPosts.run(14_Hide_PinPosts:31)
	at com.kms.katalon.core.main.ScriptEngine.run(ScriptEngine.java:194)
	at com.kms.katalon.core.main.ScriptEngine.runScriptAsRawText(ScriptEngine.java:119)
	at com.kms.katalon.core.main.TestCaseExecutor.runScript(TestCaseExecutor.java:337)
	at com.kms.katalon.core.main.TestCaseExecutor.doExecute(TestCaseExecutor.java:328)
	at com.kms.katalon.core.main.TestCaseExecutor.processExecutionPhase(TestCaseExecutor.java:307)
	at com.kms.katalon.core.main.TestCaseExecutor.accessMainPhase(TestCaseExecutor.java:299)
	at com.kms.katalon.core.main.TestCaseExecutor.execute(TestCaseExecutor.java:233)
	at com.kms.katalon.core.main.TestSuiteExecutor.accessTestCaseMainPhase(TestSuiteExecutor.java:169)
	at com.kms.katalon.core.main.TestSuiteExecutor.accessTestSuiteMainPhase(TestSuiteExecutor.java:142)
	at com.kms.katalon.core.main.TestSuiteExecutor.execute(TestSuiteExecutor.java:91)
	at com.kms.katalon.core.main.TestCaseMain.startTestSuite(TestCaseMain.java:157)
	at com.kms.katalon.core.main.TestCaseMain$startTestSuite$0.call(Unknown Source)
	at TempTestSuite1591347278292.run(TempTestSuite1591347278292.groovy:37)
Caused by: com.kms.katalon.core.webui.exception.WebElementNotFoundException: Web element with id: 'Object Repository/1612427/14_Hide_PinPosts/Page_Town Square - minus Mattermost/svg' located by 'By.xpath: (.//*[normalize-space(text()) and normalize-space(.)='(Edit)'])[1]/following::*[name()='svg'][2]' not found
	at com.kms.katalon.core.webui.common.WebUiCommonHelper.findWebElement(WebUiCommonHelper.java:1154)
	at com.kms.katalon.core.webui.keyword.internal.WebUIAbstractKeyword.findWebElement(WebUIAbstractKeyword.groovy:27)
	at com.kms.katalon.core.webui.keyword.internal.WebUIAbstractKeyword.findWebElement(WebUIAbstractKeyword.groovy:26)
	at com.kms.katalon.core.webui.keyword.builtin.ClickKeyword$_click_closure1.doCall(ClickKeyword.groovy:67)
	at com.kms.katalon.core.webui.keyword.builtin.ClickKeyword$_click_closure1.call(ClickKeyword.groovy)
	at com.kms.katalon.core.webui.keyword.internal.WebUIKeywordMain.runKeyword(WebUIKeywordMain.groovy:20)
	at com.kms.katalon.core.webui.keyword.builtin.ClickKeyword.click(ClickKeyword.groovy:76)
	at com.kms.katalon.core.webui.keyword.builtin.ClickKeyword.execute(ClickKeyword.groovy:43)
	at com.kms.katalon.core.keyword.internal.KeywordExecutor.executeKeywordForPlatform(KeywordExecutor.groovy:72)
	at com.kms.katalon.core.webui.keyword.WebUiBuiltInKeywords.click(WebUiBuiltInKeywords.groovy:616)
	at com.kms.katalon.core.webui.keyword.WebUiBuiltInKeywords$click$3.call(Unknown Source)
	at Script1591099422326.run(Script1591099422326.groovy:31)
	... 13 more
)
[[ATTACHMENT|C:\\Users\\Thanh\\Desktop\\github.com\\New folder (2)\\homeword02-mattermost-katalon\\Reports\\20200605_155438\\Run all test cases\\20200605_155438\\1591350274830.png]]]]></system-out>
         <system-err><![CDATA[2020-06-05 16:43:34 - [TEST_CASE][FAILED] - Test Cases/1612427/14_Hide_PinPosts: Test Cases/1612427/14_Hide_PinPosts FAILED.
Reason:
com.kms.katalon.core.exception.StepFailedException: Unable to click on object 'Object Repository/1612427/14_Hide_PinPosts/Page_Town Square - minus Mattermost/svg'
	at com.kms.katalon.core.webui.keyword.internal.WebUIKeywordMain.stepFailed(WebUIKeywordMain.groovy:64)
	at com.kms.katalon.core.webui.keyword.internal.WebUIKeywordMain.runKeyword(WebUIKeywordMain.groovy:26)
	at com.kms.katalon.core.webui.keyword.builtin.ClickKeyword.click(ClickKeyword.groovy:76)
	at com.kms.katalon.core.webui.keyword.builtin.ClickKeyword.execute(ClickKeyword.groovy:43)
	at com.kms.katalon.core.keyword.internal.KeywordExecutor.executeKeywordForPlatform(KeywordExecutor.groovy:72)
	at com.kms.katalon.core.webui.keyword.WebUiBuiltInKeywords.click(WebUiBuiltInKeywords.groovy:616)
	at com.kms.katalon.core.webui.keyword.WebUiBuiltInKeywords$click$3.call(Unknown Source)
	at 14_Hide_PinPosts.run(14_Hide_PinPosts:31)
	at com.kms.katalon.core.main.ScriptEngine.run(ScriptEngine.java:194)
	at com.kms.katalon.core.main.ScriptEngine.runScriptAsRawText(ScriptEngine.java:119)
	at com.kms.katalon.core.main.TestCaseExecutor.runScript(TestCaseExecutor.java:337)
	at com.kms.katalon.core.main.TestCaseExecutor.doExecute(TestCaseExecutor.java:328)
	at com.kms.katalon.core.main.TestCaseExecutor.processExecutionPhase(TestCaseExecutor.java:307)
	at com.kms.katalon.core.main.TestCaseExecutor.accessMainPhase(TestCaseExecutor.java:299)
	at com.kms.katalon.core.main.TestCaseExecutor.execute(TestCaseExecutor.java:233)
	at com.kms.katalon.core.main.TestSuiteExecutor.accessTestCaseMainPhase(TestSuiteExecutor.java:169)
	at com.kms.katalon.core.main.TestSuiteExecutor.accessTestSuiteMainPhase(TestSuiteExecutor.java:142)
	at com.kms.katalon.core.main.TestSuiteExecutor.execute(TestSuiteExecutor.java:91)
	at com.kms.katalon.core.main.TestCaseMain.startTestSuite(TestCaseMain.java:157)
	at com.kms.katalon.core.main.TestCaseMain$startTestSuite$0.call(Unknown Source)
	at TempTestSuite1591347278292.run(TempTestSuite1591347278292.groovy:37)
Caused by: com.kms.katalon.core.webui.exception.WebElementNotFoundException: Web element with id: 'Object Repository/1612427/14_Hide_PinPosts/Page_Town Square - minus Mattermost/svg' located by 'By.xpath: (.//*[normalize-space(text()) and normalize-space(.)='(Edit)'])[1]/following::*[name()='svg'][2]' not found
	at com.kms.katalon.core.webui.common.WebUiCommonHelper.findWebElement(WebUiCommonHelper.java:1154)
	at com.kms.katalon.core.webui.keyword.internal.WebUIAbstractKeyword.findWebElement(WebUIAbstractKeyword.groovy:27)
	at com.kms.katalon.core.webui.keyword.internal.WebUIAbstractKeyword.findWebElement(WebUIAbstractKeyword.groovy:26)
	at com.kms.katalon.core.webui.keyword.builtin.ClickKeyword$_click_closure1.doCall(ClickKeyword.groovy:67)
	at com.kms.katalon.core.webui.keyword.builtin.ClickKeyword$_click_closure1.call(ClickKeyword.groovy)
	at com.kms.katalon.core.webui.keyword.internal.WebUIKeywordMain.runKeyword(WebUIKeywordMain.groovy:20)
	... 19 more]]></system-err>
      </testcase>
      <testcase name="Test Cases/1612427/15_OpenFlag" time="53.776" classname="Test Cases/1612427/15_OpenFlag" status="FAILED">
         <failure type="FAILED" message="Test Cases/1612427/15_OpenFlag FAILED.
Reason:
com.kms.katalon.core.exception.StepFailedException: Unable to click on object 'Object Repository/1612427/15_OpenFlag/Page_Town Square - minus Mattermost/svg'
	at com.kms.katalon.core.webui.keyword.internal.WebUIKeywordMain.stepFailed(WebUIKeywordMain.groovy:64)
	at com.kms.katalon.core.webui.keyword.internal.WebUIKeywordMain.runKeyword(WebUIKeywordMain.groovy:26)
	at com.kms.katalon.core.webui.keyword.builtin.ClickKeyword.click(ClickKeyword.groovy:76)
	at com.kms.katalon.core.webui.keyword.builtin.ClickKeyword.execute(ClickKeyword.groovy:43)
	at com.kms.katalon.core.keyword.internal.KeywordExecutor.executeKeywordForPlatform(KeywordExecutor.groovy:72)
	at com.kms.katalon.core.webui.keyword.WebUiBuiltInKeywords.click(WebUiBuiltInKeywords.groovy:616)
	at com.kms.katalon.core.webui.keyword.WebUiBuiltInKeywords$click$3.call(Unknown Source)
	at 15_OpenFlag.run(15_OpenFlag:31)
	at com.kms.katalon.core.main.ScriptEngine.run(ScriptEngine.java:194)
	at com.kms.katalon.core.main.ScriptEngine.runScriptAsRawText(ScriptEngine.java:119)
	at com.kms.katalon.core.main.TestCaseExecutor.runScript(TestCaseExecutor.java:337)
	at com.kms.katalon.core.main.TestCaseExecutor.doExecute(TestCaseExecutor.java:328)
	at com.kms.katalon.core.main.TestCaseExecutor.processExecutionPhase(TestCaseExecutor.java:307)
	at com.kms.katalon.core.main.TestCaseExecutor.accessMainPhase(TestCaseExecutor.java:299)
	at com.kms.katalon.core.main.TestCaseExecutor.execute(TestCaseExecutor.java:233)
	at com.kms.katalon.core.main.TestSuiteExecutor.accessTestCaseMainPhase(TestSuiteExecutor.java:169)
	at com.kms.katalon.core.main.TestSuiteExecutor.accessTestSuiteMainPhase(TestSuiteExecutor.java:142)
	at com.kms.katalon.core.main.TestSuiteExecutor.execute(TestSuiteExecutor.java:91)
	at com.kms.katalon.core.main.TestCaseMain.startTestSuite(TestCaseMain.java:157)
	at com.kms.katalon.core.main.TestCaseMain$startTestSuite$0.call(Unknown Source)
	at TempTestSuite1591347278292.run(TempTestSuite1591347278292.groovy:37)
Caused by: com.kms.katalon.core.webui.exception.WebElementNotFoundException: Web element with id: 'Object Repository/1612427/15_OpenFlag/Page_Town Square - minus Mattermost/svg' located by 'By.xpath: (.//*[normalize-space(text()) and normalize-space(.)='(Edit)'])[1]/following::*[name()='svg'][5]' not found
	at com.kms.katalon.core.webui.common.WebUiCommonHelper.findWebElement(WebUiCommonHelper.java:1154)
	at com.kms.katalon.core.webui.keyword.internal.WebUIAbstractKeyword.findWebElement(WebUIAbstractKeyword.groovy:27)
	at com.kms.katalon.core.webui.keyword.internal.WebUIAbstractKeyword.findWebElement(WebUIAbstractKeyword.groovy:26)
	at com.kms.katalon.core.webui.keyword.builtin.ClickKeyword$_click_closure1.doCall(ClickKeyword.groovy:67)
	at com.kms.katalon.core.webui.keyword.builtin.ClickKeyword$_click_closure1.call(ClickKeyword.groovy)
	at com.kms.katalon.core.webui.keyword.internal.WebUIKeywordMain.runKeyword(WebUIKeywordMain.groovy:20)
	... 19 more
"/>
         <system-out><![CDATA[2020-06-05 16:44:35 - [TEST_CASE][FAILED] - Test Cases/1612427/15_OpenFlag: Test Cases/1612427/15_OpenFlag FAILED.
Reason:
com.kms.katalon.core.exception.StepFailedException: Unable to click on object 'Object Repository/1612427/15_OpenFlag/Page_Town Square - minus Mattermost/svg'
	at com.kms.katalon.core.webui.keyword.internal.WebUIKeywordMain.stepFailed(WebUIKeywordMain.groovy:64)
	at com.kms.katalon.core.webui.keyword.internal.WebUIKeywordMain.runKeyword(WebUIKeywordMain.groovy:26)
	at com.kms.katalon.core.webui.keyword.builtin.ClickKeyword.click(ClickKeyword.groovy:76)
	at com.kms.katalon.core.webui.keyword.builtin.ClickKeyword.execute(ClickKeyword.groovy:43)
	at com.kms.katalon.core.keyword.internal.KeywordExecutor.executeKeywordForPlatform(KeywordExecutor.groovy:72)
	at com.kms.katalon.core.webui.keyword.WebUiBuiltInKeywords.click(WebUiBuiltInKeywords.groovy:616)
	at com.kms.katalon.core.webui.keyword.WebUiBuiltInKeywords$click$3.call(Unknown Source)
	at 15_OpenFlag.run(15_OpenFlag:31)
	at com.kms.katalon.core.main.ScriptEngine.run(ScriptEngine.java:194)
	at com.kms.katalon.core.main.ScriptEngine.runScriptAsRawText(ScriptEngine.java:119)
	at com.kms.katalon.core.main.TestCaseExecutor.runScript(TestCaseExecutor.java:337)
	at com.kms.katalon.core.main.TestCaseExecutor.doExecute(TestCaseExecutor.java:328)
	at com.kms.katalon.core.main.TestCaseExecutor.processExecutionPhase(TestCaseExecutor.java:307)
	at com.kms.katalon.core.main.TestCaseExecutor.accessMainPhase(TestCaseExecutor.java:299)
	at com.kms.katalon.core.main.TestCaseExecutor.execute(TestCaseExecutor.java:233)
	at com.kms.katalon.core.main.TestSuiteExecutor.accessTestCaseMainPhase(TestSuiteExecutor.java:169)
	at com.kms.katalon.core.main.TestSuiteExecutor.accessTestSuiteMainPhase(TestSuiteExecutor.java:142)
	at com.kms.katalon.core.main.TestSuiteExecutor.execute(TestSuiteExecutor.java:91)
	at com.kms.katalon.core.main.TestCaseMain.startTestSuite(TestCaseMain.java:157)
	at com.kms.katalon.core.main.TestCaseMain$startTestSuite$0.call(Unknown Source)
	at TempTestSuite1591347278292.run(TempTestSuite1591347278292.groovy:37)
Caused by: com.kms.katalon.core.webui.exception.WebElementNotFoundException: Web element with id: 'Object Repository/1612427/15_OpenFlag/Page_Town Square - minus Mattermost/svg' located by 'By.xpath: (.//*[normalize-space(text()) and normalize-space(.)='(Edit)'])[1]/following::*[name()='svg'][5]' not found
	at com.kms.katalon.core.webui.common.WebUiCommonHelper.findWebElement(WebUiCommonHelper.java:1154)
	at com.kms.katalon.core.webui.keyword.internal.WebUIAbstractKeyword.findWebElement(WebUIAbstractKeyword.groovy:27)
	at com.kms.katalon.core.webui.keyword.internal.WebUIAbstractKeyword.findWebElement(WebUIAbstractKeyword.groovy:26)
	at com.kms.katalon.core.webui.keyword.builtin.ClickKeyword$_click_closure1.doCall(ClickKeyword.groovy:67)
	at com.kms.katalon.core.webui.keyword.builtin.ClickKeyword$_click_closure1.call(ClickKeyword.groovy)
	at com.kms.katalon.core.webui.keyword.internal.WebUIKeywordMain.runKeyword(WebUIKeywordMain.groovy:20)
	... 19 more


2020-06-05 16:44:35 - [TEST_STEP][PASSED] - openBrowser(""): Browser is opened with url: ''

2020-06-05 16:44:35 - [MESSAGE][WARNING] - A browser is already opened. Closing browser and opening a new one

2020-06-05 16:44:36 - [MESSAGE][INFO] - Starting 'Chrome' driver

2020-06-05 16:44:37 - [MESSAGE][INFO] - Action delay is set to 0 milliseconds

2020-06-05 16:44:41 - [MESSAGE][PASSED] - Browser is opened with url: ''

2020-06-05 16:44:41 - [TEST_STEP][PASSED] - navigateToUrl("http://localhost:8065/login"): Navigate to 'http://localhost:8065/login' successfully

2020-06-05 16:44:43 - [MESSAGE][PASSED] - Navigate to 'http://localhost:8065/login' successfully

2020-06-05 16:44:43 - [TEST_STEP][PASSED] - setText(findTestObject("Object Repository/1612427/15_OpenFlag/Page_Mattermost/input_All team communication in one place s_703ef5"), "hcmus-cdnc"): Text 'hcmus-cdnc' is set on object 'Object Repository/1612427/15_OpenFlag/Page_Mattermost/input_All team communication in one place s_703ef5'

2020-06-05 16:44:45 - [MESSAGE][PASSED] - Text 'hcmus-cdnc' is set on object 'Object Repository/1612427/15_OpenFlag/Page_Mattermost/input_All team communication in one place s_703ef5'

2020-06-05 16:44:45 - [TEST_STEP][PASSED] - setEncryptedText(findTestObject("Object Repository/1612427/15_OpenFlag/Page_Mattermost/input_All team communication in one place s_2f2733"), "aeHFOx8jV/A="): Text ****** has been set on object 'Object Repository/1612427/15_OpenFlag/Page_Mattermost/input_All team communication in one place s_2f2733'

2020-06-05 16:44:46 - [MESSAGE][PASSED] - Text ****** has been set on object 'Object Repository/1612427/15_OpenFlag/Page_Mattermost/input_All team communication in one place s_2f2733'

2020-06-05 16:44:46 - [TEST_STEP][PASSED] - click(findTestObject("Object Repository/1612427/15_OpenFlag/Page_Mattermost/span_Sign in")): Object: 'Object Repository/1612427/15_OpenFlag/Page_Mattermost/span_Sign in' is clicked on

2020-06-05 16:44:47 - [MESSAGE][PASSED] - Object: 'Object Repository/1612427/15_OpenFlag/Page_Mattermost/span_Sign in' is clicked on

2020-06-05 16:44:47 - [TEST_STEP][FAILED] - click(findTestObject("Object Repository/1612427/15_OpenFlag/Page_Town Square - minus Mattermost/svg")): Unable to click on object 'Object Repository/1612427/15_OpenFlag/Page_Town Square - minus Mattermost/svg' (Root cause: com.kms.katalon.core.exception.StepFailedException: Unable to click on object 'Object Repository/1612427/15_OpenFlag/Page_Town Square - minus Mattermost/svg'
	at com.kms.katalon.core.webui.keyword.internal.WebUIKeywordMain.stepFailed(WebUIKeywordMain.groovy:64)
	at com.kms.katalon.core.webui.keyword.internal.WebUIKeywordMain.runKeyword(WebUIKeywordMain.groovy:26)
	at com.kms.katalon.core.webui.keyword.builtin.ClickKeyword.click(ClickKeyword.groovy:76)
	at com.kms.katalon.core.webui.keyword.builtin.ClickKeyword.execute(ClickKeyword.groovy:43)
	at com.kms.katalon.core.keyword.internal.KeywordExecutor.executeKeywordForPlatform(KeywordExecutor.groovy:72)
	at com.kms.katalon.core.webui.keyword.WebUiBuiltInKeywords.click(WebUiBuiltInKeywords.groovy:616)
	at com.kms.katalon.core.webui.keyword.WebUiBuiltInKeywords$click$3.call(Unknown Source)
	at 15_OpenFlag.run(15_OpenFlag:31)
	at com.kms.katalon.core.main.ScriptEngine.run(ScriptEngine.java:194)
	at com.kms.katalon.core.main.ScriptEngine.runScriptAsRawText(ScriptEngine.java:119)
	at com.kms.katalon.core.main.TestCaseExecutor.runScript(TestCaseExecutor.java:337)
	at com.kms.katalon.core.main.TestCaseExecutor.doExecute(TestCaseExecutor.java:328)
	at com.kms.katalon.core.main.TestCaseExecutor.processExecutionPhase(TestCaseExecutor.java:307)
	at com.kms.katalon.core.main.TestCaseExecutor.accessMainPhase(TestCaseExecutor.java:299)
	at com.kms.katalon.core.main.TestCaseExecutor.execute(TestCaseExecutor.java:233)
	at com.kms.katalon.core.main.TestSuiteExecutor.accessTestCaseMainPhase(TestSuiteExecutor.java:169)
	at com.kms.katalon.core.main.TestSuiteExecutor.accessTestSuiteMainPhase(TestSuiteExecutor.java:142)
	at com.kms.katalon.core.main.TestSuiteExecutor.execute(TestSuiteExecutor.java:91)
	at com.kms.katalon.core.main.TestCaseMain.startTestSuite(TestCaseMain.java:157)
	at com.kms.katalon.core.main.TestCaseMain$startTestSuite$0.call(Unknown Source)
	at TempTestSuite1591347278292.run(TempTestSuite1591347278292.groovy:37)
Caused by: com.kms.katalon.core.webui.exception.WebElementNotFoundException: Web element with id: 'Object Repository/1612427/15_OpenFlag/Page_Town Square - minus Mattermost/svg' located by 'By.xpath: (.//*[normalize-space(text()) and normalize-space(.)='(Edit)'])[1]/following::*[name()='svg'][5]' not found
	at com.kms.katalon.core.webui.common.WebUiCommonHelper.findWebElement(WebUiCommonHelper.java:1154)
	at com.kms.katalon.core.webui.keyword.internal.WebUIAbstractKeyword.findWebElement(WebUIAbstractKeyword.groovy:27)
	at com.kms.katalon.core.webui.keyword.internal.WebUIAbstractKeyword.findWebElement(WebUIAbstractKeyword.groovy:26)
	at com.kms.katalon.core.webui.keyword.builtin.ClickKeyword$_click_closure1.doCall(ClickKeyword.groovy:67)
	at com.kms.katalon.core.webui.keyword.builtin.ClickKeyword$_click_closure1.call(ClickKeyword.groovy)
	at com.kms.katalon.core.webui.keyword.internal.WebUIKeywordMain.runKeyword(WebUIKeywordMain.groovy:20)
	at com.kms.katalon.core.webui.keyword.builtin.ClickKeyword.click(ClickKeyword.groovy:76)
	at com.kms.katalon.core.webui.keyword.builtin.ClickKeyword.execute(ClickKeyword.groovy:43)
	at com.kms.katalon.core.keyword.internal.KeywordExecutor.executeKeywordForPlatform(KeywordExecutor.groovy:72)
	at com.kms.katalon.core.webui.keyword.WebUiBuiltInKeywords.click(WebUiBuiltInKeywords.groovy:616)
	at com.kms.katalon.core.webui.keyword.WebUiBuiltInKeywords$click$3.call(Unknown Source)
	at Script1591107929060.run(Script1591107929060.groovy:31)
	... 13 more
)

2020-06-05 16:45:28 - [MESSAGE][INFO] - Unable to find the element located by 'By.xpath: (.//*[normalize-space(text()) and normalize-space(.)='(Edit)'])[1]/following::*[name()='svg'][5]'. Please recheck the objects properties to make sure the desired element is located. 

2020-06-05 16:45:29 - [MESSAGE][FAILED] - Unable to click on object 'Object Repository/1612427/15_OpenFlag/Page_Town Square - minus Mattermost/svg' (Root cause: com.kms.katalon.core.exception.StepFailedException: Unable to click on object 'Object Repository/1612427/15_OpenFlag/Page_Town Square - minus Mattermost/svg'
	at com.kms.katalon.core.webui.keyword.internal.WebUIKeywordMain.stepFailed(WebUIKeywordMain.groovy:64)
	at com.kms.katalon.core.webui.keyword.internal.WebUIKeywordMain.runKeyword(WebUIKeywordMain.groovy:26)
	at com.kms.katalon.core.webui.keyword.builtin.ClickKeyword.click(ClickKeyword.groovy:76)
	at com.kms.katalon.core.webui.keyword.builtin.ClickKeyword.execute(ClickKeyword.groovy:43)
	at com.kms.katalon.core.keyword.internal.KeywordExecutor.executeKeywordForPlatform(KeywordExecutor.groovy:72)
	at com.kms.katalon.core.webui.keyword.WebUiBuiltInKeywords.click(WebUiBuiltInKeywords.groovy:616)
	at com.kms.katalon.core.webui.keyword.WebUiBuiltInKeywords$click$3.call(Unknown Source)
	at 15_OpenFlag.run(15_OpenFlag:31)
	at com.kms.katalon.core.main.ScriptEngine.run(ScriptEngine.java:194)
	at com.kms.katalon.core.main.ScriptEngine.runScriptAsRawText(ScriptEngine.java:119)
	at com.kms.katalon.core.main.TestCaseExecutor.runScript(TestCaseExecutor.java:337)
	at com.kms.katalon.core.main.TestCaseExecutor.doExecute(TestCaseExecutor.java:328)
	at com.kms.katalon.core.main.TestCaseExecutor.processExecutionPhase(TestCaseExecutor.java:307)
	at com.kms.katalon.core.main.TestCaseExecutor.accessMainPhase(TestCaseExecutor.java:299)
	at com.kms.katalon.core.main.TestCaseExecutor.execute(TestCaseExecutor.java:233)
	at com.kms.katalon.core.main.TestSuiteExecutor.accessTestCaseMainPhase(TestSuiteExecutor.java:169)
	at com.kms.katalon.core.main.TestSuiteExecutor.accessTestSuiteMainPhase(TestSuiteExecutor.java:142)
	at com.kms.katalon.core.main.TestSuiteExecutor.execute(TestSuiteExecutor.java:91)
	at com.kms.katalon.core.main.TestCaseMain.startTestSuite(TestCaseMain.java:157)
	at com.kms.katalon.core.main.TestCaseMain$startTestSuite$0.call(Unknown Source)
	at TempTestSuite1591347278292.run(TempTestSuite1591347278292.groovy:37)
Caused by: com.kms.katalon.core.webui.exception.WebElementNotFoundException: Web element with id: 'Object Repository/1612427/15_OpenFlag/Page_Town Square - minus Mattermost/svg' located by 'By.xpath: (.//*[normalize-space(text()) and normalize-space(.)='(Edit)'])[1]/following::*[name()='svg'][5]' not found
	at com.kms.katalon.core.webui.common.WebUiCommonHelper.findWebElement(WebUiCommonHelper.java:1154)
	at com.kms.katalon.core.webui.keyword.internal.WebUIAbstractKeyword.findWebElement(WebUIAbstractKeyword.groovy:27)
	at com.kms.katalon.core.webui.keyword.internal.WebUIAbstractKeyword.findWebElement(WebUIAbstractKeyword.groovy:26)
	at com.kms.katalon.core.webui.keyword.builtin.ClickKeyword$_click_closure1.doCall(ClickKeyword.groovy:67)
	at com.kms.katalon.core.webui.keyword.builtin.ClickKeyword$_click_closure1.call(ClickKeyword.groovy)
	at com.kms.katalon.core.webui.keyword.internal.WebUIKeywordMain.runKeyword(WebUIKeywordMain.groovy:20)
	at com.kms.katalon.core.webui.keyword.builtin.ClickKeyword.click(ClickKeyword.groovy:76)
	at com.kms.katalon.core.webui.keyword.builtin.ClickKeyword.execute(ClickKeyword.groovy:43)
	at com.kms.katalon.core.keyword.internal.KeywordExecutor.executeKeywordForPlatform(KeywordExecutor.groovy:72)
	at com.kms.katalon.core.webui.keyword.WebUiBuiltInKeywords.click(WebUiBuiltInKeywords.groovy:616)
	at com.kms.katalon.core.webui.keyword.WebUiBuiltInKeywords$click$3.call(Unknown Source)
	at Script1591107929060.run(Script1591107929060.groovy:31)
	... 13 more
)
[[ATTACHMENT|C:\\Users\\Thanh\\Desktop\\github.com\\New folder (2)\\homeword02-mattermost-katalon\\Reports\\20200605_155438\\Run all test cases\\20200605_155438\\1591350328703.png]]]]></system-out>
         <system-err><![CDATA[2020-06-05 16:44:35 - [TEST_CASE][FAILED] - Test Cases/1612427/15_OpenFlag: Test Cases/1612427/15_OpenFlag FAILED.
Reason:
com.kms.katalon.core.exception.StepFailedException: Unable to click on object 'Object Repository/1612427/15_OpenFlag/Page_Town Square - minus Mattermost/svg'
	at com.kms.katalon.core.webui.keyword.internal.WebUIKeywordMain.stepFailed(WebUIKeywordMain.groovy:64)
	at com.kms.katalon.core.webui.keyword.internal.WebUIKeywordMain.runKeyword(WebUIKeywordMain.groovy:26)
	at com.kms.katalon.core.webui.keyword.builtin.ClickKeyword.click(ClickKeyword.groovy:76)
	at com.kms.katalon.core.webui.keyword.builtin.ClickKeyword.execute(ClickKeyword.groovy:43)
	at com.kms.katalon.core.keyword.internal.KeywordExecutor.executeKeywordForPlatform(KeywordExecutor.groovy:72)
	at com.kms.katalon.core.webui.keyword.WebUiBuiltInKeywords.click(WebUiBuiltInKeywords.groovy:616)
	at com.kms.katalon.core.webui.keyword.WebUiBuiltInKeywords$click$3.call(Unknown Source)
	at 15_OpenFlag.run(15_OpenFlag:31)
	at com.kms.katalon.core.main.ScriptEngine.run(ScriptEngine.java:194)
	at com.kms.katalon.core.main.ScriptEngine.runScriptAsRawText(ScriptEngine.java:119)
	at com.kms.katalon.core.main.TestCaseExecutor.runScript(TestCaseExecutor.java:337)
	at com.kms.katalon.core.main.TestCaseExecutor.doExecute(TestCaseExecutor.java:328)
	at com.kms.katalon.core.main.TestCaseExecutor.processExecutionPhase(TestCaseExecutor.java:307)
	at com.kms.katalon.core.main.TestCaseExecutor.accessMainPhase(TestCaseExecutor.java:299)
	at com.kms.katalon.core.main.TestCaseExecutor.execute(TestCaseExecutor.java:233)
	at com.kms.katalon.core.main.TestSuiteExecutor.accessTestCaseMainPhase(TestSuiteExecutor.java:169)
	at com.kms.katalon.core.main.TestSuiteExecutor.accessTestSuiteMainPhase(TestSuiteExecutor.java:142)
	at com.kms.katalon.core.main.TestSuiteExecutor.execute(TestSuiteExecutor.java:91)
	at com.kms.katalon.core.main.TestCaseMain.startTestSuite(TestCaseMain.java:157)
	at com.kms.katalon.core.main.TestCaseMain$startTestSuite$0.call(Unknown Source)
	at TempTestSuite1591347278292.run(TempTestSuite1591347278292.groovy:37)
Caused by: com.kms.katalon.core.webui.exception.WebElementNotFoundException: Web element with id: 'Object Repository/1612427/15_OpenFlag/Page_Town Square - minus Mattermost/svg' located by 'By.xpath: (.//*[normalize-space(text()) and normalize-space(.)='(Edit)'])[1]/following::*[name()='svg'][5]' not found
	at com.kms.katalon.core.webui.common.WebUiCommonHelper.findWebElement(WebUiCommonHelper.java:1154)
	at com.kms.katalon.core.webui.keyword.internal.WebUIAbstractKeyword.findWebElement(WebUIAbstractKeyword.groovy:27)
	at com.kms.katalon.core.webui.keyword.internal.WebUIAbstractKeyword.findWebElement(WebUIAbstractKeyword.groovy:26)
	at com.kms.katalon.core.webui.keyword.builtin.ClickKeyword$_click_closure1.doCall(ClickKeyword.groovy:67)
	at com.kms.katalon.core.webui.keyword.builtin.ClickKeyword$_click_closure1.call(ClickKeyword.groovy)
	at com.kms.katalon.core.webui.keyword.internal.WebUIKeywordMain.runKeyword(WebUIKeywordMain.groovy:20)
	... 19 more]]></system-err>
      </testcase>
      <testcase name="Test Cases/1612427/16_AssignPermission" time="20.148" classname="Test Cases/1612427/16_AssignPermission" status="PASSED">
         <system-out><![CDATA[2020-06-05 16:45:29 - [TEST_CASE][PASSED] - Test Cases/1612427/16_AssignPermission: Test Cases/1612427/16_AssignPermission

2020-06-05 16:45:29 - [TEST_STEP][PASSED] - openBrowser(""): Browser is opened with url: ''

2020-06-05 16:45:29 - [MESSAGE][WARNING] - A browser is already opened. Closing browser and opening a new one

2020-06-05 16:45:30 - [MESSAGE][INFO] - Starting 'Chrome' driver

2020-06-05 16:45:30 - [MESSAGE][INFO] - Action delay is set to 0 milliseconds

2020-06-05 16:45:33 - [MESSAGE][PASSED] - Browser is opened with url: ''

2020-06-05 16:45:33 - [TEST_STEP][PASSED] - navigateToUrl("http://localhost:8065/login"): Navigate to 'http://localhost:8065/login' successfully

2020-06-05 16:45:35 - [MESSAGE][PASSED] - Navigate to 'http://localhost:8065/login' successfully

2020-06-05 16:45:35 - [TEST_STEP][PASSED] - setText(findTestObject("Object Repository/1612427/16_AssignPermission/Page_Mattermost/input_All team communication in one place s_703ef5"), "hcmus-cdnc"): Text 'hcmus-cdnc' is set on object 'Object Repository/1612427/16_AssignPermission/Page_Mattermost/input_All team communication in one place s_703ef5'

2020-06-05 16:45:38 - [MESSAGE][PASSED] - Text 'hcmus-cdnc' is set on object 'Object Repository/1612427/16_AssignPermission/Page_Mattermost/input_All team communication in one place s_703ef5'

2020-06-05 16:45:38 - [TEST_STEP][PASSED] - setEncryptedText(findTestObject("Object Repository/1612427/16_AssignPermission/Page_Mattermost/input_All team communication in one place s_2f2733"), "aeHFOx8jV/A="): Text ****** has been set on object 'Object Repository/1612427/16_AssignPermission/Page_Mattermost/input_All team communication in one place s_2f2733'

2020-06-05 16:45:38 - [MESSAGE][PASSED] - Text ****** has been set on object 'Object Repository/1612427/16_AssignPermission/Page_Mattermost/input_All team communication in one place s_2f2733'

2020-06-05 16:45:38 - [TEST_STEP][PASSED] - click(findTestObject("Object Repository/1612427/16_AssignPermission/Page_Mattermost/span_Sign in")): Object: 'Object Repository/1612427/16_AssignPermission/Page_Mattermost/span_Sign in' is clicked on

2020-06-05 16:45:39 - [MESSAGE][PASSED] - Object: 'Object Repository/1612427/16_AssignPermission/Page_Mattermost/span_Sign in' is clicked on

2020-06-05 16:45:39 - [TEST_STEP][PASSED] - click(findTestObject("Object Repository/1612427/16_AssignPermission/Page_Town Square - minus Mattermost/button_hcmus-cdnc_style--none sidebar-heade_0f8da4")): Object: 'Object Repository/1612427/16_AssignPermission/Page_Town Square - minus Mattermost/button_hcmus-cdnc_style--none sidebar-heade_0f8da4' is clicked on

2020-06-05 16:45:43 - [MESSAGE][PASSED] - Object: 'Object Repository/1612427/16_AssignPermission/Page_Town Square - minus Mattermost/button_hcmus-cdnc_style--none sidebar-heade_0f8da4' is clicked on

2020-06-05 16:45:43 - [TEST_STEP][PASSED] - click(findTestObject("Object Repository/1612427/16_AssignPermission/Page_Town Square - minus Mattermost/span_Manage Members")): Object: 'Object Repository/1612427/16_AssignPermission/Page_Town Square - minus Mattermost/span_Manage Members' is clicked on

2020-06-05 16:45:45 - [MESSAGE][PASSED] - Object: 'Object Repository/1612427/16_AssignPermission/Page_Town Square - minus Mattermost/span_Manage Members' is clicked on

2020-06-05 16:45:45 - [TEST_STEP][PASSED] - click(findTestObject("Object Repository/1612427/16_AssignPermission/Page_Town Square - minus Mattermost/span_Member")): Object: 'Object Repository/1612427/16_AssignPermission/Page_Town Square - minus Mattermost/span_Member' is clicked on

2020-06-05 16:45:47 - [MESSAGE][PASSED] - Object: 'Object Repository/1612427/16_AssignPermission/Page_Town Square - minus Mattermost/span_Member' is clicked on

2020-06-05 16:45:47 - [TEST_STEP][PASSED] - switch ("admin"): null

2020-06-05 16:45:47 - [TEST_STEP][PASSED] - case "admin":: null

2020-06-05 16:45:47 - [TEST_STEP][PASSED] - click(findTestObject("Object Repository/1612427/16_AssignPermission/Page_Town Square - minus Mattermost/span_Make Team Admin")): Object: 'Object Repository/1612427/16_AssignPermission/Page_Town Square - minus Mattermost/span_Make Team Admin' is clicked on

2020-06-05 16:45:48 - [MESSAGE][PASSED] - Object: 'Object Repository/1612427/16_AssignPermission/Page_Town Square - minus Mattermost/span_Make Team Admin' is clicked on

2020-06-05 16:45:48 - [TEST_STEP][PASSED] - break: null

2020-06-05 16:45:48 - [TEST_STEP][PASSED] - closeBrowser(): Browser is closed

2020-06-05 16:45:49 - [MESSAGE][PASSED] - Browser is closed]]></system-out>
         <system-err><![CDATA[]]></system-err>
      </testcase>
      <testcase name="Test Cases/1612427/17_SendIcon" time="60.226" classname="Test Cases/1612427/17_SendIcon" status="FAILED">
         <failure type="FAILED" message="Test Cases/1612427/17_SendIcon FAILED.
Reason:
com.kms.katalon.core.exception.StepFailedException: Unable to click on object 'Object Repository/1612427/17_SendIcon/Page_Town Square - minus Mattermost/svg'
	at com.kms.katalon.core.webui.keyword.internal.WebUIKeywordMain.stepFailed(WebUIKeywordMain.groovy:64)
	at com.kms.katalon.core.webui.keyword.internal.WebUIKeywordMain.runKeyword(WebUIKeywordMain.groovy:26)
	at com.kms.katalon.core.webui.keyword.builtin.ClickKeyword.click(ClickKeyword.groovy:76)
	at com.kms.katalon.core.webui.keyword.builtin.ClickKeyword.execute(ClickKeyword.groovy:43)
	at com.kms.katalon.core.keyword.internal.KeywordExecutor.executeKeywordForPlatform(KeywordExecutor.groovy:72)
	at com.kms.katalon.core.webui.keyword.WebUiBuiltInKeywords.click(WebUiBuiltInKeywords.groovy:616)
	at com.kms.katalon.core.webui.keyword.WebUiBuiltInKeywords$click$3.call(Unknown Source)
	at 17_SendIcon.run(17_SendIcon:33)
	at com.kms.katalon.core.main.ScriptEngine.run(ScriptEngine.java:194)
	at com.kms.katalon.core.main.ScriptEngine.runScriptAsRawText(ScriptEngine.java:119)
	at com.kms.katalon.core.main.TestCaseExecutor.runScript(TestCaseExecutor.java:337)
	at com.kms.katalon.core.main.TestCaseExecutor.doExecute(TestCaseExecutor.java:328)
	at com.kms.katalon.core.main.TestCaseExecutor.processExecutionPhase(TestCaseExecutor.java:307)
	at com.kms.katalon.core.main.TestCaseExecutor.accessMainPhase(TestCaseExecutor.java:299)
	at com.kms.katalon.core.main.TestCaseExecutor.execute(TestCaseExecutor.java:233)
	at com.kms.katalon.core.main.TestSuiteExecutor.accessTestCaseMainPhase(TestSuiteExecutor.java:169)
	at com.kms.katalon.core.main.TestSuiteExecutor.accessTestSuiteMainPhase(TestSuiteExecutor.java:142)
	at com.kms.katalon.core.main.TestSuiteExecutor.execute(TestSuiteExecutor.java:91)
	at com.kms.katalon.core.main.TestCaseMain.startTestSuite(TestCaseMain.java:157)
	at com.kms.katalon.core.main.TestCaseMain$startTestSuite$0.call(Unknown Source)
	at TempTestSuite1591347278292.run(TempTestSuite1591347278292.groovy:37)
Caused by: com.kms.katalon.core.webui.exception.WebElementNotFoundException: Web element with id: 'Object Repository/1612427/17_SendIcon/Page_Town Square - minus Mattermost/svg' located by 'By.xpath: (.//*[normalize-space(text()) and normalize-space(.)='Write to Town Square'])[1]/following::*[name()='svg'][2]' not found
	at com.kms.katalon.core.webui.common.WebUiCommonHelper.findWebElement(WebUiCommonHelper.java:1154)
	at com.kms.katalon.core.webui.keyword.internal.WebUIAbstractKeyword.findWebElement(WebUIAbstractKeyword.groovy:27)
	at com.kms.katalon.core.webui.keyword.internal.WebUIAbstractKeyword.findWebElement(WebUIAbstractKeyword.groovy:26)
	at com.kms.katalon.core.webui.keyword.builtin.ClickKeyword$_click_closure1.doCall(ClickKeyword.groovy:67)
	at com.kms.katalon.core.webui.keyword.builtin.ClickKeyword$_click_closure1.call(ClickKeyword.groovy)
	at com.kms.katalon.core.webui.keyword.internal.WebUIKeywordMain.runKeyword(WebUIKeywordMain.groovy:20)
	... 19 more
"/>
         <system-out><![CDATA[2020-06-05 16:45:49 - [TEST_CASE][FAILED] - Test Cases/1612427/17_SendIcon: Test Cases/1612427/17_SendIcon FAILED.
Reason:
com.kms.katalon.core.exception.StepFailedException: Unable to click on object 'Object Repository/1612427/17_SendIcon/Page_Town Square - minus Mattermost/svg'
	at com.kms.katalon.core.webui.keyword.internal.WebUIKeywordMain.stepFailed(WebUIKeywordMain.groovy:64)
	at com.kms.katalon.core.webui.keyword.internal.WebUIKeywordMain.runKeyword(WebUIKeywordMain.groovy:26)
	at com.kms.katalon.core.webui.keyword.builtin.ClickKeyword.click(ClickKeyword.groovy:76)
	at com.kms.katalon.core.webui.keyword.builtin.ClickKeyword.execute(ClickKeyword.groovy:43)
	at com.kms.katalon.core.keyword.internal.KeywordExecutor.executeKeywordForPlatform(KeywordExecutor.groovy:72)
	at com.kms.katalon.core.webui.keyword.WebUiBuiltInKeywords.click(WebUiBuiltInKeywords.groovy:616)
	at com.kms.katalon.core.webui.keyword.WebUiBuiltInKeywords$click$3.call(Unknown Source)
	at 17_SendIcon.run(17_SendIcon:33)
	at com.kms.katalon.core.main.ScriptEngine.run(ScriptEngine.java:194)
	at com.kms.katalon.core.main.ScriptEngine.runScriptAsRawText(ScriptEngine.java:119)
	at com.kms.katalon.core.main.TestCaseExecutor.runScript(TestCaseExecutor.java:337)
	at com.kms.katalon.core.main.TestCaseExecutor.doExecute(TestCaseExecutor.java:328)
	at com.kms.katalon.core.main.TestCaseExecutor.processExecutionPhase(TestCaseExecutor.java:307)
	at com.kms.katalon.core.main.TestCaseExecutor.accessMainPhase(TestCaseExecutor.java:299)
	at com.kms.katalon.core.main.TestCaseExecutor.execute(TestCaseExecutor.java:233)
	at com.kms.katalon.core.main.TestSuiteExecutor.accessTestCaseMainPhase(TestSuiteExecutor.java:169)
	at com.kms.katalon.core.main.TestSuiteExecutor.accessTestSuiteMainPhase(TestSuiteExecutor.java:142)
	at com.kms.katalon.core.main.TestSuiteExecutor.execute(TestSuiteExecutor.java:91)
	at com.kms.katalon.core.main.TestCaseMain.startTestSuite(TestCaseMain.java:157)
	at com.kms.katalon.core.main.TestCaseMain$startTestSuite$0.call(Unknown Source)
	at TempTestSuite1591347278292.run(TempTestSuite1591347278292.groovy:37)
Caused by: com.kms.katalon.core.webui.exception.WebElementNotFoundException: Web element with id: 'Object Repository/1612427/17_SendIcon/Page_Town Square - minus Mattermost/svg' located by 'By.xpath: (.//*[normalize-space(text()) and normalize-space(.)='Write to Town Square'])[1]/following::*[name()='svg'][2]' not found
	at com.kms.katalon.core.webui.common.WebUiCommonHelper.findWebElement(WebUiCommonHelper.java:1154)
	at com.kms.katalon.core.webui.keyword.internal.WebUIAbstractKeyword.findWebElement(WebUIAbstractKeyword.groovy:27)
	at com.kms.katalon.core.webui.keyword.internal.WebUIAbstractKeyword.findWebElement(WebUIAbstractKeyword.groovy:26)
	at com.kms.katalon.core.webui.keyword.builtin.ClickKeyword$_click_closure1.doCall(ClickKeyword.groovy:67)
	at com.kms.katalon.core.webui.keyword.builtin.ClickKeyword$_click_closure1.call(ClickKeyword.groovy)
	at com.kms.katalon.core.webui.keyword.internal.WebUIKeywordMain.runKeyword(WebUIKeywordMain.groovy:20)
	... 19 more


2020-06-05 16:45:49 - [TEST_STEP][PASSED] - openBrowser(""): Browser is opened with url: ''

2020-06-05 16:45:49 - [MESSAGE][INFO] - Starting 'Chrome' driver

2020-06-05 16:45:49 - [MESSAGE][INFO] - Action delay is set to 0 milliseconds

2020-06-05 16:45:53 - [MESSAGE][PASSED] - Browser is opened with url: ''

2020-06-05 16:45:53 - [TEST_STEP][PASSED] - setViewPortSize(1600, 1500): Viewport is set to new size with width = 1600 and height = 1500

2020-06-05 16:45:55 - [MESSAGE][PASSED] - Viewport is set to new size with width = 1600 and height = 1500

2020-06-05 16:45:55 - [TEST_STEP][PASSED] - navigateToUrl("http://localhost:8065/login"): Navigate to 'http://localhost:8065/login' successfully

2020-06-05 16:45:57 - [MESSAGE][PASSED] - Navigate to 'http://localhost:8065/login' successfully

2020-06-05 16:45:57 - [TEST_STEP][PASSED] - setText(findTestObject("Object Repository/1612427/17_SendIcon/Page_Mattermost/input_All team communication in one place s_703ef5"), "hcmus-cdnc"): Text 'hcmus-cdnc' is set on object 'Object Repository/1612427/17_SendIcon/Page_Mattermost/input_All team communication in one place s_703ef5'

2020-06-05 16:45:59 - [MESSAGE][PASSED] - Text 'hcmus-cdnc' is set on object 'Object Repository/1612427/17_SendIcon/Page_Mattermost/input_All team communication in one place s_703ef5'

2020-06-05 16:45:59 - [TEST_STEP][PASSED] - setEncryptedText(findTestObject("Object Repository/1612427/17_SendIcon/Page_Mattermost/input_All team communication in one place s_2f2733"), "aeHFOx8jV/A="): Text ****** has been set on object 'Object Repository/1612427/17_SendIcon/Page_Mattermost/input_All team communication in one place s_2f2733'

2020-06-05 16:45:59 - [MESSAGE][PASSED] - Text ****** has been set on object 'Object Repository/1612427/17_SendIcon/Page_Mattermost/input_All team communication in one place s_2f2733'

2020-06-05 16:45:59 - [TEST_STEP][PASSED] - click(findTestObject("Object Repository/1612427/17_SendIcon/Page_Mattermost/span_Sign in")): Object: 'Object Repository/1612427/17_SendIcon/Page_Mattermost/span_Sign in' is clicked on

2020-06-05 16:46:00 - [MESSAGE][PASSED] - Object: 'Object Repository/1612427/17_SendIcon/Page_Mattermost/span_Sign in' is clicked on

2020-06-05 16:46:00 - [TEST_STEP][FAILED] - click(findTestObject("Object Repository/1612427/17_SendIcon/Page_Town Square - minus Mattermost/svg")): Unable to click on object 'Object Repository/1612427/17_SendIcon/Page_Town Square - minus Mattermost/svg' (Root cause: com.kms.katalon.core.exception.StepFailedException: Unable to click on object 'Object Repository/1612427/17_SendIcon/Page_Town Square - minus Mattermost/svg'
	at com.kms.katalon.core.webui.keyword.internal.WebUIKeywordMain.stepFailed(WebUIKeywordMain.groovy:64)
	at com.kms.katalon.core.webui.keyword.internal.WebUIKeywordMain.runKeyword(WebUIKeywordMain.groovy:26)
	at com.kms.katalon.core.webui.keyword.builtin.ClickKeyword.click(ClickKeyword.groovy:76)
	at com.kms.katalon.core.webui.keyword.builtin.ClickKeyword.execute(ClickKeyword.groovy:43)
	at com.kms.katalon.core.keyword.internal.KeywordExecutor.executeKeywordForPlatform(KeywordExecutor.groovy:72)
	at com.kms.katalon.core.webui.keyword.WebUiBuiltInKeywords.click(WebUiBuiltInKeywords.groovy:616)
	at com.kms.katalon.core.webui.keyword.WebUiBuiltInKeywords$click$3.call(Unknown Source)
	at 17_SendIcon.run(17_SendIcon:33)
	at com.kms.katalon.core.main.ScriptEngine.run(ScriptEngine.java:194)
	at com.kms.katalon.core.main.ScriptEngine.runScriptAsRawText(ScriptEngine.java:119)
	at com.kms.katalon.core.main.TestCaseExecutor.runScript(TestCaseExecutor.java:337)
	at com.kms.katalon.core.main.TestCaseExecutor.doExecute(TestCaseExecutor.java:328)
	at com.kms.katalon.core.main.TestCaseExecutor.processExecutionPhase(TestCaseExecutor.java:307)
	at com.kms.katalon.core.main.TestCaseExecutor.accessMainPhase(TestCaseExecutor.java:299)
	at com.kms.katalon.core.main.TestCaseExecutor.execute(TestCaseExecutor.java:233)
	at com.kms.katalon.core.main.TestSuiteExecutor.accessTestCaseMainPhase(TestSuiteExecutor.java:169)
	at com.kms.katalon.core.main.TestSuiteExecutor.accessTestSuiteMainPhase(TestSuiteExecutor.java:142)
	at com.kms.katalon.core.main.TestSuiteExecutor.execute(TestSuiteExecutor.java:91)
	at com.kms.katalon.core.main.TestCaseMain.startTestSuite(TestCaseMain.java:157)
	at com.kms.katalon.core.main.TestCaseMain$startTestSuite$0.call(Unknown Source)
	at TempTestSuite1591347278292.run(TempTestSuite1591347278292.groovy:37)
Caused by: com.kms.katalon.core.webui.exception.WebElementNotFoundException: Web element with id: 'Object Repository/1612427/17_SendIcon/Page_Town Square - minus Mattermost/svg' located by 'By.xpath: (.//*[normalize-space(text()) and normalize-space(.)='Write to Town Square'])[1]/following::*[name()='svg'][2]' not found
	at com.kms.katalon.core.webui.common.WebUiCommonHelper.findWebElement(WebUiCommonHelper.java:1154)
	at com.kms.katalon.core.webui.keyword.internal.WebUIAbstractKeyword.findWebElement(WebUIAbstractKeyword.groovy:27)
	at com.kms.katalon.core.webui.keyword.internal.WebUIAbstractKeyword.findWebElement(WebUIAbstractKeyword.groovy:26)
	at com.kms.katalon.core.webui.keyword.builtin.ClickKeyword$_click_closure1.doCall(ClickKeyword.groovy:67)
	at com.kms.katalon.core.webui.keyword.builtin.ClickKeyword$_click_closure1.call(ClickKeyword.groovy)
	at com.kms.katalon.core.webui.keyword.internal.WebUIKeywordMain.runKeyword(WebUIKeywordMain.groovy:20)
	at com.kms.katalon.core.webui.keyword.builtin.ClickKeyword.click(ClickKeyword.groovy:76)
	at com.kms.katalon.core.webui.keyword.builtin.ClickKeyword.execute(ClickKeyword.groovy:43)
	at com.kms.katalon.core.keyword.internal.KeywordExecutor.executeKeywordForPlatform(KeywordExecutor.groovy:72)
	at com.kms.katalon.core.webui.keyword.WebUiBuiltInKeywords.click(WebUiBuiltInKeywords.groovy:616)
	at com.kms.katalon.core.webui.keyword.WebUiBuiltInKeywords$click$3.call(Unknown Source)
	at Script1591144482063.run(Script1591144482063.groovy:33)
	... 13 more
)

2020-06-05 16:46:48 - [MESSAGE][INFO] - Unable to find the element located by 'By.xpath: (.//*[normalize-space(text()) and normalize-space(.)='Write to Town Square'])[1]/following::*[name()='svg'][2]'. Please recheck the objects properties to make sure the desired element is located. 

2020-06-05 16:46:49 - [MESSAGE][FAILED] - Unable to click on object 'Object Repository/1612427/17_SendIcon/Page_Town Square - minus Mattermost/svg' (Root cause: com.kms.katalon.core.exception.StepFailedException: Unable to click on object 'Object Repository/1612427/17_SendIcon/Page_Town Square - minus Mattermost/svg'
	at com.kms.katalon.core.webui.keyword.internal.WebUIKeywordMain.stepFailed(WebUIKeywordMain.groovy:64)
	at com.kms.katalon.core.webui.keyword.internal.WebUIKeywordMain.runKeyword(WebUIKeywordMain.groovy:26)
	at com.kms.katalon.core.webui.keyword.builtin.ClickKeyword.click(ClickKeyword.groovy:76)
	at com.kms.katalon.core.webui.keyword.builtin.ClickKeyword.execute(ClickKeyword.groovy:43)
	at com.kms.katalon.core.keyword.internal.KeywordExecutor.executeKeywordForPlatform(KeywordExecutor.groovy:72)
	at com.kms.katalon.core.webui.keyword.WebUiBuiltInKeywords.click(WebUiBuiltInKeywords.groovy:616)
	at com.kms.katalon.core.webui.keyword.WebUiBuiltInKeywords$click$3.call(Unknown Source)
	at 17_SendIcon.run(17_SendIcon:33)
	at com.kms.katalon.core.main.ScriptEngine.run(ScriptEngine.java:194)
	at com.kms.katalon.core.main.ScriptEngine.runScriptAsRawText(ScriptEngine.java:119)
	at com.kms.katalon.core.main.TestCaseExecutor.runScript(TestCaseExecutor.java:337)
	at com.kms.katalon.core.main.TestCaseExecutor.doExecute(TestCaseExecutor.java:328)
	at com.kms.katalon.core.main.TestCaseExecutor.processExecutionPhase(TestCaseExecutor.java:307)
	at com.kms.katalon.core.main.TestCaseExecutor.accessMainPhase(TestCaseExecutor.java:299)
	at com.kms.katalon.core.main.TestCaseExecutor.execute(TestCaseExecutor.java:233)
	at com.kms.katalon.core.main.TestSuiteExecutor.accessTestCaseMainPhase(TestSuiteExecutor.java:169)
	at com.kms.katalon.core.main.TestSuiteExecutor.accessTestSuiteMainPhase(TestSuiteExecutor.java:142)
	at com.kms.katalon.core.main.TestSuiteExecutor.execute(TestSuiteExecutor.java:91)
	at com.kms.katalon.core.main.TestCaseMain.startTestSuite(TestCaseMain.java:157)
	at com.kms.katalon.core.main.TestCaseMain$startTestSuite$0.call(Unknown Source)
	at TempTestSuite1591347278292.run(TempTestSuite1591347278292.groovy:37)
Caused by: com.kms.katalon.core.webui.exception.WebElementNotFoundException: Web element with id: 'Object Repository/1612427/17_SendIcon/Page_Town Square - minus Mattermost/svg' located by 'By.xpath: (.//*[normalize-space(text()) and normalize-space(.)='Write to Town Square'])[1]/following::*[name()='svg'][2]' not found
	at com.kms.katalon.core.webui.common.WebUiCommonHelper.findWebElement(WebUiCommonHelper.java:1154)
	at com.kms.katalon.core.webui.keyword.internal.WebUIAbstractKeyword.findWebElement(WebUIAbstractKeyword.groovy:27)
	at com.kms.katalon.core.webui.keyword.internal.WebUIAbstractKeyword.findWebElement(WebUIAbstractKeyword.groovy:26)
	at com.kms.katalon.core.webui.keyword.builtin.ClickKeyword$_click_closure1.doCall(ClickKeyword.groovy:67)
	at com.kms.katalon.core.webui.keyword.builtin.ClickKeyword$_click_closure1.call(ClickKeyword.groovy)
	at com.kms.katalon.core.webui.keyword.internal.WebUIKeywordMain.runKeyword(WebUIKeywordMain.groovy:20)
	at com.kms.katalon.core.webui.keyword.builtin.ClickKeyword.click(ClickKeyword.groovy:76)
	at com.kms.katalon.core.webui.keyword.builtin.ClickKeyword.execute(ClickKeyword.groovy:43)
	at com.kms.katalon.core.keyword.internal.KeywordExecutor.executeKeywordForPlatform(KeywordExecutor.groovy:72)
	at com.kms.katalon.core.webui.keyword.WebUiBuiltInKeywords.click(WebUiBuiltInKeywords.groovy:616)
	at com.kms.katalon.core.webui.keyword.WebUiBuiltInKeywords$click$3.call(Unknown Source)
	at Script1591144482063.run(Script1591144482063.groovy:33)
	... 13 more
)
[[ATTACHMENT|C:\\Users\\Thanh\\Desktop\\github.com\\New folder (2)\\homeword02-mattermost-katalon\\Reports\\20200605_155438\\Run all test cases\\20200605_155438\\1591350408021.png]]]]></system-out>
         <system-err><![CDATA[2020-06-05 16:45:49 - [TEST_CASE][FAILED] - Test Cases/1612427/17_SendIcon: Test Cases/1612427/17_SendIcon FAILED.
Reason:
com.kms.katalon.core.exception.StepFailedException: Unable to click on object 'Object Repository/1612427/17_SendIcon/Page_Town Square - minus Mattermost/svg'
	at com.kms.katalon.core.webui.keyword.internal.WebUIKeywordMain.stepFailed(WebUIKeywordMain.groovy:64)
	at com.kms.katalon.core.webui.keyword.internal.WebUIKeywordMain.runKeyword(WebUIKeywordMain.groovy:26)
	at com.kms.katalon.core.webui.keyword.builtin.ClickKeyword.click(ClickKeyword.groovy:76)
	at com.kms.katalon.core.webui.keyword.builtin.ClickKeyword.execute(ClickKeyword.groovy:43)
	at com.kms.katalon.core.keyword.internal.KeywordExecutor.executeKeywordForPlatform(KeywordExecutor.groovy:72)
	at com.kms.katalon.core.webui.keyword.WebUiBuiltInKeywords.click(WebUiBuiltInKeywords.groovy:616)
	at com.kms.katalon.core.webui.keyword.WebUiBuiltInKeywords$click$3.call(Unknown Source)
	at 17_SendIcon.run(17_SendIcon:33)
	at com.kms.katalon.core.main.ScriptEngine.run(ScriptEngine.java:194)
	at com.kms.katalon.core.main.ScriptEngine.runScriptAsRawText(ScriptEngine.java:119)
	at com.kms.katalon.core.main.TestCaseExecutor.runScript(TestCaseExecutor.java:337)
	at com.kms.katalon.core.main.TestCaseExecutor.doExecute(TestCaseExecutor.java:328)
	at com.kms.katalon.core.main.TestCaseExecutor.processExecutionPhase(TestCaseExecutor.java:307)
	at com.kms.katalon.core.main.TestCaseExecutor.accessMainPhase(TestCaseExecutor.java:299)
	at com.kms.katalon.core.main.TestCaseExecutor.execute(TestCaseExecutor.java:233)
	at com.kms.katalon.core.main.TestSuiteExecutor.accessTestCaseMainPhase(TestSuiteExecutor.java:169)
	at com.kms.katalon.core.main.TestSuiteExecutor.accessTestSuiteMainPhase(TestSuiteExecutor.java:142)
	at com.kms.katalon.core.main.TestSuiteExecutor.execute(TestSuiteExecutor.java:91)
	at com.kms.katalon.core.main.TestCaseMain.startTestSuite(TestCaseMain.java:157)
	at com.kms.katalon.core.main.TestCaseMain$startTestSuite$0.call(Unknown Source)
	at TempTestSuite1591347278292.run(TempTestSuite1591347278292.groovy:37)
Caused by: com.kms.katalon.core.webui.exception.WebElementNotFoundException: Web element with id: 'Object Repository/1612427/17_SendIcon/Page_Town Square - minus Mattermost/svg' located by 'By.xpath: (.//*[normalize-space(text()) and normalize-space(.)='Write to Town Square'])[1]/following::*[name()='svg'][2]' not found
	at com.kms.katalon.core.webui.common.WebUiCommonHelper.findWebElement(WebUiCommonHelper.java:1154)
	at com.kms.katalon.core.webui.keyword.internal.WebUIAbstractKeyword.findWebElement(WebUIAbstractKeyword.groovy:27)
	at com.kms.katalon.core.webui.keyword.internal.WebUIAbstractKeyword.findWebElement(WebUIAbstractKeyword.groovy:26)
	at com.kms.katalon.core.webui.keyword.builtin.ClickKeyword$_click_closure1.doCall(ClickKeyword.groovy:67)
	at com.kms.katalon.core.webui.keyword.builtin.ClickKeyword$_click_closure1.call(ClickKeyword.groovy)
	at com.kms.katalon.core.webui.keyword.internal.WebUIKeywordMain.runKeyword(WebUIKeywordMain.groovy:20)
	... 19 more]]></system-err>
      </testcase>
      <testcase name="Test Cases/1612427/18_SwitchChannel" time="18.038" classname="Test Cases/1612427/18_SwitchChannel" status="PASSED">
         <system-out><![CDATA[2020-06-05 16:46:49 - [TEST_CASE][PASSED] - Test Cases/1612427/18_SwitchChannel: Test Cases/1612427/18_SwitchChannel

2020-06-05 16:46:50 - [TEST_STEP][PASSED] - openBrowser(""): Browser is opened with url: ''

2020-06-05 16:46:50 - [MESSAGE][WARNING] - A browser is already opened. Closing browser and opening a new one

2020-06-05 16:46:50 - [MESSAGE][INFO] - Starting 'Chrome' driver

2020-06-05 16:46:50 - [MESSAGE][INFO] - Action delay is set to 0 milliseconds

2020-06-05 16:46:55 - [MESSAGE][PASSED] - Browser is opened with url: ''

2020-06-05 16:46:55 - [TEST_STEP][PASSED] - navigateToUrl("http://localhost:8065/login"): Navigate to 'http://localhost:8065/login' successfully

2020-06-05 16:46:57 - [MESSAGE][PASSED] - Navigate to 'http://localhost:8065/login' successfully

2020-06-05 16:46:57 - [TEST_STEP][PASSED] - setText(findTestObject("Object Repository/1612427/18_SwitchChannel/Page_Mattermost/input_All team communication in one place s_703ef5"), "hcmus-cdnc"): Text 'hcmus-cdnc' is set on object 'Object Repository/1612427/18_SwitchChannel/Page_Mattermost/input_All team communication in one place s_703ef5'

2020-06-05 16:46:59 - [MESSAGE][PASSED] - Text 'hcmus-cdnc' is set on object 'Object Repository/1612427/18_SwitchChannel/Page_Mattermost/input_All team communication in one place s_703ef5'

2020-06-05 16:46:59 - [TEST_STEP][PASSED] - setEncryptedText(findTestObject("Object Repository/1612427/18_SwitchChannel/Page_Mattermost/input_All team communication in one place s_2f2733"), "aeHFOx8jV/A="): Text ****** has been set on object 'Object Repository/1612427/18_SwitchChannel/Page_Mattermost/input_All team communication in one place s_2f2733'

2020-06-05 16:47:00 - [MESSAGE][PASSED] - Text ****** has been set on object 'Object Repository/1612427/18_SwitchChannel/Page_Mattermost/input_All team communication in one place s_2f2733'

2020-06-05 16:47:00 - [TEST_STEP][PASSED] - click(findTestObject("Object Repository/1612427/18_SwitchChannel/Page_Mattermost/span_Sign in")): Object: 'Object Repository/1612427/18_SwitchChannel/Page_Mattermost/span_Sign in' is clicked on

2020-06-05 16:47:00 - [MESSAGE][PASSED] - Object: 'Object Repository/1612427/18_SwitchChannel/Page_Mattermost/span_Sign in' is clicked on

2020-06-05 16:47:00 - [TEST_STEP][PASSED] - channels = ["Town Square", "Off-Topic"]: null

2020-06-05 16:47:00 - [TEST_STEP][PASSED] - for (String ch : channels): null

2020-06-05 16:47:00 - [TEST_STEP][PASSED] - switch (ch): null

2020-06-05 16:47:00 - [TEST_STEP][PASSED] - case "Town Square":: null

2020-06-05 16:47:00 - [TEST_STEP][PASSED] - click(findTestObject("Object Repository/1612427/18_SwitchChannel/Page_Town Square - minus Mattermost/span_Off-Topic")): Object: 'Object Repository/1612427/18_SwitchChannel/Page_Town Square - minus Mattermost/span_Off-Topic' is clicked on

2020-06-05 16:47:05 - [MESSAGE][PASSED] - Object: 'Object Repository/1612427/18_SwitchChannel/Page_Town Square - minus Mattermost/span_Off-Topic' is clicked on

2020-06-05 16:47:05 - [TEST_STEP][PASSED] - break: null

2020-06-05 16:47:05 - [TEST_STEP][PASSED] - switch (ch): null

2020-06-05 16:47:05 - [TEST_STEP][PASSED] - case "Off-Topic":: null

2020-06-05 16:47:05 - [TEST_STEP][PASSED] - click(findTestObject("Object Repository/1612427/18_SwitchChannel/Page_Off-Topic - minus Mattermost/span_Town Square")): Object: 'Object Repository/1612427/18_SwitchChannel/Page_Off-Topic - minus Mattermost/span_Town Square' is clicked on

2020-06-05 16:47:06 - [MESSAGE][PASSED] - Object: 'Object Repository/1612427/18_SwitchChannel/Page_Off-Topic - minus Mattermost/span_Town Square' is clicked on

2020-06-05 16:47:06 - [TEST_STEP][PASSED] - break: null

2020-06-05 16:47:06 - [TEST_STEP][PASSED] - closeBrowser(): Browser is closed

2020-06-05 16:47:07 - [MESSAGE][PASSED] - Browser is closed]]></system-out>
         <system-err><![CDATA[]]></system-err>
      </testcase>
      <testcase name="Test Cases/1612427/19_InvitePeople" time="23.748" classname="Test Cases/1612427/19_InvitePeople" status="PASSED">
         <system-out><![CDATA[2020-06-05 16:47:07 - [TEST_CASE][PASSED] - Test Cases/1612427/19_InvitePeople: Test Cases/1612427/19_InvitePeople

2020-06-05 16:47:07 - [TEST_STEP][PASSED] - openBrowser(""): Browser is opened with url: ''

2020-06-05 16:47:07 - [MESSAGE][INFO] - Starting 'Chrome' driver

2020-06-05 16:47:07 - [MESSAGE][INFO] - Action delay is set to 0 milliseconds

2020-06-05 16:47:11 - [MESSAGE][PASSED] - Browser is opened with url: ''

2020-06-05 16:47:11 - [TEST_STEP][PASSED] - navigateToUrl("http://localhost:8065/login"): Navigate to 'http://localhost:8065/login' successfully

2020-06-05 16:47:13 - [MESSAGE][PASSED] - Navigate to 'http://localhost:8065/login' successfully

2020-06-05 16:47:13 - [TEST_STEP][PASSED] - setText(findTestObject("Object Repository/1612427/19_InvitePeople/Page_Mattermost/input_All team communication in one place s_703ef5"), "hcmus-cdnc"): Text 'hcmus-cdnc' is set on object 'Object Repository/1612427/19_InvitePeople/Page_Mattermost/input_All team communication in one place s_703ef5'

2020-06-05 16:47:15 - [MESSAGE][PASSED] - Text 'hcmus-cdnc' is set on object 'Object Repository/1612427/19_InvitePeople/Page_Mattermost/input_All team communication in one place s_703ef5'

2020-06-05 16:47:15 - [TEST_STEP][PASSED] - setEncryptedText(findTestObject("Object Repository/1612427/19_InvitePeople/Page_Mattermost/input_All team communication in one place s_2f2733"), "aeHFOx8jV/A="): Text ****** has been set on object 'Object Repository/1612427/19_InvitePeople/Page_Mattermost/input_All team communication in one place s_2f2733'

2020-06-05 16:47:16 - [MESSAGE][PASSED] - Text ****** has been set on object 'Object Repository/1612427/19_InvitePeople/Page_Mattermost/input_All team communication in one place s_2f2733'

2020-06-05 16:47:16 - [TEST_STEP][PASSED] - click(findTestObject("Object Repository/1612427/19_InvitePeople/Page_Mattermost/span_Sign in")): Object: 'Object Repository/1612427/19_InvitePeople/Page_Mattermost/span_Sign in' is clicked on

2020-06-05 16:47:17 - [MESSAGE][PASSED] - Object: 'Object Repository/1612427/19_InvitePeople/Page_Mattermost/span_Sign in' is clicked on

2020-06-05 16:47:17 - [TEST_STEP][PASSED] - click(findTestObject("Object Repository/1612427/19_InvitePeople/Page_Town Square - minus Mattermost/svg")): Object: 'Object Repository/1612427/19_InvitePeople/Page_Town Square - minus Mattermost/svg' is clicked on

2020-06-05 16:47:21 - [MESSAGE][PASSED] - Object: 'Object Repository/1612427/19_InvitePeople/Page_Town Square - minus Mattermost/svg' is clicked on

2020-06-05 16:47:21 - [TEST_STEP][PASSED] - click(findTestObject("Object Repository/1612427/19_InvitePeople/Page_Town Square - minus Mattermost/span_Invite People")): Object: 'Object Repository/1612427/19_InvitePeople/Page_Town Square - minus Mattermost/span_Invite People' is clicked on

2020-06-05 16:47:23 - [MESSAGE][PASSED] - Object: 'Object Repository/1612427/19_InvitePeople/Page_Town Square - minus Mattermost/span_Invite People' is clicked on

2020-06-05 16:47:23 - [TEST_STEP][PASSED] - click(findTestObject("Object Repository/1612427/19_InvitePeople/Page_Town Square - minus Mattermost/div_Add members")): Object: 'Object Repository/1612427/19_InvitePeople/Page_Town Square - minus Mattermost/div_Add members' is clicked on

2020-06-05 16:47:24 - [MESSAGE][PASSED] - Object: 'Object Repository/1612427/19_InvitePeople/Page_Town Square - minus Mattermost/div_Add members' is clicked on

2020-06-05 16:47:24 - [TEST_STEP][PASSED] - members = ["Nghiem", "Loc", "Thien", "Nhat"]: null

2020-06-05 16:47:24 - [TEST_STEP][PASSED] - for (String name : members): null

2020-06-05 16:47:24 - [TEST_STEP][PASSED] - switch (name): null

2020-06-05 16:47:24 - [TEST_STEP][PASSED] - case "Nghiem":: null

2020-06-05 16:47:24 - [TEST_STEP][PASSED] - setText(findTestObject("Object Repository/1612427/19_InvitePeople/Page_Town Square - minus Mattermost/input_Add members_react-select-2-input"), name): Text 'Nghiem' is set on object 'Object Repository/1612427/19_InvitePeople/Page_Town Square - minus Mattermost/input_Add members_react-select-2-input'

2020-06-05 16:47:25 - [MESSAGE][PASSED] - Text 'Nghiem' is set on object 'Object Repository/1612427/19_InvitePeople/Page_Town Square - minus Mattermost/input_Add members_react-select-2-input'

2020-06-05 16:47:25 - [TEST_STEP][PASSED] - break: null

2020-06-05 16:47:25 - [TEST_STEP][PASSED] - switch (name): null

2020-06-05 16:47:25 - [TEST_STEP][PASSED] - case "Loc":: null

2020-06-05 16:47:25 - [TEST_STEP][PASSED] - setText(findTestObject("Object Repository/1612427/19_InvitePeople/Page_Town Square - minus Mattermost/input_Add members_react-select-2-input"), "Loc"): Text 'Loc' is set on object 'Object Repository/1612427/19_InvitePeople/Page_Town Square - minus Mattermost/input_Add members_react-select-2-input'

2020-06-05 16:47:28 - [MESSAGE][PASSED] - Text 'Loc' is set on object 'Object Repository/1612427/19_InvitePeople/Page_Town Square - minus Mattermost/input_Add members_react-select-2-input'

2020-06-05 16:47:28 - [TEST_STEP][PASSED] - break: null

2020-06-05 16:47:28 - [TEST_STEP][PASSED] - switch (name): null

2020-06-05 16:47:28 - [TEST_STEP][PASSED] - case "Thien":: null

2020-06-05 16:47:28 - [TEST_STEP][PASSED] - setText(findTestObject("Object Repository/1612427/19_InvitePeople/Page_Town Square - minus Mattermost/input_Add members_react-select-2-input"), "Thien"): Text 'Thien' is set on object 'Object Repository/1612427/19_InvitePeople/Page_Town Square - minus Mattermost/input_Add members_react-select-2-input'

2020-06-05 16:47:30 - [MESSAGE][PASSED] - Text 'Thien' is set on object 'Object Repository/1612427/19_InvitePeople/Page_Town Square - minus Mattermost/input_Add members_react-select-2-input'

2020-06-05 16:47:30 - [TEST_STEP][PASSED] - break: null

2020-06-05 16:47:30 - [TEST_STEP][PASSED] - switch (name): null

2020-06-05 16:47:30 - [TEST_STEP][PASSED] - closeBrowser(): Browser is closed

2020-06-05 16:47:31 - [MESSAGE][PASSED] - Browser is closed]]></system-out>
         <system-err><![CDATA[]]></system-err>
      </testcase>
      <testcase name="Test Cases/1612427/20_Search_Message" time="12.202" classname="Test Cases/1612427/20_Search_Message" status="FAILED">
         <failure type="FAILED" message="Test Cases/1612427/20_Search_Message FAILED.
Reason:
com.kms.katalon.core.exception.StepFailedException: Unable to set text
	at com.kms.katalon.core.webui.keyword.internal.WebUIKeywordMain.stepFailed(WebUIKeywordMain.groovy:64)
	at com.kms.katalon.core.webui.keyword.internal.WebUIKeywordMain.runKeyword(WebUIKeywordMain.groovy:26)
	at com.kms.katalon.core.webui.keyword.builtin.SetTextKeyword.setText(SetTextKeyword.groovy:66)
	at com.kms.katalon.core.webui.keyword.builtin.SetTextKeyword.execute(SetTextKeyword.groovy:37)
	at com.kms.katalon.core.keyword.internal.KeywordExecutor.executeKeywordForPlatform(KeywordExecutor.groovy:72)
	at com.kms.katalon.core.webui.keyword.WebUiBuiltInKeywords.setText(WebUiBuiltInKeywords.groovy:976)
	at com.kms.katalon.core.webui.keyword.WebUiBuiltInKeywords$setText$1.call(Unknown Source)
	at 20_Search_Message.run(20_Search_Message:36)
	at com.kms.katalon.core.main.ScriptEngine.run(ScriptEngine.java:194)
	at com.kms.katalon.core.main.ScriptEngine.runScriptAsRawText(ScriptEngine.java:119)
	at com.kms.katalon.core.main.TestCaseExecutor.runScript(TestCaseExecutor.java:337)
	at com.kms.katalon.core.main.TestCaseExecutor.doExecute(TestCaseExecutor.java:328)
	at com.kms.katalon.core.main.TestCaseExecutor.processExecutionPhase(TestCaseExecutor.java:307)
	at com.kms.katalon.core.main.TestCaseExecutor.accessMainPhase(TestCaseExecutor.java:299)
	at com.kms.katalon.core.main.TestCaseExecutor.execute(TestCaseExecutor.java:233)
	at com.kms.katalon.core.main.TestSuiteExecutor.accessTestCaseMainPhase(TestSuiteExecutor.java:169)
	at com.kms.katalon.core.main.TestSuiteExecutor.accessTestSuiteMainPhase(TestSuiteExecutor.java:142)
	at com.kms.katalon.core.main.TestSuiteExecutor.execute(TestSuiteExecutor.java:91)
	at com.kms.katalon.core.main.TestCaseMain.startTestSuite(TestCaseMain.java:157)
	at com.kms.katalon.core.main.TestCaseMain$startTestSuite$0.call(Unknown Source)
	at TempTestSuite1591347278292.run(TempTestSuite1591347278292.groovy:37)
Caused by: java.lang.IllegalArgumentException: Object is null
	at com.kms.katalon.core.helper.KeywordHelper.checkTestObjectParameter(KeywordHelper.java:33)
	at com.kms.katalon.core.webui.keyword.builtin.SetTextKeyword$_setText_closure1.doCall(SetTextKeyword.groovy:45)
	at com.kms.katalon.core.webui.keyword.builtin.SetTextKeyword$_setText_closure1.call(SetTextKeyword.groovy)
	at com.kms.katalon.core.webui.keyword.internal.WebUIKeywordMain.runKeyword(WebUIKeywordMain.groovy:20)
	... 19 more
"/>
         <system-out><![CDATA[2020-06-05 16:47:31 - [TEST_CASE][FAILED] - Test Cases/1612427/20_Search_Message: Test Cases/1612427/20_Search_Message FAILED.
Reason:
com.kms.katalon.core.exception.StepFailedException: Unable to set text
	at com.kms.katalon.core.webui.keyword.internal.WebUIKeywordMain.stepFailed(WebUIKeywordMain.groovy:64)
	at com.kms.katalon.core.webui.keyword.internal.WebUIKeywordMain.runKeyword(WebUIKeywordMain.groovy:26)
	at com.kms.katalon.core.webui.keyword.builtin.SetTextKeyword.setText(SetTextKeyword.groovy:66)
	at com.kms.katalon.core.webui.keyword.builtin.SetTextKeyword.execute(SetTextKeyword.groovy:37)
	at com.kms.katalon.core.keyword.internal.KeywordExecutor.executeKeywordForPlatform(KeywordExecutor.groovy:72)
	at com.kms.katalon.core.webui.keyword.WebUiBuiltInKeywords.setText(WebUiBuiltInKeywords.groovy:976)
	at com.kms.katalon.core.webui.keyword.WebUiBuiltInKeywords$setText$1.call(Unknown Source)
	at 20_Search_Message.run(20_Search_Message:36)
	at com.kms.katalon.core.main.ScriptEngine.run(ScriptEngine.java:194)
	at com.kms.katalon.core.main.ScriptEngine.runScriptAsRawText(ScriptEngine.java:119)
	at com.kms.katalon.core.main.TestCaseExecutor.runScript(TestCaseExecutor.java:337)
	at com.kms.katalon.core.main.TestCaseExecutor.doExecute(TestCaseExecutor.java:328)
	at com.kms.katalon.core.main.TestCaseExecutor.processExecutionPhase(TestCaseExecutor.java:307)
	at com.kms.katalon.core.main.TestCaseExecutor.accessMainPhase(TestCaseExecutor.java:299)
	at com.kms.katalon.core.main.TestCaseExecutor.execute(TestCaseExecutor.java:233)
	at com.kms.katalon.core.main.TestSuiteExecutor.accessTestCaseMainPhase(TestSuiteExecutor.java:169)
	at com.kms.katalon.core.main.TestSuiteExecutor.accessTestSuiteMainPhase(TestSuiteExecutor.java:142)
	at com.kms.katalon.core.main.TestSuiteExecutor.execute(TestSuiteExecutor.java:91)
	at com.kms.katalon.core.main.TestCaseMain.startTestSuite(TestCaseMain.java:157)
	at com.kms.katalon.core.main.TestCaseMain$startTestSuite$0.call(Unknown Source)
	at TempTestSuite1591347278292.run(TempTestSuite1591347278292.groovy:37)
Caused by: java.lang.IllegalArgumentException: Object is null
	at com.kms.katalon.core.helper.KeywordHelper.checkTestObjectParameter(KeywordHelper.java:33)
	at com.kms.katalon.core.webui.keyword.builtin.SetTextKeyword$_setText_closure1.doCall(SetTextKeyword.groovy:45)
	at com.kms.katalon.core.webui.keyword.builtin.SetTextKeyword$_setText_closure1.call(SetTextKeyword.groovy)
	at com.kms.katalon.core.webui.keyword.internal.WebUIKeywordMain.runKeyword(WebUIKeywordMain.groovy:20)
	... 19 more


2020-06-05 16:47:32 - [TEST_STEP][PASSED] - openBrowser(""): Browser is opened with url: ''

2020-06-05 16:47:32 - [MESSAGE][INFO] - Starting 'Chrome' driver

2020-06-05 16:47:32 - [MESSAGE][INFO] - Action delay is set to 0 milliseconds

2020-06-05 16:47:36 - [MESSAGE][PASSED] - Browser is opened with url: ''

2020-06-05 16:47:36 - [TEST_STEP][PASSED] - navigateToUrl("http://localhost:8065/login"): Navigate to 'http://localhost:8065/login' successfully

2020-06-05 16:47:38 - [MESSAGE][PASSED] - Navigate to 'http://localhost:8065/login' successfully

2020-06-05 16:47:38 - [TEST_STEP][PASSED] - setText(findTestObject("Object Repository/1612427/20_SearchMessage/Page_Mattermost/input_All team communication in one place s_703ef5"), "hcmus-cdnc"): Text 'hcmus-cdnc' is set on object 'Object Repository/1612427/20_SearchMessage/Page_Mattermost/input_All team communication in one place s_703ef5'

2020-06-05 16:47:41 - [MESSAGE][PASSED] - Text 'hcmus-cdnc' is set on object 'Object Repository/1612427/20_SearchMessage/Page_Mattermost/input_All team communication in one place s_703ef5'

2020-06-05 16:47:41 - [TEST_STEP][PASSED] - setEncryptedText(findTestObject("Object Repository/1612427/20_SearchMessage/Page_Mattermost/input_All team communication in one place s_2f2733"), "aeHFOx8jV/A="): Text ****** has been set on object 'Object Repository/1612427/20_SearchMessage/Page_Mattermost/input_All team communication in one place s_2f2733'

2020-06-05 16:47:42 - [MESSAGE][PASSED] - Text ****** has been set on object 'Object Repository/1612427/20_SearchMessage/Page_Mattermost/input_All team communication in one place s_2f2733'

2020-06-05 16:47:42 - [TEST_STEP][PASSED] - click(findTestObject("Object Repository/1612427/20_SearchMessage/Page_Mattermost/button_Sign in")): Object: 'Object Repository/1612427/20_SearchMessage/Page_Mattermost/button_Sign in' is clicked on

2020-06-05 16:47:43 - [MESSAGE][PASSED] - Object: 'Object Repository/1612427/20_SearchMessage/Page_Mattermost/button_Sign in' is clicked on

2020-06-05 16:47:43 - [TEST_STEP][PASSED] - keys = ["nghiem", "son"]: null

2020-06-05 16:47:43 - [TEST_STEP][FAILED] - for (String key : keys): Unable to set text (Root cause: com.kms.katalon.core.exception.StepFailedException: Unable to set text
	at com.kms.katalon.core.webui.keyword.internal.WebUIKeywordMain.stepFailed(WebUIKeywordMain.groovy:64)
	at com.kms.katalon.core.webui.keyword.internal.WebUIKeywordMain.runKeyword(WebUIKeywordMain.groovy:26)
	at com.kms.katalon.core.webui.keyword.builtin.SetTextKeyword.setText(SetTextKeyword.groovy:66)
	at com.kms.katalon.core.webui.keyword.builtin.SetTextKeyword.execute(SetTextKeyword.groovy:37)
	at com.kms.katalon.core.keyword.internal.KeywordExecutor.executeKeywordForPlatform(KeywordExecutor.groovy:72)
	at com.kms.katalon.core.webui.keyword.WebUiBuiltInKeywords.setText(WebUiBuiltInKeywords.groovy:976)
	at com.kms.katalon.core.webui.keyword.WebUiBuiltInKeywords$setText$1.call(Unknown Source)
	at 20_Search_Message.run(20_Search_Message:36)
	at com.kms.katalon.core.main.ScriptEngine.run(ScriptEngine.java:194)
	at com.kms.katalon.core.main.ScriptEngine.runScriptAsRawText(ScriptEngine.java:119)
	at com.kms.katalon.core.main.TestCaseExecutor.runScript(TestCaseExecutor.java:337)
	at com.kms.katalon.core.main.TestCaseExecutor.doExecute(TestCaseExecutor.java:328)
	at com.kms.katalon.core.main.TestCaseExecutor.processExecutionPhase(TestCaseExecutor.java:307)
	at com.kms.katalon.core.main.TestCaseExecutor.accessMainPhase(TestCaseExecutor.java:299)
	at com.kms.katalon.core.main.TestCaseExecutor.execute(TestCaseExecutor.java:233)
	at com.kms.katalon.core.main.TestSuiteExecutor.accessTestCaseMainPhase(TestSuiteExecutor.java:169)
	at com.kms.katalon.core.main.TestSuiteExecutor.accessTestSuiteMainPhase(TestSuiteExecutor.java:142)
	at com.kms.katalon.core.main.TestSuiteExecutor.execute(TestSuiteExecutor.java:91)
	at com.kms.katalon.core.main.TestCaseMain.startTestSuite(TestCaseMain.java:157)
	at com.kms.katalon.core.main.TestCaseMain$startTestSuite$0.call(Unknown Source)
	at TempTestSuite1591347278292.run(TempTestSuite1591347278292.groovy:37)
Caused by: java.lang.IllegalArgumentException: Object is null
	at com.kms.katalon.core.helper.KeywordHelper.checkTestObjectParameter(KeywordHelper.java:33)
	at com.kms.katalon.core.webui.keyword.builtin.SetTextKeyword$_setText_closure1.doCall(SetTextKeyword.groovy:45)
	at com.kms.katalon.core.webui.keyword.builtin.SetTextKeyword$_setText_closure1.call(SetTextKeyword.groovy)
	at com.kms.katalon.core.webui.keyword.internal.WebUIKeywordMain.runKeyword(WebUIKeywordMain.groovy:20)
	at com.kms.katalon.core.webui.keyword.builtin.SetTextKeyword.setText(SetTextKeyword.groovy:66)
	at com.kms.katalon.core.webui.keyword.builtin.SetTextKeyword.execute(SetTextKeyword.groovy:37)
	at com.kms.katalon.core.keyword.internal.KeywordExecutor.executeKeywordForPlatform(KeywordExecutor.groovy:72)
	at com.kms.katalon.core.webui.keyword.WebUiBuiltInKeywords.setText(WebUiBuiltInKeywords.groovy:976)
	at com.kms.katalon.core.webui.keyword.WebUiBuiltInKeywords$setText$1.call(Unknown Source)
	at Script1591282251403.run(Script1591282251403.groovy:36)
	... 13 more
)

2020-06-05 16:47:43 - [TEST_STEP][FAILED] - switch ("from"): Unable to set text (Root cause: com.kms.katalon.core.exception.StepFailedException: Unable to set text
	at com.kms.katalon.core.webui.keyword.internal.WebUIKeywordMain.stepFailed(WebUIKeywordMain.groovy:64)
	at com.kms.katalon.core.webui.keyword.internal.WebUIKeywordMain.runKeyword(WebUIKeywordMain.groovy:26)
	at com.kms.katalon.core.webui.keyword.builtin.SetTextKeyword.setText(SetTextKeyword.groovy:66)
	at com.kms.katalon.core.webui.keyword.builtin.SetTextKeyword.execute(SetTextKeyword.groovy:37)
	at com.kms.katalon.core.keyword.internal.KeywordExecutor.executeKeywordForPlatform(KeywordExecutor.groovy:72)
	at com.kms.katalon.core.webui.keyword.WebUiBuiltInKeywords.setText(WebUiBuiltInKeywords.groovy:976)
	at com.kms.katalon.core.webui.keyword.WebUiBuiltInKeywords$setText$1.call(Unknown Source)
	at 20_Search_Message.run(20_Search_Message:36)
	at com.kms.katalon.core.main.ScriptEngine.run(ScriptEngine.java:194)
	at com.kms.katalon.core.main.ScriptEngine.runScriptAsRawText(ScriptEngine.java:119)
	at com.kms.katalon.core.main.TestCaseExecutor.runScript(TestCaseExecutor.java:337)
	at com.kms.katalon.core.main.TestCaseExecutor.doExecute(TestCaseExecutor.java:328)
	at com.kms.katalon.core.main.TestCaseExecutor.processExecutionPhase(TestCaseExecutor.java:307)
	at com.kms.katalon.core.main.TestCaseExecutor.accessMainPhase(TestCaseExecutor.java:299)
	at com.kms.katalon.core.main.TestCaseExecutor.execute(TestCaseExecutor.java:233)
	at com.kms.katalon.core.main.TestSuiteExecutor.accessTestCaseMainPhase(TestSuiteExecutor.java:169)
	at com.kms.katalon.core.main.TestSuiteExecutor.accessTestSuiteMainPhase(TestSuiteExecutor.java:142)
	at com.kms.katalon.core.main.TestSuiteExecutor.execute(TestSuiteExecutor.java:91)
	at com.kms.katalon.core.main.TestCaseMain.startTestSuite(TestCaseMain.java:157)
	at com.kms.katalon.core.main.TestCaseMain$startTestSuite$0.call(Unknown Source)
	at TempTestSuite1591347278292.run(TempTestSuite1591347278292.groovy:37)
Caused by: java.lang.IllegalArgumentException: Object is null
	at com.kms.katalon.core.helper.KeywordHelper.checkTestObjectParameter(KeywordHelper.java:33)
	at com.kms.katalon.core.webui.keyword.builtin.SetTextKeyword$_setText_closure1.doCall(SetTextKeyword.groovy:45)
	at com.kms.katalon.core.webui.keyword.builtin.SetTextKeyword$_setText_closure1.call(SetTextKeyword.groovy)
	at com.kms.katalon.core.webui.keyword.internal.WebUIKeywordMain.runKeyword(WebUIKeywordMain.groovy:20)
	at com.kms.katalon.core.webui.keyword.builtin.SetTextKeyword.setText(SetTextKeyword.groovy:66)
	at com.kms.katalon.core.webui.keyword.builtin.SetTextKeyword.execute(SetTextKeyword.groovy:37)
	at com.kms.katalon.core.keyword.internal.KeywordExecutor.executeKeywordForPlatform(KeywordExecutor.groovy:72)
	at com.kms.katalon.core.webui.keyword.WebUiBuiltInKeywords.setText(WebUiBuiltInKeywords.groovy:976)
	at com.kms.katalon.core.webui.keyword.WebUiBuiltInKeywords$setText$1.call(Unknown Source)
	at Script1591282251403.run(Script1591282251403.groovy:36)
	... 13 more
)

2020-06-05 16:47:43 - [TEST_STEP][FAILED] - case "from":: Unable to set text (Root cause: com.kms.katalon.core.exception.StepFailedException: Unable to set text
	at com.kms.katalon.core.webui.keyword.internal.WebUIKeywordMain.stepFailed(WebUIKeywordMain.groovy:64)
	at com.kms.katalon.core.webui.keyword.internal.WebUIKeywordMain.runKeyword(WebUIKeywordMain.groovy:26)
	at com.kms.katalon.core.webui.keyword.builtin.SetTextKeyword.setText(SetTextKeyword.groovy:66)
	at com.kms.katalon.core.webui.keyword.builtin.SetTextKeyword.execute(SetTextKeyword.groovy:37)
	at com.kms.katalon.core.keyword.internal.KeywordExecutor.executeKeywordForPlatform(KeywordExecutor.groovy:72)
	at com.kms.katalon.core.webui.keyword.WebUiBuiltInKeywords.setText(WebUiBuiltInKeywords.groovy:976)
	at com.kms.katalon.core.webui.keyword.WebUiBuiltInKeywords$setText$1.call(Unknown Source)
	at 20_Search_Message.run(20_Search_Message:36)
	at com.kms.katalon.core.main.ScriptEngine.run(ScriptEngine.java:194)
	at com.kms.katalon.core.main.ScriptEngine.runScriptAsRawText(ScriptEngine.java:119)
	at com.kms.katalon.core.main.TestCaseExecutor.runScript(TestCaseExecutor.java:337)
	at com.kms.katalon.core.main.TestCaseExecutor.doExecute(TestCaseExecutor.java:328)
	at com.kms.katalon.core.main.TestCaseExecutor.processExecutionPhase(TestCaseExecutor.java:307)
	at com.kms.katalon.core.main.TestCaseExecutor.accessMainPhase(TestCaseExecutor.java:299)
	at com.kms.katalon.core.main.TestCaseExecutor.execute(TestCaseExecutor.java:233)
	at com.kms.katalon.core.main.TestSuiteExecutor.accessTestCaseMainPhase(TestSuiteExecutor.java:169)
	at com.kms.katalon.core.main.TestSuiteExecutor.accessTestSuiteMainPhase(TestSuiteExecutor.java:142)
	at com.kms.katalon.core.main.TestSuiteExecutor.execute(TestSuiteExecutor.java:91)
	at com.kms.katalon.core.main.TestCaseMain.startTestSuite(TestCaseMain.java:157)
	at com.kms.katalon.core.main.TestCaseMain$startTestSuite$0.call(Unknown Source)
	at TempTestSuite1591347278292.run(TempTestSuite1591347278292.groovy:37)
Caused by: java.lang.IllegalArgumentException: Object is null
	at com.kms.katalon.core.helper.KeywordHelper.checkTestObjectParameter(KeywordHelper.java:33)
	at com.kms.katalon.core.webui.keyword.builtin.SetTextKeyword$_setText_closure1.doCall(SetTextKeyword.groovy:45)
	at com.kms.katalon.core.webui.keyword.builtin.SetTextKeyword$_setText_closure1.call(SetTextKeyword.groovy)
	at com.kms.katalon.core.webui.keyword.internal.WebUIKeywordMain.runKeyword(WebUIKeywordMain.groovy:20)
	at com.kms.katalon.core.webui.keyword.builtin.SetTextKeyword.setText(SetTextKeyword.groovy:66)
	at com.kms.katalon.core.webui.keyword.builtin.SetTextKeyword.execute(SetTextKeyword.groovy:37)
	at com.kms.katalon.core.keyword.internal.KeywordExecutor.executeKeywordForPlatform(KeywordExecutor.groovy:72)
	at com.kms.katalon.core.webui.keyword.WebUiBuiltInKeywords.setText(WebUiBuiltInKeywords.groovy:976)
	at com.kms.katalon.core.webui.keyword.WebUiBuiltInKeywords$setText$1.call(Unknown Source)
	at Script1591282251403.run(Script1591282251403.groovy:36)
	... 13 more
)

2020-06-05 16:47:43 - [TEST_STEP][FAILED] - setText(findTestObject("Object Repository/1612427/20_Search_Message/Page_Town Square - eligendi Mattermost/input_(Edit)_searchBox"), "from: ".concat(key)): Unable to set text (Root cause: com.kms.katalon.core.exception.StepFailedException: Unable to set text
	at com.kms.katalon.core.webui.keyword.internal.WebUIKeywordMain.stepFailed(WebUIKeywordMain.groovy:64)
	at com.kms.katalon.core.webui.keyword.internal.WebUIKeywordMain.runKeyword(WebUIKeywordMain.groovy:26)
	at com.kms.katalon.core.webui.keyword.builtin.SetTextKeyword.setText(SetTextKeyword.groovy:66)
	at com.kms.katalon.core.webui.keyword.builtin.SetTextKeyword.execute(SetTextKeyword.groovy:37)
	at com.kms.katalon.core.keyword.internal.KeywordExecutor.executeKeywordForPlatform(KeywordExecutor.groovy:72)
	at com.kms.katalon.core.webui.keyword.WebUiBuiltInKeywords.setText(WebUiBuiltInKeywords.groovy:976)
	at com.kms.katalon.core.webui.keyword.WebUiBuiltInKeywords$setText$1.call(Unknown Source)
	at 20_Search_Message.run(20_Search_Message:36)
	at com.kms.katalon.core.main.ScriptEngine.run(ScriptEngine.java:194)
	at com.kms.katalon.core.main.ScriptEngine.runScriptAsRawText(ScriptEngine.java:119)
	at com.kms.katalon.core.main.TestCaseExecutor.runScript(TestCaseExecutor.java:337)
	at com.kms.katalon.core.main.TestCaseExecutor.doExecute(TestCaseExecutor.java:328)
	at com.kms.katalon.core.main.TestCaseExecutor.processExecutionPhase(TestCaseExecutor.java:307)
	at com.kms.katalon.core.main.TestCaseExecutor.accessMainPhase(TestCaseExecutor.java:299)
	at com.kms.katalon.core.main.TestCaseExecutor.execute(TestCaseExecutor.java:233)
	at com.kms.katalon.core.main.TestSuiteExecutor.accessTestCaseMainPhase(TestSuiteExecutor.java:169)
	at com.kms.katalon.core.main.TestSuiteExecutor.accessTestSuiteMainPhase(TestSuiteExecutor.java:142)
	at com.kms.katalon.core.main.TestSuiteExecutor.execute(TestSuiteExecutor.java:91)
	at com.kms.katalon.core.main.TestCaseMain.startTestSuite(TestCaseMain.java:157)
	at com.kms.katalon.core.main.TestCaseMain$startTestSuite$0.call(Unknown Source)
	at TempTestSuite1591347278292.run(TempTestSuite1591347278292.groovy:37)
Caused by: java.lang.IllegalArgumentException: Object is null
	at com.kms.katalon.core.helper.KeywordHelper.checkTestObjectParameter(KeywordHelper.java:33)
	at com.kms.katalon.core.webui.keyword.builtin.SetTextKeyword$_setText_closure1.doCall(SetTextKeyword.groovy:45)
	at com.kms.katalon.core.webui.keyword.builtin.SetTextKeyword$_setText_closure1.call(SetTextKeyword.groovy)
	at com.kms.katalon.core.webui.keyword.internal.WebUIKeywordMain.runKeyword(WebUIKeywordMain.groovy:20)
	at com.kms.katalon.core.webui.keyword.builtin.SetTextKeyword.setText(SetTextKeyword.groovy:66)
	at com.kms.katalon.core.webui.keyword.builtin.SetTextKeyword.execute(SetTextKeyword.groovy:37)
	at com.kms.katalon.core.keyword.internal.KeywordExecutor.executeKeywordForPlatform(KeywordExecutor.groovy:72)
	at com.kms.katalon.core.webui.keyword.WebUiBuiltInKeywords.setText(WebUiBuiltInKeywords.groovy:976)
	at com.kms.katalon.core.webui.keyword.WebUiBuiltInKeywords$setText$1.call(Unknown Source)
	at Script1591282251403.run(Script1591282251403.groovy:36)
	... 13 more
)

2020-06-05 16:47:43 - [MESSAGE][WARNING] - Test object with id 'Object Repository/1612427/20_Search_Message/Page_Town Square - eligendi Mattermost/input_(Edit)_searchBox' does not exist

2020-06-05 16:47:43 - [MESSAGE][WARNING] - Test object with id 'Object Repository/' does not exist

2020-06-05 16:47:43 - [MESSAGE][FAILED] - Unable to set text (Root cause: com.kms.katalon.core.exception.StepFailedException: Unable to set text
	at com.kms.katalon.core.webui.keyword.internal.WebUIKeywordMain.stepFailed(WebUIKeywordMain.groovy:64)
	at com.kms.katalon.core.webui.keyword.internal.WebUIKeywordMain.runKeyword(WebUIKeywordMain.groovy:26)
	at com.kms.katalon.core.webui.keyword.builtin.SetTextKeyword.setText(SetTextKeyword.groovy:66)
	at com.kms.katalon.core.webui.keyword.builtin.SetTextKeyword.execute(SetTextKeyword.groovy:37)
	at com.kms.katalon.core.keyword.internal.KeywordExecutor.executeKeywordForPlatform(KeywordExecutor.groovy:72)
	at com.kms.katalon.core.webui.keyword.WebUiBuiltInKeywords.setText(WebUiBuiltInKeywords.groovy:976)
	at com.kms.katalon.core.webui.keyword.WebUiBuiltInKeywords$setText$1.call(Unknown Source)
	at 20_Search_Message.run(20_Search_Message:36)
	at com.kms.katalon.core.main.ScriptEngine.run(ScriptEngine.java:194)
	at com.kms.katalon.core.main.ScriptEngine.runScriptAsRawText(ScriptEngine.java:119)
	at com.kms.katalon.core.main.TestCaseExecutor.runScript(TestCaseExecutor.java:337)
	at com.kms.katalon.core.main.TestCaseExecutor.doExecute(TestCaseExecutor.java:328)
	at com.kms.katalon.core.main.TestCaseExecutor.processExecutionPhase(TestCaseExecutor.java:307)
	at com.kms.katalon.core.main.TestCaseExecutor.accessMainPhase(TestCaseExecutor.java:299)
	at com.kms.katalon.core.main.TestCaseExecutor.execute(TestCaseExecutor.java:233)
	at com.kms.katalon.core.main.TestSuiteExecutor.accessTestCaseMainPhase(TestSuiteExecutor.java:169)
	at com.kms.katalon.core.main.TestSuiteExecutor.accessTestSuiteMainPhase(TestSuiteExecutor.java:142)
	at com.kms.katalon.core.main.TestSuiteExecutor.execute(TestSuiteExecutor.java:91)
	at com.kms.katalon.core.main.TestCaseMain.startTestSuite(TestCaseMain.java:157)
	at com.kms.katalon.core.main.TestCaseMain$startTestSuite$0.call(Unknown Source)
	at TempTestSuite1591347278292.run(TempTestSuite1591347278292.groovy:37)
Caused by: java.lang.IllegalArgumentException: Object is null
	at com.kms.katalon.core.helper.KeywordHelper.checkTestObjectParameter(KeywordHelper.java:33)
	at com.kms.katalon.core.webui.keyword.builtin.SetTextKeyword$_setText_closure1.doCall(SetTextKeyword.groovy:45)
	at com.kms.katalon.core.webui.keyword.builtin.SetTextKeyword$_setText_closure1.call(SetTextKeyword.groovy)
	at com.kms.katalon.core.webui.keyword.internal.WebUIKeywordMain.runKeyword(WebUIKeywordMain.groovy:20)
	at com.kms.katalon.core.webui.keyword.builtin.SetTextKeyword.setText(SetTextKeyword.groovy:66)
	at com.kms.katalon.core.webui.keyword.builtin.SetTextKeyword.execute(SetTextKeyword.groovy:37)
	at com.kms.katalon.core.keyword.internal.KeywordExecutor.executeKeywordForPlatform(KeywordExecutor.groovy:72)
	at com.kms.katalon.core.webui.keyword.WebUiBuiltInKeywords.setText(WebUiBuiltInKeywords.groovy:976)
	at com.kms.katalon.core.webui.keyword.WebUiBuiltInKeywords$setText$1.call(Unknown Source)
	at Script1591282251403.run(Script1591282251403.groovy:36)
	... 13 more
)
[[ATTACHMENT|C:\\Users\\Thanh\\Desktop\\github.com\\New folder (2)\\homeword02-mattermost-katalon\\Reports\\20200605_155438\\Run all test cases\\20200605_155438\\1591350463135.png]]]]></system-out>
         <system-err><![CDATA[2020-06-05 16:47:31 - [TEST_CASE][FAILED] - Test Cases/1612427/20_Search_Message: Test Cases/1612427/20_Search_Message FAILED.
Reason:
com.kms.katalon.core.exception.StepFailedException: Unable to set text
	at com.kms.katalon.core.webui.keyword.internal.WebUIKeywordMain.stepFailed(WebUIKeywordMain.groovy:64)
	at com.kms.katalon.core.webui.keyword.internal.WebUIKeywordMain.runKeyword(WebUIKeywordMain.groovy:26)
	at com.kms.katalon.core.webui.keyword.builtin.SetTextKeyword.setText(SetTextKeyword.groovy:66)
	at com.kms.katalon.core.webui.keyword.builtin.SetTextKeyword.execute(SetTextKeyword.groovy:37)
	at com.kms.katalon.core.keyword.internal.KeywordExecutor.executeKeywordForPlatform(KeywordExecutor.groovy:72)
	at com.kms.katalon.core.webui.keyword.WebUiBuiltInKeywords.setText(WebUiBuiltInKeywords.groovy:976)
	at com.kms.katalon.core.webui.keyword.WebUiBuiltInKeywords$setText$1.call(Unknown Source)
	at 20_Search_Message.run(20_Search_Message:36)
	at com.kms.katalon.core.main.ScriptEngine.run(ScriptEngine.java:194)
	at com.kms.katalon.core.main.ScriptEngine.runScriptAsRawText(ScriptEngine.java:119)
	at com.kms.katalon.core.main.TestCaseExecutor.runScript(TestCaseExecutor.java:337)
	at com.kms.katalon.core.main.TestCaseExecutor.doExecute(TestCaseExecutor.java:328)
	at com.kms.katalon.core.main.TestCaseExecutor.processExecutionPhase(TestCaseExecutor.java:307)
	at com.kms.katalon.core.main.TestCaseExecutor.accessMainPhase(TestCaseExecutor.java:299)
	at com.kms.katalon.core.main.TestCaseExecutor.execute(TestCaseExecutor.java:233)
	at com.kms.katalon.core.main.TestSuiteExecutor.accessTestCaseMainPhase(TestSuiteExecutor.java:169)
	at com.kms.katalon.core.main.TestSuiteExecutor.accessTestSuiteMainPhase(TestSuiteExecutor.java:142)
	at com.kms.katalon.core.main.TestSuiteExecutor.execute(TestSuiteExecutor.java:91)
	at com.kms.katalon.core.main.TestCaseMain.startTestSuite(TestCaseMain.java:157)
	at com.kms.katalon.core.main.TestCaseMain$startTestSuite$0.call(Unknown Source)
	at TempTestSuite1591347278292.run(TempTestSuite1591347278292.groovy:37)
Caused by: java.lang.IllegalArgumentException: Object is null
	at com.kms.katalon.core.helper.KeywordHelper.checkTestObjectParameter(KeywordHelper.java:33)
	at com.kms.katalon.core.webui.keyword.builtin.SetTextKeyword$_setText_closure1.doCall(SetTextKeyword.groovy:45)
	at com.kms.katalon.core.webui.keyword.builtin.SetTextKeyword$_setText_closure1.call(SetTextKeyword.groovy)
	at com.kms.katalon.core.webui.keyword.internal.WebUIKeywordMain.runKeyword(WebUIKeywordMain.groovy:20)
	... 19 more]]></system-err>
      </testcase>
      <testcase name="Test Cases/1612567/21_CommentChannel" time="36.645" classname="Test Cases/1612567/21_CommentChannel" status="PASSED">
         <system-out><![CDATA[2020-06-05 16:47:43 - [TEST_CASE][PASSED] - Test Cases/1612567/21_CommentChannel: Test Cases/1612567/21_CommentChannel

2020-06-05 16:47:46 - [TEST_STEP][PASSED] - openBrowser(""): Browser is opened with url: ''

2020-06-05 16:47:46 - [MESSAGE][WARNING] - A browser is already opened. Closing browser and opening a new one

2020-06-05 16:47:48 - [MESSAGE][INFO] - Starting 'Chrome' driver

2020-06-05 16:47:48 - [MESSAGE][INFO] - Action delay is set to 0 milliseconds

2020-06-05 16:47:52 - [MESSAGE][PASSED] - Browser is opened with url: ''

2020-06-05 16:47:52 - [TEST_STEP][PASSED] - navigateToUrl("http://localhost:8065/login"): Navigate to 'http://localhost:8065/login' successfully

2020-06-05 16:47:56 - [MESSAGE][PASSED] - Navigate to 'http://localhost:8065/login' successfully

2020-06-05 16:47:56 - [TEST_STEP][PASSED] - setText(findTestObject("Object Repository/1612567/21_CommentChannel/Page_Mattermost/input_All team communication in one place s_703ef5"), "hcmus-cdnc"): Text 'hcmus-cdnc' is set on object 'Object Repository/1612567/21_CommentChannel/Page_Mattermost/input_All team communication in one place s_703ef5'

2020-06-05 16:48:00 - [MESSAGE][PASSED] - Text 'hcmus-cdnc' is set on object 'Object Repository/1612567/21_CommentChannel/Page_Mattermost/input_All team communication in one place s_703ef5'

2020-06-05 16:48:00 - [TEST_STEP][PASSED] - setEncryptedText(findTestObject("Object Repository/1612567/21_CommentChannel/Page_Mattermost/input_All team communication in one place s_2f2733"), "aeHFOx8jV/A="): Text ****** has been set on object 'Object Repository/1612567/21_CommentChannel/Page_Mattermost/input_All team communication in one place s_2f2733'

2020-06-05 16:48:00 - [MESSAGE][PASSED] - Text ****** has been set on object 'Object Repository/1612567/21_CommentChannel/Page_Mattermost/input_All team communication in one place s_2f2733'

2020-06-05 16:48:00 - [TEST_STEP][PASSED] - sendKeys(findTestObject("Object Repository/1612567/21_CommentChannel/Page_Mattermost/input_All team communication in one place s_2f2733"), Keys.chord(ENTER)): Keys 'ENTER + ' sent to object: 'Object Repository/1612567/21_CommentChannel/Page_Mattermost/input_All team communication in one place s_2f2733'

2020-06-05 16:48:01 - [MESSAGE][PASSED] - Keys 'ENTER + ' sent to object: 'Object Repository/1612567/21_CommentChannel/Page_Mattermost/input_All team communication in one place s_2f2733'

2020-06-05 16:48:01 - [TEST_STEP][PASSED] - messages = ["Hi, I'm newbie", "Thanks", "Good morning!", "Shhh!"]: null

2020-06-05 16:48:01 - [TEST_STEP][PASSED] - for (String message : messages): Keys 'ENTER + ' sent to object: 'Object Repository/1612567/21_CommentChannel/Page_Town Square - eligendi Mattermost/textarea_Hi Im Nghie'

2020-06-05 16:48:01 - [TEST_STEP][PASSED] - setText(findTestObject("Object Repository/1612567/21_CommentChannel/Page_Town Square - eligendi Mattermost/textarea_Hi Im Nghie"), message): Text 'Hi, I'm newbie' is set on object 'Object Repository/1612567/21_CommentChannel/Page_Town Square - eligendi Mattermost/textarea_Hi Im Nghie'

2020-06-05 16:48:08 - [MESSAGE][PASSED] - Text 'Hi, I'm newbie' is set on object 'Object Repository/1612567/21_CommentChannel/Page_Town Square - eligendi Mattermost/textarea_Hi Im Nghie'

2020-06-05 16:48:08 - [TEST_STEP][PASSED] - sendKeys(findTestObject("Object Repository/1612567/21_CommentChannel/Page_Town Square - eligendi Mattermost/textarea_Hi Im Nghie"), Keys.chord(ENTER)): Keys 'ENTER + ' sent to object: 'Object Repository/1612567/21_CommentChannel/Page_Town Square - eligendi Mattermost/textarea_Hi Im Nghie'

2020-06-05 16:48:09 - [MESSAGE][PASSED] - Keys 'ENTER + ' sent to object: 'Object Repository/1612567/21_CommentChannel/Page_Town Square - eligendi Mattermost/textarea_Hi Im Nghie'

2020-06-05 16:48:09 - [TEST_STEP][PASSED] - setText(findTestObject("Object Repository/1612567/21_CommentChannel/Page_Town Square - eligendi Mattermost/textarea_Hi Im Nghie"), message): Text 'Thanks' is set on object 'Object Repository/1612567/21_CommentChannel/Page_Town Square - eligendi Mattermost/textarea_Hi Im Nghie'

2020-06-05 16:48:11 - [MESSAGE][PASSED] - Text 'Thanks' is set on object 'Object Repository/1612567/21_CommentChannel/Page_Town Square - eligendi Mattermost/textarea_Hi Im Nghie'

2020-06-05 16:48:11 - [TEST_STEP][PASSED] - sendKeys(findTestObject("Object Repository/1612567/21_CommentChannel/Page_Town Square - eligendi Mattermost/textarea_Hi Im Nghie"), Keys.chord(ENTER)): Keys 'ENTER + ' sent to object: 'Object Repository/1612567/21_CommentChannel/Page_Town Square - eligendi Mattermost/textarea_Hi Im Nghie'

2020-06-05 16:48:12 - [MESSAGE][PASSED] - Keys 'ENTER + ' sent to object: 'Object Repository/1612567/21_CommentChannel/Page_Town Square - eligendi Mattermost/textarea_Hi Im Nghie'

2020-06-05 16:48:12 - [TEST_STEP][PASSED] - setText(findTestObject("Object Repository/1612567/21_CommentChannel/Page_Town Square - eligendi Mattermost/textarea_Hi Im Nghie"), message): Text 'Good morning!' is set on object 'Object Repository/1612567/21_CommentChannel/Page_Town Square - eligendi Mattermost/textarea_Hi Im Nghie'

2020-06-05 16:48:15 - [MESSAGE][PASSED] - Text 'Good morning!' is set on object 'Object Repository/1612567/21_CommentChannel/Page_Town Square - eligendi Mattermost/textarea_Hi Im Nghie'

2020-06-05 16:48:15 - [TEST_STEP][PASSED] - sendKeys(findTestObject("Object Repository/1612567/21_CommentChannel/Page_Town Square - eligendi Mattermost/textarea_Hi Im Nghie"), Keys.chord(ENTER)): Keys 'ENTER + ' sent to object: 'Object Repository/1612567/21_CommentChannel/Page_Town Square - eligendi Mattermost/textarea_Hi Im Nghie'

2020-06-05 16:48:15 - [MESSAGE][PASSED] - Keys 'ENTER + ' sent to object: 'Object Repository/1612567/21_CommentChannel/Page_Town Square - eligendi Mattermost/textarea_Hi Im Nghie'

2020-06-05 16:48:15 - [TEST_STEP][PASSED] - setText(findTestObject("Object Repository/1612567/21_CommentChannel/Page_Town Square - eligendi Mattermost/textarea_Hi Im Nghie"), message): Text 'Shhh!' is set on object 'Object Repository/1612567/21_CommentChannel/Page_Town Square - eligendi Mattermost/textarea_Hi Im Nghie'

2020-06-05 16:48:18 - [MESSAGE][PASSED] - Text 'Shhh!' is set on object 'Object Repository/1612567/21_CommentChannel/Page_Town Square - eligendi Mattermost/textarea_Hi Im Nghie'

2020-06-05 16:48:18 - [TEST_STEP][PASSED] - sendKeys(findTestObject("Object Repository/1612567/21_CommentChannel/Page_Town Square - eligendi Mattermost/textarea_Hi Im Nghie"), Keys.chord(ENTER)): Keys 'ENTER + ' sent to object: 'Object Repository/1612567/21_CommentChannel/Page_Town Square - eligendi Mattermost/textarea_Hi Im Nghie'

2020-06-05 16:48:19 - [MESSAGE][PASSED] - Keys 'ENTER + ' sent to object: 'Object Repository/1612567/21_CommentChannel/Page_Town Square - eligendi Mattermost/textarea_Hi Im Nghie'

2020-06-05 16:48:19 - [TEST_STEP][PASSED] - closeBrowser(): Browser is closed

2020-06-05 16:48:20 - [MESSAGE][PASSED] - Browser is closed]]></system-out>
         <system-err><![CDATA[]]></system-err>
      </testcase>
      <testcase name="Test Cases/1612567/22_DirectMessage" time="27.392" classname="Test Cases/1612567/22_DirectMessage" status="PASSED">
         <system-out><![CDATA[2020-06-05 16:48:20 - [TEST_CASE][PASSED] - Test Cases/1612567/22_DirectMessage: Test Cases/1612567/22_DirectMessage

2020-06-05 16:48:21 - [TEST_STEP][PASSED] - openBrowser(""): Browser is opened with url: ''

2020-06-05 16:48:21 - [MESSAGE][INFO] - Starting 'Chrome' driver

2020-06-05 16:48:21 - [MESSAGE][INFO] - Action delay is set to 0 milliseconds

2020-06-05 16:48:29 - [MESSAGE][PASSED] - Browser is opened with url: ''

2020-06-05 16:48:29 - [TEST_STEP][PASSED] - navigateToUrl("http://localhost:8065/login"): Navigate to 'http://localhost:8065/login' successfully

2020-06-05 16:48:31 - [MESSAGE][PASSED] - Navigate to 'http://localhost:8065/login' successfully

2020-06-05 16:48:31 - [TEST_STEP][PASSED] - setText(findTestObject("Object Repository/1612567/22_DirectMessage/Page_Mattermost/input_All team communication in one place s_703ef5"), "hcmus-cdnc"): Text 'hcmus-cdnc' is set on object 'Object Repository/1612567/22_DirectMessage/Page_Mattermost/input_All team communication in one place s_703ef5'

2020-06-05 16:48:33 - [MESSAGE][PASSED] - Text 'hcmus-cdnc' is set on object 'Object Repository/1612567/22_DirectMessage/Page_Mattermost/input_All team communication in one place s_703ef5'

2020-06-05 16:48:33 - [TEST_STEP][PASSED] - setEncryptedText(findTestObject("Object Repository/1612567/22_DirectMessage/Page_Mattermost/input_All team communication in one place s_2f2733"), "aeHFOx8jV/A="): Text ****** has been set on object 'Object Repository/1612567/22_DirectMessage/Page_Mattermost/input_All team communication in one place s_2f2733'

2020-06-05 16:48:34 - [MESSAGE][PASSED] - Text ****** has been set on object 'Object Repository/1612567/22_DirectMessage/Page_Mattermost/input_All team communication in one place s_2f2733'

2020-06-05 16:48:34 - [TEST_STEP][PASSED] - sendKeys(findTestObject("Object Repository/1612567/22_DirectMessage/Page_Mattermost/input_All team communication in one place s_2f2733"), Keys.chord(ENTER)): Keys 'ENTER + ' sent to object: 'Object Repository/1612567/22_DirectMessage/Page_Mattermost/input_All team communication in one place s_2f2733'

2020-06-05 16:48:34 - [MESSAGE][PASSED] - Keys 'ENTER + ' sent to object: 'Object Repository/1612567/22_DirectMessage/Page_Mattermost/input_All team communication in one place s_2f2733'

2020-06-05 16:48:34 - [TEST_STEP][PASSED] - click(findTestObject("Object Repository/1612567/22_DirectMessage/Page_Town Square - eligendi Mattermost/span_")): Object: 'Object Repository/1612567/22_DirectMessage/Page_Town Square - eligendi Mattermost/span_' is clicked on

2020-06-05 16:48:38 - [MESSAGE][PASSED] - Object: 'Object Repository/1612567/22_DirectMessage/Page_Town Square - eligendi Mattermost/span_' is clicked on

2020-06-05 16:48:38 - [TEST_STEP][PASSED] - keys = ["me", "s"]: null

2020-06-05 16:48:38 - [TEST_STEP][PASSED] - for (String key : keys): null

2020-06-05 16:48:38 - [TEST_STEP][PASSED] - setText(findTestObject("Object Repository/1612567/22_DirectMessage/Page_Town Square - eligendi Mattermost/input_Search and add members_react-select-2-input"), key): Text 'me' is set on object 'Object Repository/1612567/22_DirectMessage/Page_Town Square - eligendi Mattermost/input_Search and add members_react-select-2-input'

2020-06-05 16:48:41 - [MESSAGE][PASSED] - Text 'me' is set on object 'Object Repository/1612567/22_DirectMessage/Page_Town Square - eligendi Mattermost/input_Search and add members_react-select-2-input'

2020-06-05 16:48:41 - [TEST_STEP][PASSED] - if (key == "me"): Object: 'Object Repository/1612567/22_DirectMessage/Page_Town Square - eligendi Mattermost/span_aaronmedina - Aaron Medina (Centidel)' is clicked on

2020-06-05 16:48:41 - [TEST_STEP][PASSED] - click(findTestObject("Object Repository/1612567/22_DirectMessage/Page_Town Square - eligendi Mattermost/span_aaronmedina - Aaron Medina (Centidel)")): Object: 'Object Repository/1612567/22_DirectMessage/Page_Town Square - eligendi Mattermost/span_aaronmedina - Aaron Medina (Centidel)' is clicked on

2020-06-05 16:48:42 - [MESSAGE][PASSED] - Object: 'Object Repository/1612567/22_DirectMessage/Page_Town Square - eligendi Mattermost/span_aaronmedina - Aaron Medina (Centidel)' is clicked on

2020-06-05 16:48:42 - [TEST_STEP][PASSED] - setText(findTestObject("Object Repository/1612567/22_DirectMessage/Page_Town Square - eligendi Mattermost/input_Search and add members_react-select-2-input"), key): Text 's' is set on object 'Object Repository/1612567/22_DirectMessage/Page_Town Square - eligendi Mattermost/input_Search and add members_react-select-2-input'

2020-06-05 16:48:43 - [MESSAGE][PASSED] - Text 's' is set on object 'Object Repository/1612567/22_DirectMessage/Page_Town Square - eligendi Mattermost/input_Search and add members_react-select-2-input'

2020-06-05 16:48:43 - [TEST_STEP][PASSED] - if (key == "me"): null

2020-06-05 16:48:43 - [TEST_STEP][PASSED] - click(findTestObject("Object Repository/1612567/22_DirectMessage/Page_Town Square - eligendi Mattermost/div_aaronpeterson - Aaron Petersonuser-7sam_dd566b")): Object: 'Object Repository/1612567/22_DirectMessage/Page_Town Square - eligendi Mattermost/div_aaronpeterson - Aaron Petersonuser-7sam_dd566b' is clicked on

2020-06-05 16:48:45 - [MESSAGE][PASSED] - Object: 'Object Repository/1612567/22_DirectMessage/Page_Town Square - eligendi Mattermost/div_aaronpeterson - Aaron Petersonuser-7sam_dd566b' is clicked on

2020-06-05 16:48:45 - [TEST_STEP][PASSED] - click(findTestObject("Object Repository/1612567/22_DirectMessage/Page_Town Square - eligendi Mattermost/div_user-36samplemattermostcom_more-modal___2272d4")): Object: 'Object Repository/1612567/22_DirectMessage/Page_Town Square - eligendi Mattermost/div_user-36samplemattermostcom_more-modal___2272d4' is clicked on

2020-06-05 16:48:45 - [MESSAGE][PASSED] - Object: 'Object Repository/1612567/22_DirectMessage/Page_Town Square - eligendi Mattermost/div_user-36samplemattermostcom_more-modal___2272d4' is clicked on

2020-06-05 16:48:45 - [TEST_STEP][PASSED] - click(findTestObject("Object Repository/1612567/22_DirectMessage/Page_Town Square - eligendi Mattermost/button_Go")): Object: 'Object Repository/1612567/22_DirectMessage/Page_Town Square - eligendi Mattermost/button_Go' is clicked on

2020-06-05 16:48:47 - [MESSAGE][PASSED] - Object: 'Object Repository/1612567/22_DirectMessage/Page_Town Square - eligendi Mattermost/button_Go' is clicked on

2020-06-05 16:48:47 - [TEST_STEP][PASSED] - closeBrowser(): Browser is closed

2020-06-05 16:48:47 - [MESSAGE][PASSED] - Browser is closed]]></system-out>
         <system-err><![CDATA[]]></system-err>
      </testcase>
      <testcase name="Test Cases/1612567/23_Set_Domain_Email_SignUp" time="23.088" classname="Test Cases/1612567/23_Set_Domain_Email_SignUp" status="PASSED">
         <system-out><![CDATA[2020-06-05 16:48:47 - [TEST_CASE][PASSED] - Test Cases/1612567/23_Set_Domain_Email_SignUp: Test Cases/1612567/23_Set_Domain_Email_SignUp

2020-06-05 16:48:48 - [TEST_STEP][PASSED] - openBrowser(""): Browser is opened with url: ''

2020-06-05 16:48:48 - [MESSAGE][INFO] - Starting 'Chrome' driver

2020-06-05 16:48:48 - [MESSAGE][INFO] - Action delay is set to 0 milliseconds

2020-06-05 16:48:51 - [MESSAGE][PASSED] - Browser is opened with url: ''

2020-06-05 16:48:51 - [TEST_STEP][PASSED] - navigateToUrl("http://localhost:8065/admin_console"): Navigate to 'http://localhost:8065/admin_console' successfully

2020-06-05 16:48:54 - [MESSAGE][PASSED] - Navigate to 'http://localhost:8065/admin_console' successfully

2020-06-05 16:48:54 - [TEST_STEP][PASSED] - setText(findTestObject("Object Repository/1612567/23_Set_Domain_Email_SignUp/Page_Mattermost/input_All team communication in one place s_703ef5"), "hcmus-cdnc"): Text 'hcmus-cdnc' is set on object 'Object Repository/1612567/23_Set_Domain_Email_SignUp/Page_Mattermost/input_All team communication in one place s_703ef5'

2020-06-05 16:48:57 - [MESSAGE][PASSED] - Text 'hcmus-cdnc' is set on object 'Object Repository/1612567/23_Set_Domain_Email_SignUp/Page_Mattermost/input_All team communication in one place s_703ef5'

2020-06-05 16:48:57 - [TEST_STEP][PASSED] - setEncryptedText(findTestObject("Object Repository/1612567/23_Set_Domain_Email_SignUp/Page_Mattermost/input_All team communication in one place s_2f2733"), "aeHFOx8jV/A="): Text ****** has been set on object 'Object Repository/1612567/23_Set_Domain_Email_SignUp/Page_Mattermost/input_All team communication in one place s_2f2733'

2020-06-05 16:48:58 - [MESSAGE][PASSED] - Text ****** has been set on object 'Object Repository/1612567/23_Set_Domain_Email_SignUp/Page_Mattermost/input_All team communication in one place s_2f2733'

2020-06-05 16:48:58 - [TEST_STEP][PASSED] - click(findTestObject("Object Repository/1612567/23_Set_Domain_Email_SignUp/Page_Mattermost/span_Sign in")): Object: 'Object Repository/1612567/23_Set_Domain_Email_SignUp/Page_Mattermost/span_Sign in' is clicked on

2020-06-05 16:48:59 - [MESSAGE][PASSED] - Object: 'Object Repository/1612567/23_Set_Domain_Email_SignUp/Page_Mattermost/span_Sign in' is clicked on

2020-06-05 16:48:59 - [TEST_STEP][PASSED] - setText(findTestObject("Object Repository/1612567/23_Set_Domain_Email_SignUp/Page_System Console - Mattermost/input_hcmus-cdnc_adminSidebarFilter"), "sign"): Text 'sign' is set on object 'Object Repository/1612567/23_Set_Domain_Email_SignUp/Page_System Console - Mattermost/input_hcmus-cdnc_adminSidebarFilter'

2020-06-05 16:49:02 - [MESSAGE][PASSED] - Text 'sign' is set on object 'Object Repository/1612567/23_Set_Domain_Email_SignUp/Page_System Console - Mattermost/input_hcmus-cdnc_adminSidebarFilter'

2020-06-05 16:49:02 - [TEST_STEP][PASSED] - click(findTestObject("Object Repository/1612567/23_Set_Domain_Email_SignUp/Page_System Console - Mattermost/mark_Signup")): Object: 'Object Repository/1612567/23_Set_Domain_Email_SignUp/Page_System Console - Mattermost/mark_Signup' is clicked on

2020-06-05 16:49:03 - [MESSAGE][PASSED] - Object: 'Object Repository/1612567/23_Set_Domain_Email_SignUp/Page_System Console - Mattermost/mark_Signup' is clicked on

2020-06-05 16:49:03 - [TEST_STEP][PASSED] - domains = ["gmail.com ", "outlook.com ", "microsoft.com ", "yahoo.com"]: null

2020-06-05 16:49:03 - [TEST_STEP][PASSED] - tmp = "": null

2020-06-05 16:49:03 - [TEST_STEP][PASSED] - for (String domain : domains): Text 'gmail.com outlook.com microsoft.com yahoo.com' is set on object 'Object Repository/1612567/23_Set_Domain_Email_SignUp/Page_System Console - Mattermost/input_Restrict account creation to specifie_31c344'

2020-06-05 16:49:03 - [TEST_STEP][PASSED] - tmp += domain: null

2020-06-05 16:49:03 - [TEST_STEP][PASSED] - setText(findTestObject("Object Repository/1612567/23_Set_Domain_Email_SignUp/Page_System Console - Mattermost/input_Restrict account creation to specifie_31c344"), tmp): Text 'gmail.com ' is set on object 'Object Repository/1612567/23_Set_Domain_Email_SignUp/Page_System Console - Mattermost/input_Restrict account creation to specifie_31c344'

2020-06-05 16:49:04 - [MESSAGE][PASSED] - Text 'gmail.com ' is set on object 'Object Repository/1612567/23_Set_Domain_Email_SignUp/Page_System Console - Mattermost/input_Restrict account creation to specifie_31c344'

2020-06-05 16:49:04 - [TEST_STEP][PASSED] - tmp += domain: null

2020-06-05 16:49:04 - [TEST_STEP][PASSED] - setText(findTestObject("Object Repository/1612567/23_Set_Domain_Email_SignUp/Page_System Console - Mattermost/input_Restrict account creation to specifie_31c344"), tmp): Text 'gmail.com outlook.com ' is set on object 'Object Repository/1612567/23_Set_Domain_Email_SignUp/Page_System Console - Mattermost/input_Restrict account creation to specifie_31c344'

2020-06-05 16:49:05 - [MESSAGE][PASSED] - Text 'gmail.com outlook.com ' is set on object 'Object Repository/1612567/23_Set_Domain_Email_SignUp/Page_System Console - Mattermost/input_Restrict account creation to specifie_31c344'

2020-06-05 16:49:05 - [TEST_STEP][PASSED] - tmp += domain: null

2020-06-05 16:49:05 - [TEST_STEP][PASSED] - setText(findTestObject("Object Repository/1612567/23_Set_Domain_Email_SignUp/Page_System Console - Mattermost/input_Restrict account creation to specifie_31c344"), tmp): Text 'gmail.com outlook.com microsoft.com ' is set on object 'Object Repository/1612567/23_Set_Domain_Email_SignUp/Page_System Console - Mattermost/input_Restrict account creation to specifie_31c344'

2020-06-05 16:49:07 - [MESSAGE][PASSED] - Text 'gmail.com outlook.com microsoft.com ' is set on object 'Object Repository/1612567/23_Set_Domain_Email_SignUp/Page_System Console - Mattermost/input_Restrict account creation to specifie_31c344'

2020-06-05 16:49:07 - [TEST_STEP][PASSED] - tmp += domain: null

2020-06-05 16:49:07 - [TEST_STEP][PASSED] - setText(findTestObject("Object Repository/1612567/23_Set_Domain_Email_SignUp/Page_System Console - Mattermost/input_Restrict account creation to specifie_31c344"), tmp): Text 'gmail.com outlook.com microsoft.com yahoo.com' is set on object 'Object Repository/1612567/23_Set_Domain_Email_SignUp/Page_System Console - Mattermost/input_Restrict account creation to specifie_31c344'

2020-06-05 16:49:09 - [MESSAGE][PASSED] - Text 'gmail.com outlook.com microsoft.com yahoo.com' is set on object 'Object Repository/1612567/23_Set_Domain_Email_SignUp/Page_System Console - Mattermost/input_Restrict account creation to specifie_31c344'

2020-06-05 16:49:09 - [TEST_STEP][PASSED] - click(findTestObject("Object Repository/1612567/23_Set_Domain_Email_SignUp/Page_System Console - Mattermost/span_Save")): Object: 'Object Repository/1612567/23_Set_Domain_Email_SignUp/Page_System Console - Mattermost/span_Save' is clicked on

2020-06-05 16:49:09 - [MESSAGE][PASSED] - Object: 'Object Repository/1612567/23_Set_Domain_Email_SignUp/Page_System Console - Mattermost/span_Save' is clicked on

2020-06-05 16:49:09 - [TEST_STEP][PASSED] - closeBrowser(): Browser is closed

2020-06-05 16:49:10 - [MESSAGE][PASSED] - Browser is closed]]></system-out>
         <system-err><![CDATA[]]></system-err>
      </testcase>
      <testcase name="Test Cases/1612567/24_Setting_Searching" time="11.797" classname="Test Cases/1612567/24_Setting_Searching" status="FAILED">
         <failure type="FAILED" message="Test Cases/1612567/24_Setting_Searching FAILED.
Reason:
com.kms.katalon.core.exception.StepFailedException: Unable to set text 'password' of object 'Object Repository/1612567/24_Setting_Searching/Page_System Console - Mattermost/input_hcmus-cdnc_adminSidebarFilter'
	at com.kms.katalon.core.webui.keyword.internal.WebUIKeywordMain.stepFailed(WebUIKeywordMain.groovy:64)
	at com.kms.katalon.core.webui.keyword.internal.WebUIKeywordMain.runKeyword(WebUIKeywordMain.groovy:26)
	at com.kms.katalon.core.webui.keyword.builtin.SetTextKeyword.setText(SetTextKeyword.groovy:66)
	at com.kms.katalon.core.webui.keyword.builtin.SetTextKeyword.execute(SetTextKeyword.groovy:37)
	at com.kms.katalon.core.keyword.internal.KeywordExecutor.executeKeywordForPlatform(KeywordExecutor.groovy:72)
	at com.kms.katalon.core.webui.keyword.WebUiBuiltInKeywords.setText(WebUiBuiltInKeywords.groovy:976)
	at com.kms.katalon.core.webui.keyword.WebUiBuiltInKeywords$setText$1.call(Unknown Source)
	at 24_Setting_Searching.run(24_Setting_Searching:35)
	at com.kms.katalon.core.main.ScriptEngine.run(ScriptEngine.java:194)
	at com.kms.katalon.core.main.ScriptEngine.runScriptAsRawText(ScriptEngine.java:119)
	at com.kms.katalon.core.main.TestCaseExecutor.runScript(TestCaseExecutor.java:337)
	at com.kms.katalon.core.main.TestCaseExecutor.doExecute(TestCaseExecutor.java:328)
	at com.kms.katalon.core.main.TestCaseExecutor.processExecutionPhase(TestCaseExecutor.java:307)
	at com.kms.katalon.core.main.TestCaseExecutor.accessMainPhase(TestCaseExecutor.java:299)
	at com.kms.katalon.core.main.TestCaseExecutor.execute(TestCaseExecutor.java:233)
	at com.kms.katalon.core.main.TestSuiteExecutor.accessTestCaseMainPhase(TestSuiteExecutor.java:169)
	at com.kms.katalon.core.main.TestSuiteExecutor.accessTestSuiteMainPhase(TestSuiteExecutor.java:142)
	at com.kms.katalon.core.main.TestSuiteExecutor.execute(TestSuiteExecutor.java:91)
	at com.kms.katalon.core.main.TestCaseMain.startTestSuite(TestCaseMain.java:157)
	at com.kms.katalon.core.main.TestCaseMain$startTestSuite$0.call(Unknown Source)
	at TempTestSuite1591347278292.run(TempTestSuite1591347278292.groovy:37)
Caused by: org.openqa.selenium.NoSuchWindowException: no such window: target window already closed
from unknown error: web view not found
  (Session info: chrome=83.0.4103.97)
Build info: version: '3.141.59', revision: 'e82be7d358', time: '2018-11-14T08:25:53'
System info: host: 'DESKTOP-SGC4F2H', ip: '172.25.32.1', os.name: 'Windows 10', os.arch: 'amd64', os.version: '10.0', java.version: '1.8.0_181'
Driver info: com.kms.katalon.selenium.driver.CChromeDriver
Capabilities {acceptInsecureCerts: false, browserName: chrome, browserVersion: 83.0.4103.97, chrome: {chromedriverVersion: 83.0.4103.39 (ccbf011cb2d2b..., userDataDir: C:\Users\Thanh\AppData\Loca...}, goog:chromeOptions: {debuggerAddress: localhost:58027}, javascriptEnabled: true, networkConnectionEnabled: false, pageLoadStrategy: normal, platform: WINDOWS, platformName: WINDOWS, proxy: Proxy(), setWindowRect: true, strictFileInteractability: false, timeouts: {implicit: 0, pageLoad: 300000, script: 30000}, unhandledPromptBehavior: dismiss and notify, webauthn:virtualAuthenticators: true}
Session ID: 200b21b993c804d1fea2591d32391b5d
*** Element info: {Using=xpath, value=//input[@id='adminSidebarFilter']}
	at org.openqa.selenium.remote.http.W3CHttpResponseCodec.createException(W3CHttpResponseCodec.java:187)
	at org.openqa.selenium.remote.http.W3CHttpResponseCodec.decode(W3CHttpResponseCodec.java:122)
	at org.openqa.selenium.remote.http.W3CHttpResponseCodec.decode(W3CHttpResponseCodec.java:49)
	at org.openqa.selenium.remote.HttpCommandExecutor.execute(HttpCommandExecutor.java:158)
	at org.openqa.selenium.remote.service.DriverCommandExecutor.execute(DriverCommandExecutor.java:83)
	at org.openqa.selenium.remote.RemoteWebDriver.execute(RemoteWebDriver.java:552)
	at com.kms.katalon.selenium.driver.CChromeDriver.execute(CChromeDriver.java:19)
	at org.openqa.selenium.remote.RemoteWebDriver.findElements(RemoteWebDriver.java:353)
	at org.openqa.selenium.remote.RemoteWebDriver.findElementsByXPath(RemoteWebDriver.java:432)
	at org.openqa.selenium.By$ByXPath.findElements(By.java:348)
	at org.openqa.selenium.remote.RemoteWebDriver.findElements(RemoteWebDriver.java:311)
	at org.openqa.selenium.support.events.EventFiringWebDriver.lambda$new$1(EventFiringWebDriver.java:105)
	at com.sun.proxy.$Proxy8.findElements(Unknown Source)
	at org.openqa.selenium.support.events.EventFiringWebDriver.findElements(EventFiringWebDriver.java:182)
	at com.kms.katalon.core.webui.common.WebUiCommonHelper.findWebElements(WebUiCommonHelper.java:789)
	at com.kms.katalon.core.webui.common.WebUiCommonHelper.findWebElement(WebUiCommonHelper.java:1150)
	at com.kms.katalon.core.webui.keyword.internal.WebUIAbstractKeyword.findWebElement(WebUIAbstractKeyword.groovy:27)
	at com.kms.katalon.core.webui.keyword.internal.WebUIAbstractKeyword.findWebElement(WebUIAbstractKeyword.groovy:26)
	at com.kms.katalon.core.webui.keyword.builtin.SetTextKeyword$_setText_closure1.doCall(SetTextKeyword.groovy:55)
	at com.kms.katalon.core.webui.keyword.builtin.SetTextKeyword$_setText_closure1.call(SetTextKeyword.groovy)
	at com.kms.katalon.core.webui.keyword.internal.WebUIKeywordMain.runKeyword(WebUIKeywordMain.groovy:20)
	... 19 more
"/>
         <system-out><![CDATA[2020-06-05 16:49:10 - [TEST_CASE][FAILED] - Test Cases/1612567/24_Setting_Searching: Test Cases/1612567/24_Setting_Searching FAILED.
Reason:
com.kms.katalon.core.exception.StepFailedException: Unable to set text 'password' of object 'Object Repository/1612567/24_Setting_Searching/Page_System Console - Mattermost/input_hcmus-cdnc_adminSidebarFilter'
	at com.kms.katalon.core.webui.keyword.internal.WebUIKeywordMain.stepFailed(WebUIKeywordMain.groovy:64)
	at com.kms.katalon.core.webui.keyword.internal.WebUIKeywordMain.runKeyword(WebUIKeywordMain.groovy:26)
	at com.kms.katalon.core.webui.keyword.builtin.SetTextKeyword.setText(SetTextKeyword.groovy:66)
	at com.kms.katalon.core.webui.keyword.builtin.SetTextKeyword.execute(SetTextKeyword.groovy:37)
	at com.kms.katalon.core.keyword.internal.KeywordExecutor.executeKeywordForPlatform(KeywordExecutor.groovy:72)
	at com.kms.katalon.core.webui.keyword.WebUiBuiltInKeywords.setText(WebUiBuiltInKeywords.groovy:976)
	at com.kms.katalon.core.webui.keyword.WebUiBuiltInKeywords$setText$1.call(Unknown Source)
	at 24_Setting_Searching.run(24_Setting_Searching:35)
	at com.kms.katalon.core.main.ScriptEngine.run(ScriptEngine.java:194)
	at com.kms.katalon.core.main.ScriptEngine.runScriptAsRawText(ScriptEngine.java:119)
	at com.kms.katalon.core.main.TestCaseExecutor.runScript(TestCaseExecutor.java:337)
	at com.kms.katalon.core.main.TestCaseExecutor.doExecute(TestCaseExecutor.java:328)
	at com.kms.katalon.core.main.TestCaseExecutor.processExecutionPhase(TestCaseExecutor.java:307)
	at com.kms.katalon.core.main.TestCaseExecutor.accessMainPhase(TestCaseExecutor.java:299)
	at com.kms.katalon.core.main.TestCaseExecutor.execute(TestCaseExecutor.java:233)
	at com.kms.katalon.core.main.TestSuiteExecutor.accessTestCaseMainPhase(TestSuiteExecutor.java:169)
	at com.kms.katalon.core.main.TestSuiteExecutor.accessTestSuiteMainPhase(TestSuiteExecutor.java:142)
	at com.kms.katalon.core.main.TestSuiteExecutor.execute(TestSuiteExecutor.java:91)
	at com.kms.katalon.core.main.TestCaseMain.startTestSuite(TestCaseMain.java:157)
	at com.kms.katalon.core.main.TestCaseMain$startTestSuite$0.call(Unknown Source)
	at TempTestSuite1591347278292.run(TempTestSuite1591347278292.groovy:37)
Caused by: org.openqa.selenium.NoSuchWindowException: no such window: target window already closed
from unknown error: web view not found
  (Session info: chrome=83.0.4103.97)
Build info: version: '3.141.59', revision: 'e82be7d358', time: '2018-11-14T08:25:53'
System info: host: 'DESKTOP-SGC4F2H', ip: '172.25.32.1', os.name: 'Windows 10', os.arch: 'amd64', os.version: '10.0', java.version: '1.8.0_181'
Driver info: com.kms.katalon.selenium.driver.CChromeDriver
Capabilities {acceptInsecureCerts: false, browserName: chrome, browserVersion: 83.0.4103.97, chrome: {chromedriverVersion: 83.0.4103.39 (ccbf011cb2d2b..., userDataDir: C:\Users\Thanh\AppData\Loca...}, goog:chromeOptions: {debuggerAddress: localhost:58027}, javascriptEnabled: true, networkConnectionEnabled: false, pageLoadStrategy: normal, platform: WINDOWS, platformName: WINDOWS, proxy: Proxy(), setWindowRect: true, strictFileInteractability: false, timeouts: {implicit: 0, pageLoad: 300000, script: 30000}, unhandledPromptBehavior: dismiss and notify, webauthn:virtualAuthenticators: true}
Session ID: 200b21b993c804d1fea2591d32391b5d
*** Element info: {Using=xpath, value=//input[@id='adminSidebarFilter']}
	at org.openqa.selenium.remote.http.W3CHttpResponseCodec.createException(W3CHttpResponseCodec.java:187)
	at org.openqa.selenium.remote.http.W3CHttpResponseCodec.decode(W3CHttpResponseCodec.java:122)
	at org.openqa.selenium.remote.http.W3CHttpResponseCodec.decode(W3CHttpResponseCodec.java:49)
	at org.openqa.selenium.remote.HttpCommandExecutor.execute(HttpCommandExecutor.java:158)
	at org.openqa.selenium.remote.service.DriverCommandExecutor.execute(DriverCommandExecutor.java:83)
	at org.openqa.selenium.remote.RemoteWebDriver.execute(RemoteWebDriver.java:552)
	at com.kms.katalon.selenium.driver.CChromeDriver.execute(CChromeDriver.java:19)
	at org.openqa.selenium.remote.RemoteWebDriver.findElements(RemoteWebDriver.java:353)
	at org.openqa.selenium.remote.RemoteWebDriver.findElementsByXPath(RemoteWebDriver.java:432)
	at org.openqa.selenium.By$ByXPath.findElements(By.java:348)
	at org.openqa.selenium.remote.RemoteWebDriver.findElements(RemoteWebDriver.java:311)
	at org.openqa.selenium.support.events.EventFiringWebDriver.lambda$new$1(EventFiringWebDriver.java:105)
	at com.sun.proxy.$Proxy8.findElements(Unknown Source)
	at org.openqa.selenium.support.events.EventFiringWebDriver.findElements(EventFiringWebDriver.java:182)
	at com.kms.katalon.core.webui.common.WebUiCommonHelper.findWebElements(WebUiCommonHelper.java:789)
	at com.kms.katalon.core.webui.common.WebUiCommonHelper.findWebElement(WebUiCommonHelper.java:1150)
	at com.kms.katalon.core.webui.keyword.internal.WebUIAbstractKeyword.findWebElement(WebUIAbstractKeyword.groovy:27)
	at com.kms.katalon.core.webui.keyword.internal.WebUIAbstractKeyword.findWebElement(WebUIAbstractKeyword.groovy:26)
	at com.kms.katalon.core.webui.keyword.builtin.SetTextKeyword$_setText_closure1.doCall(SetTextKeyword.groovy:55)
	at com.kms.katalon.core.webui.keyword.builtin.SetTextKeyword$_setText_closure1.call(SetTextKeyword.groovy)
	at com.kms.katalon.core.webui.keyword.internal.WebUIKeywordMain.runKeyword(WebUIKeywordMain.groovy:20)
	... 19 more


2020-06-05 16:49:11 - [TEST_STEP][PASSED] - openBrowser(""): Browser is opened with url: ''

2020-06-05 16:49:11 - [MESSAGE][INFO] - Starting 'Chrome' driver

2020-06-05 16:49:11 - [MESSAGE][INFO] - Action delay is set to 0 milliseconds

2020-06-05 16:49:15 - [MESSAGE][PASSED] - Browser is opened with url: ''

2020-06-05 16:49:15 - [TEST_STEP][PASSED] - navigateToUrl("http://localhost:8065/admin_console"): Navigate to 'http://localhost:8065/admin_console' successfully

2020-06-05 16:49:16 - [MESSAGE][PASSED] - Navigate to 'http://localhost:8065/admin_console' successfully

2020-06-05 16:49:16 - [TEST_STEP][PASSED] - setText(findTestObject("1612567/24_Setting_Searching/Page_Mattermost/input_All team communication in one place s_703ef5"), "hcmus-cdnc"): Text 'hcmus-cdnc' is set on object 'Object Repository/1612567/24_Setting_Searching/Page_Mattermost/input_All team communication in one place s_703ef5'

2020-06-05 16:49:19 - [MESSAGE][PASSED] - Text 'hcmus-cdnc' is set on object 'Object Repository/1612567/24_Setting_Searching/Page_Mattermost/input_All team communication in one place s_703ef5'

2020-06-05 16:49:19 - [TEST_STEP][PASSED] - setEncryptedText(findTestObject("1612567/24_Setting_Searching/Page_Mattermost/input_All team communication in one place s_2f2733"), "aeHFOx8jV/A="): Text ****** has been set on object 'Object Repository/1612567/24_Setting_Searching/Page_Mattermost/input_All team communication in one place s_2f2733'

2020-06-05 16:49:19 - [MESSAGE][PASSED] - Text ****** has been set on object 'Object Repository/1612567/24_Setting_Searching/Page_Mattermost/input_All team communication in one place s_2f2733'

2020-06-05 16:49:19 - [TEST_STEP][PASSED] - click(findTestObject("1612567/24_Setting_Searching/Page_Mattermost/span_Sign in")): Object: 'Object Repository/1612567/24_Setting_Searching/Page_Mattermost/span_Sign in' is clicked on

2020-06-05 16:49:20 - [MESSAGE][PASSED] - Object: 'Object Repository/1612567/24_Setting_Searching/Page_Mattermost/span_Sign in' is clicked on

2020-06-05 16:49:20 - [TEST_STEP][PASSED] - keys = ["password", "sign", "database", "dev", "user"]: null

2020-06-05 16:49:20 - [TEST_STEP][FAILED] - for (String key : keys): Unable to set text 'password' of object 'Object Repository/1612567/24_Setting_Searching/Page_System Console - Mattermost/input_hcmus-cdnc_adminSidebarFilter' (Root cause: com.kms.katalon.core.exception.StepFailedException: Unable to set text 'password' of object 'Object Repository/1612567/24_Setting_Searching/Page_System Console - Mattermost/input_hcmus-cdnc_adminSidebarFilter'
	at com.kms.katalon.core.webui.keyword.internal.WebUIKeywordMain.stepFailed(WebUIKeywordMain.groovy:64)
	at com.kms.katalon.core.webui.keyword.internal.WebUIKeywordMain.runKeyword(WebUIKeywordMain.groovy:26)
	at com.kms.katalon.core.webui.keyword.builtin.SetTextKeyword.setText(SetTextKeyword.groovy:66)
	at com.kms.katalon.core.webui.keyword.builtin.SetTextKeyword.execute(SetTextKeyword.groovy:37)
	at com.kms.katalon.core.keyword.internal.KeywordExecutor.executeKeywordForPlatform(KeywordExecutor.groovy:72)
	at com.kms.katalon.core.webui.keyword.WebUiBuiltInKeywords.setText(WebUiBuiltInKeywords.groovy:976)
	at com.kms.katalon.core.webui.keyword.WebUiBuiltInKeywords$setText$1.call(Unknown Source)
	at 24_Setting_Searching.run(24_Setting_Searching:35)
	at com.kms.katalon.core.main.ScriptEngine.run(ScriptEngine.java:194)
	at com.kms.katalon.core.main.ScriptEngine.runScriptAsRawText(ScriptEngine.java:119)
	at com.kms.katalon.core.main.TestCaseExecutor.runScript(TestCaseExecutor.java:337)
	at com.kms.katalon.core.main.TestCaseExecutor.doExecute(TestCaseExecutor.java:328)
	at com.kms.katalon.core.main.TestCaseExecutor.processExecutionPhase(TestCaseExecutor.java:307)
	at com.kms.katalon.core.main.TestCaseExecutor.accessMainPhase(TestCaseExecutor.java:299)
	at com.kms.katalon.core.main.TestCaseExecutor.execute(TestCaseExecutor.java:233)
	at com.kms.katalon.core.main.TestSuiteExecutor.accessTestCaseMainPhase(TestSuiteExecutor.java:169)
	at com.kms.katalon.core.main.TestSuiteExecutor.accessTestSuiteMainPhase(TestSuiteExecutor.java:142)
	at com.kms.katalon.core.main.TestSuiteExecutor.execute(TestSuiteExecutor.java:91)
	at com.kms.katalon.core.main.TestCaseMain.startTestSuite(TestCaseMain.java:157)
	at com.kms.katalon.core.main.TestCaseMain$startTestSuite$0.call(Unknown Source)
	at TempTestSuite1591347278292.run(TempTestSuite1591347278292.groovy:37)
Caused by: org.openqa.selenium.NoSuchWindowException: no such window: target window already closed
from unknown error: web view not found
  (Session info: chrome=83.0.4103.97)
Build info: version: '3.141.59', revision: 'e82be7d358', time: '2018-11-14T08:25:53'
System info: host: 'DESKTOP-SGC4F2H', ip: '172.25.32.1', os.name: 'Windows 10', os.arch: 'amd64', os.version: '10.0', java.version: '1.8.0_181'
Driver info: com.kms.katalon.selenium.driver.CChromeDriver
Capabilities {acceptInsecureCerts: false, browserName: chrome, browserVersion: 83.0.4103.97, chrome: {chromedriverVersion: 83.0.4103.39 (ccbf011cb2d2b..., userDataDir: C:\Users\Thanh\AppData\Loca...}, goog:chromeOptions: {debuggerAddress: localhost:58027}, javascriptEnabled: true, networkConnectionEnabled: false, pageLoadStrategy: normal, platform: WINDOWS, platformName: WINDOWS, proxy: Proxy(), setWindowRect: true, strictFileInteractability: false, timeouts: {implicit: 0, pageLoad: 300000, script: 30000}, unhandledPromptBehavior: dismiss and notify, webauthn:virtualAuthenticators: true}
Session ID: 200b21b993c804d1fea2591d32391b5d
*** Element info: {Using=xpath, value=//input[@id='adminSidebarFilter']}
	at org.openqa.selenium.remote.http.W3CHttpResponseCodec.createException(W3CHttpResponseCodec.java:187)
	at org.openqa.selenium.remote.http.W3CHttpResponseCodec.decode(W3CHttpResponseCodec.java:122)
	at org.openqa.selenium.remote.http.W3CHttpResponseCodec.decode(W3CHttpResponseCodec.java:49)
	at org.openqa.selenium.remote.HttpCommandExecutor.execute(HttpCommandExecutor.java:158)
	at org.openqa.selenium.remote.service.DriverCommandExecutor.execute(DriverCommandExecutor.java:83)
	at org.openqa.selenium.remote.RemoteWebDriver.execute(RemoteWebDriver.java:552)
	at com.kms.katalon.selenium.driver.CChromeDriver.execute(CChromeDriver.java:19)
	at org.openqa.selenium.remote.RemoteWebDriver.findElements(RemoteWebDriver.java:353)
	at org.openqa.selenium.remote.RemoteWebDriver.findElementsByXPath(RemoteWebDriver.java:432)
	at org.openqa.selenium.By$ByXPath.findElements(By.java:348)
	at org.openqa.selenium.remote.RemoteWebDriver.findElements(RemoteWebDriver.java:311)
	at org.openqa.selenium.support.events.EventFiringWebDriver.lambda$new$1(EventFiringWebDriver.java:105)
	at com.sun.proxy.$Proxy8.findElements(Unknown Source)
	at org.openqa.selenium.support.events.EventFiringWebDriver.findElements(EventFiringWebDriver.java:182)
	at com.kms.katalon.core.webui.common.WebUiCommonHelper.findWebElements(WebUiCommonHelper.java:789)
	at com.kms.katalon.core.webui.common.WebUiCommonHelper.findWebElement(WebUiCommonHelper.java:1150)
	at com.kms.katalon.core.webui.keyword.internal.WebUIAbstractKeyword.findWebElement(WebUIAbstractKeyword.groovy:27)
	at com.kms.katalon.core.webui.keyword.internal.WebUIAbstractKeyword.findWebElement(WebUIAbstractKeyword.groovy:26)
	at com.kms.katalon.core.webui.keyword.builtin.SetTextKeyword$_setText_closure1.doCall(SetTextKeyword.groovy:55)
	at com.kms.katalon.core.webui.keyword.builtin.SetTextKeyword$_setText_closure1.call(SetTextKeyword.groovy)
	at com.kms.katalon.core.webui.keyword.internal.WebUIKeywordMain.runKeyword(WebUIKeywordMain.groovy:20)
	at com.kms.katalon.core.webui.keyword.builtin.SetTextKeyword.setText(SetTextKeyword.groovy:66)
	at com.kms.katalon.core.webui.keyword.builtin.SetTextKeyword.execute(SetTextKeyword.groovy:37)
	at com.kms.katalon.core.keyword.internal.KeywordExecutor.executeKeywordForPlatform(KeywordExecutor.groovy:72)
	at com.kms.katalon.core.webui.keyword.WebUiBuiltInKeywords.setText(WebUiBuiltInKeywords.groovy:976)
	at com.kms.katalon.core.webui.keyword.WebUiBuiltInKeywords$setText$1.call(Unknown Source)
	at Script1591321533420.run(Script1591321533420.groovy:35)
	... 13 more
)

2020-06-05 16:49:20 - [TEST_STEP][FAILED] - setText(findTestObject("1612567/24_Setting_Searching/Page_System Console - Mattermost/input_hcmus-cdnc_adminSidebarFilter"), key): Unable to set text 'password' of object 'Object Repository/1612567/24_Setting_Searching/Page_System Console - Mattermost/input_hcmus-cdnc_adminSidebarFilter' (Root cause: com.kms.katalon.core.exception.StepFailedException: Unable to set text 'password' of object 'Object Repository/1612567/24_Setting_Searching/Page_System Console - Mattermost/input_hcmus-cdnc_adminSidebarFilter'
	at com.kms.katalon.core.webui.keyword.internal.WebUIKeywordMain.stepFailed(WebUIKeywordMain.groovy:64)
	at com.kms.katalon.core.webui.keyword.internal.WebUIKeywordMain.runKeyword(WebUIKeywordMain.groovy:26)
	at com.kms.katalon.core.webui.keyword.builtin.SetTextKeyword.setText(SetTextKeyword.groovy:66)
	at com.kms.katalon.core.webui.keyword.builtin.SetTextKeyword.execute(SetTextKeyword.groovy:37)
	at com.kms.katalon.core.keyword.internal.KeywordExecutor.executeKeywordForPlatform(KeywordExecutor.groovy:72)
	at com.kms.katalon.core.webui.keyword.WebUiBuiltInKeywords.setText(WebUiBuiltInKeywords.groovy:976)
	at com.kms.katalon.core.webui.keyword.WebUiBuiltInKeywords$setText$1.call(Unknown Source)
	at 24_Setting_Searching.run(24_Setting_Searching:35)
	at com.kms.katalon.core.main.ScriptEngine.run(ScriptEngine.java:194)
	at com.kms.katalon.core.main.ScriptEngine.runScriptAsRawText(ScriptEngine.java:119)
	at com.kms.katalon.core.main.TestCaseExecutor.runScript(TestCaseExecutor.java:337)
	at com.kms.katalon.core.main.TestCaseExecutor.doExecute(TestCaseExecutor.java:328)
	at com.kms.katalon.core.main.TestCaseExecutor.processExecutionPhase(TestCaseExecutor.java:307)
	at com.kms.katalon.core.main.TestCaseExecutor.accessMainPhase(TestCaseExecutor.java:299)
	at com.kms.katalon.core.main.TestCaseExecutor.execute(TestCaseExecutor.java:233)
	at com.kms.katalon.core.main.TestSuiteExecutor.accessTestCaseMainPhase(TestSuiteExecutor.java:169)
	at com.kms.katalon.core.main.TestSuiteExecutor.accessTestSuiteMainPhase(TestSuiteExecutor.java:142)
	at com.kms.katalon.core.main.TestSuiteExecutor.execute(TestSuiteExecutor.java:91)
	at com.kms.katalon.core.main.TestCaseMain.startTestSuite(TestCaseMain.java:157)
	at com.kms.katalon.core.main.TestCaseMain$startTestSuite$0.call(Unknown Source)
	at TempTestSuite1591347278292.run(TempTestSuite1591347278292.groovy:37)
Caused by: org.openqa.selenium.NoSuchWindowException: no such window: target window already closed
from unknown error: web view not found
  (Session info: chrome=83.0.4103.97)
Build info: version: '3.141.59', revision: 'e82be7d358', time: '2018-11-14T08:25:53'
System info: host: 'DESKTOP-SGC4F2H', ip: '172.25.32.1', os.name: 'Windows 10', os.arch: 'amd64', os.version: '10.0', java.version: '1.8.0_181'
Driver info: com.kms.katalon.selenium.driver.CChromeDriver
Capabilities {acceptInsecureCerts: false, browserName: chrome, browserVersion: 83.0.4103.97, chrome: {chromedriverVersion: 83.0.4103.39 (ccbf011cb2d2b..., userDataDir: C:\Users\Thanh\AppData\Loca...}, goog:chromeOptions: {debuggerAddress: localhost:58027}, javascriptEnabled: true, networkConnectionEnabled: false, pageLoadStrategy: normal, platform: WINDOWS, platformName: WINDOWS, proxy: Proxy(), setWindowRect: true, strictFileInteractability: false, timeouts: {implicit: 0, pageLoad: 300000, script: 30000}, unhandledPromptBehavior: dismiss and notify, webauthn:virtualAuthenticators: true}
Session ID: 200b21b993c804d1fea2591d32391b5d
*** Element info: {Using=xpath, value=//input[@id='adminSidebarFilter']}
	at org.openqa.selenium.remote.http.W3CHttpResponseCodec.createException(W3CHttpResponseCodec.java:187)
	at org.openqa.selenium.remote.http.W3CHttpResponseCodec.decode(W3CHttpResponseCodec.java:122)
	at org.openqa.selenium.remote.http.W3CHttpResponseCodec.decode(W3CHttpResponseCodec.java:49)
	at org.openqa.selenium.remote.HttpCommandExecutor.execute(HttpCommandExecutor.java:158)
	at org.openqa.selenium.remote.service.DriverCommandExecutor.execute(DriverCommandExecutor.java:83)
	at org.openqa.selenium.remote.RemoteWebDriver.execute(RemoteWebDriver.java:552)
	at com.kms.katalon.selenium.driver.CChromeDriver.execute(CChromeDriver.java:19)
	at org.openqa.selenium.remote.RemoteWebDriver.findElements(RemoteWebDriver.java:353)
	at org.openqa.selenium.remote.RemoteWebDriver.findElementsByXPath(RemoteWebDriver.java:432)
	at org.openqa.selenium.By$ByXPath.findElements(By.java:348)
	at org.openqa.selenium.remote.RemoteWebDriver.findElements(RemoteWebDriver.java:311)
	at org.openqa.selenium.support.events.EventFiringWebDriver.lambda$new$1(EventFiringWebDriver.java:105)
	at com.sun.proxy.$Proxy8.findElements(Unknown Source)
	at org.openqa.selenium.support.events.EventFiringWebDriver.findElements(EventFiringWebDriver.java:182)
	at com.kms.katalon.core.webui.common.WebUiCommonHelper.findWebElements(WebUiCommonHelper.java:789)
	at com.kms.katalon.core.webui.common.WebUiCommonHelper.findWebElement(WebUiCommonHelper.java:1150)
	at com.kms.katalon.core.webui.keyword.internal.WebUIAbstractKeyword.findWebElement(WebUIAbstractKeyword.groovy:27)
	at com.kms.katalon.core.webui.keyword.internal.WebUIAbstractKeyword.findWebElement(WebUIAbstractKeyword.groovy:26)
	at com.kms.katalon.core.webui.keyword.builtin.SetTextKeyword$_setText_closure1.doCall(SetTextKeyword.groovy:55)
	at com.kms.katalon.core.webui.keyword.builtin.SetTextKeyword$_setText_closure1.call(SetTextKeyword.groovy)
	at com.kms.katalon.core.webui.keyword.internal.WebUIKeywordMain.runKeyword(WebUIKeywordMain.groovy:20)
	at com.kms.katalon.core.webui.keyword.builtin.SetTextKeyword.setText(SetTextKeyword.groovy:66)
	at com.kms.katalon.core.webui.keyword.builtin.SetTextKeyword.execute(SetTextKeyword.groovy:37)
	at com.kms.katalon.core.keyword.internal.KeywordExecutor.executeKeywordForPlatform(KeywordExecutor.groovy:72)
	at com.kms.katalon.core.webui.keyword.WebUiBuiltInKeywords.setText(WebUiBuiltInKeywords.groovy:976)
	at com.kms.katalon.core.webui.keyword.WebUiBuiltInKeywords$setText$1.call(Unknown Source)
	at Script1591321533420.run(Script1591321533420.groovy:35)
	... 13 more
)

2020-06-05 16:49:22 - [MESSAGE][WARNING] - Cannot take screenshot

2020-06-05 16:49:22 - [MESSAGE][FAILED] - Unable to set text 'password' of object 'Object Repository/1612567/24_Setting_Searching/Page_System Console - Mattermost/input_hcmus-cdnc_adminSidebarFilter' (Root cause: com.kms.katalon.core.exception.StepFailedException: Unable to set text 'password' of object 'Object Repository/1612567/24_Setting_Searching/Page_System Console - Mattermost/input_hcmus-cdnc_adminSidebarFilter'
	at com.kms.katalon.core.webui.keyword.internal.WebUIKeywordMain.stepFailed(WebUIKeywordMain.groovy:64)
	at com.kms.katalon.core.webui.keyword.internal.WebUIKeywordMain.runKeyword(WebUIKeywordMain.groovy:26)
	at com.kms.katalon.core.webui.keyword.builtin.SetTextKeyword.setText(SetTextKeyword.groovy:66)
	at com.kms.katalon.core.webui.keyword.builtin.SetTextKeyword.execute(SetTextKeyword.groovy:37)
	at com.kms.katalon.core.keyword.internal.KeywordExecutor.executeKeywordForPlatform(KeywordExecutor.groovy:72)
	at com.kms.katalon.core.webui.keyword.WebUiBuiltInKeywords.setText(WebUiBuiltInKeywords.groovy:976)
	at com.kms.katalon.core.webui.keyword.WebUiBuiltInKeywords$setText$1.call(Unknown Source)
	at 24_Setting_Searching.run(24_Setting_Searching:35)
	at com.kms.katalon.core.main.ScriptEngine.run(ScriptEngine.java:194)
	at com.kms.katalon.core.main.ScriptEngine.runScriptAsRawText(ScriptEngine.java:119)
	at com.kms.katalon.core.main.TestCaseExecutor.runScript(TestCaseExecutor.java:337)
	at com.kms.katalon.core.main.TestCaseExecutor.doExecute(TestCaseExecutor.java:328)
	at com.kms.katalon.core.main.TestCaseExecutor.processExecutionPhase(TestCaseExecutor.java:307)
	at com.kms.katalon.core.main.TestCaseExecutor.accessMainPhase(TestCaseExecutor.java:299)
	at com.kms.katalon.core.main.TestCaseExecutor.execute(TestCaseExecutor.java:233)
	at com.kms.katalon.core.main.TestSuiteExecutor.accessTestCaseMainPhase(TestSuiteExecutor.java:169)
	at com.kms.katalon.core.main.TestSuiteExecutor.accessTestSuiteMainPhase(TestSuiteExecutor.java:142)
	at com.kms.katalon.core.main.TestSuiteExecutor.execute(TestSuiteExecutor.java:91)
	at com.kms.katalon.core.main.TestCaseMain.startTestSuite(TestCaseMain.java:157)
	at com.kms.katalon.core.main.TestCaseMain$startTestSuite$0.call(Unknown Source)
	at TempTestSuite1591347278292.run(TempTestSuite1591347278292.groovy:37)
Caused by: org.openqa.selenium.NoSuchWindowException: no such window: target window already closed
from unknown error: web view not found
  (Session info: chrome=83.0.4103.97)
Build info: version: '3.141.59', revision: 'e82be7d358', time: '2018-11-14T08:25:53'
System info: host: 'DESKTOP-SGC4F2H', ip: '172.25.32.1', os.name: 'Windows 10', os.arch: 'amd64', os.version: '10.0', java.version: '1.8.0_181'
Driver info: com.kms.katalon.selenium.driver.CChromeDriver
Capabilities {acceptInsecureCerts: false, browserName: chrome, browserVersion: 83.0.4103.97, chrome: {chromedriverVersion: 83.0.4103.39 (ccbf011cb2d2b..., userDataDir: C:\Users\Thanh\AppData\Loca...}, goog:chromeOptions: {debuggerAddress: localhost:58027}, javascriptEnabled: true, networkConnectionEnabled: false, pageLoadStrategy: normal, platform: WINDOWS, platformName: WINDOWS, proxy: Proxy(), setWindowRect: true, strictFileInteractability: false, timeouts: {implicit: 0, pageLoad: 300000, script: 30000}, unhandledPromptBehavior: dismiss and notify, webauthn:virtualAuthenticators: true}
Session ID: 200b21b993c804d1fea2591d32391b5d
*** Element info: {Using=xpath, value=//input[@id='adminSidebarFilter']}
	at org.openqa.selenium.remote.http.W3CHttpResponseCodec.createException(W3CHttpResponseCodec.java:187)
	at org.openqa.selenium.remote.http.W3CHttpResponseCodec.decode(W3CHttpResponseCodec.java:122)
	at org.openqa.selenium.remote.http.W3CHttpResponseCodec.decode(W3CHttpResponseCodec.java:49)
	at org.openqa.selenium.remote.HttpCommandExecutor.execute(HttpCommandExecutor.java:158)
	at org.openqa.selenium.remote.service.DriverCommandExecutor.execute(DriverCommandExecutor.java:83)
	at org.openqa.selenium.remote.RemoteWebDriver.execute(RemoteWebDriver.java:552)
	at com.kms.katalon.selenium.driver.CChromeDriver.execute(CChromeDriver.java:19)
	at org.openqa.selenium.remote.RemoteWebDriver.findElements(RemoteWebDriver.java:353)
	at org.openqa.selenium.remote.RemoteWebDriver.findElementsByXPath(RemoteWebDriver.java:432)
	at org.openqa.selenium.By$ByXPath.findElements(By.java:348)
	at org.openqa.selenium.remote.RemoteWebDriver.findElements(RemoteWebDriver.java:311)
	at org.openqa.selenium.support.events.EventFiringWebDriver.lambda$new$1(EventFiringWebDriver.java:105)
	at com.sun.proxy.$Proxy8.findElements(Unknown Source)
	at org.openqa.selenium.support.events.EventFiringWebDriver.findElements(EventFiringWebDriver.java:182)
	at com.kms.katalon.core.webui.common.WebUiCommonHelper.findWebElements(WebUiCommonHelper.java:789)
	at com.kms.katalon.core.webui.common.WebUiCommonHelper.findWebElement(WebUiCommonHelper.java:1150)
	at com.kms.katalon.core.webui.keyword.internal.WebUIAbstractKeyword.findWebElement(WebUIAbstractKeyword.groovy:27)
	at com.kms.katalon.core.webui.keyword.internal.WebUIAbstractKeyword.findWebElement(WebUIAbstractKeyword.groovy:26)
	at com.kms.katalon.core.webui.keyword.builtin.SetTextKeyword$_setText_closure1.doCall(SetTextKeyword.groovy:55)
	at com.kms.katalon.core.webui.keyword.builtin.SetTextKeyword$_setText_closure1.call(SetTextKeyword.groovy)
	at com.kms.katalon.core.webui.keyword.internal.WebUIKeywordMain.runKeyword(WebUIKeywordMain.groovy:20)
	at com.kms.katalon.core.webui.keyword.builtin.SetTextKeyword.setText(SetTextKeyword.groovy:66)
	at com.kms.katalon.core.webui.keyword.builtin.SetTextKeyword.execute(SetTextKeyword.groovy:37)
	at com.kms.katalon.core.keyword.internal.KeywordExecutor.executeKeywordForPlatform(KeywordExecutor.groovy:72)
	at com.kms.katalon.core.webui.keyword.WebUiBuiltInKeywords.setText(WebUiBuiltInKeywords.groovy:976)
	at com.kms.katalon.core.webui.keyword.WebUiBuiltInKeywords$setText$1.call(Unknown Source)
	at Script1591321533420.run(Script1591321533420.groovy:35)
	... 13 more
)]]></system-out>
         <system-err><![CDATA[2020-06-05 16:49:10 - [TEST_CASE][FAILED] - Test Cases/1612567/24_Setting_Searching: Test Cases/1612567/24_Setting_Searching FAILED.
Reason:
com.kms.katalon.core.exception.StepFailedException: Unable to set text 'password' of object 'Object Repository/1612567/24_Setting_Searching/Page_System Console - Mattermost/input_hcmus-cdnc_adminSidebarFilter'
	at com.kms.katalon.core.webui.keyword.internal.WebUIKeywordMain.stepFailed(WebUIKeywordMain.groovy:64)
	at com.kms.katalon.core.webui.keyword.internal.WebUIKeywordMain.runKeyword(WebUIKeywordMain.groovy:26)
	at com.kms.katalon.core.webui.keyword.builtin.SetTextKeyword.setText(SetTextKeyword.groovy:66)
	at com.kms.katalon.core.webui.keyword.builtin.SetTextKeyword.execute(SetTextKeyword.groovy:37)
	at com.kms.katalon.core.keyword.internal.KeywordExecutor.executeKeywordForPlatform(KeywordExecutor.groovy:72)
	at com.kms.katalon.core.webui.keyword.WebUiBuiltInKeywords.setText(WebUiBuiltInKeywords.groovy:976)
	at com.kms.katalon.core.webui.keyword.WebUiBuiltInKeywords$setText$1.call(Unknown Source)
	at 24_Setting_Searching.run(24_Setting_Searching:35)
	at com.kms.katalon.core.main.ScriptEngine.run(ScriptEngine.java:194)
	at com.kms.katalon.core.main.ScriptEngine.runScriptAsRawText(ScriptEngine.java:119)
	at com.kms.katalon.core.main.TestCaseExecutor.runScript(TestCaseExecutor.java:337)
	at com.kms.katalon.core.main.TestCaseExecutor.doExecute(TestCaseExecutor.java:328)
	at com.kms.katalon.core.main.TestCaseExecutor.processExecutionPhase(TestCaseExecutor.java:307)
	at com.kms.katalon.core.main.TestCaseExecutor.accessMainPhase(TestCaseExecutor.java:299)
	at com.kms.katalon.core.main.TestCaseExecutor.execute(TestCaseExecutor.java:233)
	at com.kms.katalon.core.main.TestSuiteExecutor.accessTestCaseMainPhase(TestSuiteExecutor.java:169)
	at com.kms.katalon.core.main.TestSuiteExecutor.accessTestSuiteMainPhase(TestSuiteExecutor.java:142)
	at com.kms.katalon.core.main.TestSuiteExecutor.execute(TestSuiteExecutor.java:91)
	at com.kms.katalon.core.main.TestCaseMain.startTestSuite(TestCaseMain.java:157)
	at com.kms.katalon.core.main.TestCaseMain$startTestSuite$0.call(Unknown Source)
	at TempTestSuite1591347278292.run(TempTestSuite1591347278292.groovy:37)
Caused by: org.openqa.selenium.NoSuchWindowException: no such window: target window already closed
from unknown error: web view not found
  (Session info: chrome=83.0.4103.97)
Build info: version: '3.141.59', revision: 'e82be7d358', time: '2018-11-14T08:25:53'
System info: host: 'DESKTOP-SGC4F2H', ip: '172.25.32.1', os.name: 'Windows 10', os.arch: 'amd64', os.version: '10.0', java.version: '1.8.0_181'
Driver info: com.kms.katalon.selenium.driver.CChromeDriver
Capabilities {acceptInsecureCerts: false, browserName: chrome, browserVersion: 83.0.4103.97, chrome: {chromedriverVersion: 83.0.4103.39 (ccbf011cb2d2b..., userDataDir: C:\Users\Thanh\AppData\Loca...}, goog:chromeOptions: {debuggerAddress: localhost:58027}, javascriptEnabled: true, networkConnectionEnabled: false, pageLoadStrategy: normal, platform: WINDOWS, platformName: WINDOWS, proxy: Proxy(), setWindowRect: true, strictFileInteractability: false, timeouts: {implicit: 0, pageLoad: 300000, script: 30000}, unhandledPromptBehavior: dismiss and notify, webauthn:virtualAuthenticators: true}
Session ID: 200b21b993c804d1fea2591d32391b5d
*** Element info: {Using=xpath, value=//input[@id='adminSidebarFilter']}
	at org.openqa.selenium.remote.http.W3CHttpResponseCodec.createException(W3CHttpResponseCodec.java:187)
	at org.openqa.selenium.remote.http.W3CHttpResponseCodec.decode(W3CHttpResponseCodec.java:122)
	at org.openqa.selenium.remote.http.W3CHttpResponseCodec.decode(W3CHttpResponseCodec.java:49)
	at org.openqa.selenium.remote.HttpCommandExecutor.execute(HttpCommandExecutor.java:158)
	at org.openqa.selenium.remote.service.DriverCommandExecutor.execute(DriverCommandExecutor.java:83)
	at org.openqa.selenium.remote.RemoteWebDriver.execute(RemoteWebDriver.java:552)
	at com.kms.katalon.selenium.driver.CChromeDriver.execute(CChromeDriver.java:19)
	at org.openqa.selenium.remote.RemoteWebDriver.findElements(RemoteWebDriver.java:353)
	at org.openqa.selenium.remote.RemoteWebDriver.findElementsByXPath(RemoteWebDriver.java:432)
	at org.openqa.selenium.By$ByXPath.findElements(By.java:348)
	at org.openqa.selenium.remote.RemoteWebDriver.findElements(RemoteWebDriver.java:311)
	at org.openqa.selenium.support.events.EventFiringWebDriver.lambda$new$1(EventFiringWebDriver.java:105)
	at com.sun.proxy.$Proxy8.findElements(Unknown Source)
	at org.openqa.selenium.support.events.EventFiringWebDriver.findElements(EventFiringWebDriver.java:182)
	at com.kms.katalon.core.webui.common.WebUiCommonHelper.findWebElements(WebUiCommonHelper.java:789)
	at com.kms.katalon.core.webui.common.WebUiCommonHelper.findWebElement(WebUiCommonHelper.java:1150)
	at com.kms.katalon.core.webui.keyword.internal.WebUIAbstractKeyword.findWebElement(WebUIAbstractKeyword.groovy:27)
	at com.kms.katalon.core.webui.keyword.internal.WebUIAbstractKeyword.findWebElement(WebUIAbstractKeyword.groovy:26)
	at com.kms.katalon.core.webui.keyword.builtin.SetTextKeyword$_setText_closure1.doCall(SetTextKeyword.groovy:55)
	at com.kms.katalon.core.webui.keyword.builtin.SetTextKeyword$_setText_closure1.call(SetTextKeyword.groovy)
	at com.kms.katalon.core.webui.keyword.internal.WebUIKeywordMain.runKeyword(WebUIKeywordMain.groovy:20)
	... 19 more]]></system-err>
      </testcase>
      <testcase name="Test Cases/1612567/25_CORS_Setting" time="42.434" classname="Test Cases/1612567/25_CORS_Setting" status="FAILED">
         <failure type="FAILED" message="Test Cases/1612567/25_CORS_Setting FAILED.
Reason:
com.kms.katalon.core.exception.StepFailedException: Unable to click on object 'Object Repository/1612567/25_CORS_Setting/Page_System Console - Mattermost/a_CORS'
	at com.kms.katalon.core.webui.keyword.internal.WebUIKeywordMain.stepFailed(WebUIKeywordMain.groovy:64)
	at com.kms.katalon.core.webui.keyword.internal.WebUIKeywordMain.runKeyword(WebUIKeywordMain.groovy:26)
	at com.kms.katalon.core.webui.keyword.builtin.ClickKeyword.click(ClickKeyword.groovy:76)
	at com.kms.katalon.core.webui.keyword.builtin.ClickKeyword.execute(ClickKeyword.groovy:43)
	at com.kms.katalon.core.keyword.internal.KeywordExecutor.executeKeywordForPlatform(KeywordExecutor.groovy:72)
	at com.kms.katalon.core.webui.keyword.WebUiBuiltInKeywords.click(WebUiBuiltInKeywords.groovy:616)
	at com.kms.katalon.core.webui.keyword.WebUiBuiltInKeywords$click$3.call(Unknown Source)
	at 25_CORS_Setting.run(25_CORS_Setting:34)
	at com.kms.katalon.core.main.ScriptEngine.run(ScriptEngine.java:194)
	at com.kms.katalon.core.main.ScriptEngine.runScriptAsRawText(ScriptEngine.java:119)
	at com.kms.katalon.core.main.TestCaseExecutor.runScript(TestCaseExecutor.java:337)
	at com.kms.katalon.core.main.TestCaseExecutor.doExecute(TestCaseExecutor.java:328)
	at com.kms.katalon.core.main.TestCaseExecutor.processExecutionPhase(TestCaseExecutor.java:307)
	at com.kms.katalon.core.main.TestCaseExecutor.accessMainPhase(TestCaseExecutor.java:299)
	at com.kms.katalon.core.main.TestCaseExecutor.execute(TestCaseExecutor.java:233)
	at com.kms.katalon.core.main.TestSuiteExecutor.accessTestCaseMainPhase(TestSuiteExecutor.java:169)
	at com.kms.katalon.core.main.TestSuiteExecutor.accessTestSuiteMainPhase(TestSuiteExecutor.java:142)
	at com.kms.katalon.core.main.TestSuiteExecutor.execute(TestSuiteExecutor.java:91)
	at com.kms.katalon.core.main.TestCaseMain.startTestSuite(TestCaseMain.java:157)
	at com.kms.katalon.core.main.TestCaseMain$startTestSuite$0.call(Unknown Source)
	at TempTestSuite1591347278292.run(TempTestSuite1591347278292.groovy:37)
Caused by: org.openqa.selenium.WebDriverException: chrome not reachable
  (Session info: chrome=83.0.4103.97)
Build info: version: '3.141.59', revision: 'e82be7d358', time: '2018-11-14T08:25:53'
System info: host: 'DESKTOP-SGC4F2H', ip: '172.25.32.1', os.name: 'Windows 10', os.arch: 'amd64', os.version: '10.0', java.version: '1.8.0_181'
Driver info: com.kms.katalon.selenium.driver.CChromeDriver
Capabilities {acceptInsecureCerts: false, browserName: chrome, browserVersion: 83.0.4103.97, chrome: {chromedriverVersion: 83.0.4103.39 (ccbf011cb2d2b..., userDataDir: C:\Users\Thanh\AppData\Loca...}, goog:chromeOptions: {debuggerAddress: localhost:58056}, javascriptEnabled: true, networkConnectionEnabled: false, pageLoadStrategy: normal, platform: WINDOWS, platformName: WINDOWS, proxy: Proxy(), setWindowRect: true, strictFileInteractability: false, timeouts: {implicit: 0, pageLoad: 300000, script: 30000}, unhandledPromptBehavior: dismiss and notify, webauthn:virtualAuthenticators: true}
Session ID: 9a308a4b8b98f7421138ba1b2a94415d
*** Element info: {Using=xpath, value=//a[@id='integrations/cors']}
	at org.openqa.selenium.remote.http.W3CHttpResponseCodec.createException(W3CHttpResponseCodec.java:187)
	at org.openqa.selenium.remote.http.W3CHttpResponseCodec.decode(W3CHttpResponseCodec.java:122)
	at org.openqa.selenium.remote.http.W3CHttpResponseCodec.decode(W3CHttpResponseCodec.java:49)
	at org.openqa.selenium.remote.HttpCommandExecutor.execute(HttpCommandExecutor.java:158)
	at org.openqa.selenium.remote.service.DriverCommandExecutor.execute(DriverCommandExecutor.java:83)
	at org.openqa.selenium.remote.RemoteWebDriver.execute(RemoteWebDriver.java:552)
	at com.kms.katalon.selenium.driver.CChromeDriver.execute(CChromeDriver.java:19)
	at org.openqa.selenium.remote.RemoteWebDriver.findElements(RemoteWebDriver.java:353)
	at org.openqa.selenium.remote.RemoteWebDriver.findElementsByXPath(RemoteWebDriver.java:432)
	at org.openqa.selenium.By$ByXPath.findElements(By.java:348)
	at org.openqa.selenium.remote.RemoteWebDriver.findElements(RemoteWebDriver.java:311)
	at org.openqa.selenium.support.events.EventFiringWebDriver.lambda$new$1(EventFiringWebDriver.java:105)
	at com.sun.proxy.$Proxy8.findElements(Unknown Source)
	at org.openqa.selenium.support.events.EventFiringWebDriver.findElements(EventFiringWebDriver.java:182)
	at com.kms.katalon.core.webui.common.WebUiCommonHelper.findWebElements(WebUiCommonHelper.java:789)
	at com.kms.katalon.core.webui.common.WebUiCommonHelper.findWebElement(WebUiCommonHelper.java:1150)
	at com.kms.katalon.core.webui.keyword.internal.WebUIAbstractKeyword.findWebElement(WebUIAbstractKeyword.groovy:27)
	at com.kms.katalon.core.webui.keyword.internal.WebUIAbstractKeyword.findWebElement(WebUIAbstractKeyword.groovy:26)
	at com.kms.katalon.core.webui.keyword.builtin.ClickKeyword$_click_closure1.doCall(ClickKeyword.groovy:67)
	at com.kms.katalon.core.webui.keyword.builtin.ClickKeyword$_click_closure1.call(ClickKeyword.groovy)
	at com.kms.katalon.core.webui.keyword.internal.WebUIKeywordMain.runKeyword(WebUIKeywordMain.groovy:20)
	... 19 more
"/>
         <system-out><![CDATA[2020-06-05 16:49:22 - [TEST_CASE][FAILED] - Test Cases/1612567/25_CORS_Setting: Test Cases/1612567/25_CORS_Setting FAILED.
Reason:
com.kms.katalon.core.exception.StepFailedException: Unable to click on object 'Object Repository/1612567/25_CORS_Setting/Page_System Console - Mattermost/a_CORS'
	at com.kms.katalon.core.webui.keyword.internal.WebUIKeywordMain.stepFailed(WebUIKeywordMain.groovy:64)
	at com.kms.katalon.core.webui.keyword.internal.WebUIKeywordMain.runKeyword(WebUIKeywordMain.groovy:26)
	at com.kms.katalon.core.webui.keyword.builtin.ClickKeyword.click(ClickKeyword.groovy:76)
	at com.kms.katalon.core.webui.keyword.builtin.ClickKeyword.execute(ClickKeyword.groovy:43)
	at com.kms.katalon.core.keyword.internal.KeywordExecutor.executeKeywordForPlatform(KeywordExecutor.groovy:72)
	at com.kms.katalon.core.webui.keyword.WebUiBuiltInKeywords.click(WebUiBuiltInKeywords.groovy:616)
	at com.kms.katalon.core.webui.keyword.WebUiBuiltInKeywords$click$3.call(Unknown Source)
	at 25_CORS_Setting.run(25_CORS_Setting:34)
	at com.kms.katalon.core.main.ScriptEngine.run(ScriptEngine.java:194)
	at com.kms.katalon.core.main.ScriptEngine.runScriptAsRawText(ScriptEngine.java:119)
	at com.kms.katalon.core.main.TestCaseExecutor.runScript(TestCaseExecutor.java:337)
	at com.kms.katalon.core.main.TestCaseExecutor.doExecute(TestCaseExecutor.java:328)
	at com.kms.katalon.core.main.TestCaseExecutor.processExecutionPhase(TestCaseExecutor.java:307)
	at com.kms.katalon.core.main.TestCaseExecutor.accessMainPhase(TestCaseExecutor.java:299)
	at com.kms.katalon.core.main.TestCaseExecutor.execute(TestCaseExecutor.java:233)
	at com.kms.katalon.core.main.TestSuiteExecutor.accessTestCaseMainPhase(TestSuiteExecutor.java:169)
	at com.kms.katalon.core.main.TestSuiteExecutor.accessTestSuiteMainPhase(TestSuiteExecutor.java:142)
	at com.kms.katalon.core.main.TestSuiteExecutor.execute(TestSuiteExecutor.java:91)
	at com.kms.katalon.core.main.TestCaseMain.startTestSuite(TestCaseMain.java:157)
	at com.kms.katalon.core.main.TestCaseMain$startTestSuite$0.call(Unknown Source)
	at TempTestSuite1591347278292.run(TempTestSuite1591347278292.groovy:37)
Caused by: org.openqa.selenium.WebDriverException: chrome not reachable
  (Session info: chrome=83.0.4103.97)
Build info: version: '3.141.59', revision: 'e82be7d358', time: '2018-11-14T08:25:53'
System info: host: 'DESKTOP-SGC4F2H', ip: '172.25.32.1', os.name: 'Windows 10', os.arch: 'amd64', os.version: '10.0', java.version: '1.8.0_181'
Driver info: com.kms.katalon.selenium.driver.CChromeDriver
Capabilities {acceptInsecureCerts: false, browserName: chrome, browserVersion: 83.0.4103.97, chrome: {chromedriverVersion: 83.0.4103.39 (ccbf011cb2d2b..., userDataDir: C:\Users\Thanh\AppData\Loca...}, goog:chromeOptions: {debuggerAddress: localhost:58056}, javascriptEnabled: true, networkConnectionEnabled: false, pageLoadStrategy: normal, platform: WINDOWS, platformName: WINDOWS, proxy: Proxy(), setWindowRect: true, strictFileInteractability: false, timeouts: {implicit: 0, pageLoad: 300000, script: 30000}, unhandledPromptBehavior: dismiss and notify, webauthn:virtualAuthenticators: true}
Session ID: 9a308a4b8b98f7421138ba1b2a94415d
*** Element info: {Using=xpath, value=//a[@id='integrations/cors']}
	at org.openqa.selenium.remote.http.W3CHttpResponseCodec.createException(W3CHttpResponseCodec.java:187)
	at org.openqa.selenium.remote.http.W3CHttpResponseCodec.decode(W3CHttpResponseCodec.java:122)
	at org.openqa.selenium.remote.http.W3CHttpResponseCodec.decode(W3CHttpResponseCodec.java:49)
	at org.openqa.selenium.remote.HttpCommandExecutor.execute(HttpCommandExecutor.java:158)
	at org.openqa.selenium.remote.service.DriverCommandExecutor.execute(DriverCommandExecutor.java:83)
	at org.openqa.selenium.remote.RemoteWebDriver.execute(RemoteWebDriver.java:552)
	at com.kms.katalon.selenium.driver.CChromeDriver.execute(CChromeDriver.java:19)
	at org.openqa.selenium.remote.RemoteWebDriver.findElements(RemoteWebDriver.java:353)
	at org.openqa.selenium.remote.RemoteWebDriver.findElementsByXPath(RemoteWebDriver.java:432)
	at org.openqa.selenium.By$ByXPath.findElements(By.java:348)
	at org.openqa.selenium.remote.RemoteWebDriver.findElements(RemoteWebDriver.java:311)
	at org.openqa.selenium.support.events.EventFiringWebDriver.lambda$new$1(EventFiringWebDriver.java:105)
	at com.sun.proxy.$Proxy8.findElements(Unknown Source)
	at org.openqa.selenium.support.events.EventFiringWebDriver.findElements(EventFiringWebDriver.java:182)
	at com.kms.katalon.core.webui.common.WebUiCommonHelper.findWebElements(WebUiCommonHelper.java:789)
	at com.kms.katalon.core.webui.common.WebUiCommonHelper.findWebElement(WebUiCommonHelper.java:1150)
	at com.kms.katalon.core.webui.keyword.internal.WebUIAbstractKeyword.findWebElement(WebUIAbstractKeyword.groovy:27)
	at com.kms.katalon.core.webui.keyword.internal.WebUIAbstractKeyword.findWebElement(WebUIAbstractKeyword.groovy:26)
	at com.kms.katalon.core.webui.keyword.builtin.ClickKeyword$_click_closure1.doCall(ClickKeyword.groovy:67)
	at com.kms.katalon.core.webui.keyword.builtin.ClickKeyword$_click_closure1.call(ClickKeyword.groovy)
	at com.kms.katalon.core.webui.keyword.internal.WebUIKeywordMain.runKeyword(WebUIKeywordMain.groovy:20)
	... 19 more


2020-06-05 16:49:23 - [TEST_STEP][PASSED] - openBrowser(""): Browser is opened with url: ''

2020-06-05 16:49:23 - [MESSAGE][WARNING] - A browser is already opened. Closing browser and opening a new one

2020-06-05 16:49:23 - [MESSAGE][INFO] - Starting 'Chrome' driver

2020-06-05 16:49:23 - [MESSAGE][INFO] - Action delay is set to 0 milliseconds

2020-06-05 16:49:28 - [MESSAGE][PASSED] - Browser is opened with url: ''

2020-06-05 16:49:28 - [TEST_STEP][PASSED] - navigateToUrl("http://localhost:8065/admin_console"): Navigate to 'http://localhost:8065/admin_console' successfully

2020-06-05 16:49:29 - [MESSAGE][PASSED] - Navigate to 'http://localhost:8065/admin_console' successfully

2020-06-05 16:49:29 - [TEST_STEP][PASSED] - setText(findTestObject("1612567/25_CORS_Setting/Page_Mattermost/input_All team communication in one place s_703ef5"), "hcmus-cdnc"): Text 'hcmus-cdnc' is set on object 'Object Repository/1612567/25_CORS_Setting/Page_Mattermost/input_All team communication in one place s_703ef5'

2020-06-05 16:49:32 - [MESSAGE][PASSED] - Text 'hcmus-cdnc' is set on object 'Object Repository/1612567/25_CORS_Setting/Page_Mattermost/input_All team communication in one place s_703ef5'

2020-06-05 16:49:32 - [TEST_STEP][PASSED] - setEncryptedText(findTestObject("1612567/25_CORS_Setting/Page_Mattermost/input_All team communication in one place s_2f2733"), "aeHFOx8jV/A="): Text ****** has been set on object 'Object Repository/1612567/25_CORS_Setting/Page_Mattermost/input_All team communication in one place s_2f2733'

2020-06-05 16:49:33 - [MESSAGE][PASSED] - Text ****** has been set on object 'Object Repository/1612567/25_CORS_Setting/Page_Mattermost/input_All team communication in one place s_2f2733'

2020-06-05 16:49:33 - [TEST_STEP][PASSED] - click(findTestObject("1612567/25_CORS_Setting/Page_Mattermost/button_Sign in")): Object: 'Object Repository/1612567/25_CORS_Setting/Page_Mattermost/button_Sign in' is clicked on

2020-06-05 16:49:33 - [MESSAGE][PASSED] - Object: 'Object Repository/1612567/25_CORS_Setting/Page_Mattermost/button_Sign in' is clicked on

2020-06-05 16:49:33 - [TEST_STEP][PASSED] - setText(findTestObject("1612567/25_CORS_Setting/Page_System Console - Mattermost/input_hcmus-cdnc_adminSidebarFilter"), "cor"): Text 'cor' is set on object 'Object Repository/1612567/25_CORS_Setting/Page_System Console - Mattermost/input_hcmus-cdnc_adminSidebarFilter'

2020-06-05 16:49:36 - [MESSAGE][PASSED] - Text 'cor' is set on object 'Object Repository/1612567/25_CORS_Setting/Page_System Console - Mattermost/input_hcmus-cdnc_adminSidebarFilter'

2020-06-05 16:49:36 - [TEST_STEP][FAILED] - click(findTestObject("1612567/25_CORS_Setting/Page_System Console - Mattermost/a_CORS")): Unable to click on object 'Object Repository/1612567/25_CORS_Setting/Page_System Console - Mattermost/a_CORS' (Root cause: com.kms.katalon.core.exception.StepFailedException: Unable to click on object 'Object Repository/1612567/25_CORS_Setting/Page_System Console - Mattermost/a_CORS'
	at com.kms.katalon.core.webui.keyword.internal.WebUIKeywordMain.stepFailed(WebUIKeywordMain.groovy:64)
	at com.kms.katalon.core.webui.keyword.internal.WebUIKeywordMain.runKeyword(WebUIKeywordMain.groovy:26)
	at com.kms.katalon.core.webui.keyword.builtin.ClickKeyword.click(ClickKeyword.groovy:76)
	at com.kms.katalon.core.webui.keyword.builtin.ClickKeyword.execute(ClickKeyword.groovy:43)
	at com.kms.katalon.core.keyword.internal.KeywordExecutor.executeKeywordForPlatform(KeywordExecutor.groovy:72)
	at com.kms.katalon.core.webui.keyword.WebUiBuiltInKeywords.click(WebUiBuiltInKeywords.groovy:616)
	at com.kms.katalon.core.webui.keyword.WebUiBuiltInKeywords$click$3.call(Unknown Source)
	at 25_CORS_Setting.run(25_CORS_Setting:34)
	at com.kms.katalon.core.main.ScriptEngine.run(ScriptEngine.java:194)
	at com.kms.katalon.core.main.ScriptEngine.runScriptAsRawText(ScriptEngine.java:119)
	at com.kms.katalon.core.main.TestCaseExecutor.runScript(TestCaseExecutor.java:337)
	at com.kms.katalon.core.main.TestCaseExecutor.doExecute(TestCaseExecutor.java:328)
	at com.kms.katalon.core.main.TestCaseExecutor.processExecutionPhase(TestCaseExecutor.java:307)
	at com.kms.katalon.core.main.TestCaseExecutor.accessMainPhase(TestCaseExecutor.java:299)
	at com.kms.katalon.core.main.TestCaseExecutor.execute(TestCaseExecutor.java:233)
	at com.kms.katalon.core.main.TestSuiteExecutor.accessTestCaseMainPhase(TestSuiteExecutor.java:169)
	at com.kms.katalon.core.main.TestSuiteExecutor.accessTestSuiteMainPhase(TestSuiteExecutor.java:142)
	at com.kms.katalon.core.main.TestSuiteExecutor.execute(TestSuiteExecutor.java:91)
	at com.kms.katalon.core.main.TestCaseMain.startTestSuite(TestCaseMain.java:157)
	at com.kms.katalon.core.main.TestCaseMain$startTestSuite$0.call(Unknown Source)
	at TempTestSuite1591347278292.run(TempTestSuite1591347278292.groovy:37)
Caused by: org.openqa.selenium.WebDriverException: chrome not reachable
  (Session info: chrome=83.0.4103.97)
Build info: version: '3.141.59', revision: 'e82be7d358', time: '2018-11-14T08:25:53'
System info: host: 'DESKTOP-SGC4F2H', ip: '172.25.32.1', os.name: 'Windows 10', os.arch: 'amd64', os.version: '10.0', java.version: '1.8.0_181'
Driver info: com.kms.katalon.selenium.driver.CChromeDriver
Capabilities {acceptInsecureCerts: false, browserName: chrome, browserVersion: 83.0.4103.97, chrome: {chromedriverVersion: 83.0.4103.39 (ccbf011cb2d2b..., userDataDir: C:\Users\Thanh\AppData\Loca...}, goog:chromeOptions: {debuggerAddress: localhost:58056}, javascriptEnabled: true, networkConnectionEnabled: false, pageLoadStrategy: normal, platform: WINDOWS, platformName: WINDOWS, proxy: Proxy(), setWindowRect: true, strictFileInteractability: false, timeouts: {implicit: 0, pageLoad: 300000, script: 30000}, unhandledPromptBehavior: dismiss and notify, webauthn:virtualAuthenticators: true}
Session ID: 9a308a4b8b98f7421138ba1b2a94415d
*** Element info: {Using=xpath, value=//a[@id='integrations/cors']}
	at org.openqa.selenium.remote.http.W3CHttpResponseCodec.createException(W3CHttpResponseCodec.java:187)
	at org.openqa.selenium.remote.http.W3CHttpResponseCodec.decode(W3CHttpResponseCodec.java:122)
	at org.openqa.selenium.remote.http.W3CHttpResponseCodec.decode(W3CHttpResponseCodec.java:49)
	at org.openqa.selenium.remote.HttpCommandExecutor.execute(HttpCommandExecutor.java:158)
	at org.openqa.selenium.remote.service.DriverCommandExecutor.execute(DriverCommandExecutor.java:83)
	at org.openqa.selenium.remote.RemoteWebDriver.execute(RemoteWebDriver.java:552)
	at com.kms.katalon.selenium.driver.CChromeDriver.execute(CChromeDriver.java:19)
	at org.openqa.selenium.remote.RemoteWebDriver.findElements(RemoteWebDriver.java:353)
	at org.openqa.selenium.remote.RemoteWebDriver.findElementsByXPath(RemoteWebDriver.java:432)
	at org.openqa.selenium.By$ByXPath.findElements(By.java:348)
	at org.openqa.selenium.remote.RemoteWebDriver.findElements(RemoteWebDriver.java:311)
	at org.openqa.selenium.support.events.EventFiringWebDriver.lambda$new$1(EventFiringWebDriver.java:105)
	at com.sun.proxy.$Proxy8.findElements(Unknown Source)
	at org.openqa.selenium.support.events.EventFiringWebDriver.findElements(EventFiringWebDriver.java:182)
	at com.kms.katalon.core.webui.common.WebUiCommonHelper.findWebElements(WebUiCommonHelper.java:789)
	at com.kms.katalon.core.webui.common.WebUiCommonHelper.findWebElement(WebUiCommonHelper.java:1150)
	at com.kms.katalon.core.webui.keyword.internal.WebUIAbstractKeyword.findWebElement(WebUIAbstractKeyword.groovy:27)
	at com.kms.katalon.core.webui.keyword.internal.WebUIAbstractKeyword.findWebElement(WebUIAbstractKeyword.groovy:26)
	at com.kms.katalon.core.webui.keyword.builtin.ClickKeyword$_click_closure1.doCall(ClickKeyword.groovy:67)
	at com.kms.katalon.core.webui.keyword.builtin.ClickKeyword$_click_closure1.call(ClickKeyword.groovy)
	at com.kms.katalon.core.webui.keyword.internal.WebUIKeywordMain.runKeyword(WebUIKeywordMain.groovy:20)
	at com.kms.katalon.core.webui.keyword.builtin.ClickKeyword.click(ClickKeyword.groovy:76)
	at com.kms.katalon.core.webui.keyword.builtin.ClickKeyword.execute(ClickKeyword.groovy:43)
	at com.kms.katalon.core.keyword.internal.KeywordExecutor.executeKeywordForPlatform(KeywordExecutor.groovy:72)
	at com.kms.katalon.core.webui.keyword.WebUiBuiltInKeywords.click(WebUiBuiltInKeywords.groovy:616)
	at com.kms.katalon.core.webui.keyword.WebUiBuiltInKeywords$click$3.call(Unknown Source)
	at Script1591321863074.run(Script1591321863074.groovy:34)
	... 13 more
)

2020-06-05 16:50:05 - [MESSAGE][WARNING] - Cannot take screenshot

2020-06-05 16:50:05 - [MESSAGE][FAILED] - Unable to click on object 'Object Repository/1612567/25_CORS_Setting/Page_System Console - Mattermost/a_CORS' (Root cause: com.kms.katalon.core.exception.StepFailedException: Unable to click on object 'Object Repository/1612567/25_CORS_Setting/Page_System Console - Mattermost/a_CORS'
	at com.kms.katalon.core.webui.keyword.internal.WebUIKeywordMain.stepFailed(WebUIKeywordMain.groovy:64)
	at com.kms.katalon.core.webui.keyword.internal.WebUIKeywordMain.runKeyword(WebUIKeywordMain.groovy:26)
	at com.kms.katalon.core.webui.keyword.builtin.ClickKeyword.click(ClickKeyword.groovy:76)
	at com.kms.katalon.core.webui.keyword.builtin.ClickKeyword.execute(ClickKeyword.groovy:43)
	at com.kms.katalon.core.keyword.internal.KeywordExecutor.executeKeywordForPlatform(KeywordExecutor.groovy:72)
	at com.kms.katalon.core.webui.keyword.WebUiBuiltInKeywords.click(WebUiBuiltInKeywords.groovy:616)
	at com.kms.katalon.core.webui.keyword.WebUiBuiltInKeywords$click$3.call(Unknown Source)
	at 25_CORS_Setting.run(25_CORS_Setting:34)
	at com.kms.katalon.core.main.ScriptEngine.run(ScriptEngine.java:194)
	at com.kms.katalon.core.main.ScriptEngine.runScriptAsRawText(ScriptEngine.java:119)
	at com.kms.katalon.core.main.TestCaseExecutor.runScript(TestCaseExecutor.java:337)
	at com.kms.katalon.core.main.TestCaseExecutor.doExecute(TestCaseExecutor.java:328)
	at com.kms.katalon.core.main.TestCaseExecutor.processExecutionPhase(TestCaseExecutor.java:307)
	at com.kms.katalon.core.main.TestCaseExecutor.accessMainPhase(TestCaseExecutor.java:299)
	at com.kms.katalon.core.main.TestCaseExecutor.execute(TestCaseExecutor.java:233)
	at com.kms.katalon.core.main.TestSuiteExecutor.accessTestCaseMainPhase(TestSuiteExecutor.java:169)
	at com.kms.katalon.core.main.TestSuiteExecutor.accessTestSuiteMainPhase(TestSuiteExecutor.java:142)
	at com.kms.katalon.core.main.TestSuiteExecutor.execute(TestSuiteExecutor.java:91)
	at com.kms.katalon.core.main.TestCaseMain.startTestSuite(TestCaseMain.java:157)
	at com.kms.katalon.core.main.TestCaseMain$startTestSuite$0.call(Unknown Source)
	at TempTestSuite1591347278292.run(TempTestSuite1591347278292.groovy:37)
Caused by: org.openqa.selenium.WebDriverException: chrome not reachable
  (Session info: chrome=83.0.4103.97)
Build info: version: '3.141.59', revision: 'e82be7d358', time: '2018-11-14T08:25:53'
System info: host: 'DESKTOP-SGC4F2H', ip: '172.25.32.1', os.name: 'Windows 10', os.arch: 'amd64', os.version: '10.0', java.version: '1.8.0_181'
Driver info: com.kms.katalon.selenium.driver.CChromeDriver
Capabilities {acceptInsecureCerts: false, browserName: chrome, browserVersion: 83.0.4103.97, chrome: {chromedriverVersion: 83.0.4103.39 (ccbf011cb2d2b..., userDataDir: C:\Users\Thanh\AppData\Loca...}, goog:chromeOptions: {debuggerAddress: localhost:58056}, javascriptEnabled: true, networkConnectionEnabled: false, pageLoadStrategy: normal, platform: WINDOWS, platformName: WINDOWS, proxy: Proxy(), setWindowRect: true, strictFileInteractability: false, timeouts: {implicit: 0, pageLoad: 300000, script: 30000}, unhandledPromptBehavior: dismiss and notify, webauthn:virtualAuthenticators: true}
Session ID: 9a308a4b8b98f7421138ba1b2a94415d
*** Element info: {Using=xpath, value=//a[@id='integrations/cors']}
	at org.openqa.selenium.remote.http.W3CHttpResponseCodec.createException(W3CHttpResponseCodec.java:187)
	at org.openqa.selenium.remote.http.W3CHttpResponseCodec.decode(W3CHttpResponseCodec.java:122)
	at org.openqa.selenium.remote.http.W3CHttpResponseCodec.decode(W3CHttpResponseCodec.java:49)
	at org.openqa.selenium.remote.HttpCommandExecutor.execute(HttpCommandExecutor.java:158)
	at org.openqa.selenium.remote.service.DriverCommandExecutor.execute(DriverCommandExecutor.java:83)
	at org.openqa.selenium.remote.RemoteWebDriver.execute(RemoteWebDriver.java:552)
	at com.kms.katalon.selenium.driver.CChromeDriver.execute(CChromeDriver.java:19)
	at org.openqa.selenium.remote.RemoteWebDriver.findElements(RemoteWebDriver.java:353)
	at org.openqa.selenium.remote.RemoteWebDriver.findElementsByXPath(RemoteWebDriver.java:432)
	at org.openqa.selenium.By$ByXPath.findElements(By.java:348)
	at org.openqa.selenium.remote.RemoteWebDriver.findElements(RemoteWebDriver.java:311)
	at org.openqa.selenium.support.events.EventFiringWebDriver.lambda$new$1(EventFiringWebDriver.java:105)
	at com.sun.proxy.$Proxy8.findElements(Unknown Source)
	at org.openqa.selenium.support.events.EventFiringWebDriver.findElements(EventFiringWebDriver.java:182)
	at com.kms.katalon.core.webui.common.WebUiCommonHelper.findWebElements(WebUiCommonHelper.java:789)
	at com.kms.katalon.core.webui.common.WebUiCommonHelper.findWebElement(WebUiCommonHelper.java:1150)
	at com.kms.katalon.core.webui.keyword.internal.WebUIAbstractKeyword.findWebElement(WebUIAbstractKeyword.groovy:27)
	at com.kms.katalon.core.webui.keyword.internal.WebUIAbstractKeyword.findWebElement(WebUIAbstractKeyword.groovy:26)
	at com.kms.katalon.core.webui.keyword.builtin.ClickKeyword$_click_closure1.doCall(ClickKeyword.groovy:67)
	at com.kms.katalon.core.webui.keyword.builtin.ClickKeyword$_click_closure1.call(ClickKeyword.groovy)
	at com.kms.katalon.core.webui.keyword.internal.WebUIKeywordMain.runKeyword(WebUIKeywordMain.groovy:20)
	at com.kms.katalon.core.webui.keyword.builtin.ClickKeyword.click(ClickKeyword.groovy:76)
	at com.kms.katalon.core.webui.keyword.builtin.ClickKeyword.execute(ClickKeyword.groovy:43)
	at com.kms.katalon.core.keyword.internal.KeywordExecutor.executeKeywordForPlatform(KeywordExecutor.groovy:72)
	at com.kms.katalon.core.webui.keyword.WebUiBuiltInKeywords.click(WebUiBuiltInKeywords.groovy:616)
	at com.kms.katalon.core.webui.keyword.WebUiBuiltInKeywords$click$3.call(Unknown Source)
	at Script1591321863074.run(Script1591321863074.groovy:34)
	... 13 more
)]]></system-out>
         <system-err><![CDATA[2020-06-05 16:49:22 - [TEST_CASE][FAILED] - Test Cases/1612567/25_CORS_Setting: Test Cases/1612567/25_CORS_Setting FAILED.
Reason:
com.kms.katalon.core.exception.StepFailedException: Unable to click on object 'Object Repository/1612567/25_CORS_Setting/Page_System Console - Mattermost/a_CORS'
	at com.kms.katalon.core.webui.keyword.internal.WebUIKeywordMain.stepFailed(WebUIKeywordMain.groovy:64)
	at com.kms.katalon.core.webui.keyword.internal.WebUIKeywordMain.runKeyword(WebUIKeywordMain.groovy:26)
	at com.kms.katalon.core.webui.keyword.builtin.ClickKeyword.click(ClickKeyword.groovy:76)
	at com.kms.katalon.core.webui.keyword.builtin.ClickKeyword.execute(ClickKeyword.groovy:43)
	at com.kms.katalon.core.keyword.internal.KeywordExecutor.executeKeywordForPlatform(KeywordExecutor.groovy:72)
	at com.kms.katalon.core.webui.keyword.WebUiBuiltInKeywords.click(WebUiBuiltInKeywords.groovy:616)
	at com.kms.katalon.core.webui.keyword.WebUiBuiltInKeywords$click$3.call(Unknown Source)
	at 25_CORS_Setting.run(25_CORS_Setting:34)
	at com.kms.katalon.core.main.ScriptEngine.run(ScriptEngine.java:194)
	at com.kms.katalon.core.main.ScriptEngine.runScriptAsRawText(ScriptEngine.java:119)
	at com.kms.katalon.core.main.TestCaseExecutor.runScript(TestCaseExecutor.java:337)
	at com.kms.katalon.core.main.TestCaseExecutor.doExecute(TestCaseExecutor.java:328)
	at com.kms.katalon.core.main.TestCaseExecutor.processExecutionPhase(TestCaseExecutor.java:307)
	at com.kms.katalon.core.main.TestCaseExecutor.accessMainPhase(TestCaseExecutor.java:299)
	at com.kms.katalon.core.main.TestCaseExecutor.execute(TestCaseExecutor.java:233)
	at com.kms.katalon.core.main.TestSuiteExecutor.accessTestCaseMainPhase(TestSuiteExecutor.java:169)
	at com.kms.katalon.core.main.TestSuiteExecutor.accessTestSuiteMainPhase(TestSuiteExecutor.java:142)
	at com.kms.katalon.core.main.TestSuiteExecutor.execute(TestSuiteExecutor.java:91)
	at com.kms.katalon.core.main.TestCaseMain.startTestSuite(TestCaseMain.java:157)
	at com.kms.katalon.core.main.TestCaseMain$startTestSuite$0.call(Unknown Source)
	at TempTestSuite1591347278292.run(TempTestSuite1591347278292.groovy:37)
Caused by: org.openqa.selenium.WebDriverException: chrome not reachable
  (Session info: chrome=83.0.4103.97)
Build info: version: '3.141.59', revision: 'e82be7d358', time: '2018-11-14T08:25:53'
System info: host: 'DESKTOP-SGC4F2H', ip: '172.25.32.1', os.name: 'Windows 10', os.arch: 'amd64', os.version: '10.0', java.version: '1.8.0_181'
Driver info: com.kms.katalon.selenium.driver.CChromeDriver
Capabilities {acceptInsecureCerts: false, browserName: chrome, browserVersion: 83.0.4103.97, chrome: {chromedriverVersion: 83.0.4103.39 (ccbf011cb2d2b..., userDataDir: C:\Users\Thanh\AppData\Loca...}, goog:chromeOptions: {debuggerAddress: localhost:58056}, javascriptEnabled: true, networkConnectionEnabled: false, pageLoadStrategy: normal, platform: WINDOWS, platformName: WINDOWS, proxy: Proxy(), setWindowRect: true, strictFileInteractability: false, timeouts: {implicit: 0, pageLoad: 300000, script: 30000}, unhandledPromptBehavior: dismiss and notify, webauthn:virtualAuthenticators: true}
Session ID: 9a308a4b8b98f7421138ba1b2a94415d
*** Element info: {Using=xpath, value=//a[@id='integrations/cors']}
	at org.openqa.selenium.remote.http.W3CHttpResponseCodec.createException(W3CHttpResponseCodec.java:187)
	at org.openqa.selenium.remote.http.W3CHttpResponseCodec.decode(W3CHttpResponseCodec.java:122)
	at org.openqa.selenium.remote.http.W3CHttpResponseCodec.decode(W3CHttpResponseCodec.java:49)
	at org.openqa.selenium.remote.HttpCommandExecutor.execute(HttpCommandExecutor.java:158)
	at org.openqa.selenium.remote.service.DriverCommandExecutor.execute(DriverCommandExecutor.java:83)
	at org.openqa.selenium.remote.RemoteWebDriver.execute(RemoteWebDriver.java:552)
	at com.kms.katalon.selenium.driver.CChromeDriver.execute(CChromeDriver.java:19)
	at org.openqa.selenium.remote.RemoteWebDriver.findElements(RemoteWebDriver.java:353)
	at org.openqa.selenium.remote.RemoteWebDriver.findElementsByXPath(RemoteWebDriver.java:432)
	at org.openqa.selenium.By$ByXPath.findElements(By.java:348)
	at org.openqa.selenium.remote.RemoteWebDriver.findElements(RemoteWebDriver.java:311)
	at org.openqa.selenium.support.events.EventFiringWebDriver.lambda$new$1(EventFiringWebDriver.java:105)
	at com.sun.proxy.$Proxy8.findElements(Unknown Source)
	at org.openqa.selenium.support.events.EventFiringWebDriver.findElements(EventFiringWebDriver.java:182)
	at com.kms.katalon.core.webui.common.WebUiCommonHelper.findWebElements(WebUiCommonHelper.java:789)
	at com.kms.katalon.core.webui.common.WebUiCommonHelper.findWebElement(WebUiCommonHelper.java:1150)
	at com.kms.katalon.core.webui.keyword.internal.WebUIAbstractKeyword.findWebElement(WebUIAbstractKeyword.groovy:27)
	at com.kms.katalon.core.webui.keyword.internal.WebUIAbstractKeyword.findWebElement(WebUIAbstractKeyword.groovy:26)
	at com.kms.katalon.core.webui.keyword.builtin.ClickKeyword$_click_closure1.doCall(ClickKeyword.groovy:67)
	at com.kms.katalon.core.webui.keyword.builtin.ClickKeyword$_click_closure1.call(ClickKeyword.groovy)
	at com.kms.katalon.core.webui.keyword.internal.WebUIKeywordMain.runKeyword(WebUIKeywordMain.groovy:20)
	... 19 more]]></system-err>
      </testcase>
      <testcase name="Test Cases/1612567/26_Call_API_Login" time="2.2" classname="Test Cases/1612567/26_Call_API_Login" status="PASSED">
         <system-out><![CDATA[2020-06-05 16:50:05 - [TEST_CASE][PASSED] - Test Cases/1612567/26_Call_API_Login: Test Cases/1612567/26_Call_API_Login

2020-06-05 16:50:05 - [TEST_STEP][PASSED] - sendRequest(findTestObject("1612567/API TESTING/26_Call_API_Login")): Send request successfully

2020-06-05 16:50:07 - [MESSAGE][INFO] - HAR: C:\Users\Thanh\Desktop\github.com\New folder (2)\homeword02-mattermost-katalon\Reports\20200605_155438\Run all test cases\20200605_155438\requests\main\0.har

2020-06-05 16:50:07 - [MESSAGE][PASSED] - Send request successfully]]></system-out>
         <system-err><![CDATA[]]></system-err>
      </testcase>
      <testcase name="Test Cases/1612567/27_Call_API_Channels_Info" time="0.555" classname="Test Cases/1612567/27_Call_API_Channels_Info" status="PASSED">
         <system-out><![CDATA[2020-06-05 16:50:07 - [TEST_CASE][PASSED] - Test Cases/1612567/27_Call_API_Channels_Info: Test Cases/1612567/27_Call_API_Channels_Info

2020-06-05 16:50:07 - [TEST_STEP][PASSED] - sendRequest(findTestObject("1612567/API TESTING/27_Call_API_Channels_Info")): Send request successfully

2020-06-05 16:50:08 - [MESSAGE][INFO] - HAR: C:\Users\Thanh\Desktop\github.com\New folder (2)\homeword02-mattermost-katalon\Reports\20200605_155438\Run all test cases\20200605_155438\requests\main\1.har

2020-06-05 16:50:08 - [MESSAGE][PASSED] - Send request successfully]]></system-out>
         <system-err><![CDATA[]]></system-err>
      </testcase>
      <testcase name="Test Cases/1612567/28_Call_API_ChangeName" time="0.343" classname="Test Cases/1612567/28_Call_API_ChangeName" status="PASSED">
         <system-out><![CDATA[2020-06-05 16:50:08 - [TEST_CASE][PASSED] - Test Cases/1612567/28_Call_API_ChangeName: Test Cases/1612567/28_Call_API_ChangeName

2020-06-05 16:50:08 - [TEST_STEP][PASSED] - sendRequest(findTestObject("1612567/API TESTING/28_Call_API_ChangeName")): Send request successfully

2020-06-05 16:50:08 - [MESSAGE][INFO] - HAR: C:\Users\Thanh\Desktop\github.com\New folder (2)\homeword02-mattermost-katalon\Reports\20200605_155438\Run all test cases\20200605_155438\requests\main\2.har

2020-06-05 16:50:08 - [MESSAGE][PASSED] - Send request successfully]]></system-out>
         <system-err><![CDATA[]]></system-err>
      </testcase>
      <testcase name="Test Cases/1612567/29_Call_API_ResetPassword" time="0.386" classname="Test Cases/1612567/29_Call_API_ResetPassword" status="PASSED">
         <system-out><![CDATA[2020-06-05 16:50:08 - [TEST_CASE][PASSED] - Test Cases/1612567/29_Call_API_ResetPassword: Test Cases/1612567/29_Call_API_ResetPassword

2020-06-05 16:50:08 - [TEST_STEP][PASSED] - sendRequest(findTestObject("1612567/API TESTING/29_Call_API_ResetPassword")): Send request successfully

2020-06-05 16:50:08 - [MESSAGE][INFO] - HAR: C:\Users\Thanh\Desktop\github.com\New folder (2)\homeword02-mattermost-katalon\Reports\20200605_155438\Run all test cases\20200605_155438\requests\main\3.har

2020-06-05 16:50:08 - [MESSAGE][PASSED] - Send request successfully]]></system-out>
         <system-err><![CDATA[]]></system-err>
      </testcase>
      <testcase name="Test Cases/1612567/30_Call_API_Set_Permission" time="0.407" classname="Test Cases/1612567/30_Call_API_Set_Permission" status="PASSED">
         <system-out><![CDATA[2020-06-05 16:50:08 - [TEST_CASE][PASSED] - Test Cases/1612567/30_Call_API_Set_Permission: Test Cases/1612567/30_Call_API_Set_Permission

2020-06-05 16:50:09 - [TEST_STEP][PASSED] - sendRequest(findTestObject("1612567/API TESTING/30_Call_API_Set_Permission")): Send request successfully

2020-06-05 16:50:09 - [MESSAGE][INFO] - HAR: C:\Users\Thanh\Desktop\github.com\New folder (2)\homeword02-mattermost-katalon\Reports\20200605_155438\Run all test cases\20200605_155438\requests\main\4.har

2020-06-05 16:50:09 - [MESSAGE][PASSED] - Send request successfully]]></system-out>
         <system-err><![CDATA[]]></system-err>
      </testcase>
      <testcase name="Test Cases/1612567/31_Call_API_Search_User" time="0.358" classname="Test Cases/1612567/31_Call_API_Search_User" status="PASSED">
         <system-out><![CDATA[2020-06-05 16:50:09 - [TEST_CASE][PASSED] - Test Cases/1612567/31_Call_API_Search_User: Test Cases/1612567/31_Call_API_Search_User

2020-06-05 16:50:09 - [TEST_STEP][PASSED] - sendRequest(findTestObject("1612567/API TESTING/31_Call_API_Search_User")): Send request successfully

2020-06-05 16:50:09 - [MESSAGE][INFO] - HAR: C:\Users\Thanh\Desktop\github.com\New folder (2)\homeword02-mattermost-katalon\Reports\20200605_155438\Run all test cases\20200605_155438\requests\main\5.har

2020-06-05 16:50:09 - [MESSAGE][PASSED] - Send request successfully]]></system-out>
         <system-err><![CDATA[]]></system-err>
      </testcase>
      <testcase name="Test Cases/1612567/32_Call_API_Search_Tokens" time="0.385" classname="Test Cases/1612567/32_Call_API_Search_Tokens" status="PASSED">
         <system-out><![CDATA[2020-06-05 16:50:09 - [TEST_CASE][PASSED] - Test Cases/1612567/32_Call_API_Search_Tokens: Test Cases/1612567/32_Call_API_Search_Tokens

2020-06-05 16:50:09 - [TEST_STEP][PASSED] - sendRequest(findTestObject("1612567/API TESTING/32_Call_API_Search_Tokens")): Send request successfully

2020-06-05 16:50:10 - [MESSAGE][INFO] - HAR: C:\Users\Thanh\Desktop\github.com\New folder (2)\homeword02-mattermost-katalon\Reports\20200605_155438\Run all test cases\20200605_155438\requests\main\6.har

2020-06-05 16:50:10 - [MESSAGE][PASSED] - Send request successfully]]></system-out>
         <system-err><![CDATA[]]></system-err>
      </testcase>
      <testcase name="Test Cases/1612567/33_Call_API_Get_Jobs" time="0.367" classname="Test Cases/1612567/33_Call_API_Get_Jobs" status="PASSED">
         <system-out><![CDATA[2020-06-05 16:50:10 - [TEST_CASE][PASSED] - Test Cases/1612567/33_Call_API_Get_Jobs: Test Cases/1612567/33_Call_API_Get_Jobs

2020-06-05 16:50:10 - [TEST_STEP][PASSED] - sendRequest(findTestObject("1612567/API TESTING/33_Call_API_Get_Jobs")): Send request successfully

2020-06-05 16:50:10 - [MESSAGE][INFO] - HAR: C:\Users\Thanh\Desktop\github.com\New folder (2)\homeword02-mattermost-katalon\Reports\20200605_155438\Run all test cases\20200605_155438\requests\main\7.har

2020-06-05 16:50:10 - [MESSAGE][PASSED] - Send request successfully]]></system-out>
         <system-err><![CDATA[]]></system-err>
      </testcase>
      <testcase name="Test Cases/1612567/34_Call_API_Create_Job_By_Type" time="0.331" classname="Test Cases/1612567/34_Call_API_Create_Job_By_Type" status="PASSED">
         <system-out><![CDATA[2020-06-05 16:50:10 - [TEST_CASE][PASSED] - Test Cases/1612567/34_Call_API_Create_Job_By_Type: Test Cases/1612567/34_Call_API_Create_Job_By_Type

2020-06-05 16:50:10 - [TEST_STEP][PASSED] - sendRequest(findTestObject("1612567/API TESTING/33_Call_API_Get_Jobs")): Send request successfully

2020-06-05 16:50:10 - [MESSAGE][INFO] - HAR: C:\Users\Thanh\Desktop\github.com\New folder (2)\homeword02-mattermost-katalon\Reports\20200605_155438\Run all test cases\20200605_155438\requests\main\8.har

2020-06-05 16:50:10 - [MESSAGE][PASSED] - Send request successfully]]></system-out>
         <system-err><![CDATA[]]></system-err>
      </testcase>
      <testcase name="Test Cases/1612567/35_Call_API_Cancel_Job" time="0.428" classname="Test Cases/1612567/35_Call_API_Cancel_Job" status="PASSED">
         <system-out><![CDATA[2020-06-05 16:50:10 - [TEST_CASE][PASSED] - Test Cases/1612567/35_Call_API_Cancel_Job: Test Cases/1612567/35_Call_API_Cancel_Job

2020-06-05 16:50:11 - [TEST_STEP][PASSED] - sendRequest(findTestObject("1612567/API TESTING/33_Call_API_Get_Jobs")): Send request successfully

2020-06-05 16:50:11 - [MESSAGE][INFO] - HAR: C:\Users\Thanh\Desktop\github.com\New folder (2)\homeword02-mattermost-katalon\Reports\20200605_155438\Run all test cases\20200605_155438\requests\main\9.har

2020-06-05 16:50:11 - [MESSAGE][PASSED] - Send request successfully]]></system-out>
         <system-err><![CDATA[]]></system-err>
      </testcase>
      <testcase name="Test Cases/1612893/TC_36_Edit_UserName" time="19.387" classname="Test Cases/1612893/TC_36_Edit_UserName" status="PASSED">
         <system-out><![CDATA[2020-06-05 16:50:11 - [TEST_CASE][PASSED] - Test Cases/1612893/TC_36_Edit_UserName: Test Cases/1612893/TC_36_Edit_UserName

2020-06-05 16:50:11 - [TEST_STEP][PASSED] - openBrowser(""): Browser is opened with url: ''

2020-06-05 16:50:11 - [MESSAGE][WARNING] - A browser is already opened. Closing browser and opening a new one

2020-06-05 16:50:12 - [MESSAGE][INFO] - Starting 'Chrome' driver

2020-06-05 16:50:12 - [MESSAGE][INFO] - Action delay is set to 0 milliseconds

2020-06-05 16:50:15 - [MESSAGE][PASSED] - Browser is opened with url: ''

2020-06-05 16:50:15 - [TEST_STEP][PASSED] - navigateToUrl("http://localhost:8065/login"): Navigate to 'http://localhost:8065/login' successfully

2020-06-05 16:50:17 - [MESSAGE][PASSED] - Navigate to 'http://localhost:8065/login' successfully

2020-06-05 16:50:17 - [TEST_STEP][PASSED] - setText(findTestObject("Object Repository/1612893/36_Edit_UserName/Page_Mattermost/input_All team communication in one place s_703ef5"), "hcmus-cdnc@gmail.com"): Text 'hcmus-cdnc@gmail.com' is set on object 'Object Repository/1612893/36_Edit_UserName/Page_Mattermost/input_All team communication in one place s_703ef5'

2020-06-05 16:50:19 - [MESSAGE][PASSED] - Text 'hcmus-cdnc@gmail.com' is set on object 'Object Repository/1612893/36_Edit_UserName/Page_Mattermost/input_All team communication in one place s_703ef5'

2020-06-05 16:50:19 - [TEST_STEP][PASSED] - setEncryptedText(findTestObject("Object Repository/1612893/36_Edit_UserName/Page_Mattermost/input_All team communication in one place s_2f2733"), "aeHFOx8jV/A="): Text ****** has been set on object 'Object Repository/1612893/36_Edit_UserName/Page_Mattermost/input_All team communication in one place s_2f2733'

2020-06-05 16:50:20 - [MESSAGE][PASSED] - Text ****** has been set on object 'Object Repository/1612893/36_Edit_UserName/Page_Mattermost/input_All team communication in one place s_2f2733'

2020-06-05 16:50:20 - [TEST_STEP][PASSED] - click(findTestObject("Object Repository/1612893/36_Edit_UserName/Page_Mattermost/span_Sign in")): Object: 'Object Repository/1612893/36_Edit_UserName/Page_Mattermost/span_Sign in' is clicked on

2020-06-05 16:50:20 - [MESSAGE][PASSED] - Object: 'Object Repository/1612893/36_Edit_UserName/Page_Mattermost/span_Sign in' is clicked on

2020-06-05 16:50:20 - [TEST_STEP][PASSED] - click(findTestObject("Object Repository/1612893/36_Edit_UserName/Page_Thanh set Channel name - hcmus-cdnc-te_a699a0/span")): Object: 'Object Repository/1612893/36_Edit_UserName/Page_Thanh set Channel name - hcmus-cdnc-te_a699a0/span' is clicked on

2020-06-05 16:50:24 - [MESSAGE][PASSED] - Object: 'Object Repository/1612893/36_Edit_UserName/Page_Thanh set Channel name - hcmus-cdnc-te_a699a0/span' is clicked on

2020-06-05 16:50:24 - [TEST_STEP][PASSED] - click(findTestObject("Object Repository/1612893/36_Edit_UserName/Page_Thanh set Channel name - hcmus-cdnc-te_a699a0/span_Account Settings")): Object: 'Object Repository/1612893/36_Edit_UserName/Page_Thanh set Channel name - hcmus-cdnc-te_a699a0/span_Account Settings' is clicked on

2020-06-05 16:50:26 - [MESSAGE][PASSED] - Object: 'Object Repository/1612893/36_Edit_UserName/Page_Thanh set Channel name - hcmus-cdnc-te_a699a0/span_Account Settings' is clicked on

2020-06-05 16:50:26 - [TEST_STEP][PASSED] - click(findTestObject("Object Repository/1612893/36_Edit_UserName/Page_Thanh set Channel name - hcmus-cdnc-te_a699a0/span_Edit")): Object: 'Object Repository/1612893/36_Edit_UserName/Page_Thanh set Channel name - hcmus-cdnc-te_a699a0/span_Edit' is clicked on

2020-06-05 16:50:26 - [MESSAGE][PASSED] - Object: 'Object Repository/1612893/36_Edit_UserName/Page_Thanh set Channel name - hcmus-cdnc-te_a699a0/span_Edit' is clicked on

2020-06-05 16:50:26 - [TEST_STEP][PASSED] - setText(findTestObject("Object Repository/1612893/36_Edit_UserName/Page_Thanh set Channel name - hcmus-cdnc-te_a699a0/input_Username_username"), userName): Text 'tung' is set on object 'Object Repository/1612893/36_Edit_UserName/Page_Thanh set Channel name - hcmus-cdnc-te_a699a0/input_Username_username'

2020-06-05 16:50:27 - [MESSAGE][PASSED] - Text 'tung' is set on object 'Object Repository/1612893/36_Edit_UserName/Page_Thanh set Channel name - hcmus-cdnc-te_a699a0/input_Username_username'

2020-06-05 16:50:27 - [TEST_STEP][PASSED] - click(findTestObject("Object Repository/1612893/36_Edit_UserName/Page_Thanh set Channel name - hcmus-cdnc-te_a699a0/span_Save")): Object: 'Object Repository/1612893/36_Edit_UserName/Page_Thanh set Channel name - hcmus-cdnc-te_a699a0/span_Save' is clicked on

2020-06-05 16:50:28 - [MESSAGE][PASSED] - Object: 'Object Repository/1612893/36_Edit_UserName/Page_Thanh set Channel name - hcmus-cdnc-te_a699a0/span_Save' is clicked on

2020-06-05 16:50:28 - [TEST_STEP][PASSED] - click(findTestObject("Object Repository/1612893/36_Edit_UserName/Page_Thanh set Channel name - hcmus-cdnc-te_a699a0/span_")): Object: 'Object Repository/1612893/36_Edit_UserName/Page_Thanh set Channel name - hcmus-cdnc-te_a699a0/span_' is clicked on

2020-06-05 16:50:29 - [MESSAGE][PASSED] - Object: 'Object Repository/1612893/36_Edit_UserName/Page_Thanh set Channel name - hcmus-cdnc-te_a699a0/span_' is clicked on

2020-06-05 16:50:29 - [TEST_STEP][PASSED] - closeBrowser(): Browser is closed

2020-06-05 16:50:30 - [MESSAGE][PASSED] - Browser is closed]]></system-out>
         <system-err><![CDATA[]]></system-err>
      </testcase>
      <testcase name="Test Cases/1612893/TC_36_Edit_UserName" time="19.905" classname="Test Cases/1612893/TC_36_Edit_UserName" status="PASSED">
         <system-out><![CDATA[2020-06-05 16:50:30 - [TEST_CASE][PASSED] - Test Cases/1612893/TC_36_Edit_UserName: Test Cases/1612893/TC_36_Edit_UserName

2020-06-05 16:50:30 - [TEST_STEP][PASSED] - openBrowser(""): Browser is opened with url: ''

2020-06-05 16:50:30 - [MESSAGE][INFO] - Starting 'Chrome' driver

2020-06-05 16:50:30 - [MESSAGE][INFO] - Action delay is set to 0 milliseconds

2020-06-05 16:50:34 - [MESSAGE][PASSED] - Browser is opened with url: ''

2020-06-05 16:50:34 - [TEST_STEP][PASSED] - navigateToUrl("http://localhost:8065/login"): Navigate to 'http://localhost:8065/login' successfully

2020-06-05 16:50:36 - [MESSAGE][PASSED] - Navigate to 'http://localhost:8065/login' successfully

2020-06-05 16:50:36 - [TEST_STEP][PASSED] - setText(findTestObject("Object Repository/1612893/36_Edit_UserName/Page_Mattermost/input_All team communication in one place s_703ef5"), "hcmus-cdnc@gmail.com"): Text 'hcmus-cdnc@gmail.com' is set on object 'Object Repository/1612893/36_Edit_UserName/Page_Mattermost/input_All team communication in one place s_703ef5'

2020-06-05 16:50:38 - [MESSAGE][PASSED] - Text 'hcmus-cdnc@gmail.com' is set on object 'Object Repository/1612893/36_Edit_UserName/Page_Mattermost/input_All team communication in one place s_703ef5'

2020-06-05 16:50:38 - [TEST_STEP][PASSED] - setEncryptedText(findTestObject("Object Repository/1612893/36_Edit_UserName/Page_Mattermost/input_All team communication in one place s_2f2733"), "aeHFOx8jV/A="): Text ****** has been set on object 'Object Repository/1612893/36_Edit_UserName/Page_Mattermost/input_All team communication in one place s_2f2733'

2020-06-05 16:50:39 - [MESSAGE][PASSED] - Text ****** has been set on object 'Object Repository/1612893/36_Edit_UserName/Page_Mattermost/input_All team communication in one place s_2f2733'

2020-06-05 16:50:39 - [TEST_STEP][PASSED] - click(findTestObject("Object Repository/1612893/36_Edit_UserName/Page_Mattermost/span_Sign in")): Object: 'Object Repository/1612893/36_Edit_UserName/Page_Mattermost/span_Sign in' is clicked on

2020-06-05 16:50:40 - [MESSAGE][PASSED] - Object: 'Object Repository/1612893/36_Edit_UserName/Page_Mattermost/span_Sign in' is clicked on

2020-06-05 16:50:40 - [TEST_STEP][PASSED] - click(findTestObject("Object Repository/1612893/36_Edit_UserName/Page_Thanh set Channel name - hcmus-cdnc-te_a699a0/span")): Object: 'Object Repository/1612893/36_Edit_UserName/Page_Thanh set Channel name - hcmus-cdnc-te_a699a0/span' is clicked on

2020-06-05 16:50:44 - [MESSAGE][PASSED] - Object: 'Object Repository/1612893/36_Edit_UserName/Page_Thanh set Channel name - hcmus-cdnc-te_a699a0/span' is clicked on

2020-06-05 16:50:44 - [TEST_STEP][PASSED] - click(findTestObject("Object Repository/1612893/36_Edit_UserName/Page_Thanh set Channel name - hcmus-cdnc-te_a699a0/span_Account Settings")): Object: 'Object Repository/1612893/36_Edit_UserName/Page_Thanh set Channel name - hcmus-cdnc-te_a699a0/span_Account Settings' is clicked on

2020-06-05 16:50:46 - [MESSAGE][PASSED] - Object: 'Object Repository/1612893/36_Edit_UserName/Page_Thanh set Channel name - hcmus-cdnc-te_a699a0/span_Account Settings' is clicked on

2020-06-05 16:50:46 - [TEST_STEP][PASSED] - click(findTestObject("Object Repository/1612893/36_Edit_UserName/Page_Thanh set Channel name - hcmus-cdnc-te_a699a0/span_Edit")): Object: 'Object Repository/1612893/36_Edit_UserName/Page_Thanh set Channel name - hcmus-cdnc-te_a699a0/span_Edit' is clicked on

2020-06-05 16:50:47 - [MESSAGE][PASSED] - Object: 'Object Repository/1612893/36_Edit_UserName/Page_Thanh set Channel name - hcmus-cdnc-te_a699a0/span_Edit' is clicked on

2020-06-05 16:50:47 - [TEST_STEP][PASSED] - setText(findTestObject("Object Repository/1612893/36_Edit_UserName/Page_Thanh set Channel name - hcmus-cdnc-te_a699a0/input_Username_username"), userName): Text 'mai' is set on object 'Object Repository/1612893/36_Edit_UserName/Page_Thanh set Channel name - hcmus-cdnc-te_a699a0/input_Username_username'

2020-06-05 16:50:48 - [MESSAGE][PASSED] - Text 'mai' is set on object 'Object Repository/1612893/36_Edit_UserName/Page_Thanh set Channel name - hcmus-cdnc-te_a699a0/input_Username_username'

2020-06-05 16:50:48 - [TEST_STEP][PASSED] - click(findTestObject("Object Repository/1612893/36_Edit_UserName/Page_Thanh set Channel name - hcmus-cdnc-te_a699a0/span_Save")): Object: 'Object Repository/1612893/36_Edit_UserName/Page_Thanh set Channel name - hcmus-cdnc-te_a699a0/span_Save' is clicked on

2020-06-05 16:50:48 - [MESSAGE][PASSED] - Object: 'Object Repository/1612893/36_Edit_UserName/Page_Thanh set Channel name - hcmus-cdnc-te_a699a0/span_Save' is clicked on

2020-06-05 16:50:48 - [TEST_STEP][PASSED] - click(findTestObject("Object Repository/1612893/36_Edit_UserName/Page_Thanh set Channel name - hcmus-cdnc-te_a699a0/span_")): Object: 'Object Repository/1612893/36_Edit_UserName/Page_Thanh set Channel name - hcmus-cdnc-te_a699a0/span_' is clicked on

2020-06-05 16:50:49 - [MESSAGE][PASSED] - Object: 'Object Repository/1612893/36_Edit_UserName/Page_Thanh set Channel name - hcmus-cdnc-te_a699a0/span_' is clicked on

2020-06-05 16:50:49 - [TEST_STEP][PASSED] - closeBrowser(): Browser is closed

2020-06-05 16:50:50 - [MESSAGE][PASSED] - Browser is closed]]></system-out>
         <system-err><![CDATA[]]></system-err>
      </testcase>
      <testcase name="Test Cases/1612893/TC_36_Edit_UserName" time="19.746" classname="Test Cases/1612893/TC_36_Edit_UserName" status="PASSED">
         <system-out><![CDATA[2020-06-05 16:50:50 - [TEST_CASE][PASSED] - Test Cases/1612893/TC_36_Edit_UserName: Test Cases/1612893/TC_36_Edit_UserName

2020-06-05 16:50:50 - [TEST_STEP][PASSED] - openBrowser(""): Browser is opened with url: ''

2020-06-05 16:50:50 - [MESSAGE][INFO] - Starting 'Chrome' driver

2020-06-05 16:50:50 - [MESSAGE][INFO] - Action delay is set to 0 milliseconds

2020-06-05 16:50:54 - [MESSAGE][PASSED] - Browser is opened with url: ''

2020-06-05 16:50:54 - [TEST_STEP][PASSED] - navigateToUrl("http://localhost:8065/login"): Navigate to 'http://localhost:8065/login' successfully

2020-06-05 16:50:55 - [MESSAGE][PASSED] - Navigate to 'http://localhost:8065/login' successfully

2020-06-05 16:50:55 - [TEST_STEP][PASSED] - setText(findTestObject("Object Repository/1612893/36_Edit_UserName/Page_Mattermost/input_All team communication in one place s_703ef5"), "hcmus-cdnc@gmail.com"): Text 'hcmus-cdnc@gmail.com' is set on object 'Object Repository/1612893/36_Edit_UserName/Page_Mattermost/input_All team communication in one place s_703ef5'

2020-06-05 16:50:58 - [MESSAGE][PASSED] - Text 'hcmus-cdnc@gmail.com' is set on object 'Object Repository/1612893/36_Edit_UserName/Page_Mattermost/input_All team communication in one place s_703ef5'

2020-06-05 16:50:58 - [TEST_STEP][PASSED] - setEncryptedText(findTestObject("Object Repository/1612893/36_Edit_UserName/Page_Mattermost/input_All team communication in one place s_2f2733"), "aeHFOx8jV/A="): Text ****** has been set on object 'Object Repository/1612893/36_Edit_UserName/Page_Mattermost/input_All team communication in one place s_2f2733'

2020-06-05 16:50:58 - [MESSAGE][PASSED] - Text ****** has been set on object 'Object Repository/1612893/36_Edit_UserName/Page_Mattermost/input_All team communication in one place s_2f2733'

2020-06-05 16:50:58 - [TEST_STEP][PASSED] - click(findTestObject("Object Repository/1612893/36_Edit_UserName/Page_Mattermost/span_Sign in")): Object: 'Object Repository/1612893/36_Edit_UserName/Page_Mattermost/span_Sign in' is clicked on

2020-06-05 16:50:59 - [MESSAGE][PASSED] - Object: 'Object Repository/1612893/36_Edit_UserName/Page_Mattermost/span_Sign in' is clicked on

2020-06-05 16:50:59 - [TEST_STEP][PASSED] - click(findTestObject("Object Repository/1612893/36_Edit_UserName/Page_Thanh set Channel name - hcmus-cdnc-te_a699a0/span")): Object: 'Object Repository/1612893/36_Edit_UserName/Page_Thanh set Channel name - hcmus-cdnc-te_a699a0/span' is clicked on

2020-06-05 16:51:04 - [MESSAGE][PASSED] - Object: 'Object Repository/1612893/36_Edit_UserName/Page_Thanh set Channel name - hcmus-cdnc-te_a699a0/span' is clicked on

2020-06-05 16:51:04 - [TEST_STEP][PASSED] - click(findTestObject("Object Repository/1612893/36_Edit_UserName/Page_Thanh set Channel name - hcmus-cdnc-te_a699a0/span_Account Settings")): Object: 'Object Repository/1612893/36_Edit_UserName/Page_Thanh set Channel name - hcmus-cdnc-te_a699a0/span_Account Settings' is clicked on

2020-06-05 16:51:05 - [MESSAGE][PASSED] - Object: 'Object Repository/1612893/36_Edit_UserName/Page_Thanh set Channel name - hcmus-cdnc-te_a699a0/span_Account Settings' is clicked on

2020-06-05 16:51:05 - [TEST_STEP][PASSED] - click(findTestObject("Object Repository/1612893/36_Edit_UserName/Page_Thanh set Channel name - hcmus-cdnc-te_a699a0/span_Edit")): Object: 'Object Repository/1612893/36_Edit_UserName/Page_Thanh set Channel name - hcmus-cdnc-te_a699a0/span_Edit' is clicked on

2020-06-05 16:51:06 - [MESSAGE][PASSED] - Object: 'Object Repository/1612893/36_Edit_UserName/Page_Thanh set Channel name - hcmus-cdnc-te_a699a0/span_Edit' is clicked on

2020-06-05 16:51:06 - [TEST_STEP][PASSED] - setText(findTestObject("Object Repository/1612893/36_Edit_UserName/Page_Thanh set Channel name - hcmus-cdnc-te_a699a0/input_Username_username"), userName): Text 'lan' is set on object 'Object Repository/1612893/36_Edit_UserName/Page_Thanh set Channel name - hcmus-cdnc-te_a699a0/input_Username_username'

2020-06-05 16:51:07 - [MESSAGE][PASSED] - Text 'lan' is set on object 'Object Repository/1612893/36_Edit_UserName/Page_Thanh set Channel name - hcmus-cdnc-te_a699a0/input_Username_username'

2020-06-05 16:51:07 - [TEST_STEP][PASSED] - click(findTestObject("Object Repository/1612893/36_Edit_UserName/Page_Thanh set Channel name - hcmus-cdnc-te_a699a0/span_Save")): Object: 'Object Repository/1612893/36_Edit_UserName/Page_Thanh set Channel name - hcmus-cdnc-te_a699a0/span_Save' is clicked on

2020-06-05 16:51:08 - [MESSAGE][PASSED] - Object: 'Object Repository/1612893/36_Edit_UserName/Page_Thanh set Channel name - hcmus-cdnc-te_a699a0/span_Save' is clicked on

2020-06-05 16:51:08 - [TEST_STEP][PASSED] - click(findTestObject("Object Repository/1612893/36_Edit_UserName/Page_Thanh set Channel name - hcmus-cdnc-te_a699a0/span_")): Object: 'Object Repository/1612893/36_Edit_UserName/Page_Thanh set Channel name - hcmus-cdnc-te_a699a0/span_' is clicked on

2020-06-05 16:51:09 - [MESSAGE][PASSED] - Object: 'Object Repository/1612893/36_Edit_UserName/Page_Thanh set Channel name - hcmus-cdnc-te_a699a0/span_' is clicked on

2020-06-05 16:51:09 - [TEST_STEP][PASSED] - closeBrowser(): Browser is closed

2020-06-05 16:51:10 - [MESSAGE][PASSED] - Browser is closed]]></system-out>
         <system-err><![CDATA[]]></system-err>
      </testcase>
      <testcase name="Test Cases/1612893/TC_36_Edit_UserName" time="24.717" classname="Test Cases/1612893/TC_36_Edit_UserName" status="PASSED">
         <system-out><![CDATA[2020-06-05 16:51:10 - [TEST_CASE][PASSED] - Test Cases/1612893/TC_36_Edit_UserName: Test Cases/1612893/TC_36_Edit_UserName

2020-06-05 16:51:10 - [TEST_STEP][PASSED] - openBrowser(""): Browser is opened with url: ''

2020-06-05 16:51:10 - [MESSAGE][INFO] - Starting 'Chrome' driver

2020-06-05 16:51:10 - [MESSAGE][INFO] - Action delay is set to 0 milliseconds

2020-06-05 16:51:15 - [MESSAGE][PASSED] - Browser is opened with url: ''

2020-06-05 16:51:15 - [TEST_STEP][PASSED] - navigateToUrl("http://localhost:8065/login"): Navigate to 'http://localhost:8065/login' successfully

2020-06-05 16:51:18 - [MESSAGE][PASSED] - Navigate to 'http://localhost:8065/login' successfully

2020-06-05 16:51:18 - [TEST_STEP][PASSED] - setText(findTestObject("Object Repository/1612893/36_Edit_UserName/Page_Mattermost/input_All team communication in one place s_703ef5"), "hcmus-cdnc@gmail.com"): Text 'hcmus-cdnc@gmail.com' is set on object 'Object Repository/1612893/36_Edit_UserName/Page_Mattermost/input_All team communication in one place s_703ef5'

2020-06-05 16:51:22 - [MESSAGE][PASSED] - Text 'hcmus-cdnc@gmail.com' is set on object 'Object Repository/1612893/36_Edit_UserName/Page_Mattermost/input_All team communication in one place s_703ef5'

2020-06-05 16:51:22 - [TEST_STEP][PASSED] - setEncryptedText(findTestObject("Object Repository/1612893/36_Edit_UserName/Page_Mattermost/input_All team communication in one place s_2f2733"), "aeHFOx8jV/A="): Text ****** has been set on object 'Object Repository/1612893/36_Edit_UserName/Page_Mattermost/input_All team communication in one place s_2f2733'

2020-06-05 16:51:22 - [MESSAGE][PASSED] - Text ****** has been set on object 'Object Repository/1612893/36_Edit_UserName/Page_Mattermost/input_All team communication in one place s_2f2733'

2020-06-05 16:51:22 - [TEST_STEP][PASSED] - click(findTestObject("Object Repository/1612893/36_Edit_UserName/Page_Mattermost/span_Sign in")): Object: 'Object Repository/1612893/36_Edit_UserName/Page_Mattermost/span_Sign in' is clicked on

2020-06-05 16:51:23 - [MESSAGE][PASSED] - Object: 'Object Repository/1612893/36_Edit_UserName/Page_Mattermost/span_Sign in' is clicked on

2020-06-05 16:51:23 - [TEST_STEP][PASSED] - click(findTestObject("Object Repository/1612893/36_Edit_UserName/Page_Thanh set Channel name - hcmus-cdnc-te_a699a0/span")): Object: 'Object Repository/1612893/36_Edit_UserName/Page_Thanh set Channel name - hcmus-cdnc-te_a699a0/span' is clicked on

2020-06-05 16:51:28 - [MESSAGE][PASSED] - Object: 'Object Repository/1612893/36_Edit_UserName/Page_Thanh set Channel name - hcmus-cdnc-te_a699a0/span' is clicked on

2020-06-05 16:51:28 - [TEST_STEP][PASSED] - click(findTestObject("Object Repository/1612893/36_Edit_UserName/Page_Thanh set Channel name - hcmus-cdnc-te_a699a0/span_Account Settings")): Object: 'Object Repository/1612893/36_Edit_UserName/Page_Thanh set Channel name - hcmus-cdnc-te_a699a0/span_Account Settings' is clicked on

2020-06-05 16:51:29 - [MESSAGE][PASSED] - Object: 'Object Repository/1612893/36_Edit_UserName/Page_Thanh set Channel name - hcmus-cdnc-te_a699a0/span_Account Settings' is clicked on

2020-06-05 16:51:29 - [TEST_STEP][PASSED] - click(findTestObject("Object Repository/1612893/36_Edit_UserName/Page_Thanh set Channel name - hcmus-cdnc-te_a699a0/span_Edit")): Object: 'Object Repository/1612893/36_Edit_UserName/Page_Thanh set Channel name - hcmus-cdnc-te_a699a0/span_Edit' is clicked on

2020-06-05 16:51:30 - [MESSAGE][PASSED] - Object: 'Object Repository/1612893/36_Edit_UserName/Page_Thanh set Channel name - hcmus-cdnc-te_a699a0/span_Edit' is clicked on

2020-06-05 16:51:30 - [TEST_STEP][PASSED] - setText(findTestObject("Object Repository/1612893/36_Edit_UserName/Page_Thanh set Channel name - hcmus-cdnc-te_a699a0/input_Username_username"), userName): Text 'truc' is set on object 'Object Repository/1612893/36_Edit_UserName/Page_Thanh set Channel name - hcmus-cdnc-te_a699a0/input_Username_username'

2020-06-05 16:51:32 - [MESSAGE][PASSED] - Text 'truc' is set on object 'Object Repository/1612893/36_Edit_UserName/Page_Thanh set Channel name - hcmus-cdnc-te_a699a0/input_Username_username'

2020-06-05 16:51:32 - [TEST_STEP][PASSED] - click(findTestObject("Object Repository/1612893/36_Edit_UserName/Page_Thanh set Channel name - hcmus-cdnc-te_a699a0/span_Save")): Object: 'Object Repository/1612893/36_Edit_UserName/Page_Thanh set Channel name - hcmus-cdnc-te_a699a0/span_Save' is clicked on

2020-06-05 16:51:33 - [MESSAGE][PASSED] - Object: 'Object Repository/1612893/36_Edit_UserName/Page_Thanh set Channel name - hcmus-cdnc-te_a699a0/span_Save' is clicked on

2020-06-05 16:51:33 - [TEST_STEP][PASSED] - click(findTestObject("Object Repository/1612893/36_Edit_UserName/Page_Thanh set Channel name - hcmus-cdnc-te_a699a0/span_")): Object: 'Object Repository/1612893/36_Edit_UserName/Page_Thanh set Channel name - hcmus-cdnc-te_a699a0/span_' is clicked on

2020-06-05 16:51:34 - [MESSAGE][PASSED] - Object: 'Object Repository/1612893/36_Edit_UserName/Page_Thanh set Channel name - hcmus-cdnc-te_a699a0/span_' is clicked on

2020-06-05 16:51:34 - [TEST_STEP][PASSED] - closeBrowser(): Browser is closed

2020-06-05 16:51:34 - [MESSAGE][PASSED] - Browser is closed]]></system-out>
         <system-err><![CDATA[]]></system-err>
      </testcase>
      <testcase name="Test Cases/1612893/TC_36_Edit_UserName" time="29.494" classname="Test Cases/1612893/TC_36_Edit_UserName" status="PASSED">
         <system-out><![CDATA[2020-06-05 16:51:35 - [TEST_CASE][PASSED] - Test Cases/1612893/TC_36_Edit_UserName: Test Cases/1612893/TC_36_Edit_UserName

2020-06-05 16:51:35 - [TEST_STEP][PASSED] - openBrowser(""): Browser is opened with url: ''

2020-06-05 16:51:35 - [MESSAGE][INFO] - Starting 'Chrome' driver

2020-06-05 16:51:35 - [MESSAGE][INFO] - Action delay is set to 0 milliseconds

2020-06-05 16:51:49 - [MESSAGE][PASSED] - Browser is opened with url: ''

2020-06-05 16:51:49 - [TEST_STEP][PASSED] - navigateToUrl("http://localhost:8065/login"): Navigate to 'http://localhost:8065/login' successfully

2020-06-05 16:51:51 - [MESSAGE][PASSED] - Navigate to 'http://localhost:8065/login' successfully

2020-06-05 16:51:51 - [TEST_STEP][PASSED] - setText(findTestObject("Object Repository/1612893/36_Edit_UserName/Page_Mattermost/input_All team communication in one place s_703ef5"), "hcmus-cdnc@gmail.com"): Text 'hcmus-cdnc@gmail.com' is set on object 'Object Repository/1612893/36_Edit_UserName/Page_Mattermost/input_All team communication in one place s_703ef5'

2020-06-05 16:51:53 - [MESSAGE][PASSED] - Text 'hcmus-cdnc@gmail.com' is set on object 'Object Repository/1612893/36_Edit_UserName/Page_Mattermost/input_All team communication in one place s_703ef5'

2020-06-05 16:51:53 - [TEST_STEP][PASSED] - setEncryptedText(findTestObject("Object Repository/1612893/36_Edit_UserName/Page_Mattermost/input_All team communication in one place s_2f2733"), "aeHFOx8jV/A="): Text ****** has been set on object 'Object Repository/1612893/36_Edit_UserName/Page_Mattermost/input_All team communication in one place s_2f2733'

2020-06-05 16:51:54 - [MESSAGE][PASSED] - Text ****** has been set on object 'Object Repository/1612893/36_Edit_UserName/Page_Mattermost/input_All team communication in one place s_2f2733'

2020-06-05 16:51:54 - [TEST_STEP][PASSED] - click(findTestObject("Object Repository/1612893/36_Edit_UserName/Page_Mattermost/span_Sign in")): Object: 'Object Repository/1612893/36_Edit_UserName/Page_Mattermost/span_Sign in' is clicked on

2020-06-05 16:51:54 - [MESSAGE][PASSED] - Object: 'Object Repository/1612893/36_Edit_UserName/Page_Mattermost/span_Sign in' is clicked on

2020-06-05 16:51:54 - [TEST_STEP][PASSED] - click(findTestObject("Object Repository/1612893/36_Edit_UserName/Page_Thanh set Channel name - hcmus-cdnc-te_a699a0/span")): Object: 'Object Repository/1612893/36_Edit_UserName/Page_Thanh set Channel name - hcmus-cdnc-te_a699a0/span' is clicked on

2020-06-05 16:51:58 - [MESSAGE][PASSED] - Object: 'Object Repository/1612893/36_Edit_UserName/Page_Thanh set Channel name - hcmus-cdnc-te_a699a0/span' is clicked on

2020-06-05 16:51:58 - [TEST_STEP][PASSED] - click(findTestObject("Object Repository/1612893/36_Edit_UserName/Page_Thanh set Channel name - hcmus-cdnc-te_a699a0/span_Account Settings")): Object: 'Object Repository/1612893/36_Edit_UserName/Page_Thanh set Channel name - hcmus-cdnc-te_a699a0/span_Account Settings' is clicked on

2020-06-05 16:51:59 - [MESSAGE][PASSED] - Object: 'Object Repository/1612893/36_Edit_UserName/Page_Thanh set Channel name - hcmus-cdnc-te_a699a0/span_Account Settings' is clicked on

2020-06-05 16:51:59 - [TEST_STEP][PASSED] - click(findTestObject("Object Repository/1612893/36_Edit_UserName/Page_Thanh set Channel name - hcmus-cdnc-te_a699a0/span_Edit")): Object: 'Object Repository/1612893/36_Edit_UserName/Page_Thanh set Channel name - hcmus-cdnc-te_a699a0/span_Edit' is clicked on

2020-06-05 16:52:00 - [MESSAGE][PASSED] - Object: 'Object Repository/1612893/36_Edit_UserName/Page_Thanh set Channel name - hcmus-cdnc-te_a699a0/span_Edit' is clicked on

2020-06-05 16:52:00 - [TEST_STEP][PASSED] - setText(findTestObject("Object Repository/1612893/36_Edit_UserName/Page_Thanh set Channel name - hcmus-cdnc-te_a699a0/input_Username_username"), userName): Text 'anh' is set on object 'Object Repository/1612893/36_Edit_UserName/Page_Thanh set Channel name - hcmus-cdnc-te_a699a0/input_Username_username'

2020-06-05 16:52:01 - [MESSAGE][PASSED] - Text 'anh' is set on object 'Object Repository/1612893/36_Edit_UserName/Page_Thanh set Channel name - hcmus-cdnc-te_a699a0/input_Username_username'

2020-06-05 16:52:01 - [TEST_STEP][PASSED] - click(findTestObject("Object Repository/1612893/36_Edit_UserName/Page_Thanh set Channel name - hcmus-cdnc-te_a699a0/span_Save")): Object: 'Object Repository/1612893/36_Edit_UserName/Page_Thanh set Channel name - hcmus-cdnc-te_a699a0/span_Save' is clicked on

2020-06-05 16:52:02 - [MESSAGE][PASSED] - Object: 'Object Repository/1612893/36_Edit_UserName/Page_Thanh set Channel name - hcmus-cdnc-te_a699a0/span_Save' is clicked on

2020-06-05 16:52:02 - [TEST_STEP][PASSED] - click(findTestObject("Object Repository/1612893/36_Edit_UserName/Page_Thanh set Channel name - hcmus-cdnc-te_a699a0/span_")): Object: 'Object Repository/1612893/36_Edit_UserName/Page_Thanh set Channel name - hcmus-cdnc-te_a699a0/span_' is clicked on

2020-06-05 16:52:03 - [MESSAGE][PASSED] - Object: 'Object Repository/1612893/36_Edit_UserName/Page_Thanh set Channel name - hcmus-cdnc-te_a699a0/span_' is clicked on

2020-06-05 16:52:03 - [TEST_STEP][PASSED] - closeBrowser(): Browser is closed

2020-06-05 16:52:04 - [MESSAGE][PASSED] - Browser is closed]]></system-out>
         <system-err><![CDATA[]]></system-err>
      </testcase>
      <testcase name="Test Cases/1612893/TC_36_Edit_UserName" time="18.923" classname="Test Cases/1612893/TC_36_Edit_UserName" status="PASSED">
         <system-out><![CDATA[2020-06-05 16:52:04 - [TEST_CASE][PASSED] - Test Cases/1612893/TC_36_Edit_UserName: Test Cases/1612893/TC_36_Edit_UserName

2020-06-05 16:52:04 - [TEST_STEP][PASSED] - openBrowser(""): Browser is opened with url: ''

2020-06-05 16:52:04 - [MESSAGE][INFO] - Starting 'Chrome' driver

2020-06-05 16:52:04 - [MESSAGE][INFO] - Action delay is set to 0 milliseconds

2020-06-05 16:52:08 - [MESSAGE][PASSED] - Browser is opened with url: ''

2020-06-05 16:52:08 - [TEST_STEP][PASSED] - navigateToUrl("http://localhost:8065/login"): Navigate to 'http://localhost:8065/login' successfully

2020-06-05 16:52:10 - [MESSAGE][PASSED] - Navigate to 'http://localhost:8065/login' successfully

2020-06-05 16:52:10 - [TEST_STEP][PASSED] - setText(findTestObject("Object Repository/1612893/36_Edit_UserName/Page_Mattermost/input_All team communication in one place s_703ef5"), "hcmus-cdnc@gmail.com"): Text 'hcmus-cdnc@gmail.com' is set on object 'Object Repository/1612893/36_Edit_UserName/Page_Mattermost/input_All team communication in one place s_703ef5'

2020-06-05 16:52:12 - [MESSAGE][PASSED] - Text 'hcmus-cdnc@gmail.com' is set on object 'Object Repository/1612893/36_Edit_UserName/Page_Mattermost/input_All team communication in one place s_703ef5'

2020-06-05 16:52:12 - [TEST_STEP][PASSED] - setEncryptedText(findTestObject("Object Repository/1612893/36_Edit_UserName/Page_Mattermost/input_All team communication in one place s_2f2733"), "aeHFOx8jV/A="): Text ****** has been set on object 'Object Repository/1612893/36_Edit_UserName/Page_Mattermost/input_All team communication in one place s_2f2733'

2020-06-05 16:52:13 - [MESSAGE][PASSED] - Text ****** has been set on object 'Object Repository/1612893/36_Edit_UserName/Page_Mattermost/input_All team communication in one place s_2f2733'

2020-06-05 16:52:13 - [TEST_STEP][PASSED] - click(findTestObject("Object Repository/1612893/36_Edit_UserName/Page_Mattermost/span_Sign in")): Object: 'Object Repository/1612893/36_Edit_UserName/Page_Mattermost/span_Sign in' is clicked on

2020-06-05 16:52:14 - [MESSAGE][PASSED] - Object: 'Object Repository/1612893/36_Edit_UserName/Page_Mattermost/span_Sign in' is clicked on

2020-06-05 16:52:14 - [TEST_STEP][PASSED] - click(findTestObject("Object Repository/1612893/36_Edit_UserName/Page_Thanh set Channel name - hcmus-cdnc-te_a699a0/span")): Object: 'Object Repository/1612893/36_Edit_UserName/Page_Thanh set Channel name - hcmus-cdnc-te_a699a0/span' is clicked on

2020-06-05 16:52:17 - [MESSAGE][PASSED] - Object: 'Object Repository/1612893/36_Edit_UserName/Page_Thanh set Channel name - hcmus-cdnc-te_a699a0/span' is clicked on

2020-06-05 16:52:17 - [TEST_STEP][PASSED] - click(findTestObject("Object Repository/1612893/36_Edit_UserName/Page_Thanh set Channel name - hcmus-cdnc-te_a699a0/span_Account Settings")): Object: 'Object Repository/1612893/36_Edit_UserName/Page_Thanh set Channel name - hcmus-cdnc-te_a699a0/span_Account Settings' is clicked on

2020-06-05 16:52:18 - [MESSAGE][PASSED] - Object: 'Object Repository/1612893/36_Edit_UserName/Page_Thanh set Channel name - hcmus-cdnc-te_a699a0/span_Account Settings' is clicked on

2020-06-05 16:52:18 - [TEST_STEP][PASSED] - click(findTestObject("Object Repository/1612893/36_Edit_UserName/Page_Thanh set Channel name - hcmus-cdnc-te_a699a0/span_Edit")): Object: 'Object Repository/1612893/36_Edit_UserName/Page_Thanh set Channel name - hcmus-cdnc-te_a699a0/span_Edit' is clicked on

2020-06-05 16:52:19 - [MESSAGE][PASSED] - Object: 'Object Repository/1612893/36_Edit_UserName/Page_Thanh set Channel name - hcmus-cdnc-te_a699a0/span_Edit' is clicked on

2020-06-05 16:52:19 - [TEST_STEP][PASSED] - setText(findTestObject("Object Repository/1612893/36_Edit_UserName/Page_Thanh set Channel name - hcmus-cdnc-te_a699a0/input_Username_username"), userName): Text 'hcmus-cdnc' is set on object 'Object Repository/1612893/36_Edit_UserName/Page_Thanh set Channel name - hcmus-cdnc-te_a699a0/input_Username_username'

2020-06-05 16:52:20 - [MESSAGE][PASSED] - Text 'hcmus-cdnc' is set on object 'Object Repository/1612893/36_Edit_UserName/Page_Thanh set Channel name - hcmus-cdnc-te_a699a0/input_Username_username'

2020-06-05 16:52:20 - [TEST_STEP][PASSED] - click(findTestObject("Object Repository/1612893/36_Edit_UserName/Page_Thanh set Channel name - hcmus-cdnc-te_a699a0/span_Save")): Object: 'Object Repository/1612893/36_Edit_UserName/Page_Thanh set Channel name - hcmus-cdnc-te_a699a0/span_Save' is clicked on

2020-06-05 16:52:21 - [MESSAGE][PASSED] - Object: 'Object Repository/1612893/36_Edit_UserName/Page_Thanh set Channel name - hcmus-cdnc-te_a699a0/span_Save' is clicked on

2020-06-05 16:52:21 - [TEST_STEP][PASSED] - click(findTestObject("Object Repository/1612893/36_Edit_UserName/Page_Thanh set Channel name - hcmus-cdnc-te_a699a0/span_")): Object: 'Object Repository/1612893/36_Edit_UserName/Page_Thanh set Channel name - hcmus-cdnc-te_a699a0/span_' is clicked on

2020-06-05 16:52:22 - [MESSAGE][PASSED] - Object: 'Object Repository/1612893/36_Edit_UserName/Page_Thanh set Channel name - hcmus-cdnc-te_a699a0/span_' is clicked on

2020-06-05 16:52:22 - [TEST_STEP][PASSED] - closeBrowser(): Browser is closed

2020-06-05 16:52:23 - [MESSAGE][PASSED] - Browser is closed]]></system-out>
         <system-err><![CDATA[]]></system-err>
      </testcase>
      <testcase name="Test Cases/1612893/TC_37_Set_a_header" time="58.461" classname="Test Cases/1612893/TC_37_Set_a_header" status="FAILED">
         <failure type="FAILED" message="Test Cases/1612893/TC_37_Set_a_header FAILED.
Reason:
com.kms.katalon.core.exception.StepFailedException: Unable to click on object 'Object Repository/1612893/37_Set_a_header/Page_Thanh set Channel name - hcmus-cdnc-te_a699a0/button_Set a Header'
	at com.kms.katalon.core.webui.keyword.internal.WebUIKeywordMain.stepFailed(WebUIKeywordMain.groovy:64)
	at com.kms.katalon.core.webui.keyword.internal.WebUIKeywordMain.runKeyword(WebUIKeywordMain.groovy:26)
	at com.kms.katalon.core.webui.keyword.builtin.ClickKeyword.click(ClickKeyword.groovy:76)
	at com.kms.katalon.core.webui.keyword.builtin.ClickKeyword.execute(ClickKeyword.groovy:43)
	at com.kms.katalon.core.keyword.internal.KeywordExecutor.executeKeywordForPlatform(KeywordExecutor.groovy:72)
	at com.kms.katalon.core.webui.keyword.WebUiBuiltInKeywords.click(WebUiBuiltInKeywords.groovy:616)
	at com.kms.katalon.core.webui.keyword.WebUiBuiltInKeywords$click$3.call(Unknown Source)
	at TC_37_Set_a_header.run(TC_37_Set_a_header:32)
	at com.kms.katalon.core.main.ScriptEngine.run(ScriptEngine.java:194)
	at com.kms.katalon.core.main.ScriptEngine.runScriptAsRawText(ScriptEngine.java:119)
	at com.kms.katalon.core.main.TestCaseExecutor.runScript(TestCaseExecutor.java:337)
	at com.kms.katalon.core.main.TestCaseExecutor.doExecute(TestCaseExecutor.java:328)
	at com.kms.katalon.core.main.TestCaseExecutor.processExecutionPhase(TestCaseExecutor.java:307)
	at com.kms.katalon.core.main.TestCaseExecutor.accessMainPhase(TestCaseExecutor.java:299)
	at com.kms.katalon.core.main.TestCaseExecutor.execute(TestCaseExecutor.java:233)
	at com.kms.katalon.core.main.TestSuiteExecutor.accessTestCaseMainPhase(TestSuiteExecutor.java:169)
	at com.kms.katalon.core.main.TestSuiteExecutor.accessTestSuiteMainPhase(TestSuiteExecutor.java:142)
	at com.kms.katalon.core.main.TestSuiteExecutor.execute(TestSuiteExecutor.java:91)
	at com.kms.katalon.core.main.TestCaseMain.startTestSuite(TestCaseMain.java:157)
	at com.kms.katalon.core.main.TestCaseMain$startTestSuite$0.call(Unknown Source)
	at TempTestSuite1591347278292.run(TempTestSuite1591347278292.groovy:37)
Caused by: com.kms.katalon.core.webui.exception.WebElementNotFoundException: Web element with id: 'Object Repository/1612893/37_Set_a_header/Page_Thanh set Channel name - hcmus-cdnc-te_a699a0/button_Set a Header' located by 'By.xpath: //div[@id='channelIntro']/button[2]' not found
	at com.kms.katalon.core.webui.common.WebUiCommonHelper.findWebElement(WebUiCommonHelper.java:1154)
	at com.kms.katalon.core.webui.keyword.internal.WebUIAbstractKeyword.findWebElement(WebUIAbstractKeyword.groovy:27)
	at com.kms.katalon.core.webui.keyword.internal.WebUIAbstractKeyword.findWebElement(WebUIAbstractKeyword.groovy:26)
	at com.kms.katalon.core.webui.keyword.builtin.ClickKeyword$_click_closure1.doCall(ClickKeyword.groovy:67)
	at com.kms.katalon.core.webui.keyword.builtin.ClickKeyword$_click_closure1.call(ClickKeyword.groovy)
	at com.kms.katalon.core.webui.keyword.internal.WebUIKeywordMain.runKeyword(WebUIKeywordMain.groovy:20)
	... 19 more
"/>
         <system-out><![CDATA[2020-06-05 16:52:23 - [TEST_CASE][FAILED] - Test Cases/1612893/TC_37_Set_a_header: Test Cases/1612893/TC_37_Set_a_header FAILED.
Reason:
com.kms.katalon.core.exception.StepFailedException: Unable to click on object 'Object Repository/1612893/37_Set_a_header/Page_Thanh set Channel name - hcmus-cdnc-te_a699a0/button_Set a Header'
	at com.kms.katalon.core.webui.keyword.internal.WebUIKeywordMain.stepFailed(WebUIKeywordMain.groovy:64)
	at com.kms.katalon.core.webui.keyword.internal.WebUIKeywordMain.runKeyword(WebUIKeywordMain.groovy:26)
	at com.kms.katalon.core.webui.keyword.builtin.ClickKeyword.click(ClickKeyword.groovy:76)
	at com.kms.katalon.core.webui.keyword.builtin.ClickKeyword.execute(ClickKeyword.groovy:43)
	at com.kms.katalon.core.keyword.internal.KeywordExecutor.executeKeywordForPlatform(KeywordExecutor.groovy:72)
	at com.kms.katalon.core.webui.keyword.WebUiBuiltInKeywords.click(WebUiBuiltInKeywords.groovy:616)
	at com.kms.katalon.core.webui.keyword.WebUiBuiltInKeywords$click$3.call(Unknown Source)
	at TC_37_Set_a_header.run(TC_37_Set_a_header:32)
	at com.kms.katalon.core.main.ScriptEngine.run(ScriptEngine.java:194)
	at com.kms.katalon.core.main.ScriptEngine.runScriptAsRawText(ScriptEngine.java:119)
	at com.kms.katalon.core.main.TestCaseExecutor.runScript(TestCaseExecutor.java:337)
	at com.kms.katalon.core.main.TestCaseExecutor.doExecute(TestCaseExecutor.java:328)
	at com.kms.katalon.core.main.TestCaseExecutor.processExecutionPhase(TestCaseExecutor.java:307)
	at com.kms.katalon.core.main.TestCaseExecutor.accessMainPhase(TestCaseExecutor.java:299)
	at com.kms.katalon.core.main.TestCaseExecutor.execute(TestCaseExecutor.java:233)
	at com.kms.katalon.core.main.TestSuiteExecutor.accessTestCaseMainPhase(TestSuiteExecutor.java:169)
	at com.kms.katalon.core.main.TestSuiteExecutor.accessTestSuiteMainPhase(TestSuiteExecutor.java:142)
	at com.kms.katalon.core.main.TestSuiteExecutor.execute(TestSuiteExecutor.java:91)
	at com.kms.katalon.core.main.TestCaseMain.startTestSuite(TestCaseMain.java:157)
	at com.kms.katalon.core.main.TestCaseMain$startTestSuite$0.call(Unknown Source)
	at TempTestSuite1591347278292.run(TempTestSuite1591347278292.groovy:37)
Caused by: com.kms.katalon.core.webui.exception.WebElementNotFoundException: Web element with id: 'Object Repository/1612893/37_Set_a_header/Page_Thanh set Channel name - hcmus-cdnc-te_a699a0/button_Set a Header' located by 'By.xpath: //div[@id='channelIntro']/button[2]' not found
	at com.kms.katalon.core.webui.common.WebUiCommonHelper.findWebElement(WebUiCommonHelper.java:1154)
	at com.kms.katalon.core.webui.keyword.internal.WebUIAbstractKeyword.findWebElement(WebUIAbstractKeyword.groovy:27)
	at com.kms.katalon.core.webui.keyword.internal.WebUIAbstractKeyword.findWebElement(WebUIAbstractKeyword.groovy:26)
	at com.kms.katalon.core.webui.keyword.builtin.ClickKeyword$_click_closure1.doCall(ClickKeyword.groovy:67)
	at com.kms.katalon.core.webui.keyword.builtin.ClickKeyword$_click_closure1.call(ClickKeyword.groovy)
	at com.kms.katalon.core.webui.keyword.internal.WebUIKeywordMain.runKeyword(WebUIKeywordMain.groovy:20)
	... 19 more


2020-06-05 16:52:23 - [TEST_STEP][PASSED] - openBrowser(""): Browser is opened with url: ''

2020-06-05 16:52:23 - [MESSAGE][INFO] - Starting 'Chrome' driver

2020-06-05 16:52:23 - [MESSAGE][INFO] - Action delay is set to 0 milliseconds

2020-06-05 16:52:28 - [MESSAGE][PASSED] - Browser is opened with url: ''

2020-06-05 16:52:28 - [TEST_STEP][PASSED] - navigateToUrl("http://localhost:8065/login"): Navigate to 'http://localhost:8065/login' successfully

2020-06-05 16:52:30 - [MESSAGE][PASSED] - Navigate to 'http://localhost:8065/login' successfully

2020-06-05 16:52:30 - [TEST_STEP][PASSED] - setText(findTestObject("Object Repository/1612893/37_Set_a_header/Page_Mattermost/input_All team communication in one place s_703ef5"), "hcmus-cdnc"): Text 'hcmus-cdnc' is set on object 'Object Repository/1612893/37_Set_a_header/Page_Mattermost/input_All team communication in one place s_703ef5'

2020-06-05 16:52:32 - [MESSAGE][PASSED] - Text 'hcmus-cdnc' is set on object 'Object Repository/1612893/37_Set_a_header/Page_Mattermost/input_All team communication in one place s_703ef5'

2020-06-05 16:52:32 - [TEST_STEP][PASSED] - setEncryptedText(findTestObject("Object Repository/1612893/37_Set_a_header/Page_Mattermost/input_All team communication in one place s_2f2733"), "aeHFOx8jV/A="): Text ****** has been set on object 'Object Repository/1612893/37_Set_a_header/Page_Mattermost/input_All team communication in one place s_2f2733'

2020-06-05 16:52:33 - [MESSAGE][PASSED] - Text ****** has been set on object 'Object Repository/1612893/37_Set_a_header/Page_Mattermost/input_All team communication in one place s_2f2733'

2020-06-05 16:52:33 - [TEST_STEP][PASSED] - sendKeys(findTestObject("Object Repository/1612893/37_Set_a_header/Page_Mattermost/input_All team communication in one place s_2f2733"), Keys.chord(ENTER)): Keys 'ENTER + ' sent to object: 'Object Repository/1612893/37_Set_a_header/Page_Mattermost/input_All team communication in one place s_2f2733'

2020-06-05 16:52:33 - [MESSAGE][PASSED] - Keys 'ENTER + ' sent to object: 'Object Repository/1612893/37_Set_a_header/Page_Mattermost/input_All team communication in one place s_2f2733'

2020-06-05 16:52:33 - [TEST_STEP][FAILED] - click(findTestObject("Object Repository/1612893/37_Set_a_header/Page_Thanh set Channel name - hcmus-cdnc-te_a699a0/button_Set a Header")): Unable to click on object 'Object Repository/1612893/37_Set_a_header/Page_Thanh set Channel name - hcmus-cdnc-te_a699a0/button_Set a Header' (Root cause: com.kms.katalon.core.exception.StepFailedException: Unable to click on object 'Object Repository/1612893/37_Set_a_header/Page_Thanh set Channel name - hcmus-cdnc-te_a699a0/button_Set a Header'
	at com.kms.katalon.core.webui.keyword.internal.WebUIKeywordMain.stepFailed(WebUIKeywordMain.groovy:64)
	at com.kms.katalon.core.webui.keyword.internal.WebUIKeywordMain.runKeyword(WebUIKeywordMain.groovy:26)
	at com.kms.katalon.core.webui.keyword.builtin.ClickKeyword.click(ClickKeyword.groovy:76)
	at com.kms.katalon.core.webui.keyword.builtin.ClickKeyword.execute(ClickKeyword.groovy:43)
	at com.kms.katalon.core.keyword.internal.KeywordExecutor.executeKeywordForPlatform(KeywordExecutor.groovy:72)
	at com.kms.katalon.core.webui.keyword.WebUiBuiltInKeywords.click(WebUiBuiltInKeywords.groovy:616)
	at com.kms.katalon.core.webui.keyword.WebUiBuiltInKeywords$click$3.call(Unknown Source)
	at TC_37_Set_a_header.run(TC_37_Set_a_header:32)
	at com.kms.katalon.core.main.ScriptEngine.run(ScriptEngine.java:194)
	at com.kms.katalon.core.main.ScriptEngine.runScriptAsRawText(ScriptEngine.java:119)
	at com.kms.katalon.core.main.TestCaseExecutor.runScript(TestCaseExecutor.java:337)
	at com.kms.katalon.core.main.TestCaseExecutor.doExecute(TestCaseExecutor.java:328)
	at com.kms.katalon.core.main.TestCaseExecutor.processExecutionPhase(TestCaseExecutor.java:307)
	at com.kms.katalon.core.main.TestCaseExecutor.accessMainPhase(TestCaseExecutor.java:299)
	at com.kms.katalon.core.main.TestCaseExecutor.execute(TestCaseExecutor.java:233)
	at com.kms.katalon.core.main.TestSuiteExecutor.accessTestCaseMainPhase(TestSuiteExecutor.java:169)
	at com.kms.katalon.core.main.TestSuiteExecutor.accessTestSuiteMainPhase(TestSuiteExecutor.java:142)
	at com.kms.katalon.core.main.TestSuiteExecutor.execute(TestSuiteExecutor.java:91)
	at com.kms.katalon.core.main.TestCaseMain.startTestSuite(TestCaseMain.java:157)
	at com.kms.katalon.core.main.TestCaseMain$startTestSuite$0.call(Unknown Source)
	at TempTestSuite1591347278292.run(TempTestSuite1591347278292.groovy:37)
Caused by: com.kms.katalon.core.webui.exception.WebElementNotFoundException: Web element with id: 'Object Repository/1612893/37_Set_a_header/Page_Thanh set Channel name - hcmus-cdnc-te_a699a0/button_Set a Header' located by 'By.xpath: //div[@id='channelIntro']/button[2]' not found
	at com.kms.katalon.core.webui.common.WebUiCommonHelper.findWebElement(WebUiCommonHelper.java:1154)
	at com.kms.katalon.core.webui.keyword.internal.WebUIAbstractKeyword.findWebElement(WebUIAbstractKeyword.groovy:27)
	at com.kms.katalon.core.webui.keyword.internal.WebUIAbstractKeyword.findWebElement(WebUIAbstractKeyword.groovy:26)
	at com.kms.katalon.core.webui.keyword.builtin.ClickKeyword$_click_closure1.doCall(ClickKeyword.groovy:67)
	at com.kms.katalon.core.webui.keyword.builtin.ClickKeyword$_click_closure1.call(ClickKeyword.groovy)
	at com.kms.katalon.core.webui.keyword.internal.WebUIKeywordMain.runKeyword(WebUIKeywordMain.groovy:20)
	at com.kms.katalon.core.webui.keyword.builtin.ClickKeyword.click(ClickKeyword.groovy:76)
	at com.kms.katalon.core.webui.keyword.builtin.ClickKeyword.execute(ClickKeyword.groovy:43)
	at com.kms.katalon.core.keyword.internal.KeywordExecutor.executeKeywordForPlatform(KeywordExecutor.groovy:72)
	at com.kms.katalon.core.webui.keyword.WebUiBuiltInKeywords.click(WebUiBuiltInKeywords.groovy:616)
	at com.kms.katalon.core.webui.keyword.WebUiBuiltInKeywords$click$3.call(Unknown Source)
	at Script1591173004583.run(Script1591173004583.groovy:32)
	... 13 more
)

2020-06-05 16:53:21 - [MESSAGE][INFO] - Unable to find the element located by 'By.xpath: //div[@id='channelIntro']/button[2]'. Please recheck the objects properties to make sure the desired element is located. 

2020-06-05 16:53:22 - [MESSAGE][FAILED] - Unable to click on object 'Object Repository/1612893/37_Set_a_header/Page_Thanh set Channel name - hcmus-cdnc-te_a699a0/button_Set a Header' (Root cause: com.kms.katalon.core.exception.StepFailedException: Unable to click on object 'Object Repository/1612893/37_Set_a_header/Page_Thanh set Channel name - hcmus-cdnc-te_a699a0/button_Set a Header'
	at com.kms.katalon.core.webui.keyword.internal.WebUIKeywordMain.stepFailed(WebUIKeywordMain.groovy:64)
	at com.kms.katalon.core.webui.keyword.internal.WebUIKeywordMain.runKeyword(WebUIKeywordMain.groovy:26)
	at com.kms.katalon.core.webui.keyword.builtin.ClickKeyword.click(ClickKeyword.groovy:76)
	at com.kms.katalon.core.webui.keyword.builtin.ClickKeyword.execute(ClickKeyword.groovy:43)
	at com.kms.katalon.core.keyword.internal.KeywordExecutor.executeKeywordForPlatform(KeywordExecutor.groovy:72)
	at com.kms.katalon.core.webui.keyword.WebUiBuiltInKeywords.click(WebUiBuiltInKeywords.groovy:616)
	at com.kms.katalon.core.webui.keyword.WebUiBuiltInKeywords$click$3.call(Unknown Source)
	at TC_37_Set_a_header.run(TC_37_Set_a_header:32)
	at com.kms.katalon.core.main.ScriptEngine.run(ScriptEngine.java:194)
	at com.kms.katalon.core.main.ScriptEngine.runScriptAsRawText(ScriptEngine.java:119)
	at com.kms.katalon.core.main.TestCaseExecutor.runScript(TestCaseExecutor.java:337)
	at com.kms.katalon.core.main.TestCaseExecutor.doExecute(TestCaseExecutor.java:328)
	at com.kms.katalon.core.main.TestCaseExecutor.processExecutionPhase(TestCaseExecutor.java:307)
	at com.kms.katalon.core.main.TestCaseExecutor.accessMainPhase(TestCaseExecutor.java:299)
	at com.kms.katalon.core.main.TestCaseExecutor.execute(TestCaseExecutor.java:233)
	at com.kms.katalon.core.main.TestSuiteExecutor.accessTestCaseMainPhase(TestSuiteExecutor.java:169)
	at com.kms.katalon.core.main.TestSuiteExecutor.accessTestSuiteMainPhase(TestSuiteExecutor.java:142)
	at com.kms.katalon.core.main.TestSuiteExecutor.execute(TestSuiteExecutor.java:91)
	at com.kms.katalon.core.main.TestCaseMain.startTestSuite(TestCaseMain.java:157)
	at com.kms.katalon.core.main.TestCaseMain$startTestSuite$0.call(Unknown Source)
	at TempTestSuite1591347278292.run(TempTestSuite1591347278292.groovy:37)
Caused by: com.kms.katalon.core.webui.exception.WebElementNotFoundException: Web element with id: 'Object Repository/1612893/37_Set_a_header/Page_Thanh set Channel name - hcmus-cdnc-te_a699a0/button_Set a Header' located by 'By.xpath: //div[@id='channelIntro']/button[2]' not found
	at com.kms.katalon.core.webui.common.WebUiCommonHelper.findWebElement(WebUiCommonHelper.java:1154)
	at com.kms.katalon.core.webui.keyword.internal.WebUIAbstractKeyword.findWebElement(WebUIAbstractKeyword.groovy:27)
	at com.kms.katalon.core.webui.keyword.internal.WebUIAbstractKeyword.findWebElement(WebUIAbstractKeyword.groovy:26)
	at com.kms.katalon.core.webui.keyword.builtin.ClickKeyword$_click_closure1.doCall(ClickKeyword.groovy:67)
	at com.kms.katalon.core.webui.keyword.builtin.ClickKeyword$_click_closure1.call(ClickKeyword.groovy)
	at com.kms.katalon.core.webui.keyword.internal.WebUIKeywordMain.runKeyword(WebUIKeywordMain.groovy:20)
	at com.kms.katalon.core.webui.keyword.builtin.ClickKeyword.click(ClickKeyword.groovy:76)
	at com.kms.katalon.core.webui.keyword.builtin.ClickKeyword.execute(ClickKeyword.groovy:43)
	at com.kms.katalon.core.keyword.internal.KeywordExecutor.executeKeywordForPlatform(KeywordExecutor.groovy:72)
	at com.kms.katalon.core.webui.keyword.WebUiBuiltInKeywords.click(WebUiBuiltInKeywords.groovy:616)
	at com.kms.katalon.core.webui.keyword.WebUiBuiltInKeywords$click$3.call(Unknown Source)
	at Script1591173004583.run(Script1591173004583.groovy:32)
	... 13 more
)
[[ATTACHMENT|C:\\Users\\Thanh\\Desktop\\github.com\\New folder (2)\\homeword02-mattermost-katalon\\Reports\\20200605_155438\\Run all test cases\\20200605_155438\\1591350801687.png]]]]></system-out>
         <system-err><![CDATA[2020-06-05 16:52:23 - [TEST_CASE][FAILED] - Test Cases/1612893/TC_37_Set_a_header: Test Cases/1612893/TC_37_Set_a_header FAILED.
Reason:
com.kms.katalon.core.exception.StepFailedException: Unable to click on object 'Object Repository/1612893/37_Set_a_header/Page_Thanh set Channel name - hcmus-cdnc-te_a699a0/button_Set a Header'
	at com.kms.katalon.core.webui.keyword.internal.WebUIKeywordMain.stepFailed(WebUIKeywordMain.groovy:64)
	at com.kms.katalon.core.webui.keyword.internal.WebUIKeywordMain.runKeyword(WebUIKeywordMain.groovy:26)
	at com.kms.katalon.core.webui.keyword.builtin.ClickKeyword.click(ClickKeyword.groovy:76)
	at com.kms.katalon.core.webui.keyword.builtin.ClickKeyword.execute(ClickKeyword.groovy:43)
	at com.kms.katalon.core.keyword.internal.KeywordExecutor.executeKeywordForPlatform(KeywordExecutor.groovy:72)
	at com.kms.katalon.core.webui.keyword.WebUiBuiltInKeywords.click(WebUiBuiltInKeywords.groovy:616)
	at com.kms.katalon.core.webui.keyword.WebUiBuiltInKeywords$click$3.call(Unknown Source)
	at TC_37_Set_a_header.run(TC_37_Set_a_header:32)
	at com.kms.katalon.core.main.ScriptEngine.run(ScriptEngine.java:194)
	at com.kms.katalon.core.main.ScriptEngine.runScriptAsRawText(ScriptEngine.java:119)
	at com.kms.katalon.core.main.TestCaseExecutor.runScript(TestCaseExecutor.java:337)
	at com.kms.katalon.core.main.TestCaseExecutor.doExecute(TestCaseExecutor.java:328)
	at com.kms.katalon.core.main.TestCaseExecutor.processExecutionPhase(TestCaseExecutor.java:307)
	at com.kms.katalon.core.main.TestCaseExecutor.accessMainPhase(TestCaseExecutor.java:299)
	at com.kms.katalon.core.main.TestCaseExecutor.execute(TestCaseExecutor.java:233)
	at com.kms.katalon.core.main.TestSuiteExecutor.accessTestCaseMainPhase(TestSuiteExecutor.java:169)
	at com.kms.katalon.core.main.TestSuiteExecutor.accessTestSuiteMainPhase(TestSuiteExecutor.java:142)
	at com.kms.katalon.core.main.TestSuiteExecutor.execute(TestSuiteExecutor.java:91)
	at com.kms.katalon.core.main.TestCaseMain.startTestSuite(TestCaseMain.java:157)
	at com.kms.katalon.core.main.TestCaseMain$startTestSuite$0.call(Unknown Source)
	at TempTestSuite1591347278292.run(TempTestSuite1591347278292.groovy:37)
Caused by: com.kms.katalon.core.webui.exception.WebElementNotFoundException: Web element with id: 'Object Repository/1612893/37_Set_a_header/Page_Thanh set Channel name - hcmus-cdnc-te_a699a0/button_Set a Header' located by 'By.xpath: //div[@id='channelIntro']/button[2]' not found
	at com.kms.katalon.core.webui.common.WebUiCommonHelper.findWebElement(WebUiCommonHelper.java:1154)
	at com.kms.katalon.core.webui.keyword.internal.WebUIAbstractKeyword.findWebElement(WebUIAbstractKeyword.groovy:27)
	at com.kms.katalon.core.webui.keyword.internal.WebUIAbstractKeyword.findWebElement(WebUIAbstractKeyword.groovy:26)
	at com.kms.katalon.core.webui.keyword.builtin.ClickKeyword$_click_closure1.doCall(ClickKeyword.groovy:67)
	at com.kms.katalon.core.webui.keyword.builtin.ClickKeyword$_click_closure1.call(ClickKeyword.groovy)
	at com.kms.katalon.core.webui.keyword.internal.WebUIKeywordMain.runKeyword(WebUIKeywordMain.groovy:20)
	... 19 more]]></system-err>
      </testcase>
      <testcase name="Test Cases/1612893/TC_37_Set_a_header" time="56.731" classname="Test Cases/1612893/TC_37_Set_a_header" status="FAILED">
         <failure type="FAILED" message="Test Cases/1612893/TC_37_Set_a_header FAILED.
Reason:
com.kms.katalon.core.exception.StepFailedException: Unable to click on object 'Object Repository/1612893/37_Set_a_header/Page_Thanh set Channel name - hcmus-cdnc-te_a699a0/button_Set a Header'
	at com.kms.katalon.core.webui.keyword.internal.WebUIKeywordMain.stepFailed(WebUIKeywordMain.groovy:64)
	at com.kms.katalon.core.webui.keyword.internal.WebUIKeywordMain.runKeyword(WebUIKeywordMain.groovy:26)
	at com.kms.katalon.core.webui.keyword.builtin.ClickKeyword.click(ClickKeyword.groovy:76)
	at com.kms.katalon.core.webui.keyword.builtin.ClickKeyword.execute(ClickKeyword.groovy:43)
	at com.kms.katalon.core.keyword.internal.KeywordExecutor.executeKeywordForPlatform(KeywordExecutor.groovy:72)
	at com.kms.katalon.core.webui.keyword.WebUiBuiltInKeywords.click(WebUiBuiltInKeywords.groovy:616)
	at com.kms.katalon.core.webui.keyword.WebUiBuiltInKeywords$click$3.call(Unknown Source)
	at TC_37_Set_a_header.run(TC_37_Set_a_header:32)
	at com.kms.katalon.core.main.ScriptEngine.run(ScriptEngine.java:194)
	at com.kms.katalon.core.main.ScriptEngine.runScriptAsRawText(ScriptEngine.java:119)
	at com.kms.katalon.core.main.TestCaseExecutor.runScript(TestCaseExecutor.java:337)
	at com.kms.katalon.core.main.TestCaseExecutor.doExecute(TestCaseExecutor.java:328)
	at com.kms.katalon.core.main.TestCaseExecutor.processExecutionPhase(TestCaseExecutor.java:307)
	at com.kms.katalon.core.main.TestCaseExecutor.accessMainPhase(TestCaseExecutor.java:299)
	at com.kms.katalon.core.main.TestCaseExecutor.execute(TestCaseExecutor.java:233)
	at com.kms.katalon.core.main.TestSuiteExecutor.accessTestCaseMainPhase(TestSuiteExecutor.java:169)
	at com.kms.katalon.core.main.TestSuiteExecutor.accessTestSuiteMainPhase(TestSuiteExecutor.java:142)
	at com.kms.katalon.core.main.TestSuiteExecutor.execute(TestSuiteExecutor.java:91)
	at com.kms.katalon.core.main.TestCaseMain.startTestSuite(TestCaseMain.java:157)
	at com.kms.katalon.core.main.TestCaseMain$startTestSuite$0.call(Unknown Source)
	at TempTestSuite1591347278292.run(TempTestSuite1591347278292.groovy:37)
Caused by: com.kms.katalon.core.webui.exception.WebElementNotFoundException: Web element with id: 'Object Repository/1612893/37_Set_a_header/Page_Thanh set Channel name - hcmus-cdnc-te_a699a0/button_Set a Header' located by 'By.xpath: //div[@id='channelIntro']/button[2]' not found
	at com.kms.katalon.core.webui.common.WebUiCommonHelper.findWebElement(WebUiCommonHelper.java:1154)
	at com.kms.katalon.core.webui.keyword.internal.WebUIAbstractKeyword.findWebElement(WebUIAbstractKeyword.groovy:27)
	at com.kms.katalon.core.webui.keyword.internal.WebUIAbstractKeyword.findWebElement(WebUIAbstractKeyword.groovy:26)
	at com.kms.katalon.core.webui.keyword.builtin.ClickKeyword$_click_closure1.doCall(ClickKeyword.groovy:67)
	at com.kms.katalon.core.webui.keyword.builtin.ClickKeyword$_click_closure1.call(ClickKeyword.groovy)
	at com.kms.katalon.core.webui.keyword.internal.WebUIKeywordMain.runKeyword(WebUIKeywordMain.groovy:20)
	... 19 more
"/>
         <system-out><![CDATA[2020-06-05 16:53:22 - [TEST_CASE][FAILED] - Test Cases/1612893/TC_37_Set_a_header: Test Cases/1612893/TC_37_Set_a_header FAILED.
Reason:
com.kms.katalon.core.exception.StepFailedException: Unable to click on object 'Object Repository/1612893/37_Set_a_header/Page_Thanh set Channel name - hcmus-cdnc-te_a699a0/button_Set a Header'
	at com.kms.katalon.core.webui.keyword.internal.WebUIKeywordMain.stepFailed(WebUIKeywordMain.groovy:64)
	at com.kms.katalon.core.webui.keyword.internal.WebUIKeywordMain.runKeyword(WebUIKeywordMain.groovy:26)
	at com.kms.katalon.core.webui.keyword.builtin.ClickKeyword.click(ClickKeyword.groovy:76)
	at com.kms.katalon.core.webui.keyword.builtin.ClickKeyword.execute(ClickKeyword.groovy:43)
	at com.kms.katalon.core.keyword.internal.KeywordExecutor.executeKeywordForPlatform(KeywordExecutor.groovy:72)
	at com.kms.katalon.core.webui.keyword.WebUiBuiltInKeywords.click(WebUiBuiltInKeywords.groovy:616)
	at com.kms.katalon.core.webui.keyword.WebUiBuiltInKeywords$click$3.call(Unknown Source)
	at TC_37_Set_a_header.run(TC_37_Set_a_header:32)
	at com.kms.katalon.core.main.ScriptEngine.run(ScriptEngine.java:194)
	at com.kms.katalon.core.main.ScriptEngine.runScriptAsRawText(ScriptEngine.java:119)
	at com.kms.katalon.core.main.TestCaseExecutor.runScript(TestCaseExecutor.java:337)
	at com.kms.katalon.core.main.TestCaseExecutor.doExecute(TestCaseExecutor.java:328)
	at com.kms.katalon.core.main.TestCaseExecutor.processExecutionPhase(TestCaseExecutor.java:307)
	at com.kms.katalon.core.main.TestCaseExecutor.accessMainPhase(TestCaseExecutor.java:299)
	at com.kms.katalon.core.main.TestCaseExecutor.execute(TestCaseExecutor.java:233)
	at com.kms.katalon.core.main.TestSuiteExecutor.accessTestCaseMainPhase(TestSuiteExecutor.java:169)
	at com.kms.katalon.core.main.TestSuiteExecutor.accessTestSuiteMainPhase(TestSuiteExecutor.java:142)
	at com.kms.katalon.core.main.TestSuiteExecutor.execute(TestSuiteExecutor.java:91)
	at com.kms.katalon.core.main.TestCaseMain.startTestSuite(TestCaseMain.java:157)
	at com.kms.katalon.core.main.TestCaseMain$startTestSuite$0.call(Unknown Source)
	at TempTestSuite1591347278292.run(TempTestSuite1591347278292.groovy:37)
Caused by: com.kms.katalon.core.webui.exception.WebElementNotFoundException: Web element with id: 'Object Repository/1612893/37_Set_a_header/Page_Thanh set Channel name - hcmus-cdnc-te_a699a0/button_Set a Header' located by 'By.xpath: //div[@id='channelIntro']/button[2]' not found
	at com.kms.katalon.core.webui.common.WebUiCommonHelper.findWebElement(WebUiCommonHelper.java:1154)
	at com.kms.katalon.core.webui.keyword.internal.WebUIAbstractKeyword.findWebElement(WebUIAbstractKeyword.groovy:27)
	at com.kms.katalon.core.webui.keyword.internal.WebUIAbstractKeyword.findWebElement(WebUIAbstractKeyword.groovy:26)
	at com.kms.katalon.core.webui.keyword.builtin.ClickKeyword$_click_closure1.doCall(ClickKeyword.groovy:67)
	at com.kms.katalon.core.webui.keyword.builtin.ClickKeyword$_click_closure1.call(ClickKeyword.groovy)
	at com.kms.katalon.core.webui.keyword.internal.WebUIKeywordMain.runKeyword(WebUIKeywordMain.groovy:20)
	... 19 more


2020-06-05 16:53:22 - [TEST_STEP][PASSED] - openBrowser(""): Browser is opened with url: ''

2020-06-05 16:53:22 - [MESSAGE][WARNING] - A browser is already opened. Closing browser and opening a new one

2020-06-05 16:53:23 - [MESSAGE][INFO] - Starting 'Chrome' driver

2020-06-05 16:53:23 - [MESSAGE][INFO] - Action delay is set to 0 milliseconds

2020-06-05 16:53:26 - [MESSAGE][PASSED] - Browser is opened with url: ''

2020-06-05 16:53:26 - [TEST_STEP][PASSED] - navigateToUrl("http://localhost:8065/login"): Navigate to 'http://localhost:8065/login' successfully

2020-06-05 16:53:28 - [MESSAGE][PASSED] - Navigate to 'http://localhost:8065/login' successfully

2020-06-05 16:53:28 - [TEST_STEP][PASSED] - setText(findTestObject("Object Repository/1612893/37_Set_a_header/Page_Mattermost/input_All team communication in one place s_703ef5"), "hcmus-cdnc"): Text 'hcmus-cdnc' is set on object 'Object Repository/1612893/37_Set_a_header/Page_Mattermost/input_All team communication in one place s_703ef5'

2020-06-05 16:53:30 - [MESSAGE][PASSED] - Text 'hcmus-cdnc' is set on object 'Object Repository/1612893/37_Set_a_header/Page_Mattermost/input_All team communication in one place s_703ef5'

2020-06-05 16:53:30 - [TEST_STEP][PASSED] - setEncryptedText(findTestObject("Object Repository/1612893/37_Set_a_header/Page_Mattermost/input_All team communication in one place s_2f2733"), "aeHFOx8jV/A="): Text ****** has been set on object 'Object Repository/1612893/37_Set_a_header/Page_Mattermost/input_All team communication in one place s_2f2733'

2020-06-05 16:53:31 - [MESSAGE][PASSED] - Text ****** has been set on object 'Object Repository/1612893/37_Set_a_header/Page_Mattermost/input_All team communication in one place s_2f2733'

2020-06-05 16:53:31 - [TEST_STEP][PASSED] - sendKeys(findTestObject("Object Repository/1612893/37_Set_a_header/Page_Mattermost/input_All team communication in one place s_2f2733"), Keys.chord(ENTER)): Keys 'ENTER + ' sent to object: 'Object Repository/1612893/37_Set_a_header/Page_Mattermost/input_All team communication in one place s_2f2733'

2020-06-05 16:53:31 - [MESSAGE][PASSED] - Keys 'ENTER + ' sent to object: 'Object Repository/1612893/37_Set_a_header/Page_Mattermost/input_All team communication in one place s_2f2733'

2020-06-05 16:53:31 - [TEST_STEP][FAILED] - click(findTestObject("Object Repository/1612893/37_Set_a_header/Page_Thanh set Channel name - hcmus-cdnc-te_a699a0/button_Set a Header")): Unable to click on object 'Object Repository/1612893/37_Set_a_header/Page_Thanh set Channel name - hcmus-cdnc-te_a699a0/button_Set a Header' (Root cause: com.kms.katalon.core.exception.StepFailedException: Unable to click on object 'Object Repository/1612893/37_Set_a_header/Page_Thanh set Channel name - hcmus-cdnc-te_a699a0/button_Set a Header'
	at com.kms.katalon.core.webui.keyword.internal.WebUIKeywordMain.stepFailed(WebUIKeywordMain.groovy:64)
	at com.kms.katalon.core.webui.keyword.internal.WebUIKeywordMain.runKeyword(WebUIKeywordMain.groovy:26)
	at com.kms.katalon.core.webui.keyword.builtin.ClickKeyword.click(ClickKeyword.groovy:76)
	at com.kms.katalon.core.webui.keyword.builtin.ClickKeyword.execute(ClickKeyword.groovy:43)
	at com.kms.katalon.core.keyword.internal.KeywordExecutor.executeKeywordForPlatform(KeywordExecutor.groovy:72)
	at com.kms.katalon.core.webui.keyword.WebUiBuiltInKeywords.click(WebUiBuiltInKeywords.groovy:616)
	at com.kms.katalon.core.webui.keyword.WebUiBuiltInKeywords$click$3.call(Unknown Source)
	at TC_37_Set_a_header.run(TC_37_Set_a_header:32)
	at com.kms.katalon.core.main.ScriptEngine.run(ScriptEngine.java:194)
	at com.kms.katalon.core.main.ScriptEngine.runScriptAsRawText(ScriptEngine.java:119)
	at com.kms.katalon.core.main.TestCaseExecutor.runScript(TestCaseExecutor.java:337)
	at com.kms.katalon.core.main.TestCaseExecutor.doExecute(TestCaseExecutor.java:328)
	at com.kms.katalon.core.main.TestCaseExecutor.processExecutionPhase(TestCaseExecutor.java:307)
	at com.kms.katalon.core.main.TestCaseExecutor.accessMainPhase(TestCaseExecutor.java:299)
	at com.kms.katalon.core.main.TestCaseExecutor.execute(TestCaseExecutor.java:233)
	at com.kms.katalon.core.main.TestSuiteExecutor.accessTestCaseMainPhase(TestSuiteExecutor.java:169)
	at com.kms.katalon.core.main.TestSuiteExecutor.accessTestSuiteMainPhase(TestSuiteExecutor.java:142)
	at com.kms.katalon.core.main.TestSuiteExecutor.execute(TestSuiteExecutor.java:91)
	at com.kms.katalon.core.main.TestCaseMain.startTestSuite(TestCaseMain.java:157)
	at com.kms.katalon.core.main.TestCaseMain$startTestSuite$0.call(Unknown Source)
	at TempTestSuite1591347278292.run(TempTestSuite1591347278292.groovy:37)
Caused by: com.kms.katalon.core.webui.exception.WebElementNotFoundException: Web element with id: 'Object Repository/1612893/37_Set_a_header/Page_Thanh set Channel name - hcmus-cdnc-te_a699a0/button_Set a Header' located by 'By.xpath: //div[@id='channelIntro']/button[2]' not found
	at com.kms.katalon.core.webui.common.WebUiCommonHelper.findWebElement(WebUiCommonHelper.java:1154)
	at com.kms.katalon.core.webui.keyword.internal.WebUIAbstractKeyword.findWebElement(WebUIAbstractKeyword.groovy:27)
	at com.kms.katalon.core.webui.keyword.internal.WebUIAbstractKeyword.findWebElement(WebUIAbstractKeyword.groovy:26)
	at com.kms.katalon.core.webui.keyword.builtin.ClickKeyword$_click_closure1.doCall(ClickKeyword.groovy:67)
	at com.kms.katalon.core.webui.keyword.builtin.ClickKeyword$_click_closure1.call(ClickKeyword.groovy)
	at com.kms.katalon.core.webui.keyword.internal.WebUIKeywordMain.runKeyword(WebUIKeywordMain.groovy:20)
	at com.kms.katalon.core.webui.keyword.builtin.ClickKeyword.click(ClickKeyword.groovy:76)
	at com.kms.katalon.core.webui.keyword.builtin.ClickKeyword.execute(ClickKeyword.groovy:43)
	at com.kms.katalon.core.keyword.internal.KeywordExecutor.executeKeywordForPlatform(KeywordExecutor.groovy:72)
	at com.kms.katalon.core.webui.keyword.WebUiBuiltInKeywords.click(WebUiBuiltInKeywords.groovy:616)
	at com.kms.katalon.core.webui.keyword.WebUiBuiltInKeywords$click$3.call(Unknown Source)
	at Script1591173004583.run(Script1591173004583.groovy:32)
	... 13 more
)

2020-06-05 16:54:18 - [MESSAGE][INFO] - Unable to find the element located by 'By.xpath: //div[@id='channelIntro']/button[2]'. Please recheck the objects properties to make sure the desired element is located. 

2020-06-05 16:54:18 - [MESSAGE][FAILED] - Unable to click on object 'Object Repository/1612893/37_Set_a_header/Page_Thanh set Channel name - hcmus-cdnc-te_a699a0/button_Set a Header' (Root cause: com.kms.katalon.core.exception.StepFailedException: Unable to click on object 'Object Repository/1612893/37_Set_a_header/Page_Thanh set Channel name - hcmus-cdnc-te_a699a0/button_Set a Header'
	at com.kms.katalon.core.webui.keyword.internal.WebUIKeywordMain.stepFailed(WebUIKeywordMain.groovy:64)
	at com.kms.katalon.core.webui.keyword.internal.WebUIKeywordMain.runKeyword(WebUIKeywordMain.groovy:26)
	at com.kms.katalon.core.webui.keyword.builtin.ClickKeyword.click(ClickKeyword.groovy:76)
	at com.kms.katalon.core.webui.keyword.builtin.ClickKeyword.execute(ClickKeyword.groovy:43)
	at com.kms.katalon.core.keyword.internal.KeywordExecutor.executeKeywordForPlatform(KeywordExecutor.groovy:72)
	at com.kms.katalon.core.webui.keyword.WebUiBuiltInKeywords.click(WebUiBuiltInKeywords.groovy:616)
	at com.kms.katalon.core.webui.keyword.WebUiBuiltInKeywords$click$3.call(Unknown Source)
	at TC_37_Set_a_header.run(TC_37_Set_a_header:32)
	at com.kms.katalon.core.main.ScriptEngine.run(ScriptEngine.java:194)
	at com.kms.katalon.core.main.ScriptEngine.runScriptAsRawText(ScriptEngine.java:119)
	at com.kms.katalon.core.main.TestCaseExecutor.runScript(TestCaseExecutor.java:337)
	at com.kms.katalon.core.main.TestCaseExecutor.doExecute(TestCaseExecutor.java:328)
	at com.kms.katalon.core.main.TestCaseExecutor.processExecutionPhase(TestCaseExecutor.java:307)
	at com.kms.katalon.core.main.TestCaseExecutor.accessMainPhase(TestCaseExecutor.java:299)
	at com.kms.katalon.core.main.TestCaseExecutor.execute(TestCaseExecutor.java:233)
	at com.kms.katalon.core.main.TestSuiteExecutor.accessTestCaseMainPhase(TestSuiteExecutor.java:169)
	at com.kms.katalon.core.main.TestSuiteExecutor.accessTestSuiteMainPhase(TestSuiteExecutor.java:142)
	at com.kms.katalon.core.main.TestSuiteExecutor.execute(TestSuiteExecutor.java:91)
	at com.kms.katalon.core.main.TestCaseMain.startTestSuite(TestCaseMain.java:157)
	at com.kms.katalon.core.main.TestCaseMain$startTestSuite$0.call(Unknown Source)
	at TempTestSuite1591347278292.run(TempTestSuite1591347278292.groovy:37)
Caused by: com.kms.katalon.core.webui.exception.WebElementNotFoundException: Web element with id: 'Object Repository/1612893/37_Set_a_header/Page_Thanh set Channel name - hcmus-cdnc-te_a699a0/button_Set a Header' located by 'By.xpath: //div[@id='channelIntro']/button[2]' not found
	at com.kms.katalon.core.webui.common.WebUiCommonHelper.findWebElement(WebUiCommonHelper.java:1154)
	at com.kms.katalon.core.webui.keyword.internal.WebUIAbstractKeyword.findWebElement(WebUIAbstractKeyword.groovy:27)
	at com.kms.katalon.core.webui.keyword.internal.WebUIAbstractKeyword.findWebElement(WebUIAbstractKeyword.groovy:26)
	at com.kms.katalon.core.webui.keyword.builtin.ClickKeyword$_click_closure1.doCall(ClickKeyword.groovy:67)
	at com.kms.katalon.core.webui.keyword.builtin.ClickKeyword$_click_closure1.call(ClickKeyword.groovy)
	at com.kms.katalon.core.webui.keyword.internal.WebUIKeywordMain.runKeyword(WebUIKeywordMain.groovy:20)
	at com.kms.katalon.core.webui.keyword.builtin.ClickKeyword.click(ClickKeyword.groovy:76)
	at com.kms.katalon.core.webui.keyword.builtin.ClickKeyword.execute(ClickKeyword.groovy:43)
	at com.kms.katalon.core.keyword.internal.KeywordExecutor.executeKeywordForPlatform(KeywordExecutor.groovy:72)
	at com.kms.katalon.core.webui.keyword.WebUiBuiltInKeywords.click(WebUiBuiltInKeywords.groovy:616)
	at com.kms.katalon.core.webui.keyword.WebUiBuiltInKeywords$click$3.call(Unknown Source)
	at Script1591173004583.run(Script1591173004583.groovy:32)
	... 13 more
)
[[ATTACHMENT|C:\\Users\\Thanh\\Desktop\\github.com\\New folder (2)\\homeword02-mattermost-katalon\\Reports\\20200605_155438\\Run all test cases\\20200605_155438\\1591350858447.png]]]]></system-out>
         <system-err><![CDATA[2020-06-05 16:53:22 - [TEST_CASE][FAILED] - Test Cases/1612893/TC_37_Set_a_header: Test Cases/1612893/TC_37_Set_a_header FAILED.
Reason:
com.kms.katalon.core.exception.StepFailedException: Unable to click on object 'Object Repository/1612893/37_Set_a_header/Page_Thanh set Channel name - hcmus-cdnc-te_a699a0/button_Set a Header'
	at com.kms.katalon.core.webui.keyword.internal.WebUIKeywordMain.stepFailed(WebUIKeywordMain.groovy:64)
	at com.kms.katalon.core.webui.keyword.internal.WebUIKeywordMain.runKeyword(WebUIKeywordMain.groovy:26)
	at com.kms.katalon.core.webui.keyword.builtin.ClickKeyword.click(ClickKeyword.groovy:76)
	at com.kms.katalon.core.webui.keyword.builtin.ClickKeyword.execute(ClickKeyword.groovy:43)
	at com.kms.katalon.core.keyword.internal.KeywordExecutor.executeKeywordForPlatform(KeywordExecutor.groovy:72)
	at com.kms.katalon.core.webui.keyword.WebUiBuiltInKeywords.click(WebUiBuiltInKeywords.groovy:616)
	at com.kms.katalon.core.webui.keyword.WebUiBuiltInKeywords$click$3.call(Unknown Source)
	at TC_37_Set_a_header.run(TC_37_Set_a_header:32)
	at com.kms.katalon.core.main.ScriptEngine.run(ScriptEngine.java:194)
	at com.kms.katalon.core.main.ScriptEngine.runScriptAsRawText(ScriptEngine.java:119)
	at com.kms.katalon.core.main.TestCaseExecutor.runScript(TestCaseExecutor.java:337)
	at com.kms.katalon.core.main.TestCaseExecutor.doExecute(TestCaseExecutor.java:328)
	at com.kms.katalon.core.main.TestCaseExecutor.processExecutionPhase(TestCaseExecutor.java:307)
	at com.kms.katalon.core.main.TestCaseExecutor.accessMainPhase(TestCaseExecutor.java:299)
	at com.kms.katalon.core.main.TestCaseExecutor.execute(TestCaseExecutor.java:233)
	at com.kms.katalon.core.main.TestSuiteExecutor.accessTestCaseMainPhase(TestSuiteExecutor.java:169)
	at com.kms.katalon.core.main.TestSuiteExecutor.accessTestSuiteMainPhase(TestSuiteExecutor.java:142)
	at com.kms.katalon.core.main.TestSuiteExecutor.execute(TestSuiteExecutor.java:91)
	at com.kms.katalon.core.main.TestCaseMain.startTestSuite(TestCaseMain.java:157)
	at com.kms.katalon.core.main.TestCaseMain$startTestSuite$0.call(Unknown Source)
	at TempTestSuite1591347278292.run(TempTestSuite1591347278292.groovy:37)
Caused by: com.kms.katalon.core.webui.exception.WebElementNotFoundException: Web element with id: 'Object Repository/1612893/37_Set_a_header/Page_Thanh set Channel name - hcmus-cdnc-te_a699a0/button_Set a Header' located by 'By.xpath: //div[@id='channelIntro']/button[2]' not found
	at com.kms.katalon.core.webui.common.WebUiCommonHelper.findWebElement(WebUiCommonHelper.java:1154)
	at com.kms.katalon.core.webui.keyword.internal.WebUIAbstractKeyword.findWebElement(WebUIAbstractKeyword.groovy:27)
	at com.kms.katalon.core.webui.keyword.internal.WebUIAbstractKeyword.findWebElement(WebUIAbstractKeyword.groovy:26)
	at com.kms.katalon.core.webui.keyword.builtin.ClickKeyword$_click_closure1.doCall(ClickKeyword.groovy:67)
	at com.kms.katalon.core.webui.keyword.builtin.ClickKeyword$_click_closure1.call(ClickKeyword.groovy)
	at com.kms.katalon.core.webui.keyword.internal.WebUIKeywordMain.runKeyword(WebUIKeywordMain.groovy:20)
	... 19 more]]></system-err>
      </testcase>
      <testcase name="Test Cases/1612893/TC_37_Set_a_header" time="60.549" classname="Test Cases/1612893/TC_37_Set_a_header" status="FAILED">
         <failure type="FAILED" message="Test Cases/1612893/TC_37_Set_a_header FAILED.
Reason:
com.kms.katalon.core.exception.StepFailedException: Unable to click on object 'Object Repository/1612893/37_Set_a_header/Page_Thanh set Channel name - hcmus-cdnc-te_a699a0/button_Set a Header'
	at com.kms.katalon.core.webui.keyword.internal.WebUIKeywordMain.stepFailed(WebUIKeywordMain.groovy:64)
	at com.kms.katalon.core.webui.keyword.internal.WebUIKeywordMain.runKeyword(WebUIKeywordMain.groovy:26)
	at com.kms.katalon.core.webui.keyword.builtin.ClickKeyword.click(ClickKeyword.groovy:76)
	at com.kms.katalon.core.webui.keyword.builtin.ClickKeyword.execute(ClickKeyword.groovy:43)
	at com.kms.katalon.core.keyword.internal.KeywordExecutor.executeKeywordForPlatform(KeywordExecutor.groovy:72)
	at com.kms.katalon.core.webui.keyword.WebUiBuiltInKeywords.click(WebUiBuiltInKeywords.groovy:616)
	at com.kms.katalon.core.webui.keyword.WebUiBuiltInKeywords$click$3.call(Unknown Source)
	at TC_37_Set_a_header.run(TC_37_Set_a_header:32)
	at com.kms.katalon.core.main.ScriptEngine.run(ScriptEngine.java:194)
	at com.kms.katalon.core.main.ScriptEngine.runScriptAsRawText(ScriptEngine.java:119)
	at com.kms.katalon.core.main.TestCaseExecutor.runScript(TestCaseExecutor.java:337)
	at com.kms.katalon.core.main.TestCaseExecutor.doExecute(TestCaseExecutor.java:328)
	at com.kms.katalon.core.main.TestCaseExecutor.processExecutionPhase(TestCaseExecutor.java:307)
	at com.kms.katalon.core.main.TestCaseExecutor.accessMainPhase(TestCaseExecutor.java:299)
	at com.kms.katalon.core.main.TestCaseExecutor.execute(TestCaseExecutor.java:233)
	at com.kms.katalon.core.main.TestSuiteExecutor.accessTestCaseMainPhase(TestSuiteExecutor.java:169)
	at com.kms.katalon.core.main.TestSuiteExecutor.accessTestSuiteMainPhase(TestSuiteExecutor.java:142)
	at com.kms.katalon.core.main.TestSuiteExecutor.execute(TestSuiteExecutor.java:91)
	at com.kms.katalon.core.main.TestCaseMain.startTestSuite(TestCaseMain.java:157)
	at com.kms.katalon.core.main.TestCaseMain$startTestSuite$0.call(Unknown Source)
	at TempTestSuite1591347278292.run(TempTestSuite1591347278292.groovy:37)
Caused by: com.kms.katalon.core.webui.exception.WebElementNotFoundException: Web element with id: 'Object Repository/1612893/37_Set_a_header/Page_Thanh set Channel name - hcmus-cdnc-te_a699a0/button_Set a Header' located by 'By.xpath: //div[@id='channelIntro']/button[2]' not found
	at com.kms.katalon.core.webui.common.WebUiCommonHelper.findWebElement(WebUiCommonHelper.java:1154)
	at com.kms.katalon.core.webui.keyword.internal.WebUIAbstractKeyword.findWebElement(WebUIAbstractKeyword.groovy:27)
	at com.kms.katalon.core.webui.keyword.internal.WebUIAbstractKeyword.findWebElement(WebUIAbstractKeyword.groovy:26)
	at com.kms.katalon.core.webui.keyword.builtin.ClickKeyword$_click_closure1.doCall(ClickKeyword.groovy:67)
	at com.kms.katalon.core.webui.keyword.builtin.ClickKeyword$_click_closure1.call(ClickKeyword.groovy)
	at com.kms.katalon.core.webui.keyword.internal.WebUIKeywordMain.runKeyword(WebUIKeywordMain.groovy:20)
	... 19 more
"/>
         <system-out><![CDATA[2020-06-05 16:54:18 - [TEST_CASE][FAILED] - Test Cases/1612893/TC_37_Set_a_header: Test Cases/1612893/TC_37_Set_a_header FAILED.
Reason:
com.kms.katalon.core.exception.StepFailedException: Unable to click on object 'Object Repository/1612893/37_Set_a_header/Page_Thanh set Channel name - hcmus-cdnc-te_a699a0/button_Set a Header'
	at com.kms.katalon.core.webui.keyword.internal.WebUIKeywordMain.stepFailed(WebUIKeywordMain.groovy:64)
	at com.kms.katalon.core.webui.keyword.internal.WebUIKeywordMain.runKeyword(WebUIKeywordMain.groovy:26)
	at com.kms.katalon.core.webui.keyword.builtin.ClickKeyword.click(ClickKeyword.groovy:76)
	at com.kms.katalon.core.webui.keyword.builtin.ClickKeyword.execute(ClickKeyword.groovy:43)
	at com.kms.katalon.core.keyword.internal.KeywordExecutor.executeKeywordForPlatform(KeywordExecutor.groovy:72)
	at com.kms.katalon.core.webui.keyword.WebUiBuiltInKeywords.click(WebUiBuiltInKeywords.groovy:616)
	at com.kms.katalon.core.webui.keyword.WebUiBuiltInKeywords$click$3.call(Unknown Source)
	at TC_37_Set_a_header.run(TC_37_Set_a_header:32)
	at com.kms.katalon.core.main.ScriptEngine.run(ScriptEngine.java:194)
	at com.kms.katalon.core.main.ScriptEngine.runScriptAsRawText(ScriptEngine.java:119)
	at com.kms.katalon.core.main.TestCaseExecutor.runScript(TestCaseExecutor.java:337)
	at com.kms.katalon.core.main.TestCaseExecutor.doExecute(TestCaseExecutor.java:328)
	at com.kms.katalon.core.main.TestCaseExecutor.processExecutionPhase(TestCaseExecutor.java:307)
	at com.kms.katalon.core.main.TestCaseExecutor.accessMainPhase(TestCaseExecutor.java:299)
	at com.kms.katalon.core.main.TestCaseExecutor.execute(TestCaseExecutor.java:233)
	at com.kms.katalon.core.main.TestSuiteExecutor.accessTestCaseMainPhase(TestSuiteExecutor.java:169)
	at com.kms.katalon.core.main.TestSuiteExecutor.accessTestSuiteMainPhase(TestSuiteExecutor.java:142)
	at com.kms.katalon.core.main.TestSuiteExecutor.execute(TestSuiteExecutor.java:91)
	at com.kms.katalon.core.main.TestCaseMain.startTestSuite(TestCaseMain.java:157)
	at com.kms.katalon.core.main.TestCaseMain$startTestSuite$0.call(Unknown Source)
	at TempTestSuite1591347278292.run(TempTestSuite1591347278292.groovy:37)
Caused by: com.kms.katalon.core.webui.exception.WebElementNotFoundException: Web element with id: 'Object Repository/1612893/37_Set_a_header/Page_Thanh set Channel name - hcmus-cdnc-te_a699a0/button_Set a Header' located by 'By.xpath: //div[@id='channelIntro']/button[2]' not found
	at com.kms.katalon.core.webui.common.WebUiCommonHelper.findWebElement(WebUiCommonHelper.java:1154)
	at com.kms.katalon.core.webui.keyword.internal.WebUIAbstractKeyword.findWebElement(WebUIAbstractKeyword.groovy:27)
	at com.kms.katalon.core.webui.keyword.internal.WebUIAbstractKeyword.findWebElement(WebUIAbstractKeyword.groovy:26)
	at com.kms.katalon.core.webui.keyword.builtin.ClickKeyword$_click_closure1.doCall(ClickKeyword.groovy:67)
	at com.kms.katalon.core.webui.keyword.builtin.ClickKeyword$_click_closure1.call(ClickKeyword.groovy)
	at com.kms.katalon.core.webui.keyword.internal.WebUIKeywordMain.runKeyword(WebUIKeywordMain.groovy:20)
	... 19 more


2020-06-05 16:54:18 - [TEST_STEP][PASSED] - openBrowser(""): Browser is opened with url: ''

2020-06-05 16:54:18 - [MESSAGE][WARNING] - A browser is already opened. Closing browser and opening a new one

2020-06-05 16:54:19 - [MESSAGE][INFO] - Starting 'Chrome' driver

2020-06-05 16:54:19 - [MESSAGE][INFO] - Action delay is set to 0 milliseconds

2020-06-05 16:54:23 - [MESSAGE][PASSED] - Browser is opened with url: ''

2020-06-05 16:54:23 - [TEST_STEP][PASSED] - navigateToUrl("http://localhost:8065/login"): Navigate to 'http://localhost:8065/login' successfully

2020-06-05 16:54:25 - [MESSAGE][PASSED] - Navigate to 'http://localhost:8065/login' successfully

2020-06-05 16:54:25 - [TEST_STEP][PASSED] - setText(findTestObject("Object Repository/1612893/37_Set_a_header/Page_Mattermost/input_All team communication in one place s_703ef5"), "hcmus-cdnc"): Text 'hcmus-cdnc' is set on object 'Object Repository/1612893/37_Set_a_header/Page_Mattermost/input_All team communication in one place s_703ef5'

2020-06-05 16:54:27 - [MESSAGE][PASSED] - Text 'hcmus-cdnc' is set on object 'Object Repository/1612893/37_Set_a_header/Page_Mattermost/input_All team communication in one place s_703ef5'

2020-06-05 16:54:27 - [TEST_STEP][PASSED] - setEncryptedText(findTestObject("Object Repository/1612893/37_Set_a_header/Page_Mattermost/input_All team communication in one place s_2f2733"), "aeHFOx8jV/A="): Text ****** has been set on object 'Object Repository/1612893/37_Set_a_header/Page_Mattermost/input_All team communication in one place s_2f2733'

2020-06-05 16:54:27 - [MESSAGE][PASSED] - Text ****** has been set on object 'Object Repository/1612893/37_Set_a_header/Page_Mattermost/input_All team communication in one place s_2f2733'

2020-06-05 16:54:27 - [TEST_STEP][PASSED] - sendKeys(findTestObject("Object Repository/1612893/37_Set_a_header/Page_Mattermost/input_All team communication in one place s_2f2733"), Keys.chord(ENTER)): Keys 'ENTER + ' sent to object: 'Object Repository/1612893/37_Set_a_header/Page_Mattermost/input_All team communication in one place s_2f2733'

2020-06-05 16:54:28 - [MESSAGE][PASSED] - Keys 'ENTER + ' sent to object: 'Object Repository/1612893/37_Set_a_header/Page_Mattermost/input_All team communication in one place s_2f2733'

2020-06-05 16:54:28 - [TEST_STEP][FAILED] - click(findTestObject("Object Repository/1612893/37_Set_a_header/Page_Thanh set Channel name - hcmus-cdnc-te_a699a0/button_Set a Header")): Unable to click on object 'Object Repository/1612893/37_Set_a_header/Page_Thanh set Channel name - hcmus-cdnc-te_a699a0/button_Set a Header' (Root cause: com.kms.katalon.core.exception.StepFailedException: Unable to click on object 'Object Repository/1612893/37_Set_a_header/Page_Thanh set Channel name - hcmus-cdnc-te_a699a0/button_Set a Header'
	at com.kms.katalon.core.webui.keyword.internal.WebUIKeywordMain.stepFailed(WebUIKeywordMain.groovy:64)
	at com.kms.katalon.core.webui.keyword.internal.WebUIKeywordMain.runKeyword(WebUIKeywordMain.groovy:26)
	at com.kms.katalon.core.webui.keyword.builtin.ClickKeyword.click(ClickKeyword.groovy:76)
	at com.kms.katalon.core.webui.keyword.builtin.ClickKeyword.execute(ClickKeyword.groovy:43)
	at com.kms.katalon.core.keyword.internal.KeywordExecutor.executeKeywordForPlatform(KeywordExecutor.groovy:72)
	at com.kms.katalon.core.webui.keyword.WebUiBuiltInKeywords.click(WebUiBuiltInKeywords.groovy:616)
	at com.kms.katalon.core.webui.keyword.WebUiBuiltInKeywords$click$3.call(Unknown Source)
	at TC_37_Set_a_header.run(TC_37_Set_a_header:32)
	at com.kms.katalon.core.main.ScriptEngine.run(ScriptEngine.java:194)
	at com.kms.katalon.core.main.ScriptEngine.runScriptAsRawText(ScriptEngine.java:119)
	at com.kms.katalon.core.main.TestCaseExecutor.runScript(TestCaseExecutor.java:337)
	at com.kms.katalon.core.main.TestCaseExecutor.doExecute(TestCaseExecutor.java:328)
	at com.kms.katalon.core.main.TestCaseExecutor.processExecutionPhase(TestCaseExecutor.java:307)
	at com.kms.katalon.core.main.TestCaseExecutor.accessMainPhase(TestCaseExecutor.java:299)
	at com.kms.katalon.core.main.TestCaseExecutor.execute(TestCaseExecutor.java:233)
	at com.kms.katalon.core.main.TestSuiteExecutor.accessTestCaseMainPhase(TestSuiteExecutor.java:169)
	at com.kms.katalon.core.main.TestSuiteExecutor.accessTestSuiteMainPhase(TestSuiteExecutor.java:142)
	at com.kms.katalon.core.main.TestSuiteExecutor.execute(TestSuiteExecutor.java:91)
	at com.kms.katalon.core.main.TestCaseMain.startTestSuite(TestCaseMain.java:157)
	at com.kms.katalon.core.main.TestCaseMain$startTestSuite$0.call(Unknown Source)
	at TempTestSuite1591347278292.run(TempTestSuite1591347278292.groovy:37)
Caused by: com.kms.katalon.core.webui.exception.WebElementNotFoundException: Web element with id: 'Object Repository/1612893/37_Set_a_header/Page_Thanh set Channel name - hcmus-cdnc-te_a699a0/button_Set a Header' located by 'By.xpath: //div[@id='channelIntro']/button[2]' not found
	at com.kms.katalon.core.webui.common.WebUiCommonHelper.findWebElement(WebUiCommonHelper.java:1154)
	at com.kms.katalon.core.webui.keyword.internal.WebUIAbstractKeyword.findWebElement(WebUIAbstractKeyword.groovy:27)
	at com.kms.katalon.core.webui.keyword.internal.WebUIAbstractKeyword.findWebElement(WebUIAbstractKeyword.groovy:26)
	at com.kms.katalon.core.webui.keyword.builtin.ClickKeyword$_click_closure1.doCall(ClickKeyword.groovy:67)
	at com.kms.katalon.core.webui.keyword.builtin.ClickKeyword$_click_closure1.call(ClickKeyword.groovy)
	at com.kms.katalon.core.webui.keyword.internal.WebUIKeywordMain.runKeyword(WebUIKeywordMain.groovy:20)
	at com.kms.katalon.core.webui.keyword.builtin.ClickKeyword.click(ClickKeyword.groovy:76)
	at com.kms.katalon.core.webui.keyword.builtin.ClickKeyword.execute(ClickKeyword.groovy:43)
	at com.kms.katalon.core.keyword.internal.KeywordExecutor.executeKeywordForPlatform(KeywordExecutor.groovy:72)
	at com.kms.katalon.core.webui.keyword.WebUiBuiltInKeywords.click(WebUiBuiltInKeywords.groovy:616)
	at com.kms.katalon.core.webui.keyword.WebUiBuiltInKeywords$click$3.call(Unknown Source)
	at Script1591173004583.run(Script1591173004583.groovy:32)
	... 13 more
)

2020-06-05 16:55:18 - [MESSAGE][INFO] - Unable to find the element located by 'By.xpath: //div[@id='channelIntro']/button[2]'. Please recheck the objects properties to make sure the desired element is located. 

2020-06-05 16:55:19 - [MESSAGE][FAILED] - Unable to click on object 'Object Repository/1612893/37_Set_a_header/Page_Thanh set Channel name - hcmus-cdnc-te_a699a0/button_Set a Header' (Root cause: com.kms.katalon.core.exception.StepFailedException: Unable to click on object 'Object Repository/1612893/37_Set_a_header/Page_Thanh set Channel name - hcmus-cdnc-te_a699a0/button_Set a Header'
	at com.kms.katalon.core.webui.keyword.internal.WebUIKeywordMain.stepFailed(WebUIKeywordMain.groovy:64)
	at com.kms.katalon.core.webui.keyword.internal.WebUIKeywordMain.runKeyword(WebUIKeywordMain.groovy:26)
	at com.kms.katalon.core.webui.keyword.builtin.ClickKeyword.click(ClickKeyword.groovy:76)
	at com.kms.katalon.core.webui.keyword.builtin.ClickKeyword.execute(ClickKeyword.groovy:43)
	at com.kms.katalon.core.keyword.internal.KeywordExecutor.executeKeywordForPlatform(KeywordExecutor.groovy:72)
	at com.kms.katalon.core.webui.keyword.WebUiBuiltInKeywords.click(WebUiBuiltInKeywords.groovy:616)
	at com.kms.katalon.core.webui.keyword.WebUiBuiltInKeywords$click$3.call(Unknown Source)
	at TC_37_Set_a_header.run(TC_37_Set_a_header:32)
	at com.kms.katalon.core.main.ScriptEngine.run(ScriptEngine.java:194)
	at com.kms.katalon.core.main.ScriptEngine.runScriptAsRawText(ScriptEngine.java:119)
	at com.kms.katalon.core.main.TestCaseExecutor.runScript(TestCaseExecutor.java:337)
	at com.kms.katalon.core.main.TestCaseExecutor.doExecute(TestCaseExecutor.java:328)
	at com.kms.katalon.core.main.TestCaseExecutor.processExecutionPhase(TestCaseExecutor.java:307)
	at com.kms.katalon.core.main.TestCaseExecutor.accessMainPhase(TestCaseExecutor.java:299)
	at com.kms.katalon.core.main.TestCaseExecutor.execute(TestCaseExecutor.java:233)
	at com.kms.katalon.core.main.TestSuiteExecutor.accessTestCaseMainPhase(TestSuiteExecutor.java:169)
	at com.kms.katalon.core.main.TestSuiteExecutor.accessTestSuiteMainPhase(TestSuiteExecutor.java:142)
	at com.kms.katalon.core.main.TestSuiteExecutor.execute(TestSuiteExecutor.java:91)
	at com.kms.katalon.core.main.TestCaseMain.startTestSuite(TestCaseMain.java:157)
	at com.kms.katalon.core.main.TestCaseMain$startTestSuite$0.call(Unknown Source)
	at TempTestSuite1591347278292.run(TempTestSuite1591347278292.groovy:37)
Caused by: com.kms.katalon.core.webui.exception.WebElementNotFoundException: Web element with id: 'Object Repository/1612893/37_Set_a_header/Page_Thanh set Channel name - hcmus-cdnc-te_a699a0/button_Set a Header' located by 'By.xpath: //div[@id='channelIntro']/button[2]' not found
	at com.kms.katalon.core.webui.common.WebUiCommonHelper.findWebElement(WebUiCommonHelper.java:1154)
	at com.kms.katalon.core.webui.keyword.internal.WebUIAbstractKeyword.findWebElement(WebUIAbstractKeyword.groovy:27)
	at com.kms.katalon.core.webui.keyword.internal.WebUIAbstractKeyword.findWebElement(WebUIAbstractKeyword.groovy:26)
	at com.kms.katalon.core.webui.keyword.builtin.ClickKeyword$_click_closure1.doCall(ClickKeyword.groovy:67)
	at com.kms.katalon.core.webui.keyword.builtin.ClickKeyword$_click_closure1.call(ClickKeyword.groovy)
	at com.kms.katalon.core.webui.keyword.internal.WebUIKeywordMain.runKeyword(WebUIKeywordMain.groovy:20)
	at com.kms.katalon.core.webui.keyword.builtin.ClickKeyword.click(ClickKeyword.groovy:76)
	at com.kms.katalon.core.webui.keyword.builtin.ClickKeyword.execute(ClickKeyword.groovy:43)
	at com.kms.katalon.core.keyword.internal.KeywordExecutor.executeKeywordForPlatform(KeywordExecutor.groovy:72)
	at com.kms.katalon.core.webui.keyword.WebUiBuiltInKeywords.click(WebUiBuiltInKeywords.groovy:616)
	at com.kms.katalon.core.webui.keyword.WebUiBuiltInKeywords$click$3.call(Unknown Source)
	at Script1591173004583.run(Script1591173004583.groovy:32)
	... 13 more
)
[[ATTACHMENT|C:\\Users\\Thanh\\Desktop\\github.com\\New folder (2)\\homeword02-mattermost-katalon\\Reports\\20200605_155438\\Run all test cases\\20200605_155438\\1591350918870.png]]]]></system-out>
         <system-err><![CDATA[2020-06-05 16:54:18 - [TEST_CASE][FAILED] - Test Cases/1612893/TC_37_Set_a_header: Test Cases/1612893/TC_37_Set_a_header FAILED.
Reason:
com.kms.katalon.core.exception.StepFailedException: Unable to click on object 'Object Repository/1612893/37_Set_a_header/Page_Thanh set Channel name - hcmus-cdnc-te_a699a0/button_Set a Header'
	at com.kms.katalon.core.webui.keyword.internal.WebUIKeywordMain.stepFailed(WebUIKeywordMain.groovy:64)
	at com.kms.katalon.core.webui.keyword.internal.WebUIKeywordMain.runKeyword(WebUIKeywordMain.groovy:26)
	at com.kms.katalon.core.webui.keyword.builtin.ClickKeyword.click(ClickKeyword.groovy:76)
	at com.kms.katalon.core.webui.keyword.builtin.ClickKeyword.execute(ClickKeyword.groovy:43)
	at com.kms.katalon.core.keyword.internal.KeywordExecutor.executeKeywordForPlatform(KeywordExecutor.groovy:72)
	at com.kms.katalon.core.webui.keyword.WebUiBuiltInKeywords.click(WebUiBuiltInKeywords.groovy:616)
	at com.kms.katalon.core.webui.keyword.WebUiBuiltInKeywords$click$3.call(Unknown Source)
	at TC_37_Set_a_header.run(TC_37_Set_a_header:32)
	at com.kms.katalon.core.main.ScriptEngine.run(ScriptEngine.java:194)
	at com.kms.katalon.core.main.ScriptEngine.runScriptAsRawText(ScriptEngine.java:119)
	at com.kms.katalon.core.main.TestCaseExecutor.runScript(TestCaseExecutor.java:337)
	at com.kms.katalon.core.main.TestCaseExecutor.doExecute(TestCaseExecutor.java:328)
	at com.kms.katalon.core.main.TestCaseExecutor.processExecutionPhase(TestCaseExecutor.java:307)
	at com.kms.katalon.core.main.TestCaseExecutor.accessMainPhase(TestCaseExecutor.java:299)
	at com.kms.katalon.core.main.TestCaseExecutor.execute(TestCaseExecutor.java:233)
	at com.kms.katalon.core.main.TestSuiteExecutor.accessTestCaseMainPhase(TestSuiteExecutor.java:169)
	at com.kms.katalon.core.main.TestSuiteExecutor.accessTestSuiteMainPhase(TestSuiteExecutor.java:142)
	at com.kms.katalon.core.main.TestSuiteExecutor.execute(TestSuiteExecutor.java:91)
	at com.kms.katalon.core.main.TestCaseMain.startTestSuite(TestCaseMain.java:157)
	at com.kms.katalon.core.main.TestCaseMain$startTestSuite$0.call(Unknown Source)
	at TempTestSuite1591347278292.run(TempTestSuite1591347278292.groovy:37)
Caused by: com.kms.katalon.core.webui.exception.WebElementNotFoundException: Web element with id: 'Object Repository/1612893/37_Set_a_header/Page_Thanh set Channel name - hcmus-cdnc-te_a699a0/button_Set a Header' located by 'By.xpath: //div[@id='channelIntro']/button[2]' not found
	at com.kms.katalon.core.webui.common.WebUiCommonHelper.findWebElement(WebUiCommonHelper.java:1154)
	at com.kms.katalon.core.webui.keyword.internal.WebUIAbstractKeyword.findWebElement(WebUIAbstractKeyword.groovy:27)
	at com.kms.katalon.core.webui.keyword.internal.WebUIAbstractKeyword.findWebElement(WebUIAbstractKeyword.groovy:26)
	at com.kms.katalon.core.webui.keyword.builtin.ClickKeyword$_click_closure1.doCall(ClickKeyword.groovy:67)
	at com.kms.katalon.core.webui.keyword.builtin.ClickKeyword$_click_closure1.call(ClickKeyword.groovy)
	at com.kms.katalon.core.webui.keyword.internal.WebUIKeywordMain.runKeyword(WebUIKeywordMain.groovy:20)
	... 19 more]]></system-err>
      </testcase>
      <testcase name="Test Cases/1612893/TC_37_Set_a_header" time="53.292" classname="Test Cases/1612893/TC_37_Set_a_header" status="FAILED">
         <failure type="FAILED" message="Test Cases/1612893/TC_37_Set_a_header FAILED.
Reason:
com.kms.katalon.core.exception.StepFailedException: Unable to click on object 'Object Repository/1612893/37_Set_a_header/Page_Thanh set Channel name - hcmus-cdnc-te_a699a0/button_Set a Header'
	at com.kms.katalon.core.webui.keyword.internal.WebUIKeywordMain.stepFailed(WebUIKeywordMain.groovy:64)
	at com.kms.katalon.core.webui.keyword.internal.WebUIKeywordMain.runKeyword(WebUIKeywordMain.groovy:26)
	at com.kms.katalon.core.webui.keyword.builtin.ClickKeyword.click(ClickKeyword.groovy:76)
	at com.kms.katalon.core.webui.keyword.builtin.ClickKeyword.execute(ClickKeyword.groovy:43)
	at com.kms.katalon.core.keyword.internal.KeywordExecutor.executeKeywordForPlatform(KeywordExecutor.groovy:72)
	at com.kms.katalon.core.webui.keyword.WebUiBuiltInKeywords.click(WebUiBuiltInKeywords.groovy:616)
	at com.kms.katalon.core.webui.keyword.WebUiBuiltInKeywords$click$3.call(Unknown Source)
	at TC_37_Set_a_header.run(TC_37_Set_a_header:32)
	at com.kms.katalon.core.main.ScriptEngine.run(ScriptEngine.java:194)
	at com.kms.katalon.core.main.ScriptEngine.runScriptAsRawText(ScriptEngine.java:119)
	at com.kms.katalon.core.main.TestCaseExecutor.runScript(TestCaseExecutor.java:337)
	at com.kms.katalon.core.main.TestCaseExecutor.doExecute(TestCaseExecutor.java:328)
	at com.kms.katalon.core.main.TestCaseExecutor.processExecutionPhase(TestCaseExecutor.java:307)
	at com.kms.katalon.core.main.TestCaseExecutor.accessMainPhase(TestCaseExecutor.java:299)
	at com.kms.katalon.core.main.TestCaseExecutor.execute(TestCaseExecutor.java:233)
	at com.kms.katalon.core.main.TestSuiteExecutor.accessTestCaseMainPhase(TestSuiteExecutor.java:169)
	at com.kms.katalon.core.main.TestSuiteExecutor.accessTestSuiteMainPhase(TestSuiteExecutor.java:142)
	at com.kms.katalon.core.main.TestSuiteExecutor.execute(TestSuiteExecutor.java:91)
	at com.kms.katalon.core.main.TestCaseMain.startTestSuite(TestCaseMain.java:157)
	at com.kms.katalon.core.main.TestCaseMain$startTestSuite$0.call(Unknown Source)
	at TempTestSuite1591347278292.run(TempTestSuite1591347278292.groovy:37)
Caused by: com.kms.katalon.core.webui.exception.WebElementNotFoundException: Web element with id: 'Object Repository/1612893/37_Set_a_header/Page_Thanh set Channel name - hcmus-cdnc-te_a699a0/button_Set a Header' located by 'By.xpath: //div[@id='channelIntro']/button[2]' not found
	at com.kms.katalon.core.webui.common.WebUiCommonHelper.findWebElement(WebUiCommonHelper.java:1154)
	at com.kms.katalon.core.webui.keyword.internal.WebUIAbstractKeyword.findWebElement(WebUIAbstractKeyword.groovy:27)
	at com.kms.katalon.core.webui.keyword.internal.WebUIAbstractKeyword.findWebElement(WebUIAbstractKeyword.groovy:26)
	at com.kms.katalon.core.webui.keyword.builtin.ClickKeyword$_click_closure1.doCall(ClickKeyword.groovy:67)
	at com.kms.katalon.core.webui.keyword.builtin.ClickKeyword$_click_closure1.call(ClickKeyword.groovy)
	at com.kms.katalon.core.webui.keyword.internal.WebUIKeywordMain.runKeyword(WebUIKeywordMain.groovy:20)
	... 19 more
"/>
         <system-out><![CDATA[2020-06-05 16:55:19 - [TEST_CASE][FAILED] - Test Cases/1612893/TC_37_Set_a_header: Test Cases/1612893/TC_37_Set_a_header FAILED.
Reason:
com.kms.katalon.core.exception.StepFailedException: Unable to click on object 'Object Repository/1612893/37_Set_a_header/Page_Thanh set Channel name - hcmus-cdnc-te_a699a0/button_Set a Header'
	at com.kms.katalon.core.webui.keyword.internal.WebUIKeywordMain.stepFailed(WebUIKeywordMain.groovy:64)
	at com.kms.katalon.core.webui.keyword.internal.WebUIKeywordMain.runKeyword(WebUIKeywordMain.groovy:26)
	at com.kms.katalon.core.webui.keyword.builtin.ClickKeyword.click(ClickKeyword.groovy:76)
	at com.kms.katalon.core.webui.keyword.builtin.ClickKeyword.execute(ClickKeyword.groovy:43)
	at com.kms.katalon.core.keyword.internal.KeywordExecutor.executeKeywordForPlatform(KeywordExecutor.groovy:72)
	at com.kms.katalon.core.webui.keyword.WebUiBuiltInKeywords.click(WebUiBuiltInKeywords.groovy:616)
	at com.kms.katalon.core.webui.keyword.WebUiBuiltInKeywords$click$3.call(Unknown Source)
	at TC_37_Set_a_header.run(TC_37_Set_a_header:32)
	at com.kms.katalon.core.main.ScriptEngine.run(ScriptEngine.java:194)
	at com.kms.katalon.core.main.ScriptEngine.runScriptAsRawText(ScriptEngine.java:119)
	at com.kms.katalon.core.main.TestCaseExecutor.runScript(TestCaseExecutor.java:337)
	at com.kms.katalon.core.main.TestCaseExecutor.doExecute(TestCaseExecutor.java:328)
	at com.kms.katalon.core.main.TestCaseExecutor.processExecutionPhase(TestCaseExecutor.java:307)
	at com.kms.katalon.core.main.TestCaseExecutor.accessMainPhase(TestCaseExecutor.java:299)
	at com.kms.katalon.core.main.TestCaseExecutor.execute(TestCaseExecutor.java:233)
	at com.kms.katalon.core.main.TestSuiteExecutor.accessTestCaseMainPhase(TestSuiteExecutor.java:169)
	at com.kms.katalon.core.main.TestSuiteExecutor.accessTestSuiteMainPhase(TestSuiteExecutor.java:142)
	at com.kms.katalon.core.main.TestSuiteExecutor.execute(TestSuiteExecutor.java:91)
	at com.kms.katalon.core.main.TestCaseMain.startTestSuite(TestCaseMain.java:157)
	at com.kms.katalon.core.main.TestCaseMain$startTestSuite$0.call(Unknown Source)
	at TempTestSuite1591347278292.run(TempTestSuite1591347278292.groovy:37)
Caused by: com.kms.katalon.core.webui.exception.WebElementNotFoundException: Web element with id: 'Object Repository/1612893/37_Set_a_header/Page_Thanh set Channel name - hcmus-cdnc-te_a699a0/button_Set a Header' located by 'By.xpath: //div[@id='channelIntro']/button[2]' not found
	at com.kms.katalon.core.webui.common.WebUiCommonHelper.findWebElement(WebUiCommonHelper.java:1154)
	at com.kms.katalon.core.webui.keyword.internal.WebUIAbstractKeyword.findWebElement(WebUIAbstractKeyword.groovy:27)
	at com.kms.katalon.core.webui.keyword.internal.WebUIAbstractKeyword.findWebElement(WebUIAbstractKeyword.groovy:26)
	at com.kms.katalon.core.webui.keyword.builtin.ClickKeyword$_click_closure1.doCall(ClickKeyword.groovy:67)
	at com.kms.katalon.core.webui.keyword.builtin.ClickKeyword$_click_closure1.call(ClickKeyword.groovy)
	at com.kms.katalon.core.webui.keyword.internal.WebUIKeywordMain.runKeyword(WebUIKeywordMain.groovy:20)
	... 19 more


2020-06-05 16:55:19 - [TEST_STEP][PASSED] - openBrowser(""): Browser is opened with url: ''

2020-06-05 16:55:19 - [MESSAGE][WARNING] - A browser is already opened. Closing browser and opening a new one

2020-06-05 16:55:20 - [MESSAGE][INFO] - Starting 'Chrome' driver

2020-06-05 16:55:20 - [MESSAGE][INFO] - Action delay is set to 0 milliseconds

2020-06-05 16:55:23 - [MESSAGE][PASSED] - Browser is opened with url: ''

2020-06-05 16:55:23 - [TEST_STEP][PASSED] - navigateToUrl("http://localhost:8065/login"): Navigate to 'http://localhost:8065/login' successfully

2020-06-05 16:55:25 - [MESSAGE][PASSED] - Navigate to 'http://localhost:8065/login' successfully

2020-06-05 16:55:25 - [TEST_STEP][PASSED] - setText(findTestObject("Object Repository/1612893/37_Set_a_header/Page_Mattermost/input_All team communication in one place s_703ef5"), "hcmus-cdnc"): Text 'hcmus-cdnc' is set on object 'Object Repository/1612893/37_Set_a_header/Page_Mattermost/input_All team communication in one place s_703ef5'

2020-06-05 16:55:28 - [MESSAGE][PASSED] - Text 'hcmus-cdnc' is set on object 'Object Repository/1612893/37_Set_a_header/Page_Mattermost/input_All team communication in one place s_703ef5'

2020-06-05 16:55:28 - [TEST_STEP][PASSED] - setEncryptedText(findTestObject("Object Repository/1612893/37_Set_a_header/Page_Mattermost/input_All team communication in one place s_2f2733"), "aeHFOx8jV/A="): Text ****** has been set on object 'Object Repository/1612893/37_Set_a_header/Page_Mattermost/input_All team communication in one place s_2f2733'

2020-06-05 16:55:28 - [MESSAGE][PASSED] - Text ****** has been set on object 'Object Repository/1612893/37_Set_a_header/Page_Mattermost/input_All team communication in one place s_2f2733'

2020-06-05 16:55:28 - [TEST_STEP][PASSED] - sendKeys(findTestObject("Object Repository/1612893/37_Set_a_header/Page_Mattermost/input_All team communication in one place s_2f2733"), Keys.chord(ENTER)): Keys 'ENTER + ' sent to object: 'Object Repository/1612893/37_Set_a_header/Page_Mattermost/input_All team communication in one place s_2f2733'

2020-06-05 16:55:29 - [MESSAGE][PASSED] - Keys 'ENTER + ' sent to object: 'Object Repository/1612893/37_Set_a_header/Page_Mattermost/input_All team communication in one place s_2f2733'

2020-06-05 16:55:29 - [TEST_STEP][FAILED] - click(findTestObject("Object Repository/1612893/37_Set_a_header/Page_Thanh set Channel name - hcmus-cdnc-te_a699a0/button_Set a Header")): Unable to click on object 'Object Repository/1612893/37_Set_a_header/Page_Thanh set Channel name - hcmus-cdnc-te_a699a0/button_Set a Header' (Root cause: com.kms.katalon.core.exception.StepFailedException: Unable to click on object 'Object Repository/1612893/37_Set_a_header/Page_Thanh set Channel name - hcmus-cdnc-te_a699a0/button_Set a Header'
	at com.kms.katalon.core.webui.keyword.internal.WebUIKeywordMain.stepFailed(WebUIKeywordMain.groovy:64)
	at com.kms.katalon.core.webui.keyword.internal.WebUIKeywordMain.runKeyword(WebUIKeywordMain.groovy:26)
	at com.kms.katalon.core.webui.keyword.builtin.ClickKeyword.click(ClickKeyword.groovy:76)
	at com.kms.katalon.core.webui.keyword.builtin.ClickKeyword.execute(ClickKeyword.groovy:43)
	at com.kms.katalon.core.keyword.internal.KeywordExecutor.executeKeywordForPlatform(KeywordExecutor.groovy:72)
	at com.kms.katalon.core.webui.keyword.WebUiBuiltInKeywords.click(WebUiBuiltInKeywords.groovy:616)
	at com.kms.katalon.core.webui.keyword.WebUiBuiltInKeywords$click$3.call(Unknown Source)
	at TC_37_Set_a_header.run(TC_37_Set_a_header:32)
	at com.kms.katalon.core.main.ScriptEngine.run(ScriptEngine.java:194)
	at com.kms.katalon.core.main.ScriptEngine.runScriptAsRawText(ScriptEngine.java:119)
	at com.kms.katalon.core.main.TestCaseExecutor.runScript(TestCaseExecutor.java:337)
	at com.kms.katalon.core.main.TestCaseExecutor.doExecute(TestCaseExecutor.java:328)
	at com.kms.katalon.core.main.TestCaseExecutor.processExecutionPhase(TestCaseExecutor.java:307)
	at com.kms.katalon.core.main.TestCaseExecutor.accessMainPhase(TestCaseExecutor.java:299)
	at com.kms.katalon.core.main.TestCaseExecutor.execute(TestCaseExecutor.java:233)
	at com.kms.katalon.core.main.TestSuiteExecutor.accessTestCaseMainPhase(TestSuiteExecutor.java:169)
	at com.kms.katalon.core.main.TestSuiteExecutor.accessTestSuiteMainPhase(TestSuiteExecutor.java:142)
	at com.kms.katalon.core.main.TestSuiteExecutor.execute(TestSuiteExecutor.java:91)
	at com.kms.katalon.core.main.TestCaseMain.startTestSuite(TestCaseMain.java:157)
	at com.kms.katalon.core.main.TestCaseMain$startTestSuite$0.call(Unknown Source)
	at TempTestSuite1591347278292.run(TempTestSuite1591347278292.groovy:37)
Caused by: com.kms.katalon.core.webui.exception.WebElementNotFoundException: Web element with id: 'Object Repository/1612893/37_Set_a_header/Page_Thanh set Channel name - hcmus-cdnc-te_a699a0/button_Set a Header' located by 'By.xpath: //div[@id='channelIntro']/button[2]' not found
	at com.kms.katalon.core.webui.common.WebUiCommonHelper.findWebElement(WebUiCommonHelper.java:1154)
	at com.kms.katalon.core.webui.keyword.internal.WebUIAbstractKeyword.findWebElement(WebUIAbstractKeyword.groovy:27)
	at com.kms.katalon.core.webui.keyword.internal.WebUIAbstractKeyword.findWebElement(WebUIAbstractKeyword.groovy:26)
	at com.kms.katalon.core.webui.keyword.builtin.ClickKeyword$_click_closure1.doCall(ClickKeyword.groovy:67)
	at com.kms.katalon.core.webui.keyword.builtin.ClickKeyword$_click_closure1.call(ClickKeyword.groovy)
	at com.kms.katalon.core.webui.keyword.internal.WebUIKeywordMain.runKeyword(WebUIKeywordMain.groovy:20)
	at com.kms.katalon.core.webui.keyword.builtin.ClickKeyword.click(ClickKeyword.groovy:76)
	at com.kms.katalon.core.webui.keyword.builtin.ClickKeyword.execute(ClickKeyword.groovy:43)
	at com.kms.katalon.core.keyword.internal.KeywordExecutor.executeKeywordForPlatform(KeywordExecutor.groovy:72)
	at com.kms.katalon.core.webui.keyword.WebUiBuiltInKeywords.click(WebUiBuiltInKeywords.groovy:616)
	at com.kms.katalon.core.webui.keyword.WebUiBuiltInKeywords$click$3.call(Unknown Source)
	at Script1591173004583.run(Script1591173004583.groovy:32)
	... 13 more
)

2020-06-05 16:56:10 - [MESSAGE][INFO] - Unable to find the element located by 'By.xpath: //div[@id='channelIntro']/button[2]'. Please recheck the objects properties to make sure the desired element is located. 

2020-06-05 16:56:12 - [MESSAGE][FAILED] - Unable to click on object 'Object Repository/1612893/37_Set_a_header/Page_Thanh set Channel name - hcmus-cdnc-te_a699a0/button_Set a Header' (Root cause: com.kms.katalon.core.exception.StepFailedException: Unable to click on object 'Object Repository/1612893/37_Set_a_header/Page_Thanh set Channel name - hcmus-cdnc-te_a699a0/button_Set a Header'
	at com.kms.katalon.core.webui.keyword.internal.WebUIKeywordMain.stepFailed(WebUIKeywordMain.groovy:64)
	at com.kms.katalon.core.webui.keyword.internal.WebUIKeywordMain.runKeyword(WebUIKeywordMain.groovy:26)
	at com.kms.katalon.core.webui.keyword.builtin.ClickKeyword.click(ClickKeyword.groovy:76)
	at com.kms.katalon.core.webui.keyword.builtin.ClickKeyword.execute(ClickKeyword.groovy:43)
	at com.kms.katalon.core.keyword.internal.KeywordExecutor.executeKeywordForPlatform(KeywordExecutor.groovy:72)
	at com.kms.katalon.core.webui.keyword.WebUiBuiltInKeywords.click(WebUiBuiltInKeywords.groovy:616)
	at com.kms.katalon.core.webui.keyword.WebUiBuiltInKeywords$click$3.call(Unknown Source)
	at TC_37_Set_a_header.run(TC_37_Set_a_header:32)
	at com.kms.katalon.core.main.ScriptEngine.run(ScriptEngine.java:194)
	at com.kms.katalon.core.main.ScriptEngine.runScriptAsRawText(ScriptEngine.java:119)
	at com.kms.katalon.core.main.TestCaseExecutor.runScript(TestCaseExecutor.java:337)
	at com.kms.katalon.core.main.TestCaseExecutor.doExecute(TestCaseExecutor.java:328)
	at com.kms.katalon.core.main.TestCaseExecutor.processExecutionPhase(TestCaseExecutor.java:307)
	at com.kms.katalon.core.main.TestCaseExecutor.accessMainPhase(TestCaseExecutor.java:299)
	at com.kms.katalon.core.main.TestCaseExecutor.execute(TestCaseExecutor.java:233)
	at com.kms.katalon.core.main.TestSuiteExecutor.accessTestCaseMainPhase(TestSuiteExecutor.java:169)
	at com.kms.katalon.core.main.TestSuiteExecutor.accessTestSuiteMainPhase(TestSuiteExecutor.java:142)
	at com.kms.katalon.core.main.TestSuiteExecutor.execute(TestSuiteExecutor.java:91)
	at com.kms.katalon.core.main.TestCaseMain.startTestSuite(TestCaseMain.java:157)
	at com.kms.katalon.core.main.TestCaseMain$startTestSuite$0.call(Unknown Source)
	at TempTestSuite1591347278292.run(TempTestSuite1591347278292.groovy:37)
Caused by: com.kms.katalon.core.webui.exception.WebElementNotFoundException: Web element with id: 'Object Repository/1612893/37_Set_a_header/Page_Thanh set Channel name - hcmus-cdnc-te_a699a0/button_Set a Header' located by 'By.xpath: //div[@id='channelIntro']/button[2]' not found
	at com.kms.katalon.core.webui.common.WebUiCommonHelper.findWebElement(WebUiCommonHelper.java:1154)
	at com.kms.katalon.core.webui.keyword.internal.WebUIAbstractKeyword.findWebElement(WebUIAbstractKeyword.groovy:27)
	at com.kms.katalon.core.webui.keyword.internal.WebUIAbstractKeyword.findWebElement(WebUIAbstractKeyword.groovy:26)
	at com.kms.katalon.core.webui.keyword.builtin.ClickKeyword$_click_closure1.doCall(ClickKeyword.groovy:67)
	at com.kms.katalon.core.webui.keyword.builtin.ClickKeyword$_click_closure1.call(ClickKeyword.groovy)
	at com.kms.katalon.core.webui.keyword.internal.WebUIKeywordMain.runKeyword(WebUIKeywordMain.groovy:20)
	at com.kms.katalon.core.webui.keyword.builtin.ClickKeyword.click(ClickKeyword.groovy:76)
	at com.kms.katalon.core.webui.keyword.builtin.ClickKeyword.execute(ClickKeyword.groovy:43)
	at com.kms.katalon.core.keyword.internal.KeywordExecutor.executeKeywordForPlatform(KeywordExecutor.groovy:72)
	at com.kms.katalon.core.webui.keyword.WebUiBuiltInKeywords.click(WebUiBuiltInKeywords.groovy:616)
	at com.kms.katalon.core.webui.keyword.WebUiBuiltInKeywords$click$3.call(Unknown Source)
	at Script1591173004583.run(Script1591173004583.groovy:32)
	... 13 more
)
[[ATTACHMENT|C:\\Users\\Thanh\\Desktop\\github.com\\New folder (2)\\homeword02-mattermost-katalon\\Reports\\20200605_155438\\Run all test cases\\20200605_155438\\1591350970775.png]]]]></system-out>
         <system-err><![CDATA[2020-06-05 16:55:19 - [TEST_CASE][FAILED] - Test Cases/1612893/TC_37_Set_a_header: Test Cases/1612893/TC_37_Set_a_header FAILED.
Reason:
com.kms.katalon.core.exception.StepFailedException: Unable to click on object 'Object Repository/1612893/37_Set_a_header/Page_Thanh set Channel name - hcmus-cdnc-te_a699a0/button_Set a Header'
	at com.kms.katalon.core.webui.keyword.internal.WebUIKeywordMain.stepFailed(WebUIKeywordMain.groovy:64)
	at com.kms.katalon.core.webui.keyword.internal.WebUIKeywordMain.runKeyword(WebUIKeywordMain.groovy:26)
	at com.kms.katalon.core.webui.keyword.builtin.ClickKeyword.click(ClickKeyword.groovy:76)
	at com.kms.katalon.core.webui.keyword.builtin.ClickKeyword.execute(ClickKeyword.groovy:43)
	at com.kms.katalon.core.keyword.internal.KeywordExecutor.executeKeywordForPlatform(KeywordExecutor.groovy:72)
	at com.kms.katalon.core.webui.keyword.WebUiBuiltInKeywords.click(WebUiBuiltInKeywords.groovy:616)
	at com.kms.katalon.core.webui.keyword.WebUiBuiltInKeywords$click$3.call(Unknown Source)
	at TC_37_Set_a_header.run(TC_37_Set_a_header:32)
	at com.kms.katalon.core.main.ScriptEngine.run(ScriptEngine.java:194)
	at com.kms.katalon.core.main.ScriptEngine.runScriptAsRawText(ScriptEngine.java:119)
	at com.kms.katalon.core.main.TestCaseExecutor.runScript(TestCaseExecutor.java:337)
	at com.kms.katalon.core.main.TestCaseExecutor.doExecute(TestCaseExecutor.java:328)
	at com.kms.katalon.core.main.TestCaseExecutor.processExecutionPhase(TestCaseExecutor.java:307)
	at com.kms.katalon.core.main.TestCaseExecutor.accessMainPhase(TestCaseExecutor.java:299)
	at com.kms.katalon.core.main.TestCaseExecutor.execute(TestCaseExecutor.java:233)
	at com.kms.katalon.core.main.TestSuiteExecutor.accessTestCaseMainPhase(TestSuiteExecutor.java:169)
	at com.kms.katalon.core.main.TestSuiteExecutor.accessTestSuiteMainPhase(TestSuiteExecutor.java:142)
	at com.kms.katalon.core.main.TestSuiteExecutor.execute(TestSuiteExecutor.java:91)
	at com.kms.katalon.core.main.TestCaseMain.startTestSuite(TestCaseMain.java:157)
	at com.kms.katalon.core.main.TestCaseMain$startTestSuite$0.call(Unknown Source)
	at TempTestSuite1591347278292.run(TempTestSuite1591347278292.groovy:37)
Caused by: com.kms.katalon.core.webui.exception.WebElementNotFoundException: Web element with id: 'Object Repository/1612893/37_Set_a_header/Page_Thanh set Channel name - hcmus-cdnc-te_a699a0/button_Set a Header' located by 'By.xpath: //div[@id='channelIntro']/button[2]' not found
	at com.kms.katalon.core.webui.common.WebUiCommonHelper.findWebElement(WebUiCommonHelper.java:1154)
	at com.kms.katalon.core.webui.keyword.internal.WebUIAbstractKeyword.findWebElement(WebUIAbstractKeyword.groovy:27)
	at com.kms.katalon.core.webui.keyword.internal.WebUIAbstractKeyword.findWebElement(WebUIAbstractKeyword.groovy:26)
	at com.kms.katalon.core.webui.keyword.builtin.ClickKeyword$_click_closure1.doCall(ClickKeyword.groovy:67)
	at com.kms.katalon.core.webui.keyword.builtin.ClickKeyword$_click_closure1.call(ClickKeyword.groovy)
	at com.kms.katalon.core.webui.keyword.internal.WebUIKeywordMain.runKeyword(WebUIKeywordMain.groovy:20)
	... 19 more]]></system-err>
      </testcase>
      <testcase name="Test Cases/1612893/TC_37_Set_a_header" time="16.739" classname="Test Cases/1612893/TC_37_Set_a_header" status="PASSED">
         <system-out><![CDATA[2020-06-05 16:56:12 - [TEST_CASE][PASSED] - Test Cases/1612893/TC_37_Set_a_header: Test Cases/1612893/TC_37_Set_a_header

2020-06-05 16:56:12 - [TEST_STEP][PASSED] - openBrowser(""): Browser is opened with url: ''

2020-06-05 16:56:12 - [MESSAGE][WARNING] - A browser is already opened. Closing browser and opening a new one

2020-06-05 16:56:13 - [MESSAGE][INFO] - Starting 'Chrome' driver

2020-06-05 16:56:13 - [MESSAGE][INFO] - Action delay is set to 0 milliseconds

2020-06-05 16:56:16 - [MESSAGE][PASSED] - Browser is opened with url: ''

2020-06-05 16:56:16 - [TEST_STEP][PASSED] - navigateToUrl("http://localhost:8065/login"): Navigate to 'http://localhost:8065/login' successfully

2020-06-05 16:56:18 - [MESSAGE][PASSED] - Navigate to 'http://localhost:8065/login' successfully

2020-06-05 16:56:18 - [TEST_STEP][PASSED] - setText(findTestObject("Object Repository/1612893/37_Set_a_header/Page_Mattermost/input_All team communication in one place s_703ef5"), "hcmus-cdnc"): Text 'hcmus-cdnc' is set on object 'Object Repository/1612893/37_Set_a_header/Page_Mattermost/input_All team communication in one place s_703ef5'

2020-06-05 16:56:20 - [MESSAGE][PASSED] - Text 'hcmus-cdnc' is set on object 'Object Repository/1612893/37_Set_a_header/Page_Mattermost/input_All team communication in one place s_703ef5'

2020-06-05 16:56:20 - [TEST_STEP][PASSED] - setEncryptedText(findTestObject("Object Repository/1612893/37_Set_a_header/Page_Mattermost/input_All team communication in one place s_2f2733"), "aeHFOx8jV/A="): Text ****** has been set on object 'Object Repository/1612893/37_Set_a_header/Page_Mattermost/input_All team communication in one place s_2f2733'

2020-06-05 16:56:21 - [MESSAGE][PASSED] - Text ****** has been set on object 'Object Repository/1612893/37_Set_a_header/Page_Mattermost/input_All team communication in one place s_2f2733'

2020-06-05 16:56:21 - [TEST_STEP][PASSED] - sendKeys(findTestObject("Object Repository/1612893/37_Set_a_header/Page_Mattermost/input_All team communication in one place s_2f2733"), Keys.chord(ENTER)): Keys 'ENTER + ' sent to object: 'Object Repository/1612893/37_Set_a_header/Page_Mattermost/input_All team communication in one place s_2f2733'

2020-06-05 16:56:21 - [MESSAGE][PASSED] - Keys 'ENTER + ' sent to object: 'Object Repository/1612893/37_Set_a_header/Page_Mattermost/input_All team communication in one place s_2f2733'

2020-06-05 16:56:21 - [TEST_STEP][PASSED] - click(findTestObject("Object Repository/1612893/37_Set_a_header/Page_Thanh set Channel name - hcmus-cdnc-te_a699a0/button_Set a Header")): Object: 'Object Repository/1612893/37_Set_a_header/Page_Thanh set Channel name - hcmus-cdnc-te_a699a0/button_Set a Header' is clicked on

2020-06-05 16:56:27 - [MESSAGE][PASSED] - Object: 'Object Repository/1612893/37_Set_a_header/Page_Thanh set Channel name - hcmus-cdnc-te_a699a0/button_Set a Header' is clicked on

2020-06-05 16:56:27 - [TEST_STEP][PASSED] - setText(findTestObject("Object Repository/1612893/37_Set_a_header/Page_Thanh set Channel name - hcmus-cdnc-te_a699a0/textarea_thanh set header"), content): Text 'thanh set header' is set on object 'Object Repository/1612893/37_Set_a_header/Page_Thanh set Channel name - hcmus-cdnc-te_a699a0/textarea_thanh set header'

2020-06-05 16:56:28 - [MESSAGE][PASSED] - Text 'thanh set header' is set on object 'Object Repository/1612893/37_Set_a_header/Page_Thanh set Channel name - hcmus-cdnc-te_a699a0/textarea_thanh set header'

2020-06-05 16:56:28 - [TEST_STEP][PASSED] - click(findTestObject("Object Repository/1612893/37_Set_a_header/Page_Thanh set Channel name - hcmus-cdnc-te_a699a0/button_Save")): Object: 'Object Repository/1612893/37_Set_a_header/Page_Thanh set Channel name - hcmus-cdnc-te_a699a0/button_Save' is clicked on

2020-06-05 16:56:29 - [MESSAGE][PASSED] - Object: 'Object Repository/1612893/37_Set_a_header/Page_Thanh set Channel name - hcmus-cdnc-te_a699a0/button_Save' is clicked on]]></system-out>
         <system-err><![CDATA[]]></system-err>
      </testcase>
      <testcase name="Test Cases/1612893/TC_38_Rename_Channel" time="17.616" classname="Test Cases/1612893/TC_38_Rename_Channel" status="PASSED">
         <system-out><![CDATA[2020-06-05 16:56:29 - [TEST_CASE][PASSED] - Test Cases/1612893/TC_38_Rename_Channel: Test Cases/1612893/TC_38_Rename_Channel

2020-06-05 16:56:29 - [TEST_STEP][PASSED] - openBrowser(""): Browser is opened with url: ''

2020-06-05 16:56:29 - [MESSAGE][WARNING] - A browser is already opened. Closing browser and opening a new one

2020-06-05 16:56:30 - [MESSAGE][INFO] - Starting 'Chrome' driver

2020-06-05 16:56:30 - [MESSAGE][INFO] - Action delay is set to 0 milliseconds

2020-06-05 16:56:34 - [MESSAGE][PASSED] - Browser is opened with url: ''

2020-06-05 16:56:34 - [TEST_STEP][PASSED] - navigateToUrl("http://localhost:8065/login"): Navigate to 'http://localhost:8065/login' successfully

2020-06-05 16:56:35 - [MESSAGE][PASSED] - Navigate to 'http://localhost:8065/login' successfully

2020-06-05 16:56:35 - [TEST_STEP][PASSED] - setText(findTestObject("Object Repository/1612893/38_Rename_channel/Page_Mattermost/input_All team communication in one place s_703ef5"), "hcmus-cdnc"): Text 'hcmus-cdnc' is set on object 'Object Repository/1612893/38_Rename_channel/Page_Mattermost/input_All team communication in one place s_703ef5'

2020-06-05 16:56:37 - [MESSAGE][PASSED] - Text 'hcmus-cdnc' is set on object 'Object Repository/1612893/38_Rename_channel/Page_Mattermost/input_All team communication in one place s_703ef5'

2020-06-05 16:56:37 - [TEST_STEP][PASSED] - setEncryptedText(findTestObject("Object Repository/1612893/38_Rename_channel/Page_Mattermost/input_All team communication in one place s_2f2733"), "aeHFOx8jV/A="): Text ****** has been set on object 'Object Repository/1612893/38_Rename_channel/Page_Mattermost/input_All team communication in one place s_2f2733'

2020-06-05 16:56:38 - [MESSAGE][PASSED] - Text ****** has been set on object 'Object Repository/1612893/38_Rename_channel/Page_Mattermost/input_All team communication in one place s_2f2733'

2020-06-05 16:56:38 - [TEST_STEP][PASSED] - click(findTestObject("Object Repository/1612893/38_Rename_channel/Page_Mattermost/span_Sign in")): Object: 'Object Repository/1612893/38_Rename_channel/Page_Mattermost/span_Sign in' is clicked on

2020-06-05 16:56:38 - [MESSAGE][PASSED] - Object: 'Object Repository/1612893/38_Rename_channel/Page_Mattermost/span_Sign in' is clicked on

2020-06-05 16:56:38 - [TEST_STEP][PASSED] - click(findTestObject("Object Repository/1612893/38_Rename_channel/Page_Town Square - hcmus-cdnc-team Mattermost/span_Town Square_channelHeaderDropdownIcon")): Object: 'Object Repository/1612893/38_Rename_channel/Page_Town Square - hcmus-cdnc-team Mattermost/span_Town Square_channelHeaderDropdownIcon' is clicked on

2020-06-05 16:56:42 - [MESSAGE][PASSED] - Object: 'Object Repository/1612893/38_Rename_channel/Page_Town Square - hcmus-cdnc-team Mattermost/span_Town Square_channelHeaderDropdownIcon' is clicked on

2020-06-05 16:56:42 - [TEST_STEP][PASSED] - click(findTestObject("Object Repository/1612893/38_Rename_channel/Page_Town Square - hcmus-cdnc-team Mattermost/span_Rename Channel")): Object: 'Object Repository/1612893/38_Rename_channel/Page_Town Square - hcmus-cdnc-team Mattermost/span_Rename Channel' is clicked on

2020-06-05 16:56:43 - [MESSAGE][PASSED] - Object: 'Object Repository/1612893/38_Rename_channel/Page_Town Square - hcmus-cdnc-team Mattermost/span_Rename Channel' is clicked on

2020-06-05 16:56:43 - [TEST_STEP][PASSED] - setText(findTestObject("Object Repository/1612893/38_Rename_channel/Page_Town Square - hcmus-cdnc-team Mattermost/input_Display Name_display_name"), channelName): Text '1234565789087654334564576543234576433425764' is set on object 'Object Repository/1612893/38_Rename_channel/Page_Town Square - hcmus-cdnc-team Mattermost/input_Display Name_display_name'

2020-06-05 16:56:45 - [MESSAGE][PASSED] - Text '1234565789087654334564576543234576433425764' is set on object 'Object Repository/1612893/38_Rename_channel/Page_Town Square - hcmus-cdnc-team Mattermost/input_Display Name_display_name'

2020-06-05 16:56:45 - [TEST_STEP][PASSED] - click(findTestObject("Object Repository/1612893/38_Rename_channel/Page_Town Square - hcmus-cdnc-team Mattermost/span_Save")): Object: 'Object Repository/1612893/38_Rename_channel/Page_Town Square - hcmus-cdnc-team Mattermost/span_Save' is clicked on

2020-06-05 16:56:46 - [MESSAGE][PASSED] - Object: 'Object Repository/1612893/38_Rename_channel/Page_Town Square - hcmus-cdnc-team Mattermost/span_Save' is clicked on

2020-06-05 16:56:46 - [TEST_STEP][PASSED] - closeBrowser(): Browser is closed

2020-06-05 16:56:47 - [MESSAGE][PASSED] - Browser is closed]]></system-out>
         <system-err><![CDATA[]]></system-err>
      </testcase>
      <testcase name="Test Cases/1612893/TC_38_Rename_Channel" time="15.799" classname="Test Cases/1612893/TC_38_Rename_Channel" status="PASSED">
         <system-out><![CDATA[2020-06-05 16:56:47 - [TEST_CASE][PASSED] - Test Cases/1612893/TC_38_Rename_Channel: Test Cases/1612893/TC_38_Rename_Channel

2020-06-05 16:56:47 - [TEST_STEP][PASSED] - openBrowser(""): Browser is opened with url: ''

2020-06-05 16:56:47 - [MESSAGE][INFO] - Starting 'Chrome' driver

2020-06-05 16:56:47 - [MESSAGE][INFO] - Action delay is set to 0 milliseconds

2020-06-05 16:56:50 - [MESSAGE][PASSED] - Browser is opened with url: ''

2020-06-05 16:56:50 - [TEST_STEP][PASSED] - navigateToUrl("http://localhost:8065/login"): Navigate to 'http://localhost:8065/login' successfully

2020-06-05 16:56:52 - [MESSAGE][PASSED] - Navigate to 'http://localhost:8065/login' successfully

2020-06-05 16:56:52 - [TEST_STEP][PASSED] - setText(findTestObject("Object Repository/1612893/38_Rename_channel/Page_Mattermost/input_All team communication in one place s_703ef5"), "hcmus-cdnc"): Text 'hcmus-cdnc' is set on object 'Object Repository/1612893/38_Rename_channel/Page_Mattermost/input_All team communication in one place s_703ef5'

2020-06-05 16:56:54 - [MESSAGE][PASSED] - Text 'hcmus-cdnc' is set on object 'Object Repository/1612893/38_Rename_channel/Page_Mattermost/input_All team communication in one place s_703ef5'

2020-06-05 16:56:54 - [TEST_STEP][PASSED] - setEncryptedText(findTestObject("Object Repository/1612893/38_Rename_channel/Page_Mattermost/input_All team communication in one place s_2f2733"), "aeHFOx8jV/A="): Text ****** has been set on object 'Object Repository/1612893/38_Rename_channel/Page_Mattermost/input_All team communication in one place s_2f2733'

2020-06-05 16:56:54 - [MESSAGE][PASSED] - Text ****** has been set on object 'Object Repository/1612893/38_Rename_channel/Page_Mattermost/input_All team communication in one place s_2f2733'

2020-06-05 16:56:54 - [TEST_STEP][PASSED] - click(findTestObject("Object Repository/1612893/38_Rename_channel/Page_Mattermost/span_Sign in")): Object: 'Object Repository/1612893/38_Rename_channel/Page_Mattermost/span_Sign in' is clicked on

2020-06-05 16:56:55 - [MESSAGE][PASSED] - Object: 'Object Repository/1612893/38_Rename_channel/Page_Mattermost/span_Sign in' is clicked on

2020-06-05 16:56:55 - [TEST_STEP][PASSED] - click(findTestObject("Object Repository/1612893/38_Rename_channel/Page_Town Square - hcmus-cdnc-team Mattermost/span_Town Square_channelHeaderDropdownIcon")): Object: 'Object Repository/1612893/38_Rename_channel/Page_Town Square - hcmus-cdnc-team Mattermost/span_Town Square_channelHeaderDropdownIcon' is clicked on

2020-06-05 16:56:59 - [MESSAGE][PASSED] - Object: 'Object Repository/1612893/38_Rename_channel/Page_Town Square - hcmus-cdnc-team Mattermost/span_Town Square_channelHeaderDropdownIcon' is clicked on

2020-06-05 16:56:59 - [TEST_STEP][PASSED] - click(findTestObject("Object Repository/1612893/38_Rename_channel/Page_Town Square - hcmus-cdnc-team Mattermost/span_Rename Channel")): Object: 'Object Repository/1612893/38_Rename_channel/Page_Town Square - hcmus-cdnc-team Mattermost/span_Rename Channel' is clicked on

2020-06-05 16:56:59 - [MESSAGE][PASSED] - Object: 'Object Repository/1612893/38_Rename_channel/Page_Town Square - hcmus-cdnc-team Mattermost/span_Rename Channel' is clicked on

2020-06-05 16:56:59 - [TEST_STEP][PASSED] - setText(findTestObject("Object Repository/1612893/38_Rename_channel/Page_Town Square - hcmus-cdnc-team Mattermost/input_Display Name_display_name"), channelName): Text 'RGDETHRDFE' is set on object 'Object Repository/1612893/38_Rename_channel/Page_Town Square - hcmus-cdnc-team Mattermost/input_Display Name_display_name'

2020-06-05 16:57:01 - [MESSAGE][PASSED] - Text 'RGDETHRDFE' is set on object 'Object Repository/1612893/38_Rename_channel/Page_Town Square - hcmus-cdnc-team Mattermost/input_Display Name_display_name'

2020-06-05 16:57:01 - [TEST_STEP][PASSED] - click(findTestObject("Object Repository/1612893/38_Rename_channel/Page_Town Square - hcmus-cdnc-team Mattermost/span_Save")): Object: 'Object Repository/1612893/38_Rename_channel/Page_Town Square - hcmus-cdnc-team Mattermost/span_Save' is clicked on

2020-06-05 16:57:02 - [MESSAGE][PASSED] - Object: 'Object Repository/1612893/38_Rename_channel/Page_Town Square - hcmus-cdnc-team Mattermost/span_Save' is clicked on

2020-06-05 16:57:02 - [TEST_STEP][PASSED] - closeBrowser(): Browser is closed

2020-06-05 16:57:02 - [MESSAGE][PASSED] - Browser is closed]]></system-out>
         <system-err><![CDATA[]]></system-err>
      </testcase>
      <testcase name="Test Cases/1612893/TC_38_Rename_Channel" time="15.742" classname="Test Cases/1612893/TC_38_Rename_Channel" status="PASSED">
         <system-out><![CDATA[2020-06-05 16:57:02 - [TEST_CASE][PASSED] - Test Cases/1612893/TC_38_Rename_Channel: Test Cases/1612893/TC_38_Rename_Channel

2020-06-05 16:57:02 - [TEST_STEP][PASSED] - openBrowser(""): Browser is opened with url: ''

2020-06-05 16:57:02 - [MESSAGE][INFO] - Starting 'Chrome' driver

2020-06-05 16:57:02 - [MESSAGE][INFO] - Action delay is set to 0 milliseconds

2020-06-05 16:57:06 - [MESSAGE][PASSED] - Browser is opened with url: ''

2020-06-05 16:57:06 - [TEST_STEP][PASSED] - navigateToUrl("http://localhost:8065/login"): Navigate to 'http://localhost:8065/login' successfully

2020-06-05 16:57:08 - [MESSAGE][PASSED] - Navigate to 'http://localhost:8065/login' successfully

2020-06-05 16:57:08 - [TEST_STEP][PASSED] - setText(findTestObject("Object Repository/1612893/38_Rename_channel/Page_Mattermost/input_All team communication in one place s_703ef5"), "hcmus-cdnc"): Text 'hcmus-cdnc' is set on object 'Object Repository/1612893/38_Rename_channel/Page_Mattermost/input_All team communication in one place s_703ef5'

2020-06-05 16:57:10 - [MESSAGE][PASSED] - Text 'hcmus-cdnc' is set on object 'Object Repository/1612893/38_Rename_channel/Page_Mattermost/input_All team communication in one place s_703ef5'

2020-06-05 16:57:10 - [TEST_STEP][PASSED] - setEncryptedText(findTestObject("Object Repository/1612893/38_Rename_channel/Page_Mattermost/input_All team communication in one place s_2f2733"), "aeHFOx8jV/A="): Text ****** has been set on object 'Object Repository/1612893/38_Rename_channel/Page_Mattermost/input_All team communication in one place s_2f2733'

2020-06-05 16:57:10 - [MESSAGE][PASSED] - Text ****** has been set on object 'Object Repository/1612893/38_Rename_channel/Page_Mattermost/input_All team communication in one place s_2f2733'

2020-06-05 16:57:10 - [TEST_STEP][PASSED] - click(findTestObject("Object Repository/1612893/38_Rename_channel/Page_Mattermost/span_Sign in")): Object: 'Object Repository/1612893/38_Rename_channel/Page_Mattermost/span_Sign in' is clicked on

2020-06-05 16:57:11 - [MESSAGE][PASSED] - Object: 'Object Repository/1612893/38_Rename_channel/Page_Mattermost/span_Sign in' is clicked on

2020-06-05 16:57:11 - [TEST_STEP][PASSED] - click(findTestObject("Object Repository/1612893/38_Rename_channel/Page_Town Square - hcmus-cdnc-team Mattermost/span_Town Square_channelHeaderDropdownIcon")): Object: 'Object Repository/1612893/38_Rename_channel/Page_Town Square - hcmus-cdnc-team Mattermost/span_Town Square_channelHeaderDropdownIcon' is clicked on

2020-06-05 16:57:14 - [MESSAGE][PASSED] - Object: 'Object Repository/1612893/38_Rename_channel/Page_Town Square - hcmus-cdnc-team Mattermost/span_Town Square_channelHeaderDropdownIcon' is clicked on

2020-06-05 16:57:14 - [TEST_STEP][PASSED] - click(findTestObject("Object Repository/1612893/38_Rename_channel/Page_Town Square - hcmus-cdnc-team Mattermost/span_Rename Channel")): Object: 'Object Repository/1612893/38_Rename_channel/Page_Town Square - hcmus-cdnc-team Mattermost/span_Rename Channel' is clicked on

2020-06-05 16:57:15 - [MESSAGE][PASSED] - Object: 'Object Repository/1612893/38_Rename_channel/Page_Town Square - hcmus-cdnc-team Mattermost/span_Rename Channel' is clicked on

2020-06-05 16:57:15 - [TEST_STEP][PASSED] - setText(findTestObject("Object Repository/1612893/38_Rename_channel/Page_Town Square - hcmus-cdnc-team Mattermost/input_Display Name_display_name"), channelName): Text '%$##^$#%#%' is set on object 'Object Repository/1612893/38_Rename_channel/Page_Town Square - hcmus-cdnc-team Mattermost/input_Display Name_display_name'

2020-06-05 16:57:17 - [MESSAGE][PASSED] - Text '%$##^$#%#%' is set on object 'Object Repository/1612893/38_Rename_channel/Page_Town Square - hcmus-cdnc-team Mattermost/input_Display Name_display_name'

2020-06-05 16:57:17 - [TEST_STEP][PASSED] - click(findTestObject("Object Repository/1612893/38_Rename_channel/Page_Town Square - hcmus-cdnc-team Mattermost/span_Save")): Object: 'Object Repository/1612893/38_Rename_channel/Page_Town Square - hcmus-cdnc-team Mattermost/span_Save' is clicked on

2020-06-05 16:57:17 - [MESSAGE][PASSED] - Object: 'Object Repository/1612893/38_Rename_channel/Page_Town Square - hcmus-cdnc-team Mattermost/span_Save' is clicked on

2020-06-05 16:57:17 - [TEST_STEP][PASSED] - closeBrowser(): Browser is closed

2020-06-05 16:57:18 - [MESSAGE][PASSED] - Browser is closed]]></system-out>
         <system-err><![CDATA[]]></system-err>
      </testcase>
      <testcase name="Test Cases/1612893/TC_38_Rename_Channel" time="15.584" classname="Test Cases/1612893/TC_38_Rename_Channel" status="PASSED">
         <system-out><![CDATA[2020-06-05 16:57:18 - [TEST_CASE][PASSED] - Test Cases/1612893/TC_38_Rename_Channel: Test Cases/1612893/TC_38_Rename_Channel

2020-06-05 16:57:18 - [TEST_STEP][PASSED] - openBrowser(""): Browser is opened with url: ''

2020-06-05 16:57:18 - [MESSAGE][INFO] - Starting 'Chrome' driver

2020-06-05 16:57:18 - [MESSAGE][INFO] - Action delay is set to 0 milliseconds

2020-06-05 16:57:22 - [MESSAGE][PASSED] - Browser is opened with url: ''

2020-06-05 16:57:22 - [TEST_STEP][PASSED] - navigateToUrl("http://localhost:8065/login"): Navigate to 'http://localhost:8065/login' successfully

2020-06-05 16:57:23 - [MESSAGE][PASSED] - Navigate to 'http://localhost:8065/login' successfully

2020-06-05 16:57:23 - [TEST_STEP][PASSED] - setText(findTestObject("Object Repository/1612893/38_Rename_channel/Page_Mattermost/input_All team communication in one place s_703ef5"), "hcmus-cdnc"): Text 'hcmus-cdnc' is set on object 'Object Repository/1612893/38_Rename_channel/Page_Mattermost/input_All team communication in one place s_703ef5'

2020-06-05 16:57:25 - [MESSAGE][PASSED] - Text 'hcmus-cdnc' is set on object 'Object Repository/1612893/38_Rename_channel/Page_Mattermost/input_All team communication in one place s_703ef5'

2020-06-05 16:57:25 - [TEST_STEP][PASSED] - setEncryptedText(findTestObject("Object Repository/1612893/38_Rename_channel/Page_Mattermost/input_All team communication in one place s_2f2733"), "aeHFOx8jV/A="): Text ****** has been set on object 'Object Repository/1612893/38_Rename_channel/Page_Mattermost/input_All team communication in one place s_2f2733'

2020-06-05 16:57:26 - [MESSAGE][PASSED] - Text ****** has been set on object 'Object Repository/1612893/38_Rename_channel/Page_Mattermost/input_All team communication in one place s_2f2733'

2020-06-05 16:57:26 - [TEST_STEP][PASSED] - click(findTestObject("Object Repository/1612893/38_Rename_channel/Page_Mattermost/span_Sign in")): Object: 'Object Repository/1612893/38_Rename_channel/Page_Mattermost/span_Sign in' is clicked on

2020-06-05 16:57:26 - [MESSAGE][PASSED] - Object: 'Object Repository/1612893/38_Rename_channel/Page_Mattermost/span_Sign in' is clicked on

2020-06-05 16:57:26 - [TEST_STEP][PASSED] - click(findTestObject("Object Repository/1612893/38_Rename_channel/Page_Town Square - hcmus-cdnc-team Mattermost/span_Town Square_channelHeaderDropdownIcon")): Object: 'Object Repository/1612893/38_Rename_channel/Page_Town Square - hcmus-cdnc-team Mattermost/span_Town Square_channelHeaderDropdownIcon' is clicked on

2020-06-05 16:57:30 - [MESSAGE][PASSED] - Object: 'Object Repository/1612893/38_Rename_channel/Page_Town Square - hcmus-cdnc-team Mattermost/span_Town Square_channelHeaderDropdownIcon' is clicked on

2020-06-05 16:57:30 - [TEST_STEP][PASSED] - click(findTestObject("Object Repository/1612893/38_Rename_channel/Page_Town Square - hcmus-cdnc-team Mattermost/span_Rename Channel")): Object: 'Object Repository/1612893/38_Rename_channel/Page_Town Square - hcmus-cdnc-team Mattermost/span_Rename Channel' is clicked on

2020-06-05 16:57:31 - [MESSAGE][PASSED] - Object: 'Object Repository/1612893/38_Rename_channel/Page_Town Square - hcmus-cdnc-team Mattermost/span_Rename Channel' is clicked on

2020-06-05 16:57:31 - [TEST_STEP][PASSED] - setText(findTestObject("Object Repository/1612893/38_Rename_channel/Page_Town Square - hcmus-cdnc-team Mattermost/input_Display Name_display_name"), channelName): Text '<html><html>' is set on object 'Object Repository/1612893/38_Rename_channel/Page_Town Square - hcmus-cdnc-team Mattermost/input_Display Name_display_name'

2020-06-05 16:57:32 - [MESSAGE][PASSED] - Text '<html><html>' is set on object 'Object Repository/1612893/38_Rename_channel/Page_Town Square - hcmus-cdnc-team Mattermost/input_Display Name_display_name'

2020-06-05 16:57:32 - [TEST_STEP][PASSED] - click(findTestObject("Object Repository/1612893/38_Rename_channel/Page_Town Square - hcmus-cdnc-team Mattermost/span_Save")): Object: 'Object Repository/1612893/38_Rename_channel/Page_Town Square - hcmus-cdnc-team Mattermost/span_Save' is clicked on

2020-06-05 16:57:33 - [MESSAGE][PASSED] - Object: 'Object Repository/1612893/38_Rename_channel/Page_Town Square - hcmus-cdnc-team Mattermost/span_Save' is clicked on

2020-06-05 16:57:33 - [TEST_STEP][PASSED] - closeBrowser(): Browser is closed

2020-06-05 16:57:34 - [MESSAGE][PASSED] - Browser is closed]]></system-out>
         <system-err><![CDATA[]]></system-err>
      </testcase>
      <testcase name="Test Cases/1612893/TC_38_Rename_Channel" time="23.202" classname="Test Cases/1612893/TC_38_Rename_Channel" status="PASSED">
         <system-out><![CDATA[2020-06-05 16:57:34 - [TEST_CASE][PASSED] - Test Cases/1612893/TC_38_Rename_Channel: Test Cases/1612893/TC_38_Rename_Channel

2020-06-05 16:57:34 - [TEST_STEP][PASSED] - openBrowser(""): Browser is opened with url: ''

2020-06-05 16:57:34 - [MESSAGE][INFO] - Starting 'Chrome' driver

2020-06-05 16:57:34 - [MESSAGE][INFO] - Action delay is set to 0 milliseconds

2020-06-05 16:57:37 - [MESSAGE][PASSED] - Browser is opened with url: ''

2020-06-05 16:57:37 - [TEST_STEP][PASSED] - navigateToUrl("http://localhost:8065/login"): Navigate to 'http://localhost:8065/login' successfully

2020-06-05 16:57:39 - [MESSAGE][PASSED] - Navigate to 'http://localhost:8065/login' successfully

2020-06-05 16:57:39 - [TEST_STEP][PASSED] - setText(findTestObject("Object Repository/1612893/38_Rename_channel/Page_Mattermost/input_All team communication in one place s_703ef5"), "hcmus-cdnc"): Text 'hcmus-cdnc' is set on object 'Object Repository/1612893/38_Rename_channel/Page_Mattermost/input_All team communication in one place s_703ef5'

2020-06-05 16:57:41 - [MESSAGE][PASSED] - Text 'hcmus-cdnc' is set on object 'Object Repository/1612893/38_Rename_channel/Page_Mattermost/input_All team communication in one place s_703ef5'

2020-06-05 16:57:41 - [TEST_STEP][PASSED] - setEncryptedText(findTestObject("Object Repository/1612893/38_Rename_channel/Page_Mattermost/input_All team communication in one place s_2f2733"), "aeHFOx8jV/A="): Text ****** has been set on object 'Object Repository/1612893/38_Rename_channel/Page_Mattermost/input_All team communication in one place s_2f2733'

2020-06-05 16:57:41 - [MESSAGE][PASSED] - Text ****** has been set on object 'Object Repository/1612893/38_Rename_channel/Page_Mattermost/input_All team communication in one place s_2f2733'

2020-06-05 16:57:41 - [TEST_STEP][PASSED] - click(findTestObject("Object Repository/1612893/38_Rename_channel/Page_Mattermost/span_Sign in")): Object: 'Object Repository/1612893/38_Rename_channel/Page_Mattermost/span_Sign in' is clicked on

2020-06-05 16:57:42 - [MESSAGE][PASSED] - Object: 'Object Repository/1612893/38_Rename_channel/Page_Mattermost/span_Sign in' is clicked on

2020-06-05 16:57:42 - [TEST_STEP][PASSED] - click(findTestObject("Object Repository/1612893/38_Rename_channel/Page_Town Square - hcmus-cdnc-team Mattermost/span_Town Square_channelHeaderDropdownIcon")): Object: 'Object Repository/1612893/38_Rename_channel/Page_Town Square - hcmus-cdnc-team Mattermost/span_Town Square_channelHeaderDropdownIcon' is clicked on

2020-06-05 16:57:46 - [MESSAGE][PASSED] - Object: 'Object Repository/1612893/38_Rename_channel/Page_Town Square - hcmus-cdnc-team Mattermost/span_Town Square_channelHeaderDropdownIcon' is clicked on

2020-06-05 16:57:46 - [TEST_STEP][PASSED] - click(findTestObject("Object Repository/1612893/38_Rename_channel/Page_Town Square - hcmus-cdnc-team Mattermost/span_Rename Channel")): Object: 'Object Repository/1612893/38_Rename_channel/Page_Town Square - hcmus-cdnc-team Mattermost/span_Rename Channel' is clicked on

2020-06-05 16:57:54 - [MESSAGE][PASSED] - Object: 'Object Repository/1612893/38_Rename_channel/Page_Town Square - hcmus-cdnc-team Mattermost/span_Rename Channel' is clicked on

2020-06-05 16:57:54 - [TEST_STEP][PASSED] - setText(findTestObject("Object Repository/1612893/38_Rename_channel/Page_Town Square - hcmus-cdnc-team Mattermost/input_Display Name_display_name"), channelName): Text 'Thanh set Channel name' is set on object 'Object Repository/1612893/38_Rename_channel/Page_Town Square - hcmus-cdnc-team Mattermost/input_Display Name_display_name'

2020-06-05 16:57:56 - [MESSAGE][PASSED] - Text 'Thanh set Channel name' is set on object 'Object Repository/1612893/38_Rename_channel/Page_Town Square - hcmus-cdnc-team Mattermost/input_Display Name_display_name'

2020-06-05 16:57:56 - [TEST_STEP][PASSED] - click(findTestObject("Object Repository/1612893/38_Rename_channel/Page_Town Square - hcmus-cdnc-team Mattermost/span_Save")): Object: 'Object Repository/1612893/38_Rename_channel/Page_Town Square - hcmus-cdnc-team Mattermost/span_Save' is clicked on

2020-06-05 16:57:56 - [MESSAGE][PASSED] - Object: 'Object Repository/1612893/38_Rename_channel/Page_Town Square - hcmus-cdnc-team Mattermost/span_Save' is clicked on

2020-06-05 16:57:56 - [TEST_STEP][PASSED] - closeBrowser(): Browser is closed

2020-06-05 16:57:57 - [MESSAGE][PASSED] - Browser is closed]]></system-out>
         <system-err><![CDATA[]]></system-err>
      </testcase>
      <testcase name="Test Cases/1612893/TC_39_Edit_channel_purpose" time="16.288" classname="Test Cases/1612893/TC_39_Edit_channel_purpose" status="PASSED">
         <system-out><![CDATA[2020-06-05 16:57:57 - [TEST_CASE][PASSED] - Test Cases/1612893/TC_39_Edit_channel_purpose: Test Cases/1612893/TC_39_Edit_channel_purpose

2020-06-05 16:57:57 - [TEST_STEP][PASSED] - openBrowser(""): Browser is opened with url: ''

2020-06-05 16:57:57 - [MESSAGE][INFO] - Starting 'Chrome' driver

2020-06-05 16:57:57 - [MESSAGE][INFO] - Action delay is set to 0 milliseconds

2020-06-05 16:58:01 - [MESSAGE][PASSED] - Browser is opened with url: ''

2020-06-05 16:58:01 - [TEST_STEP][PASSED] - navigateToUrl("http://localhost:8065/login"): Navigate to 'http://localhost:8065/login' successfully

2020-06-05 16:58:03 - [MESSAGE][PASSED] - Navigate to 'http://localhost:8065/login' successfully

2020-06-05 16:58:03 - [TEST_STEP][PASSED] - setText(findTestObject("Object Repository/1612893/39_Edit_channel_purpose/Page_Mattermost/input_All team communication in one place s_703ef5"), "hcmus-cdnc"): Text 'hcmus-cdnc' is set on object 'Object Repository/1612893/39_Edit_channel_purpose/Page_Mattermost/input_All team communication in one place s_703ef5'

2020-06-05 16:58:05 - [MESSAGE][PASSED] - Text 'hcmus-cdnc' is set on object 'Object Repository/1612893/39_Edit_channel_purpose/Page_Mattermost/input_All team communication in one place s_703ef5'

2020-06-05 16:58:05 - [TEST_STEP][PASSED] - setEncryptedText(findTestObject("Object Repository/1612893/39_Edit_channel_purpose/Page_Mattermost/input_All team communication in one place s_2f2733"), "aeHFOx8jV/A="): Text ****** has been set on object 'Object Repository/1612893/39_Edit_channel_purpose/Page_Mattermost/input_All team communication in one place s_2f2733'

2020-06-05 16:58:05 - [MESSAGE][PASSED] - Text ****** has been set on object 'Object Repository/1612893/39_Edit_channel_purpose/Page_Mattermost/input_All team communication in one place s_2f2733'

2020-06-05 16:58:05 - [TEST_STEP][PASSED] - click(findTestObject("Object Repository/1612893/39_Edit_channel_purpose/Page_Mattermost/span_Sign in")): Object: 'Object Repository/1612893/39_Edit_channel_purpose/Page_Mattermost/span_Sign in' is clicked on

2020-06-05 16:58:06 - [MESSAGE][PASSED] - Object: 'Object Repository/1612893/39_Edit_channel_purpose/Page_Mattermost/span_Sign in' is clicked on

2020-06-05 16:58:06 - [TEST_STEP][PASSED] - click(findTestObject("Object Repository/1612893/39_Edit_channel_purpose/Page_Thanh set Channel name - hcmus-cdnc-te_a699a0/span_Thanh set Channel name_channelHeaderDr_8caf36")): Object: 'Object Repository/1612893/39_Edit_channel_purpose/Page_Thanh set Channel name - hcmus-cdnc-te_a699a0/span_Thanh set Channel name_channelHeaderDr_8caf36' is clicked on

2020-06-05 16:58:10 - [MESSAGE][PASSED] - Object: 'Object Repository/1612893/39_Edit_channel_purpose/Page_Thanh set Channel name - hcmus-cdnc-te_a699a0/span_Thanh set Channel name_channelHeaderDr_8caf36' is clicked on

2020-06-05 16:58:10 - [TEST_STEP][PASSED] - click(findTestObject("Object Repository/1612893/39_Edit_channel_purpose/Page_Thanh set Channel name - hcmus-cdnc-te_a699a0/span_Edit Channel Purpose")): Object: 'Object Repository/1612893/39_Edit_channel_purpose/Page_Thanh set Channel name - hcmus-cdnc-te_a699a0/span_Edit Channel Purpose' is clicked on

2020-06-05 16:58:11 - [MESSAGE][PASSED] - Object: 'Object Repository/1612893/39_Edit_channel_purpose/Page_Thanh set Channel name - hcmus-cdnc-te_a699a0/span_Edit Channel Purpose' is clicked on

2020-06-05 16:58:11 - [TEST_STEP][PASSED] - setText(findTestObject("Object Repository/1612893/39_Edit_channel_purpose/Page_Thanh set Channel name - hcmus-cdnc-te_a699a0/textarea_Thanh set Channel name_form-contro_b51f21"), channelPurpose): Text 'THANH' is set on object 'Object Repository/1612893/39_Edit_channel_purpose/Page_Thanh set Channel name - hcmus-cdnc-te_a699a0/textarea_Thanh set Channel name_form-contro_b51f21'

2020-06-05 16:58:12 - [MESSAGE][PASSED] - Text 'THANH' is set on object 'Object Repository/1612893/39_Edit_channel_purpose/Page_Thanh set Channel name - hcmus-cdnc-te_a699a0/textarea_Thanh set Channel name_form-contro_b51f21'

2020-06-05 16:58:12 - [TEST_STEP][PASSED] - click(findTestObject("Object Repository/1612893/39_Edit_channel_purpose/Page_Thanh set Channel name - hcmus-cdnc-te_a699a0/span_Save")): Object: 'Object Repository/1612893/39_Edit_channel_purpose/Page_Thanh set Channel name - hcmus-cdnc-te_a699a0/span_Save' is clicked on

2020-06-05 16:58:12 - [MESSAGE][PASSED] - Object: 'Object Repository/1612893/39_Edit_channel_purpose/Page_Thanh set Channel name - hcmus-cdnc-te_a699a0/span_Save' is clicked on

2020-06-05 16:58:12 - [TEST_STEP][PASSED] - closeBrowser(): Browser is closed

2020-06-05 16:58:13 - [MESSAGE][PASSED] - Browser is closed]]></system-out>
         <system-err><![CDATA[]]></system-err>
      </testcase>
      <testcase name="Test Cases/1612893/TC_39_Edit_channel_purpose" time="16.704" classname="Test Cases/1612893/TC_39_Edit_channel_purpose" status="PASSED">
         <system-out><![CDATA[2020-06-05 16:58:13 - [TEST_CASE][PASSED] - Test Cases/1612893/TC_39_Edit_channel_purpose: Test Cases/1612893/TC_39_Edit_channel_purpose

2020-06-05 16:58:13 - [TEST_STEP][PASSED] - openBrowser(""): Browser is opened with url: ''

2020-06-05 16:58:13 - [MESSAGE][INFO] - Starting 'Chrome' driver

2020-06-05 16:58:13 - [MESSAGE][INFO] - Action delay is set to 0 milliseconds

2020-06-05 16:58:17 - [MESSAGE][PASSED] - Browser is opened with url: ''

2020-06-05 16:58:17 - [TEST_STEP][PASSED] - navigateToUrl("http://localhost:8065/login"): Navigate to 'http://localhost:8065/login' successfully

2020-06-05 16:58:18 - [MESSAGE][PASSED] - Navigate to 'http://localhost:8065/login' successfully

2020-06-05 16:58:18 - [TEST_STEP][PASSED] - setText(findTestObject("Object Repository/1612893/39_Edit_channel_purpose/Page_Mattermost/input_All team communication in one place s_703ef5"), "hcmus-cdnc"): Text 'hcmus-cdnc' is set on object 'Object Repository/1612893/39_Edit_channel_purpose/Page_Mattermost/input_All team communication in one place s_703ef5'

2020-06-05 16:58:20 - [MESSAGE][PASSED] - Text 'hcmus-cdnc' is set on object 'Object Repository/1612893/39_Edit_channel_purpose/Page_Mattermost/input_All team communication in one place s_703ef5'

2020-06-05 16:58:20 - [TEST_STEP][PASSED] - setEncryptedText(findTestObject("Object Repository/1612893/39_Edit_channel_purpose/Page_Mattermost/input_All team communication in one place s_2f2733"), "aeHFOx8jV/A="): Text ****** has been set on object 'Object Repository/1612893/39_Edit_channel_purpose/Page_Mattermost/input_All team communication in one place s_2f2733'

2020-06-05 16:58:21 - [MESSAGE][PASSED] - Text ****** has been set on object 'Object Repository/1612893/39_Edit_channel_purpose/Page_Mattermost/input_All team communication in one place s_2f2733'

2020-06-05 16:58:21 - [TEST_STEP][PASSED] - click(findTestObject("Object Repository/1612893/39_Edit_channel_purpose/Page_Mattermost/span_Sign in")): Object: 'Object Repository/1612893/39_Edit_channel_purpose/Page_Mattermost/span_Sign in' is clicked on

2020-06-05 16:58:22 - [MESSAGE][PASSED] - Object: 'Object Repository/1612893/39_Edit_channel_purpose/Page_Mattermost/span_Sign in' is clicked on

2020-06-05 16:58:22 - [TEST_STEP][PASSED] - click(findTestObject("Object Repository/1612893/39_Edit_channel_purpose/Page_Thanh set Channel name - hcmus-cdnc-te_a699a0/span_Thanh set Channel name_channelHeaderDr_8caf36")): Object: 'Object Repository/1612893/39_Edit_channel_purpose/Page_Thanh set Channel name - hcmus-cdnc-te_a699a0/span_Thanh set Channel name_channelHeaderDr_8caf36' is clicked on

2020-06-05 16:58:26 - [MESSAGE][PASSED] - Object: 'Object Repository/1612893/39_Edit_channel_purpose/Page_Thanh set Channel name - hcmus-cdnc-te_a699a0/span_Thanh set Channel name_channelHeaderDr_8caf36' is clicked on

2020-06-05 16:58:26 - [TEST_STEP][PASSED] - click(findTestObject("Object Repository/1612893/39_Edit_channel_purpose/Page_Thanh set Channel name - hcmus-cdnc-te_a699a0/span_Edit Channel Purpose")): Object: 'Object Repository/1612893/39_Edit_channel_purpose/Page_Thanh set Channel name - hcmus-cdnc-te_a699a0/span_Edit Channel Purpose' is clicked on

2020-06-05 16:58:27 - [MESSAGE][PASSED] - Object: 'Object Repository/1612893/39_Edit_channel_purpose/Page_Thanh set Channel name - hcmus-cdnc-te_a699a0/span_Edit Channel Purpose' is clicked on

2020-06-05 16:58:27 - [TEST_STEP][PASSED] - setText(findTestObject("Object Repository/1612893/39_Edit_channel_purpose/Page_Thanh set Channel name - hcmus-cdnc-te_a699a0/textarea_Thanh set Channel name_form-contro_b51f21"), channelPurpose): Text 'thanh' is set on object 'Object Repository/1612893/39_Edit_channel_purpose/Page_Thanh set Channel name - hcmus-cdnc-te_a699a0/textarea_Thanh set Channel name_form-contro_b51f21'

2020-06-05 16:58:28 - [MESSAGE][PASSED] - Text 'thanh' is set on object 'Object Repository/1612893/39_Edit_channel_purpose/Page_Thanh set Channel name - hcmus-cdnc-te_a699a0/textarea_Thanh set Channel name_form-contro_b51f21'

2020-06-05 16:58:28 - [TEST_STEP][PASSED] - click(findTestObject("Object Repository/1612893/39_Edit_channel_purpose/Page_Thanh set Channel name - hcmus-cdnc-te_a699a0/span_Save")): Object: 'Object Repository/1612893/39_Edit_channel_purpose/Page_Thanh set Channel name - hcmus-cdnc-te_a699a0/span_Save' is clicked on

2020-06-05 16:58:29 - [MESSAGE][PASSED] - Object: 'Object Repository/1612893/39_Edit_channel_purpose/Page_Thanh set Channel name - hcmus-cdnc-te_a699a0/span_Save' is clicked on

2020-06-05 16:58:29 - [TEST_STEP][PASSED] - closeBrowser(): Browser is closed

2020-06-05 16:58:30 - [MESSAGE][PASSED] - Browser is closed]]></system-out>
         <system-err><![CDATA[]]></system-err>
      </testcase>
      <testcase name="Test Cases/1612893/TC_39_Edit_channel_purpose" time="15.459" classname="Test Cases/1612893/TC_39_Edit_channel_purpose" status="PASSED">
         <system-out><![CDATA[2020-06-05 16:58:30 - [TEST_CASE][PASSED] - Test Cases/1612893/TC_39_Edit_channel_purpose: Test Cases/1612893/TC_39_Edit_channel_purpose

2020-06-05 16:58:30 - [TEST_STEP][PASSED] - openBrowser(""): Browser is opened with url: ''

2020-06-05 16:58:30 - [MESSAGE][INFO] - Starting 'Chrome' driver

2020-06-05 16:58:30 - [MESSAGE][INFO] - Action delay is set to 0 milliseconds

2020-06-05 16:58:34 - [MESSAGE][PASSED] - Browser is opened with url: ''

2020-06-05 16:58:34 - [TEST_STEP][PASSED] - navigateToUrl("http://localhost:8065/login"): Navigate to 'http://localhost:8065/login' successfully

2020-06-05 16:58:35 - [MESSAGE][PASSED] - Navigate to 'http://localhost:8065/login' successfully

2020-06-05 16:58:35 - [TEST_STEP][PASSED] - setText(findTestObject("Object Repository/1612893/39_Edit_channel_purpose/Page_Mattermost/input_All team communication in one place s_703ef5"), "hcmus-cdnc"): Text 'hcmus-cdnc' is set on object 'Object Repository/1612893/39_Edit_channel_purpose/Page_Mattermost/input_All team communication in one place s_703ef5'

2020-06-05 16:58:37 - [MESSAGE][PASSED] - Text 'hcmus-cdnc' is set on object 'Object Repository/1612893/39_Edit_channel_purpose/Page_Mattermost/input_All team communication in one place s_703ef5'

2020-06-05 16:58:37 - [TEST_STEP][PASSED] - setEncryptedText(findTestObject("Object Repository/1612893/39_Edit_channel_purpose/Page_Mattermost/input_All team communication in one place s_2f2733"), "aeHFOx8jV/A="): Text ****** has been set on object 'Object Repository/1612893/39_Edit_channel_purpose/Page_Mattermost/input_All team communication in one place s_2f2733'

2020-06-05 16:58:38 - [MESSAGE][PASSED] - Text ****** has been set on object 'Object Repository/1612893/39_Edit_channel_purpose/Page_Mattermost/input_All team communication in one place s_2f2733'

2020-06-05 16:58:38 - [TEST_STEP][PASSED] - click(findTestObject("Object Repository/1612893/39_Edit_channel_purpose/Page_Mattermost/span_Sign in")): Object: 'Object Repository/1612893/39_Edit_channel_purpose/Page_Mattermost/span_Sign in' is clicked on

2020-06-05 16:58:39 - [MESSAGE][PASSED] - Object: 'Object Repository/1612893/39_Edit_channel_purpose/Page_Mattermost/span_Sign in' is clicked on

2020-06-05 16:58:39 - [TEST_STEP][PASSED] - click(findTestObject("Object Repository/1612893/39_Edit_channel_purpose/Page_Thanh set Channel name - hcmus-cdnc-te_a699a0/span_Thanh set Channel name_channelHeaderDr_8caf36")): Object: 'Object Repository/1612893/39_Edit_channel_purpose/Page_Thanh set Channel name - hcmus-cdnc-te_a699a0/span_Thanh set Channel name_channelHeaderDr_8caf36' is clicked on

2020-06-05 16:58:42 - [MESSAGE][PASSED] - Object: 'Object Repository/1612893/39_Edit_channel_purpose/Page_Thanh set Channel name - hcmus-cdnc-te_a699a0/span_Thanh set Channel name_channelHeaderDr_8caf36' is clicked on

2020-06-05 16:58:42 - [TEST_STEP][PASSED] - click(findTestObject("Object Repository/1612893/39_Edit_channel_purpose/Page_Thanh set Channel name - hcmus-cdnc-te_a699a0/span_Edit Channel Purpose")): Object: 'Object Repository/1612893/39_Edit_channel_purpose/Page_Thanh set Channel name - hcmus-cdnc-te_a699a0/span_Edit Channel Purpose' is clicked on

2020-06-05 16:58:43 - [MESSAGE][PASSED] - Object: 'Object Repository/1612893/39_Edit_channel_purpose/Page_Thanh set Channel name - hcmus-cdnc-te_a699a0/span_Edit Channel Purpose' is clicked on

2020-06-05 16:58:43 - [TEST_STEP][PASSED] - setText(findTestObject("Object Repository/1612893/39_Edit_channel_purpose/Page_Thanh set Channel name - hcmus-cdnc-te_a699a0/textarea_Thanh set Channel name_form-contro_b51f21"), channelPurpose): Text '1234567890' is set on object 'Object Repository/1612893/39_Edit_channel_purpose/Page_Thanh set Channel name - hcmus-cdnc-te_a699a0/textarea_Thanh set Channel name_form-contro_b51f21'

2020-06-05 16:58:44 - [MESSAGE][PASSED] - Text '1234567890' is set on object 'Object Repository/1612893/39_Edit_channel_purpose/Page_Thanh set Channel name - hcmus-cdnc-te_a699a0/textarea_Thanh set Channel name_form-contro_b51f21'

2020-06-05 16:58:44 - [TEST_STEP][PASSED] - click(findTestObject("Object Repository/1612893/39_Edit_channel_purpose/Page_Thanh set Channel name - hcmus-cdnc-te_a699a0/span_Save")): Object: 'Object Repository/1612893/39_Edit_channel_purpose/Page_Thanh set Channel name - hcmus-cdnc-te_a699a0/span_Save' is clicked on

2020-06-05 16:58:45 - [MESSAGE][PASSED] - Object: 'Object Repository/1612893/39_Edit_channel_purpose/Page_Thanh set Channel name - hcmus-cdnc-te_a699a0/span_Save' is clicked on

2020-06-05 16:58:45 - [TEST_STEP][PASSED] - closeBrowser(): Browser is closed

2020-06-05 16:58:46 - [MESSAGE][PASSED] - Browser is closed]]></system-out>
         <system-err><![CDATA[]]></system-err>
      </testcase>
      <testcase name="Test Cases/1612893/TC_39_Edit_channel_purpose" time="15.631" classname="Test Cases/1612893/TC_39_Edit_channel_purpose" status="PASSED">
         <system-out><![CDATA[2020-06-05 16:58:46 - [TEST_CASE][PASSED] - Test Cases/1612893/TC_39_Edit_channel_purpose: Test Cases/1612893/TC_39_Edit_channel_purpose

2020-06-05 16:58:46 - [TEST_STEP][PASSED] - openBrowser(""): Browser is opened with url: ''

2020-06-05 16:58:46 - [MESSAGE][INFO] - Starting 'Chrome' driver

2020-06-05 16:58:46 - [MESSAGE][INFO] - Action delay is set to 0 milliseconds

2020-06-05 16:58:49 - [MESSAGE][PASSED] - Browser is opened with url: ''

2020-06-05 16:58:49 - [TEST_STEP][PASSED] - navigateToUrl("http://localhost:8065/login"): Navigate to 'http://localhost:8065/login' successfully

2020-06-05 16:58:51 - [MESSAGE][PASSED] - Navigate to 'http://localhost:8065/login' successfully

2020-06-05 16:58:51 - [TEST_STEP][PASSED] - setText(findTestObject("Object Repository/1612893/39_Edit_channel_purpose/Page_Mattermost/input_All team communication in one place s_703ef5"), "hcmus-cdnc"): Text 'hcmus-cdnc' is set on object 'Object Repository/1612893/39_Edit_channel_purpose/Page_Mattermost/input_All team communication in one place s_703ef5'

2020-06-05 16:58:53 - [MESSAGE][PASSED] - Text 'hcmus-cdnc' is set on object 'Object Repository/1612893/39_Edit_channel_purpose/Page_Mattermost/input_All team communication in one place s_703ef5'

2020-06-05 16:58:53 - [TEST_STEP][PASSED] - setEncryptedText(findTestObject("Object Repository/1612893/39_Edit_channel_purpose/Page_Mattermost/input_All team communication in one place s_2f2733"), "aeHFOx8jV/A="): Text ****** has been set on object 'Object Repository/1612893/39_Edit_channel_purpose/Page_Mattermost/input_All team communication in one place s_2f2733'

2020-06-05 16:58:54 - [MESSAGE][PASSED] - Text ****** has been set on object 'Object Repository/1612893/39_Edit_channel_purpose/Page_Mattermost/input_All team communication in one place s_2f2733'

2020-06-05 16:58:54 - [TEST_STEP][PASSED] - click(findTestObject("Object Repository/1612893/39_Edit_channel_purpose/Page_Mattermost/span_Sign in")): Object: 'Object Repository/1612893/39_Edit_channel_purpose/Page_Mattermost/span_Sign in' is clicked on

2020-06-05 16:58:54 - [MESSAGE][PASSED] - Object: 'Object Repository/1612893/39_Edit_channel_purpose/Page_Mattermost/span_Sign in' is clicked on

2020-06-05 16:58:54 - [TEST_STEP][PASSED] - click(findTestObject("Object Repository/1612893/39_Edit_channel_purpose/Page_Thanh set Channel name - hcmus-cdnc-te_a699a0/span_Thanh set Channel name_channelHeaderDr_8caf36")): Object: 'Object Repository/1612893/39_Edit_channel_purpose/Page_Thanh set Channel name - hcmus-cdnc-te_a699a0/span_Thanh set Channel name_channelHeaderDr_8caf36' is clicked on

2020-06-05 16:58:57 - [MESSAGE][PASSED] - Object: 'Object Repository/1612893/39_Edit_channel_purpose/Page_Thanh set Channel name - hcmus-cdnc-te_a699a0/span_Thanh set Channel name_channelHeaderDr_8caf36' is clicked on

2020-06-05 16:58:57 - [TEST_STEP][PASSED] - click(findTestObject("Object Repository/1612893/39_Edit_channel_purpose/Page_Thanh set Channel name - hcmus-cdnc-te_a699a0/span_Edit Channel Purpose")): Object: 'Object Repository/1612893/39_Edit_channel_purpose/Page_Thanh set Channel name - hcmus-cdnc-te_a699a0/span_Edit Channel Purpose' is clicked on

2020-06-05 16:58:58 - [MESSAGE][PASSED] - Object: 'Object Repository/1612893/39_Edit_channel_purpose/Page_Thanh set Channel name - hcmus-cdnc-te_a699a0/span_Edit Channel Purpose' is clicked on

2020-06-05 16:58:58 - [TEST_STEP][PASSED] - setText(findTestObject("Object Repository/1612893/39_Edit_channel_purpose/Page_Thanh set Channel name - hcmus-cdnc-te_a699a0/textarea_Thanh set Channel name_form-contro_b51f21"), channelPurpose): Text '!@@#R#@@#@' is set on object 'Object Repository/1612893/39_Edit_channel_purpose/Page_Thanh set Channel name - hcmus-cdnc-te_a699a0/textarea_Thanh set Channel name_form-contro_b51f21'

2020-06-05 16:59:00 - [MESSAGE][PASSED] - Text '!@@#R#@@#@' is set on object 'Object Repository/1612893/39_Edit_channel_purpose/Page_Thanh set Channel name - hcmus-cdnc-te_a699a0/textarea_Thanh set Channel name_form-contro_b51f21'

2020-06-05 16:59:00 - [TEST_STEP][PASSED] - click(findTestObject("Object Repository/1612893/39_Edit_channel_purpose/Page_Thanh set Channel name - hcmus-cdnc-te_a699a0/span_Save")): Object: 'Object Repository/1612893/39_Edit_channel_purpose/Page_Thanh set Channel name - hcmus-cdnc-te_a699a0/span_Save' is clicked on

2020-06-05 16:59:00 - [MESSAGE][PASSED] - Object: 'Object Repository/1612893/39_Edit_channel_purpose/Page_Thanh set Channel name - hcmus-cdnc-te_a699a0/span_Save' is clicked on

2020-06-05 16:59:00 - [TEST_STEP][PASSED] - closeBrowser(): Browser is closed

2020-06-05 16:59:01 - [MESSAGE][PASSED] - Browser is closed]]></system-out>
         <system-err><![CDATA[]]></system-err>
      </testcase>
      <testcase name="Test Cases/1612893/TC_39_Edit_channel_purpose" time="15.88" classname="Test Cases/1612893/TC_39_Edit_channel_purpose" status="PASSED">
         <system-out><![CDATA[2020-06-05 16:59:01 - [TEST_CASE][PASSED] - Test Cases/1612893/TC_39_Edit_channel_purpose: Test Cases/1612893/TC_39_Edit_channel_purpose

2020-06-05 16:59:01 - [TEST_STEP][PASSED] - openBrowser(""): Browser is opened with url: ''

2020-06-05 16:59:01 - [MESSAGE][INFO] - Starting 'Chrome' driver

2020-06-05 16:59:01 - [MESSAGE][INFO] - Action delay is set to 0 milliseconds

2020-06-05 16:59:05 - [MESSAGE][PASSED] - Browser is opened with url: ''

2020-06-05 16:59:05 - [TEST_STEP][PASSED] - navigateToUrl("http://localhost:8065/login"): Navigate to 'http://localhost:8065/login' successfully

2020-06-05 16:59:06 - [MESSAGE][PASSED] - Navigate to 'http://localhost:8065/login' successfully

2020-06-05 16:59:06 - [TEST_STEP][PASSED] - setText(findTestObject("Object Repository/1612893/39_Edit_channel_purpose/Page_Mattermost/input_All team communication in one place s_703ef5"), "hcmus-cdnc"): Text 'hcmus-cdnc' is set on object 'Object Repository/1612893/39_Edit_channel_purpose/Page_Mattermost/input_All team communication in one place s_703ef5'

2020-06-05 16:59:09 - [MESSAGE][PASSED] - Text 'hcmus-cdnc' is set on object 'Object Repository/1612893/39_Edit_channel_purpose/Page_Mattermost/input_All team communication in one place s_703ef5'

2020-06-05 16:59:09 - [TEST_STEP][PASSED] - setEncryptedText(findTestObject("Object Repository/1612893/39_Edit_channel_purpose/Page_Mattermost/input_All team communication in one place s_2f2733"), "aeHFOx8jV/A="): Text ****** has been set on object 'Object Repository/1612893/39_Edit_channel_purpose/Page_Mattermost/input_All team communication in one place s_2f2733'

2020-06-05 16:59:09 - [MESSAGE][PASSED] - Text ****** has been set on object 'Object Repository/1612893/39_Edit_channel_purpose/Page_Mattermost/input_All team communication in one place s_2f2733'

2020-06-05 16:59:09 - [TEST_STEP][PASSED] - click(findTestObject("Object Repository/1612893/39_Edit_channel_purpose/Page_Mattermost/span_Sign in")): Object: 'Object Repository/1612893/39_Edit_channel_purpose/Page_Mattermost/span_Sign in' is clicked on

2020-06-05 16:59:10 - [MESSAGE][PASSED] - Object: 'Object Repository/1612893/39_Edit_channel_purpose/Page_Mattermost/span_Sign in' is clicked on

2020-06-05 16:59:10 - [TEST_STEP][PASSED] - click(findTestObject("Object Repository/1612893/39_Edit_channel_purpose/Page_Thanh set Channel name - hcmus-cdnc-te_a699a0/span_Thanh set Channel name_channelHeaderDr_8caf36")): Object: 'Object Repository/1612893/39_Edit_channel_purpose/Page_Thanh set Channel name - hcmus-cdnc-te_a699a0/span_Thanh set Channel name_channelHeaderDr_8caf36' is clicked on

2020-06-05 16:59:13 - [MESSAGE][PASSED] - Object: 'Object Repository/1612893/39_Edit_channel_purpose/Page_Thanh set Channel name - hcmus-cdnc-te_a699a0/span_Thanh set Channel name_channelHeaderDr_8caf36' is clicked on

2020-06-05 16:59:13 - [TEST_STEP][PASSED] - click(findTestObject("Object Repository/1612893/39_Edit_channel_purpose/Page_Thanh set Channel name - hcmus-cdnc-te_a699a0/span_Edit Channel Purpose")): Object: 'Object Repository/1612893/39_Edit_channel_purpose/Page_Thanh set Channel name - hcmus-cdnc-te_a699a0/span_Edit Channel Purpose' is clicked on

2020-06-05 16:59:14 - [MESSAGE][PASSED] - Object: 'Object Repository/1612893/39_Edit_channel_purpose/Page_Thanh set Channel name - hcmus-cdnc-te_a699a0/span_Edit Channel Purpose' is clicked on

2020-06-05 16:59:14 - [TEST_STEP][PASSED] - setText(findTestObject("Object Repository/1612893/39_Edit_channel_purpose/Page_Thanh set Channel name - hcmus-cdnc-te_a699a0/textarea_Thanh set Channel name_form-contro_b51f21"), channelPurpose): Text '<div></div>' is set on object 'Object Repository/1612893/39_Edit_channel_purpose/Page_Thanh set Channel name - hcmus-cdnc-te_a699a0/textarea_Thanh set Channel name_form-contro_b51f21'

2020-06-05 16:59:15 - [MESSAGE][PASSED] - Text '<div></div>' is set on object 'Object Repository/1612893/39_Edit_channel_purpose/Page_Thanh set Channel name - hcmus-cdnc-te_a699a0/textarea_Thanh set Channel name_form-contro_b51f21'

2020-06-05 16:59:15 - [TEST_STEP][PASSED] - click(findTestObject("Object Repository/1612893/39_Edit_channel_purpose/Page_Thanh set Channel name - hcmus-cdnc-te_a699a0/span_Save")): Object: 'Object Repository/1612893/39_Edit_channel_purpose/Page_Thanh set Channel name - hcmus-cdnc-te_a699a0/span_Save' is clicked on

2020-06-05 16:59:16 - [MESSAGE][PASSED] - Object: 'Object Repository/1612893/39_Edit_channel_purpose/Page_Thanh set Channel name - hcmus-cdnc-te_a699a0/span_Save' is clicked on

2020-06-05 16:59:16 - [TEST_STEP][PASSED] - closeBrowser(): Browser is closed

2020-06-05 16:59:17 - [MESSAGE][PASSED] - Browser is closed]]></system-out>
         <system-err><![CDATA[]]></system-err>
      </testcase>
      <testcase name="Test Cases/1612893/TC_40_Edit_channel_header" time="16.117" classname="Test Cases/1612893/TC_40_Edit_channel_header" status="PASSED">
         <system-out><![CDATA[2020-06-05 16:59:17 - [TEST_CASE][PASSED] - Test Cases/1612893/TC_40_Edit_channel_header: Test Cases/1612893/TC_40_Edit_channel_header

2020-06-05 16:59:18 - [TEST_STEP][PASSED] - openBrowser(""): Browser is opened with url: ''

2020-06-05 16:59:18 - [MESSAGE][INFO] - Starting 'Chrome' driver

2020-06-05 16:59:18 - [MESSAGE][INFO] - Action delay is set to 0 milliseconds

2020-06-05 16:59:21 - [MESSAGE][PASSED] - Browser is opened with url: ''

2020-06-05 16:59:21 - [TEST_STEP][PASSED] - navigateToUrl("http://localhost:8065/login"): Navigate to 'http://localhost:8065/login' successfully

2020-06-05 16:59:23 - [MESSAGE][PASSED] - Navigate to 'http://localhost:8065/login' successfully

2020-06-05 16:59:23 - [TEST_STEP][PASSED] - setText(findTestObject("1612893/40_Edit_channel_header/Page_Mattermost/input_All team communication in one place s_703ef5"), "hcmus-cdnc"): Text 'hcmus-cdnc' is set on object 'Object Repository/1612893/40_Edit_channel_header/Page_Mattermost/input_All team communication in one place s_703ef5'

2020-06-05 16:59:25 - [MESSAGE][PASSED] - Text 'hcmus-cdnc' is set on object 'Object Repository/1612893/40_Edit_channel_header/Page_Mattermost/input_All team communication in one place s_703ef5'

2020-06-05 16:59:25 - [TEST_STEP][PASSED] - setEncryptedText(findTestObject("1612893/40_Edit_channel_header/Page_Mattermost/input_All team communication in one place s_2f2733"), "aeHFOx8jV/A="): Text ****** has been set on object 'Object Repository/1612893/40_Edit_channel_header/Page_Mattermost/input_All team communication in one place s_2f2733'

2020-06-05 16:59:25 - [MESSAGE][PASSED] - Text ****** has been set on object 'Object Repository/1612893/40_Edit_channel_header/Page_Mattermost/input_All team communication in one place s_2f2733'

2020-06-05 16:59:25 - [TEST_STEP][PASSED] - sendKeys(findTestObject("1612893/40_Edit_channel_header/Page_Mattermost/input_All team communication in one place s_2f2733"), Keys.chord(ENTER)): Keys 'ENTER + ' sent to object: 'Object Repository/1612893/40_Edit_channel_header/Page_Mattermost/input_All team communication in one place s_2f2733'

2020-06-05 16:59:26 - [MESSAGE][PASSED] - Keys 'ENTER + ' sent to object: 'Object Repository/1612893/40_Edit_channel_header/Page_Mattermost/input_All team communication in one place s_2f2733'

2020-06-05 16:59:26 - [TEST_STEP][PASSED] - click(findTestObject("1612893/40_Edit_channel_header/Page_Thanh set Channel name - hcmus-cdnc-te_a699a0/span_Thanh set Channel name_channelHeaderDr_8caf36")): Object: 'Object Repository/1612893/40_Edit_channel_header/Page_Thanh set Channel name - hcmus-cdnc-te_a699a0/span_Thanh set Channel name_channelHeaderDr_8caf36' is clicked on

2020-06-05 16:59:29 - [MESSAGE][PASSED] - Object: 'Object Repository/1612893/40_Edit_channel_header/Page_Thanh set Channel name - hcmus-cdnc-te_a699a0/span_Thanh set Channel name_channelHeaderDr_8caf36' is clicked on

2020-06-05 16:59:29 - [TEST_STEP][PASSED] - click(findTestObject("1612893/40_Edit_channel_header/Page_Thanh set Channel name - hcmus-cdnc-te_a699a0/span_Edit Channel Header")): Object: 'Object Repository/1612893/40_Edit_channel_header/Page_Thanh set Channel name - hcmus-cdnc-te_a699a0/span_Edit Channel Header' is clicked on

2020-06-05 16:59:30 - [MESSAGE][PASSED] - Object: 'Object Repository/1612893/40_Edit_channel_header/Page_Thanh set Channel name - hcmus-cdnc-te_a699a0/span_Edit Channel Header' is clicked on

2020-06-05 16:59:30 - [TEST_STEP][PASSED] - setText(findTestObject("1612893/40_Edit_channel_header/Page_Thanh set Channel name - hcmus-cdnc-te_a699a0/textarea_thanh set header"), content): Text '999999999213193921129319' is set on object 'Object Repository/1612893/40_Edit_channel_header/Page_Thanh set Channel name - hcmus-cdnc-te_a699a0/textarea_thanh set header'

2020-06-05 16:59:32 - [MESSAGE][PASSED] - Text '999999999213193921129319' is set on object 'Object Repository/1612893/40_Edit_channel_header/Page_Thanh set Channel name - hcmus-cdnc-te_a699a0/textarea_thanh set header'

2020-06-05 16:59:32 - [TEST_STEP][PASSED] - click(findTestObject("1612893/40_Edit_channel_header/Page_Thanh set Channel name - hcmus-cdnc-te_a699a0/span_Save")): Object: 'Object Repository/1612893/40_Edit_channel_header/Page_Thanh set Channel name - hcmus-cdnc-te_a699a0/span_Save' is clicked on

2020-06-05 16:59:32 - [MESSAGE][PASSED] - Object: 'Object Repository/1612893/40_Edit_channel_header/Page_Thanh set Channel name - hcmus-cdnc-te_a699a0/span_Save' is clicked on

2020-06-05 16:59:32 - [TEST_STEP][PASSED] - closeBrowser(): Browser is closed

2020-06-05 16:59:33 - [MESSAGE][PASSED] - Browser is closed]]></system-out>
         <system-err><![CDATA[]]></system-err>
      </testcase>
      <testcase name="Test Cases/1612893/TC_40_Edit_channel_header" time="16.211" classname="Test Cases/1612893/TC_40_Edit_channel_header" status="PASSED">
         <system-out><![CDATA[2020-06-05 16:59:33 - [TEST_CASE][PASSED] - Test Cases/1612893/TC_40_Edit_channel_header: Test Cases/1612893/TC_40_Edit_channel_header

2020-06-05 16:59:33 - [TEST_STEP][PASSED] - openBrowser(""): Browser is opened with url: ''

2020-06-05 16:59:33 - [MESSAGE][INFO] - Starting 'Chrome' driver

2020-06-05 16:59:33 - [MESSAGE][INFO] - Action delay is set to 0 milliseconds

2020-06-05 16:59:37 - [MESSAGE][PASSED] - Browser is opened with url: ''

2020-06-05 16:59:37 - [TEST_STEP][PASSED] - navigateToUrl("http://localhost:8065/login"): Navigate to 'http://localhost:8065/login' successfully

2020-06-05 16:59:39 - [MESSAGE][PASSED] - Navigate to 'http://localhost:8065/login' successfully

2020-06-05 16:59:39 - [TEST_STEP][PASSED] - setText(findTestObject("1612893/40_Edit_channel_header/Page_Mattermost/input_All team communication in one place s_703ef5"), "hcmus-cdnc"): Text 'hcmus-cdnc' is set on object 'Object Repository/1612893/40_Edit_channel_header/Page_Mattermost/input_All team communication in one place s_703ef5'

2020-06-05 16:59:41 - [MESSAGE][PASSED] - Text 'hcmus-cdnc' is set on object 'Object Repository/1612893/40_Edit_channel_header/Page_Mattermost/input_All team communication in one place s_703ef5'

2020-06-05 16:59:41 - [TEST_STEP][PASSED] - setEncryptedText(findTestObject("1612893/40_Edit_channel_header/Page_Mattermost/input_All team communication in one place s_2f2733"), "aeHFOx8jV/A="): Text ****** has been set on object 'Object Repository/1612893/40_Edit_channel_header/Page_Mattermost/input_All team communication in one place s_2f2733'

2020-06-05 16:59:42 - [MESSAGE][PASSED] - Text ****** has been set on object 'Object Repository/1612893/40_Edit_channel_header/Page_Mattermost/input_All team communication in one place s_2f2733'

2020-06-05 16:59:42 - [TEST_STEP][PASSED] - sendKeys(findTestObject("1612893/40_Edit_channel_header/Page_Mattermost/input_All team communication in one place s_2f2733"), Keys.chord(ENTER)): Keys 'ENTER + ' sent to object: 'Object Repository/1612893/40_Edit_channel_header/Page_Mattermost/input_All team communication in one place s_2f2733'

2020-06-05 16:59:42 - [MESSAGE][PASSED] - Keys 'ENTER + ' sent to object: 'Object Repository/1612893/40_Edit_channel_header/Page_Mattermost/input_All team communication in one place s_2f2733'

2020-06-05 16:59:42 - [TEST_STEP][PASSED] - click(findTestObject("1612893/40_Edit_channel_header/Page_Thanh set Channel name - hcmus-cdnc-te_a699a0/span_Thanh set Channel name_channelHeaderDr_8caf36")): Object: 'Object Repository/1612893/40_Edit_channel_header/Page_Thanh set Channel name - hcmus-cdnc-te_a699a0/span_Thanh set Channel name_channelHeaderDr_8caf36' is clicked on

2020-06-05 16:59:45 - [MESSAGE][PASSED] - Object: 'Object Repository/1612893/40_Edit_channel_header/Page_Thanh set Channel name - hcmus-cdnc-te_a699a0/span_Thanh set Channel name_channelHeaderDr_8caf36' is clicked on

2020-06-05 16:59:45 - [TEST_STEP][PASSED] - click(findTestObject("1612893/40_Edit_channel_header/Page_Thanh set Channel name - hcmus-cdnc-te_a699a0/span_Edit Channel Header")): Object: 'Object Repository/1612893/40_Edit_channel_header/Page_Thanh set Channel name - hcmus-cdnc-te_a699a0/span_Edit Channel Header' is clicked on

2020-06-05 16:59:46 - [MESSAGE][PASSED] - Object: 'Object Repository/1612893/40_Edit_channel_header/Page_Thanh set Channel name - hcmus-cdnc-te_a699a0/span_Edit Channel Header' is clicked on

2020-06-05 16:59:46 - [TEST_STEP][PASSED] - setText(findTestObject("1612893/40_Edit_channel_header/Page_Thanh set Channel name - hcmus-cdnc-te_a699a0/textarea_thanh set header"), content): Text '$#%@#^^#%##%%' is set on object 'Object Repository/1612893/40_Edit_channel_header/Page_Thanh set Channel name - hcmus-cdnc-te_a699a0/textarea_thanh set header'

2020-06-05 16:59:48 - [MESSAGE][PASSED] - Text '$#%@#^^#%##%%' is set on object 'Object Repository/1612893/40_Edit_channel_header/Page_Thanh set Channel name - hcmus-cdnc-te_a699a0/textarea_thanh set header'

2020-06-05 16:59:48 - [TEST_STEP][PASSED] - click(findTestObject("1612893/40_Edit_channel_header/Page_Thanh set Channel name - hcmus-cdnc-te_a699a0/span_Save")): Object: 'Object Repository/1612893/40_Edit_channel_header/Page_Thanh set Channel name - hcmus-cdnc-te_a699a0/span_Save' is clicked on

2020-06-05 16:59:49 - [MESSAGE][PASSED] - Object: 'Object Repository/1612893/40_Edit_channel_header/Page_Thanh set Channel name - hcmus-cdnc-te_a699a0/span_Save' is clicked on

2020-06-05 16:59:49 - [TEST_STEP][PASSED] - closeBrowser(): Browser is closed

2020-06-05 16:59:49 - [MESSAGE][PASSED] - Browser is closed]]></system-out>
         <system-err><![CDATA[]]></system-err>
      </testcase>
      <testcase name="Test Cases/1612893/TC_40_Edit_channel_header" time="16.607" classname="Test Cases/1612893/TC_40_Edit_channel_header" status="PASSED">
         <system-out><![CDATA[2020-06-05 16:59:49 - [TEST_CASE][PASSED] - Test Cases/1612893/TC_40_Edit_channel_header: Test Cases/1612893/TC_40_Edit_channel_header

2020-06-05 16:59:49 - [TEST_STEP][PASSED] - openBrowser(""): Browser is opened with url: ''

2020-06-05 16:59:49 - [MESSAGE][INFO] - Starting 'Chrome' driver

2020-06-05 16:59:49 - [MESSAGE][INFO] - Action delay is set to 0 milliseconds

2020-06-05 16:59:53 - [MESSAGE][PASSED] - Browser is opened with url: ''

2020-06-05 16:59:53 - [TEST_STEP][PASSED] - navigateToUrl("http://localhost:8065/login"): Navigate to 'http://localhost:8065/login' successfully

2020-06-05 16:59:55 - [MESSAGE][PASSED] - Navigate to 'http://localhost:8065/login' successfully

2020-06-05 16:59:55 - [TEST_STEP][PASSED] - setText(findTestObject("1612893/40_Edit_channel_header/Page_Mattermost/input_All team communication in one place s_703ef5"), "hcmus-cdnc"): Text 'hcmus-cdnc' is set on object 'Object Repository/1612893/40_Edit_channel_header/Page_Mattermost/input_All team communication in one place s_703ef5'

2020-06-05 16:59:57 - [MESSAGE][PASSED] - Text 'hcmus-cdnc' is set on object 'Object Repository/1612893/40_Edit_channel_header/Page_Mattermost/input_All team communication in one place s_703ef5'

2020-06-05 16:59:57 - [TEST_STEP][PASSED] - setEncryptedText(findTestObject("1612893/40_Edit_channel_header/Page_Mattermost/input_All team communication in one place s_2f2733"), "aeHFOx8jV/A="): Text ****** has been set on object 'Object Repository/1612893/40_Edit_channel_header/Page_Mattermost/input_All team communication in one place s_2f2733'

2020-06-05 16:59:58 - [MESSAGE][PASSED] - Text ****** has been set on object 'Object Repository/1612893/40_Edit_channel_header/Page_Mattermost/input_All team communication in one place s_2f2733'

2020-06-05 16:59:58 - [TEST_STEP][PASSED] - sendKeys(findTestObject("1612893/40_Edit_channel_header/Page_Mattermost/input_All team communication in one place s_2f2733"), Keys.chord(ENTER)): Keys 'ENTER + ' sent to object: 'Object Repository/1612893/40_Edit_channel_header/Page_Mattermost/input_All team communication in one place s_2f2733'

2020-06-05 16:59:58 - [MESSAGE][PASSED] - Keys 'ENTER + ' sent to object: 'Object Repository/1612893/40_Edit_channel_header/Page_Mattermost/input_All team communication in one place s_2f2733'

2020-06-05 16:59:58 - [TEST_STEP][PASSED] - click(findTestObject("1612893/40_Edit_channel_header/Page_Thanh set Channel name - hcmus-cdnc-te_a699a0/span_Thanh set Channel name_channelHeaderDr_8caf36")): Object: 'Object Repository/1612893/40_Edit_channel_header/Page_Thanh set Channel name - hcmus-cdnc-te_a699a0/span_Thanh set Channel name_channelHeaderDr_8caf36' is clicked on

2020-06-05 17:00:02 - [MESSAGE][PASSED] - Object: 'Object Repository/1612893/40_Edit_channel_header/Page_Thanh set Channel name - hcmus-cdnc-te_a699a0/span_Thanh set Channel name_channelHeaderDr_8caf36' is clicked on

2020-06-05 17:00:02 - [TEST_STEP][PASSED] - click(findTestObject("1612893/40_Edit_channel_header/Page_Thanh set Channel name - hcmus-cdnc-te_a699a0/span_Edit Channel Header")): Object: 'Object Repository/1612893/40_Edit_channel_header/Page_Thanh set Channel name - hcmus-cdnc-te_a699a0/span_Edit Channel Header' is clicked on

2020-06-05 17:00:03 - [MESSAGE][PASSED] - Object: 'Object Repository/1612893/40_Edit_channel_header/Page_Thanh set Channel name - hcmus-cdnc-te_a699a0/span_Edit Channel Header' is clicked on

2020-06-05 17:00:03 - [TEST_STEP][PASSED] - setText(findTestObject("1612893/40_Edit_channel_header/Page_Thanh set Channel name - hcmus-cdnc-te_a699a0/textarea_thanh set header"), content): Text '><VĐGDGR$RFD' is set on object 'Object Repository/1612893/40_Edit_channel_header/Page_Thanh set Channel name - hcmus-cdnc-te_a699a0/textarea_thanh set header'

2020-06-05 17:00:04 - [MESSAGE][PASSED] - Text '><VĐGDGR$RFD' is set on object 'Object Repository/1612893/40_Edit_channel_header/Page_Thanh set Channel name - hcmus-cdnc-te_a699a0/textarea_thanh set header'

2020-06-05 17:00:04 - [TEST_STEP][PASSED] - click(findTestObject("1612893/40_Edit_channel_header/Page_Thanh set Channel name - hcmus-cdnc-te_a699a0/span_Save")): Object: 'Object Repository/1612893/40_Edit_channel_header/Page_Thanh set Channel name - hcmus-cdnc-te_a699a0/span_Save' is clicked on

2020-06-05 17:00:05 - [MESSAGE][PASSED] - Object: 'Object Repository/1612893/40_Edit_channel_header/Page_Thanh set Channel name - hcmus-cdnc-te_a699a0/span_Save' is clicked on

2020-06-05 17:00:05 - [TEST_STEP][PASSED] - closeBrowser(): Browser is closed

2020-06-05 17:00:06 - [MESSAGE][PASSED] - Browser is closed]]></system-out>
         <system-err><![CDATA[]]></system-err>
      </testcase>
      <testcase name="Test Cases/1612893/TC_40_Edit_channel_header" time="16.534" classname="Test Cases/1612893/TC_40_Edit_channel_header" status="PASSED">
         <system-out><![CDATA[2020-06-05 17:00:06 - [TEST_CASE][PASSED] - Test Cases/1612893/TC_40_Edit_channel_header: Test Cases/1612893/TC_40_Edit_channel_header

2020-06-05 17:00:06 - [TEST_STEP][PASSED] - openBrowser(""): Browser is opened with url: ''

2020-06-05 17:00:06 - [MESSAGE][INFO] - Starting 'Chrome' driver

2020-06-05 17:00:06 - [MESSAGE][INFO] - Action delay is set to 0 milliseconds

2020-06-05 17:00:10 - [MESSAGE][PASSED] - Browser is opened with url: ''

2020-06-05 17:00:10 - [TEST_STEP][PASSED] - navigateToUrl("http://localhost:8065/login"): Navigate to 'http://localhost:8065/login' successfully

2020-06-05 17:00:12 - [MESSAGE][PASSED] - Navigate to 'http://localhost:8065/login' successfully

2020-06-05 17:00:12 - [TEST_STEP][PASSED] - setText(findTestObject("1612893/40_Edit_channel_header/Page_Mattermost/input_All team communication in one place s_703ef5"), "hcmus-cdnc"): Text 'hcmus-cdnc' is set on object 'Object Repository/1612893/40_Edit_channel_header/Page_Mattermost/input_All team communication in one place s_703ef5'

2020-06-05 17:00:14 - [MESSAGE][PASSED] - Text 'hcmus-cdnc' is set on object 'Object Repository/1612893/40_Edit_channel_header/Page_Mattermost/input_All team communication in one place s_703ef5'

2020-06-05 17:00:14 - [TEST_STEP][PASSED] - setEncryptedText(findTestObject("1612893/40_Edit_channel_header/Page_Mattermost/input_All team communication in one place s_2f2733"), "aeHFOx8jV/A="): Text ****** has been set on object 'Object Repository/1612893/40_Edit_channel_header/Page_Mattermost/input_All team communication in one place s_2f2733'

2020-06-05 17:00:15 - [MESSAGE][PASSED] - Text ****** has been set on object 'Object Repository/1612893/40_Edit_channel_header/Page_Mattermost/input_All team communication in one place s_2f2733'

2020-06-05 17:00:15 - [TEST_STEP][PASSED] - sendKeys(findTestObject("1612893/40_Edit_channel_header/Page_Mattermost/input_All team communication in one place s_2f2733"), Keys.chord(ENTER)): Keys 'ENTER + ' sent to object: 'Object Repository/1612893/40_Edit_channel_header/Page_Mattermost/input_All team communication in one place s_2f2733'

2020-06-05 17:00:15 - [MESSAGE][PASSED] - Keys 'ENTER + ' sent to object: 'Object Repository/1612893/40_Edit_channel_header/Page_Mattermost/input_All team communication in one place s_2f2733'

2020-06-05 17:00:15 - [TEST_STEP][PASSED] - click(findTestObject("1612893/40_Edit_channel_header/Page_Thanh set Channel name - hcmus-cdnc-te_a699a0/span_Thanh set Channel name_channelHeaderDr_8caf36")): Object: 'Object Repository/1612893/40_Edit_channel_header/Page_Thanh set Channel name - hcmus-cdnc-te_a699a0/span_Thanh set Channel name_channelHeaderDr_8caf36' is clicked on

2020-06-05 17:00:19 - [MESSAGE][PASSED] - Object: 'Object Repository/1612893/40_Edit_channel_header/Page_Thanh set Channel name - hcmus-cdnc-te_a699a0/span_Thanh set Channel name_channelHeaderDr_8caf36' is clicked on

2020-06-05 17:00:19 - [TEST_STEP][PASSED] - click(findTestObject("1612893/40_Edit_channel_header/Page_Thanh set Channel name - hcmus-cdnc-te_a699a0/span_Edit Channel Header")): Object: 'Object Repository/1612893/40_Edit_channel_header/Page_Thanh set Channel name - hcmus-cdnc-te_a699a0/span_Edit Channel Header' is clicked on

2020-06-05 17:00:20 - [MESSAGE][PASSED] - Object: 'Object Repository/1612893/40_Edit_channel_header/Page_Thanh set Channel name - hcmus-cdnc-te_a699a0/span_Edit Channel Header' is clicked on

2020-06-05 17:00:20 - [TEST_STEP][PASSED] - setText(findTestObject("1612893/40_Edit_channel_header/Page_Thanh set Channel name - hcmus-cdnc-te_a699a0/textarea_thanh set header"), content): Text '<div><div>' is set on object 'Object Repository/1612893/40_Edit_channel_header/Page_Thanh set Channel name - hcmus-cdnc-te_a699a0/textarea_thanh set header'

2020-06-05 17:00:21 - [MESSAGE][PASSED] - Text '<div><div>' is set on object 'Object Repository/1612893/40_Edit_channel_header/Page_Thanh set Channel name - hcmus-cdnc-te_a699a0/textarea_thanh set header'

2020-06-05 17:00:21 - [TEST_STEP][PASSED] - click(findTestObject("1612893/40_Edit_channel_header/Page_Thanh set Channel name - hcmus-cdnc-te_a699a0/span_Save")): Object: 'Object Repository/1612893/40_Edit_channel_header/Page_Thanh set Channel name - hcmus-cdnc-te_a699a0/span_Save' is clicked on

2020-06-05 17:00:22 - [MESSAGE][PASSED] - Object: 'Object Repository/1612893/40_Edit_channel_header/Page_Thanh set Channel name - hcmus-cdnc-te_a699a0/span_Save' is clicked on

2020-06-05 17:00:22 - [TEST_STEP][PASSED] - closeBrowser(): Browser is closed

2020-06-05 17:00:23 - [MESSAGE][PASSED] - Browser is closed]]></system-out>
         <system-err><![CDATA[]]></system-err>
      </testcase>
      <testcase name="Test Cases/1612893/TC_40_Edit_channel_header" time="16.001" classname="Test Cases/1612893/TC_40_Edit_channel_header" status="PASSED">
         <system-out><![CDATA[2020-06-05 17:00:23 - [TEST_CASE][PASSED] - Test Cases/1612893/TC_40_Edit_channel_header: Test Cases/1612893/TC_40_Edit_channel_header

2020-06-05 17:00:23 - [TEST_STEP][PASSED] - openBrowser(""): Browser is opened with url: ''

2020-06-05 17:00:23 - [MESSAGE][INFO] - Starting 'Chrome' driver

2020-06-05 17:00:23 - [MESSAGE][INFO] - Action delay is set to 0 milliseconds

2020-06-05 17:00:26 - [MESSAGE][PASSED] - Browser is opened with url: ''

2020-06-05 17:00:26 - [TEST_STEP][PASSED] - navigateToUrl("http://localhost:8065/login"): Navigate to 'http://localhost:8065/login' successfully

2020-06-05 17:00:28 - [MESSAGE][PASSED] - Navigate to 'http://localhost:8065/login' successfully

2020-06-05 17:00:28 - [TEST_STEP][PASSED] - setText(findTestObject("1612893/40_Edit_channel_header/Page_Mattermost/input_All team communication in one place s_703ef5"), "hcmus-cdnc"): Text 'hcmus-cdnc' is set on object 'Object Repository/1612893/40_Edit_channel_header/Page_Mattermost/input_All team communication in one place s_703ef5'

2020-06-05 17:00:30 - [MESSAGE][PASSED] - Text 'hcmus-cdnc' is set on object 'Object Repository/1612893/40_Edit_channel_header/Page_Mattermost/input_All team communication in one place s_703ef5'

2020-06-05 17:00:30 - [TEST_STEP][PASSED] - setEncryptedText(findTestObject("1612893/40_Edit_channel_header/Page_Mattermost/input_All team communication in one place s_2f2733"), "aeHFOx8jV/A="): Text ****** has been set on object 'Object Repository/1612893/40_Edit_channel_header/Page_Mattermost/input_All team communication in one place s_2f2733'

2020-06-05 17:00:31 - [MESSAGE][PASSED] - Text ****** has been set on object 'Object Repository/1612893/40_Edit_channel_header/Page_Mattermost/input_All team communication in one place s_2f2733'

2020-06-05 17:00:31 - [TEST_STEP][PASSED] - sendKeys(findTestObject("1612893/40_Edit_channel_header/Page_Mattermost/input_All team communication in one place s_2f2733"), Keys.chord(ENTER)): Keys 'ENTER + ' sent to object: 'Object Repository/1612893/40_Edit_channel_header/Page_Mattermost/input_All team communication in one place s_2f2733'

2020-06-05 17:00:31 - [MESSAGE][PASSED] - Keys 'ENTER + ' sent to object: 'Object Repository/1612893/40_Edit_channel_header/Page_Mattermost/input_All team communication in one place s_2f2733'

2020-06-05 17:00:31 - [TEST_STEP][PASSED] - click(findTestObject("1612893/40_Edit_channel_header/Page_Thanh set Channel name - hcmus-cdnc-te_a699a0/span_Thanh set Channel name_channelHeaderDr_8caf36")): Object: 'Object Repository/1612893/40_Edit_channel_header/Page_Thanh set Channel name - hcmus-cdnc-te_a699a0/span_Thanh set Channel name_channelHeaderDr_8caf36' is clicked on

2020-06-05 17:00:35 - [MESSAGE][PASSED] - Object: 'Object Repository/1612893/40_Edit_channel_header/Page_Thanh set Channel name - hcmus-cdnc-te_a699a0/span_Thanh set Channel name_channelHeaderDr_8caf36' is clicked on

2020-06-05 17:00:35 - [TEST_STEP][PASSED] - click(findTestObject("1612893/40_Edit_channel_header/Page_Thanh set Channel name - hcmus-cdnc-te_a699a0/span_Edit Channel Header")): Object: 'Object Repository/1612893/40_Edit_channel_header/Page_Thanh set Channel name - hcmus-cdnc-te_a699a0/span_Edit Channel Header' is clicked on

2020-06-05 17:00:36 - [MESSAGE][PASSED] - Object: 'Object Repository/1612893/40_Edit_channel_header/Page_Thanh set Channel name - hcmus-cdnc-te_a699a0/span_Edit Channel Header' is clicked on

2020-06-05 17:00:36 - [TEST_STEP][PASSED] - setText(findTestObject("1612893/40_Edit_channel_header/Page_Thanh set Channel name - hcmus-cdnc-te_a699a0/textarea_thanh set header"), content): Text 'thanh set header' is set on object 'Object Repository/1612893/40_Edit_channel_header/Page_Thanh set Channel name - hcmus-cdnc-te_a699a0/textarea_thanh set header'

2020-06-05 17:00:37 - [MESSAGE][PASSED] - Text 'thanh set header' is set on object 'Object Repository/1612893/40_Edit_channel_header/Page_Thanh set Channel name - hcmus-cdnc-te_a699a0/textarea_thanh set header'

2020-06-05 17:00:37 - [TEST_STEP][PASSED] - click(findTestObject("1612893/40_Edit_channel_header/Page_Thanh set Channel name - hcmus-cdnc-te_a699a0/span_Save")): Object: 'Object Repository/1612893/40_Edit_channel_header/Page_Thanh set Channel name - hcmus-cdnc-te_a699a0/span_Save' is clicked on

2020-06-05 17:00:38 - [MESSAGE][PASSED] - Object: 'Object Repository/1612893/40_Edit_channel_header/Page_Thanh set Channel name - hcmus-cdnc-te_a699a0/span_Save' is clicked on

2020-06-05 17:00:38 - [TEST_STEP][PASSED] - closeBrowser(): Browser is closed

2020-06-05 17:00:39 - [MESSAGE][PASSED] - Browser is closed]]></system-out>
         <system-err><![CDATA[]]></system-err>
      </testcase>
      <testcase name="Test Cases/1612893/TC_41_CreateTeam" time="16.516" classname="Test Cases/1612893/TC_41_CreateTeam" status="PASSED">
         <system-out><![CDATA[2020-06-05 17:00:39 - [TEST_CASE][PASSED] - Test Cases/1612893/TC_41_CreateTeam: Test Cases/1612893/TC_41_CreateTeam

2020-06-05 17:00:39 - [TEST_STEP][PASSED] - openBrowser(""): Browser is opened with url: ''

2020-06-05 17:00:39 - [MESSAGE][INFO] - Starting 'Chrome' driver

2020-06-05 17:00:39 - [MESSAGE][INFO] - Action delay is set to 0 milliseconds

2020-06-05 17:00:42 - [MESSAGE][PASSED] - Browser is opened with url: ''

2020-06-05 17:00:42 - [TEST_STEP][PASSED] - navigateToUrl("http://localhost:8065/login"): Navigate to 'http://localhost:8065/login' successfully

2020-06-05 17:00:44 - [MESSAGE][PASSED] - Navigate to 'http://localhost:8065/login' successfully

2020-06-05 17:00:44 - [TEST_STEP][PASSED] - setText(findTestObject("Object Repository/1612893/41_CreateTeam/Page_Mattermost/input_All team communication in one place s_703ef5"), "hcmus-cdnc"): Text 'hcmus-cdnc' is set on object 'Object Repository/1612893/41_CreateTeam/Page_Mattermost/input_All team communication in one place s_703ef5'

2020-06-05 17:00:46 - [MESSAGE][PASSED] - Text 'hcmus-cdnc' is set on object 'Object Repository/1612893/41_CreateTeam/Page_Mattermost/input_All team communication in one place s_703ef5'

2020-06-05 17:00:46 - [TEST_STEP][PASSED] - setEncryptedText(findTestObject("Object Repository/1612893/41_CreateTeam/Page_Mattermost/input_All team communication in one place s_2f2733"), "aeHFOx8jV/A="): Text ****** has been set on object 'Object Repository/1612893/41_CreateTeam/Page_Mattermost/input_All team communication in one place s_2f2733'

2020-06-05 17:00:47 - [MESSAGE][PASSED] - Text ****** has been set on object 'Object Repository/1612893/41_CreateTeam/Page_Mattermost/input_All team communication in one place s_2f2733'

2020-06-05 17:00:47 - [TEST_STEP][PASSED] - click(findTestObject("Object Repository/1612893/41_CreateTeam/Page_Mattermost/button_Sign in")): Object: 'Object Repository/1612893/41_CreateTeam/Page_Mattermost/button_Sign in' is clicked on

2020-06-05 17:00:47 - [MESSAGE][PASSED] - Object: 'Object Repository/1612893/41_CreateTeam/Page_Mattermost/button_Sign in' is clicked on

2020-06-05 17:00:47 - [TEST_STEP][PASSED] - click(findTestObject("Object Repository/1612893/41_CreateTeam/Page_Thanh set Channel name - hcmus-cdnc-te_a699a0/div_")): Object: 'Object Repository/1612893/41_CreateTeam/Page_Thanh set Channel name - hcmus-cdnc-te_a699a0/div_' is clicked on

2020-06-05 17:00:52 - [MESSAGE][PASSED] - Object: 'Object Repository/1612893/41_CreateTeam/Page_Thanh set Channel name - hcmus-cdnc-te_a699a0/div_' is clicked on

2020-06-05 17:00:52 - [TEST_STEP][PASSED] - click(findTestObject("Object Repository/1612893/41_CreateTeam/Page_Thanh set Channel name - hcmus-cdnc-te_a699a0/span_Create a team")): Object: 'Object Repository/1612893/41_CreateTeam/Page_Thanh set Channel name - hcmus-cdnc-te_a699a0/span_Create a team' is clicked on

2020-06-05 17:00:52 - [MESSAGE][PASSED] - Object: 'Object Repository/1612893/41_CreateTeam/Page_Thanh set Channel name - hcmus-cdnc-te_a699a0/span_Create a team' is clicked on

2020-06-05 17:00:52 - [TEST_STEP][PASSED] - setText(findTestObject("Object Repository/1612893/41_CreateTeam/Page_Thanh set Channel name - hcmus-cdnc-te_a699a0/input_Team Name_teamNameInput"), teamName): Text 'Team1' is set on object 'Object Repository/1612893/41_CreateTeam/Page_Thanh set Channel name - hcmus-cdnc-te_a699a0/input_Team Name_teamNameInput'

2020-06-05 17:00:53 - [MESSAGE][PASSED] - Text 'Team1' is set on object 'Object Repository/1612893/41_CreateTeam/Page_Thanh set Channel name - hcmus-cdnc-te_a699a0/input_Team Name_teamNameInput'

2020-06-05 17:00:53 - [TEST_STEP][PASSED] - click(findTestObject("Object Repository/1612893/41_CreateTeam/Page_Thanh set Channel name - hcmus-cdnc-te_a699a0/button_Next")): Object: 'Object Repository/1612893/41_CreateTeam/Page_Thanh set Channel name - hcmus-cdnc-te_a699a0/button_Next' is clicked on

2020-06-05 17:00:54 - [MESSAGE][PASSED] - Object: 'Object Repository/1612893/41_CreateTeam/Page_Thanh set Channel name - hcmus-cdnc-te_a699a0/button_Next' is clicked on

2020-06-05 17:00:54 - [TEST_STEP][PASSED] - click(findTestObject("Object Repository/1612893/41_CreateTeam/Page_Thanh set Channel name - hcmus-cdnc-te_a699a0/button_Finish")): Object: 'Object Repository/1612893/41_CreateTeam/Page_Thanh set Channel name - hcmus-cdnc-te_a699a0/button_Finish' is clicked on

2020-06-05 17:00:54 - [MESSAGE][PASSED] - Object: 'Object Repository/1612893/41_CreateTeam/Page_Thanh set Channel name - hcmus-cdnc-te_a699a0/button_Finish' is clicked on

2020-06-05 17:00:54 - [TEST_STEP][PASSED] - closeBrowser(): Browser is closed

2020-06-05 17:00:55 - [MESSAGE][PASSED] - Browser is closed]]></system-out>
         <system-err><![CDATA[]]></system-err>
      </testcase>
      <testcase name="Test Cases/1612893/TC_41_CreateTeam" time="16.287" classname="Test Cases/1612893/TC_41_CreateTeam" status="PASSED">
         <system-out><![CDATA[2020-06-05 17:00:55 - [TEST_CASE][PASSED] - Test Cases/1612893/TC_41_CreateTeam: Test Cases/1612893/TC_41_CreateTeam

2020-06-05 17:00:55 - [TEST_STEP][PASSED] - openBrowser(""): Browser is opened with url: ''

2020-06-05 17:00:55 - [MESSAGE][INFO] - Starting 'Chrome' driver

2020-06-05 17:00:55 - [MESSAGE][INFO] - Action delay is set to 0 milliseconds

2020-06-05 17:00:59 - [MESSAGE][PASSED] - Browser is opened with url: ''

2020-06-05 17:00:59 - [TEST_STEP][PASSED] - navigateToUrl("http://localhost:8065/login"): Navigate to 'http://localhost:8065/login' successfully

2020-06-05 17:01:01 - [MESSAGE][PASSED] - Navigate to 'http://localhost:8065/login' successfully

2020-06-05 17:01:01 - [TEST_STEP][PASSED] - setText(findTestObject("Object Repository/1612893/41_CreateTeam/Page_Mattermost/input_All team communication in one place s_703ef5"), "hcmus-cdnc"): Text 'hcmus-cdnc' is set on object 'Object Repository/1612893/41_CreateTeam/Page_Mattermost/input_All team communication in one place s_703ef5'

2020-06-05 17:01:03 - [MESSAGE][PASSED] - Text 'hcmus-cdnc' is set on object 'Object Repository/1612893/41_CreateTeam/Page_Mattermost/input_All team communication in one place s_703ef5'

2020-06-05 17:01:03 - [TEST_STEP][PASSED] - setEncryptedText(findTestObject("Object Repository/1612893/41_CreateTeam/Page_Mattermost/input_All team communication in one place s_2f2733"), "aeHFOx8jV/A="): Text ****** has been set on object 'Object Repository/1612893/41_CreateTeam/Page_Mattermost/input_All team communication in one place s_2f2733'

2020-06-05 17:01:03 - [MESSAGE][PASSED] - Text ****** has been set on object 'Object Repository/1612893/41_CreateTeam/Page_Mattermost/input_All team communication in one place s_2f2733'

2020-06-05 17:01:03 - [TEST_STEP][PASSED] - click(findTestObject("Object Repository/1612893/41_CreateTeam/Page_Mattermost/button_Sign in")): Object: 'Object Repository/1612893/41_CreateTeam/Page_Mattermost/button_Sign in' is clicked on

2020-06-05 17:01:04 - [MESSAGE][PASSED] - Object: 'Object Repository/1612893/41_CreateTeam/Page_Mattermost/button_Sign in' is clicked on

2020-06-05 17:01:04 - [TEST_STEP][PASSED] - click(findTestObject("Object Repository/1612893/41_CreateTeam/Page_Thanh set Channel name - hcmus-cdnc-te_a699a0/div_")): Object: 'Object Repository/1612893/41_CreateTeam/Page_Thanh set Channel name - hcmus-cdnc-te_a699a0/div_' is clicked on

2020-06-05 17:01:08 - [MESSAGE][PASSED] - Object: 'Object Repository/1612893/41_CreateTeam/Page_Thanh set Channel name - hcmus-cdnc-te_a699a0/div_' is clicked on

2020-06-05 17:01:08 - [TEST_STEP][PASSED] - click(findTestObject("Object Repository/1612893/41_CreateTeam/Page_Thanh set Channel name - hcmus-cdnc-te_a699a0/span_Create a team")): Object: 'Object Repository/1612893/41_CreateTeam/Page_Thanh set Channel name - hcmus-cdnc-te_a699a0/span_Create a team' is clicked on

2020-06-05 17:01:09 - [MESSAGE][PASSED] - Object: 'Object Repository/1612893/41_CreateTeam/Page_Thanh set Channel name - hcmus-cdnc-te_a699a0/span_Create a team' is clicked on

2020-06-05 17:01:09 - [TEST_STEP][PASSED] - setText(findTestObject("Object Repository/1612893/41_CreateTeam/Page_Thanh set Channel name - hcmus-cdnc-te_a699a0/input_Team Name_teamNameInput"), teamName): Text 'Team2' is set on object 'Object Repository/1612893/41_CreateTeam/Page_Thanh set Channel name - hcmus-cdnc-te_a699a0/input_Team Name_teamNameInput'

2020-06-05 17:01:10 - [MESSAGE][PASSED] - Text 'Team2' is set on object 'Object Repository/1612893/41_CreateTeam/Page_Thanh set Channel name - hcmus-cdnc-te_a699a0/input_Team Name_teamNameInput'

2020-06-05 17:01:10 - [TEST_STEP][PASSED] - click(findTestObject("Object Repository/1612893/41_CreateTeam/Page_Thanh set Channel name - hcmus-cdnc-te_a699a0/button_Next")): Object: 'Object Repository/1612893/41_CreateTeam/Page_Thanh set Channel name - hcmus-cdnc-te_a699a0/button_Next' is clicked on

2020-06-05 17:01:10 - [MESSAGE][PASSED] - Object: 'Object Repository/1612893/41_CreateTeam/Page_Thanh set Channel name - hcmus-cdnc-te_a699a0/button_Next' is clicked on

2020-06-05 17:01:10 - [TEST_STEP][PASSED] - click(findTestObject("Object Repository/1612893/41_CreateTeam/Page_Thanh set Channel name - hcmus-cdnc-te_a699a0/button_Finish")): Object: 'Object Repository/1612893/41_CreateTeam/Page_Thanh set Channel name - hcmus-cdnc-te_a699a0/button_Finish' is clicked on

2020-06-05 17:01:11 - [MESSAGE][PASSED] - Object: 'Object Repository/1612893/41_CreateTeam/Page_Thanh set Channel name - hcmus-cdnc-te_a699a0/button_Finish' is clicked on

2020-06-05 17:01:11 - [TEST_STEP][PASSED] - closeBrowser(): Browser is closed

2020-06-05 17:01:12 - [MESSAGE][PASSED] - Browser is closed]]></system-out>
         <system-err><![CDATA[]]></system-err>
      </testcase>
      <testcase name="Test Cases/1612893/TC_41_CreateTeam" time="16.199" classname="Test Cases/1612893/TC_41_CreateTeam" status="PASSED">
         <system-out><![CDATA[2020-06-05 17:01:12 - [TEST_CASE][PASSED] - Test Cases/1612893/TC_41_CreateTeam: Test Cases/1612893/TC_41_CreateTeam

2020-06-05 17:01:12 - [TEST_STEP][PASSED] - openBrowser(""): Browser is opened with url: ''

2020-06-05 17:01:12 - [MESSAGE][INFO] - Starting 'Chrome' driver

2020-06-05 17:01:12 - [MESSAGE][INFO] - Action delay is set to 0 milliseconds

2020-06-05 17:01:15 - [MESSAGE][PASSED] - Browser is opened with url: ''

2020-06-05 17:01:15 - [TEST_STEP][PASSED] - navigateToUrl("http://localhost:8065/login"): Navigate to 'http://localhost:8065/login' successfully

2020-06-05 17:01:17 - [MESSAGE][PASSED] - Navigate to 'http://localhost:8065/login' successfully

2020-06-05 17:01:17 - [TEST_STEP][PASSED] - setText(findTestObject("Object Repository/1612893/41_CreateTeam/Page_Mattermost/input_All team communication in one place s_703ef5"), "hcmus-cdnc"): Text 'hcmus-cdnc' is set on object 'Object Repository/1612893/41_CreateTeam/Page_Mattermost/input_All team communication in one place s_703ef5'

2020-06-05 17:01:19 - [MESSAGE][PASSED] - Text 'hcmus-cdnc' is set on object 'Object Repository/1612893/41_CreateTeam/Page_Mattermost/input_All team communication in one place s_703ef5'

2020-06-05 17:01:19 - [TEST_STEP][PASSED] - setEncryptedText(findTestObject("Object Repository/1612893/41_CreateTeam/Page_Mattermost/input_All team communication in one place s_2f2733"), "aeHFOx8jV/A="): Text ****** has been set on object 'Object Repository/1612893/41_CreateTeam/Page_Mattermost/input_All team communication in one place s_2f2733'

2020-06-05 17:01:19 - [MESSAGE][PASSED] - Text ****** has been set on object 'Object Repository/1612893/41_CreateTeam/Page_Mattermost/input_All team communication in one place s_2f2733'

2020-06-05 17:01:19 - [TEST_STEP][PASSED] - click(findTestObject("Object Repository/1612893/41_CreateTeam/Page_Mattermost/button_Sign in")): Object: 'Object Repository/1612893/41_CreateTeam/Page_Mattermost/button_Sign in' is clicked on

2020-06-05 17:01:20 - [MESSAGE][PASSED] - Object: 'Object Repository/1612893/41_CreateTeam/Page_Mattermost/button_Sign in' is clicked on

2020-06-05 17:01:20 - [TEST_STEP][PASSED] - click(findTestObject("Object Repository/1612893/41_CreateTeam/Page_Thanh set Channel name - hcmus-cdnc-te_a699a0/div_")): Object: 'Object Repository/1612893/41_CreateTeam/Page_Thanh set Channel name - hcmus-cdnc-te_a699a0/div_' is clicked on

2020-06-05 17:01:24 - [MESSAGE][PASSED] - Object: 'Object Repository/1612893/41_CreateTeam/Page_Thanh set Channel name - hcmus-cdnc-te_a699a0/div_' is clicked on

2020-06-05 17:01:24 - [TEST_STEP][PASSED] - click(findTestObject("Object Repository/1612893/41_CreateTeam/Page_Thanh set Channel name - hcmus-cdnc-te_a699a0/span_Create a team")): Object: 'Object Repository/1612893/41_CreateTeam/Page_Thanh set Channel name - hcmus-cdnc-te_a699a0/span_Create a team' is clicked on

2020-06-05 17:01:25 - [MESSAGE][PASSED] - Object: 'Object Repository/1612893/41_CreateTeam/Page_Thanh set Channel name - hcmus-cdnc-te_a699a0/span_Create a team' is clicked on

2020-06-05 17:01:25 - [TEST_STEP][PASSED] - setText(findTestObject("Object Repository/1612893/41_CreateTeam/Page_Thanh set Channel name - hcmus-cdnc-te_a699a0/input_Team Name_teamNameInput"), teamName): Text 'Team3' is set on object 'Object Repository/1612893/41_CreateTeam/Page_Thanh set Channel name - hcmus-cdnc-te_a699a0/input_Team Name_teamNameInput'

2020-06-05 17:01:26 - [MESSAGE][PASSED] - Text 'Team3' is set on object 'Object Repository/1612893/41_CreateTeam/Page_Thanh set Channel name - hcmus-cdnc-te_a699a0/input_Team Name_teamNameInput'

2020-06-05 17:01:26 - [TEST_STEP][PASSED] - click(findTestObject("Object Repository/1612893/41_CreateTeam/Page_Thanh set Channel name - hcmus-cdnc-te_a699a0/button_Next")): Object: 'Object Repository/1612893/41_CreateTeam/Page_Thanh set Channel name - hcmus-cdnc-te_a699a0/button_Next' is clicked on

2020-06-05 17:01:26 - [MESSAGE][PASSED] - Object: 'Object Repository/1612893/41_CreateTeam/Page_Thanh set Channel name - hcmus-cdnc-te_a699a0/button_Next' is clicked on

2020-06-05 17:01:26 - [TEST_STEP][PASSED] - click(findTestObject("Object Repository/1612893/41_CreateTeam/Page_Thanh set Channel name - hcmus-cdnc-te_a699a0/button_Finish")): Object: 'Object Repository/1612893/41_CreateTeam/Page_Thanh set Channel name - hcmus-cdnc-te_a699a0/button_Finish' is clicked on

2020-06-05 17:01:27 - [MESSAGE][PASSED] - Object: 'Object Repository/1612893/41_CreateTeam/Page_Thanh set Channel name - hcmus-cdnc-te_a699a0/button_Finish' is clicked on

2020-06-05 17:01:27 - [TEST_STEP][PASSED] - closeBrowser(): Browser is closed

2020-06-05 17:01:28 - [MESSAGE][PASSED] - Browser is closed]]></system-out>
         <system-err><![CDATA[]]></system-err>
      </testcase>
      <testcase name="Test Cases/1612893/TC_41_CreateTeam" time="15.46" classname="Test Cases/1612893/TC_41_CreateTeam" status="PASSED">
         <system-out><![CDATA[2020-06-05 17:01:28 - [TEST_CASE][PASSED] - Test Cases/1612893/TC_41_CreateTeam: Test Cases/1612893/TC_41_CreateTeam

2020-06-05 17:01:28 - [TEST_STEP][PASSED] - openBrowser(""): Browser is opened with url: ''

2020-06-05 17:01:28 - [MESSAGE][INFO] - Starting 'Chrome' driver

2020-06-05 17:01:28 - [MESSAGE][INFO] - Action delay is set to 0 milliseconds

2020-06-05 17:01:31 - [MESSAGE][PASSED] - Browser is opened with url: ''

2020-06-05 17:01:31 - [TEST_STEP][PASSED] - navigateToUrl("http://localhost:8065/login"): Navigate to 'http://localhost:8065/login' successfully

2020-06-05 17:01:33 - [MESSAGE][PASSED] - Navigate to 'http://localhost:8065/login' successfully

2020-06-05 17:01:33 - [TEST_STEP][PASSED] - setText(findTestObject("Object Repository/1612893/41_CreateTeam/Page_Mattermost/input_All team communication in one place s_703ef5"), "hcmus-cdnc"): Text 'hcmus-cdnc' is set on object 'Object Repository/1612893/41_CreateTeam/Page_Mattermost/input_All team communication in one place s_703ef5'

2020-06-05 17:01:35 - [MESSAGE][PASSED] - Text 'hcmus-cdnc' is set on object 'Object Repository/1612893/41_CreateTeam/Page_Mattermost/input_All team communication in one place s_703ef5'

2020-06-05 17:01:35 - [TEST_STEP][PASSED] - setEncryptedText(findTestObject("Object Repository/1612893/41_CreateTeam/Page_Mattermost/input_All team communication in one place s_2f2733"), "aeHFOx8jV/A="): Text ****** has been set on object 'Object Repository/1612893/41_CreateTeam/Page_Mattermost/input_All team communication in one place s_2f2733'

2020-06-05 17:01:36 - [MESSAGE][PASSED] - Text ****** has been set on object 'Object Repository/1612893/41_CreateTeam/Page_Mattermost/input_All team communication in one place s_2f2733'

2020-06-05 17:01:36 - [TEST_STEP][PASSED] - click(findTestObject("Object Repository/1612893/41_CreateTeam/Page_Mattermost/button_Sign in")): Object: 'Object Repository/1612893/41_CreateTeam/Page_Mattermost/button_Sign in' is clicked on

2020-06-05 17:01:36 - [MESSAGE][PASSED] - Object: 'Object Repository/1612893/41_CreateTeam/Page_Mattermost/button_Sign in' is clicked on

2020-06-05 17:01:36 - [TEST_STEP][PASSED] - click(findTestObject("Object Repository/1612893/41_CreateTeam/Page_Thanh set Channel name - hcmus-cdnc-te_a699a0/div_")): Object: 'Object Repository/1612893/41_CreateTeam/Page_Thanh set Channel name - hcmus-cdnc-te_a699a0/div_' is clicked on

2020-06-05 17:01:40 - [MESSAGE][PASSED] - Object: 'Object Repository/1612893/41_CreateTeam/Page_Thanh set Channel name - hcmus-cdnc-te_a699a0/div_' is clicked on

2020-06-05 17:01:40 - [TEST_STEP][PASSED] - click(findTestObject("Object Repository/1612893/41_CreateTeam/Page_Thanh set Channel name - hcmus-cdnc-te_a699a0/span_Create a team")): Object: 'Object Repository/1612893/41_CreateTeam/Page_Thanh set Channel name - hcmus-cdnc-te_a699a0/span_Create a team' is clicked on

2020-06-05 17:01:40 - [MESSAGE][PASSED] - Object: 'Object Repository/1612893/41_CreateTeam/Page_Thanh set Channel name - hcmus-cdnc-te_a699a0/span_Create a team' is clicked on

2020-06-05 17:01:40 - [TEST_STEP][PASSED] - setText(findTestObject("Object Repository/1612893/41_CreateTeam/Page_Thanh set Channel name - hcmus-cdnc-te_a699a0/input_Team Name_teamNameInput"), teamName): Text 'Team4' is set on object 'Object Repository/1612893/41_CreateTeam/Page_Thanh set Channel name - hcmus-cdnc-te_a699a0/input_Team Name_teamNameInput'

2020-06-05 17:01:41 - [MESSAGE][PASSED] - Text 'Team4' is set on object 'Object Repository/1612893/41_CreateTeam/Page_Thanh set Channel name - hcmus-cdnc-te_a699a0/input_Team Name_teamNameInput'

2020-06-05 17:01:41 - [TEST_STEP][PASSED] - click(findTestObject("Object Repository/1612893/41_CreateTeam/Page_Thanh set Channel name - hcmus-cdnc-te_a699a0/button_Next")): Object: 'Object Repository/1612893/41_CreateTeam/Page_Thanh set Channel name - hcmus-cdnc-te_a699a0/button_Next' is clicked on

2020-06-05 17:01:42 - [MESSAGE][PASSED] - Object: 'Object Repository/1612893/41_CreateTeam/Page_Thanh set Channel name - hcmus-cdnc-te_a699a0/button_Next' is clicked on

2020-06-05 17:01:42 - [TEST_STEP][PASSED] - click(findTestObject("Object Repository/1612893/41_CreateTeam/Page_Thanh set Channel name - hcmus-cdnc-te_a699a0/button_Finish")): Object: 'Object Repository/1612893/41_CreateTeam/Page_Thanh set Channel name - hcmus-cdnc-te_a699a0/button_Finish' is clicked on

2020-06-05 17:01:42 - [MESSAGE][PASSED] - Object: 'Object Repository/1612893/41_CreateTeam/Page_Thanh set Channel name - hcmus-cdnc-te_a699a0/button_Finish' is clicked on

2020-06-05 17:01:42 - [TEST_STEP][PASSED] - closeBrowser(): Browser is closed

2020-06-05 17:01:43 - [MESSAGE][PASSED] - Browser is closed]]></system-out>
         <system-err><![CDATA[]]></system-err>
      </testcase>
      <testcase name="Test Cases/1612893/TC_41_CreateTeam" time="15.18" classname="Test Cases/1612893/TC_41_CreateTeam" status="PASSED">
         <system-out><![CDATA[2020-06-05 17:01:43 - [TEST_CASE][PASSED] - Test Cases/1612893/TC_41_CreateTeam: Test Cases/1612893/TC_41_CreateTeam

2020-06-05 17:01:43 - [TEST_STEP][PASSED] - openBrowser(""): Browser is opened with url: ''

2020-06-05 17:01:43 - [MESSAGE][INFO] - Starting 'Chrome' driver

2020-06-05 17:01:43 - [MESSAGE][INFO] - Action delay is set to 0 milliseconds

2020-06-05 17:01:47 - [MESSAGE][PASSED] - Browser is opened with url: ''

2020-06-05 17:01:47 - [TEST_STEP][PASSED] - navigateToUrl("http://localhost:8065/login"): Navigate to 'http://localhost:8065/login' successfully

2020-06-05 17:01:48 - [MESSAGE][PASSED] - Navigate to 'http://localhost:8065/login' successfully

2020-06-05 17:01:48 - [TEST_STEP][PASSED] - setText(findTestObject("Object Repository/1612893/41_CreateTeam/Page_Mattermost/input_All team communication in one place s_703ef5"), "hcmus-cdnc"): Text 'hcmus-cdnc' is set on object 'Object Repository/1612893/41_CreateTeam/Page_Mattermost/input_All team communication in one place s_703ef5'

2020-06-05 17:01:50 - [MESSAGE][PASSED] - Text 'hcmus-cdnc' is set on object 'Object Repository/1612893/41_CreateTeam/Page_Mattermost/input_All team communication in one place s_703ef5'

2020-06-05 17:01:50 - [TEST_STEP][PASSED] - setEncryptedText(findTestObject("Object Repository/1612893/41_CreateTeam/Page_Mattermost/input_All team communication in one place s_2f2733"), "aeHFOx8jV/A="): Text ****** has been set on object 'Object Repository/1612893/41_CreateTeam/Page_Mattermost/input_All team communication in one place s_2f2733'

2020-06-05 17:01:51 - [MESSAGE][PASSED] - Text ****** has been set on object 'Object Repository/1612893/41_CreateTeam/Page_Mattermost/input_All team communication in one place s_2f2733'

2020-06-05 17:01:51 - [TEST_STEP][PASSED] - click(findTestObject("Object Repository/1612893/41_CreateTeam/Page_Mattermost/button_Sign in")): Object: 'Object Repository/1612893/41_CreateTeam/Page_Mattermost/button_Sign in' is clicked on

2020-06-05 17:01:51 - [MESSAGE][PASSED] - Object: 'Object Repository/1612893/41_CreateTeam/Page_Mattermost/button_Sign in' is clicked on

2020-06-05 17:01:51 - [TEST_STEP][PASSED] - click(findTestObject("Object Repository/1612893/41_CreateTeam/Page_Thanh set Channel name - hcmus-cdnc-te_a699a0/div_")): Object: 'Object Repository/1612893/41_CreateTeam/Page_Thanh set Channel name - hcmus-cdnc-te_a699a0/div_' is clicked on

2020-06-05 17:01:55 - [MESSAGE][PASSED] - Object: 'Object Repository/1612893/41_CreateTeam/Page_Thanh set Channel name - hcmus-cdnc-te_a699a0/div_' is clicked on

2020-06-05 17:01:55 - [TEST_STEP][PASSED] - click(findTestObject("Object Repository/1612893/41_CreateTeam/Page_Thanh set Channel name - hcmus-cdnc-te_a699a0/span_Create a team")): Object: 'Object Repository/1612893/41_CreateTeam/Page_Thanh set Channel name - hcmus-cdnc-te_a699a0/span_Create a team' is clicked on

2020-06-05 17:01:56 - [MESSAGE][PASSED] - Object: 'Object Repository/1612893/41_CreateTeam/Page_Thanh set Channel name - hcmus-cdnc-te_a699a0/span_Create a team' is clicked on

2020-06-05 17:01:56 - [TEST_STEP][PASSED] - setText(findTestObject("Object Repository/1612893/41_CreateTeam/Page_Thanh set Channel name - hcmus-cdnc-te_a699a0/input_Team Name_teamNameInput"), teamName): Text 'Team5' is set on object 'Object Repository/1612893/41_CreateTeam/Page_Thanh set Channel name - hcmus-cdnc-te_a699a0/input_Team Name_teamNameInput'

2020-06-05 17:01:57 - [MESSAGE][PASSED] - Text 'Team5' is set on object 'Object Repository/1612893/41_CreateTeam/Page_Thanh set Channel name - hcmus-cdnc-te_a699a0/input_Team Name_teamNameInput'

2020-06-05 17:01:57 - [TEST_STEP][PASSED] - click(findTestObject("Object Repository/1612893/41_CreateTeam/Page_Thanh set Channel name - hcmus-cdnc-te_a699a0/button_Next")): Object: 'Object Repository/1612893/41_CreateTeam/Page_Thanh set Channel name - hcmus-cdnc-te_a699a0/button_Next' is clicked on

2020-06-05 17:01:57 - [MESSAGE][PASSED] - Object: 'Object Repository/1612893/41_CreateTeam/Page_Thanh set Channel name - hcmus-cdnc-te_a699a0/button_Next' is clicked on

2020-06-05 17:01:57 - [TEST_STEP][PASSED] - click(findTestObject("Object Repository/1612893/41_CreateTeam/Page_Thanh set Channel name - hcmus-cdnc-te_a699a0/button_Finish")): Object: 'Object Repository/1612893/41_CreateTeam/Page_Thanh set Channel name - hcmus-cdnc-te_a699a0/button_Finish' is clicked on

2020-06-05 17:01:58 - [MESSAGE][PASSED] - Object: 'Object Repository/1612893/41_CreateTeam/Page_Thanh set Channel name - hcmus-cdnc-te_a699a0/button_Finish' is clicked on

2020-06-05 17:01:58 - [TEST_STEP][PASSED] - closeBrowser(): Browser is closed

2020-06-05 17:01:58 - [MESSAGE][PASSED] - Browser is closed]]></system-out>
         <system-err><![CDATA[]]></system-err>
      </testcase>
      <testcase name="Test Cases/1612893/TC_42_EditTeamName" time="17.745" classname="Test Cases/1612893/TC_42_EditTeamName" status="PASSED">
         <system-out><![CDATA[2020-06-05 17:01:58 - [TEST_CASE][PASSED] - Test Cases/1612893/TC_42_EditTeamName: Test Cases/1612893/TC_42_EditTeamName

2020-06-05 17:01:59 - [TEST_STEP][PASSED] - openBrowser(""): Browser is opened with url: ''

2020-06-05 17:01:59 - [MESSAGE][INFO] - Starting 'Chrome' driver

2020-06-05 17:01:59 - [MESSAGE][INFO] - Action delay is set to 0 milliseconds

2020-06-05 17:02:02 - [MESSAGE][PASSED] - Browser is opened with url: ''

2020-06-05 17:02:02 - [TEST_STEP][PASSED] - navigateToUrl("http://localhost:8065/login"): Navigate to 'http://localhost:8065/login' successfully

2020-06-05 17:02:04 - [MESSAGE][PASSED] - Navigate to 'http://localhost:8065/login' successfully

2020-06-05 17:02:04 - [TEST_STEP][PASSED] - setText(findTestObject("Object Repository/1612893/42_EditTeamName/Page_Mattermost/input_All team communication in one place s_703ef5"), "hcmus-cdnc@gmail.com"): Text 'hcmus-cdnc@gmail.com' is set on object 'Object Repository/1612893/42_EditTeamName/Page_Mattermost/input_All team communication in one place s_703ef5'

2020-06-05 17:02:06 - [MESSAGE][PASSED] - Text 'hcmus-cdnc@gmail.com' is set on object 'Object Repository/1612893/42_EditTeamName/Page_Mattermost/input_All team communication in one place s_703ef5'

2020-06-05 17:02:06 - [TEST_STEP][PASSED] - setEncryptedText(findTestObject("Object Repository/1612893/42_EditTeamName/Page_Mattermost/input_All team communication in one place s_2f2733"), "aeHFOx8jV/A="): Text ****** has been set on object 'Object Repository/1612893/42_EditTeamName/Page_Mattermost/input_All team communication in one place s_2f2733'

2020-06-05 17:02:07 - [MESSAGE][PASSED] - Text ****** has been set on object 'Object Repository/1612893/42_EditTeamName/Page_Mattermost/input_All team communication in one place s_2f2733'

2020-06-05 17:02:07 - [TEST_STEP][PASSED] - click(findTestObject("Object Repository/1612893/42_EditTeamName/Page_Mattermost/button_Sign in")): Object: 'Object Repository/1612893/42_EditTeamName/Page_Mattermost/button_Sign in' is clicked on

2020-06-05 17:02:07 - [MESSAGE][PASSED] - Object: 'Object Repository/1612893/42_EditTeamName/Page_Mattermost/button_Sign in' is clicked on

2020-06-05 17:02:07 - [TEST_STEP][PASSED] - click(findTestObject("Object Repository/1612893/42_EditTeamName/Page_Thanh set Channel name - hcmus-cdnc-te_a699a0/button_anh_style--none sidebar-header-dropd_e4937e")): Object: 'Object Repository/1612893/42_EditTeamName/Page_Thanh set Channel name - hcmus-cdnc-te_a699a0/button_anh_style--none sidebar-header-dropd_e4937e' is clicked on

2020-06-05 17:02:11 - [MESSAGE][PASSED] - Object: 'Object Repository/1612893/42_EditTeamName/Page_Thanh set Channel name - hcmus-cdnc-te_a699a0/button_anh_style--none sidebar-header-dropd_e4937e' is clicked on

2020-06-05 17:02:11 - [TEST_STEP][PASSED] - click(findTestObject("Object Repository/1612893/42_EditTeamName/Page_Thanh set Channel name - hcmus-cdnc-te_a699a0/span_Team Settings")): Object: 'Object Repository/1612893/42_EditTeamName/Page_Thanh set Channel name - hcmus-cdnc-te_a699a0/span_Team Settings' is clicked on

2020-06-05 17:02:12 - [MESSAGE][PASSED] - Object: 'Object Repository/1612893/42_EditTeamName/Page_Thanh set Channel name - hcmus-cdnc-te_a699a0/span_Team Settings' is clicked on

2020-06-05 17:02:12 - [TEST_STEP][PASSED] - click(findTestObject("Object Repository/1612893/42_EditTeamName/Page_Thanh set Channel name - hcmus-cdnc-te_a699a0/button_Edit")): Object: 'Object Repository/1612893/42_EditTeamName/Page_Thanh set Channel name - hcmus-cdnc-te_a699a0/button_Edit' is clicked on

2020-06-05 17:02:13 - [MESSAGE][PASSED] - Object: 'Object Repository/1612893/42_EditTeamName/Page_Thanh set Channel name - hcmus-cdnc-te_a699a0/button_Edit' is clicked on

2020-06-05 17:02:13 - [TEST_STEP][PASSED] - setText(findTestObject("Object Repository/1612893/42_EditTeamName/Page_Thanh set Channel name - hcmus-cdnc-te_a699a0/input_Team Name_teamName"), teamName): Text 'Team-Tester' is set on object 'Object Repository/1612893/42_EditTeamName/Page_Thanh set Channel name - hcmus-cdnc-te_a699a0/input_Team Name_teamName'

2020-06-05 17:02:14 - [MESSAGE][PASSED] - Text 'Team-Tester' is set on object 'Object Repository/1612893/42_EditTeamName/Page_Thanh set Channel name - hcmus-cdnc-te_a699a0/input_Team Name_teamName'

2020-06-05 17:02:14 - [TEST_STEP][PASSED] - click(findTestObject("Object Repository/1612893/42_EditTeamName/Page_Thanh set Channel name - hcmus-cdnc-te_a699a0/button_Save")): Object: 'Object Repository/1612893/42_EditTeamName/Page_Thanh set Channel name - hcmus-cdnc-te_a699a0/button_Save' is clicked on

2020-06-05 17:02:15 - [MESSAGE][PASSED] - Object: 'Object Repository/1612893/42_EditTeamName/Page_Thanh set Channel name - hcmus-cdnc-te_a699a0/button_Save' is clicked on

2020-06-05 17:02:15 - [TEST_STEP][PASSED] - click(findTestObject("Object Repository/1612893/42_EditTeamName/Page_Thanh set Channel name - hcmus-cdnc-te_a699a0/button_Close")): Object: 'Object Repository/1612893/42_EditTeamName/Page_Thanh set Channel name - hcmus-cdnc-te_a699a0/button_Close' is clicked on

2020-06-05 17:02:15 - [MESSAGE][PASSED] - Object: 'Object Repository/1612893/42_EditTeamName/Page_Thanh set Channel name - hcmus-cdnc-te_a699a0/button_Close' is clicked on

2020-06-05 17:02:15 - [TEST_STEP][PASSED] - closeBrowser(): Browser is closed

2020-06-05 17:02:16 - [MESSAGE][PASSED] - Browser is closed]]></system-out>
         <system-err><![CDATA[]]></system-err>
      </testcase>
      <testcase name="Test Cases/1612893/TC_42_EditTeamName" time="17.021" classname="Test Cases/1612893/TC_42_EditTeamName" status="PASSED">
         <system-out><![CDATA[2020-06-05 17:02:16 - [TEST_CASE][PASSED] - Test Cases/1612893/TC_42_EditTeamName: Test Cases/1612893/TC_42_EditTeamName

2020-06-05 17:02:16 - [TEST_STEP][PASSED] - openBrowser(""): Browser is opened with url: ''

2020-06-05 17:02:16 - [MESSAGE][INFO] - Starting 'Chrome' driver

2020-06-05 17:02:16 - [MESSAGE][INFO] - Action delay is set to 0 milliseconds

2020-06-05 17:02:20 - [MESSAGE][PASSED] - Browser is opened with url: ''

2020-06-05 17:02:20 - [TEST_STEP][PASSED] - navigateToUrl("http://localhost:8065/login"): Navigate to 'http://localhost:8065/login' successfully

2020-06-05 17:02:21 - [MESSAGE][PASSED] - Navigate to 'http://localhost:8065/login' successfully

2020-06-05 17:02:21 - [TEST_STEP][PASSED] - setText(findTestObject("Object Repository/1612893/42_EditTeamName/Page_Mattermost/input_All team communication in one place s_703ef5"), "hcmus-cdnc@gmail.com"): Text 'hcmus-cdnc@gmail.com' is set on object 'Object Repository/1612893/42_EditTeamName/Page_Mattermost/input_All team communication in one place s_703ef5'

2020-06-05 17:02:23 - [MESSAGE][PASSED] - Text 'hcmus-cdnc@gmail.com' is set on object 'Object Repository/1612893/42_EditTeamName/Page_Mattermost/input_All team communication in one place s_703ef5'

2020-06-05 17:02:23 - [TEST_STEP][PASSED] - setEncryptedText(findTestObject("Object Repository/1612893/42_EditTeamName/Page_Mattermost/input_All team communication in one place s_2f2733"), "aeHFOx8jV/A="): Text ****** has been set on object 'Object Repository/1612893/42_EditTeamName/Page_Mattermost/input_All team communication in one place s_2f2733'

2020-06-05 17:02:24 - [MESSAGE][PASSED] - Text ****** has been set on object 'Object Repository/1612893/42_EditTeamName/Page_Mattermost/input_All team communication in one place s_2f2733'

2020-06-05 17:02:24 - [TEST_STEP][PASSED] - click(findTestObject("Object Repository/1612893/42_EditTeamName/Page_Mattermost/button_Sign in")): Object: 'Object Repository/1612893/42_EditTeamName/Page_Mattermost/button_Sign in' is clicked on

2020-06-05 17:02:25 - [MESSAGE][PASSED] - Object: 'Object Repository/1612893/42_EditTeamName/Page_Mattermost/button_Sign in' is clicked on

2020-06-05 17:02:25 - [TEST_STEP][PASSED] - click(findTestObject("Object Repository/1612893/42_EditTeamName/Page_Thanh set Channel name - hcmus-cdnc-te_a699a0/button_anh_style--none sidebar-header-dropd_e4937e")): Object: 'Object Repository/1612893/42_EditTeamName/Page_Thanh set Channel name - hcmus-cdnc-te_a699a0/button_anh_style--none sidebar-header-dropd_e4937e' is clicked on

2020-06-05 17:02:28 - [MESSAGE][PASSED] - Object: 'Object Repository/1612893/42_EditTeamName/Page_Thanh set Channel name - hcmus-cdnc-te_a699a0/button_anh_style--none sidebar-header-dropd_e4937e' is clicked on

2020-06-05 17:02:28 - [TEST_STEP][PASSED] - click(findTestObject("Object Repository/1612893/42_EditTeamName/Page_Thanh set Channel name - hcmus-cdnc-te_a699a0/span_Team Settings")): Object: 'Object Repository/1612893/42_EditTeamName/Page_Thanh set Channel name - hcmus-cdnc-te_a699a0/span_Team Settings' is clicked on

2020-06-05 17:02:29 - [MESSAGE][PASSED] - Object: 'Object Repository/1612893/42_EditTeamName/Page_Thanh set Channel name - hcmus-cdnc-te_a699a0/span_Team Settings' is clicked on

2020-06-05 17:02:29 - [TEST_STEP][PASSED] - click(findTestObject("Object Repository/1612893/42_EditTeamName/Page_Thanh set Channel name - hcmus-cdnc-te_a699a0/button_Edit")): Object: 'Object Repository/1612893/42_EditTeamName/Page_Thanh set Channel name - hcmus-cdnc-te_a699a0/button_Edit' is clicked on

2020-06-05 17:02:30 - [MESSAGE][PASSED] - Object: 'Object Repository/1612893/42_EditTeamName/Page_Thanh set Channel name - hcmus-cdnc-te_a699a0/button_Edit' is clicked on

2020-06-05 17:02:30 - [TEST_STEP][PASSED] - setText(findTestObject("Object Repository/1612893/42_EditTeamName/Page_Thanh set Channel name - hcmus-cdnc-te_a699a0/input_Team Name_teamName"), teamName): Text 'Team-Developer' is set on object 'Object Repository/1612893/42_EditTeamName/Page_Thanh set Channel name - hcmus-cdnc-te_a699a0/input_Team Name_teamName'

2020-06-05 17:02:31 - [MESSAGE][PASSED] - Text 'Team-Developer' is set on object 'Object Repository/1612893/42_EditTeamName/Page_Thanh set Channel name - hcmus-cdnc-te_a699a0/input_Team Name_teamName'

2020-06-05 17:02:31 - [TEST_STEP][PASSED] - click(findTestObject("Object Repository/1612893/42_EditTeamName/Page_Thanh set Channel name - hcmus-cdnc-te_a699a0/button_Save")): Object: 'Object Repository/1612893/42_EditTeamName/Page_Thanh set Channel name - hcmus-cdnc-te_a699a0/button_Save' is clicked on

2020-06-05 17:02:32 - [MESSAGE][PASSED] - Object: 'Object Repository/1612893/42_EditTeamName/Page_Thanh set Channel name - hcmus-cdnc-te_a699a0/button_Save' is clicked on

2020-06-05 17:02:32 - [TEST_STEP][PASSED] - click(findTestObject("Object Repository/1612893/42_EditTeamName/Page_Thanh set Channel name - hcmus-cdnc-te_a699a0/button_Close")): Object: 'Object Repository/1612893/42_EditTeamName/Page_Thanh set Channel name - hcmus-cdnc-te_a699a0/button_Close' is clicked on

2020-06-05 17:02:32 - [MESSAGE][PASSED] - Object: 'Object Repository/1612893/42_EditTeamName/Page_Thanh set Channel name - hcmus-cdnc-te_a699a0/button_Close' is clicked on

2020-06-05 17:02:32 - [TEST_STEP][PASSED] - closeBrowser(): Browser is closed

2020-06-05 17:02:33 - [MESSAGE][PASSED] - Browser is closed]]></system-out>
         <system-err><![CDATA[]]></system-err>
      </testcase>
      <testcase name="Test Cases/1612893/TC_42_EditTeamName" time="17.25" classname="Test Cases/1612893/TC_42_EditTeamName" status="PASSED">
         <system-out><![CDATA[2020-06-05 17:02:33 - [TEST_CASE][PASSED] - Test Cases/1612893/TC_42_EditTeamName: Test Cases/1612893/TC_42_EditTeamName

2020-06-05 17:02:33 - [TEST_STEP][PASSED] - openBrowser(""): Browser is opened with url: ''

2020-06-05 17:02:33 - [MESSAGE][INFO] - Starting 'Chrome' driver

2020-06-05 17:02:33 - [MESSAGE][INFO] - Action delay is set to 0 milliseconds

2020-06-05 17:02:37 - [MESSAGE][PASSED] - Browser is opened with url: ''

2020-06-05 17:02:37 - [TEST_STEP][PASSED] - navigateToUrl("http://localhost:8065/login"): Navigate to 'http://localhost:8065/login' successfully

2020-06-05 17:02:38 - [MESSAGE][PASSED] - Navigate to 'http://localhost:8065/login' successfully

2020-06-05 17:02:38 - [TEST_STEP][PASSED] - setText(findTestObject("Object Repository/1612893/42_EditTeamName/Page_Mattermost/input_All team communication in one place s_703ef5"), "hcmus-cdnc@gmail.com"): Text 'hcmus-cdnc@gmail.com' is set on object 'Object Repository/1612893/42_EditTeamName/Page_Mattermost/input_All team communication in one place s_703ef5'

2020-06-05 17:02:40 - [MESSAGE][PASSED] - Text 'hcmus-cdnc@gmail.com' is set on object 'Object Repository/1612893/42_EditTeamName/Page_Mattermost/input_All team communication in one place s_703ef5'

2020-06-05 17:02:40 - [TEST_STEP][PASSED] - setEncryptedText(findTestObject("Object Repository/1612893/42_EditTeamName/Page_Mattermost/input_All team communication in one place s_2f2733"), "aeHFOx8jV/A="): Text ****** has been set on object 'Object Repository/1612893/42_EditTeamName/Page_Mattermost/input_All team communication in one place s_2f2733'

2020-06-05 17:02:41 - [MESSAGE][PASSED] - Text ****** has been set on object 'Object Repository/1612893/42_EditTeamName/Page_Mattermost/input_All team communication in one place s_2f2733'

2020-06-05 17:02:41 - [TEST_STEP][PASSED] - click(findTestObject("Object Repository/1612893/42_EditTeamName/Page_Mattermost/button_Sign in")): Object: 'Object Repository/1612893/42_EditTeamName/Page_Mattermost/button_Sign in' is clicked on

2020-06-05 17:02:42 - [MESSAGE][PASSED] - Object: 'Object Repository/1612893/42_EditTeamName/Page_Mattermost/button_Sign in' is clicked on

2020-06-05 17:02:42 - [TEST_STEP][PASSED] - click(findTestObject("Object Repository/1612893/42_EditTeamName/Page_Thanh set Channel name - hcmus-cdnc-te_a699a0/button_anh_style--none sidebar-header-dropd_e4937e")): Object: 'Object Repository/1612893/42_EditTeamName/Page_Thanh set Channel name - hcmus-cdnc-te_a699a0/button_anh_style--none sidebar-header-dropd_e4937e' is clicked on

2020-06-05 17:02:45 - [MESSAGE][PASSED] - Object: 'Object Repository/1612893/42_EditTeamName/Page_Thanh set Channel name - hcmus-cdnc-te_a699a0/button_anh_style--none sidebar-header-dropd_e4937e' is clicked on

2020-06-05 17:02:45 - [TEST_STEP][PASSED] - click(findTestObject("Object Repository/1612893/42_EditTeamName/Page_Thanh set Channel name - hcmus-cdnc-te_a699a0/span_Team Settings")): Object: 'Object Repository/1612893/42_EditTeamName/Page_Thanh set Channel name - hcmus-cdnc-te_a699a0/span_Team Settings' is clicked on

2020-06-05 17:02:46 - [MESSAGE][PASSED] - Object: 'Object Repository/1612893/42_EditTeamName/Page_Thanh set Channel name - hcmus-cdnc-te_a699a0/span_Team Settings' is clicked on

2020-06-05 17:02:46 - [TEST_STEP][PASSED] - click(findTestObject("Object Repository/1612893/42_EditTeamName/Page_Thanh set Channel name - hcmus-cdnc-te_a699a0/button_Edit")): Object: 'Object Repository/1612893/42_EditTeamName/Page_Thanh set Channel name - hcmus-cdnc-te_a699a0/button_Edit' is clicked on

2020-06-05 17:02:47 - [MESSAGE][PASSED] - Object: 'Object Repository/1612893/42_EditTeamName/Page_Thanh set Channel name - hcmus-cdnc-te_a699a0/button_Edit' is clicked on

2020-06-05 17:02:47 - [TEST_STEP][PASSED] - setText(findTestObject("Object Repository/1612893/42_EditTeamName/Page_Thanh set Channel name - hcmus-cdnc-te_a699a0/input_Team Name_teamName"), teamName): Text 'Team-Designer' is set on object 'Object Repository/1612893/42_EditTeamName/Page_Thanh set Channel name - hcmus-cdnc-te_a699a0/input_Team Name_teamName'

2020-06-05 17:02:48 - [MESSAGE][PASSED] - Text 'Team-Designer' is set on object 'Object Repository/1612893/42_EditTeamName/Page_Thanh set Channel name - hcmus-cdnc-te_a699a0/input_Team Name_teamName'

2020-06-05 17:02:48 - [TEST_STEP][PASSED] - click(findTestObject("Object Repository/1612893/42_EditTeamName/Page_Thanh set Channel name - hcmus-cdnc-te_a699a0/button_Save")): Object: 'Object Repository/1612893/42_EditTeamName/Page_Thanh set Channel name - hcmus-cdnc-te_a699a0/button_Save' is clicked on

2020-06-05 17:02:49 - [MESSAGE][PASSED] - Object: 'Object Repository/1612893/42_EditTeamName/Page_Thanh set Channel name - hcmus-cdnc-te_a699a0/button_Save' is clicked on

2020-06-05 17:02:49 - [TEST_STEP][PASSED] - click(findTestObject("Object Repository/1612893/42_EditTeamName/Page_Thanh set Channel name - hcmus-cdnc-te_a699a0/button_Close")): Object: 'Object Repository/1612893/42_EditTeamName/Page_Thanh set Channel name - hcmus-cdnc-te_a699a0/button_Close' is clicked on

2020-06-05 17:02:50 - [MESSAGE][PASSED] - Object: 'Object Repository/1612893/42_EditTeamName/Page_Thanh set Channel name - hcmus-cdnc-te_a699a0/button_Close' is clicked on

2020-06-05 17:02:50 - [TEST_STEP][PASSED] - closeBrowser(): Browser is closed

2020-06-05 17:02:50 - [MESSAGE][PASSED] - Browser is closed]]></system-out>
         <system-err><![CDATA[]]></system-err>
      </testcase>
      <testcase name="Test Cases/1612893/TC_42_EditTeamName" time="18.112" classname="Test Cases/1612893/TC_42_EditTeamName" status="PASSED">
         <system-out><![CDATA[2020-06-05 17:02:51 - [TEST_CASE][PASSED] - Test Cases/1612893/TC_42_EditTeamName: Test Cases/1612893/TC_42_EditTeamName

2020-06-05 17:02:51 - [TEST_STEP][PASSED] - openBrowser(""): Browser is opened with url: ''

2020-06-05 17:02:51 - [MESSAGE][INFO] - Starting 'Chrome' driver

2020-06-05 17:02:51 - [MESSAGE][INFO] - Action delay is set to 0 milliseconds

2020-06-05 17:02:55 - [MESSAGE][PASSED] - Browser is opened with url: ''

2020-06-05 17:02:55 - [TEST_STEP][PASSED] - navigateToUrl("http://localhost:8065/login"): Navigate to 'http://localhost:8065/login' successfully

2020-06-05 17:02:56 - [MESSAGE][PASSED] - Navigate to 'http://localhost:8065/login' successfully

2020-06-05 17:02:56 - [TEST_STEP][PASSED] - setText(findTestObject("Object Repository/1612893/42_EditTeamName/Page_Mattermost/input_All team communication in one place s_703ef5"), "hcmus-cdnc@gmail.com"): Text 'hcmus-cdnc@gmail.com' is set on object 'Object Repository/1612893/42_EditTeamName/Page_Mattermost/input_All team communication in one place s_703ef5'

2020-06-05 17:02:58 - [MESSAGE][PASSED] - Text 'hcmus-cdnc@gmail.com' is set on object 'Object Repository/1612893/42_EditTeamName/Page_Mattermost/input_All team communication in one place s_703ef5'

2020-06-05 17:02:58 - [TEST_STEP][PASSED] - setEncryptedText(findTestObject("Object Repository/1612893/42_EditTeamName/Page_Mattermost/input_All team communication in one place s_2f2733"), "aeHFOx8jV/A="): Text ****** has been set on object 'Object Repository/1612893/42_EditTeamName/Page_Mattermost/input_All team communication in one place s_2f2733'

2020-06-05 17:02:59 - [MESSAGE][PASSED] - Text ****** has been set on object 'Object Repository/1612893/42_EditTeamName/Page_Mattermost/input_All team communication in one place s_2f2733'

2020-06-05 17:02:59 - [TEST_STEP][PASSED] - click(findTestObject("Object Repository/1612893/42_EditTeamName/Page_Mattermost/button_Sign in")): Object: 'Object Repository/1612893/42_EditTeamName/Page_Mattermost/button_Sign in' is clicked on

2020-06-05 17:03:00 - [MESSAGE][PASSED] - Object: 'Object Repository/1612893/42_EditTeamName/Page_Mattermost/button_Sign in' is clicked on

2020-06-05 17:03:00 - [TEST_STEP][PASSED] - click(findTestObject("Object Repository/1612893/42_EditTeamName/Page_Thanh set Channel name - hcmus-cdnc-te_a699a0/button_anh_style--none sidebar-header-dropd_e4937e")): Object: 'Object Repository/1612893/42_EditTeamName/Page_Thanh set Channel name - hcmus-cdnc-te_a699a0/button_anh_style--none sidebar-header-dropd_e4937e' is clicked on

2020-06-05 17:03:03 - [MESSAGE][PASSED] - Object: 'Object Repository/1612893/42_EditTeamName/Page_Thanh set Channel name - hcmus-cdnc-te_a699a0/button_anh_style--none sidebar-header-dropd_e4937e' is clicked on

2020-06-05 17:03:03 - [TEST_STEP][PASSED] - click(findTestObject("Object Repository/1612893/42_EditTeamName/Page_Thanh set Channel name - hcmus-cdnc-te_a699a0/span_Team Settings")): Object: 'Object Repository/1612893/42_EditTeamName/Page_Thanh set Channel name - hcmus-cdnc-te_a699a0/span_Team Settings' is clicked on

2020-06-05 17:03:04 - [MESSAGE][PASSED] - Object: 'Object Repository/1612893/42_EditTeamName/Page_Thanh set Channel name - hcmus-cdnc-te_a699a0/span_Team Settings' is clicked on

2020-06-05 17:03:04 - [TEST_STEP][PASSED] - click(findTestObject("Object Repository/1612893/42_EditTeamName/Page_Thanh set Channel name - hcmus-cdnc-te_a699a0/button_Edit")): Object: 'Object Repository/1612893/42_EditTeamName/Page_Thanh set Channel name - hcmus-cdnc-te_a699a0/button_Edit' is clicked on

2020-06-05 17:03:05 - [MESSAGE][PASSED] - Object: 'Object Repository/1612893/42_EditTeamName/Page_Thanh set Channel name - hcmus-cdnc-te_a699a0/button_Edit' is clicked on

2020-06-05 17:03:05 - [TEST_STEP][PASSED] - setText(findTestObject("Object Repository/1612893/42_EditTeamName/Page_Thanh set Channel name - hcmus-cdnc-te_a699a0/input_Team Name_teamName"), teamName): Text 'Team-Sale' is set on object 'Object Repository/1612893/42_EditTeamName/Page_Thanh set Channel name - hcmus-cdnc-te_a699a0/input_Team Name_teamName'

2020-06-05 17:03:06 - [MESSAGE][PASSED] - Text 'Team-Sale' is set on object 'Object Repository/1612893/42_EditTeamName/Page_Thanh set Channel name - hcmus-cdnc-te_a699a0/input_Team Name_teamName'

2020-06-05 17:03:06 - [TEST_STEP][PASSED] - click(findTestObject("Object Repository/1612893/42_EditTeamName/Page_Thanh set Channel name - hcmus-cdnc-te_a699a0/button_Save")): Object: 'Object Repository/1612893/42_EditTeamName/Page_Thanh set Channel name - hcmus-cdnc-te_a699a0/button_Save' is clicked on

2020-06-05 17:03:07 - [MESSAGE][PASSED] - Object: 'Object Repository/1612893/42_EditTeamName/Page_Thanh set Channel name - hcmus-cdnc-te_a699a0/button_Save' is clicked on

2020-06-05 17:03:07 - [TEST_STEP][PASSED] - click(findTestObject("Object Repository/1612893/42_EditTeamName/Page_Thanh set Channel name - hcmus-cdnc-te_a699a0/button_Close")): Object: 'Object Repository/1612893/42_EditTeamName/Page_Thanh set Channel name - hcmus-cdnc-te_a699a0/button_Close' is clicked on

2020-06-05 17:03:08 - [MESSAGE][PASSED] - Object: 'Object Repository/1612893/42_EditTeamName/Page_Thanh set Channel name - hcmus-cdnc-te_a699a0/button_Close' is clicked on

2020-06-05 17:03:08 - [TEST_STEP][PASSED] - closeBrowser(): Browser is closed

2020-06-05 17:03:09 - [MESSAGE][PASSED] - Browser is closed]]></system-out>
         <system-err><![CDATA[]]></system-err>
      </testcase>
      <testcase name="Test Cases/1612893/TC_42_EditTeamName" time="17.262" classname="Test Cases/1612893/TC_42_EditTeamName" status="PASSED">
         <system-out><![CDATA[2020-06-05 17:03:09 - [TEST_CASE][PASSED] - Test Cases/1612893/TC_42_EditTeamName: Test Cases/1612893/TC_42_EditTeamName

2020-06-05 17:03:09 - [TEST_STEP][PASSED] - openBrowser(""): Browser is opened with url: ''

2020-06-05 17:03:09 - [MESSAGE][INFO] - Starting 'Chrome' driver

2020-06-05 17:03:09 - [MESSAGE][INFO] - Action delay is set to 0 milliseconds

2020-06-05 17:03:12 - [MESSAGE][PASSED] - Browser is opened with url: ''

2020-06-05 17:03:12 - [TEST_STEP][PASSED] - navigateToUrl("http://localhost:8065/login"): Navigate to 'http://localhost:8065/login' successfully

2020-06-05 17:03:13 - [MESSAGE][PASSED] - Navigate to 'http://localhost:8065/login' successfully

2020-06-05 17:03:13 - [TEST_STEP][PASSED] - setText(findTestObject("Object Repository/1612893/42_EditTeamName/Page_Mattermost/input_All team communication in one place s_703ef5"), "hcmus-cdnc@gmail.com"): Text 'hcmus-cdnc@gmail.com' is set on object 'Object Repository/1612893/42_EditTeamName/Page_Mattermost/input_All team communication in one place s_703ef5'

2020-06-05 17:03:16 - [MESSAGE][PASSED] - Text 'hcmus-cdnc@gmail.com' is set on object 'Object Repository/1612893/42_EditTeamName/Page_Mattermost/input_All team communication in one place s_703ef5'

2020-06-05 17:03:16 - [TEST_STEP][PASSED] - setEncryptedText(findTestObject("Object Repository/1612893/42_EditTeamName/Page_Mattermost/input_All team communication in one place s_2f2733"), "aeHFOx8jV/A="): Text ****** has been set on object 'Object Repository/1612893/42_EditTeamName/Page_Mattermost/input_All team communication in one place s_2f2733'

2020-06-05 17:03:16 - [MESSAGE][PASSED] - Text ****** has been set on object 'Object Repository/1612893/42_EditTeamName/Page_Mattermost/input_All team communication in one place s_2f2733'

2020-06-05 17:03:16 - [TEST_STEP][PASSED] - click(findTestObject("Object Repository/1612893/42_EditTeamName/Page_Mattermost/button_Sign in")): Object: 'Object Repository/1612893/42_EditTeamName/Page_Mattermost/button_Sign in' is clicked on

2020-06-05 17:03:17 - [MESSAGE][PASSED] - Object: 'Object Repository/1612893/42_EditTeamName/Page_Mattermost/button_Sign in' is clicked on

2020-06-05 17:03:17 - [TEST_STEP][PASSED] - click(findTestObject("Object Repository/1612893/42_EditTeamName/Page_Thanh set Channel name - hcmus-cdnc-te_a699a0/button_anh_style--none sidebar-header-dropd_e4937e")): Object: 'Object Repository/1612893/42_EditTeamName/Page_Thanh set Channel name - hcmus-cdnc-te_a699a0/button_anh_style--none sidebar-header-dropd_e4937e' is clicked on

2020-06-05 17:03:20 - [MESSAGE][PASSED] - Object: 'Object Repository/1612893/42_EditTeamName/Page_Thanh set Channel name - hcmus-cdnc-te_a699a0/button_anh_style--none sidebar-header-dropd_e4937e' is clicked on

2020-06-05 17:03:20 - [TEST_STEP][PASSED] - click(findTestObject("Object Repository/1612893/42_EditTeamName/Page_Thanh set Channel name - hcmus-cdnc-te_a699a0/span_Team Settings")): Object: 'Object Repository/1612893/42_EditTeamName/Page_Thanh set Channel name - hcmus-cdnc-te_a699a0/span_Team Settings' is clicked on

2020-06-05 17:03:22 - [MESSAGE][PASSED] - Object: 'Object Repository/1612893/42_EditTeamName/Page_Thanh set Channel name - hcmus-cdnc-te_a699a0/span_Team Settings' is clicked on

2020-06-05 17:03:22 - [TEST_STEP][PASSED] - click(findTestObject("Object Repository/1612893/42_EditTeamName/Page_Thanh set Channel name - hcmus-cdnc-te_a699a0/button_Edit")): Object: 'Object Repository/1612893/42_EditTeamName/Page_Thanh set Channel name - hcmus-cdnc-te_a699a0/button_Edit' is clicked on

2020-06-05 17:03:22 - [MESSAGE][PASSED] - Object: 'Object Repository/1612893/42_EditTeamName/Page_Thanh set Channel name - hcmus-cdnc-te_a699a0/button_Edit' is clicked on

2020-06-05 17:03:22 - [TEST_STEP][PASSED] - setText(findTestObject("Object Repository/1612893/42_EditTeamName/Page_Thanh set Channel name - hcmus-cdnc-te_a699a0/input_Team Name_teamName"), teamName): Text 'hcmus-cdnc-team' is set on object 'Object Repository/1612893/42_EditTeamName/Page_Thanh set Channel name - hcmus-cdnc-te_a699a0/input_Team Name_teamName'

2020-06-05 17:03:24 - [MESSAGE][PASSED] - Text 'hcmus-cdnc-team' is set on object 'Object Repository/1612893/42_EditTeamName/Page_Thanh set Channel name - hcmus-cdnc-te_a699a0/input_Team Name_teamName'

2020-06-05 17:03:24 - [TEST_STEP][PASSED] - click(findTestObject("Object Repository/1612893/42_EditTeamName/Page_Thanh set Channel name - hcmus-cdnc-te_a699a0/button_Save")): Object: 'Object Repository/1612893/42_EditTeamName/Page_Thanh set Channel name - hcmus-cdnc-te_a699a0/button_Save' is clicked on

2020-06-05 17:03:24 - [MESSAGE][PASSED] - Object: 'Object Repository/1612893/42_EditTeamName/Page_Thanh set Channel name - hcmus-cdnc-te_a699a0/button_Save' is clicked on

2020-06-05 17:03:24 - [TEST_STEP][PASSED] - click(findTestObject("Object Repository/1612893/42_EditTeamName/Page_Thanh set Channel name - hcmus-cdnc-te_a699a0/button_Close")): Object: 'Object Repository/1612893/42_EditTeamName/Page_Thanh set Channel name - hcmus-cdnc-te_a699a0/button_Close' is clicked on

2020-06-05 17:03:25 - [MESSAGE][PASSED] - Object: 'Object Repository/1612893/42_EditTeamName/Page_Thanh set Channel name - hcmus-cdnc-te_a699a0/button_Close' is clicked on

2020-06-05 17:03:25 - [TEST_STEP][PASSED] - closeBrowser(): Browser is closed

2020-06-05 17:03:26 - [MESSAGE][PASSED] - Browser is closed]]></system-out>
         <system-err><![CDATA[]]></system-err>
      </testcase>
      <testcase name="Test Cases/1612893/TC_43_AddSensitiveWord" time="18.121" classname="Test Cases/1612893/TC_43_AddSensitiveWord" status="PASSED">
         <system-out><![CDATA[2020-06-05 17:03:26 - [TEST_CASE][PASSED] - Test Cases/1612893/TC_43_AddSensitiveWord: Test Cases/1612893/TC_43_AddSensitiveWord

2020-06-05 17:03:26 - [TEST_STEP][PASSED] - openBrowser(""): Browser is opened with url: ''

2020-06-05 17:03:26 - [MESSAGE][INFO] - Starting 'Chrome' driver

2020-06-05 17:03:26 - [MESSAGE][INFO] - Action delay is set to 0 milliseconds

2020-06-05 17:03:30 - [MESSAGE][PASSED] - Browser is opened with url: ''

2020-06-05 17:03:30 - [TEST_STEP][PASSED] - navigateToUrl("http://localhost:8065/login"): Navigate to 'http://localhost:8065/login' successfully

2020-06-05 17:03:31 - [MESSAGE][PASSED] - Navigate to 'http://localhost:8065/login' successfully

2020-06-05 17:03:31 - [TEST_STEP][PASSED] - setText(findTestObject("1612893/43_AddSensitiveWord/Page_Mattermost/input_All team communication in one place s_703ef5"), "hcmus-cdnc@gmail.com"): Text 'hcmus-cdnc@gmail.com' is set on object 'Object Repository/1612893/43_AddSensitiveWord/Page_Mattermost/input_All team communication in one place s_703ef5'

2020-06-05 17:03:33 - [MESSAGE][PASSED] - Text 'hcmus-cdnc@gmail.com' is set on object 'Object Repository/1612893/43_AddSensitiveWord/Page_Mattermost/input_All team communication in one place s_703ef5'

2020-06-05 17:03:33 - [TEST_STEP][PASSED] - setEncryptedText(findTestObject("1612893/43_AddSensitiveWord/Page_Mattermost/input_All team communication in one place s_2f2733"), "aeHFOx8jV/A="): Text ****** has been set on object 'Object Repository/1612893/43_AddSensitiveWord/Page_Mattermost/input_All team communication in one place s_2f2733'

2020-06-05 17:03:34 - [MESSAGE][PASSED] - Text ****** has been set on object 'Object Repository/1612893/43_AddSensitiveWord/Page_Mattermost/input_All team communication in one place s_2f2733'

2020-06-05 17:03:34 - [TEST_STEP][PASSED] - click(findTestObject("1612893/43_AddSensitiveWord/Page_Mattermost/button_Sign in")): Object: 'Object Repository/1612893/43_AddSensitiveWord/Page_Mattermost/button_Sign in' is clicked on

2020-06-05 17:03:34 - [MESSAGE][PASSED] - Object: 'Object Repository/1612893/43_AddSensitiveWord/Page_Mattermost/button_Sign in' is clicked on

2020-06-05 17:03:34 - [TEST_STEP][PASSED] - click(findTestObject("1612893/43_AddSensitiveWord/Page_Thanh set Channel name - hcmus-cdnc-te_a699a0/button_anh_style--none sidebar-header-dropd_e4937e")): Object: 'Object Repository/1612893/43_AddSensitiveWord/Page_Thanh set Channel name - hcmus-cdnc-te_a699a0/button_anh_style--none sidebar-header-dropd_e4937e' is clicked on

2020-06-05 17:03:38 - [MESSAGE][PASSED] - Object: 'Object Repository/1612893/43_AddSensitiveWord/Page_Thanh set Channel name - hcmus-cdnc-te_a699a0/button_anh_style--none sidebar-header-dropd_e4937e' is clicked on

2020-06-05 17:03:38 - [TEST_STEP][PASSED] - click(findTestObject("1612893/43_AddSensitiveWord/Page_Thanh set Channel name - hcmus-cdnc-te_a699a0/span_Account Settings")): Object: 'Object Repository/1612893/43_AddSensitiveWord/Page_Thanh set Channel name - hcmus-cdnc-te_a699a0/span_Account Settings' is clicked on

2020-06-05 17:03:39 - [MESSAGE][PASSED] - Object: 'Object Repository/1612893/43_AddSensitiveWord/Page_Thanh set Channel name - hcmus-cdnc-te_a699a0/span_Account Settings' is clicked on

2020-06-05 17:03:39 - [TEST_STEP][PASSED] - click(findTestObject("1612893/43_AddSensitiveWord/Page_Thanh set Channel name - hcmus-cdnc-te_a699a0/button_Notifications")): Object: 'Object Repository/1612893/43_AddSensitiveWord/Page_Thanh set Channel name - hcmus-cdnc-te_a699a0/button_Notifications' is clicked on

2020-06-05 17:03:40 - [MESSAGE][PASSED] - Object: 'Object Repository/1612893/43_AddSensitiveWord/Page_Thanh set Channel name - hcmus-cdnc-te_a699a0/button_Notifications' is clicked on

2020-06-05 17:03:40 - [TEST_STEP][PASSED] - click(findTestObject("1612893/43_AddSensitiveWord/Page_Thanh set Channel name - hcmus-cdnc-te_a699a0/button_Edit_1")): Object: 'Object Repository/1612893/43_AddSensitiveWord/Page_Thanh set Channel name - hcmus-cdnc-te_a699a0/button_Edit_1' is clicked on

2020-06-05 17:03:40 - [MESSAGE][PASSED] - Object: 'Object Repository/1612893/43_AddSensitiveWord/Page_Thanh set Channel name - hcmus-cdnc-te_a699a0/button_Edit_1' is clicked on

2020-06-05 17:03:40 - [TEST_STEP][PASSED] - setText(findTestObject("1612893/43_AddSensitiveWord/Page_Thanh set Channel name - hcmus-cdnc-te_a699a0/input_Other non-case sensitive words separa_48b795"), sensitiveWord): Text 'từ nhạy cảm' is set on object 'Object Repository/1612893/43_AddSensitiveWord/Page_Thanh set Channel name - hcmus-cdnc-te_a699a0/input_Other non-case sensitive words separa_48b795'

2020-06-05 17:03:42 - [MESSAGE][PASSED] - Text 'từ nhạy cảm' is set on object 'Object Repository/1612893/43_AddSensitiveWord/Page_Thanh set Channel name - hcmus-cdnc-te_a699a0/input_Other non-case sensitive words separa_48b795'

2020-06-05 17:03:42 - [TEST_STEP][PASSED] - click(findTestObject("1612893/43_AddSensitiveWord/Page_Thanh set Channel name - hcmus-cdnc-te_a699a0/button_Save")): Object: 'Object Repository/1612893/43_AddSensitiveWord/Page_Thanh set Channel name - hcmus-cdnc-te_a699a0/button_Save' is clicked on

2020-06-05 17:03:42 - [MESSAGE][PASSED] - Object: 'Object Repository/1612893/43_AddSensitiveWord/Page_Thanh set Channel name - hcmus-cdnc-te_a699a0/button_Save' is clicked on

2020-06-05 17:03:42 - [TEST_STEP][PASSED] - click(findTestObject("1612893/43_AddSensitiveWord/Page_Thanh set Channel name - hcmus-cdnc-te_a699a0/button_Close")): Object: 'Object Repository/1612893/43_AddSensitiveWord/Page_Thanh set Channel name - hcmus-cdnc-te_a699a0/button_Close' is clicked on

2020-06-05 17:03:43 - [MESSAGE][PASSED] - Object: 'Object Repository/1612893/43_AddSensitiveWord/Page_Thanh set Channel name - hcmus-cdnc-te_a699a0/button_Close' is clicked on

2020-06-05 17:03:43 - [TEST_STEP][PASSED] - closeBrowser(): Browser is closed

2020-06-05 17:03:44 - [MESSAGE][PASSED] - Browser is closed]]></system-out>
         <system-err><![CDATA[]]></system-err>
      </testcase>
      <testcase name="Test Cases/1612893/TC_43_AddSensitiveWord" time="17.446" classname="Test Cases/1612893/TC_43_AddSensitiveWord" status="PASSED">
         <system-out><![CDATA[2020-06-05 17:03:44 - [TEST_CASE][PASSED] - Test Cases/1612893/TC_43_AddSensitiveWord: Test Cases/1612893/TC_43_AddSensitiveWord

2020-06-05 17:03:44 - [TEST_STEP][PASSED] - openBrowser(""): Browser is opened with url: ''

2020-06-05 17:03:44 - [MESSAGE][INFO] - Starting 'Chrome' driver

2020-06-05 17:03:44 - [MESSAGE][INFO] - Action delay is set to 0 milliseconds

2020-06-05 17:03:47 - [MESSAGE][PASSED] - Browser is opened with url: ''

2020-06-05 17:03:47 - [TEST_STEP][PASSED] - navigateToUrl("http://localhost:8065/login"): Navigate to 'http://localhost:8065/login' successfully

2020-06-05 17:03:49 - [MESSAGE][PASSED] - Navigate to 'http://localhost:8065/login' successfully

2020-06-05 17:03:49 - [TEST_STEP][PASSED] - setText(findTestObject("1612893/43_AddSensitiveWord/Page_Mattermost/input_All team communication in one place s_703ef5"), "hcmus-cdnc@gmail.com"): Text 'hcmus-cdnc@gmail.com' is set on object 'Object Repository/1612893/43_AddSensitiveWord/Page_Mattermost/input_All team communication in one place s_703ef5'

2020-06-05 17:03:51 - [MESSAGE][PASSED] - Text 'hcmus-cdnc@gmail.com' is set on object 'Object Repository/1612893/43_AddSensitiveWord/Page_Mattermost/input_All team communication in one place s_703ef5'

2020-06-05 17:03:51 - [TEST_STEP][PASSED] - setEncryptedText(findTestObject("1612893/43_AddSensitiveWord/Page_Mattermost/input_All team communication in one place s_2f2733"), "aeHFOx8jV/A="): Text ****** has been set on object 'Object Repository/1612893/43_AddSensitiveWord/Page_Mattermost/input_All team communication in one place s_2f2733'

2020-06-05 17:03:52 - [MESSAGE][PASSED] - Text ****** has been set on object 'Object Repository/1612893/43_AddSensitiveWord/Page_Mattermost/input_All team communication in one place s_2f2733'

2020-06-05 17:03:52 - [TEST_STEP][PASSED] - click(findTestObject("1612893/43_AddSensitiveWord/Page_Mattermost/button_Sign in")): Object: 'Object Repository/1612893/43_AddSensitiveWord/Page_Mattermost/button_Sign in' is clicked on

2020-06-05 17:03:52 - [MESSAGE][PASSED] - Object: 'Object Repository/1612893/43_AddSensitiveWord/Page_Mattermost/button_Sign in' is clicked on

2020-06-05 17:03:52 - [TEST_STEP][PASSED] - click(findTestObject("1612893/43_AddSensitiveWord/Page_Thanh set Channel name - hcmus-cdnc-te_a699a0/button_anh_style--none sidebar-header-dropd_e4937e")): Object: 'Object Repository/1612893/43_AddSensitiveWord/Page_Thanh set Channel name - hcmus-cdnc-te_a699a0/button_anh_style--none sidebar-header-dropd_e4937e' is clicked on

2020-06-05 17:03:56 - [MESSAGE][PASSED] - Object: 'Object Repository/1612893/43_AddSensitiveWord/Page_Thanh set Channel name - hcmus-cdnc-te_a699a0/button_anh_style--none sidebar-header-dropd_e4937e' is clicked on

2020-06-05 17:03:56 - [TEST_STEP][PASSED] - click(findTestObject("1612893/43_AddSensitiveWord/Page_Thanh set Channel name - hcmus-cdnc-te_a699a0/span_Account Settings")): Object: 'Object Repository/1612893/43_AddSensitiveWord/Page_Thanh set Channel name - hcmus-cdnc-te_a699a0/span_Account Settings' is clicked on

2020-06-05 17:03:57 - [MESSAGE][PASSED] - Object: 'Object Repository/1612893/43_AddSensitiveWord/Page_Thanh set Channel name - hcmus-cdnc-te_a699a0/span_Account Settings' is clicked on

2020-06-05 17:03:57 - [TEST_STEP][PASSED] - click(findTestObject("1612893/43_AddSensitiveWord/Page_Thanh set Channel name - hcmus-cdnc-te_a699a0/button_Notifications")): Object: 'Object Repository/1612893/43_AddSensitiveWord/Page_Thanh set Channel name - hcmus-cdnc-te_a699a0/button_Notifications' is clicked on

2020-06-05 17:03:57 - [MESSAGE][PASSED] - Object: 'Object Repository/1612893/43_AddSensitiveWord/Page_Thanh set Channel name - hcmus-cdnc-te_a699a0/button_Notifications' is clicked on

2020-06-05 17:03:57 - [TEST_STEP][PASSED] - click(findTestObject("1612893/43_AddSensitiveWord/Page_Thanh set Channel name - hcmus-cdnc-te_a699a0/button_Edit_1")): Object: 'Object Repository/1612893/43_AddSensitiveWord/Page_Thanh set Channel name - hcmus-cdnc-te_a699a0/button_Edit_1' is clicked on

2020-06-05 17:03:58 - [MESSAGE][PASSED] - Object: 'Object Repository/1612893/43_AddSensitiveWord/Page_Thanh set Channel name - hcmus-cdnc-te_a699a0/button_Edit_1' is clicked on

2020-06-05 17:03:58 - [TEST_STEP][PASSED] - setText(findTestObject("1612893/43_AddSensitiveWord/Page_Thanh set Channel name - hcmus-cdnc-te_a699a0/input_Other non-case sensitive words separa_48b795"), sensitiveWord): Text 'từ xúc phạm' is set on object 'Object Repository/1612893/43_AddSensitiveWord/Page_Thanh set Channel name - hcmus-cdnc-te_a699a0/input_Other non-case sensitive words separa_48b795'

2020-06-05 17:03:59 - [MESSAGE][PASSED] - Text 'từ xúc phạm' is set on object 'Object Repository/1612893/43_AddSensitiveWord/Page_Thanh set Channel name - hcmus-cdnc-te_a699a0/input_Other non-case sensitive words separa_48b795'

2020-06-05 17:03:59 - [TEST_STEP][PASSED] - click(findTestObject("1612893/43_AddSensitiveWord/Page_Thanh set Channel name - hcmus-cdnc-te_a699a0/button_Save")): Object: 'Object Repository/1612893/43_AddSensitiveWord/Page_Thanh set Channel name - hcmus-cdnc-te_a699a0/button_Save' is clicked on

2020-06-05 17:04:00 - [MESSAGE][PASSED] - Object: 'Object Repository/1612893/43_AddSensitiveWord/Page_Thanh set Channel name - hcmus-cdnc-te_a699a0/button_Save' is clicked on

2020-06-05 17:04:00 - [TEST_STEP][PASSED] - click(findTestObject("1612893/43_AddSensitiveWord/Page_Thanh set Channel name - hcmus-cdnc-te_a699a0/button_Close")): Object: 'Object Repository/1612893/43_AddSensitiveWord/Page_Thanh set Channel name - hcmus-cdnc-te_a699a0/button_Close' is clicked on

2020-06-05 17:04:01 - [MESSAGE][PASSED] - Object: 'Object Repository/1612893/43_AddSensitiveWord/Page_Thanh set Channel name - hcmus-cdnc-te_a699a0/button_Close' is clicked on

2020-06-05 17:04:01 - [TEST_STEP][PASSED] - closeBrowser(): Browser is closed

2020-06-05 17:04:02 - [MESSAGE][PASSED] - Browser is closed]]></system-out>
         <system-err><![CDATA[]]></system-err>
      </testcase>
      <testcase name="Test Cases/1612893/TC_43_AddSensitiveWord" time="18.493" classname="Test Cases/1612893/TC_43_AddSensitiveWord" status="PASSED">
         <system-out><![CDATA[2020-06-05 17:04:02 - [TEST_CASE][PASSED] - Test Cases/1612893/TC_43_AddSensitiveWord: Test Cases/1612893/TC_43_AddSensitiveWord

2020-06-05 17:04:02 - [TEST_STEP][PASSED] - openBrowser(""): Browser is opened with url: ''

2020-06-05 17:04:02 - [MESSAGE][INFO] - Starting 'Chrome' driver

2020-06-05 17:04:02 - [MESSAGE][INFO] - Action delay is set to 0 milliseconds

2020-06-05 17:04:05 - [MESSAGE][PASSED] - Browser is opened with url: ''

2020-06-05 17:04:05 - [TEST_STEP][PASSED] - navigateToUrl("http://localhost:8065/login"): Navigate to 'http://localhost:8065/login' successfully

2020-06-05 17:04:07 - [MESSAGE][PASSED] - Navigate to 'http://localhost:8065/login' successfully

2020-06-05 17:04:07 - [TEST_STEP][PASSED] - setText(findTestObject("1612893/43_AddSensitiveWord/Page_Mattermost/input_All team communication in one place s_703ef5"), "hcmus-cdnc@gmail.com"): Text 'hcmus-cdnc@gmail.com' is set on object 'Object Repository/1612893/43_AddSensitiveWord/Page_Mattermost/input_All team communication in one place s_703ef5'

2020-06-05 17:04:09 - [MESSAGE][PASSED] - Text 'hcmus-cdnc@gmail.com' is set on object 'Object Repository/1612893/43_AddSensitiveWord/Page_Mattermost/input_All team communication in one place s_703ef5'

2020-06-05 17:04:09 - [TEST_STEP][PASSED] - setEncryptedText(findTestObject("1612893/43_AddSensitiveWord/Page_Mattermost/input_All team communication in one place s_2f2733"), "aeHFOx8jV/A="): Text ****** has been set on object 'Object Repository/1612893/43_AddSensitiveWord/Page_Mattermost/input_All team communication in one place s_2f2733'

2020-06-05 17:04:09 - [MESSAGE][PASSED] - Text ****** has been set on object 'Object Repository/1612893/43_AddSensitiveWord/Page_Mattermost/input_All team communication in one place s_2f2733'

2020-06-05 17:04:09 - [TEST_STEP][PASSED] - click(findTestObject("1612893/43_AddSensitiveWord/Page_Mattermost/button_Sign in")): Object: 'Object Repository/1612893/43_AddSensitiveWord/Page_Mattermost/button_Sign in' is clicked on

2020-06-05 17:04:10 - [MESSAGE][PASSED] - Object: 'Object Repository/1612893/43_AddSensitiveWord/Page_Mattermost/button_Sign in' is clicked on

2020-06-05 17:04:10 - [TEST_STEP][PASSED] - click(findTestObject("1612893/43_AddSensitiveWord/Page_Thanh set Channel name - hcmus-cdnc-te_a699a0/button_anh_style--none sidebar-header-dropd_e4937e")): Object: 'Object Repository/1612893/43_AddSensitiveWord/Page_Thanh set Channel name - hcmus-cdnc-te_a699a0/button_anh_style--none sidebar-header-dropd_e4937e' is clicked on

2020-06-05 17:04:14 - [MESSAGE][PASSED] - Object: 'Object Repository/1612893/43_AddSensitiveWord/Page_Thanh set Channel name - hcmus-cdnc-te_a699a0/button_anh_style--none sidebar-header-dropd_e4937e' is clicked on

2020-06-05 17:04:14 - [TEST_STEP][PASSED] - click(findTestObject("1612893/43_AddSensitiveWord/Page_Thanh set Channel name - hcmus-cdnc-te_a699a0/span_Account Settings")): Object: 'Object Repository/1612893/43_AddSensitiveWord/Page_Thanh set Channel name - hcmus-cdnc-te_a699a0/span_Account Settings' is clicked on

2020-06-05 17:04:15 - [MESSAGE][PASSED] - Object: 'Object Repository/1612893/43_AddSensitiveWord/Page_Thanh set Channel name - hcmus-cdnc-te_a699a0/span_Account Settings' is clicked on

2020-06-05 17:04:15 - [TEST_STEP][PASSED] - click(findTestObject("1612893/43_AddSensitiveWord/Page_Thanh set Channel name - hcmus-cdnc-te_a699a0/button_Notifications")): Object: 'Object Repository/1612893/43_AddSensitiveWord/Page_Thanh set Channel name - hcmus-cdnc-te_a699a0/button_Notifications' is clicked on

2020-06-05 17:04:16 - [MESSAGE][PASSED] - Object: 'Object Repository/1612893/43_AddSensitiveWord/Page_Thanh set Channel name - hcmus-cdnc-te_a699a0/button_Notifications' is clicked on

2020-06-05 17:04:16 - [TEST_STEP][PASSED] - click(findTestObject("1612893/43_AddSensitiveWord/Page_Thanh set Channel name - hcmus-cdnc-te_a699a0/button_Edit_1")): Object: 'Object Repository/1612893/43_AddSensitiveWord/Page_Thanh set Channel name - hcmus-cdnc-te_a699a0/button_Edit_1' is clicked on

2020-06-05 17:04:17 - [MESSAGE][PASSED] - Object: 'Object Repository/1612893/43_AddSensitiveWord/Page_Thanh set Channel name - hcmus-cdnc-te_a699a0/button_Edit_1' is clicked on

2020-06-05 17:04:17 - [TEST_STEP][PASSED] - setText(findTestObject("1612893/43_AddSensitiveWord/Page_Thanh set Channel name - hcmus-cdnc-te_a699a0/input_Other non-case sensitive words separa_48b795"), sensitiveWord): Text 'chửi thề' is set on object 'Object Repository/1612893/43_AddSensitiveWord/Page_Thanh set Channel name - hcmus-cdnc-te_a699a0/input_Other non-case sensitive words separa_48b795'

2020-06-05 17:04:18 - [MESSAGE][PASSED] - Text 'chửi thề' is set on object 'Object Repository/1612893/43_AddSensitiveWord/Page_Thanh set Channel name - hcmus-cdnc-te_a699a0/input_Other non-case sensitive words separa_48b795'

2020-06-05 17:04:18 - [TEST_STEP][PASSED] - click(findTestObject("1612893/43_AddSensitiveWord/Page_Thanh set Channel name - hcmus-cdnc-te_a699a0/button_Save")): Object: 'Object Repository/1612893/43_AddSensitiveWord/Page_Thanh set Channel name - hcmus-cdnc-te_a699a0/button_Save' is clicked on

2020-06-05 17:04:18 - [MESSAGE][PASSED] - Object: 'Object Repository/1612893/43_AddSensitiveWord/Page_Thanh set Channel name - hcmus-cdnc-te_a699a0/button_Save' is clicked on

2020-06-05 17:04:18 - [TEST_STEP][PASSED] - click(findTestObject("1612893/43_AddSensitiveWord/Page_Thanh set Channel name - hcmus-cdnc-te_a699a0/button_Close")): Object: 'Object Repository/1612893/43_AddSensitiveWord/Page_Thanh set Channel name - hcmus-cdnc-te_a699a0/button_Close' is clicked on

2020-06-05 17:04:19 - [MESSAGE][PASSED] - Object: 'Object Repository/1612893/43_AddSensitiveWord/Page_Thanh set Channel name - hcmus-cdnc-te_a699a0/button_Close' is clicked on

2020-06-05 17:04:19 - [TEST_STEP][PASSED] - closeBrowser(): Browser is closed

2020-06-05 17:04:20 - [MESSAGE][PASSED] - Browser is closed]]></system-out>
         <system-err><![CDATA[]]></system-err>
      </testcase>
      <testcase name="Test Cases/1612893/TC_43_AddSensitiveWord" time="18.211" classname="Test Cases/1612893/TC_43_AddSensitiveWord" status="PASSED">
         <system-out><![CDATA[2020-06-05 17:04:20 - [TEST_CASE][PASSED] - Test Cases/1612893/TC_43_AddSensitiveWord: Test Cases/1612893/TC_43_AddSensitiveWord

2020-06-05 17:04:20 - [TEST_STEP][PASSED] - openBrowser(""): Browser is opened with url: ''

2020-06-05 17:04:20 - [MESSAGE][INFO] - Starting 'Chrome' driver

2020-06-05 17:04:20 - [MESSAGE][INFO] - Action delay is set to 0 milliseconds

2020-06-05 17:04:23 - [MESSAGE][PASSED] - Browser is opened with url: ''

2020-06-05 17:04:23 - [TEST_STEP][PASSED] - navigateToUrl("http://localhost:8065/login"): Navigate to 'http://localhost:8065/login' successfully

2020-06-05 17:04:25 - [MESSAGE][PASSED] - Navigate to 'http://localhost:8065/login' successfully

2020-06-05 17:04:25 - [TEST_STEP][PASSED] - setText(findTestObject("1612893/43_AddSensitiveWord/Page_Mattermost/input_All team communication in one place s_703ef5"), "hcmus-cdnc@gmail.com"): Text 'hcmus-cdnc@gmail.com' is set on object 'Object Repository/1612893/43_AddSensitiveWord/Page_Mattermost/input_All team communication in one place s_703ef5'

2020-06-05 17:04:27 - [MESSAGE][PASSED] - Text 'hcmus-cdnc@gmail.com' is set on object 'Object Repository/1612893/43_AddSensitiveWord/Page_Mattermost/input_All team communication in one place s_703ef5'

2020-06-05 17:04:27 - [TEST_STEP][PASSED] - setEncryptedText(findTestObject("1612893/43_AddSensitiveWord/Page_Mattermost/input_All team communication in one place s_2f2733"), "aeHFOx8jV/A="): Text ****** has been set on object 'Object Repository/1612893/43_AddSensitiveWord/Page_Mattermost/input_All team communication in one place s_2f2733'

2020-06-05 17:04:28 - [MESSAGE][PASSED] - Text ****** has been set on object 'Object Repository/1612893/43_AddSensitiveWord/Page_Mattermost/input_All team communication in one place s_2f2733'

2020-06-05 17:04:28 - [TEST_STEP][PASSED] - click(findTestObject("1612893/43_AddSensitiveWord/Page_Mattermost/button_Sign in")): Object: 'Object Repository/1612893/43_AddSensitiveWord/Page_Mattermost/button_Sign in' is clicked on

2020-06-05 17:04:28 - [MESSAGE][PASSED] - Object: 'Object Repository/1612893/43_AddSensitiveWord/Page_Mattermost/button_Sign in' is clicked on

2020-06-05 17:04:28 - [TEST_STEP][PASSED] - click(findTestObject("1612893/43_AddSensitiveWord/Page_Thanh set Channel name - hcmus-cdnc-te_a699a0/button_anh_style--none sidebar-header-dropd_e4937e")): Object: 'Object Repository/1612893/43_AddSensitiveWord/Page_Thanh set Channel name - hcmus-cdnc-te_a699a0/button_anh_style--none sidebar-header-dropd_e4937e' is clicked on

2020-06-05 17:04:32 - [MESSAGE][PASSED] - Object: 'Object Repository/1612893/43_AddSensitiveWord/Page_Thanh set Channel name - hcmus-cdnc-te_a699a0/button_anh_style--none sidebar-header-dropd_e4937e' is clicked on

2020-06-05 17:04:32 - [TEST_STEP][PASSED] - click(findTestObject("1612893/43_AddSensitiveWord/Page_Thanh set Channel name - hcmus-cdnc-te_a699a0/span_Account Settings")): Object: 'Object Repository/1612893/43_AddSensitiveWord/Page_Thanh set Channel name - hcmus-cdnc-te_a699a0/span_Account Settings' is clicked on

2020-06-05 17:04:33 - [MESSAGE][PASSED] - Object: 'Object Repository/1612893/43_AddSensitiveWord/Page_Thanh set Channel name - hcmus-cdnc-te_a699a0/span_Account Settings' is clicked on

2020-06-05 17:04:33 - [TEST_STEP][PASSED] - click(findTestObject("1612893/43_AddSensitiveWord/Page_Thanh set Channel name - hcmus-cdnc-te_a699a0/button_Notifications")): Object: 'Object Repository/1612893/43_AddSensitiveWord/Page_Thanh set Channel name - hcmus-cdnc-te_a699a0/button_Notifications' is clicked on

2020-06-05 17:04:34 - [MESSAGE][PASSED] - Object: 'Object Repository/1612893/43_AddSensitiveWord/Page_Thanh set Channel name - hcmus-cdnc-te_a699a0/button_Notifications' is clicked on

2020-06-05 17:04:34 - [TEST_STEP][PASSED] - click(findTestObject("1612893/43_AddSensitiveWord/Page_Thanh set Channel name - hcmus-cdnc-te_a699a0/button_Edit_1")): Object: 'Object Repository/1612893/43_AddSensitiveWord/Page_Thanh set Channel name - hcmus-cdnc-te_a699a0/button_Edit_1' is clicked on

2020-06-05 17:04:35 - [MESSAGE][PASSED] - Object: 'Object Repository/1612893/43_AddSensitiveWord/Page_Thanh set Channel name - hcmus-cdnc-te_a699a0/button_Edit_1' is clicked on

2020-06-05 17:04:35 - [TEST_STEP][PASSED] - setText(findTestObject("1612893/43_AddSensitiveWord/Page_Thanh set Channel name - hcmus-cdnc-te_a699a0/input_Other non-case sensitive words separa_48b795"), sensitiveWord): Text 'kích động' is set on object 'Object Repository/1612893/43_AddSensitiveWord/Page_Thanh set Channel name - hcmus-cdnc-te_a699a0/input_Other non-case sensitive words separa_48b795'

2020-06-05 17:04:36 - [MESSAGE][PASSED] - Text 'kích động' is set on object 'Object Repository/1612893/43_AddSensitiveWord/Page_Thanh set Channel name - hcmus-cdnc-te_a699a0/input_Other non-case sensitive words separa_48b795'

2020-06-05 17:04:36 - [TEST_STEP][PASSED] - click(findTestObject("1612893/43_AddSensitiveWord/Page_Thanh set Channel name - hcmus-cdnc-te_a699a0/button_Save")): Object: 'Object Repository/1612893/43_AddSensitiveWord/Page_Thanh set Channel name - hcmus-cdnc-te_a699a0/button_Save' is clicked on

2020-06-05 17:04:37 - [MESSAGE][PASSED] - Object: 'Object Repository/1612893/43_AddSensitiveWord/Page_Thanh set Channel name - hcmus-cdnc-te_a699a0/button_Save' is clicked on

2020-06-05 17:04:37 - [TEST_STEP][PASSED] - click(findTestObject("1612893/43_AddSensitiveWord/Page_Thanh set Channel name - hcmus-cdnc-te_a699a0/button_Close")): Object: 'Object Repository/1612893/43_AddSensitiveWord/Page_Thanh set Channel name - hcmus-cdnc-te_a699a0/button_Close' is clicked on

2020-06-05 17:04:37 - [MESSAGE][PASSED] - Object: 'Object Repository/1612893/43_AddSensitiveWord/Page_Thanh set Channel name - hcmus-cdnc-te_a699a0/button_Close' is clicked on

2020-06-05 17:04:37 - [TEST_STEP][PASSED] - closeBrowser(): Browser is closed

2020-06-05 17:04:38 - [MESSAGE][PASSED] - Browser is closed]]></system-out>
         <system-err><![CDATA[]]></system-err>
      </testcase>
      <testcase name="Test Cases/1612893/TC_43_AddSensitiveWord" time="19.69" classname="Test Cases/1612893/TC_43_AddSensitiveWord" status="PASSED">
         <system-out><![CDATA[2020-06-05 17:04:38 - [TEST_CASE][PASSED] - Test Cases/1612893/TC_43_AddSensitiveWord: Test Cases/1612893/TC_43_AddSensitiveWord

2020-06-05 17:04:38 - [TEST_STEP][PASSED] - openBrowser(""): Browser is opened with url: ''

2020-06-05 17:04:38 - [MESSAGE][INFO] - Starting 'Chrome' driver

2020-06-05 17:04:38 - [MESSAGE][INFO] - Action delay is set to 0 milliseconds

2020-06-05 17:04:42 - [MESSAGE][PASSED] - Browser is opened with url: ''

2020-06-05 17:04:42 - [TEST_STEP][PASSED] - navigateToUrl("http://localhost:8065/login"): Navigate to 'http://localhost:8065/login' successfully

2020-06-05 17:04:44 - [MESSAGE][PASSED] - Navigate to 'http://localhost:8065/login' successfully

2020-06-05 17:04:44 - [TEST_STEP][PASSED] - setText(findTestObject("1612893/43_AddSensitiveWord/Page_Mattermost/input_All team communication in one place s_703ef5"), "hcmus-cdnc@gmail.com"): Text 'hcmus-cdnc@gmail.com' is set on object 'Object Repository/1612893/43_AddSensitiveWord/Page_Mattermost/input_All team communication in one place s_703ef5'

2020-06-05 17:04:46 - [MESSAGE][PASSED] - Text 'hcmus-cdnc@gmail.com' is set on object 'Object Repository/1612893/43_AddSensitiveWord/Page_Mattermost/input_All team communication in one place s_703ef5'

2020-06-05 17:04:46 - [TEST_STEP][PASSED] - setEncryptedText(findTestObject("1612893/43_AddSensitiveWord/Page_Mattermost/input_All team communication in one place s_2f2733"), "aeHFOx8jV/A="): Text ****** has been set on object 'Object Repository/1612893/43_AddSensitiveWord/Page_Mattermost/input_All team communication in one place s_2f2733'

2020-06-05 17:04:46 - [MESSAGE][PASSED] - Text ****** has been set on object 'Object Repository/1612893/43_AddSensitiveWord/Page_Mattermost/input_All team communication in one place s_2f2733'

2020-06-05 17:04:46 - [TEST_STEP][PASSED] - click(findTestObject("1612893/43_AddSensitiveWord/Page_Mattermost/button_Sign in")): Object: 'Object Repository/1612893/43_AddSensitiveWord/Page_Mattermost/button_Sign in' is clicked on

2020-06-05 17:04:47 - [MESSAGE][PASSED] - Object: 'Object Repository/1612893/43_AddSensitiveWord/Page_Mattermost/button_Sign in' is clicked on

2020-06-05 17:04:47 - [TEST_STEP][PASSED] - click(findTestObject("1612893/43_AddSensitiveWord/Page_Thanh set Channel name - hcmus-cdnc-te_a699a0/button_anh_style--none sidebar-header-dropd_e4937e")): Object: 'Object Repository/1612893/43_AddSensitiveWord/Page_Thanh set Channel name - hcmus-cdnc-te_a699a0/button_anh_style--none sidebar-header-dropd_e4937e' is clicked on

2020-06-05 17:04:51 - [MESSAGE][PASSED] - Object: 'Object Repository/1612893/43_AddSensitiveWord/Page_Thanh set Channel name - hcmus-cdnc-te_a699a0/button_anh_style--none sidebar-header-dropd_e4937e' is clicked on

2020-06-05 17:04:51 - [TEST_STEP][PASSED] - click(findTestObject("1612893/43_AddSensitiveWord/Page_Thanh set Channel name - hcmus-cdnc-te_a699a0/span_Account Settings")): Object: 'Object Repository/1612893/43_AddSensitiveWord/Page_Thanh set Channel name - hcmus-cdnc-te_a699a0/span_Account Settings' is clicked on

2020-06-05 17:04:53 - [MESSAGE][PASSED] - Object: 'Object Repository/1612893/43_AddSensitiveWord/Page_Thanh set Channel name - hcmus-cdnc-te_a699a0/span_Account Settings' is clicked on

2020-06-05 17:04:53 - [TEST_STEP][PASSED] - click(findTestObject("1612893/43_AddSensitiveWord/Page_Thanh set Channel name - hcmus-cdnc-te_a699a0/button_Notifications")): Object: 'Object Repository/1612893/43_AddSensitiveWord/Page_Thanh set Channel name - hcmus-cdnc-te_a699a0/button_Notifications' is clicked on

2020-06-05 17:04:53 - [MESSAGE][PASSED] - Object: 'Object Repository/1612893/43_AddSensitiveWord/Page_Thanh set Channel name - hcmus-cdnc-te_a699a0/button_Notifications' is clicked on

2020-06-05 17:04:53 - [TEST_STEP][PASSED] - click(findTestObject("1612893/43_AddSensitiveWord/Page_Thanh set Channel name - hcmus-cdnc-te_a699a0/button_Edit_1")): Object: 'Object Repository/1612893/43_AddSensitiveWord/Page_Thanh set Channel name - hcmus-cdnc-te_a699a0/button_Edit_1' is clicked on

2020-06-05 17:04:54 - [MESSAGE][PASSED] - Object: 'Object Repository/1612893/43_AddSensitiveWord/Page_Thanh set Channel name - hcmus-cdnc-te_a699a0/button_Edit_1' is clicked on

2020-06-05 17:04:54 - [TEST_STEP][PASSED] - setText(findTestObject("1612893/43_AddSensitiveWord/Page_Thanh set Channel name - hcmus-cdnc-te_a699a0/input_Other non-case sensitive words separa_48b795"), sensitiveWord): Text 'hành động nguy hiểm' is set on object 'Object Repository/1612893/43_AddSensitiveWord/Page_Thanh set Channel name - hcmus-cdnc-te_a699a0/input_Other non-case sensitive words separa_48b795'

2020-06-05 17:04:56 - [MESSAGE][PASSED] - Text 'hành động nguy hiểm' is set on object 'Object Repository/1612893/43_AddSensitiveWord/Page_Thanh set Channel name - hcmus-cdnc-te_a699a0/input_Other non-case sensitive words separa_48b795'

2020-06-05 17:04:56 - [TEST_STEP][PASSED] - click(findTestObject("1612893/43_AddSensitiveWord/Page_Thanh set Channel name - hcmus-cdnc-te_a699a0/button_Save")): Object: 'Object Repository/1612893/43_AddSensitiveWord/Page_Thanh set Channel name - hcmus-cdnc-te_a699a0/button_Save' is clicked on

2020-06-05 17:04:56 - [MESSAGE][PASSED] - Object: 'Object Repository/1612893/43_AddSensitiveWord/Page_Thanh set Channel name - hcmus-cdnc-te_a699a0/button_Save' is clicked on

2020-06-05 17:04:56 - [TEST_STEP][PASSED] - click(findTestObject("1612893/43_AddSensitiveWord/Page_Thanh set Channel name - hcmus-cdnc-te_a699a0/button_Close")): Object: 'Object Repository/1612893/43_AddSensitiveWord/Page_Thanh set Channel name - hcmus-cdnc-te_a699a0/button_Close' is clicked on

2020-06-05 17:04:57 - [MESSAGE][PASSED] - Object: 'Object Repository/1612893/43_AddSensitiveWord/Page_Thanh set Channel name - hcmus-cdnc-te_a699a0/button_Close' is clicked on

2020-06-05 17:04:57 - [TEST_STEP][PASSED] - closeBrowser(): Browser is closed

2020-06-05 17:04:58 - [MESSAGE][PASSED] - Browser is closed]]></system-out>
         <system-err><![CDATA[]]></system-err>
      </testcase>
      <testcase name="Test Cases/1612893/TC_44_AddEmailWhiteList" time="17.906" classname="Test Cases/1612893/TC_44_AddEmailWhiteList" status="PASSED">
         <system-out><![CDATA[2020-06-05 17:04:58 - [TEST_CASE][PASSED] - Test Cases/1612893/TC_44_AddEmailWhiteList: Test Cases/1612893/TC_44_AddEmailWhiteList

2020-06-05 17:04:58 - [TEST_STEP][PASSED] - openBrowser(""): Browser is opened with url: ''

2020-06-05 17:04:58 - [MESSAGE][INFO] - Starting 'Chrome' driver

2020-06-05 17:04:58 - [MESSAGE][INFO] - Action delay is set to 0 milliseconds

2020-06-05 17:05:02 - [MESSAGE][PASSED] - Browser is opened with url: ''

2020-06-05 17:05:02 - [TEST_STEP][PASSED] - navigateToUrl("http://localhost:8065/login"): Navigate to 'http://localhost:8065/login' successfully

2020-06-05 17:05:03 - [MESSAGE][PASSED] - Navigate to 'http://localhost:8065/login' successfully

2020-06-05 17:05:03 - [TEST_STEP][PASSED] - setText(findTestObject("Object Repository/1612893/44_AddEmailWhiteList/Page_Mattermost/input_All team communication in one place s_703ef5"), "hcmus-cdnc@gmail.com"): Text 'hcmus-cdnc@gmail.com' is set on object 'Object Repository/1612893/44_AddEmailWhiteList/Page_Mattermost/input_All team communication in one place s_703ef5'

2020-06-05 17:05:05 - [MESSAGE][PASSED] - Text 'hcmus-cdnc@gmail.com' is set on object 'Object Repository/1612893/44_AddEmailWhiteList/Page_Mattermost/input_All team communication in one place s_703ef5'

2020-06-05 17:05:05 - [TEST_STEP][PASSED] - setEncryptedText(findTestObject("Object Repository/1612893/44_AddEmailWhiteList/Page_Mattermost/input_All team communication in one place s_2f2733"), "aeHFOx8jV/A="): Text ****** has been set on object 'Object Repository/1612893/44_AddEmailWhiteList/Page_Mattermost/input_All team communication in one place s_2f2733'

2020-06-05 17:05:06 - [MESSAGE][PASSED] - Text ****** has been set on object 'Object Repository/1612893/44_AddEmailWhiteList/Page_Mattermost/input_All team communication in one place s_2f2733'

2020-06-05 17:05:06 - [TEST_STEP][PASSED] - click(findTestObject("Object Repository/1612893/44_AddEmailWhiteList/Page_Mattermost/button_Sign in")): Object: 'Object Repository/1612893/44_AddEmailWhiteList/Page_Mattermost/button_Sign in' is clicked on

2020-06-05 17:05:07 - [MESSAGE][PASSED] - Object: 'Object Repository/1612893/44_AddEmailWhiteList/Page_Mattermost/button_Sign in' is clicked on

2020-06-05 17:05:07 - [TEST_STEP][PASSED] - click(findTestObject("Object Repository/1612893/44_AddEmailWhiteList/Page_Thanh set Channel name - hcmus-cdnc-te_a699a0/button_anh_style--none sidebar-header-dropd_e4937e")): Object: 'Object Repository/1612893/44_AddEmailWhiteList/Page_Thanh set Channel name - hcmus-cdnc-te_a699a0/button_anh_style--none sidebar-header-dropd_e4937e' is clicked on

2020-06-05 17:05:11 - [MESSAGE][PASSED] - Object: 'Object Repository/1612893/44_AddEmailWhiteList/Page_Thanh set Channel name - hcmus-cdnc-te_a699a0/button_anh_style--none sidebar-header-dropd_e4937e' is clicked on

2020-06-05 17:05:11 - [TEST_STEP][PASSED] - click(findTestObject("Object Repository/1612893/44_AddEmailWhiteList/Page_Thanh set Channel name - hcmus-cdnc-te_a699a0/span_Team Settings")): Object: 'Object Repository/1612893/44_AddEmailWhiteList/Page_Thanh set Channel name - hcmus-cdnc-te_a699a0/span_Team Settings' is clicked on

2020-06-05 17:05:12 - [MESSAGE][PASSED] - Object: 'Object Repository/1612893/44_AddEmailWhiteList/Page_Thanh set Channel name - hcmus-cdnc-te_a699a0/span_Team Settings' is clicked on

2020-06-05 17:05:12 - [TEST_STEP][PASSED] - click(findTestObject("Object Repository/1612893/44_AddEmailWhiteList/Page_Thanh set Channel name - hcmus-cdnc-te_a699a0/button_Edit")): Object: 'Object Repository/1612893/44_AddEmailWhiteList/Page_Thanh set Channel name - hcmus-cdnc-te_a699a0/button_Edit' is clicked on

2020-06-05 17:05:13 - [MESSAGE][PASSED] - Object: 'Object Repository/1612893/44_AddEmailWhiteList/Page_Thanh set Channel name - hcmus-cdnc-te_a699a0/button_Edit' is clicked on

2020-06-05 17:05:13 - [TEST_STEP][PASSED] - setText(findTestObject("Object Repository/1612893/44_AddEmailWhiteList/Page_Thanh set Channel name - hcmus-cdnc-te_a699a0/input_Allow only users with a specific emai_44da11"), whiteList): Text 'gmail.com' is set on object 'Object Repository/1612893/44_AddEmailWhiteList/Page_Thanh set Channel name - hcmus-cdnc-te_a699a0/input_Allow only users with a specific emai_44da11'

2020-06-05 17:05:14 - [MESSAGE][PASSED] - Text 'gmail.com' is set on object 'Object Repository/1612893/44_AddEmailWhiteList/Page_Thanh set Channel name - hcmus-cdnc-te_a699a0/input_Allow only users with a specific emai_44da11'

2020-06-05 17:05:14 - [TEST_STEP][PASSED] - click(findTestObject("Object Repository/1612893/44_AddEmailWhiteList/Page_Thanh set Channel name - hcmus-cdnc-te_a699a0/button_Save")): Object: 'Object Repository/1612893/44_AddEmailWhiteList/Page_Thanh set Channel name - hcmus-cdnc-te_a699a0/button_Save' is clicked on

2020-06-05 17:05:14 - [MESSAGE][PASSED] - Object: 'Object Repository/1612893/44_AddEmailWhiteList/Page_Thanh set Channel name - hcmus-cdnc-te_a699a0/button_Save' is clicked on

2020-06-05 17:05:14 - [TEST_STEP][PASSED] - click(findTestObject("Object Repository/1612893/44_AddEmailWhiteList/Page_Thanh set Channel name - hcmus-cdnc-te_a699a0/button_Close")): Object: 'Object Repository/1612893/44_AddEmailWhiteList/Page_Thanh set Channel name - hcmus-cdnc-te_a699a0/button_Close' is clicked on

2020-06-05 17:05:15 - [MESSAGE][PASSED] - Object: 'Object Repository/1612893/44_AddEmailWhiteList/Page_Thanh set Channel name - hcmus-cdnc-te_a699a0/button_Close' is clicked on

2020-06-05 17:05:15 - [TEST_STEP][PASSED] - closeBrowser(): Browser is closed

2020-06-05 17:05:16 - [MESSAGE][PASSED] - Browser is closed]]></system-out>
         <system-err><![CDATA[]]></system-err>
      </testcase>
      <testcase name="Test Cases/1612893/TC_44_AddEmailWhiteList" time="19.587" classname="Test Cases/1612893/TC_44_AddEmailWhiteList" status="PASSED">
         <system-out><![CDATA[2020-06-05 17:05:16 - [TEST_CASE][PASSED] - Test Cases/1612893/TC_44_AddEmailWhiteList: Test Cases/1612893/TC_44_AddEmailWhiteList

2020-06-05 17:05:16 - [TEST_STEP][PASSED] - openBrowser(""): Browser is opened with url: ''

2020-06-05 17:05:16 - [MESSAGE][INFO] - Starting 'Chrome' driver

2020-06-05 17:05:16 - [MESSAGE][INFO] - Action delay is set to 0 milliseconds

2020-06-05 17:05:19 - [MESSAGE][PASSED] - Browser is opened with url: ''

2020-06-05 17:05:19 - [TEST_STEP][PASSED] - navigateToUrl("http://localhost:8065/login"): Navigate to 'http://localhost:8065/login' successfully

2020-06-05 17:05:21 - [MESSAGE][PASSED] - Navigate to 'http://localhost:8065/login' successfully

2020-06-05 17:05:21 - [TEST_STEP][PASSED] - setText(findTestObject("Object Repository/1612893/44_AddEmailWhiteList/Page_Mattermost/input_All team communication in one place s_703ef5"), "hcmus-cdnc@gmail.com"): Text 'hcmus-cdnc@gmail.com' is set on object 'Object Repository/1612893/44_AddEmailWhiteList/Page_Mattermost/input_All team communication in one place s_703ef5'

2020-06-05 17:05:23 - [MESSAGE][PASSED] - Text 'hcmus-cdnc@gmail.com' is set on object 'Object Repository/1612893/44_AddEmailWhiteList/Page_Mattermost/input_All team communication in one place s_703ef5'

2020-06-05 17:05:23 - [TEST_STEP][PASSED] - setEncryptedText(findTestObject("Object Repository/1612893/44_AddEmailWhiteList/Page_Mattermost/input_All team communication in one place s_2f2733"), "aeHFOx8jV/A="): Text ****** has been set on object 'Object Repository/1612893/44_AddEmailWhiteList/Page_Mattermost/input_All team communication in one place s_2f2733'

2020-06-05 17:05:24 - [MESSAGE][PASSED] - Text ****** has been set on object 'Object Repository/1612893/44_AddEmailWhiteList/Page_Mattermost/input_All team communication in one place s_2f2733'

2020-06-05 17:05:24 - [TEST_STEP][PASSED] - click(findTestObject("Object Repository/1612893/44_AddEmailWhiteList/Page_Mattermost/button_Sign in")): Object: 'Object Repository/1612893/44_AddEmailWhiteList/Page_Mattermost/button_Sign in' is clicked on

2020-06-05 17:05:25 - [MESSAGE][PASSED] - Object: 'Object Repository/1612893/44_AddEmailWhiteList/Page_Mattermost/button_Sign in' is clicked on

2020-06-05 17:05:25 - [TEST_STEP][PASSED] - click(findTestObject("Object Repository/1612893/44_AddEmailWhiteList/Page_Thanh set Channel name - hcmus-cdnc-te_a699a0/button_anh_style--none sidebar-header-dropd_e4937e")): Object: 'Object Repository/1612893/44_AddEmailWhiteList/Page_Thanh set Channel name - hcmus-cdnc-te_a699a0/button_anh_style--none sidebar-header-dropd_e4937e' is clicked on

2020-06-05 17:05:29 - [MESSAGE][PASSED] - Object: 'Object Repository/1612893/44_AddEmailWhiteList/Page_Thanh set Channel name - hcmus-cdnc-te_a699a0/button_anh_style--none sidebar-header-dropd_e4937e' is clicked on

2020-06-05 17:05:29 - [TEST_STEP][PASSED] - click(findTestObject("Object Repository/1612893/44_AddEmailWhiteList/Page_Thanh set Channel name - hcmus-cdnc-te_a699a0/span_Team Settings")): Object: 'Object Repository/1612893/44_AddEmailWhiteList/Page_Thanh set Channel name - hcmus-cdnc-te_a699a0/span_Team Settings' is clicked on

2020-06-05 17:05:31 - [MESSAGE][PASSED] - Object: 'Object Repository/1612893/44_AddEmailWhiteList/Page_Thanh set Channel name - hcmus-cdnc-te_a699a0/span_Team Settings' is clicked on

2020-06-05 17:05:31 - [TEST_STEP][PASSED] - click(findTestObject("Object Repository/1612893/44_AddEmailWhiteList/Page_Thanh set Channel name - hcmus-cdnc-te_a699a0/button_Edit")): Object: 'Object Repository/1612893/44_AddEmailWhiteList/Page_Thanh set Channel name - hcmus-cdnc-te_a699a0/button_Edit' is clicked on

2020-06-05 17:05:31 - [MESSAGE][PASSED] - Object: 'Object Repository/1612893/44_AddEmailWhiteList/Page_Thanh set Channel name - hcmus-cdnc-te_a699a0/button_Edit' is clicked on

2020-06-05 17:05:31 - [TEST_STEP][PASSED] - setText(findTestObject("Object Repository/1612893/44_AddEmailWhiteList/Page_Thanh set Channel name - hcmus-cdnc-te_a699a0/input_Allow only users with a specific emai_44da11"), whiteList): Text 'outlook.com' is set on object 'Object Repository/1612893/44_AddEmailWhiteList/Page_Thanh set Channel name - hcmus-cdnc-te_a699a0/input_Allow only users with a specific emai_44da11'

2020-06-05 17:05:33 - [MESSAGE][PASSED] - Text 'outlook.com' is set on object 'Object Repository/1612893/44_AddEmailWhiteList/Page_Thanh set Channel name - hcmus-cdnc-te_a699a0/input_Allow only users with a specific emai_44da11'

2020-06-05 17:05:33 - [TEST_STEP][PASSED] - click(findTestObject("Object Repository/1612893/44_AddEmailWhiteList/Page_Thanh set Channel name - hcmus-cdnc-te_a699a0/button_Save")): Object: 'Object Repository/1612893/44_AddEmailWhiteList/Page_Thanh set Channel name - hcmus-cdnc-te_a699a0/button_Save' is clicked on

2020-06-05 17:05:33 - [MESSAGE][PASSED] - Object: 'Object Repository/1612893/44_AddEmailWhiteList/Page_Thanh set Channel name - hcmus-cdnc-te_a699a0/button_Save' is clicked on

2020-06-05 17:05:33 - [TEST_STEP][PASSED] - click(findTestObject("Object Repository/1612893/44_AddEmailWhiteList/Page_Thanh set Channel name - hcmus-cdnc-te_a699a0/button_Close")): Object: 'Object Repository/1612893/44_AddEmailWhiteList/Page_Thanh set Channel name - hcmus-cdnc-te_a699a0/button_Close' is clicked on

2020-06-05 17:05:34 - [MESSAGE][PASSED] - Object: 'Object Repository/1612893/44_AddEmailWhiteList/Page_Thanh set Channel name - hcmus-cdnc-te_a699a0/button_Close' is clicked on

2020-06-05 17:05:34 - [TEST_STEP][PASSED] - closeBrowser(): Browser is closed

2020-06-05 17:05:36 - [MESSAGE][PASSED] - Browser is closed]]></system-out>
         <system-err><![CDATA[]]></system-err>
      </testcase>
      <testcase name="Test Cases/1612893/TC_44_AddEmailWhiteList" time="17.522" classname="Test Cases/1612893/TC_44_AddEmailWhiteList" status="FAILED">
         <failure type="FAILED" message="Test Cases/1612893/TC_44_AddEmailWhiteList FAILED.
Reason:
com.kms.katalon.core.exception.StepFailedException: Unable to click on object 'Object Repository/1612893/44_AddEmailWhiteList/Page_Thanh set Channel name - hcmus-cdnc-te_a699a0/span_Team Settings'
	at com.kms.katalon.core.webui.keyword.internal.WebUIKeywordMain.stepFailed(WebUIKeywordMain.groovy:64)
	at com.kms.katalon.core.webui.keyword.internal.WebUIKeywordMain.runKeyword(WebUIKeywordMain.groovy:26)
	at com.kms.katalon.core.webui.keyword.builtin.ClickKeyword.click(ClickKeyword.groovy:76)
	at com.kms.katalon.core.webui.keyword.builtin.ClickKeyword.execute(ClickKeyword.groovy:43)
	at com.kms.katalon.core.keyword.internal.KeywordExecutor.executeKeywordForPlatform(KeywordExecutor.groovy:72)
	at com.kms.katalon.core.webui.keyword.WebUiBuiltInKeywords.click(WebUiBuiltInKeywords.groovy:616)
	at com.kms.katalon.core.webui.keyword.WebUiBuiltInKeywords$click$3.call(Unknown Source)
	at TC_44_AddEmailWhiteList.run(TC_44_AddEmailWhiteList:33)
	at com.kms.katalon.core.main.ScriptEngine.run(ScriptEngine.java:194)
	at com.kms.katalon.core.main.ScriptEngine.runScriptAsRawText(ScriptEngine.java:119)
	at com.kms.katalon.core.main.TestCaseExecutor.runScript(TestCaseExecutor.java:337)
	at com.kms.katalon.core.main.TestCaseExecutor.doExecute(TestCaseExecutor.java:328)
	at com.kms.katalon.core.main.TestCaseExecutor.processExecutionPhase(TestCaseExecutor.java:307)
	at com.kms.katalon.core.main.TestCaseExecutor.accessMainPhase(TestCaseExecutor.java:299)
	at com.kms.katalon.core.main.TestCaseExecutor.execute(TestCaseExecutor.java:233)
	at com.kms.katalon.core.main.TestSuiteExecutor.accessTestCaseMainPhase(TestSuiteExecutor.java:169)
	at com.kms.katalon.core.main.TestSuiteExecutor.accessTestSuiteMainPhase(TestSuiteExecutor.java:142)
	at com.kms.katalon.core.main.TestSuiteExecutor.execute(TestSuiteExecutor.java:91)
	at com.kms.katalon.core.main.TestCaseMain.startTestSuite(TestCaseMain.java:157)
	at com.kms.katalon.core.main.TestCaseMain$startTestSuite$0.call(Unknown Source)
	at TempTestSuite1591347278292.run(TempTestSuite1591347278292.groovy:37)
Caused by: org.openqa.selenium.ElementClickInterceptedException: element click intercepted: Element &lt;span class=&quot;MenuItem__primary-text&quot;>...&lt;/span> is not clickable at point (247, 236). Other element would receive the click: &lt;a id=&quot;sidebarItem_off-topic&quot; aria-label=&quot;off-topic public channel&quot; class=&quot;sidebar-item&quot; href=&quot;/reiciendis-0/channels/off-topic&quot;>...&lt;/a>
  (Session info: chrome=83.0.4103.97)
Build info: version: '3.141.59', revision: 'e82be7d358', time: '2018-11-14T08:25:53'
System info: host: 'DESKTOP-SGC4F2H', ip: '172.25.32.1', os.name: 'Windows 10', os.arch: 'amd64', os.version: '10.0', java.version: '1.8.0_181'
Driver info: com.kms.katalon.selenium.driver.CChromeDriver
Capabilities {acceptInsecureCerts: false, browserName: chrome, browserVersion: 83.0.4103.97, chrome: {chromedriverVersion: 83.0.4103.39 (ccbf011cb2d2b..., userDataDir: C:\Users\Thanh\AppData\Loca...}, goog:chromeOptions: {debuggerAddress: localhost:59921}, javascriptEnabled: true, networkConnectionEnabled: false, pageLoadStrategy: normal, platform: WINDOWS, platformName: WINDOWS, proxy: Proxy(), setWindowRect: true, strictFileInteractability: false, timeouts: {implicit: 0, pageLoad: 300000, script: 30000}, unhandledPromptBehavior: dismiss and notify, webauthn:virtualAuthenticators: true}
Session ID: 7a48729fbbd812f59829852ef676a8aa
	at org.openqa.selenium.remote.http.W3CHttpResponseCodec.createException(W3CHttpResponseCodec.java:187)
	at org.openqa.selenium.remote.http.W3CHttpResponseCodec.decode(W3CHttpResponseCodec.java:122)
	at org.openqa.selenium.remote.http.W3CHttpResponseCodec.decode(W3CHttpResponseCodec.java:49)
	at org.openqa.selenium.remote.HttpCommandExecutor.execute(HttpCommandExecutor.java:158)
	at org.openqa.selenium.remote.service.DriverCommandExecutor.execute(DriverCommandExecutor.java:83)
	at org.openqa.selenium.remote.RemoteWebDriver.execute(RemoteWebDriver.java:552)
	at com.kms.katalon.selenium.driver.CChromeDriver.execute(CChromeDriver.java:19)
	at org.openqa.selenium.remote.RemoteWebElement.execute(RemoteWebElement.java:285)
	at org.openqa.selenium.remote.RemoteWebElement.click(RemoteWebElement.java:84)
	at org.openqa.selenium.support.events.EventFiringWebDriver$EventFiringWebElement.lambda$new$0(EventFiringWebDriver.java:404)
	at com.sun.proxy.$Proxy9.click(Unknown Source)
	at org.openqa.selenium.support.events.EventFiringWebDriver$EventFiringWebElement.click(EventFiringWebDriver.java:417)
	at com.kms.katalon.core.webui.keyword.builtin.ClickKeyword$_click_closure1.doCall(ClickKeyword.groovy:69)
	at com.kms.katalon.core.webui.keyword.builtin.ClickKeyword$_click_closure1.call(ClickKeyword.groovy)
	at com.kms.katalon.core.webui.keyword.internal.WebUIKeywordMain.runKeyword(WebUIKeywordMain.groovy:20)
	... 19 more
"/>
         <system-out><![CDATA[2020-06-05 17:05:36 - [TEST_CASE][FAILED] - Test Cases/1612893/TC_44_AddEmailWhiteList: Test Cases/1612893/TC_44_AddEmailWhiteList FAILED.
Reason:
com.kms.katalon.core.exception.StepFailedException: Unable to click on object 'Object Repository/1612893/44_AddEmailWhiteList/Page_Thanh set Channel name - hcmus-cdnc-te_a699a0/span_Team Settings'
	at com.kms.katalon.core.webui.keyword.internal.WebUIKeywordMain.stepFailed(WebUIKeywordMain.groovy:64)
	at com.kms.katalon.core.webui.keyword.internal.WebUIKeywordMain.runKeyword(WebUIKeywordMain.groovy:26)
	at com.kms.katalon.core.webui.keyword.builtin.ClickKeyword.click(ClickKeyword.groovy:76)
	at com.kms.katalon.core.webui.keyword.builtin.ClickKeyword.execute(ClickKeyword.groovy:43)
	at com.kms.katalon.core.keyword.internal.KeywordExecutor.executeKeywordForPlatform(KeywordExecutor.groovy:72)
	at com.kms.katalon.core.webui.keyword.WebUiBuiltInKeywords.click(WebUiBuiltInKeywords.groovy:616)
	at com.kms.katalon.core.webui.keyword.WebUiBuiltInKeywords$click$3.call(Unknown Source)
	at TC_44_AddEmailWhiteList.run(TC_44_AddEmailWhiteList:33)
	at com.kms.katalon.core.main.ScriptEngine.run(ScriptEngine.java:194)
	at com.kms.katalon.core.main.ScriptEngine.runScriptAsRawText(ScriptEngine.java:119)
	at com.kms.katalon.core.main.TestCaseExecutor.runScript(TestCaseExecutor.java:337)
	at com.kms.katalon.core.main.TestCaseExecutor.doExecute(TestCaseExecutor.java:328)
	at com.kms.katalon.core.main.TestCaseExecutor.processExecutionPhase(TestCaseExecutor.java:307)
	at com.kms.katalon.core.main.TestCaseExecutor.accessMainPhase(TestCaseExecutor.java:299)
	at com.kms.katalon.core.main.TestCaseExecutor.execute(TestCaseExecutor.java:233)
	at com.kms.katalon.core.main.TestSuiteExecutor.accessTestCaseMainPhase(TestSuiteExecutor.java:169)
	at com.kms.katalon.core.main.TestSuiteExecutor.accessTestSuiteMainPhase(TestSuiteExecutor.java:142)
	at com.kms.katalon.core.main.TestSuiteExecutor.execute(TestSuiteExecutor.java:91)
	at com.kms.katalon.core.main.TestCaseMain.startTestSuite(TestCaseMain.java:157)
	at com.kms.katalon.core.main.TestCaseMain$startTestSuite$0.call(Unknown Source)
	at TempTestSuite1591347278292.run(TempTestSuite1591347278292.groovy:37)
Caused by: org.openqa.selenium.ElementClickInterceptedException: element click intercepted: Element <span class="MenuItem__primary-text">...</span> is not clickable at point (247, 236). Other element would receive the click: <a id="sidebarItem_off-topic" aria-label="off-topic public channel" class="sidebar-item" href="/reiciendis-0/channels/off-topic">...</a>
  (Session info: chrome=83.0.4103.97)
Build info: version: '3.141.59', revision: 'e82be7d358', time: '2018-11-14T08:25:53'
System info: host: 'DESKTOP-SGC4F2H', ip: '172.25.32.1', os.name: 'Windows 10', os.arch: 'amd64', os.version: '10.0', java.version: '1.8.0_181'
Driver info: com.kms.katalon.selenium.driver.CChromeDriver
Capabilities {acceptInsecureCerts: false, browserName: chrome, browserVersion: 83.0.4103.97, chrome: {chromedriverVersion: 83.0.4103.39 (ccbf011cb2d2b..., userDataDir: C:\Users\Thanh\AppData\Loca...}, goog:chromeOptions: {debuggerAddress: localhost:59921}, javascriptEnabled: true, networkConnectionEnabled: false, pageLoadStrategy: normal, platform: WINDOWS, platformName: WINDOWS, proxy: Proxy(), setWindowRect: true, strictFileInteractability: false, timeouts: {implicit: 0, pageLoad: 300000, script: 30000}, unhandledPromptBehavior: dismiss and notify, webauthn:virtualAuthenticators: true}
Session ID: 7a48729fbbd812f59829852ef676a8aa
	at org.openqa.selenium.remote.http.W3CHttpResponseCodec.createException(W3CHttpResponseCodec.java:187)
	at org.openqa.selenium.remote.http.W3CHttpResponseCodec.decode(W3CHttpResponseCodec.java:122)
	at org.openqa.selenium.remote.http.W3CHttpResponseCodec.decode(W3CHttpResponseCodec.java:49)
	at org.openqa.selenium.remote.HttpCommandExecutor.execute(HttpCommandExecutor.java:158)
	at org.openqa.selenium.remote.service.DriverCommandExecutor.execute(DriverCommandExecutor.java:83)
	at org.openqa.selenium.remote.RemoteWebDriver.execute(RemoteWebDriver.java:552)
	at com.kms.katalon.selenium.driver.CChromeDriver.execute(CChromeDriver.java:19)
	at org.openqa.selenium.remote.RemoteWebElement.execute(RemoteWebElement.java:285)
	at org.openqa.selenium.remote.RemoteWebElement.click(RemoteWebElement.java:84)
	at org.openqa.selenium.support.events.EventFiringWebDriver$EventFiringWebElement.lambda$new$0(EventFiringWebDriver.java:404)
	at com.sun.proxy.$Proxy9.click(Unknown Source)
	at org.openqa.selenium.support.events.EventFiringWebDriver$EventFiringWebElement.click(EventFiringWebDriver.java:417)
	at com.kms.katalon.core.webui.keyword.builtin.ClickKeyword$_click_closure1.doCall(ClickKeyword.groovy:69)
	at com.kms.katalon.core.webui.keyword.builtin.ClickKeyword$_click_closure1.call(ClickKeyword.groovy)
	at com.kms.katalon.core.webui.keyword.internal.WebUIKeywordMain.runKeyword(WebUIKeywordMain.groovy:20)
	... 19 more


2020-06-05 17:05:36 - [TEST_STEP][PASSED] - openBrowser(""): Browser is opened with url: ''

2020-06-05 17:05:36 - [MESSAGE][INFO] - Starting 'Chrome' driver

2020-06-05 17:05:36 - [MESSAGE][INFO] - Action delay is set to 0 milliseconds

2020-06-05 17:05:39 - [MESSAGE][PASSED] - Browser is opened with url: ''

2020-06-05 17:05:39 - [TEST_STEP][PASSED] - navigateToUrl("http://localhost:8065/login"): Navigate to 'http://localhost:8065/login' successfully

2020-06-05 17:05:41 - [MESSAGE][PASSED] - Navigate to 'http://localhost:8065/login' successfully

2020-06-05 17:05:41 - [TEST_STEP][PASSED] - setText(findTestObject("Object Repository/1612893/44_AddEmailWhiteList/Page_Mattermost/input_All team communication in one place s_703ef5"), "hcmus-cdnc@gmail.com"): Text 'hcmus-cdnc@gmail.com' is set on object 'Object Repository/1612893/44_AddEmailWhiteList/Page_Mattermost/input_All team communication in one place s_703ef5'

2020-06-05 17:05:44 - [MESSAGE][PASSED] - Text 'hcmus-cdnc@gmail.com' is set on object 'Object Repository/1612893/44_AddEmailWhiteList/Page_Mattermost/input_All team communication in one place s_703ef5'

2020-06-05 17:05:44 - [TEST_STEP][PASSED] - setEncryptedText(findTestObject("Object Repository/1612893/44_AddEmailWhiteList/Page_Mattermost/input_All team communication in one place s_2f2733"), "aeHFOx8jV/A="): Text ****** has been set on object 'Object Repository/1612893/44_AddEmailWhiteList/Page_Mattermost/input_All team communication in one place s_2f2733'

2020-06-05 17:05:44 - [MESSAGE][PASSED] - Text ****** has been set on object 'Object Repository/1612893/44_AddEmailWhiteList/Page_Mattermost/input_All team communication in one place s_2f2733'

2020-06-05 17:05:44 - [TEST_STEP][PASSED] - click(findTestObject("Object Repository/1612893/44_AddEmailWhiteList/Page_Mattermost/button_Sign in")): Object: 'Object Repository/1612893/44_AddEmailWhiteList/Page_Mattermost/button_Sign in' is clicked on

2020-06-05 17:05:45 - [MESSAGE][PASSED] - Object: 'Object Repository/1612893/44_AddEmailWhiteList/Page_Mattermost/button_Sign in' is clicked on

2020-06-05 17:05:45 - [TEST_STEP][PASSED] - click(findTestObject("Object Repository/1612893/44_AddEmailWhiteList/Page_Thanh set Channel name - hcmus-cdnc-te_a699a0/button_anh_style--none sidebar-header-dropd_e4937e")): Object: 'Object Repository/1612893/44_AddEmailWhiteList/Page_Thanh set Channel name - hcmus-cdnc-te_a699a0/button_anh_style--none sidebar-header-dropd_e4937e' is clicked on

2020-06-05 17:05:50 - [MESSAGE][PASSED] - Object: 'Object Repository/1612893/44_AddEmailWhiteList/Page_Thanh set Channel name - hcmus-cdnc-te_a699a0/button_anh_style--none sidebar-header-dropd_e4937e' is clicked on

2020-06-05 17:05:50 - [TEST_STEP][FAILED] - click(findTestObject("Object Repository/1612893/44_AddEmailWhiteList/Page_Thanh set Channel name - hcmus-cdnc-te_a699a0/span_Team Settings")): Unable to click on object 'Object Repository/1612893/44_AddEmailWhiteList/Page_Thanh set Channel name - hcmus-cdnc-te_a699a0/span_Team Settings' (Root cause: com.kms.katalon.core.exception.StepFailedException: Unable to click on object 'Object Repository/1612893/44_AddEmailWhiteList/Page_Thanh set Channel name - hcmus-cdnc-te_a699a0/span_Team Settings'
	at com.kms.katalon.core.webui.keyword.internal.WebUIKeywordMain.stepFailed(WebUIKeywordMain.groovy:64)
	at com.kms.katalon.core.webui.keyword.internal.WebUIKeywordMain.runKeyword(WebUIKeywordMain.groovy:26)
	at com.kms.katalon.core.webui.keyword.builtin.ClickKeyword.click(ClickKeyword.groovy:76)
	at com.kms.katalon.core.webui.keyword.builtin.ClickKeyword.execute(ClickKeyword.groovy:43)
	at com.kms.katalon.core.keyword.internal.KeywordExecutor.executeKeywordForPlatform(KeywordExecutor.groovy:72)
	at com.kms.katalon.core.webui.keyword.WebUiBuiltInKeywords.click(WebUiBuiltInKeywords.groovy:616)
	at com.kms.katalon.core.webui.keyword.WebUiBuiltInKeywords$click$3.call(Unknown Source)
	at TC_44_AddEmailWhiteList.run(TC_44_AddEmailWhiteList:33)
	at com.kms.katalon.core.main.ScriptEngine.run(ScriptEngine.java:194)
	at com.kms.katalon.core.main.ScriptEngine.runScriptAsRawText(ScriptEngine.java:119)
	at com.kms.katalon.core.main.TestCaseExecutor.runScript(TestCaseExecutor.java:337)
	at com.kms.katalon.core.main.TestCaseExecutor.doExecute(TestCaseExecutor.java:328)
	at com.kms.katalon.core.main.TestCaseExecutor.processExecutionPhase(TestCaseExecutor.java:307)
	at com.kms.katalon.core.main.TestCaseExecutor.accessMainPhase(TestCaseExecutor.java:299)
	at com.kms.katalon.core.main.TestCaseExecutor.execute(TestCaseExecutor.java:233)
	at com.kms.katalon.core.main.TestSuiteExecutor.accessTestCaseMainPhase(TestSuiteExecutor.java:169)
	at com.kms.katalon.core.main.TestSuiteExecutor.accessTestSuiteMainPhase(TestSuiteExecutor.java:142)
	at com.kms.katalon.core.main.TestSuiteExecutor.execute(TestSuiteExecutor.java:91)
	at com.kms.katalon.core.main.TestCaseMain.startTestSuite(TestCaseMain.java:157)
	at com.kms.katalon.core.main.TestCaseMain$startTestSuite$0.call(Unknown Source)
	at TempTestSuite1591347278292.run(TempTestSuite1591347278292.groovy:37)
Caused by: org.openqa.selenium.ElementClickInterceptedException: element click intercepted: Element <span class="MenuItem__primary-text">...</span> is not clickable at point (247, 236). Other element would receive the click: <a id="sidebarItem_off-topic" aria-label="off-topic public channel" class="sidebar-item" href="/reiciendis-0/channels/off-topic">...</a>
  (Session info: chrome=83.0.4103.97)
Build info: version: '3.141.59', revision: 'e82be7d358', time: '2018-11-14T08:25:53'
System info: host: 'DESKTOP-SGC4F2H', ip: '172.25.32.1', os.name: 'Windows 10', os.arch: 'amd64', os.version: '10.0', java.version: '1.8.0_181'
Driver info: com.kms.katalon.selenium.driver.CChromeDriver
Capabilities {acceptInsecureCerts: false, browserName: chrome, browserVersion: 83.0.4103.97, chrome: {chromedriverVersion: 83.0.4103.39 (ccbf011cb2d2b..., userDataDir: C:\Users\Thanh\AppData\Loca...}, goog:chromeOptions: {debuggerAddress: localhost:59921}, javascriptEnabled: true, networkConnectionEnabled: false, pageLoadStrategy: normal, platform: WINDOWS, platformName: WINDOWS, proxy: Proxy(), setWindowRect: true, strictFileInteractability: false, timeouts: {implicit: 0, pageLoad: 300000, script: 30000}, unhandledPromptBehavior: dismiss and notify, webauthn:virtualAuthenticators: true}
Session ID: 7a48729fbbd812f59829852ef676a8aa
	at org.openqa.selenium.remote.http.W3CHttpResponseCodec.createException(W3CHttpResponseCodec.java:187)
	at org.openqa.selenium.remote.http.W3CHttpResponseCodec.decode(W3CHttpResponseCodec.java:122)
	at org.openqa.selenium.remote.http.W3CHttpResponseCodec.decode(W3CHttpResponseCodec.java:49)
	at org.openqa.selenium.remote.HttpCommandExecutor.execute(HttpCommandExecutor.java:158)
	at org.openqa.selenium.remote.service.DriverCommandExecutor.execute(DriverCommandExecutor.java:83)
	at org.openqa.selenium.remote.RemoteWebDriver.execute(RemoteWebDriver.java:552)
	at com.kms.katalon.selenium.driver.CChromeDriver.execute(CChromeDriver.java:19)
	at org.openqa.selenium.remote.RemoteWebElement.execute(RemoteWebElement.java:285)
	at org.openqa.selenium.remote.RemoteWebElement.click(RemoteWebElement.java:84)
	at org.openqa.selenium.support.events.EventFiringWebDriver$EventFiringWebElement.lambda$new$0(EventFiringWebDriver.java:404)
	at com.sun.proxy.$Proxy9.click(Unknown Source)
	at org.openqa.selenium.support.events.EventFiringWebDriver$EventFiringWebElement.click(EventFiringWebDriver.java:417)
	at com.kms.katalon.core.webui.keyword.builtin.ClickKeyword$_click_closure1.doCall(ClickKeyword.groovy:69)
	at com.kms.katalon.core.webui.keyword.builtin.ClickKeyword$_click_closure1.call(ClickKeyword.groovy)
	at com.kms.katalon.core.webui.keyword.internal.WebUIKeywordMain.runKeyword(WebUIKeywordMain.groovy:20)
	at com.kms.katalon.core.webui.keyword.builtin.ClickKeyword.click(ClickKeyword.groovy:76)
	at com.kms.katalon.core.webui.keyword.builtin.ClickKeyword.execute(ClickKeyword.groovy:43)
	at com.kms.katalon.core.keyword.internal.KeywordExecutor.executeKeywordForPlatform(KeywordExecutor.groovy:72)
	at com.kms.katalon.core.webui.keyword.WebUiBuiltInKeywords.click(WebUiBuiltInKeywords.groovy:616)
	at com.kms.katalon.core.webui.keyword.WebUiBuiltInKeywords$click$3.call(Unknown Source)
	at Script1591236036867.run(Script1591236036867.groovy:33)
	... 13 more
)

2020-06-05 17:05:53 - [MESSAGE][FAILED] - Unable to click on object 'Object Repository/1612893/44_AddEmailWhiteList/Page_Thanh set Channel name - hcmus-cdnc-te_a699a0/span_Team Settings' (Root cause: com.kms.katalon.core.exception.StepFailedException: Unable to click on object 'Object Repository/1612893/44_AddEmailWhiteList/Page_Thanh set Channel name - hcmus-cdnc-te_a699a0/span_Team Settings'
	at com.kms.katalon.core.webui.keyword.internal.WebUIKeywordMain.stepFailed(WebUIKeywordMain.groovy:64)
	at com.kms.katalon.core.webui.keyword.internal.WebUIKeywordMain.runKeyword(WebUIKeywordMain.groovy:26)
	at com.kms.katalon.core.webui.keyword.builtin.ClickKeyword.click(ClickKeyword.groovy:76)
	at com.kms.katalon.core.webui.keyword.builtin.ClickKeyword.execute(ClickKeyword.groovy:43)
	at com.kms.katalon.core.keyword.internal.KeywordExecutor.executeKeywordForPlatform(KeywordExecutor.groovy:72)
	at com.kms.katalon.core.webui.keyword.WebUiBuiltInKeywords.click(WebUiBuiltInKeywords.groovy:616)
	at com.kms.katalon.core.webui.keyword.WebUiBuiltInKeywords$click$3.call(Unknown Source)
	at TC_44_AddEmailWhiteList.run(TC_44_AddEmailWhiteList:33)
	at com.kms.katalon.core.main.ScriptEngine.run(ScriptEngine.java:194)
	at com.kms.katalon.core.main.ScriptEngine.runScriptAsRawText(ScriptEngine.java:119)
	at com.kms.katalon.core.main.TestCaseExecutor.runScript(TestCaseExecutor.java:337)
	at com.kms.katalon.core.main.TestCaseExecutor.doExecute(TestCaseExecutor.java:328)
	at com.kms.katalon.core.main.TestCaseExecutor.processExecutionPhase(TestCaseExecutor.java:307)
	at com.kms.katalon.core.main.TestCaseExecutor.accessMainPhase(TestCaseExecutor.java:299)
	at com.kms.katalon.core.main.TestCaseExecutor.execute(TestCaseExecutor.java:233)
	at com.kms.katalon.core.main.TestSuiteExecutor.accessTestCaseMainPhase(TestSuiteExecutor.java:169)
	at com.kms.katalon.core.main.TestSuiteExecutor.accessTestSuiteMainPhase(TestSuiteExecutor.java:142)
	at com.kms.katalon.core.main.TestSuiteExecutor.execute(TestSuiteExecutor.java:91)
	at com.kms.katalon.core.main.TestCaseMain.startTestSuite(TestCaseMain.java:157)
	at com.kms.katalon.core.main.TestCaseMain$startTestSuite$0.call(Unknown Source)
	at TempTestSuite1591347278292.run(TempTestSuite1591347278292.groovy:37)
Caused by: org.openqa.selenium.ElementClickInterceptedException: element click intercepted: Element <span class="MenuItem__primary-text">...</span> is not clickable at point (247, 236). Other element would receive the click: <a id="sidebarItem_off-topic" aria-label="off-topic public channel" class="sidebar-item" href="/reiciendis-0/channels/off-topic">...</a>
  (Session info: chrome=83.0.4103.97)
Build info: version: '3.141.59', revision: 'e82be7d358', time: '2018-11-14T08:25:53'
System info: host: 'DESKTOP-SGC4F2H', ip: '172.25.32.1', os.name: 'Windows 10', os.arch: 'amd64', os.version: '10.0', java.version: '1.8.0_181'
Driver info: com.kms.katalon.selenium.driver.CChromeDriver
Capabilities {acceptInsecureCerts: false, browserName: chrome, browserVersion: 83.0.4103.97, chrome: {chromedriverVersion: 83.0.4103.39 (ccbf011cb2d2b..., userDataDir: C:\Users\Thanh\AppData\Loca...}, goog:chromeOptions: {debuggerAddress: localhost:59921}, javascriptEnabled: true, networkConnectionEnabled: false, pageLoadStrategy: normal, platform: WINDOWS, platformName: WINDOWS, proxy: Proxy(), setWindowRect: true, strictFileInteractability: false, timeouts: {implicit: 0, pageLoad: 300000, script: 30000}, unhandledPromptBehavior: dismiss and notify, webauthn:virtualAuthenticators: true}
Session ID: 7a48729fbbd812f59829852ef676a8aa
	at org.openqa.selenium.remote.http.W3CHttpResponseCodec.createException(W3CHttpResponseCodec.java:187)
	at org.openqa.selenium.remote.http.W3CHttpResponseCodec.decode(W3CHttpResponseCodec.java:122)
	at org.openqa.selenium.remote.http.W3CHttpResponseCodec.decode(W3CHttpResponseCodec.java:49)
	at org.openqa.selenium.remote.HttpCommandExecutor.execute(HttpCommandExecutor.java:158)
	at org.openqa.selenium.remote.service.DriverCommandExecutor.execute(DriverCommandExecutor.java:83)
	at org.openqa.selenium.remote.RemoteWebDriver.execute(RemoteWebDriver.java:552)
	at com.kms.katalon.selenium.driver.CChromeDriver.execute(CChromeDriver.java:19)
	at org.openqa.selenium.remote.RemoteWebElement.execute(RemoteWebElement.java:285)
	at org.openqa.selenium.remote.RemoteWebElement.click(RemoteWebElement.java:84)
	at org.openqa.selenium.support.events.EventFiringWebDriver$EventFiringWebElement.lambda$new$0(EventFiringWebDriver.java:404)
	at com.sun.proxy.$Proxy9.click(Unknown Source)
	at org.openqa.selenium.support.events.EventFiringWebDriver$EventFiringWebElement.click(EventFiringWebDriver.java:417)
	at com.kms.katalon.core.webui.keyword.builtin.ClickKeyword$_click_closure1.doCall(ClickKeyword.groovy:69)
	at com.kms.katalon.core.webui.keyword.builtin.ClickKeyword$_click_closure1.call(ClickKeyword.groovy)
	at com.kms.katalon.core.webui.keyword.internal.WebUIKeywordMain.runKeyword(WebUIKeywordMain.groovy:20)
	at com.kms.katalon.core.webui.keyword.builtin.ClickKeyword.click(ClickKeyword.groovy:76)
	at com.kms.katalon.core.webui.keyword.builtin.ClickKeyword.execute(ClickKeyword.groovy:43)
	at com.kms.katalon.core.keyword.internal.KeywordExecutor.executeKeywordForPlatform(KeywordExecutor.groovy:72)
	at com.kms.katalon.core.webui.keyword.WebUiBuiltInKeywords.click(WebUiBuiltInKeywords.groovy:616)
	at com.kms.katalon.core.webui.keyword.WebUiBuiltInKeywords$click$3.call(Unknown Source)
	at Script1591236036867.run(Script1591236036867.groovy:33)
	... 13 more
)
[[ATTACHMENT|C:\\Users\\Thanh\\Desktop\\github.com\\New folder (2)\\homeword02-mattermost-katalon\\Reports\\20200605_155438\\Run all test cases\\20200605_155438\\1591351552506.png]]]]></system-out>
         <system-err><![CDATA[2020-06-05 17:05:36 - [TEST_CASE][FAILED] - Test Cases/1612893/TC_44_AddEmailWhiteList: Test Cases/1612893/TC_44_AddEmailWhiteList FAILED.
Reason:
com.kms.katalon.core.exception.StepFailedException: Unable to click on object 'Object Repository/1612893/44_AddEmailWhiteList/Page_Thanh set Channel name - hcmus-cdnc-te_a699a0/span_Team Settings'
	at com.kms.katalon.core.webui.keyword.internal.WebUIKeywordMain.stepFailed(WebUIKeywordMain.groovy:64)
	at com.kms.katalon.core.webui.keyword.internal.WebUIKeywordMain.runKeyword(WebUIKeywordMain.groovy:26)
	at com.kms.katalon.core.webui.keyword.builtin.ClickKeyword.click(ClickKeyword.groovy:76)
	at com.kms.katalon.core.webui.keyword.builtin.ClickKeyword.execute(ClickKeyword.groovy:43)
	at com.kms.katalon.core.keyword.internal.KeywordExecutor.executeKeywordForPlatform(KeywordExecutor.groovy:72)
	at com.kms.katalon.core.webui.keyword.WebUiBuiltInKeywords.click(WebUiBuiltInKeywords.groovy:616)
	at com.kms.katalon.core.webui.keyword.WebUiBuiltInKeywords$click$3.call(Unknown Source)
	at TC_44_AddEmailWhiteList.run(TC_44_AddEmailWhiteList:33)
	at com.kms.katalon.core.main.ScriptEngine.run(ScriptEngine.java:194)
	at com.kms.katalon.core.main.ScriptEngine.runScriptAsRawText(ScriptEngine.java:119)
	at com.kms.katalon.core.main.TestCaseExecutor.runScript(TestCaseExecutor.java:337)
	at com.kms.katalon.core.main.TestCaseExecutor.doExecute(TestCaseExecutor.java:328)
	at com.kms.katalon.core.main.TestCaseExecutor.processExecutionPhase(TestCaseExecutor.java:307)
	at com.kms.katalon.core.main.TestCaseExecutor.accessMainPhase(TestCaseExecutor.java:299)
	at com.kms.katalon.core.main.TestCaseExecutor.execute(TestCaseExecutor.java:233)
	at com.kms.katalon.core.main.TestSuiteExecutor.accessTestCaseMainPhase(TestSuiteExecutor.java:169)
	at com.kms.katalon.core.main.TestSuiteExecutor.accessTestSuiteMainPhase(TestSuiteExecutor.java:142)
	at com.kms.katalon.core.main.TestSuiteExecutor.execute(TestSuiteExecutor.java:91)
	at com.kms.katalon.core.main.TestCaseMain.startTestSuite(TestCaseMain.java:157)
	at com.kms.katalon.core.main.TestCaseMain$startTestSuite$0.call(Unknown Source)
	at TempTestSuite1591347278292.run(TempTestSuite1591347278292.groovy:37)
Caused by: org.openqa.selenium.ElementClickInterceptedException: element click intercepted: Element <span class="MenuItem__primary-text">...</span> is not clickable at point (247, 236). Other element would receive the click: <a id="sidebarItem_off-topic" aria-label="off-topic public channel" class="sidebar-item" href="/reiciendis-0/channels/off-topic">...</a>
  (Session info: chrome=83.0.4103.97)
Build info: version: '3.141.59', revision: 'e82be7d358', time: '2018-11-14T08:25:53'
System info: host: 'DESKTOP-SGC4F2H', ip: '172.25.32.1', os.name: 'Windows 10', os.arch: 'amd64', os.version: '10.0', java.version: '1.8.0_181'
Driver info: com.kms.katalon.selenium.driver.CChromeDriver
Capabilities {acceptInsecureCerts: false, browserName: chrome, browserVersion: 83.0.4103.97, chrome: {chromedriverVersion: 83.0.4103.39 (ccbf011cb2d2b..., userDataDir: C:\Users\Thanh\AppData\Loca...}, goog:chromeOptions: {debuggerAddress: localhost:59921}, javascriptEnabled: true, networkConnectionEnabled: false, pageLoadStrategy: normal, platform: WINDOWS, platformName: WINDOWS, proxy: Proxy(), setWindowRect: true, strictFileInteractability: false, timeouts: {implicit: 0, pageLoad: 300000, script: 30000}, unhandledPromptBehavior: dismiss and notify, webauthn:virtualAuthenticators: true}
Session ID: 7a48729fbbd812f59829852ef676a8aa
	at org.openqa.selenium.remote.http.W3CHttpResponseCodec.createException(W3CHttpResponseCodec.java:187)
	at org.openqa.selenium.remote.http.W3CHttpResponseCodec.decode(W3CHttpResponseCodec.java:122)
	at org.openqa.selenium.remote.http.W3CHttpResponseCodec.decode(W3CHttpResponseCodec.java:49)
	at org.openqa.selenium.remote.HttpCommandExecutor.execute(HttpCommandExecutor.java:158)
	at org.openqa.selenium.remote.service.DriverCommandExecutor.execute(DriverCommandExecutor.java:83)
	at org.openqa.selenium.remote.RemoteWebDriver.execute(RemoteWebDriver.java:552)
	at com.kms.katalon.selenium.driver.CChromeDriver.execute(CChromeDriver.java:19)
	at org.openqa.selenium.remote.RemoteWebElement.execute(RemoteWebElement.java:285)
	at org.openqa.selenium.remote.RemoteWebElement.click(RemoteWebElement.java:84)
	at org.openqa.selenium.support.events.EventFiringWebDriver$EventFiringWebElement.lambda$new$0(EventFiringWebDriver.java:404)
	at com.sun.proxy.$Proxy9.click(Unknown Source)
	at org.openqa.selenium.support.events.EventFiringWebDriver$EventFiringWebElement.click(EventFiringWebDriver.java:417)
	at com.kms.katalon.core.webui.keyword.builtin.ClickKeyword$_click_closure1.doCall(ClickKeyword.groovy:69)
	at com.kms.katalon.core.webui.keyword.builtin.ClickKeyword$_click_closure1.call(ClickKeyword.groovy)
	at com.kms.katalon.core.webui.keyword.internal.WebUIKeywordMain.runKeyword(WebUIKeywordMain.groovy:20)
	... 19 more]]></system-err>
      </testcase>
      <testcase name="Test Cases/1612893/TC_44_AddEmailWhiteList" time="84.339" classname="Test Cases/1612893/TC_44_AddEmailWhiteList" status="PASSED">
         <system-out><![CDATA[2020-06-05 17:05:53 - [TEST_CASE][PASSED] - Test Cases/1612893/TC_44_AddEmailWhiteList: Test Cases/1612893/TC_44_AddEmailWhiteList

2020-06-05 17:05:53 - [TEST_STEP][PASSED] - openBrowser(""): Browser is opened with url: ''

2020-06-05 17:05:53 - [MESSAGE][WARNING] - A browser is already opened. Closing browser and opening a new one

2020-06-05 17:05:56 - [MESSAGE][INFO] - Starting 'Chrome' driver

2020-06-05 17:05:56 - [MESSAGE][INFO] - Action delay is set to 0 milliseconds

2020-06-05 17:06:00 - [MESSAGE][PASSED] - Browser is opened with url: ''

2020-06-05 17:06:00 - [TEST_STEP][PASSED] - navigateToUrl("http://localhost:8065/login"): Navigate to 'http://localhost:8065/login' successfully

2020-06-05 17:06:10 - [MESSAGE][PASSED] - Navigate to 'http://localhost:8065/login' successfully

2020-06-05 17:06:10 - [TEST_STEP][PASSED] - setText(findTestObject("Object Repository/1612893/44_AddEmailWhiteList/Page_Mattermost/input_All team communication in one place s_703ef5"), "hcmus-cdnc@gmail.com"): Text 'hcmus-cdnc@gmail.com' is set on object 'Object Repository/1612893/44_AddEmailWhiteList/Page_Mattermost/input_All team communication in one place s_703ef5'

2020-06-05 17:06:14 - [MESSAGE][PASSED] - Text 'hcmus-cdnc@gmail.com' is set on object 'Object Repository/1612893/44_AddEmailWhiteList/Page_Mattermost/input_All team communication in one place s_703ef5'

2020-06-05 17:06:14 - [TEST_STEP][PASSED] - setEncryptedText(findTestObject("Object Repository/1612893/44_AddEmailWhiteList/Page_Mattermost/input_All team communication in one place s_2f2733"), "aeHFOx8jV/A="): Text ****** has been set on object 'Object Repository/1612893/44_AddEmailWhiteList/Page_Mattermost/input_All team communication in one place s_2f2733'

2020-06-05 17:06:15 - [MESSAGE][PASSED] - Text ****** has been set on object 'Object Repository/1612893/44_AddEmailWhiteList/Page_Mattermost/input_All team communication in one place s_2f2733'

2020-06-05 17:06:15 - [TEST_STEP][PASSED] - click(findTestObject("Object Repository/1612893/44_AddEmailWhiteList/Page_Mattermost/button_Sign in")): Object: 'Object Repository/1612893/44_AddEmailWhiteList/Page_Mattermost/button_Sign in' is clicked on

2020-06-05 17:06:17 - [MESSAGE][PASSED] - Object: 'Object Repository/1612893/44_AddEmailWhiteList/Page_Mattermost/button_Sign in' is clicked on

2020-06-05 17:06:17 - [TEST_STEP][PASSED] - click(findTestObject("Object Repository/1612893/44_AddEmailWhiteList/Page_Thanh set Channel name - hcmus-cdnc-te_a699a0/button_anh_style--none sidebar-header-dropd_e4937e")): Object: 'Object Repository/1612893/44_AddEmailWhiteList/Page_Thanh set Channel name - hcmus-cdnc-te_a699a0/button_anh_style--none sidebar-header-dropd_e4937e' is clicked on

2020-06-05 17:06:31 - [MESSAGE][PASSED] - Object: 'Object Repository/1612893/44_AddEmailWhiteList/Page_Thanh set Channel name - hcmus-cdnc-te_a699a0/button_anh_style--none sidebar-header-dropd_e4937e' is clicked on

2020-06-05 17:06:31 - [TEST_STEP][PASSED] - click(findTestObject("Object Repository/1612893/44_AddEmailWhiteList/Page_Thanh set Channel name - hcmus-cdnc-te_a699a0/span_Team Settings")): Object: 'Object Repository/1612893/44_AddEmailWhiteList/Page_Thanh set Channel name - hcmus-cdnc-te_a699a0/span_Team Settings' is clicked on

2020-06-05 17:06:32 - [MESSAGE][PASSED] - Object: 'Object Repository/1612893/44_AddEmailWhiteList/Page_Thanh set Channel name - hcmus-cdnc-te_a699a0/span_Team Settings' is clicked on

2020-06-05 17:06:32 - [TEST_STEP][PASSED] - click(findTestObject("Object Repository/1612893/44_AddEmailWhiteList/Page_Thanh set Channel name - hcmus-cdnc-te_a699a0/button_Edit")): Object: 'Object Repository/1612893/44_AddEmailWhiteList/Page_Thanh set Channel name - hcmus-cdnc-te_a699a0/button_Edit' is clicked on

2020-06-05 17:06:34 - [MESSAGE][PASSED] - Object: 'Object Repository/1612893/44_AddEmailWhiteList/Page_Thanh set Channel name - hcmus-cdnc-te_a699a0/button_Edit' is clicked on

2020-06-05 17:06:34 - [TEST_STEP][PASSED] - setText(findTestObject("Object Repository/1612893/44_AddEmailWhiteList/Page_Thanh set Channel name - hcmus-cdnc-te_a699a0/input_Allow only users with a specific emai_44da11"), whiteList): Text 'mattermost.com' is set on object 'Object Repository/1612893/44_AddEmailWhiteList/Page_Thanh set Channel name - hcmus-cdnc-te_a699a0/input_Allow only users with a specific emai_44da11'

2020-06-05 17:06:38 - [MESSAGE][PASSED] - Text 'mattermost.com' is set on object 'Object Repository/1612893/44_AddEmailWhiteList/Page_Thanh set Channel name - hcmus-cdnc-te_a699a0/input_Allow only users with a specific emai_44da11'

2020-06-05 17:06:39 - [TEST_STEP][PASSED] - click(findTestObject("Object Repository/1612893/44_AddEmailWhiteList/Page_Thanh set Channel name - hcmus-cdnc-te_a699a0/button_Save")): Object: 'Object Repository/1612893/44_AddEmailWhiteList/Page_Thanh set Channel name - hcmus-cdnc-te_a699a0/button_Save' is clicked on

2020-06-05 17:07:08 - [MESSAGE][PASSED] - Object: 'Object Repository/1612893/44_AddEmailWhiteList/Page_Thanh set Channel name - hcmus-cdnc-te_a699a0/button_Save' is clicked on

2020-06-05 17:07:08 - [TEST_STEP][PASSED] - click(findTestObject("Object Repository/1612893/44_AddEmailWhiteList/Page_Thanh set Channel name - hcmus-cdnc-te_a699a0/button_Close")): Object: 'Object Repository/1612893/44_AddEmailWhiteList/Page_Thanh set Channel name - hcmus-cdnc-te_a699a0/button_Close' is clicked on

2020-06-05 17:07:10 - [MESSAGE][PASSED] - Object: 'Object Repository/1612893/44_AddEmailWhiteList/Page_Thanh set Channel name - hcmus-cdnc-te_a699a0/button_Close' is clicked on

2020-06-05 17:07:10 - [TEST_STEP][PASSED] - closeBrowser(): Browser is closed

2020-06-05 17:07:17 - [MESSAGE][PASSED] - Browser is closed]]></system-out>
         <system-err><![CDATA[]]></system-err>
      </testcase>
      <testcase name="Test Cases/1612893/TC_44_AddEmailWhiteList" time="83.817" classname="Test Cases/1612893/TC_44_AddEmailWhiteList" status="PASSED">
         <system-out><![CDATA[2020-06-05 17:07:18 - [TEST_CASE][PASSED] - Test Cases/1612893/TC_44_AddEmailWhiteList: Test Cases/1612893/TC_44_AddEmailWhiteList

2020-06-05 17:07:18 - [TEST_STEP][PASSED] - openBrowser(""): Browser is opened with url: ''

2020-06-05 17:07:18 - [MESSAGE][INFO] - Starting 'Chrome' driver

2020-06-05 17:07:18 - [MESSAGE][INFO] - Action delay is set to 0 milliseconds

2020-06-05 17:07:31 - [MESSAGE][PASSED] - Browser is opened with url: ''

2020-06-05 17:07:31 - [TEST_STEP][PASSED] - navigateToUrl("http://localhost:8065/login"): Navigate to 'http://localhost:8065/login' successfully

2020-06-05 17:07:35 - [MESSAGE][PASSED] - Navigate to 'http://localhost:8065/login' successfully

2020-06-05 17:07:35 - [TEST_STEP][PASSED] - setText(findTestObject("Object Repository/1612893/44_AddEmailWhiteList/Page_Mattermost/input_All team communication in one place s_703ef5"), "hcmus-cdnc@gmail.com"): Text 'hcmus-cdnc@gmail.com' is set on object 'Object Repository/1612893/44_AddEmailWhiteList/Page_Mattermost/input_All team communication in one place s_703ef5'

2020-06-05 17:07:51 - [MESSAGE][PASSED] - Text 'hcmus-cdnc@gmail.com' is set on object 'Object Repository/1612893/44_AddEmailWhiteList/Page_Mattermost/input_All team communication in one place s_703ef5'

2020-06-05 17:07:51 - [TEST_STEP][PASSED] - setEncryptedText(findTestObject("Object Repository/1612893/44_AddEmailWhiteList/Page_Mattermost/input_All team communication in one place s_2f2733"), "aeHFOx8jV/A="): Text ****** has been set on object 'Object Repository/1612893/44_AddEmailWhiteList/Page_Mattermost/input_All team communication in one place s_2f2733'

2020-06-05 17:08:05 - [MESSAGE][PASSED] - Text ****** has been set on object 'Object Repository/1612893/44_AddEmailWhiteList/Page_Mattermost/input_All team communication in one place s_2f2733'

2020-06-05 17:08:05 - [TEST_STEP][PASSED] - click(findTestObject("Object Repository/1612893/44_AddEmailWhiteList/Page_Mattermost/button_Sign in")): Object: 'Object Repository/1612893/44_AddEmailWhiteList/Page_Mattermost/button_Sign in' is clicked on

2020-06-05 17:08:07 - [MESSAGE][PASSED] - Object: 'Object Repository/1612893/44_AddEmailWhiteList/Page_Mattermost/button_Sign in' is clicked on

2020-06-05 17:08:07 - [TEST_STEP][PASSED] - click(findTestObject("Object Repository/1612893/44_AddEmailWhiteList/Page_Thanh set Channel name - hcmus-cdnc-te_a699a0/button_anh_style--none sidebar-header-dropd_e4937e")): Object: 'Object Repository/1612893/44_AddEmailWhiteList/Page_Thanh set Channel name - hcmus-cdnc-te_a699a0/button_anh_style--none sidebar-header-dropd_e4937e' is clicked on

2020-06-05 17:08:24 - [MESSAGE][PASSED] - Object: 'Object Repository/1612893/44_AddEmailWhiteList/Page_Thanh set Channel name - hcmus-cdnc-te_a699a0/button_anh_style--none sidebar-header-dropd_e4937e' is clicked on

2020-06-05 17:08:24 - [TEST_STEP][PASSED] - click(findTestObject("Object Repository/1612893/44_AddEmailWhiteList/Page_Thanh set Channel name - hcmus-cdnc-te_a699a0/span_Team Settings")): Object: 'Object Repository/1612893/44_AddEmailWhiteList/Page_Thanh set Channel name - hcmus-cdnc-te_a699a0/span_Team Settings' is clicked on

2020-06-05 17:08:37 - [MESSAGE][PASSED] - Object: 'Object Repository/1612893/44_AddEmailWhiteList/Page_Thanh set Channel name - hcmus-cdnc-te_a699a0/span_Team Settings' is clicked on

2020-06-05 17:08:37 - [TEST_STEP][PASSED] - click(findTestObject("Object Repository/1612893/44_AddEmailWhiteList/Page_Thanh set Channel name - hcmus-cdnc-te_a699a0/button_Edit")): Object: 'Object Repository/1612893/44_AddEmailWhiteList/Page_Thanh set Channel name - hcmus-cdnc-te_a699a0/button_Edit' is clicked on

2020-06-05 17:08:37 - [MESSAGE][PASSED] - Object: 'Object Repository/1612893/44_AddEmailWhiteList/Page_Thanh set Channel name - hcmus-cdnc-te_a699a0/button_Edit' is clicked on

2020-06-05 17:08:37 - [TEST_STEP][PASSED] - setText(findTestObject("Object Repository/1612893/44_AddEmailWhiteList/Page_Thanh set Channel name - hcmus-cdnc-te_a699a0/input_Allow only users with a specific emai_44da11"), whiteList): Text 'mattermost.org' is set on object 'Object Repository/1612893/44_AddEmailWhiteList/Page_Thanh set Channel name - hcmus-cdnc-te_a699a0/input_Allow only users with a specific emai_44da11'

2020-06-05 17:08:39 - [MESSAGE][PASSED] - Text 'mattermost.org' is set on object 'Object Repository/1612893/44_AddEmailWhiteList/Page_Thanh set Channel name - hcmus-cdnc-te_a699a0/input_Allow only users with a specific emai_44da11'

2020-06-05 17:08:39 - [TEST_STEP][PASSED] - click(findTestObject("Object Repository/1612893/44_AddEmailWhiteList/Page_Thanh set Channel name - hcmus-cdnc-te_a699a0/button_Save")): Object: 'Object Repository/1612893/44_AddEmailWhiteList/Page_Thanh set Channel name - hcmus-cdnc-te_a699a0/button_Save' is clicked on

2020-06-05 17:08:40 - [MESSAGE][PASSED] - Object: 'Object Repository/1612893/44_AddEmailWhiteList/Page_Thanh set Channel name - hcmus-cdnc-te_a699a0/button_Save' is clicked on

2020-06-05 17:08:40 - [TEST_STEP][PASSED] - click(findTestObject("Object Repository/1612893/44_AddEmailWhiteList/Page_Thanh set Channel name - hcmus-cdnc-te_a699a0/button_Close")): Object: 'Object Repository/1612893/44_AddEmailWhiteList/Page_Thanh set Channel name - hcmus-cdnc-te_a699a0/button_Close' is clicked on

2020-06-05 17:08:41 - [MESSAGE][PASSED] - Object: 'Object Repository/1612893/44_AddEmailWhiteList/Page_Thanh set Channel name - hcmus-cdnc-te_a699a0/button_Close' is clicked on

2020-06-05 17:08:41 - [TEST_STEP][PASSED] - closeBrowser(): Browser is closed

2020-06-05 17:08:42 - [MESSAGE][PASSED] - Browser is closed]]></system-out>
         <system-err><![CDATA[]]></system-err>
      </testcase>
      <testcase name="Test Cases/1612893/TC_45_Edit_TeamDescription" time="23.779" classname="Test Cases/1612893/TC_45_Edit_TeamDescription" status="PASSED">
         <system-out><![CDATA[2020-06-05 17:08:42 - [TEST_CASE][PASSED] - Test Cases/1612893/TC_45_Edit_TeamDescription: Test Cases/1612893/TC_45_Edit_TeamDescription

2020-06-05 17:08:43 - [TEST_STEP][PASSED] - openBrowser(""): Browser is opened with url: ''

2020-06-05 17:08:43 - [MESSAGE][INFO] - Starting 'Chrome' driver

2020-06-05 17:08:43 - [MESSAGE][INFO] - Action delay is set to 0 milliseconds

2020-06-05 17:08:46 - [MESSAGE][PASSED] - Browser is opened with url: ''

2020-06-05 17:08:47 - [TEST_STEP][PASSED] - navigateToUrl("http://localhost:8065/hcmus-cdnc-team/channels/town-square"): Navigate to 'http://localhost:8065/hcmus-cdnc-team/channels/town-square' successfully

2020-06-05 17:08:48 - [MESSAGE][PASSED] - Navigate to 'http://localhost:8065/hcmus-cdnc-team/channels/town-square' successfully

2020-06-05 17:08:48 - [TEST_STEP][PASSED] - setText(findTestObject("Object Repository/1612893/45_Edit_TeamDescription/Page_Mattermost/input_All team communication in one place s_703ef5"), "hcmus-cdnc@gmail.com"): Text 'hcmus-cdnc@gmail.com' is set on object 'Object Repository/1612893/45_Edit_TeamDescription/Page_Mattermost/input_All team communication in one place s_703ef5'

2020-06-05 17:08:53 - [MESSAGE][PASSED] - Text 'hcmus-cdnc@gmail.com' is set on object 'Object Repository/1612893/45_Edit_TeamDescription/Page_Mattermost/input_All team communication in one place s_703ef5'

2020-06-05 17:08:53 - [TEST_STEP][PASSED] - setEncryptedText(findTestObject("Object Repository/1612893/45_Edit_TeamDescription/Page_Mattermost/input_Please enter your password_password"), "aeHFOx8jV/A="): Text ****** has been set on object 'Object Repository/1612893/45_Edit_TeamDescription/Page_Mattermost/input_Please enter your password_password'

2020-06-05 17:08:54 - [MESSAGE][PASSED] - Text ****** has been set on object 'Object Repository/1612893/45_Edit_TeamDescription/Page_Mattermost/input_Please enter your password_password'

2020-06-05 17:08:54 - [TEST_STEP][PASSED] - sendKeys(findTestObject("Object Repository/1612893/45_Edit_TeamDescription/Page_Mattermost/input_Please enter your password_password"), Keys.chord(ENTER)): Keys 'ENTER + ' sent to object: 'Object Repository/1612893/45_Edit_TeamDescription/Page_Mattermost/input_Please enter your password_password'

2020-06-05 17:08:55 - [MESSAGE][PASSED] - Keys 'ENTER + ' sent to object: 'Object Repository/1612893/45_Edit_TeamDescription/Page_Mattermost/input_Please enter your password_password'

2020-06-05 17:08:55 - [TEST_STEP][PASSED] - click(findTestObject("Object Repository/1612893/45_Edit_TeamDescription/Page_Thanh set Channel name - hcmus-cdnc-te_a699a0/span")): Object: 'Object Repository/1612893/45_Edit_TeamDescription/Page_Thanh set Channel name - hcmus-cdnc-te_a699a0/span' is clicked on

2020-06-05 17:08:59 - [MESSAGE][PASSED] - Object: 'Object Repository/1612893/45_Edit_TeamDescription/Page_Thanh set Channel name - hcmus-cdnc-te_a699a0/span' is clicked on

2020-06-05 17:08:59 - [TEST_STEP][PASSED] - click(findTestObject("Object Repository/1612893/45_Edit_TeamDescription/Page_Thanh set Channel name - hcmus-cdnc-te_a699a0/span_Team Settings")): Object: 'Object Repository/1612893/45_Edit_TeamDescription/Page_Thanh set Channel name - hcmus-cdnc-te_a699a0/span_Team Settings' is clicked on

2020-06-05 17:09:00 - [MESSAGE][PASSED] - Object: 'Object Repository/1612893/45_Edit_TeamDescription/Page_Thanh set Channel name - hcmus-cdnc-te_a699a0/span_Team Settings' is clicked on

2020-06-05 17:09:00 - [TEST_STEP][PASSED] - click(findTestObject("Object Repository/1612893/45_Edit_TeamDescription/Page_Thanh set Channel name - hcmus-cdnc-te_a699a0/span_Edit")): Object: 'Object Repository/1612893/45_Edit_TeamDescription/Page_Thanh set Channel name - hcmus-cdnc-te_a699a0/span_Edit' is clicked on

2020-06-05 17:09:01 - [MESSAGE][PASSED] - Object: 'Object Repository/1612893/45_Edit_TeamDescription/Page_Thanh set Channel name - hcmus-cdnc-te_a699a0/span_Edit' is clicked on

2020-06-05 17:09:01 - [TEST_STEP][PASSED] - setText(findTestObject("Object Repository/1612893/45_Edit_TeamDescription/Page_Thanh set Channel name - hcmus-cdnc-te_a699a0/input_Team Description_teamDescription"), description): Text 'Nhóm thiết kế' is set on object 'Object Repository/1612893/45_Edit_TeamDescription/Page_Thanh set Channel name - hcmus-cdnc-te_a699a0/input_Team Description_teamDescription'

2020-06-05 17:09:03 - [MESSAGE][PASSED] - Text 'Nhóm thiết kế' is set on object 'Object Repository/1612893/45_Edit_TeamDescription/Page_Thanh set Channel name - hcmus-cdnc-te_a699a0/input_Team Description_teamDescription'

2020-06-05 17:09:03 - [TEST_STEP][PASSED] - click(findTestObject("Object Repository/1612893/45_Edit_TeamDescription/Page_Thanh set Channel name - hcmus-cdnc-te_a699a0/span_Save")): Object: 'Object Repository/1612893/45_Edit_TeamDescription/Page_Thanh set Channel name - hcmus-cdnc-te_a699a0/span_Save' is clicked on

2020-06-05 17:09:04 - [MESSAGE][PASSED] - Object: 'Object Repository/1612893/45_Edit_TeamDescription/Page_Thanh set Channel name - hcmus-cdnc-te_a699a0/span_Save' is clicked on

2020-06-05 17:09:04 - [TEST_STEP][PASSED] - click(findTestObject("Object Repository/1612893/45_Edit_TeamDescription/Page_Thanh set Channel name - hcmus-cdnc-te_a699a0/span_")): Object: 'Object Repository/1612893/45_Edit_TeamDescription/Page_Thanh set Channel name - hcmus-cdnc-te_a699a0/span_' is clicked on

2020-06-05 17:09:04 - [MESSAGE][PASSED] - Object: 'Object Repository/1612893/45_Edit_TeamDescription/Page_Thanh set Channel name - hcmus-cdnc-te_a699a0/span_' is clicked on

2020-06-05 17:09:04 - [TEST_STEP][PASSED] - closeBrowser(): Browser is closed

2020-06-05 17:09:05 - [MESSAGE][PASSED] - Browser is closed]]></system-out>
         <system-err><![CDATA[]]></system-err>
      </testcase>
      <testcase name="Test Cases/1612893/TC_45_Edit_TeamDescription" time="40.226" classname="Test Cases/1612893/TC_45_Edit_TeamDescription" status="PASSED">
         <system-out><![CDATA[2020-06-05 17:09:05 - [TEST_CASE][PASSED] - Test Cases/1612893/TC_45_Edit_TeamDescription: Test Cases/1612893/TC_45_Edit_TeamDescription

2020-06-05 17:09:05 - [TEST_STEP][PASSED] - openBrowser(""): Browser is opened with url: ''

2020-06-05 17:09:05 - [MESSAGE][INFO] - Starting 'Chrome' driver

2020-06-05 17:09:05 - [MESSAGE][INFO] - Action delay is set to 0 milliseconds

2020-06-05 17:09:10 - [MESSAGE][PASSED] - Browser is opened with url: ''

2020-06-05 17:09:10 - [TEST_STEP][PASSED] - navigateToUrl("http://localhost:8065/hcmus-cdnc-team/channels/town-square"): Navigate to 'http://localhost:8065/hcmus-cdnc-team/channels/town-square' successfully

2020-06-05 17:09:30 - [MESSAGE][PASSED] - Navigate to 'http://localhost:8065/hcmus-cdnc-team/channels/town-square' successfully

2020-06-05 17:09:30 - [TEST_STEP][PASSED] - setText(findTestObject("Object Repository/1612893/45_Edit_TeamDescription/Page_Mattermost/input_All team communication in one place s_703ef5"), "hcmus-cdnc@gmail.com"): Text 'hcmus-cdnc@gmail.com' is set on object 'Object Repository/1612893/45_Edit_TeamDescription/Page_Mattermost/input_All team communication in one place s_703ef5'

2020-06-05 17:09:35 - [MESSAGE][PASSED] - Text 'hcmus-cdnc@gmail.com' is set on object 'Object Repository/1612893/45_Edit_TeamDescription/Page_Mattermost/input_All team communication in one place s_703ef5'

2020-06-05 17:09:35 - [TEST_STEP][PASSED] - setEncryptedText(findTestObject("Object Repository/1612893/45_Edit_TeamDescription/Page_Mattermost/input_Please enter your password_password"), "aeHFOx8jV/A="): Text ****** has been set on object 'Object Repository/1612893/45_Edit_TeamDescription/Page_Mattermost/input_Please enter your password_password'

2020-06-05 17:09:35 - [MESSAGE][PASSED] - Text ****** has been set on object 'Object Repository/1612893/45_Edit_TeamDescription/Page_Mattermost/input_Please enter your password_password'

2020-06-05 17:09:35 - [TEST_STEP][PASSED] - sendKeys(findTestObject("Object Repository/1612893/45_Edit_TeamDescription/Page_Mattermost/input_Please enter your password_password"), Keys.chord(ENTER)): Keys 'ENTER + ' sent to object: 'Object Repository/1612893/45_Edit_TeamDescription/Page_Mattermost/input_Please enter your password_password'

2020-06-05 17:09:36 - [MESSAGE][PASSED] - Keys 'ENTER + ' sent to object: 'Object Repository/1612893/45_Edit_TeamDescription/Page_Mattermost/input_Please enter your password_password'

2020-06-05 17:09:36 - [TEST_STEP][PASSED] - click(findTestObject("Object Repository/1612893/45_Edit_TeamDescription/Page_Thanh set Channel name - hcmus-cdnc-te_a699a0/span")): Object: 'Object Repository/1612893/45_Edit_TeamDescription/Page_Thanh set Channel name - hcmus-cdnc-te_a699a0/span' is clicked on

2020-06-05 17:09:40 - [MESSAGE][PASSED] - Object: 'Object Repository/1612893/45_Edit_TeamDescription/Page_Thanh set Channel name - hcmus-cdnc-te_a699a0/span' is clicked on

2020-06-05 17:09:40 - [TEST_STEP][PASSED] - click(findTestObject("Object Repository/1612893/45_Edit_TeamDescription/Page_Thanh set Channel name - hcmus-cdnc-te_a699a0/span_Team Settings")): Object: 'Object Repository/1612893/45_Edit_TeamDescription/Page_Thanh set Channel name - hcmus-cdnc-te_a699a0/span_Team Settings' is clicked on

2020-06-05 17:09:41 - [MESSAGE][PASSED] - Object: 'Object Repository/1612893/45_Edit_TeamDescription/Page_Thanh set Channel name - hcmus-cdnc-te_a699a0/span_Team Settings' is clicked on

2020-06-05 17:09:41 - [TEST_STEP][PASSED] - click(findTestObject("Object Repository/1612893/45_Edit_TeamDescription/Page_Thanh set Channel name - hcmus-cdnc-te_a699a0/span_Edit")): Object: 'Object Repository/1612893/45_Edit_TeamDescription/Page_Thanh set Channel name - hcmus-cdnc-te_a699a0/span_Edit' is clicked on

2020-06-05 17:09:42 - [MESSAGE][PASSED] - Object: 'Object Repository/1612893/45_Edit_TeamDescription/Page_Thanh set Channel name - hcmus-cdnc-te_a699a0/span_Edit' is clicked on

2020-06-05 17:09:42 - [TEST_STEP][PASSED] - setText(findTestObject("Object Repository/1612893/45_Edit_TeamDescription/Page_Thanh set Channel name - hcmus-cdnc-te_a699a0/input_Team Description_teamDescription"), description): Text 'Nhóm Phát triển' is set on object 'Object Repository/1612893/45_Edit_TeamDescription/Page_Thanh set Channel name - hcmus-cdnc-te_a699a0/input_Team Description_teamDescription'

2020-06-05 17:09:44 - [MESSAGE][PASSED] - Text 'Nhóm Phát triển' is set on object 'Object Repository/1612893/45_Edit_TeamDescription/Page_Thanh set Channel name - hcmus-cdnc-te_a699a0/input_Team Description_teamDescription'

2020-06-05 17:09:44 - [TEST_STEP][PASSED] - click(findTestObject("Object Repository/1612893/45_Edit_TeamDescription/Page_Thanh set Channel name - hcmus-cdnc-te_a699a0/span_Save")): Object: 'Object Repository/1612893/45_Edit_TeamDescription/Page_Thanh set Channel name - hcmus-cdnc-te_a699a0/span_Save' is clicked on

2020-06-05 17:09:44 - [MESSAGE][PASSED] - Object: 'Object Repository/1612893/45_Edit_TeamDescription/Page_Thanh set Channel name - hcmus-cdnc-te_a699a0/span_Save' is clicked on

2020-06-05 17:09:44 - [TEST_STEP][PASSED] - click(findTestObject("Object Repository/1612893/45_Edit_TeamDescription/Page_Thanh set Channel name - hcmus-cdnc-te_a699a0/span_")): Object: 'Object Repository/1612893/45_Edit_TeamDescription/Page_Thanh set Channel name - hcmus-cdnc-te_a699a0/span_' is clicked on

2020-06-05 17:09:45 - [MESSAGE][PASSED] - Object: 'Object Repository/1612893/45_Edit_TeamDescription/Page_Thanh set Channel name - hcmus-cdnc-te_a699a0/span_' is clicked on

2020-06-05 17:09:45 - [TEST_STEP][PASSED] - closeBrowser(): Browser is closed

2020-06-05 17:09:46 - [MESSAGE][PASSED] - Browser is closed]]></system-out>
         <system-err><![CDATA[]]></system-err>
      </testcase>
      <testcase name="Test Cases/1612893/TC_45_Edit_TeamDescription" time="38.909" classname="Test Cases/1612893/TC_45_Edit_TeamDescription" status="PASSED">
         <system-out><![CDATA[2020-06-05 17:09:46 - [TEST_CASE][PASSED] - Test Cases/1612893/TC_45_Edit_TeamDescription: Test Cases/1612893/TC_45_Edit_TeamDescription

2020-06-05 17:09:46 - [TEST_STEP][PASSED] - openBrowser(""): Browser is opened with url: ''

2020-06-05 17:09:46 - [MESSAGE][INFO] - Starting 'Chrome' driver

2020-06-05 17:09:46 - [MESSAGE][INFO] - Action delay is set to 0 milliseconds

2020-06-05 17:09:59 - [MESSAGE][PASSED] - Browser is opened with url: ''

2020-06-05 17:09:59 - [TEST_STEP][PASSED] - navigateToUrl("http://localhost:8065/hcmus-cdnc-team/channels/town-square"): Navigate to 'http://localhost:8065/hcmus-cdnc-team/channels/town-square' successfully

2020-06-05 17:10:01 - [MESSAGE][PASSED] - Navigate to 'http://localhost:8065/hcmus-cdnc-team/channels/town-square' successfully

2020-06-05 17:10:01 - [TEST_STEP][PASSED] - setText(findTestObject("Object Repository/1612893/45_Edit_TeamDescription/Page_Mattermost/input_All team communication in one place s_703ef5"), "hcmus-cdnc@gmail.com"): Text 'hcmus-cdnc@gmail.com' is set on object 'Object Repository/1612893/45_Edit_TeamDescription/Page_Mattermost/input_All team communication in one place s_703ef5'

2020-06-05 17:10:05 - [MESSAGE][PASSED] - Text 'hcmus-cdnc@gmail.com' is set on object 'Object Repository/1612893/45_Edit_TeamDescription/Page_Mattermost/input_All team communication in one place s_703ef5'

2020-06-05 17:10:05 - [TEST_STEP][PASSED] - setEncryptedText(findTestObject("Object Repository/1612893/45_Edit_TeamDescription/Page_Mattermost/input_Please enter your password_password"), "aeHFOx8jV/A="): Text ****** has been set on object 'Object Repository/1612893/45_Edit_TeamDescription/Page_Mattermost/input_Please enter your password_password'

2020-06-05 17:10:06 - [MESSAGE][PASSED] - Text ****** has been set on object 'Object Repository/1612893/45_Edit_TeamDescription/Page_Mattermost/input_Please enter your password_password'

2020-06-05 17:10:06 - [TEST_STEP][PASSED] - sendKeys(findTestObject("Object Repository/1612893/45_Edit_TeamDescription/Page_Mattermost/input_Please enter your password_password"), Keys.chord(ENTER)): Keys 'ENTER + ' sent to object: 'Object Repository/1612893/45_Edit_TeamDescription/Page_Mattermost/input_Please enter your password_password'

2020-06-05 17:10:06 - [MESSAGE][PASSED] - Keys 'ENTER + ' sent to object: 'Object Repository/1612893/45_Edit_TeamDescription/Page_Mattermost/input_Please enter your password_password'

2020-06-05 17:10:06 - [TEST_STEP][PASSED] - click(findTestObject("Object Repository/1612893/45_Edit_TeamDescription/Page_Thanh set Channel name - hcmus-cdnc-te_a699a0/span")): Object: 'Object Repository/1612893/45_Edit_TeamDescription/Page_Thanh set Channel name - hcmus-cdnc-te_a699a0/span' is clicked on

2020-06-05 17:10:19 - [MESSAGE][PASSED] - Object: 'Object Repository/1612893/45_Edit_TeamDescription/Page_Thanh set Channel name - hcmus-cdnc-te_a699a0/span' is clicked on

2020-06-05 17:10:19 - [TEST_STEP][PASSED] - click(findTestObject("Object Repository/1612893/45_Edit_TeamDescription/Page_Thanh set Channel name - hcmus-cdnc-te_a699a0/span_Team Settings")): Object: 'Object Repository/1612893/45_Edit_TeamDescription/Page_Thanh set Channel name - hcmus-cdnc-te_a699a0/span_Team Settings' is clicked on

2020-06-05 17:10:20 - [MESSAGE][PASSED] - Object: 'Object Repository/1612893/45_Edit_TeamDescription/Page_Thanh set Channel name - hcmus-cdnc-te_a699a0/span_Team Settings' is clicked on

2020-06-05 17:10:20 - [TEST_STEP][PASSED] - click(findTestObject("Object Repository/1612893/45_Edit_TeamDescription/Page_Thanh set Channel name - hcmus-cdnc-te_a699a0/span_Edit")): Object: 'Object Repository/1612893/45_Edit_TeamDescription/Page_Thanh set Channel name - hcmus-cdnc-te_a699a0/span_Edit' is clicked on

2020-06-05 17:10:21 - [MESSAGE][PASSED] - Object: 'Object Repository/1612893/45_Edit_TeamDescription/Page_Thanh set Channel name - hcmus-cdnc-te_a699a0/span_Edit' is clicked on

2020-06-05 17:10:21 - [TEST_STEP][PASSED] - setText(findTestObject("Object Repository/1612893/45_Edit_TeamDescription/Page_Thanh set Channel name - hcmus-cdnc-te_a699a0/input_Team Description_teamDescription"), description): Text 'Nhóm quảng bá sản phẩm' is set on object 'Object Repository/1612893/45_Edit_TeamDescription/Page_Thanh set Channel name - hcmus-cdnc-te_a699a0/input_Team Description_teamDescription'

2020-06-05 17:10:23 - [MESSAGE][PASSED] - Text 'Nhóm quảng bá sản phẩm' is set on object 'Object Repository/1612893/45_Edit_TeamDescription/Page_Thanh set Channel name - hcmus-cdnc-te_a699a0/input_Team Description_teamDescription'

2020-06-05 17:10:23 - [TEST_STEP][PASSED] - click(findTestObject("Object Repository/1612893/45_Edit_TeamDescription/Page_Thanh set Channel name - hcmus-cdnc-te_a699a0/span_Save")): Object: 'Object Repository/1612893/45_Edit_TeamDescription/Page_Thanh set Channel name - hcmus-cdnc-te_a699a0/span_Save' is clicked on

2020-06-05 17:10:23 - [MESSAGE][PASSED] - Object: 'Object Repository/1612893/45_Edit_TeamDescription/Page_Thanh set Channel name - hcmus-cdnc-te_a699a0/span_Save' is clicked on

2020-06-05 17:10:23 - [TEST_STEP][PASSED] - click(findTestObject("Object Repository/1612893/45_Edit_TeamDescription/Page_Thanh set Channel name - hcmus-cdnc-te_a699a0/span_")): Object: 'Object Repository/1612893/45_Edit_TeamDescription/Page_Thanh set Channel name - hcmus-cdnc-te_a699a0/span_' is clicked on

2020-06-05 17:10:24 - [MESSAGE][PASSED] - Object: 'Object Repository/1612893/45_Edit_TeamDescription/Page_Thanh set Channel name - hcmus-cdnc-te_a699a0/span_' is clicked on

2020-06-05 17:10:24 - [TEST_STEP][PASSED] - closeBrowser(): Browser is closed

2020-06-05 17:10:25 - [MESSAGE][PASSED] - Browser is closed]]></system-out>
         <system-err><![CDATA[]]></system-err>
      </testcase>
      <testcase name="Test Cases/1612893/TC_45_Edit_TeamDescription" time="29.153" classname="Test Cases/1612893/TC_45_Edit_TeamDescription" status="PASSED">
         <system-out><![CDATA[2020-06-05 17:10:25 - [TEST_CASE][PASSED] - Test Cases/1612893/TC_45_Edit_TeamDescription: Test Cases/1612893/TC_45_Edit_TeamDescription

2020-06-05 17:10:25 - [TEST_STEP][PASSED] - openBrowser(""): Browser is opened with url: ''

2020-06-05 17:10:25 - [MESSAGE][INFO] - Starting 'Chrome' driver

2020-06-05 17:10:25 - [MESSAGE][INFO] - Action delay is set to 0 milliseconds

2020-06-05 17:10:38 - [MESSAGE][PASSED] - Browser is opened with url: ''

2020-06-05 17:10:38 - [TEST_STEP][PASSED] - navigateToUrl("http://localhost:8065/hcmus-cdnc-team/channels/town-square"): Navigate to 'http://localhost:8065/hcmus-cdnc-team/channels/town-square' successfully

2020-06-05 17:10:40 - [MESSAGE][PASSED] - Navigate to 'http://localhost:8065/hcmus-cdnc-team/channels/town-square' successfully

2020-06-05 17:10:40 - [TEST_STEP][PASSED] - setText(findTestObject("Object Repository/1612893/45_Edit_TeamDescription/Page_Mattermost/input_All team communication in one place s_703ef5"), "hcmus-cdnc@gmail.com"): Text 'hcmus-cdnc@gmail.com' is set on object 'Object Repository/1612893/45_Edit_TeamDescription/Page_Mattermost/input_All team communication in one place s_703ef5'

2020-06-05 17:10:43 - [MESSAGE][PASSED] - Text 'hcmus-cdnc@gmail.com' is set on object 'Object Repository/1612893/45_Edit_TeamDescription/Page_Mattermost/input_All team communication in one place s_703ef5'

2020-06-05 17:10:43 - [TEST_STEP][PASSED] - setEncryptedText(findTestObject("Object Repository/1612893/45_Edit_TeamDescription/Page_Mattermost/input_Please enter your password_password"), "aeHFOx8jV/A="): Text ****** has been set on object 'Object Repository/1612893/45_Edit_TeamDescription/Page_Mattermost/input_Please enter your password_password'

2020-06-05 17:10:44 - [MESSAGE][PASSED] - Text ****** has been set on object 'Object Repository/1612893/45_Edit_TeamDescription/Page_Mattermost/input_Please enter your password_password'

2020-06-05 17:10:44 - [TEST_STEP][PASSED] - sendKeys(findTestObject("Object Repository/1612893/45_Edit_TeamDescription/Page_Mattermost/input_Please enter your password_password"), Keys.chord(ENTER)): Keys 'ENTER + ' sent to object: 'Object Repository/1612893/45_Edit_TeamDescription/Page_Mattermost/input_Please enter your password_password'

2020-06-05 17:10:44 - [MESSAGE][PASSED] - Keys 'ENTER + ' sent to object: 'Object Repository/1612893/45_Edit_TeamDescription/Page_Mattermost/input_Please enter your password_password'

2020-06-05 17:10:44 - [TEST_STEP][PASSED] - click(findTestObject("Object Repository/1612893/45_Edit_TeamDescription/Page_Thanh set Channel name - hcmus-cdnc-te_a699a0/span")): Object: 'Object Repository/1612893/45_Edit_TeamDescription/Page_Thanh set Channel name - hcmus-cdnc-te_a699a0/span' is clicked on

2020-06-05 17:10:48 - [MESSAGE][PASSED] - Object: 'Object Repository/1612893/45_Edit_TeamDescription/Page_Thanh set Channel name - hcmus-cdnc-te_a699a0/span' is clicked on

2020-06-05 17:10:48 - [TEST_STEP][PASSED] - click(findTestObject("Object Repository/1612893/45_Edit_TeamDescription/Page_Thanh set Channel name - hcmus-cdnc-te_a699a0/span_Team Settings")): Object: 'Object Repository/1612893/45_Edit_TeamDescription/Page_Thanh set Channel name - hcmus-cdnc-te_a699a0/span_Team Settings' is clicked on

2020-06-05 17:10:49 - [MESSAGE][PASSED] - Object: 'Object Repository/1612893/45_Edit_TeamDescription/Page_Thanh set Channel name - hcmus-cdnc-te_a699a0/span_Team Settings' is clicked on

2020-06-05 17:10:49 - [TEST_STEP][PASSED] - click(findTestObject("Object Repository/1612893/45_Edit_TeamDescription/Page_Thanh set Channel name - hcmus-cdnc-te_a699a0/span_Edit")): Object: 'Object Repository/1612893/45_Edit_TeamDescription/Page_Thanh set Channel name - hcmus-cdnc-te_a699a0/span_Edit' is clicked on

2020-06-05 17:10:50 - [MESSAGE][PASSED] - Object: 'Object Repository/1612893/45_Edit_TeamDescription/Page_Thanh set Channel name - hcmus-cdnc-te_a699a0/span_Edit' is clicked on

2020-06-05 17:10:50 - [TEST_STEP][PASSED] - setText(findTestObject("Object Repository/1612893/45_Edit_TeamDescription/Page_Thanh set Channel name - hcmus-cdnc-te_a699a0/input_Team Description_teamDescription"), description): Text 'Nhóm thu thập yêu cầu' is set on object 'Object Repository/1612893/45_Edit_TeamDescription/Page_Thanh set Channel name - hcmus-cdnc-te_a699a0/input_Team Description_teamDescription'

2020-06-05 17:10:52 - [MESSAGE][PASSED] - Text 'Nhóm thu thập yêu cầu' is set on object 'Object Repository/1612893/45_Edit_TeamDescription/Page_Thanh set Channel name - hcmus-cdnc-te_a699a0/input_Team Description_teamDescription'

2020-06-05 17:10:52 - [TEST_STEP][PASSED] - click(findTestObject("Object Repository/1612893/45_Edit_TeamDescription/Page_Thanh set Channel name - hcmus-cdnc-te_a699a0/span_Save")): Object: 'Object Repository/1612893/45_Edit_TeamDescription/Page_Thanh set Channel name - hcmus-cdnc-te_a699a0/span_Save' is clicked on

2020-06-05 17:10:52 - [MESSAGE][PASSED] - Object: 'Object Repository/1612893/45_Edit_TeamDescription/Page_Thanh set Channel name - hcmus-cdnc-te_a699a0/span_Save' is clicked on

2020-06-05 17:10:52 - [TEST_STEP][PASSED] - click(findTestObject("Object Repository/1612893/45_Edit_TeamDescription/Page_Thanh set Channel name - hcmus-cdnc-te_a699a0/span_")): Object: 'Object Repository/1612893/45_Edit_TeamDescription/Page_Thanh set Channel name - hcmus-cdnc-te_a699a0/span_' is clicked on

2020-06-05 17:10:53 - [MESSAGE][PASSED] - Object: 'Object Repository/1612893/45_Edit_TeamDescription/Page_Thanh set Channel name - hcmus-cdnc-te_a699a0/span_' is clicked on

2020-06-05 17:10:53 - [TEST_STEP][PASSED] - closeBrowser(): Browser is closed

2020-06-05 17:10:54 - [MESSAGE][PASSED] - Browser is closed]]></system-out>
         <system-err><![CDATA[]]></system-err>
      </testcase>
      <testcase name="Test Cases/1612893/TC_45_Edit_TeamDescription" time="28.071" classname="Test Cases/1612893/TC_45_Edit_TeamDescription" status="PASSED">
         <system-out><![CDATA[2020-06-05 17:10:54 - [TEST_CASE][PASSED] - Test Cases/1612893/TC_45_Edit_TeamDescription: Test Cases/1612893/TC_45_Edit_TeamDescription

2020-06-05 17:10:54 - [TEST_STEP][PASSED] - openBrowser(""): Browser is opened with url: ''

2020-06-05 17:10:54 - [MESSAGE][INFO] - Starting 'Chrome' driver

2020-06-05 17:10:54 - [MESSAGE][INFO] - Action delay is set to 0 milliseconds

2020-06-05 17:10:58 - [MESSAGE][PASSED] - Browser is opened with url: ''

2020-06-05 17:10:58 - [TEST_STEP][PASSED] - navigateToUrl("http://localhost:8065/hcmus-cdnc-team/channels/town-square"): Navigate to 'http://localhost:8065/hcmus-cdnc-team/channels/town-square' successfully

2020-06-05 17:11:05 - [MESSAGE][PASSED] - Navigate to 'http://localhost:8065/hcmus-cdnc-team/channels/town-square' successfully

2020-06-05 17:11:05 - [TEST_STEP][PASSED] - setText(findTestObject("Object Repository/1612893/45_Edit_TeamDescription/Page_Mattermost/input_All team communication in one place s_703ef5"), "hcmus-cdnc@gmail.com"): Text 'hcmus-cdnc@gmail.com' is set on object 'Object Repository/1612893/45_Edit_TeamDescription/Page_Mattermost/input_All team communication in one place s_703ef5'

2020-06-05 17:11:10 - [MESSAGE][PASSED] - Text 'hcmus-cdnc@gmail.com' is set on object 'Object Repository/1612893/45_Edit_TeamDescription/Page_Mattermost/input_All team communication in one place s_703ef5'

2020-06-05 17:11:10 - [TEST_STEP][PASSED] - setEncryptedText(findTestObject("Object Repository/1612893/45_Edit_TeamDescription/Page_Mattermost/input_Please enter your password_password"), "aeHFOx8jV/A="): Text ****** has been set on object 'Object Repository/1612893/45_Edit_TeamDescription/Page_Mattermost/input_Please enter your password_password'

2020-06-05 17:11:11 - [MESSAGE][PASSED] - Text ****** has been set on object 'Object Repository/1612893/45_Edit_TeamDescription/Page_Mattermost/input_Please enter your password_password'

2020-06-05 17:11:11 - [TEST_STEP][PASSED] - sendKeys(findTestObject("Object Repository/1612893/45_Edit_TeamDescription/Page_Mattermost/input_Please enter your password_password"), Keys.chord(ENTER)): Keys 'ENTER + ' sent to object: 'Object Repository/1612893/45_Edit_TeamDescription/Page_Mattermost/input_Please enter your password_password'

2020-06-05 17:11:11 - [MESSAGE][PASSED] - Keys 'ENTER + ' sent to object: 'Object Repository/1612893/45_Edit_TeamDescription/Page_Mattermost/input_Please enter your password_password'

2020-06-05 17:11:11 - [TEST_STEP][PASSED] - click(findTestObject("Object Repository/1612893/45_Edit_TeamDescription/Page_Thanh set Channel name - hcmus-cdnc-te_a699a0/span")): Object: 'Object Repository/1612893/45_Edit_TeamDescription/Page_Thanh set Channel name - hcmus-cdnc-te_a699a0/span' is clicked on

2020-06-05 17:11:16 - [MESSAGE][PASSED] - Object: 'Object Repository/1612893/45_Edit_TeamDescription/Page_Thanh set Channel name - hcmus-cdnc-te_a699a0/span' is clicked on

2020-06-05 17:11:16 - [TEST_STEP][PASSED] - click(findTestObject("Object Repository/1612893/45_Edit_TeamDescription/Page_Thanh set Channel name - hcmus-cdnc-te_a699a0/span_Team Settings")): Object: 'Object Repository/1612893/45_Edit_TeamDescription/Page_Thanh set Channel name - hcmus-cdnc-te_a699a0/span_Team Settings' is clicked on

2020-06-05 17:11:17 - [MESSAGE][PASSED] - Object: 'Object Repository/1612893/45_Edit_TeamDescription/Page_Thanh set Channel name - hcmus-cdnc-te_a699a0/span_Team Settings' is clicked on

2020-06-05 17:11:17 - [TEST_STEP][PASSED] - click(findTestObject("Object Repository/1612893/45_Edit_TeamDescription/Page_Thanh set Channel name - hcmus-cdnc-te_a699a0/span_Edit")): Object: 'Object Repository/1612893/45_Edit_TeamDescription/Page_Thanh set Channel name - hcmus-cdnc-te_a699a0/span_Edit' is clicked on

2020-06-05 17:11:18 - [MESSAGE][PASSED] - Object: 'Object Repository/1612893/45_Edit_TeamDescription/Page_Thanh set Channel name - hcmus-cdnc-te_a699a0/span_Edit' is clicked on

2020-06-05 17:11:18 - [TEST_STEP][PASSED] - setText(findTestObject("Object Repository/1612893/45_Edit_TeamDescription/Page_Thanh set Channel name - hcmus-cdnc-te_a699a0/input_Team Description_teamDescription"), description): Text 'Nhóm đảm bảo chất lượng' is set on object 'Object Repository/1612893/45_Edit_TeamDescription/Page_Thanh set Channel name - hcmus-cdnc-te_a699a0/input_Team Description_teamDescription'

2020-06-05 17:11:20 - [MESSAGE][PASSED] - Text 'Nhóm đảm bảo chất lượng' is set on object 'Object Repository/1612893/45_Edit_TeamDescription/Page_Thanh set Channel name - hcmus-cdnc-te_a699a0/input_Team Description_teamDescription'

2020-06-05 17:11:20 - [TEST_STEP][PASSED] - click(findTestObject("Object Repository/1612893/45_Edit_TeamDescription/Page_Thanh set Channel name - hcmus-cdnc-te_a699a0/span_Save")): Object: 'Object Repository/1612893/45_Edit_TeamDescription/Page_Thanh set Channel name - hcmus-cdnc-te_a699a0/span_Save' is clicked on

2020-06-05 17:11:20 - [MESSAGE][PASSED] - Object: 'Object Repository/1612893/45_Edit_TeamDescription/Page_Thanh set Channel name - hcmus-cdnc-te_a699a0/span_Save' is clicked on

2020-06-05 17:11:20 - [TEST_STEP][PASSED] - click(findTestObject("Object Repository/1612893/45_Edit_TeamDescription/Page_Thanh set Channel name - hcmus-cdnc-te_a699a0/span_")): Object: 'Object Repository/1612893/45_Edit_TeamDescription/Page_Thanh set Channel name - hcmus-cdnc-te_a699a0/span_' is clicked on

2020-06-05 17:11:21 - [MESSAGE][PASSED] - Object: 'Object Repository/1612893/45_Edit_TeamDescription/Page_Thanh set Channel name - hcmus-cdnc-te_a699a0/span_' is clicked on

2020-06-05 17:11:21 - [TEST_STEP][PASSED] - closeBrowser(): Browser is closed

2020-06-05 17:11:22 - [MESSAGE][PASSED] - Browser is closed]]></system-out>
         <system-err><![CDATA[]]></system-err>
      </testcase>
      <testcase name="Test Cases/1612893/TC_46_ViewMember" time="70.159" classname="Test Cases/1612893/TC_46_ViewMember" status="PASSED">
         <system-out><![CDATA[2020-06-05 17:11:22 - [TEST_CASE][PASSED] - Test Cases/1612893/TC_46_ViewMember: Test Cases/1612893/TC_46_ViewMember

2020-06-05 17:11:23 - [TEST_STEP][PASSED] - callTestCase(findTestCase("1612893/TC_Login"), ["username":"hcmus-cdnc@gmail.com", "password":"aeHFOx8jV/A="], STOP_ON_FAILURE): Call Test Case 'Test Cases/1612893/TC_Login' successfully

2020-06-05 17:11:23 - [TEST_CASE][PASSED] - Test Cases/1612893/TC_Login: Test Cases/1612893/TC_Login

2020-06-05 17:11:23 - [TEST_STEP][PASSED] - openBrowser(""): Browser is opened with url: ''

2020-06-05 17:11:23 - [MESSAGE][INFO] - Starting 'Chrome' driver

2020-06-05 17:11:23 - [MESSAGE][INFO] - Action delay is set to 0 milliseconds

2020-06-05 17:11:27 - [MESSAGE][PASSED] - Browser is opened with url: ''

2020-06-05 17:11:27 - [TEST_STEP][PASSED] - navigateToUrl("http://localhost:8065/login"): Navigate to 'http://localhost:8065/login' successfully

2020-06-05 17:11:38 - [MESSAGE][PASSED] - Navigate to 'http://localhost:8065/login' successfully

2020-06-05 17:11:38 - [TEST_STEP][PASSED] - setText(findTestObject("Object Repository/1612427/01_Login/Page_Mattermost/input_All team communication in one place s_703ef5"), "hcmus-cdnc@gmail.com"): Text 'hcmus-cdnc@gmail.com' is set on object 'Object Repository/1612427/01_Login/Page_Mattermost/input_All team communication in one place s_703ef5'

2020-06-05 17:11:42 - [MESSAGE][PASSED] - Text 'hcmus-cdnc@gmail.com' is set on object 'Object Repository/1612427/01_Login/Page_Mattermost/input_All team communication in one place s_703ef5'

2020-06-05 17:11:42 - [TEST_STEP][PASSED] - setEncryptedText(findTestObject("Object Repository/1612427/01_Login/Page_Mattermost/input_All team communication in one place s_2f2733"), "aeHFOx8jV/A="): Text ****** has been set on object 'Object Repository/1612427/01_Login/Page_Mattermost/input_All team communication in one place s_2f2733'

2020-06-05 17:11:44 - [MESSAGE][PASSED] - Text ****** has been set on object 'Object Repository/1612427/01_Login/Page_Mattermost/input_All team communication in one place s_2f2733'

2020-06-05 17:11:44 - [TEST_STEP][PASSED] - click(findTestObject("Object Repository/1612427/01_Login/Page_Mattermost/span_Sign in")): Object: 'Object Repository/1612427/01_Login/Page_Mattermost/span_Sign in' is clicked on

2020-06-05 17:11:45 - [MESSAGE][PASSED] - Object: 'Object Repository/1612427/01_Login/Page_Mattermost/span_Sign in' is clicked on

2020-06-05 17:11:46 - [MESSAGE][PASSED] - Call Test Case 'Test Cases/1612893/TC_Login' successfully

2020-06-05 17:11:46 - [TEST_STEP][PASSED] - callTestCase(findTestCase("1612893/TC_ViewMember"), [:], STOP_ON_FAILURE): Call Test Case 'Test Cases/1612893/TC_ViewMember' successfully

2020-06-05 17:11:46 - [TEST_CASE][PASSED] - Test Cases/1612893/TC_ViewMember: Test Cases/1612893/TC_ViewMember

2020-06-05 17:11:57 - [TEST_STEP][PASSED] - click(findTestObject("Object Repository/1612893/ViewMember/Page_Thanh set Channel name - hcmus-cdnc-te_a699a0/span_Thanh set Channel name_channelHeaderDr_8caf36")): Object: 'Object Repository/1612893/ViewMember/Page_Thanh set Channel name - hcmus-cdnc-te_a699a0/span_Thanh set Channel name_channelHeaderDr_8caf36' is clicked on

2020-06-05 17:12:05 - [MESSAGE][PASSED] - Object: 'Object Repository/1612893/ViewMember/Page_Thanh set Channel name - hcmus-cdnc-te_a699a0/span_Thanh set Channel name_channelHeaderDr_8caf36' is clicked on

2020-06-05 17:12:05 - [TEST_STEP][PASSED] - click(findTestObject("Object Repository/1612893/ViewMember/Page_Thanh set Channel name - hcmus-cdnc-te_a699a0/span_View Members")): Object: 'Object Repository/1612893/ViewMember/Page_Thanh set Channel name - hcmus-cdnc-te_a699a0/span_View Members' is clicked on

2020-06-05 17:12:07 - [MESSAGE][PASSED] - Object: 'Object Repository/1612893/ViewMember/Page_Thanh set Channel name - hcmus-cdnc-te_a699a0/span_View Members' is clicked on

2020-06-05 17:12:07 - [TEST_STEP][PASSED] - click(findTestObject("Object Repository/1612893/ViewMember/Page_Thanh set Channel name - hcmus-cdnc-te_a699a0/span_")): Object: 'Object Repository/1612893/ViewMember/Page_Thanh set Channel name - hcmus-cdnc-te_a699a0/span_' is clicked on

2020-06-05 17:12:09 - [MESSAGE][PASSED] - Object: 'Object Repository/1612893/ViewMember/Page_Thanh set Channel name - hcmus-cdnc-te_a699a0/span_' is clicked on

2020-06-05 17:12:09 - [TEST_STEP][PASSED] - closeBrowser(): Browser is closed

2020-06-05 17:12:32 - [MESSAGE][PASSED] - Browser is closed

2020-06-05 17:12:32 - [MESSAGE][PASSED] - Call Test Case 'Test Cases/1612893/TC_ViewMember' successfully]]></system-out>
         <system-err><![CDATA[]]></system-err>
      </testcase>
      <testcase name="Test Cases/1612893/TC_47_FlaggedPost" time="110.476" classname="Test Cases/1612893/TC_47_FlaggedPost" status="PASSED">
         <system-out><![CDATA[2020-06-05 17:12:32 - [TEST_CASE][PASSED] - Test Cases/1612893/TC_47_FlaggedPost: Test Cases/1612893/TC_47_FlaggedPost

2020-06-05 17:12:33 - [TEST_STEP][PASSED] - callTestCase(findTestCase("1612893/TC_Login"), ["username":"hcmus-cdnc@gmail.com", "password":"aeHFOx8jV/A="], STOP_ON_FAILURE): Call Test Case 'Test Cases/1612893/TC_Login' successfully

2020-06-05 17:12:33 - [TEST_CASE][PASSED] - Test Cases/1612893/TC_Login: Test Cases/1612893/TC_Login

2020-06-05 17:12:33 - [TEST_STEP][PASSED] - openBrowser(""): Browser is opened with url: ''

2020-06-05 17:12:33 - [MESSAGE][INFO] - Starting 'Chrome' driver

2020-06-05 17:12:33 - [MESSAGE][INFO] - Action delay is set to 0 milliseconds

2020-06-05 17:12:46 - [MESSAGE][PASSED] - Browser is opened with url: ''

2020-06-05 17:12:46 - [TEST_STEP][PASSED] - navigateToUrl("http://localhost:8065/login"): Navigate to 'http://localhost:8065/login' successfully

2020-06-05 17:13:11 - [MESSAGE][PASSED] - Navigate to 'http://localhost:8065/login' successfully

2020-06-05 17:13:11 - [TEST_STEP][PASSED] - setText(findTestObject("Object Repository/1612427/01_Login/Page_Mattermost/input_All team communication in one place s_703ef5"), "hcmus-cdnc@gmail.com"): Text 'hcmus-cdnc@gmail.com' is set on object 'Object Repository/1612427/01_Login/Page_Mattermost/input_All team communication in one place s_703ef5'

2020-06-05 17:13:26 - [MESSAGE][PASSED] - Text 'hcmus-cdnc@gmail.com' is set on object 'Object Repository/1612427/01_Login/Page_Mattermost/input_All team communication in one place s_703ef5'

2020-06-05 17:13:26 - [TEST_STEP][PASSED] - setEncryptedText(findTestObject("Object Repository/1612427/01_Login/Page_Mattermost/input_All team communication in one place s_2f2733"), "aeHFOx8jV/A="): Text ****** has been set on object 'Object Repository/1612427/01_Login/Page_Mattermost/input_All team communication in one place s_2f2733'

2020-06-05 17:13:27 - [MESSAGE][PASSED] - Text ****** has been set on object 'Object Repository/1612427/01_Login/Page_Mattermost/input_All team communication in one place s_2f2733'

2020-06-05 17:13:27 - [TEST_STEP][PASSED] - click(findTestObject("Object Repository/1612427/01_Login/Page_Mattermost/span_Sign in")): Object: 'Object Repository/1612427/01_Login/Page_Mattermost/span_Sign in' is clicked on

2020-06-05 17:13:30 - [MESSAGE][PASSED] - Object: 'Object Repository/1612427/01_Login/Page_Mattermost/span_Sign in' is clicked on

2020-06-05 17:13:30 - [MESSAGE][PASSED] - Call Test Case 'Test Cases/1612893/TC_Login' successfully

2020-06-05 17:13:30 - [TEST_STEP][PASSED] - callTestCase(findTestCase("1612893/TC_Flagged_Post"), [:], STOP_ON_FAILURE): Call Test Case 'Test Cases/1612893/TC_Flagged_Post' successfully

2020-06-05 17:13:31 - [TEST_CASE][PASSED] - Test Cases/1612893/TC_Flagged_Post: Test Cases/1612893/TC_Flagged_Post

2020-06-05 17:13:35 - [TEST_STEP][PASSED] - click(findTestObject("Object Repository/1612893/Flagged_Post/Page_Thanh set Channel name - hcmus-cdnc-te_a699a0/button_dash_channelHeaderFlagButton")): Object: 'Object Repository/1612893/Flagged_Post/Page_Thanh set Channel name - hcmus-cdnc-te_a699a0/button_dash_channelHeaderFlagButton' is clicked on

2020-06-05 17:13:55 - [MESSAGE][PASSED] - Object: 'Object Repository/1612893/Flagged_Post/Page_Thanh set Channel name - hcmus-cdnc-te_a699a0/button_dash_channelHeaderFlagButton' is clicked on

2020-06-05 17:13:55 - [TEST_STEP][PASSED] - closeBrowser(): Browser is closed

2020-06-05 17:14:23 - [MESSAGE][PASSED] - Browser is closed

2020-06-05 17:14:23 - [MESSAGE][PASSED] - Call Test Case 'Test Cases/1612893/TC_Flagged_Post' successfully]]></system-out>
         <system-err><![CDATA[]]></system-err>
      </testcase>
      <testcase name="Test Cases/1612893/TC_48_ViewInfo" time="35.311" classname="Test Cases/1612893/TC_48_ViewInfo" status="PASSED">
         <system-out><![CDATA[2020-06-05 17:14:23 - [TEST_CASE][PASSED] - Test Cases/1612893/TC_48_ViewInfo: Test Cases/1612893/TC_48_ViewInfo

2020-06-05 17:14:24 - [TEST_STEP][PASSED] - callTestCase(findTestCase("1612893/TC_Login"), ["username":"hcmus-cdnc@gmail.com", "password":"aeHFOx8jV/A="], STOP_ON_FAILURE): Call Test Case 'Test Cases/1612893/TC_Login' successfully

2020-06-05 17:14:24 - [TEST_CASE][PASSED] - Test Cases/1612893/TC_Login: Test Cases/1612893/TC_Login

2020-06-05 17:14:24 - [TEST_STEP][PASSED] - openBrowser(""): Browser is opened with url: ''

2020-06-05 17:14:24 - [MESSAGE][INFO] - Starting 'Chrome' driver

2020-06-05 17:14:26 - [MESSAGE][INFO] - Action delay is set to 0 milliseconds

2020-06-05 17:14:33 - [MESSAGE][PASSED] - Browser is opened with url: ''

2020-06-05 17:14:33 - [TEST_STEP][PASSED] - navigateToUrl("http://localhost:8065/login"): Navigate to 'http://localhost:8065/login' successfully

2020-06-05 17:14:38 - [MESSAGE][PASSED] - Navigate to 'http://localhost:8065/login' successfully

2020-06-05 17:14:38 - [TEST_STEP][PASSED] - setText(findTestObject("Object Repository/1612427/01_Login/Page_Mattermost/input_All team communication in one place s_703ef5"), "hcmus-cdnc@gmail.com"): Text 'hcmus-cdnc@gmail.com' is set on object 'Object Repository/1612427/01_Login/Page_Mattermost/input_All team communication in one place s_703ef5'

2020-06-05 17:14:41 - [MESSAGE][PASSED] - Text 'hcmus-cdnc@gmail.com' is set on object 'Object Repository/1612427/01_Login/Page_Mattermost/input_All team communication in one place s_703ef5'

2020-06-05 17:14:41 - [TEST_STEP][PASSED] - setEncryptedText(findTestObject("Object Repository/1612427/01_Login/Page_Mattermost/input_All team communication in one place s_2f2733"), "aeHFOx8jV/A="): Text ****** has been set on object 'Object Repository/1612427/01_Login/Page_Mattermost/input_All team communication in one place s_2f2733'

2020-06-05 17:14:43 - [MESSAGE][PASSED] - Text ****** has been set on object 'Object Repository/1612427/01_Login/Page_Mattermost/input_All team communication in one place s_2f2733'

2020-06-05 17:14:43 - [TEST_STEP][PASSED] - click(findTestObject("Object Repository/1612427/01_Login/Page_Mattermost/span_Sign in")): Object: 'Object Repository/1612427/01_Login/Page_Mattermost/span_Sign in' is clicked on

2020-06-05 17:14:44 - [MESSAGE][PASSED] - Object: 'Object Repository/1612427/01_Login/Page_Mattermost/span_Sign in' is clicked on

2020-06-05 17:14:44 - [MESSAGE][PASSED] - Call Test Case 'Test Cases/1612893/TC_Login' successfully

2020-06-05 17:14:44 - [TEST_STEP][PASSED] - callTestCase(findTestCase("1612893/TC_ViewInfo"), [:], STOP_ON_FAILURE): Call Test Case 'Test Cases/1612893/TC_ViewInfo' successfully

2020-06-05 17:14:44 - [TEST_CASE][PASSED] - Test Cases/1612893/TC_ViewInfo: Test Cases/1612893/TC_ViewInfo

2020-06-05 17:14:45 - [TEST_STEP][PASSED] - click(findTestObject("1612893/ViewInfo/Page_Thanh set Channel name - hcmus-cdnc-te_a699a0/span_Thanh set Channel name_channelHeaderDr_8caf36")): Object: 'Object Repository/1612893/ViewInfo/Page_Thanh set Channel name - hcmus-cdnc-te_a699a0/span_Thanh set Channel name_channelHeaderDr_8caf36' is clicked on

2020-06-05 17:14:52 - [MESSAGE][PASSED] - Object: 'Object Repository/1612893/ViewInfo/Page_Thanh set Channel name - hcmus-cdnc-te_a699a0/span_Thanh set Channel name_channelHeaderDr_8caf36' is clicked on

2020-06-05 17:14:52 - [TEST_STEP][PASSED] - click(findTestObject("1612893/ViewInfo/Page_Thanh set Channel name - hcmus-cdnc-te_a699a0/span_View Info")): Object: 'Object Repository/1612893/ViewInfo/Page_Thanh set Channel name - hcmus-cdnc-te_a699a0/span_View Info' is clicked on

2020-06-05 17:14:56 - [MESSAGE][PASSED] - Object: 'Object Repository/1612893/ViewInfo/Page_Thanh set Channel name - hcmus-cdnc-te_a699a0/span_View Info' is clicked on

2020-06-05 17:14:56 - [TEST_STEP][PASSED] - click(findTestObject("1612893/ViewInfo/Page_Thanh set Channel name - hcmus-cdnc-te_a699a0/span_")): Object: 'Object Repository/1612893/ViewInfo/Page_Thanh set Channel name - hcmus-cdnc-te_a699a0/span_' is clicked on

2020-06-05 17:14:57 - [MESSAGE][PASSED] - Object: 'Object Repository/1612893/ViewInfo/Page_Thanh set Channel name - hcmus-cdnc-te_a699a0/span_' is clicked on

2020-06-05 17:14:57 - [TEST_STEP][PASSED] - closeBrowser(): Browser is closed

2020-06-05 17:14:58 - [MESSAGE][PASSED] - Browser is closed

2020-06-05 17:14:58 - [MESSAGE][PASSED] - Call Test Case 'Test Cases/1612893/TC_ViewInfo' successfully]]></system-out>
         <system-err><![CDATA[]]></system-err>
      </testcase>
      <testcase name="Test Cases/1612893/TC_49_PinPost" time="20.076" classname="Test Cases/1612893/TC_49_PinPost" status="PASSED">
         <system-out><![CDATA[2020-06-05 17:14:58 - [TEST_CASE][PASSED] - Test Cases/1612893/TC_49_PinPost: Test Cases/1612893/TC_49_PinPost

2020-06-05 17:14:59 - [TEST_STEP][PASSED] - callTestCase(findTestCase("1612893/TC_Login"), ["username":"hcmus-cdnc@gmail.com", "password":"aeHFOx8jV/A="], STOP_ON_FAILURE): Call Test Case 'Test Cases/1612893/TC_Login' successfully

2020-06-05 17:14:59 - [TEST_CASE][PASSED] - Test Cases/1612893/TC_Login: Test Cases/1612893/TC_Login

2020-06-05 17:14:59 - [TEST_STEP][PASSED] - openBrowser(""): Browser is opened with url: ''

2020-06-05 17:14:59 - [MESSAGE][INFO] - Starting 'Chrome' driver

2020-06-05 17:14:59 - [MESSAGE][INFO] - Action delay is set to 0 milliseconds

2020-06-05 17:15:03 - [MESSAGE][PASSED] - Browser is opened with url: ''

2020-06-05 17:15:03 - [TEST_STEP][PASSED] - navigateToUrl("http://localhost:8065/login"): Navigate to 'http://localhost:8065/login' successfully

2020-06-05 17:15:05 - [MESSAGE][PASSED] - Navigate to 'http://localhost:8065/login' successfully

2020-06-05 17:15:05 - [TEST_STEP][PASSED] - setText(findTestObject("Object Repository/1612427/01_Login/Page_Mattermost/input_All team communication in one place s_703ef5"), "hcmus-cdnc@gmail.com"): Text 'hcmus-cdnc@gmail.com' is set on object 'Object Repository/1612427/01_Login/Page_Mattermost/input_All team communication in one place s_703ef5'

2020-06-05 17:15:07 - [MESSAGE][PASSED] - Text 'hcmus-cdnc@gmail.com' is set on object 'Object Repository/1612427/01_Login/Page_Mattermost/input_All team communication in one place s_703ef5'

2020-06-05 17:15:07 - [TEST_STEP][PASSED] - setEncryptedText(findTestObject("Object Repository/1612427/01_Login/Page_Mattermost/input_All team communication in one place s_2f2733"), "aeHFOx8jV/A="): Text ****** has been set on object 'Object Repository/1612427/01_Login/Page_Mattermost/input_All team communication in one place s_2f2733'

2020-06-05 17:15:08 - [MESSAGE][PASSED] - Text ****** has been set on object 'Object Repository/1612427/01_Login/Page_Mattermost/input_All team communication in one place s_2f2733'

2020-06-05 17:15:08 - [TEST_STEP][PASSED] - click(findTestObject("Object Repository/1612427/01_Login/Page_Mattermost/span_Sign in")): Object: 'Object Repository/1612427/01_Login/Page_Mattermost/span_Sign in' is clicked on

2020-06-05 17:15:08 - [MESSAGE][PASSED] - Object: 'Object Repository/1612427/01_Login/Page_Mattermost/span_Sign in' is clicked on

2020-06-05 17:15:08 - [MESSAGE][PASSED] - Call Test Case 'Test Cases/1612893/TC_Login' successfully

2020-06-05 17:15:08 - [TEST_STEP][PASSED] - callTestCase(findTestCase("1612893/TC_PinPost"), [:], STOP_ON_FAILURE): Call Test Case 'Test Cases/1612893/TC_PinPost' successfully

2020-06-05 17:15:09 - [TEST_CASE][PASSED] - Test Cases/1612893/TC_PinPost: Test Cases/1612893/TC_PinPost

2020-06-05 17:15:10 - [TEST_STEP][PASSED] - click(findTestObject("Object Repository/1612893/PinPost/Page_Thanh set Channel name - hcmus-cdnc-te_a699a0/button_Thanh set Channel name_channelHeader_632246")): Object: 'Object Repository/1612893/PinPost/Page_Thanh set Channel name - hcmus-cdnc-te_a699a0/button_Thanh set Channel name_channelHeader_632246' is clicked on

2020-06-05 17:15:16 - [MESSAGE][PASSED] - Object: 'Object Repository/1612893/PinPost/Page_Thanh set Channel name - hcmus-cdnc-te_a699a0/button_Thanh set Channel name_channelHeader_632246' is clicked on

2020-06-05 17:15:16 - [TEST_STEP][PASSED] - closeBrowser(): Browser is closed

2020-06-05 17:15:18 - [MESSAGE][PASSED] - Browser is closed

2020-06-05 17:15:18 - [MESSAGE][PASSED] - Call Test Case 'Test Cases/1612893/TC_PinPost' successfully]]></system-out>
         <system-err><![CDATA[]]></system-err>
      </testcase>
      <testcase name="Test Cases/1612893/TC_50_AddToFavorite" time="37.925" classname="Test Cases/1612893/TC_50_AddToFavorite" status="PASSED">
         <system-out><![CDATA[2020-06-05 17:15:18 - [TEST_CASE][PASSED] - Test Cases/1612893/TC_50_AddToFavorite: Test Cases/1612893/TC_50_AddToFavorite

2020-06-05 17:15:25 - [TEST_STEP][PASSED] - callTestCase(findTestCase("1612893/TC_Login"), ["username":"hcmus-cdnc@gmail.com", "password":"aeHFOx8jV/A="], STOP_ON_FAILURE): Call Test Case 'Test Cases/1612893/TC_Login' successfully

2020-06-05 17:15:25 - [TEST_CASE][PASSED] - Test Cases/1612893/TC_Login: Test Cases/1612893/TC_Login

2020-06-05 17:15:26 - [TEST_STEP][PASSED] - openBrowser(""): Browser is opened with url: ''

2020-06-05 17:15:26 - [MESSAGE][INFO] - Starting 'Chrome' driver

2020-06-05 17:15:26 - [MESSAGE][INFO] - Action delay is set to 0 milliseconds

2020-06-05 17:15:39 - [MESSAGE][PASSED] - Browser is opened with url: ''

2020-06-05 17:15:39 - [TEST_STEP][PASSED] - navigateToUrl("http://localhost:8065/login"): Navigate to 'http://localhost:8065/login' successfully

2020-06-05 17:15:42 - [MESSAGE][PASSED] - Navigate to 'http://localhost:8065/login' successfully

2020-06-05 17:15:42 - [TEST_STEP][PASSED] - setText(findTestObject("Object Repository/1612427/01_Login/Page_Mattermost/input_All team communication in one place s_703ef5"), "hcmus-cdnc@gmail.com"): Text 'hcmus-cdnc@gmail.com' is set on object 'Object Repository/1612427/01_Login/Page_Mattermost/input_All team communication in one place s_703ef5'

2020-06-05 17:15:45 - [MESSAGE][PASSED] - Text 'hcmus-cdnc@gmail.com' is set on object 'Object Repository/1612427/01_Login/Page_Mattermost/input_All team communication in one place s_703ef5'

2020-06-05 17:15:45 - [TEST_STEP][PASSED] - setEncryptedText(findTestObject("Object Repository/1612427/01_Login/Page_Mattermost/input_All team communication in one place s_2f2733"), "aeHFOx8jV/A="): Text ****** has been set on object 'Object Repository/1612427/01_Login/Page_Mattermost/input_All team communication in one place s_2f2733'

2020-06-05 17:15:46 - [MESSAGE][PASSED] - Text ****** has been set on object 'Object Repository/1612427/01_Login/Page_Mattermost/input_All team communication in one place s_2f2733'

2020-06-05 17:15:46 - [TEST_STEP][PASSED] - click(findTestObject("Object Repository/1612427/01_Login/Page_Mattermost/span_Sign in")): Object: 'Object Repository/1612427/01_Login/Page_Mattermost/span_Sign in' is clicked on

2020-06-05 17:15:48 - [MESSAGE][PASSED] - Object: 'Object Repository/1612427/01_Login/Page_Mattermost/span_Sign in' is clicked on

2020-06-05 17:15:48 - [MESSAGE][PASSED] - Call Test Case 'Test Cases/1612893/TC_Login' successfully

2020-06-05 17:15:48 - [TEST_STEP][PASSED] - callTestCase(findTestCase("1612893/TC_AddToFavorite"), [:], STOP_ON_FAILURE): Call Test Case 'Test Cases/1612893/TC_AddToFavorite' successfully

2020-06-05 17:15:48 - [TEST_CASE][PASSED] - Test Cases/1612893/TC_AddToFavorite: Test Cases/1612893/TC_AddToFavorite

2020-06-05 17:15:48 - [TEST_STEP][PASSED] - click(findTestObject("Object Repository/1612893/AddToFavorite/Page_Thanh set Channel name - hcmus-cdnc-te_a699a0/i_Drop a file to upload it_icon fa fa-star-o")): Object: 'Object Repository/1612893/AddToFavorite/Page_Thanh set Channel name - hcmus-cdnc-te_a699a0/i_Drop a file to upload it_icon fa fa-star-o' is clicked on

2020-06-05 17:15:54 - [MESSAGE][PASSED] - Object: 'Object Repository/1612893/AddToFavorite/Page_Thanh set Channel name - hcmus-cdnc-te_a699a0/i_Drop a file to upload it_icon fa fa-star-o' is clicked on

2020-06-05 17:15:54 - [TEST_STEP][PASSED] - closeBrowser(): Browser is closed

2020-06-05 17:15:56 - [MESSAGE][PASSED] - Browser is closed

2020-06-05 17:15:56 - [MESSAGE][PASSED] - Call Test Case 'Test Cases/1612893/TC_AddToFavorite' successfully]]></system-out>
         <system-err><![CDATA[]]></system-err>
      </testcase>
      <system-out><![CDATA[2020-06-05 15:54:53 - [TEST_SUITE][FAILED] - Run all test cases: Test Cases/1612427/02_ChangePassword FAILED.
Reason:
com.kms.katalon.core.exception.StepFailedException: Unable to click on object 'Object Repository/1612427/02_ChangePassword/Page_Town Square - minus Mattermost/button_Security'
	at com.kms.katalon.core.webui.keyword.internal.WebUIKeywordMain.stepFailed(WebUIKeywordMain.groovy:64)
	at com.kms.katalon.core.webui.keyword.internal.WebUIKeywordMain.runKeyword(WebUIKeywordMain.groovy:26)
	at com.kms.katalon.core.webui.keyword.builtin.ClickKeyword.click(ClickKeyword.groovy:76)
	at com.kms.katalon.core.webui.keyword.builtin.ClickKeyword.execute(ClickKeyword.groovy:43)
	at com.kms.katalon.core.keyword.internal.KeywordExecutor.executeKeywordForPlatform(KeywordExecutor.groovy:72)
	at com.kms.katalon.core.webui.keyword.WebUiBuiltInKeywords.click(WebUiBuiltInKeywords.groovy:616)
	at com.kms.katalon.core.webui.keyword.WebUiBuiltInKeywords$click$3.call(Unknown Source)
	at 02_ChangePassword.run(02_ChangePassword:35)
	at com.kms.katalon.core.main.ScriptEngine.run(ScriptEngine.java:194)
	at com.kms.katalon.core.main.ScriptEngine.runScriptAsRawText(ScriptEngine.java:119)
	at com.kms.katalon.core.main.TestCaseExecutor.runScript(TestCaseExecutor.java:337)
	at com.kms.katalon.core.main.TestCaseExecutor.doExecute(TestCaseExecutor.java:328)
	at com.kms.katalon.core.main.TestCaseExecutor.processExecutionPhase(TestCaseExecutor.java:307)
	at com.kms.katalon.core.main.TestCaseExecutor.accessMainPhase(TestCaseExecutor.java:299)
	at com.kms.katalon.core.main.TestCaseExecutor.execute(TestCaseExecutor.java:233)
	at com.kms.katalon.core.main.TestSuiteExecutor.accessTestCaseMainPhase(TestSuiteExecutor.java:169)
	at com.kms.katalon.core.main.TestSuiteExecutor.accessTestSuiteMainPhase(TestSuiteExecutor.java:142)
	at com.kms.katalon.core.main.TestSuiteExecutor.execute(TestSuiteExecutor.java:91)
	at com.kms.katalon.core.main.TestCaseMain.startTestSuite(TestCaseMain.java:157)
	at com.kms.katalon.core.main.TestCaseMain$startTestSuite$0.call(Unknown Source)
	at TempTestSuite1591347278292.run(TempTestSuite1591347278292.groovy:37)
Caused by: com.kms.katalon.core.webui.exception.WebElementNotFoundException: Web element with id: 'Object Repository/1612427/02_ChangePassword/Page_Town Square - minus Mattermost/button_Security' located by 'By.xpath: //button[@id='securityButton']' not found
	at com.kms.katalon.core.webui.common.WebUiCommonHelper.findWebElement(WebUiCommonHelper.java:1154)
	at com.kms.katalon.core.webui.keyword.internal.WebUIAbstractKeyword.findWebElement(WebUIAbstractKeyword.groovy:27)
	at com.kms.katalon.core.webui.keyword.internal.WebUIAbstractKeyword.findWebElement(WebUIAbstractKeyword.groovy:26)
	at com.kms.katalon.core.webui.keyword.builtin.ClickKeyword$_click_closure1.doCall(ClickKeyword.groovy:67)
	at com.kms.katalon.core.webui.keyword.builtin.ClickKeyword$_click_closure1.call(ClickKeyword.groovy)
	at com.kms.katalon.core.webui.keyword.internal.WebUIKeywordMain.runKeyword(WebUIKeywordMain.groovy:20)
	... 19 more]]></system-out>
      <system-err><![CDATA[2020-06-05 15:54:53 - [TEST_SUITE][FAILED] - Run all test cases: Test Cases/1612427/02_ChangePassword FAILED.
Reason:
com.kms.katalon.core.exception.StepFailedException: Unable to click on object 'Object Repository/1612427/02_ChangePassword/Page_Town Square - minus Mattermost/button_Security'
	at com.kms.katalon.core.webui.keyword.internal.WebUIKeywordMain.stepFailed(WebUIKeywordMain.groovy:64)
	at com.kms.katalon.core.webui.keyword.internal.WebUIKeywordMain.runKeyword(WebUIKeywordMain.groovy:26)
	at com.kms.katalon.core.webui.keyword.builtin.ClickKeyword.click(ClickKeyword.groovy:76)
	at com.kms.katalon.core.webui.keyword.builtin.ClickKeyword.execute(ClickKeyword.groovy:43)
	at com.kms.katalon.core.keyword.internal.KeywordExecutor.executeKeywordForPlatform(KeywordExecutor.groovy:72)
	at com.kms.katalon.core.webui.keyword.WebUiBuiltInKeywords.click(WebUiBuiltInKeywords.groovy:616)
	at com.kms.katalon.core.webui.keyword.WebUiBuiltInKeywords$click$3.call(Unknown Source)
	at 02_ChangePassword.run(02_ChangePassword:35)
	at com.kms.katalon.core.main.ScriptEngine.run(ScriptEngine.java:194)
	at com.kms.katalon.core.main.ScriptEngine.runScriptAsRawText(ScriptEngine.java:119)
	at com.kms.katalon.core.main.TestCaseExecutor.runScript(TestCaseExecutor.java:337)
	at com.kms.katalon.core.main.TestCaseExecutor.doExecute(TestCaseExecutor.java:328)
	at com.kms.katalon.core.main.TestCaseExecutor.processExecutionPhase(TestCaseExecutor.java:307)
	at com.kms.katalon.core.main.TestCaseExecutor.accessMainPhase(TestCaseExecutor.java:299)
	at com.kms.katalon.core.main.TestCaseExecutor.execute(TestCaseExecutor.java:233)
	at com.kms.katalon.core.main.TestSuiteExecutor.accessTestCaseMainPhase(TestSuiteExecutor.java:169)
	at com.kms.katalon.core.main.TestSuiteExecutor.accessTestSuiteMainPhase(TestSuiteExecutor.java:142)
	at com.kms.katalon.core.main.TestSuiteExecutor.execute(TestSuiteExecutor.java:91)
	at com.kms.katalon.core.main.TestCaseMain.startTestSuite(TestCaseMain.java:157)
	at com.kms.katalon.core.main.TestCaseMain$startTestSuite$0.call(Unknown Source)
	at TempTestSuite1591347278292.run(TempTestSuite1591347278292.groovy:37)
Caused by: com.kms.katalon.core.webui.exception.WebElementNotFoundException: Web element with id: 'Object Repository/1612427/02_ChangePassword/Page_Town Square - minus Mattermost/button_Security' located by 'By.xpath: //button[@id='securityButton']' not found
	at com.kms.katalon.core.webui.common.WebUiCommonHelper.findWebElement(WebUiCommonHelper.java:1154)
	at com.kms.katalon.core.webui.keyword.internal.WebUIAbstractKeyword.findWebElement(WebUIAbstractKeyword.groovy:27)
	at com.kms.katalon.core.webui.keyword.internal.WebUIAbstractKeyword.findWebElement(WebUIAbstractKeyword.groovy:26)
	at com.kms.katalon.core.webui.keyword.builtin.ClickKeyword$_click_closure1.doCall(ClickKeyword.groovy:67)
	at com.kms.katalon.core.webui.keyword.builtin.ClickKeyword$_click_closure1.call(ClickKeyword.groovy)
	at com.kms.katalon.core.webui.keyword.internal.WebUIKeywordMain.runKeyword(WebUIKeywordMain.groovy:20)
	... 19 more]]></system-err>
   </testsuite>
</testsuites>
