<?xml version="1.0" encoding="UTF-8"?>
<testsuites name="Run all test cases" time="905.224" tests="61" failures="0" errors="0">
   <testsuite name="Run all test cases" tests="61" failures="0" errors="0" time="905.224" timestamp="2020-06-05 11:54:23" hostname="Thanh - DESKTOP-SGC4F2H.mshome.net" id="Test Suites/Run all test cases">
      <properties>
         <property name="deviceName" value=""/>
         <property name="devicePlatform" value=""/>
         <property name="logFolder" value="C:\\Users\\Thanh\\Desktop\\github.com\\New folder (2)\\homeword02-mattermost-katalon\\Reports\\20200605_115420\\Run all test cases\\20200605_115420"/>
         <property name="logFiles" value="C:\\Users\\Thanh\\Desktop\\github.com\\New folder (2)\\homeword02-mattermost-katalon\\Reports\\20200605_115420\\Run all test cases\\20200605_115420\\execution0.log"/>
         <property name="attachments" value=""/>
         <property name="hostName" value="Thanh - DESKTOP-SGC4F2H.mshome.net"/>
         <property name="os" value="Windows 10 64bit"/>
         <property name="katalonVersion" value="7.5.2.1"/>
         <property name="browser" value="Chrome 83.0.4103.97"/>
         <property name="hostAddress" value="172.25.32.1"/>
         <property name="sessionId" value="32b0f77d6c85f3919a63bdb664cee59c"/>
         <property name="seleniumVersion" value="3.141.59"/>
         <property name="proxyInformation" value="ProxyInformation { proxyOption=NO_PROXY, proxyServerType=HTTP, username=, password=********, proxyServerAddress=, proxyServerPort=0, executionList=\&quot;\&quot;, isApplyToDesiredCapabilities=true }"/>
         <property name="platform" value="Windows 10"/>
      </properties>
      <testcase name="Test Cases/1512194/31_Call_API_Search_User" time="3.43" classname="Test Cases/1512194/31_Call_API_Search_User" status="PASSED">
         <system-out><![CDATA[2020-06-05 11:54:24 - [TEST_CASE][PASSED] - Test Cases/1512194/31_Call_API_Search_User: Test Cases/1512194/31_Call_API_Search_User

2020-06-05 11:54:24 - [TEST_STEP][PASSED] - sendRequest(findTestObject("1512194/API TESTING/31_Call_API_Search_User")): Send request successfully

2020-06-05 11:54:27 - [MESSAGE][INFO] - HAR: C:\Users\Thanh\Desktop\github.com\New folder (2)\homeword02-mattermost-katalon\Reports\20200605_115420\Run all test cases\20200605_115420\requests\main\0.har

2020-06-05 11:54:27 - [MESSAGE][PASSED] - Send request successfully]]></system-out>
         <system-err><![CDATA[]]></system-err>
      </testcase>
      <testcase name="Test Cases/1512194/32_Call_API_Search_Tokens" time="0.398" classname="Test Cases/1512194/32_Call_API_Search_Tokens" status="PASSED">
         <system-out><![CDATA[2020-06-05 11:54:27 - [TEST_CASE][PASSED] - Test Cases/1512194/32_Call_API_Search_Tokens: Test Cases/1512194/32_Call_API_Search_Tokens

2020-06-05 11:54:28 - [TEST_STEP][PASSED] - sendRequest(findTestObject("1512194/API TESTING/32_Call_API_Search_Tokens")): Send request successfully

2020-06-05 11:54:28 - [MESSAGE][INFO] - HAR: C:\Users\Thanh\Desktop\github.com\New folder (2)\homeword02-mattermost-katalon\Reports\20200605_115420\Run all test cases\20200605_115420\requests\main\1.har

2020-06-05 11:54:28 - [MESSAGE][PASSED] - Send request successfully]]></system-out>
         <system-err><![CDATA[]]></system-err>
      </testcase>
      <testcase name="Test Cases/1512194/33_Call_API_Get_Jobs" time="0.344" classname="Test Cases/1512194/33_Call_API_Get_Jobs" status="PASSED">
         <system-out><![CDATA[2020-06-05 11:54:28 - [TEST_CASE][PASSED] - Test Cases/1512194/33_Call_API_Get_Jobs: Test Cases/1512194/33_Call_API_Get_Jobs

2020-06-05 11:54:28 - [TEST_STEP][PASSED] - sendRequest(findTestObject("1512194/API TESTING/33_Call_API_Get_Jobs")): Send request successfully

2020-06-05 11:54:28 - [MESSAGE][INFO] - HAR: C:\Users\Thanh\Desktop\github.com\New folder (2)\homeword02-mattermost-katalon\Reports\20200605_115420\Run all test cases\20200605_115420\requests\main\2.har

2020-06-05 11:54:28 - [MESSAGE][PASSED] - Send request successfully]]></system-out>
         <system-err><![CDATA[]]></system-err>
      </testcase>
      <testcase name="Test Cases/1512194/34_Call_API_Create_Job_By_Type" time="0.427" classname="Test Cases/1512194/34_Call_API_Create_Job_By_Type" status="PASSED">
         <system-out><![CDATA[2020-06-05 11:54:28 - [TEST_CASE][PASSED] - Test Cases/1512194/34_Call_API_Create_Job_By_Type: Test Cases/1512194/34_Call_API_Create_Job_By_Type

2020-06-05 11:54:28 - [TEST_STEP][PASSED] - sendRequest(findTestObject("1512194/API TESTING/33_Call_API_Get_Jobs")): Send request successfully

2020-06-05 11:54:29 - [MESSAGE][INFO] - HAR: C:\Users\Thanh\Desktop\github.com\New folder (2)\homeword02-mattermost-katalon\Reports\20200605_115420\Run all test cases\20200605_115420\requests\main\3.har

2020-06-05 11:54:29 - [MESSAGE][PASSED] - Send request successfully]]></system-out>
         <system-err><![CDATA[]]></system-err>
      </testcase>
      <testcase name="Test Cases/1512194/35_Call_API_Cancel_Job" time="0.352" classname="Test Cases/1512194/35_Call_API_Cancel_Job" status="PASSED">
         <system-out><![CDATA[2020-06-05 11:54:29 - [TEST_CASE][PASSED] - Test Cases/1512194/35_Call_API_Cancel_Job: Test Cases/1512194/35_Call_API_Cancel_Job

2020-06-05 11:54:29 - [TEST_STEP][PASSED] - sendRequest(findTestObject("1512194/API TESTING/33_Call_API_Get_Jobs")): Send request successfully

2020-06-05 11:54:29 - [MESSAGE][INFO] - HAR: C:\Users\Thanh\Desktop\github.com\New folder (2)\homeword02-mattermost-katalon\Reports\20200605_115420\Run all test cases\20200605_115420\requests\main\4.har

2020-06-05 11:54:29 - [MESSAGE][PASSED] - Send request successfully]]></system-out>
         <system-err><![CDATA[]]></system-err>
      </testcase>
      <testcase name="Test Cases/1512354/TC_36_Edit_UserName" time="17.931" classname="Test Cases/1512354/TC_36_Edit_UserName" status="PASSED">
         <system-out><![CDATA[2020-06-05 11:54:29 - [TEST_CASE][PASSED] - Test Cases/1512354/TC_36_Edit_UserName: Test Cases/1512354/TC_36_Edit_UserName

2020-06-05 11:54:29 - [TEST_STEP][PASSED] - openBrowser(""): Browser is opened with url: ''

2020-06-05 11:54:29 - [MESSAGE][INFO] - Starting 'Chrome' driver

2020-06-05 11:54:30 - [MESSAGE][INFO] - Action delay is set to 0 milliseconds

2020-06-05 11:54:33 - [MESSAGE][PASSED] - Browser is opened with url: ''

2020-06-05 11:54:33 - [TEST_STEP][PASSED] - navigateToUrl("http://localhost:8065/login"): Navigate to 'http://localhost:8065/login' successfully

2020-06-05 11:54:35 - [MESSAGE][PASSED] - Navigate to 'http://localhost:8065/login' successfully

2020-06-05 11:54:35 - [TEST_STEP][PASSED] - setText(findTestObject("Object Repository/1512354/36_Edit_UserName/Page_Mattermost/input_All team communication in one place s_703ef5"), "hcmus-cdnc@gmail.com"): Text 'hcmus-cdnc@gmail.com' is set on object 'Object Repository/1512354/36_Edit_UserName/Page_Mattermost/input_All team communication in one place s_703ef5'

2020-06-05 11:54:37 - [MESSAGE][PASSED] - Text 'hcmus-cdnc@gmail.com' is set on object 'Object Repository/1512354/36_Edit_UserName/Page_Mattermost/input_All team communication in one place s_703ef5'

2020-06-05 11:54:37 - [TEST_STEP][PASSED] - setEncryptedText(findTestObject("Object Repository/1512354/36_Edit_UserName/Page_Mattermost/input_All team communication in one place s_2f2733"), "aeHFOx8jV/A="): Text ****** has been set on object 'Object Repository/1512354/36_Edit_UserName/Page_Mattermost/input_All team communication in one place s_2f2733'

2020-06-05 11:54:38 - [MESSAGE][PASSED] - Text ****** has been set on object 'Object Repository/1512354/36_Edit_UserName/Page_Mattermost/input_All team communication in one place s_2f2733'

2020-06-05 11:54:38 - [TEST_STEP][PASSED] - click(findTestObject("Object Repository/1512354/36_Edit_UserName/Page_Mattermost/span_Sign in")): Object: 'Object Repository/1512354/36_Edit_UserName/Page_Mattermost/span_Sign in' is clicked on

2020-06-05 11:54:39 - [MESSAGE][PASSED] - Object: 'Object Repository/1512354/36_Edit_UserName/Page_Mattermost/span_Sign in' is clicked on

2020-06-05 11:54:39 - [TEST_STEP][PASSED] - click(findTestObject("Object Repository/1512354/36_Edit_UserName/Page_Thanh set Channel name - hcmus-cdnc-te_a699a0/span")): Object: 'Object Repository/1512354/36_Edit_UserName/Page_Thanh set Channel name - hcmus-cdnc-te_a699a0/span' is clicked on

2020-06-05 11:54:42 - [MESSAGE][PASSED] - Object: 'Object Repository/1512354/36_Edit_UserName/Page_Thanh set Channel name - hcmus-cdnc-te_a699a0/span' is clicked on

2020-06-05 11:54:42 - [TEST_STEP][PASSED] - click(findTestObject("Object Repository/1512354/36_Edit_UserName/Page_Thanh set Channel name - hcmus-cdnc-te_a699a0/span_Account Settings")): Object: 'Object Repository/1512354/36_Edit_UserName/Page_Thanh set Channel name - hcmus-cdnc-te_a699a0/span_Account Settings' is clicked on

2020-06-05 11:54:43 - [MESSAGE][PASSED] - Object: 'Object Repository/1512354/36_Edit_UserName/Page_Thanh set Channel name - hcmus-cdnc-te_a699a0/span_Account Settings' is clicked on

2020-06-05 11:54:43 - [TEST_STEP][PASSED] - click(findTestObject("Object Repository/1512354/36_Edit_UserName/Page_Thanh set Channel name - hcmus-cdnc-te_a699a0/span_Edit")): Object: 'Object Repository/1512354/36_Edit_UserName/Page_Thanh set Channel name - hcmus-cdnc-te_a699a0/span_Edit' is clicked on

2020-06-05 11:54:44 - [MESSAGE][PASSED] - Object: 'Object Repository/1512354/36_Edit_UserName/Page_Thanh set Channel name - hcmus-cdnc-te_a699a0/span_Edit' is clicked on

2020-06-05 11:54:44 - [TEST_STEP][PASSED] - setText(findTestObject("Object Repository/1512354/36_Edit_UserName/Page_Thanh set Channel name - hcmus-cdnc-te_a699a0/input_Username_username"), userName): Text 'tung' is set on object 'Object Repository/1512354/36_Edit_UserName/Page_Thanh set Channel name - hcmus-cdnc-te_a699a0/input_Username_username'

2020-06-05 11:54:45 - [MESSAGE][PASSED] - Text 'tung' is set on object 'Object Repository/1512354/36_Edit_UserName/Page_Thanh set Channel name - hcmus-cdnc-te_a699a0/input_Username_username'

2020-06-05 11:54:45 - [TEST_STEP][PASSED] - click(findTestObject("Object Repository/1512354/36_Edit_UserName/Page_Thanh set Channel name - hcmus-cdnc-te_a699a0/span_Save")): Object: 'Object Repository/1512354/36_Edit_UserName/Page_Thanh set Channel name - hcmus-cdnc-te_a699a0/span_Save' is clicked on

2020-06-05 11:54:45 - [MESSAGE][PASSED] - Object: 'Object Repository/1512354/36_Edit_UserName/Page_Thanh set Channel name - hcmus-cdnc-te_a699a0/span_Save' is clicked on

2020-06-05 11:54:45 - [TEST_STEP][PASSED] - click(findTestObject("Object Repository/1512354/36_Edit_UserName/Page_Thanh set Channel name - hcmus-cdnc-te_a699a0/span_")): Object: 'Object Repository/1512354/36_Edit_UserName/Page_Thanh set Channel name - hcmus-cdnc-te_a699a0/span_' is clicked on

2020-06-05 11:54:46 - [MESSAGE][PASSED] - Object: 'Object Repository/1512354/36_Edit_UserName/Page_Thanh set Channel name - hcmus-cdnc-te_a699a0/span_' is clicked on

2020-06-05 11:54:46 - [TEST_STEP][PASSED] - closeBrowser(): Browser is closed

2020-06-05 11:54:47 - [MESSAGE][PASSED] - Browser is closed]]></system-out>
         <system-err><![CDATA[]]></system-err>
      </testcase>
      <testcase name="Test Cases/1512354/TC_36_Edit_UserName" time="16.464" classname="Test Cases/1512354/TC_36_Edit_UserName" status="PASSED">
         <system-out><![CDATA[2020-06-05 11:54:47 - [TEST_CASE][PASSED] - Test Cases/1512354/TC_36_Edit_UserName: Test Cases/1512354/TC_36_Edit_UserName

2020-06-05 11:54:47 - [TEST_STEP][PASSED] - openBrowser(""): Browser is opened with url: ''

2020-06-05 11:54:47 - [MESSAGE][INFO] - Starting 'Chrome' driver

2020-06-05 11:54:47 - [MESSAGE][INFO] - Action delay is set to 0 milliseconds

2020-06-05 11:54:50 - [MESSAGE][PASSED] - Browser is opened with url: ''

2020-06-05 11:54:50 - [TEST_STEP][PASSED] - navigateToUrl("http://localhost:8065/login"): Navigate to 'http://localhost:8065/login' successfully

2020-06-05 11:54:52 - [MESSAGE][PASSED] - Navigate to 'http://localhost:8065/login' successfully

2020-06-05 11:54:52 - [TEST_STEP][PASSED] - setText(findTestObject("Object Repository/1512354/36_Edit_UserName/Page_Mattermost/input_All team communication in one place s_703ef5"), "hcmus-cdnc@gmail.com"): Text 'hcmus-cdnc@gmail.com' is set on object 'Object Repository/1512354/36_Edit_UserName/Page_Mattermost/input_All team communication in one place s_703ef5'

2020-06-05 11:54:54 - [MESSAGE][PASSED] - Text 'hcmus-cdnc@gmail.com' is set on object 'Object Repository/1512354/36_Edit_UserName/Page_Mattermost/input_All team communication in one place s_703ef5'

2020-06-05 11:54:54 - [TEST_STEP][PASSED] - setEncryptedText(findTestObject("Object Repository/1512354/36_Edit_UserName/Page_Mattermost/input_All team communication in one place s_2f2733"), "aeHFOx8jV/A="): Text ****** has been set on object 'Object Repository/1512354/36_Edit_UserName/Page_Mattermost/input_All team communication in one place s_2f2733'

2020-06-05 11:54:55 - [MESSAGE][PASSED] - Text ****** has been set on object 'Object Repository/1512354/36_Edit_UserName/Page_Mattermost/input_All team communication in one place s_2f2733'

2020-06-05 11:54:55 - [TEST_STEP][PASSED] - click(findTestObject("Object Repository/1512354/36_Edit_UserName/Page_Mattermost/span_Sign in")): Object: 'Object Repository/1512354/36_Edit_UserName/Page_Mattermost/span_Sign in' is clicked on

2020-06-05 11:54:55 - [MESSAGE][PASSED] - Object: 'Object Repository/1512354/36_Edit_UserName/Page_Mattermost/span_Sign in' is clicked on

2020-06-05 11:54:55 - [TEST_STEP][PASSED] - click(findTestObject("Object Repository/1512354/36_Edit_UserName/Page_Thanh set Channel name - hcmus-cdnc-te_a699a0/span")): Object: 'Object Repository/1512354/36_Edit_UserName/Page_Thanh set Channel name - hcmus-cdnc-te_a699a0/span' is clicked on

2020-06-05 11:54:58 - [MESSAGE][PASSED] - Object: 'Object Repository/1512354/36_Edit_UserName/Page_Thanh set Channel name - hcmus-cdnc-te_a699a0/span' is clicked on

2020-06-05 11:54:58 - [TEST_STEP][PASSED] - click(findTestObject("Object Repository/1512354/36_Edit_UserName/Page_Thanh set Channel name - hcmus-cdnc-te_a699a0/span_Account Settings")): Object: 'Object Repository/1512354/36_Edit_UserName/Page_Thanh set Channel name - hcmus-cdnc-te_a699a0/span_Account Settings' is clicked on

2020-06-05 11:54:59 - [MESSAGE][PASSED] - Object: 'Object Repository/1512354/36_Edit_UserName/Page_Thanh set Channel name - hcmus-cdnc-te_a699a0/span_Account Settings' is clicked on

2020-06-05 11:54:59 - [TEST_STEP][PASSED] - click(findTestObject("Object Repository/1512354/36_Edit_UserName/Page_Thanh set Channel name - hcmus-cdnc-te_a699a0/span_Edit")): Object: 'Object Repository/1512354/36_Edit_UserName/Page_Thanh set Channel name - hcmus-cdnc-te_a699a0/span_Edit' is clicked on

2020-06-05 11:55:00 - [MESSAGE][PASSED] - Object: 'Object Repository/1512354/36_Edit_UserName/Page_Thanh set Channel name - hcmus-cdnc-te_a699a0/span_Edit' is clicked on

2020-06-05 11:55:00 - [TEST_STEP][PASSED] - setText(findTestObject("Object Repository/1512354/36_Edit_UserName/Page_Thanh set Channel name - hcmus-cdnc-te_a699a0/input_Username_username"), userName): Text 'mai' is set on object 'Object Repository/1512354/36_Edit_UserName/Page_Thanh set Channel name - hcmus-cdnc-te_a699a0/input_Username_username'

2020-06-05 11:55:01 - [MESSAGE][PASSED] - Text 'mai' is set on object 'Object Repository/1512354/36_Edit_UserName/Page_Thanh set Channel name - hcmus-cdnc-te_a699a0/input_Username_username'

2020-06-05 11:55:01 - [TEST_STEP][PASSED] - click(findTestObject("Object Repository/1512354/36_Edit_UserName/Page_Thanh set Channel name - hcmus-cdnc-te_a699a0/span_Save")): Object: 'Object Repository/1512354/36_Edit_UserName/Page_Thanh set Channel name - hcmus-cdnc-te_a699a0/span_Save' is clicked on

2020-06-05 11:55:02 - [MESSAGE][PASSED] - Object: 'Object Repository/1512354/36_Edit_UserName/Page_Thanh set Channel name - hcmus-cdnc-te_a699a0/span_Save' is clicked on

2020-06-05 11:55:02 - [TEST_STEP][PASSED] - click(findTestObject("Object Repository/1512354/36_Edit_UserName/Page_Thanh set Channel name - hcmus-cdnc-te_a699a0/span_")): Object: 'Object Repository/1512354/36_Edit_UserName/Page_Thanh set Channel name - hcmus-cdnc-te_a699a0/span_' is clicked on

2020-06-05 11:55:03 - [MESSAGE][PASSED] - Object: 'Object Repository/1512354/36_Edit_UserName/Page_Thanh set Channel name - hcmus-cdnc-te_a699a0/span_' is clicked on

2020-06-05 11:55:03 - [TEST_STEP][PASSED] - closeBrowser(): Browser is closed

2020-06-05 11:55:03 - [MESSAGE][PASSED] - Browser is closed]]></system-out>
         <system-err><![CDATA[]]></system-err>
      </testcase>
      <testcase name="Test Cases/1512354/TC_36_Edit_UserName" time="16.487" classname="Test Cases/1512354/TC_36_Edit_UserName" status="PASSED">
         <system-out><![CDATA[2020-06-05 11:55:03 - [TEST_CASE][PASSED] - Test Cases/1512354/TC_36_Edit_UserName: Test Cases/1512354/TC_36_Edit_UserName

2020-06-05 11:55:03 - [TEST_STEP][PASSED] - openBrowser(""): Browser is opened with url: ''

2020-06-05 11:55:03 - [MESSAGE][INFO] - Starting 'Chrome' driver

2020-06-05 11:55:03 - [MESSAGE][INFO] - Action delay is set to 0 milliseconds

2020-06-05 11:55:07 - [MESSAGE][PASSED] - Browser is opened with url: ''

2020-06-05 11:55:07 - [TEST_STEP][PASSED] - navigateToUrl("http://localhost:8065/login"): Navigate to 'http://localhost:8065/login' successfully

2020-06-05 11:55:09 - [MESSAGE][PASSED] - Navigate to 'http://localhost:8065/login' successfully

2020-06-05 11:55:09 - [TEST_STEP][PASSED] - setText(findTestObject("Object Repository/1512354/36_Edit_UserName/Page_Mattermost/input_All team communication in one place s_703ef5"), "hcmus-cdnc@gmail.com"): Text 'hcmus-cdnc@gmail.com' is set on object 'Object Repository/1512354/36_Edit_UserName/Page_Mattermost/input_All team communication in one place s_703ef5'

2020-06-05 11:55:11 - [MESSAGE][PASSED] - Text 'hcmus-cdnc@gmail.com' is set on object 'Object Repository/1512354/36_Edit_UserName/Page_Mattermost/input_All team communication in one place s_703ef5'

2020-06-05 11:55:11 - [TEST_STEP][PASSED] - setEncryptedText(findTestObject("Object Repository/1512354/36_Edit_UserName/Page_Mattermost/input_All team communication in one place s_2f2733"), "aeHFOx8jV/A="): Text ****** has been set on object 'Object Repository/1512354/36_Edit_UserName/Page_Mattermost/input_All team communication in one place s_2f2733'

2020-06-05 11:55:12 - [MESSAGE][PASSED] - Text ****** has been set on object 'Object Repository/1512354/36_Edit_UserName/Page_Mattermost/input_All team communication in one place s_2f2733'

2020-06-05 11:55:12 - [TEST_STEP][PASSED] - click(findTestObject("Object Repository/1512354/36_Edit_UserName/Page_Mattermost/span_Sign in")): Object: 'Object Repository/1512354/36_Edit_UserName/Page_Mattermost/span_Sign in' is clicked on

2020-06-05 11:55:12 - [MESSAGE][PASSED] - Object: 'Object Repository/1512354/36_Edit_UserName/Page_Mattermost/span_Sign in' is clicked on

2020-06-05 11:55:12 - [TEST_STEP][PASSED] - click(findTestObject("Object Repository/1512354/36_Edit_UserName/Page_Thanh set Channel name - hcmus-cdnc-te_a699a0/span")): Object: 'Object Repository/1512354/36_Edit_UserName/Page_Thanh set Channel name - hcmus-cdnc-te_a699a0/span' is clicked on

2020-06-05 11:55:15 - [MESSAGE][PASSED] - Object: 'Object Repository/1512354/36_Edit_UserName/Page_Thanh set Channel name - hcmus-cdnc-te_a699a0/span' is clicked on

2020-06-05 11:55:15 - [TEST_STEP][PASSED] - click(findTestObject("Object Repository/1512354/36_Edit_UserName/Page_Thanh set Channel name - hcmus-cdnc-te_a699a0/span_Account Settings")): Object: 'Object Repository/1512354/36_Edit_UserName/Page_Thanh set Channel name - hcmus-cdnc-te_a699a0/span_Account Settings' is clicked on

2020-06-05 11:55:16 - [MESSAGE][PASSED] - Object: 'Object Repository/1512354/36_Edit_UserName/Page_Thanh set Channel name - hcmus-cdnc-te_a699a0/span_Account Settings' is clicked on

2020-06-05 11:55:16 - [TEST_STEP][PASSED] - click(findTestObject("Object Repository/1512354/36_Edit_UserName/Page_Thanh set Channel name - hcmus-cdnc-te_a699a0/span_Edit")): Object: 'Object Repository/1512354/36_Edit_UserName/Page_Thanh set Channel name - hcmus-cdnc-te_a699a0/span_Edit' is clicked on

2020-06-05 11:55:17 - [MESSAGE][PASSED] - Object: 'Object Repository/1512354/36_Edit_UserName/Page_Thanh set Channel name - hcmus-cdnc-te_a699a0/span_Edit' is clicked on

2020-06-05 11:55:17 - [TEST_STEP][PASSED] - setText(findTestObject("Object Repository/1512354/36_Edit_UserName/Page_Thanh set Channel name - hcmus-cdnc-te_a699a0/input_Username_username"), userName): Text 'lan' is set on object 'Object Repository/1512354/36_Edit_UserName/Page_Thanh set Channel name - hcmus-cdnc-te_a699a0/input_Username_username'

2020-06-05 11:55:18 - [MESSAGE][PASSED] - Text 'lan' is set on object 'Object Repository/1512354/36_Edit_UserName/Page_Thanh set Channel name - hcmus-cdnc-te_a699a0/input_Username_username'

2020-06-05 11:55:18 - [TEST_STEP][PASSED] - click(findTestObject("Object Repository/1512354/36_Edit_UserName/Page_Thanh set Channel name - hcmus-cdnc-te_a699a0/span_Save")): Object: 'Object Repository/1512354/36_Edit_UserName/Page_Thanh set Channel name - hcmus-cdnc-te_a699a0/span_Save' is clicked on

2020-06-05 11:55:18 - [MESSAGE][PASSED] - Object: 'Object Repository/1512354/36_Edit_UserName/Page_Thanh set Channel name - hcmus-cdnc-te_a699a0/span_Save' is clicked on

2020-06-05 11:55:18 - [TEST_STEP][PASSED] - click(findTestObject("Object Repository/1512354/36_Edit_UserName/Page_Thanh set Channel name - hcmus-cdnc-te_a699a0/span_")): Object: 'Object Repository/1512354/36_Edit_UserName/Page_Thanh set Channel name - hcmus-cdnc-te_a699a0/span_' is clicked on

2020-06-05 11:55:19 - [MESSAGE][PASSED] - Object: 'Object Repository/1512354/36_Edit_UserName/Page_Thanh set Channel name - hcmus-cdnc-te_a699a0/span_' is clicked on

2020-06-05 11:55:19 - [TEST_STEP][PASSED] - closeBrowser(): Browser is closed

2020-06-05 11:55:20 - [MESSAGE][PASSED] - Browser is closed]]></system-out>
         <system-err><![CDATA[]]></system-err>
      </testcase>
      <testcase name="Test Cases/1512354/TC_36_Edit_UserName" time="15.726" classname="Test Cases/1512354/TC_36_Edit_UserName" status="PASSED">
         <system-out><![CDATA[2020-06-05 11:55:20 - [TEST_CASE][PASSED] - Test Cases/1512354/TC_36_Edit_UserName: Test Cases/1512354/TC_36_Edit_UserName

2020-06-05 11:55:20 - [TEST_STEP][PASSED] - openBrowser(""): Browser is opened with url: ''

2020-06-05 11:55:20 - [MESSAGE][INFO] - Starting 'Chrome' driver

2020-06-05 11:55:20 - [MESSAGE][INFO] - Action delay is set to 0 milliseconds

2020-06-05 11:55:23 - [MESSAGE][PASSED] - Browser is opened with url: ''

2020-06-05 11:55:23 - [TEST_STEP][PASSED] - navigateToUrl("http://localhost:8065/login"): Navigate to 'http://localhost:8065/login' successfully

2020-06-05 11:55:25 - [MESSAGE][PASSED] - Navigate to 'http://localhost:8065/login' successfully

2020-06-05 11:55:25 - [TEST_STEP][PASSED] - setText(findTestObject("Object Repository/1512354/36_Edit_UserName/Page_Mattermost/input_All team communication in one place s_703ef5"), "hcmus-cdnc@gmail.com"): Text 'hcmus-cdnc@gmail.com' is set on object 'Object Repository/1512354/36_Edit_UserName/Page_Mattermost/input_All team communication in one place s_703ef5'

2020-06-05 11:55:27 - [MESSAGE][PASSED] - Text 'hcmus-cdnc@gmail.com' is set on object 'Object Repository/1512354/36_Edit_UserName/Page_Mattermost/input_All team communication in one place s_703ef5'

2020-06-05 11:55:27 - [TEST_STEP][PASSED] - setEncryptedText(findTestObject("Object Repository/1512354/36_Edit_UserName/Page_Mattermost/input_All team communication in one place s_2f2733"), "aeHFOx8jV/A="): Text ****** has been set on object 'Object Repository/1512354/36_Edit_UserName/Page_Mattermost/input_All team communication in one place s_2f2733'

2020-06-05 11:55:27 - [MESSAGE][PASSED] - Text ****** has been set on object 'Object Repository/1512354/36_Edit_UserName/Page_Mattermost/input_All team communication in one place s_2f2733'

2020-06-05 11:55:27 - [TEST_STEP][PASSED] - click(findTestObject("Object Repository/1512354/36_Edit_UserName/Page_Mattermost/span_Sign in")): Object: 'Object Repository/1512354/36_Edit_UserName/Page_Mattermost/span_Sign in' is clicked on

2020-06-05 11:55:28 - [MESSAGE][PASSED] - Object: 'Object Repository/1512354/36_Edit_UserName/Page_Mattermost/span_Sign in' is clicked on

2020-06-05 11:55:28 - [TEST_STEP][PASSED] - click(findTestObject("Object Repository/1512354/36_Edit_UserName/Page_Thanh set Channel name - hcmus-cdnc-te_a699a0/span")): Object: 'Object Repository/1512354/36_Edit_UserName/Page_Thanh set Channel name - hcmus-cdnc-te_a699a0/span' is clicked on

2020-06-05 11:55:31 - [MESSAGE][PASSED] - Object: 'Object Repository/1512354/36_Edit_UserName/Page_Thanh set Channel name - hcmus-cdnc-te_a699a0/span' is clicked on

2020-06-05 11:55:31 - [TEST_STEP][PASSED] - click(findTestObject("Object Repository/1512354/36_Edit_UserName/Page_Thanh set Channel name - hcmus-cdnc-te_a699a0/span_Account Settings")): Object: 'Object Repository/1512354/36_Edit_UserName/Page_Thanh set Channel name - hcmus-cdnc-te_a699a0/span_Account Settings' is clicked on

2020-06-05 11:55:32 - [MESSAGE][PASSED] - Object: 'Object Repository/1512354/36_Edit_UserName/Page_Thanh set Channel name - hcmus-cdnc-te_a699a0/span_Account Settings' is clicked on

2020-06-05 11:55:32 - [TEST_STEP][PASSED] - click(findTestObject("Object Repository/1512354/36_Edit_UserName/Page_Thanh set Channel name - hcmus-cdnc-te_a699a0/span_Edit")): Object: 'Object Repository/1512354/36_Edit_UserName/Page_Thanh set Channel name - hcmus-cdnc-te_a699a0/span_Edit' is clicked on

2020-06-05 11:55:33 - [MESSAGE][PASSED] - Object: 'Object Repository/1512354/36_Edit_UserName/Page_Thanh set Channel name - hcmus-cdnc-te_a699a0/span_Edit' is clicked on

2020-06-05 11:55:33 - [TEST_STEP][PASSED] - setText(findTestObject("Object Repository/1512354/36_Edit_UserName/Page_Thanh set Channel name - hcmus-cdnc-te_a699a0/input_Username_username"), userName): Text 'truc' is set on object 'Object Repository/1512354/36_Edit_UserName/Page_Thanh set Channel name - hcmus-cdnc-te_a699a0/input_Username_username'

2020-06-05 11:55:34 - [MESSAGE][PASSED] - Text 'truc' is set on object 'Object Repository/1512354/36_Edit_UserName/Page_Thanh set Channel name - hcmus-cdnc-te_a699a0/input_Username_username'

2020-06-05 11:55:34 - [TEST_STEP][PASSED] - click(findTestObject("Object Repository/1512354/36_Edit_UserName/Page_Thanh set Channel name - hcmus-cdnc-te_a699a0/span_Save")): Object: 'Object Repository/1512354/36_Edit_UserName/Page_Thanh set Channel name - hcmus-cdnc-te_a699a0/span_Save' is clicked on

2020-06-05 11:55:34 - [MESSAGE][PASSED] - Object: 'Object Repository/1512354/36_Edit_UserName/Page_Thanh set Channel name - hcmus-cdnc-te_a699a0/span_Save' is clicked on

2020-06-05 11:55:34 - [TEST_STEP][PASSED] - click(findTestObject("Object Repository/1512354/36_Edit_UserName/Page_Thanh set Channel name - hcmus-cdnc-te_a699a0/span_")): Object: 'Object Repository/1512354/36_Edit_UserName/Page_Thanh set Channel name - hcmus-cdnc-te_a699a0/span_' is clicked on

2020-06-05 11:55:35 - [MESSAGE][PASSED] - Object: 'Object Repository/1512354/36_Edit_UserName/Page_Thanh set Channel name - hcmus-cdnc-te_a699a0/span_' is clicked on

2020-06-05 11:55:35 - [TEST_STEP][PASSED] - closeBrowser(): Browser is closed

2020-06-05 11:55:36 - [MESSAGE][PASSED] - Browser is closed]]></system-out>
         <system-err><![CDATA[]]></system-err>
      </testcase>
      <testcase name="Test Cases/1512354/TC_36_Edit_UserName" time="16.88" classname="Test Cases/1512354/TC_36_Edit_UserName" status="PASSED">
         <system-out><![CDATA[2020-06-05 11:55:36 - [TEST_CASE][PASSED] - Test Cases/1512354/TC_36_Edit_UserName: Test Cases/1512354/TC_36_Edit_UserName

2020-06-05 11:55:36 - [TEST_STEP][PASSED] - openBrowser(""): Browser is opened with url: ''

2020-06-05 11:55:36 - [MESSAGE][INFO] - Starting 'Chrome' driver

2020-06-05 11:55:36 - [MESSAGE][INFO] - Action delay is set to 0 milliseconds

2020-06-05 11:55:39 - [MESSAGE][PASSED] - Browser is opened with url: ''

2020-06-05 11:55:39 - [TEST_STEP][PASSED] - navigateToUrl("http://localhost:8065/login"): Navigate to 'http://localhost:8065/login' successfully

2020-06-05 11:55:41 - [MESSAGE][PASSED] - Navigate to 'http://localhost:8065/login' successfully

2020-06-05 11:55:41 - [TEST_STEP][PASSED] - setText(findTestObject("Object Repository/1512354/36_Edit_UserName/Page_Mattermost/input_All team communication in one place s_703ef5"), "hcmus-cdnc@gmail.com"): Text 'hcmus-cdnc@gmail.com' is set on object 'Object Repository/1512354/36_Edit_UserName/Page_Mattermost/input_All team communication in one place s_703ef5'

2020-06-05 11:55:43 - [MESSAGE][PASSED] - Text 'hcmus-cdnc@gmail.com' is set on object 'Object Repository/1512354/36_Edit_UserName/Page_Mattermost/input_All team communication in one place s_703ef5'

2020-06-05 11:55:43 - [TEST_STEP][PASSED] - setEncryptedText(findTestObject("Object Repository/1512354/36_Edit_UserName/Page_Mattermost/input_All team communication in one place s_2f2733"), "aeHFOx8jV/A="): Text ****** has been set on object 'Object Repository/1512354/36_Edit_UserName/Page_Mattermost/input_All team communication in one place s_2f2733'

2020-06-05 11:55:44 - [MESSAGE][PASSED] - Text ****** has been set on object 'Object Repository/1512354/36_Edit_UserName/Page_Mattermost/input_All team communication in one place s_2f2733'

2020-06-05 11:55:44 - [TEST_STEP][PASSED] - click(findTestObject("Object Repository/1512354/36_Edit_UserName/Page_Mattermost/span_Sign in")): Object: 'Object Repository/1512354/36_Edit_UserName/Page_Mattermost/span_Sign in' is clicked on

2020-06-05 11:55:45 - [MESSAGE][PASSED] - Object: 'Object Repository/1512354/36_Edit_UserName/Page_Mattermost/span_Sign in' is clicked on

2020-06-05 11:55:45 - [TEST_STEP][PASSED] - click(findTestObject("Object Repository/1512354/36_Edit_UserName/Page_Thanh set Channel name - hcmus-cdnc-te_a699a0/span")): Object: 'Object Repository/1512354/36_Edit_UserName/Page_Thanh set Channel name - hcmus-cdnc-te_a699a0/span' is clicked on

2020-06-05 11:55:48 - [MESSAGE][PASSED] - Object: 'Object Repository/1512354/36_Edit_UserName/Page_Thanh set Channel name - hcmus-cdnc-te_a699a0/span' is clicked on

2020-06-05 11:55:48 - [TEST_STEP][PASSED] - click(findTestObject("Object Repository/1512354/36_Edit_UserName/Page_Thanh set Channel name - hcmus-cdnc-te_a699a0/span_Account Settings")): Object: 'Object Repository/1512354/36_Edit_UserName/Page_Thanh set Channel name - hcmus-cdnc-te_a699a0/span_Account Settings' is clicked on

2020-06-05 11:55:49 - [MESSAGE][PASSED] - Object: 'Object Repository/1512354/36_Edit_UserName/Page_Thanh set Channel name - hcmus-cdnc-te_a699a0/span_Account Settings' is clicked on

2020-06-05 11:55:49 - [TEST_STEP][PASSED] - click(findTestObject("Object Repository/1512354/36_Edit_UserName/Page_Thanh set Channel name - hcmus-cdnc-te_a699a0/span_Edit")): Object: 'Object Repository/1512354/36_Edit_UserName/Page_Thanh set Channel name - hcmus-cdnc-te_a699a0/span_Edit' is clicked on

2020-06-05 11:55:50 - [MESSAGE][PASSED] - Object: 'Object Repository/1512354/36_Edit_UserName/Page_Thanh set Channel name - hcmus-cdnc-te_a699a0/span_Edit' is clicked on

2020-06-05 11:55:50 - [TEST_STEP][PASSED] - setText(findTestObject("Object Repository/1512354/36_Edit_UserName/Page_Thanh set Channel name - hcmus-cdnc-te_a699a0/input_Username_username"), userName): Text 'anh' is set on object 'Object Repository/1512354/36_Edit_UserName/Page_Thanh set Channel name - hcmus-cdnc-te_a699a0/input_Username_username'

2020-06-05 11:55:51 - [MESSAGE][PASSED] - Text 'anh' is set on object 'Object Repository/1512354/36_Edit_UserName/Page_Thanh set Channel name - hcmus-cdnc-te_a699a0/input_Username_username'

2020-06-05 11:55:51 - [TEST_STEP][PASSED] - click(findTestObject("Object Repository/1512354/36_Edit_UserName/Page_Thanh set Channel name - hcmus-cdnc-te_a699a0/span_Save")): Object: 'Object Repository/1512354/36_Edit_UserName/Page_Thanh set Channel name - hcmus-cdnc-te_a699a0/span_Save' is clicked on

2020-06-05 11:55:51 - [MESSAGE][PASSED] - Object: 'Object Repository/1512354/36_Edit_UserName/Page_Thanh set Channel name - hcmus-cdnc-te_a699a0/span_Save' is clicked on

2020-06-05 11:55:51 - [TEST_STEP][PASSED] - click(findTestObject("Object Repository/1512354/36_Edit_UserName/Page_Thanh set Channel name - hcmus-cdnc-te_a699a0/span_")): Object: 'Object Repository/1512354/36_Edit_UserName/Page_Thanh set Channel name - hcmus-cdnc-te_a699a0/span_' is clicked on

2020-06-05 11:55:52 - [MESSAGE][PASSED] - Object: 'Object Repository/1512354/36_Edit_UserName/Page_Thanh set Channel name - hcmus-cdnc-te_a699a0/span_' is clicked on

2020-06-05 11:55:52 - [TEST_STEP][PASSED] - closeBrowser(): Browser is closed

2020-06-05 11:55:53 - [MESSAGE][PASSED] - Browser is closed]]></system-out>
         <system-err><![CDATA[]]></system-err>
      </testcase>
      <testcase name="Test Cases/1512354/TC_36_Edit_UserName" time="16.376" classname="Test Cases/1512354/TC_36_Edit_UserName" status="PASSED">
         <system-out><![CDATA[2020-06-05 11:55:53 - [TEST_CASE][PASSED] - Test Cases/1512354/TC_36_Edit_UserName: Test Cases/1512354/TC_36_Edit_UserName

2020-06-05 11:55:53 - [TEST_STEP][PASSED] - openBrowser(""): Browser is opened with url: ''

2020-06-05 11:55:53 - [MESSAGE][INFO] - Starting 'Chrome' driver

2020-06-05 11:55:53 - [MESSAGE][INFO] - Action delay is set to 0 milliseconds

2020-06-05 11:55:56 - [MESSAGE][PASSED] - Browser is opened with url: ''

2020-06-05 11:55:56 - [TEST_STEP][PASSED] - navigateToUrl("http://localhost:8065/login"): Navigate to 'http://localhost:8065/login' successfully

2020-06-05 11:55:58 - [MESSAGE][PASSED] - Navigate to 'http://localhost:8065/login' successfully

2020-06-05 11:55:58 - [TEST_STEP][PASSED] - setText(findTestObject("Object Repository/1512354/36_Edit_UserName/Page_Mattermost/input_All team communication in one place s_703ef5"), "hcmus-cdnc@gmail.com"): Text 'hcmus-cdnc@gmail.com' is set on object 'Object Repository/1512354/36_Edit_UserName/Page_Mattermost/input_All team communication in one place s_703ef5'

2020-06-05 11:56:00 - [MESSAGE][PASSED] - Text 'hcmus-cdnc@gmail.com' is set on object 'Object Repository/1512354/36_Edit_UserName/Page_Mattermost/input_All team communication in one place s_703ef5'

2020-06-05 11:56:00 - [TEST_STEP][PASSED] - setEncryptedText(findTestObject("Object Repository/1512354/36_Edit_UserName/Page_Mattermost/input_All team communication in one place s_2f2733"), "aeHFOx8jV/A="): Text ****** has been set on object 'Object Repository/1512354/36_Edit_UserName/Page_Mattermost/input_All team communication in one place s_2f2733'

2020-06-05 11:56:00 - [MESSAGE][PASSED] - Text ****** has been set on object 'Object Repository/1512354/36_Edit_UserName/Page_Mattermost/input_All team communication in one place s_2f2733'

2020-06-05 11:56:00 - [TEST_STEP][PASSED] - click(findTestObject("Object Repository/1512354/36_Edit_UserName/Page_Mattermost/span_Sign in")): Object: 'Object Repository/1512354/36_Edit_UserName/Page_Mattermost/span_Sign in' is clicked on

2020-06-05 11:56:01 - [MESSAGE][PASSED] - Object: 'Object Repository/1512354/36_Edit_UserName/Page_Mattermost/span_Sign in' is clicked on

2020-06-05 11:56:01 - [TEST_STEP][PASSED] - click(findTestObject("Object Repository/1512354/36_Edit_UserName/Page_Thanh set Channel name - hcmus-cdnc-te_a699a0/span")): Object: 'Object Repository/1512354/36_Edit_UserName/Page_Thanh set Channel name - hcmus-cdnc-te_a699a0/span' is clicked on

2020-06-05 11:56:04 - [MESSAGE][PASSED] - Object: 'Object Repository/1512354/36_Edit_UserName/Page_Thanh set Channel name - hcmus-cdnc-te_a699a0/span' is clicked on

2020-06-05 11:56:04 - [TEST_STEP][PASSED] - click(findTestObject("Object Repository/1512354/36_Edit_UserName/Page_Thanh set Channel name - hcmus-cdnc-te_a699a0/span_Account Settings")): Object: 'Object Repository/1512354/36_Edit_UserName/Page_Thanh set Channel name - hcmus-cdnc-te_a699a0/span_Account Settings' is clicked on

2020-06-05 11:56:05 - [MESSAGE][PASSED] - Object: 'Object Repository/1512354/36_Edit_UserName/Page_Thanh set Channel name - hcmus-cdnc-te_a699a0/span_Account Settings' is clicked on

2020-06-05 11:56:05 - [TEST_STEP][PASSED] - click(findTestObject("Object Repository/1512354/36_Edit_UserName/Page_Thanh set Channel name - hcmus-cdnc-te_a699a0/span_Edit")): Object: 'Object Repository/1512354/36_Edit_UserName/Page_Thanh set Channel name - hcmus-cdnc-te_a699a0/span_Edit' is clicked on

2020-06-05 11:56:05 - [MESSAGE][PASSED] - Object: 'Object Repository/1512354/36_Edit_UserName/Page_Thanh set Channel name - hcmus-cdnc-te_a699a0/span_Edit' is clicked on

2020-06-05 11:56:05 - [TEST_STEP][PASSED] - setText(findTestObject("Object Repository/1512354/36_Edit_UserName/Page_Thanh set Channel name - hcmus-cdnc-te_a699a0/input_Username_username"), userName): Text 'hcmus-cdnc' is set on object 'Object Repository/1512354/36_Edit_UserName/Page_Thanh set Channel name - hcmus-cdnc-te_a699a0/input_Username_username'

2020-06-05 11:56:07 - [MESSAGE][PASSED] - Text 'hcmus-cdnc' is set on object 'Object Repository/1512354/36_Edit_UserName/Page_Thanh set Channel name - hcmus-cdnc-te_a699a0/input_Username_username'

2020-06-05 11:56:07 - [TEST_STEP][PASSED] - click(findTestObject("Object Repository/1512354/36_Edit_UserName/Page_Thanh set Channel name - hcmus-cdnc-te_a699a0/span_Save")): Object: 'Object Repository/1512354/36_Edit_UserName/Page_Thanh set Channel name - hcmus-cdnc-te_a699a0/span_Save' is clicked on

2020-06-05 11:56:07 - [MESSAGE][PASSED] - Object: 'Object Repository/1512354/36_Edit_UserName/Page_Thanh set Channel name - hcmus-cdnc-te_a699a0/span_Save' is clicked on

2020-06-05 11:56:07 - [TEST_STEP][PASSED] - click(findTestObject("Object Repository/1512354/36_Edit_UserName/Page_Thanh set Channel name - hcmus-cdnc-te_a699a0/span_")): Object: 'Object Repository/1512354/36_Edit_UserName/Page_Thanh set Channel name - hcmus-cdnc-te_a699a0/span_' is clicked on

2020-06-05 11:56:08 - [MESSAGE][PASSED] - Object: 'Object Repository/1512354/36_Edit_UserName/Page_Thanh set Channel name - hcmus-cdnc-te_a699a0/span_' is clicked on

2020-06-05 11:56:08 - [TEST_STEP][PASSED] - closeBrowser(): Browser is closed

2020-06-05 11:56:09 - [MESSAGE][PASSED] - Browser is closed]]></system-out>
         <system-err><![CDATA[]]></system-err>
      </testcase>
      <testcase name="Test Cases/1512354/TC_37_Set_a_header" time="13.148" classname="Test Cases/1512354/TC_37_Set_a_header" status="PASSED">
         <system-out><![CDATA[2020-06-05 11:56:09 - [TEST_CASE][PASSED] - Test Cases/1512354/TC_37_Set_a_header: Test Cases/1512354/TC_37_Set_a_header

2020-06-05 11:56:09 - [TEST_STEP][PASSED] - openBrowser(""): Browser is opened with url: ''

2020-06-05 11:56:09 - [MESSAGE][INFO] - Starting 'Chrome' driver

2020-06-05 11:56:09 - [MESSAGE][INFO] - Action delay is set to 0 milliseconds

2020-06-05 11:56:13 - [MESSAGE][PASSED] - Browser is opened with url: ''

2020-06-05 11:56:13 - [TEST_STEP][PASSED] - navigateToUrl("http://localhost:8065/login"): Navigate to 'http://localhost:8065/login' successfully

2020-06-05 11:56:14 - [MESSAGE][PASSED] - Navigate to 'http://localhost:8065/login' successfully

2020-06-05 11:56:14 - [TEST_STEP][PASSED] - setText(findTestObject("Object Repository/1512354/37_Set_a_header/Page_Mattermost/input_All team communication in one place s_703ef5"), "hcmus-cdnc"): Text 'hcmus-cdnc' is set on object 'Object Repository/1512354/37_Set_a_header/Page_Mattermost/input_All team communication in one place s_703ef5'

2020-06-05 11:56:16 - [MESSAGE][PASSED] - Text 'hcmus-cdnc' is set on object 'Object Repository/1512354/37_Set_a_header/Page_Mattermost/input_All team communication in one place s_703ef5'

2020-06-05 11:56:16 - [TEST_STEP][PASSED] - setEncryptedText(findTestObject("Object Repository/1512354/37_Set_a_header/Page_Mattermost/input_All team communication in one place s_2f2733"), "aeHFOx8jV/A="): Text ****** has been set on object 'Object Repository/1512354/37_Set_a_header/Page_Mattermost/input_All team communication in one place s_2f2733'

2020-06-05 11:56:16 - [MESSAGE][PASSED] - Text ****** has been set on object 'Object Repository/1512354/37_Set_a_header/Page_Mattermost/input_All team communication in one place s_2f2733'

2020-06-05 11:56:16 - [TEST_STEP][PASSED] - sendKeys(findTestObject("Object Repository/1512354/37_Set_a_header/Page_Mattermost/input_All team communication in one place s_2f2733"), Keys.chord(ENTER)): Keys 'ENTER + ' sent to object: 'Object Repository/1512354/37_Set_a_header/Page_Mattermost/input_All team communication in one place s_2f2733'

2020-06-05 11:56:17 - [MESSAGE][PASSED] - Keys 'ENTER + ' sent to object: 'Object Repository/1512354/37_Set_a_header/Page_Mattermost/input_All team communication in one place s_2f2733'

2020-06-05 11:56:17 - [TEST_STEP][PASSED] - click(findTestObject("Object Repository/1512354/37_Set_a_header/Page_Thanh set Channel name - hcmus-cdnc-te_a699a0/button_Set a Header")): Object: 'Object Repository/1512354/37_Set_a_header/Page_Thanh set Channel name - hcmus-cdnc-te_a699a0/button_Set a Header' is clicked on

2020-06-05 11:56:20 - [MESSAGE][PASSED] - Object: 'Object Repository/1512354/37_Set_a_header/Page_Thanh set Channel name - hcmus-cdnc-te_a699a0/button_Set a Header' is clicked on

2020-06-05 11:56:20 - [TEST_STEP][PASSED] - setText(findTestObject("Object Repository/1512354/37_Set_a_header/Page_Thanh set Channel name - hcmus-cdnc-te_a699a0/textarea_thanh set header"), content): Text '999999999213193921129319' is set on object 'Object Repository/1512354/37_Set_a_header/Page_Thanh set Channel name - hcmus-cdnc-te_a699a0/textarea_thanh set header'

2020-06-05 11:56:22 - [MESSAGE][PASSED] - Text '999999999213193921129319' is set on object 'Object Repository/1512354/37_Set_a_header/Page_Thanh set Channel name - hcmus-cdnc-te_a699a0/textarea_thanh set header'

2020-06-05 11:56:22 - [TEST_STEP][PASSED] - click(findTestObject("Object Repository/1512354/37_Set_a_header/Page_Thanh set Channel name - hcmus-cdnc-te_a699a0/button_Save")): Object: 'Object Repository/1512354/37_Set_a_header/Page_Thanh set Channel name - hcmus-cdnc-te_a699a0/button_Save' is clicked on

2020-06-05 11:56:22 - [MESSAGE][PASSED] - Object: 'Object Repository/1512354/37_Set_a_header/Page_Thanh set Channel name - hcmus-cdnc-te_a699a0/button_Save' is clicked on]]></system-out>
         <system-err><![CDATA[]]></system-err>
      </testcase>
      <testcase name="Test Cases/1512354/TC_37_Set_a_header" time="14.282" classname="Test Cases/1512354/TC_37_Set_a_header" status="PASSED">
         <system-out><![CDATA[2020-06-05 11:56:22 - [TEST_CASE][PASSED] - Test Cases/1512354/TC_37_Set_a_header: Test Cases/1512354/TC_37_Set_a_header

2020-06-05 11:56:22 - [TEST_STEP][PASSED] - openBrowser(""): Browser is opened with url: ''

2020-06-05 11:56:22 - [MESSAGE][WARNING] - A browser is already opened. Closing browser and opening a new one

2020-06-05 11:56:23 - [MESSAGE][INFO] - Starting 'Chrome' driver

2020-06-05 11:56:23 - [MESSAGE][INFO] - Action delay is set to 0 milliseconds

2020-06-05 11:56:27 - [MESSAGE][PASSED] - Browser is opened with url: ''

2020-06-05 11:56:27 - [TEST_STEP][PASSED] - navigateToUrl("http://localhost:8065/login"): Navigate to 'http://localhost:8065/login' successfully

2020-06-05 11:56:28 - [MESSAGE][PASSED] - Navigate to 'http://localhost:8065/login' successfully

2020-06-05 11:56:28 - [TEST_STEP][PASSED] - setText(findTestObject("Object Repository/1512354/37_Set_a_header/Page_Mattermost/input_All team communication in one place s_703ef5"), "hcmus-cdnc"): Text 'hcmus-cdnc' is set on object 'Object Repository/1512354/37_Set_a_header/Page_Mattermost/input_All team communication in one place s_703ef5'

2020-06-05 11:56:30 - [MESSAGE][PASSED] - Text 'hcmus-cdnc' is set on object 'Object Repository/1512354/37_Set_a_header/Page_Mattermost/input_All team communication in one place s_703ef5'

2020-06-05 11:56:30 - [TEST_STEP][PASSED] - setEncryptedText(findTestObject("Object Repository/1512354/37_Set_a_header/Page_Mattermost/input_All team communication in one place s_2f2733"), "aeHFOx8jV/A="): Text ****** has been set on object 'Object Repository/1512354/37_Set_a_header/Page_Mattermost/input_All team communication in one place s_2f2733'

2020-06-05 11:56:30 - [MESSAGE][PASSED] - Text ****** has been set on object 'Object Repository/1512354/37_Set_a_header/Page_Mattermost/input_All team communication in one place s_2f2733'

2020-06-05 11:56:30 - [TEST_STEP][PASSED] - sendKeys(findTestObject("Object Repository/1512354/37_Set_a_header/Page_Mattermost/input_All team communication in one place s_2f2733"), Keys.chord(ENTER)): Keys 'ENTER + ' sent to object: 'Object Repository/1512354/37_Set_a_header/Page_Mattermost/input_All team communication in one place s_2f2733'

2020-06-05 11:56:31 - [MESSAGE][PASSED] - Keys 'ENTER + ' sent to object: 'Object Repository/1512354/37_Set_a_header/Page_Mattermost/input_All team communication in one place s_2f2733'

2020-06-05 11:56:31 - [TEST_STEP][PASSED] - click(findTestObject("Object Repository/1512354/37_Set_a_header/Page_Thanh set Channel name - hcmus-cdnc-te_a699a0/button_Set a Header")): Object: 'Object Repository/1512354/37_Set_a_header/Page_Thanh set Channel name - hcmus-cdnc-te_a699a0/button_Set a Header' is clicked on

2020-06-05 11:56:34 - [MESSAGE][PASSED] - Object: 'Object Repository/1512354/37_Set_a_header/Page_Thanh set Channel name - hcmus-cdnc-te_a699a0/button_Set a Header' is clicked on

2020-06-05 11:56:34 - [TEST_STEP][PASSED] - setText(findTestObject("Object Repository/1512354/37_Set_a_header/Page_Thanh set Channel name - hcmus-cdnc-te_a699a0/textarea_thanh set header"), content): Text '$#%@#^^#%##%%' is set on object 'Object Repository/1512354/37_Set_a_header/Page_Thanh set Channel name - hcmus-cdnc-te_a699a0/textarea_thanh set header'

2020-06-05 11:56:36 - [MESSAGE][PASSED] - Text '$#%@#^^#%##%%' is set on object 'Object Repository/1512354/37_Set_a_header/Page_Thanh set Channel name - hcmus-cdnc-te_a699a0/textarea_thanh set header'

2020-06-05 11:56:36 - [TEST_STEP][PASSED] - click(findTestObject("Object Repository/1512354/37_Set_a_header/Page_Thanh set Channel name - hcmus-cdnc-te_a699a0/button_Save")): Object: 'Object Repository/1512354/37_Set_a_header/Page_Thanh set Channel name - hcmus-cdnc-te_a699a0/button_Save' is clicked on

2020-06-05 11:56:36 - [MESSAGE][PASSED] - Object: 'Object Repository/1512354/37_Set_a_header/Page_Thanh set Channel name - hcmus-cdnc-te_a699a0/button_Save' is clicked on]]></system-out>
         <system-err><![CDATA[]]></system-err>
      </testcase>
      <testcase name="Test Cases/1512354/TC_37_Set_a_header" time="14.325" classname="Test Cases/1512354/TC_37_Set_a_header" status="PASSED">
         <system-out><![CDATA[2020-06-05 11:56:37 - [TEST_CASE][PASSED] - Test Cases/1512354/TC_37_Set_a_header: Test Cases/1512354/TC_37_Set_a_header

2020-06-05 11:56:37 - [TEST_STEP][PASSED] - openBrowser(""): Browser is opened with url: ''

2020-06-05 11:56:37 - [MESSAGE][WARNING] - A browser is already opened. Closing browser and opening a new one

2020-06-05 11:56:38 - [MESSAGE][INFO] - Starting 'Chrome' driver

2020-06-05 11:56:38 - [MESSAGE][INFO] - Action delay is set to 0 milliseconds

2020-06-05 11:56:41 - [MESSAGE][PASSED] - Browser is opened with url: ''

2020-06-05 11:56:41 - [TEST_STEP][PASSED] - navigateToUrl("http://localhost:8065/login"): Navigate to 'http://localhost:8065/login' successfully

2020-06-05 11:56:42 - [MESSAGE][PASSED] - Navigate to 'http://localhost:8065/login' successfully

2020-06-05 11:56:42 - [TEST_STEP][PASSED] - setText(findTestObject("Object Repository/1512354/37_Set_a_header/Page_Mattermost/input_All team communication in one place s_703ef5"), "hcmus-cdnc"): Text 'hcmus-cdnc' is set on object 'Object Repository/1512354/37_Set_a_header/Page_Mattermost/input_All team communication in one place s_703ef5'

2020-06-05 11:56:44 - [MESSAGE][PASSED] - Text 'hcmus-cdnc' is set on object 'Object Repository/1512354/37_Set_a_header/Page_Mattermost/input_All team communication in one place s_703ef5'

2020-06-05 11:56:44 - [TEST_STEP][PASSED] - setEncryptedText(findTestObject("Object Repository/1512354/37_Set_a_header/Page_Mattermost/input_All team communication in one place s_2f2733"), "aeHFOx8jV/A="): Text ****** has been set on object 'Object Repository/1512354/37_Set_a_header/Page_Mattermost/input_All team communication in one place s_2f2733'

2020-06-05 11:56:45 - [MESSAGE][PASSED] - Text ****** has been set on object 'Object Repository/1512354/37_Set_a_header/Page_Mattermost/input_All team communication in one place s_2f2733'

2020-06-05 11:56:45 - [TEST_STEP][PASSED] - sendKeys(findTestObject("Object Repository/1512354/37_Set_a_header/Page_Mattermost/input_All team communication in one place s_2f2733"), Keys.chord(ENTER)): Keys 'ENTER + ' sent to object: 'Object Repository/1512354/37_Set_a_header/Page_Mattermost/input_All team communication in one place s_2f2733'

2020-06-05 11:56:46 - [MESSAGE][PASSED] - Keys 'ENTER + ' sent to object: 'Object Repository/1512354/37_Set_a_header/Page_Mattermost/input_All team communication in one place s_2f2733'

2020-06-05 11:56:46 - [TEST_STEP][PASSED] - click(findTestObject("Object Repository/1512354/37_Set_a_header/Page_Thanh set Channel name - hcmus-cdnc-te_a699a0/button_Set a Header")): Object: 'Object Repository/1512354/37_Set_a_header/Page_Thanh set Channel name - hcmus-cdnc-te_a699a0/button_Set a Header' is clicked on

2020-06-05 11:56:49 - [MESSAGE][PASSED] - Object: 'Object Repository/1512354/37_Set_a_header/Page_Thanh set Channel name - hcmus-cdnc-te_a699a0/button_Set a Header' is clicked on

2020-06-05 11:56:49 - [TEST_STEP][PASSED] - setText(findTestObject("Object Repository/1512354/37_Set_a_header/Page_Thanh set Channel name - hcmus-cdnc-te_a699a0/textarea_thanh set header"), content): Text '><VĐGDGR$RFD' is set on object 'Object Repository/1512354/37_Set_a_header/Page_Thanh set Channel name - hcmus-cdnc-te_a699a0/textarea_thanh set header'

2020-06-05 11:56:50 - [MESSAGE][PASSED] - Text '><VĐGDGR$RFD' is set on object 'Object Repository/1512354/37_Set_a_header/Page_Thanh set Channel name - hcmus-cdnc-te_a699a0/textarea_thanh set header'

2020-06-05 11:56:50 - [TEST_STEP][PASSED] - click(findTestObject("Object Repository/1512354/37_Set_a_header/Page_Thanh set Channel name - hcmus-cdnc-te_a699a0/button_Save")): Object: 'Object Repository/1512354/37_Set_a_header/Page_Thanh set Channel name - hcmus-cdnc-te_a699a0/button_Save' is clicked on

2020-06-05 11:56:51 - [MESSAGE][PASSED] - Object: 'Object Repository/1512354/37_Set_a_header/Page_Thanh set Channel name - hcmus-cdnc-te_a699a0/button_Save' is clicked on]]></system-out>
         <system-err><![CDATA[]]></system-err>
      </testcase>
      <testcase name="Test Cases/1512354/TC_37_Set_a_header" time="14.849" classname="Test Cases/1512354/TC_37_Set_a_header" status="PASSED">
         <system-out><![CDATA[2020-06-05 11:56:51 - [TEST_CASE][PASSED] - Test Cases/1512354/TC_37_Set_a_header: Test Cases/1512354/TC_37_Set_a_header

2020-06-05 11:56:51 - [TEST_STEP][PASSED] - openBrowser(""): Browser is opened with url: ''

2020-06-05 11:56:51 - [MESSAGE][WARNING] - A browser is already opened. Closing browser and opening a new one

2020-06-05 11:56:52 - [MESSAGE][INFO] - Starting 'Chrome' driver

2020-06-05 11:56:52 - [MESSAGE][INFO] - Action delay is set to 0 milliseconds

2020-06-05 11:56:56 - [MESSAGE][PASSED] - Browser is opened with url: ''

2020-06-05 11:56:56 - [TEST_STEP][PASSED] - navigateToUrl("http://localhost:8065/login"): Navigate to 'http://localhost:8065/login' successfully

2020-06-05 11:56:58 - [MESSAGE][PASSED] - Navigate to 'http://localhost:8065/login' successfully

2020-06-05 11:56:58 - [TEST_STEP][PASSED] - setText(findTestObject("Object Repository/1512354/37_Set_a_header/Page_Mattermost/input_All team communication in one place s_703ef5"), "hcmus-cdnc"): Text 'hcmus-cdnc' is set on object 'Object Repository/1512354/37_Set_a_header/Page_Mattermost/input_All team communication in one place s_703ef5'

2020-06-05 11:57:00 - [MESSAGE][PASSED] - Text 'hcmus-cdnc' is set on object 'Object Repository/1512354/37_Set_a_header/Page_Mattermost/input_All team communication in one place s_703ef5'

2020-06-05 11:57:00 - [TEST_STEP][PASSED] - setEncryptedText(findTestObject("Object Repository/1512354/37_Set_a_header/Page_Mattermost/input_All team communication in one place s_2f2733"), "aeHFOx8jV/A="): Text ****** has been set on object 'Object Repository/1512354/37_Set_a_header/Page_Mattermost/input_All team communication in one place s_2f2733'

2020-06-05 11:57:00 - [MESSAGE][PASSED] - Text ****** has been set on object 'Object Repository/1512354/37_Set_a_header/Page_Mattermost/input_All team communication in one place s_2f2733'

2020-06-05 11:57:00 - [TEST_STEP][PASSED] - sendKeys(findTestObject("Object Repository/1512354/37_Set_a_header/Page_Mattermost/input_All team communication in one place s_2f2733"), Keys.chord(ENTER)): Keys 'ENTER + ' sent to object: 'Object Repository/1512354/37_Set_a_header/Page_Mattermost/input_All team communication in one place s_2f2733'

2020-06-05 11:57:01 - [MESSAGE][PASSED] - Keys 'ENTER + ' sent to object: 'Object Repository/1512354/37_Set_a_header/Page_Mattermost/input_All team communication in one place s_2f2733'

2020-06-05 11:57:01 - [TEST_STEP][PASSED] - click(findTestObject("Object Repository/1512354/37_Set_a_header/Page_Thanh set Channel name - hcmus-cdnc-te_a699a0/button_Set a Header")): Object: 'Object Repository/1512354/37_Set_a_header/Page_Thanh set Channel name - hcmus-cdnc-te_a699a0/button_Set a Header' is clicked on

2020-06-05 11:57:04 - [MESSAGE][PASSED] - Object: 'Object Repository/1512354/37_Set_a_header/Page_Thanh set Channel name - hcmus-cdnc-te_a699a0/button_Set a Header' is clicked on

2020-06-05 11:57:04 - [TEST_STEP][PASSED] - setText(findTestObject("Object Repository/1512354/37_Set_a_header/Page_Thanh set Channel name - hcmus-cdnc-te_a699a0/textarea_thanh set header"), content): Text '<div><div>' is set on object 'Object Repository/1512354/37_Set_a_header/Page_Thanh set Channel name - hcmus-cdnc-te_a699a0/textarea_thanh set header'

2020-06-05 11:57:05 - [MESSAGE][PASSED] - Text '<div><div>' is set on object 'Object Repository/1512354/37_Set_a_header/Page_Thanh set Channel name - hcmus-cdnc-te_a699a0/textarea_thanh set header'

2020-06-05 11:57:05 - [TEST_STEP][PASSED] - click(findTestObject("Object Repository/1512354/37_Set_a_header/Page_Thanh set Channel name - hcmus-cdnc-te_a699a0/button_Save")): Object: 'Object Repository/1512354/37_Set_a_header/Page_Thanh set Channel name - hcmus-cdnc-te_a699a0/button_Save' is clicked on

2020-06-05 11:57:06 - [MESSAGE][PASSED] - Object: 'Object Repository/1512354/37_Set_a_header/Page_Thanh set Channel name - hcmus-cdnc-te_a699a0/button_Save' is clicked on]]></system-out>
         <system-err><![CDATA[]]></system-err>
      </testcase>
      <testcase name="Test Cases/1512354/TC_37_Set_a_header" time="15.56" classname="Test Cases/1512354/TC_37_Set_a_header" status="PASSED">
         <system-out><![CDATA[2020-06-05 11:57:06 - [TEST_CASE][PASSED] - Test Cases/1512354/TC_37_Set_a_header: Test Cases/1512354/TC_37_Set_a_header

2020-06-05 11:57:06 - [TEST_STEP][PASSED] - openBrowser(""): Browser is opened with url: ''

2020-06-05 11:57:06 - [MESSAGE][WARNING] - A browser is already opened. Closing browser and opening a new one

2020-06-05 11:57:07 - [MESSAGE][INFO] - Starting 'Chrome' driver

2020-06-05 11:57:07 - [MESSAGE][INFO] - Action delay is set to 0 milliseconds

2020-06-05 11:57:10 - [MESSAGE][PASSED] - Browser is opened with url: ''

2020-06-05 11:57:10 - [TEST_STEP][PASSED] - navigateToUrl("http://localhost:8065/login"): Navigate to 'http://localhost:8065/login' successfully

2020-06-05 11:57:12 - [MESSAGE][PASSED] - Navigate to 'http://localhost:8065/login' successfully

2020-06-05 11:57:12 - [TEST_STEP][PASSED] - setText(findTestObject("Object Repository/1512354/37_Set_a_header/Page_Mattermost/input_All team communication in one place s_703ef5"), "hcmus-cdnc"): Text 'hcmus-cdnc' is set on object 'Object Repository/1512354/37_Set_a_header/Page_Mattermost/input_All team communication in one place s_703ef5'

2020-06-05 11:57:14 - [MESSAGE][PASSED] - Text 'hcmus-cdnc' is set on object 'Object Repository/1512354/37_Set_a_header/Page_Mattermost/input_All team communication in one place s_703ef5'

2020-06-05 11:57:14 - [TEST_STEP][PASSED] - setEncryptedText(findTestObject("Object Repository/1512354/37_Set_a_header/Page_Mattermost/input_All team communication in one place s_2f2733"), "aeHFOx8jV/A="): Text ****** has been set on object 'Object Repository/1512354/37_Set_a_header/Page_Mattermost/input_All team communication in one place s_2f2733'

2020-06-05 11:57:15 - [MESSAGE][PASSED] - Text ****** has been set on object 'Object Repository/1512354/37_Set_a_header/Page_Mattermost/input_All team communication in one place s_2f2733'

2020-06-05 11:57:15 - [TEST_STEP][PASSED] - sendKeys(findTestObject("Object Repository/1512354/37_Set_a_header/Page_Mattermost/input_All team communication in one place s_2f2733"), Keys.chord(ENTER)): Keys 'ENTER + ' sent to object: 'Object Repository/1512354/37_Set_a_header/Page_Mattermost/input_All team communication in one place s_2f2733'

2020-06-05 11:57:15 - [MESSAGE][PASSED] - Keys 'ENTER + ' sent to object: 'Object Repository/1512354/37_Set_a_header/Page_Mattermost/input_All team communication in one place s_2f2733'

2020-06-05 11:57:15 - [TEST_STEP][PASSED] - click(findTestObject("Object Repository/1512354/37_Set_a_header/Page_Thanh set Channel name - hcmus-cdnc-te_a699a0/button_Set a Header")): Object: 'Object Repository/1512354/37_Set_a_header/Page_Thanh set Channel name - hcmus-cdnc-te_a699a0/button_Set a Header' is clicked on

2020-06-05 11:57:19 - [MESSAGE][PASSED] - Object: 'Object Repository/1512354/37_Set_a_header/Page_Thanh set Channel name - hcmus-cdnc-te_a699a0/button_Set a Header' is clicked on

2020-06-05 11:57:19 - [TEST_STEP][PASSED] - setText(findTestObject("Object Repository/1512354/37_Set_a_header/Page_Thanh set Channel name - hcmus-cdnc-te_a699a0/textarea_thanh set header"), content): Text 'thanh set header' is set on object 'Object Repository/1512354/37_Set_a_header/Page_Thanh set Channel name - hcmus-cdnc-te_a699a0/textarea_thanh set header'

2020-06-05 11:57:20 - [MESSAGE][PASSED] - Text 'thanh set header' is set on object 'Object Repository/1512354/37_Set_a_header/Page_Thanh set Channel name - hcmus-cdnc-te_a699a0/textarea_thanh set header'

2020-06-05 11:57:20 - [TEST_STEP][PASSED] - click(findTestObject("Object Repository/1512354/37_Set_a_header/Page_Thanh set Channel name - hcmus-cdnc-te_a699a0/button_Save")): Object: 'Object Repository/1512354/37_Set_a_header/Page_Thanh set Channel name - hcmus-cdnc-te_a699a0/button_Save' is clicked on

2020-06-05 11:57:21 - [MESSAGE][PASSED] - Object: 'Object Repository/1512354/37_Set_a_header/Page_Thanh set Channel name - hcmus-cdnc-te_a699a0/button_Save' is clicked on]]></system-out>
         <system-err><![CDATA[]]></system-err>
      </testcase>
      <testcase name="Test Cases/1512354/TC_38_Rename_Channel" time="16.987" classname="Test Cases/1512354/TC_38_Rename_Channel" status="PASSED">
         <system-out><![CDATA[2020-06-05 11:57:21 - [TEST_CASE][PASSED] - Test Cases/1512354/TC_38_Rename_Channel: Test Cases/1512354/TC_38_Rename_Channel

2020-06-05 11:57:22 - [TEST_STEP][PASSED] - openBrowser(""): Browser is opened with url: ''

2020-06-05 11:57:22 - [MESSAGE][WARNING] - A browser is already opened. Closing browser and opening a new one

2020-06-05 11:57:22 - [MESSAGE][INFO] - Starting 'Chrome' driver

2020-06-05 11:57:22 - [MESSAGE][INFO] - Action delay is set to 0 milliseconds

2020-06-05 11:57:26 - [MESSAGE][PASSED] - Browser is opened with url: ''

2020-06-05 11:57:26 - [TEST_STEP][PASSED] - navigateToUrl("http://localhost:8065/login"): Navigate to 'http://localhost:8065/login' successfully

2020-06-05 11:57:27 - [MESSAGE][PASSED] - Navigate to 'http://localhost:8065/login' successfully

2020-06-05 11:57:27 - [TEST_STEP][PASSED] - setText(findTestObject("Object Repository/1512354/38_Rename_channel/Page_Mattermost/input_All team communication in one place s_703ef5"), "hcmus-cdnc"): Text 'hcmus-cdnc' is set on object 'Object Repository/1512354/38_Rename_channel/Page_Mattermost/input_All team communication in one place s_703ef5'

2020-06-05 11:57:29 - [MESSAGE][PASSED] - Text 'hcmus-cdnc' is set on object 'Object Repository/1512354/38_Rename_channel/Page_Mattermost/input_All team communication in one place s_703ef5'

2020-06-05 11:57:29 - [TEST_STEP][PASSED] - setEncryptedText(findTestObject("Object Repository/1512354/38_Rename_channel/Page_Mattermost/input_All team communication in one place s_2f2733"), "aeHFOx8jV/A="): Text ****** has been set on object 'Object Repository/1512354/38_Rename_channel/Page_Mattermost/input_All team communication in one place s_2f2733'

2020-06-05 11:57:30 - [MESSAGE][PASSED] - Text ****** has been set on object 'Object Repository/1512354/38_Rename_channel/Page_Mattermost/input_All team communication in one place s_2f2733'

2020-06-05 11:57:30 - [TEST_STEP][PASSED] - click(findTestObject("Object Repository/1512354/38_Rename_channel/Page_Mattermost/span_Sign in")): Object: 'Object Repository/1512354/38_Rename_channel/Page_Mattermost/span_Sign in' is clicked on

2020-06-05 11:57:31 - [MESSAGE][PASSED] - Object: 'Object Repository/1512354/38_Rename_channel/Page_Mattermost/span_Sign in' is clicked on

2020-06-05 11:57:31 - [TEST_STEP][PASSED] - click(findTestObject("Object Repository/1512354/38_Rename_channel/Page_Town Square - hcmus-cdnc-team Mattermost/span_Town Square_channelHeaderDropdownIcon")): Object: 'Object Repository/1512354/38_Rename_channel/Page_Town Square - hcmus-cdnc-team Mattermost/span_Town Square_channelHeaderDropdownIcon' is clicked on

2020-06-05 11:57:34 - [MESSAGE][PASSED] - Object: 'Object Repository/1512354/38_Rename_channel/Page_Town Square - hcmus-cdnc-team Mattermost/span_Town Square_channelHeaderDropdownIcon' is clicked on

2020-06-05 11:57:34 - [TEST_STEP][PASSED] - click(findTestObject("Object Repository/1512354/38_Rename_channel/Page_Town Square - hcmus-cdnc-team Mattermost/span_Rename Channel")): Object: 'Object Repository/1512354/38_Rename_channel/Page_Town Square - hcmus-cdnc-team Mattermost/span_Rename Channel' is clicked on

2020-06-05 11:57:35 - [MESSAGE][PASSED] - Object: 'Object Repository/1512354/38_Rename_channel/Page_Town Square - hcmus-cdnc-team Mattermost/span_Rename Channel' is clicked on

2020-06-05 11:57:35 - [TEST_STEP][PASSED] - setText(findTestObject("Object Repository/1512354/38_Rename_channel/Page_Town Square - hcmus-cdnc-team Mattermost/input_Display Name_display_name"), channelName): Text '1234565789087654334564576543234576433425764' is set on object 'Object Repository/1512354/38_Rename_channel/Page_Town Square - hcmus-cdnc-team Mattermost/input_Display Name_display_name'

2020-06-05 11:57:37 - [MESSAGE][PASSED] - Text '1234565789087654334564576543234576433425764' is set on object 'Object Repository/1512354/38_Rename_channel/Page_Town Square - hcmus-cdnc-team Mattermost/input_Display Name_display_name'

2020-06-05 11:57:37 - [TEST_STEP][PASSED] - click(findTestObject("Object Repository/1512354/38_Rename_channel/Page_Town Square - hcmus-cdnc-team Mattermost/span_Save")): Object: 'Object Repository/1512354/38_Rename_channel/Page_Town Square - hcmus-cdnc-team Mattermost/span_Save' is clicked on

2020-06-05 11:57:37 - [MESSAGE][PASSED] - Object: 'Object Repository/1512354/38_Rename_channel/Page_Town Square - hcmus-cdnc-team Mattermost/span_Save' is clicked on

2020-06-05 11:57:37 - [TEST_STEP][PASSED] - closeBrowser(): Browser is closed

2020-06-05 11:57:38 - [MESSAGE][PASSED] - Browser is closed]]></system-out>
         <system-err><![CDATA[]]></system-err>
      </testcase>
      <testcase name="Test Cases/1512354/TC_38_Rename_Channel" time="15.236" classname="Test Cases/1512354/TC_38_Rename_Channel" status="PASSED">
         <system-out><![CDATA[2020-06-05 11:57:38 - [TEST_CASE][PASSED] - Test Cases/1512354/TC_38_Rename_Channel: Test Cases/1512354/TC_38_Rename_Channel

2020-06-05 11:57:38 - [TEST_STEP][PASSED] - openBrowser(""): Browser is opened with url: ''

2020-06-05 11:57:38 - [MESSAGE][INFO] - Starting 'Chrome' driver

2020-06-05 11:57:38 - [MESSAGE][INFO] - Action delay is set to 0 milliseconds

2020-06-05 11:57:42 - [MESSAGE][PASSED] - Browser is opened with url: ''

2020-06-05 11:57:42 - [TEST_STEP][PASSED] - navigateToUrl("http://localhost:8065/login"): Navigate to 'http://localhost:8065/login' successfully

2020-06-05 11:57:43 - [MESSAGE][PASSED] - Navigate to 'http://localhost:8065/login' successfully

2020-06-05 11:57:43 - [TEST_STEP][PASSED] - setText(findTestObject("Object Repository/1512354/38_Rename_channel/Page_Mattermost/input_All team communication in one place s_703ef5"), "hcmus-cdnc"): Text 'hcmus-cdnc' is set on object 'Object Repository/1512354/38_Rename_channel/Page_Mattermost/input_All team communication in one place s_703ef5'

2020-06-05 11:57:45 - [MESSAGE][PASSED] - Text 'hcmus-cdnc' is set on object 'Object Repository/1512354/38_Rename_channel/Page_Mattermost/input_All team communication in one place s_703ef5'

2020-06-05 11:57:45 - [TEST_STEP][PASSED] - setEncryptedText(findTestObject("Object Repository/1512354/38_Rename_channel/Page_Mattermost/input_All team communication in one place s_2f2733"), "aeHFOx8jV/A="): Text ****** has been set on object 'Object Repository/1512354/38_Rename_channel/Page_Mattermost/input_All team communication in one place s_2f2733'

2020-06-05 11:57:46 - [MESSAGE][PASSED] - Text ****** has been set on object 'Object Repository/1512354/38_Rename_channel/Page_Mattermost/input_All team communication in one place s_2f2733'

2020-06-05 11:57:46 - [TEST_STEP][PASSED] - click(findTestObject("Object Repository/1512354/38_Rename_channel/Page_Mattermost/span_Sign in")): Object: 'Object Repository/1512354/38_Rename_channel/Page_Mattermost/span_Sign in' is clicked on

2020-06-05 11:57:47 - [MESSAGE][PASSED] - Object: 'Object Repository/1512354/38_Rename_channel/Page_Mattermost/span_Sign in' is clicked on

2020-06-05 11:57:47 - [TEST_STEP][PASSED] - click(findTestObject("Object Repository/1512354/38_Rename_channel/Page_Town Square - hcmus-cdnc-team Mattermost/span_Town Square_channelHeaderDropdownIcon")): Object: 'Object Repository/1512354/38_Rename_channel/Page_Town Square - hcmus-cdnc-team Mattermost/span_Town Square_channelHeaderDropdownIcon' is clicked on

2020-06-05 11:57:50 - [MESSAGE][PASSED] - Object: 'Object Repository/1512354/38_Rename_channel/Page_Town Square - hcmus-cdnc-team Mattermost/span_Town Square_channelHeaderDropdownIcon' is clicked on

2020-06-05 11:57:50 - [TEST_STEP][PASSED] - click(findTestObject("Object Repository/1512354/38_Rename_channel/Page_Town Square - hcmus-cdnc-team Mattermost/span_Rename Channel")): Object: 'Object Repository/1512354/38_Rename_channel/Page_Town Square - hcmus-cdnc-team Mattermost/span_Rename Channel' is clicked on

2020-06-05 11:57:51 - [MESSAGE][PASSED] - Object: 'Object Repository/1512354/38_Rename_channel/Page_Town Square - hcmus-cdnc-team Mattermost/span_Rename Channel' is clicked on

2020-06-05 11:57:51 - [TEST_STEP][PASSED] - setText(findTestObject("Object Repository/1512354/38_Rename_channel/Page_Town Square - hcmus-cdnc-team Mattermost/input_Display Name_display_name"), channelName): Text 'RGDETHRDFE' is set on object 'Object Repository/1512354/38_Rename_channel/Page_Town Square - hcmus-cdnc-team Mattermost/input_Display Name_display_name'

2020-06-05 11:57:52 - [MESSAGE][PASSED] - Text 'RGDETHRDFE' is set on object 'Object Repository/1512354/38_Rename_channel/Page_Town Square - hcmus-cdnc-team Mattermost/input_Display Name_display_name'

2020-06-05 11:57:52 - [TEST_STEP][PASSED] - click(findTestObject("Object Repository/1512354/38_Rename_channel/Page_Town Square - hcmus-cdnc-team Mattermost/span_Save")): Object: 'Object Repository/1512354/38_Rename_channel/Page_Town Square - hcmus-cdnc-team Mattermost/span_Save' is clicked on

2020-06-05 11:57:53 - [MESSAGE][PASSED] - Object: 'Object Repository/1512354/38_Rename_channel/Page_Town Square - hcmus-cdnc-team Mattermost/span_Save' is clicked on

2020-06-05 11:57:53 - [TEST_STEP][PASSED] - closeBrowser(): Browser is closed

2020-06-05 11:57:54 - [MESSAGE][PASSED] - Browser is closed]]></system-out>
         <system-err><![CDATA[]]></system-err>
      </testcase>
      <testcase name="Test Cases/1512354/TC_38_Rename_Channel" time="14.927" classname="Test Cases/1512354/TC_38_Rename_Channel" status="PASSED">
         <system-out><![CDATA[2020-06-05 11:57:54 - [TEST_CASE][PASSED] - Test Cases/1512354/TC_38_Rename_Channel: Test Cases/1512354/TC_38_Rename_Channel

2020-06-05 11:57:54 - [TEST_STEP][PASSED] - openBrowser(""): Browser is opened with url: ''

2020-06-05 11:57:54 - [MESSAGE][INFO] - Starting 'Chrome' driver

2020-06-05 11:57:54 - [MESSAGE][INFO] - Action delay is set to 0 milliseconds

2020-06-05 11:57:57 - [MESSAGE][PASSED] - Browser is opened with url: ''

2020-06-05 11:57:57 - [TEST_STEP][PASSED] - navigateToUrl("http://localhost:8065/login"): Navigate to 'http://localhost:8065/login' successfully

2020-06-05 11:57:58 - [MESSAGE][PASSED] - Navigate to 'http://localhost:8065/login' successfully

2020-06-05 11:57:58 - [TEST_STEP][PASSED] - setText(findTestObject("Object Repository/1512354/38_Rename_channel/Page_Mattermost/input_All team communication in one place s_703ef5"), "hcmus-cdnc"): Text 'hcmus-cdnc' is set on object 'Object Repository/1512354/38_Rename_channel/Page_Mattermost/input_All team communication in one place s_703ef5'

2020-06-05 11:58:00 - [MESSAGE][PASSED] - Text 'hcmus-cdnc' is set on object 'Object Repository/1512354/38_Rename_channel/Page_Mattermost/input_All team communication in one place s_703ef5'

2020-06-05 11:58:00 - [TEST_STEP][PASSED] - setEncryptedText(findTestObject("Object Repository/1512354/38_Rename_channel/Page_Mattermost/input_All team communication in one place s_2f2733"), "aeHFOx8jV/A="): Text ****** has been set on object 'Object Repository/1512354/38_Rename_channel/Page_Mattermost/input_All team communication in one place s_2f2733'

2020-06-05 11:58:01 - [MESSAGE][PASSED] - Text ****** has been set on object 'Object Repository/1512354/38_Rename_channel/Page_Mattermost/input_All team communication in one place s_2f2733'

2020-06-05 11:58:01 - [TEST_STEP][PASSED] - click(findTestObject("Object Repository/1512354/38_Rename_channel/Page_Mattermost/span_Sign in")): Object: 'Object Repository/1512354/38_Rename_channel/Page_Mattermost/span_Sign in' is clicked on

2020-06-05 11:58:02 - [MESSAGE][PASSED] - Object: 'Object Repository/1512354/38_Rename_channel/Page_Mattermost/span_Sign in' is clicked on

2020-06-05 11:58:02 - [TEST_STEP][PASSED] - click(findTestObject("Object Repository/1512354/38_Rename_channel/Page_Town Square - hcmus-cdnc-team Mattermost/span_Town Square_channelHeaderDropdownIcon")): Object: 'Object Repository/1512354/38_Rename_channel/Page_Town Square - hcmus-cdnc-team Mattermost/span_Town Square_channelHeaderDropdownIcon' is clicked on

2020-06-05 11:58:05 - [MESSAGE][PASSED] - Object: 'Object Repository/1512354/38_Rename_channel/Page_Town Square - hcmus-cdnc-team Mattermost/span_Town Square_channelHeaderDropdownIcon' is clicked on

2020-06-05 11:58:05 - [TEST_STEP][PASSED] - click(findTestObject("Object Repository/1512354/38_Rename_channel/Page_Town Square - hcmus-cdnc-team Mattermost/span_Rename Channel")): Object: 'Object Repository/1512354/38_Rename_channel/Page_Town Square - hcmus-cdnc-team Mattermost/span_Rename Channel' is clicked on

2020-06-05 11:58:06 - [MESSAGE][PASSED] - Object: 'Object Repository/1512354/38_Rename_channel/Page_Town Square - hcmus-cdnc-team Mattermost/span_Rename Channel' is clicked on

2020-06-05 11:58:06 - [TEST_STEP][PASSED] - setText(findTestObject("Object Repository/1512354/38_Rename_channel/Page_Town Square - hcmus-cdnc-team Mattermost/input_Display Name_display_name"), channelName): Text '%$##^$#%#%' is set on object 'Object Repository/1512354/38_Rename_channel/Page_Town Square - hcmus-cdnc-team Mattermost/input_Display Name_display_name'

2020-06-05 11:58:07 - [MESSAGE][PASSED] - Text '%$##^$#%#%' is set on object 'Object Repository/1512354/38_Rename_channel/Page_Town Square - hcmus-cdnc-team Mattermost/input_Display Name_display_name'

2020-06-05 11:58:07 - [TEST_STEP][PASSED] - click(findTestObject("Object Repository/1512354/38_Rename_channel/Page_Town Square - hcmus-cdnc-team Mattermost/span_Save")): Object: 'Object Repository/1512354/38_Rename_channel/Page_Town Square - hcmus-cdnc-team Mattermost/span_Save' is clicked on

2020-06-05 11:58:08 - [MESSAGE][PASSED] - Object: 'Object Repository/1512354/38_Rename_channel/Page_Town Square - hcmus-cdnc-team Mattermost/span_Save' is clicked on

2020-06-05 11:58:08 - [TEST_STEP][PASSED] - closeBrowser(): Browser is closed

2020-06-05 11:58:08 - [MESSAGE][PASSED] - Browser is closed]]></system-out>
         <system-err><![CDATA[]]></system-err>
      </testcase>
      <testcase name="Test Cases/1512354/TC_38_Rename_Channel" time="14.93" classname="Test Cases/1512354/TC_38_Rename_Channel" status="PASSED">
         <system-out><![CDATA[2020-06-05 11:58:09 - [TEST_CASE][PASSED] - Test Cases/1512354/TC_38_Rename_Channel: Test Cases/1512354/TC_38_Rename_Channel

2020-06-05 11:58:09 - [TEST_STEP][PASSED] - openBrowser(""): Browser is opened with url: ''

2020-06-05 11:58:09 - [MESSAGE][INFO] - Starting 'Chrome' driver

2020-06-05 11:58:09 - [MESSAGE][INFO] - Action delay is set to 0 milliseconds

2020-06-05 11:58:12 - [MESSAGE][PASSED] - Browser is opened with url: ''

2020-06-05 11:58:12 - [TEST_STEP][PASSED] - navigateToUrl("http://localhost:8065/login"): Navigate to 'http://localhost:8065/login' successfully

2020-06-05 11:58:13 - [MESSAGE][PASSED] - Navigate to 'http://localhost:8065/login' successfully

2020-06-05 11:58:13 - [TEST_STEP][PASSED] - setText(findTestObject("Object Repository/1512354/38_Rename_channel/Page_Mattermost/input_All team communication in one place s_703ef5"), "hcmus-cdnc"): Text 'hcmus-cdnc' is set on object 'Object Repository/1512354/38_Rename_channel/Page_Mattermost/input_All team communication in one place s_703ef5'

2020-06-05 11:58:16 - [MESSAGE][PASSED] - Text 'hcmus-cdnc' is set on object 'Object Repository/1512354/38_Rename_channel/Page_Mattermost/input_All team communication in one place s_703ef5'

2020-06-05 11:58:16 - [TEST_STEP][PASSED] - setEncryptedText(findTestObject("Object Repository/1512354/38_Rename_channel/Page_Mattermost/input_All team communication in one place s_2f2733"), "aeHFOx8jV/A="): Text ****** has been set on object 'Object Repository/1512354/38_Rename_channel/Page_Mattermost/input_All team communication in one place s_2f2733'

2020-06-05 11:58:16 - [MESSAGE][PASSED] - Text ****** has been set on object 'Object Repository/1512354/38_Rename_channel/Page_Mattermost/input_All team communication in one place s_2f2733'

2020-06-05 11:58:16 - [TEST_STEP][PASSED] - click(findTestObject("Object Repository/1512354/38_Rename_channel/Page_Mattermost/span_Sign in")): Object: 'Object Repository/1512354/38_Rename_channel/Page_Mattermost/span_Sign in' is clicked on

2020-06-05 11:58:17 - [MESSAGE][PASSED] - Object: 'Object Repository/1512354/38_Rename_channel/Page_Mattermost/span_Sign in' is clicked on

2020-06-05 11:58:17 - [TEST_STEP][PASSED] - click(findTestObject("Object Repository/1512354/38_Rename_channel/Page_Town Square - hcmus-cdnc-team Mattermost/span_Town Square_channelHeaderDropdownIcon")): Object: 'Object Repository/1512354/38_Rename_channel/Page_Town Square - hcmus-cdnc-team Mattermost/span_Town Square_channelHeaderDropdownIcon' is clicked on

2020-06-05 11:58:20 - [MESSAGE][PASSED] - Object: 'Object Repository/1512354/38_Rename_channel/Page_Town Square - hcmus-cdnc-team Mattermost/span_Town Square_channelHeaderDropdownIcon' is clicked on

2020-06-05 11:58:20 - [TEST_STEP][PASSED] - click(findTestObject("Object Repository/1512354/38_Rename_channel/Page_Town Square - hcmus-cdnc-team Mattermost/span_Rename Channel")): Object: 'Object Repository/1512354/38_Rename_channel/Page_Town Square - hcmus-cdnc-team Mattermost/span_Rename Channel' is clicked on

2020-06-05 11:58:20 - [MESSAGE][PASSED] - Object: 'Object Repository/1512354/38_Rename_channel/Page_Town Square - hcmus-cdnc-team Mattermost/span_Rename Channel' is clicked on

2020-06-05 11:58:20 - [TEST_STEP][PASSED] - setText(findTestObject("Object Repository/1512354/38_Rename_channel/Page_Town Square - hcmus-cdnc-team Mattermost/input_Display Name_display_name"), channelName): Text '<html><html>' is set on object 'Object Repository/1512354/38_Rename_channel/Page_Town Square - hcmus-cdnc-team Mattermost/input_Display Name_display_name'

2020-06-05 11:58:22 - [MESSAGE][PASSED] - Text '<html><html>' is set on object 'Object Repository/1512354/38_Rename_channel/Page_Town Square - hcmus-cdnc-team Mattermost/input_Display Name_display_name'

2020-06-05 11:58:22 - [TEST_STEP][PASSED] - click(findTestObject("Object Repository/1512354/38_Rename_channel/Page_Town Square - hcmus-cdnc-team Mattermost/span_Save")): Object: 'Object Repository/1512354/38_Rename_channel/Page_Town Square - hcmus-cdnc-team Mattermost/span_Save' is clicked on

2020-06-05 11:58:23 - [MESSAGE][PASSED] - Object: 'Object Repository/1512354/38_Rename_channel/Page_Town Square - hcmus-cdnc-team Mattermost/span_Save' is clicked on

2020-06-05 11:58:23 - [TEST_STEP][PASSED] - closeBrowser(): Browser is closed

2020-06-05 11:58:23 - [MESSAGE][PASSED] - Browser is closed]]></system-out>
         <system-err><![CDATA[]]></system-err>
      </testcase>
      <testcase name="Test Cases/1512354/TC_38_Rename_Channel" time="15.159" classname="Test Cases/1512354/TC_38_Rename_Channel" status="PASSED">
         <system-out><![CDATA[2020-06-05 11:58:23 - [TEST_CASE][PASSED] - Test Cases/1512354/TC_38_Rename_Channel: Test Cases/1512354/TC_38_Rename_Channel

2020-06-05 11:58:23 - [TEST_STEP][PASSED] - openBrowser(""): Browser is opened with url: ''

2020-06-05 11:58:23 - [MESSAGE][INFO] - Starting 'Chrome' driver

2020-06-05 11:58:23 - [MESSAGE][INFO] - Action delay is set to 0 milliseconds

2020-06-05 11:58:27 - [MESSAGE][PASSED] - Browser is opened with url: ''

2020-06-05 11:58:27 - [TEST_STEP][PASSED] - navigateToUrl("http://localhost:8065/login"): Navigate to 'http://localhost:8065/login' successfully

2020-06-05 11:58:28 - [MESSAGE][PASSED] - Navigate to 'http://localhost:8065/login' successfully

2020-06-05 11:58:28 - [TEST_STEP][PASSED] - setText(findTestObject("Object Repository/1512354/38_Rename_channel/Page_Mattermost/input_All team communication in one place s_703ef5"), "hcmus-cdnc"): Text 'hcmus-cdnc' is set on object 'Object Repository/1512354/38_Rename_channel/Page_Mattermost/input_All team communication in one place s_703ef5'

2020-06-05 11:58:31 - [MESSAGE][PASSED] - Text 'hcmus-cdnc' is set on object 'Object Repository/1512354/38_Rename_channel/Page_Mattermost/input_All team communication in one place s_703ef5'

2020-06-05 11:58:31 - [TEST_STEP][PASSED] - setEncryptedText(findTestObject("Object Repository/1512354/38_Rename_channel/Page_Mattermost/input_All team communication in one place s_2f2733"), "aeHFOx8jV/A="): Text ****** has been set on object 'Object Repository/1512354/38_Rename_channel/Page_Mattermost/input_All team communication in one place s_2f2733'

2020-06-05 11:58:31 - [MESSAGE][PASSED] - Text ****** has been set on object 'Object Repository/1512354/38_Rename_channel/Page_Mattermost/input_All team communication in one place s_2f2733'

2020-06-05 11:58:31 - [TEST_STEP][PASSED] - click(findTestObject("Object Repository/1512354/38_Rename_channel/Page_Mattermost/span_Sign in")): Object: 'Object Repository/1512354/38_Rename_channel/Page_Mattermost/span_Sign in' is clicked on

2020-06-05 11:58:32 - [MESSAGE][PASSED] - Object: 'Object Repository/1512354/38_Rename_channel/Page_Mattermost/span_Sign in' is clicked on

2020-06-05 11:58:32 - [TEST_STEP][PASSED] - click(findTestObject("Object Repository/1512354/38_Rename_channel/Page_Town Square - hcmus-cdnc-team Mattermost/span_Town Square_channelHeaderDropdownIcon")): Object: 'Object Repository/1512354/38_Rename_channel/Page_Town Square - hcmus-cdnc-team Mattermost/span_Town Square_channelHeaderDropdownIcon' is clicked on

2020-06-05 11:58:35 - [MESSAGE][PASSED] - Object: 'Object Repository/1512354/38_Rename_channel/Page_Town Square - hcmus-cdnc-team Mattermost/span_Town Square_channelHeaderDropdownIcon' is clicked on

2020-06-05 11:58:35 - [TEST_STEP][PASSED] - click(findTestObject("Object Repository/1512354/38_Rename_channel/Page_Town Square - hcmus-cdnc-team Mattermost/span_Rename Channel")): Object: 'Object Repository/1512354/38_Rename_channel/Page_Town Square - hcmus-cdnc-team Mattermost/span_Rename Channel' is clicked on

2020-06-05 11:58:35 - [MESSAGE][PASSED] - Object: 'Object Repository/1512354/38_Rename_channel/Page_Town Square - hcmus-cdnc-team Mattermost/span_Rename Channel' is clicked on

2020-06-05 11:58:35 - [TEST_STEP][PASSED] - setText(findTestObject("Object Repository/1512354/38_Rename_channel/Page_Town Square - hcmus-cdnc-team Mattermost/input_Display Name_display_name"), channelName): Text 'Thanh set Channel name' is set on object 'Object Repository/1512354/38_Rename_channel/Page_Town Square - hcmus-cdnc-team Mattermost/input_Display Name_display_name'

2020-06-05 11:58:37 - [MESSAGE][PASSED] - Text 'Thanh set Channel name' is set on object 'Object Repository/1512354/38_Rename_channel/Page_Town Square - hcmus-cdnc-team Mattermost/input_Display Name_display_name'

2020-06-05 11:58:37 - [TEST_STEP][PASSED] - click(findTestObject("Object Repository/1512354/38_Rename_channel/Page_Town Square - hcmus-cdnc-team Mattermost/span_Save")): Object: 'Object Repository/1512354/38_Rename_channel/Page_Town Square - hcmus-cdnc-team Mattermost/span_Save' is clicked on

2020-06-05 11:58:38 - [MESSAGE][PASSED] - Object: 'Object Repository/1512354/38_Rename_channel/Page_Town Square - hcmus-cdnc-team Mattermost/span_Save' is clicked on

2020-06-05 11:58:38 - [TEST_STEP][PASSED] - closeBrowser(): Browser is closed

2020-06-05 11:58:39 - [MESSAGE][PASSED] - Browser is closed]]></system-out>
         <system-err><![CDATA[]]></system-err>
      </testcase>
      <testcase name="Test Cases/1512354/TC_39_Edit_channel_purpose" time="14.825" classname="Test Cases/1512354/TC_39_Edit_channel_purpose" status="PASSED">
         <system-out><![CDATA[2020-06-05 11:58:39 - [TEST_CASE][PASSED] - Test Cases/1512354/TC_39_Edit_channel_purpose: Test Cases/1512354/TC_39_Edit_channel_purpose

2020-06-05 11:58:39 - [TEST_STEP][PASSED] - openBrowser(""): Browser is opened with url: ''

2020-06-05 11:58:39 - [MESSAGE][INFO] - Starting 'Chrome' driver

2020-06-05 11:58:39 - [MESSAGE][INFO] - Action delay is set to 0 milliseconds

2020-06-05 11:58:42 - [MESSAGE][PASSED] - Browser is opened with url: ''

2020-06-05 11:58:42 - [TEST_STEP][PASSED] - navigateToUrl("http://localhost:8065/login"): Navigate to 'http://localhost:8065/login' successfully

2020-06-05 11:58:44 - [MESSAGE][PASSED] - Navigate to 'http://localhost:8065/login' successfully

2020-06-05 11:58:44 - [TEST_STEP][PASSED] - setText(findTestObject("Object Repository/1512354/39_Edit_channel_purpose/Page_Mattermost/input_All team communication in one place s_703ef5"), "hcmus-cdnc"): Text 'hcmus-cdnc' is set on object 'Object Repository/1512354/39_Edit_channel_purpose/Page_Mattermost/input_All team communication in one place s_703ef5'

2020-06-05 11:58:46 - [MESSAGE][PASSED] - Text 'hcmus-cdnc' is set on object 'Object Repository/1512354/39_Edit_channel_purpose/Page_Mattermost/input_All team communication in one place s_703ef5'

2020-06-05 11:58:46 - [TEST_STEP][PASSED] - setEncryptedText(findTestObject("Object Repository/1512354/39_Edit_channel_purpose/Page_Mattermost/input_All team communication in one place s_2f2733"), "aeHFOx8jV/A="): Text ****** has been set on object 'Object Repository/1512354/39_Edit_channel_purpose/Page_Mattermost/input_All team communication in one place s_2f2733'

2020-06-05 11:58:47 - [MESSAGE][PASSED] - Text ****** has been set on object 'Object Repository/1512354/39_Edit_channel_purpose/Page_Mattermost/input_All team communication in one place s_2f2733'

2020-06-05 11:58:47 - [TEST_STEP][PASSED] - click(findTestObject("Object Repository/1512354/39_Edit_channel_purpose/Page_Mattermost/span_Sign in")): Object: 'Object Repository/1512354/39_Edit_channel_purpose/Page_Mattermost/span_Sign in' is clicked on

2020-06-05 11:58:47 - [MESSAGE][PASSED] - Object: 'Object Repository/1512354/39_Edit_channel_purpose/Page_Mattermost/span_Sign in' is clicked on

2020-06-05 11:58:47 - [TEST_STEP][PASSED] - click(findTestObject("Object Repository/1512354/39_Edit_channel_purpose/Page_Thanh set Channel name - hcmus-cdnc-te_a699a0/span_Thanh set Channel name_channelHeaderDr_8caf36")): Object: 'Object Repository/1512354/39_Edit_channel_purpose/Page_Thanh set Channel name - hcmus-cdnc-te_a699a0/span_Thanh set Channel name_channelHeaderDr_8caf36' is clicked on

2020-06-05 11:58:50 - [MESSAGE][PASSED] - Object: 'Object Repository/1512354/39_Edit_channel_purpose/Page_Thanh set Channel name - hcmus-cdnc-te_a699a0/span_Thanh set Channel name_channelHeaderDr_8caf36' is clicked on

2020-06-05 11:58:50 - [TEST_STEP][PASSED] - click(findTestObject("Object Repository/1512354/39_Edit_channel_purpose/Page_Thanh set Channel name - hcmus-cdnc-te_a699a0/span_Edit Channel Purpose")): Object: 'Object Repository/1512354/39_Edit_channel_purpose/Page_Thanh set Channel name - hcmus-cdnc-te_a699a0/span_Edit Channel Purpose' is clicked on

2020-06-05 11:58:51 - [MESSAGE][PASSED] - Object: 'Object Repository/1512354/39_Edit_channel_purpose/Page_Thanh set Channel name - hcmus-cdnc-te_a699a0/span_Edit Channel Purpose' is clicked on

2020-06-05 11:58:51 - [TEST_STEP][PASSED] - setText(findTestObject("Object Repository/1512354/39_Edit_channel_purpose/Page_Thanh set Channel name - hcmus-cdnc-te_a699a0/textarea_Thanh set Channel name_form-contro_b51f21"), channelPurpose): Text 'THANH' is set on object 'Object Repository/1512354/39_Edit_channel_purpose/Page_Thanh set Channel name - hcmus-cdnc-te_a699a0/textarea_Thanh set Channel name_form-contro_b51f21'

2020-06-05 11:58:52 - [MESSAGE][PASSED] - Text 'THANH' is set on object 'Object Repository/1512354/39_Edit_channel_purpose/Page_Thanh set Channel name - hcmus-cdnc-te_a699a0/textarea_Thanh set Channel name_form-contro_b51f21'

2020-06-05 11:58:52 - [TEST_STEP][PASSED] - click(findTestObject("Object Repository/1512354/39_Edit_channel_purpose/Page_Thanh set Channel name - hcmus-cdnc-te_a699a0/span_Save")): Object: 'Object Repository/1512354/39_Edit_channel_purpose/Page_Thanh set Channel name - hcmus-cdnc-te_a699a0/span_Save' is clicked on

2020-06-05 11:58:53 - [MESSAGE][PASSED] - Object: 'Object Repository/1512354/39_Edit_channel_purpose/Page_Thanh set Channel name - hcmus-cdnc-te_a699a0/span_Save' is clicked on

2020-06-05 11:58:53 - [TEST_STEP][PASSED] - closeBrowser(): Browser is closed

2020-06-05 11:58:53 - [MESSAGE][PASSED] - Browser is closed]]></system-out>
         <system-err><![CDATA[]]></system-err>
      </testcase>
      <testcase name="Test Cases/1512354/TC_39_Edit_channel_purpose" time="14.698" classname="Test Cases/1512354/TC_39_Edit_channel_purpose" status="PASSED">
         <system-out><![CDATA[2020-06-05 11:58:53 - [TEST_CASE][PASSED] - Test Cases/1512354/TC_39_Edit_channel_purpose: Test Cases/1512354/TC_39_Edit_channel_purpose

2020-06-05 11:58:54 - [TEST_STEP][PASSED] - openBrowser(""): Browser is opened with url: ''

2020-06-05 11:58:54 - [MESSAGE][INFO] - Starting 'Chrome' driver

2020-06-05 11:58:54 - [MESSAGE][INFO] - Action delay is set to 0 milliseconds

2020-06-05 11:58:57 - [MESSAGE][PASSED] - Browser is opened with url: ''

2020-06-05 11:58:57 - [TEST_STEP][PASSED] - navigateToUrl("http://localhost:8065/login"): Navigate to 'http://localhost:8065/login' successfully

2020-06-05 11:58:58 - [MESSAGE][PASSED] - Navigate to 'http://localhost:8065/login' successfully

2020-06-05 11:58:58 - [TEST_STEP][PASSED] - setText(findTestObject("Object Repository/1512354/39_Edit_channel_purpose/Page_Mattermost/input_All team communication in one place s_703ef5"), "hcmus-cdnc"): Text 'hcmus-cdnc' is set on object 'Object Repository/1512354/39_Edit_channel_purpose/Page_Mattermost/input_All team communication in one place s_703ef5'

2020-06-05 11:59:00 - [MESSAGE][PASSED] - Text 'hcmus-cdnc' is set on object 'Object Repository/1512354/39_Edit_channel_purpose/Page_Mattermost/input_All team communication in one place s_703ef5'

2020-06-05 11:59:00 - [TEST_STEP][PASSED] - setEncryptedText(findTestObject("Object Repository/1512354/39_Edit_channel_purpose/Page_Mattermost/input_All team communication in one place s_2f2733"), "aeHFOx8jV/A="): Text ****** has been set on object 'Object Repository/1512354/39_Edit_channel_purpose/Page_Mattermost/input_All team communication in one place s_2f2733'

2020-06-05 11:59:01 - [MESSAGE][PASSED] - Text ****** has been set on object 'Object Repository/1512354/39_Edit_channel_purpose/Page_Mattermost/input_All team communication in one place s_2f2733'

2020-06-05 11:59:01 - [TEST_STEP][PASSED] - click(findTestObject("Object Repository/1512354/39_Edit_channel_purpose/Page_Mattermost/span_Sign in")): Object: 'Object Repository/1512354/39_Edit_channel_purpose/Page_Mattermost/span_Sign in' is clicked on

2020-06-05 11:59:01 - [MESSAGE][PASSED] - Object: 'Object Repository/1512354/39_Edit_channel_purpose/Page_Mattermost/span_Sign in' is clicked on

2020-06-05 11:59:01 - [TEST_STEP][PASSED] - click(findTestObject("Object Repository/1512354/39_Edit_channel_purpose/Page_Thanh set Channel name - hcmus-cdnc-te_a699a0/span_Thanh set Channel name_channelHeaderDr_8caf36")): Object: 'Object Repository/1512354/39_Edit_channel_purpose/Page_Thanh set Channel name - hcmus-cdnc-te_a699a0/span_Thanh set Channel name_channelHeaderDr_8caf36' is clicked on

2020-06-05 11:59:04 - [MESSAGE][PASSED] - Object: 'Object Repository/1512354/39_Edit_channel_purpose/Page_Thanh set Channel name - hcmus-cdnc-te_a699a0/span_Thanh set Channel name_channelHeaderDr_8caf36' is clicked on

2020-06-05 11:59:04 - [TEST_STEP][PASSED] - click(findTestObject("Object Repository/1512354/39_Edit_channel_purpose/Page_Thanh set Channel name - hcmus-cdnc-te_a699a0/span_Edit Channel Purpose")): Object: 'Object Repository/1512354/39_Edit_channel_purpose/Page_Thanh set Channel name - hcmus-cdnc-te_a699a0/span_Edit Channel Purpose' is clicked on

2020-06-05 11:59:05 - [MESSAGE][PASSED] - Object: 'Object Repository/1512354/39_Edit_channel_purpose/Page_Thanh set Channel name - hcmus-cdnc-te_a699a0/span_Edit Channel Purpose' is clicked on

2020-06-05 11:59:05 - [TEST_STEP][PASSED] - setText(findTestObject("Object Repository/1512354/39_Edit_channel_purpose/Page_Thanh set Channel name - hcmus-cdnc-te_a699a0/textarea_Thanh set Channel name_form-contro_b51f21"), channelPurpose): Text 'thanh' is set on object 'Object Repository/1512354/39_Edit_channel_purpose/Page_Thanh set Channel name - hcmus-cdnc-te_a699a0/textarea_Thanh set Channel name_form-contro_b51f21'

2020-06-05 11:59:06 - [MESSAGE][PASSED] - Text 'thanh' is set on object 'Object Repository/1512354/39_Edit_channel_purpose/Page_Thanh set Channel name - hcmus-cdnc-te_a699a0/textarea_Thanh set Channel name_form-contro_b51f21'

2020-06-05 11:59:06 - [TEST_STEP][PASSED] - click(findTestObject("Object Repository/1512354/39_Edit_channel_purpose/Page_Thanh set Channel name - hcmus-cdnc-te_a699a0/span_Save")): Object: 'Object Repository/1512354/39_Edit_channel_purpose/Page_Thanh set Channel name - hcmus-cdnc-te_a699a0/span_Save' is clicked on

2020-06-05 11:59:07 - [MESSAGE][PASSED] - Object: 'Object Repository/1512354/39_Edit_channel_purpose/Page_Thanh set Channel name - hcmus-cdnc-te_a699a0/span_Save' is clicked on

2020-06-05 11:59:07 - [TEST_STEP][PASSED] - closeBrowser(): Browser is closed

2020-06-05 11:59:08 - [MESSAGE][PASSED] - Browser is closed]]></system-out>
         <system-err><![CDATA[]]></system-err>
      </testcase>
      <testcase name="Test Cases/1512354/TC_39_Edit_channel_purpose" time="14.929" classname="Test Cases/1512354/TC_39_Edit_channel_purpose" status="PASSED">
         <system-out><![CDATA[2020-06-05 11:59:08 - [TEST_CASE][PASSED] - Test Cases/1512354/TC_39_Edit_channel_purpose: Test Cases/1512354/TC_39_Edit_channel_purpose

2020-06-05 11:59:08 - [TEST_STEP][PASSED] - openBrowser(""): Browser is opened with url: ''

2020-06-05 11:59:08 - [MESSAGE][INFO] - Starting 'Chrome' driver

2020-06-05 11:59:08 - [MESSAGE][INFO] - Action delay is set to 0 milliseconds

2020-06-05 11:59:12 - [MESSAGE][PASSED] - Browser is opened with url: ''

2020-06-05 11:59:12 - [TEST_STEP][PASSED] - navigateToUrl("http://localhost:8065/login"): Navigate to 'http://localhost:8065/login' successfully

2020-06-05 11:59:13 - [MESSAGE][PASSED] - Navigate to 'http://localhost:8065/login' successfully

2020-06-05 11:59:13 - [TEST_STEP][PASSED] - setText(findTestObject("Object Repository/1512354/39_Edit_channel_purpose/Page_Mattermost/input_All team communication in one place s_703ef5"), "hcmus-cdnc"): Text 'hcmus-cdnc' is set on object 'Object Repository/1512354/39_Edit_channel_purpose/Page_Mattermost/input_All team communication in one place s_703ef5'

2020-06-05 11:59:15 - [MESSAGE][PASSED] - Text 'hcmus-cdnc' is set on object 'Object Repository/1512354/39_Edit_channel_purpose/Page_Mattermost/input_All team communication in one place s_703ef5'

2020-06-05 11:59:15 - [TEST_STEP][PASSED] - setEncryptedText(findTestObject("Object Repository/1512354/39_Edit_channel_purpose/Page_Mattermost/input_All team communication in one place s_2f2733"), "aeHFOx8jV/A="): Text ****** has been set on object 'Object Repository/1512354/39_Edit_channel_purpose/Page_Mattermost/input_All team communication in one place s_2f2733'

2020-06-05 11:59:16 - [MESSAGE][PASSED] - Text ****** has been set on object 'Object Repository/1512354/39_Edit_channel_purpose/Page_Mattermost/input_All team communication in one place s_2f2733'

2020-06-05 11:59:16 - [TEST_STEP][PASSED] - click(findTestObject("Object Repository/1512354/39_Edit_channel_purpose/Page_Mattermost/span_Sign in")): Object: 'Object Repository/1512354/39_Edit_channel_purpose/Page_Mattermost/span_Sign in' is clicked on

2020-06-05 11:59:16 - [MESSAGE][PASSED] - Object: 'Object Repository/1512354/39_Edit_channel_purpose/Page_Mattermost/span_Sign in' is clicked on

2020-06-05 11:59:16 - [TEST_STEP][PASSED] - click(findTestObject("Object Repository/1512354/39_Edit_channel_purpose/Page_Thanh set Channel name - hcmus-cdnc-te_a699a0/span_Thanh set Channel name_channelHeaderDr_8caf36")): Object: 'Object Repository/1512354/39_Edit_channel_purpose/Page_Thanh set Channel name - hcmus-cdnc-te_a699a0/span_Thanh set Channel name_channelHeaderDr_8caf36' is clicked on

2020-06-05 11:59:20 - [MESSAGE][PASSED] - Object: 'Object Repository/1512354/39_Edit_channel_purpose/Page_Thanh set Channel name - hcmus-cdnc-te_a699a0/span_Thanh set Channel name_channelHeaderDr_8caf36' is clicked on

2020-06-05 11:59:20 - [TEST_STEP][PASSED] - click(findTestObject("Object Repository/1512354/39_Edit_channel_purpose/Page_Thanh set Channel name - hcmus-cdnc-te_a699a0/span_Edit Channel Purpose")): Object: 'Object Repository/1512354/39_Edit_channel_purpose/Page_Thanh set Channel name - hcmus-cdnc-te_a699a0/span_Edit Channel Purpose' is clicked on

2020-06-05 11:59:21 - [MESSAGE][PASSED] - Object: 'Object Repository/1512354/39_Edit_channel_purpose/Page_Thanh set Channel name - hcmus-cdnc-te_a699a0/span_Edit Channel Purpose' is clicked on

2020-06-05 11:59:21 - [TEST_STEP][PASSED] - setText(findTestObject("Object Repository/1512354/39_Edit_channel_purpose/Page_Thanh set Channel name - hcmus-cdnc-te_a699a0/textarea_Thanh set Channel name_form-contro_b51f21"), channelPurpose): Text '1234567890' is set on object 'Object Repository/1512354/39_Edit_channel_purpose/Page_Thanh set Channel name - hcmus-cdnc-te_a699a0/textarea_Thanh set Channel name_form-contro_b51f21'

2020-06-05 11:59:22 - [MESSAGE][PASSED] - Text '1234567890' is set on object 'Object Repository/1512354/39_Edit_channel_purpose/Page_Thanh set Channel name - hcmus-cdnc-te_a699a0/textarea_Thanh set Channel name_form-contro_b51f21'

2020-06-05 11:59:22 - [TEST_STEP][PASSED] - click(findTestObject("Object Repository/1512354/39_Edit_channel_purpose/Page_Thanh set Channel name - hcmus-cdnc-te_a699a0/span_Save")): Object: 'Object Repository/1512354/39_Edit_channel_purpose/Page_Thanh set Channel name - hcmus-cdnc-te_a699a0/span_Save' is clicked on

2020-06-05 11:59:22 - [MESSAGE][PASSED] - Object: 'Object Repository/1512354/39_Edit_channel_purpose/Page_Thanh set Channel name - hcmus-cdnc-te_a699a0/span_Save' is clicked on

2020-06-05 11:59:22 - [TEST_STEP][PASSED] - closeBrowser(): Browser is closed

2020-06-05 11:59:23 - [MESSAGE][PASSED] - Browser is closed]]></system-out>
         <system-err><![CDATA[]]></system-err>
      </testcase>
      <testcase name="Test Cases/1512354/TC_39_Edit_channel_purpose" time="15.593" classname="Test Cases/1512354/TC_39_Edit_channel_purpose" status="PASSED">
         <system-out><![CDATA[2020-06-05 11:59:23 - [TEST_CASE][PASSED] - Test Cases/1512354/TC_39_Edit_channel_purpose: Test Cases/1512354/TC_39_Edit_channel_purpose

2020-06-05 11:59:23 - [TEST_STEP][PASSED] - openBrowser(""): Browser is opened with url: ''

2020-06-05 11:59:23 - [MESSAGE][INFO] - Starting 'Chrome' driver

2020-06-05 11:59:23 - [MESSAGE][INFO] - Action delay is set to 0 milliseconds

2020-06-05 11:59:27 - [MESSAGE][PASSED] - Browser is opened with url: ''

2020-06-05 11:59:27 - [TEST_STEP][PASSED] - navigateToUrl("http://localhost:8065/login"): Navigate to 'http://localhost:8065/login' successfully

2020-06-05 11:59:28 - [MESSAGE][PASSED] - Navigate to 'http://localhost:8065/login' successfully

2020-06-05 11:59:28 - [TEST_STEP][PASSED] - setText(findTestObject("Object Repository/1512354/39_Edit_channel_purpose/Page_Mattermost/input_All team communication in one place s_703ef5"), "hcmus-cdnc"): Text 'hcmus-cdnc' is set on object 'Object Repository/1512354/39_Edit_channel_purpose/Page_Mattermost/input_All team communication in one place s_703ef5'

2020-06-05 11:59:30 - [MESSAGE][PASSED] - Text 'hcmus-cdnc' is set on object 'Object Repository/1512354/39_Edit_channel_purpose/Page_Mattermost/input_All team communication in one place s_703ef5'

2020-06-05 11:59:30 - [TEST_STEP][PASSED] - setEncryptedText(findTestObject("Object Repository/1512354/39_Edit_channel_purpose/Page_Mattermost/input_All team communication in one place s_2f2733"), "aeHFOx8jV/A="): Text ****** has been set on object 'Object Repository/1512354/39_Edit_channel_purpose/Page_Mattermost/input_All team communication in one place s_2f2733'

2020-06-05 11:59:31 - [MESSAGE][PASSED] - Text ****** has been set on object 'Object Repository/1512354/39_Edit_channel_purpose/Page_Mattermost/input_All team communication in one place s_2f2733'

2020-06-05 11:59:31 - [TEST_STEP][PASSED] - click(findTestObject("Object Repository/1512354/39_Edit_channel_purpose/Page_Mattermost/span_Sign in")): Object: 'Object Repository/1512354/39_Edit_channel_purpose/Page_Mattermost/span_Sign in' is clicked on

2020-06-05 11:59:32 - [MESSAGE][PASSED] - Object: 'Object Repository/1512354/39_Edit_channel_purpose/Page_Mattermost/span_Sign in' is clicked on

2020-06-05 11:59:32 - [TEST_STEP][PASSED] - click(findTestObject("Object Repository/1512354/39_Edit_channel_purpose/Page_Thanh set Channel name - hcmus-cdnc-te_a699a0/span_Thanh set Channel name_channelHeaderDr_8caf36")): Object: 'Object Repository/1512354/39_Edit_channel_purpose/Page_Thanh set Channel name - hcmus-cdnc-te_a699a0/span_Thanh set Channel name_channelHeaderDr_8caf36' is clicked on

2020-06-05 11:59:35 - [MESSAGE][PASSED] - Object: 'Object Repository/1512354/39_Edit_channel_purpose/Page_Thanh set Channel name - hcmus-cdnc-te_a699a0/span_Thanh set Channel name_channelHeaderDr_8caf36' is clicked on

2020-06-05 11:59:35 - [TEST_STEP][PASSED] - click(findTestObject("Object Repository/1512354/39_Edit_channel_purpose/Page_Thanh set Channel name - hcmus-cdnc-te_a699a0/span_Edit Channel Purpose")): Object: 'Object Repository/1512354/39_Edit_channel_purpose/Page_Thanh set Channel name - hcmus-cdnc-te_a699a0/span_Edit Channel Purpose' is clicked on

2020-06-05 11:59:36 - [MESSAGE][PASSED] - Object: 'Object Repository/1512354/39_Edit_channel_purpose/Page_Thanh set Channel name - hcmus-cdnc-te_a699a0/span_Edit Channel Purpose' is clicked on

2020-06-05 11:59:36 - [TEST_STEP][PASSED] - setText(findTestObject("Object Repository/1512354/39_Edit_channel_purpose/Page_Thanh set Channel name - hcmus-cdnc-te_a699a0/textarea_Thanh set Channel name_form-contro_b51f21"), channelPurpose): Text '!@@#R#@@#@' is set on object 'Object Repository/1512354/39_Edit_channel_purpose/Page_Thanh set Channel name - hcmus-cdnc-te_a699a0/textarea_Thanh set Channel name_form-contro_b51f21'

2020-06-05 11:59:37 - [MESSAGE][PASSED] - Text '!@@#R#@@#@' is set on object 'Object Repository/1512354/39_Edit_channel_purpose/Page_Thanh set Channel name - hcmus-cdnc-te_a699a0/textarea_Thanh set Channel name_form-contro_b51f21'

2020-06-05 11:59:37 - [TEST_STEP][PASSED] - click(findTestObject("Object Repository/1512354/39_Edit_channel_purpose/Page_Thanh set Channel name - hcmus-cdnc-te_a699a0/span_Save")): Object: 'Object Repository/1512354/39_Edit_channel_purpose/Page_Thanh set Channel name - hcmus-cdnc-te_a699a0/span_Save' is clicked on

2020-06-05 11:59:38 - [MESSAGE][PASSED] - Object: 'Object Repository/1512354/39_Edit_channel_purpose/Page_Thanh set Channel name - hcmus-cdnc-te_a699a0/span_Save' is clicked on

2020-06-05 11:59:38 - [TEST_STEP][PASSED] - closeBrowser(): Browser is closed

2020-06-05 11:59:39 - [MESSAGE][PASSED] - Browser is closed]]></system-out>
         <system-err><![CDATA[]]></system-err>
      </testcase>
      <testcase name="Test Cases/1512354/TC_39_Edit_channel_purpose" time="15.756" classname="Test Cases/1512354/TC_39_Edit_channel_purpose" status="PASSED">
         <system-out><![CDATA[2020-06-05 11:59:39 - [TEST_CASE][PASSED] - Test Cases/1512354/TC_39_Edit_channel_purpose: Test Cases/1512354/TC_39_Edit_channel_purpose

2020-06-05 11:59:39 - [TEST_STEP][PASSED] - openBrowser(""): Browser is opened with url: ''

2020-06-05 11:59:39 - [MESSAGE][INFO] - Starting 'Chrome' driver

2020-06-05 11:59:39 - [MESSAGE][INFO] - Action delay is set to 0 milliseconds

2020-06-05 11:59:42 - [MESSAGE][PASSED] - Browser is opened with url: ''

2020-06-05 11:59:42 - [TEST_STEP][PASSED] - navigateToUrl("http://localhost:8065/login"): Navigate to 'http://localhost:8065/login' successfully

2020-06-05 11:59:44 - [MESSAGE][PASSED] - Navigate to 'http://localhost:8065/login' successfully

2020-06-05 11:59:44 - [TEST_STEP][PASSED] - setText(findTestObject("Object Repository/1512354/39_Edit_channel_purpose/Page_Mattermost/input_All team communication in one place s_703ef5"), "hcmus-cdnc"): Text 'hcmus-cdnc' is set on object 'Object Repository/1512354/39_Edit_channel_purpose/Page_Mattermost/input_All team communication in one place s_703ef5'

2020-06-05 11:59:46 - [MESSAGE][PASSED] - Text 'hcmus-cdnc' is set on object 'Object Repository/1512354/39_Edit_channel_purpose/Page_Mattermost/input_All team communication in one place s_703ef5'

2020-06-05 11:59:46 - [TEST_STEP][PASSED] - setEncryptedText(findTestObject("Object Repository/1512354/39_Edit_channel_purpose/Page_Mattermost/input_All team communication in one place s_2f2733"), "aeHFOx8jV/A="): Text ****** has been set on object 'Object Repository/1512354/39_Edit_channel_purpose/Page_Mattermost/input_All team communication in one place s_2f2733'

2020-06-05 11:59:47 - [MESSAGE][PASSED] - Text ****** has been set on object 'Object Repository/1512354/39_Edit_channel_purpose/Page_Mattermost/input_All team communication in one place s_2f2733'

2020-06-05 11:59:47 - [TEST_STEP][PASSED] - click(findTestObject("Object Repository/1512354/39_Edit_channel_purpose/Page_Mattermost/span_Sign in")): Object: 'Object Repository/1512354/39_Edit_channel_purpose/Page_Mattermost/span_Sign in' is clicked on

2020-06-05 11:59:47 - [MESSAGE][PASSED] - Object: 'Object Repository/1512354/39_Edit_channel_purpose/Page_Mattermost/span_Sign in' is clicked on

2020-06-05 11:59:47 - [TEST_STEP][PASSED] - click(findTestObject("Object Repository/1512354/39_Edit_channel_purpose/Page_Thanh set Channel name - hcmus-cdnc-te_a699a0/span_Thanh set Channel name_channelHeaderDr_8caf36")): Object: 'Object Repository/1512354/39_Edit_channel_purpose/Page_Thanh set Channel name - hcmus-cdnc-te_a699a0/span_Thanh set Channel name_channelHeaderDr_8caf36' is clicked on

2020-06-05 11:59:51 - [MESSAGE][PASSED] - Object: 'Object Repository/1512354/39_Edit_channel_purpose/Page_Thanh set Channel name - hcmus-cdnc-te_a699a0/span_Thanh set Channel name_channelHeaderDr_8caf36' is clicked on

2020-06-05 11:59:51 - [TEST_STEP][PASSED] - click(findTestObject("Object Repository/1512354/39_Edit_channel_purpose/Page_Thanh set Channel name - hcmus-cdnc-te_a699a0/span_Edit Channel Purpose")): Object: 'Object Repository/1512354/39_Edit_channel_purpose/Page_Thanh set Channel name - hcmus-cdnc-te_a699a0/span_Edit Channel Purpose' is clicked on

2020-06-05 11:59:51 - [MESSAGE][PASSED] - Object: 'Object Repository/1512354/39_Edit_channel_purpose/Page_Thanh set Channel name - hcmus-cdnc-te_a699a0/span_Edit Channel Purpose' is clicked on

2020-06-05 11:59:51 - [TEST_STEP][PASSED] - setText(findTestObject("Object Repository/1512354/39_Edit_channel_purpose/Page_Thanh set Channel name - hcmus-cdnc-te_a699a0/textarea_Thanh set Channel name_form-contro_b51f21"), channelPurpose): Text '<div></div>' is set on object 'Object Repository/1512354/39_Edit_channel_purpose/Page_Thanh set Channel name - hcmus-cdnc-te_a699a0/textarea_Thanh set Channel name_form-contro_b51f21'

2020-06-05 11:59:53 - [MESSAGE][PASSED] - Text '<div></div>' is set on object 'Object Repository/1512354/39_Edit_channel_purpose/Page_Thanh set Channel name - hcmus-cdnc-te_a699a0/textarea_Thanh set Channel name_form-contro_b51f21'

2020-06-05 11:59:53 - [TEST_STEP][PASSED] - click(findTestObject("Object Repository/1512354/39_Edit_channel_purpose/Page_Thanh set Channel name - hcmus-cdnc-te_a699a0/span_Save")): Object: 'Object Repository/1512354/39_Edit_channel_purpose/Page_Thanh set Channel name - hcmus-cdnc-te_a699a0/span_Save' is clicked on

2020-06-05 11:59:54 - [MESSAGE][PASSED] - Object: 'Object Repository/1512354/39_Edit_channel_purpose/Page_Thanh set Channel name - hcmus-cdnc-te_a699a0/span_Save' is clicked on

2020-06-05 11:59:54 - [TEST_STEP][PASSED] - closeBrowser(): Browser is closed

2020-06-05 11:59:55 - [MESSAGE][PASSED] - Browser is closed]]></system-out>
         <system-err><![CDATA[]]></system-err>
      </testcase>
      <testcase name="Test Cases/1512354/TC_40_Edit_channel_header" time="16.606" classname="Test Cases/1512354/TC_40_Edit_channel_header" status="PASSED">
         <system-out><![CDATA[2020-06-05 11:59:55 - [TEST_CASE][PASSED] - Test Cases/1512354/TC_40_Edit_channel_header: Test Cases/1512354/TC_40_Edit_channel_header

2020-06-05 11:59:55 - [TEST_STEP][PASSED] - openBrowser(""): Browser is opened with url: ''

2020-06-05 11:59:55 - [MESSAGE][INFO] - Starting 'Chrome' driver

2020-06-05 11:59:55 - [MESSAGE][INFO] - Action delay is set to 0 milliseconds

2020-06-05 11:59:58 - [MESSAGE][PASSED] - Browser is opened with url: ''

2020-06-05 11:59:58 - [TEST_STEP][PASSED] - navigateToUrl("http://localhost:8065/login"): Navigate to 'http://localhost:8065/login' successfully

2020-06-05 12:00:00 - [MESSAGE][PASSED] - Navigate to 'http://localhost:8065/login' successfully

2020-06-05 12:00:00 - [TEST_STEP][PASSED] - setText(findTestObject("1512354/40_Edit_channel_header/Page_Mattermost/input_All team communication in one place s_703ef5"), "hcmus-cdnc"): Text 'hcmus-cdnc' is set on object 'Object Repository/1512354/40_Edit_channel_header/Page_Mattermost/input_All team communication in one place s_703ef5'

2020-06-05 12:00:02 - [MESSAGE][PASSED] - Text 'hcmus-cdnc' is set on object 'Object Repository/1512354/40_Edit_channel_header/Page_Mattermost/input_All team communication in one place s_703ef5'

2020-06-05 12:00:02 - [TEST_STEP][PASSED] - setEncryptedText(findTestObject("1512354/40_Edit_channel_header/Page_Mattermost/input_All team communication in one place s_2f2733"), "aeHFOx8jV/A="): Text ****** has been set on object 'Object Repository/1512354/40_Edit_channel_header/Page_Mattermost/input_All team communication in one place s_2f2733'

2020-06-05 12:00:03 - [MESSAGE][PASSED] - Text ****** has been set on object 'Object Repository/1512354/40_Edit_channel_header/Page_Mattermost/input_All team communication in one place s_2f2733'

2020-06-05 12:00:03 - [TEST_STEP][PASSED] - sendKeys(findTestObject("1512354/40_Edit_channel_header/Page_Mattermost/input_All team communication in one place s_2f2733"), Keys.chord(ENTER)): Keys 'ENTER + ' sent to object: 'Object Repository/1512354/40_Edit_channel_header/Page_Mattermost/input_All team communication in one place s_2f2733'

2020-06-05 12:00:04 - [MESSAGE][PASSED] - Keys 'ENTER + ' sent to object: 'Object Repository/1512354/40_Edit_channel_header/Page_Mattermost/input_All team communication in one place s_2f2733'

2020-06-05 12:00:04 - [TEST_STEP][PASSED] - click(findTestObject("1512354/40_Edit_channel_header/Page_Thanh set Channel name - hcmus-cdnc-te_a699a0/span_Thanh set Channel name_channelHeaderDr_8caf36")): Object: 'Object Repository/1512354/40_Edit_channel_header/Page_Thanh set Channel name - hcmus-cdnc-te_a699a0/span_Thanh set Channel name_channelHeaderDr_8caf36' is clicked on

2020-06-05 12:00:07 - [MESSAGE][PASSED] - Object: 'Object Repository/1512354/40_Edit_channel_header/Page_Thanh set Channel name - hcmus-cdnc-te_a699a0/span_Thanh set Channel name_channelHeaderDr_8caf36' is clicked on

2020-06-05 12:00:07 - [TEST_STEP][PASSED] - click(findTestObject("1512354/40_Edit_channel_header/Page_Thanh set Channel name - hcmus-cdnc-te_a699a0/span_Edit Channel Header")): Object: 'Object Repository/1512354/40_Edit_channel_header/Page_Thanh set Channel name - hcmus-cdnc-te_a699a0/span_Edit Channel Header' is clicked on

2020-06-05 12:00:08 - [MESSAGE][PASSED] - Object: 'Object Repository/1512354/40_Edit_channel_header/Page_Thanh set Channel name - hcmus-cdnc-te_a699a0/span_Edit Channel Header' is clicked on

2020-06-05 12:00:08 - [TEST_STEP][PASSED] - setText(findTestObject("1512354/40_Edit_channel_header/Page_Thanh set Channel name - hcmus-cdnc-te_a699a0/textarea_thanh set header"), content): Text '999999999213193921129319' is set on object 'Object Repository/1512354/40_Edit_channel_header/Page_Thanh set Channel name - hcmus-cdnc-te_a699a0/textarea_thanh set header'

2020-06-05 12:00:09 - [MESSAGE][PASSED] - Text '999999999213193921129319' is set on object 'Object Repository/1512354/40_Edit_channel_header/Page_Thanh set Channel name - hcmus-cdnc-te_a699a0/textarea_thanh set header'

2020-06-05 12:00:09 - [TEST_STEP][PASSED] - click(findTestObject("1512354/40_Edit_channel_header/Page_Thanh set Channel name - hcmus-cdnc-te_a699a0/span_Save")): Object: 'Object Repository/1512354/40_Edit_channel_header/Page_Thanh set Channel name - hcmus-cdnc-te_a699a0/span_Save' is clicked on

2020-06-05 12:00:10 - [MESSAGE][PASSED] - Object: 'Object Repository/1512354/40_Edit_channel_header/Page_Thanh set Channel name - hcmus-cdnc-te_a699a0/span_Save' is clicked on

2020-06-05 12:00:10 - [TEST_STEP][PASSED] - closeBrowser(): Browser is closed

2020-06-05 12:00:11 - [MESSAGE][PASSED] - Browser is closed]]></system-out>
         <system-err><![CDATA[]]></system-err>
      </testcase>
      <testcase name="Test Cases/1512354/TC_40_Edit_channel_header" time="15.805" classname="Test Cases/1512354/TC_40_Edit_channel_header" status="PASSED">
         <system-out><![CDATA[2020-06-05 12:00:11 - [TEST_CASE][PASSED] - Test Cases/1512354/TC_40_Edit_channel_header: Test Cases/1512354/TC_40_Edit_channel_header

2020-06-05 12:00:11 - [TEST_STEP][PASSED] - openBrowser(""): Browser is opened with url: ''

2020-06-05 12:00:11 - [MESSAGE][INFO] - Starting 'Chrome' driver

2020-06-05 12:00:11 - [MESSAGE][INFO] - Action delay is set to 0 milliseconds

2020-06-05 12:00:15 - [MESSAGE][PASSED] - Browser is opened with url: ''

2020-06-05 12:00:15 - [TEST_STEP][PASSED] - navigateToUrl("http://localhost:8065/login"): Navigate to 'http://localhost:8065/login' successfully

2020-06-05 12:00:16 - [MESSAGE][PASSED] - Navigate to 'http://localhost:8065/login' successfully

2020-06-05 12:00:16 - [TEST_STEP][PASSED] - setText(findTestObject("1512354/40_Edit_channel_header/Page_Mattermost/input_All team communication in one place s_703ef5"), "hcmus-cdnc"): Text 'hcmus-cdnc' is set on object 'Object Repository/1512354/40_Edit_channel_header/Page_Mattermost/input_All team communication in one place s_703ef5'

2020-06-05 12:00:19 - [MESSAGE][PASSED] - Text 'hcmus-cdnc' is set on object 'Object Repository/1512354/40_Edit_channel_header/Page_Mattermost/input_All team communication in one place s_703ef5'

2020-06-05 12:00:19 - [TEST_STEP][PASSED] - setEncryptedText(findTestObject("1512354/40_Edit_channel_header/Page_Mattermost/input_All team communication in one place s_2f2733"), "aeHFOx8jV/A="): Text ****** has been set on object 'Object Repository/1512354/40_Edit_channel_header/Page_Mattermost/input_All team communication in one place s_2f2733'

2020-06-05 12:00:19 - [MESSAGE][PASSED] - Text ****** has been set on object 'Object Repository/1512354/40_Edit_channel_header/Page_Mattermost/input_All team communication in one place s_2f2733'

2020-06-05 12:00:19 - [TEST_STEP][PASSED] - sendKeys(findTestObject("1512354/40_Edit_channel_header/Page_Mattermost/input_All team communication in one place s_2f2733"), Keys.chord(ENTER)): Keys 'ENTER + ' sent to object: 'Object Repository/1512354/40_Edit_channel_header/Page_Mattermost/input_All team communication in one place s_2f2733'

2020-06-05 12:00:20 - [MESSAGE][PASSED] - Keys 'ENTER + ' sent to object: 'Object Repository/1512354/40_Edit_channel_header/Page_Mattermost/input_All team communication in one place s_2f2733'

2020-06-05 12:00:20 - [TEST_STEP][PASSED] - click(findTestObject("1512354/40_Edit_channel_header/Page_Thanh set Channel name - hcmus-cdnc-te_a699a0/span_Thanh set Channel name_channelHeaderDr_8caf36")): Object: 'Object Repository/1512354/40_Edit_channel_header/Page_Thanh set Channel name - hcmus-cdnc-te_a699a0/span_Thanh set Channel name_channelHeaderDr_8caf36' is clicked on

2020-06-05 12:00:23 - [MESSAGE][PASSED] - Object: 'Object Repository/1512354/40_Edit_channel_header/Page_Thanh set Channel name - hcmus-cdnc-te_a699a0/span_Thanh set Channel name_channelHeaderDr_8caf36' is clicked on

2020-06-05 12:00:23 - [TEST_STEP][PASSED] - click(findTestObject("1512354/40_Edit_channel_header/Page_Thanh set Channel name - hcmus-cdnc-te_a699a0/span_Edit Channel Header")): Object: 'Object Repository/1512354/40_Edit_channel_header/Page_Thanh set Channel name - hcmus-cdnc-te_a699a0/span_Edit Channel Header' is clicked on

2020-06-05 12:00:23 - [MESSAGE][PASSED] - Object: 'Object Repository/1512354/40_Edit_channel_header/Page_Thanh set Channel name - hcmus-cdnc-te_a699a0/span_Edit Channel Header' is clicked on

2020-06-05 12:00:23 - [TEST_STEP][PASSED] - setText(findTestObject("1512354/40_Edit_channel_header/Page_Thanh set Channel name - hcmus-cdnc-te_a699a0/textarea_thanh set header"), content): Text '$#%@#^^#%##%%' is set on object 'Object Repository/1512354/40_Edit_channel_header/Page_Thanh set Channel name - hcmus-cdnc-te_a699a0/textarea_thanh set header'

2020-06-05 12:00:25 - [MESSAGE][PASSED] - Text '$#%@#^^#%##%%' is set on object 'Object Repository/1512354/40_Edit_channel_header/Page_Thanh set Channel name - hcmus-cdnc-te_a699a0/textarea_thanh set header'

2020-06-05 12:00:25 - [TEST_STEP][PASSED] - click(findTestObject("1512354/40_Edit_channel_header/Page_Thanh set Channel name - hcmus-cdnc-te_a699a0/span_Save")): Object: 'Object Repository/1512354/40_Edit_channel_header/Page_Thanh set Channel name - hcmus-cdnc-te_a699a0/span_Save' is clicked on

2020-06-05 12:00:26 - [MESSAGE][PASSED] - Object: 'Object Repository/1512354/40_Edit_channel_header/Page_Thanh set Channel name - hcmus-cdnc-te_a699a0/span_Save' is clicked on

2020-06-05 12:00:26 - [TEST_STEP][PASSED] - closeBrowser(): Browser is closed

2020-06-05 12:00:27 - [MESSAGE][PASSED] - Browser is closed]]></system-out>
         <system-err><![CDATA[]]></system-err>
      </testcase>
      <testcase name="Test Cases/1512354/TC_40_Edit_channel_header" time="17.178" classname="Test Cases/1512354/TC_40_Edit_channel_header" status="PASSED">
         <system-out><![CDATA[2020-06-05 12:00:27 - [TEST_CASE][PASSED] - Test Cases/1512354/TC_40_Edit_channel_header: Test Cases/1512354/TC_40_Edit_channel_header

2020-06-05 12:00:27 - [TEST_STEP][PASSED] - openBrowser(""): Browser is opened with url: ''

2020-06-05 12:00:27 - [MESSAGE][INFO] - Starting 'Chrome' driver

2020-06-05 12:00:27 - [MESSAGE][INFO] - Action delay is set to 0 milliseconds

2020-06-05 12:00:30 - [MESSAGE][PASSED] - Browser is opened with url: ''

2020-06-05 12:00:30 - [TEST_STEP][PASSED] - navigateToUrl("http://localhost:8065/login"): Navigate to 'http://localhost:8065/login' successfully

2020-06-05 12:00:32 - [MESSAGE][PASSED] - Navigate to 'http://localhost:8065/login' successfully

2020-06-05 12:00:32 - [TEST_STEP][PASSED] - setText(findTestObject("1512354/40_Edit_channel_header/Page_Mattermost/input_All team communication in one place s_703ef5"), "hcmus-cdnc"): Text 'hcmus-cdnc' is set on object 'Object Repository/1512354/40_Edit_channel_header/Page_Mattermost/input_All team communication in one place s_703ef5'

2020-06-05 12:00:34 - [MESSAGE][PASSED] - Text 'hcmus-cdnc' is set on object 'Object Repository/1512354/40_Edit_channel_header/Page_Mattermost/input_All team communication in one place s_703ef5'

2020-06-05 12:00:34 - [TEST_STEP][PASSED] - setEncryptedText(findTestObject("1512354/40_Edit_channel_header/Page_Mattermost/input_All team communication in one place s_2f2733"), "aeHFOx8jV/A="): Text ****** has been set on object 'Object Repository/1512354/40_Edit_channel_header/Page_Mattermost/input_All team communication in one place s_2f2733'

2020-06-05 12:00:35 - [MESSAGE][PASSED] - Text ****** has been set on object 'Object Repository/1512354/40_Edit_channel_header/Page_Mattermost/input_All team communication in one place s_2f2733'

2020-06-05 12:00:35 - [TEST_STEP][PASSED] - sendKeys(findTestObject("1512354/40_Edit_channel_header/Page_Mattermost/input_All team communication in one place s_2f2733"), Keys.chord(ENTER)): Keys 'ENTER + ' sent to object: 'Object Repository/1512354/40_Edit_channel_header/Page_Mattermost/input_All team communication in one place s_2f2733'

2020-06-05 12:00:35 - [MESSAGE][PASSED] - Keys 'ENTER + ' sent to object: 'Object Repository/1512354/40_Edit_channel_header/Page_Mattermost/input_All team communication in one place s_2f2733'

2020-06-05 12:00:35 - [TEST_STEP][PASSED] - click(findTestObject("1512354/40_Edit_channel_header/Page_Thanh set Channel name - hcmus-cdnc-te_a699a0/span_Thanh set Channel name_channelHeaderDr_8caf36")): Object: 'Object Repository/1512354/40_Edit_channel_header/Page_Thanh set Channel name - hcmus-cdnc-te_a699a0/span_Thanh set Channel name_channelHeaderDr_8caf36' is clicked on

2020-06-05 12:00:39 - [MESSAGE][PASSED] - Object: 'Object Repository/1512354/40_Edit_channel_header/Page_Thanh set Channel name - hcmus-cdnc-te_a699a0/span_Thanh set Channel name_channelHeaderDr_8caf36' is clicked on

2020-06-05 12:00:39 - [TEST_STEP][PASSED] - click(findTestObject("1512354/40_Edit_channel_header/Page_Thanh set Channel name - hcmus-cdnc-te_a699a0/span_Edit Channel Header")): Object: 'Object Repository/1512354/40_Edit_channel_header/Page_Thanh set Channel name - hcmus-cdnc-te_a699a0/span_Edit Channel Header' is clicked on

2020-06-05 12:00:40 - [MESSAGE][PASSED] - Object: 'Object Repository/1512354/40_Edit_channel_header/Page_Thanh set Channel name - hcmus-cdnc-te_a699a0/span_Edit Channel Header' is clicked on

2020-06-05 12:00:40 - [TEST_STEP][PASSED] - setText(findTestObject("1512354/40_Edit_channel_header/Page_Thanh set Channel name - hcmus-cdnc-te_a699a0/textarea_thanh set header"), content): Text '><VĐGDGR$RFD' is set on object 'Object Repository/1512354/40_Edit_channel_header/Page_Thanh set Channel name - hcmus-cdnc-te_a699a0/textarea_thanh set header'

2020-06-05 12:00:42 - [MESSAGE][PASSED] - Text '><VĐGDGR$RFD' is set on object 'Object Repository/1512354/40_Edit_channel_header/Page_Thanh set Channel name - hcmus-cdnc-te_a699a0/textarea_thanh set header'

2020-06-05 12:00:42 - [TEST_STEP][PASSED] - click(findTestObject("1512354/40_Edit_channel_header/Page_Thanh set Channel name - hcmus-cdnc-te_a699a0/span_Save")): Object: 'Object Repository/1512354/40_Edit_channel_header/Page_Thanh set Channel name - hcmus-cdnc-te_a699a0/span_Save' is clicked on

2020-06-05 12:00:43 - [MESSAGE][PASSED] - Object: 'Object Repository/1512354/40_Edit_channel_header/Page_Thanh set Channel name - hcmus-cdnc-te_a699a0/span_Save' is clicked on

2020-06-05 12:00:43 - [TEST_STEP][PASSED] - closeBrowser(): Browser is closed

2020-06-05 12:00:44 - [MESSAGE][PASSED] - Browser is closed]]></system-out>
         <system-err><![CDATA[]]></system-err>
      </testcase>
      <testcase name="Test Cases/1512354/TC_40_Edit_channel_header" time="14.813" classname="Test Cases/1512354/TC_40_Edit_channel_header" status="PASSED">
         <system-out><![CDATA[2020-06-05 12:00:44 - [TEST_CASE][PASSED] - Test Cases/1512354/TC_40_Edit_channel_header: Test Cases/1512354/TC_40_Edit_channel_header

2020-06-05 12:00:44 - [TEST_STEP][PASSED] - openBrowser(""): Browser is opened with url: ''

2020-06-05 12:00:44 - [MESSAGE][INFO] - Starting 'Chrome' driver

2020-06-05 12:00:44 - [MESSAGE][INFO] - Action delay is set to 0 milliseconds

2020-06-05 12:00:48 - [MESSAGE][PASSED] - Browser is opened with url: ''

2020-06-05 12:00:48 - [TEST_STEP][PASSED] - navigateToUrl("http://localhost:8065/login"): Navigate to 'http://localhost:8065/login' successfully

2020-06-05 12:00:49 - [MESSAGE][PASSED] - Navigate to 'http://localhost:8065/login' successfully

2020-06-05 12:00:49 - [TEST_STEP][PASSED] - setText(findTestObject("1512354/40_Edit_channel_header/Page_Mattermost/input_All team communication in one place s_703ef5"), "hcmus-cdnc"): Text 'hcmus-cdnc' is set on object 'Object Repository/1512354/40_Edit_channel_header/Page_Mattermost/input_All team communication in one place s_703ef5'

2020-06-05 12:00:51 - [MESSAGE][PASSED] - Text 'hcmus-cdnc' is set on object 'Object Repository/1512354/40_Edit_channel_header/Page_Mattermost/input_All team communication in one place s_703ef5'

2020-06-05 12:00:51 - [TEST_STEP][PASSED] - setEncryptedText(findTestObject("1512354/40_Edit_channel_header/Page_Mattermost/input_All team communication in one place s_2f2733"), "aeHFOx8jV/A="): Text ****** has been set on object 'Object Repository/1512354/40_Edit_channel_header/Page_Mattermost/input_All team communication in one place s_2f2733'

2020-06-05 12:00:52 - [MESSAGE][PASSED] - Text ****** has been set on object 'Object Repository/1512354/40_Edit_channel_header/Page_Mattermost/input_All team communication in one place s_2f2733'

2020-06-05 12:00:52 - [TEST_STEP][PASSED] - sendKeys(findTestObject("1512354/40_Edit_channel_header/Page_Mattermost/input_All team communication in one place s_2f2733"), Keys.chord(ENTER)): Keys 'ENTER + ' sent to object: 'Object Repository/1512354/40_Edit_channel_header/Page_Mattermost/input_All team communication in one place s_2f2733'

2020-06-05 12:00:52 - [MESSAGE][PASSED] - Keys 'ENTER + ' sent to object: 'Object Repository/1512354/40_Edit_channel_header/Page_Mattermost/input_All team communication in one place s_2f2733'

2020-06-05 12:00:52 - [TEST_STEP][PASSED] - click(findTestObject("1512354/40_Edit_channel_header/Page_Thanh set Channel name - hcmus-cdnc-te_a699a0/span_Thanh set Channel name_channelHeaderDr_8caf36")): Object: 'Object Repository/1512354/40_Edit_channel_header/Page_Thanh set Channel name - hcmus-cdnc-te_a699a0/span_Thanh set Channel name_channelHeaderDr_8caf36' is clicked on

2020-06-05 12:00:55 - [MESSAGE][PASSED] - Object: 'Object Repository/1512354/40_Edit_channel_header/Page_Thanh set Channel name - hcmus-cdnc-te_a699a0/span_Thanh set Channel name_channelHeaderDr_8caf36' is clicked on

2020-06-05 12:00:55 - [TEST_STEP][PASSED] - click(findTestObject("1512354/40_Edit_channel_header/Page_Thanh set Channel name - hcmus-cdnc-te_a699a0/span_Edit Channel Header")): Object: 'Object Repository/1512354/40_Edit_channel_header/Page_Thanh set Channel name - hcmus-cdnc-te_a699a0/span_Edit Channel Header' is clicked on

2020-06-05 12:00:56 - [MESSAGE][PASSED] - Object: 'Object Repository/1512354/40_Edit_channel_header/Page_Thanh set Channel name - hcmus-cdnc-te_a699a0/span_Edit Channel Header' is clicked on

2020-06-05 12:00:56 - [TEST_STEP][PASSED] - setText(findTestObject("1512354/40_Edit_channel_header/Page_Thanh set Channel name - hcmus-cdnc-te_a699a0/textarea_thanh set header"), content): Text '<div><div>' is set on object 'Object Repository/1512354/40_Edit_channel_header/Page_Thanh set Channel name - hcmus-cdnc-te_a699a0/textarea_thanh set header'

2020-06-05 12:00:57 - [MESSAGE][PASSED] - Text '<div><div>' is set on object 'Object Repository/1512354/40_Edit_channel_header/Page_Thanh set Channel name - hcmus-cdnc-te_a699a0/textarea_thanh set header'

2020-06-05 12:00:57 - [TEST_STEP][PASSED] - click(findTestObject("1512354/40_Edit_channel_header/Page_Thanh set Channel name - hcmus-cdnc-te_a699a0/span_Save")): Object: 'Object Repository/1512354/40_Edit_channel_header/Page_Thanh set Channel name - hcmus-cdnc-te_a699a0/span_Save' is clicked on

2020-06-05 12:00:58 - [MESSAGE][PASSED] - Object: 'Object Repository/1512354/40_Edit_channel_header/Page_Thanh set Channel name - hcmus-cdnc-te_a699a0/span_Save' is clicked on

2020-06-05 12:00:58 - [TEST_STEP][PASSED] - closeBrowser(): Browser is closed

2020-06-05 12:00:59 - [MESSAGE][PASSED] - Browser is closed]]></system-out>
         <system-err><![CDATA[]]></system-err>
      </testcase>
      <testcase name="Test Cases/1512354/TC_40_Edit_channel_header" time="15.794" classname="Test Cases/1512354/TC_40_Edit_channel_header" status="PASSED">
         <system-out><![CDATA[2020-06-05 12:00:59 - [TEST_CASE][PASSED] - Test Cases/1512354/TC_40_Edit_channel_header: Test Cases/1512354/TC_40_Edit_channel_header

2020-06-05 12:00:59 - [TEST_STEP][PASSED] - openBrowser(""): Browser is opened with url: ''

2020-06-05 12:00:59 - [MESSAGE][INFO] - Starting 'Chrome' driver

2020-06-05 12:00:59 - [MESSAGE][INFO] - Action delay is set to 0 milliseconds

2020-06-05 12:01:03 - [MESSAGE][PASSED] - Browser is opened with url: ''

2020-06-05 12:01:03 - [TEST_STEP][PASSED] - navigateToUrl("http://localhost:8065/login"): Navigate to 'http://localhost:8065/login' successfully

2020-06-05 12:01:04 - [MESSAGE][PASSED] - Navigate to 'http://localhost:8065/login' successfully

2020-06-05 12:01:04 - [TEST_STEP][PASSED] - setText(findTestObject("1512354/40_Edit_channel_header/Page_Mattermost/input_All team communication in one place s_703ef5"), "hcmus-cdnc"): Text 'hcmus-cdnc' is set on object 'Object Repository/1512354/40_Edit_channel_header/Page_Mattermost/input_All team communication in one place s_703ef5'

2020-06-05 12:01:06 - [MESSAGE][PASSED] - Text 'hcmus-cdnc' is set on object 'Object Repository/1512354/40_Edit_channel_header/Page_Mattermost/input_All team communication in one place s_703ef5'

2020-06-05 12:01:06 - [TEST_STEP][PASSED] - setEncryptedText(findTestObject("1512354/40_Edit_channel_header/Page_Mattermost/input_All team communication in one place s_2f2733"), "aeHFOx8jV/A="): Text ****** has been set on object 'Object Repository/1512354/40_Edit_channel_header/Page_Mattermost/input_All team communication in one place s_2f2733'

2020-06-05 12:01:07 - [MESSAGE][PASSED] - Text ****** has been set on object 'Object Repository/1512354/40_Edit_channel_header/Page_Mattermost/input_All team communication in one place s_2f2733'

2020-06-05 12:01:07 - [TEST_STEP][PASSED] - sendKeys(findTestObject("1512354/40_Edit_channel_header/Page_Mattermost/input_All team communication in one place s_2f2733"), Keys.chord(ENTER)): Keys 'ENTER + ' sent to object: 'Object Repository/1512354/40_Edit_channel_header/Page_Mattermost/input_All team communication in one place s_2f2733'

2020-06-05 12:01:07 - [MESSAGE][PASSED] - Keys 'ENTER + ' sent to object: 'Object Repository/1512354/40_Edit_channel_header/Page_Mattermost/input_All team communication in one place s_2f2733'

2020-06-05 12:01:07 - [TEST_STEP][PASSED] - click(findTestObject("1512354/40_Edit_channel_header/Page_Thanh set Channel name - hcmus-cdnc-te_a699a0/span_Thanh set Channel name_channelHeaderDr_8caf36")): Object: 'Object Repository/1512354/40_Edit_channel_header/Page_Thanh set Channel name - hcmus-cdnc-te_a699a0/span_Thanh set Channel name_channelHeaderDr_8caf36' is clicked on

2020-06-05 12:01:11 - [MESSAGE][PASSED] - Object: 'Object Repository/1512354/40_Edit_channel_header/Page_Thanh set Channel name - hcmus-cdnc-te_a699a0/span_Thanh set Channel name_channelHeaderDr_8caf36' is clicked on

2020-06-05 12:01:11 - [TEST_STEP][PASSED] - click(findTestObject("1512354/40_Edit_channel_header/Page_Thanh set Channel name - hcmus-cdnc-te_a699a0/span_Edit Channel Header")): Object: 'Object Repository/1512354/40_Edit_channel_header/Page_Thanh set Channel name - hcmus-cdnc-te_a699a0/span_Edit Channel Header' is clicked on

2020-06-05 12:01:12 - [MESSAGE][PASSED] - Object: 'Object Repository/1512354/40_Edit_channel_header/Page_Thanh set Channel name - hcmus-cdnc-te_a699a0/span_Edit Channel Header' is clicked on

2020-06-05 12:01:12 - [TEST_STEP][PASSED] - setText(findTestObject("1512354/40_Edit_channel_header/Page_Thanh set Channel name - hcmus-cdnc-te_a699a0/textarea_thanh set header"), content): Text 'thanh set header' is set on object 'Object Repository/1512354/40_Edit_channel_header/Page_Thanh set Channel name - hcmus-cdnc-te_a699a0/textarea_thanh set header'

2020-06-05 12:01:13 - [MESSAGE][PASSED] - Text 'thanh set header' is set on object 'Object Repository/1512354/40_Edit_channel_header/Page_Thanh set Channel name - hcmus-cdnc-te_a699a0/textarea_thanh set header'

2020-06-05 12:01:13 - [TEST_STEP][PASSED] - click(findTestObject("1512354/40_Edit_channel_header/Page_Thanh set Channel name - hcmus-cdnc-te_a699a0/span_Save")): Object: 'Object Repository/1512354/40_Edit_channel_header/Page_Thanh set Channel name - hcmus-cdnc-te_a699a0/span_Save' is clicked on

2020-06-05 12:01:14 - [MESSAGE][PASSED] - Object: 'Object Repository/1512354/40_Edit_channel_header/Page_Thanh set Channel name - hcmus-cdnc-te_a699a0/span_Save' is clicked on

2020-06-05 12:01:14 - [TEST_STEP][PASSED] - closeBrowser(): Browser is closed

2020-06-05 12:01:15 - [MESSAGE][PASSED] - Browser is closed]]></system-out>
         <system-err><![CDATA[]]></system-err>
      </testcase>
      <testcase name="Test Cases/1512354/TC_41_CreateTeam" time="16.446" classname="Test Cases/1512354/TC_41_CreateTeam" status="PASSED">
         <system-out><![CDATA[2020-06-05 12:01:15 - [TEST_CASE][PASSED] - Test Cases/1512354/TC_41_CreateTeam: Test Cases/1512354/TC_41_CreateTeam

2020-06-05 12:01:15 - [TEST_STEP][PASSED] - openBrowser(""): Browser is opened with url: ''

2020-06-05 12:01:15 - [MESSAGE][INFO] - Starting 'Chrome' driver

2020-06-05 12:01:15 - [MESSAGE][INFO] - Action delay is set to 0 milliseconds

2020-06-05 12:01:19 - [MESSAGE][PASSED] - Browser is opened with url: ''

2020-06-05 12:01:19 - [TEST_STEP][PASSED] - navigateToUrl("http://localhost:8065/login"): Navigate to 'http://localhost:8065/login' successfully

2020-06-05 12:01:21 - [MESSAGE][PASSED] - Navigate to 'http://localhost:8065/login' successfully

2020-06-05 12:01:21 - [TEST_STEP][PASSED] - setText(findTestObject("Object Repository/1512354/41_CreateTeam/Page_Mattermost/input_All team communication in one place s_703ef5"), "hcmus-cdnc"): Text 'hcmus-cdnc' is set on object 'Object Repository/1512354/41_CreateTeam/Page_Mattermost/input_All team communication in one place s_703ef5'

2020-06-05 12:01:23 - [MESSAGE][PASSED] - Text 'hcmus-cdnc' is set on object 'Object Repository/1512354/41_CreateTeam/Page_Mattermost/input_All team communication in one place s_703ef5'

2020-06-05 12:01:23 - [TEST_STEP][PASSED] - setEncryptedText(findTestObject("Object Repository/1512354/41_CreateTeam/Page_Mattermost/input_All team communication in one place s_2f2733"), "aeHFOx8jV/A="): Text ****** has been set on object 'Object Repository/1512354/41_CreateTeam/Page_Mattermost/input_All team communication in one place s_2f2733'

2020-06-05 12:01:23 - [MESSAGE][PASSED] - Text ****** has been set on object 'Object Repository/1512354/41_CreateTeam/Page_Mattermost/input_All team communication in one place s_2f2733'

2020-06-05 12:01:23 - [TEST_STEP][PASSED] - click(findTestObject("Object Repository/1512354/41_CreateTeam/Page_Mattermost/button_Sign in")): Object: 'Object Repository/1512354/41_CreateTeam/Page_Mattermost/button_Sign in' is clicked on

2020-06-05 12:01:24 - [MESSAGE][PASSED] - Object: 'Object Repository/1512354/41_CreateTeam/Page_Mattermost/button_Sign in' is clicked on

2020-06-05 12:01:24 - [TEST_STEP][PASSED] - click(findTestObject("Object Repository/1512354/41_CreateTeam/Page_Thanh set Channel name - hcmus-cdnc-te_a699a0/div_")): Object: 'Object Repository/1512354/41_CreateTeam/Page_Thanh set Channel name - hcmus-cdnc-te_a699a0/div_' is clicked on

2020-06-05 12:01:28 - [MESSAGE][PASSED] - Object: 'Object Repository/1512354/41_CreateTeam/Page_Thanh set Channel name - hcmus-cdnc-te_a699a0/div_' is clicked on

2020-06-05 12:01:28 - [TEST_STEP][PASSED] - click(findTestObject("Object Repository/1512354/41_CreateTeam/Page_Thanh set Channel name - hcmus-cdnc-te_a699a0/span_Create a team")): Object: 'Object Repository/1512354/41_CreateTeam/Page_Thanh set Channel name - hcmus-cdnc-te_a699a0/span_Create a team' is clicked on

2020-06-05 12:01:29 - [MESSAGE][PASSED] - Object: 'Object Repository/1512354/41_CreateTeam/Page_Thanh set Channel name - hcmus-cdnc-te_a699a0/span_Create a team' is clicked on

2020-06-05 12:01:29 - [TEST_STEP][PASSED] - setText(findTestObject("Object Repository/1512354/41_CreateTeam/Page_Thanh set Channel name - hcmus-cdnc-te_a699a0/input_Team Name_teamNameInput"), teamName): Text 'Team1' is set on object 'Object Repository/1512354/41_CreateTeam/Page_Thanh set Channel name - hcmus-cdnc-te_a699a0/input_Team Name_teamNameInput'

2020-06-05 12:01:30 - [MESSAGE][PASSED] - Text 'Team1' is set on object 'Object Repository/1512354/41_CreateTeam/Page_Thanh set Channel name - hcmus-cdnc-te_a699a0/input_Team Name_teamNameInput'

2020-06-05 12:01:30 - [TEST_STEP][PASSED] - click(findTestObject("Object Repository/1512354/41_CreateTeam/Page_Thanh set Channel name - hcmus-cdnc-te_a699a0/button_Next")): Object: 'Object Repository/1512354/41_CreateTeam/Page_Thanh set Channel name - hcmus-cdnc-te_a699a0/button_Next' is clicked on

2020-06-05 12:01:30 - [MESSAGE][PASSED] - Object: 'Object Repository/1512354/41_CreateTeam/Page_Thanh set Channel name - hcmus-cdnc-te_a699a0/button_Next' is clicked on

2020-06-05 12:01:30 - [TEST_STEP][PASSED] - click(findTestObject("Object Repository/1512354/41_CreateTeam/Page_Thanh set Channel name - hcmus-cdnc-te_a699a0/button_Finish")): Object: 'Object Repository/1512354/41_CreateTeam/Page_Thanh set Channel name - hcmus-cdnc-te_a699a0/button_Finish' is clicked on

2020-06-05 12:01:31 - [MESSAGE][PASSED] - Object: 'Object Repository/1512354/41_CreateTeam/Page_Thanh set Channel name - hcmus-cdnc-te_a699a0/button_Finish' is clicked on

2020-06-05 12:01:31 - [TEST_STEP][PASSED] - closeBrowser(): Browser is closed

2020-06-05 12:01:31 - [MESSAGE][PASSED] - Browser is closed]]></system-out>
         <system-err><![CDATA[]]></system-err>
      </testcase>
      <testcase name="Test Cases/1512354/TC_41_CreateTeam" time="14.863" classname="Test Cases/1512354/TC_41_CreateTeam" status="PASSED">
         <system-out><![CDATA[2020-06-05 12:01:31 - [TEST_CASE][PASSED] - Test Cases/1512354/TC_41_CreateTeam: Test Cases/1512354/TC_41_CreateTeam

2020-06-05 12:01:31 - [TEST_STEP][PASSED] - openBrowser(""): Browser is opened with url: ''

2020-06-05 12:01:31 - [MESSAGE][INFO] - Starting 'Chrome' driver

2020-06-05 12:01:31 - [MESSAGE][INFO] - Action delay is set to 0 milliseconds

2020-06-05 12:01:35 - [MESSAGE][PASSED] - Browser is opened with url: ''

2020-06-05 12:01:35 - [TEST_STEP][PASSED] - navigateToUrl("http://localhost:8065/login"): Navigate to 'http://localhost:8065/login' successfully

2020-06-05 12:01:36 - [MESSAGE][PASSED] - Navigate to 'http://localhost:8065/login' successfully

2020-06-05 12:01:36 - [TEST_STEP][PASSED] - setText(findTestObject("Object Repository/1512354/41_CreateTeam/Page_Mattermost/input_All team communication in one place s_703ef5"), "hcmus-cdnc"): Text 'hcmus-cdnc' is set on object 'Object Repository/1512354/41_CreateTeam/Page_Mattermost/input_All team communication in one place s_703ef5'

2020-06-05 12:01:38 - [MESSAGE][PASSED] - Text 'hcmus-cdnc' is set on object 'Object Repository/1512354/41_CreateTeam/Page_Mattermost/input_All team communication in one place s_703ef5'

2020-06-05 12:01:38 - [TEST_STEP][PASSED] - setEncryptedText(findTestObject("Object Repository/1512354/41_CreateTeam/Page_Mattermost/input_All team communication in one place s_2f2733"), "aeHFOx8jV/A="): Text ****** has been set on object 'Object Repository/1512354/41_CreateTeam/Page_Mattermost/input_All team communication in one place s_2f2733'

2020-06-05 12:01:39 - [MESSAGE][PASSED] - Text ****** has been set on object 'Object Repository/1512354/41_CreateTeam/Page_Mattermost/input_All team communication in one place s_2f2733'

2020-06-05 12:01:39 - [TEST_STEP][PASSED] - click(findTestObject("Object Repository/1512354/41_CreateTeam/Page_Mattermost/button_Sign in")): Object: 'Object Repository/1512354/41_CreateTeam/Page_Mattermost/button_Sign in' is clicked on

2020-06-05 12:01:39 - [MESSAGE][PASSED] - Object: 'Object Repository/1512354/41_CreateTeam/Page_Mattermost/button_Sign in' is clicked on

2020-06-05 12:01:39 - [TEST_STEP][PASSED] - click(findTestObject("Object Repository/1512354/41_CreateTeam/Page_Thanh set Channel name - hcmus-cdnc-te_a699a0/div_")): Object: 'Object Repository/1512354/41_CreateTeam/Page_Thanh set Channel name - hcmus-cdnc-te_a699a0/div_' is clicked on

2020-06-05 12:01:43 - [MESSAGE][PASSED] - Object: 'Object Repository/1512354/41_CreateTeam/Page_Thanh set Channel name - hcmus-cdnc-te_a699a0/div_' is clicked on

2020-06-05 12:01:43 - [TEST_STEP][PASSED] - click(findTestObject("Object Repository/1512354/41_CreateTeam/Page_Thanh set Channel name - hcmus-cdnc-te_a699a0/span_Create a team")): Object: 'Object Repository/1512354/41_CreateTeam/Page_Thanh set Channel name - hcmus-cdnc-te_a699a0/span_Create a team' is clicked on

2020-06-05 12:01:44 - [MESSAGE][PASSED] - Object: 'Object Repository/1512354/41_CreateTeam/Page_Thanh set Channel name - hcmus-cdnc-te_a699a0/span_Create a team' is clicked on

2020-06-05 12:01:44 - [TEST_STEP][PASSED] - setText(findTestObject("Object Repository/1512354/41_CreateTeam/Page_Thanh set Channel name - hcmus-cdnc-te_a699a0/input_Team Name_teamNameInput"), teamName): Text 'Team2' is set on object 'Object Repository/1512354/41_CreateTeam/Page_Thanh set Channel name - hcmus-cdnc-te_a699a0/input_Team Name_teamNameInput'

2020-06-05 12:01:44 - [MESSAGE][PASSED] - Text 'Team2' is set on object 'Object Repository/1512354/41_CreateTeam/Page_Thanh set Channel name - hcmus-cdnc-te_a699a0/input_Team Name_teamNameInput'

2020-06-05 12:01:44 - [TEST_STEP][PASSED] - click(findTestObject("Object Repository/1512354/41_CreateTeam/Page_Thanh set Channel name - hcmus-cdnc-te_a699a0/button_Next")): Object: 'Object Repository/1512354/41_CreateTeam/Page_Thanh set Channel name - hcmus-cdnc-te_a699a0/button_Next' is clicked on

2020-06-05 12:01:45 - [MESSAGE][PASSED] - Object: 'Object Repository/1512354/41_CreateTeam/Page_Thanh set Channel name - hcmus-cdnc-te_a699a0/button_Next' is clicked on

2020-06-05 12:01:45 - [TEST_STEP][PASSED] - click(findTestObject("Object Repository/1512354/41_CreateTeam/Page_Thanh set Channel name - hcmus-cdnc-te_a699a0/button_Finish")): Object: 'Object Repository/1512354/41_CreateTeam/Page_Thanh set Channel name - hcmus-cdnc-te_a699a0/button_Finish' is clicked on

2020-06-05 12:01:45 - [MESSAGE][PASSED] - Object: 'Object Repository/1512354/41_CreateTeam/Page_Thanh set Channel name - hcmus-cdnc-te_a699a0/button_Finish' is clicked on

2020-06-05 12:01:45 - [TEST_STEP][PASSED] - closeBrowser(): Browser is closed

2020-06-05 12:01:46 - [MESSAGE][PASSED] - Browser is closed]]></system-out>
         <system-err><![CDATA[]]></system-err>
      </testcase>
      <testcase name="Test Cases/1512354/TC_41_CreateTeam" time="15.105" classname="Test Cases/1512354/TC_41_CreateTeam" status="PASSED">
         <system-out><![CDATA[2020-06-05 12:01:46 - [TEST_CASE][PASSED] - Test Cases/1512354/TC_41_CreateTeam: Test Cases/1512354/TC_41_CreateTeam

2020-06-05 12:01:46 - [TEST_STEP][PASSED] - openBrowser(""): Browser is opened with url: ''

2020-06-05 12:01:46 - [MESSAGE][INFO] - Starting 'Chrome' driver

2020-06-05 12:01:46 - [MESSAGE][INFO] - Action delay is set to 0 milliseconds

2020-06-05 12:01:50 - [MESSAGE][PASSED] - Browser is opened with url: ''

2020-06-05 12:01:50 - [TEST_STEP][PASSED] - navigateToUrl("http://localhost:8065/login"): Navigate to 'http://localhost:8065/login' successfully

2020-06-05 12:01:51 - [MESSAGE][PASSED] - Navigate to 'http://localhost:8065/login' successfully

2020-06-05 12:01:51 - [TEST_STEP][PASSED] - setText(findTestObject("Object Repository/1512354/41_CreateTeam/Page_Mattermost/input_All team communication in one place s_703ef5"), "hcmus-cdnc"): Text 'hcmus-cdnc' is set on object 'Object Repository/1512354/41_CreateTeam/Page_Mattermost/input_All team communication in one place s_703ef5'

2020-06-05 12:01:53 - [MESSAGE][PASSED] - Text 'hcmus-cdnc' is set on object 'Object Repository/1512354/41_CreateTeam/Page_Mattermost/input_All team communication in one place s_703ef5'

2020-06-05 12:01:53 - [TEST_STEP][PASSED] - setEncryptedText(findTestObject("Object Repository/1512354/41_CreateTeam/Page_Mattermost/input_All team communication in one place s_2f2733"), "aeHFOx8jV/A="): Text ****** has been set on object 'Object Repository/1512354/41_CreateTeam/Page_Mattermost/input_All team communication in one place s_2f2733'

2020-06-05 12:01:53 - [MESSAGE][PASSED] - Text ****** has been set on object 'Object Repository/1512354/41_CreateTeam/Page_Mattermost/input_All team communication in one place s_2f2733'

2020-06-05 12:01:53 - [TEST_STEP][PASSED] - click(findTestObject("Object Repository/1512354/41_CreateTeam/Page_Mattermost/button_Sign in")): Object: 'Object Repository/1512354/41_CreateTeam/Page_Mattermost/button_Sign in' is clicked on

2020-06-05 12:01:54 - [MESSAGE][PASSED] - Object: 'Object Repository/1512354/41_CreateTeam/Page_Mattermost/button_Sign in' is clicked on

2020-06-05 12:01:54 - [TEST_STEP][PASSED] - click(findTestObject("Object Repository/1512354/41_CreateTeam/Page_Thanh set Channel name - hcmus-cdnc-te_a699a0/div_")): Object: 'Object Repository/1512354/41_CreateTeam/Page_Thanh set Channel name - hcmus-cdnc-te_a699a0/div_' is clicked on

2020-06-05 12:01:58 - [MESSAGE][PASSED] - Object: 'Object Repository/1512354/41_CreateTeam/Page_Thanh set Channel name - hcmus-cdnc-te_a699a0/div_' is clicked on

2020-06-05 12:01:58 - [TEST_STEP][PASSED] - click(findTestObject("Object Repository/1512354/41_CreateTeam/Page_Thanh set Channel name - hcmus-cdnc-te_a699a0/span_Create a team")): Object: 'Object Repository/1512354/41_CreateTeam/Page_Thanh set Channel name - hcmus-cdnc-te_a699a0/span_Create a team' is clicked on

2020-06-05 12:01:59 - [MESSAGE][PASSED] - Object: 'Object Repository/1512354/41_CreateTeam/Page_Thanh set Channel name - hcmus-cdnc-te_a699a0/span_Create a team' is clicked on

2020-06-05 12:01:59 - [TEST_STEP][PASSED] - setText(findTestObject("Object Repository/1512354/41_CreateTeam/Page_Thanh set Channel name - hcmus-cdnc-te_a699a0/input_Team Name_teamNameInput"), teamName): Text 'Team3' is set on object 'Object Repository/1512354/41_CreateTeam/Page_Thanh set Channel name - hcmus-cdnc-te_a699a0/input_Team Name_teamNameInput'

2020-06-05 12:02:00 - [MESSAGE][PASSED] - Text 'Team3' is set on object 'Object Repository/1512354/41_CreateTeam/Page_Thanh set Channel name - hcmus-cdnc-te_a699a0/input_Team Name_teamNameInput'

2020-06-05 12:02:00 - [TEST_STEP][PASSED] - click(findTestObject("Object Repository/1512354/41_CreateTeam/Page_Thanh set Channel name - hcmus-cdnc-te_a699a0/button_Next")): Object: 'Object Repository/1512354/41_CreateTeam/Page_Thanh set Channel name - hcmus-cdnc-te_a699a0/button_Next' is clicked on

2020-06-05 12:02:00 - [MESSAGE][PASSED] - Object: 'Object Repository/1512354/41_CreateTeam/Page_Thanh set Channel name - hcmus-cdnc-te_a699a0/button_Next' is clicked on

2020-06-05 12:02:00 - [TEST_STEP][PASSED] - click(findTestObject("Object Repository/1512354/41_CreateTeam/Page_Thanh set Channel name - hcmus-cdnc-te_a699a0/button_Finish")): Object: 'Object Repository/1512354/41_CreateTeam/Page_Thanh set Channel name - hcmus-cdnc-te_a699a0/button_Finish' is clicked on

2020-06-05 12:02:01 - [MESSAGE][PASSED] - Object: 'Object Repository/1512354/41_CreateTeam/Page_Thanh set Channel name - hcmus-cdnc-te_a699a0/button_Finish' is clicked on

2020-06-05 12:02:01 - [TEST_STEP][PASSED] - closeBrowser(): Browser is closed

2020-06-05 12:02:01 - [MESSAGE][PASSED] - Browser is closed]]></system-out>
         <system-err><![CDATA[]]></system-err>
      </testcase>
      <testcase name="Test Cases/1512354/TC_41_CreateTeam" time="15.408" classname="Test Cases/1512354/TC_41_CreateTeam" status="PASSED">
         <system-out><![CDATA[2020-06-05 12:02:01 - [TEST_CASE][PASSED] - Test Cases/1512354/TC_41_CreateTeam: Test Cases/1512354/TC_41_CreateTeam

2020-06-05 12:02:01 - [TEST_STEP][PASSED] - openBrowser(""): Browser is opened with url: ''

2020-06-05 12:02:01 - [MESSAGE][INFO] - Starting 'Chrome' driver

2020-06-05 12:02:01 - [MESSAGE][INFO] - Action delay is set to 0 milliseconds

2020-06-05 12:02:05 - [MESSAGE][PASSED] - Browser is opened with url: ''

2020-06-05 12:02:05 - [TEST_STEP][PASSED] - navigateToUrl("http://localhost:8065/login"): Navigate to 'http://localhost:8065/login' successfully

2020-06-05 12:02:06 - [MESSAGE][PASSED] - Navigate to 'http://localhost:8065/login' successfully

2020-06-05 12:02:06 - [TEST_STEP][PASSED] - setText(findTestObject("Object Repository/1512354/41_CreateTeam/Page_Mattermost/input_All team communication in one place s_703ef5"), "hcmus-cdnc"): Text 'hcmus-cdnc' is set on object 'Object Repository/1512354/41_CreateTeam/Page_Mattermost/input_All team communication in one place s_703ef5'

2020-06-05 12:02:08 - [MESSAGE][PASSED] - Text 'hcmus-cdnc' is set on object 'Object Repository/1512354/41_CreateTeam/Page_Mattermost/input_All team communication in one place s_703ef5'

2020-06-05 12:02:08 - [TEST_STEP][PASSED] - setEncryptedText(findTestObject("Object Repository/1512354/41_CreateTeam/Page_Mattermost/input_All team communication in one place s_2f2733"), "aeHFOx8jV/A="): Text ****** has been set on object 'Object Repository/1512354/41_CreateTeam/Page_Mattermost/input_All team communication in one place s_2f2733'

2020-06-05 12:02:09 - [MESSAGE][PASSED] - Text ****** has been set on object 'Object Repository/1512354/41_CreateTeam/Page_Mattermost/input_All team communication in one place s_2f2733'

2020-06-05 12:02:09 - [TEST_STEP][PASSED] - click(findTestObject("Object Repository/1512354/41_CreateTeam/Page_Mattermost/button_Sign in")): Object: 'Object Repository/1512354/41_CreateTeam/Page_Mattermost/button_Sign in' is clicked on

2020-06-05 12:02:09 - [MESSAGE][PASSED] - Object: 'Object Repository/1512354/41_CreateTeam/Page_Mattermost/button_Sign in' is clicked on

2020-06-05 12:02:09 - [TEST_STEP][PASSED] - click(findTestObject("Object Repository/1512354/41_CreateTeam/Page_Thanh set Channel name - hcmus-cdnc-te_a699a0/div_")): Object: 'Object Repository/1512354/41_CreateTeam/Page_Thanh set Channel name - hcmus-cdnc-te_a699a0/div_' is clicked on

2020-06-05 12:02:13 - [MESSAGE][PASSED] - Object: 'Object Repository/1512354/41_CreateTeam/Page_Thanh set Channel name - hcmus-cdnc-te_a699a0/div_' is clicked on

2020-06-05 12:02:13 - [TEST_STEP][PASSED] - click(findTestObject("Object Repository/1512354/41_CreateTeam/Page_Thanh set Channel name - hcmus-cdnc-te_a699a0/span_Create a team")): Object: 'Object Repository/1512354/41_CreateTeam/Page_Thanh set Channel name - hcmus-cdnc-te_a699a0/span_Create a team' is clicked on

2020-06-05 12:02:14 - [MESSAGE][PASSED] - Object: 'Object Repository/1512354/41_CreateTeam/Page_Thanh set Channel name - hcmus-cdnc-te_a699a0/span_Create a team' is clicked on

2020-06-05 12:02:14 - [TEST_STEP][PASSED] - setText(findTestObject("Object Repository/1512354/41_CreateTeam/Page_Thanh set Channel name - hcmus-cdnc-te_a699a0/input_Team Name_teamNameInput"), teamName): Text 'Team4' is set on object 'Object Repository/1512354/41_CreateTeam/Page_Thanh set Channel name - hcmus-cdnc-te_a699a0/input_Team Name_teamNameInput'

2020-06-05 12:02:15 - [MESSAGE][PASSED] - Text 'Team4' is set on object 'Object Repository/1512354/41_CreateTeam/Page_Thanh set Channel name - hcmus-cdnc-te_a699a0/input_Team Name_teamNameInput'

2020-06-05 12:02:15 - [TEST_STEP][PASSED] - click(findTestObject("Object Repository/1512354/41_CreateTeam/Page_Thanh set Channel name - hcmus-cdnc-te_a699a0/button_Next")): Object: 'Object Repository/1512354/41_CreateTeam/Page_Thanh set Channel name - hcmus-cdnc-te_a699a0/button_Next' is clicked on

2020-06-05 12:02:15 - [MESSAGE][PASSED] - Object: 'Object Repository/1512354/41_CreateTeam/Page_Thanh set Channel name - hcmus-cdnc-te_a699a0/button_Next' is clicked on

2020-06-05 12:02:15 - [TEST_STEP][PASSED] - click(findTestObject("Object Repository/1512354/41_CreateTeam/Page_Thanh set Channel name - hcmus-cdnc-te_a699a0/button_Finish")): Object: 'Object Repository/1512354/41_CreateTeam/Page_Thanh set Channel name - hcmus-cdnc-te_a699a0/button_Finish' is clicked on

2020-06-05 12:02:16 - [MESSAGE][PASSED] - Object: 'Object Repository/1512354/41_CreateTeam/Page_Thanh set Channel name - hcmus-cdnc-te_a699a0/button_Finish' is clicked on

2020-06-05 12:02:16 - [TEST_STEP][PASSED] - closeBrowser(): Browser is closed

2020-06-05 12:02:17 - [MESSAGE][PASSED] - Browser is closed]]></system-out>
         <system-err><![CDATA[]]></system-err>
      </testcase>
      <testcase name="Test Cases/1512354/TC_41_CreateTeam" time="15.539" classname="Test Cases/1512354/TC_41_CreateTeam" status="PASSED">
         <system-out><![CDATA[2020-06-05 12:02:17 - [TEST_CASE][PASSED] - Test Cases/1512354/TC_41_CreateTeam: Test Cases/1512354/TC_41_CreateTeam

2020-06-05 12:02:17 - [TEST_STEP][PASSED] - openBrowser(""): Browser is opened with url: ''

2020-06-05 12:02:17 - [MESSAGE][INFO] - Starting 'Chrome' driver

2020-06-05 12:02:17 - [MESSAGE][INFO] - Action delay is set to 0 milliseconds

2020-06-05 12:02:20 - [MESSAGE][PASSED] - Browser is opened with url: ''

2020-06-05 12:02:20 - [TEST_STEP][PASSED] - navigateToUrl("http://localhost:8065/login"): Navigate to 'http://localhost:8065/login' successfully

2020-06-05 12:02:22 - [MESSAGE][PASSED] - Navigate to 'http://localhost:8065/login' successfully

2020-06-05 12:02:22 - [TEST_STEP][PASSED] - setText(findTestObject("Object Repository/1512354/41_CreateTeam/Page_Mattermost/input_All team communication in one place s_703ef5"), "hcmus-cdnc"): Text 'hcmus-cdnc' is set on object 'Object Repository/1512354/41_CreateTeam/Page_Mattermost/input_All team communication in one place s_703ef5'

2020-06-05 12:02:24 - [MESSAGE][PASSED] - Text 'hcmus-cdnc' is set on object 'Object Repository/1512354/41_CreateTeam/Page_Mattermost/input_All team communication in one place s_703ef5'

2020-06-05 12:02:24 - [TEST_STEP][PASSED] - setEncryptedText(findTestObject("Object Repository/1512354/41_CreateTeam/Page_Mattermost/input_All team communication in one place s_2f2733"), "aeHFOx8jV/A="): Text ****** has been set on object 'Object Repository/1512354/41_CreateTeam/Page_Mattermost/input_All team communication in one place s_2f2733'

2020-06-05 12:02:24 - [MESSAGE][PASSED] - Text ****** has been set on object 'Object Repository/1512354/41_CreateTeam/Page_Mattermost/input_All team communication in one place s_2f2733'

2020-06-05 12:02:24 - [TEST_STEP][PASSED] - click(findTestObject("Object Repository/1512354/41_CreateTeam/Page_Mattermost/button_Sign in")): Object: 'Object Repository/1512354/41_CreateTeam/Page_Mattermost/button_Sign in' is clicked on

2020-06-05 12:02:25 - [MESSAGE][PASSED] - Object: 'Object Repository/1512354/41_CreateTeam/Page_Mattermost/button_Sign in' is clicked on

2020-06-05 12:02:25 - [TEST_STEP][PASSED] - click(findTestObject("Object Repository/1512354/41_CreateTeam/Page_Thanh set Channel name - hcmus-cdnc-te_a699a0/div_")): Object: 'Object Repository/1512354/41_CreateTeam/Page_Thanh set Channel name - hcmus-cdnc-te_a699a0/div_' is clicked on

2020-06-05 12:02:29 - [MESSAGE][PASSED] - Object: 'Object Repository/1512354/41_CreateTeam/Page_Thanh set Channel name - hcmus-cdnc-te_a699a0/div_' is clicked on

2020-06-05 12:02:29 - [TEST_STEP][PASSED] - click(findTestObject("Object Repository/1512354/41_CreateTeam/Page_Thanh set Channel name - hcmus-cdnc-te_a699a0/span_Create a team")): Object: 'Object Repository/1512354/41_CreateTeam/Page_Thanh set Channel name - hcmus-cdnc-te_a699a0/span_Create a team' is clicked on

2020-06-05 12:02:30 - [MESSAGE][PASSED] - Object: 'Object Repository/1512354/41_CreateTeam/Page_Thanh set Channel name - hcmus-cdnc-te_a699a0/span_Create a team' is clicked on

2020-06-05 12:02:30 - [TEST_STEP][PASSED] - setText(findTestObject("Object Repository/1512354/41_CreateTeam/Page_Thanh set Channel name - hcmus-cdnc-te_a699a0/input_Team Name_teamNameInput"), teamName): Text 'Team5' is set on object 'Object Repository/1512354/41_CreateTeam/Page_Thanh set Channel name - hcmus-cdnc-te_a699a0/input_Team Name_teamNameInput'

2020-06-05 12:02:31 - [MESSAGE][PASSED] - Text 'Team5' is set on object 'Object Repository/1512354/41_CreateTeam/Page_Thanh set Channel name - hcmus-cdnc-te_a699a0/input_Team Name_teamNameInput'

2020-06-05 12:02:31 - [TEST_STEP][PASSED] - click(findTestObject("Object Repository/1512354/41_CreateTeam/Page_Thanh set Channel name - hcmus-cdnc-te_a699a0/button_Next")): Object: 'Object Repository/1512354/41_CreateTeam/Page_Thanh set Channel name - hcmus-cdnc-te_a699a0/button_Next' is clicked on

2020-06-05 12:02:31 - [MESSAGE][PASSED] - Object: 'Object Repository/1512354/41_CreateTeam/Page_Thanh set Channel name - hcmus-cdnc-te_a699a0/button_Next' is clicked on

2020-06-05 12:02:31 - [TEST_STEP][PASSED] - click(findTestObject("Object Repository/1512354/41_CreateTeam/Page_Thanh set Channel name - hcmus-cdnc-te_a699a0/button_Finish")): Object: 'Object Repository/1512354/41_CreateTeam/Page_Thanh set Channel name - hcmus-cdnc-te_a699a0/button_Finish' is clicked on

2020-06-05 12:02:32 - [MESSAGE][PASSED] - Object: 'Object Repository/1512354/41_CreateTeam/Page_Thanh set Channel name - hcmus-cdnc-te_a699a0/button_Finish' is clicked on

2020-06-05 12:02:32 - [TEST_STEP][PASSED] - closeBrowser(): Browser is closed

2020-06-05 12:02:32 - [MESSAGE][PASSED] - Browser is closed]]></system-out>
         <system-err><![CDATA[]]></system-err>
      </testcase>
      <testcase name="Test Cases/1512354/TC_42_EditTeamName" time="16.719" classname="Test Cases/1512354/TC_42_EditTeamName" status="PASSED">
         <system-out><![CDATA[2020-06-05 12:02:32 - [TEST_CASE][PASSED] - Test Cases/1512354/TC_42_EditTeamName: Test Cases/1512354/TC_42_EditTeamName

2020-06-05 12:02:33 - [TEST_STEP][PASSED] - openBrowser(""): Browser is opened with url: ''

2020-06-05 12:02:33 - [MESSAGE][INFO] - Starting 'Chrome' driver

2020-06-05 12:02:33 - [MESSAGE][INFO] - Action delay is set to 0 milliseconds

2020-06-05 12:02:36 - [MESSAGE][PASSED] - Browser is opened with url: ''

2020-06-05 12:02:36 - [TEST_STEP][PASSED] - navigateToUrl("http://localhost:8065/login"): Navigate to 'http://localhost:8065/login' successfully

2020-06-05 12:02:37 - [MESSAGE][PASSED] - Navigate to 'http://localhost:8065/login' successfully

2020-06-05 12:02:37 - [TEST_STEP][PASSED] - setText(findTestObject("Object Repository/1512354/42_EditTeamName/Page_Mattermost/input_All team communication in one place s_703ef5"), "hcmus-cdnc@gmail.com"): Text 'hcmus-cdnc@gmail.com' is set on object 'Object Repository/1512354/42_EditTeamName/Page_Mattermost/input_All team communication in one place s_703ef5'

2020-06-05 12:02:39 - [MESSAGE][PASSED] - Text 'hcmus-cdnc@gmail.com' is set on object 'Object Repository/1512354/42_EditTeamName/Page_Mattermost/input_All team communication in one place s_703ef5'

2020-06-05 12:02:39 - [TEST_STEP][PASSED] - setEncryptedText(findTestObject("Object Repository/1512354/42_EditTeamName/Page_Mattermost/input_All team communication in one place s_2f2733"), "aeHFOx8jV/A="): Text ****** has been set on object 'Object Repository/1512354/42_EditTeamName/Page_Mattermost/input_All team communication in one place s_2f2733'

2020-06-05 12:02:40 - [MESSAGE][PASSED] - Text ****** has been set on object 'Object Repository/1512354/42_EditTeamName/Page_Mattermost/input_All team communication in one place s_2f2733'

2020-06-05 12:02:40 - [TEST_STEP][PASSED] - click(findTestObject("Object Repository/1512354/42_EditTeamName/Page_Mattermost/button_Sign in")): Object: 'Object Repository/1512354/42_EditTeamName/Page_Mattermost/button_Sign in' is clicked on

2020-06-05 12:02:40 - [MESSAGE][PASSED] - Object: 'Object Repository/1512354/42_EditTeamName/Page_Mattermost/button_Sign in' is clicked on

2020-06-05 12:02:40 - [TEST_STEP][PASSED] - click(findTestObject("Object Repository/1512354/42_EditTeamName/Page_Thanh set Channel name - hcmus-cdnc-te_a699a0/button_anh_style--none sidebar-header-dropd_e4937e")): Object: 'Object Repository/1512354/42_EditTeamName/Page_Thanh set Channel name - hcmus-cdnc-te_a699a0/button_anh_style--none sidebar-header-dropd_e4937e' is clicked on

2020-06-05 12:02:44 - [MESSAGE][PASSED] - Object: 'Object Repository/1512354/42_EditTeamName/Page_Thanh set Channel name - hcmus-cdnc-te_a699a0/button_anh_style--none sidebar-header-dropd_e4937e' is clicked on

2020-06-05 12:02:44 - [TEST_STEP][PASSED] - click(findTestObject("Object Repository/1512354/42_EditTeamName/Page_Thanh set Channel name - hcmus-cdnc-te_a699a0/span_Team Settings")): Object: 'Object Repository/1512354/42_EditTeamName/Page_Thanh set Channel name - hcmus-cdnc-te_a699a0/span_Team Settings' is clicked on

2020-06-05 12:02:45 - [MESSAGE][PASSED] - Object: 'Object Repository/1512354/42_EditTeamName/Page_Thanh set Channel name - hcmus-cdnc-te_a699a0/span_Team Settings' is clicked on

2020-06-05 12:02:45 - [TEST_STEP][PASSED] - click(findTestObject("Object Repository/1512354/42_EditTeamName/Page_Thanh set Channel name - hcmus-cdnc-te_a699a0/button_Edit")): Object: 'Object Repository/1512354/42_EditTeamName/Page_Thanh set Channel name - hcmus-cdnc-te_a699a0/button_Edit' is clicked on

2020-06-05 12:02:46 - [MESSAGE][PASSED] - Object: 'Object Repository/1512354/42_EditTeamName/Page_Thanh set Channel name - hcmus-cdnc-te_a699a0/button_Edit' is clicked on

2020-06-05 12:02:46 - [TEST_STEP][PASSED] - setText(findTestObject("Object Repository/1512354/42_EditTeamName/Page_Thanh set Channel name - hcmus-cdnc-te_a699a0/input_Team Name_teamName"), teamName): Text 'Team-Tester' is set on object 'Object Repository/1512354/42_EditTeamName/Page_Thanh set Channel name - hcmus-cdnc-te_a699a0/input_Team Name_teamName'

2020-06-05 12:02:47 - [MESSAGE][PASSED] - Text 'Team-Tester' is set on object 'Object Repository/1512354/42_EditTeamName/Page_Thanh set Channel name - hcmus-cdnc-te_a699a0/input_Team Name_teamName'

2020-06-05 12:02:47 - [TEST_STEP][PASSED] - click(findTestObject("Object Repository/1512354/42_EditTeamName/Page_Thanh set Channel name - hcmus-cdnc-te_a699a0/button_Save")): Object: 'Object Repository/1512354/42_EditTeamName/Page_Thanh set Channel name - hcmus-cdnc-te_a699a0/button_Save' is clicked on

2020-06-05 12:02:48 - [MESSAGE][PASSED] - Object: 'Object Repository/1512354/42_EditTeamName/Page_Thanh set Channel name - hcmus-cdnc-te_a699a0/button_Save' is clicked on

2020-06-05 12:02:48 - [TEST_STEP][PASSED] - click(findTestObject("Object Repository/1512354/42_EditTeamName/Page_Thanh set Channel name - hcmus-cdnc-te_a699a0/button_Close")): Object: 'Object Repository/1512354/42_EditTeamName/Page_Thanh set Channel name - hcmus-cdnc-te_a699a0/button_Close' is clicked on

2020-06-05 12:02:48 - [MESSAGE][PASSED] - Object: 'Object Repository/1512354/42_EditTeamName/Page_Thanh set Channel name - hcmus-cdnc-te_a699a0/button_Close' is clicked on

2020-06-05 12:02:48 - [TEST_STEP][PASSED] - closeBrowser(): Browser is closed

2020-06-05 12:02:49 - [MESSAGE][PASSED] - Browser is closed]]></system-out>
         <system-err><![CDATA[]]></system-err>
      </testcase>
      <testcase name="Test Cases/1512354/TC_42_EditTeamName" time="16.768" classname="Test Cases/1512354/TC_42_EditTeamName" status="PASSED">
         <system-out><![CDATA[2020-06-05 12:02:49 - [TEST_CASE][PASSED] - Test Cases/1512354/TC_42_EditTeamName: Test Cases/1512354/TC_42_EditTeamName

2020-06-05 12:02:49 - [TEST_STEP][PASSED] - openBrowser(""): Browser is opened with url: ''

2020-06-05 12:02:49 - [MESSAGE][INFO] - Starting 'Chrome' driver

2020-06-05 12:02:49 - [MESSAGE][INFO] - Action delay is set to 0 milliseconds

2020-06-05 12:02:52 - [MESSAGE][PASSED] - Browser is opened with url: ''

2020-06-05 12:02:52 - [TEST_STEP][PASSED] - navigateToUrl("http://localhost:8065/login"): Navigate to 'http://localhost:8065/login' successfully

2020-06-05 12:02:54 - [MESSAGE][PASSED] - Navigate to 'http://localhost:8065/login' successfully

2020-06-05 12:02:54 - [TEST_STEP][PASSED] - setText(findTestObject("Object Repository/1512354/42_EditTeamName/Page_Mattermost/input_All team communication in one place s_703ef5"), "hcmus-cdnc@gmail.com"): Text 'hcmus-cdnc@gmail.com' is set on object 'Object Repository/1512354/42_EditTeamName/Page_Mattermost/input_All team communication in one place s_703ef5'

2020-06-05 12:02:56 - [MESSAGE][PASSED] - Text 'hcmus-cdnc@gmail.com' is set on object 'Object Repository/1512354/42_EditTeamName/Page_Mattermost/input_All team communication in one place s_703ef5'

2020-06-05 12:02:56 - [TEST_STEP][PASSED] - setEncryptedText(findTestObject("Object Repository/1512354/42_EditTeamName/Page_Mattermost/input_All team communication in one place s_2f2733"), "aeHFOx8jV/A="): Text ****** has been set on object 'Object Repository/1512354/42_EditTeamName/Page_Mattermost/input_All team communication in one place s_2f2733'

2020-06-05 12:02:57 - [MESSAGE][PASSED] - Text ****** has been set on object 'Object Repository/1512354/42_EditTeamName/Page_Mattermost/input_All team communication in one place s_2f2733'

2020-06-05 12:02:57 - [TEST_STEP][PASSED] - click(findTestObject("Object Repository/1512354/42_EditTeamName/Page_Mattermost/button_Sign in")): Object: 'Object Repository/1512354/42_EditTeamName/Page_Mattermost/button_Sign in' is clicked on

2020-06-05 12:02:57 - [MESSAGE][PASSED] - Object: 'Object Repository/1512354/42_EditTeamName/Page_Mattermost/button_Sign in' is clicked on

2020-06-05 12:02:57 - [TEST_STEP][PASSED] - click(findTestObject("Object Repository/1512354/42_EditTeamName/Page_Thanh set Channel name - hcmus-cdnc-te_a699a0/button_anh_style--none sidebar-header-dropd_e4937e")): Object: 'Object Repository/1512354/42_EditTeamName/Page_Thanh set Channel name - hcmus-cdnc-te_a699a0/button_anh_style--none sidebar-header-dropd_e4937e' is clicked on

2020-06-05 12:03:01 - [MESSAGE][PASSED] - Object: 'Object Repository/1512354/42_EditTeamName/Page_Thanh set Channel name - hcmus-cdnc-te_a699a0/button_anh_style--none sidebar-header-dropd_e4937e' is clicked on

2020-06-05 12:03:01 - [TEST_STEP][PASSED] - click(findTestObject("Object Repository/1512354/42_EditTeamName/Page_Thanh set Channel name - hcmus-cdnc-te_a699a0/span_Team Settings")): Object: 'Object Repository/1512354/42_EditTeamName/Page_Thanh set Channel name - hcmus-cdnc-te_a699a0/span_Team Settings' is clicked on

2020-06-05 12:03:02 - [MESSAGE][PASSED] - Object: 'Object Repository/1512354/42_EditTeamName/Page_Thanh set Channel name - hcmus-cdnc-te_a699a0/span_Team Settings' is clicked on

2020-06-05 12:03:02 - [TEST_STEP][PASSED] - click(findTestObject("Object Repository/1512354/42_EditTeamName/Page_Thanh set Channel name - hcmus-cdnc-te_a699a0/button_Edit")): Object: 'Object Repository/1512354/42_EditTeamName/Page_Thanh set Channel name - hcmus-cdnc-te_a699a0/button_Edit' is clicked on

2020-06-05 12:03:03 - [MESSAGE][PASSED] - Object: 'Object Repository/1512354/42_EditTeamName/Page_Thanh set Channel name - hcmus-cdnc-te_a699a0/button_Edit' is clicked on

2020-06-05 12:03:03 - [TEST_STEP][PASSED] - setText(findTestObject("Object Repository/1512354/42_EditTeamName/Page_Thanh set Channel name - hcmus-cdnc-te_a699a0/input_Team Name_teamName"), teamName): Text 'Team-Developer' is set on object 'Object Repository/1512354/42_EditTeamName/Page_Thanh set Channel name - hcmus-cdnc-te_a699a0/input_Team Name_teamName'

2020-06-05 12:03:04 - [MESSAGE][PASSED] - Text 'Team-Developer' is set on object 'Object Repository/1512354/42_EditTeamName/Page_Thanh set Channel name - hcmus-cdnc-te_a699a0/input_Team Name_teamName'

2020-06-05 12:03:04 - [TEST_STEP][PASSED] - click(findTestObject("Object Repository/1512354/42_EditTeamName/Page_Thanh set Channel name - hcmus-cdnc-te_a699a0/button_Save")): Object: 'Object Repository/1512354/42_EditTeamName/Page_Thanh set Channel name - hcmus-cdnc-te_a699a0/button_Save' is clicked on

2020-06-05 12:03:04 - [MESSAGE][PASSED] - Object: 'Object Repository/1512354/42_EditTeamName/Page_Thanh set Channel name - hcmus-cdnc-te_a699a0/button_Save' is clicked on

2020-06-05 12:03:04 - [TEST_STEP][PASSED] - click(findTestObject("Object Repository/1512354/42_EditTeamName/Page_Thanh set Channel name - hcmus-cdnc-te_a699a0/button_Close")): Object: 'Object Repository/1512354/42_EditTeamName/Page_Thanh set Channel name - hcmus-cdnc-te_a699a0/button_Close' is clicked on

2020-06-05 12:03:05 - [MESSAGE][PASSED] - Object: 'Object Repository/1512354/42_EditTeamName/Page_Thanh set Channel name - hcmus-cdnc-te_a699a0/button_Close' is clicked on

2020-06-05 12:03:05 - [TEST_STEP][PASSED] - closeBrowser(): Browser is closed

2020-06-05 12:03:06 - [MESSAGE][PASSED] - Browser is closed]]></system-out>
         <system-err><![CDATA[]]></system-err>
      </testcase>
      <testcase name="Test Cases/1512354/TC_42_EditTeamName" time="16.634" classname="Test Cases/1512354/TC_42_EditTeamName" status="PASSED">
         <system-out><![CDATA[2020-06-05 12:03:06 - [TEST_CASE][PASSED] - Test Cases/1512354/TC_42_EditTeamName: Test Cases/1512354/TC_42_EditTeamName

2020-06-05 12:03:06 - [TEST_STEP][PASSED] - openBrowser(""): Browser is opened with url: ''

2020-06-05 12:03:06 - [MESSAGE][INFO] - Starting 'Chrome' driver

2020-06-05 12:03:06 - [MESSAGE][INFO] - Action delay is set to 0 milliseconds

2020-06-05 12:03:09 - [MESSAGE][PASSED] - Browser is opened with url: ''

2020-06-05 12:03:09 - [TEST_STEP][PASSED] - navigateToUrl("http://localhost:8065/login"): Navigate to 'http://localhost:8065/login' successfully

2020-06-05 12:03:11 - [MESSAGE][PASSED] - Navigate to 'http://localhost:8065/login' successfully

2020-06-05 12:03:11 - [TEST_STEP][PASSED] - setText(findTestObject("Object Repository/1512354/42_EditTeamName/Page_Mattermost/input_All team communication in one place s_703ef5"), "hcmus-cdnc@gmail.com"): Text 'hcmus-cdnc@gmail.com' is set on object 'Object Repository/1512354/42_EditTeamName/Page_Mattermost/input_All team communication in one place s_703ef5'

2020-06-05 12:03:13 - [MESSAGE][PASSED] - Text 'hcmus-cdnc@gmail.com' is set on object 'Object Repository/1512354/42_EditTeamName/Page_Mattermost/input_All team communication in one place s_703ef5'

2020-06-05 12:03:13 - [TEST_STEP][PASSED] - setEncryptedText(findTestObject("Object Repository/1512354/42_EditTeamName/Page_Mattermost/input_All team communication in one place s_2f2733"), "aeHFOx8jV/A="): Text ****** has been set on object 'Object Repository/1512354/42_EditTeamName/Page_Mattermost/input_All team communication in one place s_2f2733'

2020-06-05 12:03:13 - [MESSAGE][PASSED] - Text ****** has been set on object 'Object Repository/1512354/42_EditTeamName/Page_Mattermost/input_All team communication in one place s_2f2733'

2020-06-05 12:03:13 - [TEST_STEP][PASSED] - click(findTestObject("Object Repository/1512354/42_EditTeamName/Page_Mattermost/button_Sign in")): Object: 'Object Repository/1512354/42_EditTeamName/Page_Mattermost/button_Sign in' is clicked on

2020-06-05 12:03:14 - [MESSAGE][PASSED] - Object: 'Object Repository/1512354/42_EditTeamName/Page_Mattermost/button_Sign in' is clicked on

2020-06-05 12:03:14 - [TEST_STEP][PASSED] - click(findTestObject("Object Repository/1512354/42_EditTeamName/Page_Thanh set Channel name - hcmus-cdnc-te_a699a0/button_anh_style--none sidebar-header-dropd_e4937e")): Object: 'Object Repository/1512354/42_EditTeamName/Page_Thanh set Channel name - hcmus-cdnc-te_a699a0/button_anh_style--none sidebar-header-dropd_e4937e' is clicked on

2020-06-05 12:03:18 - [MESSAGE][PASSED] - Object: 'Object Repository/1512354/42_EditTeamName/Page_Thanh set Channel name - hcmus-cdnc-te_a699a0/button_anh_style--none sidebar-header-dropd_e4937e' is clicked on

2020-06-05 12:03:18 - [TEST_STEP][PASSED] - click(findTestObject("Object Repository/1512354/42_EditTeamName/Page_Thanh set Channel name - hcmus-cdnc-te_a699a0/span_Team Settings")): Object: 'Object Repository/1512354/42_EditTeamName/Page_Thanh set Channel name - hcmus-cdnc-te_a699a0/span_Team Settings' is clicked on

2020-06-05 12:03:19 - [MESSAGE][PASSED] - Object: 'Object Repository/1512354/42_EditTeamName/Page_Thanh set Channel name - hcmus-cdnc-te_a699a0/span_Team Settings' is clicked on

2020-06-05 12:03:19 - [TEST_STEP][PASSED] - click(findTestObject("Object Repository/1512354/42_EditTeamName/Page_Thanh set Channel name - hcmus-cdnc-te_a699a0/button_Edit")): Object: 'Object Repository/1512354/42_EditTeamName/Page_Thanh set Channel name - hcmus-cdnc-te_a699a0/button_Edit' is clicked on

2020-06-05 12:03:19 - [MESSAGE][PASSED] - Object: 'Object Repository/1512354/42_EditTeamName/Page_Thanh set Channel name - hcmus-cdnc-te_a699a0/button_Edit' is clicked on

2020-06-05 12:03:19 - [TEST_STEP][PASSED] - setText(findTestObject("Object Repository/1512354/42_EditTeamName/Page_Thanh set Channel name - hcmus-cdnc-te_a699a0/input_Team Name_teamName"), teamName): Text 'Team-Designer' is set on object 'Object Repository/1512354/42_EditTeamName/Page_Thanh set Channel name - hcmus-cdnc-te_a699a0/input_Team Name_teamName'

2020-06-05 12:03:21 - [MESSAGE][PASSED] - Text 'Team-Designer' is set on object 'Object Repository/1512354/42_EditTeamName/Page_Thanh set Channel name - hcmus-cdnc-te_a699a0/input_Team Name_teamName'

2020-06-05 12:03:21 - [TEST_STEP][PASSED] - click(findTestObject("Object Repository/1512354/42_EditTeamName/Page_Thanh set Channel name - hcmus-cdnc-te_a699a0/button_Save")): Object: 'Object Repository/1512354/42_EditTeamName/Page_Thanh set Channel name - hcmus-cdnc-te_a699a0/button_Save' is clicked on

2020-06-05 12:03:21 - [MESSAGE][PASSED] - Object: 'Object Repository/1512354/42_EditTeamName/Page_Thanh set Channel name - hcmus-cdnc-te_a699a0/button_Save' is clicked on

2020-06-05 12:03:21 - [TEST_STEP][PASSED] - click(findTestObject("Object Repository/1512354/42_EditTeamName/Page_Thanh set Channel name - hcmus-cdnc-te_a699a0/button_Close")): Object: 'Object Repository/1512354/42_EditTeamName/Page_Thanh set Channel name - hcmus-cdnc-te_a699a0/button_Close' is clicked on

2020-06-05 12:03:22 - [MESSAGE][PASSED] - Object: 'Object Repository/1512354/42_EditTeamName/Page_Thanh set Channel name - hcmus-cdnc-te_a699a0/button_Close' is clicked on

2020-06-05 12:03:22 - [TEST_STEP][PASSED] - closeBrowser(): Browser is closed

2020-06-05 12:03:23 - [MESSAGE][PASSED] - Browser is closed]]></system-out>
         <system-err><![CDATA[]]></system-err>
      </testcase>
      <testcase name="Test Cases/1512354/TC_42_EditTeamName" time="16.849" classname="Test Cases/1512354/TC_42_EditTeamName" status="PASSED">
         <system-out><![CDATA[2020-06-05 12:03:23 - [TEST_CASE][PASSED] - Test Cases/1512354/TC_42_EditTeamName: Test Cases/1512354/TC_42_EditTeamName

2020-06-05 12:03:23 - [TEST_STEP][PASSED] - openBrowser(""): Browser is opened with url: ''

2020-06-05 12:03:23 - [MESSAGE][INFO] - Starting 'Chrome' driver

2020-06-05 12:03:23 - [MESSAGE][INFO] - Action delay is set to 0 milliseconds

2020-06-05 12:03:26 - [MESSAGE][PASSED] - Browser is opened with url: ''

2020-06-05 12:03:26 - [TEST_STEP][PASSED] - navigateToUrl("http://localhost:8065/login"): Navigate to 'http://localhost:8065/login' successfully

2020-06-05 12:03:27 - [MESSAGE][PASSED] - Navigate to 'http://localhost:8065/login' successfully

2020-06-05 12:03:27 - [TEST_STEP][PASSED] - setText(findTestObject("Object Repository/1512354/42_EditTeamName/Page_Mattermost/input_All team communication in one place s_703ef5"), "hcmus-cdnc@gmail.com"): Text 'hcmus-cdnc@gmail.com' is set on object 'Object Repository/1512354/42_EditTeamName/Page_Mattermost/input_All team communication in one place s_703ef5'

2020-06-05 12:03:30 - [MESSAGE][PASSED] - Text 'hcmus-cdnc@gmail.com' is set on object 'Object Repository/1512354/42_EditTeamName/Page_Mattermost/input_All team communication in one place s_703ef5'

2020-06-05 12:03:30 - [TEST_STEP][PASSED] - setEncryptedText(findTestObject("Object Repository/1512354/42_EditTeamName/Page_Mattermost/input_All team communication in one place s_2f2733"), "aeHFOx8jV/A="): Text ****** has been set on object 'Object Repository/1512354/42_EditTeamName/Page_Mattermost/input_All team communication in one place s_2f2733'

2020-06-05 12:03:30 - [MESSAGE][PASSED] - Text ****** has been set on object 'Object Repository/1512354/42_EditTeamName/Page_Mattermost/input_All team communication in one place s_2f2733'

2020-06-05 12:03:30 - [TEST_STEP][PASSED] - click(findTestObject("Object Repository/1512354/42_EditTeamName/Page_Mattermost/button_Sign in")): Object: 'Object Repository/1512354/42_EditTeamName/Page_Mattermost/button_Sign in' is clicked on

2020-06-05 12:03:31 - [MESSAGE][PASSED] - Object: 'Object Repository/1512354/42_EditTeamName/Page_Mattermost/button_Sign in' is clicked on

2020-06-05 12:03:31 - [TEST_STEP][PASSED] - click(findTestObject("Object Repository/1512354/42_EditTeamName/Page_Thanh set Channel name - hcmus-cdnc-te_a699a0/button_anh_style--none sidebar-header-dropd_e4937e")): Object: 'Object Repository/1512354/42_EditTeamName/Page_Thanh set Channel name - hcmus-cdnc-te_a699a0/button_anh_style--none sidebar-header-dropd_e4937e' is clicked on

2020-06-05 12:03:35 - [MESSAGE][PASSED] - Object: 'Object Repository/1512354/42_EditTeamName/Page_Thanh set Channel name - hcmus-cdnc-te_a699a0/button_anh_style--none sidebar-header-dropd_e4937e' is clicked on

2020-06-05 12:03:35 - [TEST_STEP][PASSED] - click(findTestObject("Object Repository/1512354/42_EditTeamName/Page_Thanh set Channel name - hcmus-cdnc-te_a699a0/span_Team Settings")): Object: 'Object Repository/1512354/42_EditTeamName/Page_Thanh set Channel name - hcmus-cdnc-te_a699a0/span_Team Settings' is clicked on

2020-06-05 12:03:36 - [MESSAGE][PASSED] - Object: 'Object Repository/1512354/42_EditTeamName/Page_Thanh set Channel name - hcmus-cdnc-te_a699a0/span_Team Settings' is clicked on

2020-06-05 12:03:36 - [TEST_STEP][PASSED] - click(findTestObject("Object Repository/1512354/42_EditTeamName/Page_Thanh set Channel name - hcmus-cdnc-te_a699a0/button_Edit")): Object: 'Object Repository/1512354/42_EditTeamName/Page_Thanh set Channel name - hcmus-cdnc-te_a699a0/button_Edit' is clicked on

2020-06-05 12:03:36 - [MESSAGE][PASSED] - Object: 'Object Repository/1512354/42_EditTeamName/Page_Thanh set Channel name - hcmus-cdnc-te_a699a0/button_Edit' is clicked on

2020-06-05 12:03:36 - [TEST_STEP][PASSED] - setText(findTestObject("Object Repository/1512354/42_EditTeamName/Page_Thanh set Channel name - hcmus-cdnc-te_a699a0/input_Team Name_teamName"), teamName): Text 'Team-Sale' is set on object 'Object Repository/1512354/42_EditTeamName/Page_Thanh set Channel name - hcmus-cdnc-te_a699a0/input_Team Name_teamName'

2020-06-05 12:03:38 - [MESSAGE][PASSED] - Text 'Team-Sale' is set on object 'Object Repository/1512354/42_EditTeamName/Page_Thanh set Channel name - hcmus-cdnc-te_a699a0/input_Team Name_teamName'

2020-06-05 12:03:38 - [TEST_STEP][PASSED] - click(findTestObject("Object Repository/1512354/42_EditTeamName/Page_Thanh set Channel name - hcmus-cdnc-te_a699a0/button_Save")): Object: 'Object Repository/1512354/42_EditTeamName/Page_Thanh set Channel name - hcmus-cdnc-te_a699a0/button_Save' is clicked on

2020-06-05 12:03:38 - [MESSAGE][PASSED] - Object: 'Object Repository/1512354/42_EditTeamName/Page_Thanh set Channel name - hcmus-cdnc-te_a699a0/button_Save' is clicked on

2020-06-05 12:03:38 - [TEST_STEP][PASSED] - click(findTestObject("Object Repository/1512354/42_EditTeamName/Page_Thanh set Channel name - hcmus-cdnc-te_a699a0/button_Close")): Object: 'Object Repository/1512354/42_EditTeamName/Page_Thanh set Channel name - hcmus-cdnc-te_a699a0/button_Close' is clicked on

2020-06-05 12:03:39 - [MESSAGE][PASSED] - Object: 'Object Repository/1512354/42_EditTeamName/Page_Thanh set Channel name - hcmus-cdnc-te_a699a0/button_Close' is clicked on

2020-06-05 12:03:39 - [TEST_STEP][PASSED] - closeBrowser(): Browser is closed

2020-06-05 12:03:39 - [MESSAGE][PASSED] - Browser is closed]]></system-out>
         <system-err><![CDATA[]]></system-err>
      </testcase>
      <testcase name="Test Cases/1512354/TC_42_EditTeamName" time="16.356" classname="Test Cases/1512354/TC_42_EditTeamName" status="PASSED">
         <system-out><![CDATA[2020-06-05 12:03:39 - [TEST_CASE][PASSED] - Test Cases/1512354/TC_42_EditTeamName: Test Cases/1512354/TC_42_EditTeamName

2020-06-05 12:03:39 - [TEST_STEP][PASSED] - openBrowser(""): Browser is opened with url: ''

2020-06-05 12:03:39 - [MESSAGE][INFO] - Starting 'Chrome' driver

2020-06-05 12:03:39 - [MESSAGE][INFO] - Action delay is set to 0 milliseconds

2020-06-05 12:03:43 - [MESSAGE][PASSED] - Browser is opened with url: ''

2020-06-05 12:03:43 - [TEST_STEP][PASSED] - navigateToUrl("http://localhost:8065/login"): Navigate to 'http://localhost:8065/login' successfully

2020-06-05 12:03:44 - [MESSAGE][PASSED] - Navigate to 'http://localhost:8065/login' successfully

2020-06-05 12:03:44 - [TEST_STEP][PASSED] - setText(findTestObject("Object Repository/1512354/42_EditTeamName/Page_Mattermost/input_All team communication in one place s_703ef5"), "hcmus-cdnc@gmail.com"): Text 'hcmus-cdnc@gmail.com' is set on object 'Object Repository/1512354/42_EditTeamName/Page_Mattermost/input_All team communication in one place s_703ef5'

2020-06-05 12:03:46 - [MESSAGE][PASSED] - Text 'hcmus-cdnc@gmail.com' is set on object 'Object Repository/1512354/42_EditTeamName/Page_Mattermost/input_All team communication in one place s_703ef5'

2020-06-05 12:03:46 - [TEST_STEP][PASSED] - setEncryptedText(findTestObject("Object Repository/1512354/42_EditTeamName/Page_Mattermost/input_All team communication in one place s_2f2733"), "aeHFOx8jV/A="): Text ****** has been set on object 'Object Repository/1512354/42_EditTeamName/Page_Mattermost/input_All team communication in one place s_2f2733'

2020-06-05 12:03:47 - [MESSAGE][PASSED] - Text ****** has been set on object 'Object Repository/1512354/42_EditTeamName/Page_Mattermost/input_All team communication in one place s_2f2733'

2020-06-05 12:03:47 - [TEST_STEP][PASSED] - click(findTestObject("Object Repository/1512354/42_EditTeamName/Page_Mattermost/button_Sign in")): Object: 'Object Repository/1512354/42_EditTeamName/Page_Mattermost/button_Sign in' is clicked on

2020-06-05 12:03:47 - [MESSAGE][PASSED] - Object: 'Object Repository/1512354/42_EditTeamName/Page_Mattermost/button_Sign in' is clicked on

2020-06-05 12:03:47 - [TEST_STEP][PASSED] - click(findTestObject("Object Repository/1512354/42_EditTeamName/Page_Thanh set Channel name - hcmus-cdnc-te_a699a0/button_anh_style--none sidebar-header-dropd_e4937e")): Object: 'Object Repository/1512354/42_EditTeamName/Page_Thanh set Channel name - hcmus-cdnc-te_a699a0/button_anh_style--none sidebar-header-dropd_e4937e' is clicked on

2020-06-05 12:03:51 - [MESSAGE][PASSED] - Object: 'Object Repository/1512354/42_EditTeamName/Page_Thanh set Channel name - hcmus-cdnc-te_a699a0/button_anh_style--none sidebar-header-dropd_e4937e' is clicked on

2020-06-05 12:03:51 - [TEST_STEP][PASSED] - click(findTestObject("Object Repository/1512354/42_EditTeamName/Page_Thanh set Channel name - hcmus-cdnc-te_a699a0/span_Team Settings")): Object: 'Object Repository/1512354/42_EditTeamName/Page_Thanh set Channel name - hcmus-cdnc-te_a699a0/span_Team Settings' is clicked on

2020-06-05 12:03:52 - [MESSAGE][PASSED] - Object: 'Object Repository/1512354/42_EditTeamName/Page_Thanh set Channel name - hcmus-cdnc-te_a699a0/span_Team Settings' is clicked on

2020-06-05 12:03:52 - [TEST_STEP][PASSED] - click(findTestObject("Object Repository/1512354/42_EditTeamName/Page_Thanh set Channel name - hcmus-cdnc-te_a699a0/button_Edit")): Object: 'Object Repository/1512354/42_EditTeamName/Page_Thanh set Channel name - hcmus-cdnc-te_a699a0/button_Edit' is clicked on

2020-06-05 12:03:53 - [MESSAGE][PASSED] - Object: 'Object Repository/1512354/42_EditTeamName/Page_Thanh set Channel name - hcmus-cdnc-te_a699a0/button_Edit' is clicked on

2020-06-05 12:03:53 - [TEST_STEP][PASSED] - setText(findTestObject("Object Repository/1512354/42_EditTeamName/Page_Thanh set Channel name - hcmus-cdnc-te_a699a0/input_Team Name_teamName"), teamName): Text 'hcmus-cdnc-team' is set on object 'Object Repository/1512354/42_EditTeamName/Page_Thanh set Channel name - hcmus-cdnc-te_a699a0/input_Team Name_teamName'

2020-06-05 12:03:54 - [MESSAGE][PASSED] - Text 'hcmus-cdnc-team' is set on object 'Object Repository/1512354/42_EditTeamName/Page_Thanh set Channel name - hcmus-cdnc-te_a699a0/input_Team Name_teamName'

2020-06-05 12:03:54 - [TEST_STEP][PASSED] - click(findTestObject("Object Repository/1512354/42_EditTeamName/Page_Thanh set Channel name - hcmus-cdnc-te_a699a0/button_Save")): Object: 'Object Repository/1512354/42_EditTeamName/Page_Thanh set Channel name - hcmus-cdnc-te_a699a0/button_Save' is clicked on

2020-06-05 12:03:54 - [MESSAGE][PASSED] - Object: 'Object Repository/1512354/42_EditTeamName/Page_Thanh set Channel name - hcmus-cdnc-te_a699a0/button_Save' is clicked on

2020-06-05 12:03:54 - [TEST_STEP][PASSED] - click(findTestObject("Object Repository/1512354/42_EditTeamName/Page_Thanh set Channel name - hcmus-cdnc-te_a699a0/button_Close")): Object: 'Object Repository/1512354/42_EditTeamName/Page_Thanh set Channel name - hcmus-cdnc-te_a699a0/button_Close' is clicked on

2020-06-05 12:03:55 - [MESSAGE][PASSED] - Object: 'Object Repository/1512354/42_EditTeamName/Page_Thanh set Channel name - hcmus-cdnc-te_a699a0/button_Close' is clicked on

2020-06-05 12:03:55 - [TEST_STEP][PASSED] - closeBrowser(): Browser is closed

2020-06-05 12:03:56 - [MESSAGE][PASSED] - Browser is closed]]></system-out>
         <system-err><![CDATA[]]></system-err>
      </testcase>
      <testcase name="Test Cases/1512354/TC_43_AddSensitiveWord" time="17.699" classname="Test Cases/1512354/TC_43_AddSensitiveWord" status="PASSED">
         <system-out><![CDATA[2020-06-05 12:03:56 - [TEST_CASE][PASSED] - Test Cases/1512354/TC_43_AddSensitiveWord: Test Cases/1512354/TC_43_AddSensitiveWord

2020-06-05 12:03:56 - [TEST_STEP][PASSED] - openBrowser(""): Browser is opened with url: ''

2020-06-05 12:03:56 - [MESSAGE][INFO] - Starting 'Chrome' driver

2020-06-05 12:03:56 - [MESSAGE][INFO] - Action delay is set to 0 milliseconds

2020-06-05 12:03:59 - [MESSAGE][PASSED] - Browser is opened with url: ''

2020-06-05 12:03:59 - [TEST_STEP][PASSED] - navigateToUrl("http://localhost:8065/login"): Navigate to 'http://localhost:8065/login' successfully

2020-06-05 12:04:01 - [MESSAGE][PASSED] - Navigate to 'http://localhost:8065/login' successfully

2020-06-05 12:04:01 - [TEST_STEP][PASSED] - setText(findTestObject("1512354/43_AddSensitiveWord/Page_Mattermost/input_All team communication in one place s_703ef5"), "hcmus-cdnc@gmail.com"): Text 'hcmus-cdnc@gmail.com' is set on object 'Object Repository/1512354/43_AddSensitiveWord/Page_Mattermost/input_All team communication in one place s_703ef5'

2020-06-05 12:04:03 - [MESSAGE][PASSED] - Text 'hcmus-cdnc@gmail.com' is set on object 'Object Repository/1512354/43_AddSensitiveWord/Page_Mattermost/input_All team communication in one place s_703ef5'

2020-06-05 12:04:03 - [TEST_STEP][PASSED] - setEncryptedText(findTestObject("1512354/43_AddSensitiveWord/Page_Mattermost/input_All team communication in one place s_2f2733"), "aeHFOx8jV/A="): Text ****** has been set on object 'Object Repository/1512354/43_AddSensitiveWord/Page_Mattermost/input_All team communication in one place s_2f2733'

2020-06-05 12:04:04 - [MESSAGE][PASSED] - Text ****** has been set on object 'Object Repository/1512354/43_AddSensitiveWord/Page_Mattermost/input_All team communication in one place s_2f2733'

2020-06-05 12:04:04 - [TEST_STEP][PASSED] - click(findTestObject("1512354/43_AddSensitiveWord/Page_Mattermost/button_Sign in")): Object: 'Object Repository/1512354/43_AddSensitiveWord/Page_Mattermost/button_Sign in' is clicked on

2020-06-05 12:04:04 - [MESSAGE][PASSED] - Object: 'Object Repository/1512354/43_AddSensitiveWord/Page_Mattermost/button_Sign in' is clicked on

2020-06-05 12:04:04 - [TEST_STEP][PASSED] - click(findTestObject("1512354/43_AddSensitiveWord/Page_Thanh set Channel name - hcmus-cdnc-te_a699a0/button_anh_style--none sidebar-header-dropd_e4937e")): Object: 'Object Repository/1512354/43_AddSensitiveWord/Page_Thanh set Channel name - hcmus-cdnc-te_a699a0/button_anh_style--none sidebar-header-dropd_e4937e' is clicked on

2020-06-05 12:04:08 - [MESSAGE][PASSED] - Object: 'Object Repository/1512354/43_AddSensitiveWord/Page_Thanh set Channel name - hcmus-cdnc-te_a699a0/button_anh_style--none sidebar-header-dropd_e4937e' is clicked on

2020-06-05 12:04:08 - [TEST_STEP][PASSED] - click(findTestObject("1512354/43_AddSensitiveWord/Page_Thanh set Channel name - hcmus-cdnc-te_a699a0/span_Account Settings")): Object: 'Object Repository/1512354/43_AddSensitiveWord/Page_Thanh set Channel name - hcmus-cdnc-te_a699a0/span_Account Settings' is clicked on

2020-06-05 12:04:09 - [MESSAGE][PASSED] - Object: 'Object Repository/1512354/43_AddSensitiveWord/Page_Thanh set Channel name - hcmus-cdnc-te_a699a0/span_Account Settings' is clicked on

2020-06-05 12:04:09 - [TEST_STEP][PASSED] - click(findTestObject("1512354/43_AddSensitiveWord/Page_Thanh set Channel name - hcmus-cdnc-te_a699a0/button_Notifications")): Object: 'Object Repository/1512354/43_AddSensitiveWord/Page_Thanh set Channel name - hcmus-cdnc-te_a699a0/button_Notifications' is clicked on

2020-06-05 12:04:09 - [MESSAGE][PASSED] - Object: 'Object Repository/1512354/43_AddSensitiveWord/Page_Thanh set Channel name - hcmus-cdnc-te_a699a0/button_Notifications' is clicked on

2020-06-05 12:04:09 - [TEST_STEP][PASSED] - click(findTestObject("1512354/43_AddSensitiveWord/Page_Thanh set Channel name - hcmus-cdnc-te_a699a0/button_Edit_1")): Object: 'Object Repository/1512354/43_AddSensitiveWord/Page_Thanh set Channel name - hcmus-cdnc-te_a699a0/button_Edit_1' is clicked on

2020-06-05 12:04:10 - [MESSAGE][PASSED] - Object: 'Object Repository/1512354/43_AddSensitiveWord/Page_Thanh set Channel name - hcmus-cdnc-te_a699a0/button_Edit_1' is clicked on

2020-06-05 12:04:10 - [TEST_STEP][PASSED] - setText(findTestObject("1512354/43_AddSensitiveWord/Page_Thanh set Channel name - hcmus-cdnc-te_a699a0/input_Other non-case sensitive words separa_48b795"), sensitiveWord): Text 'từ nhạy cảm' is set on object 'Object Repository/1512354/43_AddSensitiveWord/Page_Thanh set Channel name - hcmus-cdnc-te_a699a0/input_Other non-case sensitive words separa_48b795'

2020-06-05 12:04:11 - [MESSAGE][PASSED] - Text 'từ nhạy cảm' is set on object 'Object Repository/1512354/43_AddSensitiveWord/Page_Thanh set Channel name - hcmus-cdnc-te_a699a0/input_Other non-case sensitive words separa_48b795'

2020-06-05 12:04:11 - [TEST_STEP][PASSED] - click(findTestObject("1512354/43_AddSensitiveWord/Page_Thanh set Channel name - hcmus-cdnc-te_a699a0/button_Save")): Object: 'Object Repository/1512354/43_AddSensitiveWord/Page_Thanh set Channel name - hcmus-cdnc-te_a699a0/button_Save' is clicked on

2020-06-05 12:04:12 - [MESSAGE][PASSED] - Object: 'Object Repository/1512354/43_AddSensitiveWord/Page_Thanh set Channel name - hcmus-cdnc-te_a699a0/button_Save' is clicked on

2020-06-05 12:04:12 - [TEST_STEP][PASSED] - click(findTestObject("1512354/43_AddSensitiveWord/Page_Thanh set Channel name - hcmus-cdnc-te_a699a0/button_Close")): Object: 'Object Repository/1512354/43_AddSensitiveWord/Page_Thanh set Channel name - hcmus-cdnc-te_a699a0/button_Close' is clicked on

2020-06-05 12:04:13 - [MESSAGE][PASSED] - Object: 'Object Repository/1512354/43_AddSensitiveWord/Page_Thanh set Channel name - hcmus-cdnc-te_a699a0/button_Close' is clicked on

2020-06-05 12:04:13 - [TEST_STEP][PASSED] - closeBrowser(): Browser is closed

2020-06-05 12:04:13 - [MESSAGE][PASSED] - Browser is closed]]></system-out>
         <system-err><![CDATA[]]></system-err>
      </testcase>
      <testcase name="Test Cases/1512354/TC_43_AddSensitiveWord" time="17.435" classname="Test Cases/1512354/TC_43_AddSensitiveWord" status="PASSED">
         <system-out><![CDATA[2020-06-05 12:04:14 - [TEST_CASE][PASSED] - Test Cases/1512354/TC_43_AddSensitiveWord: Test Cases/1512354/TC_43_AddSensitiveWord

2020-06-05 12:04:14 - [TEST_STEP][PASSED] - openBrowser(""): Browser is opened with url: ''

2020-06-05 12:04:14 - [MESSAGE][INFO] - Starting 'Chrome' driver

2020-06-05 12:04:14 - [MESSAGE][INFO] - Action delay is set to 0 milliseconds

2020-06-05 12:04:17 - [MESSAGE][PASSED] - Browser is opened with url: ''

2020-06-05 12:04:17 - [TEST_STEP][PASSED] - navigateToUrl("http://localhost:8065/login"): Navigate to 'http://localhost:8065/login' successfully

2020-06-05 12:04:19 - [MESSAGE][PASSED] - Navigate to 'http://localhost:8065/login' successfully

2020-06-05 12:04:19 - [TEST_STEP][PASSED] - setText(findTestObject("1512354/43_AddSensitiveWord/Page_Mattermost/input_All team communication in one place s_703ef5"), "hcmus-cdnc@gmail.com"): Text 'hcmus-cdnc@gmail.com' is set on object 'Object Repository/1512354/43_AddSensitiveWord/Page_Mattermost/input_All team communication in one place s_703ef5'

2020-06-05 12:04:21 - [MESSAGE][PASSED] - Text 'hcmus-cdnc@gmail.com' is set on object 'Object Repository/1512354/43_AddSensitiveWord/Page_Mattermost/input_All team communication in one place s_703ef5'

2020-06-05 12:04:21 - [TEST_STEP][PASSED] - setEncryptedText(findTestObject("1512354/43_AddSensitiveWord/Page_Mattermost/input_All team communication in one place s_2f2733"), "aeHFOx8jV/A="): Text ****** has been set on object 'Object Repository/1512354/43_AddSensitiveWord/Page_Mattermost/input_All team communication in one place s_2f2733'

2020-06-05 12:04:21 - [MESSAGE][PASSED] - Text ****** has been set on object 'Object Repository/1512354/43_AddSensitiveWord/Page_Mattermost/input_All team communication in one place s_2f2733'

2020-06-05 12:04:21 - [TEST_STEP][PASSED] - click(findTestObject("1512354/43_AddSensitiveWord/Page_Mattermost/button_Sign in")): Object: 'Object Repository/1512354/43_AddSensitiveWord/Page_Mattermost/button_Sign in' is clicked on

2020-06-05 12:04:22 - [MESSAGE][PASSED] - Object: 'Object Repository/1512354/43_AddSensitiveWord/Page_Mattermost/button_Sign in' is clicked on

2020-06-05 12:04:22 - [TEST_STEP][PASSED] - click(findTestObject("1512354/43_AddSensitiveWord/Page_Thanh set Channel name - hcmus-cdnc-te_a699a0/button_anh_style--none sidebar-header-dropd_e4937e")): Object: 'Object Repository/1512354/43_AddSensitiveWord/Page_Thanh set Channel name - hcmus-cdnc-te_a699a0/button_anh_style--none sidebar-header-dropd_e4937e' is clicked on

2020-06-05 12:04:25 - [MESSAGE][PASSED] - Object: 'Object Repository/1512354/43_AddSensitiveWord/Page_Thanh set Channel name - hcmus-cdnc-te_a699a0/button_anh_style--none sidebar-header-dropd_e4937e' is clicked on

2020-06-05 12:04:25 - [TEST_STEP][PASSED] - click(findTestObject("1512354/43_AddSensitiveWord/Page_Thanh set Channel name - hcmus-cdnc-te_a699a0/span_Account Settings")): Object: 'Object Repository/1512354/43_AddSensitiveWord/Page_Thanh set Channel name - hcmus-cdnc-te_a699a0/span_Account Settings' is clicked on

2020-06-05 12:04:26 - [MESSAGE][PASSED] - Object: 'Object Repository/1512354/43_AddSensitiveWord/Page_Thanh set Channel name - hcmus-cdnc-te_a699a0/span_Account Settings' is clicked on

2020-06-05 12:04:26 - [TEST_STEP][PASSED] - click(findTestObject("1512354/43_AddSensitiveWord/Page_Thanh set Channel name - hcmus-cdnc-te_a699a0/button_Notifications")): Object: 'Object Repository/1512354/43_AddSensitiveWord/Page_Thanh set Channel name - hcmus-cdnc-te_a699a0/button_Notifications' is clicked on

2020-06-05 12:04:27 - [MESSAGE][PASSED] - Object: 'Object Repository/1512354/43_AddSensitiveWord/Page_Thanh set Channel name - hcmus-cdnc-te_a699a0/button_Notifications' is clicked on

2020-06-05 12:04:27 - [TEST_STEP][PASSED] - click(findTestObject("1512354/43_AddSensitiveWord/Page_Thanh set Channel name - hcmus-cdnc-te_a699a0/button_Edit_1")): Object: 'Object Repository/1512354/43_AddSensitiveWord/Page_Thanh set Channel name - hcmus-cdnc-te_a699a0/button_Edit_1' is clicked on

2020-06-05 12:04:28 - [MESSAGE][PASSED] - Object: 'Object Repository/1512354/43_AddSensitiveWord/Page_Thanh set Channel name - hcmus-cdnc-te_a699a0/button_Edit_1' is clicked on

2020-06-05 12:04:28 - [TEST_STEP][PASSED] - setText(findTestObject("1512354/43_AddSensitiveWord/Page_Thanh set Channel name - hcmus-cdnc-te_a699a0/input_Other non-case sensitive words separa_48b795"), sensitiveWord): Text 'từ xúc phạm' is set on object 'Object Repository/1512354/43_AddSensitiveWord/Page_Thanh set Channel name - hcmus-cdnc-te_a699a0/input_Other non-case sensitive words separa_48b795'

2020-06-05 12:04:29 - [MESSAGE][PASSED] - Text 'từ xúc phạm' is set on object 'Object Repository/1512354/43_AddSensitiveWord/Page_Thanh set Channel name - hcmus-cdnc-te_a699a0/input_Other non-case sensitive words separa_48b795'

2020-06-05 12:04:29 - [TEST_STEP][PASSED] - click(findTestObject("1512354/43_AddSensitiveWord/Page_Thanh set Channel name - hcmus-cdnc-te_a699a0/button_Save")): Object: 'Object Repository/1512354/43_AddSensitiveWord/Page_Thanh set Channel name - hcmus-cdnc-te_a699a0/button_Save' is clicked on

2020-06-05 12:04:29 - [MESSAGE][PASSED] - Object: 'Object Repository/1512354/43_AddSensitiveWord/Page_Thanh set Channel name - hcmus-cdnc-te_a699a0/button_Save' is clicked on

2020-06-05 12:04:29 - [TEST_STEP][PASSED] - click(findTestObject("1512354/43_AddSensitiveWord/Page_Thanh set Channel name - hcmus-cdnc-te_a699a0/button_Close")): Object: 'Object Repository/1512354/43_AddSensitiveWord/Page_Thanh set Channel name - hcmus-cdnc-te_a699a0/button_Close' is clicked on

2020-06-05 12:04:30 - [MESSAGE][PASSED] - Object: 'Object Repository/1512354/43_AddSensitiveWord/Page_Thanh set Channel name - hcmus-cdnc-te_a699a0/button_Close' is clicked on

2020-06-05 12:04:30 - [TEST_STEP][PASSED] - closeBrowser(): Browser is closed

2020-06-05 12:04:31 - [MESSAGE][PASSED] - Browser is closed]]></system-out>
         <system-err><![CDATA[]]></system-err>
      </testcase>
      <testcase name="Test Cases/1512354/TC_43_AddSensitiveWord" time="17.595" classname="Test Cases/1512354/TC_43_AddSensitiveWord" status="PASSED">
         <system-out><![CDATA[2020-06-05 12:04:31 - [TEST_CASE][PASSED] - Test Cases/1512354/TC_43_AddSensitiveWord: Test Cases/1512354/TC_43_AddSensitiveWord

2020-06-05 12:04:31 - [TEST_STEP][PASSED] - openBrowser(""): Browser is opened with url: ''

2020-06-05 12:04:31 - [MESSAGE][INFO] - Starting 'Chrome' driver

2020-06-05 12:04:31 - [MESSAGE][INFO] - Action delay is set to 0 milliseconds

2020-06-05 12:04:34 - [MESSAGE][PASSED] - Browser is opened with url: ''

2020-06-05 12:04:34 - [TEST_STEP][PASSED] - navigateToUrl("http://localhost:8065/login"): Navigate to 'http://localhost:8065/login' successfully

2020-06-05 12:04:36 - [MESSAGE][PASSED] - Navigate to 'http://localhost:8065/login' successfully

2020-06-05 12:04:36 - [TEST_STEP][PASSED] - setText(findTestObject("1512354/43_AddSensitiveWord/Page_Mattermost/input_All team communication in one place s_703ef5"), "hcmus-cdnc@gmail.com"): Text 'hcmus-cdnc@gmail.com' is set on object 'Object Repository/1512354/43_AddSensitiveWord/Page_Mattermost/input_All team communication in one place s_703ef5'

2020-06-05 12:04:38 - [MESSAGE][PASSED] - Text 'hcmus-cdnc@gmail.com' is set on object 'Object Repository/1512354/43_AddSensitiveWord/Page_Mattermost/input_All team communication in one place s_703ef5'

2020-06-05 12:04:38 - [TEST_STEP][PASSED] - setEncryptedText(findTestObject("1512354/43_AddSensitiveWord/Page_Mattermost/input_All team communication in one place s_2f2733"), "aeHFOx8jV/A="): Text ****** has been set on object 'Object Repository/1512354/43_AddSensitiveWord/Page_Mattermost/input_All team communication in one place s_2f2733'

2020-06-05 12:04:38 - [MESSAGE][PASSED] - Text ****** has been set on object 'Object Repository/1512354/43_AddSensitiveWord/Page_Mattermost/input_All team communication in one place s_2f2733'

2020-06-05 12:04:38 - [TEST_STEP][PASSED] - click(findTestObject("1512354/43_AddSensitiveWord/Page_Mattermost/button_Sign in")): Object: 'Object Repository/1512354/43_AddSensitiveWord/Page_Mattermost/button_Sign in' is clicked on

2020-06-05 12:04:39 - [MESSAGE][PASSED] - Object: 'Object Repository/1512354/43_AddSensitiveWord/Page_Mattermost/button_Sign in' is clicked on

2020-06-05 12:04:39 - [TEST_STEP][PASSED] - click(findTestObject("1512354/43_AddSensitiveWord/Page_Thanh set Channel name - hcmus-cdnc-te_a699a0/button_anh_style--none sidebar-header-dropd_e4937e")): Object: 'Object Repository/1512354/43_AddSensitiveWord/Page_Thanh set Channel name - hcmus-cdnc-te_a699a0/button_anh_style--none sidebar-header-dropd_e4937e' is clicked on

2020-06-05 12:04:43 - [MESSAGE][PASSED] - Object: 'Object Repository/1512354/43_AddSensitiveWord/Page_Thanh set Channel name - hcmus-cdnc-te_a699a0/button_anh_style--none sidebar-header-dropd_e4937e' is clicked on

2020-06-05 12:04:43 - [TEST_STEP][PASSED] - click(findTestObject("1512354/43_AddSensitiveWord/Page_Thanh set Channel name - hcmus-cdnc-te_a699a0/span_Account Settings")): Object: 'Object Repository/1512354/43_AddSensitiveWord/Page_Thanh set Channel name - hcmus-cdnc-te_a699a0/span_Account Settings' is clicked on

2020-06-05 12:04:44 - [MESSAGE][PASSED] - Object: 'Object Repository/1512354/43_AddSensitiveWord/Page_Thanh set Channel name - hcmus-cdnc-te_a699a0/span_Account Settings' is clicked on

2020-06-05 12:04:44 - [TEST_STEP][PASSED] - click(findTestObject("1512354/43_AddSensitiveWord/Page_Thanh set Channel name - hcmus-cdnc-te_a699a0/button_Notifications")): Object: 'Object Repository/1512354/43_AddSensitiveWord/Page_Thanh set Channel name - hcmus-cdnc-te_a699a0/button_Notifications' is clicked on

2020-06-05 12:04:45 - [MESSAGE][PASSED] - Object: 'Object Repository/1512354/43_AddSensitiveWord/Page_Thanh set Channel name - hcmus-cdnc-te_a699a0/button_Notifications' is clicked on

2020-06-05 12:04:45 - [TEST_STEP][PASSED] - click(findTestObject("1512354/43_AddSensitiveWord/Page_Thanh set Channel name - hcmus-cdnc-te_a699a0/button_Edit_1")): Object: 'Object Repository/1512354/43_AddSensitiveWord/Page_Thanh set Channel name - hcmus-cdnc-te_a699a0/button_Edit_1' is clicked on

2020-06-05 12:04:45 - [MESSAGE][PASSED] - Object: 'Object Repository/1512354/43_AddSensitiveWord/Page_Thanh set Channel name - hcmus-cdnc-te_a699a0/button_Edit_1' is clicked on

2020-06-05 12:04:45 - [TEST_STEP][PASSED] - setText(findTestObject("1512354/43_AddSensitiveWord/Page_Thanh set Channel name - hcmus-cdnc-te_a699a0/input_Other non-case sensitive words separa_48b795"), sensitiveWord): Text 'chửi thề' is set on object 'Object Repository/1512354/43_AddSensitiveWord/Page_Thanh set Channel name - hcmus-cdnc-te_a699a0/input_Other non-case sensitive words separa_48b795'

2020-06-05 12:04:46 - [MESSAGE][PASSED] - Text 'chửi thề' is set on object 'Object Repository/1512354/43_AddSensitiveWord/Page_Thanh set Channel name - hcmus-cdnc-te_a699a0/input_Other non-case sensitive words separa_48b795'

2020-06-05 12:04:46 - [TEST_STEP][PASSED] - click(findTestObject("1512354/43_AddSensitiveWord/Page_Thanh set Channel name - hcmus-cdnc-te_a699a0/button_Save")): Object: 'Object Repository/1512354/43_AddSensitiveWord/Page_Thanh set Channel name - hcmus-cdnc-te_a699a0/button_Save' is clicked on

2020-06-05 12:04:47 - [MESSAGE][PASSED] - Object: 'Object Repository/1512354/43_AddSensitiveWord/Page_Thanh set Channel name - hcmus-cdnc-te_a699a0/button_Save' is clicked on

2020-06-05 12:04:47 - [TEST_STEP][PASSED] - click(findTestObject("1512354/43_AddSensitiveWord/Page_Thanh set Channel name - hcmus-cdnc-te_a699a0/button_Close")): Object: 'Object Repository/1512354/43_AddSensitiveWord/Page_Thanh set Channel name - hcmus-cdnc-te_a699a0/button_Close' is clicked on

2020-06-05 12:04:48 - [MESSAGE][PASSED] - Object: 'Object Repository/1512354/43_AddSensitiveWord/Page_Thanh set Channel name - hcmus-cdnc-te_a699a0/button_Close' is clicked on

2020-06-05 12:04:48 - [TEST_STEP][PASSED] - closeBrowser(): Browser is closed

2020-06-05 12:04:49 - [MESSAGE][PASSED] - Browser is closed]]></system-out>
         <system-err><![CDATA[]]></system-err>
      </testcase>
      <testcase name="Test Cases/1512354/TC_43_AddSensitiveWord" time="17.019" classname="Test Cases/1512354/TC_43_AddSensitiveWord" status="PASSED">
         <system-out><![CDATA[2020-06-05 12:04:49 - [TEST_CASE][PASSED] - Test Cases/1512354/TC_43_AddSensitiveWord: Test Cases/1512354/TC_43_AddSensitiveWord

2020-06-05 12:04:49 - [TEST_STEP][PASSED] - openBrowser(""): Browser is opened with url: ''

2020-06-05 12:04:49 - [MESSAGE][INFO] - Starting 'Chrome' driver

2020-06-05 12:04:49 - [MESSAGE][INFO] - Action delay is set to 0 milliseconds

2020-06-05 12:04:52 - [MESSAGE][PASSED] - Browser is opened with url: ''

2020-06-05 12:04:52 - [TEST_STEP][PASSED] - navigateToUrl("http://localhost:8065/login"): Navigate to 'http://localhost:8065/login' successfully

2020-06-05 12:04:53 - [MESSAGE][PASSED] - Navigate to 'http://localhost:8065/login' successfully

2020-06-05 12:04:53 - [TEST_STEP][PASSED] - setText(findTestObject("1512354/43_AddSensitiveWord/Page_Mattermost/input_All team communication in one place s_703ef5"), "hcmus-cdnc@gmail.com"): Text 'hcmus-cdnc@gmail.com' is set on object 'Object Repository/1512354/43_AddSensitiveWord/Page_Mattermost/input_All team communication in one place s_703ef5'

2020-06-05 12:04:56 - [MESSAGE][PASSED] - Text 'hcmus-cdnc@gmail.com' is set on object 'Object Repository/1512354/43_AddSensitiveWord/Page_Mattermost/input_All team communication in one place s_703ef5'

2020-06-05 12:04:56 - [TEST_STEP][PASSED] - setEncryptedText(findTestObject("1512354/43_AddSensitiveWord/Page_Mattermost/input_All team communication in one place s_2f2733"), "aeHFOx8jV/A="): Text ****** has been set on object 'Object Repository/1512354/43_AddSensitiveWord/Page_Mattermost/input_All team communication in one place s_2f2733'

2020-06-05 12:04:56 - [MESSAGE][PASSED] - Text ****** has been set on object 'Object Repository/1512354/43_AddSensitiveWord/Page_Mattermost/input_All team communication in one place s_2f2733'

2020-06-05 12:04:56 - [TEST_STEP][PASSED] - click(findTestObject("1512354/43_AddSensitiveWord/Page_Mattermost/button_Sign in")): Object: 'Object Repository/1512354/43_AddSensitiveWord/Page_Mattermost/button_Sign in' is clicked on

2020-06-05 12:04:57 - [MESSAGE][PASSED] - Object: 'Object Repository/1512354/43_AddSensitiveWord/Page_Mattermost/button_Sign in' is clicked on

2020-06-05 12:04:57 - [TEST_STEP][PASSED] - click(findTestObject("1512354/43_AddSensitiveWord/Page_Thanh set Channel name - hcmus-cdnc-te_a699a0/button_anh_style--none sidebar-header-dropd_e4937e")): Object: 'Object Repository/1512354/43_AddSensitiveWord/Page_Thanh set Channel name - hcmus-cdnc-te_a699a0/button_anh_style--none sidebar-header-dropd_e4937e' is clicked on

2020-06-05 12:05:00 - [MESSAGE][PASSED] - Object: 'Object Repository/1512354/43_AddSensitiveWord/Page_Thanh set Channel name - hcmus-cdnc-te_a699a0/button_anh_style--none sidebar-header-dropd_e4937e' is clicked on

2020-06-05 12:05:00 - [TEST_STEP][PASSED] - click(findTestObject("1512354/43_AddSensitiveWord/Page_Thanh set Channel name - hcmus-cdnc-te_a699a0/span_Account Settings")): Object: 'Object Repository/1512354/43_AddSensitiveWord/Page_Thanh set Channel name - hcmus-cdnc-te_a699a0/span_Account Settings' is clicked on

2020-06-05 12:05:01 - [MESSAGE][PASSED] - Object: 'Object Repository/1512354/43_AddSensitiveWord/Page_Thanh set Channel name - hcmus-cdnc-te_a699a0/span_Account Settings' is clicked on

2020-06-05 12:05:01 - [TEST_STEP][PASSED] - click(findTestObject("1512354/43_AddSensitiveWord/Page_Thanh set Channel name - hcmus-cdnc-te_a699a0/button_Notifications")): Object: 'Object Repository/1512354/43_AddSensitiveWord/Page_Thanh set Channel name - hcmus-cdnc-te_a699a0/button_Notifications' is clicked on

2020-06-05 12:05:02 - [MESSAGE][PASSED] - Object: 'Object Repository/1512354/43_AddSensitiveWord/Page_Thanh set Channel name - hcmus-cdnc-te_a699a0/button_Notifications' is clicked on

2020-06-05 12:05:02 - [TEST_STEP][PASSED] - click(findTestObject("1512354/43_AddSensitiveWord/Page_Thanh set Channel name - hcmus-cdnc-te_a699a0/button_Edit_1")): Object: 'Object Repository/1512354/43_AddSensitiveWord/Page_Thanh set Channel name - hcmus-cdnc-te_a699a0/button_Edit_1' is clicked on

2020-06-05 12:05:02 - [MESSAGE][PASSED] - Object: 'Object Repository/1512354/43_AddSensitiveWord/Page_Thanh set Channel name - hcmus-cdnc-te_a699a0/button_Edit_1' is clicked on

2020-06-05 12:05:02 - [TEST_STEP][PASSED] - setText(findTestObject("1512354/43_AddSensitiveWord/Page_Thanh set Channel name - hcmus-cdnc-te_a699a0/input_Other non-case sensitive words separa_48b795"), sensitiveWord): Text 'kích động' is set on object 'Object Repository/1512354/43_AddSensitiveWord/Page_Thanh set Channel name - hcmus-cdnc-te_a699a0/input_Other non-case sensitive words separa_48b795'

2020-06-05 12:05:03 - [MESSAGE][PASSED] - Text 'kích động' is set on object 'Object Repository/1512354/43_AddSensitiveWord/Page_Thanh set Channel name - hcmus-cdnc-te_a699a0/input_Other non-case sensitive words separa_48b795'

2020-06-05 12:05:03 - [TEST_STEP][PASSED] - click(findTestObject("1512354/43_AddSensitiveWord/Page_Thanh set Channel name - hcmus-cdnc-te_a699a0/button_Save")): Object: 'Object Repository/1512354/43_AddSensitiveWord/Page_Thanh set Channel name - hcmus-cdnc-te_a699a0/button_Save' is clicked on

2020-06-05 12:05:04 - [MESSAGE][PASSED] - Object: 'Object Repository/1512354/43_AddSensitiveWord/Page_Thanh set Channel name - hcmus-cdnc-te_a699a0/button_Save' is clicked on

2020-06-05 12:05:04 - [TEST_STEP][PASSED] - click(findTestObject("1512354/43_AddSensitiveWord/Page_Thanh set Channel name - hcmus-cdnc-te_a699a0/button_Close")): Object: 'Object Repository/1512354/43_AddSensitiveWord/Page_Thanh set Channel name - hcmus-cdnc-te_a699a0/button_Close' is clicked on

2020-06-05 12:05:05 - [MESSAGE][PASSED] - Object: 'Object Repository/1512354/43_AddSensitiveWord/Page_Thanh set Channel name - hcmus-cdnc-te_a699a0/button_Close' is clicked on

2020-06-05 12:05:05 - [TEST_STEP][PASSED] - closeBrowser(): Browser is closed

2020-06-05 12:05:06 - [MESSAGE][PASSED] - Browser is closed]]></system-out>
         <system-err><![CDATA[]]></system-err>
      </testcase>
      <testcase name="Test Cases/1512354/TC_43_AddSensitiveWord" time="18.194" classname="Test Cases/1512354/TC_43_AddSensitiveWord" status="PASSED">
         <system-out><![CDATA[2020-06-05 12:05:06 - [TEST_CASE][PASSED] - Test Cases/1512354/TC_43_AddSensitiveWord: Test Cases/1512354/TC_43_AddSensitiveWord

2020-06-05 12:05:06 - [TEST_STEP][PASSED] - openBrowser(""): Browser is opened with url: ''

2020-06-05 12:05:06 - [MESSAGE][INFO] - Starting 'Chrome' driver

2020-06-05 12:05:06 - [MESSAGE][INFO] - Action delay is set to 0 milliseconds

2020-06-05 12:05:09 - [MESSAGE][PASSED] - Browser is opened with url: ''

2020-06-05 12:05:09 - [TEST_STEP][PASSED] - navigateToUrl("http://localhost:8065/login"): Navigate to 'http://localhost:8065/login' successfully

2020-06-05 12:05:11 - [MESSAGE][PASSED] - Navigate to 'http://localhost:8065/login' successfully

2020-06-05 12:05:11 - [TEST_STEP][PASSED] - setText(findTestObject("1512354/43_AddSensitiveWord/Page_Mattermost/input_All team communication in one place s_703ef5"), "hcmus-cdnc@gmail.com"): Text 'hcmus-cdnc@gmail.com' is set on object 'Object Repository/1512354/43_AddSensitiveWord/Page_Mattermost/input_All team communication in one place s_703ef5'

2020-06-05 12:05:13 - [MESSAGE][PASSED] - Text 'hcmus-cdnc@gmail.com' is set on object 'Object Repository/1512354/43_AddSensitiveWord/Page_Mattermost/input_All team communication in one place s_703ef5'

2020-06-05 12:05:13 - [TEST_STEP][PASSED] - setEncryptedText(findTestObject("1512354/43_AddSensitiveWord/Page_Mattermost/input_All team communication in one place s_2f2733"), "aeHFOx8jV/A="): Text ****** has been set on object 'Object Repository/1512354/43_AddSensitiveWord/Page_Mattermost/input_All team communication in one place s_2f2733'

2020-06-05 12:05:14 - [MESSAGE][PASSED] - Text ****** has been set on object 'Object Repository/1512354/43_AddSensitiveWord/Page_Mattermost/input_All team communication in one place s_2f2733'

2020-06-05 12:05:14 - [TEST_STEP][PASSED] - click(findTestObject("1512354/43_AddSensitiveWord/Page_Mattermost/button_Sign in")): Object: 'Object Repository/1512354/43_AddSensitiveWord/Page_Mattermost/button_Sign in' is clicked on

2020-06-05 12:05:14 - [MESSAGE][PASSED] - Object: 'Object Repository/1512354/43_AddSensitiveWord/Page_Mattermost/button_Sign in' is clicked on

2020-06-05 12:05:14 - [TEST_STEP][PASSED] - click(findTestObject("1512354/43_AddSensitiveWord/Page_Thanh set Channel name - hcmus-cdnc-te_a699a0/button_anh_style--none sidebar-header-dropd_e4937e")): Object: 'Object Repository/1512354/43_AddSensitiveWord/Page_Thanh set Channel name - hcmus-cdnc-te_a699a0/button_anh_style--none sidebar-header-dropd_e4937e' is clicked on

2020-06-05 12:05:18 - [MESSAGE][PASSED] - Object: 'Object Repository/1512354/43_AddSensitiveWord/Page_Thanh set Channel name - hcmus-cdnc-te_a699a0/button_anh_style--none sidebar-header-dropd_e4937e' is clicked on

2020-06-05 12:05:18 - [TEST_STEP][PASSED] - click(findTestObject("1512354/43_AddSensitiveWord/Page_Thanh set Channel name - hcmus-cdnc-te_a699a0/span_Account Settings")): Object: 'Object Repository/1512354/43_AddSensitiveWord/Page_Thanh set Channel name - hcmus-cdnc-te_a699a0/span_Account Settings' is clicked on

2020-06-05 12:05:19 - [MESSAGE][PASSED] - Object: 'Object Repository/1512354/43_AddSensitiveWord/Page_Thanh set Channel name - hcmus-cdnc-te_a699a0/span_Account Settings' is clicked on

2020-06-05 12:05:19 - [TEST_STEP][PASSED] - click(findTestObject("1512354/43_AddSensitiveWord/Page_Thanh set Channel name - hcmus-cdnc-te_a699a0/button_Notifications")): Object: 'Object Repository/1512354/43_AddSensitiveWord/Page_Thanh set Channel name - hcmus-cdnc-te_a699a0/button_Notifications' is clicked on

2020-06-05 12:05:20 - [MESSAGE][PASSED] - Object: 'Object Repository/1512354/43_AddSensitiveWord/Page_Thanh set Channel name - hcmus-cdnc-te_a699a0/button_Notifications' is clicked on

2020-06-05 12:05:20 - [TEST_STEP][PASSED] - click(findTestObject("1512354/43_AddSensitiveWord/Page_Thanh set Channel name - hcmus-cdnc-te_a699a0/button_Edit_1")): Object: 'Object Repository/1512354/43_AddSensitiveWord/Page_Thanh set Channel name - hcmus-cdnc-te_a699a0/button_Edit_1' is clicked on

2020-06-05 12:05:20 - [MESSAGE][PASSED] - Object: 'Object Repository/1512354/43_AddSensitiveWord/Page_Thanh set Channel name - hcmus-cdnc-te_a699a0/button_Edit_1' is clicked on

2020-06-05 12:05:20 - [TEST_STEP][PASSED] - setText(findTestObject("1512354/43_AddSensitiveWord/Page_Thanh set Channel name - hcmus-cdnc-te_a699a0/input_Other non-case sensitive words separa_48b795"), sensitiveWord): Text 'hành động nguy hiểm' is set on object 'Object Repository/1512354/43_AddSensitiveWord/Page_Thanh set Channel name - hcmus-cdnc-te_a699a0/input_Other non-case sensitive words separa_48b795'

2020-06-05 12:05:22 - [MESSAGE][PASSED] - Text 'hành động nguy hiểm' is set on object 'Object Repository/1512354/43_AddSensitiveWord/Page_Thanh set Channel name - hcmus-cdnc-te_a699a0/input_Other non-case sensitive words separa_48b795'

2020-06-05 12:05:22 - [TEST_STEP][PASSED] - click(findTestObject("1512354/43_AddSensitiveWord/Page_Thanh set Channel name - hcmus-cdnc-te_a699a0/button_Save")): Object: 'Object Repository/1512354/43_AddSensitiveWord/Page_Thanh set Channel name - hcmus-cdnc-te_a699a0/button_Save' is clicked on

2020-06-05 12:05:22 - [MESSAGE][PASSED] - Object: 'Object Repository/1512354/43_AddSensitiveWord/Page_Thanh set Channel name - hcmus-cdnc-te_a699a0/button_Save' is clicked on

2020-06-05 12:05:22 - [TEST_STEP][PASSED] - click(findTestObject("1512354/43_AddSensitiveWord/Page_Thanh set Channel name - hcmus-cdnc-te_a699a0/button_Close")): Object: 'Object Repository/1512354/43_AddSensitiveWord/Page_Thanh set Channel name - hcmus-cdnc-te_a699a0/button_Close' is clicked on

2020-06-05 12:05:23 - [MESSAGE][PASSED] - Object: 'Object Repository/1512354/43_AddSensitiveWord/Page_Thanh set Channel name - hcmus-cdnc-te_a699a0/button_Close' is clicked on

2020-06-05 12:05:23 - [TEST_STEP][PASSED] - closeBrowser(): Browser is closed

2020-06-05 12:05:24 - [MESSAGE][PASSED] - Browser is closed]]></system-out>
         <system-err><![CDATA[]]></system-err>
      </testcase>
      <testcase name="Test Cases/1512354/TC_44_AddEmailWhiteList" time="17.146" classname="Test Cases/1512354/TC_44_AddEmailWhiteList" status="PASSED">
         <system-out><![CDATA[2020-06-05 12:05:24 - [TEST_CASE][PASSED] - Test Cases/1512354/TC_44_AddEmailWhiteList: Test Cases/1512354/TC_44_AddEmailWhiteList

2020-06-05 12:05:24 - [TEST_STEP][PASSED] - openBrowser(""): Browser is opened with url: ''

2020-06-05 12:05:24 - [MESSAGE][INFO] - Starting 'Chrome' driver

2020-06-05 12:05:24 - [MESSAGE][INFO] - Action delay is set to 0 milliseconds

2020-06-05 12:05:27 - [MESSAGE][PASSED] - Browser is opened with url: ''

2020-06-05 12:05:27 - [TEST_STEP][PASSED] - navigateToUrl("http://localhost:8065/login"): Navigate to 'http://localhost:8065/login' successfully

2020-06-05 12:05:29 - [MESSAGE][PASSED] - Navigate to 'http://localhost:8065/login' successfully

2020-06-05 12:05:29 - [TEST_STEP][PASSED] - setText(findTestObject("Object Repository/1512354/44_AddEmailWhiteList/Page_Mattermost/input_All team communication in one place s_703ef5"), "hcmus-cdnc@gmail.com"): Text 'hcmus-cdnc@gmail.com' is set on object 'Object Repository/1512354/44_AddEmailWhiteList/Page_Mattermost/input_All team communication in one place s_703ef5'

2020-06-05 12:05:31 - [MESSAGE][PASSED] - Text 'hcmus-cdnc@gmail.com' is set on object 'Object Repository/1512354/44_AddEmailWhiteList/Page_Mattermost/input_All team communication in one place s_703ef5'

2020-06-05 12:05:31 - [TEST_STEP][PASSED] - setEncryptedText(findTestObject("Object Repository/1512354/44_AddEmailWhiteList/Page_Mattermost/input_All team communication in one place s_2f2733"), "aeHFOx8jV/A="): Text ****** has been set on object 'Object Repository/1512354/44_AddEmailWhiteList/Page_Mattermost/input_All team communication in one place s_2f2733'

2020-06-05 12:05:32 - [MESSAGE][PASSED] - Text ****** has been set on object 'Object Repository/1512354/44_AddEmailWhiteList/Page_Mattermost/input_All team communication in one place s_2f2733'

2020-06-05 12:05:32 - [TEST_STEP][PASSED] - click(findTestObject("Object Repository/1512354/44_AddEmailWhiteList/Page_Mattermost/button_Sign in")): Object: 'Object Repository/1512354/44_AddEmailWhiteList/Page_Mattermost/button_Sign in' is clicked on

2020-06-05 12:05:32 - [MESSAGE][PASSED] - Object: 'Object Repository/1512354/44_AddEmailWhiteList/Page_Mattermost/button_Sign in' is clicked on

2020-06-05 12:05:32 - [TEST_STEP][PASSED] - click(findTestObject("Object Repository/1512354/44_AddEmailWhiteList/Page_Thanh set Channel name - hcmus-cdnc-te_a699a0/button_anh_style--none sidebar-header-dropd_e4937e")): Object: 'Object Repository/1512354/44_AddEmailWhiteList/Page_Thanh set Channel name - hcmus-cdnc-te_a699a0/button_anh_style--none sidebar-header-dropd_e4937e' is clicked on

2020-06-05 12:05:36 - [MESSAGE][PASSED] - Object: 'Object Repository/1512354/44_AddEmailWhiteList/Page_Thanh set Channel name - hcmus-cdnc-te_a699a0/button_anh_style--none sidebar-header-dropd_e4937e' is clicked on

2020-06-05 12:05:36 - [TEST_STEP][PASSED] - click(findTestObject("Object Repository/1512354/44_AddEmailWhiteList/Page_Thanh set Channel name - hcmus-cdnc-te_a699a0/span_Team Settings")): Object: 'Object Repository/1512354/44_AddEmailWhiteList/Page_Thanh set Channel name - hcmus-cdnc-te_a699a0/span_Team Settings' is clicked on

2020-06-05 12:05:37 - [MESSAGE][PASSED] - Object: 'Object Repository/1512354/44_AddEmailWhiteList/Page_Thanh set Channel name - hcmus-cdnc-te_a699a0/span_Team Settings' is clicked on

2020-06-05 12:05:37 - [TEST_STEP][PASSED] - click(findTestObject("Object Repository/1512354/44_AddEmailWhiteList/Page_Thanh set Channel name - hcmus-cdnc-te_a699a0/button_Edit")): Object: 'Object Repository/1512354/44_AddEmailWhiteList/Page_Thanh set Channel name - hcmus-cdnc-te_a699a0/button_Edit' is clicked on

2020-06-05 12:05:38 - [MESSAGE][PASSED] - Object: 'Object Repository/1512354/44_AddEmailWhiteList/Page_Thanh set Channel name - hcmus-cdnc-te_a699a0/button_Edit' is clicked on

2020-06-05 12:05:38 - [TEST_STEP][PASSED] - setText(findTestObject("Object Repository/1512354/44_AddEmailWhiteList/Page_Thanh set Channel name - hcmus-cdnc-te_a699a0/input_Allow only users with a specific emai_44da11"), whiteList): Text 'gmail.com' is set on object 'Object Repository/1512354/44_AddEmailWhiteList/Page_Thanh set Channel name - hcmus-cdnc-te_a699a0/input_Allow only users with a specific emai_44da11'

2020-06-05 12:05:39 - [MESSAGE][PASSED] - Text 'gmail.com' is set on object 'Object Repository/1512354/44_AddEmailWhiteList/Page_Thanh set Channel name - hcmus-cdnc-te_a699a0/input_Allow only users with a specific emai_44da11'

2020-06-05 12:05:39 - [TEST_STEP][PASSED] - click(findTestObject("Object Repository/1512354/44_AddEmailWhiteList/Page_Thanh set Channel name - hcmus-cdnc-te_a699a0/button_Save")): Object: 'Object Repository/1512354/44_AddEmailWhiteList/Page_Thanh set Channel name - hcmus-cdnc-te_a699a0/button_Save' is clicked on

2020-06-05 12:05:39 - [MESSAGE][PASSED] - Object: 'Object Repository/1512354/44_AddEmailWhiteList/Page_Thanh set Channel name - hcmus-cdnc-te_a699a0/button_Save' is clicked on

2020-06-05 12:05:39 - [TEST_STEP][PASSED] - click(findTestObject("Object Repository/1512354/44_AddEmailWhiteList/Page_Thanh set Channel name - hcmus-cdnc-te_a699a0/button_Close")): Object: 'Object Repository/1512354/44_AddEmailWhiteList/Page_Thanh set Channel name - hcmus-cdnc-te_a699a0/button_Close' is clicked on

2020-06-05 12:05:40 - [MESSAGE][PASSED] - Object: 'Object Repository/1512354/44_AddEmailWhiteList/Page_Thanh set Channel name - hcmus-cdnc-te_a699a0/button_Close' is clicked on

2020-06-05 12:05:40 - [TEST_STEP][PASSED] - closeBrowser(): Browser is closed

2020-06-05 12:05:41 - [MESSAGE][PASSED] - Browser is closed]]></system-out>
         <system-err><![CDATA[]]></system-err>
      </testcase>
      <testcase name="Test Cases/1512354/TC_44_AddEmailWhiteList" time="17.039" classname="Test Cases/1512354/TC_44_AddEmailWhiteList" status="PASSED">
         <system-out><![CDATA[2020-06-05 12:05:41 - [TEST_CASE][PASSED] - Test Cases/1512354/TC_44_AddEmailWhiteList: Test Cases/1512354/TC_44_AddEmailWhiteList

2020-06-05 12:05:41 - [TEST_STEP][PASSED] - openBrowser(""): Browser is opened with url: ''

2020-06-05 12:05:41 - [MESSAGE][INFO] - Starting 'Chrome' driver

2020-06-05 12:05:41 - [MESSAGE][INFO] - Action delay is set to 0 milliseconds

2020-06-05 12:05:44 - [MESSAGE][PASSED] - Browser is opened with url: ''

2020-06-05 12:05:44 - [TEST_STEP][PASSED] - navigateToUrl("http://localhost:8065/login"): Navigate to 'http://localhost:8065/login' successfully

2020-06-05 12:05:46 - [MESSAGE][PASSED] - Navigate to 'http://localhost:8065/login' successfully

2020-06-05 12:05:46 - [TEST_STEP][PASSED] - setText(findTestObject("Object Repository/1512354/44_AddEmailWhiteList/Page_Mattermost/input_All team communication in one place s_703ef5"), "hcmus-cdnc@gmail.com"): Text 'hcmus-cdnc@gmail.com' is set on object 'Object Repository/1512354/44_AddEmailWhiteList/Page_Mattermost/input_All team communication in one place s_703ef5'

2020-06-05 12:05:48 - [MESSAGE][PASSED] - Text 'hcmus-cdnc@gmail.com' is set on object 'Object Repository/1512354/44_AddEmailWhiteList/Page_Mattermost/input_All team communication in one place s_703ef5'

2020-06-05 12:05:48 - [TEST_STEP][PASSED] - setEncryptedText(findTestObject("Object Repository/1512354/44_AddEmailWhiteList/Page_Mattermost/input_All team communication in one place s_2f2733"), "aeHFOx8jV/A="): Text ****** has been set on object 'Object Repository/1512354/44_AddEmailWhiteList/Page_Mattermost/input_All team communication in one place s_2f2733'

2020-06-05 12:05:49 - [MESSAGE][PASSED] - Text ****** has been set on object 'Object Repository/1512354/44_AddEmailWhiteList/Page_Mattermost/input_All team communication in one place s_2f2733'

2020-06-05 12:05:49 - [TEST_STEP][PASSED] - click(findTestObject("Object Repository/1512354/44_AddEmailWhiteList/Page_Mattermost/button_Sign in")): Object: 'Object Repository/1512354/44_AddEmailWhiteList/Page_Mattermost/button_Sign in' is clicked on

2020-06-05 12:05:49 - [MESSAGE][PASSED] - Object: 'Object Repository/1512354/44_AddEmailWhiteList/Page_Mattermost/button_Sign in' is clicked on

2020-06-05 12:05:49 - [TEST_STEP][PASSED] - click(findTestObject("Object Repository/1512354/44_AddEmailWhiteList/Page_Thanh set Channel name - hcmus-cdnc-te_a699a0/button_anh_style--none sidebar-header-dropd_e4937e")): Object: 'Object Repository/1512354/44_AddEmailWhiteList/Page_Thanh set Channel name - hcmus-cdnc-te_a699a0/button_anh_style--none sidebar-header-dropd_e4937e' is clicked on

2020-06-05 12:05:53 - [MESSAGE][PASSED] - Object: 'Object Repository/1512354/44_AddEmailWhiteList/Page_Thanh set Channel name - hcmus-cdnc-te_a699a0/button_anh_style--none sidebar-header-dropd_e4937e' is clicked on

2020-06-05 12:05:53 - [TEST_STEP][PASSED] - click(findTestObject("Object Repository/1512354/44_AddEmailWhiteList/Page_Thanh set Channel name - hcmus-cdnc-te_a699a0/span_Team Settings")): Object: 'Object Repository/1512354/44_AddEmailWhiteList/Page_Thanh set Channel name - hcmus-cdnc-te_a699a0/span_Team Settings' is clicked on

2020-06-05 12:05:54 - [MESSAGE][PASSED] - Object: 'Object Repository/1512354/44_AddEmailWhiteList/Page_Thanh set Channel name - hcmus-cdnc-te_a699a0/span_Team Settings' is clicked on

2020-06-05 12:05:54 - [TEST_STEP][PASSED] - click(findTestObject("Object Repository/1512354/44_AddEmailWhiteList/Page_Thanh set Channel name - hcmus-cdnc-te_a699a0/button_Edit")): Object: 'Object Repository/1512354/44_AddEmailWhiteList/Page_Thanh set Channel name - hcmus-cdnc-te_a699a0/button_Edit' is clicked on

2020-06-05 12:05:55 - [MESSAGE][PASSED] - Object: 'Object Repository/1512354/44_AddEmailWhiteList/Page_Thanh set Channel name - hcmus-cdnc-te_a699a0/button_Edit' is clicked on

2020-06-05 12:05:55 - [TEST_STEP][PASSED] - setText(findTestObject("Object Repository/1512354/44_AddEmailWhiteList/Page_Thanh set Channel name - hcmus-cdnc-te_a699a0/input_Allow only users with a specific emai_44da11"), whiteList): Text 'outlook.com' is set on object 'Object Repository/1512354/44_AddEmailWhiteList/Page_Thanh set Channel name - hcmus-cdnc-te_a699a0/input_Allow only users with a specific emai_44da11'

2020-06-05 12:05:56 - [MESSAGE][PASSED] - Text 'outlook.com' is set on object 'Object Repository/1512354/44_AddEmailWhiteList/Page_Thanh set Channel name - hcmus-cdnc-te_a699a0/input_Allow only users with a specific emai_44da11'

2020-06-05 12:05:56 - [TEST_STEP][PASSED] - click(findTestObject("Object Repository/1512354/44_AddEmailWhiteList/Page_Thanh set Channel name - hcmus-cdnc-te_a699a0/button_Save")): Object: 'Object Repository/1512354/44_AddEmailWhiteList/Page_Thanh set Channel name - hcmus-cdnc-te_a699a0/button_Save' is clicked on

2020-06-05 12:05:56 - [MESSAGE][PASSED] - Object: 'Object Repository/1512354/44_AddEmailWhiteList/Page_Thanh set Channel name - hcmus-cdnc-te_a699a0/button_Save' is clicked on

2020-06-05 12:05:56 - [TEST_STEP][PASSED] - click(findTestObject("Object Repository/1512354/44_AddEmailWhiteList/Page_Thanh set Channel name - hcmus-cdnc-te_a699a0/button_Close")): Object: 'Object Repository/1512354/44_AddEmailWhiteList/Page_Thanh set Channel name - hcmus-cdnc-te_a699a0/button_Close' is clicked on

2020-06-05 12:05:57 - [MESSAGE][PASSED] - Object: 'Object Repository/1512354/44_AddEmailWhiteList/Page_Thanh set Channel name - hcmus-cdnc-te_a699a0/button_Close' is clicked on

2020-06-05 12:05:57 - [TEST_STEP][PASSED] - closeBrowser(): Browser is closed

2020-06-05 12:05:58 - [MESSAGE][PASSED] - Browser is closed]]></system-out>
         <system-err><![CDATA[]]></system-err>
      </testcase>
      <testcase name="Test Cases/1512354/TC_44_AddEmailWhiteList" time="16.562" classname="Test Cases/1512354/TC_44_AddEmailWhiteList" status="PASSED">
         <system-out><![CDATA[2020-06-05 12:05:58 - [TEST_CASE][PASSED] - Test Cases/1512354/TC_44_AddEmailWhiteList: Test Cases/1512354/TC_44_AddEmailWhiteList

2020-06-05 12:05:58 - [TEST_STEP][PASSED] - openBrowser(""): Browser is opened with url: ''

2020-06-05 12:05:58 - [MESSAGE][INFO] - Starting 'Chrome' driver

2020-06-05 12:05:58 - [MESSAGE][INFO] - Action delay is set to 0 milliseconds

2020-06-05 12:06:02 - [MESSAGE][PASSED] - Browser is opened with url: ''

2020-06-05 12:06:02 - [TEST_STEP][PASSED] - navigateToUrl("http://localhost:8065/login"): Navigate to 'http://localhost:8065/login' successfully

2020-06-05 12:06:03 - [MESSAGE][PASSED] - Navigate to 'http://localhost:8065/login' successfully

2020-06-05 12:06:03 - [TEST_STEP][PASSED] - setText(findTestObject("Object Repository/1512354/44_AddEmailWhiteList/Page_Mattermost/input_All team communication in one place s_703ef5"), "hcmus-cdnc@gmail.com"): Text 'hcmus-cdnc@gmail.com' is set on object 'Object Repository/1512354/44_AddEmailWhiteList/Page_Mattermost/input_All team communication in one place s_703ef5'

2020-06-05 12:06:05 - [MESSAGE][PASSED] - Text 'hcmus-cdnc@gmail.com' is set on object 'Object Repository/1512354/44_AddEmailWhiteList/Page_Mattermost/input_All team communication in one place s_703ef5'

2020-06-05 12:06:05 - [TEST_STEP][PASSED] - setEncryptedText(findTestObject("Object Repository/1512354/44_AddEmailWhiteList/Page_Mattermost/input_All team communication in one place s_2f2733"), "aeHFOx8jV/A="): Text ****** has been set on object 'Object Repository/1512354/44_AddEmailWhiteList/Page_Mattermost/input_All team communication in one place s_2f2733'

2020-06-05 12:06:06 - [MESSAGE][PASSED] - Text ****** has been set on object 'Object Repository/1512354/44_AddEmailWhiteList/Page_Mattermost/input_All team communication in one place s_2f2733'

2020-06-05 12:06:06 - [TEST_STEP][PASSED] - click(findTestObject("Object Repository/1512354/44_AddEmailWhiteList/Page_Mattermost/button_Sign in")): Object: 'Object Repository/1512354/44_AddEmailWhiteList/Page_Mattermost/button_Sign in' is clicked on

2020-06-05 12:06:06 - [MESSAGE][PASSED] - Object: 'Object Repository/1512354/44_AddEmailWhiteList/Page_Mattermost/button_Sign in' is clicked on

2020-06-05 12:06:06 - [TEST_STEP][PASSED] - click(findTestObject("Object Repository/1512354/44_AddEmailWhiteList/Page_Thanh set Channel name - hcmus-cdnc-te_a699a0/button_anh_style--none sidebar-header-dropd_e4937e")): Object: 'Object Repository/1512354/44_AddEmailWhiteList/Page_Thanh set Channel name - hcmus-cdnc-te_a699a0/button_anh_style--none sidebar-header-dropd_e4937e' is clicked on

2020-06-05 12:06:10 - [MESSAGE][PASSED] - Object: 'Object Repository/1512354/44_AddEmailWhiteList/Page_Thanh set Channel name - hcmus-cdnc-te_a699a0/button_anh_style--none sidebar-header-dropd_e4937e' is clicked on

2020-06-05 12:06:10 - [TEST_STEP][PASSED] - click(findTestObject("Object Repository/1512354/44_AddEmailWhiteList/Page_Thanh set Channel name - hcmus-cdnc-te_a699a0/span_Team Settings")): Object: 'Object Repository/1512354/44_AddEmailWhiteList/Page_Thanh set Channel name - hcmus-cdnc-te_a699a0/span_Team Settings' is clicked on

2020-06-05 12:06:11 - [MESSAGE][PASSED] - Object: 'Object Repository/1512354/44_AddEmailWhiteList/Page_Thanh set Channel name - hcmus-cdnc-te_a699a0/span_Team Settings' is clicked on

2020-06-05 12:06:11 - [TEST_STEP][PASSED] - click(findTestObject("Object Repository/1512354/44_AddEmailWhiteList/Page_Thanh set Channel name - hcmus-cdnc-te_a699a0/button_Edit")): Object: 'Object Repository/1512354/44_AddEmailWhiteList/Page_Thanh set Channel name - hcmus-cdnc-te_a699a0/button_Edit' is clicked on

2020-06-05 12:06:12 - [MESSAGE][PASSED] - Object: 'Object Repository/1512354/44_AddEmailWhiteList/Page_Thanh set Channel name - hcmus-cdnc-te_a699a0/button_Edit' is clicked on

2020-06-05 12:06:12 - [TEST_STEP][PASSED] - setText(findTestObject("Object Repository/1512354/44_AddEmailWhiteList/Page_Thanh set Channel name - hcmus-cdnc-te_a699a0/input_Allow only users with a specific emai_44da11"), whiteList): Text 'abc.com' is set on object 'Object Repository/1512354/44_AddEmailWhiteList/Page_Thanh set Channel name - hcmus-cdnc-te_a699a0/input_Allow only users with a specific emai_44da11'

2020-06-05 12:06:13 - [MESSAGE][PASSED] - Text 'abc.com' is set on object 'Object Repository/1512354/44_AddEmailWhiteList/Page_Thanh set Channel name - hcmus-cdnc-te_a699a0/input_Allow only users with a specific emai_44da11'

2020-06-05 12:06:13 - [TEST_STEP][PASSED] - click(findTestObject("Object Repository/1512354/44_AddEmailWhiteList/Page_Thanh set Channel name - hcmus-cdnc-te_a699a0/button_Save")): Object: 'Object Repository/1512354/44_AddEmailWhiteList/Page_Thanh set Channel name - hcmus-cdnc-te_a699a0/button_Save' is clicked on

2020-06-05 12:06:13 - [MESSAGE][PASSED] - Object: 'Object Repository/1512354/44_AddEmailWhiteList/Page_Thanh set Channel name - hcmus-cdnc-te_a699a0/button_Save' is clicked on

2020-06-05 12:06:13 - [TEST_STEP][PASSED] - click(findTestObject("Object Repository/1512354/44_AddEmailWhiteList/Page_Thanh set Channel name - hcmus-cdnc-te_a699a0/button_Close")): Object: 'Object Repository/1512354/44_AddEmailWhiteList/Page_Thanh set Channel name - hcmus-cdnc-te_a699a0/button_Close' is clicked on

2020-06-05 12:06:14 - [MESSAGE][PASSED] - Object: 'Object Repository/1512354/44_AddEmailWhiteList/Page_Thanh set Channel name - hcmus-cdnc-te_a699a0/button_Close' is clicked on

2020-06-05 12:06:14 - [TEST_STEP][PASSED] - closeBrowser(): Browser is closed

2020-06-05 12:06:15 - [MESSAGE][PASSED] - Browser is closed]]></system-out>
         <system-err><![CDATA[]]></system-err>
      </testcase>
      <testcase name="Test Cases/1512354/TC_44_AddEmailWhiteList" time="17.026" classname="Test Cases/1512354/TC_44_AddEmailWhiteList" status="PASSED">
         <system-out><![CDATA[2020-06-05 12:06:15 - [TEST_CASE][PASSED] - Test Cases/1512354/TC_44_AddEmailWhiteList: Test Cases/1512354/TC_44_AddEmailWhiteList

2020-06-05 12:06:15 - [TEST_STEP][PASSED] - openBrowser(""): Browser is opened with url: ''

2020-06-05 12:06:15 - [MESSAGE][INFO] - Starting 'Chrome' driver

2020-06-05 12:06:15 - [MESSAGE][INFO] - Action delay is set to 0 milliseconds

2020-06-05 12:06:18 - [MESSAGE][PASSED] - Browser is opened with url: ''

2020-06-05 12:06:18 - [TEST_STEP][PASSED] - navigateToUrl("http://localhost:8065/login"): Navigate to 'http://localhost:8065/login' successfully

2020-06-05 12:06:20 - [MESSAGE][PASSED] - Navigate to 'http://localhost:8065/login' successfully

2020-06-05 12:06:20 - [TEST_STEP][PASSED] - setText(findTestObject("Object Repository/1512354/44_AddEmailWhiteList/Page_Mattermost/input_All team communication in one place s_703ef5"), "hcmus-cdnc@gmail.com"): Text 'hcmus-cdnc@gmail.com' is set on object 'Object Repository/1512354/44_AddEmailWhiteList/Page_Mattermost/input_All team communication in one place s_703ef5'

2020-06-05 12:06:22 - [MESSAGE][PASSED] - Text 'hcmus-cdnc@gmail.com' is set on object 'Object Repository/1512354/44_AddEmailWhiteList/Page_Mattermost/input_All team communication in one place s_703ef5'

2020-06-05 12:06:22 - [TEST_STEP][PASSED] - setEncryptedText(findTestObject("Object Repository/1512354/44_AddEmailWhiteList/Page_Mattermost/input_All team communication in one place s_2f2733"), "aeHFOx8jV/A="): Text ****** has been set on object 'Object Repository/1512354/44_AddEmailWhiteList/Page_Mattermost/input_All team communication in one place s_2f2733'

2020-06-05 12:06:23 - [MESSAGE][PASSED] - Text ****** has been set on object 'Object Repository/1512354/44_AddEmailWhiteList/Page_Mattermost/input_All team communication in one place s_2f2733'

2020-06-05 12:06:23 - [TEST_STEP][PASSED] - click(findTestObject("Object Repository/1512354/44_AddEmailWhiteList/Page_Mattermost/button_Sign in")): Object: 'Object Repository/1512354/44_AddEmailWhiteList/Page_Mattermost/button_Sign in' is clicked on

2020-06-05 12:06:23 - [MESSAGE][PASSED] - Object: 'Object Repository/1512354/44_AddEmailWhiteList/Page_Mattermost/button_Sign in' is clicked on

2020-06-05 12:06:23 - [TEST_STEP][PASSED] - click(findTestObject("Object Repository/1512354/44_AddEmailWhiteList/Page_Thanh set Channel name - hcmus-cdnc-te_a699a0/button_anh_style--none sidebar-header-dropd_e4937e")): Object: 'Object Repository/1512354/44_AddEmailWhiteList/Page_Thanh set Channel name - hcmus-cdnc-te_a699a0/button_anh_style--none sidebar-header-dropd_e4937e' is clicked on

2020-06-05 12:06:27 - [MESSAGE][PASSED] - Object: 'Object Repository/1512354/44_AddEmailWhiteList/Page_Thanh set Channel name - hcmus-cdnc-te_a699a0/button_anh_style--none sidebar-header-dropd_e4937e' is clicked on

2020-06-05 12:06:27 - [TEST_STEP][PASSED] - click(findTestObject("Object Repository/1512354/44_AddEmailWhiteList/Page_Thanh set Channel name - hcmus-cdnc-te_a699a0/span_Team Settings")): Object: 'Object Repository/1512354/44_AddEmailWhiteList/Page_Thanh set Channel name - hcmus-cdnc-te_a699a0/span_Team Settings' is clicked on

2020-06-05 12:06:28 - [MESSAGE][PASSED] - Object: 'Object Repository/1512354/44_AddEmailWhiteList/Page_Thanh set Channel name - hcmus-cdnc-te_a699a0/span_Team Settings' is clicked on

2020-06-05 12:06:28 - [TEST_STEP][PASSED] - click(findTestObject("Object Repository/1512354/44_AddEmailWhiteList/Page_Thanh set Channel name - hcmus-cdnc-te_a699a0/button_Edit")): Object: 'Object Repository/1512354/44_AddEmailWhiteList/Page_Thanh set Channel name - hcmus-cdnc-te_a699a0/button_Edit' is clicked on

2020-06-05 12:06:29 - [MESSAGE][PASSED] - Object: 'Object Repository/1512354/44_AddEmailWhiteList/Page_Thanh set Channel name - hcmus-cdnc-te_a699a0/button_Edit' is clicked on

2020-06-05 12:06:29 - [TEST_STEP][PASSED] - setText(findTestObject("Object Repository/1512354/44_AddEmailWhiteList/Page_Thanh set Channel name - hcmus-cdnc-te_a699a0/input_Allow only users with a specific emai_44da11"), whiteList): Text 'mattermost.com' is set on object 'Object Repository/1512354/44_AddEmailWhiteList/Page_Thanh set Channel name - hcmus-cdnc-te_a699a0/input_Allow only users with a specific emai_44da11'

2020-06-05 12:06:30 - [MESSAGE][PASSED] - Text 'mattermost.com' is set on object 'Object Repository/1512354/44_AddEmailWhiteList/Page_Thanh set Channel name - hcmus-cdnc-te_a699a0/input_Allow only users with a specific emai_44da11'

2020-06-05 12:06:30 - [TEST_STEP][PASSED] - click(findTestObject("Object Repository/1512354/44_AddEmailWhiteList/Page_Thanh set Channel name - hcmus-cdnc-te_a699a0/button_Save")): Object: 'Object Repository/1512354/44_AddEmailWhiteList/Page_Thanh set Channel name - hcmus-cdnc-te_a699a0/button_Save' is clicked on

2020-06-05 12:06:30 - [MESSAGE][PASSED] - Object: 'Object Repository/1512354/44_AddEmailWhiteList/Page_Thanh set Channel name - hcmus-cdnc-te_a699a0/button_Save' is clicked on

2020-06-05 12:06:30 - [TEST_STEP][PASSED] - click(findTestObject("Object Repository/1512354/44_AddEmailWhiteList/Page_Thanh set Channel name - hcmus-cdnc-te_a699a0/button_Close")): Object: 'Object Repository/1512354/44_AddEmailWhiteList/Page_Thanh set Channel name - hcmus-cdnc-te_a699a0/button_Close' is clicked on

2020-06-05 12:06:31 - [MESSAGE][PASSED] - Object: 'Object Repository/1512354/44_AddEmailWhiteList/Page_Thanh set Channel name - hcmus-cdnc-te_a699a0/button_Close' is clicked on

2020-06-05 12:06:31 - [TEST_STEP][PASSED] - closeBrowser(): Browser is closed

2020-06-05 12:06:32 - [MESSAGE][PASSED] - Browser is closed]]></system-out>
         <system-err><![CDATA[]]></system-err>
      </testcase>
      <testcase name="Test Cases/1512354/TC_44_AddEmailWhiteList" time="17.058" classname="Test Cases/1512354/TC_44_AddEmailWhiteList" status="PASSED">
         <system-out><![CDATA[2020-06-05 12:06:32 - [TEST_CASE][PASSED] - Test Cases/1512354/TC_44_AddEmailWhiteList: Test Cases/1512354/TC_44_AddEmailWhiteList

2020-06-05 12:06:32 - [TEST_STEP][PASSED] - openBrowser(""): Browser is opened with url: ''

2020-06-05 12:06:32 - [MESSAGE][INFO] - Starting 'Chrome' driver

2020-06-05 12:06:32 - [MESSAGE][INFO] - Action delay is set to 0 milliseconds

2020-06-05 12:06:35 - [MESSAGE][PASSED] - Browser is opened with url: ''

2020-06-05 12:06:35 - [TEST_STEP][PASSED] - navigateToUrl("http://localhost:8065/login"): Navigate to 'http://localhost:8065/login' successfully

2020-06-05 12:06:36 - [MESSAGE][PASSED] - Navigate to 'http://localhost:8065/login' successfully

2020-06-05 12:06:36 - [TEST_STEP][PASSED] - setText(findTestObject("Object Repository/1512354/44_AddEmailWhiteList/Page_Mattermost/input_All team communication in one place s_703ef5"), "hcmus-cdnc@gmail.com"): Text 'hcmus-cdnc@gmail.com' is set on object 'Object Repository/1512354/44_AddEmailWhiteList/Page_Mattermost/input_All team communication in one place s_703ef5'

2020-06-05 12:06:39 - [MESSAGE][PASSED] - Text 'hcmus-cdnc@gmail.com' is set on object 'Object Repository/1512354/44_AddEmailWhiteList/Page_Mattermost/input_All team communication in one place s_703ef5'

2020-06-05 12:06:39 - [TEST_STEP][PASSED] - setEncryptedText(findTestObject("Object Repository/1512354/44_AddEmailWhiteList/Page_Mattermost/input_All team communication in one place s_2f2733"), "aeHFOx8jV/A="): Text ****** has been set on object 'Object Repository/1512354/44_AddEmailWhiteList/Page_Mattermost/input_All team communication in one place s_2f2733'

2020-06-05 12:06:39 - [MESSAGE][PASSED] - Text ****** has been set on object 'Object Repository/1512354/44_AddEmailWhiteList/Page_Mattermost/input_All team communication in one place s_2f2733'

2020-06-05 12:06:39 - [TEST_STEP][PASSED] - click(findTestObject("Object Repository/1512354/44_AddEmailWhiteList/Page_Mattermost/button_Sign in")): Object: 'Object Repository/1512354/44_AddEmailWhiteList/Page_Mattermost/button_Sign in' is clicked on

2020-06-05 12:06:40 - [MESSAGE][PASSED] - Object: 'Object Repository/1512354/44_AddEmailWhiteList/Page_Mattermost/button_Sign in' is clicked on

2020-06-05 12:06:40 - [TEST_STEP][PASSED] - click(findTestObject("Object Repository/1512354/44_AddEmailWhiteList/Page_Thanh set Channel name - hcmus-cdnc-te_a699a0/button_anh_style--none sidebar-header-dropd_e4937e")): Object: 'Object Repository/1512354/44_AddEmailWhiteList/Page_Thanh set Channel name - hcmus-cdnc-te_a699a0/button_anh_style--none sidebar-header-dropd_e4937e' is clicked on

2020-06-05 12:06:44 - [MESSAGE][PASSED] - Object: 'Object Repository/1512354/44_AddEmailWhiteList/Page_Thanh set Channel name - hcmus-cdnc-te_a699a0/button_anh_style--none sidebar-header-dropd_e4937e' is clicked on

2020-06-05 12:06:44 - [TEST_STEP][PASSED] - click(findTestObject("Object Repository/1512354/44_AddEmailWhiteList/Page_Thanh set Channel name - hcmus-cdnc-te_a699a0/span_Team Settings")): Object: 'Object Repository/1512354/44_AddEmailWhiteList/Page_Thanh set Channel name - hcmus-cdnc-te_a699a0/span_Team Settings' is clicked on

2020-06-05 12:06:45 - [MESSAGE][PASSED] - Object: 'Object Repository/1512354/44_AddEmailWhiteList/Page_Thanh set Channel name - hcmus-cdnc-te_a699a0/span_Team Settings' is clicked on

2020-06-05 12:06:45 - [TEST_STEP][PASSED] - click(findTestObject("Object Repository/1512354/44_AddEmailWhiteList/Page_Thanh set Channel name - hcmus-cdnc-te_a699a0/button_Edit")): Object: 'Object Repository/1512354/44_AddEmailWhiteList/Page_Thanh set Channel name - hcmus-cdnc-te_a699a0/button_Edit' is clicked on

2020-06-05 12:06:46 - [MESSAGE][PASSED] - Object: 'Object Repository/1512354/44_AddEmailWhiteList/Page_Thanh set Channel name - hcmus-cdnc-te_a699a0/button_Edit' is clicked on

2020-06-05 12:06:46 - [TEST_STEP][PASSED] - setText(findTestObject("Object Repository/1512354/44_AddEmailWhiteList/Page_Thanh set Channel name - hcmus-cdnc-te_a699a0/input_Allow only users with a specific emai_44da11"), whiteList): Text 'mattermost.org' is set on object 'Object Repository/1512354/44_AddEmailWhiteList/Page_Thanh set Channel name - hcmus-cdnc-te_a699a0/input_Allow only users with a specific emai_44da11'

2020-06-05 12:06:47 - [MESSAGE][PASSED] - Text 'mattermost.org' is set on object 'Object Repository/1512354/44_AddEmailWhiteList/Page_Thanh set Channel name - hcmus-cdnc-te_a699a0/input_Allow only users with a specific emai_44da11'

2020-06-05 12:06:47 - [TEST_STEP][PASSED] - click(findTestObject("Object Repository/1512354/44_AddEmailWhiteList/Page_Thanh set Channel name - hcmus-cdnc-te_a699a0/button_Save")): Object: 'Object Repository/1512354/44_AddEmailWhiteList/Page_Thanh set Channel name - hcmus-cdnc-te_a699a0/button_Save' is clicked on

2020-06-05 12:06:47 - [MESSAGE][PASSED] - Object: 'Object Repository/1512354/44_AddEmailWhiteList/Page_Thanh set Channel name - hcmus-cdnc-te_a699a0/button_Save' is clicked on

2020-06-05 12:06:47 - [TEST_STEP][PASSED] - click(findTestObject("Object Repository/1512354/44_AddEmailWhiteList/Page_Thanh set Channel name - hcmus-cdnc-te_a699a0/button_Close")): Object: 'Object Repository/1512354/44_AddEmailWhiteList/Page_Thanh set Channel name - hcmus-cdnc-te_a699a0/button_Close' is clicked on

2020-06-05 12:06:48 - [MESSAGE][PASSED] - Object: 'Object Repository/1512354/44_AddEmailWhiteList/Page_Thanh set Channel name - hcmus-cdnc-te_a699a0/button_Close' is clicked on

2020-06-05 12:06:48 - [TEST_STEP][PASSED] - closeBrowser(): Browser is closed

2020-06-05 12:06:49 - [MESSAGE][PASSED] - Browser is closed]]></system-out>
         <system-err><![CDATA[]]></system-err>
      </testcase>
      <testcase name="Test Cases/1512354/TC_45_Edit_TeamDescription" time="17.139" classname="Test Cases/1512354/TC_45_Edit_TeamDescription" status="PASSED">
         <system-out><![CDATA[2020-06-05 12:06:49 - [TEST_CASE][PASSED] - Test Cases/1512354/TC_45_Edit_TeamDescription: Test Cases/1512354/TC_45_Edit_TeamDescription

2020-06-05 12:06:49 - [TEST_STEP][PASSED] - openBrowser(""): Browser is opened with url: ''

2020-06-05 12:06:49 - [MESSAGE][INFO] - Starting 'Chrome' driver

2020-06-05 12:06:49 - [MESSAGE][INFO] - Action delay is set to 0 milliseconds

2020-06-05 12:06:52 - [MESSAGE][PASSED] - Browser is opened with url: ''

2020-06-05 12:06:52 - [TEST_STEP][PASSED] - navigateToUrl("http://localhost:8065/hcmus-cdnc-team/channels/town-square"): Navigate to 'http://localhost:8065/hcmus-cdnc-team/channels/town-square' successfully

2020-06-05 12:06:54 - [MESSAGE][PASSED] - Navigate to 'http://localhost:8065/hcmus-cdnc-team/channels/town-square' successfully

2020-06-05 12:06:54 - [TEST_STEP][PASSED] - setText(findTestObject("Object Repository/1512354/45_Edit_TeamDescription/Page_Mattermost/input_All team communication in one place s_703ef5"), "hcmus-cdnc@gmail.com"): Text 'hcmus-cdnc@gmail.com' is set on object 'Object Repository/1512354/45_Edit_TeamDescription/Page_Mattermost/input_All team communication in one place s_703ef5'

2020-06-05 12:06:56 - [MESSAGE][PASSED] - Text 'hcmus-cdnc@gmail.com' is set on object 'Object Repository/1512354/45_Edit_TeamDescription/Page_Mattermost/input_All team communication in one place s_703ef5'

2020-06-05 12:06:56 - [TEST_STEP][PASSED] - setEncryptedText(findTestObject("Object Repository/1512354/45_Edit_TeamDescription/Page_Mattermost/input_Please enter your password_password"), "aeHFOx8jV/A="): Text ****** has been set on object 'Object Repository/1512354/45_Edit_TeamDescription/Page_Mattermost/input_Please enter your password_password'

2020-06-05 12:06:57 - [MESSAGE][PASSED] - Text ****** has been set on object 'Object Repository/1512354/45_Edit_TeamDescription/Page_Mattermost/input_Please enter your password_password'

2020-06-05 12:06:57 - [TEST_STEP][PASSED] - sendKeys(findTestObject("Object Repository/1512354/45_Edit_TeamDescription/Page_Mattermost/input_Please enter your password_password"), Keys.chord(ENTER)): Keys 'ENTER + ' sent to object: 'Object Repository/1512354/45_Edit_TeamDescription/Page_Mattermost/input_Please enter your password_password'

2020-06-05 12:06:58 - [MESSAGE][PASSED] - Keys 'ENTER + ' sent to object: 'Object Repository/1512354/45_Edit_TeamDescription/Page_Mattermost/input_Please enter your password_password'

2020-06-05 12:06:58 - [TEST_STEP][PASSED] - click(findTestObject("Object Repository/1512354/45_Edit_TeamDescription/Page_Thanh set Channel name - hcmus-cdnc-te_a699a0/span")): Object: 'Object Repository/1512354/45_Edit_TeamDescription/Page_Thanh set Channel name - hcmus-cdnc-te_a699a0/span' is clicked on

2020-06-05 12:07:01 - [MESSAGE][PASSED] - Object: 'Object Repository/1512354/45_Edit_TeamDescription/Page_Thanh set Channel name - hcmus-cdnc-te_a699a0/span' is clicked on

2020-06-05 12:07:01 - [TEST_STEP][PASSED] - click(findTestObject("Object Repository/1512354/45_Edit_TeamDescription/Page_Thanh set Channel name - hcmus-cdnc-te_a699a0/span_Team Settings")): Object: 'Object Repository/1512354/45_Edit_TeamDescription/Page_Thanh set Channel name - hcmus-cdnc-te_a699a0/span_Team Settings' is clicked on

2020-06-05 12:07:02 - [MESSAGE][PASSED] - Object: 'Object Repository/1512354/45_Edit_TeamDescription/Page_Thanh set Channel name - hcmus-cdnc-te_a699a0/span_Team Settings' is clicked on

2020-06-05 12:07:02 - [TEST_STEP][PASSED] - click(findTestObject("Object Repository/1512354/45_Edit_TeamDescription/Page_Thanh set Channel name - hcmus-cdnc-te_a699a0/span_Edit")): Object: 'Object Repository/1512354/45_Edit_TeamDescription/Page_Thanh set Channel name - hcmus-cdnc-te_a699a0/span_Edit' is clicked on

2020-06-05 12:07:03 - [MESSAGE][PASSED] - Object: 'Object Repository/1512354/45_Edit_TeamDescription/Page_Thanh set Channel name - hcmus-cdnc-te_a699a0/span_Edit' is clicked on

2020-06-05 12:07:03 - [TEST_STEP][PASSED] - setText(findTestObject("Object Repository/1512354/45_Edit_TeamDescription/Page_Thanh set Channel name - hcmus-cdnc-te_a699a0/input_Team Description_teamDescription"), description): Text 'Nhóm thiết kế' is set on object 'Object Repository/1512354/45_Edit_TeamDescription/Page_Thanh set Channel name - hcmus-cdnc-te_a699a0/input_Team Description_teamDescription'

2020-06-05 12:07:04 - [MESSAGE][PASSED] - Text 'Nhóm thiết kế' is set on object 'Object Repository/1512354/45_Edit_TeamDescription/Page_Thanh set Channel name - hcmus-cdnc-te_a699a0/input_Team Description_teamDescription'

2020-06-05 12:07:04 - [TEST_STEP][PASSED] - click(findTestObject("Object Repository/1512354/45_Edit_TeamDescription/Page_Thanh set Channel name - hcmus-cdnc-te_a699a0/span_Save")): Object: 'Object Repository/1512354/45_Edit_TeamDescription/Page_Thanh set Channel name - hcmus-cdnc-te_a699a0/span_Save' is clicked on

2020-06-05 12:07:05 - [MESSAGE][PASSED] - Object: 'Object Repository/1512354/45_Edit_TeamDescription/Page_Thanh set Channel name - hcmus-cdnc-te_a699a0/span_Save' is clicked on

2020-06-05 12:07:05 - [TEST_STEP][PASSED] - click(findTestObject("Object Repository/1512354/45_Edit_TeamDescription/Page_Thanh set Channel name - hcmus-cdnc-te_a699a0/span_")): Object: 'Object Repository/1512354/45_Edit_TeamDescription/Page_Thanh set Channel name - hcmus-cdnc-te_a699a0/span_' is clicked on

2020-06-05 12:07:05 - [MESSAGE][PASSED] - Object: 'Object Repository/1512354/45_Edit_TeamDescription/Page_Thanh set Channel name - hcmus-cdnc-te_a699a0/span_' is clicked on

2020-06-05 12:07:05 - [TEST_STEP][PASSED] - closeBrowser(): Browser is closed

2020-06-05 12:07:06 - [MESSAGE][PASSED] - Browser is closed]]></system-out>
         <system-err><![CDATA[]]></system-err>
      </testcase>
      <testcase name="Test Cases/1512354/TC_45_Edit_TeamDescription" time="17.479" classname="Test Cases/1512354/TC_45_Edit_TeamDescription" status="PASSED">
         <system-out><![CDATA[2020-06-05 12:07:06 - [TEST_CASE][PASSED] - Test Cases/1512354/TC_45_Edit_TeamDescription: Test Cases/1512354/TC_45_Edit_TeamDescription

2020-06-05 12:07:06 - [TEST_STEP][PASSED] - openBrowser(""): Browser is opened with url: ''

2020-06-05 12:07:06 - [MESSAGE][INFO] - Starting 'Chrome' driver

2020-06-05 12:07:06 - [MESSAGE][INFO] - Action delay is set to 0 milliseconds

2020-06-05 12:07:09 - [MESSAGE][PASSED] - Browser is opened with url: ''

2020-06-05 12:07:09 - [TEST_STEP][PASSED] - navigateToUrl("http://localhost:8065/hcmus-cdnc-team/channels/town-square"): Navigate to 'http://localhost:8065/hcmus-cdnc-team/channels/town-square' successfully

2020-06-05 12:07:11 - [MESSAGE][PASSED] - Navigate to 'http://localhost:8065/hcmus-cdnc-team/channels/town-square' successfully

2020-06-05 12:07:11 - [TEST_STEP][PASSED] - setText(findTestObject("Object Repository/1512354/45_Edit_TeamDescription/Page_Mattermost/input_All team communication in one place s_703ef5"), "hcmus-cdnc@gmail.com"): Text 'hcmus-cdnc@gmail.com' is set on object 'Object Repository/1512354/45_Edit_TeamDescription/Page_Mattermost/input_All team communication in one place s_703ef5'

2020-06-05 12:07:14 - [MESSAGE][PASSED] - Text 'hcmus-cdnc@gmail.com' is set on object 'Object Repository/1512354/45_Edit_TeamDescription/Page_Mattermost/input_All team communication in one place s_703ef5'

2020-06-05 12:07:14 - [TEST_STEP][PASSED] - setEncryptedText(findTestObject("Object Repository/1512354/45_Edit_TeamDescription/Page_Mattermost/input_Please enter your password_password"), "aeHFOx8jV/A="): Text ****** has been set on object 'Object Repository/1512354/45_Edit_TeamDescription/Page_Mattermost/input_Please enter your password_password'

2020-06-05 12:07:14 - [MESSAGE][PASSED] - Text ****** has been set on object 'Object Repository/1512354/45_Edit_TeamDescription/Page_Mattermost/input_Please enter your password_password'

2020-06-05 12:07:14 - [TEST_STEP][PASSED] - sendKeys(findTestObject("Object Repository/1512354/45_Edit_TeamDescription/Page_Mattermost/input_Please enter your password_password"), Keys.chord(ENTER)): Keys 'ENTER + ' sent to object: 'Object Repository/1512354/45_Edit_TeamDescription/Page_Mattermost/input_Please enter your password_password'

2020-06-05 12:07:15 - [MESSAGE][PASSED] - Keys 'ENTER + ' sent to object: 'Object Repository/1512354/45_Edit_TeamDescription/Page_Mattermost/input_Please enter your password_password'

2020-06-05 12:07:15 - [TEST_STEP][PASSED] - click(findTestObject("Object Repository/1512354/45_Edit_TeamDescription/Page_Thanh set Channel name - hcmus-cdnc-te_a699a0/span")): Object: 'Object Repository/1512354/45_Edit_TeamDescription/Page_Thanh set Channel name - hcmus-cdnc-te_a699a0/span' is clicked on

2020-06-05 12:07:18 - [MESSAGE][PASSED] - Object: 'Object Repository/1512354/45_Edit_TeamDescription/Page_Thanh set Channel name - hcmus-cdnc-te_a699a0/span' is clicked on

2020-06-05 12:07:18 - [TEST_STEP][PASSED] - click(findTestObject("Object Repository/1512354/45_Edit_TeamDescription/Page_Thanh set Channel name - hcmus-cdnc-te_a699a0/span_Team Settings")): Object: 'Object Repository/1512354/45_Edit_TeamDescription/Page_Thanh set Channel name - hcmus-cdnc-te_a699a0/span_Team Settings' is clicked on

2020-06-05 12:07:20 - [MESSAGE][PASSED] - Object: 'Object Repository/1512354/45_Edit_TeamDescription/Page_Thanh set Channel name - hcmus-cdnc-te_a699a0/span_Team Settings' is clicked on

2020-06-05 12:07:20 - [TEST_STEP][PASSED] - click(findTestObject("Object Repository/1512354/45_Edit_TeamDescription/Page_Thanh set Channel name - hcmus-cdnc-te_a699a0/span_Edit")): Object: 'Object Repository/1512354/45_Edit_TeamDescription/Page_Thanh set Channel name - hcmus-cdnc-te_a699a0/span_Edit' is clicked on

2020-06-05 12:07:20 - [MESSAGE][PASSED] - Object: 'Object Repository/1512354/45_Edit_TeamDescription/Page_Thanh set Channel name - hcmus-cdnc-te_a699a0/span_Edit' is clicked on

2020-06-05 12:07:20 - [TEST_STEP][PASSED] - setText(findTestObject("Object Repository/1512354/45_Edit_TeamDescription/Page_Thanh set Channel name - hcmus-cdnc-te_a699a0/input_Team Description_teamDescription"), description): Text 'Nhóm Phát triển' is set on object 'Object Repository/1512354/45_Edit_TeamDescription/Page_Thanh set Channel name - hcmus-cdnc-te_a699a0/input_Team Description_teamDescription'

2020-06-05 12:07:22 - [MESSAGE][PASSED] - Text 'Nhóm Phát triển' is set on object 'Object Repository/1512354/45_Edit_TeamDescription/Page_Thanh set Channel name - hcmus-cdnc-te_a699a0/input_Team Description_teamDescription'

2020-06-05 12:07:22 - [TEST_STEP][PASSED] - click(findTestObject("Object Repository/1512354/45_Edit_TeamDescription/Page_Thanh set Channel name - hcmus-cdnc-te_a699a0/span_Save")): Object: 'Object Repository/1512354/45_Edit_TeamDescription/Page_Thanh set Channel name - hcmus-cdnc-te_a699a0/span_Save' is clicked on

2020-06-05 12:07:22 - [MESSAGE][PASSED] - Object: 'Object Repository/1512354/45_Edit_TeamDescription/Page_Thanh set Channel name - hcmus-cdnc-te_a699a0/span_Save' is clicked on

2020-06-05 12:07:22 - [TEST_STEP][PASSED] - click(findTestObject("Object Repository/1512354/45_Edit_TeamDescription/Page_Thanh set Channel name - hcmus-cdnc-te_a699a0/span_")): Object: 'Object Repository/1512354/45_Edit_TeamDescription/Page_Thanh set Channel name - hcmus-cdnc-te_a699a0/span_' is clicked on

2020-06-05 12:07:23 - [MESSAGE][PASSED] - Object: 'Object Repository/1512354/45_Edit_TeamDescription/Page_Thanh set Channel name - hcmus-cdnc-te_a699a0/span_' is clicked on

2020-06-05 12:07:23 - [TEST_STEP][PASSED] - closeBrowser(): Browser is closed

2020-06-05 12:07:23 - [MESSAGE][PASSED] - Browser is closed]]></system-out>
         <system-err><![CDATA[]]></system-err>
      </testcase>
      <testcase name="Test Cases/1512354/TC_45_Edit_TeamDescription" time="17.185" classname="Test Cases/1512354/TC_45_Edit_TeamDescription" status="PASSED">
         <system-out><![CDATA[2020-06-05 12:07:23 - [TEST_CASE][PASSED] - Test Cases/1512354/TC_45_Edit_TeamDescription: Test Cases/1512354/TC_45_Edit_TeamDescription

2020-06-05 12:07:23 - [TEST_STEP][PASSED] - openBrowser(""): Browser is opened with url: ''

2020-06-05 12:07:24 - [MESSAGE][INFO] - Starting 'Chrome' driver

2020-06-05 12:07:24 - [MESSAGE][INFO] - Action delay is set to 0 milliseconds

2020-06-05 12:07:27 - [MESSAGE][PASSED] - Browser is opened with url: ''

2020-06-05 12:07:27 - [TEST_STEP][PASSED] - navigateToUrl("http://localhost:8065/hcmus-cdnc-team/channels/town-square"): Navigate to 'http://localhost:8065/hcmus-cdnc-team/channels/town-square' successfully

2020-06-05 12:07:28 - [MESSAGE][PASSED] - Navigate to 'http://localhost:8065/hcmus-cdnc-team/channels/town-square' successfully

2020-06-05 12:07:28 - [TEST_STEP][PASSED] - setText(findTestObject("Object Repository/1512354/45_Edit_TeamDescription/Page_Mattermost/input_All team communication in one place s_703ef5"), "hcmus-cdnc@gmail.com"): Text 'hcmus-cdnc@gmail.com' is set on object 'Object Repository/1512354/45_Edit_TeamDescription/Page_Mattermost/input_All team communication in one place s_703ef5'

2020-06-05 12:07:31 - [MESSAGE][PASSED] - Text 'hcmus-cdnc@gmail.com' is set on object 'Object Repository/1512354/45_Edit_TeamDescription/Page_Mattermost/input_All team communication in one place s_703ef5'

2020-06-05 12:07:31 - [TEST_STEP][PASSED] - setEncryptedText(findTestObject("Object Repository/1512354/45_Edit_TeamDescription/Page_Mattermost/input_Please enter your password_password"), "aeHFOx8jV/A="): Text ****** has been set on object 'Object Repository/1512354/45_Edit_TeamDescription/Page_Mattermost/input_Please enter your password_password'

2020-06-05 12:07:31 - [MESSAGE][PASSED] - Text ****** has been set on object 'Object Repository/1512354/45_Edit_TeamDescription/Page_Mattermost/input_Please enter your password_password'

2020-06-05 12:07:31 - [TEST_STEP][PASSED] - sendKeys(findTestObject("Object Repository/1512354/45_Edit_TeamDescription/Page_Mattermost/input_Please enter your password_password"), Keys.chord(ENTER)): Keys 'ENTER + ' sent to object: 'Object Repository/1512354/45_Edit_TeamDescription/Page_Mattermost/input_Please enter your password_password'

2020-06-05 12:07:32 - [MESSAGE][PASSED] - Keys 'ENTER + ' sent to object: 'Object Repository/1512354/45_Edit_TeamDescription/Page_Mattermost/input_Please enter your password_password'

2020-06-05 12:07:32 - [TEST_STEP][PASSED] - click(findTestObject("Object Repository/1512354/45_Edit_TeamDescription/Page_Thanh set Channel name - hcmus-cdnc-te_a699a0/span")): Object: 'Object Repository/1512354/45_Edit_TeamDescription/Page_Thanh set Channel name - hcmus-cdnc-te_a699a0/span' is clicked on

2020-06-05 12:07:35 - [MESSAGE][PASSED] - Object: 'Object Repository/1512354/45_Edit_TeamDescription/Page_Thanh set Channel name - hcmus-cdnc-te_a699a0/span' is clicked on

2020-06-05 12:07:35 - [TEST_STEP][PASSED] - click(findTestObject("Object Repository/1512354/45_Edit_TeamDescription/Page_Thanh set Channel name - hcmus-cdnc-te_a699a0/span_Team Settings")): Object: 'Object Repository/1512354/45_Edit_TeamDescription/Page_Thanh set Channel name - hcmus-cdnc-te_a699a0/span_Team Settings' is clicked on

2020-06-05 12:07:36 - [MESSAGE][PASSED] - Object: 'Object Repository/1512354/45_Edit_TeamDescription/Page_Thanh set Channel name - hcmus-cdnc-te_a699a0/span_Team Settings' is clicked on

2020-06-05 12:07:36 - [TEST_STEP][PASSED] - click(findTestObject("Object Repository/1512354/45_Edit_TeamDescription/Page_Thanh set Channel name - hcmus-cdnc-te_a699a0/span_Edit")): Object: 'Object Repository/1512354/45_Edit_TeamDescription/Page_Thanh set Channel name - hcmus-cdnc-te_a699a0/span_Edit' is clicked on

2020-06-05 12:07:37 - [MESSAGE][PASSED] - Object: 'Object Repository/1512354/45_Edit_TeamDescription/Page_Thanh set Channel name - hcmus-cdnc-te_a699a0/span_Edit' is clicked on

2020-06-05 12:07:37 - [TEST_STEP][PASSED] - setText(findTestObject("Object Repository/1512354/45_Edit_TeamDescription/Page_Thanh set Channel name - hcmus-cdnc-te_a699a0/input_Team Description_teamDescription"), description): Text 'Nhóm quảng bá sản phẩm' is set on object 'Object Repository/1512354/45_Edit_TeamDescription/Page_Thanh set Channel name - hcmus-cdnc-te_a699a0/input_Team Description_teamDescription'

2020-06-05 12:07:39 - [MESSAGE][PASSED] - Text 'Nhóm quảng bá sản phẩm' is set on object 'Object Repository/1512354/45_Edit_TeamDescription/Page_Thanh set Channel name - hcmus-cdnc-te_a699a0/input_Team Description_teamDescription'

2020-06-05 12:07:39 - [TEST_STEP][PASSED] - click(findTestObject("Object Repository/1512354/45_Edit_TeamDescription/Page_Thanh set Channel name - hcmus-cdnc-te_a699a0/span_Save")): Object: 'Object Repository/1512354/45_Edit_TeamDescription/Page_Thanh set Channel name - hcmus-cdnc-te_a699a0/span_Save' is clicked on

2020-06-05 12:07:39 - [MESSAGE][PASSED] - Object: 'Object Repository/1512354/45_Edit_TeamDescription/Page_Thanh set Channel name - hcmus-cdnc-te_a699a0/span_Save' is clicked on

2020-06-05 12:07:39 - [TEST_STEP][PASSED] - click(findTestObject("Object Repository/1512354/45_Edit_TeamDescription/Page_Thanh set Channel name - hcmus-cdnc-te_a699a0/span_")): Object: 'Object Repository/1512354/45_Edit_TeamDescription/Page_Thanh set Channel name - hcmus-cdnc-te_a699a0/span_' is clicked on

2020-06-05 12:07:40 - [MESSAGE][PASSED] - Object: 'Object Repository/1512354/45_Edit_TeamDescription/Page_Thanh set Channel name - hcmus-cdnc-te_a699a0/span_' is clicked on

2020-06-05 12:07:40 - [TEST_STEP][PASSED] - closeBrowser(): Browser is closed

2020-06-05 12:07:41 - [MESSAGE][PASSED] - Browser is closed]]></system-out>
         <system-err><![CDATA[]]></system-err>
      </testcase>
      <testcase name="Test Cases/1512354/TC_45_Edit_TeamDescription" time="17.34" classname="Test Cases/1512354/TC_45_Edit_TeamDescription" status="PASSED">
         <system-out><![CDATA[2020-06-05 12:07:41 - [TEST_CASE][PASSED] - Test Cases/1512354/TC_45_Edit_TeamDescription: Test Cases/1512354/TC_45_Edit_TeamDescription

2020-06-05 12:07:41 - [TEST_STEP][PASSED] - openBrowser(""): Browser is opened with url: ''

2020-06-05 12:07:41 - [MESSAGE][INFO] - Starting 'Chrome' driver

2020-06-05 12:07:41 - [MESSAGE][INFO] - Action delay is set to 0 milliseconds

2020-06-05 12:07:44 - [MESSAGE][PASSED] - Browser is opened with url: ''

2020-06-05 12:07:44 - [TEST_STEP][PASSED] - navigateToUrl("http://localhost:8065/hcmus-cdnc-team/channels/town-square"): Navigate to 'http://localhost:8065/hcmus-cdnc-team/channels/town-square' successfully

2020-06-05 12:07:45 - [MESSAGE][PASSED] - Navigate to 'http://localhost:8065/hcmus-cdnc-team/channels/town-square' successfully

2020-06-05 12:07:45 - [TEST_STEP][PASSED] - setText(findTestObject("Object Repository/1512354/45_Edit_TeamDescription/Page_Mattermost/input_All team communication in one place s_703ef5"), "hcmus-cdnc@gmail.com"): Text 'hcmus-cdnc@gmail.com' is set on object 'Object Repository/1512354/45_Edit_TeamDescription/Page_Mattermost/input_All team communication in one place s_703ef5'

2020-06-05 12:07:48 - [MESSAGE][PASSED] - Text 'hcmus-cdnc@gmail.com' is set on object 'Object Repository/1512354/45_Edit_TeamDescription/Page_Mattermost/input_All team communication in one place s_703ef5'

2020-06-05 12:07:48 - [TEST_STEP][PASSED] - setEncryptedText(findTestObject("Object Repository/1512354/45_Edit_TeamDescription/Page_Mattermost/input_Please enter your password_password"), "aeHFOx8jV/A="): Text ****** has been set on object 'Object Repository/1512354/45_Edit_TeamDescription/Page_Mattermost/input_Please enter your password_password'

2020-06-05 12:07:49 - [MESSAGE][PASSED] - Text ****** has been set on object 'Object Repository/1512354/45_Edit_TeamDescription/Page_Mattermost/input_Please enter your password_password'

2020-06-05 12:07:49 - [TEST_STEP][PASSED] - sendKeys(findTestObject("Object Repository/1512354/45_Edit_TeamDescription/Page_Mattermost/input_Please enter your password_password"), Keys.chord(ENTER)): Keys 'ENTER + ' sent to object: 'Object Repository/1512354/45_Edit_TeamDescription/Page_Mattermost/input_Please enter your password_password'

2020-06-05 12:07:49 - [MESSAGE][PASSED] - Keys 'ENTER + ' sent to object: 'Object Repository/1512354/45_Edit_TeamDescription/Page_Mattermost/input_Please enter your password_password'

2020-06-05 12:07:49 - [TEST_STEP][PASSED] - click(findTestObject("Object Repository/1512354/45_Edit_TeamDescription/Page_Thanh set Channel name - hcmus-cdnc-te_a699a0/span")): Object: 'Object Repository/1512354/45_Edit_TeamDescription/Page_Thanh set Channel name - hcmus-cdnc-te_a699a0/span' is clicked on

2020-06-05 12:07:53 - [MESSAGE][PASSED] - Object: 'Object Repository/1512354/45_Edit_TeamDescription/Page_Thanh set Channel name - hcmus-cdnc-te_a699a0/span' is clicked on

2020-06-05 12:07:53 - [TEST_STEP][PASSED] - click(findTestObject("Object Repository/1512354/45_Edit_TeamDescription/Page_Thanh set Channel name - hcmus-cdnc-te_a699a0/span_Team Settings")): Object: 'Object Repository/1512354/45_Edit_TeamDescription/Page_Thanh set Channel name - hcmus-cdnc-te_a699a0/span_Team Settings' is clicked on

2020-06-05 12:07:54 - [MESSAGE][PASSED] - Object: 'Object Repository/1512354/45_Edit_TeamDescription/Page_Thanh set Channel name - hcmus-cdnc-te_a699a0/span_Team Settings' is clicked on

2020-06-05 12:07:54 - [TEST_STEP][PASSED] - click(findTestObject("Object Repository/1512354/45_Edit_TeamDescription/Page_Thanh set Channel name - hcmus-cdnc-te_a699a0/span_Edit")): Object: 'Object Repository/1512354/45_Edit_TeamDescription/Page_Thanh set Channel name - hcmus-cdnc-te_a699a0/span_Edit' is clicked on

2020-06-05 12:07:55 - [MESSAGE][PASSED] - Object: 'Object Repository/1512354/45_Edit_TeamDescription/Page_Thanh set Channel name - hcmus-cdnc-te_a699a0/span_Edit' is clicked on

2020-06-05 12:07:55 - [TEST_STEP][PASSED] - setText(findTestObject("Object Repository/1512354/45_Edit_TeamDescription/Page_Thanh set Channel name - hcmus-cdnc-te_a699a0/input_Team Description_teamDescription"), description): Text 'Nhóm thu thập yêu cầu' is set on object 'Object Repository/1512354/45_Edit_TeamDescription/Page_Thanh set Channel name - hcmus-cdnc-te_a699a0/input_Team Description_teamDescription'

2020-06-05 12:07:56 - [MESSAGE][PASSED] - Text 'Nhóm thu thập yêu cầu' is set on object 'Object Repository/1512354/45_Edit_TeamDescription/Page_Thanh set Channel name - hcmus-cdnc-te_a699a0/input_Team Description_teamDescription'

2020-06-05 12:07:56 - [TEST_STEP][PASSED] - click(findTestObject("Object Repository/1512354/45_Edit_TeamDescription/Page_Thanh set Channel name - hcmus-cdnc-te_a699a0/span_Save")): Object: 'Object Repository/1512354/45_Edit_TeamDescription/Page_Thanh set Channel name - hcmus-cdnc-te_a699a0/span_Save' is clicked on

2020-06-05 12:07:57 - [MESSAGE][PASSED] - Object: 'Object Repository/1512354/45_Edit_TeamDescription/Page_Thanh set Channel name - hcmus-cdnc-te_a699a0/span_Save' is clicked on

2020-06-05 12:07:57 - [TEST_STEP][PASSED] - click(findTestObject("Object Repository/1512354/45_Edit_TeamDescription/Page_Thanh set Channel name - hcmus-cdnc-te_a699a0/span_")): Object: 'Object Repository/1512354/45_Edit_TeamDescription/Page_Thanh set Channel name - hcmus-cdnc-te_a699a0/span_' is clicked on

2020-06-05 12:07:57 - [MESSAGE][PASSED] - Object: 'Object Repository/1512354/45_Edit_TeamDescription/Page_Thanh set Channel name - hcmus-cdnc-te_a699a0/span_' is clicked on

2020-06-05 12:07:57 - [TEST_STEP][PASSED] - closeBrowser(): Browser is closed

2020-06-05 12:07:58 - [MESSAGE][PASSED] - Browser is closed]]></system-out>
         <system-err><![CDATA[]]></system-err>
      </testcase>
      <testcase name="Test Cases/1512354/TC_45_Edit_TeamDescription" time="18.147" classname="Test Cases/1512354/TC_45_Edit_TeamDescription" status="PASSED">
         <system-out><![CDATA[2020-06-05 12:07:58 - [TEST_CASE][PASSED] - Test Cases/1512354/TC_45_Edit_TeamDescription: Test Cases/1512354/TC_45_Edit_TeamDescription

2020-06-05 12:07:58 - [TEST_STEP][PASSED] - openBrowser(""): Browser is opened with url: ''

2020-06-05 12:07:58 - [MESSAGE][INFO] - Starting 'Chrome' driver

2020-06-05 12:07:58 - [MESSAGE][INFO] - Action delay is set to 0 milliseconds

2020-06-05 12:08:01 - [MESSAGE][PASSED] - Browser is opened with url: ''

2020-06-05 12:08:01 - [TEST_STEP][PASSED] - navigateToUrl("http://localhost:8065/hcmus-cdnc-team/channels/town-square"): Navigate to 'http://localhost:8065/hcmus-cdnc-team/channels/town-square' successfully

2020-06-05 12:08:03 - [MESSAGE][PASSED] - Navigate to 'http://localhost:8065/hcmus-cdnc-team/channels/town-square' successfully

2020-06-05 12:08:03 - [TEST_STEP][PASSED] - setText(findTestObject("Object Repository/1512354/45_Edit_TeamDescription/Page_Mattermost/input_All team communication in one place s_703ef5"), "hcmus-cdnc@gmail.com"): Text 'hcmus-cdnc@gmail.com' is set on object 'Object Repository/1512354/45_Edit_TeamDescription/Page_Mattermost/input_All team communication in one place s_703ef5'

2020-06-05 12:08:06 - [MESSAGE][PASSED] - Text 'hcmus-cdnc@gmail.com' is set on object 'Object Repository/1512354/45_Edit_TeamDescription/Page_Mattermost/input_All team communication in one place s_703ef5'

2020-06-05 12:08:06 - [TEST_STEP][PASSED] - setEncryptedText(findTestObject("Object Repository/1512354/45_Edit_TeamDescription/Page_Mattermost/input_Please enter your password_password"), "aeHFOx8jV/A="): Text ****** has been set on object 'Object Repository/1512354/45_Edit_TeamDescription/Page_Mattermost/input_Please enter your password_password'

2020-06-05 12:08:06 - [MESSAGE][PASSED] - Text ****** has been set on object 'Object Repository/1512354/45_Edit_TeamDescription/Page_Mattermost/input_Please enter your password_password'

2020-06-05 12:08:06 - [TEST_STEP][PASSED] - sendKeys(findTestObject("Object Repository/1512354/45_Edit_TeamDescription/Page_Mattermost/input_Please enter your password_password"), Keys.chord(ENTER)): Keys 'ENTER + ' sent to object: 'Object Repository/1512354/45_Edit_TeamDescription/Page_Mattermost/input_Please enter your password_password'

2020-06-05 12:08:07 - [MESSAGE][PASSED] - Keys 'ENTER + ' sent to object: 'Object Repository/1512354/45_Edit_TeamDescription/Page_Mattermost/input_Please enter your password_password'

2020-06-05 12:08:07 - [TEST_STEP][PASSED] - click(findTestObject("Object Repository/1512354/45_Edit_TeamDescription/Page_Thanh set Channel name - hcmus-cdnc-te_a699a0/span")): Object: 'Object Repository/1512354/45_Edit_TeamDescription/Page_Thanh set Channel name - hcmus-cdnc-te_a699a0/span' is clicked on

2020-06-05 12:08:11 - [MESSAGE][PASSED] - Object: 'Object Repository/1512354/45_Edit_TeamDescription/Page_Thanh set Channel name - hcmus-cdnc-te_a699a0/span' is clicked on

2020-06-05 12:08:11 - [TEST_STEP][PASSED] - click(findTestObject("Object Repository/1512354/45_Edit_TeamDescription/Page_Thanh set Channel name - hcmus-cdnc-te_a699a0/span_Team Settings")): Object: 'Object Repository/1512354/45_Edit_TeamDescription/Page_Thanh set Channel name - hcmus-cdnc-te_a699a0/span_Team Settings' is clicked on

2020-06-05 12:08:12 - [MESSAGE][PASSED] - Object: 'Object Repository/1512354/45_Edit_TeamDescription/Page_Thanh set Channel name - hcmus-cdnc-te_a699a0/span_Team Settings' is clicked on

2020-06-05 12:08:12 - [TEST_STEP][PASSED] - click(findTestObject("Object Repository/1512354/45_Edit_TeamDescription/Page_Thanh set Channel name - hcmus-cdnc-te_a699a0/span_Edit")): Object: 'Object Repository/1512354/45_Edit_TeamDescription/Page_Thanh set Channel name - hcmus-cdnc-te_a699a0/span_Edit' is clicked on

2020-06-05 12:08:13 - [MESSAGE][PASSED] - Object: 'Object Repository/1512354/45_Edit_TeamDescription/Page_Thanh set Channel name - hcmus-cdnc-te_a699a0/span_Edit' is clicked on

2020-06-05 12:08:13 - [TEST_STEP][PASSED] - setText(findTestObject("Object Repository/1512354/45_Edit_TeamDescription/Page_Thanh set Channel name - hcmus-cdnc-te_a699a0/input_Team Description_teamDescription"), description): Text 'Nhóm đảm bảo chất lượng' is set on object 'Object Repository/1512354/45_Edit_TeamDescription/Page_Thanh set Channel name - hcmus-cdnc-te_a699a0/input_Team Description_teamDescription'

2020-06-05 12:08:14 - [MESSAGE][PASSED] - Text 'Nhóm đảm bảo chất lượng' is set on object 'Object Repository/1512354/45_Edit_TeamDescription/Page_Thanh set Channel name - hcmus-cdnc-te_a699a0/input_Team Description_teamDescription'

2020-06-05 12:08:14 - [TEST_STEP][PASSED] - click(findTestObject("Object Repository/1512354/45_Edit_TeamDescription/Page_Thanh set Channel name - hcmus-cdnc-te_a699a0/span_Save")): Object: 'Object Repository/1512354/45_Edit_TeamDescription/Page_Thanh set Channel name - hcmus-cdnc-te_a699a0/span_Save' is clicked on

2020-06-05 12:08:15 - [MESSAGE][PASSED] - Object: 'Object Repository/1512354/45_Edit_TeamDescription/Page_Thanh set Channel name - hcmus-cdnc-te_a699a0/span_Save' is clicked on

2020-06-05 12:08:15 - [TEST_STEP][PASSED] - click(findTestObject("Object Repository/1512354/45_Edit_TeamDescription/Page_Thanh set Channel name - hcmus-cdnc-te_a699a0/span_")): Object: 'Object Repository/1512354/45_Edit_TeamDescription/Page_Thanh set Channel name - hcmus-cdnc-te_a699a0/span_' is clicked on

2020-06-05 12:08:15 - [MESSAGE][PASSED] - Object: 'Object Repository/1512354/45_Edit_TeamDescription/Page_Thanh set Channel name - hcmus-cdnc-te_a699a0/span_' is clicked on

2020-06-05 12:08:15 - [TEST_STEP][PASSED] - closeBrowser(): Browser is closed

2020-06-05 12:08:16 - [MESSAGE][PASSED] - Browser is closed]]></system-out>
         <system-err><![CDATA[]]></system-err>
      </testcase>
      <testcase name="Test Cases/1512354/TC_46_ViewMember" time="16.139" classname="Test Cases/1512354/TC_46_ViewMember" status="PASSED">
         <system-out><![CDATA[2020-06-05 12:08:16 - [TEST_CASE][PASSED] - Test Cases/1512354/TC_46_ViewMember: Test Cases/1512354/TC_46_ViewMember

2020-06-05 12:08:16 - [TEST_STEP][PASSED] - callTestCase(findTestCase("1512354/TC_Login"), ["username":"hcmus-cdnc@gmail.com", "password":"aeHFOx8jV/A="], STOP_ON_FAILURE): Call Test Case 'Test Cases/1512354/TC_Login' successfully

2020-06-05 12:08:17 - [TEST_CASE][PASSED] - Test Cases/1512354/TC_Login: Test Cases/1512354/TC_Login

2020-06-05 12:08:17 - [TEST_STEP][PASSED] - openBrowser(""): Browser is opened with url: ''

2020-06-05 12:08:17 - [MESSAGE][INFO] - Starting 'Chrome' driver

2020-06-05 12:08:17 - [MESSAGE][INFO] - Action delay is set to 0 milliseconds

2020-06-05 12:08:20 - [MESSAGE][PASSED] - Browser is opened with url: ''

2020-06-05 12:08:20 - [TEST_STEP][PASSED] - navigateToUrl("http://localhost:8065/login"): Navigate to 'http://localhost:8065/login' successfully

2020-06-05 12:08:22 - [MESSAGE][PASSED] - Navigate to 'http://localhost:8065/login' successfully

2020-06-05 12:08:22 - [TEST_STEP][PASSED] - setText(findTestObject("Object Repository/1612585/01_Login/Page_Mattermost/input_All team communication in one place s_703ef5"), "hcmus-cdnc@gmail.com"): Text 'hcmus-cdnc@gmail.com' is set on object 'Object Repository/1612585/01_Login/Page_Mattermost/input_All team communication in one place s_703ef5'

2020-06-05 12:08:24 - [MESSAGE][PASSED] - Text 'hcmus-cdnc@gmail.com' is set on object 'Object Repository/1612585/01_Login/Page_Mattermost/input_All team communication in one place s_703ef5'

2020-06-05 12:08:24 - [TEST_STEP][PASSED] - setEncryptedText(findTestObject("Object Repository/1612585/01_Login/Page_Mattermost/input_All team communication in one place s_2f2733"), "aeHFOx8jV/A="): Text ****** has been set on object 'Object Repository/1612585/01_Login/Page_Mattermost/input_All team communication in one place s_2f2733'

2020-06-05 12:08:25 - [MESSAGE][PASSED] - Text ****** has been set on object 'Object Repository/1612585/01_Login/Page_Mattermost/input_All team communication in one place s_2f2733'

2020-06-05 12:08:25 - [TEST_STEP][PASSED] - click(findTestObject("Object Repository/1612585/01_Login/Page_Mattermost/span_Sign in")): Object: 'Object Repository/1612585/01_Login/Page_Mattermost/span_Sign in' is clicked on

2020-06-05 12:08:25 - [MESSAGE][PASSED] - Object: 'Object Repository/1612585/01_Login/Page_Mattermost/span_Sign in' is clicked on

2020-06-05 12:08:25 - [MESSAGE][PASSED] - Call Test Case 'Test Cases/1512354/TC_Login' successfully

2020-06-05 12:08:25 - [TEST_STEP][PASSED] - callTestCase(findTestCase("1512354/TC_ViewMember"), [:], STOP_ON_FAILURE): Call Test Case 'Test Cases/1512354/TC_ViewMember' successfully

2020-06-05 12:08:25 - [TEST_CASE][PASSED] - Test Cases/1512354/TC_ViewMember: Test Cases/1512354/TC_ViewMember

2020-06-05 12:08:26 - [TEST_STEP][PASSED] - click(findTestObject("Object Repository/1512354/ViewMember/Page_Thanh set Channel name - hcmus-cdnc-te_a699a0/span_Thanh set Channel name_channelHeaderDr_8caf36")): Object: 'Object Repository/1512354/ViewMember/Page_Thanh set Channel name - hcmus-cdnc-te_a699a0/span_Thanh set Channel name_channelHeaderDr_8caf36' is clicked on

2020-06-05 12:08:29 - [MESSAGE][PASSED] - Object: 'Object Repository/1512354/ViewMember/Page_Thanh set Channel name - hcmus-cdnc-te_a699a0/span_Thanh set Channel name_channelHeaderDr_8caf36' is clicked on

2020-06-05 12:08:29 - [TEST_STEP][PASSED] - click(findTestObject("Object Repository/1512354/ViewMember/Page_Thanh set Channel name - hcmus-cdnc-te_a699a0/span_View Members")): Object: 'Object Repository/1512354/ViewMember/Page_Thanh set Channel name - hcmus-cdnc-te_a699a0/span_View Members' is clicked on

2020-06-05 12:08:29 - [MESSAGE][PASSED] - Object: 'Object Repository/1512354/ViewMember/Page_Thanh set Channel name - hcmus-cdnc-te_a699a0/span_View Members' is clicked on

2020-06-05 12:08:29 - [TEST_STEP][PASSED] - click(findTestObject("Object Repository/1512354/ViewMember/Page_Thanh set Channel name - hcmus-cdnc-te_a699a0/span_")): Object: 'Object Repository/1512354/ViewMember/Page_Thanh set Channel name - hcmus-cdnc-te_a699a0/span_' is clicked on

2020-06-05 12:08:32 - [MESSAGE][PASSED] - Object: 'Object Repository/1512354/ViewMember/Page_Thanh set Channel name - hcmus-cdnc-te_a699a0/span_' is clicked on

2020-06-05 12:08:32 - [TEST_STEP][PASSED] - closeBrowser(): Browser is closed

2020-06-05 12:08:32 - [MESSAGE][PASSED] - Browser is closed

2020-06-05 12:08:32 - [MESSAGE][PASSED] - Call Test Case 'Test Cases/1512354/TC_ViewMember' successfully]]></system-out>
         <system-err><![CDATA[]]></system-err>
      </testcase>
      <testcase name="Test Cases/1512354/TC_47_FlaggedPost" time="13.512" classname="Test Cases/1512354/TC_47_FlaggedPost" status="PASSED">
         <system-out><![CDATA[2020-06-05 12:08:32 - [TEST_CASE][PASSED] - Test Cases/1512354/TC_47_FlaggedPost: Test Cases/1512354/TC_47_FlaggedPost

2020-06-05 12:08:33 - [TEST_STEP][PASSED] - callTestCase(findTestCase("1512354/TC_Login"), ["username":"hcmus-cdnc@gmail.com", "password":"aeHFOx8jV/A="], STOP_ON_FAILURE): Call Test Case 'Test Cases/1512354/TC_Login' successfully

2020-06-05 12:08:33 - [TEST_CASE][PASSED] - Test Cases/1512354/TC_Login: Test Cases/1512354/TC_Login

2020-06-05 12:08:33 - [TEST_STEP][PASSED] - openBrowser(""): Browser is opened with url: ''

2020-06-05 12:08:33 - [MESSAGE][INFO] - Starting 'Chrome' driver

2020-06-05 12:08:33 - [MESSAGE][INFO] - Action delay is set to 0 milliseconds

2020-06-05 12:08:36 - [MESSAGE][PASSED] - Browser is opened with url: ''

2020-06-05 12:08:36 - [TEST_STEP][PASSED] - navigateToUrl("http://localhost:8065/login"): Navigate to 'http://localhost:8065/login' successfully

2020-06-05 12:08:37 - [MESSAGE][PASSED] - Navigate to 'http://localhost:8065/login' successfully

2020-06-05 12:08:38 - [TEST_STEP][PASSED] - setText(findTestObject("Object Repository/1612585/01_Login/Page_Mattermost/input_All team communication in one place s_703ef5"), "hcmus-cdnc@gmail.com"): Text 'hcmus-cdnc@gmail.com' is set on object 'Object Repository/1612585/01_Login/Page_Mattermost/input_All team communication in one place s_703ef5'

2020-06-05 12:08:40 - [MESSAGE][PASSED] - Text 'hcmus-cdnc@gmail.com' is set on object 'Object Repository/1612585/01_Login/Page_Mattermost/input_All team communication in one place s_703ef5'

2020-06-05 12:08:40 - [TEST_STEP][PASSED] - setEncryptedText(findTestObject("Object Repository/1612585/01_Login/Page_Mattermost/input_All team communication in one place s_2f2733"), "aeHFOx8jV/A="): Text ****** has been set on object 'Object Repository/1612585/01_Login/Page_Mattermost/input_All team communication in one place s_2f2733'

2020-06-05 12:08:40 - [MESSAGE][PASSED] - Text ****** has been set on object 'Object Repository/1612585/01_Login/Page_Mattermost/input_All team communication in one place s_2f2733'

2020-06-05 12:08:40 - [TEST_STEP][PASSED] - click(findTestObject("Object Repository/1612585/01_Login/Page_Mattermost/span_Sign in")): Object: 'Object Repository/1612585/01_Login/Page_Mattermost/span_Sign in' is clicked on

2020-06-05 12:08:41 - [MESSAGE][PASSED] - Object: 'Object Repository/1612585/01_Login/Page_Mattermost/span_Sign in' is clicked on

2020-06-05 12:08:41 - [MESSAGE][PASSED] - Call Test Case 'Test Cases/1512354/TC_Login' successfully

2020-06-05 12:08:41 - [TEST_STEP][PASSED] - callTestCase(findTestCase("1512354/TC_Flagged_Post"), [:], STOP_ON_FAILURE): Call Test Case 'Test Cases/1512354/TC_Flagged_Post' successfully

2020-06-05 12:08:41 - [TEST_CASE][PASSED] - Test Cases/1512354/TC_Flagged_Post: Test Cases/1512354/TC_Flagged_Post

2020-06-05 12:08:41 - [TEST_STEP][PASSED] - click(findTestObject("Object Repository/1512354/Flagged_Post/Page_Thanh set Channel name - hcmus-cdnc-te_a699a0/button_dash_channelHeaderFlagButton")): Object: 'Object Repository/1512354/Flagged_Post/Page_Thanh set Channel name - hcmus-cdnc-te_a699a0/button_dash_channelHeaderFlagButton' is clicked on

2020-06-05 12:08:45 - [MESSAGE][PASSED] - Object: 'Object Repository/1512354/Flagged_Post/Page_Thanh set Channel name - hcmus-cdnc-te_a699a0/button_dash_channelHeaderFlagButton' is clicked on

2020-06-05 12:08:45 - [TEST_STEP][PASSED] - closeBrowser(): Browser is closed

2020-06-05 12:08:46 - [MESSAGE][PASSED] - Browser is closed

2020-06-05 12:08:46 - [MESSAGE][PASSED] - Call Test Case 'Test Cases/1512354/TC_Flagged_Post' successfully]]></system-out>
         <system-err><![CDATA[]]></system-err>
      </testcase>
      <testcase name="Test Cases/1512354/TC_48_ViewInfo" time="14.117" classname="Test Cases/1512354/TC_48_ViewInfo" status="PASSED">
         <system-out><![CDATA[2020-06-05 12:08:46 - [TEST_CASE][PASSED] - Test Cases/1512354/TC_48_ViewInfo: Test Cases/1512354/TC_48_ViewInfo

2020-06-05 12:08:46 - [TEST_STEP][PASSED] - callTestCase(findTestCase("1512354/TC_Login"), ["username":"hcmus-cdnc@gmail.com", "password":"aeHFOx8jV/A="], STOP_ON_FAILURE): Call Test Case 'Test Cases/1512354/TC_Login' successfully

2020-06-05 12:08:46 - [TEST_CASE][PASSED] - Test Cases/1512354/TC_Login: Test Cases/1512354/TC_Login

2020-06-05 12:08:46 - [TEST_STEP][PASSED] - openBrowser(""): Browser is opened with url: ''

2020-06-05 12:08:46 - [MESSAGE][INFO] - Starting 'Chrome' driver

2020-06-05 12:08:46 - [MESSAGE][INFO] - Action delay is set to 0 milliseconds

2020-06-05 12:08:50 - [MESSAGE][PASSED] - Browser is opened with url: ''

2020-06-05 12:08:50 - [TEST_STEP][PASSED] - navigateToUrl("http://localhost:8065/login"): Navigate to 'http://localhost:8065/login' successfully

2020-06-05 12:08:51 - [MESSAGE][PASSED] - Navigate to 'http://localhost:8065/login' successfully

2020-06-05 12:08:51 - [TEST_STEP][PASSED] - setText(findTestObject("Object Repository/1612585/01_Login/Page_Mattermost/input_All team communication in one place s_703ef5"), "hcmus-cdnc@gmail.com"): Text 'hcmus-cdnc@gmail.com' is set on object 'Object Repository/1612585/01_Login/Page_Mattermost/input_All team communication in one place s_703ef5'

2020-06-05 12:08:53 - [MESSAGE][PASSED] - Text 'hcmus-cdnc@gmail.com' is set on object 'Object Repository/1612585/01_Login/Page_Mattermost/input_All team communication in one place s_703ef5'

2020-06-05 12:08:53 - [TEST_STEP][PASSED] - setEncryptedText(findTestObject("Object Repository/1612585/01_Login/Page_Mattermost/input_All team communication in one place s_2f2733"), "aeHFOx8jV/A="): Text ****** has been set on object 'Object Repository/1612585/01_Login/Page_Mattermost/input_All team communication in one place s_2f2733'

2020-06-05 12:08:54 - [MESSAGE][PASSED] - Text ****** has been set on object 'Object Repository/1612585/01_Login/Page_Mattermost/input_All team communication in one place s_2f2733'

2020-06-05 12:08:54 - [TEST_STEP][PASSED] - click(findTestObject("Object Repository/1612585/01_Login/Page_Mattermost/span_Sign in")): Object: 'Object Repository/1612585/01_Login/Page_Mattermost/span_Sign in' is clicked on

2020-06-05 12:08:54 - [MESSAGE][PASSED] - Object: 'Object Repository/1612585/01_Login/Page_Mattermost/span_Sign in' is clicked on

2020-06-05 12:08:54 - [MESSAGE][PASSED] - Call Test Case 'Test Cases/1512354/TC_Login' successfully

2020-06-05 12:08:54 - [TEST_STEP][PASSED] - callTestCase(findTestCase("1512354/TC_ViewInfo"), [:], STOP_ON_FAILURE): Call Test Case 'Test Cases/1512354/TC_ViewInfo' successfully

2020-06-05 12:08:54 - [TEST_CASE][PASSED] - Test Cases/1512354/TC_ViewInfo: Test Cases/1512354/TC_ViewInfo

2020-06-05 12:08:55 - [TEST_STEP][PASSED] - click(findTestObject("1512354/ViewInfo/Page_Thanh set Channel name - hcmus-cdnc-te_a699a0/span_Thanh set Channel name_channelHeaderDr_8caf36")): Object: 'Object Repository/1512354/ViewInfo/Page_Thanh set Channel name - hcmus-cdnc-te_a699a0/span_Thanh set Channel name_channelHeaderDr_8caf36' is clicked on

2020-06-05 12:08:58 - [MESSAGE][PASSED] - Object: 'Object Repository/1512354/ViewInfo/Page_Thanh set Channel name - hcmus-cdnc-te_a699a0/span_Thanh set Channel name_channelHeaderDr_8caf36' is clicked on

2020-06-05 12:08:58 - [TEST_STEP][PASSED] - click(findTestObject("1512354/ViewInfo/Page_Thanh set Channel name - hcmus-cdnc-te_a699a0/span_View Info")): Object: 'Object Repository/1512354/ViewInfo/Page_Thanh set Channel name - hcmus-cdnc-te_a699a0/span_View Info' is clicked on

2020-06-05 12:08:59 - [MESSAGE][PASSED] - Object: 'Object Repository/1512354/ViewInfo/Page_Thanh set Channel name - hcmus-cdnc-te_a699a0/span_View Info' is clicked on

2020-06-05 12:08:59 - [TEST_STEP][PASSED] - click(findTestObject("1512354/ViewInfo/Page_Thanh set Channel name - hcmus-cdnc-te_a699a0/span_")): Object: 'Object Repository/1512354/ViewInfo/Page_Thanh set Channel name - hcmus-cdnc-te_a699a0/span_' is clicked on

2020-06-05 12:08:59 - [MESSAGE][PASSED] - Object: 'Object Repository/1512354/ViewInfo/Page_Thanh set Channel name - hcmus-cdnc-te_a699a0/span_' is clicked on

2020-06-05 12:08:59 - [TEST_STEP][PASSED] - closeBrowser(): Browser is closed

2020-06-05 12:09:00 - [MESSAGE][PASSED] - Browser is closed

2020-06-05 12:09:00 - [MESSAGE][PASSED] - Call Test Case 'Test Cases/1512354/TC_ViewInfo' successfully]]></system-out>
         <system-err><![CDATA[]]></system-err>
      </testcase>
      <testcase name="Test Cases/1512354/TC_49_PinPost" time="14.03" classname="Test Cases/1512354/TC_49_PinPost" status="PASSED">
         <system-out><![CDATA[2020-06-05 12:09:00 - [TEST_CASE][PASSED] - Test Cases/1512354/TC_49_PinPost: Test Cases/1512354/TC_49_PinPost

2020-06-05 12:09:00 - [TEST_STEP][PASSED] - callTestCase(findTestCase("1512354/TC_Login"), ["username":"hcmus-cdnc@gmail.com", "password":"aeHFOx8jV/A="], STOP_ON_FAILURE): Call Test Case 'Test Cases/1512354/TC_Login' successfully

2020-06-05 12:09:00 - [TEST_CASE][PASSED] - Test Cases/1512354/TC_Login: Test Cases/1512354/TC_Login

2020-06-05 12:09:00 - [TEST_STEP][PASSED] - openBrowser(""): Browser is opened with url: ''

2020-06-05 12:09:00 - [MESSAGE][INFO] - Starting 'Chrome' driver

2020-06-05 12:09:00 - [MESSAGE][INFO] - Action delay is set to 0 milliseconds

2020-06-05 12:09:04 - [MESSAGE][PASSED] - Browser is opened with url: ''

2020-06-05 12:09:04 - [TEST_STEP][PASSED] - navigateToUrl("http://localhost:8065/login"): Navigate to 'http://localhost:8065/login' successfully

2020-06-05 12:09:05 - [MESSAGE][PASSED] - Navigate to 'http://localhost:8065/login' successfully

2020-06-05 12:09:05 - [TEST_STEP][PASSED] - setText(findTestObject("Object Repository/1612585/01_Login/Page_Mattermost/input_All team communication in one place s_703ef5"), "hcmus-cdnc@gmail.com"): Text 'hcmus-cdnc@gmail.com' is set on object 'Object Repository/1612585/01_Login/Page_Mattermost/input_All team communication in one place s_703ef5'

2020-06-05 12:09:07 - [MESSAGE][PASSED] - Text 'hcmus-cdnc@gmail.com' is set on object 'Object Repository/1612585/01_Login/Page_Mattermost/input_All team communication in one place s_703ef5'

2020-06-05 12:09:07 - [TEST_STEP][PASSED] - setEncryptedText(findTestObject("Object Repository/1612585/01_Login/Page_Mattermost/input_All team communication in one place s_2f2733"), "aeHFOx8jV/A="): Text ****** has been set on object 'Object Repository/1612585/01_Login/Page_Mattermost/input_All team communication in one place s_2f2733'

2020-06-05 12:09:08 - [MESSAGE][PASSED] - Text ****** has been set on object 'Object Repository/1612585/01_Login/Page_Mattermost/input_All team communication in one place s_2f2733'

2020-06-05 12:09:08 - [TEST_STEP][PASSED] - click(findTestObject("Object Repository/1612585/01_Login/Page_Mattermost/span_Sign in")): Object: 'Object Repository/1612585/01_Login/Page_Mattermost/span_Sign in' is clicked on

2020-06-05 12:09:09 - [MESSAGE][PASSED] - Object: 'Object Repository/1612585/01_Login/Page_Mattermost/span_Sign in' is clicked on

2020-06-05 12:09:09 - [MESSAGE][PASSED] - Call Test Case 'Test Cases/1512354/TC_Login' successfully

2020-06-05 12:09:09 - [TEST_STEP][PASSED] - callTestCase(findTestCase("1512354/TC_PinPost"), [:], STOP_ON_FAILURE): Call Test Case 'Test Cases/1512354/TC_PinPost' successfully

2020-06-05 12:09:09 - [TEST_CASE][PASSED] - Test Cases/1512354/TC_PinPost: Test Cases/1512354/TC_PinPost

2020-06-05 12:09:09 - [TEST_STEP][PASSED] - click(findTestObject("Object Repository/1512354/PinPost/Page_Thanh set Channel name - hcmus-cdnc-te_a699a0/button_Thanh set Channel name_channelHeader_632246")): Object: 'Object Repository/1512354/PinPost/Page_Thanh set Channel name - hcmus-cdnc-te_a699a0/button_Thanh set Channel name_channelHeader_632246' is clicked on

2020-06-05 12:09:13 - [MESSAGE][PASSED] - Object: 'Object Repository/1512354/PinPost/Page_Thanh set Channel name - hcmus-cdnc-te_a699a0/button_Thanh set Channel name_channelHeader_632246' is clicked on

2020-06-05 12:09:13 - [TEST_STEP][PASSED] - closeBrowser(): Browser is closed

2020-06-05 12:09:14 - [MESSAGE][PASSED] - Browser is closed

2020-06-05 12:09:14 - [MESSAGE][PASSED] - Call Test Case 'Test Cases/1512354/TC_PinPost' successfully]]></system-out>
         <system-err><![CDATA[]]></system-err>
      </testcase>
      <testcase name="Test Cases/1512354/TC_50_AddToFavorite" time="14.506" classname="Test Cases/1512354/TC_50_AddToFavorite" status="PASSED">
         <system-out><![CDATA[2020-06-05 12:09:14 - [TEST_CASE][PASSED] - Test Cases/1512354/TC_50_AddToFavorite: Test Cases/1512354/TC_50_AddToFavorite

2020-06-05 12:09:14 - [TEST_STEP][PASSED] - callTestCase(findTestCase("1512354/TC_Login"), ["username":"hcmus-cdnc@gmail.com", "password":"aeHFOx8jV/A="], STOP_ON_FAILURE): Call Test Case 'Test Cases/1512354/TC_Login' successfully

2020-06-05 12:09:14 - [TEST_CASE][PASSED] - Test Cases/1512354/TC_Login: Test Cases/1512354/TC_Login

2020-06-05 12:09:14 - [TEST_STEP][PASSED] - openBrowser(""): Browser is opened with url: ''

2020-06-05 12:09:14 - [MESSAGE][INFO] - Starting 'Chrome' driver

2020-06-05 12:09:14 - [MESSAGE][INFO] - Action delay is set to 0 milliseconds

2020-06-05 12:09:18 - [MESSAGE][PASSED] - Browser is opened with url: ''

2020-06-05 12:09:18 - [TEST_STEP][PASSED] - navigateToUrl("http://localhost:8065/login"): Navigate to 'http://localhost:8065/login' successfully

2020-06-05 12:09:20 - [MESSAGE][PASSED] - Navigate to 'http://localhost:8065/login' successfully

2020-06-05 12:09:20 - [TEST_STEP][PASSED] - setText(findTestObject("Object Repository/1612585/01_Login/Page_Mattermost/input_All team communication in one place s_703ef5"), "hcmus-cdnc@gmail.com"): Text 'hcmus-cdnc@gmail.com' is set on object 'Object Repository/1612585/01_Login/Page_Mattermost/input_All team communication in one place s_703ef5'

2020-06-05 12:09:22 - [MESSAGE][PASSED] - Text 'hcmus-cdnc@gmail.com' is set on object 'Object Repository/1612585/01_Login/Page_Mattermost/input_All team communication in one place s_703ef5'

2020-06-05 12:09:22 - [TEST_STEP][PASSED] - setEncryptedText(findTestObject("Object Repository/1612585/01_Login/Page_Mattermost/input_All team communication in one place s_2f2733"), "aeHFOx8jV/A="): Text ****** has been set on object 'Object Repository/1612585/01_Login/Page_Mattermost/input_All team communication in one place s_2f2733'

2020-06-05 12:09:23 - [MESSAGE][PASSED] - Text ****** has been set on object 'Object Repository/1612585/01_Login/Page_Mattermost/input_All team communication in one place s_2f2733'

2020-06-05 12:09:23 - [TEST_STEP][PASSED] - click(findTestObject("Object Repository/1612585/01_Login/Page_Mattermost/span_Sign in")): Object: 'Object Repository/1612585/01_Login/Page_Mattermost/span_Sign in' is clicked on

2020-06-05 12:09:23 - [MESSAGE][PASSED] - Object: 'Object Repository/1612585/01_Login/Page_Mattermost/span_Sign in' is clicked on

2020-06-05 12:09:23 - [MESSAGE][PASSED] - Call Test Case 'Test Cases/1512354/TC_Login' successfully

2020-06-05 12:09:23 - [TEST_STEP][PASSED] - callTestCase(findTestCase("1512354/TC_AddToFavorite"), [:], STOP_ON_FAILURE): Call Test Case 'Test Cases/1512354/TC_AddToFavorite' successfully

2020-06-05 12:09:23 - [TEST_CASE][PASSED] - Test Cases/1512354/TC_AddToFavorite: Test Cases/1512354/TC_AddToFavorite

2020-06-05 12:09:24 - [TEST_STEP][PASSED] - click(findTestObject("Object Repository/1512354/AddToFavorite/Page_Thanh set Channel name - hcmus-cdnc-te_a699a0/i_Drop a file to upload it_icon fa fa-star-o")): Object: 'Object Repository/1512354/AddToFavorite/Page_Thanh set Channel name - hcmus-cdnc-te_a699a0/i_Drop a file to upload it_icon fa fa-star-o' is clicked on

2020-06-05 12:09:28 - [MESSAGE][PASSED] - Object: 'Object Repository/1512354/AddToFavorite/Page_Thanh set Channel name - hcmus-cdnc-te_a699a0/i_Drop a file to upload it_icon fa fa-star-o' is clicked on

2020-06-05 12:09:28 - [TEST_STEP][PASSED] - closeBrowser(): Browser is closed

2020-06-05 12:09:29 - [MESSAGE][PASSED] - Browser is closed

2020-06-05 12:09:29 - [MESSAGE][PASSED] - Call Test Case 'Test Cases/1512354/TC_AddToFavorite' successfully]]></system-out>
         <system-err><![CDATA[]]></system-err>
      </testcase>
      <system-out><![CDATA[2020-06-05 11:54:23 - [TEST_SUITE][PASSED] - Run all test cases: Test Cases/1512354/TC_50_AddToFavorite]]></system-out>
      <system-err><![CDATA[]]></system-err>
   </testsuite>
</testsuites>
