<?xml version="1.0" encoding="UTF-8"?>
<testsuites name="Run all test case" time="2047.816" tests="56" failures="7" errors="0">
   <testsuite name="Run all test case" tests="56" failures="7" errors="0" time="2047.816" timestamp="2020-06-05 18:19:34" hostname="XuanNghiem - host.docker.internal" id="Test Suites/Run all test case">
      <properties>
         <property name="deviceName" value=""/>
         <property name="devicePlatform" value=""/>
         <property name="logFolder" value="C:\\Users\\XuanNghiem\\Katalon Studio\\cdnc-homeword02\\Reports\\20200605_181916\\Run all test case\\20200605_181916"/>
         <property name="logFiles" value="C:\\Users\\XuanNghiem\\Katalon Studio\\cdnc-homeword02\\Reports\\20200605_181916\\Run all test case\\20200605_181916\\execution0.log"/>
         <property name="attachments" value="C:\\Users\\XuanNghiem\\Katalon Studio\\cdnc-homeword02\\Reports\\20200605_181916\\Run all test case\\20200605_181916\\1591357323971.png, C:\\Users\\XuanNghiem\\Katalon Studio\\cdnc-homeword02\\Reports\\20200605_181916\\Run all test case\\20200605_181916\\1591357533254.png, C:\\Users\\XuanNghiem\\Katalon Studio\\cdnc-homeword02\\Reports\\20200605_181916\\Run all test case\\20200605_181916\\1591357772708.png"/>
         <property name="hostName" value="XuanNghiem - host.docker.internal"/>
         <property name="os" value="Windows 10 64bit"/>
         <property name="katalonVersion" value="7.4.0.1"/>
         <property name="browser" value="Chrome 83.0.4103.97"/>
         <property name="hostAddress" value="192.168.100.14"/>
         <property name="sessionId" value="bb31d688d31f18c40da0510e70e5b800"/>
         <property name="seleniumVersion" value="3.141.59"/>
         <property name="proxyInformation" value="ProxyInformation{proxyOption=NO_PROXY, proxyServerType=HTTP, password=, proxyServerAddress=, proxyServerPort=0, executionList=}"/>
         <property name="platform" value="Windows 10"/>
      </properties>
      <testcase name="Test Cases/1612427/01_Login" time="29.602" classname="Test Cases/1612427/01_Login" status="PASSED">
         <system-out><![CDATA[2020-06-05 18:19:36 - [TEST_CASE][PASSED] - Test Cases/1612427/01_Login: Test Cases/1612427/01_Login

2020-06-05 18:19:39 - [TEST_STEP][PASSED] - openBrowser(""): Browser is opened with url: ''

2020-06-05 18:19:42 - [MESSAGE][INFO] - Starting 'Chrome' driver

2020-06-05 18:19:42 - [MESSAGE][INFO] - Action delay is set to 0 milliseconds

2020-06-05 18:19:52 - [MESSAGE][PASSED] - Browser is opened with url: ''

2020-06-05 18:19:52 - [TEST_STEP][PASSED] - navigateToUrl("http://localhost:8065/login"): Navigate to 'http://localhost:8065/login' successfully

2020-06-05 18:19:58 - [MESSAGE][PASSED] - Navigate to 'http://localhost:8065/login' successfully

2020-06-05 18:19:58 - [TEST_STEP][PASSED] - setText(findTestObject("Object Repository/1612427/01_Login/Page_Mattermost/input_All team communication in one place s_703ef5"), username): Text 'hcmus-cdnc' is set on object 'Object Repository/1612427/01_Login/Page_Mattermost/input_All team communication in one place s_703ef5'

2020-06-05 18:20:02 - [MESSAGE][PASSED] - Text 'hcmus-cdnc' is set on object 'Object Repository/1612427/01_Login/Page_Mattermost/input_All team communication in one place s_703ef5'

2020-06-05 18:20:02 - [TEST_STEP][PASSED] - setEncryptedText(findTestObject("Object Repository/1612427/01_Login/Page_Mattermost/input_All team communication in one place s_2f2733"), password): Text ****** has been set on object 'Object Repository/1612427/01_Login/Page_Mattermost/input_All team communication in one place s_2f2733'

2020-06-05 18:20:03 - [MESSAGE][PASSED] - Text ****** has been set on object 'Object Repository/1612427/01_Login/Page_Mattermost/input_All team communication in one place s_2f2733'

2020-06-05 18:20:03 - [TEST_STEP][PASSED] - click(findTestObject("Object Repository/1612427/01_Login/Page_Mattermost/span_Sign in")): Object: 'Object Repository/1612427/01_Login/Page_Mattermost/span_Sign in' is clicked on

2020-06-05 18:20:04 - [MESSAGE][PASSED] - Object: 'Object Repository/1612427/01_Login/Page_Mattermost/span_Sign in' is clicked on

2020-06-05 18:20:04 - [TEST_STEP][PASSED] - closeBrowser(): Browser is closed

2020-06-05 18:20:05 - [MESSAGE][PASSED] - Browser is closed]]></system-out>
         <system-err><![CDATA[]]></system-err>
      </testcase>
      <testcase name="Test Cases/1612427/02_ChangePassword" time="38.324" classname="Test Cases/1612427/02_ChangePassword" status="PASSED">
         <system-out><![CDATA[2020-06-05 18:20:05 - [TEST_CASE][PASSED] - Test Cases/1612427/02_ChangePassword: Test Cases/1612427/02_ChangePassword

2020-06-05 18:20:06 - [TEST_STEP][PASSED] - openBrowser(""): Browser is opened with url: ''

2020-06-05 18:20:06 - [MESSAGE][INFO] - Starting 'Chrome' driver

2020-06-05 18:20:06 - [MESSAGE][INFO] - Action delay is set to 0 milliseconds

2020-06-05 18:20:11 - [MESSAGE][PASSED] - Browser is opened with url: ''

2020-06-05 18:20:11 - [TEST_STEP][PASSED] - navigateToUrl("http://localhost:8065/login"): Navigate to 'http://localhost:8065/login' successfully

2020-06-05 18:20:15 - [MESSAGE][PASSED] - Navigate to 'http://localhost:8065/login' successfully

2020-06-05 18:20:15 - [TEST_STEP][PASSED] - setText(findTestObject("Object Repository/1612427/02_ChangePassword/Page_Mattermost/input_All team communication in one place s_703ef5"), "hcmus-cdnc"): Text 'hcmus-cdnc' is set on object 'Object Repository/1612427/02_ChangePassword/Page_Mattermost/input_All team communication in one place s_703ef5'

2020-06-05 18:20:20 - [MESSAGE][PASSED] - Text 'hcmus-cdnc' is set on object 'Object Repository/1612427/02_ChangePassword/Page_Mattermost/input_All team communication in one place s_703ef5'

2020-06-05 18:20:20 - [TEST_STEP][PASSED] - setEncryptedText(findTestObject("Object Repository/1612427/02_ChangePassword/Page_Mattermost/input_All team communication in one place s_2f2733"), "aeHFOx8jV/A="): Text ****** has been set on object 'Object Repository/1612427/02_ChangePassword/Page_Mattermost/input_All team communication in one place s_2f2733'

2020-06-05 18:20:21 - [MESSAGE][PASSED] - Text ****** has been set on object 'Object Repository/1612427/02_ChangePassword/Page_Mattermost/input_All team communication in one place s_2f2733'

2020-06-05 18:20:21 - [TEST_STEP][PASSED] - click(findTestObject("Object Repository/1612427/02_ChangePassword/Page_Mattermost/span_Sign in")): Object: 'Object Repository/1612427/02_ChangePassword/Page_Mattermost/span_Sign in' is clicked on

2020-06-05 18:20:22 - [MESSAGE][PASSED] - Object: 'Object Repository/1612427/02_ChangePassword/Page_Mattermost/span_Sign in' is clicked on

2020-06-05 18:20:22 - [TEST_STEP][PASSED] - click(findTestObject("Object Repository/1612427/02_ChangePassword/Page_Town Square - minus Mattermost/span")): Object: 'Object Repository/1612427/02_ChangePassword/Page_Town Square - minus Mattermost/span' is clicked on

2020-06-05 18:20:30 - [MESSAGE][PASSED] - Object: 'Object Repository/1612427/02_ChangePassword/Page_Town Square - minus Mattermost/span' is clicked on

2020-06-05 18:20:30 - [TEST_STEP][PASSED] - click(findTestObject("Object Repository/1612427/02_ChangePassword/Page_Town Square - minus Mattermost/span_Account Settings")): Object: 'Object Repository/1612427/02_ChangePassword/Page_Town Square - minus Mattermost/span_Account Settings' is clicked on

2020-06-05 18:20:31 - [MESSAGE][PASSED] - Object: 'Object Repository/1612427/02_ChangePassword/Page_Town Square - minus Mattermost/span_Account Settings' is clicked on

2020-06-05 18:20:31 - [TEST_STEP][PASSED] - click(findTestObject("Object Repository/1612427/02_ChangePassword/Page_Town Square - minus Mattermost/button_Security")): Object: 'Object Repository/1612427/02_ChangePassword/Page_Town Square - minus Mattermost/button_Security' is clicked on

2020-06-05 18:20:33 - [MESSAGE][PASSED] - Object: 'Object Repository/1612427/02_ChangePassword/Page_Town Square - minus Mattermost/button_Security' is clicked on

2020-06-05 18:20:33 - [TEST_STEP][PASSED] - click(findTestObject("Object Repository/1612427/02_ChangePassword/Page_Town Square - minus Mattermost/span_Edit")): Object: 'Object Repository/1612427/02_ChangePassword/Page_Town Square - minus Mattermost/span_Edit' is clicked on

2020-06-05 18:20:34 - [MESSAGE][PASSED] - Object: 'Object Repository/1612427/02_ChangePassword/Page_Town Square - minus Mattermost/span_Edit' is clicked on

2020-06-05 18:20:34 - [TEST_STEP][PASSED] - setEncryptedText(findTestObject("Object Repository/1612427/02_ChangePassword/Page_Town Square - minus Mattermost/input_Current Password_currentPassword"), password): Text ****** has been set on object 'Object Repository/1612427/02_ChangePassword/Page_Town Square - minus Mattermost/input_Current Password_currentPassword'

2020-06-05 18:20:36 - [MESSAGE][PASSED] - Text ****** has been set on object 'Object Repository/1612427/02_ChangePassword/Page_Town Square - minus Mattermost/input_Current Password_currentPassword'

2020-06-05 18:20:36 - [TEST_STEP][PASSED] - setEncryptedText(findTestObject("Object Repository/1612427/02_ChangePassword/Page_Town Square - minus Mattermost/input_New Password_newPassword"), new_password): Text ****** has been set on object 'Object Repository/1612427/02_ChangePassword/Page_Town Square - minus Mattermost/input_New Password_newPassword'

2020-06-05 18:20:38 - [MESSAGE][PASSED] - Text ****** has been set on object 'Object Repository/1612427/02_ChangePassword/Page_Town Square - minus Mattermost/input_New Password_newPassword'

2020-06-05 18:20:38 - [TEST_STEP][PASSED] - setEncryptedText(findTestObject("Object Repository/1612427/02_ChangePassword/Page_Town Square - minus Mattermost/input_Retype New Password_confirmPassword"), confirm_password): Text ****** has been set on object 'Object Repository/1612427/02_ChangePassword/Page_Town Square - minus Mattermost/input_Retype New Password_confirmPassword'

2020-06-05 18:20:40 - [MESSAGE][PASSED] - Text ****** has been set on object 'Object Repository/1612427/02_ChangePassword/Page_Town Square - minus Mattermost/input_Retype New Password_confirmPassword'

2020-06-05 18:20:40 - [TEST_STEP][PASSED] - click(findTestObject("Object Repository/1612427/02_ChangePassword/Page_Town Square - minus Mattermost/span_Save")): Object: 'Object Repository/1612427/02_ChangePassword/Page_Town Square - minus Mattermost/span_Save' is clicked on

2020-06-05 18:20:43 - [MESSAGE][PASSED] - Object: 'Object Repository/1612427/02_ChangePassword/Page_Town Square - minus Mattermost/span_Save' is clicked on

2020-06-05 18:20:43 - [TEST_STEP][PASSED] - closeBrowser(): Browser is closed

2020-06-05 18:20:44 - [MESSAGE][PASSED] - Browser is closed]]></system-out>
         <system-err><![CDATA[]]></system-err>
      </testcase>
      <testcase name="Test Cases/1612427/03_ChangeName" time="45.209" classname="Test Cases/1612427/03_ChangeName" status="PASSED">
         <system-out><![CDATA[2020-06-05 18:20:44 - [TEST_CASE][PASSED] - Test Cases/1612427/03_ChangeName: Test Cases/1612427/03_ChangeName

2020-06-05 18:20:45 - [TEST_STEP][PASSED] - openBrowser(""): Browser is opened with url: ''

2020-06-05 18:20:45 - [MESSAGE][INFO] - Starting 'Chrome' driver

2020-06-05 18:20:45 - [MESSAGE][INFO] - Action delay is set to 0 milliseconds

2020-06-05 18:20:50 - [MESSAGE][PASSED] - Browser is opened with url: ''

2020-06-05 18:20:50 - [TEST_STEP][PASSED] - navigateToUrl("http://localhost:8065/login"): Navigate to 'http://localhost:8065/login' successfully

2020-06-05 18:20:57 - [MESSAGE][PASSED] - Navigate to 'http://localhost:8065/login' successfully

2020-06-05 18:20:57 - [TEST_STEP][PASSED] - setText(findTestObject("Object Repository/1612427/02_ChangePassword/Page_Mattermost/input_All team communication in one place s_703ef5"), "hcmus-cdnc"): Text 'hcmus-cdnc' is set on object 'Object Repository/1612427/02_ChangePassword/Page_Mattermost/input_All team communication in one place s_703ef5'

2020-06-05 18:21:01 - [MESSAGE][PASSED] - Text 'hcmus-cdnc' is set on object 'Object Repository/1612427/02_ChangePassword/Page_Mattermost/input_All team communication in one place s_703ef5'

2020-06-05 18:21:01 - [TEST_STEP][PASSED] - setEncryptedText(findTestObject("Object Repository/1612427/02_ChangePassword/Page_Mattermost/input_All team communication in one place s_2f2733"), "aeHFOx8jV/A="): Text ****** has been set on object 'Object Repository/1612427/02_ChangePassword/Page_Mattermost/input_All team communication in one place s_2f2733'

2020-06-05 18:21:03 - [MESSAGE][PASSED] - Text ****** has been set on object 'Object Repository/1612427/02_ChangePassword/Page_Mattermost/input_All team communication in one place s_2f2733'

2020-06-05 18:21:03 - [TEST_STEP][PASSED] - click(findTestObject("Object Repository/1612427/02_ChangePassword/Page_Mattermost/span_Sign in")): Object: 'Object Repository/1612427/02_ChangePassword/Page_Mattermost/span_Sign in' is clicked on

2020-06-05 18:21:04 - [MESSAGE][PASSED] - Object: 'Object Repository/1612427/02_ChangePassword/Page_Mattermost/span_Sign in' is clicked on

2020-06-05 18:21:04 - [TEST_STEP][PASSED] - click(findTestObject("Object Repository/1612427/02_ChangePassword/Page_Town Square - minus Mattermost/span")): Object: 'Object Repository/1612427/02_ChangePassword/Page_Town Square - minus Mattermost/span' is clicked on

2020-06-05 18:21:16 - [MESSAGE][PASSED] - Object: 'Object Repository/1612427/02_ChangePassword/Page_Town Square - minus Mattermost/span' is clicked on

2020-06-05 18:21:16 - [TEST_STEP][PASSED] - click(findTestObject("Object Repository/1612427/02_ChangePassword/Page_Town Square - minus Mattermost/span_Account Settings")): Object: 'Object Repository/1612427/02_ChangePassword/Page_Town Square - minus Mattermost/span_Account Settings' is clicked on

2020-06-05 18:21:18 - [MESSAGE][PASSED] - Object: 'Object Repository/1612427/02_ChangePassword/Page_Town Square - minus Mattermost/span_Account Settings' is clicked on

2020-06-05 18:21:18 - [TEST_STEP][PASSED] - click(findTestObject("Object Repository/1612427/03_ChangeName/Page_Town Square - minus Mattermost/span_Edit")): Object: 'Object Repository/1612427/03_ChangeName/Page_Town Square - minus Mattermost/span_Edit' is clicked on

2020-06-05 18:21:21 - [MESSAGE][PASSED] - Object: 'Object Repository/1612427/03_ChangeName/Page_Town Square - minus Mattermost/span_Edit' is clicked on

2020-06-05 18:21:21 - [TEST_STEP][PASSED] - click(findTestObject("Object Repository/1612427/03_ChangeName/Page_Town Square - minus Mattermost/div_First Name")): Object: 'Object Repository/1612427/03_ChangeName/Page_Town Square - minus Mattermost/div_First Name' is clicked on

2020-06-05 18:21:22 - [MESSAGE][PASSED] - Object: 'Object Repository/1612427/03_ChangeName/Page_Town Square - minus Mattermost/div_First Name' is clicked on

2020-06-05 18:21:22 - [TEST_STEP][PASSED] - setText(findTestObject("Object Repository/1612427/03_ChangeName/Page_Town Square - minus Mattermost/input_First Name_firstName"), firstname): Text 'Nguyen' is set on object 'Object Repository/1612427/03_ChangeName/Page_Town Square - minus Mattermost/input_First Name_firstName'

2020-06-05 18:21:24 - [MESSAGE][PASSED] - Text 'Nguyen' is set on object 'Object Repository/1612427/03_ChangeName/Page_Town Square - minus Mattermost/input_First Name_firstName'

2020-06-05 18:21:24 - [TEST_STEP][PASSED] - click(findTestObject("Object Repository/1612427/03_ChangeName/Page_Town Square - minus Mattermost/div_Last Name")): Object: 'Object Repository/1612427/03_ChangeName/Page_Town Square - minus Mattermost/div_Last Name' is clicked on

2020-06-05 18:21:25 - [MESSAGE][PASSED] - Object: 'Object Repository/1612427/03_ChangeName/Page_Town Square - minus Mattermost/div_Last Name' is clicked on

2020-06-05 18:21:25 - [TEST_STEP][PASSED] - setText(findTestObject("Object Repository/1612427/03_ChangeName/Page_Town Square - minus Mattermost/input_Last Name_lastName"), lastname): Text 'Xuan Nghiem' is set on object 'Object Repository/1612427/03_ChangeName/Page_Town Square - minus Mattermost/input_Last Name_lastName'

2020-06-05 18:21:27 - [MESSAGE][PASSED] - Text 'Xuan Nghiem' is set on object 'Object Repository/1612427/03_ChangeName/Page_Town Square - minus Mattermost/input_Last Name_lastName'

2020-06-05 18:21:27 - [TEST_STEP][PASSED] - click(findTestObject("Object Repository/1612427/03_ChangeName/Page_Town Square - minus Mattermost/span_Save")): Object: 'Object Repository/1612427/03_ChangeName/Page_Town Square - minus Mattermost/span_Save' is clicked on

2020-06-05 18:21:28 - [MESSAGE][PASSED] - Object: 'Object Repository/1612427/03_ChangeName/Page_Town Square - minus Mattermost/span_Save' is clicked on

2020-06-05 18:21:28 - [TEST_STEP][PASSED] - closeBrowser(): Browser is closed

2020-06-05 18:21:29 - [MESSAGE][PASSED] - Browser is closed]]></system-out>
         <system-err><![CDATA[]]></system-err>
      </testcase>
      <testcase name="Test Cases/1612427/04_ChangeNickname" time="81.792" classname="Test Cases/1612427/04_ChangeNickname" status="PASSED">
         <system-out><![CDATA[2020-06-05 18:21:29 - [TEST_CASE][PASSED] - Test Cases/1612427/04_ChangeNickname: Test Cases/1612427/04_ChangeNickname

2020-06-05 18:21:30 - [TEST_STEP][PASSED] - openBrowser(""): Browser is opened with url: ''

2020-06-05 18:21:30 - [MESSAGE][INFO] - Starting 'Chrome' driver

2020-06-05 18:21:30 - [MESSAGE][INFO] - Action delay is set to 0 milliseconds

2020-06-05 18:21:35 - [MESSAGE][PASSED] - Browser is opened with url: ''

2020-06-05 18:21:35 - [TEST_STEP][PASSED] - navigateToUrl("http://localhost:8065/login"): Navigate to 'http://localhost:8065/login' successfully

2020-06-05 18:21:40 - [MESSAGE][PASSED] - Navigate to 'http://localhost:8065/login' successfully

2020-06-05 18:21:40 - [TEST_STEP][PASSED] - setText(findTestObject("Object Repository/1612427/02_ChangePassword/Page_Mattermost/input_All team communication in one place s_703ef5"), "hcmus-cdnc"): Text 'hcmus-cdnc' is set on object 'Object Repository/1612427/02_ChangePassword/Page_Mattermost/input_All team communication in one place s_703ef5'

2020-06-05 18:21:48 - [MESSAGE][PASSED] - Text 'hcmus-cdnc' is set on object 'Object Repository/1612427/02_ChangePassword/Page_Mattermost/input_All team communication in one place s_703ef5'

2020-06-05 18:21:48 - [TEST_STEP][PASSED] - setEncryptedText(findTestObject("Object Repository/1612427/02_ChangePassword/Page_Mattermost/input_All team communication in one place s_2f2733"), "aeHFOx8jV/A="): Text ****** has been set on object 'Object Repository/1612427/02_ChangePassword/Page_Mattermost/input_All team communication in one place s_2f2733'

2020-06-05 18:21:49 - [MESSAGE][PASSED] - Text ****** has been set on object 'Object Repository/1612427/02_ChangePassword/Page_Mattermost/input_All team communication in one place s_2f2733'

2020-06-05 18:21:49 - [TEST_STEP][PASSED] - click(findTestObject("Object Repository/1612427/02_ChangePassword/Page_Mattermost/span_Sign in")): Object: 'Object Repository/1612427/02_ChangePassword/Page_Mattermost/span_Sign in' is clicked on

2020-06-05 18:21:50 - [MESSAGE][PASSED] - Object: 'Object Repository/1612427/02_ChangePassword/Page_Mattermost/span_Sign in' is clicked on

2020-06-05 18:21:50 - [TEST_STEP][PASSED] - click(findTestObject("Object Repository/1612427/02_ChangePassword/Page_Town Square - minus Mattermost/span")): Object: 'Object Repository/1612427/02_ChangePassword/Page_Town Square - minus Mattermost/span' is clicked on

2020-06-05 18:22:04 - [MESSAGE][PASSED] - Object: 'Object Repository/1612427/02_ChangePassword/Page_Town Square - minus Mattermost/span' is clicked on

2020-06-05 18:22:04 - [TEST_STEP][PASSED] - click(findTestObject("Object Repository/1612427/02_ChangePassword/Page_Town Square - minus Mattermost/span_Account Settings")): Object: 'Object Repository/1612427/02_ChangePassword/Page_Town Square - minus Mattermost/span_Account Settings' is clicked on

2020-06-05 18:22:11 - [MESSAGE][PASSED] - Object: 'Object Repository/1612427/02_ChangePassword/Page_Town Square - minus Mattermost/span_Account Settings' is clicked on

2020-06-05 18:22:11 - [TEST_STEP][PASSED] - click(findTestObject("Object Repository/1612427/04_ChangeNickname/Page_Town Square - minus Mattermost/span_Edit")): Object: 'Object Repository/1612427/04_ChangeNickname/Page_Town Square - minus Mattermost/span_Edit' is clicked on

2020-06-05 18:22:18 - [MESSAGE][PASSED] - Object: 'Object Repository/1612427/04_ChangeNickname/Page_Town Square - minus Mattermost/span_Edit' is clicked on

2020-06-05 18:22:18 - [TEST_STEP][PASSED] - setText(findTestObject("Object Repository/1612427/04_ChangeNickname/Page_Town Square - minus Mattermost/input_Nickname_nickname"), nickname): Text 'chipuku' is set on object 'Object Repository/1612427/04_ChangeNickname/Page_Town Square - minus Mattermost/input_Nickname_nickname'

2020-06-05 18:22:40 - [MESSAGE][PASSED] - Text 'chipuku' is set on object 'Object Repository/1612427/04_ChangeNickname/Page_Town Square - minus Mattermost/input_Nickname_nickname'

2020-06-05 18:22:40 - [TEST_STEP][PASSED] - click(findTestObject("Object Repository/1612427/04_ChangeNickname/Page_Town Square - minus Mattermost/span_Save")): Object: 'Object Repository/1612427/04_ChangeNickname/Page_Town Square - minus Mattermost/span_Save' is clicked on

2020-06-05 18:22:49 - [MESSAGE][PASSED] - Object: 'Object Repository/1612427/04_ChangeNickname/Page_Town Square - minus Mattermost/span_Save' is clicked on

2020-06-05 18:22:49 - [TEST_STEP][PASSED] - closeBrowser(): Browser is closed

2020-06-05 18:22:51 - [MESSAGE][PASSED] - Browser is closed]]></system-out>
         <system-err><![CDATA[]]></system-err>
      </testcase>
      <testcase name="Test Cases/1612427/05_ChangePosition" time="34.716" classname="Test Cases/1612427/05_ChangePosition" status="PASSED">
         <system-out><![CDATA[2020-06-05 18:22:51 - [TEST_CASE][PASSED] - Test Cases/1612427/05_ChangePosition: Test Cases/1612427/05_ChangePosition

2020-06-05 18:22:52 - [TEST_STEP][PASSED] - openBrowser(""): Browser is opened with url: ''

2020-06-05 18:22:52 - [MESSAGE][INFO] - Starting 'Chrome' driver

2020-06-05 18:22:52 - [MESSAGE][INFO] - Action delay is set to 0 milliseconds

2020-06-05 18:22:56 - [MESSAGE][PASSED] - Browser is opened with url: ''

2020-06-05 18:22:56 - [TEST_STEP][PASSED] - navigateToUrl("http://localhost:8065/login"): Navigate to 'http://localhost:8065/login' successfully

2020-06-05 18:23:01 - [MESSAGE][PASSED] - Navigate to 'http://localhost:8065/login' successfully

2020-06-05 18:23:01 - [TEST_STEP][PASSED] - setText(findTestObject("Object Repository/1612427/05_ChangePosition/Page_Mattermost/input_All team communication in one place s_703ef5"), "hcmus-cdnc"): Text 'hcmus-cdnc' is set on object 'Object Repository/1612427/05_ChangePosition/Page_Mattermost/input_All team communication in one place s_703ef5'

2020-06-05 18:23:06 - [MESSAGE][PASSED] - Text 'hcmus-cdnc' is set on object 'Object Repository/1612427/05_ChangePosition/Page_Mattermost/input_All team communication in one place s_703ef5'

2020-06-05 18:23:06 - [TEST_STEP][PASSED] - setEncryptedText(findTestObject("Object Repository/1612427/05_ChangePosition/Page_Mattermost/input_All team communication in one place s_2f2733"), "aeHFOx8jV/A="): Text ****** has been set on object 'Object Repository/1612427/05_ChangePosition/Page_Mattermost/input_All team communication in one place s_2f2733'

2020-06-05 18:23:07 - [MESSAGE][PASSED] - Text ****** has been set on object 'Object Repository/1612427/05_ChangePosition/Page_Mattermost/input_All team communication in one place s_2f2733'

2020-06-05 18:23:07 - [TEST_STEP][PASSED] - click(findTestObject("Object Repository/1612427/05_ChangePosition/Page_Mattermost/button_Sign in")): Object: 'Object Repository/1612427/05_ChangePosition/Page_Mattermost/button_Sign in' is clicked on

2020-06-05 18:23:08 - [MESSAGE][PASSED] - Object: 'Object Repository/1612427/05_ChangePosition/Page_Mattermost/button_Sign in' is clicked on

2020-06-05 18:23:08 - [TEST_STEP][PASSED] - click(findTestObject("Object Repository/1612427/05_ChangePosition/Page_Town Square - minus Mattermost/button_hcmus-cdnc_style--none sidebar-heade_0f8da4")): Object: 'Object Repository/1612427/05_ChangePosition/Page_Town Square - minus Mattermost/button_hcmus-cdnc_style--none sidebar-heade_0f8da4' is clicked on

2020-06-05 18:23:19 - [MESSAGE][PASSED] - Object: 'Object Repository/1612427/05_ChangePosition/Page_Town Square - minus Mattermost/button_hcmus-cdnc_style--none sidebar-heade_0f8da4' is clicked on

2020-06-05 18:23:19 - [TEST_STEP][PASSED] - click(findTestObject("Object Repository/1612427/05_ChangePosition/Page_Town Square - minus Mattermost/span_Account Settings")): Object: 'Object Repository/1612427/05_ChangePosition/Page_Town Square - minus Mattermost/span_Account Settings' is clicked on

2020-06-05 18:23:20 - [MESSAGE][PASSED] - Object: 'Object Repository/1612427/05_ChangePosition/Page_Town Square - minus Mattermost/span_Account Settings' is clicked on

2020-06-05 18:23:20 - [TEST_STEP][PASSED] - click(findTestObject("Object Repository/1612427/05_ChangePosition/Page_Town Square - minus Mattermost/span_Edit")): Object: 'Object Repository/1612427/05_ChangePosition/Page_Town Square - minus Mattermost/span_Edit' is clicked on

2020-06-05 18:23:22 - [MESSAGE][PASSED] - Object: 'Object Repository/1612427/05_ChangePosition/Page_Town Square - minus Mattermost/span_Edit' is clicked on

2020-06-05 18:23:22 - [TEST_STEP][PASSED] - setText(findTestObject("Object Repository/1612427/05_ChangePosition/Page_Town Square - minus Mattermost/input_Position_position"), position): Text 'dev' is set on object 'Object Repository/1612427/05_ChangePosition/Page_Town Square - minus Mattermost/input_Position_position'

2020-06-05 18:23:23 - [MESSAGE][PASSED] - Text 'dev' is set on object 'Object Repository/1612427/05_ChangePosition/Page_Town Square - minus Mattermost/input_Position_position'

2020-06-05 18:23:23 - [TEST_STEP][PASSED] - click(findTestObject("Object Repository/1612427/05_ChangePosition/Page_Town Square - minus Mattermost/span_Save")): Object: 'Object Repository/1612427/05_ChangePosition/Page_Town Square - minus Mattermost/span_Save' is clicked on

2020-06-05 18:23:24 - [MESSAGE][PASSED] - Object: 'Object Repository/1612427/05_ChangePosition/Page_Town Square - minus Mattermost/span_Save' is clicked on

2020-06-05 18:23:24 - [TEST_STEP][PASSED] - closeBrowser(): Browser is closed

2020-06-05 18:23:26 - [MESSAGE][PASSED] - Browser is closed]]></system-out>
         <system-err><![CDATA[]]></system-err>
      </testcase>
      <testcase name="Test Cases/1612427/06_ChangeEmail" time="43.419" classname="Test Cases/1612427/06_ChangeEmail" status="PASSED">
         <system-out><![CDATA[2020-06-05 18:23:26 - [TEST_CASE][PASSED] - Test Cases/1612427/06_ChangeEmail: Test Cases/1612427/06_ChangeEmail

2020-06-05 18:23:27 - [TEST_STEP][PASSED] - openBrowser(""): Browser is opened with url: ''

2020-06-05 18:23:27 - [MESSAGE][INFO] - Starting 'Chrome' driver

2020-06-05 18:23:27 - [MESSAGE][INFO] - Action delay is set to 0 milliseconds

2020-06-05 18:23:32 - [MESSAGE][PASSED] - Browser is opened with url: ''

2020-06-05 18:23:32 - [TEST_STEP][PASSED] - navigateToUrl("http://localhost:8065/login"): Navigate to 'http://localhost:8065/login' successfully

2020-06-05 18:23:36 - [MESSAGE][PASSED] - Navigate to 'http://localhost:8065/login' successfully

2020-06-05 18:23:36 - [TEST_STEP][PASSED] - setText(findTestObject("Object Repository/1612427/06_ChangeEmail/Page_Mattermost/input_All team communication in one place s_703ef5"), "hcmus-cdnc"): Text 'hcmus-cdnc' is set on object 'Object Repository/1612427/06_ChangeEmail/Page_Mattermost/input_All team communication in one place s_703ef5'

2020-06-05 18:23:41 - [MESSAGE][PASSED] - Text 'hcmus-cdnc' is set on object 'Object Repository/1612427/06_ChangeEmail/Page_Mattermost/input_All team communication in one place s_703ef5'

2020-06-05 18:23:41 - [TEST_STEP][PASSED] - click(findTestObject("Object Repository/1612427/06_ChangeEmail/Page_Mattermost/input_All team communication in one place s_703ef5")): Object: 'Object Repository/1612427/06_ChangeEmail/Page_Mattermost/input_All team communication in one place s_703ef5' is clicked on

2020-06-05 18:23:42 - [MESSAGE][PASSED] - Object: 'Object Repository/1612427/06_ChangeEmail/Page_Mattermost/input_All team communication in one place s_703ef5' is clicked on

2020-06-05 18:23:42 - [TEST_STEP][PASSED] - setText(findTestObject("Object Repository/1612427/06_ChangeEmail/Page_Mattermost/input_All team communication in one place s_703ef5"), "hcmus-cdnc"): Text 'hcmus-cdnc' is set on object 'Object Repository/1612427/06_ChangeEmail/Page_Mattermost/input_All team communication in one place s_703ef5'

2020-06-05 18:23:43 - [MESSAGE][PASSED] - Text 'hcmus-cdnc' is set on object 'Object Repository/1612427/06_ChangeEmail/Page_Mattermost/input_All team communication in one place s_703ef5'

2020-06-05 18:23:43 - [TEST_STEP][PASSED] - setEncryptedText(findTestObject("Object Repository/1612427/06_ChangeEmail/Page_Mattermost/input_All team communication in one place s_2f2733"), "aeHFOx8jV/A="): Text ****** has been set on object 'Object Repository/1612427/06_ChangeEmail/Page_Mattermost/input_All team communication in one place s_2f2733'

2020-06-05 18:23:44 - [MESSAGE][PASSED] - Text ****** has been set on object 'Object Repository/1612427/06_ChangeEmail/Page_Mattermost/input_All team communication in one place s_2f2733'

2020-06-05 18:23:44 - [TEST_STEP][PASSED] - click(findTestObject("Object Repository/1612427/06_ChangeEmail/Page_Mattermost/span_Sign in")): Object: 'Object Repository/1612427/06_ChangeEmail/Page_Mattermost/span_Sign in' is clicked on

2020-06-05 18:23:46 - [MESSAGE][PASSED] - Object: 'Object Repository/1612427/06_ChangeEmail/Page_Mattermost/span_Sign in' is clicked on

2020-06-05 18:23:46 - [TEST_STEP][PASSED] - click(findTestObject("Object Repository/1612427/06_ChangeEmail/Page_Town Square - minus Mattermost/svg")): Object: 'Object Repository/1612427/06_ChangeEmail/Page_Town Square - minus Mattermost/svg' is clicked on

2020-06-05 18:23:56 - [MESSAGE][PASSED] - Object: 'Object Repository/1612427/06_ChangeEmail/Page_Town Square - minus Mattermost/svg' is clicked on

2020-06-05 18:23:56 - [TEST_STEP][PASSED] - click(findTestObject("Object Repository/1612427/06_ChangeEmail/Page_Town Square - minus Mattermost/span_Account Settings")): Object: 'Object Repository/1612427/06_ChangeEmail/Page_Town Square - minus Mattermost/span_Account Settings' is clicked on

2020-06-05 18:23:57 - [MESSAGE][PASSED] - Object: 'Object Repository/1612427/06_ChangeEmail/Page_Town Square - minus Mattermost/span_Account Settings' is clicked on

2020-06-05 18:23:57 - [TEST_STEP][PASSED] - click(findTestObject("Object Repository/1612427/06_ChangeEmail/Page_Town Square - minus Mattermost/span_Edit")): Object: 'Object Repository/1612427/06_ChangeEmail/Page_Town Square - minus Mattermost/span_Edit' is clicked on

2020-06-05 18:23:59 - [MESSAGE][PASSED] - Object: 'Object Repository/1612427/06_ChangeEmail/Page_Town Square - minus Mattermost/span_Edit' is clicked on

2020-06-05 18:23:59 - [TEST_STEP][PASSED] - setText(findTestObject("Object Repository/1612427/06_ChangeEmail/Page_Town Square - minus Mattermost/input_New Email_primaryEmail"), email): Text 'xuanghjem@gmail.com' is set on object 'Object Repository/1612427/06_ChangeEmail/Page_Town Square - minus Mattermost/input_New Email_primaryEmail'

2020-06-05 18:24:02 - [MESSAGE][PASSED] - Text 'xuanghjem@gmail.com' is set on object 'Object Repository/1612427/06_ChangeEmail/Page_Town Square - minus Mattermost/input_New Email_primaryEmail'

2020-06-05 18:24:02 - [TEST_STEP][PASSED] - setText(findTestObject("Object Repository/1612427/06_ChangeEmail/Page_Town Square - minus Mattermost/input_Confirm Email_confirmEmail"), confirm_email): Text 'xuanghjem@gmail.com' is set on object 'Object Repository/1612427/06_ChangeEmail/Page_Town Square - minus Mattermost/input_Confirm Email_confirmEmail'

2020-06-05 18:24:05 - [MESSAGE][PASSED] - Text 'xuanghjem@gmail.com' is set on object 'Object Repository/1612427/06_ChangeEmail/Page_Town Square - minus Mattermost/input_Confirm Email_confirmEmail'

2020-06-05 18:24:05 - [TEST_STEP][PASSED] - setEncryptedText(findTestObject("Object Repository/1612427/06_ChangeEmail/Page_Town Square - minus Mattermost/input_Current Password_currentPassword"), password): Text ****** has been set on object 'Object Repository/1612427/06_ChangeEmail/Page_Town Square - minus Mattermost/input_Current Password_currentPassword'

2020-06-05 18:24:06 - [MESSAGE][PASSED] - Text ****** has been set on object 'Object Repository/1612427/06_ChangeEmail/Page_Town Square - minus Mattermost/input_Current Password_currentPassword'

2020-06-05 18:24:06 - [TEST_STEP][PASSED] - click(findTestObject("Object Repository/1612427/06_ChangeEmail/Page_Town Square - minus Mattermost/span_Save")): Object: 'Object Repository/1612427/06_ChangeEmail/Page_Town Square - minus Mattermost/span_Save' is clicked on

2020-06-05 18:24:07 - [MESSAGE][PASSED] - Object: 'Object Repository/1612427/06_ChangeEmail/Page_Town Square - minus Mattermost/span_Save' is clicked on

2020-06-05 18:24:07 - [TEST_STEP][PASSED] - closeBrowser(): Browser is closed

2020-06-05 18:24:09 - [MESSAGE][PASSED] - Browser is closed]]></system-out>
         <system-err><![CDATA[]]></system-err>
      </testcase>
      <testcase name="Test Cases/1612427/07_AddTriggerMention" time="38.275" classname="Test Cases/1612427/07_AddTriggerMention" status="PASSED">
         <system-out><![CDATA[2020-06-05 18:24:09 - [TEST_CASE][PASSED] - Test Cases/1612427/07_AddTriggerMention: Test Cases/1612427/07_AddTriggerMention

2020-06-05 18:24:10 - [TEST_STEP][PASSED] - openBrowser(""): Browser is opened with url: ''

2020-06-05 18:24:10 - [MESSAGE][INFO] - Starting 'Chrome' driver

2020-06-05 18:24:10 - [MESSAGE][INFO] - Action delay is set to 0 milliseconds

2020-06-05 18:24:14 - [MESSAGE][PASSED] - Browser is opened with url: ''

2020-06-05 18:24:14 - [TEST_STEP][PASSED] - navigateToUrl("http://localhost:8065/login"): Navigate to 'http://localhost:8065/login' successfully

2020-06-05 18:24:19 - [MESSAGE][PASSED] - Navigate to 'http://localhost:8065/login' successfully

2020-06-05 18:24:19 - [TEST_STEP][PASSED] - setText(findTestObject("Object Repository/1612427/06_ChangeEmail/Page_Mattermost/input_All team communication in one place s_703ef5"), "hcmus-cdnc"): Text 'hcmus-cdnc' is set on object 'Object Repository/1612427/06_ChangeEmail/Page_Mattermost/input_All team communication in one place s_703ef5'

2020-06-05 18:24:24 - [MESSAGE][PASSED] - Text 'hcmus-cdnc' is set on object 'Object Repository/1612427/06_ChangeEmail/Page_Mattermost/input_All team communication in one place s_703ef5'

2020-06-05 18:24:24 - [TEST_STEP][PASSED] - click(findTestObject("Object Repository/1612427/06_ChangeEmail/Page_Mattermost/input_All team communication in one place s_703ef5")): Object: 'Object Repository/1612427/06_ChangeEmail/Page_Mattermost/input_All team communication in one place s_703ef5' is clicked on

2020-06-05 18:24:25 - [MESSAGE][PASSED] - Object: 'Object Repository/1612427/06_ChangeEmail/Page_Mattermost/input_All team communication in one place s_703ef5' is clicked on

2020-06-05 18:24:25 - [TEST_STEP][PASSED] - setText(findTestObject("Object Repository/1612427/06_ChangeEmail/Page_Mattermost/input_All team communication in one place s_703ef5"), "hcmus-cdnc"): Text 'hcmus-cdnc' is set on object 'Object Repository/1612427/06_ChangeEmail/Page_Mattermost/input_All team communication in one place s_703ef5'

2020-06-05 18:24:26 - [MESSAGE][PASSED] - Text 'hcmus-cdnc' is set on object 'Object Repository/1612427/06_ChangeEmail/Page_Mattermost/input_All team communication in one place s_703ef5'

2020-06-05 18:24:26 - [TEST_STEP][PASSED] - setEncryptedText(findTestObject("Object Repository/1612427/06_ChangeEmail/Page_Mattermost/input_All team communication in one place s_2f2733"), "aeHFOx8jV/A="): Text ****** has been set on object 'Object Repository/1612427/06_ChangeEmail/Page_Mattermost/input_All team communication in one place s_2f2733'

2020-06-05 18:24:27 - [MESSAGE][PASSED] - Text ****** has been set on object 'Object Repository/1612427/06_ChangeEmail/Page_Mattermost/input_All team communication in one place s_2f2733'

2020-06-05 18:24:27 - [TEST_STEP][PASSED] - click(findTestObject("Object Repository/1612427/06_ChangeEmail/Page_Mattermost/span_Sign in")): Object: 'Object Repository/1612427/06_ChangeEmail/Page_Mattermost/span_Sign in' is clicked on

2020-06-05 18:24:28 - [MESSAGE][PASSED] - Object: 'Object Repository/1612427/06_ChangeEmail/Page_Mattermost/span_Sign in' is clicked on

2020-06-05 18:24:28 - [TEST_STEP][PASSED] - click(findTestObject("Object Repository/1612427/06_ChangeEmail/Page_Town Square - minus Mattermost/svg")): Object: 'Object Repository/1612427/06_ChangeEmail/Page_Town Square - minus Mattermost/svg' is clicked on

2020-06-05 18:24:39 - [MESSAGE][PASSED] - Object: 'Object Repository/1612427/06_ChangeEmail/Page_Town Square - minus Mattermost/svg' is clicked on

2020-06-05 18:24:39 - [TEST_STEP][PASSED] - click(findTestObject("Object Repository/1612427/06_ChangeEmail/Page_Town Square - minus Mattermost/span_Account Settings")): Object: 'Object Repository/1612427/06_ChangeEmail/Page_Town Square - minus Mattermost/span_Account Settings' is clicked on

2020-06-05 18:24:40 - [MESSAGE][PASSED] - Object: 'Object Repository/1612427/06_ChangeEmail/Page_Town Square - minus Mattermost/span_Account Settings' is clicked on

2020-06-05 18:24:40 - [TEST_STEP][PASSED] - click(findTestObject("Object Repository/1612427/07_AddTriggerMention/Page_Town Square - minus Mattermost/button_Notifications")): Object: 'Object Repository/1612427/07_AddTriggerMention/Page_Town Square - minus Mattermost/button_Notifications' is clicked on

2020-06-05 18:24:41 - [MESSAGE][PASSED] - Object: 'Object Repository/1612427/07_AddTriggerMention/Page_Town Square - minus Mattermost/button_Notifications' is clicked on

2020-06-05 18:24:41 - [TEST_STEP][PASSED] - click(findTestObject("Object Repository/1612427/07_AddTriggerMention/Page_Town Square - minus Mattermost/span_Edit")): Object: 'Object Repository/1612427/07_AddTriggerMention/Page_Town Square - minus Mattermost/span_Edit' is clicked on

2020-06-05 18:24:44 - [MESSAGE][PASSED] - Object: 'Object Repository/1612427/07_AddTriggerMention/Page_Town Square - minus Mattermost/span_Edit' is clicked on

2020-06-05 18:24:44 - [TEST_STEP][PASSED] - setText(findTestObject("Object Repository/1612427/07_AddTriggerMention/Page_Town Square - minus Mattermost/input_Other non-case sensitive words separa_48b795"), trigger_name): Text 'Nghiem' is set on object 'Object Repository/1612427/07_AddTriggerMention/Page_Town Square - minus Mattermost/input_Other non-case sensitive words separa_48b795'

2020-06-05 18:24:45 - [MESSAGE][PASSED] - Text 'Nghiem' is set on object 'Object Repository/1612427/07_AddTriggerMention/Page_Town Square - minus Mattermost/input_Other non-case sensitive words separa_48b795'

2020-06-05 18:24:45 - [TEST_STEP][PASSED] - click(findTestObject("Object Repository/1612427/07_AddTriggerMention/Page_Town Square - minus Mattermost/span_Save")): Object: 'Object Repository/1612427/07_AddTriggerMention/Page_Town Square - minus Mattermost/span_Save' is clicked on

2020-06-05 18:24:46 - [MESSAGE][PASSED] - Object: 'Object Repository/1612427/07_AddTriggerMention/Page_Town Square - minus Mattermost/span_Save' is clicked on

2020-06-05 18:24:46 - [TEST_STEP][PASSED] - closeBrowser(): Browser is closed

2020-06-05 18:24:47 - [MESSAGE][PASSED] - Browser is closed]]></system-out>
         <system-err><![CDATA[]]></system-err>
      </testcase>
      <testcase name="Test Cases/1612427/08_ResetUserPassword" time="37.89" classname="Test Cases/1612427/08_ResetUserPassword" status="PASSED">
         <system-out><![CDATA[2020-06-05 18:24:47 - [TEST_CASE][PASSED] - Test Cases/1612427/08_ResetUserPassword: Test Cases/1612427/08_ResetUserPassword

2020-06-05 18:24:48 - [TEST_STEP][PASSED] - openBrowser(""): Browser is opened with url: ''

2020-06-05 18:24:48 - [MESSAGE][INFO] - Starting 'Chrome' driver

2020-06-05 18:24:48 - [MESSAGE][INFO] - Action delay is set to 0 milliseconds

2020-06-05 18:24:53 - [MESSAGE][PASSED] - Browser is opened with url: ''

2020-06-05 18:24:53 - [TEST_STEP][PASSED] - navigateToUrl("http://localhost:8065/admin_console/user_management/users"): Navigate to 'http://localhost:8065/admin_console/user_management/users' successfully

2020-06-05 18:24:58 - [MESSAGE][PASSED] - Navigate to 'http://localhost:8065/admin_console/user_management/users' successfully

2020-06-05 18:24:58 - [TEST_STEP][PASSED] - setText(findTestObject("Object Repository/1612427/08_ResetUserPassword/Page_Mattermost/input_All team communication in one place s_703ef5"), "hcmus-cdnc"): Text 'hcmus-cdnc' is set on object 'Object Repository/1612427/08_ResetUserPassword/Page_Mattermost/input_All team communication in one place s_703ef5'

2020-06-05 18:25:05 - [MESSAGE][PASSED] - Text 'hcmus-cdnc' is set on object 'Object Repository/1612427/08_ResetUserPassword/Page_Mattermost/input_All team communication in one place s_703ef5'

2020-06-05 18:25:05 - [TEST_STEP][PASSED] - setEncryptedText(findTestObject("Object Repository/1612427/08_ResetUserPassword/Page_Mattermost/input_All team communication in one place s_2f2733"), "aeHFOx8jV/A="): Text ****** has been set on object 'Object Repository/1612427/08_ResetUserPassword/Page_Mattermost/input_All team communication in one place s_2f2733'

2020-06-05 18:25:06 - [MESSAGE][PASSED] - Text ****** has been set on object 'Object Repository/1612427/08_ResetUserPassword/Page_Mattermost/input_All team communication in one place s_2f2733'

2020-06-05 18:25:06 - [TEST_STEP][PASSED] - click(findTestObject("Object Repository/1612427/08_ResetUserPassword/Page_Mattermost/span_Sign in")): Object: 'Object Repository/1612427/08_ResetUserPassword/Page_Mattermost/span_Sign in' is clicked on

2020-06-05 18:25:07 - [MESSAGE][PASSED] - Object: 'Object Repository/1612427/08_ResetUserPassword/Page_Mattermost/span_Sign in' is clicked on

2020-06-05 18:25:07 - [TEST_STEP][PASSED] - setText(findTestObject("Object Repository/1612427/08_ResetUserPassword/Page_System Console - Mattermost/input_Mattermost Users_searchUsers"), "ar"): Text 'ar' is set on object 'Object Repository/1612427/08_ResetUserPassword/Page_System Console - Mattermost/input_Mattermost Users_searchUsers'

2020-06-05 18:25:17 - [MESSAGE][PASSED] - Text 'ar' is set on object 'Object Repository/1612427/08_ResetUserPassword/Page_System Console - Mattermost/input_Mattermost Users_searchUsers'

2020-06-05 18:25:17 - [TEST_STEP][PASSED] - click(findTestObject("Object Repository/1612427/08_ResetUserPassword/Page_System Console - Mattermost/span_janicearmstrong - Janice Armstrong")): Object: 'Object Repository/1612427/08_ResetUserPassword/Page_System Console - Mattermost/span_janicearmstrong - Janice Armstrong' is clicked on

2020-06-05 18:25:19 - [MESSAGE][PASSED] - Object: 'Object Repository/1612427/08_ResetUserPassword/Page_System Console - Mattermost/span_janicearmstrong - Janice Armstrong' is clicked on

2020-06-05 18:25:19 - [TEST_STEP][PASSED] - click(findTestObject("Object Repository/1612427/08_ResetUserPassword/Page_System Console - Mattermost/button_Reset Password")): Object: 'Object Repository/1612427/08_ResetUserPassword/Page_System Console - Mattermost/button_Reset Password' is clicked on

2020-06-05 18:25:21 - [MESSAGE][PASSED] - Object: 'Object Repository/1612427/08_ResetUserPassword/Page_System Console - Mattermost/button_Reset Password' is clicked on

2020-06-05 18:25:21 - [TEST_STEP][PASSED] - setEncryptedText(findTestObject("Object Repository/1612427/08_ResetUserPassword/Page_System Console - Mattermost/input_New Password_form-control"), newPassword): Text ****** has been set on object 'Object Repository/1612427/08_ResetUserPassword/Page_System Console - Mattermost/input_New Password_form-control'

2020-06-05 18:25:22 - [MESSAGE][PASSED] - Text ****** has been set on object 'Object Repository/1612427/08_ResetUserPassword/Page_System Console - Mattermost/input_New Password_form-control'

2020-06-05 18:25:22 - [TEST_STEP][PASSED] - click(findTestObject("Object Repository/1612427/08_ResetUserPassword/Page_System Console - Mattermost/span_Reset")): Object: 'Object Repository/1612427/08_ResetUserPassword/Page_System Console - Mattermost/span_Reset' is clicked on

2020-06-05 18:25:23 - [MESSAGE][PASSED] - Object: 'Object Repository/1612427/08_ResetUserPassword/Page_System Console - Mattermost/span_Reset' is clicked on

2020-06-05 18:25:23 - [TEST_STEP][PASSED] - closeBrowser(): Browser is closed

2020-06-05 18:25:25 - [MESSAGE][PASSED] - Browser is closed]]></system-out>
         <system-err><![CDATA[]]></system-err>
      </testcase>
      <testcase name="Test Cases/1612427/09_Allow_Internal_Connection" time="28.64" classname="Test Cases/1612427/09_Allow_Internal_Connection" status="PASSED">
         <system-out><![CDATA[2020-06-05 18:25:25 - [TEST_CASE][PASSED] - Test Cases/1612427/09_Allow_Internal_Connection: Test Cases/1612427/09_Allow_Internal_Connection

2020-06-05 18:25:26 - [TEST_STEP][PASSED] - openBrowser(""): Browser is opened with url: ''

2020-06-05 18:25:26 - [MESSAGE][INFO] - Starting 'Chrome' driver

2020-06-05 18:25:26 - [MESSAGE][INFO] - Action delay is set to 0 milliseconds

2020-06-05 18:25:31 - [MESSAGE][PASSED] - Browser is opened with url: ''

2020-06-05 18:25:31 - [TEST_STEP][PASSED] - navigateToUrl("http://localhost:8065/admin_console"): Navigate to 'http://localhost:8065/admin_console' successfully

2020-06-05 18:25:36 - [MESSAGE][PASSED] - Navigate to 'http://localhost:8065/admin_console' successfully

2020-06-05 18:25:36 - [TEST_STEP][PASSED] - setText(findTestObject("Object Repository/1612427/09_Allow_Internal_Connection/Page_Mattermost/input_All team communication in one place s_703ef5"), "hcmus-cdnc"): Text 'hcmus-cdnc' is set on object 'Object Repository/1612427/09_Allow_Internal_Connection/Page_Mattermost/input_All team communication in one place s_703ef5'

2020-06-05 18:25:43 - [MESSAGE][PASSED] - Text 'hcmus-cdnc' is set on object 'Object Repository/1612427/09_Allow_Internal_Connection/Page_Mattermost/input_All team communication in one place s_703ef5'

2020-06-05 18:25:43 - [TEST_STEP][PASSED] - setEncryptedText(findTestObject("Object Repository/1612427/09_Allow_Internal_Connection/Page_Mattermost/input_All team communication in one place s_2f2733"), "aeHFOx8jV/A="): Text ****** has been set on object 'Object Repository/1612427/09_Allow_Internal_Connection/Page_Mattermost/input_All team communication in one place s_2f2733'

2020-06-05 18:25:44 - [MESSAGE][PASSED] - Text ****** has been set on object 'Object Repository/1612427/09_Allow_Internal_Connection/Page_Mattermost/input_All team communication in one place s_2f2733'

2020-06-05 18:25:44 - [TEST_STEP][PASSED] - click(findTestObject("Object Repository/1612427/09_Allow_Internal_Connection/Page_Mattermost/span_Sign in")): Object: 'Object Repository/1612427/09_Allow_Internal_Connection/Page_Mattermost/span_Sign in' is clicked on

2020-06-05 18:25:45 - [MESSAGE][PASSED] - Object: 'Object Repository/1612427/09_Allow_Internal_Connection/Page_Mattermost/span_Sign in' is clicked on

2020-06-05 18:25:45 - [TEST_STEP][PASSED] - click(findTestObject("Object Repository/1612427/09_Allow_Internal_Connection/Page_System Console - Mattermost/a_Developer")): Object: 'Object Repository/1612427/09_Allow_Internal_Connection/Page_System Console - Mattermost/a_Developer' is clicked on

2020-06-05 18:25:50 - [MESSAGE][PASSED] - Object: 'Object Repository/1612427/09_Allow_Internal_Connection/Page_System Console - Mattermost/a_Developer' is clicked on

2020-06-05 18:25:50 - [TEST_STEP][PASSED] - setText(findTestObject("Object Repository/1612427/09_Allow_Internal_Connection/Page_System Console - Mattermost/input_Allow untrusted internal connections _3bb3c8"), IP): Text '127.0.0.1' is set on object 'Object Repository/1612427/09_Allow_Internal_Connection/Page_System Console - Mattermost/input_Allow untrusted internal connections _3bb3c8'

2020-06-05 18:25:52 - [MESSAGE][PASSED] - Text '127.0.0.1' is set on object 'Object Repository/1612427/09_Allow_Internal_Connection/Page_System Console - Mattermost/input_Allow untrusted internal connections _3bb3c8'

2020-06-05 18:25:52 - [TEST_STEP][PASSED] - click(findTestObject("Object Repository/1612427/09_Allow_Internal_Connection/Page_System Console - Mattermost/button_Save")): Object: 'Object Repository/1612427/09_Allow_Internal_Connection/Page_System Console - Mattermost/button_Save' is clicked on

2020-06-05 18:25:53 - [MESSAGE][PASSED] - Object: 'Object Repository/1612427/09_Allow_Internal_Connection/Page_System Console - Mattermost/button_Save' is clicked on

2020-06-05 18:25:53 - [TEST_STEP][PASSED] - closeBrowser(): Browser is closed

2020-06-05 18:25:54 - [MESSAGE][PASSED] - Browser is closed]]></system-out>
         <system-err><![CDATA[]]></system-err>
      </testcase>
      <testcase name="Test Cases/1612427/10_SetMinimum_Password" time="32.704" classname="Test Cases/1612427/10_SetMinimum_Password" status="PASSED">
         <system-out><![CDATA[2020-06-05 18:25:54 - [TEST_CASE][PASSED] - Test Cases/1612427/10_SetMinimum_Password: Test Cases/1612427/10_SetMinimum_Password

2020-06-05 18:25:55 - [TEST_STEP][PASSED] - openBrowser(""): Browser is opened with url: ''

2020-06-05 18:25:55 - [MESSAGE][INFO] - Starting 'Chrome' driver

2020-06-05 18:25:55 - [MESSAGE][INFO] - Action delay is set to 0 milliseconds

2020-06-05 18:25:59 - [MESSAGE][PASSED] - Browser is opened with url: ''

2020-06-05 18:25:59 - [TEST_STEP][PASSED] - navigateToUrl("http://localhost:8065/admin_console/user_management/users"): Navigate to 'http://localhost:8065/admin_console/user_management/users' successfully

2020-06-05 18:26:03 - [MESSAGE][PASSED] - Navigate to 'http://localhost:8065/admin_console/user_management/users' successfully

2020-06-05 18:26:03 - [TEST_STEP][PASSED] - setText(findTestObject("Object Repository/1612427/10_SetMinimun_Password/Page_Mattermost/input_All team communication in one place s_703ef5"), "hcmus-cdnc"): Text 'hcmus-cdnc' is set on object 'Object Repository/1612427/10_SetMinimun_Password/Page_Mattermost/input_All team communication in one place s_703ef5'

2020-06-05 18:26:10 - [MESSAGE][PASSED] - Text 'hcmus-cdnc' is set on object 'Object Repository/1612427/10_SetMinimun_Password/Page_Mattermost/input_All team communication in one place s_703ef5'

2020-06-05 18:26:10 - [TEST_STEP][PASSED] - setEncryptedText(findTestObject("Object Repository/1612427/10_SetMinimun_Password/Page_Mattermost/input_All team communication in one place s_2f2733"), "aeHFOx8jV/A="): Text ****** has been set on object 'Object Repository/1612427/10_SetMinimun_Password/Page_Mattermost/input_All team communication in one place s_2f2733'

2020-06-05 18:26:11 - [MESSAGE][PASSED] - Text ****** has been set on object 'Object Repository/1612427/10_SetMinimun_Password/Page_Mattermost/input_All team communication in one place s_2f2733'

2020-06-05 18:26:11 - [TEST_STEP][PASSED] - click(findTestObject("Object Repository/1612427/10_SetMinimun_Password/Page_Mattermost/button_Sign in")): Object: 'Object Repository/1612427/10_SetMinimun_Password/Page_Mattermost/button_Sign in' is clicked on

2020-06-05 18:26:12 - [MESSAGE][PASSED] - Object: 'Object Repository/1612427/10_SetMinimun_Password/Page_Mattermost/button_Sign in' is clicked on

2020-06-05 18:26:12 - [TEST_STEP][PASSED] - setText(findTestObject("Object Repository/1612427/10_SetMinimun_Password/Page_System Console - Mattermost/input_hcmus-cdnc_adminSidebarFilter"), "pass"): Text 'pass' is set on object 'Object Repository/1612427/10_SetMinimun_Password/Page_System Console - Mattermost/input_hcmus-cdnc_adminSidebarFilter'

2020-06-05 18:26:22 - [MESSAGE][PASSED] - Text 'pass' is set on object 'Object Repository/1612427/10_SetMinimun_Password/Page_System Console - Mattermost/input_hcmus-cdnc_adminSidebarFilter'

2020-06-05 18:26:22 - [TEST_STEP][PASSED] - click(findTestObject("Object Repository/1612427/10_SetMinimun_Password/Page_System Console - Mattermost/mark_Password")): Object: 'Object Repository/1612427/10_SetMinimun_Password/Page_System Console - Mattermost/mark_Password' is clicked on

2020-06-05 18:26:23 - [MESSAGE][PASSED] - Object: 'Object Repository/1612427/10_SetMinimun_Password/Page_System Console - Mattermost/mark_Password' is clicked on

2020-06-05 18:26:23 - [TEST_STEP][PASSED] - setText(findTestObject("Object Repository/1612427/10_SetMinimun_Password/Page_System Console - Mattermost/input_Password_passwordMinimumLength"), length): Text '9' is set on object 'Object Repository/1612427/10_SetMinimun_Password/Page_System Console - Mattermost/input_Password_passwordMinimumLength'

2020-06-05 18:26:24 - [MESSAGE][PASSED] - Text '9' is set on object 'Object Repository/1612427/10_SetMinimun_Password/Page_System Console - Mattermost/input_Password_passwordMinimumLength'

2020-06-05 18:26:24 - [TEST_STEP][PASSED] - click(findTestObject("Object Repository/1612427/10_SetMinimun_Password/Page_System Console - Mattermost/span_Save")): Object: 'Object Repository/1612427/10_SetMinimun_Password/Page_System Console - Mattermost/span_Save' is clicked on

2020-06-05 18:26:25 - [MESSAGE][PASSED] - Object: 'Object Repository/1612427/10_SetMinimun_Password/Page_System Console - Mattermost/span_Save' is clicked on

2020-06-05 18:26:25 - [TEST_STEP][PASSED] - closeBrowser(): Browser is closed

2020-06-05 18:26:27 - [MESSAGE][PASSED] - Browser is closed]]></system-out>
         <system-err><![CDATA[]]></system-err>
      </testcase>
      <testcase name="Test Cases/1612427/11_Notification" time="34.851" classname="Test Cases/1612427/11_Notification" status="PASSED">
         <system-out><![CDATA[2020-06-05 18:26:27 - [TEST_CASE][PASSED] - Test Cases/1612427/11_Notification: Test Cases/1612427/11_Notification

2020-06-05 18:26:27 - [TEST_STEP][PASSED] - openBrowser(""): Browser is opened with url: ''

2020-06-05 18:26:27 - [MESSAGE][INFO] - Starting 'Chrome' driver

2020-06-05 18:26:27 - [MESSAGE][INFO] - Action delay is set to 0 milliseconds

2020-06-05 18:26:32 - [MESSAGE][PASSED] - Browser is opened with url: ''

2020-06-05 18:26:32 - [TEST_STEP][PASSED] - navigateToUrl("http://localhost:8065/login"): Navigate to 'http://localhost:8065/login' successfully

2020-06-05 18:26:36 - [MESSAGE][PASSED] - Navigate to 'http://localhost:8065/login' successfully

2020-06-05 18:26:36 - [TEST_STEP][PASSED] - setText(findTestObject("Object Repository/1612427/02_ChangePassword/Page_Mattermost/input_All team communication in one place s_703ef5"), "hcmus-cdnc"): Text 'hcmus-cdnc' is set on object 'Object Repository/1612427/02_ChangePassword/Page_Mattermost/input_All team communication in one place s_703ef5'

2020-06-05 18:26:40 - [MESSAGE][PASSED] - Text 'hcmus-cdnc' is set on object 'Object Repository/1612427/02_ChangePassword/Page_Mattermost/input_All team communication in one place s_703ef5'

2020-06-05 18:26:40 - [TEST_STEP][PASSED] - setEncryptedText(findTestObject("Object Repository/1612427/02_ChangePassword/Page_Mattermost/input_All team communication in one place s_2f2733"), "aeHFOx8jV/A="): Text ****** has been set on object 'Object Repository/1612427/02_ChangePassword/Page_Mattermost/input_All team communication in one place s_2f2733'

2020-06-05 18:26:41 - [MESSAGE][PASSED] - Text ****** has been set on object 'Object Repository/1612427/02_ChangePassword/Page_Mattermost/input_All team communication in one place s_2f2733'

2020-06-05 18:26:41 - [TEST_STEP][PASSED] - click(findTestObject("Object Repository/1612427/02_ChangePassword/Page_Mattermost/span_Sign in")): Object: 'Object Repository/1612427/02_ChangePassword/Page_Mattermost/span_Sign in' is clicked on

2020-06-05 18:26:42 - [MESSAGE][PASSED] - Object: 'Object Repository/1612427/02_ChangePassword/Page_Mattermost/span_Sign in' is clicked on

2020-06-05 18:26:42 - [TEST_STEP][PASSED] - click(findTestObject("Object Repository/1612427/02_ChangePassword/Page_Town Square - minus Mattermost/span")): Object: 'Object Repository/1612427/02_ChangePassword/Page_Town Square - minus Mattermost/span' is clicked on

2020-06-05 18:26:53 - [MESSAGE][PASSED] - Object: 'Object Repository/1612427/02_ChangePassword/Page_Town Square - minus Mattermost/span' is clicked on

2020-06-05 18:26:53 - [TEST_STEP][PASSED] - click(findTestObject("Object Repository/1612427/02_ChangePassword/Page_Town Square - minus Mattermost/span_Account Settings")): Object: 'Object Repository/1612427/02_ChangePassword/Page_Town Square - minus Mattermost/span_Account Settings' is clicked on

2020-06-05 18:26:55 - [MESSAGE][PASSED] - Object: 'Object Repository/1612427/02_ChangePassword/Page_Town Square - minus Mattermost/span_Account Settings' is clicked on

2020-06-05 18:26:55 - [TEST_STEP][PASSED] - click(findTestObject("Object Repository/1612427/11_Notification/Page_Town Square - minus Mattermost/button_Notifications")): Object: 'Object Repository/1612427/11_Notification/Page_Town Square - minus Mattermost/button_Notifications' is clicked on

2020-06-05 18:26:57 - [MESSAGE][PASSED] - Object: 'Object Repository/1612427/11_Notification/Page_Town Square - minus Mattermost/button_Notifications' is clicked on

2020-06-05 18:26:57 - [TEST_STEP][PASSED] - click(findTestObject("Object Repository/1612427/11_Notification/Page_Town Square - minus Mattermost/span_Edit")): Object: 'Object Repository/1612427/11_Notification/Page_Town Square - minus Mattermost/span_Edit' is clicked on

2020-06-05 18:26:58 - [MESSAGE][PASSED] - Object: 'Object Repository/1612427/11_Notification/Page_Town Square - minus Mattermost/span_Edit' is clicked on

2020-06-05 18:26:58 - [TEST_STEP][PASSED] - if (findTestObject("Object Repository/1612427/11_Notification/Page_Town Square - minus Mattermost/label_Never")): Object: 'Object Repository/1612427/11_Notification/Page_Town Square - minus Mattermost/label_Never' is clicked on

2020-06-05 18:26:58 - [TEST_STEP][PASSED] - click(findTestObject("Object Repository/1612427/11_Notification/Page_Town Square - minus Mattermost/label_Never")): Object: 'Object Repository/1612427/11_Notification/Page_Town Square - minus Mattermost/label_Never' is clicked on

2020-06-05 18:26:58 - [MESSAGE][PASSED] - Object: 'Object Repository/1612427/11_Notification/Page_Town Square - minus Mattermost/label_Never' is clicked on

2020-06-05 18:26:58 - [TEST_STEP][PASSED] - if (findTestObject("Object Repository/1612427/11_Notification/Page_Town Square - minus Mattermost/label_Only for mentions and direct messages")): Test object with id 'Object Repository/1612427/11_Notification/Page_Town Square - minus Mattermost/label_Only for mentions and direct messages' does not exist

2020-06-05 18:26:58 - [MESSAGE][WARNING] - Test object with id 'Object Repository/1612427/11_Notification/Page_Town Square - minus Mattermost/label_Only for mentions and direct messages' does not exist

2020-06-05 18:26:58 - [TEST_STEP][PASSED] - click(findTestObject("Object Repository/1612427/11_Notification/Page_Town Square - minus Mattermost/span_Save")): Object: 'Object Repository/1612427/11_Notification/Page_Town Square - minus Mattermost/span_Save' is clicked on

2020-06-05 18:27:00 - [MESSAGE][PASSED] - Object: 'Object Repository/1612427/11_Notification/Page_Town Square - minus Mattermost/span_Save' is clicked on

2020-06-05 18:27:00 - [TEST_STEP][PASSED] - closeBrowser(): Browser is closed

2020-06-05 18:27:02 - [MESSAGE][PASSED] - Browser is closed]]></system-out>
         <system-err><![CDATA[]]></system-err>
      </testcase>
      <testcase name="Test Cases/1612427/12_Create_Channel" time="37.687" classname="Test Cases/1612427/12_Create_Channel" status="PASSED">
         <system-out><![CDATA[2020-06-05 18:27:02 - [TEST_CASE][PASSED] - Test Cases/1612427/12_Create_Channel: Test Cases/1612427/12_Create_Channel

2020-06-05 18:27:02 - [TEST_STEP][PASSED] - openBrowser(""): Browser is opened with url: ''

2020-06-05 18:27:02 - [MESSAGE][INFO] - Starting 'Chrome' driver

2020-06-05 18:27:02 - [MESSAGE][INFO] - Action delay is set to 0 milliseconds

2020-06-05 18:27:07 - [MESSAGE][PASSED] - Browser is opened with url: ''

2020-06-05 18:27:07 - [TEST_STEP][PASSED] - setViewPortSize(1600, 1500): Viewport is set to new size with width = 1600 and height = 1500

2020-06-05 18:27:09 - [MESSAGE][PASSED] - Viewport is set to new size with width = 1600 and height = 1500

2020-06-05 18:27:09 - [TEST_STEP][PASSED] - navigateToUrl("http://localhost:8065/reiciendis-0/channels/town-square"): Navigate to 'http://localhost:8065/reiciendis-0/channels/town-square' successfully

2020-06-05 18:27:15 - [MESSAGE][PASSED] - Navigate to 'http://localhost:8065/reiciendis-0/channels/town-square' successfully

2020-06-05 18:27:15 - [TEST_STEP][PASSED] - setText(findTestObject("Object Repository/1612427/12_Create_Channel/Page_Mattermost/input_All team communication in one place s_703ef5"), "hcmus-cdnc"): Text 'hcmus-cdnc' is set on object 'Object Repository/1612427/12_Create_Channel/Page_Mattermost/input_All team communication in one place s_703ef5'

2020-06-05 18:27:22 - [MESSAGE][PASSED] - Text 'hcmus-cdnc' is set on object 'Object Repository/1612427/12_Create_Channel/Page_Mattermost/input_All team communication in one place s_703ef5'

2020-06-05 18:27:22 - [TEST_STEP][PASSED] - setEncryptedText(findTestObject("Object Repository/1612427/12_Create_Channel/Page_Mattermost/input_All team communication in one place s_2f2733"), "aeHFOx8jV/A="): Text ****** has been set on object 'Object Repository/1612427/12_Create_Channel/Page_Mattermost/input_All team communication in one place s_2f2733'

2020-06-05 18:27:23 - [MESSAGE][PASSED] - Text ****** has been set on object 'Object Repository/1612427/12_Create_Channel/Page_Mattermost/input_All team communication in one place s_2f2733'

2020-06-05 18:27:23 - [TEST_STEP][PASSED] - click(findTestObject("Object Repository/1612427/12_Create_Channel/Page_Mattermost/span_Sign in")): Object: 'Object Repository/1612427/12_Create_Channel/Page_Mattermost/span_Sign in' is clicked on

2020-06-05 18:27:24 - [MESSAGE][PASSED] - Object: 'Object Repository/1612427/12_Create_Channel/Page_Mattermost/span_Sign in' is clicked on

2020-06-05 18:27:24 - [TEST_STEP][PASSED] - click(findTestObject("Object Repository/1612427/12_Create_Channel/Page_Town Square - minus Mattermost/span_")): Object: 'Object Repository/1612427/12_Create_Channel/Page_Town Square - minus Mattermost/span_' is clicked on

2020-06-05 18:27:32 - [MESSAGE][PASSED] - Object: 'Object Repository/1612427/12_Create_Channel/Page_Town Square - minus Mattermost/span_' is clicked on

2020-06-05 18:27:32 - [TEST_STEP][PASSED] - setText(findTestObject("Object Repository/1612427/12_Create_Channel/Page_Town Square - minus Mattermost/input_Name_newChannelName"), "general"): Text 'general' is set on object 'Object Repository/1612427/12_Create_Channel/Page_Town Square - minus Mattermost/input_Name_newChannelName'

2020-06-05 18:27:34 - [MESSAGE][PASSED] - Text 'general' is set on object 'Object Repository/1612427/12_Create_Channel/Page_Town Square - minus Mattermost/input_Name_newChannelName'

2020-06-05 18:27:34 - [TEST_STEP][PASSED] - click(findTestObject("Object Repository/1612427/12_Create_Channel/Page_Town Square - minus Mattermost/span_Create Channel")): Object: 'Object Repository/1612427/12_Create_Channel/Page_Town Square - minus Mattermost/span_Create Channel' is clicked on

2020-06-05 18:27:35 - [MESSAGE][PASSED] - Object: 'Object Repository/1612427/12_Create_Channel/Page_Town Square - minus Mattermost/span_Create Channel' is clicked on

2020-06-05 18:27:35 - [TEST_STEP][PASSED] - if (findTestObject("Object Repository/1612427/12_Create_Channel/Page_Town Square - minus Mattermost/p_A channel with that name already exists o_b26172")): Text 'general1' is set on object 'Object Repository/1612427/12_Create_Channel/Page_Town Square - minus Mattermost/input_httplocis-0channels_form-control'

2020-06-05 18:27:35 - [TEST_STEP][PASSED] - click(findTestObject("Object Repository/1612427/12_Create_Channel/Page_Town Square - minus Mattermost/span_Edit")): Object: 'Object Repository/1612427/12_Create_Channel/Page_Town Square - minus Mattermost/span_Edit' is clicked on

2020-06-05 18:27:36 - [MESSAGE][PASSED] - Object: 'Object Repository/1612427/12_Create_Channel/Page_Town Square - minus Mattermost/span_Edit' is clicked on

2020-06-05 18:27:36 - [TEST_STEP][PASSED] - setText(findTestObject("Object Repository/1612427/12_Create_Channel/Page_Town Square - minus Mattermost/input_httplocis-0channels_form-control"), "general1"): Text 'general1' is set on object 'Object Repository/1612427/12_Create_Channel/Page_Town Square - minus Mattermost/input_httplocis-0channels_form-control'

2020-06-05 18:27:38 - [MESSAGE][PASSED] - Text 'general1' is set on object 'Object Repository/1612427/12_Create_Channel/Page_Town Square - minus Mattermost/input_httplocis-0channels_form-control'

2020-06-05 18:27:38 - [TEST_STEP][PASSED] - closeBrowser(): Browser is closed

2020-06-05 18:27:39 - [MESSAGE][PASSED] - Browser is closed]]></system-out>
         <system-err><![CDATA[]]></system-err>
      </testcase>
      <testcase name="Test Cases/1612427/13_UnmuteChannel" time="30.337" classname="Test Cases/1612427/13_UnmuteChannel" status="PASSED">
         <system-out><![CDATA[2020-06-05 18:27:39 - [TEST_CASE][PASSED] - Test Cases/1612427/13_UnmuteChannel: Test Cases/1612427/13_UnmuteChannel

2020-06-05 18:27:40 - [TEST_STEP][PASSED] - openBrowser(""): Browser is opened with url: ''

2020-06-05 18:27:40 - [MESSAGE][INFO] - Starting 'Chrome' driver

2020-06-05 18:27:40 - [MESSAGE][INFO] - Action delay is set to 0 milliseconds

2020-06-05 18:27:45 - [MESSAGE][PASSED] - Browser is opened with url: ''

2020-06-05 18:27:45 - [TEST_STEP][PASSED] - navigateToUrl("http://localhost:8065/login"): Navigate to 'http://localhost:8065/login' successfully

2020-06-05 18:27:50 - [MESSAGE][PASSED] - Navigate to 'http://localhost:8065/login' successfully

2020-06-05 18:27:50 - [TEST_STEP][PASSED] - setText(findTestObject("Object Repository/1612427/13_UnmuteChannel/Page_Mattermost/input_All team communication in one place s_703ef5"), "hcmus-cdnc"): Text 'hcmus-cdnc' is set on object 'Object Repository/1612427/13_UnmuteChannel/Page_Mattermost/input_All team communication in one place s_703ef5'

2020-06-05 18:27:54 - [MESSAGE][PASSED] - Text 'hcmus-cdnc' is set on object 'Object Repository/1612427/13_UnmuteChannel/Page_Mattermost/input_All team communication in one place s_703ef5'

2020-06-05 18:27:54 - [TEST_STEP][PASSED] - setEncryptedText(findTestObject("Object Repository/1612427/13_UnmuteChannel/Page_Mattermost/input_All team communication in one place s_2f2733"), "aeHFOx8jV/A="): Text ****** has been set on object 'Object Repository/1612427/13_UnmuteChannel/Page_Mattermost/input_All team communication in one place s_2f2733'

2020-06-05 18:27:55 - [MESSAGE][PASSED] - Text ****** has been set on object 'Object Repository/1612427/13_UnmuteChannel/Page_Mattermost/input_All team communication in one place s_2f2733'

2020-06-05 18:27:55 - [TEST_STEP][PASSED] - click(findTestObject("Object Repository/1612427/13_UnmuteChannel/Page_Mattermost/span_Sign in")): Object: 'Object Repository/1612427/13_UnmuteChannel/Page_Mattermost/span_Sign in' is clicked on

2020-06-05 18:27:56 - [MESSAGE][PASSED] - Object: 'Object Repository/1612427/13_UnmuteChannel/Page_Mattermost/span_Sign in' is clicked on

2020-06-05 18:27:56 - [TEST_STEP][PASSED] - click(findTestObject("Object Repository/1612427/13_UnmuteChannel/Page_Town Square - minus Mattermost/span_Town Square_channelHeaderDropdownIcon")): Object: 'Object Repository/1612427/13_UnmuteChannel/Page_Town Square - minus Mattermost/span_Town Square_channelHeaderDropdownIcon' is clicked on

2020-06-05 18:28:06 - [MESSAGE][PASSED] - Object: 'Object Repository/1612427/13_UnmuteChannel/Page_Town Square - minus Mattermost/span_Town Square_channelHeaderDropdownIcon' is clicked on

2020-06-05 18:28:06 - [TEST_STEP][PASSED] - click(findTestObject("Object Repository/1612427/13_UnmuteChannel/Page_Town Square - minus Mattermost/span_Mute Channel")): Object: 'Object Repository/1612427/13_UnmuteChannel/Page_Town Square - minus Mattermost/span_Mute Channel' is clicked on

2020-06-05 18:28:07 - [MESSAGE][PASSED] - Object: 'Object Repository/1612427/13_UnmuteChannel/Page_Town Square - minus Mattermost/span_Mute Channel' is clicked on

2020-06-05 18:28:07 - [TEST_STEP][PASSED] - if (findTestObject("Object Repository/1612427/13_UnmuteChannel/Page_Town Square - minus Mattermost/i_Town Square_icon fa fa-bell-slash-o")): Object: 'Object Repository/1612427/13_UnmuteChannel/Page_Town Square - minus Mattermost/i_Town Square_icon fa fa-bell-slash-o' is clicked on

2020-06-05 18:28:07 - [TEST_STEP][PASSED] - click(findTestObject("Object Repository/1612427/13_UnmuteChannel/Page_Town Square - minus Mattermost/i_Town Square_icon fa fa-bell-slash-o")): Object: 'Object Repository/1612427/13_UnmuteChannel/Page_Town Square - minus Mattermost/i_Town Square_icon fa fa-bell-slash-o' is clicked on

2020-06-05 18:28:08 - [MESSAGE][PASSED] - Object: 'Object Repository/1612427/13_UnmuteChannel/Page_Town Square - minus Mattermost/i_Town Square_icon fa fa-bell-slash-o' is clicked on

2020-06-05 18:28:08 - [TEST_STEP][PASSED] - closeBrowser(): Browser is closed

2020-06-05 18:28:10 - [MESSAGE][PASSED] - Browser is closed]]></system-out>
         <system-err><![CDATA[]]></system-err>
      </testcase>
      <testcase name="Test Cases/1612427/14_Hide_PinPosts" time="32.762" classname="Test Cases/1612427/14_Hide_PinPosts" status="PASSED">
         <system-out><![CDATA[2020-06-05 18:28:10 - [TEST_CASE][PASSED] - Test Cases/1612427/14_Hide_PinPosts: Test Cases/1612427/14_Hide_PinPosts

2020-06-05 18:28:10 - [TEST_STEP][PASSED] - openBrowser(""): Browser is opened with url: ''

2020-06-05 18:28:11 - [MESSAGE][INFO] - Starting 'Chrome' driver

2020-06-05 18:28:11 - [MESSAGE][INFO] - Action delay is set to 0 milliseconds

2020-06-05 18:28:15 - [MESSAGE][PASSED] - Browser is opened with url: ''

2020-06-05 18:28:15 - [TEST_STEP][PASSED] - navigateToUrl("http://localhost:8065/reiciendis-0/channels/town-square"): Navigate to 'http://localhost:8065/reiciendis-0/channels/town-square' successfully

2020-06-05 18:28:19 - [MESSAGE][PASSED] - Navigate to 'http://localhost:8065/reiciendis-0/channels/town-square' successfully

2020-06-05 18:28:19 - [TEST_STEP][PASSED] - setText(findTestObject("Object Repository/1612427/14_Hide_PinPosts/Page_Mattermost/input_All team communication in one place s_703ef5"), "hcmus-cdnc"): Text 'hcmus-cdnc' is set on object 'Object Repository/1612427/14_Hide_PinPosts/Page_Mattermost/input_All team communication in one place s_703ef5'

2020-06-05 18:28:27 - [MESSAGE][PASSED] - Text 'hcmus-cdnc' is set on object 'Object Repository/1612427/14_Hide_PinPosts/Page_Mattermost/input_All team communication in one place s_703ef5'

2020-06-05 18:28:27 - [TEST_STEP][PASSED] - setEncryptedText(findTestObject("Object Repository/1612427/14_Hide_PinPosts/Page_Mattermost/input_All team communication in one place s_2f2733"), "aeHFOx8jV/A="): Text ****** has been set on object 'Object Repository/1612427/14_Hide_PinPosts/Page_Mattermost/input_All team communication in one place s_2f2733'

2020-06-05 18:28:28 - [MESSAGE][PASSED] - Text ****** has been set on object 'Object Repository/1612427/14_Hide_PinPosts/Page_Mattermost/input_All team communication in one place s_2f2733'

2020-06-05 18:28:28 - [TEST_STEP][PASSED] - click(findTestObject("Object Repository/1612427/14_Hide_PinPosts/Page_Mattermost/span_Sign in")): Object: 'Object Repository/1612427/14_Hide_PinPosts/Page_Mattermost/span_Sign in' is clicked on

2020-06-05 18:28:29 - [MESSAGE][PASSED] - Object: 'Object Repository/1612427/14_Hide_PinPosts/Page_Mattermost/span_Sign in' is clicked on

2020-06-05 18:28:29 - [TEST_STEP][PASSED] - click(findTestObject("Object Repository/1612427/14_Hide_PinPosts/Page_Town Square - minus Mattermost/svg")): Object: 'Object Repository/1612427/14_Hide_PinPosts/Page_Town Square - minus Mattermost/svg' is clicked on

2020-06-05 18:28:36 - [MESSAGE][PASSED] - Object: 'Object Repository/1612427/14_Hide_PinPosts/Page_Town Square - minus Mattermost/svg' is clicked on

2020-06-05 18:28:36 - [TEST_STEP][PASSED] - if (findTestObject("Object Repository/1612427/14_Hide_PinPosts/Page_Town Square - minus Mattermost/i_Pinned Posts in Town Square_fa fa-sign-out")): Object: 'Object Repository/1612427/14_Hide_PinPosts/Page_Town Square - minus Mattermost/i_Pinned Posts in Town Square_fa fa-sign-out' is clicked on

2020-06-05 18:28:37 - [TEST_STEP][PASSED] - click(findTestObject("Object Repository/1612427/14_Hide_PinPosts/Page_Town Square - minus Mattermost/i_Pinned Posts in Town Square_fa fa-sign-out")): Object: 'Object Repository/1612427/14_Hide_PinPosts/Page_Town Square - minus Mattermost/i_Pinned Posts in Town Square_fa fa-sign-out' is clicked on

2020-06-05 18:28:38 - [MESSAGE][PASSED] - Object: 'Object Repository/1612427/14_Hide_PinPosts/Page_Town Square - minus Mattermost/i_Pinned Posts in Town Square_fa fa-sign-out' is clicked on

2020-06-05 18:28:38 - [TEST_STEP][PASSED] - closeBrowser(): Browser is closed

2020-06-05 18:28:42 - [MESSAGE][PASSED] - Browser is closed]]></system-out>
         <system-err><![CDATA[]]></system-err>
      </testcase>
      <testcase name="Test Cases/1612427/15_OpenFlag" time="43.587" classname="Test Cases/1612427/15_OpenFlag" status="PASSED">
         <system-out><![CDATA[2020-06-05 18:28:42 - [TEST_CASE][PASSED] - Test Cases/1612427/15_OpenFlag: Test Cases/1612427/15_OpenFlag

2020-06-05 18:28:43 - [TEST_STEP][PASSED] - openBrowser(""): Browser is opened with url: ''

2020-06-05 18:28:43 - [MESSAGE][INFO] - Starting 'Chrome' driver

2020-06-05 18:28:43 - [MESSAGE][INFO] - Action delay is set to 0 milliseconds

2020-06-05 18:28:49 - [MESSAGE][PASSED] - Browser is opened with url: ''

2020-06-05 18:28:49 - [TEST_STEP][PASSED] - navigateToUrl("http://localhost:8065/reiciendis-0/channels/town-square"): Navigate to 'http://localhost:8065/reiciendis-0/channels/town-square' successfully

2020-06-05 18:28:58 - [MESSAGE][PASSED] - Navigate to 'http://localhost:8065/reiciendis-0/channels/town-square' successfully

2020-06-05 18:28:58 - [TEST_STEP][PASSED] - setText(findTestObject("Object Repository/1612427/15_OpenFlag/Page_Mattermost/input_All team communication in one place s_703ef5"), "hcmus-cdnc"): Text 'hcmus-cdnc' is set on object 'Object Repository/1612427/15_OpenFlag/Page_Mattermost/input_All team communication in one place s_703ef5'

2020-06-05 18:29:05 - [MESSAGE][PASSED] - Text 'hcmus-cdnc' is set on object 'Object Repository/1612427/15_OpenFlag/Page_Mattermost/input_All team communication in one place s_703ef5'

2020-06-05 18:29:05 - [TEST_STEP][PASSED] - setEncryptedText(findTestObject("Object Repository/1612427/15_OpenFlag/Page_Mattermost/input_All team communication in one place s_2f2733"), "aeHFOx8jV/A="): Text ****** has been set on object 'Object Repository/1612427/15_OpenFlag/Page_Mattermost/input_All team communication in one place s_2f2733'

2020-06-05 18:29:09 - [MESSAGE][PASSED] - Text ****** has been set on object 'Object Repository/1612427/15_OpenFlag/Page_Mattermost/input_All team communication in one place s_2f2733'

2020-06-05 18:29:09 - [TEST_STEP][PASSED] - click(findTestObject("Object Repository/1612427/15_OpenFlag/Page_Mattermost/span_Sign in")): Object: 'Object Repository/1612427/15_OpenFlag/Page_Mattermost/span_Sign in' is clicked on

2020-06-05 18:29:11 - [MESSAGE][PASSED] - Object: 'Object Repository/1612427/15_OpenFlag/Page_Mattermost/span_Sign in' is clicked on

2020-06-05 18:29:11 - [TEST_STEP][PASSED] - click(findTestObject("Object Repository/1612427/15_OpenFlag/Page_Town Square - minus Mattermost/svg")): Object: 'Object Repository/1612427/15_OpenFlag/Page_Town Square - minus Mattermost/svg' is clicked on

2020-06-05 18:29:21 - [MESSAGE][PASSED] - Object: 'Object Repository/1612427/15_OpenFlag/Page_Town Square - minus Mattermost/svg' is clicked on

2020-06-05 18:29:21 - [TEST_STEP][PASSED] - if (findTestObject("Object Repository/1612427/15_OpenFlag/Page_Town Square - minus Mattermost/i_Flagged Posts_fa fa-sign-out")): Object: 'Object Repository/1612427/15_OpenFlag/Page_Town Square - minus Mattermost/i_Flagged Posts_fa fa-sign-out' is clicked on

2020-06-05 18:29:21 - [TEST_STEP][PASSED] - click(findTestObject("Object Repository/1612427/15_OpenFlag/Page_Town Square - minus Mattermost/i_Flagged Posts_fa fa-sign-out")): Object: 'Object Repository/1612427/15_OpenFlag/Page_Town Square - minus Mattermost/i_Flagged Posts_fa fa-sign-out' is clicked on

2020-06-05 18:29:23 - [MESSAGE][PASSED] - Object: 'Object Repository/1612427/15_OpenFlag/Page_Town Square - minus Mattermost/i_Flagged Posts_fa fa-sign-out' is clicked on

2020-06-05 18:29:23 - [TEST_STEP][PASSED] - closeBrowser(): Browser is closed

2020-06-05 18:29:26 - [MESSAGE][PASSED] - Browser is closed]]></system-out>
         <system-err><![CDATA[]]></system-err>
      </testcase>
      <testcase name="Test Cases/1612427/16_AssignPermission" time="43.963" classname="Test Cases/1612427/16_AssignPermission" status="PASSED">
         <system-out><![CDATA[2020-06-05 18:29:26 - [TEST_CASE][PASSED] - Test Cases/1612427/16_AssignPermission: Test Cases/1612427/16_AssignPermission

2020-06-05 18:29:27 - [TEST_STEP][PASSED] - openBrowser(""): Browser is opened with url: ''

2020-06-05 18:29:27 - [MESSAGE][INFO] - Starting 'Chrome' driver

2020-06-05 18:29:27 - [MESSAGE][INFO] - Action delay is set to 0 milliseconds

2020-06-05 18:29:34 - [MESSAGE][PASSED] - Browser is opened with url: ''

2020-06-05 18:29:34 - [TEST_STEP][PASSED] - navigateToUrl("http://localhost:8065/reiciendis-0/channels/town-square"): Navigate to 'http://localhost:8065/reiciendis-0/channels/town-square' successfully

2020-06-05 18:29:41 - [MESSAGE][PASSED] - Navigate to 'http://localhost:8065/reiciendis-0/channels/town-square' successfully

2020-06-05 18:29:41 - [TEST_STEP][PASSED] - setText(findTestObject("Object Repository/1612427/16_AssignPermission/Page_Mattermost/input_All team communication in one place s_703ef5"), "hcmus-cdnc"): Text 'hcmus-cdnc' is set on object 'Object Repository/1612427/16_AssignPermission/Page_Mattermost/input_All team communication in one place s_703ef5'

2020-06-05 18:29:49 - [MESSAGE][PASSED] - Text 'hcmus-cdnc' is set on object 'Object Repository/1612427/16_AssignPermission/Page_Mattermost/input_All team communication in one place s_703ef5'

2020-06-05 18:29:49 - [TEST_STEP][PASSED] - setEncryptedText(findTestObject("Object Repository/1612427/16_AssignPermission/Page_Mattermost/input_All team communication in one place s_2f2733"), "aeHFOx8jV/A="): Text ****** has been set on object 'Object Repository/1612427/16_AssignPermission/Page_Mattermost/input_All team communication in one place s_2f2733'

2020-06-05 18:29:50 - [MESSAGE][PASSED] - Text ****** has been set on object 'Object Repository/1612427/16_AssignPermission/Page_Mattermost/input_All team communication in one place s_2f2733'

2020-06-05 18:29:50 - [TEST_STEP][PASSED] - click(findTestObject("Object Repository/1612427/16_AssignPermission/Page_Mattermost/span_Sign in")): Object: 'Object Repository/1612427/16_AssignPermission/Page_Mattermost/span_Sign in' is clicked on

2020-06-05 18:29:51 - [MESSAGE][PASSED] - Object: 'Object Repository/1612427/16_AssignPermission/Page_Mattermost/span_Sign in' is clicked on

2020-06-05 18:29:51 - [TEST_STEP][PASSED] - click(findTestObject("Object Repository/1612427/16_AssignPermission/Page_Town Square - minus Mattermost/button_hcmus-cdnc_style--none sidebar-heade_0f8da4")): Object: 'Object Repository/1612427/16_AssignPermission/Page_Town Square - minus Mattermost/button_hcmus-cdnc_style--none sidebar-heade_0f8da4' is clicked on

2020-06-05 18:29:59 - [MESSAGE][PASSED] - Object: 'Object Repository/1612427/16_AssignPermission/Page_Town Square - minus Mattermost/button_hcmus-cdnc_style--none sidebar-heade_0f8da4' is clicked on

2020-06-05 18:29:59 - [TEST_STEP][PASSED] - click(findTestObject("Object Repository/1612427/16_AssignPermission/Page_Town Square - minus Mattermost/span_Manage Members")): Object: 'Object Repository/1612427/16_AssignPermission/Page_Town Square - minus Mattermost/span_Manage Members' is clicked on

2020-06-05 18:30:00 - [MESSAGE][PASSED] - Object: 'Object Repository/1612427/16_AssignPermission/Page_Town Square - minus Mattermost/span_Manage Members' is clicked on

2020-06-05 18:30:00 - [TEST_STEP][PASSED] - click(findTestObject("Object Repository/1612427/16_AssignPermission/Page_Town Square - minus Mattermost/span_Member")): Object: 'Object Repository/1612427/16_AssignPermission/Page_Town Square - minus Mattermost/span_Member' is clicked on

2020-06-05 18:30:05 - [MESSAGE][PASSED] - Object: 'Object Repository/1612427/16_AssignPermission/Page_Town Square - minus Mattermost/span_Member' is clicked on

2020-06-05 18:30:05 - [TEST_STEP][PASSED] - switch ("admin"): null

2020-06-05 18:30:05 - [TEST_STEP][PASSED] - case "admin":: null

2020-06-05 18:30:05 - [TEST_STEP][PASSED] - click(findTestObject("Object Repository/1612427/16_AssignPermission/Page_Town Square - minus Mattermost/span_Make Team Admin")): Object: 'Object Repository/1612427/16_AssignPermission/Page_Town Square - minus Mattermost/span_Make Team Admin' is clicked on

2020-06-05 18:30:06 - [MESSAGE][PASSED] - Object: 'Object Repository/1612427/16_AssignPermission/Page_Town Square - minus Mattermost/span_Make Team Admin' is clicked on

2020-06-05 18:30:06 - [TEST_STEP][PASSED] - break: null

2020-06-05 18:30:06 - [TEST_STEP][PASSED] - closeBrowser(): Browser is closed

2020-06-05 18:30:10 - [MESSAGE][PASSED] - Browser is closed]]></system-out>
         <system-err><![CDATA[]]></system-err>
      </testcase>
      <testcase name="Test Cases/1612427/17_SendIcon" time="63.677" classname="Test Cases/1612427/17_SendIcon" status="PASSED">
         <system-out><![CDATA[2020-06-05 18:30:10 - [TEST_CASE][PASSED] - Test Cases/1612427/17_SendIcon: Test Cases/1612427/17_SendIcon

2020-06-05 18:30:11 - [TEST_STEP][PASSED] - openBrowser(""): Browser is opened with url: ''

2020-06-05 18:30:11 - [MESSAGE][INFO] - Starting 'Chrome' driver

2020-06-05 18:30:11 - [MESSAGE][INFO] - Action delay is set to 0 milliseconds

2020-06-05 18:30:16 - [MESSAGE][PASSED] - Browser is opened with url: ''

2020-06-05 18:30:16 - [TEST_STEP][PASSED] - setViewPortSize(1600, 1500): Viewport is set to new size with width = 1600 and height = 1500

2020-06-05 18:30:19 - [MESSAGE][PASSED] - Viewport is set to new size with width = 1600 and height = 1500

2020-06-05 18:30:19 - [TEST_STEP][PASSED] - navigateToUrl("http://localhost:8065/reiciendis-0/channels/town-square"): Navigate to 'http://localhost:8065/reiciendis-0/channels/town-square' successfully

2020-06-05 18:30:25 - [MESSAGE][PASSED] - Navigate to 'http://localhost:8065/reiciendis-0/channels/town-square' successfully

2020-06-05 18:30:25 - [TEST_STEP][PASSED] - setText(findTestObject("Object Repository/1612427/17_SendIcon/Page_Mattermost/input_All team communication in one place s_703ef5"), "hcmus-cdnc"): Text 'hcmus-cdnc' is set on object 'Object Repository/1612427/17_SendIcon/Page_Mattermost/input_All team communication in one place s_703ef5'

2020-06-05 18:30:33 - [MESSAGE][PASSED] - Text 'hcmus-cdnc' is set on object 'Object Repository/1612427/17_SendIcon/Page_Mattermost/input_All team communication in one place s_703ef5'

2020-06-05 18:30:33 - [TEST_STEP][PASSED] - setEncryptedText(findTestObject("Object Repository/1612427/17_SendIcon/Page_Mattermost/input_All team communication in one place s_2f2733"), "aeHFOx8jV/A="): Text ****** has been set on object 'Object Repository/1612427/17_SendIcon/Page_Mattermost/input_All team communication in one place s_2f2733'

2020-06-05 18:30:34 - [MESSAGE][PASSED] - Text ****** has been set on object 'Object Repository/1612427/17_SendIcon/Page_Mattermost/input_All team communication in one place s_2f2733'

2020-06-05 18:30:34 - [TEST_STEP][PASSED] - click(findTestObject("Object Repository/1612427/17_SendIcon/Page_Mattermost/span_Sign in")): Object: 'Object Repository/1612427/17_SendIcon/Page_Mattermost/span_Sign in' is clicked on

2020-06-05 18:30:37 - [MESSAGE][PASSED] - Object: 'Object Repository/1612427/17_SendIcon/Page_Mattermost/span_Sign in' is clicked on

2020-06-05 18:30:37 - [TEST_STEP][PASSED] - click(findTestObject("Object Repository/1612427/17_SendIcon/Page_Town Square - minus Mattermost/svg")): Object: 'Object Repository/1612427/17_SendIcon/Page_Town Square - minus Mattermost/svg' is clicked on

2020-06-05 18:30:46 - [MESSAGE][PASSED] - Object: 'Object Repository/1612427/17_SendIcon/Page_Town Square - minus Mattermost/svg' is clicked on

2020-06-05 18:30:46 - [TEST_STEP][PASSED] - switch (":smile:"): null

2020-06-05 18:30:46 - [TEST_STEP][PASSED] - case ":smile:":: null

2020-06-05 18:30:46 - [TEST_STEP][PASSED] - click(findTestObject("Object Repository/1612427/17_SendIcon/Page_Town Square - minus Mattermost/img_People_emoji-1f600")): Object: 'Object Repository/1612427/17_SendIcon/Page_Town Square - minus Mattermost/img_People_emoji-1f600' is clicked on

2020-06-05 18:31:01 - [MESSAGE][PASSED] - Object: 'Object Repository/1612427/17_SendIcon/Page_Town Square - minus Mattermost/img_People_emoji-1f600' is clicked on

2020-06-05 18:31:01 - [TEST_STEP][PASSED] - break: null

2020-06-05 18:31:01 - [TEST_STEP][PASSED] - click(findTestObject("Object Repository/1612427/17_SendIcon/Page_Town Square - minus Mattermost/div_Beginning of Town SquareWelcome to Town_3f9c18")): Object: 'Object Repository/1612427/17_SendIcon/Page_Town Square - minus Mattermost/div_Beginning of Town SquareWelcome to Town_3f9c18' is clicked on

2020-06-05 18:31:05 - [MESSAGE][PASSED] - Object: 'Object Repository/1612427/17_SendIcon/Page_Town Square - minus Mattermost/div_Beginning of Town SquareWelcome to Town_3f9c18' is clicked on

2020-06-05 18:31:05 - [TEST_STEP][PASSED] - closeBrowser(): Browser is closed

2020-06-05 18:31:14 - [MESSAGE][PASSED] - Browser is closed]]></system-out>
         <system-err><![CDATA[]]></system-err>
      </testcase>
      <testcase name="Test Cases/1612427/18_SwitchChannel" time="52.891" classname="Test Cases/1612427/18_SwitchChannel" status="PASSED">
         <system-out><![CDATA[2020-06-05 18:31:14 - [TEST_CASE][PASSED] - Test Cases/1612427/18_SwitchChannel: Test Cases/1612427/18_SwitchChannel

2020-06-05 18:31:15 - [TEST_STEP][PASSED] - openBrowser(""): Browser is opened with url: ''

2020-06-05 18:31:15 - [MESSAGE][INFO] - Starting 'Chrome' driver

2020-06-05 18:31:15 - [MESSAGE][INFO] - Action delay is set to 0 milliseconds

2020-06-05 18:31:20 - [MESSAGE][PASSED] - Browser is opened with url: ''

2020-06-05 18:31:20 - [TEST_STEP][PASSED] - navigateToUrl("http://localhost:8065/reiciendis-0/channels/town-square"): Navigate to 'http://localhost:8065/reiciendis-0/channels/town-square' successfully

2020-06-05 18:31:27 - [MESSAGE][PASSED] - Navigate to 'http://localhost:8065/reiciendis-0/channels/town-square' successfully

2020-06-05 18:31:27 - [TEST_STEP][PASSED] - setText(findTestObject("Object Repository/1612427/18_SwitchChannel/Page_Mattermost/input_All team communication in one place s_703ef5"), "hcmus-cdnc"): Text 'hcmus-cdnc' is set on object 'Object Repository/1612427/18_SwitchChannel/Page_Mattermost/input_All team communication in one place s_703ef5'

2020-06-05 18:31:36 - [MESSAGE][PASSED] - Text 'hcmus-cdnc' is set on object 'Object Repository/1612427/18_SwitchChannel/Page_Mattermost/input_All team communication in one place s_703ef5'

2020-06-05 18:31:36 - [TEST_STEP][PASSED] - setEncryptedText(findTestObject("Object Repository/1612427/18_SwitchChannel/Page_Mattermost/input_All team communication in one place s_2f2733"), "aeHFOx8jV/A="): Text ****** has been set on object 'Object Repository/1612427/18_SwitchChannel/Page_Mattermost/input_All team communication in one place s_2f2733'

2020-06-05 18:31:37 - [MESSAGE][PASSED] - Text ****** has been set on object 'Object Repository/1612427/18_SwitchChannel/Page_Mattermost/input_All team communication in one place s_2f2733'

2020-06-05 18:31:37 - [TEST_STEP][PASSED] - click(findTestObject("Object Repository/1612427/18_SwitchChannel/Page_Mattermost/span_Sign in")): Object: 'Object Repository/1612427/18_SwitchChannel/Page_Mattermost/span_Sign in' is clicked on

2020-06-05 18:31:38 - [MESSAGE][PASSED] - Object: 'Object Repository/1612427/18_SwitchChannel/Page_Mattermost/span_Sign in' is clicked on

2020-06-05 18:31:38 - [TEST_STEP][PASSED] - switch ("Town Square"): null

2020-06-05 18:31:38 - [TEST_STEP][PASSED] - case "Town Square":: null

2020-06-05 18:31:38 - [TEST_STEP][PASSED] - click(findTestObject("Object Repository/1612427/18_SwitchChannel/Page_Town Square - minus Mattermost/span_Off-Topic")): Object: 'Object Repository/1612427/18_SwitchChannel/Page_Town Square - minus Mattermost/span_Off-Topic' is clicked on

2020-06-05 18:31:48 - [MESSAGE][PASSED] - Object: 'Object Repository/1612427/18_SwitchChannel/Page_Town Square - minus Mattermost/span_Off-Topic' is clicked on

2020-06-05 18:31:48 - [TEST_STEP][PASSED] - break: null

2020-06-05 18:31:48 - [TEST_STEP][PASSED] - closeBrowser(): Browser is closed

2020-06-05 18:32:07 - [MESSAGE][PASSED] - Browser is closed]]></system-out>
         <system-err><![CDATA[]]></system-err>
      </testcase>
      <testcase name="Test Cases/1612427/19_InvitePeople" time="48.197" classname="Test Cases/1612427/19_InvitePeople" status="PASSED">
         <system-out><![CDATA[2020-06-05 18:32:07 - [TEST_CASE][PASSED] - Test Cases/1612427/19_InvitePeople: Test Cases/1612427/19_InvitePeople

2020-06-05 18:32:08 - [TEST_STEP][PASSED] - openBrowser(""): Browser is opened with url: ''

2020-06-05 18:32:08 - [MESSAGE][INFO] - Starting 'Chrome' driver

2020-06-05 18:32:08 - [MESSAGE][INFO] - Action delay is set to 0 milliseconds

2020-06-05 18:32:13 - [MESSAGE][PASSED] - Browser is opened with url: ''

2020-06-05 18:32:13 - [TEST_STEP][PASSED] - navigateToUrl("http://localhost:8065/reiciendis-0/channels/town-square"): Navigate to 'http://localhost:8065/reiciendis-0/channels/town-square' successfully

2020-06-05 18:32:19 - [MESSAGE][PASSED] - Navigate to 'http://localhost:8065/reiciendis-0/channels/town-square' successfully

2020-06-05 18:32:19 - [TEST_STEP][PASSED] - setText(findTestObject("Object Repository/1612427/19_InvitePeople/Page_Mattermost/input_All team communication in one place s_703ef5"), "hcmus-cdnc"): Text 'hcmus-cdnc' is set on object 'Object Repository/1612427/19_InvitePeople/Page_Mattermost/input_All team communication in one place s_703ef5'

2020-06-05 18:32:30 - [MESSAGE][PASSED] - Text 'hcmus-cdnc' is set on object 'Object Repository/1612427/19_InvitePeople/Page_Mattermost/input_All team communication in one place s_703ef5'

2020-06-05 18:32:30 - [TEST_STEP][PASSED] - setEncryptedText(findTestObject("Object Repository/1612427/19_InvitePeople/Page_Mattermost/input_All team communication in one place s_2f2733"), "aeHFOx8jV/A="): Text ****** has been set on object 'Object Repository/1612427/19_InvitePeople/Page_Mattermost/input_All team communication in one place s_2f2733'

2020-06-05 18:32:31 - [MESSAGE][PASSED] - Text ****** has been set on object 'Object Repository/1612427/19_InvitePeople/Page_Mattermost/input_All team communication in one place s_2f2733'

2020-06-05 18:32:31 - [TEST_STEP][PASSED] - click(findTestObject("Object Repository/1612427/19_InvitePeople/Page_Mattermost/span_Sign in")): Object: 'Object Repository/1612427/19_InvitePeople/Page_Mattermost/span_Sign in' is clicked on

2020-06-05 18:32:32 - [MESSAGE][PASSED] - Object: 'Object Repository/1612427/19_InvitePeople/Page_Mattermost/span_Sign in' is clicked on

2020-06-05 18:32:32 - [TEST_STEP][PASSED] - click(findTestObject("Object Repository/1612427/19_InvitePeople/Page_Town Square - minus Mattermost/svg")): Object: 'Object Repository/1612427/19_InvitePeople/Page_Town Square - minus Mattermost/svg' is clicked on

2020-06-05 18:32:41 - [MESSAGE][PASSED] - Object: 'Object Repository/1612427/19_InvitePeople/Page_Town Square - minus Mattermost/svg' is clicked on

2020-06-05 18:32:41 - [TEST_STEP][PASSED] - click(findTestObject("Object Repository/1612427/19_InvitePeople/Page_Town Square - minus Mattermost/span_Invite People")): Object: 'Object Repository/1612427/19_InvitePeople/Page_Town Square - minus Mattermost/span_Invite People' is clicked on

2020-06-05 18:32:43 - [MESSAGE][PASSED] - Object: 'Object Repository/1612427/19_InvitePeople/Page_Town Square - minus Mattermost/span_Invite People' is clicked on

2020-06-05 18:32:43 - [TEST_STEP][PASSED] - click(findTestObject("Object Repository/1612427/19_InvitePeople/Page_Town Square - minus Mattermost/div_Add members")): Object: 'Object Repository/1612427/19_InvitePeople/Page_Town Square - minus Mattermost/div_Add members' is clicked on

2020-06-05 18:32:45 - [MESSAGE][PASSED] - Object: 'Object Repository/1612427/19_InvitePeople/Page_Town Square - minus Mattermost/div_Add members' is clicked on

2020-06-05 18:32:45 - [TEST_STEP][PASSED] - members = ["Nghiem", "Loc", "Thien", "Nhat"]: null

2020-06-05 18:32:45 - [TEST_STEP][PASSED] - for (String name : members): null

2020-06-05 18:32:45 - [TEST_STEP][PASSED] - switch (name): null

2020-06-05 18:32:45 - [TEST_STEP][PASSED] - case "Nghiem":: null

2020-06-05 18:32:45 - [TEST_STEP][PASSED] - setText(findTestObject("Object Repository/1612427/19_InvitePeople/Page_Town Square - minus Mattermost/input_Add members_react-select-2-input"), name): Text 'Nghiem' is set on object 'Object Repository/1612427/19_InvitePeople/Page_Town Square - minus Mattermost/input_Add members_react-select-2-input'

2020-06-05 18:32:48 - [MESSAGE][PASSED] - Text 'Nghiem' is set on object 'Object Repository/1612427/19_InvitePeople/Page_Town Square - minus Mattermost/input_Add members_react-select-2-input'

2020-06-05 18:32:48 - [TEST_STEP][PASSED] - break: null

2020-06-05 18:32:48 - [TEST_STEP][PASSED] - switch (name): null

2020-06-05 18:32:48 - [TEST_STEP][PASSED] - case "Loc":: null

2020-06-05 18:32:48 - [TEST_STEP][PASSED] - setText(findTestObject("Object Repository/1612427/19_InvitePeople/Page_Town Square - minus Mattermost/input_Add members_react-select-2-input"), "Loc"): Text 'Loc' is set on object 'Object Repository/1612427/19_InvitePeople/Page_Town Square - minus Mattermost/input_Add members_react-select-2-input'

2020-06-05 18:32:51 - [MESSAGE][PASSED] - Text 'Loc' is set on object 'Object Repository/1612427/19_InvitePeople/Page_Town Square - minus Mattermost/input_Add members_react-select-2-input'

2020-06-05 18:32:51 - [TEST_STEP][PASSED] - break: null

2020-06-05 18:32:51 - [TEST_STEP][PASSED] - switch (name): null

2020-06-05 18:32:51 - [TEST_STEP][PASSED] - case "Thien":: null

2020-06-05 18:32:51 - [TEST_STEP][PASSED] - setText(findTestObject("Object Repository/1612427/19_InvitePeople/Page_Town Square - minus Mattermost/input_Add members_react-select-2-input"), "Thien"): Text 'Thien' is set on object 'Object Repository/1612427/19_InvitePeople/Page_Town Square - minus Mattermost/input_Add members_react-select-2-input'

2020-06-05 18:32:53 - [MESSAGE][PASSED] - Text 'Thien' is set on object 'Object Repository/1612427/19_InvitePeople/Page_Town Square - minus Mattermost/input_Add members_react-select-2-input'

2020-06-05 18:32:53 - [TEST_STEP][PASSED] - break: null

2020-06-05 18:32:53 - [TEST_STEP][PASSED] - switch (name): null

2020-06-05 18:32:53 - [TEST_STEP][PASSED] - closeBrowser(): Browser is closed

2020-06-05 18:32:55 - [MESSAGE][PASSED] - Browser is closed]]></system-out>
         <system-err><![CDATA[]]></system-err>
      </testcase>
      <testcase name="Test Cases/1612427/20_SearchMessage" time="56.253" classname="Test Cases/1612427/20_SearchMessage" status="PASSED">
         <system-out><![CDATA[2020-06-05 18:32:55 - [TEST_CASE][PASSED] - Test Cases/1612427/20_SearchMessage: Test Cases/1612427/20_SearchMessage

2020-06-05 18:32:57 - [TEST_STEP][PASSED] - openBrowser(""): Browser is opened with url: ''

2020-06-05 18:32:57 - [MESSAGE][INFO] - Starting 'Chrome' driver

2020-06-05 18:32:57 - [MESSAGE][INFO] - Action delay is set to 0 milliseconds

2020-06-05 18:33:02 - [MESSAGE][PASSED] - Browser is opened with url: ''

2020-06-05 18:33:02 - [TEST_STEP][PASSED] - setViewPortSize(1600, 1500): Viewport is set to new size with width = 1600 and height = 1500

2020-06-05 18:33:04 - [MESSAGE][PASSED] - Viewport is set to new size with width = 1600 and height = 1500

2020-06-05 18:33:04 - [TEST_STEP][PASSED] - navigateToUrl("http://localhost:8065/reiciendis-0/channels/town-square"): Navigate to 'http://localhost:8065/reiciendis-0/channels/town-square' successfully

2020-06-05 18:33:12 - [MESSAGE][PASSED] - Navigate to 'http://localhost:8065/reiciendis-0/channels/town-square' successfully

2020-06-05 18:33:12 - [TEST_STEP][PASSED] - setText(findTestObject("Object Repository/1612427/20_Search_Message/Page_Mattermost/input_All team communication in one place s_703ef5"), "hcmus-cdnc"): Text 'hcmus-cdnc' is set on object 'Object Repository/1612427/20_Search_Message/Page_Mattermost/input_All team communication in one place s_703ef5'

2020-06-05 18:33:19 - [MESSAGE][PASSED] - Text 'hcmus-cdnc' is set on object 'Object Repository/1612427/20_Search_Message/Page_Mattermost/input_All team communication in one place s_703ef5'

2020-06-05 18:33:19 - [TEST_STEP][PASSED] - setEncryptedText(findTestObject("Object Repository/1612427/20_Search_Message/Page_Mattermost/input_All team communication in one place s_2f2733"), "aeHFOx8jV/A="): Text ****** has been set on object 'Object Repository/1612427/20_Search_Message/Page_Mattermost/input_All team communication in one place s_2f2733'

2020-06-05 18:33:20 - [MESSAGE][PASSED] - Text ****** has been set on object 'Object Repository/1612427/20_Search_Message/Page_Mattermost/input_All team communication in one place s_2f2733'

2020-06-05 18:33:20 - [TEST_STEP][PASSED] - click(findTestObject("Object Repository/1612427/20_Search_Message/Page_Mattermost/span_Sign in")): Object: 'Object Repository/1612427/20_Search_Message/Page_Mattermost/span_Sign in' is clicked on

2020-06-05 18:33:21 - [MESSAGE][PASSED] - Object: 'Object Repository/1612427/20_Search_Message/Page_Mattermost/span_Sign in' is clicked on

2020-06-05 18:33:21 - [TEST_STEP][PASSED] - keys = ["nghiem", "son"]: null

2020-06-05 18:33:21 - [TEST_STEP][PASSED] - for (String key : keys): null

2020-06-05 18:33:21 - [TEST_STEP][PASSED] - switch ("from"): null

2020-06-05 18:33:21 - [TEST_STEP][PASSED] - case "from":: null

2020-06-05 18:33:21 - [TEST_STEP][PASSED] - setText(findTestObject("Object Repository/1612427/20_Search_Message/Page_Town Square - minus Mattermost/input_(Edit)_searchBox"), "from: ".concat(key)): Text 'from: nghiem' is set on object 'Object Repository/1612427/20_Search_Message/Page_Town Square - minus Mattermost/input_(Edit)_searchBox'

2020-06-05 18:33:34 - [MESSAGE][PASSED] - Text 'from: nghiem' is set on object 'Object Repository/1612427/20_Search_Message/Page_Town Square - minus Mattermost/input_(Edit)_searchBox'

2020-06-05 18:33:34 - [TEST_STEP][PASSED] - sendKeys(findTestObject("Object Repository/1612427/20_Search_Message/Page_Town Square - minus Mattermost/input_(Edit)_searchBox"), Keys.chord(ENTER)): Keys 'ENTER + ' sent to object: 'Object Repository/1612427/20_Search_Message/Page_Town Square - minus Mattermost/input_(Edit)_searchBox'

2020-06-05 18:33:36 - [MESSAGE][PASSED] - Keys 'ENTER + ' sent to object: 'Object Repository/1612427/20_Search_Message/Page_Town Square - minus Mattermost/input_(Edit)_searchBox'

2020-06-05 18:33:36 - [TEST_STEP][PASSED] - break: null

2020-06-05 18:33:36 - [TEST_STEP][PASSED] - switch ("from"): null

2020-06-05 18:33:36 - [TEST_STEP][PASSED] - case "from":: null

2020-06-05 18:33:36 - [TEST_STEP][PASSED] - setText(findTestObject("Object Repository/1612427/20_Search_Message/Page_Town Square - minus Mattermost/input_(Edit)_searchBox"), "from: ".concat(key)): Text 'from: son' is set on object 'Object Repository/1612427/20_Search_Message/Page_Town Square - minus Mattermost/input_(Edit)_searchBox'

2020-06-05 18:33:42 - [MESSAGE][PASSED] - Text 'from: son' is set on object 'Object Repository/1612427/20_Search_Message/Page_Town Square - minus Mattermost/input_(Edit)_searchBox'

2020-06-05 18:33:42 - [TEST_STEP][PASSED] - sendKeys(findTestObject("Object Repository/1612427/20_Search_Message/Page_Town Square - minus Mattermost/input_(Edit)_searchBox"), Keys.chord(ENTER)): Keys 'ENTER + ' sent to object: 'Object Repository/1612427/20_Search_Message/Page_Town Square - minus Mattermost/input_(Edit)_searchBox'

2020-06-05 18:33:44 - [MESSAGE][PASSED] - Keys 'ENTER + ' sent to object: 'Object Repository/1612427/20_Search_Message/Page_Town Square - minus Mattermost/input_(Edit)_searchBox'

2020-06-05 18:33:44 - [TEST_STEP][PASSED] - break: null

2020-06-05 18:33:44 - [TEST_STEP][PASSED] - closeBrowser(): Browser is closed

2020-06-05 18:33:51 - [MESSAGE][PASSED] - Browser is closed]]></system-out>
         <system-err><![CDATA[]]></system-err>
      </testcase>
      <testcase name="Test Cases/1612567/21_CommentChannel" time="92.07" classname="Test Cases/1612567/21_CommentChannel" status="PASSED">
         <system-out><![CDATA[2020-06-05 18:33:51 - [TEST_CASE][PASSED] - Test Cases/1612567/21_CommentChannel: Test Cases/1612567/21_CommentChannel

2020-06-05 18:33:52 - [TEST_STEP][PASSED] - openBrowser(""): Browser is opened with url: ''

2020-06-05 18:33:52 - [MESSAGE][INFO] - Starting 'Chrome' driver

2020-06-05 18:33:52 - [MESSAGE][INFO] - Action delay is set to 0 milliseconds

2020-06-05 18:33:57 - [MESSAGE][PASSED] - Browser is opened with url: ''

2020-06-05 18:33:57 - [TEST_STEP][PASSED] - navigateToUrl("http://localhost:8065/login"): Navigate to 'http://localhost:8065/login' successfully

2020-06-05 18:34:03 - [MESSAGE][PASSED] - Navigate to 'http://localhost:8065/login' successfully

2020-06-05 18:34:03 - [TEST_STEP][PASSED] - setText(findTestObject("Object Repository/1612567/21_CommentChannel/Page_Mattermost/input_All team communication in one place s_703ef5"), "hcmus-cdnc"): Text 'hcmus-cdnc' is set on object 'Object Repository/1612567/21_CommentChannel/Page_Mattermost/input_All team communication in one place s_703ef5'

2020-06-05 18:34:07 - [MESSAGE][PASSED] - Text 'hcmus-cdnc' is set on object 'Object Repository/1612567/21_CommentChannel/Page_Mattermost/input_All team communication in one place s_703ef5'

2020-06-05 18:34:07 - [TEST_STEP][PASSED] - setEncryptedText(findTestObject("Object Repository/1612567/21_CommentChannel/Page_Mattermost/input_All team communication in one place s_2f2733"), "aeHFOx8jV/A="): Text ****** has been set on object 'Object Repository/1612567/21_CommentChannel/Page_Mattermost/input_All team communication in one place s_2f2733'

2020-06-05 18:34:09 - [MESSAGE][PASSED] - Text ****** has been set on object 'Object Repository/1612567/21_CommentChannel/Page_Mattermost/input_All team communication in one place s_2f2733'

2020-06-05 18:34:09 - [TEST_STEP][PASSED] - sendKeys(findTestObject("Object Repository/1612567/21_CommentChannel/Page_Mattermost/input_All team communication in one place s_2f2733"), Keys.chord(ENTER)): Keys 'ENTER + ' sent to object: 'Object Repository/1612567/21_CommentChannel/Page_Mattermost/input_All team communication in one place s_2f2733'

2020-06-05 18:34:10 - [MESSAGE][PASSED] - Keys 'ENTER + ' sent to object: 'Object Repository/1612567/21_CommentChannel/Page_Mattermost/input_All team communication in one place s_2f2733'

2020-06-05 18:34:10 - [TEST_STEP][PASSED] - messages = ["Hi, I'm newbie", "Thanks", "Good morning!", "Shhh!"]: null

2020-06-05 18:34:10 - [TEST_STEP][PASSED] - for (String message : messages): Keys 'ENTER + ' sent to object: 'Object Repository/1612567/21_CommentChannel/Page_Town Square - eligendi Mattermost/textarea_Hi Im Nghie'

2020-06-05 18:34:10 - [TEST_STEP][PASSED] - setText(findTestObject("Object Repository/1612567/21_CommentChannel/Page_Town Square - eligendi Mattermost/textarea_Hi Im Nghie"), message): Text 'Hi, I'm newbie' is set on object 'Object Repository/1612567/21_CommentChannel/Page_Town Square - eligendi Mattermost/textarea_Hi Im Nghie'

2020-06-05 18:34:37 - [MESSAGE][PASSED] - Text 'Hi, I'm newbie' is set on object 'Object Repository/1612567/21_CommentChannel/Page_Town Square - eligendi Mattermost/textarea_Hi Im Nghie'

2020-06-05 18:34:37 - [TEST_STEP][PASSED] - sendKeys(findTestObject("Object Repository/1612567/21_CommentChannel/Page_Town Square - eligendi Mattermost/textarea_Hi Im Nghie"), Keys.chord(ENTER)): Keys 'ENTER + ' sent to object: 'Object Repository/1612567/21_CommentChannel/Page_Town Square - eligendi Mattermost/textarea_Hi Im Nghie'

2020-06-05 18:34:41 - [MESSAGE][PASSED] - Keys 'ENTER + ' sent to object: 'Object Repository/1612567/21_CommentChannel/Page_Town Square - eligendi Mattermost/textarea_Hi Im Nghie'

2020-06-05 18:34:41 - [TEST_STEP][PASSED] - setText(findTestObject("Object Repository/1612567/21_CommentChannel/Page_Town Square - eligendi Mattermost/textarea_Hi Im Nghie"), message): Text 'Thanks' is set on object 'Object Repository/1612567/21_CommentChannel/Page_Town Square - eligendi Mattermost/textarea_Hi Im Nghie'

2020-06-05 18:34:47 - [MESSAGE][PASSED] - Text 'Thanks' is set on object 'Object Repository/1612567/21_CommentChannel/Page_Town Square - eligendi Mattermost/textarea_Hi Im Nghie'

2020-06-05 18:34:47 - [TEST_STEP][PASSED] - sendKeys(findTestObject("Object Repository/1612567/21_CommentChannel/Page_Town Square - eligendi Mattermost/textarea_Hi Im Nghie"), Keys.chord(ENTER)): Keys 'ENTER + ' sent to object: 'Object Repository/1612567/21_CommentChannel/Page_Town Square - eligendi Mattermost/textarea_Hi Im Nghie'

2020-06-05 18:34:50 - [MESSAGE][PASSED] - Keys 'ENTER + ' sent to object: 'Object Repository/1612567/21_CommentChannel/Page_Town Square - eligendi Mattermost/textarea_Hi Im Nghie'

2020-06-05 18:34:50 - [TEST_STEP][PASSED] - setText(findTestObject("Object Repository/1612567/21_CommentChannel/Page_Town Square - eligendi Mattermost/textarea_Hi Im Nghie"), message): Text 'Good morning!' is set on object 'Object Repository/1612567/21_CommentChannel/Page_Town Square - eligendi Mattermost/textarea_Hi Im Nghie'

2020-06-05 18:34:59 - [MESSAGE][PASSED] - Text 'Good morning!' is set on object 'Object Repository/1612567/21_CommentChannel/Page_Town Square - eligendi Mattermost/textarea_Hi Im Nghie'

2020-06-05 18:34:59 - [TEST_STEP][PASSED] - sendKeys(findTestObject("Object Repository/1612567/21_CommentChannel/Page_Town Square - eligendi Mattermost/textarea_Hi Im Nghie"), Keys.chord(ENTER)): Keys 'ENTER + ' sent to object: 'Object Repository/1612567/21_CommentChannel/Page_Town Square - eligendi Mattermost/textarea_Hi Im Nghie'

2020-06-05 18:35:03 - [MESSAGE][PASSED] - Keys 'ENTER + ' sent to object: 'Object Repository/1612567/21_CommentChannel/Page_Town Square - eligendi Mattermost/textarea_Hi Im Nghie'

2020-06-05 18:35:03 - [TEST_STEP][PASSED] - setText(findTestObject("Object Repository/1612567/21_CommentChannel/Page_Town Square - eligendi Mattermost/textarea_Hi Im Nghie"), message): Text 'Shhh!' is set on object 'Object Repository/1612567/21_CommentChannel/Page_Town Square - eligendi Mattermost/textarea_Hi Im Nghie'

2020-06-05 18:35:08 - [MESSAGE][PASSED] - Text 'Shhh!' is set on object 'Object Repository/1612567/21_CommentChannel/Page_Town Square - eligendi Mattermost/textarea_Hi Im Nghie'

2020-06-05 18:35:08 - [TEST_STEP][PASSED] - sendKeys(findTestObject("Object Repository/1612567/21_CommentChannel/Page_Town Square - eligendi Mattermost/textarea_Hi Im Nghie"), Keys.chord(ENTER)): Keys 'ENTER + ' sent to object: 'Object Repository/1612567/21_CommentChannel/Page_Town Square - eligendi Mattermost/textarea_Hi Im Nghie'

2020-06-05 18:35:12 - [MESSAGE][PASSED] - Keys 'ENTER + ' sent to object: 'Object Repository/1612567/21_CommentChannel/Page_Town Square - eligendi Mattermost/textarea_Hi Im Nghie'

2020-06-05 18:35:12 - [TEST_STEP][PASSED] - closeBrowser(): Browser is closed

2020-06-05 18:35:23 - [MESSAGE][PASSED] - Browser is closed]]></system-out>
         <system-err><![CDATA[]]></system-err>
      </testcase>
      <testcase name="Test Cases/1612567/22_DirectMessage" time="70.762" classname="Test Cases/1612567/22_DirectMessage" status="PASSED">
         <system-out><![CDATA[2020-06-05 18:35:23 - [TEST_CASE][PASSED] - Test Cases/1612567/22_DirectMessage: Test Cases/1612567/22_DirectMessage

2020-06-05 18:35:24 - [TEST_STEP][PASSED] - openBrowser(""): Browser is opened with url: ''

2020-06-05 18:35:25 - [MESSAGE][INFO] - Starting 'Chrome' driver

2020-06-05 18:35:25 - [MESSAGE][INFO] - Action delay is set to 0 milliseconds

2020-06-05 18:35:30 - [MESSAGE][PASSED] - Browser is opened with url: ''

2020-06-05 18:35:30 - [TEST_STEP][PASSED] - navigateToUrl("http://localhost:8065/login"): Navigate to 'http://localhost:8065/login' successfully

2020-06-05 18:35:35 - [MESSAGE][PASSED] - Navigate to 'http://localhost:8065/login' successfully

2020-06-05 18:35:35 - [TEST_STEP][PASSED] - setText(findTestObject("Object Repository/1612567/22_DirectMessage/Page_Mattermost/input_All team communication in one place s_703ef5"), "hcmus-cdnc"): Text 'hcmus-cdnc' is set on object 'Object Repository/1612567/22_DirectMessage/Page_Mattermost/input_All team communication in one place s_703ef5'

2020-06-05 18:35:39 - [MESSAGE][PASSED] - Text 'hcmus-cdnc' is set on object 'Object Repository/1612567/22_DirectMessage/Page_Mattermost/input_All team communication in one place s_703ef5'

2020-06-05 18:35:39 - [TEST_STEP][PASSED] - setEncryptedText(findTestObject("Object Repository/1612567/22_DirectMessage/Page_Mattermost/input_All team communication in one place s_2f2733"), "aeHFOx8jV/A="): Text ****** has been set on object 'Object Repository/1612567/22_DirectMessage/Page_Mattermost/input_All team communication in one place s_2f2733'

2020-06-05 18:35:40 - [MESSAGE][PASSED] - Text ****** has been set on object 'Object Repository/1612567/22_DirectMessage/Page_Mattermost/input_All team communication in one place s_2f2733'

2020-06-05 18:35:40 - [TEST_STEP][PASSED] - sendKeys(findTestObject("Object Repository/1612567/22_DirectMessage/Page_Mattermost/input_All team communication in one place s_2f2733"), Keys.chord(ENTER)): Keys 'ENTER + ' sent to object: 'Object Repository/1612567/22_DirectMessage/Page_Mattermost/input_All team communication in one place s_2f2733'

2020-06-05 18:35:42 - [MESSAGE][PASSED] - Keys 'ENTER + ' sent to object: 'Object Repository/1612567/22_DirectMessage/Page_Mattermost/input_All team communication in one place s_2f2733'

2020-06-05 18:35:42 - [TEST_STEP][PASSED] - click(findTestObject("Object Repository/1612567/22_DirectMessage/Page_Town Square - eligendi Mattermost/span_")): Object: 'Object Repository/1612567/22_DirectMessage/Page_Town Square - eligendi Mattermost/span_' is clicked on

2020-06-05 18:35:58 - [MESSAGE][PASSED] - Object: 'Object Repository/1612567/22_DirectMessage/Page_Town Square - eligendi Mattermost/span_' is clicked on

2020-06-05 18:35:58 - [TEST_STEP][PASSED] - keys = ["me", "s"]: null

2020-06-05 18:35:58 - [TEST_STEP][PASSED] - for (String key : keys): null

2020-06-05 18:35:58 - [TEST_STEP][PASSED] - setText(findTestObject("Object Repository/1612567/22_DirectMessage/Page_Town Square - eligendi Mattermost/input_Search and add members_react-select-2-input"), key): Text 'me' is set on object 'Object Repository/1612567/22_DirectMessage/Page_Town Square - eligendi Mattermost/input_Search and add members_react-select-2-input'

2020-06-05 18:36:09 - [MESSAGE][PASSED] - Text 'me' is set on object 'Object Repository/1612567/22_DirectMessage/Page_Town Square - eligendi Mattermost/input_Search and add members_react-select-2-input'

2020-06-05 18:36:09 - [TEST_STEP][PASSED] - if (key == "me"): Object: 'Object Repository/1612567/22_DirectMessage/Page_Town Square - eligendi Mattermost/span_aaronmedina - Aaron Medina (Centidel)' is clicked on

2020-06-05 18:36:09 - [TEST_STEP][PASSED] - click(findTestObject("Object Repository/1612567/22_DirectMessage/Page_Town Square - eligendi Mattermost/span_aaronmedina - Aaron Medina (Centidel)")): Object: 'Object Repository/1612567/22_DirectMessage/Page_Town Square - eligendi Mattermost/span_aaronmedina - Aaron Medina (Centidel)' is clicked on

2020-06-05 18:36:13 - [MESSAGE][PASSED] - Object: 'Object Repository/1612567/22_DirectMessage/Page_Town Square - eligendi Mattermost/span_aaronmedina - Aaron Medina (Centidel)' is clicked on

2020-06-05 18:36:13 - [TEST_STEP][PASSED] - setText(findTestObject("Object Repository/1612567/22_DirectMessage/Page_Town Square - eligendi Mattermost/input_Search and add members_react-select-2-input"), key): Text 's' is set on object 'Object Repository/1612567/22_DirectMessage/Page_Town Square - eligendi Mattermost/input_Search and add members_react-select-2-input'

2020-06-05 18:36:16 - [MESSAGE][PASSED] - Text 's' is set on object 'Object Repository/1612567/22_DirectMessage/Page_Town Square - eligendi Mattermost/input_Search and add members_react-select-2-input'

2020-06-05 18:36:16 - [TEST_STEP][PASSED] - if (key == "me"): null

2020-06-05 18:36:16 - [TEST_STEP][PASSED] - click(findTestObject("Object Repository/1612567/22_DirectMessage/Page_Town Square - eligendi Mattermost/div_aaronpeterson - Aaron Petersonuser-7sam_dd566b")): Object: 'Object Repository/1612567/22_DirectMessage/Page_Town Square - eligendi Mattermost/div_aaronpeterson - Aaron Petersonuser-7sam_dd566b' is clicked on

2020-06-05 18:36:21 - [MESSAGE][PASSED] - Object: 'Object Repository/1612567/22_DirectMessage/Page_Town Square - eligendi Mattermost/div_aaronpeterson - Aaron Petersonuser-7sam_dd566b' is clicked on

2020-06-05 18:36:21 - [TEST_STEP][PASSED] - click(findTestObject("Object Repository/1612567/22_DirectMessage/Page_Town Square - eligendi Mattermost/div_user-36samplemattermostcom_more-modal___2272d4")): Object: 'Object Repository/1612567/22_DirectMessage/Page_Town Square - eligendi Mattermost/div_user-36samplemattermostcom_more-modal___2272d4' is clicked on

2020-06-05 18:36:24 - [MESSAGE][PASSED] - Object: 'Object Repository/1612567/22_DirectMessage/Page_Town Square - eligendi Mattermost/div_user-36samplemattermostcom_more-modal___2272d4' is clicked on

2020-06-05 18:36:24 - [TEST_STEP][PASSED] - click(findTestObject("Object Repository/1612567/22_DirectMessage/Page_Town Square - eligendi Mattermost/button_Go")): Object: 'Object Repository/1612567/22_DirectMessage/Page_Town Square - eligendi Mattermost/button_Go' is clicked on

2020-06-05 18:36:25 - [MESSAGE][PASSED] - Object: 'Object Repository/1612567/22_DirectMessage/Page_Town Square - eligendi Mattermost/button_Go' is clicked on

2020-06-05 18:36:25 - [TEST_STEP][PASSED] - closeBrowser(): Browser is closed

2020-06-05 18:36:34 - [MESSAGE][PASSED] - Browser is closed]]></system-out>
         <system-err><![CDATA[]]></system-err>
      </testcase>
      <testcase name="Test Cases/1612567/23_Set_Domain_Email_SignUp" time="63.461" classname="Test Cases/1612567/23_Set_Domain_Email_SignUp" status="PASSED">
         <system-out><![CDATA[2020-06-05 18:36:34 - [TEST_CASE][PASSED] - Test Cases/1612567/23_Set_Domain_Email_SignUp: Test Cases/1612567/23_Set_Domain_Email_SignUp

2020-06-05 18:36:35 - [TEST_STEP][PASSED] - openBrowser(""): Browser is opened with url: ''

2020-06-05 18:36:35 - [MESSAGE][INFO] - Starting 'Chrome' driver

2020-06-05 18:36:35 - [MESSAGE][INFO] - Action delay is set to 0 milliseconds

2020-06-05 18:36:41 - [MESSAGE][PASSED] - Browser is opened with url: ''

2020-06-05 18:36:41 - [TEST_STEP][PASSED] - navigateToUrl("http://localhost:8065/admin_console"): Navigate to 'http://localhost:8065/admin_console' successfully

2020-06-05 18:36:48 - [MESSAGE][PASSED] - Navigate to 'http://localhost:8065/admin_console' successfully

2020-06-05 18:36:48 - [TEST_STEP][PASSED] - setText(findTestObject("Object Repository/1612567/23_Set_Domain_Email_SignUp/Page_Mattermost/input_All team communication in one place s_703ef5"), "hcmus-cdnc"): Text 'hcmus-cdnc' is set on object 'Object Repository/1612567/23_Set_Domain_Email_SignUp/Page_Mattermost/input_All team communication in one place s_703ef5'

2020-06-05 18:36:57 - [MESSAGE][PASSED] - Text 'hcmus-cdnc' is set on object 'Object Repository/1612567/23_Set_Domain_Email_SignUp/Page_Mattermost/input_All team communication in one place s_703ef5'

2020-06-05 18:36:57 - [TEST_STEP][PASSED] - setEncryptedText(findTestObject("Object Repository/1612567/23_Set_Domain_Email_SignUp/Page_Mattermost/input_All team communication in one place s_2f2733"), "aeHFOx8jV/A="): Text ****** has been set on object 'Object Repository/1612567/23_Set_Domain_Email_SignUp/Page_Mattermost/input_All team communication in one place s_2f2733'

2020-06-05 18:36:59 - [MESSAGE][PASSED] - Text ****** has been set on object 'Object Repository/1612567/23_Set_Domain_Email_SignUp/Page_Mattermost/input_All team communication in one place s_2f2733'

2020-06-05 18:36:59 - [TEST_STEP][PASSED] - click(findTestObject("Object Repository/1612567/23_Set_Domain_Email_SignUp/Page_Mattermost/span_Sign in")): Object: 'Object Repository/1612567/23_Set_Domain_Email_SignUp/Page_Mattermost/span_Sign in' is clicked on

2020-06-05 18:37:00 - [MESSAGE][PASSED] - Object: 'Object Repository/1612567/23_Set_Domain_Email_SignUp/Page_Mattermost/span_Sign in' is clicked on

2020-06-05 18:37:00 - [TEST_STEP][PASSED] - setText(findTestObject("Object Repository/1612567/23_Set_Domain_Email_SignUp/Page_System Console - Mattermost/input_hcmus-cdnc_adminSidebarFilter"), "sign"): Text 'sign' is set on object 'Object Repository/1612567/23_Set_Domain_Email_SignUp/Page_System Console - Mattermost/input_hcmus-cdnc_adminSidebarFilter'

2020-06-05 18:37:09 - [MESSAGE][PASSED] - Text 'sign' is set on object 'Object Repository/1612567/23_Set_Domain_Email_SignUp/Page_System Console - Mattermost/input_hcmus-cdnc_adminSidebarFilter'

2020-06-05 18:37:09 - [TEST_STEP][PASSED] - click(findTestObject("Object Repository/1612567/23_Set_Domain_Email_SignUp/Page_System Console - Mattermost/mark_Signup")): Object: 'Object Repository/1612567/23_Set_Domain_Email_SignUp/Page_System Console - Mattermost/mark_Signup' is clicked on

2020-06-05 18:37:10 - [MESSAGE][PASSED] - Object: 'Object Repository/1612567/23_Set_Domain_Email_SignUp/Page_System Console - Mattermost/mark_Signup' is clicked on

2020-06-05 18:37:10 - [TEST_STEP][PASSED] - domains = ["gmail.com ", "outlook.com ", "microsoft.com ", "yahoo.com"]: null

2020-06-05 18:37:10 - [TEST_STEP][PASSED] - tmp = "": null

2020-06-05 18:37:10 - [TEST_STEP][PASSED] - for (String domain : domains): Text 'gmail.com outlook.com microsoft.com yahoo.com' is set on object 'Object Repository/1612567/23_Set_Domain_Email_SignUp/Page_System Console - Mattermost/input_Restrict account creation to specifie_31c344'

2020-06-05 18:37:10 - [TEST_STEP][PASSED] - tmp += domain: null

2020-06-05 18:37:10 - [TEST_STEP][PASSED] - setText(findTestObject("Object Repository/1612567/23_Set_Domain_Email_SignUp/Page_System Console - Mattermost/input_Restrict account creation to specifie_31c344"), tmp): Text 'gmail.com ' is set on object 'Object Repository/1612567/23_Set_Domain_Email_SignUp/Page_System Console - Mattermost/input_Restrict account creation to specifie_31c344'

2020-06-05 18:37:13 - [MESSAGE][PASSED] - Text 'gmail.com ' is set on object 'Object Repository/1612567/23_Set_Domain_Email_SignUp/Page_System Console - Mattermost/input_Restrict account creation to specifie_31c344'

2020-06-05 18:37:13 - [TEST_STEP][PASSED] - tmp += domain: null

2020-06-05 18:37:13 - [TEST_STEP][PASSED] - setText(findTestObject("Object Repository/1612567/23_Set_Domain_Email_SignUp/Page_System Console - Mattermost/input_Restrict account creation to specifie_31c344"), tmp): Text 'gmail.com outlook.com ' is set on object 'Object Repository/1612567/23_Set_Domain_Email_SignUp/Page_System Console - Mattermost/input_Restrict account creation to specifie_31c344'

2020-06-05 18:37:17 - [MESSAGE][PASSED] - Text 'gmail.com outlook.com ' is set on object 'Object Repository/1612567/23_Set_Domain_Email_SignUp/Page_System Console - Mattermost/input_Restrict account creation to specifie_31c344'

2020-06-05 18:37:17 - [TEST_STEP][PASSED] - tmp += domain: null

2020-06-05 18:37:17 - [TEST_STEP][PASSED] - setText(findTestObject("Object Repository/1612567/23_Set_Domain_Email_SignUp/Page_System Console - Mattermost/input_Restrict account creation to specifie_31c344"), tmp): Text 'gmail.com outlook.com microsoft.com ' is set on object 'Object Repository/1612567/23_Set_Domain_Email_SignUp/Page_System Console - Mattermost/input_Restrict account creation to specifie_31c344'

2020-06-05 18:37:24 - [MESSAGE][PASSED] - Text 'gmail.com outlook.com microsoft.com ' is set on object 'Object Repository/1612567/23_Set_Domain_Email_SignUp/Page_System Console - Mattermost/input_Restrict account creation to specifie_31c344'

2020-06-05 18:37:24 - [TEST_STEP][PASSED] - tmp += domain: null

2020-06-05 18:37:24 - [TEST_STEP][PASSED] - setText(findTestObject("Object Repository/1612567/23_Set_Domain_Email_SignUp/Page_System Console - Mattermost/input_Restrict account creation to specifie_31c344"), tmp): Text 'gmail.com outlook.com microsoft.com yahoo.com' is set on object 'Object Repository/1612567/23_Set_Domain_Email_SignUp/Page_System Console - Mattermost/input_Restrict account creation to specifie_31c344'

2020-06-05 18:37:33 - [MESSAGE][PASSED] - Text 'gmail.com outlook.com microsoft.com yahoo.com' is set on object 'Object Repository/1612567/23_Set_Domain_Email_SignUp/Page_System Console - Mattermost/input_Restrict account creation to specifie_31c344'

2020-06-05 18:37:33 - [TEST_STEP][PASSED] - click(findTestObject("Object Repository/1612567/23_Set_Domain_Email_SignUp/Page_System Console - Mattermost/span_Save")): Object: 'Object Repository/1612567/23_Set_Domain_Email_SignUp/Page_System Console - Mattermost/span_Save' is clicked on

2020-06-05 18:37:35 - [MESSAGE][PASSED] - Object: 'Object Repository/1612567/23_Set_Domain_Email_SignUp/Page_System Console - Mattermost/span_Save' is clicked on

2020-06-05 18:37:35 - [TEST_STEP][PASSED] - closeBrowser(): Browser is closed

2020-06-05 18:37:38 - [MESSAGE][PASSED] - Browser is closed]]></system-out>
         <system-err><![CDATA[]]></system-err>
      </testcase>
      <testcase name="Test Cases/1612567/24_Setting_Searching" time="63.078" classname="Test Cases/1612567/24_Setting_Searching" status="PASSED">
         <system-out><![CDATA[2020-06-05 18:37:38 - [TEST_CASE][PASSED] - Test Cases/1612567/24_Setting_Searching: Test Cases/1612567/24_Setting_Searching

2020-06-05 18:37:38 - [TEST_STEP][PASSED] - openBrowser(""): Browser is opened with url: ''

2020-06-05 18:37:39 - [MESSAGE][INFO] - Starting 'Chrome' driver

2020-06-05 18:37:39 - [MESSAGE][INFO] - Action delay is set to 0 milliseconds

2020-06-05 18:37:43 - [MESSAGE][PASSED] - Browser is opened with url: ''

2020-06-05 18:37:43 - [TEST_STEP][PASSED] - navigateToUrl("http://localhost:8065/admin_console"): Navigate to 'http://localhost:8065/admin_console' successfully

2020-06-05 18:37:48 - [MESSAGE][PASSED] - Navigate to 'http://localhost:8065/admin_console' successfully

2020-06-05 18:37:48 - [TEST_STEP][PASSED] - setText(findTestObject("1612567/24_Setting_Searching/Page_Mattermost/input_All team communication in one place s_703ef5"), "hcmus-cdnc"): Text 'hcmus-cdnc' is set on object 'Object Repository/1612567/24_Setting_Searching/Page_Mattermost/input_All team communication in one place s_703ef5'

2020-06-05 18:37:53 - [MESSAGE][PASSED] - Text 'hcmus-cdnc' is set on object 'Object Repository/1612567/24_Setting_Searching/Page_Mattermost/input_All team communication in one place s_703ef5'

2020-06-05 18:37:53 - [TEST_STEP][PASSED] - setEncryptedText(findTestObject("1612567/24_Setting_Searching/Page_Mattermost/input_All team communication in one place s_2f2733"), "aeHFOx8jV/A="): Text ****** has been set on object 'Object Repository/1612567/24_Setting_Searching/Page_Mattermost/input_All team communication in one place s_2f2733'

2020-06-05 18:37:55 - [MESSAGE][PASSED] - Text ****** has been set on object 'Object Repository/1612567/24_Setting_Searching/Page_Mattermost/input_All team communication in one place s_2f2733'

2020-06-05 18:37:55 - [TEST_STEP][PASSED] - click(findTestObject("1612567/24_Setting_Searching/Page_Mattermost/span_Sign in")): Object: 'Object Repository/1612567/24_Setting_Searching/Page_Mattermost/span_Sign in' is clicked on

2020-06-05 18:37:56 - [MESSAGE][PASSED] - Object: 'Object Repository/1612567/24_Setting_Searching/Page_Mattermost/span_Sign in' is clicked on

2020-06-05 18:37:56 - [TEST_STEP][PASSED] - keys = ["password", "sign", "database", "dev", "user"]: null

2020-06-05 18:37:56 - [TEST_STEP][PASSED] - for (String key : keys): Keys 'ENTER + ' sent to object: 'Object Repository/1612567/24_Setting_Searching/Page_System Console - Mattermost/input_hcmus-cdnc_adminSidebarFilter'

2020-06-05 18:37:56 - [TEST_STEP][PASSED] - setText(findTestObject("1612567/24_Setting_Searching/Page_System Console - Mattermost/input_hcmus-cdnc_adminSidebarFilter"), key): Text 'password' is set on object 'Object Repository/1612567/24_Setting_Searching/Page_System Console - Mattermost/input_hcmus-cdnc_adminSidebarFilter'

2020-06-05 18:38:05 - [MESSAGE][PASSED] - Text 'password' is set on object 'Object Repository/1612567/24_Setting_Searching/Page_System Console - Mattermost/input_hcmus-cdnc_adminSidebarFilter'

2020-06-05 18:38:05 - [TEST_STEP][PASSED] - sendKeys(findTestObject("1612567/24_Setting_Searching/Page_System Console - Mattermost/input_hcmus-cdnc_adminSidebarFilter"), Keys.chord(ENTER)): Keys 'ENTER + ' sent to object: 'Object Repository/1612567/24_Setting_Searching/Page_System Console - Mattermost/input_hcmus-cdnc_adminSidebarFilter'

2020-06-05 18:38:05 - [MESSAGE][PASSED] - Keys 'ENTER + ' sent to object: 'Object Repository/1612567/24_Setting_Searching/Page_System Console - Mattermost/input_hcmus-cdnc_adminSidebarFilter'

2020-06-05 18:38:05 - [TEST_STEP][PASSED] - setText(findTestObject("1612567/24_Setting_Searching/Page_System Console - Mattermost/input_hcmus-cdnc_adminSidebarFilter"), key): Text 'sign' is set on object 'Object Repository/1612567/24_Setting_Searching/Page_System Console - Mattermost/input_hcmus-cdnc_adminSidebarFilter'

2020-06-05 18:38:07 - [MESSAGE][PASSED] - Text 'sign' is set on object 'Object Repository/1612567/24_Setting_Searching/Page_System Console - Mattermost/input_hcmus-cdnc_adminSidebarFilter'

2020-06-05 18:38:07 - [TEST_STEP][PASSED] - sendKeys(findTestObject("1612567/24_Setting_Searching/Page_System Console - Mattermost/input_hcmus-cdnc_adminSidebarFilter"), Keys.chord(ENTER)): Keys 'ENTER + ' sent to object: 'Object Repository/1612567/24_Setting_Searching/Page_System Console - Mattermost/input_hcmus-cdnc_adminSidebarFilter'

2020-06-05 18:38:08 - [MESSAGE][PASSED] - Keys 'ENTER + ' sent to object: 'Object Repository/1612567/24_Setting_Searching/Page_System Console - Mattermost/input_hcmus-cdnc_adminSidebarFilter'

2020-06-05 18:38:08 - [TEST_STEP][PASSED] - setText(findTestObject("1612567/24_Setting_Searching/Page_System Console - Mattermost/input_hcmus-cdnc_adminSidebarFilter"), key): Text 'database' is set on object 'Object Repository/1612567/24_Setting_Searching/Page_System Console - Mattermost/input_hcmus-cdnc_adminSidebarFilter'

2020-06-05 18:38:12 - [MESSAGE][PASSED] - Text 'database' is set on object 'Object Repository/1612567/24_Setting_Searching/Page_System Console - Mattermost/input_hcmus-cdnc_adminSidebarFilter'

2020-06-05 18:38:12 - [TEST_STEP][PASSED] - sendKeys(findTestObject("1612567/24_Setting_Searching/Page_System Console - Mattermost/input_hcmus-cdnc_adminSidebarFilter"), Keys.chord(ENTER)): Keys 'ENTER + ' sent to object: 'Object Repository/1612567/24_Setting_Searching/Page_System Console - Mattermost/input_hcmus-cdnc_adminSidebarFilter'

2020-06-05 18:38:13 - [MESSAGE][PASSED] - Keys 'ENTER + ' sent to object: 'Object Repository/1612567/24_Setting_Searching/Page_System Console - Mattermost/input_hcmus-cdnc_adminSidebarFilter'

2020-06-05 18:38:13 - [TEST_STEP][PASSED] - setText(findTestObject("1612567/24_Setting_Searching/Page_System Console - Mattermost/input_hcmus-cdnc_adminSidebarFilter"), key): Text 'dev' is set on object 'Object Repository/1612567/24_Setting_Searching/Page_System Console - Mattermost/input_hcmus-cdnc_adminSidebarFilter'

2020-06-05 18:38:15 - [MESSAGE][PASSED] - Text 'dev' is set on object 'Object Repository/1612567/24_Setting_Searching/Page_System Console - Mattermost/input_hcmus-cdnc_adminSidebarFilter'

2020-06-05 18:38:15 - [TEST_STEP][PASSED] - sendKeys(findTestObject("1612567/24_Setting_Searching/Page_System Console - Mattermost/input_hcmus-cdnc_adminSidebarFilter"), Keys.chord(ENTER)): Keys 'ENTER + ' sent to object: 'Object Repository/1612567/24_Setting_Searching/Page_System Console - Mattermost/input_hcmus-cdnc_adminSidebarFilter'

2020-06-05 18:38:17 - [MESSAGE][PASSED] - Keys 'ENTER + ' sent to object: 'Object Repository/1612567/24_Setting_Searching/Page_System Console - Mattermost/input_hcmus-cdnc_adminSidebarFilter'

2020-06-05 18:38:17 - [TEST_STEP][PASSED] - setText(findTestObject("1612567/24_Setting_Searching/Page_System Console - Mattermost/input_hcmus-cdnc_adminSidebarFilter"), key): Text 'user' is set on object 'Object Repository/1612567/24_Setting_Searching/Page_System Console - Mattermost/input_hcmus-cdnc_adminSidebarFilter'

2020-06-05 18:38:20 - [MESSAGE][PASSED] - Text 'user' is set on object 'Object Repository/1612567/24_Setting_Searching/Page_System Console - Mattermost/input_hcmus-cdnc_adminSidebarFilter'

2020-06-05 18:38:20 - [TEST_STEP][PASSED] - sendKeys(findTestObject("1612567/24_Setting_Searching/Page_System Console - Mattermost/input_hcmus-cdnc_adminSidebarFilter"), Keys.chord(ENTER)): Keys 'ENTER + ' sent to object: 'Object Repository/1612567/24_Setting_Searching/Page_System Console - Mattermost/input_hcmus-cdnc_adminSidebarFilter'

2020-06-05 18:38:22 - [MESSAGE][PASSED] - Keys 'ENTER + ' sent to object: 'Object Repository/1612567/24_Setting_Searching/Page_System Console - Mattermost/input_hcmus-cdnc_adminSidebarFilter'

2020-06-05 18:38:22 - [TEST_STEP][PASSED] - closeBrowser(): Browser is closed

2020-06-05 18:38:41 - [MESSAGE][PASSED] - Browser is closed]]></system-out>
         <system-err><![CDATA[]]></system-err>
      </testcase>
      <testcase name="Test Cases/1612567/25_CORS_Setting" time="71.787" classname="Test Cases/1612567/25_CORS_Setting" status="PASSED">
         <system-out><![CDATA[2020-06-05 18:38:41 - [TEST_CASE][PASSED] - Test Cases/1612567/25_CORS_Setting: Test Cases/1612567/25_CORS_Setting

2020-06-05 18:38:42 - [TEST_STEP][PASSED] - openBrowser(""): Browser is opened with url: ''

2020-06-05 18:38:42 - [MESSAGE][INFO] - Starting 'Chrome' driver

2020-06-05 18:38:42 - [MESSAGE][INFO] - Action delay is set to 0 milliseconds

2020-06-05 18:38:48 - [MESSAGE][PASSED] - Browser is opened with url: ''

2020-06-05 18:38:48 - [TEST_STEP][PASSED] - navigateToUrl("http://localhost:8065/admin_console"): Navigate to 'http://localhost:8065/admin_console' successfully

2020-06-05 18:38:54 - [MESSAGE][PASSED] - Navigate to 'http://localhost:8065/admin_console' successfully

2020-06-05 18:38:54 - [TEST_STEP][PASSED] - setText(findTestObject("1612567/25_CORS_Setting/Page_Mattermost/input_All team communication in one place s_703ef5"), "hcmus-cdnc"): Text 'hcmus-cdnc' is set on object 'Object Repository/1612567/25_CORS_Setting/Page_Mattermost/input_All team communication in one place s_703ef5'

2020-06-05 18:39:03 - [MESSAGE][PASSED] - Text 'hcmus-cdnc' is set on object 'Object Repository/1612567/25_CORS_Setting/Page_Mattermost/input_All team communication in one place s_703ef5'

2020-06-05 18:39:03 - [TEST_STEP][PASSED] - setEncryptedText(findTestObject("1612567/25_CORS_Setting/Page_Mattermost/input_All team communication in one place s_2f2733"), "aeHFOx8jV/A="): Text ****** has been set on object 'Object Repository/1612567/25_CORS_Setting/Page_Mattermost/input_All team communication in one place s_2f2733'

2020-06-05 18:39:04 - [MESSAGE][PASSED] - Text ****** has been set on object 'Object Repository/1612567/25_CORS_Setting/Page_Mattermost/input_All team communication in one place s_2f2733'

2020-06-05 18:39:04 - [TEST_STEP][PASSED] - click(findTestObject("1612567/25_CORS_Setting/Page_Mattermost/button_Sign in")): Object: 'Object Repository/1612567/25_CORS_Setting/Page_Mattermost/button_Sign in' is clicked on

2020-06-05 18:39:05 - [MESSAGE][PASSED] - Object: 'Object Repository/1612567/25_CORS_Setting/Page_Mattermost/button_Sign in' is clicked on

2020-06-05 18:39:05 - [TEST_STEP][PASSED] - setText(findTestObject("1612567/25_CORS_Setting/Page_System Console - Mattermost/input_hcmus-cdnc_adminSidebarFilter"), "cor"): Text 'cor' is set on object 'Object Repository/1612567/25_CORS_Setting/Page_System Console - Mattermost/input_hcmus-cdnc_adminSidebarFilter'

2020-06-05 18:39:19 - [MESSAGE][PASSED] - Text 'cor' is set on object 'Object Repository/1612567/25_CORS_Setting/Page_System Console - Mattermost/input_hcmus-cdnc_adminSidebarFilter'

2020-06-05 18:39:19 - [TEST_STEP][PASSED] - click(findTestObject("1612567/25_CORS_Setting/Page_System Console - Mattermost/a_CORS")): Object: 'Object Repository/1612567/25_CORS_Setting/Page_System Console - Mattermost/a_CORS' is clicked on

2020-06-05 18:39:20 - [MESSAGE][PASSED] - Object: 'Object Repository/1612567/25_CORS_Setting/Page_System Console - Mattermost/a_CORS' is clicked on

2020-06-05 18:39:20 - [TEST_STEP][PASSED] - hosts = ["https://facebook.com ", "https://news.com ", "https://mastermost.com ", "http://localhost:3000"]: null

2020-06-05 18:39:20 - [TEST_STEP][PASSED] - tmp = "": null

2020-06-05 18:39:20 - [TEST_STEP][PASSED] - for (String host : hosts): Text 'https://facebook.com https://news.com https://mastermost.com http://localhost:3000' is set on object 'Object Repository/1612567/25_CORS_Setting/Page_System Console - Mattermost/input_Enable cross-origin requests from_Ser_d74bcf'

2020-06-05 18:39:20 - [TEST_STEP][PASSED] - tmp += host: null

2020-06-05 18:39:20 - [TEST_STEP][PASSED] - setText(findTestObject("1612567/25_CORS_Setting/Page_System Console - Mattermost/input_Enable cross-origin requests from_Ser_d74bcf"), tmp): Text 'https://facebook.com ' is set on object 'Object Repository/1612567/25_CORS_Setting/Page_System Console - Mattermost/input_Enable cross-origin requests from_Ser_d74bcf'

2020-06-05 18:39:24 - [MESSAGE][PASSED] - Text 'https://facebook.com ' is set on object 'Object Repository/1612567/25_CORS_Setting/Page_System Console - Mattermost/input_Enable cross-origin requests from_Ser_d74bcf'

2020-06-05 18:39:24 - [TEST_STEP][PASSED] - tmp += host: null

2020-06-05 18:39:24 - [TEST_STEP][PASSED] - setText(findTestObject("1612567/25_CORS_Setting/Page_System Console - Mattermost/input_Enable cross-origin requests from_Ser_d74bcf"), tmp): Text 'https://facebook.com https://news.com ' is set on object 'Object Repository/1612567/25_CORS_Setting/Page_System Console - Mattermost/input_Enable cross-origin requests from_Ser_d74bcf'

2020-06-05 18:39:32 - [MESSAGE][PASSED] - Text 'https://facebook.com https://news.com ' is set on object 'Object Repository/1612567/25_CORS_Setting/Page_System Console - Mattermost/input_Enable cross-origin requests from_Ser_d74bcf'

2020-06-05 18:39:32 - [TEST_STEP][PASSED] - tmp += host: null

2020-06-05 18:39:32 - [TEST_STEP][PASSED] - setText(findTestObject("1612567/25_CORS_Setting/Page_System Console - Mattermost/input_Enable cross-origin requests from_Ser_d74bcf"), tmp): Text 'https://facebook.com https://news.com https://mastermost.com ' is set on object 'Object Repository/1612567/25_CORS_Setting/Page_System Console - Mattermost/input_Enable cross-origin requests from_Ser_d74bcf'

2020-06-05 18:39:40 - [MESSAGE][PASSED] - Text 'https://facebook.com https://news.com https://mastermost.com ' is set on object 'Object Repository/1612567/25_CORS_Setting/Page_System Console - Mattermost/input_Enable cross-origin requests from_Ser_d74bcf'

2020-06-05 18:39:40 - [TEST_STEP][PASSED] - tmp += host: null

2020-06-05 18:39:40 - [TEST_STEP][PASSED] - setText(findTestObject("1612567/25_CORS_Setting/Page_System Console - Mattermost/input_Enable cross-origin requests from_Ser_d74bcf"), tmp): Text 'https://facebook.com https://news.com https://mastermost.com http://localhost:3000' is set on object 'Object Repository/1612567/25_CORS_Setting/Page_System Console - Mattermost/input_Enable cross-origin requests from_Ser_d74bcf'

2020-06-05 18:39:48 - [MESSAGE][PASSED] - Text 'https://facebook.com https://news.com https://mastermost.com http://localhost:3000' is set on object 'Object Repository/1612567/25_CORS_Setting/Page_System Console - Mattermost/input_Enable cross-origin requests from_Ser_d74bcf'

2020-06-05 18:39:48 - [TEST_STEP][PASSED] - click(findTestObject("1612567/25_CORS_Setting/Page_System Console - Mattermost/button_Save")): Object: 'Object Repository/1612567/25_CORS_Setting/Page_System Console - Mattermost/button_Save' is clicked on

2020-06-05 18:39:51 - [MESSAGE][PASSED] - Object: 'Object Repository/1612567/25_CORS_Setting/Page_System Console - Mattermost/button_Save' is clicked on

2020-06-05 18:39:51 - [TEST_STEP][PASSED] - closeBrowser(): Browser is closed

2020-06-05 18:39:53 - [MESSAGE][PASSED] - Browser is closed]]></system-out>
         <system-err><![CDATA[]]></system-err>
      </testcase>
      <testcase name="Test Cases/1612567/26_Call_API_Login" time="6.5" classname="Test Cases/1612567/26_Call_API_Login" status="PASSED">
         <system-out><![CDATA[2020-06-05 18:39:53 - [TEST_CASE][PASSED] - Test Cases/1612567/26_Call_API_Login: Test Cases/1612567/26_Call_API_Login

2020-06-05 18:39:54 - [TEST_STEP][PASSED] - sendRequest(findTestObject("1612567/API TESTING/26_Call_API_Login")): Send request successfully

2020-06-05 18:39:59 - [MESSAGE][INFO] - HAR: C:\Users\XuanNghiem\Katalon Studio\cdnc-homeword02\Reports\20200605_181916\Run all test case\20200605_181916\requests\main\0.har

2020-06-05 18:39:59 - [MESSAGE][PASSED] - Send request successfully]]></system-out>
         <system-err><![CDATA[]]></system-err>
      </testcase>
      <testcase name="Test Cases/1612567/27_Call_API_Channels_Info" time="1.375" classname="Test Cases/1612567/27_Call_API_Channels_Info" status="PASSED">
         <system-out><![CDATA[2020-06-05 18:39:59 - [TEST_CASE][PASSED] - Test Cases/1612567/27_Call_API_Channels_Info: Test Cases/1612567/27_Call_API_Channels_Info

2020-06-05 18:40:00 - [TEST_STEP][PASSED] - sendRequest(findTestObject("1612567/API TESTING/27_Call_API_Channels_Info")): Send request successfully

2020-06-05 18:40:01 - [MESSAGE][INFO] - HAR: C:\Users\XuanNghiem\Katalon Studio\cdnc-homeword02\Reports\20200605_181916\Run all test case\20200605_181916\requests\main\1.har

2020-06-05 18:40:01 - [MESSAGE][PASSED] - Send request successfully]]></system-out>
         <system-err><![CDATA[]]></system-err>
      </testcase>
      <testcase name="Test Cases/1612567/28_Call_API_ChangeName" time="1.291" classname="Test Cases/1612567/28_Call_API_ChangeName" status="PASSED">
         <system-out><![CDATA[2020-06-05 18:40:01 - [TEST_CASE][PASSED] - Test Cases/1612567/28_Call_API_ChangeName: Test Cases/1612567/28_Call_API_ChangeName

2020-06-05 18:40:01 - [TEST_STEP][PASSED] - sendRequest(findTestObject("1612567/API TESTING/28_Call_API_ChangeName")): Send request successfully

2020-06-05 18:40:02 - [MESSAGE][INFO] - HAR: C:\Users\XuanNghiem\Katalon Studio\cdnc-homeword02\Reports\20200605_181916\Run all test case\20200605_181916\requests\main\2.har

2020-06-05 18:40:02 - [MESSAGE][PASSED] - Send request successfully]]></system-out>
         <system-err><![CDATA[]]></system-err>
      </testcase>
      <testcase name="Test Cases/1612567/29_Call_API_ResetPassword" time="1.039" classname="Test Cases/1612567/29_Call_API_ResetPassword" status="PASSED">
         <system-out><![CDATA[2020-06-05 18:40:02 - [TEST_CASE][PASSED] - Test Cases/1612567/29_Call_API_ResetPassword: Test Cases/1612567/29_Call_API_ResetPassword

2020-06-05 18:40:03 - [TEST_STEP][PASSED] - sendRequest(findTestObject("1612567/API TESTING/29_Call_API_ResetPassword")): Send request successfully

2020-06-05 18:40:03 - [MESSAGE][INFO] - HAR: C:\Users\XuanNghiem\Katalon Studio\cdnc-homeword02\Reports\20200605_181916\Run all test case\20200605_181916\requests\main\3.har

2020-06-05 18:40:03 - [MESSAGE][PASSED] - Send request successfully]]></system-out>
         <system-err><![CDATA[]]></system-err>
      </testcase>
      <testcase name="Test Cases/1612567/30_Call_API_Set_Permission" time="1.691" classname="Test Cases/1612567/30_Call_API_Set_Permission" status="PASSED">
         <system-out><![CDATA[2020-06-05 18:40:03 - [TEST_CASE][PASSED] - Test Cases/1612567/30_Call_API_Set_Permission: Test Cases/1612567/30_Call_API_Set_Permission

2020-06-05 18:40:04 - [TEST_STEP][PASSED] - sendRequest(findTestObject("1612567/API TESTING/30_Call_API_Set_Permission")): Send request successfully

2020-06-05 18:40:05 - [MESSAGE][INFO] - HAR: C:\Users\XuanNghiem\Katalon Studio\cdnc-homeword02\Reports\20200605_181916\Run all test case\20200605_181916\requests\main\4.har

2020-06-05 18:40:05 - [MESSAGE][PASSED] - Send request successfully]]></system-out>
         <system-err><![CDATA[]]></system-err>
      </testcase>
      <testcase name="Test Cases/1612567/31_Call_API_Search_User" time="1.124" classname="Test Cases/1612567/31_Call_API_Search_User" status="PASSED">
         <system-out><![CDATA[2020-06-05 18:40:05 - [TEST_CASE][PASSED] - Test Cases/1612567/31_Call_API_Search_User: Test Cases/1612567/31_Call_API_Search_User

2020-06-05 18:40:05 - [TEST_STEP][PASSED] - sendRequest(findTestObject("1612567/API TESTING/31_Call_API_Search_User")): Send request successfully

2020-06-05 18:40:06 - [MESSAGE][INFO] - HAR: C:\Users\XuanNghiem\Katalon Studio\cdnc-homeword02\Reports\20200605_181916\Run all test case\20200605_181916\requests\main\5.har

2020-06-05 18:40:06 - [MESSAGE][PASSED] - Send request successfully]]></system-out>
         <system-err><![CDATA[]]></system-err>
      </testcase>
      <testcase name="Test Cases/1612567/32_Call_API_Search_Tokens" time="1.256" classname="Test Cases/1612567/32_Call_API_Search_Tokens" status="PASSED">
         <system-out><![CDATA[2020-06-05 18:40:06 - [TEST_CASE][PASSED] - Test Cases/1612567/32_Call_API_Search_Tokens: Test Cases/1612567/32_Call_API_Search_Tokens

2020-06-05 18:40:07 - [TEST_STEP][PASSED] - sendRequest(findTestObject("1612567/API TESTING/32_Call_API_Search_Tokens")): Send request successfully

2020-06-05 18:40:07 - [MESSAGE][INFO] - HAR: C:\Users\XuanNghiem\Katalon Studio\cdnc-homeword02\Reports\20200605_181916\Run all test case\20200605_181916\requests\main\6.har

2020-06-05 18:40:07 - [MESSAGE][PASSED] - Send request successfully]]></system-out>
         <system-err><![CDATA[]]></system-err>
      </testcase>
      <testcase name="Test Cases/1612567/33_Call_API_Get_Jobs" time="1.225" classname="Test Cases/1612567/33_Call_API_Get_Jobs" status="PASSED">
         <system-out><![CDATA[2020-06-05 18:40:07 - [TEST_CASE][PASSED] - Test Cases/1612567/33_Call_API_Get_Jobs: Test Cases/1612567/33_Call_API_Get_Jobs

2020-06-05 18:40:08 - [TEST_STEP][PASSED] - sendRequest(findTestObject("1612567/API TESTING/33_Call_API_Get_Jobs")): Send request successfully

2020-06-05 18:40:08 - [MESSAGE][INFO] - HAR: C:\Users\XuanNghiem\Katalon Studio\cdnc-homeword02\Reports\20200605_181916\Run all test case\20200605_181916\requests\main\7.har

2020-06-05 18:40:08 - [MESSAGE][PASSED] - Send request successfully]]></system-out>
         <system-err><![CDATA[]]></system-err>
      </testcase>
      <testcase name="Test Cases/1612567/34_Call_API_Create_Job_By_Type" time="1.279" classname="Test Cases/1612567/34_Call_API_Create_Job_By_Type" status="PASSED">
         <system-out><![CDATA[2020-06-05 18:40:08 - [TEST_CASE][PASSED] - Test Cases/1612567/34_Call_API_Create_Job_By_Type: Test Cases/1612567/34_Call_API_Create_Job_By_Type

2020-06-05 18:40:09 - [TEST_STEP][PASSED] - sendRequest(findTestObject("1612567/API TESTING/33_Call_API_Get_Jobs")): Send request successfully

2020-06-05 18:40:10 - [MESSAGE][INFO] - HAR: C:\Users\XuanNghiem\Katalon Studio\cdnc-homeword02\Reports\20200605_181916\Run all test case\20200605_181916\requests\main\8.har

2020-06-05 18:40:10 - [MESSAGE][PASSED] - Send request successfully]]></system-out>
         <system-err><![CDATA[]]></system-err>
      </testcase>
      <testcase name="Test Cases/1612567/35_Call_API_Cancel_Job" time="1.039" classname="Test Cases/1612567/35_Call_API_Cancel_Job" status="PASSED">
         <system-out><![CDATA[2020-06-05 18:40:10 - [TEST_CASE][PASSED] - Test Cases/1612567/35_Call_API_Cancel_Job: Test Cases/1612567/35_Call_API_Cancel_Job

2020-06-05 18:40:11 - [TEST_STEP][PASSED] - sendRequest(findTestObject("1612567/API TESTING/33_Call_API_Get_Jobs")): Send request successfully

2020-06-05 18:40:11 - [MESSAGE][INFO] - HAR: C:\Users\XuanNghiem\Katalon Studio\cdnc-homeword02\Reports\20200605_181916\Run all test case\20200605_181916\requests\main\9.har

2020-06-05 18:40:11 - [MESSAGE][PASSED] - Send request successfully]]></system-out>
         <system-err><![CDATA[]]></system-err>
      </testcase>
      <testcase name="Test Cases/1612893/TC_36_Edit_UserName" time="45.62" classname="Test Cases/1612893/TC_36_Edit_UserName" status="PASSED">
         <system-out><![CDATA[2020-06-05 18:40:11 - [TEST_CASE][PASSED] - Test Cases/1612893/TC_36_Edit_UserName: Test Cases/1612893/TC_36_Edit_UserName

2020-06-05 18:40:12 - [TEST_STEP][PASSED] - openBrowser(""): Browser is opened with url: ''

2020-06-05 18:40:12 - [MESSAGE][INFO] - Starting 'Chrome' driver

2020-06-05 18:40:12 - [MESSAGE][INFO] - Action delay is set to 0 milliseconds

2020-06-05 18:40:17 - [MESSAGE][PASSED] - Browser is opened with url: ''

2020-06-05 18:40:17 - [TEST_STEP][PASSED] - navigateToUrl("http://localhost:8065/login"): Navigate to 'http://localhost:8065/login' successfully

2020-06-05 18:40:24 - [MESSAGE][PASSED] - Navigate to 'http://localhost:8065/login' successfully

2020-06-05 18:40:24 - [TEST_STEP][PASSED] - setText(findTestObject("Object Repository/1612893/36_Edit_UserName/Page_Mattermost/input_All team communication in one place s_703ef5"), "hcmus-cdnc@gmail.com"): Text 'hcmus-cdnc@gmail.com' is set on object 'Object Repository/1612893/36_Edit_UserName/Page_Mattermost/input_All team communication in one place s_703ef5'

2020-06-05 18:40:28 - [MESSAGE][PASSED] - Text 'hcmus-cdnc@gmail.com' is set on object 'Object Repository/1612893/36_Edit_UserName/Page_Mattermost/input_All team communication in one place s_703ef5'

2020-06-05 18:40:28 - [TEST_STEP][PASSED] - setEncryptedText(findTestObject("Object Repository/1612893/36_Edit_UserName/Page_Mattermost/input_All team communication in one place s_2f2733"), "aeHFOx8jV/A="): Text ****** has been set on object 'Object Repository/1612893/36_Edit_UserName/Page_Mattermost/input_All team communication in one place s_2f2733'

2020-06-05 18:40:29 - [MESSAGE][PASSED] - Text ****** has been set on object 'Object Repository/1612893/36_Edit_UserName/Page_Mattermost/input_All team communication in one place s_2f2733'

2020-06-05 18:40:29 - [TEST_STEP][PASSED] - click(findTestObject("Object Repository/1612893/36_Edit_UserName/Page_Mattermost/span_Sign in")): Object: 'Object Repository/1612893/36_Edit_UserName/Page_Mattermost/span_Sign in' is clicked on

2020-06-05 18:40:30 - [MESSAGE][PASSED] - Object: 'Object Repository/1612893/36_Edit_UserName/Page_Mattermost/span_Sign in' is clicked on

2020-06-05 18:40:30 - [TEST_STEP][PASSED] - click(findTestObject("Object Repository/1612893/36_Edit_UserName/Page_Thanh set Channel name - hcmus-cdnc-te_a699a0/span")): Object: 'Object Repository/1612893/36_Edit_UserName/Page_Thanh set Channel name - hcmus-cdnc-te_a699a0/span' is clicked on

2020-06-05 18:40:45 - [MESSAGE][PASSED] - Object: 'Object Repository/1612893/36_Edit_UserName/Page_Thanh set Channel name - hcmus-cdnc-te_a699a0/span' is clicked on

2020-06-05 18:40:45 - [TEST_STEP][PASSED] - click(findTestObject("Object Repository/1612893/36_Edit_UserName/Page_Thanh set Channel name - hcmus-cdnc-te_a699a0/span_Account Settings")): Object: 'Object Repository/1612893/36_Edit_UserName/Page_Thanh set Channel name - hcmus-cdnc-te_a699a0/span_Account Settings' is clicked on

2020-06-05 18:40:48 - [MESSAGE][PASSED] - Object: 'Object Repository/1612893/36_Edit_UserName/Page_Thanh set Channel name - hcmus-cdnc-te_a699a0/span_Account Settings' is clicked on

2020-06-05 18:40:48 - [TEST_STEP][PASSED] - click(findTestObject("Object Repository/1612893/36_Edit_UserName/Page_Thanh set Channel name - hcmus-cdnc-te_a699a0/span_Edit")): Object: 'Object Repository/1612893/36_Edit_UserName/Page_Thanh set Channel name - hcmus-cdnc-te_a699a0/span_Edit' is clicked on

2020-06-05 18:40:50 - [MESSAGE][PASSED] - Object: 'Object Repository/1612893/36_Edit_UserName/Page_Thanh set Channel name - hcmus-cdnc-te_a699a0/span_Edit' is clicked on

2020-06-05 18:40:50 - [TEST_STEP][PASSED] - setText(findTestObject("Object Repository/1612893/36_Edit_UserName/Page_Thanh set Channel name - hcmus-cdnc-te_a699a0/input_Username_username"), userName): Text '' is set on object 'Object Repository/1612893/36_Edit_UserName/Page_Thanh set Channel name - hcmus-cdnc-te_a699a0/input_Username_username'

2020-06-05 18:40:51 - [MESSAGE][PASSED] - Text '' is set on object 'Object Repository/1612893/36_Edit_UserName/Page_Thanh set Channel name - hcmus-cdnc-te_a699a0/input_Username_username'

2020-06-05 18:40:51 - [TEST_STEP][PASSED] - click(findTestObject("Object Repository/1612893/36_Edit_UserName/Page_Thanh set Channel name - hcmus-cdnc-te_a699a0/span_Save")): Object: 'Object Repository/1612893/36_Edit_UserName/Page_Thanh set Channel name - hcmus-cdnc-te_a699a0/span_Save' is clicked on

2020-06-05 18:40:53 - [MESSAGE][PASSED] - Object: 'Object Repository/1612893/36_Edit_UserName/Page_Thanh set Channel name - hcmus-cdnc-te_a699a0/span_Save' is clicked on

2020-06-05 18:40:53 - [TEST_STEP][PASSED] - click(findTestObject("Object Repository/1612893/36_Edit_UserName/Page_Thanh set Channel name - hcmus-cdnc-te_a699a0/span_")): Object: 'Object Repository/1612893/36_Edit_UserName/Page_Thanh set Channel name - hcmus-cdnc-te_a699a0/span_' is clicked on

2020-06-05 18:40:54 - [MESSAGE][PASSED] - Object: 'Object Repository/1612893/36_Edit_UserName/Page_Thanh set Channel name - hcmus-cdnc-te_a699a0/span_' is clicked on

2020-06-05 18:40:54 - [TEST_STEP][PASSED] - closeBrowser(): Browser is closed

2020-06-05 18:40:56 - [MESSAGE][PASSED] - Browser is closed]]></system-out>
         <system-err><![CDATA[]]></system-err>
      </testcase>
      <testcase name="Test Cases/1612893/TC_37_Set_a_header" time="70.754" classname="Test Cases/1612893/TC_37_Set_a_header" status="FAILED">
         <failure type="FAILED" message="Test Cases/1612893/TC_37_Set_a_header FAILED.
Reason:
com.kms.katalon.core.exception.StepFailedException: Unable to click on object 'Object Repository/1612893/37_Set_a_header/Page_Thanh set Channel name - hcmus-cdnc-te_a699a0/button_Set a Header'
	at com.kms.katalon.core.webui.keyword.internal.WebUIKeywordMain.stepFailed(WebUIKeywordMain.groovy:64)
	at com.kms.katalon.core.webui.keyword.internal.WebUIKeywordMain.runKeyword(WebUIKeywordMain.groovy:26)
	at com.kms.katalon.core.webui.keyword.builtin.ClickKeyword.click(ClickKeyword.groovy:76)
	at com.kms.katalon.core.webui.keyword.builtin.ClickKeyword.execute(ClickKeyword.groovy:43)
	at com.kms.katalon.core.keyword.internal.KeywordExecutor.executeKeywordForPlatform(KeywordExecutor.groovy:72)
	at com.kms.katalon.core.webui.keyword.WebUiBuiltInKeywords.click(WebUiBuiltInKeywords.groovy:616)
	at com.kms.katalon.core.webui.keyword.WebUiBuiltInKeywords$click$3.call(Unknown Source)
	at TC_37_Set_a_header.run(TC_37_Set_a_header:32)
	at com.kms.katalon.core.main.ScriptEngine.run(ScriptEngine.java:194)
	at com.kms.katalon.core.main.ScriptEngine.runScriptAsRawText(ScriptEngine.java:119)
	at com.kms.katalon.core.main.TestCaseExecutor.runScript(TestCaseExecutor.java:337)
	at com.kms.katalon.core.main.TestCaseExecutor.doExecute(TestCaseExecutor.java:328)
	at com.kms.katalon.core.main.TestCaseExecutor.processExecutionPhase(TestCaseExecutor.java:307)
	at com.kms.katalon.core.main.TestCaseExecutor.accessMainPhase(TestCaseExecutor.java:299)
	at com.kms.katalon.core.main.TestCaseExecutor.execute(TestCaseExecutor.java:233)
	at com.kms.katalon.core.main.TestSuiteExecutor.accessTestCaseMainPhase(TestSuiteExecutor.java:169)
	at com.kms.katalon.core.main.TestSuiteExecutor.accessTestSuiteMainPhase(TestSuiteExecutor.java:142)
	at com.kms.katalon.core.main.TestSuiteExecutor.execute(TestSuiteExecutor.java:91)
	at com.kms.katalon.core.main.TestCaseMain.startTestSuite(TestCaseMain.java:157)
	at com.kms.katalon.core.main.TestCaseMain$startTestSuite$0.call(Unknown Source)
	at TempTestSuite1591355957104.run(TempTestSuite1591355957104.groovy:37)
Caused by: com.kms.katalon.core.webui.exception.WebElementNotFoundException: Web element with id: 'Object Repository/1612893/37_Set_a_header/Page_Thanh set Channel name - hcmus-cdnc-te_a699a0/button_Set a Header' located by 'By.xpath: //div[@id='channelIntro']/button[2]' not found
	at com.kms.katalon.core.webui.common.WebUiCommonHelper.findWebElement(WebUiCommonHelper.java:1154)
	at com.kms.katalon.core.webui.keyword.internal.WebUIAbstractKeyword.findWebElement(WebUIAbstractKeyword.groovy:27)
	at com.kms.katalon.core.webui.keyword.internal.WebUIAbstractKeyword.findWebElement(WebUIAbstractKeyword.groovy:26)
	at com.kms.katalon.core.webui.keyword.builtin.ClickKeyword$_click_closure1.doCall(ClickKeyword.groovy:67)
	at com.kms.katalon.core.webui.keyword.builtin.ClickKeyword$_click_closure1.call(ClickKeyword.groovy)
	at com.kms.katalon.core.webui.keyword.internal.WebUIKeywordMain.runKeyword(WebUIKeywordMain.groovy:20)
	... 19 more
"/>
         <system-out><![CDATA[2020-06-05 18:40:56 - [TEST_CASE][FAILED] - Test Cases/1612893/TC_37_Set_a_header: Test Cases/1612893/TC_37_Set_a_header FAILED.
Reason:
com.kms.katalon.core.exception.StepFailedException: Unable to click on object 'Object Repository/1612893/37_Set_a_header/Page_Thanh set Channel name - hcmus-cdnc-te_a699a0/button_Set a Header'
	at com.kms.katalon.core.webui.keyword.internal.WebUIKeywordMain.stepFailed(WebUIKeywordMain.groovy:64)
	at com.kms.katalon.core.webui.keyword.internal.WebUIKeywordMain.runKeyword(WebUIKeywordMain.groovy:26)
	at com.kms.katalon.core.webui.keyword.builtin.ClickKeyword.click(ClickKeyword.groovy:76)
	at com.kms.katalon.core.webui.keyword.builtin.ClickKeyword.execute(ClickKeyword.groovy:43)
	at com.kms.katalon.core.keyword.internal.KeywordExecutor.executeKeywordForPlatform(KeywordExecutor.groovy:72)
	at com.kms.katalon.core.webui.keyword.WebUiBuiltInKeywords.click(WebUiBuiltInKeywords.groovy:616)
	at com.kms.katalon.core.webui.keyword.WebUiBuiltInKeywords$click$3.call(Unknown Source)
	at TC_37_Set_a_header.run(TC_37_Set_a_header:32)
	at com.kms.katalon.core.main.ScriptEngine.run(ScriptEngine.java:194)
	at com.kms.katalon.core.main.ScriptEngine.runScriptAsRawText(ScriptEngine.java:119)
	at com.kms.katalon.core.main.TestCaseExecutor.runScript(TestCaseExecutor.java:337)
	at com.kms.katalon.core.main.TestCaseExecutor.doExecute(TestCaseExecutor.java:328)
	at com.kms.katalon.core.main.TestCaseExecutor.processExecutionPhase(TestCaseExecutor.java:307)
	at com.kms.katalon.core.main.TestCaseExecutor.accessMainPhase(TestCaseExecutor.java:299)
	at com.kms.katalon.core.main.TestCaseExecutor.execute(TestCaseExecutor.java:233)
	at com.kms.katalon.core.main.TestSuiteExecutor.accessTestCaseMainPhase(TestSuiteExecutor.java:169)
	at com.kms.katalon.core.main.TestSuiteExecutor.accessTestSuiteMainPhase(TestSuiteExecutor.java:142)
	at com.kms.katalon.core.main.TestSuiteExecutor.execute(TestSuiteExecutor.java:91)
	at com.kms.katalon.core.main.TestCaseMain.startTestSuite(TestCaseMain.java:157)
	at com.kms.katalon.core.main.TestCaseMain$startTestSuite$0.call(Unknown Source)
	at TempTestSuite1591355957104.run(TempTestSuite1591355957104.groovy:37)
Caused by: com.kms.katalon.core.webui.exception.WebElementNotFoundException: Web element with id: 'Object Repository/1612893/37_Set_a_header/Page_Thanh set Channel name - hcmus-cdnc-te_a699a0/button_Set a Header' located by 'By.xpath: //div[@id='channelIntro']/button[2]' not found
	at com.kms.katalon.core.webui.common.WebUiCommonHelper.findWebElement(WebUiCommonHelper.java:1154)
	at com.kms.katalon.core.webui.keyword.internal.WebUIAbstractKeyword.findWebElement(WebUIAbstractKeyword.groovy:27)
	at com.kms.katalon.core.webui.keyword.internal.WebUIAbstractKeyword.findWebElement(WebUIAbstractKeyword.groovy:26)
	at com.kms.katalon.core.webui.keyword.builtin.ClickKeyword$_click_closure1.doCall(ClickKeyword.groovy:67)
	at com.kms.katalon.core.webui.keyword.builtin.ClickKeyword$_click_closure1.call(ClickKeyword.groovy)
	at com.kms.katalon.core.webui.keyword.internal.WebUIKeywordMain.runKeyword(WebUIKeywordMain.groovy:20)
	... 19 more


2020-06-05 18:40:57 - [TEST_STEP][PASSED] - openBrowser(""): Browser is opened with url: ''

2020-06-05 18:40:57 - [MESSAGE][INFO] - Starting 'Chrome' driver

2020-06-05 18:40:57 - [MESSAGE][INFO] - Action delay is set to 0 milliseconds

2020-06-05 18:41:03 - [MESSAGE][PASSED] - Browser is opened with url: ''

2020-06-05 18:41:03 - [TEST_STEP][PASSED] - navigateToUrl("http://localhost:8065/login"): Navigate to 'http://localhost:8065/login' successfully

2020-06-05 18:41:11 - [MESSAGE][PASSED] - Navigate to 'http://localhost:8065/login' successfully

2020-06-05 18:41:11 - [TEST_STEP][PASSED] - setText(findTestObject("Object Repository/1612893/37_Set_a_header/Page_Mattermost/input_All team communication in one place s_703ef5"), "hcmus-cdnc"): Text 'hcmus-cdnc' is set on object 'Object Repository/1612893/37_Set_a_header/Page_Mattermost/input_All team communication in one place s_703ef5'

2020-06-05 18:41:16 - [MESSAGE][PASSED] - Text 'hcmus-cdnc' is set on object 'Object Repository/1612893/37_Set_a_header/Page_Mattermost/input_All team communication in one place s_703ef5'

2020-06-05 18:41:16 - [TEST_STEP][PASSED] - setEncryptedText(findTestObject("Object Repository/1612893/37_Set_a_header/Page_Mattermost/input_All team communication in one place s_2f2733"), "aeHFOx8jV/A="): Text ****** has been set on object 'Object Repository/1612893/37_Set_a_header/Page_Mattermost/input_All team communication in one place s_2f2733'

2020-06-05 18:41:19 - [MESSAGE][PASSED] - Text ****** has been set on object 'Object Repository/1612893/37_Set_a_header/Page_Mattermost/input_All team communication in one place s_2f2733'

2020-06-05 18:41:19 - [TEST_STEP][PASSED] - sendKeys(findTestObject("Object Repository/1612893/37_Set_a_header/Page_Mattermost/input_All team communication in one place s_2f2733"), Keys.chord(ENTER)): Keys 'ENTER + ' sent to object: 'Object Repository/1612893/37_Set_a_header/Page_Mattermost/input_All team communication in one place s_2f2733'

2020-06-05 18:41:19 - [MESSAGE][PASSED] - Keys 'ENTER + ' sent to object: 'Object Repository/1612893/37_Set_a_header/Page_Mattermost/input_All team communication in one place s_2f2733'

2020-06-05 18:41:19 - [TEST_STEP][FAILED] - click(findTestObject("Object Repository/1612893/37_Set_a_header/Page_Thanh set Channel name - hcmus-cdnc-te_a699a0/button_Set a Header")): Unable to click on object 'Object Repository/1612893/37_Set_a_header/Page_Thanh set Channel name - hcmus-cdnc-te_a699a0/button_Set a Header' (Root cause: com.kms.katalon.core.exception.StepFailedException: Unable to click on object 'Object Repository/1612893/37_Set_a_header/Page_Thanh set Channel name - hcmus-cdnc-te_a699a0/button_Set a Header'
	at com.kms.katalon.core.webui.keyword.internal.WebUIKeywordMain.stepFailed(WebUIKeywordMain.groovy:64)
	at com.kms.katalon.core.webui.keyword.internal.WebUIKeywordMain.runKeyword(WebUIKeywordMain.groovy:26)
	at com.kms.katalon.core.webui.keyword.builtin.ClickKeyword.click(ClickKeyword.groovy:76)
	at com.kms.katalon.core.webui.keyword.builtin.ClickKeyword.execute(ClickKeyword.groovy:43)
	at com.kms.katalon.core.keyword.internal.KeywordExecutor.executeKeywordForPlatform(KeywordExecutor.groovy:72)
	at com.kms.katalon.core.webui.keyword.WebUiBuiltInKeywords.click(WebUiBuiltInKeywords.groovy:616)
	at com.kms.katalon.core.webui.keyword.WebUiBuiltInKeywords$click$3.call(Unknown Source)
	at TC_37_Set_a_header.run(TC_37_Set_a_header:32)
	at com.kms.katalon.core.main.ScriptEngine.run(ScriptEngine.java:194)
	at com.kms.katalon.core.main.ScriptEngine.runScriptAsRawText(ScriptEngine.java:119)
	at com.kms.katalon.core.main.TestCaseExecutor.runScript(TestCaseExecutor.java:337)
	at com.kms.katalon.core.main.TestCaseExecutor.doExecute(TestCaseExecutor.java:328)
	at com.kms.katalon.core.main.TestCaseExecutor.processExecutionPhase(TestCaseExecutor.java:307)
	at com.kms.katalon.core.main.TestCaseExecutor.accessMainPhase(TestCaseExecutor.java:299)
	at com.kms.katalon.core.main.TestCaseExecutor.execute(TestCaseExecutor.java:233)
	at com.kms.katalon.core.main.TestSuiteExecutor.accessTestCaseMainPhase(TestSuiteExecutor.java:169)
	at com.kms.katalon.core.main.TestSuiteExecutor.accessTestSuiteMainPhase(TestSuiteExecutor.java:142)
	at com.kms.katalon.core.main.TestSuiteExecutor.execute(TestSuiteExecutor.java:91)
	at com.kms.katalon.core.main.TestCaseMain.startTestSuite(TestCaseMain.java:157)
	at com.kms.katalon.core.main.TestCaseMain$startTestSuite$0.call(Unknown Source)
	at TempTestSuite1591355957104.run(TempTestSuite1591355957104.groovy:37)
Caused by: com.kms.katalon.core.webui.exception.WebElementNotFoundException: Web element with id: 'Object Repository/1612893/37_Set_a_header/Page_Thanh set Channel name - hcmus-cdnc-te_a699a0/button_Set a Header' located by 'By.xpath: //div[@id='channelIntro']/button[2]' not found
	at com.kms.katalon.core.webui.common.WebUiCommonHelper.findWebElement(WebUiCommonHelper.java:1154)
	at com.kms.katalon.core.webui.keyword.internal.WebUIAbstractKeyword.findWebElement(WebUIAbstractKeyword.groovy:27)
	at com.kms.katalon.core.webui.keyword.internal.WebUIAbstractKeyword.findWebElement(WebUIAbstractKeyword.groovy:26)
	at com.kms.katalon.core.webui.keyword.builtin.ClickKeyword$_click_closure1.doCall(ClickKeyword.groovy:67)
	at com.kms.katalon.core.webui.keyword.builtin.ClickKeyword$_click_closure1.call(ClickKeyword.groovy)
	at com.kms.katalon.core.webui.keyword.internal.WebUIKeywordMain.runKeyword(WebUIKeywordMain.groovy:20)
	at com.kms.katalon.core.webui.keyword.builtin.ClickKeyword.click(ClickKeyword.groovy:76)
	at com.kms.katalon.core.webui.keyword.builtin.ClickKeyword.execute(ClickKeyword.groovy:43)
	at com.kms.katalon.core.keyword.internal.KeywordExecutor.executeKeywordForPlatform(KeywordExecutor.groovy:72)
	at com.kms.katalon.core.webui.keyword.WebUiBuiltInKeywords.click(WebUiBuiltInKeywords.groovy:616)
	at com.kms.katalon.core.webui.keyword.WebUiBuiltInKeywords$click$3.call(Unknown Source)
	at Script1591173004583.run(Script1591173004583.groovy:32)
	... 13 more
)

2020-06-05 18:42:03 - [MESSAGE][INFO] - Unable to find the element located by 'By.xpath: //div[@id='channelIntro']/button[2]'. Please recheck the objects properties to make sure the desired element is located. 

2020-06-05 18:42:07 - [MESSAGE][FAILED] - Unable to click on object 'Object Repository/1612893/37_Set_a_header/Page_Thanh set Channel name - hcmus-cdnc-te_a699a0/button_Set a Header' (Root cause: com.kms.katalon.core.exception.StepFailedException: Unable to click on object 'Object Repository/1612893/37_Set_a_header/Page_Thanh set Channel name - hcmus-cdnc-te_a699a0/button_Set a Header'
	at com.kms.katalon.core.webui.keyword.internal.WebUIKeywordMain.stepFailed(WebUIKeywordMain.groovy:64)
	at com.kms.katalon.core.webui.keyword.internal.WebUIKeywordMain.runKeyword(WebUIKeywordMain.groovy:26)
	at com.kms.katalon.core.webui.keyword.builtin.ClickKeyword.click(ClickKeyword.groovy:76)
	at com.kms.katalon.core.webui.keyword.builtin.ClickKeyword.execute(ClickKeyword.groovy:43)
	at com.kms.katalon.core.keyword.internal.KeywordExecutor.executeKeywordForPlatform(KeywordExecutor.groovy:72)
	at com.kms.katalon.core.webui.keyword.WebUiBuiltInKeywords.click(WebUiBuiltInKeywords.groovy:616)
	at com.kms.katalon.core.webui.keyword.WebUiBuiltInKeywords$click$3.call(Unknown Source)
	at TC_37_Set_a_header.run(TC_37_Set_a_header:32)
	at com.kms.katalon.core.main.ScriptEngine.run(ScriptEngine.java:194)
	at com.kms.katalon.core.main.ScriptEngine.runScriptAsRawText(ScriptEngine.java:119)
	at com.kms.katalon.core.main.TestCaseExecutor.runScript(TestCaseExecutor.java:337)
	at com.kms.katalon.core.main.TestCaseExecutor.doExecute(TestCaseExecutor.java:328)
	at com.kms.katalon.core.main.TestCaseExecutor.processExecutionPhase(TestCaseExecutor.java:307)
	at com.kms.katalon.core.main.TestCaseExecutor.accessMainPhase(TestCaseExecutor.java:299)
	at com.kms.katalon.core.main.TestCaseExecutor.execute(TestCaseExecutor.java:233)
	at com.kms.katalon.core.main.TestSuiteExecutor.accessTestCaseMainPhase(TestSuiteExecutor.java:169)
	at com.kms.katalon.core.main.TestSuiteExecutor.accessTestSuiteMainPhase(TestSuiteExecutor.java:142)
	at com.kms.katalon.core.main.TestSuiteExecutor.execute(TestSuiteExecutor.java:91)
	at com.kms.katalon.core.main.TestCaseMain.startTestSuite(TestCaseMain.java:157)
	at com.kms.katalon.core.main.TestCaseMain$startTestSuite$0.call(Unknown Source)
	at TempTestSuite1591355957104.run(TempTestSuite1591355957104.groovy:37)
Caused by: com.kms.katalon.core.webui.exception.WebElementNotFoundException: Web element with id: 'Object Repository/1612893/37_Set_a_header/Page_Thanh set Channel name - hcmus-cdnc-te_a699a0/button_Set a Header' located by 'By.xpath: //div[@id='channelIntro']/button[2]' not found
	at com.kms.katalon.core.webui.common.WebUiCommonHelper.findWebElement(WebUiCommonHelper.java:1154)
	at com.kms.katalon.core.webui.keyword.internal.WebUIAbstractKeyword.findWebElement(WebUIAbstractKeyword.groovy:27)
	at com.kms.katalon.core.webui.keyword.internal.WebUIAbstractKeyword.findWebElement(WebUIAbstractKeyword.groovy:26)
	at com.kms.katalon.core.webui.keyword.builtin.ClickKeyword$_click_closure1.doCall(ClickKeyword.groovy:67)
	at com.kms.katalon.core.webui.keyword.builtin.ClickKeyword$_click_closure1.call(ClickKeyword.groovy)
	at com.kms.katalon.core.webui.keyword.internal.WebUIKeywordMain.runKeyword(WebUIKeywordMain.groovy:20)
	at com.kms.katalon.core.webui.keyword.builtin.ClickKeyword.click(ClickKeyword.groovy:76)
	at com.kms.katalon.core.webui.keyword.builtin.ClickKeyword.execute(ClickKeyword.groovy:43)
	at com.kms.katalon.core.keyword.internal.KeywordExecutor.executeKeywordForPlatform(KeywordExecutor.groovy:72)
	at com.kms.katalon.core.webui.keyword.WebUiBuiltInKeywords.click(WebUiBuiltInKeywords.groovy:616)
	at com.kms.katalon.core.webui.keyword.WebUiBuiltInKeywords$click$3.call(Unknown Source)
	at Script1591173004583.run(Script1591173004583.groovy:32)
	... 13 more
)
[[ATTACHMENT|C:\\Users\\XuanNghiem\\Katalon Studio\\cdnc-homeword02\\Reports\\20200605_181916\\Run all test case\\20200605_181916\\1591357323971.png]]]]></system-out>
         <system-err><![CDATA[2020-06-05 18:40:56 - [TEST_CASE][FAILED] - Test Cases/1612893/TC_37_Set_a_header: Test Cases/1612893/TC_37_Set_a_header FAILED.
Reason:
com.kms.katalon.core.exception.StepFailedException: Unable to click on object 'Object Repository/1612893/37_Set_a_header/Page_Thanh set Channel name - hcmus-cdnc-te_a699a0/button_Set a Header'
	at com.kms.katalon.core.webui.keyword.internal.WebUIKeywordMain.stepFailed(WebUIKeywordMain.groovy:64)
	at com.kms.katalon.core.webui.keyword.internal.WebUIKeywordMain.runKeyword(WebUIKeywordMain.groovy:26)
	at com.kms.katalon.core.webui.keyword.builtin.ClickKeyword.click(ClickKeyword.groovy:76)
	at com.kms.katalon.core.webui.keyword.builtin.ClickKeyword.execute(ClickKeyword.groovy:43)
	at com.kms.katalon.core.keyword.internal.KeywordExecutor.executeKeywordForPlatform(KeywordExecutor.groovy:72)
	at com.kms.katalon.core.webui.keyword.WebUiBuiltInKeywords.click(WebUiBuiltInKeywords.groovy:616)
	at com.kms.katalon.core.webui.keyword.WebUiBuiltInKeywords$click$3.call(Unknown Source)
	at TC_37_Set_a_header.run(TC_37_Set_a_header:32)
	at com.kms.katalon.core.main.ScriptEngine.run(ScriptEngine.java:194)
	at com.kms.katalon.core.main.ScriptEngine.runScriptAsRawText(ScriptEngine.java:119)
	at com.kms.katalon.core.main.TestCaseExecutor.runScript(TestCaseExecutor.java:337)
	at com.kms.katalon.core.main.TestCaseExecutor.doExecute(TestCaseExecutor.java:328)
	at com.kms.katalon.core.main.TestCaseExecutor.processExecutionPhase(TestCaseExecutor.java:307)
	at com.kms.katalon.core.main.TestCaseExecutor.accessMainPhase(TestCaseExecutor.java:299)
	at com.kms.katalon.core.main.TestCaseExecutor.execute(TestCaseExecutor.java:233)
	at com.kms.katalon.core.main.TestSuiteExecutor.accessTestCaseMainPhase(TestSuiteExecutor.java:169)
	at com.kms.katalon.core.main.TestSuiteExecutor.accessTestSuiteMainPhase(TestSuiteExecutor.java:142)
	at com.kms.katalon.core.main.TestSuiteExecutor.execute(TestSuiteExecutor.java:91)
	at com.kms.katalon.core.main.TestCaseMain.startTestSuite(TestCaseMain.java:157)
	at com.kms.katalon.core.main.TestCaseMain$startTestSuite$0.call(Unknown Source)
	at TempTestSuite1591355957104.run(TempTestSuite1591355957104.groovy:37)
Caused by: com.kms.katalon.core.webui.exception.WebElementNotFoundException: Web element with id: 'Object Repository/1612893/37_Set_a_header/Page_Thanh set Channel name - hcmus-cdnc-te_a699a0/button_Set a Header' located by 'By.xpath: //div[@id='channelIntro']/button[2]' not found
	at com.kms.katalon.core.webui.common.WebUiCommonHelper.findWebElement(WebUiCommonHelper.java:1154)
	at com.kms.katalon.core.webui.keyword.internal.WebUIAbstractKeyword.findWebElement(WebUIAbstractKeyword.groovy:27)
	at com.kms.katalon.core.webui.keyword.internal.WebUIAbstractKeyword.findWebElement(WebUIAbstractKeyword.groovy:26)
	at com.kms.katalon.core.webui.keyword.builtin.ClickKeyword$_click_closure1.doCall(ClickKeyword.groovy:67)
	at com.kms.katalon.core.webui.keyword.builtin.ClickKeyword$_click_closure1.call(ClickKeyword.groovy)
	at com.kms.katalon.core.webui.keyword.internal.WebUIKeywordMain.runKeyword(WebUIKeywordMain.groovy:20)
	... 19 more]]></system-err>
      </testcase>
      <testcase name="Test Cases/1612893/TC_38_Rename_Channel" time="64.249" classname="Test Cases/1612893/TC_38_Rename_Channel" status="PASSED">
         <system-out><![CDATA[2020-06-05 18:42:07 - [TEST_CASE][PASSED] - Test Cases/1612893/TC_38_Rename_Channel: Test Cases/1612893/TC_38_Rename_Channel

2020-06-05 18:42:09 - [TEST_STEP][PASSED] - openBrowser(""): Browser is opened with url: ''

2020-06-05 18:42:09 - [MESSAGE][WARNING] - A browser is already opened. Closing browser and opening a new one

2020-06-05 18:42:11 - [MESSAGE][INFO] - Starting 'Chrome' driver

2020-06-05 18:42:11 - [MESSAGE][INFO] - Action delay is set to 0 milliseconds

2020-06-05 18:42:15 - [MESSAGE][PASSED] - Browser is opened with url: ''

2020-06-05 18:42:15 - [TEST_STEP][PASSED] - navigateToUrl("http://localhost:8065/login"): Navigate to 'http://localhost:8065/login' successfully

2020-06-05 18:42:24 - [MESSAGE][PASSED] - Navigate to 'http://localhost:8065/login' successfully

2020-06-05 18:42:24 - [TEST_STEP][PASSED] - setText(findTestObject("Object Repository/1612893/38_Rename_channel/Page_Mattermost/input_All team communication in one place s_703ef5"), "hcmus-cdnc"): Text 'hcmus-cdnc' is set on object 'Object Repository/1612893/38_Rename_channel/Page_Mattermost/input_All team communication in one place s_703ef5'

2020-06-05 18:42:28 - [MESSAGE][PASSED] - Text 'hcmus-cdnc' is set on object 'Object Repository/1612893/38_Rename_channel/Page_Mattermost/input_All team communication in one place s_703ef5'

2020-06-05 18:42:28 - [TEST_STEP][PASSED] - setEncryptedText(findTestObject("Object Repository/1612893/38_Rename_channel/Page_Mattermost/input_All team communication in one place s_2f2733"), "aeHFOx8jV/A="): Text ****** has been set on object 'Object Repository/1612893/38_Rename_channel/Page_Mattermost/input_All team communication in one place s_2f2733'

2020-06-05 18:42:29 - [MESSAGE][PASSED] - Text ****** has been set on object 'Object Repository/1612893/38_Rename_channel/Page_Mattermost/input_All team communication in one place s_2f2733'

2020-06-05 18:42:29 - [TEST_STEP][PASSED] - click(findTestObject("Object Repository/1612893/38_Rename_channel/Page_Mattermost/span_Sign in")): Object: 'Object Repository/1612893/38_Rename_channel/Page_Mattermost/span_Sign in' is clicked on

2020-06-05 18:42:30 - [MESSAGE][PASSED] - Object: 'Object Repository/1612893/38_Rename_channel/Page_Mattermost/span_Sign in' is clicked on

2020-06-05 18:42:30 - [TEST_STEP][PASSED] - click(findTestObject("Object Repository/1612893/38_Rename_channel/Page_Town Square - hcmus-cdnc-team Mattermost/span_Town Square_channelHeaderDropdownIcon")): Object: 'Object Repository/1612893/38_Rename_channel/Page_Town Square - hcmus-cdnc-team Mattermost/span_Town Square_channelHeaderDropdownIcon' is clicked on

2020-06-05 18:42:49 - [MESSAGE][PASSED] - Object: 'Object Repository/1612893/38_Rename_channel/Page_Town Square - hcmus-cdnc-team Mattermost/span_Town Square_channelHeaderDropdownIcon' is clicked on

2020-06-05 18:42:49 - [TEST_STEP][PASSED] - click(findTestObject("Object Repository/1612893/38_Rename_channel/Page_Town Square - hcmus-cdnc-team Mattermost/span_Rename Channel")): Object: 'Object Repository/1612893/38_Rename_channel/Page_Town Square - hcmus-cdnc-team Mattermost/span_Rename Channel' is clicked on

2020-06-05 18:42:51 - [MESSAGE][PASSED] - Object: 'Object Repository/1612893/38_Rename_channel/Page_Town Square - hcmus-cdnc-team Mattermost/span_Rename Channel' is clicked on

2020-06-05 18:42:51 - [TEST_STEP][PASSED] - setText(findTestObject("Object Repository/1612893/38_Rename_channel/Page_Town Square - hcmus-cdnc-team Mattermost/input_Display Name_display_name"), channelName): Text '' is set on object 'Object Repository/1612893/38_Rename_channel/Page_Town Square - hcmus-cdnc-team Mattermost/input_Display Name_display_name'

2020-06-05 18:42:53 - [MESSAGE][PASSED] - Text '' is set on object 'Object Repository/1612893/38_Rename_channel/Page_Town Square - hcmus-cdnc-team Mattermost/input_Display Name_display_name'

2020-06-05 18:42:53 - [TEST_STEP][PASSED] - click(findTestObject("Object Repository/1612893/38_Rename_channel/Page_Town Square - hcmus-cdnc-team Mattermost/span_Save")): Object: 'Object Repository/1612893/38_Rename_channel/Page_Town Square - hcmus-cdnc-team Mattermost/span_Save' is clicked on

2020-06-05 18:42:55 - [MESSAGE][PASSED] - Object: 'Object Repository/1612893/38_Rename_channel/Page_Town Square - hcmus-cdnc-team Mattermost/span_Save' is clicked on

2020-06-05 18:42:55 - [TEST_STEP][PASSED] - closeBrowser(): Browser is closed

2020-06-05 18:43:11 - [MESSAGE][PASSED] - Browser is closed]]></system-out>
         <system-err><![CDATA[]]></system-err>
      </testcase>
      <testcase name="Test Cases/1612893/TC_39_Edit_channel_purpose" time="36.805" classname="Test Cases/1612893/TC_39_Edit_channel_purpose" status="PASSED">
         <system-out><![CDATA[2020-06-05 18:43:11 - [TEST_CASE][PASSED] - Test Cases/1612893/TC_39_Edit_channel_purpose: Test Cases/1612893/TC_39_Edit_channel_purpose

2020-06-05 18:43:12 - [TEST_STEP][PASSED] - openBrowser(""): Browser is opened with url: ''

2020-06-05 18:43:12 - [MESSAGE][INFO] - Starting 'Chrome' driver

2020-06-05 18:43:12 - [MESSAGE][INFO] - Action delay is set to 0 milliseconds

2020-06-05 18:43:17 - [MESSAGE][PASSED] - Browser is opened with url: ''

2020-06-05 18:43:17 - [TEST_STEP][PASSED] - navigateToUrl("http://localhost:8065/login"): Navigate to 'http://localhost:8065/login' successfully

2020-06-05 18:43:23 - [MESSAGE][PASSED] - Navigate to 'http://localhost:8065/login' successfully

2020-06-05 18:43:23 - [TEST_STEP][PASSED] - setText(findTestObject("Object Repository/1612893/39_Edit_channel_purpose/Page_Mattermost/input_All team communication in one place s_703ef5"), "hcmus-cdnc"): Text 'hcmus-cdnc' is set on object 'Object Repository/1612893/39_Edit_channel_purpose/Page_Mattermost/input_All team communication in one place s_703ef5'

2020-06-05 18:43:28 - [MESSAGE][PASSED] - Text 'hcmus-cdnc' is set on object 'Object Repository/1612893/39_Edit_channel_purpose/Page_Mattermost/input_All team communication in one place s_703ef5'

2020-06-05 18:43:28 - [TEST_STEP][PASSED] - setEncryptedText(findTestObject("Object Repository/1612893/39_Edit_channel_purpose/Page_Mattermost/input_All team communication in one place s_2f2733"), "aeHFOx8jV/A="): Text ****** has been set on object 'Object Repository/1612893/39_Edit_channel_purpose/Page_Mattermost/input_All team communication in one place s_2f2733'

2020-06-05 18:43:29 - [MESSAGE][PASSED] - Text ****** has been set on object 'Object Repository/1612893/39_Edit_channel_purpose/Page_Mattermost/input_All team communication in one place s_2f2733'

2020-06-05 18:43:29 - [TEST_STEP][PASSED] - click(findTestObject("Object Repository/1612893/39_Edit_channel_purpose/Page_Mattermost/span_Sign in")): Object: 'Object Repository/1612893/39_Edit_channel_purpose/Page_Mattermost/span_Sign in' is clicked on

2020-06-05 18:43:30 - [MESSAGE][PASSED] - Object: 'Object Repository/1612893/39_Edit_channel_purpose/Page_Mattermost/span_Sign in' is clicked on

2020-06-05 18:43:30 - [TEST_STEP][PASSED] - click(findTestObject("Object Repository/1612893/39_Edit_channel_purpose/Page_Thanh set Channel name - hcmus-cdnc-te_a699a0/span_Thanh set Channel name_channelHeaderDr_8caf36")): Object: 'Object Repository/1612893/39_Edit_channel_purpose/Page_Thanh set Channel name - hcmus-cdnc-te_a699a0/span_Thanh set Channel name_channelHeaderDr_8caf36' is clicked on

2020-06-05 18:43:40 - [MESSAGE][PASSED] - Object: 'Object Repository/1612893/39_Edit_channel_purpose/Page_Thanh set Channel name - hcmus-cdnc-te_a699a0/span_Thanh set Channel name_channelHeaderDr_8caf36' is clicked on

2020-06-05 18:43:40 - [TEST_STEP][PASSED] - click(findTestObject("Object Repository/1612893/39_Edit_channel_purpose/Page_Thanh set Channel name - hcmus-cdnc-te_a699a0/span_Edit Channel Purpose")): Object: 'Object Repository/1612893/39_Edit_channel_purpose/Page_Thanh set Channel name - hcmus-cdnc-te_a699a0/span_Edit Channel Purpose' is clicked on

2020-06-05 18:43:41 - [MESSAGE][PASSED] - Object: 'Object Repository/1612893/39_Edit_channel_purpose/Page_Thanh set Channel name - hcmus-cdnc-te_a699a0/span_Edit Channel Purpose' is clicked on

2020-06-05 18:43:41 - [TEST_STEP][PASSED] - setText(findTestObject("Object Repository/1612893/39_Edit_channel_purpose/Page_Thanh set Channel name - hcmus-cdnc-te_a699a0/textarea_Thanh set Channel name_form-contro_b51f21"), channelPurpose): Text '' is set on object 'Object Repository/1612893/39_Edit_channel_purpose/Page_Thanh set Channel name - hcmus-cdnc-te_a699a0/textarea_Thanh set Channel name_form-contro_b51f21'

2020-06-05 18:43:42 - [MESSAGE][PASSED] - Text '' is set on object 'Object Repository/1612893/39_Edit_channel_purpose/Page_Thanh set Channel name - hcmus-cdnc-te_a699a0/textarea_Thanh set Channel name_form-contro_b51f21'

2020-06-05 18:43:42 - [TEST_STEP][PASSED] - click(findTestObject("Object Repository/1612893/39_Edit_channel_purpose/Page_Thanh set Channel name - hcmus-cdnc-te_a699a0/span_Save")): Object: 'Object Repository/1612893/39_Edit_channel_purpose/Page_Thanh set Channel name - hcmus-cdnc-te_a699a0/span_Save' is clicked on

2020-06-05 18:43:47 - [MESSAGE][PASSED] - Object: 'Object Repository/1612893/39_Edit_channel_purpose/Page_Thanh set Channel name - hcmus-cdnc-te_a699a0/span_Save' is clicked on

2020-06-05 18:43:47 - [TEST_STEP][PASSED] - closeBrowser(): Browser is closed

2020-06-05 18:43:48 - [MESSAGE][PASSED] - Browser is closed]]></system-out>
         <system-err><![CDATA[]]></system-err>
      </testcase>
      <testcase name="Test Cases/1612893/TC_40_Edit_channel_header" time="38.884" classname="Test Cases/1612893/TC_40_Edit_channel_header" status="PASSED">
         <system-out><![CDATA[2020-06-05 18:43:48 - [TEST_CASE][PASSED] - Test Cases/1612893/TC_40_Edit_channel_header: Test Cases/1612893/TC_40_Edit_channel_header

2020-06-05 18:43:49 - [TEST_STEP][PASSED] - openBrowser(""): Browser is opened with url: ''

2020-06-05 18:43:49 - [MESSAGE][INFO] - Starting 'Chrome' driver

2020-06-05 18:43:49 - [MESSAGE][INFO] - Action delay is set to 0 milliseconds

2020-06-05 18:43:54 - [MESSAGE][PASSED] - Browser is opened with url: ''

2020-06-05 18:43:54 - [TEST_STEP][PASSED] - navigateToUrl("http://localhost:8065/login"): Navigate to 'http://localhost:8065/login' successfully

2020-06-05 18:44:00 - [MESSAGE][PASSED] - Navigate to 'http://localhost:8065/login' successfully

2020-06-05 18:44:00 - [TEST_STEP][PASSED] - setText(findTestObject("1612893/40_Edit_channel_header/Page_Mattermost/input_All team communication in one place s_703ef5"), "hcmus-cdnc"): Text 'hcmus-cdnc' is set on object 'Object Repository/1612893/40_Edit_channel_header/Page_Mattermost/input_All team communication in one place s_703ef5'

2020-06-05 18:44:05 - [MESSAGE][PASSED] - Text 'hcmus-cdnc' is set on object 'Object Repository/1612893/40_Edit_channel_header/Page_Mattermost/input_All team communication in one place s_703ef5'

2020-06-05 18:44:05 - [TEST_STEP][PASSED] - setEncryptedText(findTestObject("1612893/40_Edit_channel_header/Page_Mattermost/input_All team communication in one place s_2f2733"), "aeHFOx8jV/A="): Text ****** has been set on object 'Object Repository/1612893/40_Edit_channel_header/Page_Mattermost/input_All team communication in one place s_2f2733'

2020-06-05 18:44:06 - [MESSAGE][PASSED] - Text ****** has been set on object 'Object Repository/1612893/40_Edit_channel_header/Page_Mattermost/input_All team communication in one place s_2f2733'

2020-06-05 18:44:06 - [TEST_STEP][PASSED] - sendKeys(findTestObject("1612893/40_Edit_channel_header/Page_Mattermost/input_All team communication in one place s_2f2733"), Keys.chord(ENTER)): Keys 'ENTER + ' sent to object: 'Object Repository/1612893/40_Edit_channel_header/Page_Mattermost/input_All team communication in one place s_2f2733'

2020-06-05 18:44:07 - [MESSAGE][PASSED] - Keys 'ENTER + ' sent to object: 'Object Repository/1612893/40_Edit_channel_header/Page_Mattermost/input_All team communication in one place s_2f2733'

2020-06-05 18:44:07 - [TEST_STEP][PASSED] - click(findTestObject("1612893/40_Edit_channel_header/Page_Thanh set Channel name - hcmus-cdnc-te_a699a0/span_Thanh set Channel name_channelHeaderDr_8caf36")): Object: 'Object Repository/1612893/40_Edit_channel_header/Page_Thanh set Channel name - hcmus-cdnc-te_a699a0/span_Thanh set Channel name_channelHeaderDr_8caf36' is clicked on

2020-06-05 18:44:18 - [MESSAGE][PASSED] - Object: 'Object Repository/1612893/40_Edit_channel_header/Page_Thanh set Channel name - hcmus-cdnc-te_a699a0/span_Thanh set Channel name_channelHeaderDr_8caf36' is clicked on

2020-06-05 18:44:18 - [TEST_STEP][PASSED] - click(findTestObject("1612893/40_Edit_channel_header/Page_Thanh set Channel name - hcmus-cdnc-te_a699a0/span_Edit Channel Header")): Object: 'Object Repository/1612893/40_Edit_channel_header/Page_Thanh set Channel name - hcmus-cdnc-te_a699a0/span_Edit Channel Header' is clicked on

2020-06-05 18:44:19 - [MESSAGE][PASSED] - Object: 'Object Repository/1612893/40_Edit_channel_header/Page_Thanh set Channel name - hcmus-cdnc-te_a699a0/span_Edit Channel Header' is clicked on

2020-06-05 18:44:19 - [TEST_STEP][PASSED] - setText(findTestObject("1612893/40_Edit_channel_header/Page_Thanh set Channel name - hcmus-cdnc-te_a699a0/textarea_thanh set header"), content): Text '' is set on object 'Object Repository/1612893/40_Edit_channel_header/Page_Thanh set Channel name - hcmus-cdnc-te_a699a0/textarea_thanh set header'

2020-06-05 18:44:22 - [MESSAGE][PASSED] - Text '' is set on object 'Object Repository/1612893/40_Edit_channel_header/Page_Thanh set Channel name - hcmus-cdnc-te_a699a0/textarea_thanh set header'

2020-06-05 18:44:22 - [TEST_STEP][PASSED] - click(findTestObject("1612893/40_Edit_channel_header/Page_Thanh set Channel name - hcmus-cdnc-te_a699a0/span_Save")): Object: 'Object Repository/1612893/40_Edit_channel_header/Page_Thanh set Channel name - hcmus-cdnc-te_a699a0/span_Save' is clicked on

2020-06-05 18:44:24 - [MESSAGE][PASSED] - Object: 'Object Repository/1612893/40_Edit_channel_header/Page_Thanh set Channel name - hcmus-cdnc-te_a699a0/span_Save' is clicked on

2020-06-05 18:44:24 - [TEST_STEP][PASSED] - closeBrowser(): Browser is closed

2020-06-05 18:44:27 - [MESSAGE][PASSED] - Browser is closed]]></system-out>
         <system-err><![CDATA[]]></system-err>
      </testcase>
      <testcase name="Test Cases/1612893/TC_41_CreateTeam" time="68.344" classname="Test Cases/1612893/TC_41_CreateTeam" status="FAILED">
         <failure type="FAILED" message="Test Cases/1612893/TC_41_CreateTeam FAILED.
Reason:
com.kms.katalon.core.exception.StepFailedException: Unable to click on object 'Object Repository/1612893/41_CreateTeam/Page_Thanh set Channel name - hcmus-cdnc-te_a699a0/div_'
	at com.kms.katalon.core.webui.keyword.internal.WebUIKeywordMain.stepFailed(WebUIKeywordMain.groovy:64)
	at com.kms.katalon.core.webui.keyword.internal.WebUIKeywordMain.runKeyword(WebUIKeywordMain.groovy:26)
	at com.kms.katalon.core.webui.keyword.builtin.ClickKeyword.click(ClickKeyword.groovy:76)
	at com.kms.katalon.core.webui.keyword.builtin.ClickKeyword.execute(ClickKeyword.groovy:43)
	at com.kms.katalon.core.keyword.internal.KeywordExecutor.executeKeywordForPlatform(KeywordExecutor.groovy:72)
	at com.kms.katalon.core.webui.keyword.WebUiBuiltInKeywords.click(WebUiBuiltInKeywords.groovy:616)
	at com.kms.katalon.core.webui.keyword.WebUiBuiltInKeywords$click$3.call(Unknown Source)
	at TC_41_CreateTeam.run(TC_41_CreateTeam:31)
	at com.kms.katalon.core.main.ScriptEngine.run(ScriptEngine.java:194)
	at com.kms.katalon.core.main.ScriptEngine.runScriptAsRawText(ScriptEngine.java:119)
	at com.kms.katalon.core.main.TestCaseExecutor.runScript(TestCaseExecutor.java:337)
	at com.kms.katalon.core.main.TestCaseExecutor.doExecute(TestCaseExecutor.java:328)
	at com.kms.katalon.core.main.TestCaseExecutor.processExecutionPhase(TestCaseExecutor.java:307)
	at com.kms.katalon.core.main.TestCaseExecutor.accessMainPhase(TestCaseExecutor.java:299)
	at com.kms.katalon.core.main.TestCaseExecutor.execute(TestCaseExecutor.java:233)
	at com.kms.katalon.core.main.TestSuiteExecutor.accessTestCaseMainPhase(TestSuiteExecutor.java:169)
	at com.kms.katalon.core.main.TestSuiteExecutor.accessTestSuiteMainPhase(TestSuiteExecutor.java:142)
	at com.kms.katalon.core.main.TestSuiteExecutor.execute(TestSuiteExecutor.java:91)
	at com.kms.katalon.core.main.TestCaseMain.startTestSuite(TestCaseMain.java:157)
	at com.kms.katalon.core.main.TestCaseMain$startTestSuite$0.call(Unknown Source)
	at TempTestSuite1591355957104.run(TempTestSuite1591355957104.groovy:37)
Caused by: com.kms.katalon.core.webui.exception.WebElementNotFoundException: Web element with id: 'Object Repository/1612893/41_CreateTeam/Page_Thanh set Channel name - hcmus-cdnc-te_a699a0/div_' located by 'By.xpath: //a[@id='select_teamTeamButton']/div/div/div/div' not found
	at com.kms.katalon.core.webui.common.WebUiCommonHelper.findWebElement(WebUiCommonHelper.java:1154)
	at com.kms.katalon.core.webui.keyword.internal.WebUIAbstractKeyword.findWebElement(WebUIAbstractKeyword.groovy:27)
	at com.kms.katalon.core.webui.keyword.internal.WebUIAbstractKeyword.findWebElement(WebUIAbstractKeyword.groovy:26)
	at com.kms.katalon.core.webui.keyword.builtin.ClickKeyword$_click_closure1.doCall(ClickKeyword.groovy:67)
	at com.kms.katalon.core.webui.keyword.builtin.ClickKeyword$_click_closure1.call(ClickKeyword.groovy)
	at com.kms.katalon.core.webui.keyword.internal.WebUIKeywordMain.runKeyword(WebUIKeywordMain.groovy:20)
	... 19 more
"/>
         <system-out><![CDATA[2020-06-05 18:44:27 - [TEST_CASE][FAILED] - Test Cases/1612893/TC_41_CreateTeam: Test Cases/1612893/TC_41_CreateTeam FAILED.
Reason:
com.kms.katalon.core.exception.StepFailedException: Unable to click on object 'Object Repository/1612893/41_CreateTeam/Page_Thanh set Channel name - hcmus-cdnc-te_a699a0/div_'
	at com.kms.katalon.core.webui.keyword.internal.WebUIKeywordMain.stepFailed(WebUIKeywordMain.groovy:64)
	at com.kms.katalon.core.webui.keyword.internal.WebUIKeywordMain.runKeyword(WebUIKeywordMain.groovy:26)
	at com.kms.katalon.core.webui.keyword.builtin.ClickKeyword.click(ClickKeyword.groovy:76)
	at com.kms.katalon.core.webui.keyword.builtin.ClickKeyword.execute(ClickKeyword.groovy:43)
	at com.kms.katalon.core.keyword.internal.KeywordExecutor.executeKeywordForPlatform(KeywordExecutor.groovy:72)
	at com.kms.katalon.core.webui.keyword.WebUiBuiltInKeywords.click(WebUiBuiltInKeywords.groovy:616)
	at com.kms.katalon.core.webui.keyword.WebUiBuiltInKeywords$click$3.call(Unknown Source)
	at TC_41_CreateTeam.run(TC_41_CreateTeam:31)
	at com.kms.katalon.core.main.ScriptEngine.run(ScriptEngine.java:194)
	at com.kms.katalon.core.main.ScriptEngine.runScriptAsRawText(ScriptEngine.java:119)
	at com.kms.katalon.core.main.TestCaseExecutor.runScript(TestCaseExecutor.java:337)
	at com.kms.katalon.core.main.TestCaseExecutor.doExecute(TestCaseExecutor.java:328)
	at com.kms.katalon.core.main.TestCaseExecutor.processExecutionPhase(TestCaseExecutor.java:307)
	at com.kms.katalon.core.main.TestCaseExecutor.accessMainPhase(TestCaseExecutor.java:299)
	at com.kms.katalon.core.main.TestCaseExecutor.execute(TestCaseExecutor.java:233)
	at com.kms.katalon.core.main.TestSuiteExecutor.accessTestCaseMainPhase(TestSuiteExecutor.java:169)
	at com.kms.katalon.core.main.TestSuiteExecutor.accessTestSuiteMainPhase(TestSuiteExecutor.java:142)
	at com.kms.katalon.core.main.TestSuiteExecutor.execute(TestSuiteExecutor.java:91)
	at com.kms.katalon.core.main.TestCaseMain.startTestSuite(TestCaseMain.java:157)
	at com.kms.katalon.core.main.TestCaseMain$startTestSuite$0.call(Unknown Source)
	at TempTestSuite1591355957104.run(TempTestSuite1591355957104.groovy:37)
Caused by: com.kms.katalon.core.webui.exception.WebElementNotFoundException: Web element with id: 'Object Repository/1612893/41_CreateTeam/Page_Thanh set Channel name - hcmus-cdnc-te_a699a0/div_' located by 'By.xpath: //a[@id='select_teamTeamButton']/div/div/div/div' not found
	at com.kms.katalon.core.webui.common.WebUiCommonHelper.findWebElement(WebUiCommonHelper.java:1154)
	at com.kms.katalon.core.webui.keyword.internal.WebUIAbstractKeyword.findWebElement(WebUIAbstractKeyword.groovy:27)
	at com.kms.katalon.core.webui.keyword.internal.WebUIAbstractKeyword.findWebElement(WebUIAbstractKeyword.groovy:26)
	at com.kms.katalon.core.webui.keyword.builtin.ClickKeyword$_click_closure1.doCall(ClickKeyword.groovy:67)
	at com.kms.katalon.core.webui.keyword.builtin.ClickKeyword$_click_closure1.call(ClickKeyword.groovy)
	at com.kms.katalon.core.webui.keyword.internal.WebUIKeywordMain.runKeyword(WebUIKeywordMain.groovy:20)
	... 19 more


2020-06-05 18:44:28 - [TEST_STEP][PASSED] - openBrowser(""): Browser is opened with url: ''

2020-06-05 18:44:28 - [MESSAGE][INFO] - Starting 'Chrome' driver

2020-06-05 18:44:28 - [MESSAGE][INFO] - Action delay is set to 0 milliseconds

2020-06-05 18:44:35 - [MESSAGE][PASSED] - Browser is opened with url: ''

2020-06-05 18:44:35 - [TEST_STEP][PASSED] - navigateToUrl("http://localhost:8065/login"): Navigate to 'http://localhost:8065/login' successfully

2020-06-05 18:44:41 - [MESSAGE][PASSED] - Navigate to 'http://localhost:8065/login' successfully

2020-06-05 18:44:41 - [TEST_STEP][PASSED] - setText(findTestObject("Object Repository/1612893/41_CreateTeam/Page_Mattermost/input_All team communication in one place s_703ef5"), "hcmus-cdnc"): Text 'hcmus-cdnc' is set on object 'Object Repository/1612893/41_CreateTeam/Page_Mattermost/input_All team communication in one place s_703ef5'

2020-06-05 18:44:46 - [MESSAGE][PASSED] - Text 'hcmus-cdnc' is set on object 'Object Repository/1612893/41_CreateTeam/Page_Mattermost/input_All team communication in one place s_703ef5'

2020-06-05 18:44:46 - [TEST_STEP][PASSED] - setEncryptedText(findTestObject("Object Repository/1612893/41_CreateTeam/Page_Mattermost/input_All team communication in one place s_2f2733"), "aeHFOx8jV/A="): Text ****** has been set on object 'Object Repository/1612893/41_CreateTeam/Page_Mattermost/input_All team communication in one place s_2f2733'

2020-06-05 18:44:47 - [MESSAGE][PASSED] - Text ****** has been set on object 'Object Repository/1612893/41_CreateTeam/Page_Mattermost/input_All team communication in one place s_2f2733'

2020-06-05 18:44:47 - [TEST_STEP][PASSED] - click(findTestObject("Object Repository/1612893/41_CreateTeam/Page_Mattermost/button_Sign in")): Object: 'Object Repository/1612893/41_CreateTeam/Page_Mattermost/button_Sign in' is clicked on

2020-06-05 18:44:48 - [MESSAGE][PASSED] - Object: 'Object Repository/1612893/41_CreateTeam/Page_Mattermost/button_Sign in' is clicked on

2020-06-05 18:44:48 - [TEST_STEP][FAILED] - click(findTestObject("Object Repository/1612893/41_CreateTeam/Page_Thanh set Channel name - hcmus-cdnc-te_a699a0/div_")): Unable to click on object 'Object Repository/1612893/41_CreateTeam/Page_Thanh set Channel name - hcmus-cdnc-te_a699a0/div_' (Root cause: com.kms.katalon.core.exception.StepFailedException: Unable to click on object 'Object Repository/1612893/41_CreateTeam/Page_Thanh set Channel name - hcmus-cdnc-te_a699a0/div_'
	at com.kms.katalon.core.webui.keyword.internal.WebUIKeywordMain.stepFailed(WebUIKeywordMain.groovy:64)
	at com.kms.katalon.core.webui.keyword.internal.WebUIKeywordMain.runKeyword(WebUIKeywordMain.groovy:26)
	at com.kms.katalon.core.webui.keyword.builtin.ClickKeyword.click(ClickKeyword.groovy:76)
	at com.kms.katalon.core.webui.keyword.builtin.ClickKeyword.execute(ClickKeyword.groovy:43)
	at com.kms.katalon.core.keyword.internal.KeywordExecutor.executeKeywordForPlatform(KeywordExecutor.groovy:72)
	at com.kms.katalon.core.webui.keyword.WebUiBuiltInKeywords.click(WebUiBuiltInKeywords.groovy:616)
	at com.kms.katalon.core.webui.keyword.WebUiBuiltInKeywords$click$3.call(Unknown Source)
	at TC_41_CreateTeam.run(TC_41_CreateTeam:31)
	at com.kms.katalon.core.main.ScriptEngine.run(ScriptEngine.java:194)
	at com.kms.katalon.core.main.ScriptEngine.runScriptAsRawText(ScriptEngine.java:119)
	at com.kms.katalon.core.main.TestCaseExecutor.runScript(TestCaseExecutor.java:337)
	at com.kms.katalon.core.main.TestCaseExecutor.doExecute(TestCaseExecutor.java:328)
	at com.kms.katalon.core.main.TestCaseExecutor.processExecutionPhase(TestCaseExecutor.java:307)
	at com.kms.katalon.core.main.TestCaseExecutor.accessMainPhase(TestCaseExecutor.java:299)
	at com.kms.katalon.core.main.TestCaseExecutor.execute(TestCaseExecutor.java:233)
	at com.kms.katalon.core.main.TestSuiteExecutor.accessTestCaseMainPhase(TestSuiteExecutor.java:169)
	at com.kms.katalon.core.main.TestSuiteExecutor.accessTestSuiteMainPhase(TestSuiteExecutor.java:142)
	at com.kms.katalon.core.main.TestSuiteExecutor.execute(TestSuiteExecutor.java:91)
	at com.kms.katalon.core.main.TestCaseMain.startTestSuite(TestCaseMain.java:157)
	at com.kms.katalon.core.main.TestCaseMain$startTestSuite$0.call(Unknown Source)
	at TempTestSuite1591355957104.run(TempTestSuite1591355957104.groovy:37)
Caused by: com.kms.katalon.core.webui.exception.WebElementNotFoundException: Web element with id: 'Object Repository/1612893/41_CreateTeam/Page_Thanh set Channel name - hcmus-cdnc-te_a699a0/div_' located by 'By.xpath: //a[@id='select_teamTeamButton']/div/div/div/div' not found
	at com.kms.katalon.core.webui.common.WebUiCommonHelper.findWebElement(WebUiCommonHelper.java:1154)
	at com.kms.katalon.core.webui.keyword.internal.WebUIAbstractKeyword.findWebElement(WebUIAbstractKeyword.groovy:27)
	at com.kms.katalon.core.webui.keyword.internal.WebUIAbstractKeyword.findWebElement(WebUIAbstractKeyword.groovy:26)
	at com.kms.katalon.core.webui.keyword.builtin.ClickKeyword$_click_closure1.doCall(ClickKeyword.groovy:67)
	at com.kms.katalon.core.webui.keyword.builtin.ClickKeyword$_click_closure1.call(ClickKeyword.groovy)
	at com.kms.katalon.core.webui.keyword.internal.WebUIKeywordMain.runKeyword(WebUIKeywordMain.groovy:20)
	at com.kms.katalon.core.webui.keyword.builtin.ClickKeyword.click(ClickKeyword.groovy:76)
	at com.kms.katalon.core.webui.keyword.builtin.ClickKeyword.execute(ClickKeyword.groovy:43)
	at com.kms.katalon.core.keyword.internal.KeywordExecutor.executeKeywordForPlatform(KeywordExecutor.groovy:72)
	at com.kms.katalon.core.webui.keyword.WebUiBuiltInKeywords.click(WebUiBuiltInKeywords.groovy:616)
	at com.kms.katalon.core.webui.keyword.WebUiBuiltInKeywords$click$3.call(Unknown Source)
	at Script1591187713691.run(Script1591187713691.groovy:31)
	... 13 more
)

2020-06-05 18:45:33 - [MESSAGE][INFO] - Unable to find the element located by 'By.xpath: //a[@id='select_teamTeamButton']/div/div/div/div'. Please recheck the objects properties to make sure the desired element is located. 

2020-06-05 18:45:36 - [MESSAGE][FAILED] - Unable to click on object 'Object Repository/1612893/41_CreateTeam/Page_Thanh set Channel name - hcmus-cdnc-te_a699a0/div_' (Root cause: com.kms.katalon.core.exception.StepFailedException: Unable to click on object 'Object Repository/1612893/41_CreateTeam/Page_Thanh set Channel name - hcmus-cdnc-te_a699a0/div_'
	at com.kms.katalon.core.webui.keyword.internal.WebUIKeywordMain.stepFailed(WebUIKeywordMain.groovy:64)
	at com.kms.katalon.core.webui.keyword.internal.WebUIKeywordMain.runKeyword(WebUIKeywordMain.groovy:26)
	at com.kms.katalon.core.webui.keyword.builtin.ClickKeyword.click(ClickKeyword.groovy:76)
	at com.kms.katalon.core.webui.keyword.builtin.ClickKeyword.execute(ClickKeyword.groovy:43)
	at com.kms.katalon.core.keyword.internal.KeywordExecutor.executeKeywordForPlatform(KeywordExecutor.groovy:72)
	at com.kms.katalon.core.webui.keyword.WebUiBuiltInKeywords.click(WebUiBuiltInKeywords.groovy:616)
	at com.kms.katalon.core.webui.keyword.WebUiBuiltInKeywords$click$3.call(Unknown Source)
	at TC_41_CreateTeam.run(TC_41_CreateTeam:31)
	at com.kms.katalon.core.main.ScriptEngine.run(ScriptEngine.java:194)
	at com.kms.katalon.core.main.ScriptEngine.runScriptAsRawText(ScriptEngine.java:119)
	at com.kms.katalon.core.main.TestCaseExecutor.runScript(TestCaseExecutor.java:337)
	at com.kms.katalon.core.main.TestCaseExecutor.doExecute(TestCaseExecutor.java:328)
	at com.kms.katalon.core.main.TestCaseExecutor.processExecutionPhase(TestCaseExecutor.java:307)
	at com.kms.katalon.core.main.TestCaseExecutor.accessMainPhase(TestCaseExecutor.java:299)
	at com.kms.katalon.core.main.TestCaseExecutor.execute(TestCaseExecutor.java:233)
	at com.kms.katalon.core.main.TestSuiteExecutor.accessTestCaseMainPhase(TestSuiteExecutor.java:169)
	at com.kms.katalon.core.main.TestSuiteExecutor.accessTestSuiteMainPhase(TestSuiteExecutor.java:142)
	at com.kms.katalon.core.main.TestSuiteExecutor.execute(TestSuiteExecutor.java:91)
	at com.kms.katalon.core.main.TestCaseMain.startTestSuite(TestCaseMain.java:157)
	at com.kms.katalon.core.main.TestCaseMain$startTestSuite$0.call(Unknown Source)
	at TempTestSuite1591355957104.run(TempTestSuite1591355957104.groovy:37)
Caused by: com.kms.katalon.core.webui.exception.WebElementNotFoundException: Web element with id: 'Object Repository/1612893/41_CreateTeam/Page_Thanh set Channel name - hcmus-cdnc-te_a699a0/div_' located by 'By.xpath: //a[@id='select_teamTeamButton']/div/div/div/div' not found
	at com.kms.katalon.core.webui.common.WebUiCommonHelper.findWebElement(WebUiCommonHelper.java:1154)
	at com.kms.katalon.core.webui.keyword.internal.WebUIAbstractKeyword.findWebElement(WebUIAbstractKeyword.groovy:27)
	at com.kms.katalon.core.webui.keyword.internal.WebUIAbstractKeyword.findWebElement(WebUIAbstractKeyword.groovy:26)
	at com.kms.katalon.core.webui.keyword.builtin.ClickKeyword$_click_closure1.doCall(ClickKeyword.groovy:67)
	at com.kms.katalon.core.webui.keyword.builtin.ClickKeyword$_click_closure1.call(ClickKeyword.groovy)
	at com.kms.katalon.core.webui.keyword.internal.WebUIKeywordMain.runKeyword(WebUIKeywordMain.groovy:20)
	at com.kms.katalon.core.webui.keyword.builtin.ClickKeyword.click(ClickKeyword.groovy:76)
	at com.kms.katalon.core.webui.keyword.builtin.ClickKeyword.execute(ClickKeyword.groovy:43)
	at com.kms.katalon.core.keyword.internal.KeywordExecutor.executeKeywordForPlatform(KeywordExecutor.groovy:72)
	at com.kms.katalon.core.webui.keyword.WebUiBuiltInKeywords.click(WebUiBuiltInKeywords.groovy:616)
	at com.kms.katalon.core.webui.keyword.WebUiBuiltInKeywords$click$3.call(Unknown Source)
	at Script1591187713691.run(Script1591187713691.groovy:31)
	... 13 more
)
[[ATTACHMENT|C:\\Users\\XuanNghiem\\Katalon Studio\\cdnc-homeword02\\Reports\\20200605_181916\\Run all test case\\20200605_181916\\1591357533254.png]]]]></system-out>
         <system-err><![CDATA[2020-06-05 18:44:27 - [TEST_CASE][FAILED] - Test Cases/1612893/TC_41_CreateTeam: Test Cases/1612893/TC_41_CreateTeam FAILED.
Reason:
com.kms.katalon.core.exception.StepFailedException: Unable to click on object 'Object Repository/1612893/41_CreateTeam/Page_Thanh set Channel name - hcmus-cdnc-te_a699a0/div_'
	at com.kms.katalon.core.webui.keyword.internal.WebUIKeywordMain.stepFailed(WebUIKeywordMain.groovy:64)
	at com.kms.katalon.core.webui.keyword.internal.WebUIKeywordMain.runKeyword(WebUIKeywordMain.groovy:26)
	at com.kms.katalon.core.webui.keyword.builtin.ClickKeyword.click(ClickKeyword.groovy:76)
	at com.kms.katalon.core.webui.keyword.builtin.ClickKeyword.execute(ClickKeyword.groovy:43)
	at com.kms.katalon.core.keyword.internal.KeywordExecutor.executeKeywordForPlatform(KeywordExecutor.groovy:72)
	at com.kms.katalon.core.webui.keyword.WebUiBuiltInKeywords.click(WebUiBuiltInKeywords.groovy:616)
	at com.kms.katalon.core.webui.keyword.WebUiBuiltInKeywords$click$3.call(Unknown Source)
	at TC_41_CreateTeam.run(TC_41_CreateTeam:31)
	at com.kms.katalon.core.main.ScriptEngine.run(ScriptEngine.java:194)
	at com.kms.katalon.core.main.ScriptEngine.runScriptAsRawText(ScriptEngine.java:119)
	at com.kms.katalon.core.main.TestCaseExecutor.runScript(TestCaseExecutor.java:337)
	at com.kms.katalon.core.main.TestCaseExecutor.doExecute(TestCaseExecutor.java:328)
	at com.kms.katalon.core.main.TestCaseExecutor.processExecutionPhase(TestCaseExecutor.java:307)
	at com.kms.katalon.core.main.TestCaseExecutor.accessMainPhase(TestCaseExecutor.java:299)
	at com.kms.katalon.core.main.TestCaseExecutor.execute(TestCaseExecutor.java:233)
	at com.kms.katalon.core.main.TestSuiteExecutor.accessTestCaseMainPhase(TestSuiteExecutor.java:169)
	at com.kms.katalon.core.main.TestSuiteExecutor.accessTestSuiteMainPhase(TestSuiteExecutor.java:142)
	at com.kms.katalon.core.main.TestSuiteExecutor.execute(TestSuiteExecutor.java:91)
	at com.kms.katalon.core.main.TestCaseMain.startTestSuite(TestCaseMain.java:157)
	at com.kms.katalon.core.main.TestCaseMain$startTestSuite$0.call(Unknown Source)
	at TempTestSuite1591355957104.run(TempTestSuite1591355957104.groovy:37)
Caused by: com.kms.katalon.core.webui.exception.WebElementNotFoundException: Web element with id: 'Object Repository/1612893/41_CreateTeam/Page_Thanh set Channel name - hcmus-cdnc-te_a699a0/div_' located by 'By.xpath: //a[@id='select_teamTeamButton']/div/div/div/div' not found
	at com.kms.katalon.core.webui.common.WebUiCommonHelper.findWebElement(WebUiCommonHelper.java:1154)
	at com.kms.katalon.core.webui.keyword.internal.WebUIAbstractKeyword.findWebElement(WebUIAbstractKeyword.groovy:27)
	at com.kms.katalon.core.webui.keyword.internal.WebUIAbstractKeyword.findWebElement(WebUIAbstractKeyword.groovy:26)
	at com.kms.katalon.core.webui.keyword.builtin.ClickKeyword$_click_closure1.doCall(ClickKeyword.groovy:67)
	at com.kms.katalon.core.webui.keyword.builtin.ClickKeyword$_click_closure1.call(ClickKeyword.groovy)
	at com.kms.katalon.core.webui.keyword.internal.WebUIKeywordMain.runKeyword(WebUIKeywordMain.groovy:20)
	... 19 more]]></system-err>
      </testcase>
      <testcase name="Test Cases/1612893/TC_42_EditTeamName" time="54.52" classname="Test Cases/1612893/TC_42_EditTeamName" status="PASSED">
         <system-out><![CDATA[2020-06-05 18:45:36 - [TEST_CASE][PASSED] - Test Cases/1612893/TC_42_EditTeamName: Test Cases/1612893/TC_42_EditTeamName

2020-06-05 18:45:37 - [TEST_STEP][PASSED] - openBrowser(""): Browser is opened with url: ''

2020-06-05 18:45:37 - [MESSAGE][WARNING] - A browser is already opened. Closing browser and opening a new one

2020-06-05 18:45:46 - [MESSAGE][INFO] - Starting 'Chrome' driver

2020-06-05 18:45:46 - [MESSAGE][INFO] - Action delay is set to 0 milliseconds

2020-06-05 18:45:51 - [MESSAGE][PASSED] - Browser is opened with url: ''

2020-06-05 18:45:51 - [TEST_STEP][PASSED] - navigateToUrl("http://localhost:8065/login"): Navigate to 'http://localhost:8065/login' successfully

2020-06-05 18:45:58 - [MESSAGE][PASSED] - Navigate to 'http://localhost:8065/login' successfully

2020-06-05 18:45:58 - [TEST_STEP][PASSED] - setText(findTestObject("Object Repository/1612893/42_EditTeamName/Page_Mattermost/input_All team communication in one place s_703ef5"), "hcmus-cdnc@gmail.com"): Text 'hcmus-cdnc@gmail.com' is set on object 'Object Repository/1612893/42_EditTeamName/Page_Mattermost/input_All team communication in one place s_703ef5'

2020-06-05 18:46:04 - [MESSAGE][PASSED] - Text 'hcmus-cdnc@gmail.com' is set on object 'Object Repository/1612893/42_EditTeamName/Page_Mattermost/input_All team communication in one place s_703ef5'

2020-06-05 18:46:04 - [TEST_STEP][PASSED] - setEncryptedText(findTestObject("Object Repository/1612893/42_EditTeamName/Page_Mattermost/input_All team communication in one place s_2f2733"), "aeHFOx8jV/A="): Text ****** has been set on object 'Object Repository/1612893/42_EditTeamName/Page_Mattermost/input_All team communication in one place s_2f2733'

2020-06-05 18:46:05 - [MESSAGE][PASSED] - Text ****** has been set on object 'Object Repository/1612893/42_EditTeamName/Page_Mattermost/input_All team communication in one place s_2f2733'

2020-06-05 18:46:05 - [TEST_STEP][PASSED] - click(findTestObject("Object Repository/1612893/42_EditTeamName/Page_Mattermost/button_Sign in")): Object: 'Object Repository/1612893/42_EditTeamName/Page_Mattermost/button_Sign in' is clicked on

2020-06-05 18:46:06 - [MESSAGE][PASSED] - Object: 'Object Repository/1612893/42_EditTeamName/Page_Mattermost/button_Sign in' is clicked on

2020-06-05 18:46:06 - [TEST_STEP][PASSED] - click(findTestObject("Object Repository/1612893/42_EditTeamName/Page_Thanh set Channel name - hcmus-cdnc-te_a699a0/button_anh_style--none sidebar-header-dropd_e4937e")): Object: 'Object Repository/1612893/42_EditTeamName/Page_Thanh set Channel name - hcmus-cdnc-te_a699a0/button_anh_style--none sidebar-header-dropd_e4937e' is clicked on

2020-06-05 18:46:16 - [MESSAGE][PASSED] - Object: 'Object Repository/1612893/42_EditTeamName/Page_Thanh set Channel name - hcmus-cdnc-te_a699a0/button_anh_style--none sidebar-header-dropd_e4937e' is clicked on

2020-06-05 18:46:16 - [TEST_STEP][PASSED] - click(findTestObject("Object Repository/1612893/42_EditTeamName/Page_Thanh set Channel name - hcmus-cdnc-te_a699a0/span_Team Settings")): Object: 'Object Repository/1612893/42_EditTeamName/Page_Thanh set Channel name - hcmus-cdnc-te_a699a0/span_Team Settings' is clicked on

2020-06-05 18:46:17 - [MESSAGE][PASSED] - Object: 'Object Repository/1612893/42_EditTeamName/Page_Thanh set Channel name - hcmus-cdnc-te_a699a0/span_Team Settings' is clicked on

2020-06-05 18:46:17 - [TEST_STEP][PASSED] - click(findTestObject("Object Repository/1612893/42_EditTeamName/Page_Thanh set Channel name - hcmus-cdnc-te_a699a0/button_Edit")): Object: 'Object Repository/1612893/42_EditTeamName/Page_Thanh set Channel name - hcmus-cdnc-te_a699a0/button_Edit' is clicked on

2020-06-05 18:46:19 - [MESSAGE][PASSED] - Object: 'Object Repository/1612893/42_EditTeamName/Page_Thanh set Channel name - hcmus-cdnc-te_a699a0/button_Edit' is clicked on

2020-06-05 18:46:19 - [TEST_STEP][PASSED] - setText(findTestObject("Object Repository/1612893/42_EditTeamName/Page_Thanh set Channel name - hcmus-cdnc-te_a699a0/input_Team Name_teamName"), teamName): Text '' is set on object 'Object Repository/1612893/42_EditTeamName/Page_Thanh set Channel name - hcmus-cdnc-te_a699a0/input_Team Name_teamName'

2020-06-05 18:46:21 - [MESSAGE][PASSED] - Text '' is set on object 'Object Repository/1612893/42_EditTeamName/Page_Thanh set Channel name - hcmus-cdnc-te_a699a0/input_Team Name_teamName'

2020-06-05 18:46:21 - [TEST_STEP][PASSED] - click(findTestObject("Object Repository/1612893/42_EditTeamName/Page_Thanh set Channel name - hcmus-cdnc-te_a699a0/button_Save")): Object: 'Object Repository/1612893/42_EditTeamName/Page_Thanh set Channel name - hcmus-cdnc-te_a699a0/button_Save' is clicked on

2020-06-05 18:46:25 - [MESSAGE][PASSED] - Object: 'Object Repository/1612893/42_EditTeamName/Page_Thanh set Channel name - hcmus-cdnc-te_a699a0/button_Save' is clicked on

2020-06-05 18:46:25 - [TEST_STEP][PASSED] - click(findTestObject("Object Repository/1612893/42_EditTeamName/Page_Thanh set Channel name - hcmus-cdnc-te_a699a0/button_Close")): Object: 'Object Repository/1612893/42_EditTeamName/Page_Thanh set Channel name - hcmus-cdnc-te_a699a0/button_Close' is clicked on

2020-06-05 18:46:27 - [MESSAGE][PASSED] - Object: 'Object Repository/1612893/42_EditTeamName/Page_Thanh set Channel name - hcmus-cdnc-te_a699a0/button_Close' is clicked on

2020-06-05 18:46:27 - [TEST_STEP][PASSED] - closeBrowser(): Browser is closed

2020-06-05 18:46:30 - [MESSAGE][PASSED] - Browser is closed]]></system-out>
         <system-err><![CDATA[]]></system-err>
      </testcase>
      <testcase name="Test Cases/1612893/TC_43_AddSensitiveWord" time="47.081" classname="Test Cases/1612893/TC_43_AddSensitiveWord" status="PASSED">
         <system-out><![CDATA[2020-06-05 18:46:30 - [TEST_CASE][PASSED] - Test Cases/1612893/TC_43_AddSensitiveWord: Test Cases/1612893/TC_43_AddSensitiveWord

2020-06-05 18:46:32 - [TEST_STEP][PASSED] - openBrowser(""): Browser is opened with url: ''

2020-06-05 18:46:32 - [MESSAGE][INFO] - Starting 'Chrome' driver

2020-06-05 18:46:32 - [MESSAGE][INFO] - Action delay is set to 0 milliseconds

2020-06-05 18:46:37 - [MESSAGE][PASSED] - Browser is opened with url: ''

2020-06-05 18:46:37 - [TEST_STEP][PASSED] - navigateToUrl("http://localhost:8065/login"): Navigate to 'http://localhost:8065/login' successfully

2020-06-05 18:46:44 - [MESSAGE][PASSED] - Navigate to 'http://localhost:8065/login' successfully

2020-06-05 18:46:44 - [TEST_STEP][PASSED] - setText(findTestObject("1612893/43_AddSensitiveWord/Page_Mattermost/input_All team communication in one place s_703ef5"), "hcmus-cdnc@gmail.com"): Text 'hcmus-cdnc@gmail.com' is set on object 'Object Repository/1612893/43_AddSensitiveWord/Page_Mattermost/input_All team communication in one place s_703ef5'

2020-06-05 18:46:49 - [MESSAGE][PASSED] - Text 'hcmus-cdnc@gmail.com' is set on object 'Object Repository/1612893/43_AddSensitiveWord/Page_Mattermost/input_All team communication in one place s_703ef5'

2020-06-05 18:46:49 - [TEST_STEP][PASSED] - setEncryptedText(findTestObject("1612893/43_AddSensitiveWord/Page_Mattermost/input_All team communication in one place s_2f2733"), "aeHFOx8jV/A="): Text ****** has been set on object 'Object Repository/1612893/43_AddSensitiveWord/Page_Mattermost/input_All team communication in one place s_2f2733'

2020-06-05 18:46:50 - [MESSAGE][PASSED] - Text ****** has been set on object 'Object Repository/1612893/43_AddSensitiveWord/Page_Mattermost/input_All team communication in one place s_2f2733'

2020-06-05 18:46:50 - [TEST_STEP][PASSED] - click(findTestObject("1612893/43_AddSensitiveWord/Page_Mattermost/button_Sign in")): Object: 'Object Repository/1612893/43_AddSensitiveWord/Page_Mattermost/button_Sign in' is clicked on

2020-06-05 18:46:51 - [MESSAGE][PASSED] - Object: 'Object Repository/1612893/43_AddSensitiveWord/Page_Mattermost/button_Sign in' is clicked on

2020-06-05 18:46:51 - [TEST_STEP][PASSED] - click(findTestObject("1612893/43_AddSensitiveWord/Page_Thanh set Channel name - hcmus-cdnc-te_a699a0/button_anh_style--none sidebar-header-dropd_e4937e")): Object: 'Object Repository/1612893/43_AddSensitiveWord/Page_Thanh set Channel name - hcmus-cdnc-te_a699a0/button_anh_style--none sidebar-header-dropd_e4937e' is clicked on

2020-06-05 18:47:04 - [MESSAGE][PASSED] - Object: 'Object Repository/1612893/43_AddSensitiveWord/Page_Thanh set Channel name - hcmus-cdnc-te_a699a0/button_anh_style--none sidebar-header-dropd_e4937e' is clicked on

2020-06-05 18:47:04 - [TEST_STEP][PASSED] - click(findTestObject("1612893/43_AddSensitiveWord/Page_Thanh set Channel name - hcmus-cdnc-te_a699a0/span_Account Settings")): Object: 'Object Repository/1612893/43_AddSensitiveWord/Page_Thanh set Channel name - hcmus-cdnc-te_a699a0/span_Account Settings' is clicked on

2020-06-05 18:47:06 - [MESSAGE][PASSED] - Object: 'Object Repository/1612893/43_AddSensitiveWord/Page_Thanh set Channel name - hcmus-cdnc-te_a699a0/span_Account Settings' is clicked on

2020-06-05 18:47:06 - [TEST_STEP][PASSED] - click(findTestObject("1612893/43_AddSensitiveWord/Page_Thanh set Channel name - hcmus-cdnc-te_a699a0/button_Notifications")): Object: 'Object Repository/1612893/43_AddSensitiveWord/Page_Thanh set Channel name - hcmus-cdnc-te_a699a0/button_Notifications' is clicked on

2020-06-05 18:47:07 - [MESSAGE][PASSED] - Object: 'Object Repository/1612893/43_AddSensitiveWord/Page_Thanh set Channel name - hcmus-cdnc-te_a699a0/button_Notifications' is clicked on

2020-06-05 18:47:07 - [TEST_STEP][PASSED] - click(findTestObject("1612893/43_AddSensitiveWord/Page_Thanh set Channel name - hcmus-cdnc-te_a699a0/button_Edit_1")): Object: 'Object Repository/1612893/43_AddSensitiveWord/Page_Thanh set Channel name - hcmus-cdnc-te_a699a0/button_Edit_1' is clicked on

2020-06-05 18:47:09 - [MESSAGE][PASSED] - Object: 'Object Repository/1612893/43_AddSensitiveWord/Page_Thanh set Channel name - hcmus-cdnc-te_a699a0/button_Edit_1' is clicked on

2020-06-05 18:47:09 - [TEST_STEP][PASSED] - setText(findTestObject("1612893/43_AddSensitiveWord/Page_Thanh set Channel name - hcmus-cdnc-te_a699a0/input_Other non-case sensitive words separa_48b795"), sensitiveWord): Text '' is set on object 'Object Repository/1612893/43_AddSensitiveWord/Page_Thanh set Channel name - hcmus-cdnc-te_a699a0/input_Other non-case sensitive words separa_48b795'

2020-06-05 18:47:11 - [MESSAGE][PASSED] - Text '' is set on object 'Object Repository/1612893/43_AddSensitiveWord/Page_Thanh set Channel name - hcmus-cdnc-te_a699a0/input_Other non-case sensitive words separa_48b795'

2020-06-05 18:47:11 - [TEST_STEP][PASSED] - click(findTestObject("1612893/43_AddSensitiveWord/Page_Thanh set Channel name - hcmus-cdnc-te_a699a0/button_Save")): Object: 'Object Repository/1612893/43_AddSensitiveWord/Page_Thanh set Channel name - hcmus-cdnc-te_a699a0/button_Save' is clicked on

2020-06-05 18:47:12 - [MESSAGE][PASSED] - Object: 'Object Repository/1612893/43_AddSensitiveWord/Page_Thanh set Channel name - hcmus-cdnc-te_a699a0/button_Save' is clicked on

2020-06-05 18:47:12 - [TEST_STEP][PASSED] - click(findTestObject("1612893/43_AddSensitiveWord/Page_Thanh set Channel name - hcmus-cdnc-te_a699a0/button_Close")): Object: 'Object Repository/1612893/43_AddSensitiveWord/Page_Thanh set Channel name - hcmus-cdnc-te_a699a0/button_Close' is clicked on

2020-06-05 18:47:15 - [MESSAGE][PASSED] - Object: 'Object Repository/1612893/43_AddSensitiveWord/Page_Thanh set Channel name - hcmus-cdnc-te_a699a0/button_Close' is clicked on

2020-06-05 18:47:15 - [TEST_STEP][PASSED] - closeBrowser(): Browser is closed

2020-06-05 18:47:17 - [MESSAGE][PASSED] - Browser is closed]]></system-out>
         <system-err><![CDATA[]]></system-err>
      </testcase>
      <testcase name="Test Cases/1612893/TC_44_AddEmailWhiteList" time="59.442" classname="Test Cases/1612893/TC_44_AddEmailWhiteList" status="PASSED">
         <system-out><![CDATA[2020-06-05 18:47:17 - [TEST_CASE][PASSED] - Test Cases/1612893/TC_44_AddEmailWhiteList: Test Cases/1612893/TC_44_AddEmailWhiteList

2020-06-05 18:47:18 - [TEST_STEP][PASSED] - openBrowser(""): Browser is opened with url: ''

2020-06-05 18:47:18 - [MESSAGE][INFO] - Starting 'Chrome' driver

2020-06-05 18:47:18 - [MESSAGE][INFO] - Action delay is set to 0 milliseconds

2020-06-05 18:47:23 - [MESSAGE][PASSED] - Browser is opened with url: ''

2020-06-05 18:47:23 - [TEST_STEP][PASSED] - navigateToUrl("http://localhost:8065/login"): Navigate to 'http://localhost:8065/login' successfully

2020-06-05 18:47:29 - [MESSAGE][PASSED] - Navigate to 'http://localhost:8065/login' successfully

2020-06-05 18:47:29 - [TEST_STEP][PASSED] - setText(findTestObject("Object Repository/1612893/44_AddEmailWhiteList/Page_Mattermost/input_All team communication in one place s_703ef5"), "hcmus-cdnc@gmail.com"): Text 'hcmus-cdnc@gmail.com' is set on object 'Object Repository/1612893/44_AddEmailWhiteList/Page_Mattermost/input_All team communication in one place s_703ef5'

2020-06-05 18:47:34 - [MESSAGE][PASSED] - Text 'hcmus-cdnc@gmail.com' is set on object 'Object Repository/1612893/44_AddEmailWhiteList/Page_Mattermost/input_All team communication in one place s_703ef5'

2020-06-05 18:47:34 - [TEST_STEP][PASSED] - setEncryptedText(findTestObject("Object Repository/1612893/44_AddEmailWhiteList/Page_Mattermost/input_All team communication in one place s_2f2733"), "aeHFOx8jV/A="): Text ****** has been set on object 'Object Repository/1612893/44_AddEmailWhiteList/Page_Mattermost/input_All team communication in one place s_2f2733'

2020-06-05 18:47:35 - [MESSAGE][PASSED] - Text ****** has been set on object 'Object Repository/1612893/44_AddEmailWhiteList/Page_Mattermost/input_All team communication in one place s_2f2733'

2020-06-05 18:47:35 - [TEST_STEP][PASSED] - click(findTestObject("Object Repository/1612893/44_AddEmailWhiteList/Page_Mattermost/button_Sign in")): Object: 'Object Repository/1612893/44_AddEmailWhiteList/Page_Mattermost/button_Sign in' is clicked on

2020-06-05 18:47:36 - [MESSAGE][PASSED] - Object: 'Object Repository/1612893/44_AddEmailWhiteList/Page_Mattermost/button_Sign in' is clicked on

2020-06-05 18:47:36 - [TEST_STEP][PASSED] - click(findTestObject("Object Repository/1612893/44_AddEmailWhiteList/Page_Thanh set Channel name - hcmus-cdnc-te_a699a0/button_anh_style--none sidebar-header-dropd_e4937e")): Object: 'Object Repository/1612893/44_AddEmailWhiteList/Page_Thanh set Channel name - hcmus-cdnc-te_a699a0/button_anh_style--none sidebar-header-dropd_e4937e' is clicked on

2020-06-05 18:47:50 - [MESSAGE][PASSED] - Object: 'Object Repository/1612893/44_AddEmailWhiteList/Page_Thanh set Channel name - hcmus-cdnc-te_a699a0/button_anh_style--none sidebar-header-dropd_e4937e' is clicked on

2020-06-05 18:47:50 - [TEST_STEP][PASSED] - click(findTestObject("Object Repository/1612893/44_AddEmailWhiteList/Page_Thanh set Channel name - hcmus-cdnc-te_a699a0/span_Team Settings")): Object: 'Object Repository/1612893/44_AddEmailWhiteList/Page_Thanh set Channel name - hcmus-cdnc-te_a699a0/span_Team Settings' is clicked on

2020-06-05 18:47:53 - [MESSAGE][PASSED] - Object: 'Object Repository/1612893/44_AddEmailWhiteList/Page_Thanh set Channel name - hcmus-cdnc-te_a699a0/span_Team Settings' is clicked on

2020-06-05 18:47:53 - [TEST_STEP][PASSED] - click(findTestObject("Object Repository/1612893/44_AddEmailWhiteList/Page_Thanh set Channel name - hcmus-cdnc-te_a699a0/button_Edit")): Object: 'Object Repository/1612893/44_AddEmailWhiteList/Page_Thanh set Channel name - hcmus-cdnc-te_a699a0/button_Edit' is clicked on

2020-06-05 18:47:55 - [MESSAGE][PASSED] - Object: 'Object Repository/1612893/44_AddEmailWhiteList/Page_Thanh set Channel name - hcmus-cdnc-te_a699a0/button_Edit' is clicked on

2020-06-05 18:47:55 - [TEST_STEP][PASSED] - setText(findTestObject("Object Repository/1612893/44_AddEmailWhiteList/Page_Thanh set Channel name - hcmus-cdnc-te_a699a0/input_Allow only users with a specific emai_44da11"), whiteList): Text '' is set on object 'Object Repository/1612893/44_AddEmailWhiteList/Page_Thanh set Channel name - hcmus-cdnc-te_a699a0/input_Allow only users with a specific emai_44da11'

2020-06-05 18:47:56 - [MESSAGE][PASSED] - Text '' is set on object 'Object Repository/1612893/44_AddEmailWhiteList/Page_Thanh set Channel name - hcmus-cdnc-te_a699a0/input_Allow only users with a specific emai_44da11'

2020-06-05 18:47:56 - [TEST_STEP][PASSED] - click(findTestObject("Object Repository/1612893/44_AddEmailWhiteList/Page_Thanh set Channel name - hcmus-cdnc-te_a699a0/button_Save")): Object: 'Object Repository/1612893/44_AddEmailWhiteList/Page_Thanh set Channel name - hcmus-cdnc-te_a699a0/button_Save' is clicked on

2020-06-05 18:47:59 - [MESSAGE][PASSED] - Object: 'Object Repository/1612893/44_AddEmailWhiteList/Page_Thanh set Channel name - hcmus-cdnc-te_a699a0/button_Save' is clicked on

2020-06-05 18:47:59 - [TEST_STEP][PASSED] - click(findTestObject("Object Repository/1612893/44_AddEmailWhiteList/Page_Thanh set Channel name - hcmus-cdnc-te_a699a0/button_Close")): Object: 'Object Repository/1612893/44_AddEmailWhiteList/Page_Thanh set Channel name - hcmus-cdnc-te_a699a0/button_Close' is clicked on

2020-06-05 18:48:01 - [MESSAGE][PASSED] - Object: 'Object Repository/1612893/44_AddEmailWhiteList/Page_Thanh set Channel name - hcmus-cdnc-te_a699a0/button_Close' is clicked on

2020-06-05 18:48:01 - [TEST_STEP][PASSED] - closeBrowser(): Browser is closed

2020-06-05 18:48:17 - [MESSAGE][PASSED] - Browser is closed]]></system-out>
         <system-err><![CDATA[]]></system-err>
      </testcase>
      <testcase name="Test Cases/1612893/TC_45_Edit_TeamDescription" time="75.804" classname="Test Cases/1612893/TC_45_Edit_TeamDescription" status="FAILED">
         <failure type="FAILED" message="Test Cases/1612893/TC_45_Edit_TeamDescription FAILED.
Reason:
com.kms.katalon.core.exception.StepFailedException: Unable to click on object 'Object Repository/1612893/45_Edit_TeamDescription/Page_Thanh set Channel name - hcmus-cdnc-te_a699a0/span'
	at com.kms.katalon.core.webui.keyword.internal.WebUIKeywordMain.stepFailed(WebUIKeywordMain.groovy:64)
	at com.kms.katalon.core.webui.keyword.internal.WebUIKeywordMain.runKeyword(WebUIKeywordMain.groovy:26)
	at com.kms.katalon.core.webui.keyword.builtin.ClickKeyword.click(ClickKeyword.groovy:76)
	at com.kms.katalon.core.webui.keyword.builtin.ClickKeyword.execute(ClickKeyword.groovy:43)
	at com.kms.katalon.core.keyword.internal.KeywordExecutor.executeKeywordForPlatform(KeywordExecutor.groovy:72)
	at com.kms.katalon.core.webui.keyword.WebUiBuiltInKeywords.click(WebUiBuiltInKeywords.groovy:616)
	at com.kms.katalon.core.webui.keyword.WebUiBuiltInKeywords$click$3.call(Unknown Source)
	at TC_45_Edit_TeamDescription.run(TC_45_Edit_TeamDescription:32)
	at com.kms.katalon.core.main.ScriptEngine.run(ScriptEngine.java:194)
	at com.kms.katalon.core.main.ScriptEngine.runScriptAsRawText(ScriptEngine.java:119)
	at com.kms.katalon.core.main.TestCaseExecutor.runScript(TestCaseExecutor.java:337)
	at com.kms.katalon.core.main.TestCaseExecutor.doExecute(TestCaseExecutor.java:328)
	at com.kms.katalon.core.main.TestCaseExecutor.processExecutionPhase(TestCaseExecutor.java:307)
	at com.kms.katalon.core.main.TestCaseExecutor.accessMainPhase(TestCaseExecutor.java:299)
	at com.kms.katalon.core.main.TestCaseExecutor.execute(TestCaseExecutor.java:233)
	at com.kms.katalon.core.main.TestSuiteExecutor.accessTestCaseMainPhase(TestSuiteExecutor.java:169)
	at com.kms.katalon.core.main.TestSuiteExecutor.accessTestSuiteMainPhase(TestSuiteExecutor.java:142)
	at com.kms.katalon.core.main.TestSuiteExecutor.execute(TestSuiteExecutor.java:91)
	at com.kms.katalon.core.main.TestCaseMain.startTestSuite(TestCaseMain.java:157)
	at com.kms.katalon.core.main.TestCaseMain$startTestSuite$0.call(Unknown Source)
	at TempTestSuite1591355957104.run(TempTestSuite1591355957104.groovy:37)
Caused by: com.kms.katalon.core.webui.exception.WebElementNotFoundException: Web element with id: 'Object Repository/1612893/45_Edit_TeamDescription/Page_Thanh set Channel name - hcmus-cdnc-te_a699a0/span' located by 'By.xpath: //div[@id='headerInfo']/button/span' not found
	at com.kms.katalon.core.webui.common.WebUiCommonHelper.findWebElement(WebUiCommonHelper.java:1154)
	at com.kms.katalon.core.webui.keyword.internal.WebUIAbstractKeyword.findWebElement(WebUIAbstractKeyword.groovy:27)
	at com.kms.katalon.core.webui.keyword.internal.WebUIAbstractKeyword.findWebElement(WebUIAbstractKeyword.groovy:26)
	at com.kms.katalon.core.webui.keyword.builtin.ClickKeyword$_click_closure1.doCall(ClickKeyword.groovy:67)
	at com.kms.katalon.core.webui.keyword.builtin.ClickKeyword$_click_closure1.call(ClickKeyword.groovy)
	at com.kms.katalon.core.webui.keyword.internal.WebUIKeywordMain.runKeyword(WebUIKeywordMain.groovy:20)
	... 19 more
"/>
         <system-out><![CDATA[2020-06-05 18:48:17 - [TEST_CASE][FAILED] - Test Cases/1612893/TC_45_Edit_TeamDescription: Test Cases/1612893/TC_45_Edit_TeamDescription FAILED.
Reason:
com.kms.katalon.core.exception.StepFailedException: Unable to click on object 'Object Repository/1612893/45_Edit_TeamDescription/Page_Thanh set Channel name - hcmus-cdnc-te_a699a0/span'
	at com.kms.katalon.core.webui.keyword.internal.WebUIKeywordMain.stepFailed(WebUIKeywordMain.groovy:64)
	at com.kms.katalon.core.webui.keyword.internal.WebUIKeywordMain.runKeyword(WebUIKeywordMain.groovy:26)
	at com.kms.katalon.core.webui.keyword.builtin.ClickKeyword.click(ClickKeyword.groovy:76)
	at com.kms.katalon.core.webui.keyword.builtin.ClickKeyword.execute(ClickKeyword.groovy:43)
	at com.kms.katalon.core.keyword.internal.KeywordExecutor.executeKeywordForPlatform(KeywordExecutor.groovy:72)
	at com.kms.katalon.core.webui.keyword.WebUiBuiltInKeywords.click(WebUiBuiltInKeywords.groovy:616)
	at com.kms.katalon.core.webui.keyword.WebUiBuiltInKeywords$click$3.call(Unknown Source)
	at TC_45_Edit_TeamDescription.run(TC_45_Edit_TeamDescription:32)
	at com.kms.katalon.core.main.ScriptEngine.run(ScriptEngine.java:194)
	at com.kms.katalon.core.main.ScriptEngine.runScriptAsRawText(ScriptEngine.java:119)
	at com.kms.katalon.core.main.TestCaseExecutor.runScript(TestCaseExecutor.java:337)
	at com.kms.katalon.core.main.TestCaseExecutor.doExecute(TestCaseExecutor.java:328)
	at com.kms.katalon.core.main.TestCaseExecutor.processExecutionPhase(TestCaseExecutor.java:307)
	at com.kms.katalon.core.main.TestCaseExecutor.accessMainPhase(TestCaseExecutor.java:299)
	at com.kms.katalon.core.main.TestCaseExecutor.execute(TestCaseExecutor.java:233)
	at com.kms.katalon.core.main.TestSuiteExecutor.accessTestCaseMainPhase(TestSuiteExecutor.java:169)
	at com.kms.katalon.core.main.TestSuiteExecutor.accessTestSuiteMainPhase(TestSuiteExecutor.java:142)
	at com.kms.katalon.core.main.TestSuiteExecutor.execute(TestSuiteExecutor.java:91)
	at com.kms.katalon.core.main.TestCaseMain.startTestSuite(TestCaseMain.java:157)
	at com.kms.katalon.core.main.TestCaseMain$startTestSuite$0.call(Unknown Source)
	at TempTestSuite1591355957104.run(TempTestSuite1591355957104.groovy:37)
Caused by: com.kms.katalon.core.webui.exception.WebElementNotFoundException: Web element with id: 'Object Repository/1612893/45_Edit_TeamDescription/Page_Thanh set Channel name - hcmus-cdnc-te_a699a0/span' located by 'By.xpath: //div[@id='headerInfo']/button/span' not found
	at com.kms.katalon.core.webui.common.WebUiCommonHelper.findWebElement(WebUiCommonHelper.java:1154)
	at com.kms.katalon.core.webui.keyword.internal.WebUIAbstractKeyword.findWebElement(WebUIAbstractKeyword.groovy:27)
	at com.kms.katalon.core.webui.keyword.internal.WebUIAbstractKeyword.findWebElement(WebUIAbstractKeyword.groovy:26)
	at com.kms.katalon.core.webui.keyword.builtin.ClickKeyword$_click_closure1.doCall(ClickKeyword.groovy:67)
	at com.kms.katalon.core.webui.keyword.builtin.ClickKeyword$_click_closure1.call(ClickKeyword.groovy)
	at com.kms.katalon.core.webui.keyword.internal.WebUIKeywordMain.runKeyword(WebUIKeywordMain.groovy:20)
	... 19 more


2020-06-05 18:48:18 - [TEST_STEP][PASSED] - openBrowser(""): Browser is opened with url: ''

2020-06-05 18:48:18 - [MESSAGE][INFO] - Starting 'Chrome' driver

2020-06-05 18:48:18 - [MESSAGE][INFO] - Action delay is set to 0 milliseconds

2020-06-05 18:48:23 - [MESSAGE][PASSED] - Browser is opened with url: ''

2020-06-05 18:48:23 - [TEST_STEP][PASSED] - navigateToUrl("http://localhost:8065/hcmus-cdnc-team/channels/town-square"): Navigate to 'http://localhost:8065/hcmus-cdnc-team/channels/town-square' successfully

2020-06-05 18:48:29 - [MESSAGE][PASSED] - Navigate to 'http://localhost:8065/hcmus-cdnc-team/channels/town-square' successfully

2020-06-05 18:48:29 - [TEST_STEP][PASSED] - setText(findTestObject("Object Repository/1612893/45_Edit_TeamDescription/Page_Mattermost/input_All team communication in one place s_703ef5"), "hcmus-cdnc@gmail.com"): Text 'hcmus-cdnc@gmail.com' is set on object 'Object Repository/1612893/45_Edit_TeamDescription/Page_Mattermost/input_All team communication in one place s_703ef5'

2020-06-05 18:48:36 - [MESSAGE][PASSED] - Text 'hcmus-cdnc@gmail.com' is set on object 'Object Repository/1612893/45_Edit_TeamDescription/Page_Mattermost/input_All team communication in one place s_703ef5'

2020-06-05 18:48:36 - [TEST_STEP][PASSED] - setEncryptedText(findTestObject("Object Repository/1612893/45_Edit_TeamDescription/Page_Mattermost/input_Please enter your password_password"), "aeHFOx8jV/A="): Text ****** has been set on object 'Object Repository/1612893/45_Edit_TeamDescription/Page_Mattermost/input_Please enter your password_password'

2020-06-05 18:48:37 - [MESSAGE][PASSED] - Text ****** has been set on object 'Object Repository/1612893/45_Edit_TeamDescription/Page_Mattermost/input_Please enter your password_password'

2020-06-05 18:48:37 - [TEST_STEP][PASSED] - sendKeys(findTestObject("Object Repository/1612893/45_Edit_TeamDescription/Page_Mattermost/input_Please enter your password_password"), Keys.chord(ENTER)): Keys 'ENTER + ' sent to object: 'Object Repository/1612893/45_Edit_TeamDescription/Page_Mattermost/input_Please enter your password_password'

2020-06-05 18:48:38 - [MESSAGE][PASSED] - Keys 'ENTER + ' sent to object: 'Object Repository/1612893/45_Edit_TeamDescription/Page_Mattermost/input_Please enter your password_password'

2020-06-05 18:48:38 - [TEST_STEP][FAILED] - click(findTestObject("Object Repository/1612893/45_Edit_TeamDescription/Page_Thanh set Channel name - hcmus-cdnc-te_a699a0/span")): Unable to click on object 'Object Repository/1612893/45_Edit_TeamDescription/Page_Thanh set Channel name - hcmus-cdnc-te_a699a0/span' (Root cause: com.kms.katalon.core.exception.StepFailedException: Unable to click on object 'Object Repository/1612893/45_Edit_TeamDescription/Page_Thanh set Channel name - hcmus-cdnc-te_a699a0/span'
	at com.kms.katalon.core.webui.keyword.internal.WebUIKeywordMain.stepFailed(WebUIKeywordMain.groovy:64)
	at com.kms.katalon.core.webui.keyword.internal.WebUIKeywordMain.runKeyword(WebUIKeywordMain.groovy:26)
	at com.kms.katalon.core.webui.keyword.builtin.ClickKeyword.click(ClickKeyword.groovy:76)
	at com.kms.katalon.core.webui.keyword.builtin.ClickKeyword.execute(ClickKeyword.groovy:43)
	at com.kms.katalon.core.keyword.internal.KeywordExecutor.executeKeywordForPlatform(KeywordExecutor.groovy:72)
	at com.kms.katalon.core.webui.keyword.WebUiBuiltInKeywords.click(WebUiBuiltInKeywords.groovy:616)
	at com.kms.katalon.core.webui.keyword.WebUiBuiltInKeywords$click$3.call(Unknown Source)
	at TC_45_Edit_TeamDescription.run(TC_45_Edit_TeamDescription:32)
	at com.kms.katalon.core.main.ScriptEngine.run(ScriptEngine.java:194)
	at com.kms.katalon.core.main.ScriptEngine.runScriptAsRawText(ScriptEngine.java:119)
	at com.kms.katalon.core.main.TestCaseExecutor.runScript(TestCaseExecutor.java:337)
	at com.kms.katalon.core.main.TestCaseExecutor.doExecute(TestCaseExecutor.java:328)
	at com.kms.katalon.core.main.TestCaseExecutor.processExecutionPhase(TestCaseExecutor.java:307)
	at com.kms.katalon.core.main.TestCaseExecutor.accessMainPhase(TestCaseExecutor.java:299)
	at com.kms.katalon.core.main.TestCaseExecutor.execute(TestCaseExecutor.java:233)
	at com.kms.katalon.core.main.TestSuiteExecutor.accessTestCaseMainPhase(TestSuiteExecutor.java:169)
	at com.kms.katalon.core.main.TestSuiteExecutor.accessTestSuiteMainPhase(TestSuiteExecutor.java:142)
	at com.kms.katalon.core.main.TestSuiteExecutor.execute(TestSuiteExecutor.java:91)
	at com.kms.katalon.core.main.TestCaseMain.startTestSuite(TestCaseMain.java:157)
	at com.kms.katalon.core.main.TestCaseMain$startTestSuite$0.call(Unknown Source)
	at TempTestSuite1591355957104.run(TempTestSuite1591355957104.groovy:37)
Caused by: com.kms.katalon.core.webui.exception.WebElementNotFoundException: Web element with id: 'Object Repository/1612893/45_Edit_TeamDescription/Page_Thanh set Channel name - hcmus-cdnc-te_a699a0/span' located by 'By.xpath: //div[@id='headerInfo']/button/span' not found
	at com.kms.katalon.core.webui.common.WebUiCommonHelper.findWebElement(WebUiCommonHelper.java:1154)
	at com.kms.katalon.core.webui.keyword.internal.WebUIAbstractKeyword.findWebElement(WebUIAbstractKeyword.groovy:27)
	at com.kms.katalon.core.webui.keyword.internal.WebUIAbstractKeyword.findWebElement(WebUIAbstractKeyword.groovy:26)
	at com.kms.katalon.core.webui.keyword.builtin.ClickKeyword$_click_closure1.doCall(ClickKeyword.groovy:67)
	at com.kms.katalon.core.webui.keyword.builtin.ClickKeyword$_click_closure1.call(ClickKeyword.groovy)
	at com.kms.katalon.core.webui.keyword.internal.WebUIKeywordMain.runKeyword(WebUIKeywordMain.groovy:20)
	at com.kms.katalon.core.webui.keyword.builtin.ClickKeyword.click(ClickKeyword.groovy:76)
	at com.kms.katalon.core.webui.keyword.builtin.ClickKeyword.execute(ClickKeyword.groovy:43)
	at com.kms.katalon.core.keyword.internal.KeywordExecutor.executeKeywordForPlatform(KeywordExecutor.groovy:72)
	at com.kms.katalon.core.webui.keyword.WebUiBuiltInKeywords.click(WebUiBuiltInKeywords.groovy:616)
	at com.kms.katalon.core.webui.keyword.WebUiBuiltInKeywords$click$3.call(Unknown Source)
	at Script1591197182790.run(Script1591197182790.groovy:32)
	... 13 more
)

2020-06-05 18:49:32 - [MESSAGE][INFO] - Unable to find the element located by 'By.xpath: //div[@id='headerInfo']/button/span'. Please recheck the objects properties to make sure the desired element is located. 

2020-06-05 18:49:33 - [MESSAGE][FAILED] - Unable to click on object 'Object Repository/1612893/45_Edit_TeamDescription/Page_Thanh set Channel name - hcmus-cdnc-te_a699a0/span' (Root cause: com.kms.katalon.core.exception.StepFailedException: Unable to click on object 'Object Repository/1612893/45_Edit_TeamDescription/Page_Thanh set Channel name - hcmus-cdnc-te_a699a0/span'
	at com.kms.katalon.core.webui.keyword.internal.WebUIKeywordMain.stepFailed(WebUIKeywordMain.groovy:64)
	at com.kms.katalon.core.webui.keyword.internal.WebUIKeywordMain.runKeyword(WebUIKeywordMain.groovy:26)
	at com.kms.katalon.core.webui.keyword.builtin.ClickKeyword.click(ClickKeyword.groovy:76)
	at com.kms.katalon.core.webui.keyword.builtin.ClickKeyword.execute(ClickKeyword.groovy:43)
	at com.kms.katalon.core.keyword.internal.KeywordExecutor.executeKeywordForPlatform(KeywordExecutor.groovy:72)
	at com.kms.katalon.core.webui.keyword.WebUiBuiltInKeywords.click(WebUiBuiltInKeywords.groovy:616)
	at com.kms.katalon.core.webui.keyword.WebUiBuiltInKeywords$click$3.call(Unknown Source)
	at TC_45_Edit_TeamDescription.run(TC_45_Edit_TeamDescription:32)
	at com.kms.katalon.core.main.ScriptEngine.run(ScriptEngine.java:194)
	at com.kms.katalon.core.main.ScriptEngine.runScriptAsRawText(ScriptEngine.java:119)
	at com.kms.katalon.core.main.TestCaseExecutor.runScript(TestCaseExecutor.java:337)
	at com.kms.katalon.core.main.TestCaseExecutor.doExecute(TestCaseExecutor.java:328)
	at com.kms.katalon.core.main.TestCaseExecutor.processExecutionPhase(TestCaseExecutor.java:307)
	at com.kms.katalon.core.main.TestCaseExecutor.accessMainPhase(TestCaseExecutor.java:299)
	at com.kms.katalon.core.main.TestCaseExecutor.execute(TestCaseExecutor.java:233)
	at com.kms.katalon.core.main.TestSuiteExecutor.accessTestCaseMainPhase(TestSuiteExecutor.java:169)
	at com.kms.katalon.core.main.TestSuiteExecutor.accessTestSuiteMainPhase(TestSuiteExecutor.java:142)
	at com.kms.katalon.core.main.TestSuiteExecutor.execute(TestSuiteExecutor.java:91)
	at com.kms.katalon.core.main.TestCaseMain.startTestSuite(TestCaseMain.java:157)
	at com.kms.katalon.core.main.TestCaseMain$startTestSuite$0.call(Unknown Source)
	at TempTestSuite1591355957104.run(TempTestSuite1591355957104.groovy:37)
Caused by: com.kms.katalon.core.webui.exception.WebElementNotFoundException: Web element with id: 'Object Repository/1612893/45_Edit_TeamDescription/Page_Thanh set Channel name - hcmus-cdnc-te_a699a0/span' located by 'By.xpath: //div[@id='headerInfo']/button/span' not found
	at com.kms.katalon.core.webui.common.WebUiCommonHelper.findWebElement(WebUiCommonHelper.java:1154)
	at com.kms.katalon.core.webui.keyword.internal.WebUIAbstractKeyword.findWebElement(WebUIAbstractKeyword.groovy:27)
	at com.kms.katalon.core.webui.keyword.internal.WebUIAbstractKeyword.findWebElement(WebUIAbstractKeyword.groovy:26)
	at com.kms.katalon.core.webui.keyword.builtin.ClickKeyword$_click_closure1.doCall(ClickKeyword.groovy:67)
	at com.kms.katalon.core.webui.keyword.builtin.ClickKeyword$_click_closure1.call(ClickKeyword.groovy)
	at com.kms.katalon.core.webui.keyword.internal.WebUIKeywordMain.runKeyword(WebUIKeywordMain.groovy:20)
	at com.kms.katalon.core.webui.keyword.builtin.ClickKeyword.click(ClickKeyword.groovy:76)
	at com.kms.katalon.core.webui.keyword.builtin.ClickKeyword.execute(ClickKeyword.groovy:43)
	at com.kms.katalon.core.keyword.internal.KeywordExecutor.executeKeywordForPlatform(KeywordExecutor.groovy:72)
	at com.kms.katalon.core.webui.keyword.WebUiBuiltInKeywords.click(WebUiBuiltInKeywords.groovy:616)
	at com.kms.katalon.core.webui.keyword.WebUiBuiltInKeywords$click$3.call(Unknown Source)
	at Script1591197182790.run(Script1591197182790.groovy:32)
	... 13 more
)
[[ATTACHMENT|C:\\Users\\XuanNghiem\\Katalon Studio\\cdnc-homeword02\\Reports\\20200605_181916\\Run all test case\\20200605_181916\\1591357772708.png]]]]></system-out>
         <system-err><![CDATA[2020-06-05 18:48:17 - [TEST_CASE][FAILED] - Test Cases/1612893/TC_45_Edit_TeamDescription: Test Cases/1612893/TC_45_Edit_TeamDescription FAILED.
Reason:
com.kms.katalon.core.exception.StepFailedException: Unable to click on object 'Object Repository/1612893/45_Edit_TeamDescription/Page_Thanh set Channel name - hcmus-cdnc-te_a699a0/span'
	at com.kms.katalon.core.webui.keyword.internal.WebUIKeywordMain.stepFailed(WebUIKeywordMain.groovy:64)
	at com.kms.katalon.core.webui.keyword.internal.WebUIKeywordMain.runKeyword(WebUIKeywordMain.groovy:26)
	at com.kms.katalon.core.webui.keyword.builtin.ClickKeyword.click(ClickKeyword.groovy:76)
	at com.kms.katalon.core.webui.keyword.builtin.ClickKeyword.execute(ClickKeyword.groovy:43)
	at com.kms.katalon.core.keyword.internal.KeywordExecutor.executeKeywordForPlatform(KeywordExecutor.groovy:72)
	at com.kms.katalon.core.webui.keyword.WebUiBuiltInKeywords.click(WebUiBuiltInKeywords.groovy:616)
	at com.kms.katalon.core.webui.keyword.WebUiBuiltInKeywords$click$3.call(Unknown Source)
	at TC_45_Edit_TeamDescription.run(TC_45_Edit_TeamDescription:32)
	at com.kms.katalon.core.main.ScriptEngine.run(ScriptEngine.java:194)
	at com.kms.katalon.core.main.ScriptEngine.runScriptAsRawText(ScriptEngine.java:119)
	at com.kms.katalon.core.main.TestCaseExecutor.runScript(TestCaseExecutor.java:337)
	at com.kms.katalon.core.main.TestCaseExecutor.doExecute(TestCaseExecutor.java:328)
	at com.kms.katalon.core.main.TestCaseExecutor.processExecutionPhase(TestCaseExecutor.java:307)
	at com.kms.katalon.core.main.TestCaseExecutor.accessMainPhase(TestCaseExecutor.java:299)
	at com.kms.katalon.core.main.TestCaseExecutor.execute(TestCaseExecutor.java:233)
	at com.kms.katalon.core.main.TestSuiteExecutor.accessTestCaseMainPhase(TestSuiteExecutor.java:169)
	at com.kms.katalon.core.main.TestSuiteExecutor.accessTestSuiteMainPhase(TestSuiteExecutor.java:142)
	at com.kms.katalon.core.main.TestSuiteExecutor.execute(TestSuiteExecutor.java:91)
	at com.kms.katalon.core.main.TestCaseMain.startTestSuite(TestCaseMain.java:157)
	at com.kms.katalon.core.main.TestCaseMain$startTestSuite$0.call(Unknown Source)
	at TempTestSuite1591355957104.run(TempTestSuite1591355957104.groovy:37)
Caused by: com.kms.katalon.core.webui.exception.WebElementNotFoundException: Web element with id: 'Object Repository/1612893/45_Edit_TeamDescription/Page_Thanh set Channel name - hcmus-cdnc-te_a699a0/span' located by 'By.xpath: //div[@id='headerInfo']/button/span' not found
	at com.kms.katalon.core.webui.common.WebUiCommonHelper.findWebElement(WebUiCommonHelper.java:1154)
	at com.kms.katalon.core.webui.keyword.internal.WebUIAbstractKeyword.findWebElement(WebUIAbstractKeyword.groovy:27)
	at com.kms.katalon.core.webui.keyword.internal.WebUIAbstractKeyword.findWebElement(WebUIAbstractKeyword.groovy:26)
	at com.kms.katalon.core.webui.keyword.builtin.ClickKeyword$_click_closure1.doCall(ClickKeyword.groovy:67)
	at com.kms.katalon.core.webui.keyword.builtin.ClickKeyword$_click_closure1.call(ClickKeyword.groovy)
	at com.kms.katalon.core.webui.keyword.internal.WebUIKeywordMain.runKeyword(WebUIKeywordMain.groovy:20)
	... 19 more]]></system-err>
      </testcase>
      <testcase name="Test Cases/1612893/TC_46_ViewMember" time="58.498" classname="Test Cases/1612893/TC_46_ViewMember" status="PASSED">
         <system-out><![CDATA[2020-06-05 18:49:33 - [TEST_CASE][PASSED] - Test Cases/1612893/TC_46_ViewMember: Test Cases/1612893/TC_46_ViewMember

2020-06-05 18:49:33 - [TEST_STEP][PASSED] - callTestCase(findTestCase("1612893/TC_Login"), ["username":"hcmus-cdnc@gmail.com", "password":"aeHFOx8jV/A="], STOP_ON_FAILURE): Call Test Case 'Test Cases/1612893/TC_Login' successfully

2020-06-05 18:49:34 - [TEST_CASE][PASSED] - Test Cases/1612893/TC_Login: Test Cases/1612893/TC_Login

2020-06-05 18:49:34 - [TEST_STEP][PASSED] - openBrowser(""): Browser is opened with url: ''

2020-06-05 18:49:34 - [MESSAGE][WARNING] - A browser is already opened. Closing browser and opening a new one

2020-06-05 18:49:41 - [MESSAGE][INFO] - Starting 'Chrome' driver

2020-06-05 18:49:41 - [MESSAGE][INFO] - Action delay is set to 0 milliseconds

2020-06-05 18:49:45 - [MESSAGE][PASSED] - Browser is opened with url: ''

2020-06-05 18:49:45 - [TEST_STEP][PASSED] - navigateToUrl("http://localhost:8065/login"): Navigate to 'http://localhost:8065/login' successfully

2020-06-05 18:49:52 - [MESSAGE][PASSED] - Navigate to 'http://localhost:8065/login' successfully

2020-06-05 18:49:52 - [TEST_STEP][PASSED] - setText(findTestObject("Object Repository/1612427/01_Login/Page_Mattermost/input_All team communication in one place s_703ef5"), "hcmus-cdnc@gmail.com"): Text 'hcmus-cdnc@gmail.com' is set on object 'Object Repository/1612427/01_Login/Page_Mattermost/input_All team communication in one place s_703ef5'

2020-06-05 18:49:57 - [MESSAGE][PASSED] - Text 'hcmus-cdnc@gmail.com' is set on object 'Object Repository/1612427/01_Login/Page_Mattermost/input_All team communication in one place s_703ef5'

2020-06-05 18:49:57 - [TEST_STEP][PASSED] - setEncryptedText(findTestObject("Object Repository/1612427/01_Login/Page_Mattermost/input_All team communication in one place s_2f2733"), "aeHFOx8jV/A="): Text ****** has been set on object 'Object Repository/1612427/01_Login/Page_Mattermost/input_All team communication in one place s_2f2733'

2020-06-05 18:49:58 - [MESSAGE][PASSED] - Text ****** has been set on object 'Object Repository/1612427/01_Login/Page_Mattermost/input_All team communication in one place s_2f2733'

2020-06-05 18:49:58 - [TEST_STEP][PASSED] - click(findTestObject("Object Repository/1612427/01_Login/Page_Mattermost/span_Sign in")): Object: 'Object Repository/1612427/01_Login/Page_Mattermost/span_Sign in' is clicked on

2020-06-05 18:49:59 - [MESSAGE][PASSED] - Object: 'Object Repository/1612427/01_Login/Page_Mattermost/span_Sign in' is clicked on

2020-06-05 18:49:59 - [MESSAGE][PASSED] - Call Test Case 'Test Cases/1612893/TC_Login' successfully

2020-06-05 18:49:59 - [TEST_STEP][PASSED] - callTestCase(findTestCase("1612893/TC_ViewMember"), [:], STOP_ON_FAILURE): Call Test Case 'Test Cases/1612893/TC_ViewMember' successfully

2020-06-05 18:49:59 - [TEST_CASE][PASSED] - Test Cases/1612893/TC_ViewMember: Test Cases/1612893/TC_ViewMember

2020-06-05 18:50:00 - [TEST_STEP][PASSED] - click(findTestObject("Object Repository/1612893/ViewMember/Page_Thanh set Channel name - hcmus-cdnc-te_a699a0/span_Thanh set Channel name_channelHeaderDr_8caf36")): Object: 'Object Repository/1612893/ViewMember/Page_Thanh set Channel name - hcmus-cdnc-te_a699a0/span_Thanh set Channel name_channelHeaderDr_8caf36' is clicked on

2020-06-05 18:50:12 - [MESSAGE][PASSED] - Object: 'Object Repository/1612893/ViewMember/Page_Thanh set Channel name - hcmus-cdnc-te_a699a0/span_Thanh set Channel name_channelHeaderDr_8caf36' is clicked on

2020-06-05 18:50:12 - [TEST_STEP][PASSED] - click(findTestObject("Object Repository/1612893/ViewMember/Page_Thanh set Channel name - hcmus-cdnc-te_a699a0/span_View Members")): Object: 'Object Repository/1612893/ViewMember/Page_Thanh set Channel name - hcmus-cdnc-te_a699a0/span_View Members' is clicked on

2020-06-05 18:50:13 - [MESSAGE][PASSED] - Object: 'Object Repository/1612893/ViewMember/Page_Thanh set Channel name - hcmus-cdnc-te_a699a0/span_View Members' is clicked on

2020-06-05 18:50:13 - [TEST_STEP][PASSED] - click(findTestObject("Object Repository/1612893/ViewMember/Page_Thanh set Channel name - hcmus-cdnc-te_a699a0/span_")): Object: 'Object Repository/1612893/ViewMember/Page_Thanh set Channel name - hcmus-cdnc-te_a699a0/span_' is clicked on

2020-06-05 18:50:22 - [MESSAGE][PASSED] - Object: 'Object Repository/1612893/ViewMember/Page_Thanh set Channel name - hcmus-cdnc-te_a699a0/span_' is clicked on

2020-06-05 18:50:22 - [TEST_STEP][PASSED] - closeBrowser(): Browser is closed

2020-06-05 18:50:31 - [MESSAGE][PASSED] - Browser is closed

2020-06-05 18:50:31 - [MESSAGE][PASSED] - Call Test Case 'Test Cases/1612893/TC_ViewMember' successfully]]></system-out>
         <system-err><![CDATA[]]></system-err>
      </testcase>
      <testcase name="Test Cases/1612893/TC_47_FlaggedPost" time="32.993" classname="Test Cases/1612893/TC_47_FlaggedPost" status="PASSED">
         <system-out><![CDATA[2020-06-05 18:50:31 - [TEST_CASE][PASSED] - Test Cases/1612893/TC_47_FlaggedPost: Test Cases/1612893/TC_47_FlaggedPost

2020-06-05 18:50:32 - [TEST_STEP][PASSED] - callTestCase(findTestCase("1612893/TC_Login"), ["username":"hcmus-cdnc@gmail.com", "password":"aeHFOx8jV/A="], STOP_ON_FAILURE): Call Test Case 'Test Cases/1612893/TC_Login' successfully

2020-06-05 18:50:32 - [TEST_CASE][PASSED] - Test Cases/1612893/TC_Login: Test Cases/1612893/TC_Login

2020-06-05 18:50:32 - [TEST_STEP][PASSED] - openBrowser(""): Browser is opened with url: ''

2020-06-05 18:50:32 - [MESSAGE][INFO] - Starting 'Chrome' driver

2020-06-05 18:50:32 - [MESSAGE][INFO] - Action delay is set to 0 milliseconds

2020-06-05 18:50:38 - [MESSAGE][PASSED] - Browser is opened with url: ''

2020-06-05 18:50:38 - [TEST_STEP][PASSED] - navigateToUrl("http://localhost:8065/login"): Navigate to 'http://localhost:8065/login' successfully

2020-06-05 18:50:43 - [MESSAGE][PASSED] - Navigate to 'http://localhost:8065/login' successfully

2020-06-05 18:50:43 - [TEST_STEP][PASSED] - setText(findTestObject("Object Repository/1612427/01_Login/Page_Mattermost/input_All team communication in one place s_703ef5"), "hcmus-cdnc@gmail.com"): Text 'hcmus-cdnc@gmail.com' is set on object 'Object Repository/1612427/01_Login/Page_Mattermost/input_All team communication in one place s_703ef5'

2020-06-05 18:50:49 - [MESSAGE][PASSED] - Text 'hcmus-cdnc@gmail.com' is set on object 'Object Repository/1612427/01_Login/Page_Mattermost/input_All team communication in one place s_703ef5'

2020-06-05 18:50:49 - [TEST_STEP][PASSED] - setEncryptedText(findTestObject("Object Repository/1612427/01_Login/Page_Mattermost/input_All team communication in one place s_2f2733"), "aeHFOx8jV/A="): Text ****** has been set on object 'Object Repository/1612427/01_Login/Page_Mattermost/input_All team communication in one place s_2f2733'

2020-06-05 18:50:50 - [MESSAGE][PASSED] - Text ****** has been set on object 'Object Repository/1612427/01_Login/Page_Mattermost/input_All team communication in one place s_2f2733'

2020-06-05 18:50:50 - [TEST_STEP][PASSED] - click(findTestObject("Object Repository/1612427/01_Login/Page_Mattermost/span_Sign in")): Object: 'Object Repository/1612427/01_Login/Page_Mattermost/span_Sign in' is clicked on

2020-06-05 18:50:51 - [MESSAGE][PASSED] - Object: 'Object Repository/1612427/01_Login/Page_Mattermost/span_Sign in' is clicked on

2020-06-05 18:50:51 - [MESSAGE][PASSED] - Call Test Case 'Test Cases/1612893/TC_Login' successfully

2020-06-05 18:50:51 - [TEST_STEP][PASSED] - callTestCase(findTestCase("1612893/TC_Flagged_Post"), [:], STOP_ON_FAILURE): Call Test Case 'Test Cases/1612893/TC_Flagged_Post' successfully

2020-06-05 18:50:51 - [TEST_CASE][PASSED] - Test Cases/1612893/TC_Flagged_Post: Test Cases/1612893/TC_Flagged_Post

2020-06-05 18:50:52 - [TEST_STEP][PASSED] - click(findTestObject("Object Repository/1612893/Flagged_Post/Page_Thanh set Channel name - hcmus-cdnc-te_a699a0/button_dash_channelHeaderFlagButton")): Object: 'Object Repository/1612893/Flagged_Post/Page_Thanh set Channel name - hcmus-cdnc-te_a699a0/button_dash_channelHeaderFlagButton' is clicked on

2020-06-05 18:51:03 - [MESSAGE][PASSED] - Object: 'Object Repository/1612893/Flagged_Post/Page_Thanh set Channel name - hcmus-cdnc-te_a699a0/button_dash_channelHeaderFlagButton' is clicked on

2020-06-05 18:51:03 - [TEST_STEP][PASSED] - closeBrowser(): Browser is closed

2020-06-05 18:51:04 - [MESSAGE][PASSED] - Browser is closed

2020-06-05 18:51:04 - [MESSAGE][PASSED] - Call Test Case 'Test Cases/1612893/TC_Flagged_Post' successfully]]></system-out>
         <system-err><![CDATA[]]></system-err>
      </testcase>
      <testcase name="Test Cases/1612893/TC_48_ViewInfo" time="31.124" classname="Test Cases/1612893/TC_48_ViewInfo" status="PASSED">
         <system-out><![CDATA[2020-06-05 18:51:04 - [TEST_CASE][PASSED] - Test Cases/1612893/TC_48_ViewInfo: Test Cases/1612893/TC_48_ViewInfo

2020-06-05 18:51:05 - [TEST_STEP][PASSED] - callTestCase(findTestCase("1612893/TC_Login"), ["username":"hcmus-cdnc@gmail.com", "password":"aeHFOx8jV/A="], STOP_ON_FAILURE): Call Test Case 'Test Cases/1612893/TC_Login' successfully

2020-06-05 18:51:05 - [TEST_CASE][PASSED] - Test Cases/1612893/TC_Login: Test Cases/1612893/TC_Login

2020-06-05 18:51:05 - [TEST_STEP][PASSED] - openBrowser(""): Browser is opened with url: ''

2020-06-05 18:51:05 - [MESSAGE][INFO] - Starting 'Chrome' driver

2020-06-05 18:51:05 - [MESSAGE][INFO] - Action delay is set to 0 milliseconds

2020-06-05 18:51:10 - [MESSAGE][PASSED] - Browser is opened with url: ''

2020-06-05 18:51:10 - [TEST_STEP][PASSED] - navigateToUrl("http://localhost:8065/login"): Navigate to 'http://localhost:8065/login' successfully

2020-06-05 18:51:15 - [MESSAGE][PASSED] - Navigate to 'http://localhost:8065/login' successfully

2020-06-05 18:51:15 - [TEST_STEP][PASSED] - setText(findTestObject("Object Repository/1612427/01_Login/Page_Mattermost/input_All team communication in one place s_703ef5"), "hcmus-cdnc@gmail.com"): Text 'hcmus-cdnc@gmail.com' is set on object 'Object Repository/1612427/01_Login/Page_Mattermost/input_All team communication in one place s_703ef5'

2020-06-05 18:51:19 - [MESSAGE][PASSED] - Text 'hcmus-cdnc@gmail.com' is set on object 'Object Repository/1612427/01_Login/Page_Mattermost/input_All team communication in one place s_703ef5'

2020-06-05 18:51:19 - [TEST_STEP][PASSED] - setEncryptedText(findTestObject("Object Repository/1612427/01_Login/Page_Mattermost/input_All team communication in one place s_2f2733"), "aeHFOx8jV/A="): Text ****** has been set on object 'Object Repository/1612427/01_Login/Page_Mattermost/input_All team communication in one place s_2f2733'

2020-06-05 18:51:20 - [MESSAGE][PASSED] - Text ****** has been set on object 'Object Repository/1612427/01_Login/Page_Mattermost/input_All team communication in one place s_2f2733'

2020-06-05 18:51:20 - [TEST_STEP][PASSED] - click(findTestObject("Object Repository/1612427/01_Login/Page_Mattermost/span_Sign in")): Object: 'Object Repository/1612427/01_Login/Page_Mattermost/span_Sign in' is clicked on

2020-06-05 18:51:21 - [MESSAGE][PASSED] - Object: 'Object Repository/1612427/01_Login/Page_Mattermost/span_Sign in' is clicked on

2020-06-05 18:51:21 - [MESSAGE][PASSED] - Call Test Case 'Test Cases/1612893/TC_Login' successfully

2020-06-05 18:51:21 - [TEST_STEP][PASSED] - callTestCase(findTestCase("1612893/TC_ViewInfo"), [:], STOP_ON_FAILURE): Call Test Case 'Test Cases/1612893/TC_ViewInfo' successfully

2020-06-05 18:51:21 - [TEST_CASE][PASSED] - Test Cases/1612893/TC_ViewInfo: Test Cases/1612893/TC_ViewInfo

2020-06-05 18:51:22 - [TEST_STEP][PASSED] - click(findTestObject("1612893/ViewInfo/Page_Thanh set Channel name - hcmus-cdnc-te_a699a0/span_Thanh set Channel name_channelHeaderDr_8caf36")): Object: 'Object Repository/1612893/ViewInfo/Page_Thanh set Channel name - hcmus-cdnc-te_a699a0/span_Thanh set Channel name_channelHeaderDr_8caf36' is clicked on

2020-06-05 18:51:32 - [MESSAGE][PASSED] - Object: 'Object Repository/1612893/ViewInfo/Page_Thanh set Channel name - hcmus-cdnc-te_a699a0/span_Thanh set Channel name_channelHeaderDr_8caf36' is clicked on

2020-06-05 18:51:32 - [TEST_STEP][PASSED] - click(findTestObject("1612893/ViewInfo/Page_Thanh set Channel name - hcmus-cdnc-te_a699a0/span_View Info")): Object: 'Object Repository/1612893/ViewInfo/Page_Thanh set Channel name - hcmus-cdnc-te_a699a0/span_View Info' is clicked on

2020-06-05 18:51:33 - [MESSAGE][PASSED] - Object: 'Object Repository/1612893/ViewInfo/Page_Thanh set Channel name - hcmus-cdnc-te_a699a0/span_View Info' is clicked on

2020-06-05 18:51:33 - [TEST_STEP][PASSED] - click(findTestObject("1612893/ViewInfo/Page_Thanh set Channel name - hcmus-cdnc-te_a699a0/span_")): Object: 'Object Repository/1612893/ViewInfo/Page_Thanh set Channel name - hcmus-cdnc-te_a699a0/span_' is clicked on

2020-06-05 18:51:33 - [MESSAGE][PASSED] - Object: 'Object Repository/1612893/ViewInfo/Page_Thanh set Channel name - hcmus-cdnc-te_a699a0/span_' is clicked on

2020-06-05 18:51:33 - [TEST_STEP][PASSED] - closeBrowser(): Browser is closed

2020-06-05 18:51:35 - [MESSAGE][PASSED] - Browser is closed

2020-06-05 18:51:35 - [MESSAGE][PASSED] - Call Test Case 'Test Cases/1612893/TC_ViewInfo' successfully]]></system-out>
         <system-err><![CDATA[]]></system-err>
      </testcase>
      <testcase name="Test Cases/1612893/TC_49_PinPost" time="54.542" classname="Test Cases/1612893/TC_49_PinPost" status="PASSED">
         <system-out><![CDATA[2020-06-05 18:51:35 - [TEST_CASE][PASSED] - Test Cases/1612893/TC_49_PinPost: Test Cases/1612893/TC_49_PinPost

2020-06-05 18:51:36 - [TEST_STEP][PASSED] - callTestCase(findTestCase("1612893/TC_Login"), ["username":"hcmus-cdnc@gmail.com", "password":"aeHFOx8jV/A="], STOP_ON_FAILURE): Call Test Case 'Test Cases/1612893/TC_Login' successfully

2020-06-05 18:51:36 - [TEST_CASE][PASSED] - Test Cases/1612893/TC_Login: Test Cases/1612893/TC_Login

2020-06-05 18:51:36 - [TEST_STEP][PASSED] - openBrowser(""): Browser is opened with url: ''

2020-06-05 18:51:36 - [MESSAGE][INFO] - Starting 'Chrome' driver

2020-06-05 18:51:36 - [MESSAGE][INFO] - Action delay is set to 0 milliseconds

2020-06-05 18:51:41 - [MESSAGE][PASSED] - Browser is opened with url: ''

2020-06-05 18:51:41 - [TEST_STEP][PASSED] - navigateToUrl("http://localhost:8065/login"): Navigate to 'http://localhost:8065/login' successfully

2020-06-05 18:51:50 - [MESSAGE][PASSED] - Navigate to 'http://localhost:8065/login' successfully

2020-06-05 18:51:50 - [TEST_STEP][PASSED] - setText(findTestObject("Object Repository/1612427/01_Login/Page_Mattermost/input_All team communication in one place s_703ef5"), "hcmus-cdnc@gmail.com"): Text 'hcmus-cdnc@gmail.com' is set on object 'Object Repository/1612427/01_Login/Page_Mattermost/input_All team communication in one place s_703ef5'

2020-06-05 18:51:57 - [MESSAGE][PASSED] - Text 'hcmus-cdnc@gmail.com' is set on object 'Object Repository/1612427/01_Login/Page_Mattermost/input_All team communication in one place s_703ef5'

2020-06-05 18:51:57 - [TEST_STEP][PASSED] - setEncryptedText(findTestObject("Object Repository/1612427/01_Login/Page_Mattermost/input_All team communication in one place s_2f2733"), "aeHFOx8jV/A="): Text ****** has been set on object 'Object Repository/1612427/01_Login/Page_Mattermost/input_All team communication in one place s_2f2733'

2020-06-05 18:51:59 - [MESSAGE][PASSED] - Text ****** has been set on object 'Object Repository/1612427/01_Login/Page_Mattermost/input_All team communication in one place s_2f2733'

2020-06-05 18:51:59 - [TEST_STEP][PASSED] - click(findTestObject("Object Repository/1612427/01_Login/Page_Mattermost/span_Sign in")): Object: 'Object Repository/1612427/01_Login/Page_Mattermost/span_Sign in' is clicked on

2020-06-05 18:52:00 - [MESSAGE][PASSED] - Object: 'Object Repository/1612427/01_Login/Page_Mattermost/span_Sign in' is clicked on

2020-06-05 18:52:00 - [MESSAGE][PASSED] - Call Test Case 'Test Cases/1612893/TC_Login' successfully

2020-06-05 18:52:00 - [TEST_STEP][PASSED] - callTestCase(findTestCase("1612893/TC_PinPost"), [:], STOP_ON_FAILURE): Call Test Case 'Test Cases/1612893/TC_PinPost' successfully

2020-06-05 18:52:00 - [TEST_CASE][PASSED] - Test Cases/1612893/TC_PinPost: Test Cases/1612893/TC_PinPost

2020-06-05 18:52:01 - [TEST_STEP][PASSED] - click(findTestObject("Object Repository/1612893/PinPost/Page_Thanh set Channel name - hcmus-cdnc-te_a699a0/button_Thanh set Channel name_channelHeader_632246")): Object: 'Object Repository/1612893/PinPost/Page_Thanh set Channel name - hcmus-cdnc-te_a699a0/button_Thanh set Channel name_channelHeader_632246' is clicked on

2020-06-05 18:52:21 - [MESSAGE][PASSED] - Object: 'Object Repository/1612893/PinPost/Page_Thanh set Channel name - hcmus-cdnc-te_a699a0/button_Thanh set Channel name_channelHeader_632246' is clicked on

2020-06-05 18:52:21 - [TEST_STEP][PASSED] - closeBrowser(): Browser is closed

2020-06-05 18:52:30 - [MESSAGE][PASSED] - Browser is closed

2020-06-05 18:52:30 - [MESSAGE][PASSED] - Call Test Case 'Test Cases/1612893/TC_PinPost' successfully]]></system-out>
         <system-err><![CDATA[]]></system-err>
      </testcase>
      <testcase name="Test Cases/1612893/TC_50_AddToFavorite" time="37.976" classname="Test Cases/1612893/TC_50_AddToFavorite" status="PASSED">
         <system-out><![CDATA[2020-06-05 18:52:30 - [TEST_CASE][PASSED] - Test Cases/1612893/TC_50_AddToFavorite: Test Cases/1612893/TC_50_AddToFavorite

2020-06-05 18:52:31 - [TEST_STEP][PASSED] - callTestCase(findTestCase("1612893/TC_Login"), ["username":"hcmus-cdnc@gmail.com", "password":"aeHFOx8jV/A="], STOP_ON_FAILURE): Call Test Case 'Test Cases/1612893/TC_Login' successfully

2020-06-05 18:52:31 - [TEST_CASE][PASSED] - Test Cases/1612893/TC_Login: Test Cases/1612893/TC_Login

2020-06-05 18:52:31 - [TEST_STEP][PASSED] - openBrowser(""): Browser is opened with url: ''

2020-06-05 18:52:31 - [MESSAGE][INFO] - Starting 'Chrome' driver

2020-06-05 18:52:31 - [MESSAGE][INFO] - Action delay is set to 0 milliseconds

2020-06-05 18:52:37 - [MESSAGE][PASSED] - Browser is opened with url: ''

2020-06-05 18:52:37 - [TEST_STEP][PASSED] - navigateToUrl("http://localhost:8065/login"): Navigate to 'http://localhost:8065/login' successfully

2020-06-05 18:52:43 - [MESSAGE][PASSED] - Navigate to 'http://localhost:8065/login' successfully

2020-06-05 18:52:43 - [TEST_STEP][PASSED] - setText(findTestObject("Object Repository/1612427/01_Login/Page_Mattermost/input_All team communication in one place s_703ef5"), "hcmus-cdnc@gmail.com"): Text 'hcmus-cdnc@gmail.com' is set on object 'Object Repository/1612427/01_Login/Page_Mattermost/input_All team communication in one place s_703ef5'

2020-06-05 18:52:50 - [MESSAGE][PASSED] - Text 'hcmus-cdnc@gmail.com' is set on object 'Object Repository/1612427/01_Login/Page_Mattermost/input_All team communication in one place s_703ef5'

2020-06-05 18:52:50 - [TEST_STEP][PASSED] - setEncryptedText(findTestObject("Object Repository/1612427/01_Login/Page_Mattermost/input_All team communication in one place s_2f2733"), "aeHFOx8jV/A="): Text ****** has been set on object 'Object Repository/1612427/01_Login/Page_Mattermost/input_All team communication in one place s_2f2733'

2020-06-05 18:52:51 - [MESSAGE][PASSED] - Text ****** has been set on object 'Object Repository/1612427/01_Login/Page_Mattermost/input_All team communication in one place s_2f2733'

2020-06-05 18:52:51 - [TEST_STEP][PASSED] - click(findTestObject("Object Repository/1612427/01_Login/Page_Mattermost/span_Sign in")): Object: 'Object Repository/1612427/01_Login/Page_Mattermost/span_Sign in' is clicked on

2020-06-05 18:52:52 - [MESSAGE][PASSED] - Object: 'Object Repository/1612427/01_Login/Page_Mattermost/span_Sign in' is clicked on

2020-06-05 18:52:52 - [MESSAGE][PASSED] - Call Test Case 'Test Cases/1612893/TC_Login' successfully

2020-06-05 18:52:52 - [TEST_STEP][PASSED] - callTestCase(findTestCase("1612893/TC_AddToFavorite"), [:], STOP_ON_FAILURE): Call Test Case 'Test Cases/1612893/TC_AddToFavorite' successfully

2020-06-05 18:52:52 - [TEST_CASE][PASSED] - Test Cases/1612893/TC_AddToFavorite: Test Cases/1612893/TC_AddToFavorite

2020-06-05 18:52:53 - [TEST_STEP][PASSED] - click(findTestObject("Object Repository/1612893/AddToFavorite/Page_Thanh set Channel name - hcmus-cdnc-te_a699a0/i_Drop a file to upload it_icon fa fa-star-o")): Object: 'Object Repository/1612893/AddToFavorite/Page_Thanh set Channel name - hcmus-cdnc-te_a699a0/i_Drop a file to upload it_icon fa fa-star-o' is clicked on

2020-06-05 18:53:06 - [MESSAGE][PASSED] - Object: 'Object Repository/1612893/AddToFavorite/Page_Thanh set Channel name - hcmus-cdnc-te_a699a0/i_Drop a file to upload it_icon fa fa-star-o' is clicked on

2020-06-05 18:53:06 - [TEST_STEP][PASSED] - closeBrowser(): Browser is closed

2020-06-05 18:53:08 - [MESSAGE][PASSED] - Browser is closed

2020-06-05 18:53:08 - [MESSAGE][PASSED] - Call Test Case 'Test Cases/1612893/TC_AddToFavorite' successfully]]></system-out>
         <system-err><![CDATA[]]></system-err>
      </testcase>
      <testcase name="Test Cases/1612893/TC_AddToFavorite" time="0.183" classname="Test Cases/1612893/TC_AddToFavorite" status="FAILED">
         <failure type="FAILED" message="Test Cases/1612893/TC_AddToFavorite FAILED.
Reason:
com.kms.katalon.core.exception.StepFailedException: Unable to click on object 'Object Repository/1612893/AddToFavorite/Page_Thanh set Channel name - hcmus-cdnc-te_a699a0/i_Drop a file to upload it_icon fa fa-star-o'
	at com.kms.katalon.core.webui.keyword.internal.WebUIKeywordMain.stepFailed(WebUIKeywordMain.groovy:64)
	at com.kms.katalon.core.webui.keyword.internal.WebUIKeywordMain.runKeyword(WebUIKeywordMain.groovy:26)
	at com.kms.katalon.core.webui.keyword.builtin.ClickKeyword.click(ClickKeyword.groovy:76)
	at com.kms.katalon.core.webui.keyword.builtin.ClickKeyword.execute(ClickKeyword.groovy:43)
	at com.kms.katalon.core.keyword.internal.KeywordExecutor.executeKeywordForPlatform(KeywordExecutor.groovy:72)
	at com.kms.katalon.core.webui.keyword.WebUiBuiltInKeywords.click(WebUiBuiltInKeywords.groovy:616)
	at com.kms.katalon.core.webui.keyword.WebUiBuiltInKeywords$click$3.call(Unknown Source)
	at TC_AddToFavorite.run(TC_AddToFavorite:19)
	at com.kms.katalon.core.main.ScriptEngine.run(ScriptEngine.java:194)
	at com.kms.katalon.core.main.ScriptEngine.runScriptAsRawText(ScriptEngine.java:119)
	at com.kms.katalon.core.main.TestCaseExecutor.runScript(TestCaseExecutor.java:337)
	at com.kms.katalon.core.main.TestCaseExecutor.doExecute(TestCaseExecutor.java:328)
	at com.kms.katalon.core.main.TestCaseExecutor.processExecutionPhase(TestCaseExecutor.java:307)
	at com.kms.katalon.core.main.TestCaseExecutor.accessMainPhase(TestCaseExecutor.java:299)
	at com.kms.katalon.core.main.TestCaseExecutor.execute(TestCaseExecutor.java:233)
	at com.kms.katalon.core.main.TestSuiteExecutor.accessTestCaseMainPhase(TestSuiteExecutor.java:169)
	at com.kms.katalon.core.main.TestSuiteExecutor.accessTestSuiteMainPhase(TestSuiteExecutor.java:142)
	at com.kms.katalon.core.main.TestSuiteExecutor.execute(TestSuiteExecutor.java:91)
	at com.kms.katalon.core.main.TestCaseMain.startTestSuite(TestCaseMain.java:157)
	at com.kms.katalon.core.main.TestCaseMain$startTestSuite$0.call(Unknown Source)
	at TempTestSuite1591355957104.run(TempTestSuite1591355957104.groovy:37)
Caused by: org.openqa.selenium.NoSuchSessionException: Session ID is null. Using WebDriver after calling quit()?
Build info: version: '3.141.59', revision: 'e82be7d358', time: '2018-11-14T08:25:53'
System info: host: 'DESKTOP-OT9E64N', ip: '192.168.100.14', os.name: 'Windows 10', os.arch: 'amd64', os.version: '10.0', java.version: '1.8.0_181'
Driver info: driver.version: RemoteWebDriver
	at org.openqa.selenium.remote.HttpCommandExecutor.execute(HttpCommandExecutor.java:125)
	at org.openqa.selenium.remote.service.DriverCommandExecutor.execute(DriverCommandExecutor.java:83)
	at org.openqa.selenium.remote.RemoteWebDriver.execute(RemoteWebDriver.java:552)
	at com.kms.katalon.selenium.driver.CChromeDriver.execute(CChromeDriver.java:19)
	at org.openqa.selenium.remote.RemoteWebDriver.findElements(RemoteWebDriver.java:353)
	at org.openqa.selenium.remote.RemoteWebDriver.findElementsByXPath(RemoteWebDriver.java:432)
	at org.openqa.selenium.By$ByXPath.findElements(By.java:348)
	at org.openqa.selenium.remote.RemoteWebDriver.findElements(RemoteWebDriver.java:311)
	at com.kms.katalon.core.webui.common.WebUiCommonHelper.findWebElements(WebUiCommonHelper.java:789)
	at com.kms.katalon.core.webui.common.WebUiCommonHelper.findWebElement(WebUiCommonHelper.java:1150)
	at com.kms.katalon.core.webui.keyword.internal.WebUIAbstractKeyword.findWebElement(WebUIAbstractKeyword.groovy:27)
	at com.kms.katalon.core.webui.keyword.internal.WebUIAbstractKeyword.findWebElement(WebUIAbstractKeyword.groovy:26)
	at com.kms.katalon.core.webui.keyword.builtin.ClickKeyword$_click_closure1.doCall(ClickKeyword.groovy:67)
	at com.kms.katalon.core.webui.keyword.builtin.ClickKeyword$_click_closure1.call(ClickKeyword.groovy)
	at com.kms.katalon.core.webui.keyword.internal.WebUIKeywordMain.runKeyword(WebUIKeywordMain.groovy:20)
	... 19 more
"/>
         <system-out><![CDATA[2020-06-05 18:53:08 - [TEST_CASE][FAILED] - Test Cases/1612893/TC_AddToFavorite: Test Cases/1612893/TC_AddToFavorite FAILED.
Reason:
com.kms.katalon.core.exception.StepFailedException: Unable to click on object 'Object Repository/1612893/AddToFavorite/Page_Thanh set Channel name - hcmus-cdnc-te_a699a0/i_Drop a file to upload it_icon fa fa-star-o'
	at com.kms.katalon.core.webui.keyword.internal.WebUIKeywordMain.stepFailed(WebUIKeywordMain.groovy:64)
	at com.kms.katalon.core.webui.keyword.internal.WebUIKeywordMain.runKeyword(WebUIKeywordMain.groovy:26)
	at com.kms.katalon.core.webui.keyword.builtin.ClickKeyword.click(ClickKeyword.groovy:76)
	at com.kms.katalon.core.webui.keyword.builtin.ClickKeyword.execute(ClickKeyword.groovy:43)
	at com.kms.katalon.core.keyword.internal.KeywordExecutor.executeKeywordForPlatform(KeywordExecutor.groovy:72)
	at com.kms.katalon.core.webui.keyword.WebUiBuiltInKeywords.click(WebUiBuiltInKeywords.groovy:616)
	at com.kms.katalon.core.webui.keyword.WebUiBuiltInKeywords$click$3.call(Unknown Source)
	at TC_AddToFavorite.run(TC_AddToFavorite:19)
	at com.kms.katalon.core.main.ScriptEngine.run(ScriptEngine.java:194)
	at com.kms.katalon.core.main.ScriptEngine.runScriptAsRawText(ScriptEngine.java:119)
	at com.kms.katalon.core.main.TestCaseExecutor.runScript(TestCaseExecutor.java:337)
	at com.kms.katalon.core.main.TestCaseExecutor.doExecute(TestCaseExecutor.java:328)
	at com.kms.katalon.core.main.TestCaseExecutor.processExecutionPhase(TestCaseExecutor.java:307)
	at com.kms.katalon.core.main.TestCaseExecutor.accessMainPhase(TestCaseExecutor.java:299)
	at com.kms.katalon.core.main.TestCaseExecutor.execute(TestCaseExecutor.java:233)
	at com.kms.katalon.core.main.TestSuiteExecutor.accessTestCaseMainPhase(TestSuiteExecutor.java:169)
	at com.kms.katalon.core.main.TestSuiteExecutor.accessTestSuiteMainPhase(TestSuiteExecutor.java:142)
	at com.kms.katalon.core.main.TestSuiteExecutor.execute(TestSuiteExecutor.java:91)
	at com.kms.katalon.core.main.TestCaseMain.startTestSuite(TestCaseMain.java:157)
	at com.kms.katalon.core.main.TestCaseMain$startTestSuite$0.call(Unknown Source)
	at TempTestSuite1591355957104.run(TempTestSuite1591355957104.groovy:37)
Caused by: org.openqa.selenium.NoSuchSessionException: Session ID is null. Using WebDriver after calling quit()?
Build info: version: '3.141.59', revision: 'e82be7d358', time: '2018-11-14T08:25:53'
System info: host: 'DESKTOP-OT9E64N', ip: '192.168.100.14', os.name: 'Windows 10', os.arch: 'amd64', os.version: '10.0', java.version: '1.8.0_181'
Driver info: driver.version: RemoteWebDriver
	at org.openqa.selenium.remote.HttpCommandExecutor.execute(HttpCommandExecutor.java:125)
	at org.openqa.selenium.remote.service.DriverCommandExecutor.execute(DriverCommandExecutor.java:83)
	at org.openqa.selenium.remote.RemoteWebDriver.execute(RemoteWebDriver.java:552)
	at com.kms.katalon.selenium.driver.CChromeDriver.execute(CChromeDriver.java:19)
	at org.openqa.selenium.remote.RemoteWebDriver.findElements(RemoteWebDriver.java:353)
	at org.openqa.selenium.remote.RemoteWebDriver.findElementsByXPath(RemoteWebDriver.java:432)
	at org.openqa.selenium.By$ByXPath.findElements(By.java:348)
	at org.openqa.selenium.remote.RemoteWebDriver.findElements(RemoteWebDriver.java:311)
	at com.kms.katalon.core.webui.common.WebUiCommonHelper.findWebElements(WebUiCommonHelper.java:789)
	at com.kms.katalon.core.webui.common.WebUiCommonHelper.findWebElement(WebUiCommonHelper.java:1150)
	at com.kms.katalon.core.webui.keyword.internal.WebUIAbstractKeyword.findWebElement(WebUIAbstractKeyword.groovy:27)
	at com.kms.katalon.core.webui.keyword.internal.WebUIAbstractKeyword.findWebElement(WebUIAbstractKeyword.groovy:26)
	at com.kms.katalon.core.webui.keyword.builtin.ClickKeyword$_click_closure1.doCall(ClickKeyword.groovy:67)
	at com.kms.katalon.core.webui.keyword.builtin.ClickKeyword$_click_closure1.call(ClickKeyword.groovy)
	at com.kms.katalon.core.webui.keyword.internal.WebUIKeywordMain.runKeyword(WebUIKeywordMain.groovy:20)
	... 19 more


2020-06-05 18:53:08 - [TEST_STEP][FAILED] - click(findTestObject("Object Repository/1612893/AddToFavorite/Page_Thanh set Channel name - hcmus-cdnc-te_a699a0/i_Drop a file to upload it_icon fa fa-star-o")): Unable to click on object 'Object Repository/1612893/AddToFavorite/Page_Thanh set Channel name - hcmus-cdnc-te_a699a0/i_Drop a file to upload it_icon fa fa-star-o' (Root cause: com.kms.katalon.core.exception.StepFailedException: Unable to click on object 'Object Repository/1612893/AddToFavorite/Page_Thanh set Channel name - hcmus-cdnc-te_a699a0/i_Drop a file to upload it_icon fa fa-star-o'
	at com.kms.katalon.core.webui.keyword.internal.WebUIKeywordMain.stepFailed(WebUIKeywordMain.groovy:64)
	at com.kms.katalon.core.webui.keyword.internal.WebUIKeywordMain.runKeyword(WebUIKeywordMain.groovy:26)
	at com.kms.katalon.core.webui.keyword.builtin.ClickKeyword.click(ClickKeyword.groovy:76)
	at com.kms.katalon.core.webui.keyword.builtin.ClickKeyword.execute(ClickKeyword.groovy:43)
	at com.kms.katalon.core.keyword.internal.KeywordExecutor.executeKeywordForPlatform(KeywordExecutor.groovy:72)
	at com.kms.katalon.core.webui.keyword.WebUiBuiltInKeywords.click(WebUiBuiltInKeywords.groovy:616)
	at com.kms.katalon.core.webui.keyword.WebUiBuiltInKeywords$click$3.call(Unknown Source)
	at TC_AddToFavorite.run(TC_AddToFavorite:19)
	at com.kms.katalon.core.main.ScriptEngine.run(ScriptEngine.java:194)
	at com.kms.katalon.core.main.ScriptEngine.runScriptAsRawText(ScriptEngine.java:119)
	at com.kms.katalon.core.main.TestCaseExecutor.runScript(TestCaseExecutor.java:337)
	at com.kms.katalon.core.main.TestCaseExecutor.doExecute(TestCaseExecutor.java:328)
	at com.kms.katalon.core.main.TestCaseExecutor.processExecutionPhase(TestCaseExecutor.java:307)
	at com.kms.katalon.core.main.TestCaseExecutor.accessMainPhase(TestCaseExecutor.java:299)
	at com.kms.katalon.core.main.TestCaseExecutor.execute(TestCaseExecutor.java:233)
	at com.kms.katalon.core.main.TestSuiteExecutor.accessTestCaseMainPhase(TestSuiteExecutor.java:169)
	at com.kms.katalon.core.main.TestSuiteExecutor.accessTestSuiteMainPhase(TestSuiteExecutor.java:142)
	at com.kms.katalon.core.main.TestSuiteExecutor.execute(TestSuiteExecutor.java:91)
	at com.kms.katalon.core.main.TestCaseMain.startTestSuite(TestCaseMain.java:157)
	at com.kms.katalon.core.main.TestCaseMain$startTestSuite$0.call(Unknown Source)
	at TempTestSuite1591355957104.run(TempTestSuite1591355957104.groovy:37)
Caused by: org.openqa.selenium.NoSuchSessionException: Session ID is null. Using WebDriver after calling quit()?
Build info: version: '3.141.59', revision: 'e82be7d358', time: '2018-11-14T08:25:53'
System info: host: 'DESKTOP-OT9E64N', ip: '192.168.100.14', os.name: 'Windows 10', os.arch: 'amd64', os.version: '10.0', java.version: '1.8.0_181'
Driver info: driver.version: RemoteWebDriver
	at org.openqa.selenium.remote.HttpCommandExecutor.execute(HttpCommandExecutor.java:125)
	at org.openqa.selenium.remote.service.DriverCommandExecutor.execute(DriverCommandExecutor.java:83)
	at org.openqa.selenium.remote.RemoteWebDriver.execute(RemoteWebDriver.java:552)
	at com.kms.katalon.selenium.driver.CChromeDriver.execute(CChromeDriver.java:19)
	at org.openqa.selenium.remote.RemoteWebDriver.findElements(RemoteWebDriver.java:353)
	at org.openqa.selenium.remote.RemoteWebDriver.findElementsByXPath(RemoteWebDriver.java:432)
	at org.openqa.selenium.By$ByXPath.findElements(By.java:348)
	at org.openqa.selenium.remote.RemoteWebDriver.findElements(RemoteWebDriver.java:311)
	at com.kms.katalon.core.webui.common.WebUiCommonHelper.findWebElements(WebUiCommonHelper.java:789)
	at com.kms.katalon.core.webui.common.WebUiCommonHelper.findWebElement(WebUiCommonHelper.java:1150)
	at com.kms.katalon.core.webui.keyword.internal.WebUIAbstractKeyword.findWebElement(WebUIAbstractKeyword.groovy:27)
	at com.kms.katalon.core.webui.keyword.internal.WebUIAbstractKeyword.findWebElement(WebUIAbstractKeyword.groovy:26)
	at com.kms.katalon.core.webui.keyword.builtin.ClickKeyword$_click_closure1.doCall(ClickKeyword.groovy:67)
	at com.kms.katalon.core.webui.keyword.builtin.ClickKeyword$_click_closure1.call(ClickKeyword.groovy)
	at com.kms.katalon.core.webui.keyword.internal.WebUIKeywordMain.runKeyword(WebUIKeywordMain.groovy:20)
	at com.kms.katalon.core.webui.keyword.builtin.ClickKeyword.click(ClickKeyword.groovy:76)
	at com.kms.katalon.core.webui.keyword.builtin.ClickKeyword.execute(ClickKeyword.groovy:43)
	at com.kms.katalon.core.keyword.internal.KeywordExecutor.executeKeywordForPlatform(KeywordExecutor.groovy:72)
	at com.kms.katalon.core.webui.keyword.WebUiBuiltInKeywords.click(WebUiBuiltInKeywords.groovy:616)
	at com.kms.katalon.core.webui.keyword.WebUiBuiltInKeywords$click$3.call(Unknown Source)
	at Script1591207747589.run(Script1591207747589.groovy:19)
	... 13 more
)

2020-06-05 18:53:08 - [MESSAGE][WARNING] - Cannot take screenshot

2020-06-05 18:53:08 - [MESSAGE][FAILED] - Unable to click on object 'Object Repository/1612893/AddToFavorite/Page_Thanh set Channel name - hcmus-cdnc-te_a699a0/i_Drop a file to upload it_icon fa fa-star-o' (Root cause: com.kms.katalon.core.exception.StepFailedException: Unable to click on object 'Object Repository/1612893/AddToFavorite/Page_Thanh set Channel name - hcmus-cdnc-te_a699a0/i_Drop a file to upload it_icon fa fa-star-o'
	at com.kms.katalon.core.webui.keyword.internal.WebUIKeywordMain.stepFailed(WebUIKeywordMain.groovy:64)
	at com.kms.katalon.core.webui.keyword.internal.WebUIKeywordMain.runKeyword(WebUIKeywordMain.groovy:26)
	at com.kms.katalon.core.webui.keyword.builtin.ClickKeyword.click(ClickKeyword.groovy:76)
	at com.kms.katalon.core.webui.keyword.builtin.ClickKeyword.execute(ClickKeyword.groovy:43)
	at com.kms.katalon.core.keyword.internal.KeywordExecutor.executeKeywordForPlatform(KeywordExecutor.groovy:72)
	at com.kms.katalon.core.webui.keyword.WebUiBuiltInKeywords.click(WebUiBuiltInKeywords.groovy:616)
	at com.kms.katalon.core.webui.keyword.WebUiBuiltInKeywords$click$3.call(Unknown Source)
	at TC_AddToFavorite.run(TC_AddToFavorite:19)
	at com.kms.katalon.core.main.ScriptEngine.run(ScriptEngine.java:194)
	at com.kms.katalon.core.main.ScriptEngine.runScriptAsRawText(ScriptEngine.java:119)
	at com.kms.katalon.core.main.TestCaseExecutor.runScript(TestCaseExecutor.java:337)
	at com.kms.katalon.core.main.TestCaseExecutor.doExecute(TestCaseExecutor.java:328)
	at com.kms.katalon.core.main.TestCaseExecutor.processExecutionPhase(TestCaseExecutor.java:307)
	at com.kms.katalon.core.main.TestCaseExecutor.accessMainPhase(TestCaseExecutor.java:299)
	at com.kms.katalon.core.main.TestCaseExecutor.execute(TestCaseExecutor.java:233)
	at com.kms.katalon.core.main.TestSuiteExecutor.accessTestCaseMainPhase(TestSuiteExecutor.java:169)
	at com.kms.katalon.core.main.TestSuiteExecutor.accessTestSuiteMainPhase(TestSuiteExecutor.java:142)
	at com.kms.katalon.core.main.TestSuiteExecutor.execute(TestSuiteExecutor.java:91)
	at com.kms.katalon.core.main.TestCaseMain.startTestSuite(TestCaseMain.java:157)
	at com.kms.katalon.core.main.TestCaseMain$startTestSuite$0.call(Unknown Source)
	at TempTestSuite1591355957104.run(TempTestSuite1591355957104.groovy:37)
Caused by: org.openqa.selenium.NoSuchSessionException: Session ID is null. Using WebDriver after calling quit()?
Build info: version: '3.141.59', revision: 'e82be7d358', time: '2018-11-14T08:25:53'
System info: host: 'DESKTOP-OT9E64N', ip: '192.168.100.14', os.name: 'Windows 10', os.arch: 'amd64', os.version: '10.0', java.version: '1.8.0_181'
Driver info: driver.version: RemoteWebDriver
	at org.openqa.selenium.remote.HttpCommandExecutor.execute(HttpCommandExecutor.java:125)
	at org.openqa.selenium.remote.service.DriverCommandExecutor.execute(DriverCommandExecutor.java:83)
	at org.openqa.selenium.remote.RemoteWebDriver.execute(RemoteWebDriver.java:552)
	at com.kms.katalon.selenium.driver.CChromeDriver.execute(CChromeDriver.java:19)
	at org.openqa.selenium.remote.RemoteWebDriver.findElements(RemoteWebDriver.java:353)
	at org.openqa.selenium.remote.RemoteWebDriver.findElementsByXPath(RemoteWebDriver.java:432)
	at org.openqa.selenium.By$ByXPath.findElements(By.java:348)
	at org.openqa.selenium.remote.RemoteWebDriver.findElements(RemoteWebDriver.java:311)
	at com.kms.katalon.core.webui.common.WebUiCommonHelper.findWebElements(WebUiCommonHelper.java:789)
	at com.kms.katalon.core.webui.common.WebUiCommonHelper.findWebElement(WebUiCommonHelper.java:1150)
	at com.kms.katalon.core.webui.keyword.internal.WebUIAbstractKeyword.findWebElement(WebUIAbstractKeyword.groovy:27)
	at com.kms.katalon.core.webui.keyword.internal.WebUIAbstractKeyword.findWebElement(WebUIAbstractKeyword.groovy:26)
	at com.kms.katalon.core.webui.keyword.builtin.ClickKeyword$_click_closure1.doCall(ClickKeyword.groovy:67)
	at com.kms.katalon.core.webui.keyword.builtin.ClickKeyword$_click_closure1.call(ClickKeyword.groovy)
	at com.kms.katalon.core.webui.keyword.internal.WebUIKeywordMain.runKeyword(WebUIKeywordMain.groovy:20)
	at com.kms.katalon.core.webui.keyword.builtin.ClickKeyword.click(ClickKeyword.groovy:76)
	at com.kms.katalon.core.webui.keyword.builtin.ClickKeyword.execute(ClickKeyword.groovy:43)
	at com.kms.katalon.core.keyword.internal.KeywordExecutor.executeKeywordForPlatform(KeywordExecutor.groovy:72)
	at com.kms.katalon.core.webui.keyword.WebUiBuiltInKeywords.click(WebUiBuiltInKeywords.groovy:616)
	at com.kms.katalon.core.webui.keyword.WebUiBuiltInKeywords$click$3.call(Unknown Source)
	at Script1591207747589.run(Script1591207747589.groovy:19)
	... 13 more
)]]></system-out>
         <system-err><![CDATA[2020-06-05 18:53:08 - [TEST_CASE][FAILED] - Test Cases/1612893/TC_AddToFavorite: Test Cases/1612893/TC_AddToFavorite FAILED.
Reason:
com.kms.katalon.core.exception.StepFailedException: Unable to click on object 'Object Repository/1612893/AddToFavorite/Page_Thanh set Channel name - hcmus-cdnc-te_a699a0/i_Drop a file to upload it_icon fa fa-star-o'
	at com.kms.katalon.core.webui.keyword.internal.WebUIKeywordMain.stepFailed(WebUIKeywordMain.groovy:64)
	at com.kms.katalon.core.webui.keyword.internal.WebUIKeywordMain.runKeyword(WebUIKeywordMain.groovy:26)
	at com.kms.katalon.core.webui.keyword.builtin.ClickKeyword.click(ClickKeyword.groovy:76)
	at com.kms.katalon.core.webui.keyword.builtin.ClickKeyword.execute(ClickKeyword.groovy:43)
	at com.kms.katalon.core.keyword.internal.KeywordExecutor.executeKeywordForPlatform(KeywordExecutor.groovy:72)
	at com.kms.katalon.core.webui.keyword.WebUiBuiltInKeywords.click(WebUiBuiltInKeywords.groovy:616)
	at com.kms.katalon.core.webui.keyword.WebUiBuiltInKeywords$click$3.call(Unknown Source)
	at TC_AddToFavorite.run(TC_AddToFavorite:19)
	at com.kms.katalon.core.main.ScriptEngine.run(ScriptEngine.java:194)
	at com.kms.katalon.core.main.ScriptEngine.runScriptAsRawText(ScriptEngine.java:119)
	at com.kms.katalon.core.main.TestCaseExecutor.runScript(TestCaseExecutor.java:337)
	at com.kms.katalon.core.main.TestCaseExecutor.doExecute(TestCaseExecutor.java:328)
	at com.kms.katalon.core.main.TestCaseExecutor.processExecutionPhase(TestCaseExecutor.java:307)
	at com.kms.katalon.core.main.TestCaseExecutor.accessMainPhase(TestCaseExecutor.java:299)
	at com.kms.katalon.core.main.TestCaseExecutor.execute(TestCaseExecutor.java:233)
	at com.kms.katalon.core.main.TestSuiteExecutor.accessTestCaseMainPhase(TestSuiteExecutor.java:169)
	at com.kms.katalon.core.main.TestSuiteExecutor.accessTestSuiteMainPhase(TestSuiteExecutor.java:142)
	at com.kms.katalon.core.main.TestSuiteExecutor.execute(TestSuiteExecutor.java:91)
	at com.kms.katalon.core.main.TestCaseMain.startTestSuite(TestCaseMain.java:157)
	at com.kms.katalon.core.main.TestCaseMain$startTestSuite$0.call(Unknown Source)
	at TempTestSuite1591355957104.run(TempTestSuite1591355957104.groovy:37)
Caused by: org.openqa.selenium.NoSuchSessionException: Session ID is null. Using WebDriver after calling quit()?
Build info: version: '3.141.59', revision: 'e82be7d358', time: '2018-11-14T08:25:53'
System info: host: 'DESKTOP-OT9E64N', ip: '192.168.100.14', os.name: 'Windows 10', os.arch: 'amd64', os.version: '10.0', java.version: '1.8.0_181'
Driver info: driver.version: RemoteWebDriver
	at org.openqa.selenium.remote.HttpCommandExecutor.execute(HttpCommandExecutor.java:125)
	at org.openqa.selenium.remote.service.DriverCommandExecutor.execute(DriverCommandExecutor.java:83)
	at org.openqa.selenium.remote.RemoteWebDriver.execute(RemoteWebDriver.java:552)
	at com.kms.katalon.selenium.driver.CChromeDriver.execute(CChromeDriver.java:19)
	at org.openqa.selenium.remote.RemoteWebDriver.findElements(RemoteWebDriver.java:353)
	at org.openqa.selenium.remote.RemoteWebDriver.findElementsByXPath(RemoteWebDriver.java:432)
	at org.openqa.selenium.By$ByXPath.findElements(By.java:348)
	at org.openqa.selenium.remote.RemoteWebDriver.findElements(RemoteWebDriver.java:311)
	at com.kms.katalon.core.webui.common.WebUiCommonHelper.findWebElements(WebUiCommonHelper.java:789)
	at com.kms.katalon.core.webui.common.WebUiCommonHelper.findWebElement(WebUiCommonHelper.java:1150)
	at com.kms.katalon.core.webui.keyword.internal.WebUIAbstractKeyword.findWebElement(WebUIAbstractKeyword.groovy:27)
	at com.kms.katalon.core.webui.keyword.internal.WebUIAbstractKeyword.findWebElement(WebUIAbstractKeyword.groovy:26)
	at com.kms.katalon.core.webui.keyword.builtin.ClickKeyword$_click_closure1.doCall(ClickKeyword.groovy:67)
	at com.kms.katalon.core.webui.keyword.builtin.ClickKeyword$_click_closure1.call(ClickKeyword.groovy)
	at com.kms.katalon.core.webui.keyword.internal.WebUIKeywordMain.runKeyword(WebUIKeywordMain.groovy:20)
	... 19 more]]></system-err>
      </testcase>
      <testcase name="Test Cases/1612893/TC_Flagged_Post" time="0.175" classname="Test Cases/1612893/TC_Flagged_Post" status="FAILED">
         <failure type="FAILED" message="Test Cases/1612893/TC_Flagged_Post FAILED.
Reason:
com.kms.katalon.core.exception.StepFailedException: Unable to click on object 'Object Repository/1612893/Flagged_Post/Page_Thanh set Channel name - hcmus-cdnc-te_a699a0/button_dash_channelHeaderFlagButton'
	at com.kms.katalon.core.webui.keyword.internal.WebUIKeywordMain.stepFailed(WebUIKeywordMain.groovy:64)
	at com.kms.katalon.core.webui.keyword.internal.WebUIKeywordMain.runKeyword(WebUIKeywordMain.groovy:26)
	at com.kms.katalon.core.webui.keyword.builtin.ClickKeyword.click(ClickKeyword.groovy:76)
	at com.kms.katalon.core.webui.keyword.builtin.ClickKeyword.execute(ClickKeyword.groovy:43)
	at com.kms.katalon.core.keyword.internal.KeywordExecutor.executeKeywordForPlatform(KeywordExecutor.groovy:72)
	at com.kms.katalon.core.webui.keyword.WebUiBuiltInKeywords.click(WebUiBuiltInKeywords.groovy:616)
	at com.kms.katalon.core.webui.keyword.WebUiBuiltInKeywords$click$3.call(Unknown Source)
	at TC_Flagged_Post.run(TC_Flagged_Post:19)
	at com.kms.katalon.core.main.ScriptEngine.run(ScriptEngine.java:194)
	at com.kms.katalon.core.main.ScriptEngine.runScriptAsRawText(ScriptEngine.java:119)
	at com.kms.katalon.core.main.TestCaseExecutor.runScript(TestCaseExecutor.java:337)
	at com.kms.katalon.core.main.TestCaseExecutor.doExecute(TestCaseExecutor.java:328)
	at com.kms.katalon.core.main.TestCaseExecutor.processExecutionPhase(TestCaseExecutor.java:307)
	at com.kms.katalon.core.main.TestCaseExecutor.accessMainPhase(TestCaseExecutor.java:299)
	at com.kms.katalon.core.main.TestCaseExecutor.execute(TestCaseExecutor.java:233)
	at com.kms.katalon.core.main.TestSuiteExecutor.accessTestCaseMainPhase(TestSuiteExecutor.java:169)
	at com.kms.katalon.core.main.TestSuiteExecutor.accessTestSuiteMainPhase(TestSuiteExecutor.java:142)
	at com.kms.katalon.core.main.TestSuiteExecutor.execute(TestSuiteExecutor.java:91)
	at com.kms.katalon.core.main.TestCaseMain.startTestSuite(TestCaseMain.java:157)
	at com.kms.katalon.core.main.TestCaseMain$startTestSuite$0.call(Unknown Source)
	at TempTestSuite1591355957104.run(TempTestSuite1591355957104.groovy:37)
Caused by: org.openqa.selenium.NoSuchSessionException: Session ID is null. Using WebDriver after calling quit()?
Build info: version: '3.141.59', revision: 'e82be7d358', time: '2018-11-14T08:25:53'
System info: host: 'DESKTOP-OT9E64N', ip: '192.168.100.14', os.name: 'Windows 10', os.arch: 'amd64', os.version: '10.0', java.version: '1.8.0_181'
Driver info: driver.version: RemoteWebDriver
	at org.openqa.selenium.remote.HttpCommandExecutor.execute(HttpCommandExecutor.java:125)
	at org.openqa.selenium.remote.service.DriverCommandExecutor.execute(DriverCommandExecutor.java:83)
	at org.openqa.selenium.remote.RemoteWebDriver.execute(RemoteWebDriver.java:552)
	at com.kms.katalon.selenium.driver.CChromeDriver.execute(CChromeDriver.java:19)
	at org.openqa.selenium.remote.RemoteWebDriver.findElements(RemoteWebDriver.java:353)
	at org.openqa.selenium.remote.RemoteWebDriver.findElementsByXPath(RemoteWebDriver.java:432)
	at org.openqa.selenium.By$ByXPath.findElements(By.java:348)
	at org.openqa.selenium.remote.RemoteWebDriver.findElements(RemoteWebDriver.java:311)
	at com.kms.katalon.core.webui.common.WebUiCommonHelper.findWebElements(WebUiCommonHelper.java:789)
	at com.kms.katalon.core.webui.common.WebUiCommonHelper.findWebElement(WebUiCommonHelper.java:1150)
	at com.kms.katalon.core.webui.keyword.internal.WebUIAbstractKeyword.findWebElement(WebUIAbstractKeyword.groovy:27)
	at com.kms.katalon.core.webui.keyword.internal.WebUIAbstractKeyword.findWebElement(WebUIAbstractKeyword.groovy:26)
	at com.kms.katalon.core.webui.keyword.builtin.ClickKeyword$_click_closure1.doCall(ClickKeyword.groovy:67)
	at com.kms.katalon.core.webui.keyword.builtin.ClickKeyword$_click_closure1.call(ClickKeyword.groovy)
	at com.kms.katalon.core.webui.keyword.internal.WebUIKeywordMain.runKeyword(WebUIKeywordMain.groovy:20)
	... 19 more
"/>
         <system-out><![CDATA[2020-06-05 18:53:08 - [TEST_CASE][FAILED] - Test Cases/1612893/TC_Flagged_Post: Test Cases/1612893/TC_Flagged_Post FAILED.
Reason:
com.kms.katalon.core.exception.StepFailedException: Unable to click on object 'Object Repository/1612893/Flagged_Post/Page_Thanh set Channel name - hcmus-cdnc-te_a699a0/button_dash_channelHeaderFlagButton'
	at com.kms.katalon.core.webui.keyword.internal.WebUIKeywordMain.stepFailed(WebUIKeywordMain.groovy:64)
	at com.kms.katalon.core.webui.keyword.internal.WebUIKeywordMain.runKeyword(WebUIKeywordMain.groovy:26)
	at com.kms.katalon.core.webui.keyword.builtin.ClickKeyword.click(ClickKeyword.groovy:76)
	at com.kms.katalon.core.webui.keyword.builtin.ClickKeyword.execute(ClickKeyword.groovy:43)
	at com.kms.katalon.core.keyword.internal.KeywordExecutor.executeKeywordForPlatform(KeywordExecutor.groovy:72)
	at com.kms.katalon.core.webui.keyword.WebUiBuiltInKeywords.click(WebUiBuiltInKeywords.groovy:616)
	at com.kms.katalon.core.webui.keyword.WebUiBuiltInKeywords$click$3.call(Unknown Source)
	at TC_Flagged_Post.run(TC_Flagged_Post:19)
	at com.kms.katalon.core.main.ScriptEngine.run(ScriptEngine.java:194)
	at com.kms.katalon.core.main.ScriptEngine.runScriptAsRawText(ScriptEngine.java:119)
	at com.kms.katalon.core.main.TestCaseExecutor.runScript(TestCaseExecutor.java:337)
	at com.kms.katalon.core.main.TestCaseExecutor.doExecute(TestCaseExecutor.java:328)
	at com.kms.katalon.core.main.TestCaseExecutor.processExecutionPhase(TestCaseExecutor.java:307)
	at com.kms.katalon.core.main.TestCaseExecutor.accessMainPhase(TestCaseExecutor.java:299)
	at com.kms.katalon.core.main.TestCaseExecutor.execute(TestCaseExecutor.java:233)
	at com.kms.katalon.core.main.TestSuiteExecutor.accessTestCaseMainPhase(TestSuiteExecutor.java:169)
	at com.kms.katalon.core.main.TestSuiteExecutor.accessTestSuiteMainPhase(TestSuiteExecutor.java:142)
	at com.kms.katalon.core.main.TestSuiteExecutor.execute(TestSuiteExecutor.java:91)
	at com.kms.katalon.core.main.TestCaseMain.startTestSuite(TestCaseMain.java:157)
	at com.kms.katalon.core.main.TestCaseMain$startTestSuite$0.call(Unknown Source)
	at TempTestSuite1591355957104.run(TempTestSuite1591355957104.groovy:37)
Caused by: org.openqa.selenium.NoSuchSessionException: Session ID is null. Using WebDriver after calling quit()?
Build info: version: '3.141.59', revision: 'e82be7d358', time: '2018-11-14T08:25:53'
System info: host: 'DESKTOP-OT9E64N', ip: '192.168.100.14', os.name: 'Windows 10', os.arch: 'amd64', os.version: '10.0', java.version: '1.8.0_181'
Driver info: driver.version: RemoteWebDriver
	at org.openqa.selenium.remote.HttpCommandExecutor.execute(HttpCommandExecutor.java:125)
	at org.openqa.selenium.remote.service.DriverCommandExecutor.execute(DriverCommandExecutor.java:83)
	at org.openqa.selenium.remote.RemoteWebDriver.execute(RemoteWebDriver.java:552)
	at com.kms.katalon.selenium.driver.CChromeDriver.execute(CChromeDriver.java:19)
	at org.openqa.selenium.remote.RemoteWebDriver.findElements(RemoteWebDriver.java:353)
	at org.openqa.selenium.remote.RemoteWebDriver.findElementsByXPath(RemoteWebDriver.java:432)
	at org.openqa.selenium.By$ByXPath.findElements(By.java:348)
	at org.openqa.selenium.remote.RemoteWebDriver.findElements(RemoteWebDriver.java:311)
	at com.kms.katalon.core.webui.common.WebUiCommonHelper.findWebElements(WebUiCommonHelper.java:789)
	at com.kms.katalon.core.webui.common.WebUiCommonHelper.findWebElement(WebUiCommonHelper.java:1150)
	at com.kms.katalon.core.webui.keyword.internal.WebUIAbstractKeyword.findWebElement(WebUIAbstractKeyword.groovy:27)
	at com.kms.katalon.core.webui.keyword.internal.WebUIAbstractKeyword.findWebElement(WebUIAbstractKeyword.groovy:26)
	at com.kms.katalon.core.webui.keyword.builtin.ClickKeyword$_click_closure1.doCall(ClickKeyword.groovy:67)
	at com.kms.katalon.core.webui.keyword.builtin.ClickKeyword$_click_closure1.call(ClickKeyword.groovy)
	at com.kms.katalon.core.webui.keyword.internal.WebUIKeywordMain.runKeyword(WebUIKeywordMain.groovy:20)
	... 19 more


2020-06-05 18:53:08 - [TEST_STEP][FAILED] - click(findTestObject("Object Repository/1612893/Flagged_Post/Page_Thanh set Channel name - hcmus-cdnc-te_a699a0/button_dash_channelHeaderFlagButton")): Unable to click on object 'Object Repository/1612893/Flagged_Post/Page_Thanh set Channel name - hcmus-cdnc-te_a699a0/button_dash_channelHeaderFlagButton' (Root cause: com.kms.katalon.core.exception.StepFailedException: Unable to click on object 'Object Repository/1612893/Flagged_Post/Page_Thanh set Channel name - hcmus-cdnc-te_a699a0/button_dash_channelHeaderFlagButton'
	at com.kms.katalon.core.webui.keyword.internal.WebUIKeywordMain.stepFailed(WebUIKeywordMain.groovy:64)
	at com.kms.katalon.core.webui.keyword.internal.WebUIKeywordMain.runKeyword(WebUIKeywordMain.groovy:26)
	at com.kms.katalon.core.webui.keyword.builtin.ClickKeyword.click(ClickKeyword.groovy:76)
	at com.kms.katalon.core.webui.keyword.builtin.ClickKeyword.execute(ClickKeyword.groovy:43)
	at com.kms.katalon.core.keyword.internal.KeywordExecutor.executeKeywordForPlatform(KeywordExecutor.groovy:72)
	at com.kms.katalon.core.webui.keyword.WebUiBuiltInKeywords.click(WebUiBuiltInKeywords.groovy:616)
	at com.kms.katalon.core.webui.keyword.WebUiBuiltInKeywords$click$3.call(Unknown Source)
	at TC_Flagged_Post.run(TC_Flagged_Post:19)
	at com.kms.katalon.core.main.ScriptEngine.run(ScriptEngine.java:194)
	at com.kms.katalon.core.main.ScriptEngine.runScriptAsRawText(ScriptEngine.java:119)
	at com.kms.katalon.core.main.TestCaseExecutor.runScript(TestCaseExecutor.java:337)
	at com.kms.katalon.core.main.TestCaseExecutor.doExecute(TestCaseExecutor.java:328)
	at com.kms.katalon.core.main.TestCaseExecutor.processExecutionPhase(TestCaseExecutor.java:307)
	at com.kms.katalon.core.main.TestCaseExecutor.accessMainPhase(TestCaseExecutor.java:299)
	at com.kms.katalon.core.main.TestCaseExecutor.execute(TestCaseExecutor.java:233)
	at com.kms.katalon.core.main.TestSuiteExecutor.accessTestCaseMainPhase(TestSuiteExecutor.java:169)
	at com.kms.katalon.core.main.TestSuiteExecutor.accessTestSuiteMainPhase(TestSuiteExecutor.java:142)
	at com.kms.katalon.core.main.TestSuiteExecutor.execute(TestSuiteExecutor.java:91)
	at com.kms.katalon.core.main.TestCaseMain.startTestSuite(TestCaseMain.java:157)
	at com.kms.katalon.core.main.TestCaseMain$startTestSuite$0.call(Unknown Source)
	at TempTestSuite1591355957104.run(TempTestSuite1591355957104.groovy:37)
Caused by: org.openqa.selenium.NoSuchSessionException: Session ID is null. Using WebDriver after calling quit()?
Build info: version: '3.141.59', revision: 'e82be7d358', time: '2018-11-14T08:25:53'
System info: host: 'DESKTOP-OT9E64N', ip: '192.168.100.14', os.name: 'Windows 10', os.arch: 'amd64', os.version: '10.0', java.version: '1.8.0_181'
Driver info: driver.version: RemoteWebDriver
	at org.openqa.selenium.remote.HttpCommandExecutor.execute(HttpCommandExecutor.java:125)
	at org.openqa.selenium.remote.service.DriverCommandExecutor.execute(DriverCommandExecutor.java:83)
	at org.openqa.selenium.remote.RemoteWebDriver.execute(RemoteWebDriver.java:552)
	at com.kms.katalon.selenium.driver.CChromeDriver.execute(CChromeDriver.java:19)
	at org.openqa.selenium.remote.RemoteWebDriver.findElements(RemoteWebDriver.java:353)
	at org.openqa.selenium.remote.RemoteWebDriver.findElementsByXPath(RemoteWebDriver.java:432)
	at org.openqa.selenium.By$ByXPath.findElements(By.java:348)
	at org.openqa.selenium.remote.RemoteWebDriver.findElements(RemoteWebDriver.java:311)
	at com.kms.katalon.core.webui.common.WebUiCommonHelper.findWebElements(WebUiCommonHelper.java:789)
	at com.kms.katalon.core.webui.common.WebUiCommonHelper.findWebElement(WebUiCommonHelper.java:1150)
	at com.kms.katalon.core.webui.keyword.internal.WebUIAbstractKeyword.findWebElement(WebUIAbstractKeyword.groovy:27)
	at com.kms.katalon.core.webui.keyword.internal.WebUIAbstractKeyword.findWebElement(WebUIAbstractKeyword.groovy:26)
	at com.kms.katalon.core.webui.keyword.builtin.ClickKeyword$_click_closure1.doCall(ClickKeyword.groovy:67)
	at com.kms.katalon.core.webui.keyword.builtin.ClickKeyword$_click_closure1.call(ClickKeyword.groovy)
	at com.kms.katalon.core.webui.keyword.internal.WebUIKeywordMain.runKeyword(WebUIKeywordMain.groovy:20)
	at com.kms.katalon.core.webui.keyword.builtin.ClickKeyword.click(ClickKeyword.groovy:76)
	at com.kms.katalon.core.webui.keyword.builtin.ClickKeyword.execute(ClickKeyword.groovy:43)
	at com.kms.katalon.core.keyword.internal.KeywordExecutor.executeKeywordForPlatform(KeywordExecutor.groovy:72)
	at com.kms.katalon.core.webui.keyword.WebUiBuiltInKeywords.click(WebUiBuiltInKeywords.groovy:616)
	at com.kms.katalon.core.webui.keyword.WebUiBuiltInKeywords$click$3.call(Unknown Source)
	at Script1591272185624.run(Script1591272185624.groovy:19)
	... 13 more
)

2020-06-05 18:53:08 - [MESSAGE][WARNING] - Cannot take screenshot

2020-06-05 18:53:08 - [MESSAGE][FAILED] - Unable to click on object 'Object Repository/1612893/Flagged_Post/Page_Thanh set Channel name - hcmus-cdnc-te_a699a0/button_dash_channelHeaderFlagButton' (Root cause: com.kms.katalon.core.exception.StepFailedException: Unable to click on object 'Object Repository/1612893/Flagged_Post/Page_Thanh set Channel name - hcmus-cdnc-te_a699a0/button_dash_channelHeaderFlagButton'
	at com.kms.katalon.core.webui.keyword.internal.WebUIKeywordMain.stepFailed(WebUIKeywordMain.groovy:64)
	at com.kms.katalon.core.webui.keyword.internal.WebUIKeywordMain.runKeyword(WebUIKeywordMain.groovy:26)
	at com.kms.katalon.core.webui.keyword.builtin.ClickKeyword.click(ClickKeyword.groovy:76)
	at com.kms.katalon.core.webui.keyword.builtin.ClickKeyword.execute(ClickKeyword.groovy:43)
	at com.kms.katalon.core.keyword.internal.KeywordExecutor.executeKeywordForPlatform(KeywordExecutor.groovy:72)
	at com.kms.katalon.core.webui.keyword.WebUiBuiltInKeywords.click(WebUiBuiltInKeywords.groovy:616)
	at com.kms.katalon.core.webui.keyword.WebUiBuiltInKeywords$click$3.call(Unknown Source)
	at TC_Flagged_Post.run(TC_Flagged_Post:19)
	at com.kms.katalon.core.main.ScriptEngine.run(ScriptEngine.java:194)
	at com.kms.katalon.core.main.ScriptEngine.runScriptAsRawText(ScriptEngine.java:119)
	at com.kms.katalon.core.main.TestCaseExecutor.runScript(TestCaseExecutor.java:337)
	at com.kms.katalon.core.main.TestCaseExecutor.doExecute(TestCaseExecutor.java:328)
	at com.kms.katalon.core.main.TestCaseExecutor.processExecutionPhase(TestCaseExecutor.java:307)
	at com.kms.katalon.core.main.TestCaseExecutor.accessMainPhase(TestCaseExecutor.java:299)
	at com.kms.katalon.core.main.TestCaseExecutor.execute(TestCaseExecutor.java:233)
	at com.kms.katalon.core.main.TestSuiteExecutor.accessTestCaseMainPhase(TestSuiteExecutor.java:169)
	at com.kms.katalon.core.main.TestSuiteExecutor.accessTestSuiteMainPhase(TestSuiteExecutor.java:142)
	at com.kms.katalon.core.main.TestSuiteExecutor.execute(TestSuiteExecutor.java:91)
	at com.kms.katalon.core.main.TestCaseMain.startTestSuite(TestCaseMain.java:157)
	at com.kms.katalon.core.main.TestCaseMain$startTestSuite$0.call(Unknown Source)
	at TempTestSuite1591355957104.run(TempTestSuite1591355957104.groovy:37)
Caused by: org.openqa.selenium.NoSuchSessionException: Session ID is null. Using WebDriver after calling quit()?
Build info: version: '3.141.59', revision: 'e82be7d358', time: '2018-11-14T08:25:53'
System info: host: 'DESKTOP-OT9E64N', ip: '192.168.100.14', os.name: 'Windows 10', os.arch: 'amd64', os.version: '10.0', java.version: '1.8.0_181'
Driver info: driver.version: RemoteWebDriver
	at org.openqa.selenium.remote.HttpCommandExecutor.execute(HttpCommandExecutor.java:125)
	at org.openqa.selenium.remote.service.DriverCommandExecutor.execute(DriverCommandExecutor.java:83)
	at org.openqa.selenium.remote.RemoteWebDriver.execute(RemoteWebDriver.java:552)
	at com.kms.katalon.selenium.driver.CChromeDriver.execute(CChromeDriver.java:19)
	at org.openqa.selenium.remote.RemoteWebDriver.findElements(RemoteWebDriver.java:353)
	at org.openqa.selenium.remote.RemoteWebDriver.findElementsByXPath(RemoteWebDriver.java:432)
	at org.openqa.selenium.By$ByXPath.findElements(By.java:348)
	at org.openqa.selenium.remote.RemoteWebDriver.findElements(RemoteWebDriver.java:311)
	at com.kms.katalon.core.webui.common.WebUiCommonHelper.findWebElements(WebUiCommonHelper.java:789)
	at com.kms.katalon.core.webui.common.WebUiCommonHelper.findWebElement(WebUiCommonHelper.java:1150)
	at com.kms.katalon.core.webui.keyword.internal.WebUIAbstractKeyword.findWebElement(WebUIAbstractKeyword.groovy:27)
	at com.kms.katalon.core.webui.keyword.internal.WebUIAbstractKeyword.findWebElement(WebUIAbstractKeyword.groovy:26)
	at com.kms.katalon.core.webui.keyword.builtin.ClickKeyword$_click_closure1.doCall(ClickKeyword.groovy:67)
	at com.kms.katalon.core.webui.keyword.builtin.ClickKeyword$_click_closure1.call(ClickKeyword.groovy)
	at com.kms.katalon.core.webui.keyword.internal.WebUIKeywordMain.runKeyword(WebUIKeywordMain.groovy:20)
	at com.kms.katalon.core.webui.keyword.builtin.ClickKeyword.click(ClickKeyword.groovy:76)
	at com.kms.katalon.core.webui.keyword.builtin.ClickKeyword.execute(ClickKeyword.groovy:43)
	at com.kms.katalon.core.keyword.internal.KeywordExecutor.executeKeywordForPlatform(KeywordExecutor.groovy:72)
	at com.kms.katalon.core.webui.keyword.WebUiBuiltInKeywords.click(WebUiBuiltInKeywords.groovy:616)
	at com.kms.katalon.core.webui.keyword.WebUiBuiltInKeywords$click$3.call(Unknown Source)
	at Script1591272185624.run(Script1591272185624.groovy:19)
	... 13 more
)]]></system-out>
         <system-err><![CDATA[2020-06-05 18:53:08 - [TEST_CASE][FAILED] - Test Cases/1612893/TC_Flagged_Post: Test Cases/1612893/TC_Flagged_Post FAILED.
Reason:
com.kms.katalon.core.exception.StepFailedException: Unable to click on object 'Object Repository/1612893/Flagged_Post/Page_Thanh set Channel name - hcmus-cdnc-te_a699a0/button_dash_channelHeaderFlagButton'
	at com.kms.katalon.core.webui.keyword.internal.WebUIKeywordMain.stepFailed(WebUIKeywordMain.groovy:64)
	at com.kms.katalon.core.webui.keyword.internal.WebUIKeywordMain.runKeyword(WebUIKeywordMain.groovy:26)
	at com.kms.katalon.core.webui.keyword.builtin.ClickKeyword.click(ClickKeyword.groovy:76)
	at com.kms.katalon.core.webui.keyword.builtin.ClickKeyword.execute(ClickKeyword.groovy:43)
	at com.kms.katalon.core.keyword.internal.KeywordExecutor.executeKeywordForPlatform(KeywordExecutor.groovy:72)
	at com.kms.katalon.core.webui.keyword.WebUiBuiltInKeywords.click(WebUiBuiltInKeywords.groovy:616)
	at com.kms.katalon.core.webui.keyword.WebUiBuiltInKeywords$click$3.call(Unknown Source)
	at TC_Flagged_Post.run(TC_Flagged_Post:19)
	at com.kms.katalon.core.main.ScriptEngine.run(ScriptEngine.java:194)
	at com.kms.katalon.core.main.ScriptEngine.runScriptAsRawText(ScriptEngine.java:119)
	at com.kms.katalon.core.main.TestCaseExecutor.runScript(TestCaseExecutor.java:337)
	at com.kms.katalon.core.main.TestCaseExecutor.doExecute(TestCaseExecutor.java:328)
	at com.kms.katalon.core.main.TestCaseExecutor.processExecutionPhase(TestCaseExecutor.java:307)
	at com.kms.katalon.core.main.TestCaseExecutor.accessMainPhase(TestCaseExecutor.java:299)
	at com.kms.katalon.core.main.TestCaseExecutor.execute(TestCaseExecutor.java:233)
	at com.kms.katalon.core.main.TestSuiteExecutor.accessTestCaseMainPhase(TestSuiteExecutor.java:169)
	at com.kms.katalon.core.main.TestSuiteExecutor.accessTestSuiteMainPhase(TestSuiteExecutor.java:142)
	at com.kms.katalon.core.main.TestSuiteExecutor.execute(TestSuiteExecutor.java:91)
	at com.kms.katalon.core.main.TestCaseMain.startTestSuite(TestCaseMain.java:157)
	at com.kms.katalon.core.main.TestCaseMain$startTestSuite$0.call(Unknown Source)
	at TempTestSuite1591355957104.run(TempTestSuite1591355957104.groovy:37)
Caused by: org.openqa.selenium.NoSuchSessionException: Session ID is null. Using WebDriver after calling quit()?
Build info: version: '3.141.59', revision: 'e82be7d358', time: '2018-11-14T08:25:53'
System info: host: 'DESKTOP-OT9E64N', ip: '192.168.100.14', os.name: 'Windows 10', os.arch: 'amd64', os.version: '10.0', java.version: '1.8.0_181'
Driver info: driver.version: RemoteWebDriver
	at org.openqa.selenium.remote.HttpCommandExecutor.execute(HttpCommandExecutor.java:125)
	at org.openqa.selenium.remote.service.DriverCommandExecutor.execute(DriverCommandExecutor.java:83)
	at org.openqa.selenium.remote.RemoteWebDriver.execute(RemoteWebDriver.java:552)
	at com.kms.katalon.selenium.driver.CChromeDriver.execute(CChromeDriver.java:19)
	at org.openqa.selenium.remote.RemoteWebDriver.findElements(RemoteWebDriver.java:353)
	at org.openqa.selenium.remote.RemoteWebDriver.findElementsByXPath(RemoteWebDriver.java:432)
	at org.openqa.selenium.By$ByXPath.findElements(By.java:348)
	at org.openqa.selenium.remote.RemoteWebDriver.findElements(RemoteWebDriver.java:311)
	at com.kms.katalon.core.webui.common.WebUiCommonHelper.findWebElements(WebUiCommonHelper.java:789)
	at com.kms.katalon.core.webui.common.WebUiCommonHelper.findWebElement(WebUiCommonHelper.java:1150)
	at com.kms.katalon.core.webui.keyword.internal.WebUIAbstractKeyword.findWebElement(WebUIAbstractKeyword.groovy:27)
	at com.kms.katalon.core.webui.keyword.internal.WebUIAbstractKeyword.findWebElement(WebUIAbstractKeyword.groovy:26)
	at com.kms.katalon.core.webui.keyword.builtin.ClickKeyword$_click_closure1.doCall(ClickKeyword.groovy:67)
	at com.kms.katalon.core.webui.keyword.builtin.ClickKeyword$_click_closure1.call(ClickKeyword.groovy)
	at com.kms.katalon.core.webui.keyword.internal.WebUIKeywordMain.runKeyword(WebUIKeywordMain.groovy:20)
	... 19 more]]></system-err>
      </testcase>
      <testcase name="Test Cases/1612893/TC_Login" time="17.82" classname="Test Cases/1612893/TC_Login" status="PASSED">
         <system-out><![CDATA[2020-06-05 18:53:08 - [TEST_CASE][PASSED] - Test Cases/1612893/TC_Login: Test Cases/1612893/TC_Login

2020-06-05 18:53:08 - [TEST_STEP][PASSED] - openBrowser(""): Browser is opened with url: ''

2020-06-05 18:53:08 - [MESSAGE][INFO] - Starting 'Chrome' driver

2020-06-05 18:53:08 - [MESSAGE][INFO] - Action delay is set to 0 milliseconds

2020-06-05 18:53:15 - [MESSAGE][PASSED] - Browser is opened with url: ''

2020-06-05 18:53:15 - [TEST_STEP][PASSED] - navigateToUrl("http://localhost:8065/login"): Navigate to 'http://localhost:8065/login' successfully

2020-06-05 18:53:20 - [MESSAGE][PASSED] - Navigate to 'http://localhost:8065/login' successfully

2020-06-05 18:53:20 - [TEST_STEP][PASSED] - setText(findTestObject("Object Repository/1612427/01_Login/Page_Mattermost/input_All team communication in one place s_703ef5"), "hcmus-cdnc@gmail.com"): Text 'hcmus-cdnc@gmail.com' is set on object 'Object Repository/1612427/01_Login/Page_Mattermost/input_All team communication in one place s_703ef5'

2020-06-05 18:53:24 - [MESSAGE][PASSED] - Text 'hcmus-cdnc@gmail.com' is set on object 'Object Repository/1612427/01_Login/Page_Mattermost/input_All team communication in one place s_703ef5'

2020-06-05 18:53:24 - [TEST_STEP][PASSED] - setEncryptedText(findTestObject("Object Repository/1612427/01_Login/Page_Mattermost/input_All team communication in one place s_2f2733"), "aeHFOx8jV/A="): Text ****** has been set on object 'Object Repository/1612427/01_Login/Page_Mattermost/input_All team communication in one place s_2f2733'

2020-06-05 18:53:25 - [MESSAGE][PASSED] - Text ****** has been set on object 'Object Repository/1612427/01_Login/Page_Mattermost/input_All team communication in one place s_2f2733'

2020-06-05 18:53:25 - [TEST_STEP][PASSED] - click(findTestObject("Object Repository/1612427/01_Login/Page_Mattermost/span_Sign in")): Object: 'Object Repository/1612427/01_Login/Page_Mattermost/span_Sign in' is clicked on

2020-06-05 18:53:26 - [MESSAGE][PASSED] - Object: 'Object Repository/1612427/01_Login/Page_Mattermost/span_Sign in' is clicked on]]></system-out>
         <system-err><![CDATA[]]></system-err>
      </testcase>
      <testcase name="Test Cases/1612893/TC_PinPost" time="15.366" classname="Test Cases/1612893/TC_PinPost" status="PASSED">
         <system-out><![CDATA[2020-06-05 18:53:26 - [TEST_CASE][PASSED] - Test Cases/1612893/TC_PinPost: Test Cases/1612893/TC_PinPost

2020-06-05 18:53:26 - [TEST_STEP][PASSED] - click(findTestObject("Object Repository/1612893/PinPost/Page_Thanh set Channel name - hcmus-cdnc-te_a699a0/button_Thanh set Channel name_channelHeader_632246")): Object: 'Object Repository/1612893/PinPost/Page_Thanh set Channel name - hcmus-cdnc-te_a699a0/button_Thanh set Channel name_channelHeader_632246' is clicked on

2020-06-05 18:53:37 - [MESSAGE][PASSED] - Object: 'Object Repository/1612893/PinPost/Page_Thanh set Channel name - hcmus-cdnc-te_a699a0/button_Thanh set Channel name_channelHeader_632246' is clicked on

2020-06-05 18:53:37 - [TEST_STEP][PASSED] - closeBrowser(): Browser is closed

2020-06-05 18:53:42 - [MESSAGE][PASSED] - Browser is closed]]></system-out>
         <system-err><![CDATA[]]></system-err>
      </testcase>
      <testcase name="Test Cases/1612893/TC_ViewInfo" time="0.241" classname="Test Cases/1612893/TC_ViewInfo" status="FAILED">
         <failure type="FAILED" message="Test Cases/1612893/TC_ViewInfo FAILED.
Reason:
com.kms.katalon.core.exception.StepFailedException: Unable to click on object 'Object Repository/1612893/ViewInfo/Page_Thanh set Channel name - hcmus-cdnc-te_a699a0/span_Thanh set Channel name_channelHeaderDr_8caf36'
	at com.kms.katalon.core.webui.keyword.internal.WebUIKeywordMain.stepFailed(WebUIKeywordMain.groovy:64)
	at com.kms.katalon.core.webui.keyword.internal.WebUIKeywordMain.runKeyword(WebUIKeywordMain.groovy:26)
	at com.kms.katalon.core.webui.keyword.builtin.ClickKeyword.click(ClickKeyword.groovy:76)
	at com.kms.katalon.core.webui.keyword.builtin.ClickKeyword.execute(ClickKeyword.groovy:43)
	at com.kms.katalon.core.keyword.internal.KeywordExecutor.executeKeywordForPlatform(KeywordExecutor.groovy:72)
	at com.kms.katalon.core.webui.keyword.WebUiBuiltInKeywords.click(WebUiBuiltInKeywords.groovy:616)
	at com.kms.katalon.core.webui.keyword.WebUiBuiltInKeywords$click$3.call(Unknown Source)
	at TC_ViewInfo.run(TC_ViewInfo:19)
	at com.kms.katalon.core.main.ScriptEngine.run(ScriptEngine.java:194)
	at com.kms.katalon.core.main.ScriptEngine.runScriptAsRawText(ScriptEngine.java:119)
	at com.kms.katalon.core.main.TestCaseExecutor.runScript(TestCaseExecutor.java:337)
	at com.kms.katalon.core.main.TestCaseExecutor.doExecute(TestCaseExecutor.java:328)
	at com.kms.katalon.core.main.TestCaseExecutor.processExecutionPhase(TestCaseExecutor.java:307)
	at com.kms.katalon.core.main.TestCaseExecutor.accessMainPhase(TestCaseExecutor.java:299)
	at com.kms.katalon.core.main.TestCaseExecutor.execute(TestCaseExecutor.java:233)
	at com.kms.katalon.core.main.TestSuiteExecutor.accessTestCaseMainPhase(TestSuiteExecutor.java:169)
	at com.kms.katalon.core.main.TestSuiteExecutor.accessTestSuiteMainPhase(TestSuiteExecutor.java:142)
	at com.kms.katalon.core.main.TestSuiteExecutor.execute(TestSuiteExecutor.java:91)
	at com.kms.katalon.core.main.TestCaseMain.startTestSuite(TestCaseMain.java:157)
	at com.kms.katalon.core.main.TestCaseMain$startTestSuite$0.call(Unknown Source)
	at TempTestSuite1591355957104.run(TempTestSuite1591355957104.groovy:37)
Caused by: org.openqa.selenium.NoSuchSessionException: Session ID is null. Using WebDriver after calling quit()?
Build info: version: '3.141.59', revision: 'e82be7d358', time: '2018-11-14T08:25:53'
System info: host: 'DESKTOP-OT9E64N', ip: '192.168.100.14', os.name: 'Windows 10', os.arch: 'amd64', os.version: '10.0', java.version: '1.8.0_181'
Driver info: driver.version: RemoteWebDriver
	at org.openqa.selenium.remote.HttpCommandExecutor.execute(HttpCommandExecutor.java:125)
	at org.openqa.selenium.remote.service.DriverCommandExecutor.execute(DriverCommandExecutor.java:83)
	at org.openqa.selenium.remote.RemoteWebDriver.execute(RemoteWebDriver.java:552)
	at com.kms.katalon.selenium.driver.CChromeDriver.execute(CChromeDriver.java:19)
	at org.openqa.selenium.remote.RemoteWebDriver.findElements(RemoteWebDriver.java:353)
	at org.openqa.selenium.remote.RemoteWebDriver.findElementsByXPath(RemoteWebDriver.java:432)
	at org.openqa.selenium.By$ByXPath.findElements(By.java:348)
	at org.openqa.selenium.remote.RemoteWebDriver.findElements(RemoteWebDriver.java:311)
	at com.kms.katalon.core.webui.common.WebUiCommonHelper.findWebElements(WebUiCommonHelper.java:789)
	at com.kms.katalon.core.webui.common.WebUiCommonHelper.findWebElement(WebUiCommonHelper.java:1150)
	at com.kms.katalon.core.webui.keyword.internal.WebUIAbstractKeyword.findWebElement(WebUIAbstractKeyword.groovy:27)
	at com.kms.katalon.core.webui.keyword.internal.WebUIAbstractKeyword.findWebElement(WebUIAbstractKeyword.groovy:26)
	at com.kms.katalon.core.webui.keyword.builtin.ClickKeyword$_click_closure1.doCall(ClickKeyword.groovy:67)
	at com.kms.katalon.core.webui.keyword.builtin.ClickKeyword$_click_closure1.call(ClickKeyword.groovy)
	at com.kms.katalon.core.webui.keyword.internal.WebUIKeywordMain.runKeyword(WebUIKeywordMain.groovy:20)
	... 19 more
"/>
         <system-out><![CDATA[2020-06-05 18:53:42 - [TEST_CASE][FAILED] - Test Cases/1612893/TC_ViewInfo: Test Cases/1612893/TC_ViewInfo FAILED.
Reason:
com.kms.katalon.core.exception.StepFailedException: Unable to click on object 'Object Repository/1612893/ViewInfo/Page_Thanh set Channel name - hcmus-cdnc-te_a699a0/span_Thanh set Channel name_channelHeaderDr_8caf36'
	at com.kms.katalon.core.webui.keyword.internal.WebUIKeywordMain.stepFailed(WebUIKeywordMain.groovy:64)
	at com.kms.katalon.core.webui.keyword.internal.WebUIKeywordMain.runKeyword(WebUIKeywordMain.groovy:26)
	at com.kms.katalon.core.webui.keyword.builtin.ClickKeyword.click(ClickKeyword.groovy:76)
	at com.kms.katalon.core.webui.keyword.builtin.ClickKeyword.execute(ClickKeyword.groovy:43)
	at com.kms.katalon.core.keyword.internal.KeywordExecutor.executeKeywordForPlatform(KeywordExecutor.groovy:72)
	at com.kms.katalon.core.webui.keyword.WebUiBuiltInKeywords.click(WebUiBuiltInKeywords.groovy:616)
	at com.kms.katalon.core.webui.keyword.WebUiBuiltInKeywords$click$3.call(Unknown Source)
	at TC_ViewInfo.run(TC_ViewInfo:19)
	at com.kms.katalon.core.main.ScriptEngine.run(ScriptEngine.java:194)
	at com.kms.katalon.core.main.ScriptEngine.runScriptAsRawText(ScriptEngine.java:119)
	at com.kms.katalon.core.main.TestCaseExecutor.runScript(TestCaseExecutor.java:337)
	at com.kms.katalon.core.main.TestCaseExecutor.doExecute(TestCaseExecutor.java:328)
	at com.kms.katalon.core.main.TestCaseExecutor.processExecutionPhase(TestCaseExecutor.java:307)
	at com.kms.katalon.core.main.TestCaseExecutor.accessMainPhase(TestCaseExecutor.java:299)
	at com.kms.katalon.core.main.TestCaseExecutor.execute(TestCaseExecutor.java:233)
	at com.kms.katalon.core.main.TestSuiteExecutor.accessTestCaseMainPhase(TestSuiteExecutor.java:169)
	at com.kms.katalon.core.main.TestSuiteExecutor.accessTestSuiteMainPhase(TestSuiteExecutor.java:142)
	at com.kms.katalon.core.main.TestSuiteExecutor.execute(TestSuiteExecutor.java:91)
	at com.kms.katalon.core.main.TestCaseMain.startTestSuite(TestCaseMain.java:157)
	at com.kms.katalon.core.main.TestCaseMain$startTestSuite$0.call(Unknown Source)
	at TempTestSuite1591355957104.run(TempTestSuite1591355957104.groovy:37)
Caused by: org.openqa.selenium.NoSuchSessionException: Session ID is null. Using WebDriver after calling quit()?
Build info: version: '3.141.59', revision: 'e82be7d358', time: '2018-11-14T08:25:53'
System info: host: 'DESKTOP-OT9E64N', ip: '192.168.100.14', os.name: 'Windows 10', os.arch: 'amd64', os.version: '10.0', java.version: '1.8.0_181'
Driver info: driver.version: RemoteWebDriver
	at org.openqa.selenium.remote.HttpCommandExecutor.execute(HttpCommandExecutor.java:125)
	at org.openqa.selenium.remote.service.DriverCommandExecutor.execute(DriverCommandExecutor.java:83)
	at org.openqa.selenium.remote.RemoteWebDriver.execute(RemoteWebDriver.java:552)
	at com.kms.katalon.selenium.driver.CChromeDriver.execute(CChromeDriver.java:19)
	at org.openqa.selenium.remote.RemoteWebDriver.findElements(RemoteWebDriver.java:353)
	at org.openqa.selenium.remote.RemoteWebDriver.findElementsByXPath(RemoteWebDriver.java:432)
	at org.openqa.selenium.By$ByXPath.findElements(By.java:348)
	at org.openqa.selenium.remote.RemoteWebDriver.findElements(RemoteWebDriver.java:311)
	at com.kms.katalon.core.webui.common.WebUiCommonHelper.findWebElements(WebUiCommonHelper.java:789)
	at com.kms.katalon.core.webui.common.WebUiCommonHelper.findWebElement(WebUiCommonHelper.java:1150)
	at com.kms.katalon.core.webui.keyword.internal.WebUIAbstractKeyword.findWebElement(WebUIAbstractKeyword.groovy:27)
	at com.kms.katalon.core.webui.keyword.internal.WebUIAbstractKeyword.findWebElement(WebUIAbstractKeyword.groovy:26)
	at com.kms.katalon.core.webui.keyword.builtin.ClickKeyword$_click_closure1.doCall(ClickKeyword.groovy:67)
	at com.kms.katalon.core.webui.keyword.builtin.ClickKeyword$_click_closure1.call(ClickKeyword.groovy)
	at com.kms.katalon.core.webui.keyword.internal.WebUIKeywordMain.runKeyword(WebUIKeywordMain.groovy:20)
	... 19 more


2020-06-05 18:53:42 - [TEST_STEP][FAILED] - click(findTestObject("1612893/ViewInfo/Page_Thanh set Channel name - hcmus-cdnc-te_a699a0/span_Thanh set Channel name_channelHeaderDr_8caf36")): Unable to click on object 'Object Repository/1612893/ViewInfo/Page_Thanh set Channel name - hcmus-cdnc-te_a699a0/span_Thanh set Channel name_channelHeaderDr_8caf36' (Root cause: com.kms.katalon.core.exception.StepFailedException: Unable to click on object 'Object Repository/1612893/ViewInfo/Page_Thanh set Channel name - hcmus-cdnc-te_a699a0/span_Thanh set Channel name_channelHeaderDr_8caf36'
	at com.kms.katalon.core.webui.keyword.internal.WebUIKeywordMain.stepFailed(WebUIKeywordMain.groovy:64)
	at com.kms.katalon.core.webui.keyword.internal.WebUIKeywordMain.runKeyword(WebUIKeywordMain.groovy:26)
	at com.kms.katalon.core.webui.keyword.builtin.ClickKeyword.click(ClickKeyword.groovy:76)
	at com.kms.katalon.core.webui.keyword.builtin.ClickKeyword.execute(ClickKeyword.groovy:43)
	at com.kms.katalon.core.keyword.internal.KeywordExecutor.executeKeywordForPlatform(KeywordExecutor.groovy:72)
	at com.kms.katalon.core.webui.keyword.WebUiBuiltInKeywords.click(WebUiBuiltInKeywords.groovy:616)
	at com.kms.katalon.core.webui.keyword.WebUiBuiltInKeywords$click$3.call(Unknown Source)
	at TC_ViewInfo.run(TC_ViewInfo:19)
	at com.kms.katalon.core.main.ScriptEngine.run(ScriptEngine.java:194)
	at com.kms.katalon.core.main.ScriptEngine.runScriptAsRawText(ScriptEngine.java:119)
	at com.kms.katalon.core.main.TestCaseExecutor.runScript(TestCaseExecutor.java:337)
	at com.kms.katalon.core.main.TestCaseExecutor.doExecute(TestCaseExecutor.java:328)
	at com.kms.katalon.core.main.TestCaseExecutor.processExecutionPhase(TestCaseExecutor.java:307)
	at com.kms.katalon.core.main.TestCaseExecutor.accessMainPhase(TestCaseExecutor.java:299)
	at com.kms.katalon.core.main.TestCaseExecutor.execute(TestCaseExecutor.java:233)
	at com.kms.katalon.core.main.TestSuiteExecutor.accessTestCaseMainPhase(TestSuiteExecutor.java:169)
	at com.kms.katalon.core.main.TestSuiteExecutor.accessTestSuiteMainPhase(TestSuiteExecutor.java:142)
	at com.kms.katalon.core.main.TestSuiteExecutor.execute(TestSuiteExecutor.java:91)
	at com.kms.katalon.core.main.TestCaseMain.startTestSuite(TestCaseMain.java:157)
	at com.kms.katalon.core.main.TestCaseMain$startTestSuite$0.call(Unknown Source)
	at TempTestSuite1591355957104.run(TempTestSuite1591355957104.groovy:37)
Caused by: org.openqa.selenium.NoSuchSessionException: Session ID is null. Using WebDriver after calling quit()?
Build info: version: '3.141.59', revision: 'e82be7d358', time: '2018-11-14T08:25:53'
System info: host: 'DESKTOP-OT9E64N', ip: '192.168.100.14', os.name: 'Windows 10', os.arch: 'amd64', os.version: '10.0', java.version: '1.8.0_181'
Driver info: driver.version: RemoteWebDriver
	at org.openqa.selenium.remote.HttpCommandExecutor.execute(HttpCommandExecutor.java:125)
	at org.openqa.selenium.remote.service.DriverCommandExecutor.execute(DriverCommandExecutor.java:83)
	at org.openqa.selenium.remote.RemoteWebDriver.execute(RemoteWebDriver.java:552)
	at com.kms.katalon.selenium.driver.CChromeDriver.execute(CChromeDriver.java:19)
	at org.openqa.selenium.remote.RemoteWebDriver.findElements(RemoteWebDriver.java:353)
	at org.openqa.selenium.remote.RemoteWebDriver.findElementsByXPath(RemoteWebDriver.java:432)
	at org.openqa.selenium.By$ByXPath.findElements(By.java:348)
	at org.openqa.selenium.remote.RemoteWebDriver.findElements(RemoteWebDriver.java:311)
	at com.kms.katalon.core.webui.common.WebUiCommonHelper.findWebElements(WebUiCommonHelper.java:789)
	at com.kms.katalon.core.webui.common.WebUiCommonHelper.findWebElement(WebUiCommonHelper.java:1150)
	at com.kms.katalon.core.webui.keyword.internal.WebUIAbstractKeyword.findWebElement(WebUIAbstractKeyword.groovy:27)
	at com.kms.katalon.core.webui.keyword.internal.WebUIAbstractKeyword.findWebElement(WebUIAbstractKeyword.groovy:26)
	at com.kms.katalon.core.webui.keyword.builtin.ClickKeyword$_click_closure1.doCall(ClickKeyword.groovy:67)
	at com.kms.katalon.core.webui.keyword.builtin.ClickKeyword$_click_closure1.call(ClickKeyword.groovy)
	at com.kms.katalon.core.webui.keyword.internal.WebUIKeywordMain.runKeyword(WebUIKeywordMain.groovy:20)
	at com.kms.katalon.core.webui.keyword.builtin.ClickKeyword.click(ClickKeyword.groovy:76)
	at com.kms.katalon.core.webui.keyword.builtin.ClickKeyword.execute(ClickKeyword.groovy:43)
	at com.kms.katalon.core.keyword.internal.KeywordExecutor.executeKeywordForPlatform(KeywordExecutor.groovy:72)
	at com.kms.katalon.core.webui.keyword.WebUiBuiltInKeywords.click(WebUiBuiltInKeywords.groovy:616)
	at com.kms.katalon.core.webui.keyword.WebUiBuiltInKeywords$click$3.call(Unknown Source)
	at Script1591272532459.run(Script1591272532459.groovy:19)
	... 13 more
)

2020-06-05 18:53:42 - [MESSAGE][WARNING] - Cannot take screenshot

2020-06-05 18:53:42 - [MESSAGE][FAILED] - Unable to click on object 'Object Repository/1612893/ViewInfo/Page_Thanh set Channel name - hcmus-cdnc-te_a699a0/span_Thanh set Channel name_channelHeaderDr_8caf36' (Root cause: com.kms.katalon.core.exception.StepFailedException: Unable to click on object 'Object Repository/1612893/ViewInfo/Page_Thanh set Channel name - hcmus-cdnc-te_a699a0/span_Thanh set Channel name_channelHeaderDr_8caf36'
	at com.kms.katalon.core.webui.keyword.internal.WebUIKeywordMain.stepFailed(WebUIKeywordMain.groovy:64)
	at com.kms.katalon.core.webui.keyword.internal.WebUIKeywordMain.runKeyword(WebUIKeywordMain.groovy:26)
	at com.kms.katalon.core.webui.keyword.builtin.ClickKeyword.click(ClickKeyword.groovy:76)
	at com.kms.katalon.core.webui.keyword.builtin.ClickKeyword.execute(ClickKeyword.groovy:43)
	at com.kms.katalon.core.keyword.internal.KeywordExecutor.executeKeywordForPlatform(KeywordExecutor.groovy:72)
	at com.kms.katalon.core.webui.keyword.WebUiBuiltInKeywords.click(WebUiBuiltInKeywords.groovy:616)
	at com.kms.katalon.core.webui.keyword.WebUiBuiltInKeywords$click$3.call(Unknown Source)
	at TC_ViewInfo.run(TC_ViewInfo:19)
	at com.kms.katalon.core.main.ScriptEngine.run(ScriptEngine.java:194)
	at com.kms.katalon.core.main.ScriptEngine.runScriptAsRawText(ScriptEngine.java:119)
	at com.kms.katalon.core.main.TestCaseExecutor.runScript(TestCaseExecutor.java:337)
	at com.kms.katalon.core.main.TestCaseExecutor.doExecute(TestCaseExecutor.java:328)
	at com.kms.katalon.core.main.TestCaseExecutor.processExecutionPhase(TestCaseExecutor.java:307)
	at com.kms.katalon.core.main.TestCaseExecutor.accessMainPhase(TestCaseExecutor.java:299)
	at com.kms.katalon.core.main.TestCaseExecutor.execute(TestCaseExecutor.java:233)
	at com.kms.katalon.core.main.TestSuiteExecutor.accessTestCaseMainPhase(TestSuiteExecutor.java:169)
	at com.kms.katalon.core.main.TestSuiteExecutor.accessTestSuiteMainPhase(TestSuiteExecutor.java:142)
	at com.kms.katalon.core.main.TestSuiteExecutor.execute(TestSuiteExecutor.java:91)
	at com.kms.katalon.core.main.TestCaseMain.startTestSuite(TestCaseMain.java:157)
	at com.kms.katalon.core.main.TestCaseMain$startTestSuite$0.call(Unknown Source)
	at TempTestSuite1591355957104.run(TempTestSuite1591355957104.groovy:37)
Caused by: org.openqa.selenium.NoSuchSessionException: Session ID is null. Using WebDriver after calling quit()?
Build info: version: '3.141.59', revision: 'e82be7d358', time: '2018-11-14T08:25:53'
System info: host: 'DESKTOP-OT9E64N', ip: '192.168.100.14', os.name: 'Windows 10', os.arch: 'amd64', os.version: '10.0', java.version: '1.8.0_181'
Driver info: driver.version: RemoteWebDriver
	at org.openqa.selenium.remote.HttpCommandExecutor.execute(HttpCommandExecutor.java:125)
	at org.openqa.selenium.remote.service.DriverCommandExecutor.execute(DriverCommandExecutor.java:83)
	at org.openqa.selenium.remote.RemoteWebDriver.execute(RemoteWebDriver.java:552)
	at com.kms.katalon.selenium.driver.CChromeDriver.execute(CChromeDriver.java:19)
	at org.openqa.selenium.remote.RemoteWebDriver.findElements(RemoteWebDriver.java:353)
	at org.openqa.selenium.remote.RemoteWebDriver.findElementsByXPath(RemoteWebDriver.java:432)
	at org.openqa.selenium.By$ByXPath.findElements(By.java:348)
	at org.openqa.selenium.remote.RemoteWebDriver.findElements(RemoteWebDriver.java:311)
	at com.kms.katalon.core.webui.common.WebUiCommonHelper.findWebElements(WebUiCommonHelper.java:789)
	at com.kms.katalon.core.webui.common.WebUiCommonHelper.findWebElement(WebUiCommonHelper.java:1150)
	at com.kms.katalon.core.webui.keyword.internal.WebUIAbstractKeyword.findWebElement(WebUIAbstractKeyword.groovy:27)
	at com.kms.katalon.core.webui.keyword.internal.WebUIAbstractKeyword.findWebElement(WebUIAbstractKeyword.groovy:26)
	at com.kms.katalon.core.webui.keyword.builtin.ClickKeyword$_click_closure1.doCall(ClickKeyword.groovy:67)
	at com.kms.katalon.core.webui.keyword.builtin.ClickKeyword$_click_closure1.call(ClickKeyword.groovy)
	at com.kms.katalon.core.webui.keyword.internal.WebUIKeywordMain.runKeyword(WebUIKeywordMain.groovy:20)
	at com.kms.katalon.core.webui.keyword.builtin.ClickKeyword.click(ClickKeyword.groovy:76)
	at com.kms.katalon.core.webui.keyword.builtin.ClickKeyword.execute(ClickKeyword.groovy:43)
	at com.kms.katalon.core.keyword.internal.KeywordExecutor.executeKeywordForPlatform(KeywordExecutor.groovy:72)
	at com.kms.katalon.core.webui.keyword.WebUiBuiltInKeywords.click(WebUiBuiltInKeywords.groovy:616)
	at com.kms.katalon.core.webui.keyword.WebUiBuiltInKeywords$click$3.call(Unknown Source)
	at Script1591272532459.run(Script1591272532459.groovy:19)
	... 13 more
)]]></system-out>
         <system-err><![CDATA[2020-06-05 18:53:42 - [TEST_CASE][FAILED] - Test Cases/1612893/TC_ViewInfo: Test Cases/1612893/TC_ViewInfo FAILED.
Reason:
com.kms.katalon.core.exception.StepFailedException: Unable to click on object 'Object Repository/1612893/ViewInfo/Page_Thanh set Channel name - hcmus-cdnc-te_a699a0/span_Thanh set Channel name_channelHeaderDr_8caf36'
	at com.kms.katalon.core.webui.keyword.internal.WebUIKeywordMain.stepFailed(WebUIKeywordMain.groovy:64)
	at com.kms.katalon.core.webui.keyword.internal.WebUIKeywordMain.runKeyword(WebUIKeywordMain.groovy:26)
	at com.kms.katalon.core.webui.keyword.builtin.ClickKeyword.click(ClickKeyword.groovy:76)
	at com.kms.katalon.core.webui.keyword.builtin.ClickKeyword.execute(ClickKeyword.groovy:43)
	at com.kms.katalon.core.keyword.internal.KeywordExecutor.executeKeywordForPlatform(KeywordExecutor.groovy:72)
	at com.kms.katalon.core.webui.keyword.WebUiBuiltInKeywords.click(WebUiBuiltInKeywords.groovy:616)
	at com.kms.katalon.core.webui.keyword.WebUiBuiltInKeywords$click$3.call(Unknown Source)
	at TC_ViewInfo.run(TC_ViewInfo:19)
	at com.kms.katalon.core.main.ScriptEngine.run(ScriptEngine.java:194)
	at com.kms.katalon.core.main.ScriptEngine.runScriptAsRawText(ScriptEngine.java:119)
	at com.kms.katalon.core.main.TestCaseExecutor.runScript(TestCaseExecutor.java:337)
	at com.kms.katalon.core.main.TestCaseExecutor.doExecute(TestCaseExecutor.java:328)
	at com.kms.katalon.core.main.TestCaseExecutor.processExecutionPhase(TestCaseExecutor.java:307)
	at com.kms.katalon.core.main.TestCaseExecutor.accessMainPhase(TestCaseExecutor.java:299)
	at com.kms.katalon.core.main.TestCaseExecutor.execute(TestCaseExecutor.java:233)
	at com.kms.katalon.core.main.TestSuiteExecutor.accessTestCaseMainPhase(TestSuiteExecutor.java:169)
	at com.kms.katalon.core.main.TestSuiteExecutor.accessTestSuiteMainPhase(TestSuiteExecutor.java:142)
	at com.kms.katalon.core.main.TestSuiteExecutor.execute(TestSuiteExecutor.java:91)
	at com.kms.katalon.core.main.TestCaseMain.startTestSuite(TestCaseMain.java:157)
	at com.kms.katalon.core.main.TestCaseMain$startTestSuite$0.call(Unknown Source)
	at TempTestSuite1591355957104.run(TempTestSuite1591355957104.groovy:37)
Caused by: org.openqa.selenium.NoSuchSessionException: Session ID is null. Using WebDriver after calling quit()?
Build info: version: '3.141.59', revision: 'e82be7d358', time: '2018-11-14T08:25:53'
System info: host: 'DESKTOP-OT9E64N', ip: '192.168.100.14', os.name: 'Windows 10', os.arch: 'amd64', os.version: '10.0', java.version: '1.8.0_181'
Driver info: driver.version: RemoteWebDriver
	at org.openqa.selenium.remote.HttpCommandExecutor.execute(HttpCommandExecutor.java:125)
	at org.openqa.selenium.remote.service.DriverCommandExecutor.execute(DriverCommandExecutor.java:83)
	at org.openqa.selenium.remote.RemoteWebDriver.execute(RemoteWebDriver.java:552)
	at com.kms.katalon.selenium.driver.CChromeDriver.execute(CChromeDriver.java:19)
	at org.openqa.selenium.remote.RemoteWebDriver.findElements(RemoteWebDriver.java:353)
	at org.openqa.selenium.remote.RemoteWebDriver.findElementsByXPath(RemoteWebDriver.java:432)
	at org.openqa.selenium.By$ByXPath.findElements(By.java:348)
	at org.openqa.selenium.remote.RemoteWebDriver.findElements(RemoteWebDriver.java:311)
	at com.kms.katalon.core.webui.common.WebUiCommonHelper.findWebElements(WebUiCommonHelper.java:789)
	at com.kms.katalon.core.webui.common.WebUiCommonHelper.findWebElement(WebUiCommonHelper.java:1150)
	at com.kms.katalon.core.webui.keyword.internal.WebUIAbstractKeyword.findWebElement(WebUIAbstractKeyword.groovy:27)
	at com.kms.katalon.core.webui.keyword.internal.WebUIAbstractKeyword.findWebElement(WebUIAbstractKeyword.groovy:26)
	at com.kms.katalon.core.webui.keyword.builtin.ClickKeyword$_click_closure1.doCall(ClickKeyword.groovy:67)
	at com.kms.katalon.core.webui.keyword.builtin.ClickKeyword$_click_closure1.call(ClickKeyword.groovy)
	at com.kms.katalon.core.webui.keyword.internal.WebUIKeywordMain.runKeyword(WebUIKeywordMain.groovy:20)
	... 19 more]]></system-err>
      </testcase>
      <testcase name="Test Cases/1612893/TC_ViewMember" time="0.281" classname="Test Cases/1612893/TC_ViewMember" status="FAILED">
         <failure type="FAILED" message="Test Cases/1612893/TC_ViewMember FAILED.
Reason:
com.kms.katalon.core.exception.StepFailedException: Unable to click on object 'Object Repository/1612893/ViewMember/Page_Thanh set Channel name - hcmus-cdnc-te_a699a0/span_Thanh set Channel name_channelHeaderDr_8caf36'
	at com.kms.katalon.core.webui.keyword.internal.WebUIKeywordMain.stepFailed(WebUIKeywordMain.groovy:64)
	at com.kms.katalon.core.webui.keyword.internal.WebUIKeywordMain.runKeyword(WebUIKeywordMain.groovy:26)
	at com.kms.katalon.core.webui.keyword.builtin.ClickKeyword.click(ClickKeyword.groovy:76)
	at com.kms.katalon.core.webui.keyword.builtin.ClickKeyword.execute(ClickKeyword.groovy:43)
	at com.kms.katalon.core.keyword.internal.KeywordExecutor.executeKeywordForPlatform(KeywordExecutor.groovy:72)
	at com.kms.katalon.core.webui.keyword.WebUiBuiltInKeywords.click(WebUiBuiltInKeywords.groovy:616)
	at com.kms.katalon.core.webui.keyword.WebUiBuiltInKeywords$click$3.call(Unknown Source)
	at TC_ViewMember.run(TC_ViewMember:19)
	at com.kms.katalon.core.main.ScriptEngine.run(ScriptEngine.java:194)
	at com.kms.katalon.core.main.ScriptEngine.runScriptAsRawText(ScriptEngine.java:119)
	at com.kms.katalon.core.main.TestCaseExecutor.runScript(TestCaseExecutor.java:337)
	at com.kms.katalon.core.main.TestCaseExecutor.doExecute(TestCaseExecutor.java:328)
	at com.kms.katalon.core.main.TestCaseExecutor.processExecutionPhase(TestCaseExecutor.java:307)
	at com.kms.katalon.core.main.TestCaseExecutor.accessMainPhase(TestCaseExecutor.java:299)
	at com.kms.katalon.core.main.TestCaseExecutor.execute(TestCaseExecutor.java:233)
	at com.kms.katalon.core.main.TestSuiteExecutor.accessTestCaseMainPhase(TestSuiteExecutor.java:169)
	at com.kms.katalon.core.main.TestSuiteExecutor.accessTestSuiteMainPhase(TestSuiteExecutor.java:142)
	at com.kms.katalon.core.main.TestSuiteExecutor.execute(TestSuiteExecutor.java:91)
	at com.kms.katalon.core.main.TestCaseMain.startTestSuite(TestCaseMain.java:157)
	at com.kms.katalon.core.main.TestCaseMain$startTestSuite$0.call(Unknown Source)
	at TempTestSuite1591355957104.run(TempTestSuite1591355957104.groovy:37)
Caused by: org.openqa.selenium.NoSuchSessionException: Session ID is null. Using WebDriver after calling quit()?
Build info: version: '3.141.59', revision: 'e82be7d358', time: '2018-11-14T08:25:53'
System info: host: 'DESKTOP-OT9E64N', ip: '192.168.100.14', os.name: 'Windows 10', os.arch: 'amd64', os.version: '10.0', java.version: '1.8.0_181'
Driver info: driver.version: RemoteWebDriver
	at org.openqa.selenium.remote.HttpCommandExecutor.execute(HttpCommandExecutor.java:125)
	at org.openqa.selenium.remote.service.DriverCommandExecutor.execute(DriverCommandExecutor.java:83)
	at org.openqa.selenium.remote.RemoteWebDriver.execute(RemoteWebDriver.java:552)
	at com.kms.katalon.selenium.driver.CChromeDriver.execute(CChromeDriver.java:19)
	at org.openqa.selenium.remote.RemoteWebDriver.findElements(RemoteWebDriver.java:353)
	at org.openqa.selenium.remote.RemoteWebDriver.findElementsByXPath(RemoteWebDriver.java:432)
	at org.openqa.selenium.By$ByXPath.findElements(By.java:348)
	at org.openqa.selenium.remote.RemoteWebDriver.findElements(RemoteWebDriver.java:311)
	at com.kms.katalon.core.webui.common.WebUiCommonHelper.findWebElements(WebUiCommonHelper.java:789)
	at com.kms.katalon.core.webui.common.WebUiCommonHelper.findWebElement(WebUiCommonHelper.java:1150)
	at com.kms.katalon.core.webui.keyword.internal.WebUIAbstractKeyword.findWebElement(WebUIAbstractKeyword.groovy:27)
	at com.kms.katalon.core.webui.keyword.internal.WebUIAbstractKeyword.findWebElement(WebUIAbstractKeyword.groovy:26)
	at com.kms.katalon.core.webui.keyword.builtin.ClickKeyword$_click_closure1.doCall(ClickKeyword.groovy:67)
	at com.kms.katalon.core.webui.keyword.builtin.ClickKeyword$_click_closure1.call(ClickKeyword.groovy)
	at com.kms.katalon.core.webui.keyword.internal.WebUIKeywordMain.runKeyword(WebUIKeywordMain.groovy:20)
	... 19 more
"/>
         <system-out><![CDATA[2020-06-05 18:53:42 - [TEST_CASE][FAILED] - Test Cases/1612893/TC_ViewMember: Test Cases/1612893/TC_ViewMember FAILED.
Reason:
com.kms.katalon.core.exception.StepFailedException: Unable to click on object 'Object Repository/1612893/ViewMember/Page_Thanh set Channel name - hcmus-cdnc-te_a699a0/span_Thanh set Channel name_channelHeaderDr_8caf36'
	at com.kms.katalon.core.webui.keyword.internal.WebUIKeywordMain.stepFailed(WebUIKeywordMain.groovy:64)
	at com.kms.katalon.core.webui.keyword.internal.WebUIKeywordMain.runKeyword(WebUIKeywordMain.groovy:26)
	at com.kms.katalon.core.webui.keyword.builtin.ClickKeyword.click(ClickKeyword.groovy:76)
	at com.kms.katalon.core.webui.keyword.builtin.ClickKeyword.execute(ClickKeyword.groovy:43)
	at com.kms.katalon.core.keyword.internal.KeywordExecutor.executeKeywordForPlatform(KeywordExecutor.groovy:72)
	at com.kms.katalon.core.webui.keyword.WebUiBuiltInKeywords.click(WebUiBuiltInKeywords.groovy:616)
	at com.kms.katalon.core.webui.keyword.WebUiBuiltInKeywords$click$3.call(Unknown Source)
	at TC_ViewMember.run(TC_ViewMember:19)
	at com.kms.katalon.core.main.ScriptEngine.run(ScriptEngine.java:194)
	at com.kms.katalon.core.main.ScriptEngine.runScriptAsRawText(ScriptEngine.java:119)
	at com.kms.katalon.core.main.TestCaseExecutor.runScript(TestCaseExecutor.java:337)
	at com.kms.katalon.core.main.TestCaseExecutor.doExecute(TestCaseExecutor.java:328)
	at com.kms.katalon.core.main.TestCaseExecutor.processExecutionPhase(TestCaseExecutor.java:307)
	at com.kms.katalon.core.main.TestCaseExecutor.accessMainPhase(TestCaseExecutor.java:299)
	at com.kms.katalon.core.main.TestCaseExecutor.execute(TestCaseExecutor.java:233)
	at com.kms.katalon.core.main.TestSuiteExecutor.accessTestCaseMainPhase(TestSuiteExecutor.java:169)
	at com.kms.katalon.core.main.TestSuiteExecutor.accessTestSuiteMainPhase(TestSuiteExecutor.java:142)
	at com.kms.katalon.core.main.TestSuiteExecutor.execute(TestSuiteExecutor.java:91)
	at com.kms.katalon.core.main.TestCaseMain.startTestSuite(TestCaseMain.java:157)
	at com.kms.katalon.core.main.TestCaseMain$startTestSuite$0.call(Unknown Source)
	at TempTestSuite1591355957104.run(TempTestSuite1591355957104.groovy:37)
Caused by: org.openqa.selenium.NoSuchSessionException: Session ID is null. Using WebDriver after calling quit()?
Build info: version: '3.141.59', revision: 'e82be7d358', time: '2018-11-14T08:25:53'
System info: host: 'DESKTOP-OT9E64N', ip: '192.168.100.14', os.name: 'Windows 10', os.arch: 'amd64', os.version: '10.0', java.version: '1.8.0_181'
Driver info: driver.version: RemoteWebDriver
	at org.openqa.selenium.remote.HttpCommandExecutor.execute(HttpCommandExecutor.java:125)
	at org.openqa.selenium.remote.service.DriverCommandExecutor.execute(DriverCommandExecutor.java:83)
	at org.openqa.selenium.remote.RemoteWebDriver.execute(RemoteWebDriver.java:552)
	at com.kms.katalon.selenium.driver.CChromeDriver.execute(CChromeDriver.java:19)
	at org.openqa.selenium.remote.RemoteWebDriver.findElements(RemoteWebDriver.java:353)
	at org.openqa.selenium.remote.RemoteWebDriver.findElementsByXPath(RemoteWebDriver.java:432)
	at org.openqa.selenium.By$ByXPath.findElements(By.java:348)
	at org.openqa.selenium.remote.RemoteWebDriver.findElements(RemoteWebDriver.java:311)
	at com.kms.katalon.core.webui.common.WebUiCommonHelper.findWebElements(WebUiCommonHelper.java:789)
	at com.kms.katalon.core.webui.common.WebUiCommonHelper.findWebElement(WebUiCommonHelper.java:1150)
	at com.kms.katalon.core.webui.keyword.internal.WebUIAbstractKeyword.findWebElement(WebUIAbstractKeyword.groovy:27)
	at com.kms.katalon.core.webui.keyword.internal.WebUIAbstractKeyword.findWebElement(WebUIAbstractKeyword.groovy:26)
	at com.kms.katalon.core.webui.keyword.builtin.ClickKeyword$_click_closure1.doCall(ClickKeyword.groovy:67)
	at com.kms.katalon.core.webui.keyword.builtin.ClickKeyword$_click_closure1.call(ClickKeyword.groovy)
	at com.kms.katalon.core.webui.keyword.internal.WebUIKeywordMain.runKeyword(WebUIKeywordMain.groovy:20)
	... 19 more


2020-06-05 18:53:42 - [TEST_STEP][FAILED] - click(findTestObject("Object Repository/1612893/ViewMember/Page_Thanh set Channel name - hcmus-cdnc-te_a699a0/span_Thanh set Channel name_channelHeaderDr_8caf36")): Unable to click on object 'Object Repository/1612893/ViewMember/Page_Thanh set Channel name - hcmus-cdnc-te_a699a0/span_Thanh set Channel name_channelHeaderDr_8caf36' (Root cause: com.kms.katalon.core.exception.StepFailedException: Unable to click on object 'Object Repository/1612893/ViewMember/Page_Thanh set Channel name - hcmus-cdnc-te_a699a0/span_Thanh set Channel name_channelHeaderDr_8caf36'
	at com.kms.katalon.core.webui.keyword.internal.WebUIKeywordMain.stepFailed(WebUIKeywordMain.groovy:64)
	at com.kms.katalon.core.webui.keyword.internal.WebUIKeywordMain.runKeyword(WebUIKeywordMain.groovy:26)
	at com.kms.katalon.core.webui.keyword.builtin.ClickKeyword.click(ClickKeyword.groovy:76)
	at com.kms.katalon.core.webui.keyword.builtin.ClickKeyword.execute(ClickKeyword.groovy:43)
	at com.kms.katalon.core.keyword.internal.KeywordExecutor.executeKeywordForPlatform(KeywordExecutor.groovy:72)
	at com.kms.katalon.core.webui.keyword.WebUiBuiltInKeywords.click(WebUiBuiltInKeywords.groovy:616)
	at com.kms.katalon.core.webui.keyword.WebUiBuiltInKeywords$click$3.call(Unknown Source)
	at TC_ViewMember.run(TC_ViewMember:19)
	at com.kms.katalon.core.main.ScriptEngine.run(ScriptEngine.java:194)
	at com.kms.katalon.core.main.ScriptEngine.runScriptAsRawText(ScriptEngine.java:119)
	at com.kms.katalon.core.main.TestCaseExecutor.runScript(TestCaseExecutor.java:337)
	at com.kms.katalon.core.main.TestCaseExecutor.doExecute(TestCaseExecutor.java:328)
	at com.kms.katalon.core.main.TestCaseExecutor.processExecutionPhase(TestCaseExecutor.java:307)
	at com.kms.katalon.core.main.TestCaseExecutor.accessMainPhase(TestCaseExecutor.java:299)
	at com.kms.katalon.core.main.TestCaseExecutor.execute(TestCaseExecutor.java:233)
	at com.kms.katalon.core.main.TestSuiteExecutor.accessTestCaseMainPhase(TestSuiteExecutor.java:169)
	at com.kms.katalon.core.main.TestSuiteExecutor.accessTestSuiteMainPhase(TestSuiteExecutor.java:142)
	at com.kms.katalon.core.main.TestSuiteExecutor.execute(TestSuiteExecutor.java:91)
	at com.kms.katalon.core.main.TestCaseMain.startTestSuite(TestCaseMain.java:157)
	at com.kms.katalon.core.main.TestCaseMain$startTestSuite$0.call(Unknown Source)
	at TempTestSuite1591355957104.run(TempTestSuite1591355957104.groovy:37)
Caused by: org.openqa.selenium.NoSuchSessionException: Session ID is null. Using WebDriver after calling quit()?
Build info: version: '3.141.59', revision: 'e82be7d358', time: '2018-11-14T08:25:53'
System info: host: 'DESKTOP-OT9E64N', ip: '192.168.100.14', os.name: 'Windows 10', os.arch: 'amd64', os.version: '10.0', java.version: '1.8.0_181'
Driver info: driver.version: RemoteWebDriver
	at org.openqa.selenium.remote.HttpCommandExecutor.execute(HttpCommandExecutor.java:125)
	at org.openqa.selenium.remote.service.DriverCommandExecutor.execute(DriverCommandExecutor.java:83)
	at org.openqa.selenium.remote.RemoteWebDriver.execute(RemoteWebDriver.java:552)
	at com.kms.katalon.selenium.driver.CChromeDriver.execute(CChromeDriver.java:19)
	at org.openqa.selenium.remote.RemoteWebDriver.findElements(RemoteWebDriver.java:353)
	at org.openqa.selenium.remote.RemoteWebDriver.findElementsByXPath(RemoteWebDriver.java:432)
	at org.openqa.selenium.By$ByXPath.findElements(By.java:348)
	at org.openqa.selenium.remote.RemoteWebDriver.findElements(RemoteWebDriver.java:311)
	at com.kms.katalon.core.webui.common.WebUiCommonHelper.findWebElements(WebUiCommonHelper.java:789)
	at com.kms.katalon.core.webui.common.WebUiCommonHelper.findWebElement(WebUiCommonHelper.java:1150)
	at com.kms.katalon.core.webui.keyword.internal.WebUIAbstractKeyword.findWebElement(WebUIAbstractKeyword.groovy:27)
	at com.kms.katalon.core.webui.keyword.internal.WebUIAbstractKeyword.findWebElement(WebUIAbstractKeyword.groovy:26)
	at com.kms.katalon.core.webui.keyword.builtin.ClickKeyword$_click_closure1.doCall(ClickKeyword.groovy:67)
	at com.kms.katalon.core.webui.keyword.builtin.ClickKeyword$_click_closure1.call(ClickKeyword.groovy)
	at com.kms.katalon.core.webui.keyword.internal.WebUIKeywordMain.runKeyword(WebUIKeywordMain.groovy:20)
	at com.kms.katalon.core.webui.keyword.builtin.ClickKeyword.click(ClickKeyword.groovy:76)
	at com.kms.katalon.core.webui.keyword.builtin.ClickKeyword.execute(ClickKeyword.groovy:43)
	at com.kms.katalon.core.keyword.internal.KeywordExecutor.executeKeywordForPlatform(KeywordExecutor.groovy:72)
	at com.kms.katalon.core.webui.keyword.WebUiBuiltInKeywords.click(WebUiBuiltInKeywords.groovy:616)
	at com.kms.katalon.core.webui.keyword.WebUiBuiltInKeywords$click$3.call(Unknown Source)
	at Script1591272786475.run(Script1591272786475.groovy:19)
	... 13 more
)

2020-06-05 18:53:42 - [MESSAGE][WARNING] - Cannot take screenshot

2020-06-05 18:53:42 - [MESSAGE][FAILED] - Unable to click on object 'Object Repository/1612893/ViewMember/Page_Thanh set Channel name - hcmus-cdnc-te_a699a0/span_Thanh set Channel name_channelHeaderDr_8caf36' (Root cause: com.kms.katalon.core.exception.StepFailedException: Unable to click on object 'Object Repository/1612893/ViewMember/Page_Thanh set Channel name - hcmus-cdnc-te_a699a0/span_Thanh set Channel name_channelHeaderDr_8caf36'
	at com.kms.katalon.core.webui.keyword.internal.WebUIKeywordMain.stepFailed(WebUIKeywordMain.groovy:64)
	at com.kms.katalon.core.webui.keyword.internal.WebUIKeywordMain.runKeyword(WebUIKeywordMain.groovy:26)
	at com.kms.katalon.core.webui.keyword.builtin.ClickKeyword.click(ClickKeyword.groovy:76)
	at com.kms.katalon.core.webui.keyword.builtin.ClickKeyword.execute(ClickKeyword.groovy:43)
	at com.kms.katalon.core.keyword.internal.KeywordExecutor.executeKeywordForPlatform(KeywordExecutor.groovy:72)
	at com.kms.katalon.core.webui.keyword.WebUiBuiltInKeywords.click(WebUiBuiltInKeywords.groovy:616)
	at com.kms.katalon.core.webui.keyword.WebUiBuiltInKeywords$click$3.call(Unknown Source)
	at TC_ViewMember.run(TC_ViewMember:19)
	at com.kms.katalon.core.main.ScriptEngine.run(ScriptEngine.java:194)
	at com.kms.katalon.core.main.ScriptEngine.runScriptAsRawText(ScriptEngine.java:119)
	at com.kms.katalon.core.main.TestCaseExecutor.runScript(TestCaseExecutor.java:337)
	at com.kms.katalon.core.main.TestCaseExecutor.doExecute(TestCaseExecutor.java:328)
	at com.kms.katalon.core.main.TestCaseExecutor.processExecutionPhase(TestCaseExecutor.java:307)
	at com.kms.katalon.core.main.TestCaseExecutor.accessMainPhase(TestCaseExecutor.java:299)
	at com.kms.katalon.core.main.TestCaseExecutor.execute(TestCaseExecutor.java:233)
	at com.kms.katalon.core.main.TestSuiteExecutor.accessTestCaseMainPhase(TestSuiteExecutor.java:169)
	at com.kms.katalon.core.main.TestSuiteExecutor.accessTestSuiteMainPhase(TestSuiteExecutor.java:142)
	at com.kms.katalon.core.main.TestSuiteExecutor.execute(TestSuiteExecutor.java:91)
	at com.kms.katalon.core.main.TestCaseMain.startTestSuite(TestCaseMain.java:157)
	at com.kms.katalon.core.main.TestCaseMain$startTestSuite$0.call(Unknown Source)
	at TempTestSuite1591355957104.run(TempTestSuite1591355957104.groovy:37)
Caused by: org.openqa.selenium.NoSuchSessionException: Session ID is null. Using WebDriver after calling quit()?
Build info: version: '3.141.59', revision: 'e82be7d358', time: '2018-11-14T08:25:53'
System info: host: 'DESKTOP-OT9E64N', ip: '192.168.100.14', os.name: 'Windows 10', os.arch: 'amd64', os.version: '10.0', java.version: '1.8.0_181'
Driver info: driver.version: RemoteWebDriver
	at org.openqa.selenium.remote.HttpCommandExecutor.execute(HttpCommandExecutor.java:125)
	at org.openqa.selenium.remote.service.DriverCommandExecutor.execute(DriverCommandExecutor.java:83)
	at org.openqa.selenium.remote.RemoteWebDriver.execute(RemoteWebDriver.java:552)
	at com.kms.katalon.selenium.driver.CChromeDriver.execute(CChromeDriver.java:19)
	at org.openqa.selenium.remote.RemoteWebDriver.findElements(RemoteWebDriver.java:353)
	at org.openqa.selenium.remote.RemoteWebDriver.findElementsByXPath(RemoteWebDriver.java:432)
	at org.openqa.selenium.By$ByXPath.findElements(By.java:348)
	at org.openqa.selenium.remote.RemoteWebDriver.findElements(RemoteWebDriver.java:311)
	at com.kms.katalon.core.webui.common.WebUiCommonHelper.findWebElements(WebUiCommonHelper.java:789)
	at com.kms.katalon.core.webui.common.WebUiCommonHelper.findWebElement(WebUiCommonHelper.java:1150)
	at com.kms.katalon.core.webui.keyword.internal.WebUIAbstractKeyword.findWebElement(WebUIAbstractKeyword.groovy:27)
	at com.kms.katalon.core.webui.keyword.internal.WebUIAbstractKeyword.findWebElement(WebUIAbstractKeyword.groovy:26)
	at com.kms.katalon.core.webui.keyword.builtin.ClickKeyword$_click_closure1.doCall(ClickKeyword.groovy:67)
	at com.kms.katalon.core.webui.keyword.builtin.ClickKeyword$_click_closure1.call(ClickKeyword.groovy)
	at com.kms.katalon.core.webui.keyword.internal.WebUIKeywordMain.runKeyword(WebUIKeywordMain.groovy:20)
	at com.kms.katalon.core.webui.keyword.builtin.ClickKeyword.click(ClickKeyword.groovy:76)
	at com.kms.katalon.core.webui.keyword.builtin.ClickKeyword.execute(ClickKeyword.groovy:43)
	at com.kms.katalon.core.keyword.internal.KeywordExecutor.executeKeywordForPlatform(KeywordExecutor.groovy:72)
	at com.kms.katalon.core.webui.keyword.WebUiBuiltInKeywords.click(WebUiBuiltInKeywords.groovy:616)
	at com.kms.katalon.core.webui.keyword.WebUiBuiltInKeywords$click$3.call(Unknown Source)
	at Script1591272786475.run(Script1591272786475.groovy:19)
	... 13 more
)]]></system-out>
         <system-err><![CDATA[2020-06-05 18:53:42 - [TEST_CASE][FAILED] - Test Cases/1612893/TC_ViewMember: Test Cases/1612893/TC_ViewMember FAILED.
Reason:
com.kms.katalon.core.exception.StepFailedException: Unable to click on object 'Object Repository/1612893/ViewMember/Page_Thanh set Channel name - hcmus-cdnc-te_a699a0/span_Thanh set Channel name_channelHeaderDr_8caf36'
	at com.kms.katalon.core.webui.keyword.internal.WebUIKeywordMain.stepFailed(WebUIKeywordMain.groovy:64)
	at com.kms.katalon.core.webui.keyword.internal.WebUIKeywordMain.runKeyword(WebUIKeywordMain.groovy:26)
	at com.kms.katalon.core.webui.keyword.builtin.ClickKeyword.click(ClickKeyword.groovy:76)
	at com.kms.katalon.core.webui.keyword.builtin.ClickKeyword.execute(ClickKeyword.groovy:43)
	at com.kms.katalon.core.keyword.internal.KeywordExecutor.executeKeywordForPlatform(KeywordExecutor.groovy:72)
	at com.kms.katalon.core.webui.keyword.WebUiBuiltInKeywords.click(WebUiBuiltInKeywords.groovy:616)
	at com.kms.katalon.core.webui.keyword.WebUiBuiltInKeywords$click$3.call(Unknown Source)
	at TC_ViewMember.run(TC_ViewMember:19)
	at com.kms.katalon.core.main.ScriptEngine.run(ScriptEngine.java:194)
	at com.kms.katalon.core.main.ScriptEngine.runScriptAsRawText(ScriptEngine.java:119)
	at com.kms.katalon.core.main.TestCaseExecutor.runScript(TestCaseExecutor.java:337)
	at com.kms.katalon.core.main.TestCaseExecutor.doExecute(TestCaseExecutor.java:328)
	at com.kms.katalon.core.main.TestCaseExecutor.processExecutionPhase(TestCaseExecutor.java:307)
	at com.kms.katalon.core.main.TestCaseExecutor.accessMainPhase(TestCaseExecutor.java:299)
	at com.kms.katalon.core.main.TestCaseExecutor.execute(TestCaseExecutor.java:233)
	at com.kms.katalon.core.main.TestSuiteExecutor.accessTestCaseMainPhase(TestSuiteExecutor.java:169)
	at com.kms.katalon.core.main.TestSuiteExecutor.accessTestSuiteMainPhase(TestSuiteExecutor.java:142)
	at com.kms.katalon.core.main.TestSuiteExecutor.execute(TestSuiteExecutor.java:91)
	at com.kms.katalon.core.main.TestCaseMain.startTestSuite(TestCaseMain.java:157)
	at com.kms.katalon.core.main.TestCaseMain$startTestSuite$0.call(Unknown Source)
	at TempTestSuite1591355957104.run(TempTestSuite1591355957104.groovy:37)
Caused by: org.openqa.selenium.NoSuchSessionException: Session ID is null. Using WebDriver after calling quit()?
Build info: version: '3.141.59', revision: 'e82be7d358', time: '2018-11-14T08:25:53'
System info: host: 'DESKTOP-OT9E64N', ip: '192.168.100.14', os.name: 'Windows 10', os.arch: 'amd64', os.version: '10.0', java.version: '1.8.0_181'
Driver info: driver.version: RemoteWebDriver
	at org.openqa.selenium.remote.HttpCommandExecutor.execute(HttpCommandExecutor.java:125)
	at org.openqa.selenium.remote.service.DriverCommandExecutor.execute(DriverCommandExecutor.java:83)
	at org.openqa.selenium.remote.RemoteWebDriver.execute(RemoteWebDriver.java:552)
	at com.kms.katalon.selenium.driver.CChromeDriver.execute(CChromeDriver.java:19)
	at org.openqa.selenium.remote.RemoteWebDriver.findElements(RemoteWebDriver.java:353)
	at org.openqa.selenium.remote.RemoteWebDriver.findElementsByXPath(RemoteWebDriver.java:432)
	at org.openqa.selenium.By$ByXPath.findElements(By.java:348)
	at org.openqa.selenium.remote.RemoteWebDriver.findElements(RemoteWebDriver.java:311)
	at com.kms.katalon.core.webui.common.WebUiCommonHelper.findWebElements(WebUiCommonHelper.java:789)
	at com.kms.katalon.core.webui.common.WebUiCommonHelper.findWebElement(WebUiCommonHelper.java:1150)
	at com.kms.katalon.core.webui.keyword.internal.WebUIAbstractKeyword.findWebElement(WebUIAbstractKeyword.groovy:27)
	at com.kms.katalon.core.webui.keyword.internal.WebUIAbstractKeyword.findWebElement(WebUIAbstractKeyword.groovy:26)
	at com.kms.katalon.core.webui.keyword.builtin.ClickKeyword$_click_closure1.doCall(ClickKeyword.groovy:67)
	at com.kms.katalon.core.webui.keyword.builtin.ClickKeyword$_click_closure1.call(ClickKeyword.groovy)
	at com.kms.katalon.core.webui.keyword.internal.WebUIKeywordMain.runKeyword(WebUIKeywordMain.groovy:20)
	... 19 more]]></system-err>
      </testcase>
      <system-out><![CDATA[2020-06-05 18:19:34 - [TEST_SUITE][FAILED] - Run all test case: Test Cases/1612893/TC_37_Set_a_header FAILED.
Reason:
com.kms.katalon.core.exception.StepFailedException: Unable to click on object 'Object Repository/1612893/37_Set_a_header/Page_Thanh set Channel name - hcmus-cdnc-te_a699a0/button_Set a Header'
	at com.kms.katalon.core.webui.keyword.internal.WebUIKeywordMain.stepFailed(WebUIKeywordMain.groovy:64)
	at com.kms.katalon.core.webui.keyword.internal.WebUIKeywordMain.runKeyword(WebUIKeywordMain.groovy:26)
	at com.kms.katalon.core.webui.keyword.builtin.ClickKeyword.click(ClickKeyword.groovy:76)
	at com.kms.katalon.core.webui.keyword.builtin.ClickKeyword.execute(ClickKeyword.groovy:43)
	at com.kms.katalon.core.keyword.internal.KeywordExecutor.executeKeywordForPlatform(KeywordExecutor.groovy:72)
	at com.kms.katalon.core.webui.keyword.WebUiBuiltInKeywords.click(WebUiBuiltInKeywords.groovy:616)
	at com.kms.katalon.core.webui.keyword.WebUiBuiltInKeywords$click$3.call(Unknown Source)
	at TC_37_Set_a_header.run(TC_37_Set_a_header:32)
	at com.kms.katalon.core.main.ScriptEngine.run(ScriptEngine.java:194)
	at com.kms.katalon.core.main.ScriptEngine.runScriptAsRawText(ScriptEngine.java:119)
	at com.kms.katalon.core.main.TestCaseExecutor.runScript(TestCaseExecutor.java:337)
	at com.kms.katalon.core.main.TestCaseExecutor.doExecute(TestCaseExecutor.java:328)
	at com.kms.katalon.core.main.TestCaseExecutor.processExecutionPhase(TestCaseExecutor.java:307)
	at com.kms.katalon.core.main.TestCaseExecutor.accessMainPhase(TestCaseExecutor.java:299)
	at com.kms.katalon.core.main.TestCaseExecutor.execute(TestCaseExecutor.java:233)
	at com.kms.katalon.core.main.TestSuiteExecutor.accessTestCaseMainPhase(TestSuiteExecutor.java:169)
	at com.kms.katalon.core.main.TestSuiteExecutor.accessTestSuiteMainPhase(TestSuiteExecutor.java:142)
	at com.kms.katalon.core.main.TestSuiteExecutor.execute(TestSuiteExecutor.java:91)
	at com.kms.katalon.core.main.TestCaseMain.startTestSuite(TestCaseMain.java:157)
	at com.kms.katalon.core.main.TestCaseMain$startTestSuite$0.call(Unknown Source)
	at TempTestSuite1591355957104.run(TempTestSuite1591355957104.groovy:37)
Caused by: com.kms.katalon.core.webui.exception.WebElementNotFoundException: Web element with id: 'Object Repository/1612893/37_Set_a_header/Page_Thanh set Channel name - hcmus-cdnc-te_a699a0/button_Set a Header' located by 'By.xpath: //div[@id='channelIntro']/button[2]' not found
	at com.kms.katalon.core.webui.common.WebUiCommonHelper.findWebElement(WebUiCommonHelper.java:1154)
	at com.kms.katalon.core.webui.keyword.internal.WebUIAbstractKeyword.findWebElement(WebUIAbstractKeyword.groovy:27)
	at com.kms.katalon.core.webui.keyword.internal.WebUIAbstractKeyword.findWebElement(WebUIAbstractKeyword.groovy:26)
	at com.kms.katalon.core.webui.keyword.builtin.ClickKeyword$_click_closure1.doCall(ClickKeyword.groovy:67)
	at com.kms.katalon.core.webui.keyword.builtin.ClickKeyword$_click_closure1.call(ClickKeyword.groovy)
	at com.kms.katalon.core.webui.keyword.internal.WebUIKeywordMain.runKeyword(WebUIKeywordMain.groovy:20)
	... 19 more]]></system-out>
      <system-err><![CDATA[2020-06-05 18:19:34 - [TEST_SUITE][FAILED] - Run all test case: Test Cases/1612893/TC_37_Set_a_header FAILED.
Reason:
com.kms.katalon.core.exception.StepFailedException: Unable to click on object 'Object Repository/1612893/37_Set_a_header/Page_Thanh set Channel name - hcmus-cdnc-te_a699a0/button_Set a Header'
	at com.kms.katalon.core.webui.keyword.internal.WebUIKeywordMain.stepFailed(WebUIKeywordMain.groovy:64)
	at com.kms.katalon.core.webui.keyword.internal.WebUIKeywordMain.runKeyword(WebUIKeywordMain.groovy:26)
	at com.kms.katalon.core.webui.keyword.builtin.ClickKeyword.click(ClickKeyword.groovy:76)
	at com.kms.katalon.core.webui.keyword.builtin.ClickKeyword.execute(ClickKeyword.groovy:43)
	at com.kms.katalon.core.keyword.internal.KeywordExecutor.executeKeywordForPlatform(KeywordExecutor.groovy:72)
	at com.kms.katalon.core.webui.keyword.WebUiBuiltInKeywords.click(WebUiBuiltInKeywords.groovy:616)
	at com.kms.katalon.core.webui.keyword.WebUiBuiltInKeywords$click$3.call(Unknown Source)
	at TC_37_Set_a_header.run(TC_37_Set_a_header:32)
	at com.kms.katalon.core.main.ScriptEngine.run(ScriptEngine.java:194)
	at com.kms.katalon.core.main.ScriptEngine.runScriptAsRawText(ScriptEngine.java:119)
	at com.kms.katalon.core.main.TestCaseExecutor.runScript(TestCaseExecutor.java:337)
	at com.kms.katalon.core.main.TestCaseExecutor.doExecute(TestCaseExecutor.java:328)
	at com.kms.katalon.core.main.TestCaseExecutor.processExecutionPhase(TestCaseExecutor.java:307)
	at com.kms.katalon.core.main.TestCaseExecutor.accessMainPhase(TestCaseExecutor.java:299)
	at com.kms.katalon.core.main.TestCaseExecutor.execute(TestCaseExecutor.java:233)
	at com.kms.katalon.core.main.TestSuiteExecutor.accessTestCaseMainPhase(TestSuiteExecutor.java:169)
	at com.kms.katalon.core.main.TestSuiteExecutor.accessTestSuiteMainPhase(TestSuiteExecutor.java:142)
	at com.kms.katalon.core.main.TestSuiteExecutor.execute(TestSuiteExecutor.java:91)
	at com.kms.katalon.core.main.TestCaseMain.startTestSuite(TestCaseMain.java:157)
	at com.kms.katalon.core.main.TestCaseMain$startTestSuite$0.call(Unknown Source)
	at TempTestSuite1591355957104.run(TempTestSuite1591355957104.groovy:37)
Caused by: com.kms.katalon.core.webui.exception.WebElementNotFoundException: Web element with id: 'Object Repository/1612893/37_Set_a_header/Page_Thanh set Channel name - hcmus-cdnc-te_a699a0/button_Set a Header' located by 'By.xpath: //div[@id='channelIntro']/button[2]' not found
	at com.kms.katalon.core.webui.common.WebUiCommonHelper.findWebElement(WebUiCommonHelper.java:1154)
	at com.kms.katalon.core.webui.keyword.internal.WebUIAbstractKeyword.findWebElement(WebUIAbstractKeyword.groovy:27)
	at com.kms.katalon.core.webui.keyword.internal.WebUIAbstractKeyword.findWebElement(WebUIAbstractKeyword.groovy:26)
	at com.kms.katalon.core.webui.keyword.builtin.ClickKeyword$_click_closure1.doCall(ClickKeyword.groovy:67)
	at com.kms.katalon.core.webui.keyword.builtin.ClickKeyword$_click_closure1.call(ClickKeyword.groovy)
	at com.kms.katalon.core.webui.keyword.internal.WebUIKeywordMain.runKeyword(WebUIKeywordMain.groovy:20)
	... 19 more]]></system-err>
   </testsuite>
</testsuites>
