<?xml version="1.0" encoding="UTF-8"?>
<testsuites name="Run all test cases" time="2155.701" tests="129" failures="5" errors="0">
   <testsuite name="Run all test cases" tests="129" failures="5" errors="0" time="2155.701" timestamp="2020-06-05 19:17:38" hostname="Thanh - 192.168.247.1" id="Test Suites/Run all test cases">
      <properties>
         <property name="deviceName" value=""/>
         <property name="devicePlatform" value=""/>
         <property name="logFolder" value="C:\\Users\\Thanh\\Desktop\\github.com\\New folder (2)\\homeword02-mattermost-katalon\\Reports\\20200605_191725\\Run all test cases\\20200605_191725"/>
         <property name="logFiles" value="C:\\Users\\Thanh\\Desktop\\github.com\\New folder (2)\\homeword02-mattermost-katalon\\Reports\\20200605_191725\\Run all test cases\\20200605_191725\\execution0.log"/>
         <property name="attachments" value="C:\\Users\\Thanh\\Desktop\\github.com\\New folder (2)\\homeword02-mattermost-katalon\\Reports\\20200605_191725\\Run all test cases\\20200605_191725\\1591360245514.png, C:\\Users\\Thanh\\Desktop\\github.com\\New folder (2)\\homeword02-mattermost-katalon\\Reports\\20200605_191725\\Run all test cases\\20200605_191725\\1591360425374.png, C:\\Users\\Thanh\\Desktop\\github.com\\New folder (2)\\homeword02-mattermost-katalon\\Reports\\20200605_191725\\Run all test cases\\20200605_191725\\1591360485892.png, C:\\Users\\Thanh\\Desktop\\github.com\\New folder (2)\\homeword02-mattermost-katalon\\Reports\\20200605_191725\\Run all test cases\\20200605_191725\\1591360558186.png, C:\\Users\\Thanh\\Desktop\\github.com\\New folder (2)\\homeword02-mattermost-katalon\\Reports\\20200605_191725\\Run all test cases\\20200605_191725\\1591360601702.png"/>
         <property name="hostName" value="Thanh - 192.168.247.1"/>
         <property name="os" value="Windows 10 64bit"/>
         <property name="katalonVersion" value="7.5.2.1"/>
         <property name="browser" value="Chrome 83.0.4103.97"/>
         <property name="hostAddress" value="192.168.247.1"/>
         <property name="sessionId" value="7618feabd682cbbb920ad97773a855f5"/>
         <property name="seleniumVersion" value="3.141.59"/>
         <property name="proxyInformation" value="ProxyInformation { proxyOption=NO_PROXY, proxyServerType=HTTP, username=, password=********, proxyServerAddress=, proxyServerPort=0, executionList=\&quot;\&quot;, isApplyToDesiredCapabilities=true }"/>
         <property name="platform" value="Windows 10"/>
      </properties>
      <testcase name="Test Cases/1612427/01_Login" time="14.139" classname="Test Cases/1612427/01_Login" status="PASSED">
         <system-out><![CDATA[2020-06-05 19:17:39 - [TEST_CASE][PASSED] - Test Cases/1612427/01_Login: Test Cases/1612427/01_Login

2020-06-05 19:17:39 - [TEST_STEP][PASSED] - openBrowser(""): Browser is opened with url: ''

2020-06-05 19:17:40 - [MESSAGE][INFO] - Starting 'Chrome' driver

2020-06-05 19:17:40 - [MESSAGE][INFO] - Action delay is set to 0 milliseconds

2020-06-05 19:17:46 - [MESSAGE][PASSED] - Browser is opened with url: ''

2020-06-05 19:17:46 - [TEST_STEP][PASSED] - navigateToUrl("http://localhost:8065/login"): Navigate to 'http://localhost:8065/login' successfully

2020-06-05 19:17:48 - [MESSAGE][PASSED] - Navigate to 'http://localhost:8065/login' successfully

2020-06-05 19:17:48 - [TEST_STEP][PASSED] - setText(findTestObject("Object Repository/1612427/01_Login/Page_Mattermost/input_All team communication in one place s_703ef5"), username): Text 'hcmus-cdnc' is set on object 'Object Repository/1612427/01_Login/Page_Mattermost/input_All team communication in one place s_703ef5'

2020-06-05 19:17:51 - [MESSAGE][PASSED] - Text 'hcmus-cdnc' is set on object 'Object Repository/1612427/01_Login/Page_Mattermost/input_All team communication in one place s_703ef5'

2020-06-05 19:17:51 - [TEST_STEP][PASSED] - setEncryptedText(findTestObject("Object Repository/1612427/01_Login/Page_Mattermost/input_All team communication in one place s_2f2733"), password): Text ****** has been set on object 'Object Repository/1612427/01_Login/Page_Mattermost/input_All team communication in one place s_2f2733'

2020-06-05 19:17:52 - [MESSAGE][PASSED] - Text ****** has been set on object 'Object Repository/1612427/01_Login/Page_Mattermost/input_All team communication in one place s_2f2733'

2020-06-05 19:17:52 - [TEST_STEP][PASSED] - click(findTestObject("Object Repository/1612427/01_Login/Page_Mattermost/span_Sign in")): Object: 'Object Repository/1612427/01_Login/Page_Mattermost/span_Sign in' is clicked on

2020-06-05 19:17:52 - [MESSAGE][PASSED] - Object: 'Object Repository/1612427/01_Login/Page_Mattermost/span_Sign in' is clicked on

2020-06-05 19:17:52 - [TEST_STEP][PASSED] - closeBrowser(): Browser is closed

2020-06-05 19:17:53 - [MESSAGE][PASSED] - Browser is closed]]></system-out>
         <system-err><![CDATA[]]></system-err>
      </testcase>
      <testcase name="Test Cases/1612427/01_Login" time="9.744" classname="Test Cases/1612427/01_Login" status="PASSED">
         <system-out><![CDATA[2020-06-05 19:17:53 - [TEST_CASE][PASSED] - Test Cases/1612427/01_Login: Test Cases/1612427/01_Login

2020-06-05 19:17:53 - [TEST_STEP][PASSED] - openBrowser(""): Browser is opened with url: ''

2020-06-05 19:17:53 - [MESSAGE][INFO] - Starting 'Chrome' driver

2020-06-05 19:17:53 - [MESSAGE][INFO] - Action delay is set to 0 milliseconds

2020-06-05 19:17:57 - [MESSAGE][PASSED] - Browser is opened with url: ''

2020-06-05 19:17:57 - [TEST_STEP][PASSED] - navigateToUrl("http://localhost:8065/login"): Navigate to 'http://localhost:8065/login' successfully

2020-06-05 19:17:58 - [MESSAGE][PASSED] - Navigate to 'http://localhost:8065/login' successfully

2020-06-05 19:17:58 - [TEST_STEP][PASSED] - setText(findTestObject("Object Repository/1612427/01_Login/Page_Mattermost/input_All team communication in one place s_703ef5"), username): Text 'hoangthien' is set on object 'Object Repository/1612427/01_Login/Page_Mattermost/input_All team communication in one place s_703ef5'

2020-06-05 19:18:00 - [MESSAGE][PASSED] - Text 'hoangthien' is set on object 'Object Repository/1612427/01_Login/Page_Mattermost/input_All team communication in one place s_703ef5'

2020-06-05 19:18:00 - [TEST_STEP][PASSED] - setEncryptedText(findTestObject("Object Repository/1612427/01_Login/Page_Mattermost/input_All team communication in one place s_2f2733"), password): Text ****** has been set on object 'Object Repository/1612427/01_Login/Page_Mattermost/input_All team communication in one place s_2f2733'

2020-06-05 19:18:01 - [MESSAGE][PASSED] - Text ****** has been set on object 'Object Repository/1612427/01_Login/Page_Mattermost/input_All team communication in one place s_2f2733'

2020-06-05 19:18:01 - [TEST_STEP][PASSED] - click(findTestObject("Object Repository/1612427/01_Login/Page_Mattermost/span_Sign in")): Object: 'Object Repository/1612427/01_Login/Page_Mattermost/span_Sign in' is clicked on

2020-06-05 19:18:02 - [MESSAGE][PASSED] - Object: 'Object Repository/1612427/01_Login/Page_Mattermost/span_Sign in' is clicked on

2020-06-05 19:18:02 - [TEST_STEP][PASSED] - closeBrowser(): Browser is closed

2020-06-05 19:18:03 - [MESSAGE][PASSED] - Browser is closed]]></system-out>
         <system-err><![CDATA[]]></system-err>
      </testcase>
      <testcase name="Test Cases/1612427/01_Login" time="9.612" classname="Test Cases/1612427/01_Login" status="PASSED">
         <system-out><![CDATA[2020-06-05 19:18:03 - [TEST_CASE][PASSED] - Test Cases/1612427/01_Login: Test Cases/1612427/01_Login

2020-06-05 19:18:03 - [TEST_STEP][PASSED] - openBrowser(""): Browser is opened with url: ''

2020-06-05 19:18:03 - [MESSAGE][INFO] - Starting 'Chrome' driver

2020-06-05 19:18:03 - [MESSAGE][INFO] - Action delay is set to 0 milliseconds

2020-06-05 19:18:06 - [MESSAGE][PASSED] - Browser is opened with url: ''

2020-06-05 19:18:06 - [TEST_STEP][PASSED] - navigateToUrl("http://localhost:8065/login"): Navigate to 'http://localhost:8065/login' successfully

2020-06-05 19:18:08 - [MESSAGE][PASSED] - Navigate to 'http://localhost:8065/login' successfully

2020-06-05 19:18:08 - [TEST_STEP][PASSED] - setText(findTestObject("Object Repository/1612427/01_Login/Page_Mattermost/input_All team communication in one place s_703ef5"), username): Text 'hcmus-cdnc' is set on object 'Object Repository/1612427/01_Login/Page_Mattermost/input_All team communication in one place s_703ef5'

2020-06-05 19:18:11 - [MESSAGE][PASSED] - Text 'hcmus-cdnc' is set on object 'Object Repository/1612427/01_Login/Page_Mattermost/input_All team communication in one place s_703ef5'

2020-06-05 19:18:11 - [TEST_STEP][PASSED] - setEncryptedText(findTestObject("Object Repository/1612427/01_Login/Page_Mattermost/input_All team communication in one place s_2f2733"), password): Text ****** has been set on object 'Object Repository/1612427/01_Login/Page_Mattermost/input_All team communication in one place s_2f2733'

2020-06-05 19:18:11 - [MESSAGE][PASSED] - Text ****** has been set on object 'Object Repository/1612427/01_Login/Page_Mattermost/input_All team communication in one place s_2f2733'

2020-06-05 19:18:11 - [TEST_STEP][PASSED] - click(findTestObject("Object Repository/1612427/01_Login/Page_Mattermost/span_Sign in")): Object: 'Object Repository/1612427/01_Login/Page_Mattermost/span_Sign in' is clicked on

2020-06-05 19:18:12 - [MESSAGE][PASSED] - Object: 'Object Repository/1612427/01_Login/Page_Mattermost/span_Sign in' is clicked on

2020-06-05 19:18:12 - [TEST_STEP][PASSED] - closeBrowser(): Browser is closed

2020-06-05 19:18:13 - [MESSAGE][PASSED] - Browser is closed]]></system-out>
         <system-err><![CDATA[]]></system-err>
      </testcase>
      <testcase name="Test Cases/1612427/01_Login" time="9.514" classname="Test Cases/1612427/01_Login" status="PASSED">
         <system-out><![CDATA[2020-06-05 19:18:13 - [TEST_CASE][PASSED] - Test Cases/1612427/01_Login: Test Cases/1612427/01_Login

2020-06-05 19:18:13 - [TEST_STEP][PASSED] - openBrowser(""): Browser is opened with url: ''

2020-06-05 19:18:13 - [MESSAGE][INFO] - Starting 'Chrome' driver

2020-06-05 19:18:13 - [MESSAGE][INFO] - Action delay is set to 0 milliseconds

2020-06-05 19:18:16 - [MESSAGE][PASSED] - Browser is opened with url: ''

2020-06-05 19:18:16 - [TEST_STEP][PASSED] - navigateToUrl("http://localhost:8065/login"): Navigate to 'http://localhost:8065/login' successfully

2020-06-05 19:18:17 - [MESSAGE][PASSED] - Navigate to 'http://localhost:8065/login' successfully

2020-06-05 19:18:17 - [TEST_STEP][PASSED] - setText(findTestObject("Object Repository/1612427/01_Login/Page_Mattermost/input_All team communication in one place s_703ef5"), username): Text 'ductruyen' is set on object 'Object Repository/1612427/01_Login/Page_Mattermost/input_All team communication in one place s_703ef5'

2020-06-05 19:18:20 - [MESSAGE][PASSED] - Text 'ductruyen' is set on object 'Object Repository/1612427/01_Login/Page_Mattermost/input_All team communication in one place s_703ef5'

2020-06-05 19:18:20 - [TEST_STEP][PASSED] - setEncryptedText(findTestObject("Object Repository/1612427/01_Login/Page_Mattermost/input_All team communication in one place s_2f2733"), password): Text ****** has been set on object 'Object Repository/1612427/01_Login/Page_Mattermost/input_All team communication in one place s_2f2733'

2020-06-05 19:18:20 - [MESSAGE][PASSED] - Text ****** has been set on object 'Object Repository/1612427/01_Login/Page_Mattermost/input_All team communication in one place s_2f2733'

2020-06-05 19:18:20 - [TEST_STEP][PASSED] - click(findTestObject("Object Repository/1612427/01_Login/Page_Mattermost/span_Sign in")): Object: 'Object Repository/1612427/01_Login/Page_Mattermost/span_Sign in' is clicked on

2020-06-05 19:18:21 - [MESSAGE][PASSED] - Object: 'Object Repository/1612427/01_Login/Page_Mattermost/span_Sign in' is clicked on

2020-06-05 19:18:21 - [TEST_STEP][PASSED] - closeBrowser(): Browser is closed

2020-06-05 19:18:22 - [MESSAGE][PASSED] - Browser is closed]]></system-out>
         <system-err><![CDATA[]]></system-err>
      </testcase>
      <testcase name="Test Cases/1612427/01_Login" time="9.586" classname="Test Cases/1612427/01_Login" status="PASSED">
         <system-out><![CDATA[2020-06-05 19:18:22 - [TEST_CASE][PASSED] - Test Cases/1612427/01_Login: Test Cases/1612427/01_Login

2020-06-05 19:18:22 - [TEST_STEP][PASSED] - openBrowser(""): Browser is opened with url: ''

2020-06-05 19:18:22 - [MESSAGE][INFO] - Starting 'Chrome' driver

2020-06-05 19:18:22 - [MESSAGE][INFO] - Action delay is set to 0 milliseconds

2020-06-05 19:18:26 - [MESSAGE][PASSED] - Browser is opened with url: ''

2020-06-05 19:18:26 - [TEST_STEP][PASSED] - navigateToUrl("http://localhost:8065/login"): Navigate to 'http://localhost:8065/login' successfully

2020-06-05 19:18:28 - [MESSAGE][PASSED] - Navigate to 'http://localhost:8065/login' successfully

2020-06-05 19:18:28 - [TEST_STEP][PASSED] - setText(findTestObject("Object Repository/1612427/01_Login/Page_Mattermost/input_All team communication in one place s_703ef5"), username): Text 'hcmus-cdnc' is set on object 'Object Repository/1612427/01_Login/Page_Mattermost/input_All team communication in one place s_703ef5'

2020-06-05 19:18:30 - [MESSAGE][PASSED] - Text 'hcmus-cdnc' is set on object 'Object Repository/1612427/01_Login/Page_Mattermost/input_All team communication in one place s_703ef5'

2020-06-05 19:18:30 - [TEST_STEP][PASSED] - setEncryptedText(findTestObject("Object Repository/1612427/01_Login/Page_Mattermost/input_All team communication in one place s_2f2733"), password): Text ****** has been set on object 'Object Repository/1612427/01_Login/Page_Mattermost/input_All team communication in one place s_2f2733'

2020-06-05 19:18:30 - [MESSAGE][PASSED] - Text ****** has been set on object 'Object Repository/1612427/01_Login/Page_Mattermost/input_All team communication in one place s_2f2733'

2020-06-05 19:18:30 - [TEST_STEP][PASSED] - click(findTestObject("Object Repository/1612427/01_Login/Page_Mattermost/span_Sign in")): Object: 'Object Repository/1612427/01_Login/Page_Mattermost/span_Sign in' is clicked on

2020-06-05 19:18:31 - [MESSAGE][PASSED] - Object: 'Object Repository/1612427/01_Login/Page_Mattermost/span_Sign in' is clicked on

2020-06-05 19:18:31 - [TEST_STEP][PASSED] - closeBrowser(): Browser is closed

2020-06-05 19:18:32 - [MESSAGE][PASSED] - Browser is closed]]></system-out>
         <system-err><![CDATA[]]></system-err>
      </testcase>
      <testcase name="Test Cases/1612427/02_ChangePassword" time="18.964" classname="Test Cases/1612427/02_ChangePassword" status="PASSED">
         <system-out><![CDATA[2020-06-05 19:18:32 - [TEST_CASE][PASSED] - Test Cases/1612427/02_ChangePassword: Test Cases/1612427/02_ChangePassword

2020-06-05 19:18:32 - [TEST_STEP][PASSED] - openBrowser(""): Browser is opened with url: ''

2020-06-05 19:18:32 - [MESSAGE][INFO] - Starting 'Chrome' driver

2020-06-05 19:18:32 - [MESSAGE][INFO] - Action delay is set to 0 milliseconds

2020-06-05 19:18:36 - [MESSAGE][PASSED] - Browser is opened with url: ''

2020-06-05 19:18:36 - [TEST_STEP][PASSED] - navigateToUrl("http://localhost:8065/login"): Navigate to 'http://localhost:8065/login' successfully

2020-06-05 19:18:37 - [MESSAGE][PASSED] - Navigate to 'http://localhost:8065/login' successfully

2020-06-05 19:18:37 - [TEST_STEP][PASSED] - setText(findTestObject("Object Repository/1612427/02_ChangePassword/Page_Mattermost/input_All team communication in one place s_703ef5"), "hcmus-cdnc"): Text 'hcmus-cdnc' is set on object 'Object Repository/1612427/02_ChangePassword/Page_Mattermost/input_All team communication in one place s_703ef5'

2020-06-05 19:18:39 - [MESSAGE][PASSED] - Text 'hcmus-cdnc' is set on object 'Object Repository/1612427/02_ChangePassword/Page_Mattermost/input_All team communication in one place s_703ef5'

2020-06-05 19:18:39 - [TEST_STEP][PASSED] - setEncryptedText(findTestObject("Object Repository/1612427/02_ChangePassword/Page_Mattermost/input_All team communication in one place s_2f2733"), "aeHFOx8jV/A="): Text ****** has been set on object 'Object Repository/1612427/02_ChangePassword/Page_Mattermost/input_All team communication in one place s_2f2733'

2020-06-05 19:18:40 - [MESSAGE][PASSED] - Text ****** has been set on object 'Object Repository/1612427/02_ChangePassword/Page_Mattermost/input_All team communication in one place s_2f2733'

2020-06-05 19:18:40 - [TEST_STEP][PASSED] - click(findTestObject("Object Repository/1612427/02_ChangePassword/Page_Mattermost/span_Sign in")): Object: 'Object Repository/1612427/02_ChangePassword/Page_Mattermost/span_Sign in' is clicked on

2020-06-05 19:18:40 - [MESSAGE][PASSED] - Object: 'Object Repository/1612427/02_ChangePassword/Page_Mattermost/span_Sign in' is clicked on

2020-06-05 19:18:40 - [TEST_STEP][PASSED] - click(findTestObject("Object Repository/1612427/02_ChangePassword/Page_Town Square - minus Mattermost/span")): Object: 'Object Repository/1612427/02_ChangePassword/Page_Town Square - minus Mattermost/span' is clicked on

2020-06-05 19:18:45 - [MESSAGE][PASSED] - Object: 'Object Repository/1612427/02_ChangePassword/Page_Town Square - minus Mattermost/span' is clicked on

2020-06-05 19:18:45 - [TEST_STEP][PASSED] - click(findTestObject("Object Repository/1612427/02_ChangePassword/Page_Town Square - minus Mattermost/span_Account Settings")): Object: 'Object Repository/1612427/02_ChangePassword/Page_Town Square - minus Mattermost/span_Account Settings' is clicked on

2020-06-05 19:18:46 - [MESSAGE][PASSED] - Object: 'Object Repository/1612427/02_ChangePassword/Page_Town Square - minus Mattermost/span_Account Settings' is clicked on

2020-06-05 19:18:46 - [TEST_STEP][PASSED] - click(findTestObject("Object Repository/1612427/02_ChangePassword/Page_Town Square - minus Mattermost/button_Security")): Object: 'Object Repository/1612427/02_ChangePassword/Page_Town Square - minus Mattermost/button_Security' is clicked on

2020-06-05 19:18:47 - [MESSAGE][PASSED] - Object: 'Object Repository/1612427/02_ChangePassword/Page_Town Square - minus Mattermost/button_Security' is clicked on

2020-06-05 19:18:47 - [TEST_STEP][PASSED] - click(findTestObject("Object Repository/1612427/02_ChangePassword/Page_Town Square - minus Mattermost/span_Edit")): Object: 'Object Repository/1612427/02_ChangePassword/Page_Town Square - minus Mattermost/span_Edit' is clicked on

2020-06-05 19:18:47 - [MESSAGE][PASSED] - Object: 'Object Repository/1612427/02_ChangePassword/Page_Town Square - minus Mattermost/span_Edit' is clicked on

2020-06-05 19:18:47 - [TEST_STEP][PASSED] - setEncryptedText(findTestObject("Object Repository/1612427/02_ChangePassword/Page_Town Square - minus Mattermost/input_Current Password_currentPassword"), password): Text ****** has been set on object 'Object Repository/1612427/02_ChangePassword/Page_Town Square - minus Mattermost/input_Current Password_currentPassword'

2020-06-05 19:18:48 - [MESSAGE][PASSED] - Text ****** has been set on object 'Object Repository/1612427/02_ChangePassword/Page_Town Square - minus Mattermost/input_Current Password_currentPassword'

2020-06-05 19:18:48 - [TEST_STEP][PASSED] - setEncryptedText(findTestObject("Object Repository/1612427/02_ChangePassword/Page_Town Square - minus Mattermost/input_New Password_newPassword"), new_password): Text ****** has been set on object 'Object Repository/1612427/02_ChangePassword/Page_Town Square - minus Mattermost/input_New Password_newPassword'

2020-06-05 19:18:49 - [MESSAGE][PASSED] - Text ****** has been set on object 'Object Repository/1612427/02_ChangePassword/Page_Town Square - minus Mattermost/input_New Password_newPassword'

2020-06-05 19:18:49 - [TEST_STEP][PASSED] - setEncryptedText(findTestObject("Object Repository/1612427/02_ChangePassword/Page_Town Square - minus Mattermost/input_Retype New Password_confirmPassword"), confirm_password): Text ****** has been set on object 'Object Repository/1612427/02_ChangePassword/Page_Town Square - minus Mattermost/input_Retype New Password_confirmPassword'

2020-06-05 19:18:50 - [MESSAGE][PASSED] - Text ****** has been set on object 'Object Repository/1612427/02_ChangePassword/Page_Town Square - minus Mattermost/input_Retype New Password_confirmPassword'

2020-06-05 19:18:50 - [TEST_STEP][PASSED] - click(findTestObject("Object Repository/1612427/02_ChangePassword/Page_Town Square - minus Mattermost/span_Save")): Object: 'Object Repository/1612427/02_ChangePassword/Page_Town Square - minus Mattermost/span_Save' is clicked on

2020-06-05 19:18:50 - [MESSAGE][PASSED] - Object: 'Object Repository/1612427/02_ChangePassword/Page_Town Square - minus Mattermost/span_Save' is clicked on

2020-06-05 19:18:50 - [TEST_STEP][PASSED] - closeBrowser(): Browser is closed

2020-06-05 19:18:51 - [MESSAGE][PASSED] - Browser is closed]]></system-out>
         <system-err><![CDATA[]]></system-err>
      </testcase>
      <testcase name="Test Cases/1612427/02_ChangePassword" time="18.027" classname="Test Cases/1612427/02_ChangePassword" status="PASSED">
         <system-out><![CDATA[2020-06-05 19:18:51 - [TEST_CASE][PASSED] - Test Cases/1612427/02_ChangePassword: Test Cases/1612427/02_ChangePassword

2020-06-05 19:18:51 - [TEST_STEP][PASSED] - openBrowser(""): Browser is opened with url: ''

2020-06-05 19:18:51 - [MESSAGE][INFO] - Starting 'Chrome' driver

2020-06-05 19:18:51 - [MESSAGE][INFO] - Action delay is set to 0 milliseconds

2020-06-05 19:18:54 - [MESSAGE][PASSED] - Browser is opened with url: ''

2020-06-05 19:18:54 - [TEST_STEP][PASSED] - navigateToUrl("http://localhost:8065/login"): Navigate to 'http://localhost:8065/login' successfully

2020-06-05 19:18:56 - [MESSAGE][PASSED] - Navigate to 'http://localhost:8065/login' successfully

2020-06-05 19:18:56 - [TEST_STEP][PASSED] - setText(findTestObject("Object Repository/1612427/02_ChangePassword/Page_Mattermost/input_All team communication in one place s_703ef5"), "hcmus-cdnc"): Text 'hcmus-cdnc' is set on object 'Object Repository/1612427/02_ChangePassword/Page_Mattermost/input_All team communication in one place s_703ef5'

2020-06-05 19:18:58 - [MESSAGE][PASSED] - Text 'hcmus-cdnc' is set on object 'Object Repository/1612427/02_ChangePassword/Page_Mattermost/input_All team communication in one place s_703ef5'

2020-06-05 19:18:58 - [TEST_STEP][PASSED] - setEncryptedText(findTestObject("Object Repository/1612427/02_ChangePassword/Page_Mattermost/input_All team communication in one place s_2f2733"), "aeHFOx8jV/A="): Text ****** has been set on object 'Object Repository/1612427/02_ChangePassword/Page_Mattermost/input_All team communication in one place s_2f2733'

2020-06-05 19:18:59 - [MESSAGE][PASSED] - Text ****** has been set on object 'Object Repository/1612427/02_ChangePassword/Page_Mattermost/input_All team communication in one place s_2f2733'

2020-06-05 19:18:59 - [TEST_STEP][PASSED] - click(findTestObject("Object Repository/1612427/02_ChangePassword/Page_Mattermost/span_Sign in")): Object: 'Object Repository/1612427/02_ChangePassword/Page_Mattermost/span_Sign in' is clicked on

2020-06-05 19:18:59 - [MESSAGE][PASSED] - Object: 'Object Repository/1612427/02_ChangePassword/Page_Mattermost/span_Sign in' is clicked on

2020-06-05 19:18:59 - [TEST_STEP][PASSED] - click(findTestObject("Object Repository/1612427/02_ChangePassword/Page_Town Square - minus Mattermost/span")): Object: 'Object Repository/1612427/02_ChangePassword/Page_Town Square - minus Mattermost/span' is clicked on

2020-06-05 19:19:03 - [MESSAGE][PASSED] - Object: 'Object Repository/1612427/02_ChangePassword/Page_Town Square - minus Mattermost/span' is clicked on

2020-06-05 19:19:03 - [TEST_STEP][PASSED] - click(findTestObject("Object Repository/1612427/02_ChangePassword/Page_Town Square - minus Mattermost/span_Account Settings")): Object: 'Object Repository/1612427/02_ChangePassword/Page_Town Square - minus Mattermost/span_Account Settings' is clicked on

2020-06-05 19:19:04 - [MESSAGE][PASSED] - Object: 'Object Repository/1612427/02_ChangePassword/Page_Town Square - minus Mattermost/span_Account Settings' is clicked on

2020-06-05 19:19:04 - [TEST_STEP][PASSED] - click(findTestObject("Object Repository/1612427/02_ChangePassword/Page_Town Square - minus Mattermost/button_Security")): Object: 'Object Repository/1612427/02_ChangePassword/Page_Town Square - minus Mattermost/button_Security' is clicked on

2020-06-05 19:19:05 - [MESSAGE][PASSED] - Object: 'Object Repository/1612427/02_ChangePassword/Page_Town Square - minus Mattermost/button_Security' is clicked on

2020-06-05 19:19:05 - [TEST_STEP][PASSED] - click(findTestObject("Object Repository/1612427/02_ChangePassword/Page_Town Square - minus Mattermost/span_Edit")): Object: 'Object Repository/1612427/02_ChangePassword/Page_Town Square - minus Mattermost/span_Edit' is clicked on

2020-06-05 19:19:06 - [MESSAGE][PASSED] - Object: 'Object Repository/1612427/02_ChangePassword/Page_Town Square - minus Mattermost/span_Edit' is clicked on

2020-06-05 19:19:06 - [TEST_STEP][PASSED] - setEncryptedText(findTestObject("Object Repository/1612427/02_ChangePassword/Page_Town Square - minus Mattermost/input_Current Password_currentPassword"), password): Text ****** has been set on object 'Object Repository/1612427/02_ChangePassword/Page_Town Square - minus Mattermost/input_Current Password_currentPassword'

2020-06-05 19:19:06 - [MESSAGE][PASSED] - Text ****** has been set on object 'Object Repository/1612427/02_ChangePassword/Page_Town Square - minus Mattermost/input_Current Password_currentPassword'

2020-06-05 19:19:06 - [TEST_STEP][PASSED] - setEncryptedText(findTestObject("Object Repository/1612427/02_ChangePassword/Page_Town Square - minus Mattermost/input_New Password_newPassword"), new_password): Text ****** has been set on object 'Object Repository/1612427/02_ChangePassword/Page_Town Square - minus Mattermost/input_New Password_newPassword'

2020-06-05 19:19:07 - [MESSAGE][PASSED] - Text ****** has been set on object 'Object Repository/1612427/02_ChangePassword/Page_Town Square - minus Mattermost/input_New Password_newPassword'

2020-06-05 19:19:07 - [TEST_STEP][PASSED] - setEncryptedText(findTestObject("Object Repository/1612427/02_ChangePassword/Page_Town Square - minus Mattermost/input_Retype New Password_confirmPassword"), confirm_password): Text ****** has been set on object 'Object Repository/1612427/02_ChangePassword/Page_Town Square - minus Mattermost/input_Retype New Password_confirmPassword'

2020-06-05 19:19:08 - [MESSAGE][PASSED] - Text ****** has been set on object 'Object Repository/1612427/02_ChangePassword/Page_Town Square - minus Mattermost/input_Retype New Password_confirmPassword'

2020-06-05 19:19:08 - [TEST_STEP][PASSED] - click(findTestObject("Object Repository/1612427/02_ChangePassword/Page_Town Square - minus Mattermost/span_Save")): Object: 'Object Repository/1612427/02_ChangePassword/Page_Town Square - minus Mattermost/span_Save' is clicked on

2020-06-05 19:19:08 - [MESSAGE][PASSED] - Object: 'Object Repository/1612427/02_ChangePassword/Page_Town Square - minus Mattermost/span_Save' is clicked on

2020-06-05 19:19:08 - [TEST_STEP][PASSED] - closeBrowser(): Browser is closed

2020-06-05 19:19:09 - [MESSAGE][PASSED] - Browser is closed]]></system-out>
         <system-err><![CDATA[]]></system-err>
      </testcase>
      <testcase name="Test Cases/1612427/02_ChangePassword" time="17.599" classname="Test Cases/1612427/02_ChangePassword" status="PASSED">
         <system-out><![CDATA[2020-06-05 19:19:09 - [TEST_CASE][PASSED] - Test Cases/1612427/02_ChangePassword: Test Cases/1612427/02_ChangePassword

2020-06-05 19:19:09 - [TEST_STEP][PASSED] - openBrowser(""): Browser is opened with url: ''

2020-06-05 19:19:09 - [MESSAGE][INFO] - Starting 'Chrome' driver

2020-06-05 19:19:09 - [MESSAGE][INFO] - Action delay is set to 0 milliseconds

2020-06-05 19:19:12 - [MESSAGE][PASSED] - Browser is opened with url: ''

2020-06-05 19:19:12 - [TEST_STEP][PASSED] - navigateToUrl("http://localhost:8065/login"): Navigate to 'http://localhost:8065/login' successfully

2020-06-05 19:19:14 - [MESSAGE][PASSED] - Navigate to 'http://localhost:8065/login' successfully

2020-06-05 19:19:14 - [TEST_STEP][PASSED] - setText(findTestObject("Object Repository/1612427/02_ChangePassword/Page_Mattermost/input_All team communication in one place s_703ef5"), "hcmus-cdnc"): Text 'hcmus-cdnc' is set on object 'Object Repository/1612427/02_ChangePassword/Page_Mattermost/input_All team communication in one place s_703ef5'

2020-06-05 19:19:16 - [MESSAGE][PASSED] - Text 'hcmus-cdnc' is set on object 'Object Repository/1612427/02_ChangePassword/Page_Mattermost/input_All team communication in one place s_703ef5'

2020-06-05 19:19:16 - [TEST_STEP][PASSED] - setEncryptedText(findTestObject("Object Repository/1612427/02_ChangePassword/Page_Mattermost/input_All team communication in one place s_2f2733"), "aeHFOx8jV/A="): Text ****** has been set on object 'Object Repository/1612427/02_ChangePassword/Page_Mattermost/input_All team communication in one place s_2f2733'

2020-06-05 19:19:17 - [MESSAGE][PASSED] - Text ****** has been set on object 'Object Repository/1612427/02_ChangePassword/Page_Mattermost/input_All team communication in one place s_2f2733'

2020-06-05 19:19:17 - [TEST_STEP][PASSED] - click(findTestObject("Object Repository/1612427/02_ChangePassword/Page_Mattermost/span_Sign in")): Object: 'Object Repository/1612427/02_ChangePassword/Page_Mattermost/span_Sign in' is clicked on

2020-06-05 19:19:17 - [MESSAGE][PASSED] - Object: 'Object Repository/1612427/02_ChangePassword/Page_Mattermost/span_Sign in' is clicked on

2020-06-05 19:19:17 - [TEST_STEP][PASSED] - click(findTestObject("Object Repository/1612427/02_ChangePassword/Page_Town Square - minus Mattermost/span")): Object: 'Object Repository/1612427/02_ChangePassword/Page_Town Square - minus Mattermost/span' is clicked on

2020-06-05 19:19:21 - [MESSAGE][PASSED] - Object: 'Object Repository/1612427/02_ChangePassword/Page_Town Square - minus Mattermost/span' is clicked on

2020-06-05 19:19:21 - [TEST_STEP][PASSED] - click(findTestObject("Object Repository/1612427/02_ChangePassword/Page_Town Square - minus Mattermost/span_Account Settings")): Object: 'Object Repository/1612427/02_ChangePassword/Page_Town Square - minus Mattermost/span_Account Settings' is clicked on

2020-06-05 19:19:22 - [MESSAGE][PASSED] - Object: 'Object Repository/1612427/02_ChangePassword/Page_Town Square - minus Mattermost/span_Account Settings' is clicked on

2020-06-05 19:19:22 - [TEST_STEP][PASSED] - click(findTestObject("Object Repository/1612427/02_ChangePassword/Page_Town Square - minus Mattermost/button_Security")): Object: 'Object Repository/1612427/02_ChangePassword/Page_Town Square - minus Mattermost/button_Security' is clicked on

2020-06-05 19:19:22 - [MESSAGE][PASSED] - Object: 'Object Repository/1612427/02_ChangePassword/Page_Town Square - minus Mattermost/button_Security' is clicked on

2020-06-05 19:19:22 - [TEST_STEP][PASSED] - click(findTestObject("Object Repository/1612427/02_ChangePassword/Page_Town Square - minus Mattermost/span_Edit")): Object: 'Object Repository/1612427/02_ChangePassword/Page_Town Square - minus Mattermost/span_Edit' is clicked on

2020-06-05 19:19:23 - [MESSAGE][PASSED] - Object: 'Object Repository/1612427/02_ChangePassword/Page_Town Square - minus Mattermost/span_Edit' is clicked on

2020-06-05 19:19:23 - [TEST_STEP][PASSED] - setEncryptedText(findTestObject("Object Repository/1612427/02_ChangePassword/Page_Town Square - minus Mattermost/input_Current Password_currentPassword"), password): Text ****** has been set on object 'Object Repository/1612427/02_ChangePassword/Page_Town Square - minus Mattermost/input_Current Password_currentPassword'

2020-06-05 19:19:24 - [MESSAGE][PASSED] - Text ****** has been set on object 'Object Repository/1612427/02_ChangePassword/Page_Town Square - minus Mattermost/input_Current Password_currentPassword'

2020-06-05 19:19:24 - [TEST_STEP][PASSED] - setEncryptedText(findTestObject("Object Repository/1612427/02_ChangePassword/Page_Town Square - minus Mattermost/input_New Password_newPassword"), new_password): Text ****** has been set on object 'Object Repository/1612427/02_ChangePassword/Page_Town Square - minus Mattermost/input_New Password_newPassword'

2020-06-05 19:19:25 - [MESSAGE][PASSED] - Text ****** has been set on object 'Object Repository/1612427/02_ChangePassword/Page_Town Square - minus Mattermost/input_New Password_newPassword'

2020-06-05 19:19:25 - [TEST_STEP][PASSED] - setEncryptedText(findTestObject("Object Repository/1612427/02_ChangePassword/Page_Town Square - minus Mattermost/input_Retype New Password_confirmPassword"), confirm_password): Text ****** has been set on object 'Object Repository/1612427/02_ChangePassword/Page_Town Square - minus Mattermost/input_Retype New Password_confirmPassword'

2020-06-05 19:19:25 - [MESSAGE][PASSED] - Text ****** has been set on object 'Object Repository/1612427/02_ChangePassword/Page_Town Square - minus Mattermost/input_Retype New Password_confirmPassword'

2020-06-05 19:19:25 - [TEST_STEP][PASSED] - click(findTestObject("Object Repository/1612427/02_ChangePassword/Page_Town Square - minus Mattermost/span_Save")): Object: 'Object Repository/1612427/02_ChangePassword/Page_Town Square - minus Mattermost/span_Save' is clicked on

2020-06-05 19:19:26 - [MESSAGE][PASSED] - Object: 'Object Repository/1612427/02_ChangePassword/Page_Town Square - minus Mattermost/span_Save' is clicked on

2020-06-05 19:19:26 - [TEST_STEP][PASSED] - closeBrowser(): Browser is closed

2020-06-05 19:19:27 - [MESSAGE][PASSED] - Browser is closed]]></system-out>
         <system-err><![CDATA[]]></system-err>
      </testcase>
      <testcase name="Test Cases/1612427/02_ChangePassword" time="20.991" classname="Test Cases/1612427/02_ChangePassword" status="PASSED">
         <system-out><![CDATA[2020-06-05 19:19:27 - [TEST_CASE][PASSED] - Test Cases/1612427/02_ChangePassword: Test Cases/1612427/02_ChangePassword

2020-06-05 19:19:27 - [TEST_STEP][PASSED] - openBrowser(""): Browser is opened with url: ''

2020-06-05 19:19:27 - [MESSAGE][INFO] - Starting 'Chrome' driver

2020-06-05 19:19:27 - [MESSAGE][INFO] - Action delay is set to 0 milliseconds

2020-06-05 19:19:30 - [MESSAGE][PASSED] - Browser is opened with url: ''

2020-06-05 19:19:30 - [TEST_STEP][PASSED] - navigateToUrl("http://localhost:8065/login"): Navigate to 'http://localhost:8065/login' successfully

2020-06-05 19:19:32 - [MESSAGE][PASSED] - Navigate to 'http://localhost:8065/login' successfully

2020-06-05 19:19:32 - [TEST_STEP][PASSED] - setText(findTestObject("Object Repository/1612427/02_ChangePassword/Page_Mattermost/input_All team communication in one place s_703ef5"), "hcmus-cdnc"): Text 'hcmus-cdnc' is set on object 'Object Repository/1612427/02_ChangePassword/Page_Mattermost/input_All team communication in one place s_703ef5'

2020-06-05 19:19:35 - [MESSAGE][PASSED] - Text 'hcmus-cdnc' is set on object 'Object Repository/1612427/02_ChangePassword/Page_Mattermost/input_All team communication in one place s_703ef5'

2020-06-05 19:19:35 - [TEST_STEP][PASSED] - setEncryptedText(findTestObject("Object Repository/1612427/02_ChangePassword/Page_Mattermost/input_All team communication in one place s_2f2733"), "aeHFOx8jV/A="): Text ****** has been set on object 'Object Repository/1612427/02_ChangePassword/Page_Mattermost/input_All team communication in one place s_2f2733'

2020-06-05 19:19:36 - [MESSAGE][PASSED] - Text ****** has been set on object 'Object Repository/1612427/02_ChangePassword/Page_Mattermost/input_All team communication in one place s_2f2733'

2020-06-05 19:19:36 - [TEST_STEP][PASSED] - click(findTestObject("Object Repository/1612427/02_ChangePassword/Page_Mattermost/span_Sign in")): Object: 'Object Repository/1612427/02_ChangePassword/Page_Mattermost/span_Sign in' is clicked on

2020-06-05 19:19:36 - [MESSAGE][PASSED] - Object: 'Object Repository/1612427/02_ChangePassword/Page_Mattermost/span_Sign in' is clicked on

2020-06-05 19:19:36 - [TEST_STEP][PASSED] - click(findTestObject("Object Repository/1612427/02_ChangePassword/Page_Town Square - minus Mattermost/span")): Object: 'Object Repository/1612427/02_ChangePassword/Page_Town Square - minus Mattermost/span' is clicked on

2020-06-05 19:19:41 - [MESSAGE][PASSED] - Object: 'Object Repository/1612427/02_ChangePassword/Page_Town Square - minus Mattermost/span' is clicked on

2020-06-05 19:19:41 - [TEST_STEP][PASSED] - click(findTestObject("Object Repository/1612427/02_ChangePassword/Page_Town Square - minus Mattermost/span_Account Settings")): Object: 'Object Repository/1612427/02_ChangePassword/Page_Town Square - minus Mattermost/span_Account Settings' is clicked on

2020-06-05 19:19:42 - [MESSAGE][PASSED] - Object: 'Object Repository/1612427/02_ChangePassword/Page_Town Square - minus Mattermost/span_Account Settings' is clicked on

2020-06-05 19:19:42 - [TEST_STEP][PASSED] - click(findTestObject("Object Repository/1612427/02_ChangePassword/Page_Town Square - minus Mattermost/button_Security")): Object: 'Object Repository/1612427/02_ChangePassword/Page_Town Square - minus Mattermost/button_Security' is clicked on

2020-06-05 19:19:43 - [MESSAGE][PASSED] - Object: 'Object Repository/1612427/02_ChangePassword/Page_Town Square - minus Mattermost/button_Security' is clicked on

2020-06-05 19:19:43 - [TEST_STEP][PASSED] - click(findTestObject("Object Repository/1612427/02_ChangePassword/Page_Town Square - minus Mattermost/span_Edit")): Object: 'Object Repository/1612427/02_ChangePassword/Page_Town Square - minus Mattermost/span_Edit' is clicked on

2020-06-05 19:19:44 - [MESSAGE][PASSED] - Object: 'Object Repository/1612427/02_ChangePassword/Page_Town Square - minus Mattermost/span_Edit' is clicked on

2020-06-05 19:19:44 - [TEST_STEP][PASSED] - setEncryptedText(findTestObject("Object Repository/1612427/02_ChangePassword/Page_Town Square - minus Mattermost/input_Current Password_currentPassword"), password): Text ****** has been set on object 'Object Repository/1612427/02_ChangePassword/Page_Town Square - minus Mattermost/input_Current Password_currentPassword'

2020-06-05 19:19:45 - [MESSAGE][PASSED] - Text ****** has been set on object 'Object Repository/1612427/02_ChangePassword/Page_Town Square - minus Mattermost/input_Current Password_currentPassword'

2020-06-05 19:19:45 - [TEST_STEP][PASSED] - setEncryptedText(findTestObject("Object Repository/1612427/02_ChangePassword/Page_Town Square - minus Mattermost/input_New Password_newPassword"), new_password): Text ****** has been set on object 'Object Repository/1612427/02_ChangePassword/Page_Town Square - minus Mattermost/input_New Password_newPassword'

2020-06-05 19:19:45 - [MESSAGE][PASSED] - Text ****** has been set on object 'Object Repository/1612427/02_ChangePassword/Page_Town Square - minus Mattermost/input_New Password_newPassword'

2020-06-05 19:19:45 - [TEST_STEP][PASSED] - setEncryptedText(findTestObject("Object Repository/1612427/02_ChangePassword/Page_Town Square - minus Mattermost/input_Retype New Password_confirmPassword"), confirm_password): Text ****** has been set on object 'Object Repository/1612427/02_ChangePassword/Page_Town Square - minus Mattermost/input_Retype New Password_confirmPassword'

2020-06-05 19:19:46 - [MESSAGE][PASSED] - Text ****** has been set on object 'Object Repository/1612427/02_ChangePassword/Page_Town Square - minus Mattermost/input_Retype New Password_confirmPassword'

2020-06-05 19:19:46 - [TEST_STEP][PASSED] - click(findTestObject("Object Repository/1612427/02_ChangePassword/Page_Town Square - minus Mattermost/span_Save")): Object: 'Object Repository/1612427/02_ChangePassword/Page_Town Square - minus Mattermost/span_Save' is clicked on

2020-06-05 19:19:47 - [MESSAGE][PASSED] - Object: 'Object Repository/1612427/02_ChangePassword/Page_Town Square - minus Mattermost/span_Save' is clicked on

2020-06-05 19:19:47 - [TEST_STEP][PASSED] - closeBrowser(): Browser is closed

2020-06-05 19:19:48 - [MESSAGE][PASSED] - Browser is closed]]></system-out>
         <system-err><![CDATA[]]></system-err>
      </testcase>
      <testcase name="Test Cases/1612427/02_ChangePassword" time="18.055" classname="Test Cases/1612427/02_ChangePassword" status="PASSED">
         <system-out><![CDATA[2020-06-05 19:19:48 - [TEST_CASE][PASSED] - Test Cases/1612427/02_ChangePassword: Test Cases/1612427/02_ChangePassword

2020-06-05 19:19:48 - [TEST_STEP][PASSED] - openBrowser(""): Browser is opened with url: ''

2020-06-05 19:19:48 - [MESSAGE][INFO] - Starting 'Chrome' driver

2020-06-05 19:19:48 - [MESSAGE][INFO] - Action delay is set to 0 milliseconds

2020-06-05 19:19:51 - [MESSAGE][PASSED] - Browser is opened with url: ''

2020-06-05 19:19:51 - [TEST_STEP][PASSED] - navigateToUrl("http://localhost:8065/login"): Navigate to 'http://localhost:8065/login' successfully

2020-06-05 19:19:53 - [MESSAGE][PASSED] - Navigate to 'http://localhost:8065/login' successfully

2020-06-05 19:19:53 - [TEST_STEP][PASSED] - setText(findTestObject("Object Repository/1612427/02_ChangePassword/Page_Mattermost/input_All team communication in one place s_703ef5"), "hcmus-cdnc"): Text 'hcmus-cdnc' is set on object 'Object Repository/1612427/02_ChangePassword/Page_Mattermost/input_All team communication in one place s_703ef5'

2020-06-05 19:19:55 - [MESSAGE][PASSED] - Text 'hcmus-cdnc' is set on object 'Object Repository/1612427/02_ChangePassword/Page_Mattermost/input_All team communication in one place s_703ef5'

2020-06-05 19:19:55 - [TEST_STEP][PASSED] - setEncryptedText(findTestObject("Object Repository/1612427/02_ChangePassword/Page_Mattermost/input_All team communication in one place s_2f2733"), "aeHFOx8jV/A="): Text ****** has been set on object 'Object Repository/1612427/02_ChangePassword/Page_Mattermost/input_All team communication in one place s_2f2733'

2020-06-05 19:19:55 - [MESSAGE][PASSED] - Text ****** has been set on object 'Object Repository/1612427/02_ChangePassword/Page_Mattermost/input_All team communication in one place s_2f2733'

2020-06-05 19:19:55 - [TEST_STEP][PASSED] - click(findTestObject("Object Repository/1612427/02_ChangePassword/Page_Mattermost/span_Sign in")): Object: 'Object Repository/1612427/02_ChangePassword/Page_Mattermost/span_Sign in' is clicked on

2020-06-05 19:19:56 - [MESSAGE][PASSED] - Object: 'Object Repository/1612427/02_ChangePassword/Page_Mattermost/span_Sign in' is clicked on

2020-06-05 19:19:56 - [TEST_STEP][PASSED] - click(findTestObject("Object Repository/1612427/02_ChangePassword/Page_Town Square - minus Mattermost/span")): Object: 'Object Repository/1612427/02_ChangePassword/Page_Town Square - minus Mattermost/span' is clicked on

2020-06-05 19:20:00 - [MESSAGE][PASSED] - Object: 'Object Repository/1612427/02_ChangePassword/Page_Town Square - minus Mattermost/span' is clicked on

2020-06-05 19:20:00 - [TEST_STEP][PASSED] - click(findTestObject("Object Repository/1612427/02_ChangePassword/Page_Town Square - minus Mattermost/span_Account Settings")): Object: 'Object Repository/1612427/02_ChangePassword/Page_Town Square - minus Mattermost/span_Account Settings' is clicked on

2020-06-05 19:20:01 - [MESSAGE][PASSED] - Object: 'Object Repository/1612427/02_ChangePassword/Page_Town Square - minus Mattermost/span_Account Settings' is clicked on

2020-06-05 19:20:01 - [TEST_STEP][PASSED] - click(findTestObject("Object Repository/1612427/02_ChangePassword/Page_Town Square - minus Mattermost/button_Security")): Object: 'Object Repository/1612427/02_ChangePassword/Page_Town Square - minus Mattermost/button_Security' is clicked on

2020-06-05 19:20:02 - [MESSAGE][PASSED] - Object: 'Object Repository/1612427/02_ChangePassword/Page_Town Square - minus Mattermost/button_Security' is clicked on

2020-06-05 19:20:02 - [TEST_STEP][PASSED] - click(findTestObject("Object Repository/1612427/02_ChangePassword/Page_Town Square - minus Mattermost/span_Edit")): Object: 'Object Repository/1612427/02_ChangePassword/Page_Town Square - minus Mattermost/span_Edit' is clicked on

2020-06-05 19:20:02 - [MESSAGE][PASSED] - Object: 'Object Repository/1612427/02_ChangePassword/Page_Town Square - minus Mattermost/span_Edit' is clicked on

2020-06-05 19:20:02 - [TEST_STEP][PASSED] - setEncryptedText(findTestObject("Object Repository/1612427/02_ChangePassword/Page_Town Square - minus Mattermost/input_Current Password_currentPassword"), password): Text ****** has been set on object 'Object Repository/1612427/02_ChangePassword/Page_Town Square - minus Mattermost/input_Current Password_currentPassword'

2020-06-05 19:20:03 - [MESSAGE][PASSED] - Text ****** has been set on object 'Object Repository/1612427/02_ChangePassword/Page_Town Square - minus Mattermost/input_Current Password_currentPassword'

2020-06-05 19:20:03 - [TEST_STEP][PASSED] - setEncryptedText(findTestObject("Object Repository/1612427/02_ChangePassword/Page_Town Square - minus Mattermost/input_New Password_newPassword"), new_password): Text ****** has been set on object 'Object Repository/1612427/02_ChangePassword/Page_Town Square - minus Mattermost/input_New Password_newPassword'

2020-06-05 19:20:04 - [MESSAGE][PASSED] - Text ****** has been set on object 'Object Repository/1612427/02_ChangePassword/Page_Town Square - minus Mattermost/input_New Password_newPassword'

2020-06-05 19:20:04 - [TEST_STEP][PASSED] - setEncryptedText(findTestObject("Object Repository/1612427/02_ChangePassword/Page_Town Square - minus Mattermost/input_Retype New Password_confirmPassword"), confirm_password): Text ****** has been set on object 'Object Repository/1612427/02_ChangePassword/Page_Town Square - minus Mattermost/input_Retype New Password_confirmPassword'

2020-06-05 19:20:04 - [MESSAGE][PASSED] - Text ****** has been set on object 'Object Repository/1612427/02_ChangePassword/Page_Town Square - minus Mattermost/input_Retype New Password_confirmPassword'

2020-06-05 19:20:04 - [TEST_STEP][PASSED] - click(findTestObject("Object Repository/1612427/02_ChangePassword/Page_Town Square - minus Mattermost/span_Save")): Object: 'Object Repository/1612427/02_ChangePassword/Page_Town Square - minus Mattermost/span_Save' is clicked on

2020-06-05 19:20:05 - [MESSAGE][PASSED] - Object: 'Object Repository/1612427/02_ChangePassword/Page_Town Square - minus Mattermost/span_Save' is clicked on

2020-06-05 19:20:05 - [TEST_STEP][PASSED] - closeBrowser(): Browser is closed

2020-06-05 19:20:06 - [MESSAGE][PASSED] - Browser is closed]]></system-out>
         <system-err><![CDATA[]]></system-err>
      </testcase>
      <testcase name="Test Cases/1612427/03_ChangeName" time="18.515" classname="Test Cases/1612427/03_ChangeName" status="PASSED">
         <system-out><![CDATA[2020-06-05 19:20:06 - [TEST_CASE][PASSED] - Test Cases/1612427/03_ChangeName: Test Cases/1612427/03_ChangeName

2020-06-05 19:20:06 - [TEST_STEP][PASSED] - openBrowser(""): Browser is opened with url: ''

2020-06-05 19:20:06 - [MESSAGE][INFO] - Starting 'Chrome' driver

2020-06-05 19:20:06 - [MESSAGE][INFO] - Action delay is set to 0 milliseconds

2020-06-05 19:20:09 - [MESSAGE][PASSED] - Browser is opened with url: ''

2020-06-05 19:20:09 - [TEST_STEP][PASSED] - navigateToUrl("http://localhost:8065/login"): Navigate to 'http://localhost:8065/login' successfully

2020-06-05 19:20:11 - [MESSAGE][PASSED] - Navigate to 'http://localhost:8065/login' successfully

2020-06-05 19:20:11 - [TEST_STEP][PASSED] - setText(findTestObject("Object Repository/1612427/02_ChangePassword/Page_Mattermost/input_All team communication in one place s_703ef5"), "hcmus-cdnc"): Text 'hcmus-cdnc' is set on object 'Object Repository/1612427/02_ChangePassword/Page_Mattermost/input_All team communication in one place s_703ef5'

2020-06-05 19:20:13 - [MESSAGE][PASSED] - Text 'hcmus-cdnc' is set on object 'Object Repository/1612427/02_ChangePassword/Page_Mattermost/input_All team communication in one place s_703ef5'

2020-06-05 19:20:13 - [TEST_STEP][PASSED] - setEncryptedText(findTestObject("Object Repository/1612427/02_ChangePassword/Page_Mattermost/input_All team communication in one place s_2f2733"), "aeHFOx8jV/A="): Text ****** has been set on object 'Object Repository/1612427/02_ChangePassword/Page_Mattermost/input_All team communication in one place s_2f2733'

2020-06-05 19:20:14 - [MESSAGE][PASSED] - Text ****** has been set on object 'Object Repository/1612427/02_ChangePassword/Page_Mattermost/input_All team communication in one place s_2f2733'

2020-06-05 19:20:14 - [TEST_STEP][PASSED] - click(findTestObject("Object Repository/1612427/02_ChangePassword/Page_Mattermost/span_Sign in")): Object: 'Object Repository/1612427/02_ChangePassword/Page_Mattermost/span_Sign in' is clicked on

2020-06-05 19:20:15 - [MESSAGE][PASSED] - Object: 'Object Repository/1612427/02_ChangePassword/Page_Mattermost/span_Sign in' is clicked on

2020-06-05 19:20:15 - [TEST_STEP][PASSED] - click(findTestObject("Object Repository/1612427/02_ChangePassword/Page_Town Square - minus Mattermost/span")): Object: 'Object Repository/1612427/02_ChangePassword/Page_Town Square - minus Mattermost/span' is clicked on

2020-06-05 19:20:18 - [MESSAGE][PASSED] - Object: 'Object Repository/1612427/02_ChangePassword/Page_Town Square - minus Mattermost/span' is clicked on

2020-06-05 19:20:18 - [TEST_STEP][PASSED] - click(findTestObject("Object Repository/1612427/02_ChangePassword/Page_Town Square - minus Mattermost/span_Account Settings")): Object: 'Object Repository/1612427/02_ChangePassword/Page_Town Square - minus Mattermost/span_Account Settings' is clicked on

2020-06-05 19:20:19 - [MESSAGE][PASSED] - Object: 'Object Repository/1612427/02_ChangePassword/Page_Town Square - minus Mattermost/span_Account Settings' is clicked on

2020-06-05 19:20:19 - [TEST_STEP][PASSED] - click(findTestObject("Object Repository/1612427/03_ChangeName/Page_Town Square - minus Mattermost/span_Edit")): Object: 'Object Repository/1612427/03_ChangeName/Page_Town Square - minus Mattermost/span_Edit' is clicked on

2020-06-05 19:20:20 - [MESSAGE][PASSED] - Object: 'Object Repository/1612427/03_ChangeName/Page_Town Square - minus Mattermost/span_Edit' is clicked on

2020-06-05 19:20:20 - [TEST_STEP][PASSED] - click(findTestObject("Object Repository/1612427/03_ChangeName/Page_Town Square - minus Mattermost/div_First Name")): Object: 'Object Repository/1612427/03_ChangeName/Page_Town Square - minus Mattermost/div_First Name' is clicked on

2020-06-05 19:20:20 - [MESSAGE][PASSED] - Object: 'Object Repository/1612427/03_ChangeName/Page_Town Square - minus Mattermost/div_First Name' is clicked on

2020-06-05 19:20:20 - [TEST_STEP][PASSED] - setText(findTestObject("Object Repository/1612427/03_ChangeName/Page_Town Square - minus Mattermost/input_First Name_firstName"), firstname): Text 'Nguyễn' is set on object 'Object Repository/1612427/03_ChangeName/Page_Town Square - minus Mattermost/input_First Name_firstName'

2020-06-05 19:20:21 - [MESSAGE][PASSED] - Text 'Nguyễn' is set on object 'Object Repository/1612427/03_ChangeName/Page_Town Square - minus Mattermost/input_First Name_firstName'

2020-06-05 19:20:21 - [TEST_STEP][PASSED] - click(findTestObject("Object Repository/1612427/03_ChangeName/Page_Town Square - minus Mattermost/div_Last Name")): Object: 'Object Repository/1612427/03_ChangeName/Page_Town Square - minus Mattermost/div_Last Name' is clicked on

2020-06-05 19:20:22 - [MESSAGE][PASSED] - Object: 'Object Repository/1612427/03_ChangeName/Page_Town Square - minus Mattermost/div_Last Name' is clicked on

2020-06-05 19:20:22 - [TEST_STEP][PASSED] - setText(findTestObject("Object Repository/1612427/03_ChangeName/Page_Town Square - minus Mattermost/input_Last Name_lastName"), lastname): Text 'Văn Thìn' is set on object 'Object Repository/1612427/03_ChangeName/Page_Town Square - minus Mattermost/input_Last Name_lastName'

2020-06-05 19:20:23 - [MESSAGE][PASSED] - Text 'Văn Thìn' is set on object 'Object Repository/1612427/03_ChangeName/Page_Town Square - minus Mattermost/input_Last Name_lastName'

2020-06-05 19:20:23 - [TEST_STEP][PASSED] - click(findTestObject("Object Repository/1612427/03_ChangeName/Page_Town Square - minus Mattermost/span_Save")): Object: 'Object Repository/1612427/03_ChangeName/Page_Town Square - minus Mattermost/span_Save' is clicked on

2020-06-05 19:20:23 - [MESSAGE][PASSED] - Object: 'Object Repository/1612427/03_ChangeName/Page_Town Square - minus Mattermost/span_Save' is clicked on

2020-06-05 19:20:23 - [TEST_STEP][PASSED] - closeBrowser(): Browser is closed

2020-06-05 19:20:24 - [MESSAGE][PASSED] - Browser is closed]]></system-out>
         <system-err><![CDATA[]]></system-err>
      </testcase>
      <testcase name="Test Cases/1612427/03_ChangeName" time="18.392" classname="Test Cases/1612427/03_ChangeName" status="PASSED">
         <system-out><![CDATA[2020-06-05 19:20:24 - [TEST_CASE][PASSED] - Test Cases/1612427/03_ChangeName: Test Cases/1612427/03_ChangeName

2020-06-05 19:20:24 - [TEST_STEP][PASSED] - openBrowser(""): Browser is opened with url: ''

2020-06-05 19:20:24 - [MESSAGE][INFO] - Starting 'Chrome' driver

2020-06-05 19:20:24 - [MESSAGE][INFO] - Action delay is set to 0 milliseconds

2020-06-05 19:20:28 - [MESSAGE][PASSED] - Browser is opened with url: ''

2020-06-05 19:20:28 - [TEST_STEP][PASSED] - navigateToUrl("http://localhost:8065/login"): Navigate to 'http://localhost:8065/login' successfully

2020-06-05 19:20:29 - [MESSAGE][PASSED] - Navigate to 'http://localhost:8065/login' successfully

2020-06-05 19:20:29 - [TEST_STEP][PASSED] - setText(findTestObject("Object Repository/1612427/02_ChangePassword/Page_Mattermost/input_All team communication in one place s_703ef5"), "hcmus-cdnc"): Text 'hcmus-cdnc' is set on object 'Object Repository/1612427/02_ChangePassword/Page_Mattermost/input_All team communication in one place s_703ef5'

2020-06-05 19:20:31 - [MESSAGE][PASSED] - Text 'hcmus-cdnc' is set on object 'Object Repository/1612427/02_ChangePassword/Page_Mattermost/input_All team communication in one place s_703ef5'

2020-06-05 19:20:31 - [TEST_STEP][PASSED] - setEncryptedText(findTestObject("Object Repository/1612427/02_ChangePassword/Page_Mattermost/input_All team communication in one place s_2f2733"), "aeHFOx8jV/A="): Text ****** has been set on object 'Object Repository/1612427/02_ChangePassword/Page_Mattermost/input_All team communication in one place s_2f2733'

2020-06-05 19:20:32 - [MESSAGE][PASSED] - Text ****** has been set on object 'Object Repository/1612427/02_ChangePassword/Page_Mattermost/input_All team communication in one place s_2f2733'

2020-06-05 19:20:32 - [TEST_STEP][PASSED] - click(findTestObject("Object Repository/1612427/02_ChangePassword/Page_Mattermost/span_Sign in")): Object: 'Object Repository/1612427/02_ChangePassword/Page_Mattermost/span_Sign in' is clicked on

2020-06-05 19:20:33 - [MESSAGE][PASSED] - Object: 'Object Repository/1612427/02_ChangePassword/Page_Mattermost/span_Sign in' is clicked on

2020-06-05 19:20:33 - [TEST_STEP][PASSED] - click(findTestObject("Object Repository/1612427/02_ChangePassword/Page_Town Square - minus Mattermost/span")): Object: 'Object Repository/1612427/02_ChangePassword/Page_Town Square - minus Mattermost/span' is clicked on

2020-06-05 19:20:36 - [MESSAGE][PASSED] - Object: 'Object Repository/1612427/02_ChangePassword/Page_Town Square - minus Mattermost/span' is clicked on

2020-06-05 19:20:36 - [TEST_STEP][PASSED] - click(findTestObject("Object Repository/1612427/02_ChangePassword/Page_Town Square - minus Mattermost/span_Account Settings")): Object: 'Object Repository/1612427/02_ChangePassword/Page_Town Square - minus Mattermost/span_Account Settings' is clicked on

2020-06-05 19:20:37 - [MESSAGE][PASSED] - Object: 'Object Repository/1612427/02_ChangePassword/Page_Town Square - minus Mattermost/span_Account Settings' is clicked on

2020-06-05 19:20:37 - [TEST_STEP][PASSED] - click(findTestObject("Object Repository/1612427/03_ChangeName/Page_Town Square - minus Mattermost/span_Edit")): Object: 'Object Repository/1612427/03_ChangeName/Page_Town Square - minus Mattermost/span_Edit' is clicked on

2020-06-05 19:20:38 - [MESSAGE][PASSED] - Object: 'Object Repository/1612427/03_ChangeName/Page_Town Square - minus Mattermost/span_Edit' is clicked on

2020-06-05 19:20:38 - [TEST_STEP][PASSED] - click(findTestObject("Object Repository/1612427/03_ChangeName/Page_Town Square - minus Mattermost/div_First Name")): Object: 'Object Repository/1612427/03_ChangeName/Page_Town Square - minus Mattermost/div_First Name' is clicked on

2020-06-05 19:20:39 - [MESSAGE][PASSED] - Object: 'Object Repository/1612427/03_ChangeName/Page_Town Square - minus Mattermost/div_First Name' is clicked on

2020-06-05 19:20:39 - [TEST_STEP][PASSED] - setText(findTestObject("Object Repository/1612427/03_ChangeName/Page_Town Square - minus Mattermost/input_First Name_firstName"), firstname): Text 'Ngô' is set on object 'Object Repository/1612427/03_ChangeName/Page_Town Square - minus Mattermost/input_First Name_firstName'

2020-06-05 19:20:39 - [MESSAGE][PASSED] - Text 'Ngô' is set on object 'Object Repository/1612427/03_ChangeName/Page_Town Square - minus Mattermost/input_First Name_firstName'

2020-06-05 19:20:39 - [TEST_STEP][PASSED] - click(findTestObject("Object Repository/1612427/03_ChangeName/Page_Town Square - minus Mattermost/div_Last Name")): Object: 'Object Repository/1612427/03_ChangeName/Page_Town Square - minus Mattermost/div_Last Name' is clicked on

2020-06-05 19:20:40 - [MESSAGE][PASSED] - Object: 'Object Repository/1612427/03_ChangeName/Page_Town Square - minus Mattermost/div_Last Name' is clicked on

2020-06-05 19:20:40 - [TEST_STEP][PASSED] - setText(findTestObject("Object Repository/1612427/03_ChangeName/Page_Town Square - minus Mattermost/input_Last Name_lastName"), lastname): Text 'Hoàng Thiên' is set on object 'Object Repository/1612427/03_ChangeName/Page_Town Square - minus Mattermost/input_Last Name_lastName'

2020-06-05 19:20:41 - [MESSAGE][PASSED] - Text 'Hoàng Thiên' is set on object 'Object Repository/1612427/03_ChangeName/Page_Town Square - minus Mattermost/input_Last Name_lastName'

2020-06-05 19:20:41 - [TEST_STEP][PASSED] - click(findTestObject("Object Repository/1612427/03_ChangeName/Page_Town Square - minus Mattermost/span_Save")): Object: 'Object Repository/1612427/03_ChangeName/Page_Town Square - minus Mattermost/span_Save' is clicked on

2020-06-05 19:20:42 - [MESSAGE][PASSED] - Object: 'Object Repository/1612427/03_ChangeName/Page_Town Square - minus Mattermost/span_Save' is clicked on

2020-06-05 19:20:42 - [TEST_STEP][PASSED] - closeBrowser(): Browser is closed

2020-06-05 19:20:43 - [MESSAGE][PASSED] - Browser is closed]]></system-out>
         <system-err><![CDATA[]]></system-err>
      </testcase>
      <testcase name="Test Cases/1612427/03_ChangeName" time="18.395" classname="Test Cases/1612427/03_ChangeName" status="PASSED">
         <system-out><![CDATA[2020-06-05 19:20:43 - [TEST_CASE][PASSED] - Test Cases/1612427/03_ChangeName: Test Cases/1612427/03_ChangeName

2020-06-05 19:20:43 - [TEST_STEP][PASSED] - openBrowser(""): Browser is opened with url: ''

2020-06-05 19:20:43 - [MESSAGE][INFO] - Starting 'Chrome' driver

2020-06-05 19:20:43 - [MESSAGE][INFO] - Action delay is set to 0 milliseconds

2020-06-05 19:20:46 - [MESSAGE][PASSED] - Browser is opened with url: ''

2020-06-05 19:20:46 - [TEST_STEP][PASSED] - navigateToUrl("http://localhost:8065/login"): Navigate to 'http://localhost:8065/login' successfully

2020-06-05 19:20:48 - [MESSAGE][PASSED] - Navigate to 'http://localhost:8065/login' successfully

2020-06-05 19:20:48 - [TEST_STEP][PASSED] - setText(findTestObject("Object Repository/1612427/02_ChangePassword/Page_Mattermost/input_All team communication in one place s_703ef5"), "hcmus-cdnc"): Text 'hcmus-cdnc' is set on object 'Object Repository/1612427/02_ChangePassword/Page_Mattermost/input_All team communication in one place s_703ef5'

2020-06-05 19:20:49 - [MESSAGE][PASSED] - Text 'hcmus-cdnc' is set on object 'Object Repository/1612427/02_ChangePassword/Page_Mattermost/input_All team communication in one place s_703ef5'

2020-06-05 19:20:49 - [TEST_STEP][PASSED] - setEncryptedText(findTestObject("Object Repository/1612427/02_ChangePassword/Page_Mattermost/input_All team communication in one place s_2f2733"), "aeHFOx8jV/A="): Text ****** has been set on object 'Object Repository/1612427/02_ChangePassword/Page_Mattermost/input_All team communication in one place s_2f2733'

2020-06-05 19:20:50 - [MESSAGE][PASSED] - Text ****** has been set on object 'Object Repository/1612427/02_ChangePassword/Page_Mattermost/input_All team communication in one place s_2f2733'

2020-06-05 19:20:50 - [TEST_STEP][PASSED] - click(findTestObject("Object Repository/1612427/02_ChangePassword/Page_Mattermost/span_Sign in")): Object: 'Object Repository/1612427/02_ChangePassword/Page_Mattermost/span_Sign in' is clicked on

2020-06-05 19:20:51 - [MESSAGE][PASSED] - Object: 'Object Repository/1612427/02_ChangePassword/Page_Mattermost/span_Sign in' is clicked on

2020-06-05 19:20:51 - [TEST_STEP][PASSED] - click(findTestObject("Object Repository/1612427/02_ChangePassword/Page_Town Square - minus Mattermost/span")): Object: 'Object Repository/1612427/02_ChangePassword/Page_Town Square - minus Mattermost/span' is clicked on

2020-06-05 19:20:55 - [MESSAGE][PASSED] - Object: 'Object Repository/1612427/02_ChangePassword/Page_Town Square - minus Mattermost/span' is clicked on

2020-06-05 19:20:55 - [TEST_STEP][PASSED] - click(findTestObject("Object Repository/1612427/02_ChangePassword/Page_Town Square - minus Mattermost/span_Account Settings")): Object: 'Object Repository/1612427/02_ChangePassword/Page_Town Square - minus Mattermost/span_Account Settings' is clicked on

2020-06-05 19:20:56 - [MESSAGE][PASSED] - Object: 'Object Repository/1612427/02_ChangePassword/Page_Town Square - minus Mattermost/span_Account Settings' is clicked on

2020-06-05 19:20:56 - [TEST_STEP][PASSED] - click(findTestObject("Object Repository/1612427/03_ChangeName/Page_Town Square - minus Mattermost/span_Edit")): Object: 'Object Repository/1612427/03_ChangeName/Page_Town Square - minus Mattermost/span_Edit' is clicked on

2020-06-05 19:20:57 - [MESSAGE][PASSED] - Object: 'Object Repository/1612427/03_ChangeName/Page_Town Square - minus Mattermost/span_Edit' is clicked on

2020-06-05 19:20:57 - [TEST_STEP][PASSED] - click(findTestObject("Object Repository/1612427/03_ChangeName/Page_Town Square - minus Mattermost/div_First Name")): Object: 'Object Repository/1612427/03_ChangeName/Page_Town Square - minus Mattermost/div_First Name' is clicked on

2020-06-05 19:20:57 - [MESSAGE][PASSED] - Object: 'Object Repository/1612427/03_ChangeName/Page_Town Square - minus Mattermost/div_First Name' is clicked on

2020-06-05 19:20:57 - [TEST_STEP][PASSED] - setText(findTestObject("Object Repository/1612427/03_ChangeName/Page_Town Square - minus Mattermost/input_First Name_firstName"), firstname): Text 'Hoàng' is set on object 'Object Repository/1612427/03_ChangeName/Page_Town Square - minus Mattermost/input_First Name_firstName'

2020-06-05 19:20:58 - [MESSAGE][PASSED] - Text 'Hoàng' is set on object 'Object Repository/1612427/03_ChangeName/Page_Town Square - minus Mattermost/input_First Name_firstName'

2020-06-05 19:20:58 - [TEST_STEP][PASSED] - click(findTestObject("Object Repository/1612427/03_ChangeName/Page_Town Square - minus Mattermost/div_Last Name")): Object: 'Object Repository/1612427/03_ChangeName/Page_Town Square - minus Mattermost/div_Last Name' is clicked on

2020-06-05 19:20:59 - [MESSAGE][PASSED] - Object: 'Object Repository/1612427/03_ChangeName/Page_Town Square - minus Mattermost/div_Last Name' is clicked on

2020-06-05 19:20:59 - [TEST_STEP][PASSED] - setText(findTestObject("Object Repository/1612427/03_ChangeName/Page_Town Square - minus Mattermost/input_Last Name_lastName"), lastname): Text 'Huy Lịch' is set on object 'Object Repository/1612427/03_ChangeName/Page_Town Square - minus Mattermost/input_Last Name_lastName'

2020-06-05 19:21:00 - [MESSAGE][PASSED] - Text 'Huy Lịch' is set on object 'Object Repository/1612427/03_ChangeName/Page_Town Square - minus Mattermost/input_Last Name_lastName'

2020-06-05 19:21:00 - [TEST_STEP][PASSED] - click(findTestObject("Object Repository/1612427/03_ChangeName/Page_Town Square - minus Mattermost/span_Save")): Object: 'Object Repository/1612427/03_ChangeName/Page_Town Square - minus Mattermost/span_Save' is clicked on

2020-06-05 19:21:00 - [MESSAGE][PASSED] - Object: 'Object Repository/1612427/03_ChangeName/Page_Town Square - minus Mattermost/span_Save' is clicked on

2020-06-05 19:21:00 - [TEST_STEP][PASSED] - closeBrowser(): Browser is closed

2020-06-05 19:21:01 - [MESSAGE][PASSED] - Browser is closed]]></system-out>
         <system-err><![CDATA[]]></system-err>
      </testcase>
      <testcase name="Test Cases/1612427/03_ChangeName" time="18.873" classname="Test Cases/1612427/03_ChangeName" status="PASSED">
         <system-out><![CDATA[2020-06-05 19:21:01 - [TEST_CASE][PASSED] - Test Cases/1612427/03_ChangeName: Test Cases/1612427/03_ChangeName

2020-06-05 19:21:01 - [TEST_STEP][PASSED] - openBrowser(""): Browser is opened with url: ''

2020-06-05 19:21:01 - [MESSAGE][INFO] - Starting 'Chrome' driver

2020-06-05 19:21:01 - [MESSAGE][INFO] - Action delay is set to 0 milliseconds

2020-06-05 19:21:05 - [MESSAGE][PASSED] - Browser is opened with url: ''

2020-06-05 19:21:05 - [TEST_STEP][PASSED] - navigateToUrl("http://localhost:8065/login"): Navigate to 'http://localhost:8065/login' successfully

2020-06-05 19:21:07 - [MESSAGE][PASSED] - Navigate to 'http://localhost:8065/login' successfully

2020-06-05 19:21:07 - [TEST_STEP][PASSED] - setText(findTestObject("Object Repository/1612427/02_ChangePassword/Page_Mattermost/input_All team communication in one place s_703ef5"), "hcmus-cdnc"): Text 'hcmus-cdnc' is set on object 'Object Repository/1612427/02_ChangePassword/Page_Mattermost/input_All team communication in one place s_703ef5'

2020-06-05 19:21:09 - [MESSAGE][PASSED] - Text 'hcmus-cdnc' is set on object 'Object Repository/1612427/02_ChangePassword/Page_Mattermost/input_All team communication in one place s_703ef5'

2020-06-05 19:21:09 - [TEST_STEP][PASSED] - setEncryptedText(findTestObject("Object Repository/1612427/02_ChangePassword/Page_Mattermost/input_All team communication in one place s_2f2733"), "aeHFOx8jV/A="): Text ****** has been set on object 'Object Repository/1612427/02_ChangePassword/Page_Mattermost/input_All team communication in one place s_2f2733'

2020-06-05 19:21:10 - [MESSAGE][PASSED] - Text ****** has been set on object 'Object Repository/1612427/02_ChangePassword/Page_Mattermost/input_All team communication in one place s_2f2733'

2020-06-05 19:21:10 - [TEST_STEP][PASSED] - click(findTestObject("Object Repository/1612427/02_ChangePassword/Page_Mattermost/span_Sign in")): Object: 'Object Repository/1612427/02_ChangePassword/Page_Mattermost/span_Sign in' is clicked on

2020-06-05 19:21:10 - [MESSAGE][PASSED] - Object: 'Object Repository/1612427/02_ChangePassword/Page_Mattermost/span_Sign in' is clicked on

2020-06-05 19:21:10 - [TEST_STEP][PASSED] - click(findTestObject("Object Repository/1612427/02_ChangePassword/Page_Town Square - minus Mattermost/span")): Object: 'Object Repository/1612427/02_ChangePassword/Page_Town Square - minus Mattermost/span' is clicked on

2020-06-05 19:21:14 - [MESSAGE][PASSED] - Object: 'Object Repository/1612427/02_ChangePassword/Page_Town Square - minus Mattermost/span' is clicked on

2020-06-05 19:21:14 - [TEST_STEP][PASSED] - click(findTestObject("Object Repository/1612427/02_ChangePassword/Page_Town Square - minus Mattermost/span_Account Settings")): Object: 'Object Repository/1612427/02_ChangePassword/Page_Town Square - minus Mattermost/span_Account Settings' is clicked on

2020-06-05 19:21:15 - [MESSAGE][PASSED] - Object: 'Object Repository/1612427/02_ChangePassword/Page_Town Square - minus Mattermost/span_Account Settings' is clicked on

2020-06-05 19:21:15 - [TEST_STEP][PASSED] - click(findTestObject("Object Repository/1612427/03_ChangeName/Page_Town Square - minus Mattermost/span_Edit")): Object: 'Object Repository/1612427/03_ChangeName/Page_Town Square - minus Mattermost/span_Edit' is clicked on

2020-06-05 19:21:16 - [MESSAGE][PASSED] - Object: 'Object Repository/1612427/03_ChangeName/Page_Town Square - minus Mattermost/span_Edit' is clicked on

2020-06-05 19:21:16 - [TEST_STEP][PASSED] - click(findTestObject("Object Repository/1612427/03_ChangeName/Page_Town Square - minus Mattermost/div_First Name")): Object: 'Object Repository/1612427/03_ChangeName/Page_Town Square - minus Mattermost/div_First Name' is clicked on

2020-06-05 19:21:16 - [MESSAGE][PASSED] - Object: 'Object Repository/1612427/03_ChangeName/Page_Town Square - minus Mattermost/div_First Name' is clicked on

2020-06-05 19:21:16 - [TEST_STEP][PASSED] - setText(findTestObject("Object Repository/1612427/03_ChangeName/Page_Town Square - minus Mattermost/input_First Name_firstName"), firstname): Text 'Lê' is set on object 'Object Repository/1612427/03_ChangeName/Page_Town Square - minus Mattermost/input_First Name_firstName'

2020-06-05 19:21:17 - [MESSAGE][PASSED] - Text 'Lê' is set on object 'Object Repository/1612427/03_ChangeName/Page_Town Square - minus Mattermost/input_First Name_firstName'

2020-06-05 19:21:17 - [TEST_STEP][PASSED] - click(findTestObject("Object Repository/1612427/03_ChangeName/Page_Town Square - minus Mattermost/div_Last Name")): Object: 'Object Repository/1612427/03_ChangeName/Page_Town Square - minus Mattermost/div_Last Name' is clicked on

2020-06-05 19:21:18 - [MESSAGE][PASSED] - Object: 'Object Repository/1612427/03_ChangeName/Page_Town Square - minus Mattermost/div_Last Name' is clicked on

2020-06-05 19:21:18 - [TEST_STEP][PASSED] - setText(findTestObject("Object Repository/1612427/03_ChangeName/Page_Town Square - minus Mattermost/input_Last Name_lastName"), lastname): Text 'Đức Truyền' is set on object 'Object Repository/1612427/03_ChangeName/Page_Town Square - minus Mattermost/input_Last Name_lastName'

2020-06-05 19:21:19 - [MESSAGE][PASSED] - Text 'Đức Truyền' is set on object 'Object Repository/1612427/03_ChangeName/Page_Town Square - minus Mattermost/input_Last Name_lastName'

2020-06-05 19:21:19 - [TEST_STEP][PASSED] - click(findTestObject("Object Repository/1612427/03_ChangeName/Page_Town Square - minus Mattermost/span_Save")): Object: 'Object Repository/1612427/03_ChangeName/Page_Town Square - minus Mattermost/span_Save' is clicked on

2020-06-05 19:21:19 - [MESSAGE][PASSED] - Object: 'Object Repository/1612427/03_ChangeName/Page_Town Square - minus Mattermost/span_Save' is clicked on

2020-06-05 19:21:19 - [TEST_STEP][PASSED] - closeBrowser(): Browser is closed

2020-06-05 19:21:20 - [MESSAGE][PASSED] - Browser is closed]]></system-out>
         <system-err><![CDATA[]]></system-err>
      </testcase>
      <testcase name="Test Cases/1612427/03_ChangeName" time="18.171" classname="Test Cases/1612427/03_ChangeName" status="PASSED">
         <system-out><![CDATA[2020-06-05 19:21:20 - [TEST_CASE][PASSED] - Test Cases/1612427/03_ChangeName: Test Cases/1612427/03_ChangeName

2020-06-05 19:21:20 - [TEST_STEP][PASSED] - openBrowser(""): Browser is opened with url: ''

2020-06-05 19:21:20 - [MESSAGE][INFO] - Starting 'Chrome' driver

2020-06-05 19:21:20 - [MESSAGE][INFO] - Action delay is set to 0 milliseconds

2020-06-05 19:21:24 - [MESSAGE][PASSED] - Browser is opened with url: ''

2020-06-05 19:21:24 - [TEST_STEP][PASSED] - navigateToUrl("http://localhost:8065/login"): Navigate to 'http://localhost:8065/login' successfully

2020-06-05 19:21:25 - [MESSAGE][PASSED] - Navigate to 'http://localhost:8065/login' successfully

2020-06-05 19:21:25 - [TEST_STEP][PASSED] - setText(findTestObject("Object Repository/1612427/02_ChangePassword/Page_Mattermost/input_All team communication in one place s_703ef5"), "hcmus-cdnc"): Text 'hcmus-cdnc' is set on object 'Object Repository/1612427/02_ChangePassword/Page_Mattermost/input_All team communication in one place s_703ef5'

2020-06-05 19:21:27 - [MESSAGE][PASSED] - Text 'hcmus-cdnc' is set on object 'Object Repository/1612427/02_ChangePassword/Page_Mattermost/input_All team communication in one place s_703ef5'

2020-06-05 19:21:27 - [TEST_STEP][PASSED] - setEncryptedText(findTestObject("Object Repository/1612427/02_ChangePassword/Page_Mattermost/input_All team communication in one place s_2f2733"), "aeHFOx8jV/A="): Text ****** has been set on object 'Object Repository/1612427/02_ChangePassword/Page_Mattermost/input_All team communication in one place s_2f2733'

2020-06-05 19:21:27 - [MESSAGE][PASSED] - Text ****** has been set on object 'Object Repository/1612427/02_ChangePassword/Page_Mattermost/input_All team communication in one place s_2f2733'

2020-06-05 19:21:27 - [TEST_STEP][PASSED] - click(findTestObject("Object Repository/1612427/02_ChangePassword/Page_Mattermost/span_Sign in")): Object: 'Object Repository/1612427/02_ChangePassword/Page_Mattermost/span_Sign in' is clicked on

2020-06-05 19:21:28 - [MESSAGE][PASSED] - Object: 'Object Repository/1612427/02_ChangePassword/Page_Mattermost/span_Sign in' is clicked on

2020-06-05 19:21:28 - [TEST_STEP][PASSED] - click(findTestObject("Object Repository/1612427/02_ChangePassword/Page_Town Square - minus Mattermost/span")): Object: 'Object Repository/1612427/02_ChangePassword/Page_Town Square - minus Mattermost/span' is clicked on

2020-06-05 19:21:32 - [MESSAGE][PASSED] - Object: 'Object Repository/1612427/02_ChangePassword/Page_Town Square - minus Mattermost/span' is clicked on

2020-06-05 19:21:32 - [TEST_STEP][PASSED] - click(findTestObject("Object Repository/1612427/02_ChangePassword/Page_Town Square - minus Mattermost/span_Account Settings")): Object: 'Object Repository/1612427/02_ChangePassword/Page_Town Square - minus Mattermost/span_Account Settings' is clicked on

2020-06-05 19:21:33 - [MESSAGE][PASSED] - Object: 'Object Repository/1612427/02_ChangePassword/Page_Town Square - minus Mattermost/span_Account Settings' is clicked on

2020-06-05 19:21:33 - [TEST_STEP][PASSED] - click(findTestObject("Object Repository/1612427/03_ChangeName/Page_Town Square - minus Mattermost/span_Edit")): Object: 'Object Repository/1612427/03_ChangeName/Page_Town Square - minus Mattermost/span_Edit' is clicked on

2020-06-05 19:21:34 - [MESSAGE][PASSED] - Object: 'Object Repository/1612427/03_ChangeName/Page_Town Square - minus Mattermost/span_Edit' is clicked on

2020-06-05 19:21:34 - [TEST_STEP][PASSED] - click(findTestObject("Object Repository/1612427/03_ChangeName/Page_Town Square - minus Mattermost/div_First Name")): Object: 'Object Repository/1612427/03_ChangeName/Page_Town Square - minus Mattermost/div_First Name' is clicked on

2020-06-05 19:21:34 - [MESSAGE][PASSED] - Object: 'Object Repository/1612427/03_ChangeName/Page_Town Square - minus Mattermost/div_First Name' is clicked on

2020-06-05 19:21:34 - [TEST_STEP][PASSED] - setText(findTestObject("Object Repository/1612427/03_ChangeName/Page_Town Square - minus Mattermost/input_First Name_firstName"), firstname): Text 'Trương' is set on object 'Object Repository/1612427/03_ChangeName/Page_Town Square - minus Mattermost/input_First Name_firstName'

2020-06-05 19:21:35 - [MESSAGE][PASSED] - Text 'Trương' is set on object 'Object Repository/1612427/03_ChangeName/Page_Town Square - minus Mattermost/input_First Name_firstName'

2020-06-05 19:21:35 - [TEST_STEP][PASSED] - click(findTestObject("Object Repository/1612427/03_ChangeName/Page_Town Square - minus Mattermost/div_Last Name")): Object: 'Object Repository/1612427/03_ChangeName/Page_Town Square - minus Mattermost/div_Last Name' is clicked on

2020-06-05 19:21:36 - [MESSAGE][PASSED] - Object: 'Object Repository/1612427/03_ChangeName/Page_Town Square - minus Mattermost/div_Last Name' is clicked on

2020-06-05 19:21:36 - [TEST_STEP][PASSED] - setText(findTestObject("Object Repository/1612427/03_ChangeName/Page_Town Square - minus Mattermost/input_Last Name_lastName"), lastname): Text 'Quang Lộc' is set on object 'Object Repository/1612427/03_ChangeName/Page_Town Square - minus Mattermost/input_Last Name_lastName'

2020-06-05 19:21:37 - [MESSAGE][PASSED] - Text 'Quang Lộc' is set on object 'Object Repository/1612427/03_ChangeName/Page_Town Square - minus Mattermost/input_Last Name_lastName'

2020-06-05 19:21:37 - [TEST_STEP][PASSED] - click(findTestObject("Object Repository/1612427/03_ChangeName/Page_Town Square - minus Mattermost/span_Save")): Object: 'Object Repository/1612427/03_ChangeName/Page_Town Square - minus Mattermost/span_Save' is clicked on

2020-06-05 19:21:37 - [MESSAGE][PASSED] - Object: 'Object Repository/1612427/03_ChangeName/Page_Town Square - minus Mattermost/span_Save' is clicked on

2020-06-05 19:21:37 - [TEST_STEP][PASSED] - closeBrowser(): Browser is closed

2020-06-05 19:21:38 - [MESSAGE][PASSED] - Browser is closed]]></system-out>
         <system-err><![CDATA[]]></system-err>
      </testcase>
      <testcase name="Test Cases/1612427/04_ChangeNickname" time="18.238" classname="Test Cases/1612427/04_ChangeNickname" status="PASSED">
         <system-out><![CDATA[2020-06-05 19:21:38 - [TEST_CASE][PASSED] - Test Cases/1612427/04_ChangeNickname: Test Cases/1612427/04_ChangeNickname

2020-06-05 19:21:38 - [TEST_STEP][PASSED] - openBrowser(""): Browser is opened with url: ''

2020-06-05 19:21:38 - [MESSAGE][INFO] - Starting 'Chrome' driver

2020-06-05 19:21:38 - [MESSAGE][INFO] - Action delay is set to 0 milliseconds

2020-06-05 19:21:42 - [MESSAGE][PASSED] - Browser is opened with url: ''

2020-06-05 19:21:42 - [TEST_STEP][PASSED] - navigateToUrl("http://localhost:8065/login"): Navigate to 'http://localhost:8065/login' successfully

2020-06-05 19:21:44 - [MESSAGE][PASSED] - Navigate to 'http://localhost:8065/login' successfully

2020-06-05 19:21:44 - [TEST_STEP][PASSED] - setText(findTestObject("Object Repository/1612427/02_ChangePassword/Page_Mattermost/input_All team communication in one place s_703ef5"), "hcmus-cdnc"): Text 'hcmus-cdnc' is set on object 'Object Repository/1612427/02_ChangePassword/Page_Mattermost/input_All team communication in one place s_703ef5'

2020-06-05 19:21:46 - [MESSAGE][PASSED] - Text 'hcmus-cdnc' is set on object 'Object Repository/1612427/02_ChangePassword/Page_Mattermost/input_All team communication in one place s_703ef5'

2020-06-05 19:21:46 - [TEST_STEP][PASSED] - setEncryptedText(findTestObject("Object Repository/1612427/02_ChangePassword/Page_Mattermost/input_All team communication in one place s_2f2733"), "aeHFOx8jV/A="): Text ****** has been set on object 'Object Repository/1612427/02_ChangePassword/Page_Mattermost/input_All team communication in one place s_2f2733'

2020-06-05 19:21:47 - [MESSAGE][PASSED] - Text ****** has been set on object 'Object Repository/1612427/02_ChangePassword/Page_Mattermost/input_All team communication in one place s_2f2733'

2020-06-05 19:21:47 - [TEST_STEP][PASSED] - click(findTestObject("Object Repository/1612427/02_ChangePassword/Page_Mattermost/span_Sign in")): Object: 'Object Repository/1612427/02_ChangePassword/Page_Mattermost/span_Sign in' is clicked on

2020-06-05 19:21:47 - [MESSAGE][PASSED] - Object: 'Object Repository/1612427/02_ChangePassword/Page_Mattermost/span_Sign in' is clicked on

2020-06-05 19:21:47 - [TEST_STEP][PASSED] - click(findTestObject("Object Repository/1612427/02_ChangePassword/Page_Town Square - minus Mattermost/span")): Object: 'Object Repository/1612427/02_ChangePassword/Page_Town Square - minus Mattermost/span' is clicked on

2020-06-05 19:21:51 - [MESSAGE][PASSED] - Object: 'Object Repository/1612427/02_ChangePassword/Page_Town Square - minus Mattermost/span' is clicked on

2020-06-05 19:21:51 - [TEST_STEP][PASSED] - click(findTestObject("Object Repository/1612427/02_ChangePassword/Page_Town Square - minus Mattermost/span_Account Settings")): Object: 'Object Repository/1612427/02_ChangePassword/Page_Town Square - minus Mattermost/span_Account Settings' is clicked on

2020-06-05 19:21:52 - [MESSAGE][PASSED] - Object: 'Object Repository/1612427/02_ChangePassword/Page_Town Square - minus Mattermost/span_Account Settings' is clicked on

2020-06-05 19:21:52 - [TEST_STEP][PASSED] - click(findTestObject("Object Repository/1612427/04_ChangeNickname/Page_Town Square - minus Mattermost/span_Edit")): Object: 'Object Repository/1612427/04_ChangeNickname/Page_Town Square - minus Mattermost/span_Edit' is clicked on

2020-06-05 19:21:53 - [MESSAGE][PASSED] - Object: 'Object Repository/1612427/04_ChangeNickname/Page_Town Square - minus Mattermost/span_Edit' is clicked on

2020-06-05 19:21:53 - [TEST_STEP][PASSED] - setText(findTestObject("Object Repository/1612427/04_ChangeNickname/Page_Town Square - minus Mattermost/input_Nickname_nickname"), nickname): Text 'xuanghjem' is set on object 'Object Repository/1612427/04_ChangeNickname/Page_Town Square - minus Mattermost/input_Nickname_nickname'

2020-06-05 19:21:54 - [MESSAGE][PASSED] - Text 'xuanghjem' is set on object 'Object Repository/1612427/04_ChangeNickname/Page_Town Square - minus Mattermost/input_Nickname_nickname'

2020-06-05 19:21:54 - [TEST_STEP][PASSED] - click(findTestObject("Object Repository/1612427/04_ChangeNickname/Page_Town Square - minus Mattermost/span_Save")): Object: 'Object Repository/1612427/04_ChangeNickname/Page_Town Square - minus Mattermost/span_Save' is clicked on

2020-06-05 19:21:56 - [MESSAGE][PASSED] - Object: 'Object Repository/1612427/04_ChangeNickname/Page_Town Square - minus Mattermost/span_Save' is clicked on

2020-06-05 19:21:56 - [TEST_STEP][PASSED] - closeBrowser(): Browser is closed

2020-06-05 19:21:56 - [MESSAGE][PASSED] - Browser is closed]]></system-out>
         <system-err><![CDATA[]]></system-err>
      </testcase>
      <testcase name="Test Cases/1612427/04_ChangeNickname" time="16.733" classname="Test Cases/1612427/04_ChangeNickname" status="PASSED">
         <system-out><![CDATA[2020-06-05 19:21:56 - [TEST_CASE][PASSED] - Test Cases/1612427/04_ChangeNickname: Test Cases/1612427/04_ChangeNickname

2020-06-05 19:21:56 - [TEST_STEP][PASSED] - openBrowser(""): Browser is opened with url: ''

2020-06-05 19:21:56 - [MESSAGE][INFO] - Starting 'Chrome' driver

2020-06-05 19:21:56 - [MESSAGE][INFO] - Action delay is set to 0 milliseconds

2020-06-05 19:22:00 - [MESSAGE][PASSED] - Browser is opened with url: ''

2020-06-05 19:22:00 - [TEST_STEP][PASSED] - navigateToUrl("http://localhost:8065/login"): Navigate to 'http://localhost:8065/login' successfully

2020-06-05 19:22:02 - [MESSAGE][PASSED] - Navigate to 'http://localhost:8065/login' successfully

2020-06-05 19:22:02 - [TEST_STEP][PASSED] - setText(findTestObject("Object Repository/1612427/02_ChangePassword/Page_Mattermost/input_All team communication in one place s_703ef5"), "hcmus-cdnc"): Text 'hcmus-cdnc' is set on object 'Object Repository/1612427/02_ChangePassword/Page_Mattermost/input_All team communication in one place s_703ef5'

2020-06-05 19:22:04 - [MESSAGE][PASSED] - Text 'hcmus-cdnc' is set on object 'Object Repository/1612427/02_ChangePassword/Page_Mattermost/input_All team communication in one place s_703ef5'

2020-06-05 19:22:04 - [TEST_STEP][PASSED] - setEncryptedText(findTestObject("Object Repository/1612427/02_ChangePassword/Page_Mattermost/input_All team communication in one place s_2f2733"), "aeHFOx8jV/A="): Text ****** has been set on object 'Object Repository/1612427/02_ChangePassword/Page_Mattermost/input_All team communication in one place s_2f2733'

2020-06-05 19:22:04 - [MESSAGE][PASSED] - Text ****** has been set on object 'Object Repository/1612427/02_ChangePassword/Page_Mattermost/input_All team communication in one place s_2f2733'

2020-06-05 19:22:04 - [TEST_STEP][PASSED] - click(findTestObject("Object Repository/1612427/02_ChangePassword/Page_Mattermost/span_Sign in")): Object: 'Object Repository/1612427/02_ChangePassword/Page_Mattermost/span_Sign in' is clicked on

2020-06-05 19:22:05 - [MESSAGE][PASSED] - Object: 'Object Repository/1612427/02_ChangePassword/Page_Mattermost/span_Sign in' is clicked on

2020-06-05 19:22:05 - [TEST_STEP][PASSED] - click(findTestObject("Object Repository/1612427/02_ChangePassword/Page_Town Square - minus Mattermost/span")): Object: 'Object Repository/1612427/02_ChangePassword/Page_Town Square - minus Mattermost/span' is clicked on

2020-06-05 19:22:09 - [MESSAGE][PASSED] - Object: 'Object Repository/1612427/02_ChangePassword/Page_Town Square - minus Mattermost/span' is clicked on

2020-06-05 19:22:09 - [TEST_STEP][PASSED] - click(findTestObject("Object Repository/1612427/02_ChangePassword/Page_Town Square - minus Mattermost/span_Account Settings")): Object: 'Object Repository/1612427/02_ChangePassword/Page_Town Square - minus Mattermost/span_Account Settings' is clicked on

2020-06-05 19:22:10 - [MESSAGE][PASSED] - Object: 'Object Repository/1612427/02_ChangePassword/Page_Town Square - minus Mattermost/span_Account Settings' is clicked on

2020-06-05 19:22:10 - [TEST_STEP][PASSED] - click(findTestObject("Object Repository/1612427/04_ChangeNickname/Page_Town Square - minus Mattermost/span_Edit")): Object: 'Object Repository/1612427/04_ChangeNickname/Page_Town Square - minus Mattermost/span_Edit' is clicked on

2020-06-05 19:22:11 - [MESSAGE][PASSED] - Object: 'Object Repository/1612427/04_ChangeNickname/Page_Town Square - minus Mattermost/span_Edit' is clicked on

2020-06-05 19:22:11 - [TEST_STEP][PASSED] - setText(findTestObject("Object Repository/1612427/04_ChangeNickname/Page_Town Square - minus Mattermost/input_Nickname_nickname"), nickname): Text 'minhhien' is set on object 'Object Repository/1612427/04_ChangeNickname/Page_Town Square - minus Mattermost/input_Nickname_nickname'

2020-06-05 19:22:12 - [MESSAGE][PASSED] - Text 'minhhien' is set on object 'Object Repository/1612427/04_ChangeNickname/Page_Town Square - minus Mattermost/input_Nickname_nickname'

2020-06-05 19:22:12 - [TEST_STEP][PASSED] - click(findTestObject("Object Repository/1612427/04_ChangeNickname/Page_Town Square - minus Mattermost/span_Save")): Object: 'Object Repository/1612427/04_ChangeNickname/Page_Town Square - minus Mattermost/span_Save' is clicked on

2020-06-05 19:22:13 - [MESSAGE][PASSED] - Object: 'Object Repository/1612427/04_ChangeNickname/Page_Town Square - minus Mattermost/span_Save' is clicked on

2020-06-05 19:22:13 - [TEST_STEP][PASSED] - closeBrowser(): Browser is closed

2020-06-05 19:22:13 - [MESSAGE][PASSED] - Browser is closed]]></system-out>
         <system-err><![CDATA[]]></system-err>
      </testcase>
      <testcase name="Test Cases/1612427/04_ChangeNickname" time="32.623" classname="Test Cases/1612427/04_ChangeNickname" status="PASSED">
         <system-out><![CDATA[2020-06-05 19:22:13 - [TEST_CASE][PASSED] - Test Cases/1612427/04_ChangeNickname: Test Cases/1612427/04_ChangeNickname

2020-06-05 19:22:13 - [TEST_STEP][PASSED] - openBrowser(""): Browser is opened with url: ''

2020-06-05 19:22:13 - [MESSAGE][INFO] - Starting 'Chrome' driver

2020-06-05 19:22:13 - [MESSAGE][INFO] - Action delay is set to 0 milliseconds

2020-06-05 19:22:17 - [MESSAGE][PASSED] - Browser is opened with url: ''

2020-06-05 19:22:17 - [TEST_STEP][PASSED] - navigateToUrl("http://localhost:8065/login"): Navigate to 'http://localhost:8065/login' successfully

2020-06-05 19:22:18 - [MESSAGE][PASSED] - Navigate to 'http://localhost:8065/login' successfully

2020-06-05 19:22:18 - [TEST_STEP][PASSED] - setText(findTestObject("Object Repository/1612427/02_ChangePassword/Page_Mattermost/input_All team communication in one place s_703ef5"), "hcmus-cdnc"): Text 'hcmus-cdnc' is set on object 'Object Repository/1612427/02_ChangePassword/Page_Mattermost/input_All team communication in one place s_703ef5'

2020-06-05 19:22:26 - [MESSAGE][PASSED] - Text 'hcmus-cdnc' is set on object 'Object Repository/1612427/02_ChangePassword/Page_Mattermost/input_All team communication in one place s_703ef5'

2020-06-05 19:22:26 - [TEST_STEP][PASSED] - setEncryptedText(findTestObject("Object Repository/1612427/02_ChangePassword/Page_Mattermost/input_All team communication in one place s_2f2733"), "aeHFOx8jV/A="): Text ****** has been set on object 'Object Repository/1612427/02_ChangePassword/Page_Mattermost/input_All team communication in one place s_2f2733'

2020-06-05 19:22:27 - [MESSAGE][PASSED] - Text ****** has been set on object 'Object Repository/1612427/02_ChangePassword/Page_Mattermost/input_All team communication in one place s_2f2733'

2020-06-05 19:22:27 - [TEST_STEP][PASSED] - click(findTestObject("Object Repository/1612427/02_ChangePassword/Page_Mattermost/span_Sign in")): Object: 'Object Repository/1612427/02_ChangePassword/Page_Mattermost/span_Sign in' is clicked on

2020-06-05 19:22:36 - [MESSAGE][PASSED] - Object: 'Object Repository/1612427/02_ChangePassword/Page_Mattermost/span_Sign in' is clicked on

2020-06-05 19:22:36 - [TEST_STEP][PASSED] - click(findTestObject("Object Repository/1612427/02_ChangePassword/Page_Town Square - minus Mattermost/span")): Object: 'Object Repository/1612427/02_ChangePassword/Page_Town Square - minus Mattermost/span' is clicked on

2020-06-05 19:22:41 - [MESSAGE][PASSED] - Object: 'Object Repository/1612427/02_ChangePassword/Page_Town Square - minus Mattermost/span' is clicked on

2020-06-05 19:22:41 - [TEST_STEP][PASSED] - click(findTestObject("Object Repository/1612427/02_ChangePassword/Page_Town Square - minus Mattermost/span_Account Settings")): Object: 'Object Repository/1612427/02_ChangePassword/Page_Town Square - minus Mattermost/span_Account Settings' is clicked on

2020-06-05 19:22:43 - [MESSAGE][PASSED] - Object: 'Object Repository/1612427/02_ChangePassword/Page_Town Square - minus Mattermost/span_Account Settings' is clicked on

2020-06-05 19:22:43 - [TEST_STEP][PASSED] - click(findTestObject("Object Repository/1612427/04_ChangeNickname/Page_Town Square - minus Mattermost/span_Edit")): Object: 'Object Repository/1612427/04_ChangeNickname/Page_Town Square - minus Mattermost/span_Edit' is clicked on

2020-06-05 19:22:43 - [MESSAGE][PASSED] - Object: 'Object Repository/1612427/04_ChangeNickname/Page_Town Square - minus Mattermost/span_Edit' is clicked on

2020-06-05 19:22:43 - [TEST_STEP][PASSED] - setText(findTestObject("Object Repository/1612427/04_ChangeNickname/Page_Town Square - minus Mattermost/input_Nickname_nickname"), nickname): Text '&&&&&' is set on object 'Object Repository/1612427/04_ChangeNickname/Page_Town Square - minus Mattermost/input_Nickname_nickname'

2020-06-05 19:22:45 - [MESSAGE][PASSED] - Text '&&&&&' is set on object 'Object Repository/1612427/04_ChangeNickname/Page_Town Square - minus Mattermost/input_Nickname_nickname'

2020-06-05 19:22:45 - [TEST_STEP][PASSED] - click(findTestObject("Object Repository/1612427/04_ChangeNickname/Page_Town Square - minus Mattermost/span_Save")): Object: 'Object Repository/1612427/04_ChangeNickname/Page_Town Square - minus Mattermost/span_Save' is clicked on

2020-06-05 19:22:45 - [MESSAGE][PASSED] - Object: 'Object Repository/1612427/04_ChangeNickname/Page_Town Square - minus Mattermost/span_Save' is clicked on

2020-06-05 19:22:45 - [TEST_STEP][PASSED] - closeBrowser(): Browser is closed

2020-06-05 19:22:46 - [MESSAGE][PASSED] - Browser is closed]]></system-out>
         <system-err><![CDATA[]]></system-err>
      </testcase>
      <testcase name="Test Cases/1612427/04_ChangeNickname" time="16.391" classname="Test Cases/1612427/04_ChangeNickname" status="PASSED">
         <system-out><![CDATA[2020-06-05 19:22:46 - [TEST_CASE][PASSED] - Test Cases/1612427/04_ChangeNickname: Test Cases/1612427/04_ChangeNickname

2020-06-05 19:22:46 - [TEST_STEP][PASSED] - openBrowser(""): Browser is opened with url: ''

2020-06-05 19:22:46 - [MESSAGE][INFO] - Starting 'Chrome' driver

2020-06-05 19:22:46 - [MESSAGE][INFO] - Action delay is set to 0 milliseconds

2020-06-05 19:22:49 - [MESSAGE][PASSED] - Browser is opened with url: ''

2020-06-05 19:22:49 - [TEST_STEP][PASSED] - navigateToUrl("http://localhost:8065/login"): Navigate to 'http://localhost:8065/login' successfully

2020-06-05 19:22:51 - [MESSAGE][PASSED] - Navigate to 'http://localhost:8065/login' successfully

2020-06-05 19:22:51 - [TEST_STEP][PASSED] - setText(findTestObject("Object Repository/1612427/02_ChangePassword/Page_Mattermost/input_All team communication in one place s_703ef5"), "hcmus-cdnc"): Text 'hcmus-cdnc' is set on object 'Object Repository/1612427/02_ChangePassword/Page_Mattermost/input_All team communication in one place s_703ef5'

2020-06-05 19:22:53 - [MESSAGE][PASSED] - Text 'hcmus-cdnc' is set on object 'Object Repository/1612427/02_ChangePassword/Page_Mattermost/input_All team communication in one place s_703ef5'

2020-06-05 19:22:53 - [TEST_STEP][PASSED] - setEncryptedText(findTestObject("Object Repository/1612427/02_ChangePassword/Page_Mattermost/input_All team communication in one place s_2f2733"), "aeHFOx8jV/A="): Text ****** has been set on object 'Object Repository/1612427/02_ChangePassword/Page_Mattermost/input_All team communication in one place s_2f2733'

2020-06-05 19:22:53 - [MESSAGE][PASSED] - Text ****** has been set on object 'Object Repository/1612427/02_ChangePassword/Page_Mattermost/input_All team communication in one place s_2f2733'

2020-06-05 19:22:53 - [TEST_STEP][PASSED] - click(findTestObject("Object Repository/1612427/02_ChangePassword/Page_Mattermost/span_Sign in")): Object: 'Object Repository/1612427/02_ChangePassword/Page_Mattermost/span_Sign in' is clicked on

2020-06-05 19:22:54 - [MESSAGE][PASSED] - Object: 'Object Repository/1612427/02_ChangePassword/Page_Mattermost/span_Sign in' is clicked on

2020-06-05 19:22:54 - [TEST_STEP][PASSED] - click(findTestObject("Object Repository/1612427/02_ChangePassword/Page_Town Square - minus Mattermost/span")): Object: 'Object Repository/1612427/02_ChangePassword/Page_Town Square - minus Mattermost/span' is clicked on

2020-06-05 19:22:58 - [MESSAGE][PASSED] - Object: 'Object Repository/1612427/02_ChangePassword/Page_Town Square - minus Mattermost/span' is clicked on

2020-06-05 19:22:58 - [TEST_STEP][PASSED] - click(findTestObject("Object Repository/1612427/02_ChangePassword/Page_Town Square - minus Mattermost/span_Account Settings")): Object: 'Object Repository/1612427/02_ChangePassword/Page_Town Square - minus Mattermost/span_Account Settings' is clicked on

2020-06-05 19:22:59 - [MESSAGE][PASSED] - Object: 'Object Repository/1612427/02_ChangePassword/Page_Town Square - minus Mattermost/span_Account Settings' is clicked on

2020-06-05 19:22:59 - [TEST_STEP][PASSED] - click(findTestObject("Object Repository/1612427/04_ChangeNickname/Page_Town Square - minus Mattermost/span_Edit")): Object: 'Object Repository/1612427/04_ChangeNickname/Page_Town Square - minus Mattermost/span_Edit' is clicked on

2020-06-05 19:23:00 - [MESSAGE][PASSED] - Object: 'Object Repository/1612427/04_ChangeNickname/Page_Town Square - minus Mattermost/span_Edit' is clicked on

2020-06-05 19:23:00 - [TEST_STEP][PASSED] - setText(findTestObject("Object Repository/1612427/04_ChangeNickname/Page_Town Square - minus Mattermost/input_Nickname_nickname"), nickname): Text 'vanthin' is set on object 'Object Repository/1612427/04_ChangeNickname/Page_Town Square - minus Mattermost/input_Nickname_nickname'

2020-06-05 19:23:01 - [MESSAGE][PASSED] - Text 'vanthin' is set on object 'Object Repository/1612427/04_ChangeNickname/Page_Town Square - minus Mattermost/input_Nickname_nickname'

2020-06-05 19:23:01 - [TEST_STEP][PASSED] - click(findTestObject("Object Repository/1612427/04_ChangeNickname/Page_Town Square - minus Mattermost/span_Save")): Object: 'Object Repository/1612427/04_ChangeNickname/Page_Town Square - minus Mattermost/span_Save' is clicked on

2020-06-05 19:23:01 - [MESSAGE][PASSED] - Object: 'Object Repository/1612427/04_ChangeNickname/Page_Town Square - minus Mattermost/span_Save' is clicked on

2020-06-05 19:23:01 - [TEST_STEP][PASSED] - closeBrowser(): Browser is closed

2020-06-05 19:23:02 - [MESSAGE][PASSED] - Browser is closed]]></system-out>
         <system-err><![CDATA[]]></system-err>
      </testcase>
      <testcase name="Test Cases/1612427/04_ChangeNickname" time="16.062" classname="Test Cases/1612427/04_ChangeNickname" status="PASSED">
         <system-out><![CDATA[2020-06-05 19:23:02 - [TEST_CASE][PASSED] - Test Cases/1612427/04_ChangeNickname: Test Cases/1612427/04_ChangeNickname

2020-06-05 19:23:02 - [TEST_STEP][PASSED] - openBrowser(""): Browser is opened with url: ''

2020-06-05 19:23:02 - [MESSAGE][INFO] - Starting 'Chrome' driver

2020-06-05 19:23:02 - [MESSAGE][INFO] - Action delay is set to 0 milliseconds

2020-06-05 19:23:06 - [MESSAGE][PASSED] - Browser is opened with url: ''

2020-06-05 19:23:06 - [TEST_STEP][PASSED] - navigateToUrl("http://localhost:8065/login"): Navigate to 'http://localhost:8065/login' successfully

2020-06-05 19:23:07 - [MESSAGE][PASSED] - Navigate to 'http://localhost:8065/login' successfully

2020-06-05 19:23:07 - [TEST_STEP][PASSED] - setText(findTestObject("Object Repository/1612427/02_ChangePassword/Page_Mattermost/input_All team communication in one place s_703ef5"), "hcmus-cdnc"): Text 'hcmus-cdnc' is set on object 'Object Repository/1612427/02_ChangePassword/Page_Mattermost/input_All team communication in one place s_703ef5'

2020-06-05 19:23:09 - [MESSAGE][PASSED] - Text 'hcmus-cdnc' is set on object 'Object Repository/1612427/02_ChangePassword/Page_Mattermost/input_All team communication in one place s_703ef5'

2020-06-05 19:23:09 - [TEST_STEP][PASSED] - setEncryptedText(findTestObject("Object Repository/1612427/02_ChangePassword/Page_Mattermost/input_All team communication in one place s_2f2733"), "aeHFOx8jV/A="): Text ****** has been set on object 'Object Repository/1612427/02_ChangePassword/Page_Mattermost/input_All team communication in one place s_2f2733'

2020-06-05 19:23:10 - [MESSAGE][PASSED] - Text ****** has been set on object 'Object Repository/1612427/02_ChangePassword/Page_Mattermost/input_All team communication in one place s_2f2733'

2020-06-05 19:23:10 - [TEST_STEP][PASSED] - click(findTestObject("Object Repository/1612427/02_ChangePassword/Page_Mattermost/span_Sign in")): Object: 'Object Repository/1612427/02_ChangePassword/Page_Mattermost/span_Sign in' is clicked on

2020-06-05 19:23:10 - [MESSAGE][PASSED] - Object: 'Object Repository/1612427/02_ChangePassword/Page_Mattermost/span_Sign in' is clicked on

2020-06-05 19:23:10 - [TEST_STEP][PASSED] - click(findTestObject("Object Repository/1612427/02_ChangePassword/Page_Town Square - minus Mattermost/span")): Object: 'Object Repository/1612427/02_ChangePassword/Page_Town Square - minus Mattermost/span' is clicked on

2020-06-05 19:23:14 - [MESSAGE][PASSED] - Object: 'Object Repository/1612427/02_ChangePassword/Page_Town Square - minus Mattermost/span' is clicked on

2020-06-05 19:23:14 - [TEST_STEP][PASSED] - click(findTestObject("Object Repository/1612427/02_ChangePassword/Page_Town Square - minus Mattermost/span_Account Settings")): Object: 'Object Repository/1612427/02_ChangePassword/Page_Town Square - minus Mattermost/span_Account Settings' is clicked on

2020-06-05 19:23:15 - [MESSAGE][PASSED] - Object: 'Object Repository/1612427/02_ChangePassword/Page_Town Square - minus Mattermost/span_Account Settings' is clicked on

2020-06-05 19:23:15 - [TEST_STEP][PASSED] - click(findTestObject("Object Repository/1612427/04_ChangeNickname/Page_Town Square - minus Mattermost/span_Edit")): Object: 'Object Repository/1612427/04_ChangeNickname/Page_Town Square - minus Mattermost/span_Edit' is clicked on

2020-06-05 19:23:16 - [MESSAGE][PASSED] - Object: 'Object Repository/1612427/04_ChangeNickname/Page_Town Square - minus Mattermost/span_Edit' is clicked on

2020-06-05 19:23:16 - [TEST_STEP][PASSED] - setText(findTestObject("Object Repository/1612427/04_ChangeNickname/Page_Town Square - minus Mattermost/input_Nickname_nickname"), nickname): Text '******' is set on object 'Object Repository/1612427/04_ChangeNickname/Page_Town Square - minus Mattermost/input_Nickname_nickname'

2020-06-05 19:23:17 - [MESSAGE][PASSED] - Text '******' is set on object 'Object Repository/1612427/04_ChangeNickname/Page_Town Square - minus Mattermost/input_Nickname_nickname'

2020-06-05 19:23:17 - [TEST_STEP][PASSED] - click(findTestObject("Object Repository/1612427/04_ChangeNickname/Page_Town Square - minus Mattermost/span_Save")): Object: 'Object Repository/1612427/04_ChangeNickname/Page_Town Square - minus Mattermost/span_Save' is clicked on

2020-06-05 19:23:18 - [MESSAGE][PASSED] - Object: 'Object Repository/1612427/04_ChangeNickname/Page_Town Square - minus Mattermost/span_Save' is clicked on

2020-06-05 19:23:18 - [TEST_STEP][PASSED] - closeBrowser(): Browser is closed

2020-06-05 19:23:18 - [MESSAGE][PASSED] - Browser is closed]]></system-out>
         <system-err><![CDATA[]]></system-err>
      </testcase>
      <testcase name="Test Cases/1612427/05_ChangePosition" time="16.378" classname="Test Cases/1612427/05_ChangePosition" status="PASSED">
         <system-out><![CDATA[2020-06-05 19:23:18 - [TEST_CASE][PASSED] - Test Cases/1612427/05_ChangePosition: Test Cases/1612427/05_ChangePosition

2020-06-05 19:23:19 - [TEST_STEP][PASSED] - openBrowser(""): Browser is opened with url: ''

2020-06-05 19:23:19 - [MESSAGE][INFO] - Starting 'Chrome' driver

2020-06-05 19:23:19 - [MESSAGE][INFO] - Action delay is set to 0 milliseconds

2020-06-05 19:23:22 - [MESSAGE][PASSED] - Browser is opened with url: ''

2020-06-05 19:23:22 - [TEST_STEP][PASSED] - navigateToUrl("http://localhost:8065/login"): Navigate to 'http://localhost:8065/login' successfully

2020-06-05 19:23:23 - [MESSAGE][PASSED] - Navigate to 'http://localhost:8065/login' successfully

2020-06-05 19:23:23 - [TEST_STEP][PASSED] - setText(findTestObject("Object Repository/1612427/05_ChangePosition/Page_Mattermost/input_All team communication in one place s_703ef5"), "hcmus-cdnc"): Text 'hcmus-cdnc' is set on object 'Object Repository/1612427/05_ChangePosition/Page_Mattermost/input_All team communication in one place s_703ef5'

2020-06-05 19:23:25 - [MESSAGE][PASSED] - Text 'hcmus-cdnc' is set on object 'Object Repository/1612427/05_ChangePosition/Page_Mattermost/input_All team communication in one place s_703ef5'

2020-06-05 19:23:25 - [TEST_STEP][PASSED] - setEncryptedText(findTestObject("Object Repository/1612427/05_ChangePosition/Page_Mattermost/input_All team communication in one place s_2f2733"), "aeHFOx8jV/A="): Text ****** has been set on object 'Object Repository/1612427/05_ChangePosition/Page_Mattermost/input_All team communication in one place s_2f2733'

2020-06-05 19:23:26 - [MESSAGE][PASSED] - Text ****** has been set on object 'Object Repository/1612427/05_ChangePosition/Page_Mattermost/input_All team communication in one place s_2f2733'

2020-06-05 19:23:26 - [TEST_STEP][PASSED] - click(findTestObject("Object Repository/1612427/05_ChangePosition/Page_Mattermost/button_Sign in")): Object: 'Object Repository/1612427/05_ChangePosition/Page_Mattermost/button_Sign in' is clicked on

2020-06-05 19:23:27 - [MESSAGE][PASSED] - Object: 'Object Repository/1612427/05_ChangePosition/Page_Mattermost/button_Sign in' is clicked on

2020-06-05 19:23:27 - [TEST_STEP][PASSED] - click(findTestObject("Object Repository/1612427/05_ChangePosition/Page_Town Square - minus Mattermost/button_hcmus-cdnc_style--none sidebar-heade_0f8da4")): Object: 'Object Repository/1612427/05_ChangePosition/Page_Town Square - minus Mattermost/button_hcmus-cdnc_style--none sidebar-heade_0f8da4' is clicked on

2020-06-05 19:23:30 - [MESSAGE][PASSED] - Object: 'Object Repository/1612427/05_ChangePosition/Page_Town Square - minus Mattermost/button_hcmus-cdnc_style--none sidebar-heade_0f8da4' is clicked on

2020-06-05 19:23:30 - [TEST_STEP][PASSED] - click(findTestObject("Object Repository/1612427/05_ChangePosition/Page_Town Square - minus Mattermost/span_Account Settings")): Object: 'Object Repository/1612427/05_ChangePosition/Page_Town Square - minus Mattermost/span_Account Settings' is clicked on

2020-06-05 19:23:31 - [MESSAGE][PASSED] - Object: 'Object Repository/1612427/05_ChangePosition/Page_Town Square - minus Mattermost/span_Account Settings' is clicked on

2020-06-05 19:23:31 - [TEST_STEP][PASSED] - click(findTestObject("Object Repository/1612427/05_ChangePosition/Page_Town Square - minus Mattermost/span_Edit")): Object: 'Object Repository/1612427/05_ChangePosition/Page_Town Square - minus Mattermost/span_Edit' is clicked on

2020-06-05 19:23:32 - [MESSAGE][PASSED] - Object: 'Object Repository/1612427/05_ChangePosition/Page_Town Square - minus Mattermost/span_Edit' is clicked on

2020-06-05 19:23:32 - [TEST_STEP][PASSED] - setText(findTestObject("Object Repository/1612427/05_ChangePosition/Page_Town Square - minus Mattermost/input_Position_position"), position): Text 'developer' is set on object 'Object Repository/1612427/05_ChangePosition/Page_Town Square - minus Mattermost/input_Position_position'

2020-06-05 19:23:33 - [MESSAGE][PASSED] - Text 'developer' is set on object 'Object Repository/1612427/05_ChangePosition/Page_Town Square - minus Mattermost/input_Position_position'

2020-06-05 19:23:33 - [TEST_STEP][PASSED] - click(findTestObject("Object Repository/1612427/05_ChangePosition/Page_Town Square - minus Mattermost/span_Save")): Object: 'Object Repository/1612427/05_ChangePosition/Page_Town Square - minus Mattermost/span_Save' is clicked on

2020-06-05 19:23:34 - [MESSAGE][PASSED] - Object: 'Object Repository/1612427/05_ChangePosition/Page_Town Square - minus Mattermost/span_Save' is clicked on

2020-06-05 19:23:34 - [TEST_STEP][PASSED] - closeBrowser(): Browser is closed

2020-06-05 19:23:35 - [MESSAGE][PASSED] - Browser is closed]]></system-out>
         <system-err><![CDATA[]]></system-err>
      </testcase>
      <testcase name="Test Cases/1612427/05_ChangePosition" time="16.095" classname="Test Cases/1612427/05_ChangePosition" status="PASSED">
         <system-out><![CDATA[2020-06-05 19:23:35 - [TEST_CASE][PASSED] - Test Cases/1612427/05_ChangePosition: Test Cases/1612427/05_ChangePosition

2020-06-05 19:23:35 - [TEST_STEP][PASSED] - openBrowser(""): Browser is opened with url: ''

2020-06-05 19:23:35 - [MESSAGE][INFO] - Starting 'Chrome' driver

2020-06-05 19:23:35 - [MESSAGE][INFO] - Action delay is set to 0 milliseconds

2020-06-05 19:23:38 - [MESSAGE][PASSED] - Browser is opened with url: ''

2020-06-05 19:23:38 - [TEST_STEP][PASSED] - navigateToUrl("http://localhost:8065/login"): Navigate to 'http://localhost:8065/login' successfully

2020-06-05 19:23:40 - [MESSAGE][PASSED] - Navigate to 'http://localhost:8065/login' successfully

2020-06-05 19:23:40 - [TEST_STEP][PASSED] - setText(findTestObject("Object Repository/1612427/05_ChangePosition/Page_Mattermost/input_All team communication in one place s_703ef5"), "hcmus-cdnc"): Text 'hcmus-cdnc' is set on object 'Object Repository/1612427/05_ChangePosition/Page_Mattermost/input_All team communication in one place s_703ef5'

2020-06-05 19:23:41 - [MESSAGE][PASSED] - Text 'hcmus-cdnc' is set on object 'Object Repository/1612427/05_ChangePosition/Page_Mattermost/input_All team communication in one place s_703ef5'

2020-06-05 19:23:41 - [TEST_STEP][PASSED] - setEncryptedText(findTestObject("Object Repository/1612427/05_ChangePosition/Page_Mattermost/input_All team communication in one place s_2f2733"), "aeHFOx8jV/A="): Text ****** has been set on object 'Object Repository/1612427/05_ChangePosition/Page_Mattermost/input_All team communication in one place s_2f2733'

2020-06-05 19:23:42 - [MESSAGE][PASSED] - Text ****** has been set on object 'Object Repository/1612427/05_ChangePosition/Page_Mattermost/input_All team communication in one place s_2f2733'

2020-06-05 19:23:42 - [TEST_STEP][PASSED] - click(findTestObject("Object Repository/1612427/05_ChangePosition/Page_Mattermost/button_Sign in")): Object: 'Object Repository/1612427/05_ChangePosition/Page_Mattermost/button_Sign in' is clicked on

2020-06-05 19:23:43 - [MESSAGE][PASSED] - Object: 'Object Repository/1612427/05_ChangePosition/Page_Mattermost/button_Sign in' is clicked on

2020-06-05 19:23:43 - [TEST_STEP][PASSED] - click(findTestObject("Object Repository/1612427/05_ChangePosition/Page_Town Square - minus Mattermost/button_hcmus-cdnc_style--none sidebar-heade_0f8da4")): Object: 'Object Repository/1612427/05_ChangePosition/Page_Town Square - minus Mattermost/button_hcmus-cdnc_style--none sidebar-heade_0f8da4' is clicked on

2020-06-05 19:23:47 - [MESSAGE][PASSED] - Object: 'Object Repository/1612427/05_ChangePosition/Page_Town Square - minus Mattermost/button_hcmus-cdnc_style--none sidebar-heade_0f8da4' is clicked on

2020-06-05 19:23:47 - [TEST_STEP][PASSED] - click(findTestObject("Object Repository/1612427/05_ChangePosition/Page_Town Square - minus Mattermost/span_Account Settings")): Object: 'Object Repository/1612427/05_ChangePosition/Page_Town Square - minus Mattermost/span_Account Settings' is clicked on

2020-06-05 19:23:48 - [MESSAGE][PASSED] - Object: 'Object Repository/1612427/05_ChangePosition/Page_Town Square - minus Mattermost/span_Account Settings' is clicked on

2020-06-05 19:23:48 - [TEST_STEP][PASSED] - click(findTestObject("Object Repository/1612427/05_ChangePosition/Page_Town Square - minus Mattermost/span_Edit")): Object: 'Object Repository/1612427/05_ChangePosition/Page_Town Square - minus Mattermost/span_Edit' is clicked on

2020-06-05 19:23:49 - [MESSAGE][PASSED] - Object: 'Object Repository/1612427/05_ChangePosition/Page_Town Square - minus Mattermost/span_Edit' is clicked on

2020-06-05 19:23:49 - [TEST_STEP][PASSED] - setText(findTestObject("Object Repository/1612427/05_ChangePosition/Page_Town Square - minus Mattermost/input_Position_position"), position): Text '0' is set on object 'Object Repository/1612427/05_ChangePosition/Page_Town Square - minus Mattermost/input_Position_position'

2020-06-05 19:23:49 - [MESSAGE][PASSED] - Text '0' is set on object 'Object Repository/1612427/05_ChangePosition/Page_Town Square - minus Mattermost/input_Position_position'

2020-06-05 19:23:49 - [TEST_STEP][PASSED] - click(findTestObject("Object Repository/1612427/05_ChangePosition/Page_Town Square - minus Mattermost/span_Save")): Object: 'Object Repository/1612427/05_ChangePosition/Page_Town Square - minus Mattermost/span_Save' is clicked on

2020-06-05 19:23:50 - [MESSAGE][PASSED] - Object: 'Object Repository/1612427/05_ChangePosition/Page_Town Square - minus Mattermost/span_Save' is clicked on

2020-06-05 19:23:50 - [TEST_STEP][PASSED] - closeBrowser(): Browser is closed

2020-06-05 19:23:51 - [MESSAGE][PASSED] - Browser is closed]]></system-out>
         <system-err><![CDATA[]]></system-err>
      </testcase>
      <testcase name="Test Cases/1612427/05_ChangePosition" time="15.597" classname="Test Cases/1612427/05_ChangePosition" status="PASSED">
         <system-out><![CDATA[2020-06-05 19:23:51 - [TEST_CASE][PASSED] - Test Cases/1612427/05_ChangePosition: Test Cases/1612427/05_ChangePosition

2020-06-05 19:23:51 - [TEST_STEP][PASSED] - openBrowser(""): Browser is opened with url: ''

2020-06-05 19:23:51 - [MESSAGE][INFO] - Starting 'Chrome' driver

2020-06-05 19:23:51 - [MESSAGE][INFO] - Action delay is set to 0 milliseconds

2020-06-05 19:23:54 - [MESSAGE][PASSED] - Browser is opened with url: ''

2020-06-05 19:23:54 - [TEST_STEP][PASSED] - navigateToUrl("http://localhost:8065/login"): Navigate to 'http://localhost:8065/login' successfully

2020-06-05 19:23:56 - [MESSAGE][PASSED] - Navigate to 'http://localhost:8065/login' successfully

2020-06-05 19:23:56 - [TEST_STEP][PASSED] - setText(findTestObject("Object Repository/1612427/05_ChangePosition/Page_Mattermost/input_All team communication in one place s_703ef5"), "hcmus-cdnc"): Text 'hcmus-cdnc' is set on object 'Object Repository/1612427/05_ChangePosition/Page_Mattermost/input_All team communication in one place s_703ef5'

2020-06-05 19:23:58 - [MESSAGE][PASSED] - Text 'hcmus-cdnc' is set on object 'Object Repository/1612427/05_ChangePosition/Page_Mattermost/input_All team communication in one place s_703ef5'

2020-06-05 19:23:58 - [TEST_STEP][PASSED] - setEncryptedText(findTestObject("Object Repository/1612427/05_ChangePosition/Page_Mattermost/input_All team communication in one place s_2f2733"), "aeHFOx8jV/A="): Text ****** has been set on object 'Object Repository/1612427/05_ChangePosition/Page_Mattermost/input_All team communication in one place s_2f2733'

2020-06-05 19:23:58 - [MESSAGE][PASSED] - Text ****** has been set on object 'Object Repository/1612427/05_ChangePosition/Page_Mattermost/input_All team communication in one place s_2f2733'

2020-06-05 19:23:58 - [TEST_STEP][PASSED] - click(findTestObject("Object Repository/1612427/05_ChangePosition/Page_Mattermost/button_Sign in")): Object: 'Object Repository/1612427/05_ChangePosition/Page_Mattermost/button_Sign in' is clicked on

2020-06-05 19:23:59 - [MESSAGE][PASSED] - Object: 'Object Repository/1612427/05_ChangePosition/Page_Mattermost/button_Sign in' is clicked on

2020-06-05 19:23:59 - [TEST_STEP][PASSED] - click(findTestObject("Object Repository/1612427/05_ChangePosition/Page_Town Square - minus Mattermost/button_hcmus-cdnc_style--none sidebar-heade_0f8da4")): Object: 'Object Repository/1612427/05_ChangePosition/Page_Town Square - minus Mattermost/button_hcmus-cdnc_style--none sidebar-heade_0f8da4' is clicked on

2020-06-05 19:24:03 - [MESSAGE][PASSED] - Object: 'Object Repository/1612427/05_ChangePosition/Page_Town Square - minus Mattermost/button_hcmus-cdnc_style--none sidebar-heade_0f8da4' is clicked on

2020-06-05 19:24:03 - [TEST_STEP][PASSED] - click(findTestObject("Object Repository/1612427/05_ChangePosition/Page_Town Square - minus Mattermost/span_Account Settings")): Object: 'Object Repository/1612427/05_ChangePosition/Page_Town Square - minus Mattermost/span_Account Settings' is clicked on

2020-06-05 19:24:04 - [MESSAGE][PASSED] - Object: 'Object Repository/1612427/05_ChangePosition/Page_Town Square - minus Mattermost/span_Account Settings' is clicked on

2020-06-05 19:24:04 - [TEST_STEP][PASSED] - click(findTestObject("Object Repository/1612427/05_ChangePosition/Page_Town Square - minus Mattermost/span_Edit")): Object: 'Object Repository/1612427/05_ChangePosition/Page_Town Square - minus Mattermost/span_Edit' is clicked on

2020-06-05 19:24:04 - [MESSAGE][PASSED] - Object: 'Object Repository/1612427/05_ChangePosition/Page_Town Square - minus Mattermost/span_Edit' is clicked on

2020-06-05 19:24:04 - [TEST_STEP][PASSED] - setText(findTestObject("Object Repository/1612427/05_ChangePosition/Page_Town Square - minus Mattermost/input_Position_position"), position): Text '1' is set on object 'Object Repository/1612427/05_ChangePosition/Page_Town Square - minus Mattermost/input_Position_position'

2020-06-05 19:24:05 - [MESSAGE][PASSED] - Text '1' is set on object 'Object Repository/1612427/05_ChangePosition/Page_Town Square - minus Mattermost/input_Position_position'

2020-06-05 19:24:05 - [TEST_STEP][PASSED] - click(findTestObject("Object Repository/1612427/05_ChangePosition/Page_Town Square - minus Mattermost/span_Save")): Object: 'Object Repository/1612427/05_ChangePosition/Page_Town Square - minus Mattermost/span_Save' is clicked on

2020-06-05 19:24:06 - [MESSAGE][PASSED] - Object: 'Object Repository/1612427/05_ChangePosition/Page_Town Square - minus Mattermost/span_Save' is clicked on

2020-06-05 19:24:06 - [TEST_STEP][PASSED] - closeBrowser(): Browser is closed

2020-06-05 19:24:07 - [MESSAGE][PASSED] - Browser is closed]]></system-out>
         <system-err><![CDATA[]]></system-err>
      </testcase>
      <testcase name="Test Cases/1612427/05_ChangePosition" time="16.596" classname="Test Cases/1612427/05_ChangePosition" status="PASSED">
         <system-out><![CDATA[2020-06-05 19:24:07 - [TEST_CASE][PASSED] - Test Cases/1612427/05_ChangePosition: Test Cases/1612427/05_ChangePosition

2020-06-05 19:24:07 - [TEST_STEP][PASSED] - openBrowser(""): Browser is opened with url: ''

2020-06-05 19:24:07 - [MESSAGE][INFO] - Starting 'Chrome' driver

2020-06-05 19:24:07 - [MESSAGE][INFO] - Action delay is set to 0 milliseconds

2020-06-05 19:24:10 - [MESSAGE][PASSED] - Browser is opened with url: ''

2020-06-05 19:24:10 - [TEST_STEP][PASSED] - navigateToUrl("http://localhost:8065/login"): Navigate to 'http://localhost:8065/login' successfully

2020-06-05 19:24:12 - [MESSAGE][PASSED] - Navigate to 'http://localhost:8065/login' successfully

2020-06-05 19:24:12 - [TEST_STEP][PASSED] - setText(findTestObject("Object Repository/1612427/05_ChangePosition/Page_Mattermost/input_All team communication in one place s_703ef5"), "hcmus-cdnc"): Text 'hcmus-cdnc' is set on object 'Object Repository/1612427/05_ChangePosition/Page_Mattermost/input_All team communication in one place s_703ef5'

2020-06-05 19:24:14 - [MESSAGE][PASSED] - Text 'hcmus-cdnc' is set on object 'Object Repository/1612427/05_ChangePosition/Page_Mattermost/input_All team communication in one place s_703ef5'

2020-06-05 19:24:14 - [TEST_STEP][PASSED] - setEncryptedText(findTestObject("Object Repository/1612427/05_ChangePosition/Page_Mattermost/input_All team communication in one place s_2f2733"), "aeHFOx8jV/A="): Text ****** has been set on object 'Object Repository/1612427/05_ChangePosition/Page_Mattermost/input_All team communication in one place s_2f2733'

2020-06-05 19:24:14 - [MESSAGE][PASSED] - Text ****** has been set on object 'Object Repository/1612427/05_ChangePosition/Page_Mattermost/input_All team communication in one place s_2f2733'

2020-06-05 19:24:14 - [TEST_STEP][PASSED] - click(findTestObject("Object Repository/1612427/05_ChangePosition/Page_Mattermost/button_Sign in")): Object: 'Object Repository/1612427/05_ChangePosition/Page_Mattermost/button_Sign in' is clicked on

2020-06-05 19:24:15 - [MESSAGE][PASSED] - Object: 'Object Repository/1612427/05_ChangePosition/Page_Mattermost/button_Sign in' is clicked on

2020-06-05 19:24:15 - [TEST_STEP][PASSED] - click(findTestObject("Object Repository/1612427/05_ChangePosition/Page_Town Square - minus Mattermost/button_hcmus-cdnc_style--none sidebar-heade_0f8da4")): Object: 'Object Repository/1612427/05_ChangePosition/Page_Town Square - minus Mattermost/button_hcmus-cdnc_style--none sidebar-heade_0f8da4' is clicked on

2020-06-05 19:24:19 - [MESSAGE][PASSED] - Object: 'Object Repository/1612427/05_ChangePosition/Page_Town Square - minus Mattermost/button_hcmus-cdnc_style--none sidebar-heade_0f8da4' is clicked on

2020-06-05 19:24:19 - [TEST_STEP][PASSED] - click(findTestObject("Object Repository/1612427/05_ChangePosition/Page_Town Square - minus Mattermost/span_Account Settings")): Object: 'Object Repository/1612427/05_ChangePosition/Page_Town Square - minus Mattermost/span_Account Settings' is clicked on

2020-06-05 19:24:20 - [MESSAGE][PASSED] - Object: 'Object Repository/1612427/05_ChangePosition/Page_Town Square - minus Mattermost/span_Account Settings' is clicked on

2020-06-05 19:24:20 - [TEST_STEP][PASSED] - click(findTestObject("Object Repository/1612427/05_ChangePosition/Page_Town Square - minus Mattermost/span_Edit")): Object: 'Object Repository/1612427/05_ChangePosition/Page_Town Square - minus Mattermost/span_Edit' is clicked on

2020-06-05 19:24:21 - [MESSAGE][PASSED] - Object: 'Object Repository/1612427/05_ChangePosition/Page_Town Square - minus Mattermost/span_Edit' is clicked on

2020-06-05 19:24:21 - [TEST_STEP][PASSED] - setText(findTestObject("Object Repository/1612427/05_ChangePosition/Page_Town Square - minus Mattermost/input_Position_position"), position): Text 'DevOps' is set on object 'Object Repository/1612427/05_ChangePosition/Page_Town Square - minus Mattermost/input_Position_position'

2020-06-05 19:24:22 - [MESSAGE][PASSED] - Text 'DevOps' is set on object 'Object Repository/1612427/05_ChangePosition/Page_Town Square - minus Mattermost/input_Position_position'

2020-06-05 19:24:22 - [TEST_STEP][PASSED] - click(findTestObject("Object Repository/1612427/05_ChangePosition/Page_Town Square - minus Mattermost/span_Save")): Object: 'Object Repository/1612427/05_ChangePosition/Page_Town Square - minus Mattermost/span_Save' is clicked on

2020-06-05 19:24:22 - [MESSAGE][PASSED] - Object: 'Object Repository/1612427/05_ChangePosition/Page_Town Square - minus Mattermost/span_Save' is clicked on

2020-06-05 19:24:22 - [TEST_STEP][PASSED] - closeBrowser(): Browser is closed

2020-06-05 19:24:23 - [MESSAGE][PASSED] - Browser is closed]]></system-out>
         <system-err><![CDATA[]]></system-err>
      </testcase>
      <testcase name="Test Cases/1612427/05_ChangePosition" time="15.634" classname="Test Cases/1612427/05_ChangePosition" status="PASSED">
         <system-out><![CDATA[2020-06-05 19:24:23 - [TEST_CASE][PASSED] - Test Cases/1612427/05_ChangePosition: Test Cases/1612427/05_ChangePosition

2020-06-05 19:24:23 - [TEST_STEP][PASSED] - openBrowser(""): Browser is opened with url: ''

2020-06-05 19:24:23 - [MESSAGE][INFO] - Starting 'Chrome' driver

2020-06-05 19:24:23 - [MESSAGE][INFO] - Action delay is set to 0 milliseconds

2020-06-05 19:24:27 - [MESSAGE][PASSED] - Browser is opened with url: ''

2020-06-05 19:24:27 - [TEST_STEP][PASSED] - navigateToUrl("http://localhost:8065/login"): Navigate to 'http://localhost:8065/login' successfully

2020-06-05 19:24:28 - [MESSAGE][PASSED] - Navigate to 'http://localhost:8065/login' successfully

2020-06-05 19:24:28 - [TEST_STEP][PASSED] - setText(findTestObject("Object Repository/1612427/05_ChangePosition/Page_Mattermost/input_All team communication in one place s_703ef5"), "hcmus-cdnc"): Text 'hcmus-cdnc' is set on object 'Object Repository/1612427/05_ChangePosition/Page_Mattermost/input_All team communication in one place s_703ef5'

2020-06-05 19:24:30 - [MESSAGE][PASSED] - Text 'hcmus-cdnc' is set on object 'Object Repository/1612427/05_ChangePosition/Page_Mattermost/input_All team communication in one place s_703ef5'

2020-06-05 19:24:30 - [TEST_STEP][PASSED] - setEncryptedText(findTestObject("Object Repository/1612427/05_ChangePosition/Page_Mattermost/input_All team communication in one place s_2f2733"), "aeHFOx8jV/A="): Text ****** has been set on object 'Object Repository/1612427/05_ChangePosition/Page_Mattermost/input_All team communication in one place s_2f2733'

2020-06-05 19:24:31 - [MESSAGE][PASSED] - Text ****** has been set on object 'Object Repository/1612427/05_ChangePosition/Page_Mattermost/input_All team communication in one place s_2f2733'

2020-06-05 19:24:31 - [TEST_STEP][PASSED] - click(findTestObject("Object Repository/1612427/05_ChangePosition/Page_Mattermost/button_Sign in")): Object: 'Object Repository/1612427/05_ChangePosition/Page_Mattermost/button_Sign in' is clicked on

2020-06-05 19:24:31 - [MESSAGE][PASSED] - Object: 'Object Repository/1612427/05_ChangePosition/Page_Mattermost/button_Sign in' is clicked on

2020-06-05 19:24:31 - [TEST_STEP][PASSED] - click(findTestObject("Object Repository/1612427/05_ChangePosition/Page_Town Square - minus Mattermost/button_hcmus-cdnc_style--none sidebar-heade_0f8da4")): Object: 'Object Repository/1612427/05_ChangePosition/Page_Town Square - minus Mattermost/button_hcmus-cdnc_style--none sidebar-heade_0f8da4' is clicked on

2020-06-05 19:24:35 - [MESSAGE][PASSED] - Object: 'Object Repository/1612427/05_ChangePosition/Page_Town Square - minus Mattermost/button_hcmus-cdnc_style--none sidebar-heade_0f8da4' is clicked on

2020-06-05 19:24:35 - [TEST_STEP][PASSED] - click(findTestObject("Object Repository/1612427/05_ChangePosition/Page_Town Square - minus Mattermost/span_Account Settings")): Object: 'Object Repository/1612427/05_ChangePosition/Page_Town Square - minus Mattermost/span_Account Settings' is clicked on

2020-06-05 19:24:36 - [MESSAGE][PASSED] - Object: 'Object Repository/1612427/05_ChangePosition/Page_Town Square - minus Mattermost/span_Account Settings' is clicked on

2020-06-05 19:24:36 - [TEST_STEP][PASSED] - click(findTestObject("Object Repository/1612427/05_ChangePosition/Page_Town Square - minus Mattermost/span_Edit")): Object: 'Object Repository/1612427/05_ChangePosition/Page_Town Square - minus Mattermost/span_Edit' is clicked on

2020-06-05 19:24:37 - [MESSAGE][PASSED] - Object: 'Object Repository/1612427/05_ChangePosition/Page_Town Square - minus Mattermost/span_Edit' is clicked on

2020-06-05 19:24:37 - [TEST_STEP][PASSED] - setText(findTestObject("Object Repository/1612427/05_ChangePosition/Page_Town Square - minus Mattermost/input_Position_position"), position): Text 'BA' is set on object 'Object Repository/1612427/05_ChangePosition/Page_Town Square - minus Mattermost/input_Position_position'

2020-06-05 19:24:37 - [MESSAGE][PASSED] - Text 'BA' is set on object 'Object Repository/1612427/05_ChangePosition/Page_Town Square - minus Mattermost/input_Position_position'

2020-06-05 19:24:37 - [TEST_STEP][PASSED] - click(findTestObject("Object Repository/1612427/05_ChangePosition/Page_Town Square - minus Mattermost/span_Save")): Object: 'Object Repository/1612427/05_ChangePosition/Page_Town Square - minus Mattermost/span_Save' is clicked on

2020-06-05 19:24:38 - [MESSAGE][PASSED] - Object: 'Object Repository/1612427/05_ChangePosition/Page_Town Square - minus Mattermost/span_Save' is clicked on

2020-06-05 19:24:38 - [TEST_STEP][PASSED] - closeBrowser(): Browser is closed

2020-06-05 19:24:39 - [MESSAGE][PASSED] - Browser is closed]]></system-out>
         <system-err><![CDATA[]]></system-err>
      </testcase>
      <testcase name="Test Cases/1612427/05_ChangePosition" time="16.044" classname="Test Cases/1612427/05_ChangePosition" status="PASSED">
         <system-out><![CDATA[2020-06-05 19:24:39 - [TEST_CASE][PASSED] - Test Cases/1612427/05_ChangePosition: Test Cases/1612427/05_ChangePosition

2020-06-05 19:24:39 - [TEST_STEP][PASSED] - openBrowser(""): Browser is opened with url: ''

2020-06-05 19:24:39 - [MESSAGE][INFO] - Starting 'Chrome' driver

2020-06-05 19:24:39 - [MESSAGE][INFO] - Action delay is set to 0 milliseconds

2020-06-05 19:24:42 - [MESSAGE][PASSED] - Browser is opened with url: ''

2020-06-05 19:24:42 - [TEST_STEP][PASSED] - navigateToUrl("http://localhost:8065/login"): Navigate to 'http://localhost:8065/login' successfully

2020-06-05 19:24:44 - [MESSAGE][PASSED] - Navigate to 'http://localhost:8065/login' successfully

2020-06-05 19:24:44 - [TEST_STEP][PASSED] - setText(findTestObject("Object Repository/1612427/05_ChangePosition/Page_Mattermost/input_All team communication in one place s_703ef5"), "hcmus-cdnc"): Text 'hcmus-cdnc' is set on object 'Object Repository/1612427/05_ChangePosition/Page_Mattermost/input_All team communication in one place s_703ef5'

2020-06-05 19:24:46 - [MESSAGE][PASSED] - Text 'hcmus-cdnc' is set on object 'Object Repository/1612427/05_ChangePosition/Page_Mattermost/input_All team communication in one place s_703ef5'

2020-06-05 19:24:46 - [TEST_STEP][PASSED] - setEncryptedText(findTestObject("Object Repository/1612427/05_ChangePosition/Page_Mattermost/input_All team communication in one place s_2f2733"), "aeHFOx8jV/A="): Text ****** has been set on object 'Object Repository/1612427/05_ChangePosition/Page_Mattermost/input_All team communication in one place s_2f2733'

2020-06-05 19:24:47 - [MESSAGE][PASSED] - Text ****** has been set on object 'Object Repository/1612427/05_ChangePosition/Page_Mattermost/input_All team communication in one place s_2f2733'

2020-06-05 19:24:47 - [TEST_STEP][PASSED] - click(findTestObject("Object Repository/1612427/05_ChangePosition/Page_Mattermost/button_Sign in")): Object: 'Object Repository/1612427/05_ChangePosition/Page_Mattermost/button_Sign in' is clicked on

2020-06-05 19:24:47 - [MESSAGE][PASSED] - Object: 'Object Repository/1612427/05_ChangePosition/Page_Mattermost/button_Sign in' is clicked on

2020-06-05 19:24:47 - [TEST_STEP][PASSED] - click(findTestObject("Object Repository/1612427/05_ChangePosition/Page_Town Square - minus Mattermost/button_hcmus-cdnc_style--none sidebar-heade_0f8da4")): Object: 'Object Repository/1612427/05_ChangePosition/Page_Town Square - minus Mattermost/button_hcmus-cdnc_style--none sidebar-heade_0f8da4' is clicked on

2020-06-05 19:24:50 - [MESSAGE][PASSED] - Object: 'Object Repository/1612427/05_ChangePosition/Page_Town Square - minus Mattermost/button_hcmus-cdnc_style--none sidebar-heade_0f8da4' is clicked on

2020-06-05 19:24:50 - [TEST_STEP][PASSED] - click(findTestObject("Object Repository/1612427/05_ChangePosition/Page_Town Square - minus Mattermost/span_Account Settings")): Object: 'Object Repository/1612427/05_ChangePosition/Page_Town Square - minus Mattermost/span_Account Settings' is clicked on

2020-06-05 19:24:51 - [MESSAGE][PASSED] - Object: 'Object Repository/1612427/05_ChangePosition/Page_Town Square - minus Mattermost/span_Account Settings' is clicked on

2020-06-05 19:24:51 - [TEST_STEP][PASSED] - click(findTestObject("Object Repository/1612427/05_ChangePosition/Page_Town Square - minus Mattermost/span_Edit")): Object: 'Object Repository/1612427/05_ChangePosition/Page_Town Square - minus Mattermost/span_Edit' is clicked on

2020-06-05 19:24:52 - [MESSAGE][PASSED] - Object: 'Object Repository/1612427/05_ChangePosition/Page_Town Square - minus Mattermost/span_Edit' is clicked on

2020-06-05 19:24:52 - [TEST_STEP][PASSED] - setText(findTestObject("Object Repository/1612427/05_ChangePosition/Page_Town Square - minus Mattermost/input_Position_position"), position): Text 'Team Leader' is set on object 'Object Repository/1612427/05_ChangePosition/Page_Town Square - minus Mattermost/input_Position_position'

2020-06-05 19:24:53 - [MESSAGE][PASSED] - Text 'Team Leader' is set on object 'Object Repository/1612427/05_ChangePosition/Page_Town Square - minus Mattermost/input_Position_position'

2020-06-05 19:24:53 - [TEST_STEP][PASSED] - click(findTestObject("Object Repository/1612427/05_ChangePosition/Page_Town Square - minus Mattermost/span_Save")): Object: 'Object Repository/1612427/05_ChangePosition/Page_Town Square - minus Mattermost/span_Save' is clicked on

2020-06-05 19:24:54 - [MESSAGE][PASSED] - Object: 'Object Repository/1612427/05_ChangePosition/Page_Town Square - minus Mattermost/span_Save' is clicked on

2020-06-05 19:24:54 - [TEST_STEP][PASSED] - closeBrowser(): Browser is closed

2020-06-05 19:24:55 - [MESSAGE][PASSED] - Browser is closed]]></system-out>
         <system-err><![CDATA[]]></system-err>
      </testcase>
      <testcase name="Test Cases/1612427/06_ChangeEmail" time="19.797" classname="Test Cases/1612427/06_ChangeEmail" status="PASSED">
         <system-out><![CDATA[2020-06-05 19:24:55 - [TEST_CASE][PASSED] - Test Cases/1612427/06_ChangeEmail: Test Cases/1612427/06_ChangeEmail

2020-06-05 19:24:55 - [TEST_STEP][PASSED] - openBrowser(""): Browser is opened with url: ''

2020-06-05 19:24:55 - [MESSAGE][INFO] - Starting 'Chrome' driver

2020-06-05 19:24:55 - [MESSAGE][INFO] - Action delay is set to 0 milliseconds

2020-06-05 19:24:59 - [MESSAGE][PASSED] - Browser is opened with url: ''

2020-06-05 19:24:59 - [TEST_STEP][PASSED] - navigateToUrl("http://localhost:8065/login"): Navigate to 'http://localhost:8065/login' successfully

2020-06-05 19:25:00 - [MESSAGE][PASSED] - Navigate to 'http://localhost:8065/login' successfully

2020-06-05 19:25:00 - [TEST_STEP][PASSED] - setText(findTestObject("Object Repository/1612427/06_ChangeEmail/Page_Mattermost/input_All team communication in one place s_703ef5"), "hcmus-cdnc"): Text 'hcmus-cdnc' is set on object 'Object Repository/1612427/06_ChangeEmail/Page_Mattermost/input_All team communication in one place s_703ef5'

2020-06-05 19:25:02 - [MESSAGE][PASSED] - Text 'hcmus-cdnc' is set on object 'Object Repository/1612427/06_ChangeEmail/Page_Mattermost/input_All team communication in one place s_703ef5'

2020-06-05 19:25:02 - [TEST_STEP][PASSED] - click(findTestObject("Object Repository/1612427/06_ChangeEmail/Page_Mattermost/input_All team communication in one place s_703ef5")): Object: 'Object Repository/1612427/06_ChangeEmail/Page_Mattermost/input_All team communication in one place s_703ef5' is clicked on

2020-06-05 19:25:03 - [MESSAGE][PASSED] - Object: 'Object Repository/1612427/06_ChangeEmail/Page_Mattermost/input_All team communication in one place s_703ef5' is clicked on

2020-06-05 19:25:03 - [TEST_STEP][PASSED] - setText(findTestObject("Object Repository/1612427/06_ChangeEmail/Page_Mattermost/input_All team communication in one place s_703ef5"), "hcmus-cdnc"): Text 'hcmus-cdnc' is set on object 'Object Repository/1612427/06_ChangeEmail/Page_Mattermost/input_All team communication in one place s_703ef5'

2020-06-05 19:25:04 - [MESSAGE][PASSED] - Text 'hcmus-cdnc' is set on object 'Object Repository/1612427/06_ChangeEmail/Page_Mattermost/input_All team communication in one place s_703ef5'

2020-06-05 19:25:04 - [TEST_STEP][PASSED] - setEncryptedText(findTestObject("Object Repository/1612427/06_ChangeEmail/Page_Mattermost/input_All team communication in one place s_2f2733"), "aeHFOx8jV/A="): Text ****** has been set on object 'Object Repository/1612427/06_ChangeEmail/Page_Mattermost/input_All team communication in one place s_2f2733'

2020-06-05 19:25:04 - [MESSAGE][PASSED] - Text ****** has been set on object 'Object Repository/1612427/06_ChangeEmail/Page_Mattermost/input_All team communication in one place s_2f2733'

2020-06-05 19:25:04 - [TEST_STEP][PASSED] - click(findTestObject("Object Repository/1612427/06_ChangeEmail/Page_Mattermost/span_Sign in")): Object: 'Object Repository/1612427/06_ChangeEmail/Page_Mattermost/span_Sign in' is clicked on

2020-06-05 19:25:05 - [MESSAGE][PASSED] - Object: 'Object Repository/1612427/06_ChangeEmail/Page_Mattermost/span_Sign in' is clicked on

2020-06-05 19:25:05 - [TEST_STEP][PASSED] - click(findTestObject("Object Repository/1612427/06_ChangeEmail/Page_Town Square - minus Mattermost/svg")): Object: 'Object Repository/1612427/06_ChangeEmail/Page_Town Square - minus Mattermost/svg' is clicked on

2020-06-05 19:25:09 - [MESSAGE][PASSED] - Object: 'Object Repository/1612427/06_ChangeEmail/Page_Town Square - minus Mattermost/svg' is clicked on

2020-06-05 19:25:09 - [TEST_STEP][PASSED] - click(findTestObject("Object Repository/1612427/06_ChangeEmail/Page_Town Square - minus Mattermost/span_Account Settings")): Object: 'Object Repository/1612427/06_ChangeEmail/Page_Town Square - minus Mattermost/span_Account Settings' is clicked on

2020-06-05 19:25:10 - [MESSAGE][PASSED] - Object: 'Object Repository/1612427/06_ChangeEmail/Page_Town Square - minus Mattermost/span_Account Settings' is clicked on

2020-06-05 19:25:10 - [TEST_STEP][PASSED] - click(findTestObject("Object Repository/1612427/06_ChangeEmail/Page_Town Square - minus Mattermost/span_Edit")): Object: 'Object Repository/1612427/06_ChangeEmail/Page_Town Square - minus Mattermost/span_Edit' is clicked on

2020-06-05 19:25:11 - [MESSAGE][PASSED] - Object: 'Object Repository/1612427/06_ChangeEmail/Page_Town Square - minus Mattermost/span_Edit' is clicked on

2020-06-05 19:25:11 - [TEST_STEP][PASSED] - setText(findTestObject("Object Repository/1612427/06_ChangeEmail/Page_Town Square - minus Mattermost/input_New Email_primaryEmail"), email): Text 'xuan@' is set on object 'Object Repository/1612427/06_ChangeEmail/Page_Town Square - minus Mattermost/input_New Email_primaryEmail'

2020-06-05 19:25:12 - [MESSAGE][PASSED] - Text 'xuan@' is set on object 'Object Repository/1612427/06_ChangeEmail/Page_Town Square - minus Mattermost/input_New Email_primaryEmail'

2020-06-05 19:25:12 - [TEST_STEP][PASSED] - setText(findTestObject("Object Repository/1612427/06_ChangeEmail/Page_Town Square - minus Mattermost/input_Confirm Email_confirmEmail"), confirm_email): Text 'xuan@' is set on object 'Object Repository/1612427/06_ChangeEmail/Page_Town Square - minus Mattermost/input_Confirm Email_confirmEmail'

2020-06-05 19:25:13 - [MESSAGE][PASSED] - Text 'xuan@' is set on object 'Object Repository/1612427/06_ChangeEmail/Page_Town Square - minus Mattermost/input_Confirm Email_confirmEmail'

2020-06-05 19:25:13 - [TEST_STEP][PASSED] - setEncryptedText(findTestObject("Object Repository/1612427/06_ChangeEmail/Page_Town Square - minus Mattermost/input_Current Password_currentPassword"), password): Text ****** has been set on object 'Object Repository/1612427/06_ChangeEmail/Page_Town Square - minus Mattermost/input_Current Password_currentPassword'

2020-06-05 19:25:14 - [MESSAGE][PASSED] - Text ****** has been set on object 'Object Repository/1612427/06_ChangeEmail/Page_Town Square - minus Mattermost/input_Current Password_currentPassword'

2020-06-05 19:25:14 - [TEST_STEP][PASSED] - click(findTestObject("Object Repository/1612427/06_ChangeEmail/Page_Town Square - minus Mattermost/span_Save")): Object: 'Object Repository/1612427/06_ChangeEmail/Page_Town Square - minus Mattermost/span_Save' is clicked on

2020-06-05 19:25:14 - [MESSAGE][PASSED] - Object: 'Object Repository/1612427/06_ChangeEmail/Page_Town Square - minus Mattermost/span_Save' is clicked on

2020-06-05 19:25:14 - [TEST_STEP][PASSED] - closeBrowser(): Browser is closed

2020-06-05 19:25:15 - [MESSAGE][PASSED] - Browser is closed]]></system-out>
         <system-err><![CDATA[]]></system-err>
      </testcase>
      <testcase name="Test Cases/1612427/06_ChangeEmail" time="20.383" classname="Test Cases/1612427/06_ChangeEmail" status="PASSED">
         <system-out><![CDATA[2020-06-05 19:25:15 - [TEST_CASE][PASSED] - Test Cases/1612427/06_ChangeEmail: Test Cases/1612427/06_ChangeEmail

2020-06-05 19:25:15 - [TEST_STEP][PASSED] - openBrowser(""): Browser is opened with url: ''

2020-06-05 19:25:15 - [MESSAGE][INFO] - Starting 'Chrome' driver

2020-06-05 19:25:15 - [MESSAGE][INFO] - Action delay is set to 0 milliseconds

2020-06-05 19:25:18 - [MESSAGE][PASSED] - Browser is opened with url: ''

2020-06-05 19:25:18 - [TEST_STEP][PASSED] - navigateToUrl("http://localhost:8065/login"): Navigate to 'http://localhost:8065/login' successfully

2020-06-05 19:25:20 - [MESSAGE][PASSED] - Navigate to 'http://localhost:8065/login' successfully

2020-06-05 19:25:20 - [TEST_STEP][PASSED] - setText(findTestObject("Object Repository/1612427/06_ChangeEmail/Page_Mattermost/input_All team communication in one place s_703ef5"), "hcmus-cdnc"): Text 'hcmus-cdnc' is set on object 'Object Repository/1612427/06_ChangeEmail/Page_Mattermost/input_All team communication in one place s_703ef5'

2020-06-05 19:25:22 - [MESSAGE][PASSED] - Text 'hcmus-cdnc' is set on object 'Object Repository/1612427/06_ChangeEmail/Page_Mattermost/input_All team communication in one place s_703ef5'

2020-06-05 19:25:22 - [TEST_STEP][PASSED] - click(findTestObject("Object Repository/1612427/06_ChangeEmail/Page_Mattermost/input_All team communication in one place s_703ef5")): Object: 'Object Repository/1612427/06_ChangeEmail/Page_Mattermost/input_All team communication in one place s_703ef5' is clicked on

2020-06-05 19:25:22 - [MESSAGE][PASSED] - Object: 'Object Repository/1612427/06_ChangeEmail/Page_Mattermost/input_All team communication in one place s_703ef5' is clicked on

2020-06-05 19:25:22 - [TEST_STEP][PASSED] - setText(findTestObject("Object Repository/1612427/06_ChangeEmail/Page_Mattermost/input_All team communication in one place s_703ef5"), "hcmus-cdnc"): Text 'hcmus-cdnc' is set on object 'Object Repository/1612427/06_ChangeEmail/Page_Mattermost/input_All team communication in one place s_703ef5'

2020-06-05 19:25:23 - [MESSAGE][PASSED] - Text 'hcmus-cdnc' is set on object 'Object Repository/1612427/06_ChangeEmail/Page_Mattermost/input_All team communication in one place s_703ef5'

2020-06-05 19:25:23 - [TEST_STEP][PASSED] - setEncryptedText(findTestObject("Object Repository/1612427/06_ChangeEmail/Page_Mattermost/input_All team communication in one place s_2f2733"), "aeHFOx8jV/A="): Text ****** has been set on object 'Object Repository/1612427/06_ChangeEmail/Page_Mattermost/input_All team communication in one place s_2f2733'

2020-06-05 19:25:23 - [MESSAGE][PASSED] - Text ****** has been set on object 'Object Repository/1612427/06_ChangeEmail/Page_Mattermost/input_All team communication in one place s_2f2733'

2020-06-05 19:25:23 - [TEST_STEP][PASSED] - click(findTestObject("Object Repository/1612427/06_ChangeEmail/Page_Mattermost/span_Sign in")): Object: 'Object Repository/1612427/06_ChangeEmail/Page_Mattermost/span_Sign in' is clicked on

2020-06-05 19:25:24 - [MESSAGE][PASSED] - Object: 'Object Repository/1612427/06_ChangeEmail/Page_Mattermost/span_Sign in' is clicked on

2020-06-05 19:25:24 - [TEST_STEP][PASSED] - click(findTestObject("Object Repository/1612427/06_ChangeEmail/Page_Town Square - minus Mattermost/svg")): Object: 'Object Repository/1612427/06_ChangeEmail/Page_Town Square - minus Mattermost/svg' is clicked on

2020-06-05 19:25:28 - [MESSAGE][PASSED] - Object: 'Object Repository/1612427/06_ChangeEmail/Page_Town Square - minus Mattermost/svg' is clicked on

2020-06-05 19:25:28 - [TEST_STEP][PASSED] - click(findTestObject("Object Repository/1612427/06_ChangeEmail/Page_Town Square - minus Mattermost/span_Account Settings")): Object: 'Object Repository/1612427/06_ChangeEmail/Page_Town Square - minus Mattermost/span_Account Settings' is clicked on

2020-06-05 19:25:29 - [MESSAGE][PASSED] - Object: 'Object Repository/1612427/06_ChangeEmail/Page_Town Square - minus Mattermost/span_Account Settings' is clicked on

2020-06-05 19:25:29 - [TEST_STEP][PASSED] - click(findTestObject("Object Repository/1612427/06_ChangeEmail/Page_Town Square - minus Mattermost/span_Edit")): Object: 'Object Repository/1612427/06_ChangeEmail/Page_Town Square - minus Mattermost/span_Edit' is clicked on

2020-06-05 19:25:30 - [MESSAGE][PASSED] - Object: 'Object Repository/1612427/06_ChangeEmail/Page_Town Square - minus Mattermost/span_Edit' is clicked on

2020-06-05 19:25:30 - [TEST_STEP][PASSED] - setText(findTestObject("Object Repository/1612427/06_ChangeEmail/Page_Town Square - minus Mattermost/input_New Email_primaryEmail"), email): Text 'xuanghjem210@gmail.com' is set on object 'Object Repository/1612427/06_ChangeEmail/Page_Town Square - minus Mattermost/input_New Email_primaryEmail'

2020-06-05 19:25:32 - [MESSAGE][PASSED] - Text 'xuanghjem210@gmail.com' is set on object 'Object Repository/1612427/06_ChangeEmail/Page_Town Square - minus Mattermost/input_New Email_primaryEmail'

2020-06-05 19:25:32 - [TEST_STEP][PASSED] - setText(findTestObject("Object Repository/1612427/06_ChangeEmail/Page_Town Square - minus Mattermost/input_Confirm Email_confirmEmail"), confirm_email): Text 'xuanghjem210@gmail.com' is set on object 'Object Repository/1612427/06_ChangeEmail/Page_Town Square - minus Mattermost/input_Confirm Email_confirmEmail'

2020-06-05 19:25:33 - [MESSAGE][PASSED] - Text 'xuanghjem210@gmail.com' is set on object 'Object Repository/1612427/06_ChangeEmail/Page_Town Square - minus Mattermost/input_Confirm Email_confirmEmail'

2020-06-05 19:25:33 - [TEST_STEP][PASSED] - setEncryptedText(findTestObject("Object Repository/1612427/06_ChangeEmail/Page_Town Square - minus Mattermost/input_Current Password_currentPassword"), password): Text ****** has been set on object 'Object Repository/1612427/06_ChangeEmail/Page_Town Square - minus Mattermost/input_Current Password_currentPassword'

2020-06-05 19:25:34 - [MESSAGE][PASSED] - Text ****** has been set on object 'Object Repository/1612427/06_ChangeEmail/Page_Town Square - minus Mattermost/input_Current Password_currentPassword'

2020-06-05 19:25:34 - [TEST_STEP][PASSED] - click(findTestObject("Object Repository/1612427/06_ChangeEmail/Page_Town Square - minus Mattermost/span_Save")): Object: 'Object Repository/1612427/06_ChangeEmail/Page_Town Square - minus Mattermost/span_Save' is clicked on

2020-06-05 19:25:34 - [MESSAGE][PASSED] - Object: 'Object Repository/1612427/06_ChangeEmail/Page_Town Square - minus Mattermost/span_Save' is clicked on

2020-06-05 19:25:34 - [TEST_STEP][PASSED] - closeBrowser(): Browser is closed

2020-06-05 19:25:35 - [MESSAGE][PASSED] - Browser is closed]]></system-out>
         <system-err><![CDATA[]]></system-err>
      </testcase>
      <testcase name="Test Cases/1612427/06_ChangeEmail" time="19.736" classname="Test Cases/1612427/06_ChangeEmail" status="PASSED">
         <system-out><![CDATA[2020-06-05 19:25:35 - [TEST_CASE][PASSED] - Test Cases/1612427/06_ChangeEmail: Test Cases/1612427/06_ChangeEmail

2020-06-05 19:25:35 - [TEST_STEP][PASSED] - openBrowser(""): Browser is opened with url: ''

2020-06-05 19:25:35 - [MESSAGE][INFO] - Starting 'Chrome' driver

2020-06-05 19:25:35 - [MESSAGE][INFO] - Action delay is set to 0 milliseconds

2020-06-05 19:25:39 - [MESSAGE][PASSED] - Browser is opened with url: ''

2020-06-05 19:25:39 - [TEST_STEP][PASSED] - navigateToUrl("http://localhost:8065/login"): Navigate to 'http://localhost:8065/login' successfully

2020-06-05 19:25:40 - [MESSAGE][PASSED] - Navigate to 'http://localhost:8065/login' successfully

2020-06-05 19:25:40 - [TEST_STEP][PASSED] - setText(findTestObject("Object Repository/1612427/06_ChangeEmail/Page_Mattermost/input_All team communication in one place s_703ef5"), "hcmus-cdnc"): Text 'hcmus-cdnc' is set on object 'Object Repository/1612427/06_ChangeEmail/Page_Mattermost/input_All team communication in one place s_703ef5'

2020-06-05 19:25:42 - [MESSAGE][PASSED] - Text 'hcmus-cdnc' is set on object 'Object Repository/1612427/06_ChangeEmail/Page_Mattermost/input_All team communication in one place s_703ef5'

2020-06-05 19:25:42 - [TEST_STEP][PASSED] - click(findTestObject("Object Repository/1612427/06_ChangeEmail/Page_Mattermost/input_All team communication in one place s_703ef5")): Object: 'Object Repository/1612427/06_ChangeEmail/Page_Mattermost/input_All team communication in one place s_703ef5' is clicked on

2020-06-05 19:25:43 - [MESSAGE][PASSED] - Object: 'Object Repository/1612427/06_ChangeEmail/Page_Mattermost/input_All team communication in one place s_703ef5' is clicked on

2020-06-05 19:25:43 - [TEST_STEP][PASSED] - setText(findTestObject("Object Repository/1612427/06_ChangeEmail/Page_Mattermost/input_All team communication in one place s_703ef5"), "hcmus-cdnc"): Text 'hcmus-cdnc' is set on object 'Object Repository/1612427/06_ChangeEmail/Page_Mattermost/input_All team communication in one place s_703ef5'

2020-06-05 19:25:44 - [MESSAGE][PASSED] - Text 'hcmus-cdnc' is set on object 'Object Repository/1612427/06_ChangeEmail/Page_Mattermost/input_All team communication in one place s_703ef5'

2020-06-05 19:25:44 - [TEST_STEP][PASSED] - setEncryptedText(findTestObject("Object Repository/1612427/06_ChangeEmail/Page_Mattermost/input_All team communication in one place s_2f2733"), "aeHFOx8jV/A="): Text ****** has been set on object 'Object Repository/1612427/06_ChangeEmail/Page_Mattermost/input_All team communication in one place s_2f2733'

2020-06-05 19:25:44 - [MESSAGE][PASSED] - Text ****** has been set on object 'Object Repository/1612427/06_ChangeEmail/Page_Mattermost/input_All team communication in one place s_2f2733'

2020-06-05 19:25:44 - [TEST_STEP][PASSED] - click(findTestObject("Object Repository/1612427/06_ChangeEmail/Page_Mattermost/span_Sign in")): Object: 'Object Repository/1612427/06_ChangeEmail/Page_Mattermost/span_Sign in' is clicked on

2020-06-05 19:25:45 - [MESSAGE][PASSED] - Object: 'Object Repository/1612427/06_ChangeEmail/Page_Mattermost/span_Sign in' is clicked on

2020-06-05 19:25:45 - [TEST_STEP][PASSED] - click(findTestObject("Object Repository/1612427/06_ChangeEmail/Page_Town Square - minus Mattermost/svg")): Object: 'Object Repository/1612427/06_ChangeEmail/Page_Town Square - minus Mattermost/svg' is clicked on

2020-06-05 19:25:48 - [MESSAGE][PASSED] - Object: 'Object Repository/1612427/06_ChangeEmail/Page_Town Square - minus Mattermost/svg' is clicked on

2020-06-05 19:25:48 - [TEST_STEP][PASSED] - click(findTestObject("Object Repository/1612427/06_ChangeEmail/Page_Town Square - minus Mattermost/span_Account Settings")): Object: 'Object Repository/1612427/06_ChangeEmail/Page_Town Square - minus Mattermost/span_Account Settings' is clicked on

2020-06-05 19:25:49 - [MESSAGE][PASSED] - Object: 'Object Repository/1612427/06_ChangeEmail/Page_Town Square - minus Mattermost/span_Account Settings' is clicked on

2020-06-05 19:25:49 - [TEST_STEP][PASSED] - click(findTestObject("Object Repository/1612427/06_ChangeEmail/Page_Town Square - minus Mattermost/span_Edit")): Object: 'Object Repository/1612427/06_ChangeEmail/Page_Town Square - minus Mattermost/span_Edit' is clicked on

2020-06-05 19:25:50 - [MESSAGE][PASSED] - Object: 'Object Repository/1612427/06_ChangeEmail/Page_Town Square - minus Mattermost/span_Edit' is clicked on

2020-06-05 19:25:50 - [TEST_STEP][PASSED] - setText(findTestObject("Object Repository/1612427/06_ChangeEmail/Page_Town Square - minus Mattermost/input_New Email_primaryEmail"), email): Text 'xuanghjem210@gmail.com' is set on object 'Object Repository/1612427/06_ChangeEmail/Page_Town Square - minus Mattermost/input_New Email_primaryEmail'

2020-06-05 19:25:52 - [MESSAGE][PASSED] - Text 'xuanghjem210@gmail.com' is set on object 'Object Repository/1612427/06_ChangeEmail/Page_Town Square - minus Mattermost/input_New Email_primaryEmail'

2020-06-05 19:25:52 - [TEST_STEP][PASSED] - setText(findTestObject("Object Repository/1612427/06_ChangeEmail/Page_Town Square - minus Mattermost/input_Confirm Email_confirmEmail"), confirm_email): Text 'xuanghjem@gmail.com' is set on object 'Object Repository/1612427/06_ChangeEmail/Page_Town Square - minus Mattermost/input_Confirm Email_confirmEmail'

2020-06-05 19:25:53 - [MESSAGE][PASSED] - Text 'xuanghjem@gmail.com' is set on object 'Object Repository/1612427/06_ChangeEmail/Page_Town Square - minus Mattermost/input_Confirm Email_confirmEmail'

2020-06-05 19:25:53 - [TEST_STEP][PASSED] - setEncryptedText(findTestObject("Object Repository/1612427/06_ChangeEmail/Page_Town Square - minus Mattermost/input_Current Password_currentPassword"), password): Text ****** has been set on object 'Object Repository/1612427/06_ChangeEmail/Page_Town Square - minus Mattermost/input_Current Password_currentPassword'

2020-06-05 19:25:54 - [MESSAGE][PASSED] - Text ****** has been set on object 'Object Repository/1612427/06_ChangeEmail/Page_Town Square - minus Mattermost/input_Current Password_currentPassword'

2020-06-05 19:25:54 - [TEST_STEP][PASSED] - click(findTestObject("Object Repository/1612427/06_ChangeEmail/Page_Town Square - minus Mattermost/span_Save")): Object: 'Object Repository/1612427/06_ChangeEmail/Page_Town Square - minus Mattermost/span_Save' is clicked on

2020-06-05 19:25:54 - [MESSAGE][PASSED] - Object: 'Object Repository/1612427/06_ChangeEmail/Page_Town Square - minus Mattermost/span_Save' is clicked on

2020-06-05 19:25:54 - [TEST_STEP][PASSED] - closeBrowser(): Browser is closed

2020-06-05 19:25:55 - [MESSAGE][PASSED] - Browser is closed]]></system-out>
         <system-err><![CDATA[]]></system-err>
      </testcase>
      <testcase name="Test Cases/1612427/06_ChangeEmail" time="18.842" classname="Test Cases/1612427/06_ChangeEmail" status="PASSED">
         <system-out><![CDATA[2020-06-05 19:25:55 - [TEST_CASE][PASSED] - Test Cases/1612427/06_ChangeEmail: Test Cases/1612427/06_ChangeEmail

2020-06-05 19:25:55 - [TEST_STEP][PASSED] - openBrowser(""): Browser is opened with url: ''

2020-06-05 19:25:55 - [MESSAGE][INFO] - Starting 'Chrome' driver

2020-06-05 19:25:55 - [MESSAGE][INFO] - Action delay is set to 0 milliseconds

2020-06-05 19:25:58 - [MESSAGE][PASSED] - Browser is opened with url: ''

2020-06-05 19:25:58 - [TEST_STEP][PASSED] - navigateToUrl("http://localhost:8065/login"): Navigate to 'http://localhost:8065/login' successfully

2020-06-05 19:26:00 - [MESSAGE][PASSED] - Navigate to 'http://localhost:8065/login' successfully

2020-06-05 19:26:00 - [TEST_STEP][PASSED] - setText(findTestObject("Object Repository/1612427/06_ChangeEmail/Page_Mattermost/input_All team communication in one place s_703ef5"), "hcmus-cdnc"): Text 'hcmus-cdnc' is set on object 'Object Repository/1612427/06_ChangeEmail/Page_Mattermost/input_All team communication in one place s_703ef5'

2020-06-05 19:26:02 - [MESSAGE][PASSED] - Text 'hcmus-cdnc' is set on object 'Object Repository/1612427/06_ChangeEmail/Page_Mattermost/input_All team communication in one place s_703ef5'

2020-06-05 19:26:02 - [TEST_STEP][PASSED] - click(findTestObject("Object Repository/1612427/06_ChangeEmail/Page_Mattermost/input_All team communication in one place s_703ef5")): Object: 'Object Repository/1612427/06_ChangeEmail/Page_Mattermost/input_All team communication in one place s_703ef5' is clicked on

2020-06-05 19:26:03 - [MESSAGE][PASSED] - Object: 'Object Repository/1612427/06_ChangeEmail/Page_Mattermost/input_All team communication in one place s_703ef5' is clicked on

2020-06-05 19:26:03 - [TEST_STEP][PASSED] - setText(findTestObject("Object Repository/1612427/06_ChangeEmail/Page_Mattermost/input_All team communication in one place s_703ef5"), "hcmus-cdnc"): Text 'hcmus-cdnc' is set on object 'Object Repository/1612427/06_ChangeEmail/Page_Mattermost/input_All team communication in one place s_703ef5'

2020-06-05 19:26:03 - [MESSAGE][PASSED] - Text 'hcmus-cdnc' is set on object 'Object Repository/1612427/06_ChangeEmail/Page_Mattermost/input_All team communication in one place s_703ef5'

2020-06-05 19:26:03 - [TEST_STEP][PASSED] - setEncryptedText(findTestObject("Object Repository/1612427/06_ChangeEmail/Page_Mattermost/input_All team communication in one place s_2f2733"), "aeHFOx8jV/A="): Text ****** has been set on object 'Object Repository/1612427/06_ChangeEmail/Page_Mattermost/input_All team communication in one place s_2f2733'

2020-06-05 19:26:04 - [MESSAGE][PASSED] - Text ****** has been set on object 'Object Repository/1612427/06_ChangeEmail/Page_Mattermost/input_All team communication in one place s_2f2733'

2020-06-05 19:26:04 - [TEST_STEP][PASSED] - click(findTestObject("Object Repository/1612427/06_ChangeEmail/Page_Mattermost/span_Sign in")): Object: 'Object Repository/1612427/06_ChangeEmail/Page_Mattermost/span_Sign in' is clicked on

2020-06-05 19:26:05 - [MESSAGE][PASSED] - Object: 'Object Repository/1612427/06_ChangeEmail/Page_Mattermost/span_Sign in' is clicked on

2020-06-05 19:26:05 - [TEST_STEP][PASSED] - click(findTestObject("Object Repository/1612427/06_ChangeEmail/Page_Town Square - minus Mattermost/svg")): Object: 'Object Repository/1612427/06_ChangeEmail/Page_Town Square - minus Mattermost/svg' is clicked on

2020-06-05 19:26:08 - [MESSAGE][PASSED] - Object: 'Object Repository/1612427/06_ChangeEmail/Page_Town Square - minus Mattermost/svg' is clicked on

2020-06-05 19:26:08 - [TEST_STEP][PASSED] - click(findTestObject("Object Repository/1612427/06_ChangeEmail/Page_Town Square - minus Mattermost/span_Account Settings")): Object: 'Object Repository/1612427/06_ChangeEmail/Page_Town Square - minus Mattermost/span_Account Settings' is clicked on

2020-06-05 19:26:09 - [MESSAGE][PASSED] - Object: 'Object Repository/1612427/06_ChangeEmail/Page_Town Square - minus Mattermost/span_Account Settings' is clicked on

2020-06-05 19:26:09 - [TEST_STEP][PASSED] - click(findTestObject("Object Repository/1612427/06_ChangeEmail/Page_Town Square - minus Mattermost/span_Edit")): Object: 'Object Repository/1612427/06_ChangeEmail/Page_Town Square - minus Mattermost/span_Edit' is clicked on

2020-06-05 19:26:10 - [MESSAGE][PASSED] - Object: 'Object Repository/1612427/06_ChangeEmail/Page_Town Square - minus Mattermost/span_Edit' is clicked on

2020-06-05 19:26:10 - [TEST_STEP][PASSED] - setText(findTestObject("Object Repository/1612427/06_ChangeEmail/Page_Town Square - minus Mattermost/input_New Email_primaryEmail"), email): Text 'sss.com' is set on object 'Object Repository/1612427/06_ChangeEmail/Page_Town Square - minus Mattermost/input_New Email_primaryEmail'

2020-06-05 19:26:11 - [MESSAGE][PASSED] - Text 'sss.com' is set on object 'Object Repository/1612427/06_ChangeEmail/Page_Town Square - minus Mattermost/input_New Email_primaryEmail'

2020-06-05 19:26:11 - [TEST_STEP][PASSED] - setText(findTestObject("Object Repository/1612427/06_ChangeEmail/Page_Town Square - minus Mattermost/input_Confirm Email_confirmEmail"), confirm_email): Text 'sss.com' is set on object 'Object Repository/1612427/06_ChangeEmail/Page_Town Square - minus Mattermost/input_Confirm Email_confirmEmail'

2020-06-05 19:26:12 - [MESSAGE][PASSED] - Text 'sss.com' is set on object 'Object Repository/1612427/06_ChangeEmail/Page_Town Square - minus Mattermost/input_Confirm Email_confirmEmail'

2020-06-05 19:26:12 - [TEST_STEP][PASSED] - setEncryptedText(findTestObject("Object Repository/1612427/06_ChangeEmail/Page_Town Square - minus Mattermost/input_Current Password_currentPassword"), password): Text ****** has been set on object 'Object Repository/1612427/06_ChangeEmail/Page_Town Square - minus Mattermost/input_Current Password_currentPassword'

2020-06-05 19:26:13 - [MESSAGE][PASSED] - Text ****** has been set on object 'Object Repository/1612427/06_ChangeEmail/Page_Town Square - minus Mattermost/input_Current Password_currentPassword'

2020-06-05 19:26:13 - [TEST_STEP][PASSED] - click(findTestObject("Object Repository/1612427/06_ChangeEmail/Page_Town Square - minus Mattermost/span_Save")): Object: 'Object Repository/1612427/06_ChangeEmail/Page_Town Square - minus Mattermost/span_Save' is clicked on

2020-06-05 19:26:13 - [MESSAGE][PASSED] - Object: 'Object Repository/1612427/06_ChangeEmail/Page_Town Square - minus Mattermost/span_Save' is clicked on

2020-06-05 19:26:13 - [TEST_STEP][PASSED] - closeBrowser(): Browser is closed

2020-06-05 19:26:14 - [MESSAGE][PASSED] - Browser is closed]]></system-out>
         <system-err><![CDATA[]]></system-err>
      </testcase>
      <testcase name="Test Cases/1612427/06_ChangeEmail" time="19.302" classname="Test Cases/1612427/06_ChangeEmail" status="PASSED">
         <system-out><![CDATA[2020-06-05 19:26:14 - [TEST_CASE][PASSED] - Test Cases/1612427/06_ChangeEmail: Test Cases/1612427/06_ChangeEmail

2020-06-05 19:26:14 - [TEST_STEP][PASSED] - openBrowser(""): Browser is opened with url: ''

2020-06-05 19:26:14 - [MESSAGE][INFO] - Starting 'Chrome' driver

2020-06-05 19:26:14 - [MESSAGE][INFO] - Action delay is set to 0 milliseconds

2020-06-05 19:26:17 - [MESSAGE][PASSED] - Browser is opened with url: ''

2020-06-05 19:26:17 - [TEST_STEP][PASSED] - navigateToUrl("http://localhost:8065/login"): Navigate to 'http://localhost:8065/login' successfully

2020-06-05 19:26:19 - [MESSAGE][PASSED] - Navigate to 'http://localhost:8065/login' successfully

2020-06-05 19:26:19 - [TEST_STEP][PASSED] - setText(findTestObject("Object Repository/1612427/06_ChangeEmail/Page_Mattermost/input_All team communication in one place s_703ef5"), "hcmus-cdnc"): Text 'hcmus-cdnc' is set on object 'Object Repository/1612427/06_ChangeEmail/Page_Mattermost/input_All team communication in one place s_703ef5'

2020-06-05 19:26:21 - [MESSAGE][PASSED] - Text 'hcmus-cdnc' is set on object 'Object Repository/1612427/06_ChangeEmail/Page_Mattermost/input_All team communication in one place s_703ef5'

2020-06-05 19:26:21 - [TEST_STEP][PASSED] - click(findTestObject("Object Repository/1612427/06_ChangeEmail/Page_Mattermost/input_All team communication in one place s_703ef5")): Object: 'Object Repository/1612427/06_ChangeEmail/Page_Mattermost/input_All team communication in one place s_703ef5' is clicked on

2020-06-05 19:26:21 - [MESSAGE][PASSED] - Object: 'Object Repository/1612427/06_ChangeEmail/Page_Mattermost/input_All team communication in one place s_703ef5' is clicked on

2020-06-05 19:26:21 - [TEST_STEP][PASSED] - setText(findTestObject("Object Repository/1612427/06_ChangeEmail/Page_Mattermost/input_All team communication in one place s_703ef5"), "hcmus-cdnc"): Text 'hcmus-cdnc' is set on object 'Object Repository/1612427/06_ChangeEmail/Page_Mattermost/input_All team communication in one place s_703ef5'

2020-06-05 19:26:22 - [MESSAGE][PASSED] - Text 'hcmus-cdnc' is set on object 'Object Repository/1612427/06_ChangeEmail/Page_Mattermost/input_All team communication in one place s_703ef5'

2020-06-05 19:26:22 - [TEST_STEP][PASSED] - setEncryptedText(findTestObject("Object Repository/1612427/06_ChangeEmail/Page_Mattermost/input_All team communication in one place s_2f2733"), "aeHFOx8jV/A="): Text ****** has been set on object 'Object Repository/1612427/06_ChangeEmail/Page_Mattermost/input_All team communication in one place s_2f2733'

2020-06-05 19:26:23 - [MESSAGE][PASSED] - Text ****** has been set on object 'Object Repository/1612427/06_ChangeEmail/Page_Mattermost/input_All team communication in one place s_2f2733'

2020-06-05 19:26:23 - [TEST_STEP][PASSED] - click(findTestObject("Object Repository/1612427/06_ChangeEmail/Page_Mattermost/span_Sign in")): Object: 'Object Repository/1612427/06_ChangeEmail/Page_Mattermost/span_Sign in' is clicked on

2020-06-05 19:26:23 - [MESSAGE][PASSED] - Object: 'Object Repository/1612427/06_ChangeEmail/Page_Mattermost/span_Sign in' is clicked on

2020-06-05 19:26:23 - [TEST_STEP][PASSED] - click(findTestObject("Object Repository/1612427/06_ChangeEmail/Page_Town Square - minus Mattermost/svg")): Object: 'Object Repository/1612427/06_ChangeEmail/Page_Town Square - minus Mattermost/svg' is clicked on

2020-06-05 19:26:27 - [MESSAGE][PASSED] - Object: 'Object Repository/1612427/06_ChangeEmail/Page_Town Square - minus Mattermost/svg' is clicked on

2020-06-05 19:26:27 - [TEST_STEP][PASSED] - click(findTestObject("Object Repository/1612427/06_ChangeEmail/Page_Town Square - minus Mattermost/span_Account Settings")): Object: 'Object Repository/1612427/06_ChangeEmail/Page_Town Square - minus Mattermost/span_Account Settings' is clicked on

2020-06-05 19:26:28 - [MESSAGE][PASSED] - Object: 'Object Repository/1612427/06_ChangeEmail/Page_Town Square - minus Mattermost/span_Account Settings' is clicked on

2020-06-05 19:26:28 - [TEST_STEP][PASSED] - click(findTestObject("Object Repository/1612427/06_ChangeEmail/Page_Town Square - minus Mattermost/span_Edit")): Object: 'Object Repository/1612427/06_ChangeEmail/Page_Town Square - minus Mattermost/span_Edit' is clicked on

2020-06-05 19:26:29 - [MESSAGE][PASSED] - Object: 'Object Repository/1612427/06_ChangeEmail/Page_Town Square - minus Mattermost/span_Edit' is clicked on

2020-06-05 19:26:29 - [TEST_STEP][PASSED] - setText(findTestObject("Object Repository/1612427/06_ChangeEmail/Page_Town Square - minus Mattermost/input_New Email_primaryEmail"), email): Text 'email@email.com' is set on object 'Object Repository/1612427/06_ChangeEmail/Page_Town Square - minus Mattermost/input_New Email_primaryEmail'

2020-06-05 19:26:30 - [MESSAGE][PASSED] - Text 'email@email.com' is set on object 'Object Repository/1612427/06_ChangeEmail/Page_Town Square - minus Mattermost/input_New Email_primaryEmail'

2020-06-05 19:26:30 - [TEST_STEP][PASSED] - setText(findTestObject("Object Repository/1612427/06_ChangeEmail/Page_Town Square - minus Mattermost/input_Confirm Email_confirmEmail"), confirm_email): Text 'email@email#' is set on object 'Object Repository/1612427/06_ChangeEmail/Page_Town Square - minus Mattermost/input_Confirm Email_confirmEmail'

2020-06-05 19:26:31 - [MESSAGE][PASSED] - Text 'email@email#' is set on object 'Object Repository/1612427/06_ChangeEmail/Page_Town Square - minus Mattermost/input_Confirm Email_confirmEmail'

2020-06-05 19:26:31 - [TEST_STEP][PASSED] - setEncryptedText(findTestObject("Object Repository/1612427/06_ChangeEmail/Page_Town Square - minus Mattermost/input_Current Password_currentPassword"), password): Text ****** has been set on object 'Object Repository/1612427/06_ChangeEmail/Page_Town Square - minus Mattermost/input_Current Password_currentPassword'

2020-06-05 19:26:32 - [MESSAGE][PASSED] - Text ****** has been set on object 'Object Repository/1612427/06_ChangeEmail/Page_Town Square - minus Mattermost/input_Current Password_currentPassword'

2020-06-05 19:26:32 - [TEST_STEP][PASSED] - click(findTestObject("Object Repository/1612427/06_ChangeEmail/Page_Town Square - minus Mattermost/span_Save")): Object: 'Object Repository/1612427/06_ChangeEmail/Page_Town Square - minus Mattermost/span_Save' is clicked on

2020-06-05 19:26:32 - [MESSAGE][PASSED] - Object: 'Object Repository/1612427/06_ChangeEmail/Page_Town Square - minus Mattermost/span_Save' is clicked on

2020-06-05 19:26:32 - [TEST_STEP][PASSED] - closeBrowser(): Browser is closed

2020-06-05 19:26:33 - [MESSAGE][PASSED] - Browser is closed]]></system-out>
         <system-err><![CDATA[]]></system-err>
      </testcase>
      <testcase name="Test Cases/1612427/06_ChangeEmail" time="19.915" classname="Test Cases/1612427/06_ChangeEmail" status="PASSED">
         <system-out><![CDATA[2020-06-05 19:26:33 - [TEST_CASE][PASSED] - Test Cases/1612427/06_ChangeEmail: Test Cases/1612427/06_ChangeEmail

2020-06-05 19:26:33 - [TEST_STEP][PASSED] - openBrowser(""): Browser is opened with url: ''

2020-06-05 19:26:33 - [MESSAGE][INFO] - Starting 'Chrome' driver

2020-06-05 19:26:33 - [MESSAGE][INFO] - Action delay is set to 0 milliseconds

2020-06-05 19:26:37 - [MESSAGE][PASSED] - Browser is opened with url: ''

2020-06-05 19:26:37 - [TEST_STEP][PASSED] - navigateToUrl("http://localhost:8065/login"): Navigate to 'http://localhost:8065/login' successfully

2020-06-05 19:26:38 - [MESSAGE][PASSED] - Navigate to 'http://localhost:8065/login' successfully

2020-06-05 19:26:38 - [TEST_STEP][PASSED] - setText(findTestObject("Object Repository/1612427/06_ChangeEmail/Page_Mattermost/input_All team communication in one place s_703ef5"), "hcmus-cdnc"): Text 'hcmus-cdnc' is set on object 'Object Repository/1612427/06_ChangeEmail/Page_Mattermost/input_All team communication in one place s_703ef5'

2020-06-05 19:26:40 - [MESSAGE][PASSED] - Text 'hcmus-cdnc' is set on object 'Object Repository/1612427/06_ChangeEmail/Page_Mattermost/input_All team communication in one place s_703ef5'

2020-06-05 19:26:40 - [TEST_STEP][PASSED] - click(findTestObject("Object Repository/1612427/06_ChangeEmail/Page_Mattermost/input_All team communication in one place s_703ef5")): Object: 'Object Repository/1612427/06_ChangeEmail/Page_Mattermost/input_All team communication in one place s_703ef5' is clicked on

2020-06-05 19:26:41 - [MESSAGE][PASSED] - Object: 'Object Repository/1612427/06_ChangeEmail/Page_Mattermost/input_All team communication in one place s_703ef5' is clicked on

2020-06-05 19:26:41 - [TEST_STEP][PASSED] - setText(findTestObject("Object Repository/1612427/06_ChangeEmail/Page_Mattermost/input_All team communication in one place s_703ef5"), "hcmus-cdnc"): Text 'hcmus-cdnc' is set on object 'Object Repository/1612427/06_ChangeEmail/Page_Mattermost/input_All team communication in one place s_703ef5'

2020-06-05 19:26:41 - [MESSAGE][PASSED] - Text 'hcmus-cdnc' is set on object 'Object Repository/1612427/06_ChangeEmail/Page_Mattermost/input_All team communication in one place s_703ef5'

2020-06-05 19:26:41 - [TEST_STEP][PASSED] - setEncryptedText(findTestObject("Object Repository/1612427/06_ChangeEmail/Page_Mattermost/input_All team communication in one place s_2f2733"), "aeHFOx8jV/A="): Text ****** has been set on object 'Object Repository/1612427/06_ChangeEmail/Page_Mattermost/input_All team communication in one place s_2f2733'

2020-06-05 19:26:42 - [MESSAGE][PASSED] - Text ****** has been set on object 'Object Repository/1612427/06_ChangeEmail/Page_Mattermost/input_All team communication in one place s_2f2733'

2020-06-05 19:26:42 - [TEST_STEP][PASSED] - click(findTestObject("Object Repository/1612427/06_ChangeEmail/Page_Mattermost/span_Sign in")): Object: 'Object Repository/1612427/06_ChangeEmail/Page_Mattermost/span_Sign in' is clicked on

2020-06-05 19:26:43 - [MESSAGE][PASSED] - Object: 'Object Repository/1612427/06_ChangeEmail/Page_Mattermost/span_Sign in' is clicked on

2020-06-05 19:26:43 - [TEST_STEP][PASSED] - click(findTestObject("Object Repository/1612427/06_ChangeEmail/Page_Town Square - minus Mattermost/svg")): Object: 'Object Repository/1612427/06_ChangeEmail/Page_Town Square - minus Mattermost/svg' is clicked on

2020-06-05 19:26:46 - [MESSAGE][PASSED] - Object: 'Object Repository/1612427/06_ChangeEmail/Page_Town Square - minus Mattermost/svg' is clicked on

2020-06-05 19:26:46 - [TEST_STEP][PASSED] - click(findTestObject("Object Repository/1612427/06_ChangeEmail/Page_Town Square - minus Mattermost/span_Account Settings")): Object: 'Object Repository/1612427/06_ChangeEmail/Page_Town Square - minus Mattermost/span_Account Settings' is clicked on

2020-06-05 19:26:47 - [MESSAGE][PASSED] - Object: 'Object Repository/1612427/06_ChangeEmail/Page_Town Square - minus Mattermost/span_Account Settings' is clicked on

2020-06-05 19:26:47 - [TEST_STEP][PASSED] - click(findTestObject("Object Repository/1612427/06_ChangeEmail/Page_Town Square - minus Mattermost/span_Edit")): Object: 'Object Repository/1612427/06_ChangeEmail/Page_Town Square - minus Mattermost/span_Edit' is clicked on

2020-06-05 19:26:48 - [MESSAGE][PASSED] - Object: 'Object Repository/1612427/06_ChangeEmail/Page_Town Square - minus Mattermost/span_Edit' is clicked on

2020-06-05 19:26:48 - [TEST_STEP][PASSED] - setText(findTestObject("Object Repository/1612427/06_ChangeEmail/Page_Town Square - minus Mattermost/input_New Email_primaryEmail"), email): Text 'hcmus-cdnc@gmail.com' is set on object 'Object Repository/1612427/06_ChangeEmail/Page_Town Square - minus Mattermost/input_New Email_primaryEmail'

2020-06-05 19:26:50 - [MESSAGE][PASSED] - Text 'hcmus-cdnc@gmail.com' is set on object 'Object Repository/1612427/06_ChangeEmail/Page_Town Square - minus Mattermost/input_New Email_primaryEmail'

2020-06-05 19:26:50 - [TEST_STEP][PASSED] - setText(findTestObject("Object Repository/1612427/06_ChangeEmail/Page_Town Square - minus Mattermost/input_Confirm Email_confirmEmail"), confirm_email): Text 'hcmus-cdnc@gmail.com' is set on object 'Object Repository/1612427/06_ChangeEmail/Page_Town Square - minus Mattermost/input_Confirm Email_confirmEmail'

2020-06-05 19:26:51 - [MESSAGE][PASSED] - Text 'hcmus-cdnc@gmail.com' is set on object 'Object Repository/1612427/06_ChangeEmail/Page_Town Square - minus Mattermost/input_Confirm Email_confirmEmail'

2020-06-05 19:26:51 - [TEST_STEP][PASSED] - setEncryptedText(findTestObject("Object Repository/1612427/06_ChangeEmail/Page_Town Square - minus Mattermost/input_Current Password_currentPassword"), password): Text ****** has been set on object 'Object Repository/1612427/06_ChangeEmail/Page_Town Square - minus Mattermost/input_Current Password_currentPassword'

2020-06-05 19:26:52 - [MESSAGE][PASSED] - Text ****** has been set on object 'Object Repository/1612427/06_ChangeEmail/Page_Town Square - minus Mattermost/input_Current Password_currentPassword'

2020-06-05 19:26:52 - [TEST_STEP][PASSED] - click(findTestObject("Object Repository/1612427/06_ChangeEmail/Page_Town Square - minus Mattermost/span_Save")): Object: 'Object Repository/1612427/06_ChangeEmail/Page_Town Square - minus Mattermost/span_Save' is clicked on

2020-06-05 19:26:52 - [MESSAGE][PASSED] - Object: 'Object Repository/1612427/06_ChangeEmail/Page_Town Square - minus Mattermost/span_Save' is clicked on

2020-06-05 19:26:52 - [TEST_STEP][PASSED] - closeBrowser(): Browser is closed

2020-06-05 19:26:53 - [MESSAGE][PASSED] - Browser is closed]]></system-out>
         <system-err><![CDATA[]]></system-err>
      </testcase>
      <testcase name="Test Cases/1612427/07_AddTriggerMention" time="18.754" classname="Test Cases/1612427/07_AddTriggerMention" status="PASSED">
         <system-out><![CDATA[2020-06-05 19:26:53 - [TEST_CASE][PASSED] - Test Cases/1612427/07_AddTriggerMention: Test Cases/1612427/07_AddTriggerMention

2020-06-05 19:26:53 - [TEST_STEP][PASSED] - openBrowser(""): Browser is opened with url: ''

2020-06-05 19:26:53 - [MESSAGE][INFO] - Starting 'Chrome' driver

2020-06-05 19:26:53 - [MESSAGE][INFO] - Action delay is set to 0 milliseconds

2020-06-05 19:26:57 - [MESSAGE][PASSED] - Browser is opened with url: ''

2020-06-05 19:26:57 - [TEST_STEP][PASSED] - navigateToUrl("http://localhost:8065/login"): Navigate to 'http://localhost:8065/login' successfully

2020-06-05 19:26:58 - [MESSAGE][PASSED] - Navigate to 'http://localhost:8065/login' successfully

2020-06-05 19:26:58 - [TEST_STEP][PASSED] - setText(findTestObject("Object Repository/1612427/06_ChangeEmail/Page_Mattermost/input_All team communication in one place s_703ef5"), "hcmus-cdnc"): Text 'hcmus-cdnc' is set on object 'Object Repository/1612427/06_ChangeEmail/Page_Mattermost/input_All team communication in one place s_703ef5'

2020-06-05 19:27:00 - [MESSAGE][PASSED] - Text 'hcmus-cdnc' is set on object 'Object Repository/1612427/06_ChangeEmail/Page_Mattermost/input_All team communication in one place s_703ef5'

2020-06-05 19:27:00 - [TEST_STEP][PASSED] - click(findTestObject("Object Repository/1612427/06_ChangeEmail/Page_Mattermost/input_All team communication in one place s_703ef5")): Object: 'Object Repository/1612427/06_ChangeEmail/Page_Mattermost/input_All team communication in one place s_703ef5' is clicked on

2020-06-05 19:27:01 - [MESSAGE][PASSED] - Object: 'Object Repository/1612427/06_ChangeEmail/Page_Mattermost/input_All team communication in one place s_703ef5' is clicked on

2020-06-05 19:27:01 - [TEST_STEP][PASSED] - setText(findTestObject("Object Repository/1612427/06_ChangeEmail/Page_Mattermost/input_All team communication in one place s_703ef5"), "hcmus-cdnc"): Text 'hcmus-cdnc' is set on object 'Object Repository/1612427/06_ChangeEmail/Page_Mattermost/input_All team communication in one place s_703ef5'

2020-06-05 19:27:01 - [MESSAGE][PASSED] - Text 'hcmus-cdnc' is set on object 'Object Repository/1612427/06_ChangeEmail/Page_Mattermost/input_All team communication in one place s_703ef5'

2020-06-05 19:27:01 - [TEST_STEP][PASSED] - setEncryptedText(findTestObject("Object Repository/1612427/06_ChangeEmail/Page_Mattermost/input_All team communication in one place s_2f2733"), "aeHFOx8jV/A="): Text ****** has been set on object 'Object Repository/1612427/06_ChangeEmail/Page_Mattermost/input_All team communication in one place s_2f2733'

2020-06-05 19:27:02 - [MESSAGE][PASSED] - Text ****** has been set on object 'Object Repository/1612427/06_ChangeEmail/Page_Mattermost/input_All team communication in one place s_2f2733'

2020-06-05 19:27:02 - [TEST_STEP][PASSED] - click(findTestObject("Object Repository/1612427/06_ChangeEmail/Page_Mattermost/span_Sign in")): Object: 'Object Repository/1612427/06_ChangeEmail/Page_Mattermost/span_Sign in' is clicked on

2020-06-05 19:27:03 - [MESSAGE][PASSED] - Object: 'Object Repository/1612427/06_ChangeEmail/Page_Mattermost/span_Sign in' is clicked on

2020-06-05 19:27:03 - [TEST_STEP][PASSED] - click(findTestObject("Object Repository/1612427/06_ChangeEmail/Page_Town Square - minus Mattermost/svg")): Object: 'Object Repository/1612427/06_ChangeEmail/Page_Town Square - minus Mattermost/svg' is clicked on

2020-06-05 19:27:07 - [MESSAGE][PASSED] - Object: 'Object Repository/1612427/06_ChangeEmail/Page_Town Square - minus Mattermost/svg' is clicked on

2020-06-05 19:27:07 - [TEST_STEP][PASSED] - click(findTestObject("Object Repository/1612427/06_ChangeEmail/Page_Town Square - minus Mattermost/span_Account Settings")): Object: 'Object Repository/1612427/06_ChangeEmail/Page_Town Square - minus Mattermost/span_Account Settings' is clicked on

2020-06-05 19:27:08 - [MESSAGE][PASSED] - Object: 'Object Repository/1612427/06_ChangeEmail/Page_Town Square - minus Mattermost/span_Account Settings' is clicked on

2020-06-05 19:27:08 - [TEST_STEP][PASSED] - click(findTestObject("Object Repository/1612427/07_AddTriggerMention/Page_Town Square - minus Mattermost/button_Notifications")): Object: 'Object Repository/1612427/07_AddTriggerMention/Page_Town Square - minus Mattermost/button_Notifications' is clicked on

2020-06-05 19:27:09 - [MESSAGE][PASSED] - Object: 'Object Repository/1612427/07_AddTriggerMention/Page_Town Square - minus Mattermost/button_Notifications' is clicked on

2020-06-05 19:27:09 - [TEST_STEP][PASSED] - click(findTestObject("Object Repository/1612427/07_AddTriggerMention/Page_Town Square - minus Mattermost/span_Edit")): Object: 'Object Repository/1612427/07_AddTriggerMention/Page_Town Square - minus Mattermost/span_Edit' is clicked on

2020-06-05 19:27:09 - [MESSAGE][PASSED] - Object: 'Object Repository/1612427/07_AddTriggerMention/Page_Town Square - minus Mattermost/span_Edit' is clicked on

2020-06-05 19:27:09 - [TEST_STEP][PASSED] - setText(findTestObject("Object Repository/1612427/07_AddTriggerMention/Page_Town Square - minus Mattermost/input_Other non-case sensitive words separa_48b795"), trigger_name): Text 'nghiem' is set on object 'Object Repository/1612427/07_AddTriggerMention/Page_Town Square - minus Mattermost/input_Other non-case sensitive words separa_48b795'

2020-06-05 19:27:11 - [MESSAGE][PASSED] - Text 'nghiem' is set on object 'Object Repository/1612427/07_AddTriggerMention/Page_Town Square - minus Mattermost/input_Other non-case sensitive words separa_48b795'

2020-06-05 19:27:11 - [TEST_STEP][PASSED] - click(findTestObject("Object Repository/1612427/07_AddTriggerMention/Page_Town Square - minus Mattermost/span_Save")): Object: 'Object Repository/1612427/07_AddTriggerMention/Page_Town Square - minus Mattermost/span_Save' is clicked on

2020-06-05 19:27:11 - [MESSAGE][PASSED] - Object: 'Object Repository/1612427/07_AddTriggerMention/Page_Town Square - minus Mattermost/span_Save' is clicked on

2020-06-05 19:27:11 - [TEST_STEP][PASSED] - closeBrowser(): Browser is closed

2020-06-05 19:27:12 - [MESSAGE][PASSED] - Browser is closed]]></system-out>
         <system-err><![CDATA[]]></system-err>
      </testcase>
      <testcase name="Test Cases/1612427/07_AddTriggerMention" time="17.87" classname="Test Cases/1612427/07_AddTriggerMention" status="PASSED">
         <system-out><![CDATA[2020-06-05 19:27:12 - [TEST_CASE][PASSED] - Test Cases/1612427/07_AddTriggerMention: Test Cases/1612427/07_AddTriggerMention

2020-06-05 19:27:12 - [TEST_STEP][PASSED] - openBrowser(""): Browser is opened with url: ''

2020-06-05 19:27:12 - [MESSAGE][INFO] - Starting 'Chrome' driver

2020-06-05 19:27:12 - [MESSAGE][INFO] - Action delay is set to 0 milliseconds

2020-06-05 19:27:15 - [MESSAGE][PASSED] - Browser is opened with url: ''

2020-06-05 19:27:15 - [TEST_STEP][PASSED] - navigateToUrl("http://localhost:8065/login"): Navigate to 'http://localhost:8065/login' successfully

2020-06-05 19:27:17 - [MESSAGE][PASSED] - Navigate to 'http://localhost:8065/login' successfully

2020-06-05 19:27:17 - [TEST_STEP][PASSED] - setText(findTestObject("Object Repository/1612427/06_ChangeEmail/Page_Mattermost/input_All team communication in one place s_703ef5"), "hcmus-cdnc"): Text 'hcmus-cdnc' is set on object 'Object Repository/1612427/06_ChangeEmail/Page_Mattermost/input_All team communication in one place s_703ef5'

2020-06-05 19:27:19 - [MESSAGE][PASSED] - Text 'hcmus-cdnc' is set on object 'Object Repository/1612427/06_ChangeEmail/Page_Mattermost/input_All team communication in one place s_703ef5'

2020-06-05 19:27:19 - [TEST_STEP][PASSED] - click(findTestObject("Object Repository/1612427/06_ChangeEmail/Page_Mattermost/input_All team communication in one place s_703ef5")): Object: 'Object Repository/1612427/06_ChangeEmail/Page_Mattermost/input_All team communication in one place s_703ef5' is clicked on

2020-06-05 19:27:19 - [MESSAGE][PASSED] - Object: 'Object Repository/1612427/06_ChangeEmail/Page_Mattermost/input_All team communication in one place s_703ef5' is clicked on

2020-06-05 19:27:19 - [TEST_STEP][PASSED] - setText(findTestObject("Object Repository/1612427/06_ChangeEmail/Page_Mattermost/input_All team communication in one place s_703ef5"), "hcmus-cdnc"): Text 'hcmus-cdnc' is set on object 'Object Repository/1612427/06_ChangeEmail/Page_Mattermost/input_All team communication in one place s_703ef5'

2020-06-05 19:27:20 - [MESSAGE][PASSED] - Text 'hcmus-cdnc' is set on object 'Object Repository/1612427/06_ChangeEmail/Page_Mattermost/input_All team communication in one place s_703ef5'

2020-06-05 19:27:20 - [TEST_STEP][PASSED] - setEncryptedText(findTestObject("Object Repository/1612427/06_ChangeEmail/Page_Mattermost/input_All team communication in one place s_2f2733"), "aeHFOx8jV/A="): Text ****** has been set on object 'Object Repository/1612427/06_ChangeEmail/Page_Mattermost/input_All team communication in one place s_2f2733'

2020-06-05 19:27:21 - [MESSAGE][PASSED] - Text ****** has been set on object 'Object Repository/1612427/06_ChangeEmail/Page_Mattermost/input_All team communication in one place s_2f2733'

2020-06-05 19:27:21 - [TEST_STEP][PASSED] - click(findTestObject("Object Repository/1612427/06_ChangeEmail/Page_Mattermost/span_Sign in")): Object: 'Object Repository/1612427/06_ChangeEmail/Page_Mattermost/span_Sign in' is clicked on

2020-06-05 19:27:21 - [MESSAGE][PASSED] - Object: 'Object Repository/1612427/06_ChangeEmail/Page_Mattermost/span_Sign in' is clicked on

2020-06-05 19:27:21 - [TEST_STEP][PASSED] - click(findTestObject("Object Repository/1612427/06_ChangeEmail/Page_Town Square - minus Mattermost/svg")): Object: 'Object Repository/1612427/06_ChangeEmail/Page_Town Square - minus Mattermost/svg' is clicked on

2020-06-05 19:27:25 - [MESSAGE][PASSED] - Object: 'Object Repository/1612427/06_ChangeEmail/Page_Town Square - minus Mattermost/svg' is clicked on

2020-06-05 19:27:25 - [TEST_STEP][PASSED] - click(findTestObject("Object Repository/1612427/06_ChangeEmail/Page_Town Square - minus Mattermost/span_Account Settings")): Object: 'Object Repository/1612427/06_ChangeEmail/Page_Town Square - minus Mattermost/span_Account Settings' is clicked on

2020-06-05 19:27:26 - [MESSAGE][PASSED] - Object: 'Object Repository/1612427/06_ChangeEmail/Page_Town Square - minus Mattermost/span_Account Settings' is clicked on

2020-06-05 19:27:26 - [TEST_STEP][PASSED] - click(findTestObject("Object Repository/1612427/07_AddTriggerMention/Page_Town Square - minus Mattermost/button_Notifications")): Object: 'Object Repository/1612427/07_AddTriggerMention/Page_Town Square - minus Mattermost/button_Notifications' is clicked on

2020-06-05 19:27:27 - [MESSAGE][PASSED] - Object: 'Object Repository/1612427/07_AddTriggerMention/Page_Town Square - minus Mattermost/button_Notifications' is clicked on

2020-06-05 19:27:27 - [TEST_STEP][PASSED] - click(findTestObject("Object Repository/1612427/07_AddTriggerMention/Page_Town Square - minus Mattermost/span_Edit")): Object: 'Object Repository/1612427/07_AddTriggerMention/Page_Town Square - minus Mattermost/span_Edit' is clicked on

2020-06-05 19:27:28 - [MESSAGE][PASSED] - Object: 'Object Repository/1612427/07_AddTriggerMention/Page_Town Square - minus Mattermost/span_Edit' is clicked on

2020-06-05 19:27:28 - [TEST_STEP][PASSED] - setText(findTestObject("Object Repository/1612427/07_AddTriggerMention/Page_Town Square - minus Mattermost/input_Other non-case sensitive words separa_48b795"), trigger_name): Text '...' is set on object 'Object Repository/1612427/07_AddTriggerMention/Page_Town Square - minus Mattermost/input_Other non-case sensitive words separa_48b795'

2020-06-05 19:27:28 - [MESSAGE][PASSED] - Text '...' is set on object 'Object Repository/1612427/07_AddTriggerMention/Page_Town Square - minus Mattermost/input_Other non-case sensitive words separa_48b795'

2020-06-05 19:27:28 - [TEST_STEP][PASSED] - click(findTestObject("Object Repository/1612427/07_AddTriggerMention/Page_Town Square - minus Mattermost/span_Save")): Object: 'Object Repository/1612427/07_AddTriggerMention/Page_Town Square - minus Mattermost/span_Save' is clicked on

2020-06-05 19:27:29 - [MESSAGE][PASSED] - Object: 'Object Repository/1612427/07_AddTriggerMention/Page_Town Square - minus Mattermost/span_Save' is clicked on

2020-06-05 19:27:29 - [TEST_STEP][PASSED] - closeBrowser(): Browser is closed

2020-06-05 19:27:30 - [MESSAGE][PASSED] - Browser is closed]]></system-out>
         <system-err><![CDATA[]]></system-err>
      </testcase>
      <testcase name="Test Cases/1612427/07_AddTriggerMention" time="18.504" classname="Test Cases/1612427/07_AddTriggerMention" status="PASSED">
         <system-out><![CDATA[2020-06-05 19:27:30 - [TEST_CASE][PASSED] - Test Cases/1612427/07_AddTriggerMention: Test Cases/1612427/07_AddTriggerMention

2020-06-05 19:27:30 - [TEST_STEP][PASSED] - openBrowser(""): Browser is opened with url: ''

2020-06-05 19:27:30 - [MESSAGE][INFO] - Starting 'Chrome' driver

2020-06-05 19:27:30 - [MESSAGE][INFO] - Action delay is set to 0 milliseconds

2020-06-05 19:27:33 - [MESSAGE][PASSED] - Browser is opened with url: ''

2020-06-05 19:27:33 - [TEST_STEP][PASSED] - navigateToUrl("http://localhost:8065/login"): Navigate to 'http://localhost:8065/login' successfully

2020-06-05 19:27:35 - [MESSAGE][PASSED] - Navigate to 'http://localhost:8065/login' successfully

2020-06-05 19:27:35 - [TEST_STEP][PASSED] - setText(findTestObject("Object Repository/1612427/06_ChangeEmail/Page_Mattermost/input_All team communication in one place s_703ef5"), "hcmus-cdnc"): Text 'hcmus-cdnc' is set on object 'Object Repository/1612427/06_ChangeEmail/Page_Mattermost/input_All team communication in one place s_703ef5'

2020-06-05 19:27:37 - [MESSAGE][PASSED] - Text 'hcmus-cdnc' is set on object 'Object Repository/1612427/06_ChangeEmail/Page_Mattermost/input_All team communication in one place s_703ef5'

2020-06-05 19:27:37 - [TEST_STEP][PASSED] - click(findTestObject("Object Repository/1612427/06_ChangeEmail/Page_Mattermost/input_All team communication in one place s_703ef5")): Object: 'Object Repository/1612427/06_ChangeEmail/Page_Mattermost/input_All team communication in one place s_703ef5' is clicked on

2020-06-05 19:27:37 - [MESSAGE][PASSED] - Object: 'Object Repository/1612427/06_ChangeEmail/Page_Mattermost/input_All team communication in one place s_703ef5' is clicked on

2020-06-05 19:27:37 - [TEST_STEP][PASSED] - setText(findTestObject("Object Repository/1612427/06_ChangeEmail/Page_Mattermost/input_All team communication in one place s_703ef5"), "hcmus-cdnc"): Text 'hcmus-cdnc' is set on object 'Object Repository/1612427/06_ChangeEmail/Page_Mattermost/input_All team communication in one place s_703ef5'

2020-06-05 19:27:38 - [MESSAGE][PASSED] - Text 'hcmus-cdnc' is set on object 'Object Repository/1612427/06_ChangeEmail/Page_Mattermost/input_All team communication in one place s_703ef5'

2020-06-05 19:27:38 - [TEST_STEP][PASSED] - setEncryptedText(findTestObject("Object Repository/1612427/06_ChangeEmail/Page_Mattermost/input_All team communication in one place s_2f2733"), "aeHFOx8jV/A="): Text ****** has been set on object 'Object Repository/1612427/06_ChangeEmail/Page_Mattermost/input_All team communication in one place s_2f2733'

2020-06-05 19:27:39 - [MESSAGE][PASSED] - Text ****** has been set on object 'Object Repository/1612427/06_ChangeEmail/Page_Mattermost/input_All team communication in one place s_2f2733'

2020-06-05 19:27:39 - [TEST_STEP][PASSED] - click(findTestObject("Object Repository/1612427/06_ChangeEmail/Page_Mattermost/span_Sign in")): Object: 'Object Repository/1612427/06_ChangeEmail/Page_Mattermost/span_Sign in' is clicked on

2020-06-05 19:27:39 - [MESSAGE][PASSED] - Object: 'Object Repository/1612427/06_ChangeEmail/Page_Mattermost/span_Sign in' is clicked on

2020-06-05 19:27:39 - [TEST_STEP][PASSED] - click(findTestObject("Object Repository/1612427/06_ChangeEmail/Page_Town Square - minus Mattermost/svg")): Object: 'Object Repository/1612427/06_ChangeEmail/Page_Town Square - minus Mattermost/svg' is clicked on

2020-06-05 19:27:43 - [MESSAGE][PASSED] - Object: 'Object Repository/1612427/06_ChangeEmail/Page_Town Square - minus Mattermost/svg' is clicked on

2020-06-05 19:27:43 - [TEST_STEP][PASSED] - click(findTestObject("Object Repository/1612427/06_ChangeEmail/Page_Town Square - minus Mattermost/span_Account Settings")): Object: 'Object Repository/1612427/06_ChangeEmail/Page_Town Square - minus Mattermost/span_Account Settings' is clicked on

2020-06-05 19:27:44 - [MESSAGE][PASSED] - Object: 'Object Repository/1612427/06_ChangeEmail/Page_Town Square - minus Mattermost/span_Account Settings' is clicked on

2020-06-05 19:27:44 - [TEST_STEP][PASSED] - click(findTestObject("Object Repository/1612427/07_AddTriggerMention/Page_Town Square - minus Mattermost/button_Notifications")): Object: 'Object Repository/1612427/07_AddTriggerMention/Page_Town Square - minus Mattermost/button_Notifications' is clicked on

2020-06-05 19:27:45 - [MESSAGE][PASSED] - Object: 'Object Repository/1612427/07_AddTriggerMention/Page_Town Square - minus Mattermost/button_Notifications' is clicked on

2020-06-05 19:27:45 - [TEST_STEP][PASSED] - click(findTestObject("Object Repository/1612427/07_AddTriggerMention/Page_Town Square - minus Mattermost/span_Edit")): Object: 'Object Repository/1612427/07_AddTriggerMention/Page_Town Square - minus Mattermost/span_Edit' is clicked on

2020-06-05 19:27:46 - [MESSAGE][PASSED] - Object: 'Object Repository/1612427/07_AddTriggerMention/Page_Town Square - minus Mattermost/span_Edit' is clicked on

2020-06-05 19:27:46 - [TEST_STEP][PASSED] - setText(findTestObject("Object Repository/1612427/07_AddTriggerMention/Page_Town Square - minus Mattermost/input_Other non-case sensitive words separa_48b795"), trigger_name): Text '^^^' is set on object 'Object Repository/1612427/07_AddTriggerMention/Page_Town Square - minus Mattermost/input_Other non-case sensitive words separa_48b795'

2020-06-05 19:27:47 - [MESSAGE][PASSED] - Text '^^^' is set on object 'Object Repository/1612427/07_AddTriggerMention/Page_Town Square - minus Mattermost/input_Other non-case sensitive words separa_48b795'

2020-06-05 19:27:47 - [TEST_STEP][PASSED] - click(findTestObject("Object Repository/1612427/07_AddTriggerMention/Page_Town Square - minus Mattermost/span_Save")): Object: 'Object Repository/1612427/07_AddTriggerMention/Page_Town Square - minus Mattermost/span_Save' is clicked on

2020-06-05 19:27:48 - [MESSAGE][PASSED] - Object: 'Object Repository/1612427/07_AddTriggerMention/Page_Town Square - minus Mattermost/span_Save' is clicked on

2020-06-05 19:27:48 - [TEST_STEP][PASSED] - closeBrowser(): Browser is closed

2020-06-05 19:27:48 - [MESSAGE][PASSED] - Browser is closed]]></system-out>
         <system-err><![CDATA[]]></system-err>
      </testcase>
      <testcase name="Test Cases/1612427/07_AddTriggerMention" time="18.059" classname="Test Cases/1612427/07_AddTriggerMention" status="PASSED">
         <system-out><![CDATA[2020-06-05 19:27:48 - [TEST_CASE][PASSED] - Test Cases/1612427/07_AddTriggerMention: Test Cases/1612427/07_AddTriggerMention

2020-06-05 19:27:48 - [TEST_STEP][PASSED] - openBrowser(""): Browser is opened with url: ''

2020-06-05 19:27:48 - [MESSAGE][INFO] - Starting 'Chrome' driver

2020-06-05 19:27:48 - [MESSAGE][INFO] - Action delay is set to 0 milliseconds

2020-06-05 19:27:52 - [MESSAGE][PASSED] - Browser is opened with url: ''

2020-06-05 19:27:52 - [TEST_STEP][PASSED] - navigateToUrl("http://localhost:8065/login"): Navigate to 'http://localhost:8065/login' successfully

2020-06-05 19:27:53 - [MESSAGE][PASSED] - Navigate to 'http://localhost:8065/login' successfully

2020-06-05 19:27:53 - [TEST_STEP][PASSED] - setText(findTestObject("Object Repository/1612427/06_ChangeEmail/Page_Mattermost/input_All team communication in one place s_703ef5"), "hcmus-cdnc"): Text 'hcmus-cdnc' is set on object 'Object Repository/1612427/06_ChangeEmail/Page_Mattermost/input_All team communication in one place s_703ef5'

2020-06-05 19:27:55 - [MESSAGE][PASSED] - Text 'hcmus-cdnc' is set on object 'Object Repository/1612427/06_ChangeEmail/Page_Mattermost/input_All team communication in one place s_703ef5'

2020-06-05 19:27:55 - [TEST_STEP][PASSED] - click(findTestObject("Object Repository/1612427/06_ChangeEmail/Page_Mattermost/input_All team communication in one place s_703ef5")): Object: 'Object Repository/1612427/06_ChangeEmail/Page_Mattermost/input_All team communication in one place s_703ef5' is clicked on

2020-06-05 19:27:56 - [MESSAGE][PASSED] - Object: 'Object Repository/1612427/06_ChangeEmail/Page_Mattermost/input_All team communication in one place s_703ef5' is clicked on

2020-06-05 19:27:56 - [TEST_STEP][PASSED] - setText(findTestObject("Object Repository/1612427/06_ChangeEmail/Page_Mattermost/input_All team communication in one place s_703ef5"), "hcmus-cdnc"): Text 'hcmus-cdnc' is set on object 'Object Repository/1612427/06_ChangeEmail/Page_Mattermost/input_All team communication in one place s_703ef5'

2020-06-05 19:27:57 - [MESSAGE][PASSED] - Text 'hcmus-cdnc' is set on object 'Object Repository/1612427/06_ChangeEmail/Page_Mattermost/input_All team communication in one place s_703ef5'

2020-06-05 19:27:57 - [TEST_STEP][PASSED] - setEncryptedText(findTestObject("Object Repository/1612427/06_ChangeEmail/Page_Mattermost/input_All team communication in one place s_2f2733"), "aeHFOx8jV/A="): Text ****** has been set on object 'Object Repository/1612427/06_ChangeEmail/Page_Mattermost/input_All team communication in one place s_2f2733'

2020-06-05 19:27:57 - [MESSAGE][PASSED] - Text ****** has been set on object 'Object Repository/1612427/06_ChangeEmail/Page_Mattermost/input_All team communication in one place s_2f2733'

2020-06-05 19:27:57 - [TEST_STEP][PASSED] - click(findTestObject("Object Repository/1612427/06_ChangeEmail/Page_Mattermost/span_Sign in")): Object: 'Object Repository/1612427/06_ChangeEmail/Page_Mattermost/span_Sign in' is clicked on

2020-06-05 19:27:58 - [MESSAGE][PASSED] - Object: 'Object Repository/1612427/06_ChangeEmail/Page_Mattermost/span_Sign in' is clicked on

2020-06-05 19:27:58 - [TEST_STEP][PASSED] - click(findTestObject("Object Repository/1612427/06_ChangeEmail/Page_Town Square - minus Mattermost/svg")): Object: 'Object Repository/1612427/06_ChangeEmail/Page_Town Square - minus Mattermost/svg' is clicked on

2020-06-05 19:28:02 - [MESSAGE][PASSED] - Object: 'Object Repository/1612427/06_ChangeEmail/Page_Town Square - minus Mattermost/svg' is clicked on

2020-06-05 19:28:02 - [TEST_STEP][PASSED] - click(findTestObject("Object Repository/1612427/06_ChangeEmail/Page_Town Square - minus Mattermost/span_Account Settings")): Object: 'Object Repository/1612427/06_ChangeEmail/Page_Town Square - minus Mattermost/span_Account Settings' is clicked on

2020-06-05 19:28:03 - [MESSAGE][PASSED] - Object: 'Object Repository/1612427/06_ChangeEmail/Page_Town Square - minus Mattermost/span_Account Settings' is clicked on

2020-06-05 19:28:03 - [TEST_STEP][PASSED] - click(findTestObject("Object Repository/1612427/07_AddTriggerMention/Page_Town Square - minus Mattermost/button_Notifications")): Object: 'Object Repository/1612427/07_AddTriggerMention/Page_Town Square - minus Mattermost/button_Notifications' is clicked on

2020-06-05 19:28:04 - [MESSAGE][PASSED] - Object: 'Object Repository/1612427/07_AddTriggerMention/Page_Town Square - minus Mattermost/button_Notifications' is clicked on

2020-06-05 19:28:04 - [TEST_STEP][PASSED] - click(findTestObject("Object Repository/1612427/07_AddTriggerMention/Page_Town Square - minus Mattermost/span_Edit")): Object: 'Object Repository/1612427/07_AddTriggerMention/Page_Town Square - minus Mattermost/span_Edit' is clicked on

2020-06-05 19:28:04 - [MESSAGE][PASSED] - Object: 'Object Repository/1612427/07_AddTriggerMention/Page_Town Square - minus Mattermost/span_Edit' is clicked on

2020-06-05 19:28:04 - [TEST_STEP][PASSED] - setText(findTestObject("Object Repository/1612427/07_AddTriggerMention/Page_Town Square - minus Mattermost/input_Other non-case sensitive words separa_48b795"), trigger_name): Text 'thanh' is set on object 'Object Repository/1612427/07_AddTriggerMention/Page_Town Square - minus Mattermost/input_Other non-case sensitive words separa_48b795'

2020-06-05 19:28:05 - [MESSAGE][PASSED] - Text 'thanh' is set on object 'Object Repository/1612427/07_AddTriggerMention/Page_Town Square - minus Mattermost/input_Other non-case sensitive words separa_48b795'

2020-06-05 19:28:05 - [TEST_STEP][PASSED] - click(findTestObject("Object Repository/1612427/07_AddTriggerMention/Page_Town Square - minus Mattermost/span_Save")): Object: 'Object Repository/1612427/07_AddTriggerMention/Page_Town Square - minus Mattermost/span_Save' is clicked on

2020-06-05 19:28:06 - [MESSAGE][PASSED] - Object: 'Object Repository/1612427/07_AddTriggerMention/Page_Town Square - minus Mattermost/span_Save' is clicked on

2020-06-05 19:28:06 - [TEST_STEP][PASSED] - closeBrowser(): Browser is closed

2020-06-05 19:28:06 - [MESSAGE][PASSED] - Browser is closed]]></system-out>
         <system-err><![CDATA[]]></system-err>
      </testcase>
      <testcase name="Test Cases/1612427/07_AddTriggerMention" time="17.944" classname="Test Cases/1612427/07_AddTriggerMention" status="PASSED">
         <system-out><![CDATA[2020-06-05 19:28:06 - [TEST_CASE][PASSED] - Test Cases/1612427/07_AddTriggerMention: Test Cases/1612427/07_AddTriggerMention

2020-06-05 19:28:06 - [TEST_STEP][PASSED] - openBrowser(""): Browser is opened with url: ''

2020-06-05 19:28:06 - [MESSAGE][INFO] - Starting 'Chrome' driver

2020-06-05 19:28:06 - [MESSAGE][INFO] - Action delay is set to 0 milliseconds

2020-06-05 19:28:10 - [MESSAGE][PASSED] - Browser is opened with url: ''

2020-06-05 19:28:10 - [TEST_STEP][PASSED] - navigateToUrl("http://localhost:8065/login"): Navigate to 'http://localhost:8065/login' successfully

2020-06-05 19:28:11 - [MESSAGE][PASSED] - Navigate to 'http://localhost:8065/login' successfully

2020-06-05 19:28:11 - [TEST_STEP][PASSED] - setText(findTestObject("Object Repository/1612427/06_ChangeEmail/Page_Mattermost/input_All team communication in one place s_703ef5"), "hcmus-cdnc"): Text 'hcmus-cdnc' is set on object 'Object Repository/1612427/06_ChangeEmail/Page_Mattermost/input_All team communication in one place s_703ef5'

2020-06-05 19:28:13 - [MESSAGE][PASSED] - Text 'hcmus-cdnc' is set on object 'Object Repository/1612427/06_ChangeEmail/Page_Mattermost/input_All team communication in one place s_703ef5'

2020-06-05 19:28:13 - [TEST_STEP][PASSED] - click(findTestObject("Object Repository/1612427/06_ChangeEmail/Page_Mattermost/input_All team communication in one place s_703ef5")): Object: 'Object Repository/1612427/06_ChangeEmail/Page_Mattermost/input_All team communication in one place s_703ef5' is clicked on

2020-06-05 19:28:14 - [MESSAGE][PASSED] - Object: 'Object Repository/1612427/06_ChangeEmail/Page_Mattermost/input_All team communication in one place s_703ef5' is clicked on

2020-06-05 19:28:14 - [TEST_STEP][PASSED] - setText(findTestObject("Object Repository/1612427/06_ChangeEmail/Page_Mattermost/input_All team communication in one place s_703ef5"), "hcmus-cdnc"): Text 'hcmus-cdnc' is set on object 'Object Repository/1612427/06_ChangeEmail/Page_Mattermost/input_All team communication in one place s_703ef5'

2020-06-05 19:28:15 - [MESSAGE][PASSED] - Text 'hcmus-cdnc' is set on object 'Object Repository/1612427/06_ChangeEmail/Page_Mattermost/input_All team communication in one place s_703ef5'

2020-06-05 19:28:15 - [TEST_STEP][PASSED] - setEncryptedText(findTestObject("Object Repository/1612427/06_ChangeEmail/Page_Mattermost/input_All team communication in one place s_2f2733"), "aeHFOx8jV/A="): Text ****** has been set on object 'Object Repository/1612427/06_ChangeEmail/Page_Mattermost/input_All team communication in one place s_2f2733'

2020-06-05 19:28:15 - [MESSAGE][PASSED] - Text ****** has been set on object 'Object Repository/1612427/06_ChangeEmail/Page_Mattermost/input_All team communication in one place s_2f2733'

2020-06-05 19:28:15 - [TEST_STEP][PASSED] - click(findTestObject("Object Repository/1612427/06_ChangeEmail/Page_Mattermost/span_Sign in")): Object: 'Object Repository/1612427/06_ChangeEmail/Page_Mattermost/span_Sign in' is clicked on

2020-06-05 19:28:16 - [MESSAGE][PASSED] - Object: 'Object Repository/1612427/06_ChangeEmail/Page_Mattermost/span_Sign in' is clicked on

2020-06-05 19:28:16 - [TEST_STEP][PASSED] - click(findTestObject("Object Repository/1612427/06_ChangeEmail/Page_Town Square - minus Mattermost/svg")): Object: 'Object Repository/1612427/06_ChangeEmail/Page_Town Square - minus Mattermost/svg' is clicked on

2020-06-05 19:28:20 - [MESSAGE][PASSED] - Object: 'Object Repository/1612427/06_ChangeEmail/Page_Town Square - minus Mattermost/svg' is clicked on

2020-06-05 19:28:20 - [TEST_STEP][PASSED] - click(findTestObject("Object Repository/1612427/06_ChangeEmail/Page_Town Square - minus Mattermost/span_Account Settings")): Object: 'Object Repository/1612427/06_ChangeEmail/Page_Town Square - minus Mattermost/span_Account Settings' is clicked on

2020-06-05 19:28:21 - [MESSAGE][PASSED] - Object: 'Object Repository/1612427/06_ChangeEmail/Page_Town Square - minus Mattermost/span_Account Settings' is clicked on

2020-06-05 19:28:21 - [TEST_STEP][PASSED] - click(findTestObject("Object Repository/1612427/07_AddTriggerMention/Page_Town Square - minus Mattermost/button_Notifications")): Object: 'Object Repository/1612427/07_AddTriggerMention/Page_Town Square - minus Mattermost/button_Notifications' is clicked on

2020-06-05 19:28:21 - [MESSAGE][PASSED] - Object: 'Object Repository/1612427/07_AddTriggerMention/Page_Town Square - minus Mattermost/button_Notifications' is clicked on

2020-06-05 19:28:21 - [TEST_STEP][PASSED] - click(findTestObject("Object Repository/1612427/07_AddTriggerMention/Page_Town Square - minus Mattermost/span_Edit")): Object: 'Object Repository/1612427/07_AddTriggerMention/Page_Town Square - minus Mattermost/span_Edit' is clicked on

2020-06-05 19:28:22 - [MESSAGE][PASSED] - Object: 'Object Repository/1612427/07_AddTriggerMention/Page_Town Square - minus Mattermost/span_Edit' is clicked on

2020-06-05 19:28:22 - [TEST_STEP][PASSED] - setText(findTestObject("Object Repository/1612427/07_AddTriggerMention/Page_Town Square - minus Mattermost/input_Other non-case sensitive words separa_48b795"), trigger_name): Text 'son' is set on object 'Object Repository/1612427/07_AddTriggerMention/Page_Town Square - minus Mattermost/input_Other non-case sensitive words separa_48b795'

2020-06-05 19:28:23 - [MESSAGE][PASSED] - Text 'son' is set on object 'Object Repository/1612427/07_AddTriggerMention/Page_Town Square - minus Mattermost/input_Other non-case sensitive words separa_48b795'

2020-06-05 19:28:23 - [TEST_STEP][PASSED] - click(findTestObject("Object Repository/1612427/07_AddTriggerMention/Page_Town Square - minus Mattermost/span_Save")): Object: 'Object Repository/1612427/07_AddTriggerMention/Page_Town Square - minus Mattermost/span_Save' is clicked on

2020-06-05 19:28:24 - [MESSAGE][PASSED] - Object: 'Object Repository/1612427/07_AddTriggerMention/Page_Town Square - minus Mattermost/span_Save' is clicked on

2020-06-05 19:28:24 - [TEST_STEP][PASSED] - closeBrowser(): Browser is closed

2020-06-05 19:28:24 - [MESSAGE][PASSED] - Browser is closed]]></system-out>
         <system-err><![CDATA[]]></system-err>
      </testcase>
      <testcase name="Test Cases/1612427/08_ResetUserPassword" time="15.725" classname="Test Cases/1612427/08_ResetUserPassword" status="PASSED">
         <system-out><![CDATA[2020-06-05 19:28:24 - [TEST_CASE][PASSED] - Test Cases/1612427/08_ResetUserPassword: Test Cases/1612427/08_ResetUserPassword

2020-06-05 19:28:25 - [TEST_STEP][PASSED] - openBrowser(""): Browser is opened with url: ''

2020-06-05 19:28:25 - [MESSAGE][INFO] - Starting 'Chrome' driver

2020-06-05 19:28:25 - [MESSAGE][INFO] - Action delay is set to 0 milliseconds

2020-06-05 19:28:28 - [MESSAGE][PASSED] - Browser is opened with url: ''

2020-06-05 19:28:28 - [TEST_STEP][PASSED] - navigateToUrl("http://localhost:8065/admin_console/user_management/users"): Navigate to 'http://localhost:8065/admin_console/user_management/users' successfully

2020-06-05 19:28:30 - [MESSAGE][PASSED] - Navigate to 'http://localhost:8065/admin_console/user_management/users' successfully

2020-06-05 19:28:30 - [TEST_STEP][PASSED] - setText(findTestObject("Object Repository/1612427/08_ResetUserPassword/Page_Mattermost/input_All team communication in one place s_703ef5"), "hcmus-cdnc"): Text 'hcmus-cdnc' is set on object 'Object Repository/1612427/08_ResetUserPassword/Page_Mattermost/input_All team communication in one place s_703ef5'

2020-06-05 19:28:32 - [MESSAGE][PASSED] - Text 'hcmus-cdnc' is set on object 'Object Repository/1612427/08_ResetUserPassword/Page_Mattermost/input_All team communication in one place s_703ef5'

2020-06-05 19:28:32 - [TEST_STEP][PASSED] - setEncryptedText(findTestObject("Object Repository/1612427/08_ResetUserPassword/Page_Mattermost/input_All team communication in one place s_2f2733"), "aeHFOx8jV/A="): Text ****** has been set on object 'Object Repository/1612427/08_ResetUserPassword/Page_Mattermost/input_All team communication in one place s_2f2733'

2020-06-05 19:28:33 - [MESSAGE][PASSED] - Text ****** has been set on object 'Object Repository/1612427/08_ResetUserPassword/Page_Mattermost/input_All team communication in one place s_2f2733'

2020-06-05 19:28:33 - [TEST_STEP][PASSED] - click(findTestObject("Object Repository/1612427/08_ResetUserPassword/Page_Mattermost/span_Sign in")): Object: 'Object Repository/1612427/08_ResetUserPassword/Page_Mattermost/span_Sign in' is clicked on

2020-06-05 19:28:33 - [MESSAGE][PASSED] - Object: 'Object Repository/1612427/08_ResetUserPassword/Page_Mattermost/span_Sign in' is clicked on

2020-06-05 19:28:33 - [TEST_STEP][PASSED] - setText(findTestObject("Object Repository/1612427/08_ResetUserPassword/Page_System Console - Mattermost/input_Mattermost Users_searchUsers"), "ar"): Text 'ar' is set on object 'Object Repository/1612427/08_ResetUserPassword/Page_System Console - Mattermost/input_Mattermost Users_searchUsers'

2020-06-05 19:28:37 - [MESSAGE][PASSED] - Text 'ar' is set on object 'Object Repository/1612427/08_ResetUserPassword/Page_System Console - Mattermost/input_Mattermost Users_searchUsers'

2020-06-05 19:28:37 - [TEST_STEP][PASSED] - click(findTestObject("Object Repository/1612427/08_ResetUserPassword/Page_System Console - Mattermost/span_janicearmstrong - Janice Armstrong")): Object: 'Object Repository/1612427/08_ResetUserPassword/Page_System Console - Mattermost/span_janicearmstrong - Janice Armstrong' is clicked on

2020-06-05 19:28:37 - [MESSAGE][PASSED] - Object: 'Object Repository/1612427/08_ResetUserPassword/Page_System Console - Mattermost/span_janicearmstrong - Janice Armstrong' is clicked on

2020-06-05 19:28:37 - [TEST_STEP][PASSED] - click(findTestObject("Object Repository/1612427/08_ResetUserPassword/Page_System Console - Mattermost/button_Reset Password")): Object: 'Object Repository/1612427/08_ResetUserPassword/Page_System Console - Mattermost/button_Reset Password' is clicked on

2020-06-05 19:28:38 - [MESSAGE][PASSED] - Object: 'Object Repository/1612427/08_ResetUserPassword/Page_System Console - Mattermost/button_Reset Password' is clicked on

2020-06-05 19:28:38 - [TEST_STEP][PASSED] - setEncryptedText(findTestObject("Object Repository/1612427/08_ResetUserPassword/Page_System Console - Mattermost/input_New Password_form-control"), newPassword): Text ****** has been set on object 'Object Repository/1612427/08_ResetUserPassword/Page_System Console - Mattermost/input_New Password_form-control'

2020-06-05 19:28:39 - [MESSAGE][PASSED] - Text ****** has been set on object 'Object Repository/1612427/08_ResetUserPassword/Page_System Console - Mattermost/input_New Password_form-control'

2020-06-05 19:28:39 - [TEST_STEP][PASSED] - click(findTestObject("Object Repository/1612427/08_ResetUserPassword/Page_System Console - Mattermost/span_Reset")): Object: 'Object Repository/1612427/08_ResetUserPassword/Page_System Console - Mattermost/span_Reset' is clicked on

2020-06-05 19:28:39 - [MESSAGE][PASSED] - Object: 'Object Repository/1612427/08_ResetUserPassword/Page_System Console - Mattermost/span_Reset' is clicked on

2020-06-05 19:28:39 - [TEST_STEP][PASSED] - closeBrowser(): Browser is closed

2020-06-05 19:28:40 - [MESSAGE][PASSED] - Browser is closed]]></system-out>
         <system-err><![CDATA[]]></system-err>
      </testcase>
      <testcase name="Test Cases/1612427/08_ResetUserPassword" time="15.133" classname="Test Cases/1612427/08_ResetUserPassword" status="PASSED">
         <system-out><![CDATA[2020-06-05 19:28:40 - [TEST_CASE][PASSED] - Test Cases/1612427/08_ResetUserPassword: Test Cases/1612427/08_ResetUserPassword

2020-06-05 19:28:40 - [TEST_STEP][PASSED] - openBrowser(""): Browser is opened with url: ''

2020-06-05 19:28:40 - [MESSAGE][INFO] - Starting 'Chrome' driver

2020-06-05 19:28:40 - [MESSAGE][INFO] - Action delay is set to 0 milliseconds

2020-06-05 19:28:44 - [MESSAGE][PASSED] - Browser is opened with url: ''

2020-06-05 19:28:44 - [TEST_STEP][PASSED] - navigateToUrl("http://localhost:8065/admin_console/user_management/users"): Navigate to 'http://localhost:8065/admin_console/user_management/users' successfully

2020-06-05 19:28:45 - [MESSAGE][PASSED] - Navigate to 'http://localhost:8065/admin_console/user_management/users' successfully

2020-06-05 19:28:45 - [TEST_STEP][PASSED] - setText(findTestObject("Object Repository/1612427/08_ResetUserPassword/Page_Mattermost/input_All team communication in one place s_703ef5"), "hcmus-cdnc"): Text 'hcmus-cdnc' is set on object 'Object Repository/1612427/08_ResetUserPassword/Page_Mattermost/input_All team communication in one place s_703ef5'

2020-06-05 19:28:48 - [MESSAGE][PASSED] - Text 'hcmus-cdnc' is set on object 'Object Repository/1612427/08_ResetUserPassword/Page_Mattermost/input_All team communication in one place s_703ef5'

2020-06-05 19:28:48 - [TEST_STEP][PASSED] - setEncryptedText(findTestObject("Object Repository/1612427/08_ResetUserPassword/Page_Mattermost/input_All team communication in one place s_2f2733"), "aeHFOx8jV/A="): Text ****** has been set on object 'Object Repository/1612427/08_ResetUserPassword/Page_Mattermost/input_All team communication in one place s_2f2733'

2020-06-05 19:28:48 - [MESSAGE][PASSED] - Text ****** has been set on object 'Object Repository/1612427/08_ResetUserPassword/Page_Mattermost/input_All team communication in one place s_2f2733'

2020-06-05 19:28:48 - [TEST_STEP][PASSED] - click(findTestObject("Object Repository/1612427/08_ResetUserPassword/Page_Mattermost/span_Sign in")): Object: 'Object Repository/1612427/08_ResetUserPassword/Page_Mattermost/span_Sign in' is clicked on

2020-06-05 19:28:49 - [MESSAGE][PASSED] - Object: 'Object Repository/1612427/08_ResetUserPassword/Page_Mattermost/span_Sign in' is clicked on

2020-06-05 19:28:49 - [TEST_STEP][PASSED] - setText(findTestObject("Object Repository/1612427/08_ResetUserPassword/Page_System Console - Mattermost/input_Mattermost Users_searchUsers"), "ar"): Text 'ar' is set on object 'Object Repository/1612427/08_ResetUserPassword/Page_System Console - Mattermost/input_Mattermost Users_searchUsers'

2020-06-05 19:28:52 - [MESSAGE][PASSED] - Text 'ar' is set on object 'Object Repository/1612427/08_ResetUserPassword/Page_System Console - Mattermost/input_Mattermost Users_searchUsers'

2020-06-05 19:28:52 - [TEST_STEP][PASSED] - click(findTestObject("Object Repository/1612427/08_ResetUserPassword/Page_System Console - Mattermost/span_janicearmstrong - Janice Armstrong")): Object: 'Object Repository/1612427/08_ResetUserPassword/Page_System Console - Mattermost/span_janicearmstrong - Janice Armstrong' is clicked on

2020-06-05 19:28:53 - [MESSAGE][PASSED] - Object: 'Object Repository/1612427/08_ResetUserPassword/Page_System Console - Mattermost/span_janicearmstrong - Janice Armstrong' is clicked on

2020-06-05 19:28:53 - [TEST_STEP][PASSED] - click(findTestObject("Object Repository/1612427/08_ResetUserPassword/Page_System Console - Mattermost/button_Reset Password")): Object: 'Object Repository/1612427/08_ResetUserPassword/Page_System Console - Mattermost/button_Reset Password' is clicked on

2020-06-05 19:28:54 - [MESSAGE][PASSED] - Object: 'Object Repository/1612427/08_ResetUserPassword/Page_System Console - Mattermost/button_Reset Password' is clicked on

2020-06-05 19:28:54 - [TEST_STEP][PASSED] - setEncryptedText(findTestObject("Object Repository/1612427/08_ResetUserPassword/Page_System Console - Mattermost/input_New Password_form-control"), newPassword): Text ****** has been set on object 'Object Repository/1612427/08_ResetUserPassword/Page_System Console - Mattermost/input_New Password_form-control'

2020-06-05 19:28:54 - [MESSAGE][PASSED] - Text ****** has been set on object 'Object Repository/1612427/08_ResetUserPassword/Page_System Console - Mattermost/input_New Password_form-control'

2020-06-05 19:28:54 - [TEST_STEP][PASSED] - click(findTestObject("Object Repository/1612427/08_ResetUserPassword/Page_System Console - Mattermost/span_Reset")): Object: 'Object Repository/1612427/08_ResetUserPassword/Page_System Console - Mattermost/span_Reset' is clicked on

2020-06-05 19:28:55 - [MESSAGE][PASSED] - Object: 'Object Repository/1612427/08_ResetUserPassword/Page_System Console - Mattermost/span_Reset' is clicked on

2020-06-05 19:28:55 - [TEST_STEP][PASSED] - closeBrowser(): Browser is closed

2020-06-05 19:28:55 - [MESSAGE][PASSED] - Browser is closed]]></system-out>
         <system-err><![CDATA[]]></system-err>
      </testcase>
      <testcase name="Test Cases/1612427/08_ResetUserPassword" time="14.94" classname="Test Cases/1612427/08_ResetUserPassword" status="PASSED">
         <system-out><![CDATA[2020-06-05 19:28:55 - [TEST_CASE][PASSED] - Test Cases/1612427/08_ResetUserPassword: Test Cases/1612427/08_ResetUserPassword

2020-06-05 19:28:55 - [TEST_STEP][PASSED] - openBrowser(""): Browser is opened with url: ''

2020-06-05 19:28:55 - [MESSAGE][INFO] - Starting 'Chrome' driver

2020-06-05 19:28:55 - [MESSAGE][INFO] - Action delay is set to 0 milliseconds

2020-06-05 19:28:59 - [MESSAGE][PASSED] - Browser is opened with url: ''

2020-06-05 19:28:59 - [TEST_STEP][PASSED] - navigateToUrl("http://localhost:8065/admin_console/user_management/users"): Navigate to 'http://localhost:8065/admin_console/user_management/users' successfully

2020-06-05 19:29:00 - [MESSAGE][PASSED] - Navigate to 'http://localhost:8065/admin_console/user_management/users' successfully

2020-06-05 19:29:00 - [TEST_STEP][PASSED] - setText(findTestObject("Object Repository/1612427/08_ResetUserPassword/Page_Mattermost/input_All team communication in one place s_703ef5"), "hcmus-cdnc"): Text 'hcmus-cdnc' is set on object 'Object Repository/1612427/08_ResetUserPassword/Page_Mattermost/input_All team communication in one place s_703ef5'

2020-06-05 19:29:03 - [MESSAGE][PASSED] - Text 'hcmus-cdnc' is set on object 'Object Repository/1612427/08_ResetUserPassword/Page_Mattermost/input_All team communication in one place s_703ef5'

2020-06-05 19:29:03 - [TEST_STEP][PASSED] - setEncryptedText(findTestObject("Object Repository/1612427/08_ResetUserPassword/Page_Mattermost/input_All team communication in one place s_2f2733"), "aeHFOx8jV/A="): Text ****** has been set on object 'Object Repository/1612427/08_ResetUserPassword/Page_Mattermost/input_All team communication in one place s_2f2733'

2020-06-05 19:29:03 - [MESSAGE][PASSED] - Text ****** has been set on object 'Object Repository/1612427/08_ResetUserPassword/Page_Mattermost/input_All team communication in one place s_2f2733'

2020-06-05 19:29:03 - [TEST_STEP][PASSED] - click(findTestObject("Object Repository/1612427/08_ResetUserPassword/Page_Mattermost/span_Sign in")): Object: 'Object Repository/1612427/08_ResetUserPassword/Page_Mattermost/span_Sign in' is clicked on

2020-06-05 19:29:04 - [MESSAGE][PASSED] - Object: 'Object Repository/1612427/08_ResetUserPassword/Page_Mattermost/span_Sign in' is clicked on

2020-06-05 19:29:04 - [TEST_STEP][PASSED] - setText(findTestObject("Object Repository/1612427/08_ResetUserPassword/Page_System Console - Mattermost/input_Mattermost Users_searchUsers"), "ar"): Text 'ar' is set on object 'Object Repository/1612427/08_ResetUserPassword/Page_System Console - Mattermost/input_Mattermost Users_searchUsers'

2020-06-05 19:29:07 - [MESSAGE][PASSED] - Text 'ar' is set on object 'Object Repository/1612427/08_ResetUserPassword/Page_System Console - Mattermost/input_Mattermost Users_searchUsers'

2020-06-05 19:29:07 - [TEST_STEP][PASSED] - click(findTestObject("Object Repository/1612427/08_ResetUserPassword/Page_System Console - Mattermost/span_janicearmstrong - Janice Armstrong")): Object: 'Object Repository/1612427/08_ResetUserPassword/Page_System Console - Mattermost/span_janicearmstrong - Janice Armstrong' is clicked on

2020-06-05 19:29:08 - [MESSAGE][PASSED] - Object: 'Object Repository/1612427/08_ResetUserPassword/Page_System Console - Mattermost/span_janicearmstrong - Janice Armstrong' is clicked on

2020-06-05 19:29:08 - [TEST_STEP][PASSED] - click(findTestObject("Object Repository/1612427/08_ResetUserPassword/Page_System Console - Mattermost/button_Reset Password")): Object: 'Object Repository/1612427/08_ResetUserPassword/Page_System Console - Mattermost/button_Reset Password' is clicked on

2020-06-05 19:29:08 - [MESSAGE][PASSED] - Object: 'Object Repository/1612427/08_ResetUserPassword/Page_System Console - Mattermost/button_Reset Password' is clicked on

2020-06-05 19:29:08 - [TEST_STEP][PASSED] - setEncryptedText(findTestObject("Object Repository/1612427/08_ResetUserPassword/Page_System Console - Mattermost/input_New Password_form-control"), newPassword): Text ****** has been set on object 'Object Repository/1612427/08_ResetUserPassword/Page_System Console - Mattermost/input_New Password_form-control'

2020-06-05 19:29:09 - [MESSAGE][PASSED] - Text ****** has been set on object 'Object Repository/1612427/08_ResetUserPassword/Page_System Console - Mattermost/input_New Password_form-control'

2020-06-05 19:29:09 - [TEST_STEP][PASSED] - click(findTestObject("Object Repository/1612427/08_ResetUserPassword/Page_System Console - Mattermost/span_Reset")): Object: 'Object Repository/1612427/08_ResetUserPassword/Page_System Console - Mattermost/span_Reset' is clicked on

2020-06-05 19:29:09 - [MESSAGE][PASSED] - Object: 'Object Repository/1612427/08_ResetUserPassword/Page_System Console - Mattermost/span_Reset' is clicked on

2020-06-05 19:29:09 - [TEST_STEP][PASSED] - closeBrowser(): Browser is closed

2020-06-05 19:29:10 - [MESSAGE][PASSED] - Browser is closed]]></system-out>
         <system-err><![CDATA[]]></system-err>
      </testcase>
      <testcase name="Test Cases/1612427/08_ResetUserPassword" time="14.502" classname="Test Cases/1612427/08_ResetUserPassword" status="PASSED">
         <system-out><![CDATA[2020-06-05 19:29:10 - [TEST_CASE][PASSED] - Test Cases/1612427/08_ResetUserPassword: Test Cases/1612427/08_ResetUserPassword

2020-06-05 19:29:10 - [TEST_STEP][PASSED] - openBrowser(""): Browser is opened with url: ''

2020-06-05 19:29:10 - [MESSAGE][INFO] - Starting 'Chrome' driver

2020-06-05 19:29:10 - [MESSAGE][INFO] - Action delay is set to 0 milliseconds

2020-06-05 19:29:14 - [MESSAGE][PASSED] - Browser is opened with url: ''

2020-06-05 19:29:14 - [TEST_STEP][PASSED] - navigateToUrl("http://localhost:8065/admin_console/user_management/users"): Navigate to 'http://localhost:8065/admin_console/user_management/users' successfully

2020-06-05 19:29:15 - [MESSAGE][PASSED] - Navigate to 'http://localhost:8065/admin_console/user_management/users' successfully

2020-06-05 19:29:15 - [TEST_STEP][PASSED] - setText(findTestObject("Object Repository/1612427/08_ResetUserPassword/Page_Mattermost/input_All team communication in one place s_703ef5"), "hcmus-cdnc"): Text 'hcmus-cdnc' is set on object 'Object Repository/1612427/08_ResetUserPassword/Page_Mattermost/input_All team communication in one place s_703ef5'

2020-06-05 19:29:18 - [MESSAGE][PASSED] - Text 'hcmus-cdnc' is set on object 'Object Repository/1612427/08_ResetUserPassword/Page_Mattermost/input_All team communication in one place s_703ef5'

2020-06-05 19:29:18 - [TEST_STEP][PASSED] - setEncryptedText(findTestObject("Object Repository/1612427/08_ResetUserPassword/Page_Mattermost/input_All team communication in one place s_2f2733"), "aeHFOx8jV/A="): Text ****** has been set on object 'Object Repository/1612427/08_ResetUserPassword/Page_Mattermost/input_All team communication in one place s_2f2733'

2020-06-05 19:29:18 - [MESSAGE][PASSED] - Text ****** has been set on object 'Object Repository/1612427/08_ResetUserPassword/Page_Mattermost/input_All team communication in one place s_2f2733'

2020-06-05 19:29:18 - [TEST_STEP][PASSED] - click(findTestObject("Object Repository/1612427/08_ResetUserPassword/Page_Mattermost/span_Sign in")): Object: 'Object Repository/1612427/08_ResetUserPassword/Page_Mattermost/span_Sign in' is clicked on

2020-06-05 19:29:19 - [MESSAGE][PASSED] - Object: 'Object Repository/1612427/08_ResetUserPassword/Page_Mattermost/span_Sign in' is clicked on

2020-06-05 19:29:19 - [TEST_STEP][PASSED] - setText(findTestObject("Object Repository/1612427/08_ResetUserPassword/Page_System Console - Mattermost/input_Mattermost Users_searchUsers"), "ar"): Text 'ar' is set on object 'Object Repository/1612427/08_ResetUserPassword/Page_System Console - Mattermost/input_Mattermost Users_searchUsers'

2020-06-05 19:29:21 - [MESSAGE][PASSED] - Text 'ar' is set on object 'Object Repository/1612427/08_ResetUserPassword/Page_System Console - Mattermost/input_Mattermost Users_searchUsers'

2020-06-05 19:29:21 - [TEST_STEP][PASSED] - click(findTestObject("Object Repository/1612427/08_ResetUserPassword/Page_System Console - Mattermost/span_janicearmstrong - Janice Armstrong")): Object: 'Object Repository/1612427/08_ResetUserPassword/Page_System Console - Mattermost/span_janicearmstrong - Janice Armstrong' is clicked on

2020-06-05 19:29:22 - [MESSAGE][PASSED] - Object: 'Object Repository/1612427/08_ResetUserPassword/Page_System Console - Mattermost/span_janicearmstrong - Janice Armstrong' is clicked on

2020-06-05 19:29:22 - [TEST_STEP][PASSED] - click(findTestObject("Object Repository/1612427/08_ResetUserPassword/Page_System Console - Mattermost/button_Reset Password")): Object: 'Object Repository/1612427/08_ResetUserPassword/Page_System Console - Mattermost/button_Reset Password' is clicked on

2020-06-05 19:29:23 - [MESSAGE][PASSED] - Object: 'Object Repository/1612427/08_ResetUserPassword/Page_System Console - Mattermost/button_Reset Password' is clicked on

2020-06-05 19:29:23 - [TEST_STEP][PASSED] - setEncryptedText(findTestObject("Object Repository/1612427/08_ResetUserPassword/Page_System Console - Mattermost/input_New Password_form-control"), newPassword): Text ****** has been set on object 'Object Repository/1612427/08_ResetUserPassword/Page_System Console - Mattermost/input_New Password_form-control'

2020-06-05 19:29:24 - [MESSAGE][PASSED] - Text ****** has been set on object 'Object Repository/1612427/08_ResetUserPassword/Page_System Console - Mattermost/input_New Password_form-control'

2020-06-05 19:29:24 - [TEST_STEP][PASSED] - click(findTestObject("Object Repository/1612427/08_ResetUserPassword/Page_System Console - Mattermost/span_Reset")): Object: 'Object Repository/1612427/08_ResetUserPassword/Page_System Console - Mattermost/span_Reset' is clicked on

2020-06-05 19:29:24 - [MESSAGE][PASSED] - Object: 'Object Repository/1612427/08_ResetUserPassword/Page_System Console - Mattermost/span_Reset' is clicked on

2020-06-05 19:29:24 - [TEST_STEP][PASSED] - closeBrowser(): Browser is closed

2020-06-05 19:29:25 - [MESSAGE][PASSED] - Browser is closed]]></system-out>
         <system-err><![CDATA[]]></system-err>
      </testcase>
      <testcase name="Test Cases/1612427/08_ResetUserPassword" time="14.975" classname="Test Cases/1612427/08_ResetUserPassword" status="PASSED">
         <system-out><![CDATA[2020-06-05 19:29:25 - [TEST_CASE][PASSED] - Test Cases/1612427/08_ResetUserPassword: Test Cases/1612427/08_ResetUserPassword

2020-06-05 19:29:25 - [TEST_STEP][PASSED] - openBrowser(""): Browser is opened with url: ''

2020-06-05 19:29:25 - [MESSAGE][INFO] - Starting 'Chrome' driver

2020-06-05 19:29:25 - [MESSAGE][INFO] - Action delay is set to 0 milliseconds

2020-06-05 19:29:28 - [MESSAGE][PASSED] - Browser is opened with url: ''

2020-06-05 19:29:28 - [TEST_STEP][PASSED] - navigateToUrl("http://localhost:8065/admin_console/user_management/users"): Navigate to 'http://localhost:8065/admin_console/user_management/users' successfully

2020-06-05 19:29:30 - [MESSAGE][PASSED] - Navigate to 'http://localhost:8065/admin_console/user_management/users' successfully

2020-06-05 19:29:30 - [TEST_STEP][PASSED] - setText(findTestObject("Object Repository/1612427/08_ResetUserPassword/Page_Mattermost/input_All team communication in one place s_703ef5"), "hcmus-cdnc"): Text 'hcmus-cdnc' is set on object 'Object Repository/1612427/08_ResetUserPassword/Page_Mattermost/input_All team communication in one place s_703ef5'

2020-06-05 19:29:32 - [MESSAGE][PASSED] - Text 'hcmus-cdnc' is set on object 'Object Repository/1612427/08_ResetUserPassword/Page_Mattermost/input_All team communication in one place s_703ef5'

2020-06-05 19:29:32 - [TEST_STEP][PASSED] - setEncryptedText(findTestObject("Object Repository/1612427/08_ResetUserPassword/Page_Mattermost/input_All team communication in one place s_2f2733"), "aeHFOx8jV/A="): Text ****** has been set on object 'Object Repository/1612427/08_ResetUserPassword/Page_Mattermost/input_All team communication in one place s_2f2733'

2020-06-05 19:29:33 - [MESSAGE][PASSED] - Text ****** has been set on object 'Object Repository/1612427/08_ResetUserPassword/Page_Mattermost/input_All team communication in one place s_2f2733'

2020-06-05 19:29:33 - [TEST_STEP][PASSED] - click(findTestObject("Object Repository/1612427/08_ResetUserPassword/Page_Mattermost/span_Sign in")): Object: 'Object Repository/1612427/08_ResetUserPassword/Page_Mattermost/span_Sign in' is clicked on

2020-06-05 19:29:33 - [MESSAGE][PASSED] - Object: 'Object Repository/1612427/08_ResetUserPassword/Page_Mattermost/span_Sign in' is clicked on

2020-06-05 19:29:33 - [TEST_STEP][PASSED] - setText(findTestObject("Object Repository/1612427/08_ResetUserPassword/Page_System Console - Mattermost/input_Mattermost Users_searchUsers"), "ar"): Text 'ar' is set on object 'Object Repository/1612427/08_ResetUserPassword/Page_System Console - Mattermost/input_Mattermost Users_searchUsers'

2020-06-05 19:29:36 - [MESSAGE][PASSED] - Text 'ar' is set on object 'Object Repository/1612427/08_ResetUserPassword/Page_System Console - Mattermost/input_Mattermost Users_searchUsers'

2020-06-05 19:29:36 - [TEST_STEP][PASSED] - click(findTestObject("Object Repository/1612427/08_ResetUserPassword/Page_System Console - Mattermost/span_janicearmstrong - Janice Armstrong")): Object: 'Object Repository/1612427/08_ResetUserPassword/Page_System Console - Mattermost/span_janicearmstrong - Janice Armstrong' is clicked on

2020-06-05 19:29:37 - [MESSAGE][PASSED] - Object: 'Object Repository/1612427/08_ResetUserPassword/Page_System Console - Mattermost/span_janicearmstrong - Janice Armstrong' is clicked on

2020-06-05 19:29:37 - [TEST_STEP][PASSED] - click(findTestObject("Object Repository/1612427/08_ResetUserPassword/Page_System Console - Mattermost/button_Reset Password")): Object: 'Object Repository/1612427/08_ResetUserPassword/Page_System Console - Mattermost/button_Reset Password' is clicked on

2020-06-05 19:29:38 - [MESSAGE][PASSED] - Object: 'Object Repository/1612427/08_ResetUserPassword/Page_System Console - Mattermost/button_Reset Password' is clicked on

2020-06-05 19:29:38 - [TEST_STEP][PASSED] - setEncryptedText(findTestObject("Object Repository/1612427/08_ResetUserPassword/Page_System Console - Mattermost/input_New Password_form-control"), newPassword): Text ****** has been set on object 'Object Repository/1612427/08_ResetUserPassword/Page_System Console - Mattermost/input_New Password_form-control'

2020-06-05 19:29:39 - [MESSAGE][PASSED] - Text ****** has been set on object 'Object Repository/1612427/08_ResetUserPassword/Page_System Console - Mattermost/input_New Password_form-control'

2020-06-05 19:29:39 - [TEST_STEP][PASSED] - click(findTestObject("Object Repository/1612427/08_ResetUserPassword/Page_System Console - Mattermost/span_Reset")): Object: 'Object Repository/1612427/08_ResetUserPassword/Page_System Console - Mattermost/span_Reset' is clicked on

2020-06-05 19:29:39 - [MESSAGE][PASSED] - Object: 'Object Repository/1612427/08_ResetUserPassword/Page_System Console - Mattermost/span_Reset' is clicked on

2020-06-05 19:29:39 - [TEST_STEP][PASSED] - closeBrowser(): Browser is closed

2020-06-05 19:29:40 - [MESSAGE][PASSED] - Browser is closed]]></system-out>
         <system-err><![CDATA[]]></system-err>
      </testcase>
      <testcase name="Test Cases/1612427/09_ChangeUserEmail" time="65.709" classname="Test Cases/1612427/09_ChangeUserEmail" status="FAILED">
         <failure type="FAILED" message="Test Cases/1612427/09_ChangeUserEmail FAILED.
Reason:
com.kms.katalon.core.exception.StepFailedException: Unable to click on object 'Object Repository/1612427/09_ChangeUserEmail/Page_System Console - Mattermost/input_Email_SystemUserDetail__input form-control'
	at com.kms.katalon.core.webui.keyword.internal.WebUIKeywordMain.stepFailed(WebUIKeywordMain.groovy:64)
	at com.kms.katalon.core.webui.keyword.internal.WebUIKeywordMain.runKeyword(WebUIKeywordMain.groovy:26)
	at com.kms.katalon.core.webui.keyword.builtin.ClickKeyword.click(ClickKeyword.groovy:76)
	at com.kms.katalon.core.webui.keyword.builtin.ClickKeyword.execute(ClickKeyword.groovy:43)
	at com.kms.katalon.core.keyword.internal.KeywordExecutor.executeKeywordForPlatform(KeywordExecutor.groovy:72)
	at com.kms.katalon.core.webui.keyword.WebUiBuiltInKeywords.click(WebUiBuiltInKeywords.groovy:616)
	at com.kms.katalon.core.webui.keyword.WebUiBuiltInKeywords$click$3.call(Unknown Source)
	at 09_ChangeUserEmail.run(09_ChangeUserEmail:40)
	at com.kms.katalon.core.main.ScriptEngine.run(ScriptEngine.java:194)
	at com.kms.katalon.core.main.ScriptEngine.runScriptAsRawText(ScriptEngine.java:119)
	at com.kms.katalon.core.main.TestCaseExecutor.runScript(TestCaseExecutor.java:337)
	at com.kms.katalon.core.main.TestCaseExecutor.doExecute(TestCaseExecutor.java:328)
	at com.kms.katalon.core.main.TestCaseExecutor.processExecutionPhase(TestCaseExecutor.java:307)
	at com.kms.katalon.core.main.TestCaseExecutor.accessMainPhase(TestCaseExecutor.java:299)
	at com.kms.katalon.core.main.TestCaseExecutor.execute(TestCaseExecutor.java:233)
	at com.kms.katalon.core.main.TestSuiteExecutor.accessTestCaseMainPhase(TestSuiteExecutor.java:169)
	at com.kms.katalon.core.main.TestSuiteExecutor.accessTestSuiteMainPhase(TestSuiteExecutor.java:142)
	at com.kms.katalon.core.main.TestSuiteExecutor.execute(TestSuiteExecutor.java:91)
	at com.kms.katalon.core.main.TestCaseMain.startTestSuite(TestCaseMain.java:157)
	at com.kms.katalon.core.main.TestCaseMain$startTestSuite$0.call(Unknown Source)
	at TempTestSuite1591359445937.run(TempTestSuite1591359445937.groovy:37)
Caused by: com.kms.katalon.core.webui.exception.WebElementNotFoundException: Web element with id: 'Object Repository/1612427/09_ChangeUserEmail/Page_System Console - Mattermost/input_Email_SystemUserDetail__input form-control' located by 'By.xpath: //input[@value='xxx@email.com']' not found
	at com.kms.katalon.core.webui.common.WebUiCommonHelper.findWebElement(WebUiCommonHelper.java:1154)
	at com.kms.katalon.core.webui.keyword.internal.WebUIAbstractKeyword.findWebElement(WebUIAbstractKeyword.groovy:27)
	at com.kms.katalon.core.webui.keyword.internal.WebUIAbstractKeyword.findWebElement(WebUIAbstractKeyword.groovy:26)
	at com.kms.katalon.core.webui.keyword.builtin.ClickKeyword$_click_closure1.doCall(ClickKeyword.groovy:67)
	at com.kms.katalon.core.webui.keyword.builtin.ClickKeyword$_click_closure1.call(ClickKeyword.groovy)
	at com.kms.katalon.core.webui.keyword.internal.WebUIKeywordMain.runKeyword(WebUIKeywordMain.groovy:20)
	... 19 more
"/>
         <system-out><![CDATA[2020-06-05 19:29:40 - [TEST_CASE][FAILED] - Test Cases/1612427/09_ChangeUserEmail: Test Cases/1612427/09_ChangeUserEmail FAILED.
Reason:
com.kms.katalon.core.exception.StepFailedException: Unable to click on object 'Object Repository/1612427/09_ChangeUserEmail/Page_System Console - Mattermost/input_Email_SystemUserDetail__input form-control'
	at com.kms.katalon.core.webui.keyword.internal.WebUIKeywordMain.stepFailed(WebUIKeywordMain.groovy:64)
	at com.kms.katalon.core.webui.keyword.internal.WebUIKeywordMain.runKeyword(WebUIKeywordMain.groovy:26)
	at com.kms.katalon.core.webui.keyword.builtin.ClickKeyword.click(ClickKeyword.groovy:76)
	at com.kms.katalon.core.webui.keyword.builtin.ClickKeyword.execute(ClickKeyword.groovy:43)
	at com.kms.katalon.core.keyword.internal.KeywordExecutor.executeKeywordForPlatform(KeywordExecutor.groovy:72)
	at com.kms.katalon.core.webui.keyword.WebUiBuiltInKeywords.click(WebUiBuiltInKeywords.groovy:616)
	at com.kms.katalon.core.webui.keyword.WebUiBuiltInKeywords$click$3.call(Unknown Source)
	at 09_ChangeUserEmail.run(09_ChangeUserEmail:40)
	at com.kms.katalon.core.main.ScriptEngine.run(ScriptEngine.java:194)
	at com.kms.katalon.core.main.ScriptEngine.runScriptAsRawText(ScriptEngine.java:119)
	at com.kms.katalon.core.main.TestCaseExecutor.runScript(TestCaseExecutor.java:337)
	at com.kms.katalon.core.main.TestCaseExecutor.doExecute(TestCaseExecutor.java:328)
	at com.kms.katalon.core.main.TestCaseExecutor.processExecutionPhase(TestCaseExecutor.java:307)
	at com.kms.katalon.core.main.TestCaseExecutor.accessMainPhase(TestCaseExecutor.java:299)
	at com.kms.katalon.core.main.TestCaseExecutor.execute(TestCaseExecutor.java:233)
	at com.kms.katalon.core.main.TestSuiteExecutor.accessTestCaseMainPhase(TestSuiteExecutor.java:169)
	at com.kms.katalon.core.main.TestSuiteExecutor.accessTestSuiteMainPhase(TestSuiteExecutor.java:142)
	at com.kms.katalon.core.main.TestSuiteExecutor.execute(TestSuiteExecutor.java:91)
	at com.kms.katalon.core.main.TestCaseMain.startTestSuite(TestCaseMain.java:157)
	at com.kms.katalon.core.main.TestCaseMain$startTestSuite$0.call(Unknown Source)
	at TempTestSuite1591359445937.run(TempTestSuite1591359445937.groovy:37)
Caused by: com.kms.katalon.core.webui.exception.WebElementNotFoundException: Web element with id: 'Object Repository/1612427/09_ChangeUserEmail/Page_System Console - Mattermost/input_Email_SystemUserDetail__input form-control' located by 'By.xpath: //input[@value='xxx@email.com']' not found
	at com.kms.katalon.core.webui.common.WebUiCommonHelper.findWebElement(WebUiCommonHelper.java:1154)
	at com.kms.katalon.core.webui.keyword.internal.WebUIAbstractKeyword.findWebElement(WebUIAbstractKeyword.groovy:27)
	at com.kms.katalon.core.webui.keyword.internal.WebUIAbstractKeyword.findWebElement(WebUIAbstractKeyword.groovy:26)
	at com.kms.katalon.core.webui.keyword.builtin.ClickKeyword$_click_closure1.doCall(ClickKeyword.groovy:67)
	at com.kms.katalon.core.webui.keyword.builtin.ClickKeyword$_click_closure1.call(ClickKeyword.groovy)
	at com.kms.katalon.core.webui.keyword.internal.WebUIKeywordMain.runKeyword(WebUIKeywordMain.groovy:20)
	... 19 more


2020-06-05 19:29:40 - [TEST_STEP][PASSED] - openBrowser(""): Browser is opened with url: ''

2020-06-05 19:29:40 - [MESSAGE][INFO] - Starting 'Chrome' driver

2020-06-05 19:29:40 - [MESSAGE][INFO] - Action delay is set to 0 milliseconds

2020-06-05 19:29:43 - [MESSAGE][PASSED] - Browser is opened with url: ''

2020-06-05 19:29:43 - [TEST_STEP][PASSED] - setViewPortSize(1600, 1500): Viewport is set to new size with width = 1600 and height = 1500

2020-06-05 19:29:46 - [MESSAGE][PASSED] - Viewport is set to new size with width = 1600 and height = 1500

2020-06-05 19:29:46 - [TEST_STEP][PASSED] - navigateToUrl("http://localhost:8065/admin_console"): Navigate to 'http://localhost:8065/admin_console' successfully

2020-06-05 19:29:47 - [MESSAGE][PASSED] - Navigate to 'http://localhost:8065/admin_console' successfully

2020-06-05 19:29:47 - [TEST_STEP][PASSED] - setText(findTestObject("Object Repository/1612427/09_ChangeUserEmail/Page_Mattermost/input_All team communication in one place s_703ef5"), "hcmus-cdnc"): Text 'hcmus-cdnc' is set on object 'Object Repository/1612427/09_ChangeUserEmail/Page_Mattermost/input_All team communication in one place s_703ef5'

2020-06-05 19:29:50 - [MESSAGE][PASSED] - Text 'hcmus-cdnc' is set on object 'Object Repository/1612427/09_ChangeUserEmail/Page_Mattermost/input_All team communication in one place s_703ef5'

2020-06-05 19:29:50 - [TEST_STEP][PASSED] - setEncryptedText(findTestObject("Object Repository/1612427/09_ChangeUserEmail/Page_Mattermost/input_All team communication in one place s_2f2733"), "aeHFOx8jV/A="): Text ****** has been set on object 'Object Repository/1612427/09_ChangeUserEmail/Page_Mattermost/input_All team communication in one place s_2f2733'

2020-06-05 19:29:50 - [MESSAGE][PASSED] - Text ****** has been set on object 'Object Repository/1612427/09_ChangeUserEmail/Page_Mattermost/input_All team communication in one place s_2f2733'

2020-06-05 19:29:50 - [TEST_STEP][PASSED] - click(findTestObject("Object Repository/1612427/09_ChangeUserEmail/Page_Mattermost/span_Sign in")): Object: 'Object Repository/1612427/09_ChangeUserEmail/Page_Mattermost/span_Sign in' is clicked on

2020-06-05 19:29:51 - [MESSAGE][PASSED] - Object: 'Object Repository/1612427/09_ChangeUserEmail/Page_Mattermost/span_Sign in' is clicked on

2020-06-05 19:29:51 - [TEST_STEP][PASSED] - click(findTestObject("Object Repository/1612427/09_ChangeUserEmail/Page_System Console - Mattermost/a_Users")): Object: 'Object Repository/1612427/09_ChangeUserEmail/Page_System Console - Mattermost/a_Users' is clicked on

2020-06-05 19:29:53 - [MESSAGE][PASSED] - Object: 'Object Repository/1612427/09_ChangeUserEmail/Page_System Console - Mattermost/a_Users' is clicked on

2020-06-05 19:29:53 - [TEST_STEP][PASSED] - setText(findTestObject("Object Repository/1612427/09_ChangeUserEmail/Page_System Console - Mattermost/input_Mattermost Users_searchUsers"), "ar"): Text 'ar' is set on object 'Object Repository/1612427/09_ChangeUserEmail/Page_System Console - Mattermost/input_Mattermost Users_searchUsers'

2020-06-05 19:29:55 - [MESSAGE][PASSED] - Text 'ar' is set on object 'Object Repository/1612427/09_ChangeUserEmail/Page_System Console - Mattermost/input_Mattermost Users_searchUsers'

2020-06-05 19:29:55 - [TEST_STEP][PASSED] - click(findTestObject("Object Repository/1612427/09_ChangeUserEmail/Page_System Console - Mattermost/span_janicearmstrong - Janice Armstrong")): Object: 'Object Repository/1612427/09_ChangeUserEmail/Page_System Console - Mattermost/span_janicearmstrong - Janice Armstrong' is clicked on

2020-06-05 19:29:56 - [MESSAGE][PASSED] - Object: 'Object Repository/1612427/09_ChangeUserEmail/Page_System Console - Mattermost/span_janicearmstrong - Janice Armstrong' is clicked on

2020-06-05 19:29:56 - [TEST_STEP][FAILED] - click(findTestObject("Object Repository/1612427/09_ChangeUserEmail/Page_System Console - Mattermost/input_Email_SystemUserDetail__input form-control")): Unable to click on object 'Object Repository/1612427/09_ChangeUserEmail/Page_System Console - Mattermost/input_Email_SystemUserDetail__input form-control' (Root cause: com.kms.katalon.core.exception.StepFailedException: Unable to click on object 'Object Repository/1612427/09_ChangeUserEmail/Page_System Console - Mattermost/input_Email_SystemUserDetail__input form-control'
	at com.kms.katalon.core.webui.keyword.internal.WebUIKeywordMain.stepFailed(WebUIKeywordMain.groovy:64)
	at com.kms.katalon.core.webui.keyword.internal.WebUIKeywordMain.runKeyword(WebUIKeywordMain.groovy:26)
	at com.kms.katalon.core.webui.keyword.builtin.ClickKeyword.click(ClickKeyword.groovy:76)
	at com.kms.katalon.core.webui.keyword.builtin.ClickKeyword.execute(ClickKeyword.groovy:43)
	at com.kms.katalon.core.keyword.internal.KeywordExecutor.executeKeywordForPlatform(KeywordExecutor.groovy:72)
	at com.kms.katalon.core.webui.keyword.WebUiBuiltInKeywords.click(WebUiBuiltInKeywords.groovy:616)
	at com.kms.katalon.core.webui.keyword.WebUiBuiltInKeywords$click$3.call(Unknown Source)
	at 09_ChangeUserEmail.run(09_ChangeUserEmail:40)
	at com.kms.katalon.core.main.ScriptEngine.run(ScriptEngine.java:194)
	at com.kms.katalon.core.main.ScriptEngine.runScriptAsRawText(ScriptEngine.java:119)
	at com.kms.katalon.core.main.TestCaseExecutor.runScript(TestCaseExecutor.java:337)
	at com.kms.katalon.core.main.TestCaseExecutor.doExecute(TestCaseExecutor.java:328)
	at com.kms.katalon.core.main.TestCaseExecutor.processExecutionPhase(TestCaseExecutor.java:307)
	at com.kms.katalon.core.main.TestCaseExecutor.accessMainPhase(TestCaseExecutor.java:299)
	at com.kms.katalon.core.main.TestCaseExecutor.execute(TestCaseExecutor.java:233)
	at com.kms.katalon.core.main.TestSuiteExecutor.accessTestCaseMainPhase(TestSuiteExecutor.java:169)
	at com.kms.katalon.core.main.TestSuiteExecutor.accessTestSuiteMainPhase(TestSuiteExecutor.java:142)
	at com.kms.katalon.core.main.TestSuiteExecutor.execute(TestSuiteExecutor.java:91)
	at com.kms.katalon.core.main.TestCaseMain.startTestSuite(TestCaseMain.java:157)
	at com.kms.katalon.core.main.TestCaseMain$startTestSuite$0.call(Unknown Source)
	at TempTestSuite1591359445937.run(TempTestSuite1591359445937.groovy:37)
Caused by: com.kms.katalon.core.webui.exception.WebElementNotFoundException: Web element with id: 'Object Repository/1612427/09_ChangeUserEmail/Page_System Console - Mattermost/input_Email_SystemUserDetail__input form-control' located by 'By.xpath: //input[@value='xxx@email.com']' not found
	at com.kms.katalon.core.webui.common.WebUiCommonHelper.findWebElement(WebUiCommonHelper.java:1154)
	at com.kms.katalon.core.webui.keyword.internal.WebUIAbstractKeyword.findWebElement(WebUIAbstractKeyword.groovy:27)
	at com.kms.katalon.core.webui.keyword.internal.WebUIAbstractKeyword.findWebElement(WebUIAbstractKeyword.groovy:26)
	at com.kms.katalon.core.webui.keyword.builtin.ClickKeyword$_click_closure1.doCall(ClickKeyword.groovy:67)
	at com.kms.katalon.core.webui.keyword.builtin.ClickKeyword$_click_closure1.call(ClickKeyword.groovy)
	at com.kms.katalon.core.webui.keyword.internal.WebUIKeywordMain.runKeyword(WebUIKeywordMain.groovy:20)
	at com.kms.katalon.core.webui.keyword.builtin.ClickKeyword.click(ClickKeyword.groovy:76)
	at com.kms.katalon.core.webui.keyword.builtin.ClickKeyword.execute(ClickKeyword.groovy:43)
	at com.kms.katalon.core.keyword.internal.KeywordExecutor.executeKeywordForPlatform(KeywordExecutor.groovy:72)
	at com.kms.katalon.core.webui.keyword.WebUiBuiltInKeywords.click(WebUiBuiltInKeywords.groovy:616)
	at com.kms.katalon.core.webui.keyword.WebUiBuiltInKeywords$click$3.call(Unknown Source)
	at Script1591278779104.run(Script1591278779104.groovy:40)
	... 13 more
)

2020-06-05 19:30:45 - [MESSAGE][INFO] - Unable to find the element located by 'By.xpath: //input[@value='xxx@email.com']'. Please recheck the objects properties to make sure the desired element is located. 

2020-06-05 19:30:45 - [MESSAGE][FAILED] - Unable to click on object 'Object Repository/1612427/09_ChangeUserEmail/Page_System Console - Mattermost/input_Email_SystemUserDetail__input form-control' (Root cause: com.kms.katalon.core.exception.StepFailedException: Unable to click on object 'Object Repository/1612427/09_ChangeUserEmail/Page_System Console - Mattermost/input_Email_SystemUserDetail__input form-control'
	at com.kms.katalon.core.webui.keyword.internal.WebUIKeywordMain.stepFailed(WebUIKeywordMain.groovy:64)
	at com.kms.katalon.core.webui.keyword.internal.WebUIKeywordMain.runKeyword(WebUIKeywordMain.groovy:26)
	at com.kms.katalon.core.webui.keyword.builtin.ClickKeyword.click(ClickKeyword.groovy:76)
	at com.kms.katalon.core.webui.keyword.builtin.ClickKeyword.execute(ClickKeyword.groovy:43)
	at com.kms.katalon.core.keyword.internal.KeywordExecutor.executeKeywordForPlatform(KeywordExecutor.groovy:72)
	at com.kms.katalon.core.webui.keyword.WebUiBuiltInKeywords.click(WebUiBuiltInKeywords.groovy:616)
	at com.kms.katalon.core.webui.keyword.WebUiBuiltInKeywords$click$3.call(Unknown Source)
	at 09_ChangeUserEmail.run(09_ChangeUserEmail:40)
	at com.kms.katalon.core.main.ScriptEngine.run(ScriptEngine.java:194)
	at com.kms.katalon.core.main.ScriptEngine.runScriptAsRawText(ScriptEngine.java:119)
	at com.kms.katalon.core.main.TestCaseExecutor.runScript(TestCaseExecutor.java:337)
	at com.kms.katalon.core.main.TestCaseExecutor.doExecute(TestCaseExecutor.java:328)
	at com.kms.katalon.core.main.TestCaseExecutor.processExecutionPhase(TestCaseExecutor.java:307)
	at com.kms.katalon.core.main.TestCaseExecutor.accessMainPhase(TestCaseExecutor.java:299)
	at com.kms.katalon.core.main.TestCaseExecutor.execute(TestCaseExecutor.java:233)
	at com.kms.katalon.core.main.TestSuiteExecutor.accessTestCaseMainPhase(TestSuiteExecutor.java:169)
	at com.kms.katalon.core.main.TestSuiteExecutor.accessTestSuiteMainPhase(TestSuiteExecutor.java:142)
	at com.kms.katalon.core.main.TestSuiteExecutor.execute(TestSuiteExecutor.java:91)
	at com.kms.katalon.core.main.TestCaseMain.startTestSuite(TestCaseMain.java:157)
	at com.kms.katalon.core.main.TestCaseMain$startTestSuite$0.call(Unknown Source)
	at TempTestSuite1591359445937.run(TempTestSuite1591359445937.groovy:37)
Caused by: com.kms.katalon.core.webui.exception.WebElementNotFoundException: Web element with id: 'Object Repository/1612427/09_ChangeUserEmail/Page_System Console - Mattermost/input_Email_SystemUserDetail__input form-control' located by 'By.xpath: //input[@value='xxx@email.com']' not found
	at com.kms.katalon.core.webui.common.WebUiCommonHelper.findWebElement(WebUiCommonHelper.java:1154)
	at com.kms.katalon.core.webui.keyword.internal.WebUIAbstractKeyword.findWebElement(WebUIAbstractKeyword.groovy:27)
	at com.kms.katalon.core.webui.keyword.internal.WebUIAbstractKeyword.findWebElement(WebUIAbstractKeyword.groovy:26)
	at com.kms.katalon.core.webui.keyword.builtin.ClickKeyword$_click_closure1.doCall(ClickKeyword.groovy:67)
	at com.kms.katalon.core.webui.keyword.builtin.ClickKeyword$_click_closure1.call(ClickKeyword.groovy)
	at com.kms.katalon.core.webui.keyword.internal.WebUIKeywordMain.runKeyword(WebUIKeywordMain.groovy:20)
	at com.kms.katalon.core.webui.keyword.builtin.ClickKeyword.click(ClickKeyword.groovy:76)
	at com.kms.katalon.core.webui.keyword.builtin.ClickKeyword.execute(ClickKeyword.groovy:43)
	at com.kms.katalon.core.keyword.internal.KeywordExecutor.executeKeywordForPlatform(KeywordExecutor.groovy:72)
	at com.kms.katalon.core.webui.keyword.WebUiBuiltInKeywords.click(WebUiBuiltInKeywords.groovy:616)
	at com.kms.katalon.core.webui.keyword.WebUiBuiltInKeywords$click$3.call(Unknown Source)
	at Script1591278779104.run(Script1591278779104.groovy:40)
	... 13 more
)
[[ATTACHMENT|C:\\Users\\Thanh\\Desktop\\github.com\\New folder (2)\\homeword02-mattermost-katalon\\Reports\\20200605_191725\\Run all test cases\\20200605_191725\\1591360245514.png]]]]></system-out>
         <system-err><![CDATA[2020-06-05 19:29:40 - [TEST_CASE][FAILED] - Test Cases/1612427/09_ChangeUserEmail: Test Cases/1612427/09_ChangeUserEmail FAILED.
Reason:
com.kms.katalon.core.exception.StepFailedException: Unable to click on object 'Object Repository/1612427/09_ChangeUserEmail/Page_System Console - Mattermost/input_Email_SystemUserDetail__input form-control'
	at com.kms.katalon.core.webui.keyword.internal.WebUIKeywordMain.stepFailed(WebUIKeywordMain.groovy:64)
	at com.kms.katalon.core.webui.keyword.internal.WebUIKeywordMain.runKeyword(WebUIKeywordMain.groovy:26)
	at com.kms.katalon.core.webui.keyword.builtin.ClickKeyword.click(ClickKeyword.groovy:76)
	at com.kms.katalon.core.webui.keyword.builtin.ClickKeyword.execute(ClickKeyword.groovy:43)
	at com.kms.katalon.core.keyword.internal.KeywordExecutor.executeKeywordForPlatform(KeywordExecutor.groovy:72)
	at com.kms.katalon.core.webui.keyword.WebUiBuiltInKeywords.click(WebUiBuiltInKeywords.groovy:616)
	at com.kms.katalon.core.webui.keyword.WebUiBuiltInKeywords$click$3.call(Unknown Source)
	at 09_ChangeUserEmail.run(09_ChangeUserEmail:40)
	at com.kms.katalon.core.main.ScriptEngine.run(ScriptEngine.java:194)
	at com.kms.katalon.core.main.ScriptEngine.runScriptAsRawText(ScriptEngine.java:119)
	at com.kms.katalon.core.main.TestCaseExecutor.runScript(TestCaseExecutor.java:337)
	at com.kms.katalon.core.main.TestCaseExecutor.doExecute(TestCaseExecutor.java:328)
	at com.kms.katalon.core.main.TestCaseExecutor.processExecutionPhase(TestCaseExecutor.java:307)
	at com.kms.katalon.core.main.TestCaseExecutor.accessMainPhase(TestCaseExecutor.java:299)
	at com.kms.katalon.core.main.TestCaseExecutor.execute(TestCaseExecutor.java:233)
	at com.kms.katalon.core.main.TestSuiteExecutor.accessTestCaseMainPhase(TestSuiteExecutor.java:169)
	at com.kms.katalon.core.main.TestSuiteExecutor.accessTestSuiteMainPhase(TestSuiteExecutor.java:142)
	at com.kms.katalon.core.main.TestSuiteExecutor.execute(TestSuiteExecutor.java:91)
	at com.kms.katalon.core.main.TestCaseMain.startTestSuite(TestCaseMain.java:157)
	at com.kms.katalon.core.main.TestCaseMain$startTestSuite$0.call(Unknown Source)
	at TempTestSuite1591359445937.run(TempTestSuite1591359445937.groovy:37)
Caused by: com.kms.katalon.core.webui.exception.WebElementNotFoundException: Web element with id: 'Object Repository/1612427/09_ChangeUserEmail/Page_System Console - Mattermost/input_Email_SystemUserDetail__input form-control' located by 'By.xpath: //input[@value='xxx@email.com']' not found
	at com.kms.katalon.core.webui.common.WebUiCommonHelper.findWebElement(WebUiCommonHelper.java:1154)
	at com.kms.katalon.core.webui.keyword.internal.WebUIAbstractKeyword.findWebElement(WebUIAbstractKeyword.groovy:27)
	at com.kms.katalon.core.webui.keyword.internal.WebUIAbstractKeyword.findWebElement(WebUIAbstractKeyword.groovy:26)
	at com.kms.katalon.core.webui.keyword.builtin.ClickKeyword$_click_closure1.doCall(ClickKeyword.groovy:67)
	at com.kms.katalon.core.webui.keyword.builtin.ClickKeyword$_click_closure1.call(ClickKeyword.groovy)
	at com.kms.katalon.core.webui.keyword.internal.WebUIKeywordMain.runKeyword(WebUIKeywordMain.groovy:20)
	... 19 more]]></system-err>
      </testcase>
      <testcase name="Test Cases/1612427/10_SetMinimum_Password" time="16.385" classname="Test Cases/1612427/10_SetMinimum_Password" status="PASSED">
         <system-out><![CDATA[2020-06-05 19:30:46 - [TEST_CASE][PASSED] - Test Cases/1612427/10_SetMinimum_Password: Test Cases/1612427/10_SetMinimum_Password

2020-06-05 19:30:46 - [TEST_STEP][PASSED] - openBrowser(""): Browser is opened with url: ''

2020-06-05 19:30:46 - [MESSAGE][WARNING] - A browser is already opened. Closing browser and opening a new one

2020-06-05 19:30:47 - [MESSAGE][INFO] - Starting 'Chrome' driver

2020-06-05 19:30:47 - [MESSAGE][INFO] - Action delay is set to 0 milliseconds

2020-06-05 19:30:50 - [MESSAGE][PASSED] - Browser is opened with url: ''

2020-06-05 19:30:50 - [TEST_STEP][PASSED] - navigateToUrl("http://localhost:8065/admin_console/user_management/users"): Navigate to 'http://localhost:8065/admin_console/user_management/users' successfully

2020-06-05 19:30:52 - [MESSAGE][PASSED] - Navigate to 'http://localhost:8065/admin_console/user_management/users' successfully

2020-06-05 19:30:52 - [TEST_STEP][PASSED] - setText(findTestObject("Object Repository/1612427/10_SetMinimun_Password/Page_Mattermost/input_All team communication in one place s_703ef5"), "hcmus-cdnc"): Text 'hcmus-cdnc' is set on object 'Object Repository/1612427/10_SetMinimun_Password/Page_Mattermost/input_All team communication in one place s_703ef5'

2020-06-05 19:30:54 - [MESSAGE][PASSED] - Text 'hcmus-cdnc' is set on object 'Object Repository/1612427/10_SetMinimun_Password/Page_Mattermost/input_All team communication in one place s_703ef5'

2020-06-05 19:30:54 - [TEST_STEP][PASSED] - setEncryptedText(findTestObject("Object Repository/1612427/10_SetMinimun_Password/Page_Mattermost/input_All team communication in one place s_2f2733"), "aeHFOx8jV/A="): Text ****** has been set on object 'Object Repository/1612427/10_SetMinimun_Password/Page_Mattermost/input_All team communication in one place s_2f2733'

2020-06-05 19:30:55 - [MESSAGE][PASSED] - Text ****** has been set on object 'Object Repository/1612427/10_SetMinimun_Password/Page_Mattermost/input_All team communication in one place s_2f2733'

2020-06-05 19:30:55 - [TEST_STEP][PASSED] - click(findTestObject("Object Repository/1612427/10_SetMinimun_Password/Page_Mattermost/button_Sign in")): Object: 'Object Repository/1612427/10_SetMinimun_Password/Page_Mattermost/button_Sign in' is clicked on

2020-06-05 19:30:56 - [MESSAGE][PASSED] - Object: 'Object Repository/1612427/10_SetMinimun_Password/Page_Mattermost/button_Sign in' is clicked on

2020-06-05 19:30:56 - [TEST_STEP][PASSED] - setText(findTestObject("Object Repository/1612427/10_SetMinimun_Password/Page_System Console - Mattermost/input_hcmus-cdnc_adminSidebarFilter"), "pass"): Text 'pass' is set on object 'Object Repository/1612427/10_SetMinimun_Password/Page_System Console - Mattermost/input_hcmus-cdnc_adminSidebarFilter'

2020-06-05 19:30:59 - [MESSAGE][PASSED] - Text 'pass' is set on object 'Object Repository/1612427/10_SetMinimun_Password/Page_System Console - Mattermost/input_hcmus-cdnc_adminSidebarFilter'

2020-06-05 19:30:59 - [TEST_STEP][PASSED] - click(findTestObject("Object Repository/1612427/10_SetMinimun_Password/Page_System Console - Mattermost/mark_Password")): Object: 'Object Repository/1612427/10_SetMinimun_Password/Page_System Console - Mattermost/mark_Password' is clicked on

2020-06-05 19:31:00 - [MESSAGE][PASSED] - Object: 'Object Repository/1612427/10_SetMinimun_Password/Page_System Console - Mattermost/mark_Password' is clicked on

2020-06-05 19:31:00 - [TEST_STEP][PASSED] - setText(findTestObject("Object Repository/1612427/10_SetMinimun_Password/Page_System Console - Mattermost/input_Password_passwordMinimumLength"), length): Text '12' is set on object 'Object Repository/1612427/10_SetMinimun_Password/Page_System Console - Mattermost/input_Password_passwordMinimumLength'

2020-06-05 19:31:00 - [MESSAGE][PASSED] - Text '12' is set on object 'Object Repository/1612427/10_SetMinimun_Password/Page_System Console - Mattermost/input_Password_passwordMinimumLength'

2020-06-05 19:31:00 - [TEST_STEP][PASSED] - click(findTestObject("Object Repository/1612427/10_SetMinimun_Password/Page_System Console - Mattermost/span_Save")): Object: 'Object Repository/1612427/10_SetMinimun_Password/Page_System Console - Mattermost/span_Save' is clicked on

2020-06-05 19:31:01 - [MESSAGE][PASSED] - Object: 'Object Repository/1612427/10_SetMinimun_Password/Page_System Console - Mattermost/span_Save' is clicked on

2020-06-05 19:31:01 - [TEST_STEP][PASSED] - closeBrowser(): Browser is closed

2020-06-05 19:31:02 - [MESSAGE][PASSED] - Browser is closed]]></system-out>
         <system-err><![CDATA[]]></system-err>
      </testcase>
      <testcase name="Test Cases/1612427/10_SetMinimum_Password" time="15.296" classname="Test Cases/1612427/10_SetMinimum_Password" status="PASSED">
         <system-out><![CDATA[2020-06-05 19:31:02 - [TEST_CASE][PASSED] - Test Cases/1612427/10_SetMinimum_Password: Test Cases/1612427/10_SetMinimum_Password

2020-06-05 19:31:02 - [TEST_STEP][PASSED] - openBrowser(""): Browser is opened with url: ''

2020-06-05 19:31:02 - [MESSAGE][INFO] - Starting 'Chrome' driver

2020-06-05 19:31:02 - [MESSAGE][INFO] - Action delay is set to 0 milliseconds

2020-06-05 19:31:05 - [MESSAGE][PASSED] - Browser is opened with url: ''

2020-06-05 19:31:05 - [TEST_STEP][PASSED] - navigateToUrl("http://localhost:8065/admin_console/user_management/users"): Navigate to 'http://localhost:8065/admin_console/user_management/users' successfully

2020-06-05 19:31:07 - [MESSAGE][PASSED] - Navigate to 'http://localhost:8065/admin_console/user_management/users' successfully

2020-06-05 19:31:07 - [TEST_STEP][PASSED] - setText(findTestObject("Object Repository/1612427/10_SetMinimun_Password/Page_Mattermost/input_All team communication in one place s_703ef5"), "hcmus-cdnc"): Text 'hcmus-cdnc' is set on object 'Object Repository/1612427/10_SetMinimun_Password/Page_Mattermost/input_All team communication in one place s_703ef5'

2020-06-05 19:31:10 - [MESSAGE][PASSED] - Text 'hcmus-cdnc' is set on object 'Object Repository/1612427/10_SetMinimun_Password/Page_Mattermost/input_All team communication in one place s_703ef5'

2020-06-05 19:31:10 - [TEST_STEP][PASSED] - setEncryptedText(findTestObject("Object Repository/1612427/10_SetMinimun_Password/Page_Mattermost/input_All team communication in one place s_2f2733"), "aeHFOx8jV/A="): Text ****** has been set on object 'Object Repository/1612427/10_SetMinimun_Password/Page_Mattermost/input_All team communication in one place s_2f2733'

2020-06-05 19:31:10 - [MESSAGE][PASSED] - Text ****** has been set on object 'Object Repository/1612427/10_SetMinimun_Password/Page_Mattermost/input_All team communication in one place s_2f2733'

2020-06-05 19:31:10 - [TEST_STEP][PASSED] - click(findTestObject("Object Repository/1612427/10_SetMinimun_Password/Page_Mattermost/button_Sign in")): Object: 'Object Repository/1612427/10_SetMinimun_Password/Page_Mattermost/button_Sign in' is clicked on

2020-06-05 19:31:11 - [MESSAGE][PASSED] - Object: 'Object Repository/1612427/10_SetMinimun_Password/Page_Mattermost/button_Sign in' is clicked on

2020-06-05 19:31:11 - [TEST_STEP][PASSED] - setText(findTestObject("Object Repository/1612427/10_SetMinimun_Password/Page_System Console - Mattermost/input_hcmus-cdnc_adminSidebarFilter"), "pass"): Text 'pass' is set on object 'Object Repository/1612427/10_SetMinimun_Password/Page_System Console - Mattermost/input_hcmus-cdnc_adminSidebarFilter'

2020-06-05 19:31:14 - [MESSAGE][PASSED] - Text 'pass' is set on object 'Object Repository/1612427/10_SetMinimun_Password/Page_System Console - Mattermost/input_hcmus-cdnc_adminSidebarFilter'

2020-06-05 19:31:14 - [TEST_STEP][PASSED] - click(findTestObject("Object Repository/1612427/10_SetMinimun_Password/Page_System Console - Mattermost/mark_Password")): Object: 'Object Repository/1612427/10_SetMinimun_Password/Page_System Console - Mattermost/mark_Password' is clicked on

2020-06-05 19:31:15 - [MESSAGE][PASSED] - Object: 'Object Repository/1612427/10_SetMinimun_Password/Page_System Console - Mattermost/mark_Password' is clicked on

2020-06-05 19:31:15 - [TEST_STEP][PASSED] - setText(findTestObject("Object Repository/1612427/10_SetMinimun_Password/Page_System Console - Mattermost/input_Password_passwordMinimumLength"), length): Text '1' is set on object 'Object Repository/1612427/10_SetMinimun_Password/Page_System Console - Mattermost/input_Password_passwordMinimumLength'

2020-06-05 19:31:16 - [MESSAGE][PASSED] - Text '1' is set on object 'Object Repository/1612427/10_SetMinimun_Password/Page_System Console - Mattermost/input_Password_passwordMinimumLength'

2020-06-05 19:31:16 - [TEST_STEP][PASSED] - click(findTestObject("Object Repository/1612427/10_SetMinimun_Password/Page_System Console - Mattermost/span_Save")): Object: 'Object Repository/1612427/10_SetMinimun_Password/Page_System Console - Mattermost/span_Save' is clicked on

2020-06-05 19:31:17 - [MESSAGE][PASSED] - Object: 'Object Repository/1612427/10_SetMinimun_Password/Page_System Console - Mattermost/span_Save' is clicked on

2020-06-05 19:31:17 - [TEST_STEP][PASSED] - closeBrowser(): Browser is closed

2020-06-05 19:31:17 - [MESSAGE][PASSED] - Browser is closed]]></system-out>
         <system-err><![CDATA[]]></system-err>
      </testcase>
      <testcase name="Test Cases/1612427/10_SetMinimum_Password" time="14.614" classname="Test Cases/1612427/10_SetMinimum_Password" status="PASSED">
         <system-out><![CDATA[2020-06-05 19:31:17 - [TEST_CASE][PASSED] - Test Cases/1612427/10_SetMinimum_Password: Test Cases/1612427/10_SetMinimum_Password

2020-06-05 19:31:17 - [TEST_STEP][PASSED] - openBrowser(""): Browser is opened with url: ''

2020-06-05 19:31:17 - [MESSAGE][INFO] - Starting 'Chrome' driver

2020-06-05 19:31:17 - [MESSAGE][INFO] - Action delay is set to 0 milliseconds

2020-06-05 19:31:21 - [MESSAGE][PASSED] - Browser is opened with url: ''

2020-06-05 19:31:21 - [TEST_STEP][PASSED] - navigateToUrl("http://localhost:8065/admin_console/user_management/users"): Navigate to 'http://localhost:8065/admin_console/user_management/users' successfully

2020-06-05 19:31:22 - [MESSAGE][PASSED] - Navigate to 'http://localhost:8065/admin_console/user_management/users' successfully

2020-06-05 19:31:22 - [TEST_STEP][PASSED] - setText(findTestObject("Object Repository/1612427/10_SetMinimun_Password/Page_Mattermost/input_All team communication in one place s_703ef5"), "hcmus-cdnc"): Text 'hcmus-cdnc' is set on object 'Object Repository/1612427/10_SetMinimun_Password/Page_Mattermost/input_All team communication in one place s_703ef5'

2020-06-05 19:31:24 - [MESSAGE][PASSED] - Text 'hcmus-cdnc' is set on object 'Object Repository/1612427/10_SetMinimun_Password/Page_Mattermost/input_All team communication in one place s_703ef5'

2020-06-05 19:31:24 - [TEST_STEP][PASSED] - setEncryptedText(findTestObject("Object Repository/1612427/10_SetMinimun_Password/Page_Mattermost/input_All team communication in one place s_2f2733"), "aeHFOx8jV/A="): Text ****** has been set on object 'Object Repository/1612427/10_SetMinimun_Password/Page_Mattermost/input_All team communication in one place s_2f2733'

2020-06-05 19:31:25 - [MESSAGE][PASSED] - Text ****** has been set on object 'Object Repository/1612427/10_SetMinimun_Password/Page_Mattermost/input_All team communication in one place s_2f2733'

2020-06-05 19:31:25 - [TEST_STEP][PASSED] - click(findTestObject("Object Repository/1612427/10_SetMinimun_Password/Page_Mattermost/button_Sign in")): Object: 'Object Repository/1612427/10_SetMinimun_Password/Page_Mattermost/button_Sign in' is clicked on

2020-06-05 19:31:26 - [MESSAGE][PASSED] - Object: 'Object Repository/1612427/10_SetMinimun_Password/Page_Mattermost/button_Sign in' is clicked on

2020-06-05 19:31:26 - [TEST_STEP][PASSED] - setText(findTestObject("Object Repository/1612427/10_SetMinimun_Password/Page_System Console - Mattermost/input_hcmus-cdnc_adminSidebarFilter"), "pass"): Text 'pass' is set on object 'Object Repository/1612427/10_SetMinimun_Password/Page_System Console - Mattermost/input_hcmus-cdnc_adminSidebarFilter'

2020-06-05 19:31:29 - [MESSAGE][PASSED] - Text 'pass' is set on object 'Object Repository/1612427/10_SetMinimun_Password/Page_System Console - Mattermost/input_hcmus-cdnc_adminSidebarFilter'

2020-06-05 19:31:29 - [TEST_STEP][PASSED] - click(findTestObject("Object Repository/1612427/10_SetMinimun_Password/Page_System Console - Mattermost/mark_Password")): Object: 'Object Repository/1612427/10_SetMinimun_Password/Page_System Console - Mattermost/mark_Password' is clicked on

2020-06-05 19:31:30 - [MESSAGE][PASSED] - Object: 'Object Repository/1612427/10_SetMinimun_Password/Page_System Console - Mattermost/mark_Password' is clicked on

2020-06-05 19:31:30 - [TEST_STEP][PASSED] - setText(findTestObject("Object Repository/1612427/10_SetMinimun_Password/Page_System Console - Mattermost/input_Password_passwordMinimumLength"), length): Text '2' is set on object 'Object Repository/1612427/10_SetMinimun_Password/Page_System Console - Mattermost/input_Password_passwordMinimumLength'

2020-06-05 19:31:30 - [MESSAGE][PASSED] - Text '2' is set on object 'Object Repository/1612427/10_SetMinimun_Password/Page_System Console - Mattermost/input_Password_passwordMinimumLength'

2020-06-05 19:31:30 - [TEST_STEP][PASSED] - click(findTestObject("Object Repository/1612427/10_SetMinimun_Password/Page_System Console - Mattermost/span_Save")): Object: 'Object Repository/1612427/10_SetMinimun_Password/Page_System Console - Mattermost/span_Save' is clicked on

2020-06-05 19:31:31 - [MESSAGE][PASSED] - Object: 'Object Repository/1612427/10_SetMinimun_Password/Page_System Console - Mattermost/span_Save' is clicked on

2020-06-05 19:31:31 - [TEST_STEP][PASSED] - closeBrowser(): Browser is closed

2020-06-05 19:31:32 - [MESSAGE][PASSED] - Browser is closed]]></system-out>
         <system-err><![CDATA[]]></system-err>
      </testcase>
      <testcase name="Test Cases/1612427/10_SetMinimum_Password" time="15.076" classname="Test Cases/1612427/10_SetMinimum_Password" status="PASSED">
         <system-out><![CDATA[2020-06-05 19:31:32 - [TEST_CASE][PASSED] - Test Cases/1612427/10_SetMinimum_Password: Test Cases/1612427/10_SetMinimum_Password

2020-06-05 19:31:32 - [TEST_STEP][PASSED] - openBrowser(""): Browser is opened with url: ''

2020-06-05 19:31:32 - [MESSAGE][INFO] - Starting 'Chrome' driver

2020-06-05 19:31:32 - [MESSAGE][INFO] - Action delay is set to 0 milliseconds

2020-06-05 19:31:35 - [MESSAGE][PASSED] - Browser is opened with url: ''

2020-06-05 19:31:35 - [TEST_STEP][PASSED] - navigateToUrl("http://localhost:8065/admin_console/user_management/users"): Navigate to 'http://localhost:8065/admin_console/user_management/users' successfully

2020-06-05 19:31:37 - [MESSAGE][PASSED] - Navigate to 'http://localhost:8065/admin_console/user_management/users' successfully

2020-06-05 19:31:37 - [TEST_STEP][PASSED] - setText(findTestObject("Object Repository/1612427/10_SetMinimun_Password/Page_Mattermost/input_All team communication in one place s_703ef5"), "hcmus-cdnc"): Text 'hcmus-cdnc' is set on object 'Object Repository/1612427/10_SetMinimun_Password/Page_Mattermost/input_All team communication in one place s_703ef5'

2020-06-05 19:31:39 - [MESSAGE][PASSED] - Text 'hcmus-cdnc' is set on object 'Object Repository/1612427/10_SetMinimun_Password/Page_Mattermost/input_All team communication in one place s_703ef5'

2020-06-05 19:31:39 - [TEST_STEP][PASSED] - setEncryptedText(findTestObject("Object Repository/1612427/10_SetMinimun_Password/Page_Mattermost/input_All team communication in one place s_2f2733"), "aeHFOx8jV/A="): Text ****** has been set on object 'Object Repository/1612427/10_SetMinimun_Password/Page_Mattermost/input_All team communication in one place s_2f2733'

2020-06-05 19:31:40 - [MESSAGE][PASSED] - Text ****** has been set on object 'Object Repository/1612427/10_SetMinimun_Password/Page_Mattermost/input_All team communication in one place s_2f2733'

2020-06-05 19:31:40 - [TEST_STEP][PASSED] - click(findTestObject("Object Repository/1612427/10_SetMinimun_Password/Page_Mattermost/button_Sign in")): Object: 'Object Repository/1612427/10_SetMinimun_Password/Page_Mattermost/button_Sign in' is clicked on

2020-06-05 19:31:40 - [MESSAGE][PASSED] - Object: 'Object Repository/1612427/10_SetMinimun_Password/Page_Mattermost/button_Sign in' is clicked on

2020-06-05 19:31:40 - [TEST_STEP][PASSED] - setText(findTestObject("Object Repository/1612427/10_SetMinimun_Password/Page_System Console - Mattermost/input_hcmus-cdnc_adminSidebarFilter"), "pass"): Text 'pass' is set on object 'Object Repository/1612427/10_SetMinimun_Password/Page_System Console - Mattermost/input_hcmus-cdnc_adminSidebarFilter'

2020-06-05 19:31:44 - [MESSAGE][PASSED] - Text 'pass' is set on object 'Object Repository/1612427/10_SetMinimun_Password/Page_System Console - Mattermost/input_hcmus-cdnc_adminSidebarFilter'

2020-06-05 19:31:44 - [TEST_STEP][PASSED] - click(findTestObject("Object Repository/1612427/10_SetMinimun_Password/Page_System Console - Mattermost/mark_Password")): Object: 'Object Repository/1612427/10_SetMinimun_Password/Page_System Console - Mattermost/mark_Password' is clicked on

2020-06-05 19:31:45 - [MESSAGE][PASSED] - Object: 'Object Repository/1612427/10_SetMinimun_Password/Page_System Console - Mattermost/mark_Password' is clicked on

2020-06-05 19:31:45 - [TEST_STEP][PASSED] - setText(findTestObject("Object Repository/1612427/10_SetMinimun_Password/Page_System Console - Mattermost/input_Password_passwordMinimumLength"), length): Text '5' is set on object 'Object Repository/1612427/10_SetMinimun_Password/Page_System Console - Mattermost/input_Password_passwordMinimumLength'

2020-06-05 19:31:46 - [MESSAGE][PASSED] - Text '5' is set on object 'Object Repository/1612427/10_SetMinimun_Password/Page_System Console - Mattermost/input_Password_passwordMinimumLength'

2020-06-05 19:31:46 - [TEST_STEP][PASSED] - click(findTestObject("Object Repository/1612427/10_SetMinimun_Password/Page_System Console - Mattermost/span_Save")): Object: 'Object Repository/1612427/10_SetMinimun_Password/Page_System Console - Mattermost/span_Save' is clicked on

2020-06-05 19:31:46 - [MESSAGE][PASSED] - Object: 'Object Repository/1612427/10_SetMinimun_Password/Page_System Console - Mattermost/span_Save' is clicked on

2020-06-05 19:31:46 - [TEST_STEP][PASSED] - closeBrowser(): Browser is closed

2020-06-05 19:31:47 - [MESSAGE][PASSED] - Browser is closed]]></system-out>
         <system-err><![CDATA[]]></system-err>
      </testcase>
      <testcase name="Test Cases/1612427/10_SetMinimum_Password" time="15.329" classname="Test Cases/1612427/10_SetMinimum_Password" status="PASSED">
         <system-out><![CDATA[2020-06-05 19:31:47 - [TEST_CASE][PASSED] - Test Cases/1612427/10_SetMinimum_Password: Test Cases/1612427/10_SetMinimum_Password

2020-06-05 19:31:47 - [TEST_STEP][PASSED] - openBrowser(""): Browser is opened with url: ''

2020-06-05 19:31:47 - [MESSAGE][INFO] - Starting 'Chrome' driver

2020-06-05 19:31:47 - [MESSAGE][INFO] - Action delay is set to 0 milliseconds

2020-06-05 19:31:50 - [MESSAGE][PASSED] - Browser is opened with url: ''

2020-06-05 19:31:50 - [TEST_STEP][PASSED] - navigateToUrl("http://localhost:8065/admin_console/user_management/users"): Navigate to 'http://localhost:8065/admin_console/user_management/users' successfully

2020-06-05 19:31:52 - [MESSAGE][PASSED] - Navigate to 'http://localhost:8065/admin_console/user_management/users' successfully

2020-06-05 19:31:52 - [TEST_STEP][PASSED] - setText(findTestObject("Object Repository/1612427/10_SetMinimun_Password/Page_Mattermost/input_All team communication in one place s_703ef5"), "hcmus-cdnc"): Text 'hcmus-cdnc' is set on object 'Object Repository/1612427/10_SetMinimun_Password/Page_Mattermost/input_All team communication in one place s_703ef5'

2020-06-05 19:31:55 - [MESSAGE][PASSED] - Text 'hcmus-cdnc' is set on object 'Object Repository/1612427/10_SetMinimun_Password/Page_Mattermost/input_All team communication in one place s_703ef5'

2020-06-05 19:31:55 - [TEST_STEP][PASSED] - setEncryptedText(findTestObject("Object Repository/1612427/10_SetMinimun_Password/Page_Mattermost/input_All team communication in one place s_2f2733"), "aeHFOx8jV/A="): Text ****** has been set on object 'Object Repository/1612427/10_SetMinimun_Password/Page_Mattermost/input_All team communication in one place s_2f2733'

2020-06-05 19:31:55 - [MESSAGE][PASSED] - Text ****** has been set on object 'Object Repository/1612427/10_SetMinimun_Password/Page_Mattermost/input_All team communication in one place s_2f2733'

2020-06-05 19:31:55 - [TEST_STEP][PASSED] - click(findTestObject("Object Repository/1612427/10_SetMinimun_Password/Page_Mattermost/button_Sign in")): Object: 'Object Repository/1612427/10_SetMinimun_Password/Page_Mattermost/button_Sign in' is clicked on

2020-06-05 19:31:56 - [MESSAGE][PASSED] - Object: 'Object Repository/1612427/10_SetMinimun_Password/Page_Mattermost/button_Sign in' is clicked on

2020-06-05 19:31:56 - [TEST_STEP][PASSED] - setText(findTestObject("Object Repository/1612427/10_SetMinimun_Password/Page_System Console - Mattermost/input_hcmus-cdnc_adminSidebarFilter"), "pass"): Text 'pass' is set on object 'Object Repository/1612427/10_SetMinimun_Password/Page_System Console - Mattermost/input_hcmus-cdnc_adminSidebarFilter'

2020-06-05 19:31:59 - [MESSAGE][PASSED] - Text 'pass' is set on object 'Object Repository/1612427/10_SetMinimun_Password/Page_System Console - Mattermost/input_hcmus-cdnc_adminSidebarFilter'

2020-06-05 19:31:59 - [TEST_STEP][PASSED] - click(findTestObject("Object Repository/1612427/10_SetMinimun_Password/Page_System Console - Mattermost/mark_Password")): Object: 'Object Repository/1612427/10_SetMinimun_Password/Page_System Console - Mattermost/mark_Password' is clicked on

2020-06-05 19:32:00 - [MESSAGE][PASSED] - Object: 'Object Repository/1612427/10_SetMinimun_Password/Page_System Console - Mattermost/mark_Password' is clicked on

2020-06-05 19:32:00 - [TEST_STEP][PASSED] - setText(findTestObject("Object Repository/1612427/10_SetMinimun_Password/Page_System Console - Mattermost/input_Password_passwordMinimumLength"), length): Text '10' is set on object 'Object Repository/1612427/10_SetMinimun_Password/Page_System Console - Mattermost/input_Password_passwordMinimumLength'

2020-06-05 19:32:01 - [MESSAGE][PASSED] - Text '10' is set on object 'Object Repository/1612427/10_SetMinimun_Password/Page_System Console - Mattermost/input_Password_passwordMinimumLength'

2020-06-05 19:32:01 - [TEST_STEP][PASSED] - click(findTestObject("Object Repository/1612427/10_SetMinimun_Password/Page_System Console - Mattermost/span_Save")): Object: 'Object Repository/1612427/10_SetMinimun_Password/Page_System Console - Mattermost/span_Save' is clicked on

2020-06-05 19:32:02 - [MESSAGE][PASSED] - Object: 'Object Repository/1612427/10_SetMinimun_Password/Page_System Console - Mattermost/span_Save' is clicked on

2020-06-05 19:32:02 - [TEST_STEP][PASSED] - closeBrowser(): Browser is closed

2020-06-05 19:32:02 - [MESSAGE][PASSED] - Browser is closed]]></system-out>
         <system-err><![CDATA[]]></system-err>
      </testcase>
      <testcase name="Test Cases/1612427/11_Notification" time="17.468" classname="Test Cases/1612427/11_Notification" status="PASSED">
         <system-out><![CDATA[2020-06-05 19:32:02 - [TEST_CASE][PASSED] - Test Cases/1612427/11_Notification: Test Cases/1612427/11_Notification

2020-06-05 19:32:03 - [TEST_STEP][PASSED] - openBrowser(""): Browser is opened with url: ''

2020-06-05 19:32:03 - [MESSAGE][INFO] - Starting 'Chrome' driver

2020-06-05 19:32:03 - [MESSAGE][INFO] - Action delay is set to 0 milliseconds

2020-06-05 19:32:06 - [MESSAGE][PASSED] - Browser is opened with url: ''

2020-06-05 19:32:06 - [TEST_STEP][PASSED] - navigateToUrl("http://localhost:8065/login"): Navigate to 'http://localhost:8065/login' successfully

2020-06-05 19:32:08 - [MESSAGE][PASSED] - Navigate to 'http://localhost:8065/login' successfully

2020-06-05 19:32:08 - [TEST_STEP][PASSED] - setText(findTestObject("Object Repository/1612427/02_ChangePassword/Page_Mattermost/input_All team communication in one place s_703ef5"), "hcmus-cdnc"): Text 'hcmus-cdnc' is set on object 'Object Repository/1612427/02_ChangePassword/Page_Mattermost/input_All team communication in one place s_703ef5'

2020-06-05 19:32:10 - [MESSAGE][PASSED] - Text 'hcmus-cdnc' is set on object 'Object Repository/1612427/02_ChangePassword/Page_Mattermost/input_All team communication in one place s_703ef5'

2020-06-05 19:32:10 - [TEST_STEP][PASSED] - setEncryptedText(findTestObject("Object Repository/1612427/02_ChangePassword/Page_Mattermost/input_All team communication in one place s_2f2733"), "aeHFOx8jV/A="): Text ****** has been set on object 'Object Repository/1612427/02_ChangePassword/Page_Mattermost/input_All team communication in one place s_2f2733'

2020-06-05 19:32:11 - [MESSAGE][PASSED] - Text ****** has been set on object 'Object Repository/1612427/02_ChangePassword/Page_Mattermost/input_All team communication in one place s_2f2733'

2020-06-05 19:32:11 - [TEST_STEP][PASSED] - click(findTestObject("Object Repository/1612427/02_ChangePassword/Page_Mattermost/span_Sign in")): Object: 'Object Repository/1612427/02_ChangePassword/Page_Mattermost/span_Sign in' is clicked on

2020-06-05 19:32:11 - [MESSAGE][PASSED] - Object: 'Object Repository/1612427/02_ChangePassword/Page_Mattermost/span_Sign in' is clicked on

2020-06-05 19:32:11 - [TEST_STEP][PASSED] - click(findTestObject("Object Repository/1612427/02_ChangePassword/Page_Town Square - minus Mattermost/span")): Object: 'Object Repository/1612427/02_ChangePassword/Page_Town Square - minus Mattermost/span' is clicked on

2020-06-05 19:32:16 - [MESSAGE][PASSED] - Object: 'Object Repository/1612427/02_ChangePassword/Page_Town Square - minus Mattermost/span' is clicked on

2020-06-05 19:32:16 - [TEST_STEP][PASSED] - click(findTestObject("Object Repository/1612427/02_ChangePassword/Page_Town Square - minus Mattermost/span_Account Settings")): Object: 'Object Repository/1612427/02_ChangePassword/Page_Town Square - minus Mattermost/span_Account Settings' is clicked on

2020-06-05 19:32:17 - [MESSAGE][PASSED] - Object: 'Object Repository/1612427/02_ChangePassword/Page_Town Square - minus Mattermost/span_Account Settings' is clicked on

2020-06-05 19:32:17 - [TEST_STEP][PASSED] - click(findTestObject("Object Repository/1612427/11_Notification/Page_Town Square - minus Mattermost/button_Notifications")): Object: 'Object Repository/1612427/11_Notification/Page_Town Square - minus Mattermost/button_Notifications' is clicked on

2020-06-05 19:32:17 - [MESSAGE][PASSED] - Object: 'Object Repository/1612427/11_Notification/Page_Town Square - minus Mattermost/button_Notifications' is clicked on

2020-06-05 19:32:17 - [TEST_STEP][PASSED] - click(findTestObject("Object Repository/1612427/11_Notification/Page_Town Square - minus Mattermost/span_Edit")): Object: 'Object Repository/1612427/11_Notification/Page_Town Square - minus Mattermost/span_Edit' is clicked on

2020-06-05 19:32:18 - [MESSAGE][PASSED] - Object: 'Object Repository/1612427/11_Notification/Page_Town Square - minus Mattermost/span_Edit' is clicked on

2020-06-05 19:32:18 - [TEST_STEP][PASSED] - if (findTestObject("Object Repository/1612427/11_Notification/Page_Town Square - minus Mattermost/label_Never")): Object: 'Object Repository/1612427/11_Notification/Page_Town Square - minus Mattermost/label_Never' is clicked on

2020-06-05 19:32:18 - [TEST_STEP][PASSED] - click(findTestObject("Object Repository/1612427/11_Notification/Page_Town Square - minus Mattermost/label_Never")): Object: 'Object Repository/1612427/11_Notification/Page_Town Square - minus Mattermost/label_Never' is clicked on

2020-06-05 19:32:19 - [MESSAGE][PASSED] - Object: 'Object Repository/1612427/11_Notification/Page_Town Square - minus Mattermost/label_Never' is clicked on

2020-06-05 19:32:19 - [TEST_STEP][PASSED] - if (findTestObject("Object Repository/1612427/11_Notification/Page_Town Square - minus Mattermost/label_Only for mentions and direct messages")): Test object with id 'Object Repository/1612427/11_Notification/Page_Town Square - minus Mattermost/label_Only for mentions and direct messages' does not exist

2020-06-05 19:32:19 - [MESSAGE][WARNING] - Test object with id 'Object Repository/1612427/11_Notification/Page_Town Square - minus Mattermost/label_Only for mentions and direct messages' does not exist

2020-06-05 19:32:19 - [TEST_STEP][PASSED] - click(findTestObject("Object Repository/1612427/11_Notification/Page_Town Square - minus Mattermost/span_Save")): Object: 'Object Repository/1612427/11_Notification/Page_Town Square - minus Mattermost/span_Save' is clicked on

2020-06-05 19:32:19 - [MESSAGE][PASSED] - Object: 'Object Repository/1612427/11_Notification/Page_Town Square - minus Mattermost/span_Save' is clicked on

2020-06-05 19:32:19 - [TEST_STEP][PASSED] - closeBrowser(): Browser is closed

2020-06-05 19:32:20 - [MESSAGE][PASSED] - Browser is closed]]></system-out>
         <system-err><![CDATA[]]></system-err>
      </testcase>
      <testcase name="Test Cases/1612427/12_Create_Channel" time="19.365" classname="Test Cases/1612427/12_Create_Channel" status="PASSED">
         <system-out><![CDATA[2020-06-05 19:32:20 - [TEST_CASE][PASSED] - Test Cases/1612427/12_Create_Channel: Test Cases/1612427/12_Create_Channel

2020-06-05 19:32:20 - [TEST_STEP][PASSED] - openBrowser(""): Browser is opened with url: ''

2020-06-05 19:32:20 - [MESSAGE][INFO] - Starting 'Chrome' driver

2020-06-05 19:32:20 - [MESSAGE][INFO] - Action delay is set to 0 milliseconds

2020-06-05 19:32:23 - [MESSAGE][PASSED] - Browser is opened with url: ''

2020-06-05 19:32:23 - [TEST_STEP][PASSED] - setViewPortSize(1600, 1500): Viewport is set to new size with width = 1600 and height = 1500

2020-06-05 19:32:26 - [MESSAGE][PASSED] - Viewport is set to new size with width = 1600 and height = 1500

2020-06-05 19:32:26 - [TEST_STEP][PASSED] - navigateToUrl("http://localhost:8065/reiciendis-0/channels/town-square"): Navigate to 'http://localhost:8065/reiciendis-0/channels/town-square' successfully

2020-06-05 19:32:27 - [MESSAGE][PASSED] - Navigate to 'http://localhost:8065/reiciendis-0/channels/town-square' successfully

2020-06-05 19:32:27 - [TEST_STEP][PASSED] - setText(findTestObject("Object Repository/1612427/12_Create_Channel/Page_Mattermost/input_All team communication in one place s_703ef5"), "hcmus-cdnc"): Text 'hcmus-cdnc' is set on object 'Object Repository/1612427/12_Create_Channel/Page_Mattermost/input_All team communication in one place s_703ef5'

2020-06-05 19:32:29 - [MESSAGE][PASSED] - Text 'hcmus-cdnc' is set on object 'Object Repository/1612427/12_Create_Channel/Page_Mattermost/input_All team communication in one place s_703ef5'

2020-06-05 19:32:29 - [TEST_STEP][PASSED] - setEncryptedText(findTestObject("Object Repository/1612427/12_Create_Channel/Page_Mattermost/input_All team communication in one place s_2f2733"), "aeHFOx8jV/A="): Text ****** has been set on object 'Object Repository/1612427/12_Create_Channel/Page_Mattermost/input_All team communication in one place s_2f2733'

2020-06-05 19:32:30 - [MESSAGE][PASSED] - Text ****** has been set on object 'Object Repository/1612427/12_Create_Channel/Page_Mattermost/input_All team communication in one place s_2f2733'

2020-06-05 19:32:30 - [TEST_STEP][PASSED] - click(findTestObject("Object Repository/1612427/12_Create_Channel/Page_Mattermost/span_Sign in")): Object: 'Object Repository/1612427/12_Create_Channel/Page_Mattermost/span_Sign in' is clicked on

2020-06-05 19:32:30 - [MESSAGE][PASSED] - Object: 'Object Repository/1612427/12_Create_Channel/Page_Mattermost/span_Sign in' is clicked on

2020-06-05 19:32:30 - [TEST_STEP][PASSED] - click(findTestObject("Object Repository/1612427/12_Create_Channel/Page_Town Square - minus Mattermost/span_")): Object: 'Object Repository/1612427/12_Create_Channel/Page_Town Square - minus Mattermost/span_' is clicked on

2020-06-05 19:32:34 - [MESSAGE][PASSED] - Object: 'Object Repository/1612427/12_Create_Channel/Page_Town Square - minus Mattermost/span_' is clicked on

2020-06-05 19:32:34 - [TEST_STEP][PASSED] - setText(findTestObject("Object Repository/1612427/12_Create_Channel/Page_Town Square - minus Mattermost/input_Name_newChannelName"), "general"): Text 'general' is set on object 'Object Repository/1612427/12_Create_Channel/Page_Town Square - minus Mattermost/input_Name_newChannelName'

2020-06-05 19:32:35 - [MESSAGE][PASSED] - Text 'general' is set on object 'Object Repository/1612427/12_Create_Channel/Page_Town Square - minus Mattermost/input_Name_newChannelName'

2020-06-05 19:32:35 - [TEST_STEP][PASSED] - click(findTestObject("Object Repository/1612427/12_Create_Channel/Page_Town Square - minus Mattermost/span_Create Channel")): Object: 'Object Repository/1612427/12_Create_Channel/Page_Town Square - minus Mattermost/span_Create Channel' is clicked on

2020-06-05 19:32:36 - [MESSAGE][PASSED] - Object: 'Object Repository/1612427/12_Create_Channel/Page_Town Square - minus Mattermost/span_Create Channel' is clicked on

2020-06-05 19:32:36 - [TEST_STEP][PASSED] - if (findTestObject("Object Repository/1612427/12_Create_Channel/Page_Town Square - minus Mattermost/p_A channel with that name already exists o_b26172")): Text 'general1' is set on object 'Object Repository/1612427/12_Create_Channel/Page_Town Square - minus Mattermost/input_httplocis-0channels_form-control'

2020-06-05 19:32:36 - [TEST_STEP][PASSED] - click(findTestObject("Object Repository/1612427/12_Create_Channel/Page_Town Square - minus Mattermost/span_Edit")): Object: 'Object Repository/1612427/12_Create_Channel/Page_Town Square - minus Mattermost/span_Edit' is clicked on

2020-06-05 19:32:37 - [MESSAGE][PASSED] - Object: 'Object Repository/1612427/12_Create_Channel/Page_Town Square - minus Mattermost/span_Edit' is clicked on

2020-06-05 19:32:37 - [TEST_STEP][PASSED] - setText(findTestObject("Object Repository/1612427/12_Create_Channel/Page_Town Square - minus Mattermost/input_httplocis-0channels_form-control"), "general1"): Text 'general1' is set on object 'Object Repository/1612427/12_Create_Channel/Page_Town Square - minus Mattermost/input_httplocis-0channels_form-control'

2020-06-05 19:32:38 - [MESSAGE][PASSED] - Text 'general1' is set on object 'Object Repository/1612427/12_Create_Channel/Page_Town Square - minus Mattermost/input_httplocis-0channels_form-control'

2020-06-05 19:32:38 - [TEST_STEP][PASSED] - closeBrowser(): Browser is closed

2020-06-05 19:32:39 - [MESSAGE][PASSED] - Browser is closed]]></system-out>
         <system-err><![CDATA[]]></system-err>
      </testcase>
      <testcase name="Test Cases/1612427/13_UnmuteChannel" time="13.906" classname="Test Cases/1612427/13_UnmuteChannel" status="PASSED">
         <system-out><![CDATA[2020-06-05 19:32:39 - [TEST_CASE][PASSED] - Test Cases/1612427/13_UnmuteChannel: Test Cases/1612427/13_UnmuteChannel

2020-06-05 19:32:39 - [TEST_STEP][PASSED] - openBrowser(""): Browser is opened with url: ''

2020-06-05 19:32:39 - [MESSAGE][INFO] - Starting 'Chrome' driver

2020-06-05 19:32:39 - [MESSAGE][INFO] - Action delay is set to 0 milliseconds

2020-06-05 19:32:43 - [MESSAGE][PASSED] - Browser is opened with url: ''

2020-06-05 19:32:43 - [TEST_STEP][PASSED] - navigateToUrl("http://localhost:8065/login"): Navigate to 'http://localhost:8065/login' successfully

2020-06-05 19:32:44 - [MESSAGE][PASSED] - Navigate to 'http://localhost:8065/login' successfully

2020-06-05 19:32:44 - [TEST_STEP][PASSED] - setText(findTestObject("Object Repository/1612427/13_UnmuteChannel/Page_Mattermost/input_All team communication in one place s_703ef5"), "hcmus-cdnc"): Text 'hcmus-cdnc' is set on object 'Object Repository/1612427/13_UnmuteChannel/Page_Mattermost/input_All team communication in one place s_703ef5'

2020-06-05 19:32:46 - [MESSAGE][PASSED] - Text 'hcmus-cdnc' is set on object 'Object Repository/1612427/13_UnmuteChannel/Page_Mattermost/input_All team communication in one place s_703ef5'

2020-06-05 19:32:46 - [TEST_STEP][PASSED] - setEncryptedText(findTestObject("Object Repository/1612427/13_UnmuteChannel/Page_Mattermost/input_All team communication in one place s_2f2733"), "aeHFOx8jV/A="): Text ****** has been set on object 'Object Repository/1612427/13_UnmuteChannel/Page_Mattermost/input_All team communication in one place s_2f2733'

2020-06-05 19:32:47 - [MESSAGE][PASSED] - Text ****** has been set on object 'Object Repository/1612427/13_UnmuteChannel/Page_Mattermost/input_All team communication in one place s_2f2733'

2020-06-05 19:32:47 - [TEST_STEP][PASSED] - click(findTestObject("Object Repository/1612427/13_UnmuteChannel/Page_Mattermost/span_Sign in")): Object: 'Object Repository/1612427/13_UnmuteChannel/Page_Mattermost/span_Sign in' is clicked on

2020-06-05 19:32:47 - [MESSAGE][PASSED] - Object: 'Object Repository/1612427/13_UnmuteChannel/Page_Mattermost/span_Sign in' is clicked on

2020-06-05 19:32:47 - [TEST_STEP][PASSED] - click(findTestObject("Object Repository/1612427/13_UnmuteChannel/Page_Town Square - minus Mattermost/span_Town Square_channelHeaderDropdownIcon")): Object: 'Object Repository/1612427/13_UnmuteChannel/Page_Town Square - minus Mattermost/span_Town Square_channelHeaderDropdownIcon' is clicked on

2020-06-05 19:32:51 - [MESSAGE][PASSED] - Object: 'Object Repository/1612427/13_UnmuteChannel/Page_Town Square - minus Mattermost/span_Town Square_channelHeaderDropdownIcon' is clicked on

2020-06-05 19:32:51 - [TEST_STEP][PASSED] - click(findTestObject("Object Repository/1612427/13_UnmuteChannel/Page_Town Square - minus Mattermost/span_Mute Channel")): Object: 'Object Repository/1612427/13_UnmuteChannel/Page_Town Square - minus Mattermost/span_Mute Channel' is clicked on

2020-06-05 19:32:51 - [MESSAGE][PASSED] - Object: 'Object Repository/1612427/13_UnmuteChannel/Page_Town Square - minus Mattermost/span_Mute Channel' is clicked on

2020-06-05 19:32:51 - [TEST_STEP][PASSED] - if (findTestObject("Object Repository/1612427/13_UnmuteChannel/Page_Town Square - minus Mattermost/i_Town Square_icon fa fa-bell-slash-o")): Object: 'Object Repository/1612427/13_UnmuteChannel/Page_Town Square - minus Mattermost/i_Town Square_icon fa fa-bell-slash-o' is clicked on

2020-06-05 19:32:52 - [TEST_STEP][PASSED] - click(findTestObject("Object Repository/1612427/13_UnmuteChannel/Page_Town Square - minus Mattermost/i_Town Square_icon fa fa-bell-slash-o")): Object: 'Object Repository/1612427/13_UnmuteChannel/Page_Town Square - minus Mattermost/i_Town Square_icon fa fa-bell-slash-o' is clicked on

2020-06-05 19:32:52 - [MESSAGE][PASSED] - Object: 'Object Repository/1612427/13_UnmuteChannel/Page_Town Square - minus Mattermost/i_Town Square_icon fa fa-bell-slash-o' is clicked on

2020-06-05 19:32:52 - [TEST_STEP][PASSED] - closeBrowser(): Browser is closed

2020-06-05 19:32:53 - [MESSAGE][PASSED] - Browser is closed]]></system-out>
         <system-err><![CDATA[]]></system-err>
      </testcase>
      <testcase name="Test Cases/1612427/14_Hide_PinPosts" time="52.119" classname="Test Cases/1612427/14_Hide_PinPosts" status="FAILED">
         <failure type="FAILED" message="Test Cases/1612427/14_Hide_PinPosts FAILED.
Reason:
com.kms.katalon.core.exception.StepFailedException: Unable to click on object 'Object Repository/1612427/14_Hide_PinPosts/Page_Town Square - minus Mattermost/svg'
	at com.kms.katalon.core.webui.keyword.internal.WebUIKeywordMain.stepFailed(WebUIKeywordMain.groovy:64)
	at com.kms.katalon.core.webui.keyword.internal.WebUIKeywordMain.runKeyword(WebUIKeywordMain.groovy:26)
	at com.kms.katalon.core.webui.keyword.builtin.ClickKeyword.click(ClickKeyword.groovy:76)
	at com.kms.katalon.core.webui.keyword.builtin.ClickKeyword.execute(ClickKeyword.groovy:43)
	at com.kms.katalon.core.keyword.internal.KeywordExecutor.executeKeywordForPlatform(KeywordExecutor.groovy:72)
	at com.kms.katalon.core.webui.keyword.WebUiBuiltInKeywords.click(WebUiBuiltInKeywords.groovy:616)
	at com.kms.katalon.core.webui.keyword.WebUiBuiltInKeywords$click$3.call(Unknown Source)
	at 14_Hide_PinPosts.run(14_Hide_PinPosts:31)
	at com.kms.katalon.core.main.ScriptEngine.run(ScriptEngine.java:194)
	at com.kms.katalon.core.main.ScriptEngine.runScriptAsRawText(ScriptEngine.java:119)
	at com.kms.katalon.core.main.TestCaseExecutor.runScript(TestCaseExecutor.java:337)
	at com.kms.katalon.core.main.TestCaseExecutor.doExecute(TestCaseExecutor.java:328)
	at com.kms.katalon.core.main.TestCaseExecutor.processExecutionPhase(TestCaseExecutor.java:307)
	at com.kms.katalon.core.main.TestCaseExecutor.accessMainPhase(TestCaseExecutor.java:299)
	at com.kms.katalon.core.main.TestCaseExecutor.execute(TestCaseExecutor.java:233)
	at com.kms.katalon.core.main.TestSuiteExecutor.accessTestCaseMainPhase(TestSuiteExecutor.java:169)
	at com.kms.katalon.core.main.TestSuiteExecutor.accessTestSuiteMainPhase(TestSuiteExecutor.java:142)
	at com.kms.katalon.core.main.TestSuiteExecutor.execute(TestSuiteExecutor.java:91)
	at com.kms.katalon.core.main.TestCaseMain.startTestSuite(TestCaseMain.java:157)
	at com.kms.katalon.core.main.TestCaseMain$startTestSuite$0.call(Unknown Source)
	at TempTestSuite1591359445937.run(TempTestSuite1591359445937.groovy:37)
Caused by: com.kms.katalon.core.webui.exception.WebElementNotFoundException: Web element with id: 'Object Repository/1612427/14_Hide_PinPosts/Page_Town Square - minus Mattermost/svg' located by 'By.xpath: (.//*[normalize-space(text()) and normalize-space(.)='(Edit)'])[1]/following::*[name()='svg'][2]' not found
	at com.kms.katalon.core.webui.common.WebUiCommonHelper.findWebElement(WebUiCommonHelper.java:1154)
	at com.kms.katalon.core.webui.keyword.internal.WebUIAbstractKeyword.findWebElement(WebUIAbstractKeyword.groovy:27)
	at com.kms.katalon.core.webui.keyword.internal.WebUIAbstractKeyword.findWebElement(WebUIAbstractKeyword.groovy:26)
	at com.kms.katalon.core.webui.keyword.builtin.ClickKeyword$_click_closure1.doCall(ClickKeyword.groovy:67)
	at com.kms.katalon.core.webui.keyword.builtin.ClickKeyword$_click_closure1.call(ClickKeyword.groovy)
	at com.kms.katalon.core.webui.keyword.internal.WebUIKeywordMain.runKeyword(WebUIKeywordMain.groovy:20)
	... 19 more
"/>
         <system-out><![CDATA[2020-06-05 19:32:53 - [TEST_CASE][FAILED] - Test Cases/1612427/14_Hide_PinPosts: Test Cases/1612427/14_Hide_PinPosts FAILED.
Reason:
com.kms.katalon.core.exception.StepFailedException: Unable to click on object 'Object Repository/1612427/14_Hide_PinPosts/Page_Town Square - minus Mattermost/svg'
	at com.kms.katalon.core.webui.keyword.internal.WebUIKeywordMain.stepFailed(WebUIKeywordMain.groovy:64)
	at com.kms.katalon.core.webui.keyword.internal.WebUIKeywordMain.runKeyword(WebUIKeywordMain.groovy:26)
	at com.kms.katalon.core.webui.keyword.builtin.ClickKeyword.click(ClickKeyword.groovy:76)
	at com.kms.katalon.core.webui.keyword.builtin.ClickKeyword.execute(ClickKeyword.groovy:43)
	at com.kms.katalon.core.keyword.internal.KeywordExecutor.executeKeywordForPlatform(KeywordExecutor.groovy:72)
	at com.kms.katalon.core.webui.keyword.WebUiBuiltInKeywords.click(WebUiBuiltInKeywords.groovy:616)
	at com.kms.katalon.core.webui.keyword.WebUiBuiltInKeywords$click$3.call(Unknown Source)
	at 14_Hide_PinPosts.run(14_Hide_PinPosts:31)
	at com.kms.katalon.core.main.ScriptEngine.run(ScriptEngine.java:194)
	at com.kms.katalon.core.main.ScriptEngine.runScriptAsRawText(ScriptEngine.java:119)
	at com.kms.katalon.core.main.TestCaseExecutor.runScript(TestCaseExecutor.java:337)
	at com.kms.katalon.core.main.TestCaseExecutor.doExecute(TestCaseExecutor.java:328)
	at com.kms.katalon.core.main.TestCaseExecutor.processExecutionPhase(TestCaseExecutor.java:307)
	at com.kms.katalon.core.main.TestCaseExecutor.accessMainPhase(TestCaseExecutor.java:299)
	at com.kms.katalon.core.main.TestCaseExecutor.execute(TestCaseExecutor.java:233)
	at com.kms.katalon.core.main.TestSuiteExecutor.accessTestCaseMainPhase(TestSuiteExecutor.java:169)
	at com.kms.katalon.core.main.TestSuiteExecutor.accessTestSuiteMainPhase(TestSuiteExecutor.java:142)
	at com.kms.katalon.core.main.TestSuiteExecutor.execute(TestSuiteExecutor.java:91)
	at com.kms.katalon.core.main.TestCaseMain.startTestSuite(TestCaseMain.java:157)
	at com.kms.katalon.core.main.TestCaseMain$startTestSuite$0.call(Unknown Source)
	at TempTestSuite1591359445937.run(TempTestSuite1591359445937.groovy:37)
Caused by: com.kms.katalon.core.webui.exception.WebElementNotFoundException: Web element with id: 'Object Repository/1612427/14_Hide_PinPosts/Page_Town Square - minus Mattermost/svg' located by 'By.xpath: (.//*[normalize-space(text()) and normalize-space(.)='(Edit)'])[1]/following::*[name()='svg'][2]' not found
	at com.kms.katalon.core.webui.common.WebUiCommonHelper.findWebElement(WebUiCommonHelper.java:1154)
	at com.kms.katalon.core.webui.keyword.internal.WebUIAbstractKeyword.findWebElement(WebUIAbstractKeyword.groovy:27)
	at com.kms.katalon.core.webui.keyword.internal.WebUIAbstractKeyword.findWebElement(WebUIAbstractKeyword.groovy:26)
	at com.kms.katalon.core.webui.keyword.builtin.ClickKeyword$_click_closure1.doCall(ClickKeyword.groovy:67)
	at com.kms.katalon.core.webui.keyword.builtin.ClickKeyword$_click_closure1.call(ClickKeyword.groovy)
	at com.kms.katalon.core.webui.keyword.internal.WebUIKeywordMain.runKeyword(WebUIKeywordMain.groovy:20)
	... 19 more


2020-06-05 19:32:53 - [TEST_STEP][PASSED] - openBrowser(""): Browser is opened with url: ''

2020-06-05 19:32:53 - [MESSAGE][INFO] - Starting 'Chrome' driver

2020-06-05 19:32:53 - [MESSAGE][INFO] - Action delay is set to 0 milliseconds

2020-06-05 19:32:57 - [MESSAGE][PASSED] - Browser is opened with url: ''

2020-06-05 19:32:57 - [TEST_STEP][PASSED] - navigateToUrl("http://localhost:8065/login"): Navigate to 'http://localhost:8065/login' successfully

2020-06-05 19:32:58 - [MESSAGE][PASSED] - Navigate to 'http://localhost:8065/login' successfully

2020-06-05 19:32:58 - [TEST_STEP][PASSED] - setText(findTestObject("Object Repository/1612427/14_Hide_PinPosts/Page_Mattermost/input_All team communication in one place s_703ef5"), "hcmus-cdnc"): Text 'hcmus-cdnc' is set on object 'Object Repository/1612427/14_Hide_PinPosts/Page_Mattermost/input_All team communication in one place s_703ef5'

2020-06-05 19:33:00 - [MESSAGE][PASSED] - Text 'hcmus-cdnc' is set on object 'Object Repository/1612427/14_Hide_PinPosts/Page_Mattermost/input_All team communication in one place s_703ef5'

2020-06-05 19:33:00 - [TEST_STEP][PASSED] - setEncryptedText(findTestObject("Object Repository/1612427/14_Hide_PinPosts/Page_Mattermost/input_All team communication in one place s_2f2733"), "aeHFOx8jV/A="): Text ****** has been set on object 'Object Repository/1612427/14_Hide_PinPosts/Page_Mattermost/input_All team communication in one place s_2f2733'

2020-06-05 19:33:00 - [MESSAGE][PASSED] - Text ****** has been set on object 'Object Repository/1612427/14_Hide_PinPosts/Page_Mattermost/input_All team communication in one place s_2f2733'

2020-06-05 19:33:00 - [TEST_STEP][PASSED] - click(findTestObject("Object Repository/1612427/14_Hide_PinPosts/Page_Mattermost/span_Sign in")): Object: 'Object Repository/1612427/14_Hide_PinPosts/Page_Mattermost/span_Sign in' is clicked on

2020-06-05 19:33:01 - [MESSAGE][PASSED] - Object: 'Object Repository/1612427/14_Hide_PinPosts/Page_Mattermost/span_Sign in' is clicked on

2020-06-05 19:33:01 - [TEST_STEP][FAILED] - click(findTestObject("Object Repository/1612427/14_Hide_PinPosts/Page_Town Square - minus Mattermost/svg")): Unable to click on object 'Object Repository/1612427/14_Hide_PinPosts/Page_Town Square - minus Mattermost/svg' (Root cause: com.kms.katalon.core.exception.StepFailedException: Unable to click on object 'Object Repository/1612427/14_Hide_PinPosts/Page_Town Square - minus Mattermost/svg'
	at com.kms.katalon.core.webui.keyword.internal.WebUIKeywordMain.stepFailed(WebUIKeywordMain.groovy:64)
	at com.kms.katalon.core.webui.keyword.internal.WebUIKeywordMain.runKeyword(WebUIKeywordMain.groovy:26)
	at com.kms.katalon.core.webui.keyword.builtin.ClickKeyword.click(ClickKeyword.groovy:76)
	at com.kms.katalon.core.webui.keyword.builtin.ClickKeyword.execute(ClickKeyword.groovy:43)
	at com.kms.katalon.core.keyword.internal.KeywordExecutor.executeKeywordForPlatform(KeywordExecutor.groovy:72)
	at com.kms.katalon.core.webui.keyword.WebUiBuiltInKeywords.click(WebUiBuiltInKeywords.groovy:616)
	at com.kms.katalon.core.webui.keyword.WebUiBuiltInKeywords$click$3.call(Unknown Source)
	at 14_Hide_PinPosts.run(14_Hide_PinPosts:31)
	at com.kms.katalon.core.main.ScriptEngine.run(ScriptEngine.java:194)
	at com.kms.katalon.core.main.ScriptEngine.runScriptAsRawText(ScriptEngine.java:119)
	at com.kms.katalon.core.main.TestCaseExecutor.runScript(TestCaseExecutor.java:337)
	at com.kms.katalon.core.main.TestCaseExecutor.doExecute(TestCaseExecutor.java:328)
	at com.kms.katalon.core.main.TestCaseExecutor.processExecutionPhase(TestCaseExecutor.java:307)
	at com.kms.katalon.core.main.TestCaseExecutor.accessMainPhase(TestCaseExecutor.java:299)
	at com.kms.katalon.core.main.TestCaseExecutor.execute(TestCaseExecutor.java:233)
	at com.kms.katalon.core.main.TestSuiteExecutor.accessTestCaseMainPhase(TestSuiteExecutor.java:169)
	at com.kms.katalon.core.main.TestSuiteExecutor.accessTestSuiteMainPhase(TestSuiteExecutor.java:142)
	at com.kms.katalon.core.main.TestSuiteExecutor.execute(TestSuiteExecutor.java:91)
	at com.kms.katalon.core.main.TestCaseMain.startTestSuite(TestCaseMain.java:157)
	at com.kms.katalon.core.main.TestCaseMain$startTestSuite$0.call(Unknown Source)
	at TempTestSuite1591359445937.run(TempTestSuite1591359445937.groovy:37)
Caused by: com.kms.katalon.core.webui.exception.WebElementNotFoundException: Web element with id: 'Object Repository/1612427/14_Hide_PinPosts/Page_Town Square - minus Mattermost/svg' located by 'By.xpath: (.//*[normalize-space(text()) and normalize-space(.)='(Edit)'])[1]/following::*[name()='svg'][2]' not found
	at com.kms.katalon.core.webui.common.WebUiCommonHelper.findWebElement(WebUiCommonHelper.java:1154)
	at com.kms.katalon.core.webui.keyword.internal.WebUIAbstractKeyword.findWebElement(WebUIAbstractKeyword.groovy:27)
	at com.kms.katalon.core.webui.keyword.internal.WebUIAbstractKeyword.findWebElement(WebUIAbstractKeyword.groovy:26)
	at com.kms.katalon.core.webui.keyword.builtin.ClickKeyword$_click_closure1.doCall(ClickKeyword.groovy:67)
	at com.kms.katalon.core.webui.keyword.builtin.ClickKeyword$_click_closure1.call(ClickKeyword.groovy)
	at com.kms.katalon.core.webui.keyword.internal.WebUIKeywordMain.runKeyword(WebUIKeywordMain.groovy:20)
	at com.kms.katalon.core.webui.keyword.builtin.ClickKeyword.click(ClickKeyword.groovy:76)
	at com.kms.katalon.core.webui.keyword.builtin.ClickKeyword.execute(ClickKeyword.groovy:43)
	at com.kms.katalon.core.keyword.internal.KeywordExecutor.executeKeywordForPlatform(KeywordExecutor.groovy:72)
	at com.kms.katalon.core.webui.keyword.WebUiBuiltInKeywords.click(WebUiBuiltInKeywords.groovy:616)
	at com.kms.katalon.core.webui.keyword.WebUiBuiltInKeywords$click$3.call(Unknown Source)
	at Script1591099422326.run(Script1591099422326.groovy:31)
	... 13 more
)

2020-06-05 19:33:45 - [MESSAGE][INFO] - Unable to find the element located by 'By.xpath: (.//*[normalize-space(text()) and normalize-space(.)='(Edit)'])[1]/following::*[name()='svg'][2]'. Please recheck the objects properties to make sure the desired element is located. 

2020-06-05 19:33:45 - [MESSAGE][FAILED] - Unable to click on object 'Object Repository/1612427/14_Hide_PinPosts/Page_Town Square - minus Mattermost/svg' (Root cause: com.kms.katalon.core.exception.StepFailedException: Unable to click on object 'Object Repository/1612427/14_Hide_PinPosts/Page_Town Square - minus Mattermost/svg'
	at com.kms.katalon.core.webui.keyword.internal.WebUIKeywordMain.stepFailed(WebUIKeywordMain.groovy:64)
	at com.kms.katalon.core.webui.keyword.internal.WebUIKeywordMain.runKeyword(WebUIKeywordMain.groovy:26)
	at com.kms.katalon.core.webui.keyword.builtin.ClickKeyword.click(ClickKeyword.groovy:76)
	at com.kms.katalon.core.webui.keyword.builtin.ClickKeyword.execute(ClickKeyword.groovy:43)
	at com.kms.katalon.core.keyword.internal.KeywordExecutor.executeKeywordForPlatform(KeywordExecutor.groovy:72)
	at com.kms.katalon.core.webui.keyword.WebUiBuiltInKeywords.click(WebUiBuiltInKeywords.groovy:616)
	at com.kms.katalon.core.webui.keyword.WebUiBuiltInKeywords$click$3.call(Unknown Source)
	at 14_Hide_PinPosts.run(14_Hide_PinPosts:31)
	at com.kms.katalon.core.main.ScriptEngine.run(ScriptEngine.java:194)
	at com.kms.katalon.core.main.ScriptEngine.runScriptAsRawText(ScriptEngine.java:119)
	at com.kms.katalon.core.main.TestCaseExecutor.runScript(TestCaseExecutor.java:337)
	at com.kms.katalon.core.main.TestCaseExecutor.doExecute(TestCaseExecutor.java:328)
	at com.kms.katalon.core.main.TestCaseExecutor.processExecutionPhase(TestCaseExecutor.java:307)
	at com.kms.katalon.core.main.TestCaseExecutor.accessMainPhase(TestCaseExecutor.java:299)
	at com.kms.katalon.core.main.TestCaseExecutor.execute(TestCaseExecutor.java:233)
	at com.kms.katalon.core.main.TestSuiteExecutor.accessTestCaseMainPhase(TestSuiteExecutor.java:169)
	at com.kms.katalon.core.main.TestSuiteExecutor.accessTestSuiteMainPhase(TestSuiteExecutor.java:142)
	at com.kms.katalon.core.main.TestSuiteExecutor.execute(TestSuiteExecutor.java:91)
	at com.kms.katalon.core.main.TestCaseMain.startTestSuite(TestCaseMain.java:157)
	at com.kms.katalon.core.main.TestCaseMain$startTestSuite$0.call(Unknown Source)
	at TempTestSuite1591359445937.run(TempTestSuite1591359445937.groovy:37)
Caused by: com.kms.katalon.core.webui.exception.WebElementNotFoundException: Web element with id: 'Object Repository/1612427/14_Hide_PinPosts/Page_Town Square - minus Mattermost/svg' located by 'By.xpath: (.//*[normalize-space(text()) and normalize-space(.)='(Edit)'])[1]/following::*[name()='svg'][2]' not found
	at com.kms.katalon.core.webui.common.WebUiCommonHelper.findWebElement(WebUiCommonHelper.java:1154)
	at com.kms.katalon.core.webui.keyword.internal.WebUIAbstractKeyword.findWebElement(WebUIAbstractKeyword.groovy:27)
	at com.kms.katalon.core.webui.keyword.internal.WebUIAbstractKeyword.findWebElement(WebUIAbstractKeyword.groovy:26)
	at com.kms.katalon.core.webui.keyword.builtin.ClickKeyword$_click_closure1.doCall(ClickKeyword.groovy:67)
	at com.kms.katalon.core.webui.keyword.builtin.ClickKeyword$_click_closure1.call(ClickKeyword.groovy)
	at com.kms.katalon.core.webui.keyword.internal.WebUIKeywordMain.runKeyword(WebUIKeywordMain.groovy:20)
	at com.kms.katalon.core.webui.keyword.builtin.ClickKeyword.click(ClickKeyword.groovy:76)
	at com.kms.katalon.core.webui.keyword.builtin.ClickKeyword.execute(ClickKeyword.groovy:43)
	at com.kms.katalon.core.keyword.internal.KeywordExecutor.executeKeywordForPlatform(KeywordExecutor.groovy:72)
	at com.kms.katalon.core.webui.keyword.WebUiBuiltInKeywords.click(WebUiBuiltInKeywords.groovy:616)
	at com.kms.katalon.core.webui.keyword.WebUiBuiltInKeywords$click$3.call(Unknown Source)
	at Script1591099422326.run(Script1591099422326.groovy:31)
	... 13 more
)
[[ATTACHMENT|C:\\Users\\Thanh\\Desktop\\github.com\\New folder (2)\\homeword02-mattermost-katalon\\Reports\\20200605_191725\\Run all test cases\\20200605_191725\\1591360425374.png]]]]></system-out>
         <system-err><![CDATA[2020-06-05 19:32:53 - [TEST_CASE][FAILED] - Test Cases/1612427/14_Hide_PinPosts: Test Cases/1612427/14_Hide_PinPosts FAILED.
Reason:
com.kms.katalon.core.exception.StepFailedException: Unable to click on object 'Object Repository/1612427/14_Hide_PinPosts/Page_Town Square - minus Mattermost/svg'
	at com.kms.katalon.core.webui.keyword.internal.WebUIKeywordMain.stepFailed(WebUIKeywordMain.groovy:64)
	at com.kms.katalon.core.webui.keyword.internal.WebUIKeywordMain.runKeyword(WebUIKeywordMain.groovy:26)
	at com.kms.katalon.core.webui.keyword.builtin.ClickKeyword.click(ClickKeyword.groovy:76)
	at com.kms.katalon.core.webui.keyword.builtin.ClickKeyword.execute(ClickKeyword.groovy:43)
	at com.kms.katalon.core.keyword.internal.KeywordExecutor.executeKeywordForPlatform(KeywordExecutor.groovy:72)
	at com.kms.katalon.core.webui.keyword.WebUiBuiltInKeywords.click(WebUiBuiltInKeywords.groovy:616)
	at com.kms.katalon.core.webui.keyword.WebUiBuiltInKeywords$click$3.call(Unknown Source)
	at 14_Hide_PinPosts.run(14_Hide_PinPosts:31)
	at com.kms.katalon.core.main.ScriptEngine.run(ScriptEngine.java:194)
	at com.kms.katalon.core.main.ScriptEngine.runScriptAsRawText(ScriptEngine.java:119)
	at com.kms.katalon.core.main.TestCaseExecutor.runScript(TestCaseExecutor.java:337)
	at com.kms.katalon.core.main.TestCaseExecutor.doExecute(TestCaseExecutor.java:328)
	at com.kms.katalon.core.main.TestCaseExecutor.processExecutionPhase(TestCaseExecutor.java:307)
	at com.kms.katalon.core.main.TestCaseExecutor.accessMainPhase(TestCaseExecutor.java:299)
	at com.kms.katalon.core.main.TestCaseExecutor.execute(TestCaseExecutor.java:233)
	at com.kms.katalon.core.main.TestSuiteExecutor.accessTestCaseMainPhase(TestSuiteExecutor.java:169)
	at com.kms.katalon.core.main.TestSuiteExecutor.accessTestSuiteMainPhase(TestSuiteExecutor.java:142)
	at com.kms.katalon.core.main.TestSuiteExecutor.execute(TestSuiteExecutor.java:91)
	at com.kms.katalon.core.main.TestCaseMain.startTestSuite(TestCaseMain.java:157)
	at com.kms.katalon.core.main.TestCaseMain$startTestSuite$0.call(Unknown Source)
	at TempTestSuite1591359445937.run(TempTestSuite1591359445937.groovy:37)
Caused by: com.kms.katalon.core.webui.exception.WebElementNotFoundException: Web element with id: 'Object Repository/1612427/14_Hide_PinPosts/Page_Town Square - minus Mattermost/svg' located by 'By.xpath: (.//*[normalize-space(text()) and normalize-space(.)='(Edit)'])[1]/following::*[name()='svg'][2]' not found
	at com.kms.katalon.core.webui.common.WebUiCommonHelper.findWebElement(WebUiCommonHelper.java:1154)
	at com.kms.katalon.core.webui.keyword.internal.WebUIAbstractKeyword.findWebElement(WebUIAbstractKeyword.groovy:27)
	at com.kms.katalon.core.webui.keyword.internal.WebUIAbstractKeyword.findWebElement(WebUIAbstractKeyword.groovy:26)
	at com.kms.katalon.core.webui.keyword.builtin.ClickKeyword$_click_closure1.doCall(ClickKeyword.groovy:67)
	at com.kms.katalon.core.webui.keyword.builtin.ClickKeyword$_click_closure1.call(ClickKeyword.groovy)
	at com.kms.katalon.core.webui.keyword.internal.WebUIKeywordMain.runKeyword(WebUIKeywordMain.groovy:20)
	... 19 more]]></system-err>
      </testcase>
      <testcase name="Test Cases/1612427/15_OpenFlag" time="61.013" classname="Test Cases/1612427/15_OpenFlag" status="FAILED">
         <failure type="FAILED" message="Test Cases/1612427/15_OpenFlag FAILED.
Reason:
com.kms.katalon.core.exception.StepFailedException: Unable to click on object 'Object Repository/1612427/15_OpenFlag/Page_Town Square - minus Mattermost/svg'
	at com.kms.katalon.core.webui.keyword.internal.WebUIKeywordMain.stepFailed(WebUIKeywordMain.groovy:64)
	at com.kms.katalon.core.webui.keyword.internal.WebUIKeywordMain.runKeyword(WebUIKeywordMain.groovy:26)
	at com.kms.katalon.core.webui.keyword.builtin.ClickKeyword.click(ClickKeyword.groovy:76)
	at com.kms.katalon.core.webui.keyword.builtin.ClickKeyword.execute(ClickKeyword.groovy:43)
	at com.kms.katalon.core.keyword.internal.KeywordExecutor.executeKeywordForPlatform(KeywordExecutor.groovy:72)
	at com.kms.katalon.core.webui.keyword.WebUiBuiltInKeywords.click(WebUiBuiltInKeywords.groovy:616)
	at com.kms.katalon.core.webui.keyword.WebUiBuiltInKeywords$click$3.call(Unknown Source)
	at 15_OpenFlag.run(15_OpenFlag:31)
	at com.kms.katalon.core.main.ScriptEngine.run(ScriptEngine.java:194)
	at com.kms.katalon.core.main.ScriptEngine.runScriptAsRawText(ScriptEngine.java:119)
	at com.kms.katalon.core.main.TestCaseExecutor.runScript(TestCaseExecutor.java:337)
	at com.kms.katalon.core.main.TestCaseExecutor.doExecute(TestCaseExecutor.java:328)
	at com.kms.katalon.core.main.TestCaseExecutor.processExecutionPhase(TestCaseExecutor.java:307)
	at com.kms.katalon.core.main.TestCaseExecutor.accessMainPhase(TestCaseExecutor.java:299)
	at com.kms.katalon.core.main.TestCaseExecutor.execute(TestCaseExecutor.java:233)
	at com.kms.katalon.core.main.TestSuiteExecutor.accessTestCaseMainPhase(TestSuiteExecutor.java:169)
	at com.kms.katalon.core.main.TestSuiteExecutor.accessTestSuiteMainPhase(TestSuiteExecutor.java:142)
	at com.kms.katalon.core.main.TestSuiteExecutor.execute(TestSuiteExecutor.java:91)
	at com.kms.katalon.core.main.TestCaseMain.startTestSuite(TestCaseMain.java:157)
	at com.kms.katalon.core.main.TestCaseMain$startTestSuite$0.call(Unknown Source)
	at TempTestSuite1591359445937.run(TempTestSuite1591359445937.groovy:37)
Caused by: com.kms.katalon.core.webui.exception.WebElementNotFoundException: Web element with id: 'Object Repository/1612427/15_OpenFlag/Page_Town Square - minus Mattermost/svg' located by 'By.xpath: (.//*[normalize-space(text()) and normalize-space(.)='(Edit)'])[1]/following::*[name()='svg'][5]' not found
	at com.kms.katalon.core.webui.common.WebUiCommonHelper.findWebElement(WebUiCommonHelper.java:1154)
	at com.kms.katalon.core.webui.keyword.internal.WebUIAbstractKeyword.findWebElement(WebUIAbstractKeyword.groovy:27)
	at com.kms.katalon.core.webui.keyword.internal.WebUIAbstractKeyword.findWebElement(WebUIAbstractKeyword.groovy:26)
	at com.kms.katalon.core.webui.keyword.builtin.ClickKeyword$_click_closure1.doCall(ClickKeyword.groovy:67)
	at com.kms.katalon.core.webui.keyword.builtin.ClickKeyword$_click_closure1.call(ClickKeyword.groovy)
	at com.kms.katalon.core.webui.keyword.internal.WebUIKeywordMain.runKeyword(WebUIKeywordMain.groovy:20)
	... 19 more
"/>
         <system-out><![CDATA[2020-06-05 19:33:45 - [TEST_CASE][FAILED] - Test Cases/1612427/15_OpenFlag: Test Cases/1612427/15_OpenFlag FAILED.
Reason:
com.kms.katalon.core.exception.StepFailedException: Unable to click on object 'Object Repository/1612427/15_OpenFlag/Page_Town Square - minus Mattermost/svg'
	at com.kms.katalon.core.webui.keyword.internal.WebUIKeywordMain.stepFailed(WebUIKeywordMain.groovy:64)
	at com.kms.katalon.core.webui.keyword.internal.WebUIKeywordMain.runKeyword(WebUIKeywordMain.groovy:26)
	at com.kms.katalon.core.webui.keyword.builtin.ClickKeyword.click(ClickKeyword.groovy:76)
	at com.kms.katalon.core.webui.keyword.builtin.ClickKeyword.execute(ClickKeyword.groovy:43)
	at com.kms.katalon.core.keyword.internal.KeywordExecutor.executeKeywordForPlatform(KeywordExecutor.groovy:72)
	at com.kms.katalon.core.webui.keyword.WebUiBuiltInKeywords.click(WebUiBuiltInKeywords.groovy:616)
	at com.kms.katalon.core.webui.keyword.WebUiBuiltInKeywords$click$3.call(Unknown Source)
	at 15_OpenFlag.run(15_OpenFlag:31)
	at com.kms.katalon.core.main.ScriptEngine.run(ScriptEngine.java:194)
	at com.kms.katalon.core.main.ScriptEngine.runScriptAsRawText(ScriptEngine.java:119)
	at com.kms.katalon.core.main.TestCaseExecutor.runScript(TestCaseExecutor.java:337)
	at com.kms.katalon.core.main.TestCaseExecutor.doExecute(TestCaseExecutor.java:328)
	at com.kms.katalon.core.main.TestCaseExecutor.processExecutionPhase(TestCaseExecutor.java:307)
	at com.kms.katalon.core.main.TestCaseExecutor.accessMainPhase(TestCaseExecutor.java:299)
	at com.kms.katalon.core.main.TestCaseExecutor.execute(TestCaseExecutor.java:233)
	at com.kms.katalon.core.main.TestSuiteExecutor.accessTestCaseMainPhase(TestSuiteExecutor.java:169)
	at com.kms.katalon.core.main.TestSuiteExecutor.accessTestSuiteMainPhase(TestSuiteExecutor.java:142)
	at com.kms.katalon.core.main.TestSuiteExecutor.execute(TestSuiteExecutor.java:91)
	at com.kms.katalon.core.main.TestCaseMain.startTestSuite(TestCaseMain.java:157)
	at com.kms.katalon.core.main.TestCaseMain$startTestSuite$0.call(Unknown Source)
	at TempTestSuite1591359445937.run(TempTestSuite1591359445937.groovy:37)
Caused by: com.kms.katalon.core.webui.exception.WebElementNotFoundException: Web element with id: 'Object Repository/1612427/15_OpenFlag/Page_Town Square - minus Mattermost/svg' located by 'By.xpath: (.//*[normalize-space(text()) and normalize-space(.)='(Edit)'])[1]/following::*[name()='svg'][5]' not found
	at com.kms.katalon.core.webui.common.WebUiCommonHelper.findWebElement(WebUiCommonHelper.java:1154)
	at com.kms.katalon.core.webui.keyword.internal.WebUIAbstractKeyword.findWebElement(WebUIAbstractKeyword.groovy:27)
	at com.kms.katalon.core.webui.keyword.internal.WebUIAbstractKeyword.findWebElement(WebUIAbstractKeyword.groovy:26)
	at com.kms.katalon.core.webui.keyword.builtin.ClickKeyword$_click_closure1.doCall(ClickKeyword.groovy:67)
	at com.kms.katalon.core.webui.keyword.builtin.ClickKeyword$_click_closure1.call(ClickKeyword.groovy)
	at com.kms.katalon.core.webui.keyword.internal.WebUIKeywordMain.runKeyword(WebUIKeywordMain.groovy:20)
	... 19 more


2020-06-05 19:33:46 - [TEST_STEP][PASSED] - openBrowser(""): Browser is opened with url: ''

2020-06-05 19:33:46 - [MESSAGE][WARNING] - A browser is already opened. Closing browser and opening a new one

2020-06-05 19:33:46 - [MESSAGE][INFO] - Starting 'Chrome' driver

2020-06-05 19:33:46 - [MESSAGE][INFO] - Action delay is set to 0 milliseconds

2020-06-05 19:33:50 - [MESSAGE][PASSED] - Browser is opened with url: ''

2020-06-05 19:33:50 - [TEST_STEP][PASSED] - navigateToUrl("http://localhost:8065/login"): Navigate to 'http://localhost:8065/login' successfully

2020-06-05 19:33:51 - [MESSAGE][PASSED] - Navigate to 'http://localhost:8065/login' successfully

2020-06-05 19:33:51 - [TEST_STEP][PASSED] - setText(findTestObject("Object Repository/1612427/15_OpenFlag/Page_Mattermost/input_All team communication in one place s_703ef5"), "hcmus-cdnc"): Text 'hcmus-cdnc' is set on object 'Object Repository/1612427/15_OpenFlag/Page_Mattermost/input_All team communication in one place s_703ef5'

2020-06-05 19:33:53 - [MESSAGE][PASSED] - Text 'hcmus-cdnc' is set on object 'Object Repository/1612427/15_OpenFlag/Page_Mattermost/input_All team communication in one place s_703ef5'

2020-06-05 19:33:53 - [TEST_STEP][PASSED] - setEncryptedText(findTestObject("Object Repository/1612427/15_OpenFlag/Page_Mattermost/input_All team communication in one place s_2f2733"), "aeHFOx8jV/A="): Text ****** has been set on object 'Object Repository/1612427/15_OpenFlag/Page_Mattermost/input_All team communication in one place s_2f2733'

2020-06-05 19:33:54 - [MESSAGE][PASSED] - Text ****** has been set on object 'Object Repository/1612427/15_OpenFlag/Page_Mattermost/input_All team communication in one place s_2f2733'

2020-06-05 19:33:54 - [TEST_STEP][PASSED] - click(findTestObject("Object Repository/1612427/15_OpenFlag/Page_Mattermost/span_Sign in")): Object: 'Object Repository/1612427/15_OpenFlag/Page_Mattermost/span_Sign in' is clicked on

2020-06-05 19:33:54 - [MESSAGE][PASSED] - Object: 'Object Repository/1612427/15_OpenFlag/Page_Mattermost/span_Sign in' is clicked on

2020-06-05 19:33:54 - [TEST_STEP][FAILED] - click(findTestObject("Object Repository/1612427/15_OpenFlag/Page_Town Square - minus Mattermost/svg")): Unable to click on object 'Object Repository/1612427/15_OpenFlag/Page_Town Square - minus Mattermost/svg' (Root cause: com.kms.katalon.core.exception.StepFailedException: Unable to click on object 'Object Repository/1612427/15_OpenFlag/Page_Town Square - minus Mattermost/svg'
	at com.kms.katalon.core.webui.keyword.internal.WebUIKeywordMain.stepFailed(WebUIKeywordMain.groovy:64)
	at com.kms.katalon.core.webui.keyword.internal.WebUIKeywordMain.runKeyword(WebUIKeywordMain.groovy:26)
	at com.kms.katalon.core.webui.keyword.builtin.ClickKeyword.click(ClickKeyword.groovy:76)
	at com.kms.katalon.core.webui.keyword.builtin.ClickKeyword.execute(ClickKeyword.groovy:43)
	at com.kms.katalon.core.keyword.internal.KeywordExecutor.executeKeywordForPlatform(KeywordExecutor.groovy:72)
	at com.kms.katalon.core.webui.keyword.WebUiBuiltInKeywords.click(WebUiBuiltInKeywords.groovy:616)
	at com.kms.katalon.core.webui.keyword.WebUiBuiltInKeywords$click$3.call(Unknown Source)
	at 15_OpenFlag.run(15_OpenFlag:31)
	at com.kms.katalon.core.main.ScriptEngine.run(ScriptEngine.java:194)
	at com.kms.katalon.core.main.ScriptEngine.runScriptAsRawText(ScriptEngine.java:119)
	at com.kms.katalon.core.main.TestCaseExecutor.runScript(TestCaseExecutor.java:337)
	at com.kms.katalon.core.main.TestCaseExecutor.doExecute(TestCaseExecutor.java:328)
	at com.kms.katalon.core.main.TestCaseExecutor.processExecutionPhase(TestCaseExecutor.java:307)
	at com.kms.katalon.core.main.TestCaseExecutor.accessMainPhase(TestCaseExecutor.java:299)
	at com.kms.katalon.core.main.TestCaseExecutor.execute(TestCaseExecutor.java:233)
	at com.kms.katalon.core.main.TestSuiteExecutor.accessTestCaseMainPhase(TestSuiteExecutor.java:169)
	at com.kms.katalon.core.main.TestSuiteExecutor.accessTestSuiteMainPhase(TestSuiteExecutor.java:142)
	at com.kms.katalon.core.main.TestSuiteExecutor.execute(TestSuiteExecutor.java:91)
	at com.kms.katalon.core.main.TestCaseMain.startTestSuite(TestCaseMain.java:157)
	at com.kms.katalon.core.main.TestCaseMain$startTestSuite$0.call(Unknown Source)
	at TempTestSuite1591359445937.run(TempTestSuite1591359445937.groovy:37)
Caused by: com.kms.katalon.core.webui.exception.WebElementNotFoundException: Web element with id: 'Object Repository/1612427/15_OpenFlag/Page_Town Square - minus Mattermost/svg' located by 'By.xpath: (.//*[normalize-space(text()) and normalize-space(.)='(Edit)'])[1]/following::*[name()='svg'][5]' not found
	at com.kms.katalon.core.webui.common.WebUiCommonHelper.findWebElement(WebUiCommonHelper.java:1154)
	at com.kms.katalon.core.webui.keyword.internal.WebUIAbstractKeyword.findWebElement(WebUIAbstractKeyword.groovy:27)
	at com.kms.katalon.core.webui.keyword.internal.WebUIAbstractKeyword.findWebElement(WebUIAbstractKeyword.groovy:26)
	at com.kms.katalon.core.webui.keyword.builtin.ClickKeyword$_click_closure1.doCall(ClickKeyword.groovy:67)
	at com.kms.katalon.core.webui.keyword.builtin.ClickKeyword$_click_closure1.call(ClickKeyword.groovy)
	at com.kms.katalon.core.webui.keyword.internal.WebUIKeywordMain.runKeyword(WebUIKeywordMain.groovy:20)
	at com.kms.katalon.core.webui.keyword.builtin.ClickKeyword.click(ClickKeyword.groovy:76)
	at com.kms.katalon.core.webui.keyword.builtin.ClickKeyword.execute(ClickKeyword.groovy:43)
	at com.kms.katalon.core.keyword.internal.KeywordExecutor.executeKeywordForPlatform(KeywordExecutor.groovy:72)
	at com.kms.katalon.core.webui.keyword.WebUiBuiltInKeywords.click(WebUiBuiltInKeywords.groovy:616)
	at com.kms.katalon.core.webui.keyword.WebUiBuiltInKeywords$click$3.call(Unknown Source)
	at Script1591107929060.run(Script1591107929060.groovy:31)
	... 13 more
)

2020-06-05 19:34:45 - [MESSAGE][INFO] - Unable to find the element located by 'By.xpath: (.//*[normalize-space(text()) and normalize-space(.)='(Edit)'])[1]/following::*[name()='svg'][5]'. Please recheck the objects properties to make sure the desired element is located. 

2020-06-05 19:34:46 - [MESSAGE][FAILED] - Unable to click on object 'Object Repository/1612427/15_OpenFlag/Page_Town Square - minus Mattermost/svg' (Root cause: com.kms.katalon.core.exception.StepFailedException: Unable to click on object 'Object Repository/1612427/15_OpenFlag/Page_Town Square - minus Mattermost/svg'
	at com.kms.katalon.core.webui.keyword.internal.WebUIKeywordMain.stepFailed(WebUIKeywordMain.groovy:64)
	at com.kms.katalon.core.webui.keyword.internal.WebUIKeywordMain.runKeyword(WebUIKeywordMain.groovy:26)
	at com.kms.katalon.core.webui.keyword.builtin.ClickKeyword.click(ClickKeyword.groovy:76)
	at com.kms.katalon.core.webui.keyword.builtin.ClickKeyword.execute(ClickKeyword.groovy:43)
	at com.kms.katalon.core.keyword.internal.KeywordExecutor.executeKeywordForPlatform(KeywordExecutor.groovy:72)
	at com.kms.katalon.core.webui.keyword.WebUiBuiltInKeywords.click(WebUiBuiltInKeywords.groovy:616)
	at com.kms.katalon.core.webui.keyword.WebUiBuiltInKeywords$click$3.call(Unknown Source)
	at 15_OpenFlag.run(15_OpenFlag:31)
	at com.kms.katalon.core.main.ScriptEngine.run(ScriptEngine.java:194)
	at com.kms.katalon.core.main.ScriptEngine.runScriptAsRawText(ScriptEngine.java:119)
	at com.kms.katalon.core.main.TestCaseExecutor.runScript(TestCaseExecutor.java:337)
	at com.kms.katalon.core.main.TestCaseExecutor.doExecute(TestCaseExecutor.java:328)
	at com.kms.katalon.core.main.TestCaseExecutor.processExecutionPhase(TestCaseExecutor.java:307)
	at com.kms.katalon.core.main.TestCaseExecutor.accessMainPhase(TestCaseExecutor.java:299)
	at com.kms.katalon.core.main.TestCaseExecutor.execute(TestCaseExecutor.java:233)
	at com.kms.katalon.core.main.TestSuiteExecutor.accessTestCaseMainPhase(TestSuiteExecutor.java:169)
	at com.kms.katalon.core.main.TestSuiteExecutor.accessTestSuiteMainPhase(TestSuiteExecutor.java:142)
	at com.kms.katalon.core.main.TestSuiteExecutor.execute(TestSuiteExecutor.java:91)
	at com.kms.katalon.core.main.TestCaseMain.startTestSuite(TestCaseMain.java:157)
	at com.kms.katalon.core.main.TestCaseMain$startTestSuite$0.call(Unknown Source)
	at TempTestSuite1591359445937.run(TempTestSuite1591359445937.groovy:37)
Caused by: com.kms.katalon.core.webui.exception.WebElementNotFoundException: Web element with id: 'Object Repository/1612427/15_OpenFlag/Page_Town Square - minus Mattermost/svg' located by 'By.xpath: (.//*[normalize-space(text()) and normalize-space(.)='(Edit)'])[1]/following::*[name()='svg'][5]' not found
	at com.kms.katalon.core.webui.common.WebUiCommonHelper.findWebElement(WebUiCommonHelper.java:1154)
	at com.kms.katalon.core.webui.keyword.internal.WebUIAbstractKeyword.findWebElement(WebUIAbstractKeyword.groovy:27)
	at com.kms.katalon.core.webui.keyword.internal.WebUIAbstractKeyword.findWebElement(WebUIAbstractKeyword.groovy:26)
	at com.kms.katalon.core.webui.keyword.builtin.ClickKeyword$_click_closure1.doCall(ClickKeyword.groovy:67)
	at com.kms.katalon.core.webui.keyword.builtin.ClickKeyword$_click_closure1.call(ClickKeyword.groovy)
	at com.kms.katalon.core.webui.keyword.internal.WebUIKeywordMain.runKeyword(WebUIKeywordMain.groovy:20)
	at com.kms.katalon.core.webui.keyword.builtin.ClickKeyword.click(ClickKeyword.groovy:76)
	at com.kms.katalon.core.webui.keyword.builtin.ClickKeyword.execute(ClickKeyword.groovy:43)
	at com.kms.katalon.core.keyword.internal.KeywordExecutor.executeKeywordForPlatform(KeywordExecutor.groovy:72)
	at com.kms.katalon.core.webui.keyword.WebUiBuiltInKeywords.click(WebUiBuiltInKeywords.groovy:616)
	at com.kms.katalon.core.webui.keyword.WebUiBuiltInKeywords$click$3.call(Unknown Source)
	at Script1591107929060.run(Script1591107929060.groovy:31)
	... 13 more
)
[[ATTACHMENT|C:\\Users\\Thanh\\Desktop\\github.com\\New folder (2)\\homeword02-mattermost-katalon\\Reports\\20200605_191725\\Run all test cases\\20200605_191725\\1591360485892.png]]]]></system-out>
         <system-err><![CDATA[2020-06-05 19:33:45 - [TEST_CASE][FAILED] - Test Cases/1612427/15_OpenFlag: Test Cases/1612427/15_OpenFlag FAILED.
Reason:
com.kms.katalon.core.exception.StepFailedException: Unable to click on object 'Object Repository/1612427/15_OpenFlag/Page_Town Square - minus Mattermost/svg'
	at com.kms.katalon.core.webui.keyword.internal.WebUIKeywordMain.stepFailed(WebUIKeywordMain.groovy:64)
	at com.kms.katalon.core.webui.keyword.internal.WebUIKeywordMain.runKeyword(WebUIKeywordMain.groovy:26)
	at com.kms.katalon.core.webui.keyword.builtin.ClickKeyword.click(ClickKeyword.groovy:76)
	at com.kms.katalon.core.webui.keyword.builtin.ClickKeyword.execute(ClickKeyword.groovy:43)
	at com.kms.katalon.core.keyword.internal.KeywordExecutor.executeKeywordForPlatform(KeywordExecutor.groovy:72)
	at com.kms.katalon.core.webui.keyword.WebUiBuiltInKeywords.click(WebUiBuiltInKeywords.groovy:616)
	at com.kms.katalon.core.webui.keyword.WebUiBuiltInKeywords$click$3.call(Unknown Source)
	at 15_OpenFlag.run(15_OpenFlag:31)
	at com.kms.katalon.core.main.ScriptEngine.run(ScriptEngine.java:194)
	at com.kms.katalon.core.main.ScriptEngine.runScriptAsRawText(ScriptEngine.java:119)
	at com.kms.katalon.core.main.TestCaseExecutor.runScript(TestCaseExecutor.java:337)
	at com.kms.katalon.core.main.TestCaseExecutor.doExecute(TestCaseExecutor.java:328)
	at com.kms.katalon.core.main.TestCaseExecutor.processExecutionPhase(TestCaseExecutor.java:307)
	at com.kms.katalon.core.main.TestCaseExecutor.accessMainPhase(TestCaseExecutor.java:299)
	at com.kms.katalon.core.main.TestCaseExecutor.execute(TestCaseExecutor.java:233)
	at com.kms.katalon.core.main.TestSuiteExecutor.accessTestCaseMainPhase(TestSuiteExecutor.java:169)
	at com.kms.katalon.core.main.TestSuiteExecutor.accessTestSuiteMainPhase(TestSuiteExecutor.java:142)
	at com.kms.katalon.core.main.TestSuiteExecutor.execute(TestSuiteExecutor.java:91)
	at com.kms.katalon.core.main.TestCaseMain.startTestSuite(TestCaseMain.java:157)
	at com.kms.katalon.core.main.TestCaseMain$startTestSuite$0.call(Unknown Source)
	at TempTestSuite1591359445937.run(TempTestSuite1591359445937.groovy:37)
Caused by: com.kms.katalon.core.webui.exception.WebElementNotFoundException: Web element with id: 'Object Repository/1612427/15_OpenFlag/Page_Town Square - minus Mattermost/svg' located by 'By.xpath: (.//*[normalize-space(text()) and normalize-space(.)='(Edit)'])[1]/following::*[name()='svg'][5]' not found
	at com.kms.katalon.core.webui.common.WebUiCommonHelper.findWebElement(WebUiCommonHelper.java:1154)
	at com.kms.katalon.core.webui.keyword.internal.WebUIAbstractKeyword.findWebElement(WebUIAbstractKeyword.groovy:27)
	at com.kms.katalon.core.webui.keyword.internal.WebUIAbstractKeyword.findWebElement(WebUIAbstractKeyword.groovy:26)
	at com.kms.katalon.core.webui.keyword.builtin.ClickKeyword$_click_closure1.doCall(ClickKeyword.groovy:67)
	at com.kms.katalon.core.webui.keyword.builtin.ClickKeyword$_click_closure1.call(ClickKeyword.groovy)
	at com.kms.katalon.core.webui.keyword.internal.WebUIKeywordMain.runKeyword(WebUIKeywordMain.groovy:20)
	... 19 more]]></system-err>
      </testcase>
      <testcase name="Test Cases/1612427/16_AssignPermission" time="17.193" classname="Test Cases/1612427/16_AssignPermission" status="PASSED">
         <system-out><![CDATA[2020-06-05 19:34:46 - [TEST_CASE][PASSED] - Test Cases/1612427/16_AssignPermission: Test Cases/1612427/16_AssignPermission

2020-06-05 19:34:47 - [TEST_STEP][PASSED] - openBrowser(""): Browser is opened with url: ''

2020-06-05 19:34:47 - [MESSAGE][WARNING] - A browser is already opened. Closing browser and opening a new one

2020-06-05 19:34:47 - [MESSAGE][INFO] - Starting 'Chrome' driver

2020-06-05 19:34:47 - [MESSAGE][INFO] - Action delay is set to 0 milliseconds

2020-06-05 19:34:51 - [MESSAGE][PASSED] - Browser is opened with url: ''

2020-06-05 19:34:51 - [TEST_STEP][PASSED] - navigateToUrl("http://localhost:8065/login"): Navigate to 'http://localhost:8065/login' successfully

2020-06-05 19:34:52 - [MESSAGE][PASSED] - Navigate to 'http://localhost:8065/login' successfully

2020-06-05 19:34:52 - [TEST_STEP][PASSED] - setText(findTestObject("Object Repository/1612427/16_AssignPermission/Page_Mattermost/input_All team communication in one place s_703ef5"), "hcmus-cdnc"): Text 'hcmus-cdnc' is set on object 'Object Repository/1612427/16_AssignPermission/Page_Mattermost/input_All team communication in one place s_703ef5'

2020-06-05 19:34:54 - [MESSAGE][PASSED] - Text 'hcmus-cdnc' is set on object 'Object Repository/1612427/16_AssignPermission/Page_Mattermost/input_All team communication in one place s_703ef5'

2020-06-05 19:34:54 - [TEST_STEP][PASSED] - setEncryptedText(findTestObject("Object Repository/1612427/16_AssignPermission/Page_Mattermost/input_All team communication in one place s_2f2733"), "aeHFOx8jV/A="): Text ****** has been set on object 'Object Repository/1612427/16_AssignPermission/Page_Mattermost/input_All team communication in one place s_2f2733'

2020-06-05 19:34:55 - [MESSAGE][PASSED] - Text ****** has been set on object 'Object Repository/1612427/16_AssignPermission/Page_Mattermost/input_All team communication in one place s_2f2733'

2020-06-05 19:34:55 - [TEST_STEP][PASSED] - click(findTestObject("Object Repository/1612427/16_AssignPermission/Page_Mattermost/span_Sign in")): Object: 'Object Repository/1612427/16_AssignPermission/Page_Mattermost/span_Sign in' is clicked on

2020-06-05 19:34:55 - [MESSAGE][PASSED] - Object: 'Object Repository/1612427/16_AssignPermission/Page_Mattermost/span_Sign in' is clicked on

2020-06-05 19:34:55 - [TEST_STEP][PASSED] - click(findTestObject("Object Repository/1612427/16_AssignPermission/Page_Town Square - minus Mattermost/button_hcmus-cdnc_style--none sidebar-heade_0f8da4")): Object: 'Object Repository/1612427/16_AssignPermission/Page_Town Square - minus Mattermost/button_hcmus-cdnc_style--none sidebar-heade_0f8da4' is clicked on

2020-06-05 19:34:59 - [MESSAGE][PASSED] - Object: 'Object Repository/1612427/16_AssignPermission/Page_Town Square - minus Mattermost/button_hcmus-cdnc_style--none sidebar-heade_0f8da4' is clicked on

2020-06-05 19:34:59 - [TEST_STEP][PASSED] - click(findTestObject("Object Repository/1612427/16_AssignPermission/Page_Town Square - minus Mattermost/span_Manage Members")): Object: 'Object Repository/1612427/16_AssignPermission/Page_Town Square - minus Mattermost/span_Manage Members' is clicked on

2020-06-05 19:35:00 - [MESSAGE][PASSED] - Object: 'Object Repository/1612427/16_AssignPermission/Page_Town Square - minus Mattermost/span_Manage Members' is clicked on

2020-06-05 19:35:00 - [TEST_STEP][PASSED] - click(findTestObject("Object Repository/1612427/16_AssignPermission/Page_Town Square - minus Mattermost/span_Member")): Object: 'Object Repository/1612427/16_AssignPermission/Page_Town Square - minus Mattermost/span_Member' is clicked on

2020-06-05 19:35:02 - [MESSAGE][PASSED] - Object: 'Object Repository/1612427/16_AssignPermission/Page_Town Square - minus Mattermost/span_Member' is clicked on

2020-06-05 19:35:02 - [TEST_STEP][PASSED] - switch ("admin"): null

2020-06-05 19:35:02 - [TEST_STEP][PASSED] - case "admin":: null

2020-06-05 19:35:02 - [TEST_STEP][PASSED] - click(findTestObject("Object Repository/1612427/16_AssignPermission/Page_Town Square - minus Mattermost/span_Make Team Admin")): Object: 'Object Repository/1612427/16_AssignPermission/Page_Town Square - minus Mattermost/span_Make Team Admin' is clicked on

2020-06-05 19:35:03 - [MESSAGE][PASSED] - Object: 'Object Repository/1612427/16_AssignPermission/Page_Town Square - minus Mattermost/span_Make Team Admin' is clicked on

2020-06-05 19:35:03 - [TEST_STEP][PASSED] - break: null

2020-06-05 19:35:03 - [TEST_STEP][PASSED] - closeBrowser(): Browser is closed

2020-06-05 19:35:03 - [MESSAGE][PASSED] - Browser is closed]]></system-out>
         <system-err><![CDATA[]]></system-err>
      </testcase>
      <testcase name="Test Cases/1612427/17_SendIcon" time="54.575" classname="Test Cases/1612427/17_SendIcon" status="FAILED">
         <failure type="FAILED" message="Test Cases/1612427/17_SendIcon FAILED.
Reason:
com.kms.katalon.core.exception.StepFailedException: Unable to click on object 'Object Repository/1612427/17_SendIcon/Page_Town Square - minus Mattermost/svg'
	at com.kms.katalon.core.webui.keyword.internal.WebUIKeywordMain.stepFailed(WebUIKeywordMain.groovy:64)
	at com.kms.katalon.core.webui.keyword.internal.WebUIKeywordMain.runKeyword(WebUIKeywordMain.groovy:26)
	at com.kms.katalon.core.webui.keyword.builtin.ClickKeyword.click(ClickKeyword.groovy:76)
	at com.kms.katalon.core.webui.keyword.builtin.ClickKeyword.execute(ClickKeyword.groovy:43)
	at com.kms.katalon.core.keyword.internal.KeywordExecutor.executeKeywordForPlatform(KeywordExecutor.groovy:72)
	at com.kms.katalon.core.webui.keyword.WebUiBuiltInKeywords.click(WebUiBuiltInKeywords.groovy:616)
	at com.kms.katalon.core.webui.keyword.WebUiBuiltInKeywords$click$3.call(Unknown Source)
	at 17_SendIcon.run(17_SendIcon:33)
	at com.kms.katalon.core.main.ScriptEngine.run(ScriptEngine.java:194)
	at com.kms.katalon.core.main.ScriptEngine.runScriptAsRawText(ScriptEngine.java:119)
	at com.kms.katalon.core.main.TestCaseExecutor.runScript(TestCaseExecutor.java:337)
	at com.kms.katalon.core.main.TestCaseExecutor.doExecute(TestCaseExecutor.java:328)
	at com.kms.katalon.core.main.TestCaseExecutor.processExecutionPhase(TestCaseExecutor.java:307)
	at com.kms.katalon.core.main.TestCaseExecutor.accessMainPhase(TestCaseExecutor.java:299)
	at com.kms.katalon.core.main.TestCaseExecutor.execute(TestCaseExecutor.java:233)
	at com.kms.katalon.core.main.TestSuiteExecutor.accessTestCaseMainPhase(TestSuiteExecutor.java:169)
	at com.kms.katalon.core.main.TestSuiteExecutor.accessTestSuiteMainPhase(TestSuiteExecutor.java:142)
	at com.kms.katalon.core.main.TestSuiteExecutor.execute(TestSuiteExecutor.java:91)
	at com.kms.katalon.core.main.TestCaseMain.startTestSuite(TestCaseMain.java:157)
	at com.kms.katalon.core.main.TestCaseMain$startTestSuite$0.call(Unknown Source)
	at TempTestSuite1591359445937.run(TempTestSuite1591359445937.groovy:37)
Caused by: com.kms.katalon.core.webui.exception.WebElementNotFoundException: Web element with id: 'Object Repository/1612427/17_SendIcon/Page_Town Square - minus Mattermost/svg' located by 'By.xpath: (.//*[normalize-space(text()) and normalize-space(.)='Write to Town Square'])[1]/following::*[name()='svg'][2]' not found
	at com.kms.katalon.core.webui.common.WebUiCommonHelper.findWebElement(WebUiCommonHelper.java:1154)
	at com.kms.katalon.core.webui.keyword.internal.WebUIAbstractKeyword.findWebElement(WebUIAbstractKeyword.groovy:27)
	at com.kms.katalon.core.webui.keyword.internal.WebUIAbstractKeyword.findWebElement(WebUIAbstractKeyword.groovy:26)
	at com.kms.katalon.core.webui.keyword.builtin.ClickKeyword$_click_closure1.doCall(ClickKeyword.groovy:67)
	at com.kms.katalon.core.webui.keyword.builtin.ClickKeyword$_click_closure1.call(ClickKeyword.groovy)
	at com.kms.katalon.core.webui.keyword.internal.WebUIKeywordMain.runKeyword(WebUIKeywordMain.groovy:20)
	... 19 more
"/>
         <system-out><![CDATA[2020-06-05 19:35:03 - [TEST_CASE][FAILED] - Test Cases/1612427/17_SendIcon: Test Cases/1612427/17_SendIcon FAILED.
Reason:
com.kms.katalon.core.exception.StepFailedException: Unable to click on object 'Object Repository/1612427/17_SendIcon/Page_Town Square - minus Mattermost/svg'
	at com.kms.katalon.core.webui.keyword.internal.WebUIKeywordMain.stepFailed(WebUIKeywordMain.groovy:64)
	at com.kms.katalon.core.webui.keyword.internal.WebUIKeywordMain.runKeyword(WebUIKeywordMain.groovy:26)
	at com.kms.katalon.core.webui.keyword.builtin.ClickKeyword.click(ClickKeyword.groovy:76)
	at com.kms.katalon.core.webui.keyword.builtin.ClickKeyword.execute(ClickKeyword.groovy:43)
	at com.kms.katalon.core.keyword.internal.KeywordExecutor.executeKeywordForPlatform(KeywordExecutor.groovy:72)
	at com.kms.katalon.core.webui.keyword.WebUiBuiltInKeywords.click(WebUiBuiltInKeywords.groovy:616)
	at com.kms.katalon.core.webui.keyword.WebUiBuiltInKeywords$click$3.call(Unknown Source)
	at 17_SendIcon.run(17_SendIcon:33)
	at com.kms.katalon.core.main.ScriptEngine.run(ScriptEngine.java:194)
	at com.kms.katalon.core.main.ScriptEngine.runScriptAsRawText(ScriptEngine.java:119)
	at com.kms.katalon.core.main.TestCaseExecutor.runScript(TestCaseExecutor.java:337)
	at com.kms.katalon.core.main.TestCaseExecutor.doExecute(TestCaseExecutor.java:328)
	at com.kms.katalon.core.main.TestCaseExecutor.processExecutionPhase(TestCaseExecutor.java:307)
	at com.kms.katalon.core.main.TestCaseExecutor.accessMainPhase(TestCaseExecutor.java:299)
	at com.kms.katalon.core.main.TestCaseExecutor.execute(TestCaseExecutor.java:233)
	at com.kms.katalon.core.main.TestSuiteExecutor.accessTestCaseMainPhase(TestSuiteExecutor.java:169)
	at com.kms.katalon.core.main.TestSuiteExecutor.accessTestSuiteMainPhase(TestSuiteExecutor.java:142)
	at com.kms.katalon.core.main.TestSuiteExecutor.execute(TestSuiteExecutor.java:91)
	at com.kms.katalon.core.main.TestCaseMain.startTestSuite(TestCaseMain.java:157)
	at com.kms.katalon.core.main.TestCaseMain$startTestSuite$0.call(Unknown Source)
	at TempTestSuite1591359445937.run(TempTestSuite1591359445937.groovy:37)
Caused by: com.kms.katalon.core.webui.exception.WebElementNotFoundException: Web element with id: 'Object Repository/1612427/17_SendIcon/Page_Town Square - minus Mattermost/svg' located by 'By.xpath: (.//*[normalize-space(text()) and normalize-space(.)='Write to Town Square'])[1]/following::*[name()='svg'][2]' not found
	at com.kms.katalon.core.webui.common.WebUiCommonHelper.findWebElement(WebUiCommonHelper.java:1154)
	at com.kms.katalon.core.webui.keyword.internal.WebUIAbstractKeyword.findWebElement(WebUIAbstractKeyword.groovy:27)
	at com.kms.katalon.core.webui.keyword.internal.WebUIAbstractKeyword.findWebElement(WebUIAbstractKeyword.groovy:26)
	at com.kms.katalon.core.webui.keyword.builtin.ClickKeyword$_click_closure1.doCall(ClickKeyword.groovy:67)
	at com.kms.katalon.core.webui.keyword.builtin.ClickKeyword$_click_closure1.call(ClickKeyword.groovy)
	at com.kms.katalon.core.webui.keyword.internal.WebUIKeywordMain.runKeyword(WebUIKeywordMain.groovy:20)
	... 19 more


2020-06-05 19:35:04 - [TEST_STEP][PASSED] - openBrowser(""): Browser is opened with url: ''

2020-06-05 19:35:04 - [MESSAGE][INFO] - Starting 'Chrome' driver

2020-06-05 19:35:04 - [MESSAGE][INFO] - Action delay is set to 0 milliseconds

2020-06-05 19:35:07 - [MESSAGE][PASSED] - Browser is opened with url: ''

2020-06-05 19:35:07 - [TEST_STEP][PASSED] - setViewPortSize(1600, 1500): Viewport is set to new size with width = 1600 and height = 1500

2020-06-05 19:35:09 - [MESSAGE][PASSED] - Viewport is set to new size with width = 1600 and height = 1500

2020-06-05 19:35:09 - [TEST_STEP][PASSED] - navigateToUrl("http://localhost:8065/login"): Navigate to 'http://localhost:8065/login' successfully

2020-06-05 19:35:11 - [MESSAGE][PASSED] - Navigate to 'http://localhost:8065/login' successfully

2020-06-05 19:35:11 - [TEST_STEP][PASSED] - setText(findTestObject("Object Repository/1612427/17_SendIcon/Page_Mattermost/input_All team communication in one place s_703ef5"), "hcmus-cdnc"): Text 'hcmus-cdnc' is set on object 'Object Repository/1612427/17_SendIcon/Page_Mattermost/input_All team communication in one place s_703ef5'

2020-06-05 19:35:13 - [MESSAGE][PASSED] - Text 'hcmus-cdnc' is set on object 'Object Repository/1612427/17_SendIcon/Page_Mattermost/input_All team communication in one place s_703ef5'

2020-06-05 19:35:13 - [TEST_STEP][PASSED] - setEncryptedText(findTestObject("Object Repository/1612427/17_SendIcon/Page_Mattermost/input_All team communication in one place s_2f2733"), "aeHFOx8jV/A="): Text ****** has been set on object 'Object Repository/1612427/17_SendIcon/Page_Mattermost/input_All team communication in one place s_2f2733'

2020-06-05 19:35:13 - [MESSAGE][PASSED] - Text ****** has been set on object 'Object Repository/1612427/17_SendIcon/Page_Mattermost/input_All team communication in one place s_2f2733'

2020-06-05 19:35:13 - [TEST_STEP][PASSED] - click(findTestObject("Object Repository/1612427/17_SendIcon/Page_Mattermost/span_Sign in")): Object: 'Object Repository/1612427/17_SendIcon/Page_Mattermost/span_Sign in' is clicked on

2020-06-05 19:35:14 - [MESSAGE][PASSED] - Object: 'Object Repository/1612427/17_SendIcon/Page_Mattermost/span_Sign in' is clicked on

2020-06-05 19:35:14 - [TEST_STEP][FAILED] - click(findTestObject("Object Repository/1612427/17_SendIcon/Page_Town Square - minus Mattermost/svg")): Unable to click on object 'Object Repository/1612427/17_SendIcon/Page_Town Square - minus Mattermost/svg' (Root cause: com.kms.katalon.core.exception.StepFailedException: Unable to click on object 'Object Repository/1612427/17_SendIcon/Page_Town Square - minus Mattermost/svg'
	at com.kms.katalon.core.webui.keyword.internal.WebUIKeywordMain.stepFailed(WebUIKeywordMain.groovy:64)
	at com.kms.katalon.core.webui.keyword.internal.WebUIKeywordMain.runKeyword(WebUIKeywordMain.groovy:26)
	at com.kms.katalon.core.webui.keyword.builtin.ClickKeyword.click(ClickKeyword.groovy:76)
	at com.kms.katalon.core.webui.keyword.builtin.ClickKeyword.execute(ClickKeyword.groovy:43)
	at com.kms.katalon.core.keyword.internal.KeywordExecutor.executeKeywordForPlatform(KeywordExecutor.groovy:72)
	at com.kms.katalon.core.webui.keyword.WebUiBuiltInKeywords.click(WebUiBuiltInKeywords.groovy:616)
	at com.kms.katalon.core.webui.keyword.WebUiBuiltInKeywords$click$3.call(Unknown Source)
	at 17_SendIcon.run(17_SendIcon:33)
	at com.kms.katalon.core.main.ScriptEngine.run(ScriptEngine.java:194)
	at com.kms.katalon.core.main.ScriptEngine.runScriptAsRawText(ScriptEngine.java:119)
	at com.kms.katalon.core.main.TestCaseExecutor.runScript(TestCaseExecutor.java:337)
	at com.kms.katalon.core.main.TestCaseExecutor.doExecute(TestCaseExecutor.java:328)
	at com.kms.katalon.core.main.TestCaseExecutor.processExecutionPhase(TestCaseExecutor.java:307)
	at com.kms.katalon.core.main.TestCaseExecutor.accessMainPhase(TestCaseExecutor.java:299)
	at com.kms.katalon.core.main.TestCaseExecutor.execute(TestCaseExecutor.java:233)
	at com.kms.katalon.core.main.TestSuiteExecutor.accessTestCaseMainPhase(TestSuiteExecutor.java:169)
	at com.kms.katalon.core.main.TestSuiteExecutor.accessTestSuiteMainPhase(TestSuiteExecutor.java:142)
	at com.kms.katalon.core.main.TestSuiteExecutor.execute(TestSuiteExecutor.java:91)
	at com.kms.katalon.core.main.TestCaseMain.startTestSuite(TestCaseMain.java:157)
	at com.kms.katalon.core.main.TestCaseMain$startTestSuite$0.call(Unknown Source)
	at TempTestSuite1591359445937.run(TempTestSuite1591359445937.groovy:37)
Caused by: com.kms.katalon.core.webui.exception.WebElementNotFoundException: Web element with id: 'Object Repository/1612427/17_SendIcon/Page_Town Square - minus Mattermost/svg' located by 'By.xpath: (.//*[normalize-space(text()) and normalize-space(.)='Write to Town Square'])[1]/following::*[name()='svg'][2]' not found
	at com.kms.katalon.core.webui.common.WebUiCommonHelper.findWebElement(WebUiCommonHelper.java:1154)
	at com.kms.katalon.core.webui.keyword.internal.WebUIAbstractKeyword.findWebElement(WebUIAbstractKeyword.groovy:27)
	at com.kms.katalon.core.webui.keyword.internal.WebUIAbstractKeyword.findWebElement(WebUIAbstractKeyword.groovy:26)
	at com.kms.katalon.core.webui.keyword.builtin.ClickKeyword$_click_closure1.doCall(ClickKeyword.groovy:67)
	at com.kms.katalon.core.webui.keyword.builtin.ClickKeyword$_click_closure1.call(ClickKeyword.groovy)
	at com.kms.katalon.core.webui.keyword.internal.WebUIKeywordMain.runKeyword(WebUIKeywordMain.groovy:20)
	at com.kms.katalon.core.webui.keyword.builtin.ClickKeyword.click(ClickKeyword.groovy:76)
	at com.kms.katalon.core.webui.keyword.builtin.ClickKeyword.execute(ClickKeyword.groovy:43)
	at com.kms.katalon.core.keyword.internal.KeywordExecutor.executeKeywordForPlatform(KeywordExecutor.groovy:72)
	at com.kms.katalon.core.webui.keyword.WebUiBuiltInKeywords.click(WebUiBuiltInKeywords.groovy:616)
	at com.kms.katalon.core.webui.keyword.WebUiBuiltInKeywords$click$3.call(Unknown Source)
	at Script1591144482063.run(Script1591144482063.groovy:33)
	... 13 more
)

2020-06-05 19:35:58 - [MESSAGE][INFO] - Unable to find the element located by 'By.xpath: (.//*[normalize-space(text()) and normalize-space(.)='Write to Town Square'])[1]/following::*[name()='svg'][2]'. Please recheck the objects properties to make sure the desired element is located. 

2020-06-05 19:35:58 - [MESSAGE][FAILED] - Unable to click on object 'Object Repository/1612427/17_SendIcon/Page_Town Square - minus Mattermost/svg' (Root cause: com.kms.katalon.core.exception.StepFailedException: Unable to click on object 'Object Repository/1612427/17_SendIcon/Page_Town Square - minus Mattermost/svg'
	at com.kms.katalon.core.webui.keyword.internal.WebUIKeywordMain.stepFailed(WebUIKeywordMain.groovy:64)
	at com.kms.katalon.core.webui.keyword.internal.WebUIKeywordMain.runKeyword(WebUIKeywordMain.groovy:26)
	at com.kms.katalon.core.webui.keyword.builtin.ClickKeyword.click(ClickKeyword.groovy:76)
	at com.kms.katalon.core.webui.keyword.builtin.ClickKeyword.execute(ClickKeyword.groovy:43)
	at com.kms.katalon.core.keyword.internal.KeywordExecutor.executeKeywordForPlatform(KeywordExecutor.groovy:72)
	at com.kms.katalon.core.webui.keyword.WebUiBuiltInKeywords.click(WebUiBuiltInKeywords.groovy:616)
	at com.kms.katalon.core.webui.keyword.WebUiBuiltInKeywords$click$3.call(Unknown Source)
	at 17_SendIcon.run(17_SendIcon:33)
	at com.kms.katalon.core.main.ScriptEngine.run(ScriptEngine.java:194)
	at com.kms.katalon.core.main.ScriptEngine.runScriptAsRawText(ScriptEngine.java:119)
	at com.kms.katalon.core.main.TestCaseExecutor.runScript(TestCaseExecutor.java:337)
	at com.kms.katalon.core.main.TestCaseExecutor.doExecute(TestCaseExecutor.java:328)
	at com.kms.katalon.core.main.TestCaseExecutor.processExecutionPhase(TestCaseExecutor.java:307)
	at com.kms.katalon.core.main.TestCaseExecutor.accessMainPhase(TestCaseExecutor.java:299)
	at com.kms.katalon.core.main.TestCaseExecutor.execute(TestCaseExecutor.java:233)
	at com.kms.katalon.core.main.TestSuiteExecutor.accessTestCaseMainPhase(TestSuiteExecutor.java:169)
	at com.kms.katalon.core.main.TestSuiteExecutor.accessTestSuiteMainPhase(TestSuiteExecutor.java:142)
	at com.kms.katalon.core.main.TestSuiteExecutor.execute(TestSuiteExecutor.java:91)
	at com.kms.katalon.core.main.TestCaseMain.startTestSuite(TestCaseMain.java:157)
	at com.kms.katalon.core.main.TestCaseMain$startTestSuite$0.call(Unknown Source)
	at TempTestSuite1591359445937.run(TempTestSuite1591359445937.groovy:37)
Caused by: com.kms.katalon.core.webui.exception.WebElementNotFoundException: Web element with id: 'Object Repository/1612427/17_SendIcon/Page_Town Square - minus Mattermost/svg' located by 'By.xpath: (.//*[normalize-space(text()) and normalize-space(.)='Write to Town Square'])[1]/following::*[name()='svg'][2]' not found
	at com.kms.katalon.core.webui.common.WebUiCommonHelper.findWebElement(WebUiCommonHelper.java:1154)
	at com.kms.katalon.core.webui.keyword.internal.WebUIAbstractKeyword.findWebElement(WebUIAbstractKeyword.groovy:27)
	at com.kms.katalon.core.webui.keyword.internal.WebUIAbstractKeyword.findWebElement(WebUIAbstractKeyword.groovy:26)
	at com.kms.katalon.core.webui.keyword.builtin.ClickKeyword$_click_closure1.doCall(ClickKeyword.groovy:67)
	at com.kms.katalon.core.webui.keyword.builtin.ClickKeyword$_click_closure1.call(ClickKeyword.groovy)
	at com.kms.katalon.core.webui.keyword.internal.WebUIKeywordMain.runKeyword(WebUIKeywordMain.groovy:20)
	at com.kms.katalon.core.webui.keyword.builtin.ClickKeyword.click(ClickKeyword.groovy:76)
	at com.kms.katalon.core.webui.keyword.builtin.ClickKeyword.execute(ClickKeyword.groovy:43)
	at com.kms.katalon.core.keyword.internal.KeywordExecutor.executeKeywordForPlatform(KeywordExecutor.groovy:72)
	at com.kms.katalon.core.webui.keyword.WebUiBuiltInKeywords.click(WebUiBuiltInKeywords.groovy:616)
	at com.kms.katalon.core.webui.keyword.WebUiBuiltInKeywords$click$3.call(Unknown Source)
	at Script1591144482063.run(Script1591144482063.groovy:33)
	... 13 more
)
[[ATTACHMENT|C:\\Users\\Thanh\\Desktop\\github.com\\New folder (2)\\homeword02-mattermost-katalon\\Reports\\20200605_191725\\Run all test cases\\20200605_191725\\1591360558186.png]]]]></system-out>
         <system-err><![CDATA[2020-06-05 19:35:03 - [TEST_CASE][FAILED] - Test Cases/1612427/17_SendIcon: Test Cases/1612427/17_SendIcon FAILED.
Reason:
com.kms.katalon.core.exception.StepFailedException: Unable to click on object 'Object Repository/1612427/17_SendIcon/Page_Town Square - minus Mattermost/svg'
	at com.kms.katalon.core.webui.keyword.internal.WebUIKeywordMain.stepFailed(WebUIKeywordMain.groovy:64)
	at com.kms.katalon.core.webui.keyword.internal.WebUIKeywordMain.runKeyword(WebUIKeywordMain.groovy:26)
	at com.kms.katalon.core.webui.keyword.builtin.ClickKeyword.click(ClickKeyword.groovy:76)
	at com.kms.katalon.core.webui.keyword.builtin.ClickKeyword.execute(ClickKeyword.groovy:43)
	at com.kms.katalon.core.keyword.internal.KeywordExecutor.executeKeywordForPlatform(KeywordExecutor.groovy:72)
	at com.kms.katalon.core.webui.keyword.WebUiBuiltInKeywords.click(WebUiBuiltInKeywords.groovy:616)
	at com.kms.katalon.core.webui.keyword.WebUiBuiltInKeywords$click$3.call(Unknown Source)
	at 17_SendIcon.run(17_SendIcon:33)
	at com.kms.katalon.core.main.ScriptEngine.run(ScriptEngine.java:194)
	at com.kms.katalon.core.main.ScriptEngine.runScriptAsRawText(ScriptEngine.java:119)
	at com.kms.katalon.core.main.TestCaseExecutor.runScript(TestCaseExecutor.java:337)
	at com.kms.katalon.core.main.TestCaseExecutor.doExecute(TestCaseExecutor.java:328)
	at com.kms.katalon.core.main.TestCaseExecutor.processExecutionPhase(TestCaseExecutor.java:307)
	at com.kms.katalon.core.main.TestCaseExecutor.accessMainPhase(TestCaseExecutor.java:299)
	at com.kms.katalon.core.main.TestCaseExecutor.execute(TestCaseExecutor.java:233)
	at com.kms.katalon.core.main.TestSuiteExecutor.accessTestCaseMainPhase(TestSuiteExecutor.java:169)
	at com.kms.katalon.core.main.TestSuiteExecutor.accessTestSuiteMainPhase(TestSuiteExecutor.java:142)
	at com.kms.katalon.core.main.TestSuiteExecutor.execute(TestSuiteExecutor.java:91)
	at com.kms.katalon.core.main.TestCaseMain.startTestSuite(TestCaseMain.java:157)
	at com.kms.katalon.core.main.TestCaseMain$startTestSuite$0.call(Unknown Source)
	at TempTestSuite1591359445937.run(TempTestSuite1591359445937.groovy:37)
Caused by: com.kms.katalon.core.webui.exception.WebElementNotFoundException: Web element with id: 'Object Repository/1612427/17_SendIcon/Page_Town Square - minus Mattermost/svg' located by 'By.xpath: (.//*[normalize-space(text()) and normalize-space(.)='Write to Town Square'])[1]/following::*[name()='svg'][2]' not found
	at com.kms.katalon.core.webui.common.WebUiCommonHelper.findWebElement(WebUiCommonHelper.java:1154)
	at com.kms.katalon.core.webui.keyword.internal.WebUIAbstractKeyword.findWebElement(WebUIAbstractKeyword.groovy:27)
	at com.kms.katalon.core.webui.keyword.internal.WebUIAbstractKeyword.findWebElement(WebUIAbstractKeyword.groovy:26)
	at com.kms.katalon.core.webui.keyword.builtin.ClickKeyword$_click_closure1.doCall(ClickKeyword.groovy:67)
	at com.kms.katalon.core.webui.keyword.builtin.ClickKeyword$_click_closure1.call(ClickKeyword.groovy)
	at com.kms.katalon.core.webui.keyword.internal.WebUIKeywordMain.runKeyword(WebUIKeywordMain.groovy:20)
	... 19 more]]></system-err>
      </testcase>
      <testcase name="Test Cases/1612427/18_SwitchChannel" time="15.544" classname="Test Cases/1612427/18_SwitchChannel" status="PASSED">
         <system-out><![CDATA[2020-06-05 19:35:58 - [TEST_CASE][PASSED] - Test Cases/1612427/18_SwitchChannel: Test Cases/1612427/18_SwitchChannel

2020-06-05 19:35:58 - [TEST_STEP][PASSED] - openBrowser(""): Browser is opened with url: ''

2020-06-05 19:35:58 - [MESSAGE][WARNING] - A browser is already opened. Closing browser and opening a new one

2020-06-05 19:35:59 - [MESSAGE][INFO] - Starting 'Chrome' driver

2020-06-05 19:35:59 - [MESSAGE][INFO] - Action delay is set to 0 milliseconds

2020-06-05 19:36:02 - [MESSAGE][PASSED] - Browser is opened with url: ''

2020-06-05 19:36:02 - [TEST_STEP][PASSED] - navigateToUrl("http://localhost:8065/login"): Navigate to 'http://localhost:8065/login' successfully

2020-06-05 19:36:04 - [MESSAGE][PASSED] - Navigate to 'http://localhost:8065/login' successfully

2020-06-05 19:36:04 - [TEST_STEP][PASSED] - setText(findTestObject("Object Repository/1612427/18_SwitchChannel/Page_Mattermost/input_All team communication in one place s_703ef5"), "hcmus-cdnc"): Text 'hcmus-cdnc' is set on object 'Object Repository/1612427/18_SwitchChannel/Page_Mattermost/input_All team communication in one place s_703ef5'

2020-06-05 19:36:06 - [MESSAGE][PASSED] - Text 'hcmus-cdnc' is set on object 'Object Repository/1612427/18_SwitchChannel/Page_Mattermost/input_All team communication in one place s_703ef5'

2020-06-05 19:36:06 - [TEST_STEP][PASSED] - setEncryptedText(findTestObject("Object Repository/1612427/18_SwitchChannel/Page_Mattermost/input_All team communication in one place s_2f2733"), "aeHFOx8jV/A="): Text ****** has been set on object 'Object Repository/1612427/18_SwitchChannel/Page_Mattermost/input_All team communication in one place s_2f2733'

2020-06-05 19:36:07 - [MESSAGE][PASSED] - Text ****** has been set on object 'Object Repository/1612427/18_SwitchChannel/Page_Mattermost/input_All team communication in one place s_2f2733'

2020-06-05 19:36:07 - [TEST_STEP][PASSED] - click(findTestObject("Object Repository/1612427/18_SwitchChannel/Page_Mattermost/span_Sign in")): Object: 'Object Repository/1612427/18_SwitchChannel/Page_Mattermost/span_Sign in' is clicked on

2020-06-05 19:36:08 - [MESSAGE][PASSED] - Object: 'Object Repository/1612427/18_SwitchChannel/Page_Mattermost/span_Sign in' is clicked on

2020-06-05 19:36:08 - [TEST_STEP][PASSED] - channels = ["Town Square", "Off-Topic"]: null

2020-06-05 19:36:08 - [TEST_STEP][PASSED] - for (String ch : channels): null

2020-06-05 19:36:08 - [TEST_STEP][PASSED] - switch (ch): null

2020-06-05 19:36:08 - [TEST_STEP][PASSED] - case "Town Square":: null

2020-06-05 19:36:08 - [TEST_STEP][PASSED] - click(findTestObject("Object Repository/1612427/18_SwitchChannel/Page_Town Square - minus Mattermost/span_Off-Topic")): Object: 'Object Repository/1612427/18_SwitchChannel/Page_Town Square - minus Mattermost/span_Off-Topic' is clicked on

2020-06-05 19:36:12 - [MESSAGE][PASSED] - Object: 'Object Repository/1612427/18_SwitchChannel/Page_Town Square - minus Mattermost/span_Off-Topic' is clicked on

2020-06-05 19:36:12 - [TEST_STEP][PASSED] - break: null

2020-06-05 19:36:12 - [TEST_STEP][PASSED] - switch (ch): null

2020-06-05 19:36:12 - [TEST_STEP][PASSED] - case "Off-Topic":: null

2020-06-05 19:36:12 - [TEST_STEP][PASSED] - click(findTestObject("Object Repository/1612427/18_SwitchChannel/Page_Off-Topic - minus Mattermost/span_Town Square")): Object: 'Object Repository/1612427/18_SwitchChannel/Page_Off-Topic - minus Mattermost/span_Town Square' is clicked on

2020-06-05 19:36:13 - [MESSAGE][PASSED] - Object: 'Object Repository/1612427/18_SwitchChannel/Page_Off-Topic - minus Mattermost/span_Town Square' is clicked on

2020-06-05 19:36:13 - [TEST_STEP][PASSED] - break: null

2020-06-05 19:36:13 - [TEST_STEP][PASSED] - closeBrowser(): Browser is closed

2020-06-05 19:36:14 - [MESSAGE][PASSED] - Browser is closed]]></system-out>
         <system-err><![CDATA[]]></system-err>
      </testcase>
      <testcase name="Test Cases/1612427/19_InvitePeople" time="18.391" classname="Test Cases/1612427/19_InvitePeople" status="PASSED">
         <system-out><![CDATA[2020-06-05 19:36:14 - [TEST_CASE][PASSED] - Test Cases/1612427/19_InvitePeople: Test Cases/1612427/19_InvitePeople

2020-06-05 19:36:14 - [TEST_STEP][PASSED] - openBrowser(""): Browser is opened with url: ''

2020-06-05 19:36:14 - [MESSAGE][INFO] - Starting 'Chrome' driver

2020-06-05 19:36:14 - [MESSAGE][INFO] - Action delay is set to 0 milliseconds

2020-06-05 19:36:17 - [MESSAGE][PASSED] - Browser is opened with url: ''

2020-06-05 19:36:17 - [TEST_STEP][PASSED] - navigateToUrl("http://localhost:8065/login"): Navigate to 'http://localhost:8065/login' successfully

2020-06-05 19:36:19 - [MESSAGE][PASSED] - Navigate to 'http://localhost:8065/login' successfully

2020-06-05 19:36:19 - [TEST_STEP][PASSED] - setText(findTestObject("Object Repository/1612427/19_InvitePeople/Page_Mattermost/input_All team communication in one place s_703ef5"), "hcmus-cdnc"): Text 'hcmus-cdnc' is set on object 'Object Repository/1612427/19_InvitePeople/Page_Mattermost/input_All team communication in one place s_703ef5'

2020-06-05 19:36:21 - [MESSAGE][PASSED] - Text 'hcmus-cdnc' is set on object 'Object Repository/1612427/19_InvitePeople/Page_Mattermost/input_All team communication in one place s_703ef5'

2020-06-05 19:36:21 - [TEST_STEP][PASSED] - setEncryptedText(findTestObject("Object Repository/1612427/19_InvitePeople/Page_Mattermost/input_All team communication in one place s_2f2733"), "aeHFOx8jV/A="): Text ****** has been set on object 'Object Repository/1612427/19_InvitePeople/Page_Mattermost/input_All team communication in one place s_2f2733'

2020-06-05 19:36:21 - [MESSAGE][PASSED] - Text ****** has been set on object 'Object Repository/1612427/19_InvitePeople/Page_Mattermost/input_All team communication in one place s_2f2733'

2020-06-05 19:36:21 - [TEST_STEP][PASSED] - click(findTestObject("Object Repository/1612427/19_InvitePeople/Page_Mattermost/span_Sign in")): Object: 'Object Repository/1612427/19_InvitePeople/Page_Mattermost/span_Sign in' is clicked on

2020-06-05 19:36:22 - [MESSAGE][PASSED] - Object: 'Object Repository/1612427/19_InvitePeople/Page_Mattermost/span_Sign in' is clicked on

2020-06-05 19:36:22 - [TEST_STEP][PASSED] - click(findTestObject("Object Repository/1612427/19_InvitePeople/Page_Town Square - minus Mattermost/svg")): Object: 'Object Repository/1612427/19_InvitePeople/Page_Town Square - minus Mattermost/svg' is clicked on

2020-06-05 19:36:26 - [MESSAGE][PASSED] - Object: 'Object Repository/1612427/19_InvitePeople/Page_Town Square - minus Mattermost/svg' is clicked on

2020-06-05 19:36:26 - [TEST_STEP][PASSED] - click(findTestObject("Object Repository/1612427/19_InvitePeople/Page_Town Square - minus Mattermost/span_Invite People")): Object: 'Object Repository/1612427/19_InvitePeople/Page_Town Square - minus Mattermost/span_Invite People' is clicked on

2020-06-05 19:36:27 - [MESSAGE][PASSED] - Object: 'Object Repository/1612427/19_InvitePeople/Page_Town Square - minus Mattermost/span_Invite People' is clicked on

2020-06-05 19:36:27 - [TEST_STEP][PASSED] - click(findTestObject("Object Repository/1612427/19_InvitePeople/Page_Town Square - minus Mattermost/div_Add members")): Object: 'Object Repository/1612427/19_InvitePeople/Page_Town Square - minus Mattermost/div_Add members' is clicked on

2020-06-05 19:36:27 - [MESSAGE][PASSED] - Object: 'Object Repository/1612427/19_InvitePeople/Page_Town Square - minus Mattermost/div_Add members' is clicked on

2020-06-05 19:36:27 - [TEST_STEP][PASSED] - members = ["Nghiem", "Loc", "Thien", "Nhat"]: null

2020-06-05 19:36:27 - [TEST_STEP][PASSED] - for (String name : members): null

2020-06-05 19:36:27 - [TEST_STEP][PASSED] - switch (name): null

2020-06-05 19:36:27 - [TEST_STEP][PASSED] - case "Nghiem":: null

2020-06-05 19:36:27 - [TEST_STEP][PASSED] - setText(findTestObject("Object Repository/1612427/19_InvitePeople/Page_Town Square - minus Mattermost/input_Add members_react-select-2-input"), name): Text 'Nghiem' is set on object 'Object Repository/1612427/19_InvitePeople/Page_Town Square - minus Mattermost/input_Add members_react-select-2-input'

2020-06-05 19:36:29 - [MESSAGE][PASSED] - Text 'Nghiem' is set on object 'Object Repository/1612427/19_InvitePeople/Page_Town Square - minus Mattermost/input_Add members_react-select-2-input'

2020-06-05 19:36:29 - [TEST_STEP][PASSED] - break: null

2020-06-05 19:36:29 - [TEST_STEP][PASSED] - switch (name): null

2020-06-05 19:36:29 - [TEST_STEP][PASSED] - case "Loc":: null

2020-06-05 19:36:29 - [TEST_STEP][PASSED] - setText(findTestObject("Object Repository/1612427/19_InvitePeople/Page_Town Square - minus Mattermost/input_Add members_react-select-2-input"), "Loc"): Text 'Loc' is set on object 'Object Repository/1612427/19_InvitePeople/Page_Town Square - minus Mattermost/input_Add members_react-select-2-input'

2020-06-05 19:36:30 - [MESSAGE][PASSED] - Text 'Loc' is set on object 'Object Repository/1612427/19_InvitePeople/Page_Town Square - minus Mattermost/input_Add members_react-select-2-input'

2020-06-05 19:36:30 - [TEST_STEP][PASSED] - break: null

2020-06-05 19:36:30 - [TEST_STEP][PASSED] - switch (name): null

2020-06-05 19:36:30 - [TEST_STEP][PASSED] - case "Thien":: null

2020-06-05 19:36:30 - [TEST_STEP][PASSED] - setText(findTestObject("Object Repository/1612427/19_InvitePeople/Page_Town Square - minus Mattermost/input_Add members_react-select-2-input"), "Thien"): Text 'Thien' is set on object 'Object Repository/1612427/19_InvitePeople/Page_Town Square - minus Mattermost/input_Add members_react-select-2-input'

2020-06-05 19:36:31 - [MESSAGE][PASSED] - Text 'Thien' is set on object 'Object Repository/1612427/19_InvitePeople/Page_Town Square - minus Mattermost/input_Add members_react-select-2-input'

2020-06-05 19:36:31 - [TEST_STEP][PASSED] - break: null

2020-06-05 19:36:31 - [TEST_STEP][PASSED] - switch (name): null

2020-06-05 19:36:31 - [TEST_STEP][PASSED] - closeBrowser(): Browser is closed

2020-06-05 19:36:32 - [MESSAGE][PASSED] - Browser is closed]]></system-out>
         <system-err><![CDATA[]]></system-err>
      </testcase>
      <testcase name="Test Cases/1612427/20_Search_Message" time="9.598" classname="Test Cases/1612427/20_Search_Message" status="FAILED">
         <failure type="FAILED" message="Test Cases/1612427/20_Search_Message FAILED.
Reason:
com.kms.katalon.core.exception.StepFailedException: Unable to set text
	at com.kms.katalon.core.webui.keyword.internal.WebUIKeywordMain.stepFailed(WebUIKeywordMain.groovy:64)
	at com.kms.katalon.core.webui.keyword.internal.WebUIKeywordMain.runKeyword(WebUIKeywordMain.groovy:26)
	at com.kms.katalon.core.webui.keyword.builtin.SetTextKeyword.setText(SetTextKeyword.groovy:66)
	at com.kms.katalon.core.webui.keyword.builtin.SetTextKeyword.execute(SetTextKeyword.groovy:37)
	at com.kms.katalon.core.keyword.internal.KeywordExecutor.executeKeywordForPlatform(KeywordExecutor.groovy:72)
	at com.kms.katalon.core.webui.keyword.WebUiBuiltInKeywords.setText(WebUiBuiltInKeywords.groovy:976)
	at com.kms.katalon.core.webui.keyword.WebUiBuiltInKeywords$setText$1.call(Unknown Source)
	at 20_Search_Message.run(20_Search_Message:36)
	at com.kms.katalon.core.main.ScriptEngine.run(ScriptEngine.java:194)
	at com.kms.katalon.core.main.ScriptEngine.runScriptAsRawText(ScriptEngine.java:119)
	at com.kms.katalon.core.main.TestCaseExecutor.runScript(TestCaseExecutor.java:337)
	at com.kms.katalon.core.main.TestCaseExecutor.doExecute(TestCaseExecutor.java:328)
	at com.kms.katalon.core.main.TestCaseExecutor.processExecutionPhase(TestCaseExecutor.java:307)
	at com.kms.katalon.core.main.TestCaseExecutor.accessMainPhase(TestCaseExecutor.java:299)
	at com.kms.katalon.core.main.TestCaseExecutor.execute(TestCaseExecutor.java:233)
	at com.kms.katalon.core.main.TestSuiteExecutor.accessTestCaseMainPhase(TestSuiteExecutor.java:169)
	at com.kms.katalon.core.main.TestSuiteExecutor.accessTestSuiteMainPhase(TestSuiteExecutor.java:142)
	at com.kms.katalon.core.main.TestSuiteExecutor.execute(TestSuiteExecutor.java:91)
	at com.kms.katalon.core.main.TestCaseMain.startTestSuite(TestCaseMain.java:157)
	at com.kms.katalon.core.main.TestCaseMain$startTestSuite$0.call(Unknown Source)
	at TempTestSuite1591359445937.run(TempTestSuite1591359445937.groovy:37)
Caused by: java.lang.IllegalArgumentException: Object is null
	at com.kms.katalon.core.helper.KeywordHelper.checkTestObjectParameter(KeywordHelper.java:33)
	at com.kms.katalon.core.webui.keyword.builtin.SetTextKeyword$_setText_closure1.doCall(SetTextKeyword.groovy:45)
	at com.kms.katalon.core.webui.keyword.builtin.SetTextKeyword$_setText_closure1.call(SetTextKeyword.groovy)
	at com.kms.katalon.core.webui.keyword.internal.WebUIKeywordMain.runKeyword(WebUIKeywordMain.groovy:20)
	... 19 more
"/>
         <system-out><![CDATA[2020-06-05 19:36:32 - [TEST_CASE][FAILED] - Test Cases/1612427/20_Search_Message: Test Cases/1612427/20_Search_Message FAILED.
Reason:
com.kms.katalon.core.exception.StepFailedException: Unable to set text
	at com.kms.katalon.core.webui.keyword.internal.WebUIKeywordMain.stepFailed(WebUIKeywordMain.groovy:64)
	at com.kms.katalon.core.webui.keyword.internal.WebUIKeywordMain.runKeyword(WebUIKeywordMain.groovy:26)
	at com.kms.katalon.core.webui.keyword.builtin.SetTextKeyword.setText(SetTextKeyword.groovy:66)
	at com.kms.katalon.core.webui.keyword.builtin.SetTextKeyword.execute(SetTextKeyword.groovy:37)
	at com.kms.katalon.core.keyword.internal.KeywordExecutor.executeKeywordForPlatform(KeywordExecutor.groovy:72)
	at com.kms.katalon.core.webui.keyword.WebUiBuiltInKeywords.setText(WebUiBuiltInKeywords.groovy:976)
	at com.kms.katalon.core.webui.keyword.WebUiBuiltInKeywords$setText$1.call(Unknown Source)
	at 20_Search_Message.run(20_Search_Message:36)
	at com.kms.katalon.core.main.ScriptEngine.run(ScriptEngine.java:194)
	at com.kms.katalon.core.main.ScriptEngine.runScriptAsRawText(ScriptEngine.java:119)
	at com.kms.katalon.core.main.TestCaseExecutor.runScript(TestCaseExecutor.java:337)
	at com.kms.katalon.core.main.TestCaseExecutor.doExecute(TestCaseExecutor.java:328)
	at com.kms.katalon.core.main.TestCaseExecutor.processExecutionPhase(TestCaseExecutor.java:307)
	at com.kms.katalon.core.main.TestCaseExecutor.accessMainPhase(TestCaseExecutor.java:299)
	at com.kms.katalon.core.main.TestCaseExecutor.execute(TestCaseExecutor.java:233)
	at com.kms.katalon.core.main.TestSuiteExecutor.accessTestCaseMainPhase(TestSuiteExecutor.java:169)
	at com.kms.katalon.core.main.TestSuiteExecutor.accessTestSuiteMainPhase(TestSuiteExecutor.java:142)
	at com.kms.katalon.core.main.TestSuiteExecutor.execute(TestSuiteExecutor.java:91)
	at com.kms.katalon.core.main.TestCaseMain.startTestSuite(TestCaseMain.java:157)
	at com.kms.katalon.core.main.TestCaseMain$startTestSuite$0.call(Unknown Source)
	at TempTestSuite1591359445937.run(TempTestSuite1591359445937.groovy:37)
Caused by: java.lang.IllegalArgumentException: Object is null
	at com.kms.katalon.core.helper.KeywordHelper.checkTestObjectParameter(KeywordHelper.java:33)
	at com.kms.katalon.core.webui.keyword.builtin.SetTextKeyword$_setText_closure1.doCall(SetTextKeyword.groovy:45)
	at com.kms.katalon.core.webui.keyword.builtin.SetTextKeyword$_setText_closure1.call(SetTextKeyword.groovy)
	at com.kms.katalon.core.webui.keyword.internal.WebUIKeywordMain.runKeyword(WebUIKeywordMain.groovy:20)
	... 19 more


2020-06-05 19:36:32 - [TEST_STEP][PASSED] - openBrowser(""): Browser is opened with url: ''

2020-06-05 19:36:32 - [MESSAGE][INFO] - Starting 'Chrome' driver

2020-06-05 19:36:32 - [MESSAGE][INFO] - Action delay is set to 0 milliseconds

2020-06-05 19:36:36 - [MESSAGE][PASSED] - Browser is opened with url: ''

2020-06-05 19:36:36 - [TEST_STEP][PASSED] - navigateToUrl("http://localhost:8065/login"): Navigate to 'http://localhost:8065/login' successfully

2020-06-05 19:36:38 - [MESSAGE][PASSED] - Navigate to 'http://localhost:8065/login' successfully

2020-06-05 19:36:38 - [TEST_STEP][PASSED] - setText(findTestObject("Object Repository/1612427/20_SearchMessage/Page_Mattermost/input_All team communication in one place s_703ef5"), "hcmus-cdnc"): Text 'hcmus-cdnc' is set on object 'Object Repository/1612427/20_SearchMessage/Page_Mattermost/input_All team communication in one place s_703ef5'

2020-06-05 19:36:40 - [MESSAGE][PASSED] - Text 'hcmus-cdnc' is set on object 'Object Repository/1612427/20_SearchMessage/Page_Mattermost/input_All team communication in one place s_703ef5'

2020-06-05 19:36:40 - [TEST_STEP][PASSED] - setEncryptedText(findTestObject("Object Repository/1612427/20_SearchMessage/Page_Mattermost/input_All team communication in one place s_2f2733"), "aeHFOx8jV/A="): Text ****** has been set on object 'Object Repository/1612427/20_SearchMessage/Page_Mattermost/input_All team communication in one place s_2f2733'

2020-06-05 19:36:41 - [MESSAGE][PASSED] - Text ****** has been set on object 'Object Repository/1612427/20_SearchMessage/Page_Mattermost/input_All team communication in one place s_2f2733'

2020-06-05 19:36:41 - [TEST_STEP][PASSED] - click(findTestObject("Object Repository/1612427/20_SearchMessage/Page_Mattermost/button_Sign in")): Object: 'Object Repository/1612427/20_SearchMessage/Page_Mattermost/button_Sign in' is clicked on

2020-06-05 19:36:41 - [MESSAGE][PASSED] - Object: 'Object Repository/1612427/20_SearchMessage/Page_Mattermost/button_Sign in' is clicked on

2020-06-05 19:36:41 - [TEST_STEP][PASSED] - keys = ["nghiem", "son"]: null

2020-06-05 19:36:41 - [TEST_STEP][FAILED] - for (String key : keys): Unable to set text (Root cause: com.kms.katalon.core.exception.StepFailedException: Unable to set text
	at com.kms.katalon.core.webui.keyword.internal.WebUIKeywordMain.stepFailed(WebUIKeywordMain.groovy:64)
	at com.kms.katalon.core.webui.keyword.internal.WebUIKeywordMain.runKeyword(WebUIKeywordMain.groovy:26)
	at com.kms.katalon.core.webui.keyword.builtin.SetTextKeyword.setText(SetTextKeyword.groovy:66)
	at com.kms.katalon.core.webui.keyword.builtin.SetTextKeyword.execute(SetTextKeyword.groovy:37)
	at com.kms.katalon.core.keyword.internal.KeywordExecutor.executeKeywordForPlatform(KeywordExecutor.groovy:72)
	at com.kms.katalon.core.webui.keyword.WebUiBuiltInKeywords.setText(WebUiBuiltInKeywords.groovy:976)
	at com.kms.katalon.core.webui.keyword.WebUiBuiltInKeywords$setText$1.call(Unknown Source)
	at 20_Search_Message.run(20_Search_Message:36)
	at com.kms.katalon.core.main.ScriptEngine.run(ScriptEngine.java:194)
	at com.kms.katalon.core.main.ScriptEngine.runScriptAsRawText(ScriptEngine.java:119)
	at com.kms.katalon.core.main.TestCaseExecutor.runScript(TestCaseExecutor.java:337)
	at com.kms.katalon.core.main.TestCaseExecutor.doExecute(TestCaseExecutor.java:328)
	at com.kms.katalon.core.main.TestCaseExecutor.processExecutionPhase(TestCaseExecutor.java:307)
	at com.kms.katalon.core.main.TestCaseExecutor.accessMainPhase(TestCaseExecutor.java:299)
	at com.kms.katalon.core.main.TestCaseExecutor.execute(TestCaseExecutor.java:233)
	at com.kms.katalon.core.main.TestSuiteExecutor.accessTestCaseMainPhase(TestSuiteExecutor.java:169)
	at com.kms.katalon.core.main.TestSuiteExecutor.accessTestSuiteMainPhase(TestSuiteExecutor.java:142)
	at com.kms.katalon.core.main.TestSuiteExecutor.execute(TestSuiteExecutor.java:91)
	at com.kms.katalon.core.main.TestCaseMain.startTestSuite(TestCaseMain.java:157)
	at com.kms.katalon.core.main.TestCaseMain$startTestSuite$0.call(Unknown Source)
	at TempTestSuite1591359445937.run(TempTestSuite1591359445937.groovy:37)
Caused by: java.lang.IllegalArgumentException: Object is null
	at com.kms.katalon.core.helper.KeywordHelper.checkTestObjectParameter(KeywordHelper.java:33)
	at com.kms.katalon.core.webui.keyword.builtin.SetTextKeyword$_setText_closure1.doCall(SetTextKeyword.groovy:45)
	at com.kms.katalon.core.webui.keyword.builtin.SetTextKeyword$_setText_closure1.call(SetTextKeyword.groovy)
	at com.kms.katalon.core.webui.keyword.internal.WebUIKeywordMain.runKeyword(WebUIKeywordMain.groovy:20)
	at com.kms.katalon.core.webui.keyword.builtin.SetTextKeyword.setText(SetTextKeyword.groovy:66)
	at com.kms.katalon.core.webui.keyword.builtin.SetTextKeyword.execute(SetTextKeyword.groovy:37)
	at com.kms.katalon.core.keyword.internal.KeywordExecutor.executeKeywordForPlatform(KeywordExecutor.groovy:72)
	at com.kms.katalon.core.webui.keyword.WebUiBuiltInKeywords.setText(WebUiBuiltInKeywords.groovy:976)
	at com.kms.katalon.core.webui.keyword.WebUiBuiltInKeywords$setText$1.call(Unknown Source)
	at Script1591282251403.run(Script1591282251403.groovy:36)
	... 13 more
)

2020-06-05 19:36:41 - [TEST_STEP][FAILED] - switch ("from"): Unable to set text (Root cause: com.kms.katalon.core.exception.StepFailedException: Unable to set text
	at com.kms.katalon.core.webui.keyword.internal.WebUIKeywordMain.stepFailed(WebUIKeywordMain.groovy:64)
	at com.kms.katalon.core.webui.keyword.internal.WebUIKeywordMain.runKeyword(WebUIKeywordMain.groovy:26)
	at com.kms.katalon.core.webui.keyword.builtin.SetTextKeyword.setText(SetTextKeyword.groovy:66)
	at com.kms.katalon.core.webui.keyword.builtin.SetTextKeyword.execute(SetTextKeyword.groovy:37)
	at com.kms.katalon.core.keyword.internal.KeywordExecutor.executeKeywordForPlatform(KeywordExecutor.groovy:72)
	at com.kms.katalon.core.webui.keyword.WebUiBuiltInKeywords.setText(WebUiBuiltInKeywords.groovy:976)
	at com.kms.katalon.core.webui.keyword.WebUiBuiltInKeywords$setText$1.call(Unknown Source)
	at 20_Search_Message.run(20_Search_Message:36)
	at com.kms.katalon.core.main.ScriptEngine.run(ScriptEngine.java:194)
	at com.kms.katalon.core.main.ScriptEngine.runScriptAsRawText(ScriptEngine.java:119)
	at com.kms.katalon.core.main.TestCaseExecutor.runScript(TestCaseExecutor.java:337)
	at com.kms.katalon.core.main.TestCaseExecutor.doExecute(TestCaseExecutor.java:328)
	at com.kms.katalon.core.main.TestCaseExecutor.processExecutionPhase(TestCaseExecutor.java:307)
	at com.kms.katalon.core.main.TestCaseExecutor.accessMainPhase(TestCaseExecutor.java:299)
	at com.kms.katalon.core.main.TestCaseExecutor.execute(TestCaseExecutor.java:233)
	at com.kms.katalon.core.main.TestSuiteExecutor.accessTestCaseMainPhase(TestSuiteExecutor.java:169)
	at com.kms.katalon.core.main.TestSuiteExecutor.accessTestSuiteMainPhase(TestSuiteExecutor.java:142)
	at com.kms.katalon.core.main.TestSuiteExecutor.execute(TestSuiteExecutor.java:91)
	at com.kms.katalon.core.main.TestCaseMain.startTestSuite(TestCaseMain.java:157)
	at com.kms.katalon.core.main.TestCaseMain$startTestSuite$0.call(Unknown Source)
	at TempTestSuite1591359445937.run(TempTestSuite1591359445937.groovy:37)
Caused by: java.lang.IllegalArgumentException: Object is null
	at com.kms.katalon.core.helper.KeywordHelper.checkTestObjectParameter(KeywordHelper.java:33)
	at com.kms.katalon.core.webui.keyword.builtin.SetTextKeyword$_setText_closure1.doCall(SetTextKeyword.groovy:45)
	at com.kms.katalon.core.webui.keyword.builtin.SetTextKeyword$_setText_closure1.call(SetTextKeyword.groovy)
	at com.kms.katalon.core.webui.keyword.internal.WebUIKeywordMain.runKeyword(WebUIKeywordMain.groovy:20)
	at com.kms.katalon.core.webui.keyword.builtin.SetTextKeyword.setText(SetTextKeyword.groovy:66)
	at com.kms.katalon.core.webui.keyword.builtin.SetTextKeyword.execute(SetTextKeyword.groovy:37)
	at com.kms.katalon.core.keyword.internal.KeywordExecutor.executeKeywordForPlatform(KeywordExecutor.groovy:72)
	at com.kms.katalon.core.webui.keyword.WebUiBuiltInKeywords.setText(WebUiBuiltInKeywords.groovy:976)
	at com.kms.katalon.core.webui.keyword.WebUiBuiltInKeywords$setText$1.call(Unknown Source)
	at Script1591282251403.run(Script1591282251403.groovy:36)
	... 13 more
)

2020-06-05 19:36:41 - [TEST_STEP][FAILED] - case "from":: Unable to set text (Root cause: com.kms.katalon.core.exception.StepFailedException: Unable to set text
	at com.kms.katalon.core.webui.keyword.internal.WebUIKeywordMain.stepFailed(WebUIKeywordMain.groovy:64)
	at com.kms.katalon.core.webui.keyword.internal.WebUIKeywordMain.runKeyword(WebUIKeywordMain.groovy:26)
	at com.kms.katalon.core.webui.keyword.builtin.SetTextKeyword.setText(SetTextKeyword.groovy:66)
	at com.kms.katalon.core.webui.keyword.builtin.SetTextKeyword.execute(SetTextKeyword.groovy:37)
	at com.kms.katalon.core.keyword.internal.KeywordExecutor.executeKeywordForPlatform(KeywordExecutor.groovy:72)
	at com.kms.katalon.core.webui.keyword.WebUiBuiltInKeywords.setText(WebUiBuiltInKeywords.groovy:976)
	at com.kms.katalon.core.webui.keyword.WebUiBuiltInKeywords$setText$1.call(Unknown Source)
	at 20_Search_Message.run(20_Search_Message:36)
	at com.kms.katalon.core.main.ScriptEngine.run(ScriptEngine.java:194)
	at com.kms.katalon.core.main.ScriptEngine.runScriptAsRawText(ScriptEngine.java:119)
	at com.kms.katalon.core.main.TestCaseExecutor.runScript(TestCaseExecutor.java:337)
	at com.kms.katalon.core.main.TestCaseExecutor.doExecute(TestCaseExecutor.java:328)
	at com.kms.katalon.core.main.TestCaseExecutor.processExecutionPhase(TestCaseExecutor.java:307)
	at com.kms.katalon.core.main.TestCaseExecutor.accessMainPhase(TestCaseExecutor.java:299)
	at com.kms.katalon.core.main.TestCaseExecutor.execute(TestCaseExecutor.java:233)
	at com.kms.katalon.core.main.TestSuiteExecutor.accessTestCaseMainPhase(TestSuiteExecutor.java:169)
	at com.kms.katalon.core.main.TestSuiteExecutor.accessTestSuiteMainPhase(TestSuiteExecutor.java:142)
	at com.kms.katalon.core.main.TestSuiteExecutor.execute(TestSuiteExecutor.java:91)
	at com.kms.katalon.core.main.TestCaseMain.startTestSuite(TestCaseMain.java:157)
	at com.kms.katalon.core.main.TestCaseMain$startTestSuite$0.call(Unknown Source)
	at TempTestSuite1591359445937.run(TempTestSuite1591359445937.groovy:37)
Caused by: java.lang.IllegalArgumentException: Object is null
	at com.kms.katalon.core.helper.KeywordHelper.checkTestObjectParameter(KeywordHelper.java:33)
	at com.kms.katalon.core.webui.keyword.builtin.SetTextKeyword$_setText_closure1.doCall(SetTextKeyword.groovy:45)
	at com.kms.katalon.core.webui.keyword.builtin.SetTextKeyword$_setText_closure1.call(SetTextKeyword.groovy)
	at com.kms.katalon.core.webui.keyword.internal.WebUIKeywordMain.runKeyword(WebUIKeywordMain.groovy:20)
	at com.kms.katalon.core.webui.keyword.builtin.SetTextKeyword.setText(SetTextKeyword.groovy:66)
	at com.kms.katalon.core.webui.keyword.builtin.SetTextKeyword.execute(SetTextKeyword.groovy:37)
	at com.kms.katalon.core.keyword.internal.KeywordExecutor.executeKeywordForPlatform(KeywordExecutor.groovy:72)
	at com.kms.katalon.core.webui.keyword.WebUiBuiltInKeywords.setText(WebUiBuiltInKeywords.groovy:976)
	at com.kms.katalon.core.webui.keyword.WebUiBuiltInKeywords$setText$1.call(Unknown Source)
	at Script1591282251403.run(Script1591282251403.groovy:36)
	... 13 more
)

2020-06-05 19:36:41 - [TEST_STEP][FAILED] - setText(findTestObject("Object Repository/1612427/20_Search_Message/Page_Town Square - eligendi Mattermost/input_(Edit)_searchBox"), "from: ".concat(key)): Unable to set text (Root cause: com.kms.katalon.core.exception.StepFailedException: Unable to set text
	at com.kms.katalon.core.webui.keyword.internal.WebUIKeywordMain.stepFailed(WebUIKeywordMain.groovy:64)
	at com.kms.katalon.core.webui.keyword.internal.WebUIKeywordMain.runKeyword(WebUIKeywordMain.groovy:26)
	at com.kms.katalon.core.webui.keyword.builtin.SetTextKeyword.setText(SetTextKeyword.groovy:66)
	at com.kms.katalon.core.webui.keyword.builtin.SetTextKeyword.execute(SetTextKeyword.groovy:37)
	at com.kms.katalon.core.keyword.internal.KeywordExecutor.executeKeywordForPlatform(KeywordExecutor.groovy:72)
	at com.kms.katalon.core.webui.keyword.WebUiBuiltInKeywords.setText(WebUiBuiltInKeywords.groovy:976)
	at com.kms.katalon.core.webui.keyword.WebUiBuiltInKeywords$setText$1.call(Unknown Source)
	at 20_Search_Message.run(20_Search_Message:36)
	at com.kms.katalon.core.main.ScriptEngine.run(ScriptEngine.java:194)
	at com.kms.katalon.core.main.ScriptEngine.runScriptAsRawText(ScriptEngine.java:119)
	at com.kms.katalon.core.main.TestCaseExecutor.runScript(TestCaseExecutor.java:337)
	at com.kms.katalon.core.main.TestCaseExecutor.doExecute(TestCaseExecutor.java:328)
	at com.kms.katalon.core.main.TestCaseExecutor.processExecutionPhase(TestCaseExecutor.java:307)
	at com.kms.katalon.core.main.TestCaseExecutor.accessMainPhase(TestCaseExecutor.java:299)
	at com.kms.katalon.core.main.TestCaseExecutor.execute(TestCaseExecutor.java:233)
	at com.kms.katalon.core.main.TestSuiteExecutor.accessTestCaseMainPhase(TestSuiteExecutor.java:169)
	at com.kms.katalon.core.main.TestSuiteExecutor.accessTestSuiteMainPhase(TestSuiteExecutor.java:142)
	at com.kms.katalon.core.main.TestSuiteExecutor.execute(TestSuiteExecutor.java:91)
	at com.kms.katalon.core.main.TestCaseMain.startTestSuite(TestCaseMain.java:157)
	at com.kms.katalon.core.main.TestCaseMain$startTestSuite$0.call(Unknown Source)
	at TempTestSuite1591359445937.run(TempTestSuite1591359445937.groovy:37)
Caused by: java.lang.IllegalArgumentException: Object is null
	at com.kms.katalon.core.helper.KeywordHelper.checkTestObjectParameter(KeywordHelper.java:33)
	at com.kms.katalon.core.webui.keyword.builtin.SetTextKeyword$_setText_closure1.doCall(SetTextKeyword.groovy:45)
	at com.kms.katalon.core.webui.keyword.builtin.SetTextKeyword$_setText_closure1.call(SetTextKeyword.groovy)
	at com.kms.katalon.core.webui.keyword.internal.WebUIKeywordMain.runKeyword(WebUIKeywordMain.groovy:20)
	at com.kms.katalon.core.webui.keyword.builtin.SetTextKeyword.setText(SetTextKeyword.groovy:66)
	at com.kms.katalon.core.webui.keyword.builtin.SetTextKeyword.execute(SetTextKeyword.groovy:37)
	at com.kms.katalon.core.keyword.internal.KeywordExecutor.executeKeywordForPlatform(KeywordExecutor.groovy:72)
	at com.kms.katalon.core.webui.keyword.WebUiBuiltInKeywords.setText(WebUiBuiltInKeywords.groovy:976)
	at com.kms.katalon.core.webui.keyword.WebUiBuiltInKeywords$setText$1.call(Unknown Source)
	at Script1591282251403.run(Script1591282251403.groovy:36)
	... 13 more
)

2020-06-05 19:36:41 - [MESSAGE][WARNING] - Test object with id 'Object Repository/1612427/20_Search_Message/Page_Town Square - eligendi Mattermost/input_(Edit)_searchBox' does not exist

2020-06-05 19:36:41 - [MESSAGE][WARNING] - Test object with id 'Object Repository/' does not exist

2020-06-05 19:36:42 - [MESSAGE][FAILED] - Unable to set text (Root cause: com.kms.katalon.core.exception.StepFailedException: Unable to set text
	at com.kms.katalon.core.webui.keyword.internal.WebUIKeywordMain.stepFailed(WebUIKeywordMain.groovy:64)
	at com.kms.katalon.core.webui.keyword.internal.WebUIKeywordMain.runKeyword(WebUIKeywordMain.groovy:26)
	at com.kms.katalon.core.webui.keyword.builtin.SetTextKeyword.setText(SetTextKeyword.groovy:66)
	at com.kms.katalon.core.webui.keyword.builtin.SetTextKeyword.execute(SetTextKeyword.groovy:37)
	at com.kms.katalon.core.keyword.internal.KeywordExecutor.executeKeywordForPlatform(KeywordExecutor.groovy:72)
	at com.kms.katalon.core.webui.keyword.WebUiBuiltInKeywords.setText(WebUiBuiltInKeywords.groovy:976)
	at com.kms.katalon.core.webui.keyword.WebUiBuiltInKeywords$setText$1.call(Unknown Source)
	at 20_Search_Message.run(20_Search_Message:36)
	at com.kms.katalon.core.main.ScriptEngine.run(ScriptEngine.java:194)
	at com.kms.katalon.core.main.ScriptEngine.runScriptAsRawText(ScriptEngine.java:119)
	at com.kms.katalon.core.main.TestCaseExecutor.runScript(TestCaseExecutor.java:337)
	at com.kms.katalon.core.main.TestCaseExecutor.doExecute(TestCaseExecutor.java:328)
	at com.kms.katalon.core.main.TestCaseExecutor.processExecutionPhase(TestCaseExecutor.java:307)
	at com.kms.katalon.core.main.TestCaseExecutor.accessMainPhase(TestCaseExecutor.java:299)
	at com.kms.katalon.core.main.TestCaseExecutor.execute(TestCaseExecutor.java:233)
	at com.kms.katalon.core.main.TestSuiteExecutor.accessTestCaseMainPhase(TestSuiteExecutor.java:169)
	at com.kms.katalon.core.main.TestSuiteExecutor.accessTestSuiteMainPhase(TestSuiteExecutor.java:142)
	at com.kms.katalon.core.main.TestSuiteExecutor.execute(TestSuiteExecutor.java:91)
	at com.kms.katalon.core.main.TestCaseMain.startTestSuite(TestCaseMain.java:157)
	at com.kms.katalon.core.main.TestCaseMain$startTestSuite$0.call(Unknown Source)
	at TempTestSuite1591359445937.run(TempTestSuite1591359445937.groovy:37)
Caused by: java.lang.IllegalArgumentException: Object is null
	at com.kms.katalon.core.helper.KeywordHelper.checkTestObjectParameter(KeywordHelper.java:33)
	at com.kms.katalon.core.webui.keyword.builtin.SetTextKeyword$_setText_closure1.doCall(SetTextKeyword.groovy:45)
	at com.kms.katalon.core.webui.keyword.builtin.SetTextKeyword$_setText_closure1.call(SetTextKeyword.groovy)
	at com.kms.katalon.core.webui.keyword.internal.WebUIKeywordMain.runKeyword(WebUIKeywordMain.groovy:20)
	at com.kms.katalon.core.webui.keyword.builtin.SetTextKeyword.setText(SetTextKeyword.groovy:66)
	at com.kms.katalon.core.webui.keyword.builtin.SetTextKeyword.execute(SetTextKeyword.groovy:37)
	at com.kms.katalon.core.keyword.internal.KeywordExecutor.executeKeywordForPlatform(KeywordExecutor.groovy:72)
	at com.kms.katalon.core.webui.keyword.WebUiBuiltInKeywords.setText(WebUiBuiltInKeywords.groovy:976)
	at com.kms.katalon.core.webui.keyword.WebUiBuiltInKeywords$setText$1.call(Unknown Source)
	at Script1591282251403.run(Script1591282251403.groovy:36)
	... 13 more
)
[[ATTACHMENT|C:\\Users\\Thanh\\Desktop\\github.com\\New folder (2)\\homeword02-mattermost-katalon\\Reports\\20200605_191725\\Run all test cases\\20200605_191725\\1591360601702.png]]]]></system-out>
         <system-err><![CDATA[2020-06-05 19:36:32 - [TEST_CASE][FAILED] - Test Cases/1612427/20_Search_Message: Test Cases/1612427/20_Search_Message FAILED.
Reason:
com.kms.katalon.core.exception.StepFailedException: Unable to set text
	at com.kms.katalon.core.webui.keyword.internal.WebUIKeywordMain.stepFailed(WebUIKeywordMain.groovy:64)
	at com.kms.katalon.core.webui.keyword.internal.WebUIKeywordMain.runKeyword(WebUIKeywordMain.groovy:26)
	at com.kms.katalon.core.webui.keyword.builtin.SetTextKeyword.setText(SetTextKeyword.groovy:66)
	at com.kms.katalon.core.webui.keyword.builtin.SetTextKeyword.execute(SetTextKeyword.groovy:37)
	at com.kms.katalon.core.keyword.internal.KeywordExecutor.executeKeywordForPlatform(KeywordExecutor.groovy:72)
	at com.kms.katalon.core.webui.keyword.WebUiBuiltInKeywords.setText(WebUiBuiltInKeywords.groovy:976)
	at com.kms.katalon.core.webui.keyword.WebUiBuiltInKeywords$setText$1.call(Unknown Source)
	at 20_Search_Message.run(20_Search_Message:36)
	at com.kms.katalon.core.main.ScriptEngine.run(ScriptEngine.java:194)
	at com.kms.katalon.core.main.ScriptEngine.runScriptAsRawText(ScriptEngine.java:119)
	at com.kms.katalon.core.main.TestCaseExecutor.runScript(TestCaseExecutor.java:337)
	at com.kms.katalon.core.main.TestCaseExecutor.doExecute(TestCaseExecutor.java:328)
	at com.kms.katalon.core.main.TestCaseExecutor.processExecutionPhase(TestCaseExecutor.java:307)
	at com.kms.katalon.core.main.TestCaseExecutor.accessMainPhase(TestCaseExecutor.java:299)
	at com.kms.katalon.core.main.TestCaseExecutor.execute(TestCaseExecutor.java:233)
	at com.kms.katalon.core.main.TestSuiteExecutor.accessTestCaseMainPhase(TestSuiteExecutor.java:169)
	at com.kms.katalon.core.main.TestSuiteExecutor.accessTestSuiteMainPhase(TestSuiteExecutor.java:142)
	at com.kms.katalon.core.main.TestSuiteExecutor.execute(TestSuiteExecutor.java:91)
	at com.kms.katalon.core.main.TestCaseMain.startTestSuite(TestCaseMain.java:157)
	at com.kms.katalon.core.main.TestCaseMain$startTestSuite$0.call(Unknown Source)
	at TempTestSuite1591359445937.run(TempTestSuite1591359445937.groovy:37)
Caused by: java.lang.IllegalArgumentException: Object is null
	at com.kms.katalon.core.helper.KeywordHelper.checkTestObjectParameter(KeywordHelper.java:33)
	at com.kms.katalon.core.webui.keyword.builtin.SetTextKeyword$_setText_closure1.doCall(SetTextKeyword.groovy:45)
	at com.kms.katalon.core.webui.keyword.builtin.SetTextKeyword$_setText_closure1.call(SetTextKeyword.groovy)
	at com.kms.katalon.core.webui.keyword.internal.WebUIKeywordMain.runKeyword(WebUIKeywordMain.groovy:20)
	... 19 more]]></system-err>
      </testcase>
      <testcase name="Test Cases/1612567/21_CommentChannel" time="26.213" classname="Test Cases/1612567/21_CommentChannel" status="PASSED">
         <system-out><![CDATA[2020-06-05 19:36:42 - [TEST_CASE][PASSED] - Test Cases/1612567/21_CommentChannel: Test Cases/1612567/21_CommentChannel

2020-06-05 19:36:42 - [TEST_STEP][PASSED] - openBrowser(""): Browser is opened with url: ''

2020-06-05 19:36:42 - [MESSAGE][WARNING] - A browser is already opened. Closing browser and opening a new one

2020-06-05 19:36:43 - [MESSAGE][INFO] - Starting 'Chrome' driver

2020-06-05 19:36:43 - [MESSAGE][INFO] - Action delay is set to 0 milliseconds

2020-06-05 19:36:46 - [MESSAGE][PASSED] - Browser is opened with url: ''

2020-06-05 19:36:46 - [TEST_STEP][PASSED] - navigateToUrl("http://localhost:8065/login"): Navigate to 'http://localhost:8065/login' successfully

2020-06-05 19:36:48 - [MESSAGE][PASSED] - Navigate to 'http://localhost:8065/login' successfully

2020-06-05 19:36:48 - [TEST_STEP][PASSED] - setText(findTestObject("Object Repository/1612567/21_CommentChannel/Page_Mattermost/input_All team communication in one place s_703ef5"), "hcmus-cdnc"): Text 'hcmus-cdnc' is set on object 'Object Repository/1612567/21_CommentChannel/Page_Mattermost/input_All team communication in one place s_703ef5'

2020-06-05 19:36:50 - [MESSAGE][PASSED] - Text 'hcmus-cdnc' is set on object 'Object Repository/1612567/21_CommentChannel/Page_Mattermost/input_All team communication in one place s_703ef5'

2020-06-05 19:36:50 - [TEST_STEP][PASSED] - setEncryptedText(findTestObject("Object Repository/1612567/21_CommentChannel/Page_Mattermost/input_All team communication in one place s_2f2733"), "aeHFOx8jV/A="): Text ****** has been set on object 'Object Repository/1612567/21_CommentChannel/Page_Mattermost/input_All team communication in one place s_2f2733'

2020-06-05 19:36:50 - [MESSAGE][PASSED] - Text ****** has been set on object 'Object Repository/1612567/21_CommentChannel/Page_Mattermost/input_All team communication in one place s_2f2733'

2020-06-05 19:36:50 - [TEST_STEP][PASSED] - sendKeys(findTestObject("Object Repository/1612567/21_CommentChannel/Page_Mattermost/input_All team communication in one place s_2f2733"), Keys.chord(ENTER)): Keys 'ENTER + ' sent to object: 'Object Repository/1612567/21_CommentChannel/Page_Mattermost/input_All team communication in one place s_2f2733'

2020-06-05 19:36:51 - [MESSAGE][PASSED] - Keys 'ENTER + ' sent to object: 'Object Repository/1612567/21_CommentChannel/Page_Mattermost/input_All team communication in one place s_2f2733'

2020-06-05 19:36:51 - [TEST_STEP][PASSED] - messages = ["Hi, I'm newbie", "Thanks", "Good morning!", "Shhh!"]: null

2020-06-05 19:36:51 - [TEST_STEP][PASSED] - for (String message : messages): Keys 'ENTER + ' sent to object: 'Object Repository/1612567/21_CommentChannel/Page_Town Square - eligendi Mattermost/textarea_Hi Im Nghie'

2020-06-05 19:36:51 - [TEST_STEP][PASSED] - setText(findTestObject("Object Repository/1612567/21_CommentChannel/Page_Town Square - eligendi Mattermost/textarea_Hi Im Nghie"), message): Text 'Hi, I'm newbie' is set on object 'Object Repository/1612567/21_CommentChannel/Page_Town Square - eligendi Mattermost/textarea_Hi Im Nghie'

2020-06-05 19:36:57 - [MESSAGE][PASSED] - Text 'Hi, I'm newbie' is set on object 'Object Repository/1612567/21_CommentChannel/Page_Town Square - eligendi Mattermost/textarea_Hi Im Nghie'

2020-06-05 19:36:57 - [TEST_STEP][PASSED] - sendKeys(findTestObject("Object Repository/1612567/21_CommentChannel/Page_Town Square - eligendi Mattermost/textarea_Hi Im Nghie"), Keys.chord(ENTER)): Keys 'ENTER + ' sent to object: 'Object Repository/1612567/21_CommentChannel/Page_Town Square - eligendi Mattermost/textarea_Hi Im Nghie'

2020-06-05 19:36:58 - [MESSAGE][PASSED] - Keys 'ENTER + ' sent to object: 'Object Repository/1612567/21_CommentChannel/Page_Town Square - eligendi Mattermost/textarea_Hi Im Nghie'

2020-06-05 19:36:58 - [TEST_STEP][PASSED] - setText(findTestObject("Object Repository/1612567/21_CommentChannel/Page_Town Square - eligendi Mattermost/textarea_Hi Im Nghie"), message): Text 'Thanks' is set on object 'Object Repository/1612567/21_CommentChannel/Page_Town Square - eligendi Mattermost/textarea_Hi Im Nghie'

2020-06-05 19:37:00 - [MESSAGE][PASSED] - Text 'Thanks' is set on object 'Object Repository/1612567/21_CommentChannel/Page_Town Square - eligendi Mattermost/textarea_Hi Im Nghie'

2020-06-05 19:37:00 - [TEST_STEP][PASSED] - sendKeys(findTestObject("Object Repository/1612567/21_CommentChannel/Page_Town Square - eligendi Mattermost/textarea_Hi Im Nghie"), Keys.chord(ENTER)): Keys 'ENTER + ' sent to object: 'Object Repository/1612567/21_CommentChannel/Page_Town Square - eligendi Mattermost/textarea_Hi Im Nghie'

2020-06-05 19:37:01 - [MESSAGE][PASSED] - Keys 'ENTER + ' sent to object: 'Object Repository/1612567/21_CommentChannel/Page_Town Square - eligendi Mattermost/textarea_Hi Im Nghie'

2020-06-05 19:37:01 - [TEST_STEP][PASSED] - setText(findTestObject("Object Repository/1612567/21_CommentChannel/Page_Town Square - eligendi Mattermost/textarea_Hi Im Nghie"), message): Text 'Good morning!' is set on object 'Object Repository/1612567/21_CommentChannel/Page_Town Square - eligendi Mattermost/textarea_Hi Im Nghie'

2020-06-05 19:37:04 - [MESSAGE][PASSED] - Text 'Good morning!' is set on object 'Object Repository/1612567/21_CommentChannel/Page_Town Square - eligendi Mattermost/textarea_Hi Im Nghie'

2020-06-05 19:37:04 - [TEST_STEP][PASSED] - sendKeys(findTestObject("Object Repository/1612567/21_CommentChannel/Page_Town Square - eligendi Mattermost/textarea_Hi Im Nghie"), Keys.chord(ENTER)): Keys 'ENTER + ' sent to object: 'Object Repository/1612567/21_CommentChannel/Page_Town Square - eligendi Mattermost/textarea_Hi Im Nghie'

2020-06-05 19:37:05 - [MESSAGE][PASSED] - Keys 'ENTER + ' sent to object: 'Object Repository/1612567/21_CommentChannel/Page_Town Square - eligendi Mattermost/textarea_Hi Im Nghie'

2020-06-05 19:37:05 - [TEST_STEP][PASSED] - setText(findTestObject("Object Repository/1612567/21_CommentChannel/Page_Town Square - eligendi Mattermost/textarea_Hi Im Nghie"), message): Text 'Shhh!' is set on object 'Object Repository/1612567/21_CommentChannel/Page_Town Square - eligendi Mattermost/textarea_Hi Im Nghie'

2020-06-05 19:37:06 - [MESSAGE][PASSED] - Text 'Shhh!' is set on object 'Object Repository/1612567/21_CommentChannel/Page_Town Square - eligendi Mattermost/textarea_Hi Im Nghie'

2020-06-05 19:37:06 - [TEST_STEP][PASSED] - sendKeys(findTestObject("Object Repository/1612567/21_CommentChannel/Page_Town Square - eligendi Mattermost/textarea_Hi Im Nghie"), Keys.chord(ENTER)): Keys 'ENTER + ' sent to object: 'Object Repository/1612567/21_CommentChannel/Page_Town Square - eligendi Mattermost/textarea_Hi Im Nghie'

2020-06-05 19:37:07 - [MESSAGE][PASSED] - Keys 'ENTER + ' sent to object: 'Object Repository/1612567/21_CommentChannel/Page_Town Square - eligendi Mattermost/textarea_Hi Im Nghie'

2020-06-05 19:37:07 - [TEST_STEP][PASSED] - closeBrowser(): Browser is closed

2020-06-05 19:37:08 - [MESSAGE][PASSED] - Browser is closed]]></system-out>
         <system-err><![CDATA[]]></system-err>
      </testcase>
      <testcase name="Test Cases/1612567/22_DirectMessage" time="20.236" classname="Test Cases/1612567/22_DirectMessage" status="PASSED">
         <system-out><![CDATA[2020-06-05 19:37:08 - [TEST_CASE][PASSED] - Test Cases/1612567/22_DirectMessage: Test Cases/1612567/22_DirectMessage

2020-06-05 19:37:08 - [TEST_STEP][PASSED] - openBrowser(""): Browser is opened with url: ''

2020-06-05 19:37:08 - [MESSAGE][INFO] - Starting 'Chrome' driver

2020-06-05 19:37:08 - [MESSAGE][INFO] - Action delay is set to 0 milliseconds

2020-06-05 19:37:11 - [MESSAGE][PASSED] - Browser is opened with url: ''

2020-06-05 19:37:11 - [TEST_STEP][PASSED] - navigateToUrl("http://localhost:8065/login"): Navigate to 'http://localhost:8065/login' successfully

2020-06-05 19:37:13 - [MESSAGE][PASSED] - Navigate to 'http://localhost:8065/login' successfully

2020-06-05 19:37:13 - [TEST_STEP][PASSED] - setText(findTestObject("Object Repository/1612567/22_DirectMessage/Page_Mattermost/input_All team communication in one place s_703ef5"), "hcmus-cdnc"): Text 'hcmus-cdnc' is set on object 'Object Repository/1612567/22_DirectMessage/Page_Mattermost/input_All team communication in one place s_703ef5'

2020-06-05 19:37:15 - [MESSAGE][PASSED] - Text 'hcmus-cdnc' is set on object 'Object Repository/1612567/22_DirectMessage/Page_Mattermost/input_All team communication in one place s_703ef5'

2020-06-05 19:37:15 - [TEST_STEP][PASSED] - setEncryptedText(findTestObject("Object Repository/1612567/22_DirectMessage/Page_Mattermost/input_All team communication in one place s_2f2733"), "aeHFOx8jV/A="): Text ****** has been set on object 'Object Repository/1612567/22_DirectMessage/Page_Mattermost/input_All team communication in one place s_2f2733'

2020-06-05 19:37:16 - [MESSAGE][PASSED] - Text ****** has been set on object 'Object Repository/1612567/22_DirectMessage/Page_Mattermost/input_All team communication in one place s_2f2733'

2020-06-05 19:37:16 - [TEST_STEP][PASSED] - sendKeys(findTestObject("Object Repository/1612567/22_DirectMessage/Page_Mattermost/input_All team communication in one place s_2f2733"), Keys.chord(ENTER)): Keys 'ENTER + ' sent to object: 'Object Repository/1612567/22_DirectMessage/Page_Mattermost/input_All team communication in one place s_2f2733'

2020-06-05 19:37:16 - [MESSAGE][PASSED] - Keys 'ENTER + ' sent to object: 'Object Repository/1612567/22_DirectMessage/Page_Mattermost/input_All team communication in one place s_2f2733'

2020-06-05 19:37:16 - [TEST_STEP][PASSED] - click(findTestObject("Object Repository/1612567/22_DirectMessage/Page_Town Square - eligendi Mattermost/span_")): Object: 'Object Repository/1612567/22_DirectMessage/Page_Town Square - eligendi Mattermost/span_' is clicked on

2020-06-05 19:37:20 - [MESSAGE][PASSED] - Object: 'Object Repository/1612567/22_DirectMessage/Page_Town Square - eligendi Mattermost/span_' is clicked on

2020-06-05 19:37:20 - [TEST_STEP][PASSED] - keys = ["me", "s"]: null

2020-06-05 19:37:20 - [TEST_STEP][PASSED] - for (String key : keys): null

2020-06-05 19:37:20 - [TEST_STEP][PASSED] - setText(findTestObject("Object Repository/1612567/22_DirectMessage/Page_Town Square - eligendi Mattermost/input_Search and add members_react-select-2-input"), key): Text 'me' is set on object 'Object Repository/1612567/22_DirectMessage/Page_Town Square - eligendi Mattermost/input_Search and add members_react-select-2-input'

2020-06-05 19:37:22 - [MESSAGE][PASSED] - Text 'me' is set on object 'Object Repository/1612567/22_DirectMessage/Page_Town Square - eligendi Mattermost/input_Search and add members_react-select-2-input'

2020-06-05 19:37:22 - [TEST_STEP][PASSED] - if (key == "me"): Object: 'Object Repository/1612567/22_DirectMessage/Page_Town Square - eligendi Mattermost/span_aaronmedina - Aaron Medina (Centidel)' is clicked on

2020-06-05 19:37:22 - [TEST_STEP][PASSED] - click(findTestObject("Object Repository/1612567/22_DirectMessage/Page_Town Square - eligendi Mattermost/span_aaronmedina - Aaron Medina (Centidel)")): Object: 'Object Repository/1612567/22_DirectMessage/Page_Town Square - eligendi Mattermost/span_aaronmedina - Aaron Medina (Centidel)' is clicked on

2020-06-05 19:37:24 - [MESSAGE][PASSED] - Object: 'Object Repository/1612567/22_DirectMessage/Page_Town Square - eligendi Mattermost/span_aaronmedina - Aaron Medina (Centidel)' is clicked on

2020-06-05 19:37:24 - [TEST_STEP][PASSED] - setText(findTestObject("Object Repository/1612567/22_DirectMessage/Page_Town Square - eligendi Mattermost/input_Search and add members_react-select-2-input"), key): Text 's' is set on object 'Object Repository/1612567/22_DirectMessage/Page_Town Square - eligendi Mattermost/input_Search and add members_react-select-2-input'

2020-06-05 19:37:25 - [MESSAGE][PASSED] - Text 's' is set on object 'Object Repository/1612567/22_DirectMessage/Page_Town Square - eligendi Mattermost/input_Search and add members_react-select-2-input'

2020-06-05 19:37:25 - [TEST_STEP][PASSED] - if (key == "me"): null

2020-06-05 19:37:25 - [TEST_STEP][PASSED] - click(findTestObject("Object Repository/1612567/22_DirectMessage/Page_Town Square - eligendi Mattermost/div_aaronpeterson - Aaron Petersonuser-7sam_dd566b")): Object: 'Object Repository/1612567/22_DirectMessage/Page_Town Square - eligendi Mattermost/div_aaronpeterson - Aaron Petersonuser-7sam_dd566b' is clicked on

2020-06-05 19:37:26 - [MESSAGE][PASSED] - Object: 'Object Repository/1612567/22_DirectMessage/Page_Town Square - eligendi Mattermost/div_aaronpeterson - Aaron Petersonuser-7sam_dd566b' is clicked on

2020-06-05 19:37:26 - [TEST_STEP][PASSED] - click(findTestObject("Object Repository/1612567/22_DirectMessage/Page_Town Square - eligendi Mattermost/div_user-36samplemattermostcom_more-modal___2272d4")): Object: 'Object Repository/1612567/22_DirectMessage/Page_Town Square - eligendi Mattermost/div_user-36samplemattermostcom_more-modal___2272d4' is clicked on

2020-06-05 19:37:27 - [MESSAGE][PASSED] - Object: 'Object Repository/1612567/22_DirectMessage/Page_Town Square - eligendi Mattermost/div_user-36samplemattermostcom_more-modal___2272d4' is clicked on

2020-06-05 19:37:27 - [TEST_STEP][PASSED] - click(findTestObject("Object Repository/1612567/22_DirectMessage/Page_Town Square - eligendi Mattermost/button_Go")): Object: 'Object Repository/1612567/22_DirectMessage/Page_Town Square - eligendi Mattermost/button_Go' is clicked on

2020-06-05 19:37:27 - [MESSAGE][PASSED] - Object: 'Object Repository/1612567/22_DirectMessage/Page_Town Square - eligendi Mattermost/button_Go' is clicked on

2020-06-05 19:37:27 - [TEST_STEP][PASSED] - closeBrowser(): Browser is closed

2020-06-05 19:37:28 - [MESSAGE][PASSED] - Browser is closed]]></system-out>
         <system-err><![CDATA[]]></system-err>
      </testcase>
      <testcase name="Test Cases/1612567/23_Set_Domain_Email_SignUp" time="20.092" classname="Test Cases/1612567/23_Set_Domain_Email_SignUp" status="PASSED">
         <system-out><![CDATA[2020-06-05 19:37:28 - [TEST_CASE][PASSED] - Test Cases/1612567/23_Set_Domain_Email_SignUp: Test Cases/1612567/23_Set_Domain_Email_SignUp

2020-06-05 19:37:28 - [TEST_STEP][PASSED] - openBrowser(""): Browser is opened with url: ''

2020-06-05 19:37:28 - [MESSAGE][INFO] - Starting 'Chrome' driver

2020-06-05 19:37:28 - [MESSAGE][INFO] - Action delay is set to 0 milliseconds

2020-06-05 19:37:32 - [MESSAGE][PASSED] - Browser is opened with url: ''

2020-06-05 19:37:32 - [TEST_STEP][PASSED] - navigateToUrl("http://localhost:8065/admin_console"): Navigate to 'http://localhost:8065/admin_console' successfully

2020-06-05 19:37:33 - [MESSAGE][PASSED] - Navigate to 'http://localhost:8065/admin_console' successfully

2020-06-05 19:37:33 - [TEST_STEP][PASSED] - setText(findTestObject("Object Repository/1612567/23_Set_Domain_Email_SignUp/Page_Mattermost/input_All team communication in one place s_703ef5"), "hcmus-cdnc"): Text 'hcmus-cdnc' is set on object 'Object Repository/1612567/23_Set_Domain_Email_SignUp/Page_Mattermost/input_All team communication in one place s_703ef5'

2020-06-05 19:37:36 - [MESSAGE][PASSED] - Text 'hcmus-cdnc' is set on object 'Object Repository/1612567/23_Set_Domain_Email_SignUp/Page_Mattermost/input_All team communication in one place s_703ef5'

2020-06-05 19:37:36 - [TEST_STEP][PASSED] - setEncryptedText(findTestObject("Object Repository/1612567/23_Set_Domain_Email_SignUp/Page_Mattermost/input_All team communication in one place s_2f2733"), "aeHFOx8jV/A="): Text ****** has been set on object 'Object Repository/1612567/23_Set_Domain_Email_SignUp/Page_Mattermost/input_All team communication in one place s_2f2733'

2020-06-05 19:37:37 - [MESSAGE][PASSED] - Text ****** has been set on object 'Object Repository/1612567/23_Set_Domain_Email_SignUp/Page_Mattermost/input_All team communication in one place s_2f2733'

2020-06-05 19:37:37 - [TEST_STEP][PASSED] - click(findTestObject("Object Repository/1612567/23_Set_Domain_Email_SignUp/Page_Mattermost/span_Sign in")): Object: 'Object Repository/1612567/23_Set_Domain_Email_SignUp/Page_Mattermost/span_Sign in' is clicked on

2020-06-05 19:37:37 - [MESSAGE][PASSED] - Object: 'Object Repository/1612567/23_Set_Domain_Email_SignUp/Page_Mattermost/span_Sign in' is clicked on

2020-06-05 19:37:37 - [TEST_STEP][PASSED] - setText(findTestObject("Object Repository/1612567/23_Set_Domain_Email_SignUp/Page_System Console - Mattermost/input_hcmus-cdnc_adminSidebarFilter"), "sign"): Text 'sign' is set on object 'Object Repository/1612567/23_Set_Domain_Email_SignUp/Page_System Console - Mattermost/input_hcmus-cdnc_adminSidebarFilter'

2020-06-05 19:37:40 - [MESSAGE][PASSED] - Text 'sign' is set on object 'Object Repository/1612567/23_Set_Domain_Email_SignUp/Page_System Console - Mattermost/input_hcmus-cdnc_adminSidebarFilter'

2020-06-05 19:37:40 - [TEST_STEP][PASSED] - click(findTestObject("Object Repository/1612567/23_Set_Domain_Email_SignUp/Page_System Console - Mattermost/mark_Signup")): Object: 'Object Repository/1612567/23_Set_Domain_Email_SignUp/Page_System Console - Mattermost/mark_Signup' is clicked on

2020-06-05 19:37:41 - [MESSAGE][PASSED] - Object: 'Object Repository/1612567/23_Set_Domain_Email_SignUp/Page_System Console - Mattermost/mark_Signup' is clicked on

2020-06-05 19:37:41 - [TEST_STEP][PASSED] - domains = ["gmail.com ", "outlook.com ", "microsoft.com ", "yahoo.com"]: null

2020-06-05 19:37:41 - [TEST_STEP][PASSED] - tmp = "": null

2020-06-05 19:37:41 - [TEST_STEP][PASSED] - for (String domain : domains): Text 'gmail.com outlook.com microsoft.com yahoo.com' is set on object 'Object Repository/1612567/23_Set_Domain_Email_SignUp/Page_System Console - Mattermost/input_Restrict account creation to specifie_31c344'

2020-06-05 19:37:41 - [TEST_STEP][PASSED] - tmp += domain: null

2020-06-05 19:37:41 - [TEST_STEP][PASSED] - setText(findTestObject("Object Repository/1612567/23_Set_Domain_Email_SignUp/Page_System Console - Mattermost/input_Restrict account creation to specifie_31c344"), tmp): Text 'gmail.com ' is set on object 'Object Repository/1612567/23_Set_Domain_Email_SignUp/Page_System Console - Mattermost/input_Restrict account creation to specifie_31c344'

2020-06-05 19:37:42 - [MESSAGE][PASSED] - Text 'gmail.com ' is set on object 'Object Repository/1612567/23_Set_Domain_Email_SignUp/Page_System Console - Mattermost/input_Restrict account creation to specifie_31c344'

2020-06-05 19:37:42 - [TEST_STEP][PASSED] - tmp += domain: null

2020-06-05 19:37:42 - [TEST_STEP][PASSED] - setText(findTestObject("Object Repository/1612567/23_Set_Domain_Email_SignUp/Page_System Console - Mattermost/input_Restrict account creation to specifie_31c344"), tmp): Text 'gmail.com outlook.com ' is set on object 'Object Repository/1612567/23_Set_Domain_Email_SignUp/Page_System Console - Mattermost/input_Restrict account creation to specifie_31c344'

2020-06-05 19:37:43 - [MESSAGE][PASSED] - Text 'gmail.com outlook.com ' is set on object 'Object Repository/1612567/23_Set_Domain_Email_SignUp/Page_System Console - Mattermost/input_Restrict account creation to specifie_31c344'

2020-06-05 19:37:43 - [TEST_STEP][PASSED] - tmp += domain: null

2020-06-05 19:37:43 - [TEST_STEP][PASSED] - setText(findTestObject("Object Repository/1612567/23_Set_Domain_Email_SignUp/Page_System Console - Mattermost/input_Restrict account creation to specifie_31c344"), tmp): Text 'gmail.com outlook.com microsoft.com ' is set on object 'Object Repository/1612567/23_Set_Domain_Email_SignUp/Page_System Console - Mattermost/input_Restrict account creation to specifie_31c344'

2020-06-05 19:37:45 - [MESSAGE][PASSED] - Text 'gmail.com outlook.com microsoft.com ' is set on object 'Object Repository/1612567/23_Set_Domain_Email_SignUp/Page_System Console - Mattermost/input_Restrict account creation to specifie_31c344'

2020-06-05 19:37:45 - [TEST_STEP][PASSED] - tmp += domain: null

2020-06-05 19:37:45 - [TEST_STEP][PASSED] - setText(findTestObject("Object Repository/1612567/23_Set_Domain_Email_SignUp/Page_System Console - Mattermost/input_Restrict account creation to specifie_31c344"), tmp): Text 'gmail.com outlook.com microsoft.com yahoo.com' is set on object 'Object Repository/1612567/23_Set_Domain_Email_SignUp/Page_System Console - Mattermost/input_Restrict account creation to specifie_31c344'

2020-06-05 19:37:47 - [MESSAGE][PASSED] - Text 'gmail.com outlook.com microsoft.com yahoo.com' is set on object 'Object Repository/1612567/23_Set_Domain_Email_SignUp/Page_System Console - Mattermost/input_Restrict account creation to specifie_31c344'

2020-06-05 19:37:47 - [TEST_STEP][PASSED] - click(findTestObject("Object Repository/1612567/23_Set_Domain_Email_SignUp/Page_System Console - Mattermost/span_Save")): Object: 'Object Repository/1612567/23_Set_Domain_Email_SignUp/Page_System Console - Mattermost/span_Save' is clicked on

2020-06-05 19:37:47 - [MESSAGE][PASSED] - Object: 'Object Repository/1612567/23_Set_Domain_Email_SignUp/Page_System Console - Mattermost/span_Save' is clicked on

2020-06-05 19:37:47 - [TEST_STEP][PASSED] - closeBrowser(): Browser is closed

2020-06-05 19:37:48 - [MESSAGE][PASSED] - Browser is closed]]></system-out>
         <system-err><![CDATA[]]></system-err>
      </testcase>
      <testcase name="Test Cases/1612567/24_Setting_Searching" time="19.55" classname="Test Cases/1612567/24_Setting_Searching" status="PASSED">
         <system-out><![CDATA[2020-06-05 19:37:48 - [TEST_CASE][PASSED] - Test Cases/1612567/24_Setting_Searching: Test Cases/1612567/24_Setting_Searching

2020-06-05 19:37:48 - [TEST_STEP][PASSED] - openBrowser(""): Browser is opened with url: ''

2020-06-05 19:37:48 - [MESSAGE][INFO] - Starting 'Chrome' driver

2020-06-05 19:37:48 - [MESSAGE][INFO] - Action delay is set to 0 milliseconds

2020-06-05 19:37:52 - [MESSAGE][PASSED] - Browser is opened with url: ''

2020-06-05 19:37:52 - [TEST_STEP][PASSED] - navigateToUrl("http://localhost:8065/admin_console"): Navigate to 'http://localhost:8065/admin_console' successfully

2020-06-05 19:37:53 - [MESSAGE][PASSED] - Navigate to 'http://localhost:8065/admin_console' successfully

2020-06-05 19:37:53 - [TEST_STEP][PASSED] - setText(findTestObject("1612567/24_Setting_Searching/Page_Mattermost/input_All team communication in one place s_703ef5"), "hcmus-cdnc"): Text 'hcmus-cdnc' is set on object 'Object Repository/1612567/24_Setting_Searching/Page_Mattermost/input_All team communication in one place s_703ef5'

2020-06-05 19:37:56 - [MESSAGE][PASSED] - Text 'hcmus-cdnc' is set on object 'Object Repository/1612567/24_Setting_Searching/Page_Mattermost/input_All team communication in one place s_703ef5'

2020-06-05 19:37:56 - [TEST_STEP][PASSED] - setEncryptedText(findTestObject("1612567/24_Setting_Searching/Page_Mattermost/input_All team communication in one place s_2f2733"), "aeHFOx8jV/A="): Text ****** has been set on object 'Object Repository/1612567/24_Setting_Searching/Page_Mattermost/input_All team communication in one place s_2f2733'

2020-06-05 19:37:56 - [MESSAGE][PASSED] - Text ****** has been set on object 'Object Repository/1612567/24_Setting_Searching/Page_Mattermost/input_All team communication in one place s_2f2733'

2020-06-05 19:37:56 - [TEST_STEP][PASSED] - click(findTestObject("1612567/24_Setting_Searching/Page_Mattermost/span_Sign in")): Object: 'Object Repository/1612567/24_Setting_Searching/Page_Mattermost/span_Sign in' is clicked on

2020-06-05 19:37:57 - [MESSAGE][PASSED] - Object: 'Object Repository/1612567/24_Setting_Searching/Page_Mattermost/span_Sign in' is clicked on

2020-06-05 19:37:57 - [TEST_STEP][PASSED] - keys = ["password", "sign", "database", "dev", "user"]: null

2020-06-05 19:37:57 - [TEST_STEP][PASSED] - for (String key : keys): Keys 'ENTER + ' sent to object: 'Object Repository/1612567/24_Setting_Searching/Page_System Console - Mattermost/input_hcmus-cdnc_adminSidebarFilter'

2020-06-05 19:37:57 - [TEST_STEP][PASSED] - setText(findTestObject("1612567/24_Setting_Searching/Page_System Console - Mattermost/input_hcmus-cdnc_adminSidebarFilter"), key): Text 'password' is set on object 'Object Repository/1612567/24_Setting_Searching/Page_System Console - Mattermost/input_hcmus-cdnc_adminSidebarFilter'

2020-06-05 19:38:00 - [MESSAGE][PASSED] - Text 'password' is set on object 'Object Repository/1612567/24_Setting_Searching/Page_System Console - Mattermost/input_hcmus-cdnc_adminSidebarFilter'

2020-06-05 19:38:00 - [TEST_STEP][PASSED] - sendKeys(findTestObject("1612567/24_Setting_Searching/Page_System Console - Mattermost/input_hcmus-cdnc_adminSidebarFilter"), Keys.chord(ENTER)): Keys 'ENTER + ' sent to object: 'Object Repository/1612567/24_Setting_Searching/Page_System Console - Mattermost/input_hcmus-cdnc_adminSidebarFilter'

2020-06-05 19:38:01 - [MESSAGE][PASSED] - Keys 'ENTER + ' sent to object: 'Object Repository/1612567/24_Setting_Searching/Page_System Console - Mattermost/input_hcmus-cdnc_adminSidebarFilter'

2020-06-05 19:38:01 - [TEST_STEP][PASSED] - setText(findTestObject("1612567/24_Setting_Searching/Page_System Console - Mattermost/input_hcmus-cdnc_adminSidebarFilter"), key): Text 'sign' is set on object 'Object Repository/1612567/24_Setting_Searching/Page_System Console - Mattermost/input_hcmus-cdnc_adminSidebarFilter'

2020-06-05 19:38:01 - [MESSAGE][PASSED] - Text 'sign' is set on object 'Object Repository/1612567/24_Setting_Searching/Page_System Console - Mattermost/input_hcmus-cdnc_adminSidebarFilter'

2020-06-05 19:38:01 - [TEST_STEP][PASSED] - sendKeys(findTestObject("1612567/24_Setting_Searching/Page_System Console - Mattermost/input_hcmus-cdnc_adminSidebarFilter"), Keys.chord(ENTER)): Keys 'ENTER + ' sent to object: 'Object Repository/1612567/24_Setting_Searching/Page_System Console - Mattermost/input_hcmus-cdnc_adminSidebarFilter'

2020-06-05 19:38:02 - [MESSAGE][PASSED] - Keys 'ENTER + ' sent to object: 'Object Repository/1612567/24_Setting_Searching/Page_System Console - Mattermost/input_hcmus-cdnc_adminSidebarFilter'

2020-06-05 19:38:02 - [TEST_STEP][PASSED] - setText(findTestObject("1612567/24_Setting_Searching/Page_System Console - Mattermost/input_hcmus-cdnc_adminSidebarFilter"), key): Text 'database' is set on object 'Object Repository/1612567/24_Setting_Searching/Page_System Console - Mattermost/input_hcmus-cdnc_adminSidebarFilter'

2020-06-05 19:38:03 - [MESSAGE][PASSED] - Text 'database' is set on object 'Object Repository/1612567/24_Setting_Searching/Page_System Console - Mattermost/input_hcmus-cdnc_adminSidebarFilter'

2020-06-05 19:38:03 - [TEST_STEP][PASSED] - sendKeys(findTestObject("1612567/24_Setting_Searching/Page_System Console - Mattermost/input_hcmus-cdnc_adminSidebarFilter"), Keys.chord(ENTER)): Keys 'ENTER + ' sent to object: 'Object Repository/1612567/24_Setting_Searching/Page_System Console - Mattermost/input_hcmus-cdnc_adminSidebarFilter'

2020-06-05 19:38:04 - [MESSAGE][PASSED] - Keys 'ENTER + ' sent to object: 'Object Repository/1612567/24_Setting_Searching/Page_System Console - Mattermost/input_hcmus-cdnc_adminSidebarFilter'

2020-06-05 19:38:04 - [TEST_STEP][PASSED] - setText(findTestObject("1612567/24_Setting_Searching/Page_System Console - Mattermost/input_hcmus-cdnc_adminSidebarFilter"), key): Text 'dev' is set on object 'Object Repository/1612567/24_Setting_Searching/Page_System Console - Mattermost/input_hcmus-cdnc_adminSidebarFilter'

2020-06-05 19:38:05 - [MESSAGE][PASSED] - Text 'dev' is set on object 'Object Repository/1612567/24_Setting_Searching/Page_System Console - Mattermost/input_hcmus-cdnc_adminSidebarFilter'

2020-06-05 19:38:05 - [TEST_STEP][PASSED] - sendKeys(findTestObject("1612567/24_Setting_Searching/Page_System Console - Mattermost/input_hcmus-cdnc_adminSidebarFilter"), Keys.chord(ENTER)): Keys 'ENTER + ' sent to object: 'Object Repository/1612567/24_Setting_Searching/Page_System Console - Mattermost/input_hcmus-cdnc_adminSidebarFilter'

2020-06-05 19:38:05 - [MESSAGE][PASSED] - Keys 'ENTER + ' sent to object: 'Object Repository/1612567/24_Setting_Searching/Page_System Console - Mattermost/input_hcmus-cdnc_adminSidebarFilter'

2020-06-05 19:38:05 - [TEST_STEP][PASSED] - setText(findTestObject("1612567/24_Setting_Searching/Page_System Console - Mattermost/input_hcmus-cdnc_adminSidebarFilter"), key): Text 'user' is set on object 'Object Repository/1612567/24_Setting_Searching/Page_System Console - Mattermost/input_hcmus-cdnc_adminSidebarFilter'

2020-06-05 19:38:06 - [MESSAGE][PASSED] - Text 'user' is set on object 'Object Repository/1612567/24_Setting_Searching/Page_System Console - Mattermost/input_hcmus-cdnc_adminSidebarFilter'

2020-06-05 19:38:06 - [TEST_STEP][PASSED] - sendKeys(findTestObject("1612567/24_Setting_Searching/Page_System Console - Mattermost/input_hcmus-cdnc_adminSidebarFilter"), Keys.chord(ENTER)): Keys 'ENTER + ' sent to object: 'Object Repository/1612567/24_Setting_Searching/Page_System Console - Mattermost/input_hcmus-cdnc_adminSidebarFilter'

2020-06-05 19:38:07 - [MESSAGE][PASSED] - Keys 'ENTER + ' sent to object: 'Object Repository/1612567/24_Setting_Searching/Page_System Console - Mattermost/input_hcmus-cdnc_adminSidebarFilter'

2020-06-05 19:38:07 - [TEST_STEP][PASSED] - closeBrowser(): Browser is closed

2020-06-05 19:38:08 - [MESSAGE][PASSED] - Browser is closed]]></system-out>
         <system-err><![CDATA[]]></system-err>
      </testcase>
      <testcase name="Test Cases/1612567/25_CORS_Setting" time="20.938" classname="Test Cases/1612567/25_CORS_Setting" status="PASSED">
         <system-out><![CDATA[2020-06-05 19:38:08 - [TEST_CASE][PASSED] - Test Cases/1612567/25_CORS_Setting: Test Cases/1612567/25_CORS_Setting

2020-06-05 19:38:08 - [TEST_STEP][PASSED] - openBrowser(""): Browser is opened with url: ''

2020-06-05 19:38:08 - [MESSAGE][INFO] - Starting 'Chrome' driver

2020-06-05 19:38:08 - [MESSAGE][INFO] - Action delay is set to 0 milliseconds

2020-06-05 19:38:11 - [MESSAGE][PASSED] - Browser is opened with url: ''

2020-06-05 19:38:11 - [TEST_STEP][PASSED] - navigateToUrl("http://localhost:8065/admin_console"): Navigate to 'http://localhost:8065/admin_console' successfully

2020-06-05 19:38:13 - [MESSAGE][PASSED] - Navigate to 'http://localhost:8065/admin_console' successfully

2020-06-05 19:38:13 - [TEST_STEP][PASSED] - setText(findTestObject("1612567/25_CORS_Setting/Page_Mattermost/input_All team communication in one place s_703ef5"), "hcmus-cdnc"): Text 'hcmus-cdnc' is set on object 'Object Repository/1612567/25_CORS_Setting/Page_Mattermost/input_All team communication in one place s_703ef5'

2020-06-05 19:38:16 - [MESSAGE][PASSED] - Text 'hcmus-cdnc' is set on object 'Object Repository/1612567/25_CORS_Setting/Page_Mattermost/input_All team communication in one place s_703ef5'

2020-06-05 19:38:16 - [TEST_STEP][PASSED] - setEncryptedText(findTestObject("1612567/25_CORS_Setting/Page_Mattermost/input_All team communication in one place s_2f2733"), "aeHFOx8jV/A="): Text ****** has been set on object 'Object Repository/1612567/25_CORS_Setting/Page_Mattermost/input_All team communication in one place s_2f2733'

2020-06-05 19:38:16 - [MESSAGE][PASSED] - Text ****** has been set on object 'Object Repository/1612567/25_CORS_Setting/Page_Mattermost/input_All team communication in one place s_2f2733'

2020-06-05 19:38:16 - [TEST_STEP][PASSED] - click(findTestObject("1612567/25_CORS_Setting/Page_Mattermost/button_Sign in")): Object: 'Object Repository/1612567/25_CORS_Setting/Page_Mattermost/button_Sign in' is clicked on

2020-06-05 19:38:17 - [MESSAGE][PASSED] - Object: 'Object Repository/1612567/25_CORS_Setting/Page_Mattermost/button_Sign in' is clicked on

2020-06-05 19:38:17 - [TEST_STEP][PASSED] - setText(findTestObject("1612567/25_CORS_Setting/Page_System Console - Mattermost/input_hcmus-cdnc_adminSidebarFilter"), "cor"): Text 'cor' is set on object 'Object Repository/1612567/25_CORS_Setting/Page_System Console - Mattermost/input_hcmus-cdnc_adminSidebarFilter'

2020-06-05 19:38:19 - [MESSAGE][PASSED] - Text 'cor' is set on object 'Object Repository/1612567/25_CORS_Setting/Page_System Console - Mattermost/input_hcmus-cdnc_adminSidebarFilter'

2020-06-05 19:38:19 - [TEST_STEP][PASSED] - click(findTestObject("1612567/25_CORS_Setting/Page_System Console - Mattermost/a_CORS")): Object: 'Object Repository/1612567/25_CORS_Setting/Page_System Console - Mattermost/a_CORS' is clicked on

2020-06-05 19:38:20 - [MESSAGE][PASSED] - Object: 'Object Repository/1612567/25_CORS_Setting/Page_System Console - Mattermost/a_CORS' is clicked on

2020-06-05 19:38:20 - [TEST_STEP][PASSED] - hosts = ["https://facebook.com ", "https://news.com ", "https://mastermost.com ", "http://localhost:3000"]: null

2020-06-05 19:38:20 - [TEST_STEP][PASSED] - tmp = "": null

2020-06-05 19:38:20 - [TEST_STEP][PASSED] - for (String host : hosts): Text 'https://facebook.com https://news.com https://mastermost.com http://localhost:3000' is set on object 'Object Repository/1612567/25_CORS_Setting/Page_System Console - Mattermost/input_Enable cross-origin requests from_Ser_d74bcf'

2020-06-05 19:38:20 - [TEST_STEP][PASSED] - tmp += host: null

2020-06-05 19:38:20 - [TEST_STEP][PASSED] - setText(findTestObject("1612567/25_CORS_Setting/Page_System Console - Mattermost/input_Enable cross-origin requests from_Ser_d74bcf"), tmp): Text 'https://facebook.com ' is set on object 'Object Repository/1612567/25_CORS_Setting/Page_System Console - Mattermost/input_Enable cross-origin requests from_Ser_d74bcf'

2020-06-05 19:38:21 - [MESSAGE][PASSED] - Text 'https://facebook.com ' is set on object 'Object Repository/1612567/25_CORS_Setting/Page_System Console - Mattermost/input_Enable cross-origin requests from_Ser_d74bcf'

2020-06-05 19:38:21 - [TEST_STEP][PASSED] - tmp += host: null

2020-06-05 19:38:21 - [TEST_STEP][PASSED] - setText(findTestObject("1612567/25_CORS_Setting/Page_System Console - Mattermost/input_Enable cross-origin requests from_Ser_d74bcf"), tmp): Text 'https://facebook.com https://news.com ' is set on object 'Object Repository/1612567/25_CORS_Setting/Page_System Console - Mattermost/input_Enable cross-origin requests from_Ser_d74bcf'

2020-06-05 19:38:23 - [MESSAGE][PASSED] - Text 'https://facebook.com https://news.com ' is set on object 'Object Repository/1612567/25_CORS_Setting/Page_System Console - Mattermost/input_Enable cross-origin requests from_Ser_d74bcf'

2020-06-05 19:38:23 - [TEST_STEP][PASSED] - tmp += host: null

2020-06-05 19:38:23 - [TEST_STEP][PASSED] - setText(findTestObject("1612567/25_CORS_Setting/Page_System Console - Mattermost/input_Enable cross-origin requests from_Ser_d74bcf"), tmp): Text 'https://facebook.com https://news.com https://mastermost.com ' is set on object 'Object Repository/1612567/25_CORS_Setting/Page_System Console - Mattermost/input_Enable cross-origin requests from_Ser_d74bcf'

2020-06-05 19:38:25 - [MESSAGE][PASSED] - Text 'https://facebook.com https://news.com https://mastermost.com ' is set on object 'Object Repository/1612567/25_CORS_Setting/Page_System Console - Mattermost/input_Enable cross-origin requests from_Ser_d74bcf'

2020-06-05 19:38:25 - [TEST_STEP][PASSED] - tmp += host: null

2020-06-05 19:38:25 - [TEST_STEP][PASSED] - setText(findTestObject("1612567/25_CORS_Setting/Page_System Console - Mattermost/input_Enable cross-origin requests from_Ser_d74bcf"), tmp): Text 'https://facebook.com https://news.com https://mastermost.com http://localhost:3000' is set on object 'Object Repository/1612567/25_CORS_Setting/Page_System Console - Mattermost/input_Enable cross-origin requests from_Ser_d74bcf'

2020-06-05 19:38:27 - [MESSAGE][PASSED] - Text 'https://facebook.com https://news.com https://mastermost.com http://localhost:3000' is set on object 'Object Repository/1612567/25_CORS_Setting/Page_System Console - Mattermost/input_Enable cross-origin requests from_Ser_d74bcf'

2020-06-05 19:38:27 - [TEST_STEP][PASSED] - click(findTestObject("1612567/25_CORS_Setting/Page_System Console - Mattermost/button_Save")): Object: 'Object Repository/1612567/25_CORS_Setting/Page_System Console - Mattermost/button_Save' is clicked on

2020-06-05 19:38:28 - [MESSAGE][PASSED] - Object: 'Object Repository/1612567/25_CORS_Setting/Page_System Console - Mattermost/button_Save' is clicked on

2020-06-05 19:38:28 - [TEST_STEP][PASSED] - closeBrowser(): Browser is closed

2020-06-05 19:38:29 - [MESSAGE][PASSED] - Browser is closed]]></system-out>
         <system-err><![CDATA[]]></system-err>
      </testcase>
      <testcase name="Test Cases/1612567/26_Call_API_Login" time="1.241" classname="Test Cases/1612567/26_Call_API_Login" status="PASSED">
         <system-out><![CDATA[2020-06-05 19:38:29 - [TEST_CASE][PASSED] - Test Cases/1612567/26_Call_API_Login: Test Cases/1612567/26_Call_API_Login

2020-06-05 19:38:29 - [TEST_STEP][PASSED] - sendRequest(findTestObject("1612567/API TESTING/26_Call_API_Login")): Send request successfully

2020-06-05 19:38:30 - [MESSAGE][INFO] - HAR: C:\Users\Thanh\Desktop\github.com\New folder (2)\homeword02-mattermost-katalon\Reports\20200605_191725\Run all test cases\20200605_191725\requests\main\0.har

2020-06-05 19:38:30 - [MESSAGE][PASSED] - Send request successfully]]></system-out>
         <system-err><![CDATA[]]></system-err>
      </testcase>
      <testcase name="Test Cases/1612567/27_Call_API_Channels_Info" time="0.276" classname="Test Cases/1612567/27_Call_API_Channels_Info" status="PASSED">
         <system-out><![CDATA[2020-06-05 19:38:30 - [TEST_CASE][PASSED] - Test Cases/1612567/27_Call_API_Channels_Info: Test Cases/1612567/27_Call_API_Channels_Info

2020-06-05 19:38:30 - [TEST_STEP][PASSED] - sendRequest(findTestObject("1612567/API TESTING/27_Call_API_Channels_Info")): Send request successfully

2020-06-05 19:38:30 - [MESSAGE][INFO] - HAR: C:\Users\Thanh\Desktop\github.com\New folder (2)\homeword02-mattermost-katalon\Reports\20200605_191725\Run all test cases\20200605_191725\requests\main\1.har

2020-06-05 19:38:30 - [MESSAGE][PASSED] - Send request successfully]]></system-out>
         <system-err><![CDATA[]]></system-err>
      </testcase>
      <testcase name="Test Cases/1612567/28_Call_API_ChangeName" time="0.324" classname="Test Cases/1612567/28_Call_API_ChangeName" status="PASSED">
         <system-out><![CDATA[2020-06-05 19:38:30 - [TEST_CASE][PASSED] - Test Cases/1612567/28_Call_API_ChangeName: Test Cases/1612567/28_Call_API_ChangeName

2020-06-05 19:38:31 - [TEST_STEP][PASSED] - sendRequest(findTestObject("1612567/API TESTING/28_Call_API_ChangeName")): Send request successfully

2020-06-05 19:38:31 - [MESSAGE][INFO] - HAR: C:\Users\Thanh\Desktop\github.com\New folder (2)\homeword02-mattermost-katalon\Reports\20200605_191725\Run all test cases\20200605_191725\requests\main\2.har

2020-06-05 19:38:31 - [MESSAGE][PASSED] - Send request successfully]]></system-out>
         <system-err><![CDATA[]]></system-err>
      </testcase>
      <testcase name="Test Cases/1612567/29_Call_API_ResetPassword" time="0.306" classname="Test Cases/1612567/29_Call_API_ResetPassword" status="PASSED">
         <system-out><![CDATA[2020-06-05 19:38:31 - [TEST_CASE][PASSED] - Test Cases/1612567/29_Call_API_ResetPassword: Test Cases/1612567/29_Call_API_ResetPassword

2020-06-05 19:38:31 - [TEST_STEP][PASSED] - sendRequest(findTestObject("1612567/API TESTING/29_Call_API_ResetPassword")): Send request successfully

2020-06-05 19:38:31 - [MESSAGE][INFO] - HAR: C:\Users\Thanh\Desktop\github.com\New folder (2)\homeword02-mattermost-katalon\Reports\20200605_191725\Run all test cases\20200605_191725\requests\main\3.har

2020-06-05 19:38:31 - [MESSAGE][PASSED] - Send request successfully]]></system-out>
         <system-err><![CDATA[]]></system-err>
      </testcase>
      <testcase name="Test Cases/1612567/30_Call_API_Set_Permission" time="0.322" classname="Test Cases/1612567/30_Call_API_Set_Permission" status="PASSED">
         <system-out><![CDATA[2020-06-05 19:38:31 - [TEST_CASE][PASSED] - Test Cases/1612567/30_Call_API_Set_Permission: Test Cases/1612567/30_Call_API_Set_Permission

2020-06-05 19:38:31 - [TEST_STEP][PASSED] - sendRequest(findTestObject("1612567/API TESTING/30_Call_API_Set_Permission")): Send request successfully

2020-06-05 19:38:31 - [MESSAGE][INFO] - HAR: C:\Users\Thanh\Desktop\github.com\New folder (2)\homeword02-mattermost-katalon\Reports\20200605_191725\Run all test cases\20200605_191725\requests\main\4.har

2020-06-05 19:38:31 - [MESSAGE][PASSED] - Send request successfully]]></system-out>
         <system-err><![CDATA[]]></system-err>
      </testcase>
      <testcase name="Test Cases/1612567/31_Call_API_Search_User" time="0.284" classname="Test Cases/1612567/31_Call_API_Search_User" status="PASSED">
         <system-out><![CDATA[2020-06-05 19:38:31 - [TEST_CASE][PASSED] - Test Cases/1612567/31_Call_API_Search_User: Test Cases/1612567/31_Call_API_Search_User

2020-06-05 19:38:32 - [TEST_STEP][PASSED] - sendRequest(findTestObject("1612567/API TESTING/31_Call_API_Search_User")): Send request successfully

2020-06-05 19:38:32 - [MESSAGE][INFO] - HAR: C:\Users\Thanh\Desktop\github.com\New folder (2)\homeword02-mattermost-katalon\Reports\20200605_191725\Run all test cases\20200605_191725\requests\main\5.har

2020-06-05 19:38:32 - [MESSAGE][PASSED] - Send request successfully]]></system-out>
         <system-err><![CDATA[]]></system-err>
      </testcase>
      <testcase name="Test Cases/1612567/32_Call_API_Search_Tokens" time="0.316" classname="Test Cases/1612567/32_Call_API_Search_Tokens" status="PASSED">
         <system-out><![CDATA[2020-06-05 19:38:32 - [TEST_CASE][PASSED] - Test Cases/1612567/32_Call_API_Search_Tokens: Test Cases/1612567/32_Call_API_Search_Tokens

2020-06-05 19:38:32 - [TEST_STEP][PASSED] - sendRequest(findTestObject("1612567/API TESTING/32_Call_API_Search_Tokens")): Send request successfully

2020-06-05 19:38:32 - [MESSAGE][INFO] - HAR: C:\Users\Thanh\Desktop\github.com\New folder (2)\homeword02-mattermost-katalon\Reports\20200605_191725\Run all test cases\20200605_191725\requests\main\6.har

2020-06-05 19:38:32 - [MESSAGE][PASSED] - Send request successfully]]></system-out>
         <system-err><![CDATA[]]></system-err>
      </testcase>
      <testcase name="Test Cases/1612567/33_Call_API_Get_Jobs" time="0.29" classname="Test Cases/1612567/33_Call_API_Get_Jobs" status="PASSED">
         <system-out><![CDATA[2020-06-05 19:38:32 - [TEST_CASE][PASSED] - Test Cases/1612567/33_Call_API_Get_Jobs: Test Cases/1612567/33_Call_API_Get_Jobs

2020-06-05 19:38:32 - [TEST_STEP][PASSED] - sendRequest(findTestObject("1612567/API TESTING/33_Call_API_Get_Jobs")): Send request successfully

2020-06-05 19:38:32 - [MESSAGE][INFO] - HAR: C:\Users\Thanh\Desktop\github.com\New folder (2)\homeword02-mattermost-katalon\Reports\20200605_191725\Run all test cases\20200605_191725\requests\main\7.har

2020-06-05 19:38:32 - [MESSAGE][PASSED] - Send request successfully]]></system-out>
         <system-err><![CDATA[]]></system-err>
      </testcase>
      <testcase name="Test Cases/1612567/34_Call_API_Create_Job_By_Type" time="0.342" classname="Test Cases/1612567/34_Call_API_Create_Job_By_Type" status="PASSED">
         <system-out><![CDATA[2020-06-05 19:38:32 - [TEST_CASE][PASSED] - Test Cases/1612567/34_Call_API_Create_Job_By_Type: Test Cases/1612567/34_Call_API_Create_Job_By_Type

2020-06-05 19:38:32 - [TEST_STEP][PASSED] - sendRequest(findTestObject("1612567/API TESTING/33_Call_API_Get_Jobs")): Send request successfully

2020-06-05 19:38:33 - [MESSAGE][INFO] - HAR: C:\Users\Thanh\Desktop\github.com\New folder (2)\homeword02-mattermost-katalon\Reports\20200605_191725\Run all test cases\20200605_191725\requests\main\8.har

2020-06-05 19:38:33 - [MESSAGE][PASSED] - Send request successfully]]></system-out>
         <system-err><![CDATA[]]></system-err>
      </testcase>
      <testcase name="Test Cases/1612567/35_Call_API_Cancel_Job" time="0.288" classname="Test Cases/1612567/35_Call_API_Cancel_Job" status="PASSED">
         <system-out><![CDATA[2020-06-05 19:38:33 - [TEST_CASE][PASSED] - Test Cases/1612567/35_Call_API_Cancel_Job: Test Cases/1612567/35_Call_API_Cancel_Job

2020-06-05 19:38:33 - [TEST_STEP][PASSED] - sendRequest(findTestObject("1612567/API TESTING/33_Call_API_Get_Jobs")): Send request successfully

2020-06-05 19:38:33 - [MESSAGE][INFO] - HAR: C:\Users\Thanh\Desktop\github.com\New folder (2)\homeword02-mattermost-katalon\Reports\20200605_191725\Run all test cases\20200605_191725\requests\main\9.har

2020-06-05 19:38:33 - [MESSAGE][PASSED] - Send request successfully]]></system-out>
         <system-err><![CDATA[]]></system-err>
      </testcase>
      <testcase name="Test Cases/1612893/TC_36_Edit_UserName" time="17.542" classname="Test Cases/1612893/TC_36_Edit_UserName" status="PASSED">
         <system-out><![CDATA[2020-06-05 19:38:33 - [TEST_CASE][PASSED] - Test Cases/1612893/TC_36_Edit_UserName: Test Cases/1612893/TC_36_Edit_UserName

2020-06-05 19:38:33 - [TEST_STEP][PASSED] - openBrowser(""): Browser is opened with url: ''

2020-06-05 19:38:33 - [MESSAGE][INFO] - Starting 'Chrome' driver

2020-06-05 19:38:33 - [MESSAGE][INFO] - Action delay is set to 0 milliseconds

2020-06-05 19:38:37 - [MESSAGE][PASSED] - Browser is opened with url: ''

2020-06-05 19:38:37 - [TEST_STEP][PASSED] - navigateToUrl("http://localhost:8065/login"): Navigate to 'http://localhost:8065/login' successfully

2020-06-05 19:38:38 - [MESSAGE][PASSED] - Navigate to 'http://localhost:8065/login' successfully

2020-06-05 19:38:38 - [TEST_STEP][PASSED] - setText(findTestObject("Object Repository/1612893/36_Edit_UserName/Page_Mattermost/input_All team communication in one place s_703ef5"), "hcmus-cdnc@gmail.com"): Text 'hcmus-cdnc@gmail.com' is set on object 'Object Repository/1612893/36_Edit_UserName/Page_Mattermost/input_All team communication in one place s_703ef5'

2020-06-05 19:38:40 - [MESSAGE][PASSED] - Text 'hcmus-cdnc@gmail.com' is set on object 'Object Repository/1612893/36_Edit_UserName/Page_Mattermost/input_All team communication in one place s_703ef5'

2020-06-05 19:38:40 - [TEST_STEP][PASSED] - setEncryptedText(findTestObject("Object Repository/1612893/36_Edit_UserName/Page_Mattermost/input_All team communication in one place s_2f2733"), "aeHFOx8jV/A="): Text ****** has been set on object 'Object Repository/1612893/36_Edit_UserName/Page_Mattermost/input_All team communication in one place s_2f2733'

2020-06-05 19:38:41 - [MESSAGE][PASSED] - Text ****** has been set on object 'Object Repository/1612893/36_Edit_UserName/Page_Mattermost/input_All team communication in one place s_2f2733'

2020-06-05 19:38:41 - [TEST_STEP][PASSED] - click(findTestObject("Object Repository/1612893/36_Edit_UserName/Page_Mattermost/span_Sign in")): Object: 'Object Repository/1612893/36_Edit_UserName/Page_Mattermost/span_Sign in' is clicked on

2020-06-05 19:38:41 - [MESSAGE][PASSED] - Object: 'Object Repository/1612893/36_Edit_UserName/Page_Mattermost/span_Sign in' is clicked on

2020-06-05 19:38:41 - [TEST_STEP][PASSED] - click(findTestObject("Object Repository/1612893/36_Edit_UserName/Page_Thanh set Channel name - hcmus-cdnc-te_a699a0/span")): Object: 'Object Repository/1612893/36_Edit_UserName/Page_Thanh set Channel name - hcmus-cdnc-te_a699a0/span' is clicked on

2020-06-05 19:38:45 - [MESSAGE][PASSED] - Object: 'Object Repository/1612893/36_Edit_UserName/Page_Thanh set Channel name - hcmus-cdnc-te_a699a0/span' is clicked on

2020-06-05 19:38:45 - [TEST_STEP][PASSED] - click(findTestObject("Object Repository/1612893/36_Edit_UserName/Page_Thanh set Channel name - hcmus-cdnc-te_a699a0/span_Account Settings")): Object: 'Object Repository/1612893/36_Edit_UserName/Page_Thanh set Channel name - hcmus-cdnc-te_a699a0/span_Account Settings' is clicked on

2020-06-05 19:38:46 - [MESSAGE][PASSED] - Object: 'Object Repository/1612893/36_Edit_UserName/Page_Thanh set Channel name - hcmus-cdnc-te_a699a0/span_Account Settings' is clicked on

2020-06-05 19:38:46 - [TEST_STEP][PASSED] - click(findTestObject("Object Repository/1612893/36_Edit_UserName/Page_Thanh set Channel name - hcmus-cdnc-te_a699a0/span_Edit")): Object: 'Object Repository/1612893/36_Edit_UserName/Page_Thanh set Channel name - hcmus-cdnc-te_a699a0/span_Edit' is clicked on

2020-06-05 19:38:47 - [MESSAGE][PASSED] - Object: 'Object Repository/1612893/36_Edit_UserName/Page_Thanh set Channel name - hcmus-cdnc-te_a699a0/span_Edit' is clicked on

2020-06-05 19:38:47 - [TEST_STEP][PASSED] - setText(findTestObject("Object Repository/1612893/36_Edit_UserName/Page_Thanh set Channel name - hcmus-cdnc-te_a699a0/input_Username_username"), userName): Text 'tung' is set on object 'Object Repository/1612893/36_Edit_UserName/Page_Thanh set Channel name - hcmus-cdnc-te_a699a0/input_Username_username'

2020-06-05 19:38:48 - [MESSAGE][PASSED] - Text 'tung' is set on object 'Object Repository/1612893/36_Edit_UserName/Page_Thanh set Channel name - hcmus-cdnc-te_a699a0/input_Username_username'

2020-06-05 19:38:48 - [TEST_STEP][PASSED] - click(findTestObject("Object Repository/1612893/36_Edit_UserName/Page_Thanh set Channel name - hcmus-cdnc-te_a699a0/span_Save")): Object: 'Object Repository/1612893/36_Edit_UserName/Page_Thanh set Channel name - hcmus-cdnc-te_a699a0/span_Save' is clicked on

2020-06-05 19:38:49 - [MESSAGE][PASSED] - Object: 'Object Repository/1612893/36_Edit_UserName/Page_Thanh set Channel name - hcmus-cdnc-te_a699a0/span_Save' is clicked on

2020-06-05 19:38:49 - [TEST_STEP][PASSED] - click(findTestObject("Object Repository/1612893/36_Edit_UserName/Page_Thanh set Channel name - hcmus-cdnc-te_a699a0/span_")): Object: 'Object Repository/1612893/36_Edit_UserName/Page_Thanh set Channel name - hcmus-cdnc-te_a699a0/span_' is clicked on

2020-06-05 19:38:50 - [MESSAGE][PASSED] - Object: 'Object Repository/1612893/36_Edit_UserName/Page_Thanh set Channel name - hcmus-cdnc-te_a699a0/span_' is clicked on

2020-06-05 19:38:50 - [TEST_STEP][PASSED] - closeBrowser(): Browser is closed

2020-06-05 19:38:50 - [MESSAGE][PASSED] - Browser is closed]]></system-out>
         <system-err><![CDATA[]]></system-err>
      </testcase>
      <testcase name="Test Cases/1612893/TC_36_Edit_UserName" time="16.561" classname="Test Cases/1612893/TC_36_Edit_UserName" status="PASSED">
         <system-out><![CDATA[2020-06-05 19:38:50 - [TEST_CASE][PASSED] - Test Cases/1612893/TC_36_Edit_UserName: Test Cases/1612893/TC_36_Edit_UserName

2020-06-05 19:38:50 - [TEST_STEP][PASSED] - openBrowser(""): Browser is opened with url: ''

2020-06-05 19:38:50 - [MESSAGE][INFO] - Starting 'Chrome' driver

2020-06-05 19:38:50 - [MESSAGE][INFO] - Action delay is set to 0 milliseconds

2020-06-05 19:38:54 - [MESSAGE][PASSED] - Browser is opened with url: ''

2020-06-05 19:38:54 - [TEST_STEP][PASSED] - navigateToUrl("http://localhost:8065/login"): Navigate to 'http://localhost:8065/login' successfully

2020-06-05 19:38:55 - [MESSAGE][PASSED] - Navigate to 'http://localhost:8065/login' successfully

2020-06-05 19:38:55 - [TEST_STEP][PASSED] - setText(findTestObject("Object Repository/1612893/36_Edit_UserName/Page_Mattermost/input_All team communication in one place s_703ef5"), "hcmus-cdnc@gmail.com"): Text 'hcmus-cdnc@gmail.com' is set on object 'Object Repository/1612893/36_Edit_UserName/Page_Mattermost/input_All team communication in one place s_703ef5'

2020-06-05 19:38:57 - [MESSAGE][PASSED] - Text 'hcmus-cdnc@gmail.com' is set on object 'Object Repository/1612893/36_Edit_UserName/Page_Mattermost/input_All team communication in one place s_703ef5'

2020-06-05 19:38:57 - [TEST_STEP][PASSED] - setEncryptedText(findTestObject("Object Repository/1612893/36_Edit_UserName/Page_Mattermost/input_All team communication in one place s_2f2733"), "aeHFOx8jV/A="): Text ****** has been set on object 'Object Repository/1612893/36_Edit_UserName/Page_Mattermost/input_All team communication in one place s_2f2733'

2020-06-05 19:38:58 - [MESSAGE][PASSED] - Text ****** has been set on object 'Object Repository/1612893/36_Edit_UserName/Page_Mattermost/input_All team communication in one place s_2f2733'

2020-06-05 19:38:58 - [TEST_STEP][PASSED] - click(findTestObject("Object Repository/1612893/36_Edit_UserName/Page_Mattermost/span_Sign in")): Object: 'Object Repository/1612893/36_Edit_UserName/Page_Mattermost/span_Sign in' is clicked on

2020-06-05 19:38:59 - [MESSAGE][PASSED] - Object: 'Object Repository/1612893/36_Edit_UserName/Page_Mattermost/span_Sign in' is clicked on

2020-06-05 19:38:59 - [TEST_STEP][PASSED] - click(findTestObject("Object Repository/1612893/36_Edit_UserName/Page_Thanh set Channel name - hcmus-cdnc-te_a699a0/span")): Object: 'Object Repository/1612893/36_Edit_UserName/Page_Thanh set Channel name - hcmus-cdnc-te_a699a0/span' is clicked on

2020-06-05 19:39:02 - [MESSAGE][PASSED] - Object: 'Object Repository/1612893/36_Edit_UserName/Page_Thanh set Channel name - hcmus-cdnc-te_a699a0/span' is clicked on

2020-06-05 19:39:02 - [TEST_STEP][PASSED] - click(findTestObject("Object Repository/1612893/36_Edit_UserName/Page_Thanh set Channel name - hcmus-cdnc-te_a699a0/span_Account Settings")): Object: 'Object Repository/1612893/36_Edit_UserName/Page_Thanh set Channel name - hcmus-cdnc-te_a699a0/span_Account Settings' is clicked on

2020-06-05 19:39:03 - [MESSAGE][PASSED] - Object: 'Object Repository/1612893/36_Edit_UserName/Page_Thanh set Channel name - hcmus-cdnc-te_a699a0/span_Account Settings' is clicked on

2020-06-05 19:39:03 - [TEST_STEP][PASSED] - click(findTestObject("Object Repository/1612893/36_Edit_UserName/Page_Thanh set Channel name - hcmus-cdnc-te_a699a0/span_Edit")): Object: 'Object Repository/1612893/36_Edit_UserName/Page_Thanh set Channel name - hcmus-cdnc-te_a699a0/span_Edit' is clicked on

2020-06-05 19:39:04 - [MESSAGE][PASSED] - Object: 'Object Repository/1612893/36_Edit_UserName/Page_Thanh set Channel name - hcmus-cdnc-te_a699a0/span_Edit' is clicked on

2020-06-05 19:39:04 - [TEST_STEP][PASSED] - setText(findTestObject("Object Repository/1612893/36_Edit_UserName/Page_Thanh set Channel name - hcmus-cdnc-te_a699a0/input_Username_username"), userName): Text 'mai' is set on object 'Object Repository/1612893/36_Edit_UserName/Page_Thanh set Channel name - hcmus-cdnc-te_a699a0/input_Username_username'

2020-06-05 19:39:05 - [MESSAGE][PASSED] - Text 'mai' is set on object 'Object Repository/1612893/36_Edit_UserName/Page_Thanh set Channel name - hcmus-cdnc-te_a699a0/input_Username_username'

2020-06-05 19:39:05 - [TEST_STEP][PASSED] - click(findTestObject("Object Repository/1612893/36_Edit_UserName/Page_Thanh set Channel name - hcmus-cdnc-te_a699a0/span_Save")): Object: 'Object Repository/1612893/36_Edit_UserName/Page_Thanh set Channel name - hcmus-cdnc-te_a699a0/span_Save' is clicked on

2020-06-05 19:39:05 - [MESSAGE][PASSED] - Object: 'Object Repository/1612893/36_Edit_UserName/Page_Thanh set Channel name - hcmus-cdnc-te_a699a0/span_Save' is clicked on

2020-06-05 19:39:05 - [TEST_STEP][PASSED] - click(findTestObject("Object Repository/1612893/36_Edit_UserName/Page_Thanh set Channel name - hcmus-cdnc-te_a699a0/span_")): Object: 'Object Repository/1612893/36_Edit_UserName/Page_Thanh set Channel name - hcmus-cdnc-te_a699a0/span_' is clicked on

2020-06-05 19:39:06 - [MESSAGE][PASSED] - Object: 'Object Repository/1612893/36_Edit_UserName/Page_Thanh set Channel name - hcmus-cdnc-te_a699a0/span_' is clicked on

2020-06-05 19:39:06 - [TEST_STEP][PASSED] - closeBrowser(): Browser is closed

2020-06-05 19:39:07 - [MESSAGE][PASSED] - Browser is closed]]></system-out>
         <system-err><![CDATA[]]></system-err>
      </testcase>
      <testcase name="Test Cases/1612893/TC_36_Edit_UserName" time="16.443" classname="Test Cases/1612893/TC_36_Edit_UserName" status="PASSED">
         <system-out><![CDATA[2020-06-05 19:39:07 - [TEST_CASE][PASSED] - Test Cases/1612893/TC_36_Edit_UserName: Test Cases/1612893/TC_36_Edit_UserName

2020-06-05 19:39:07 - [TEST_STEP][PASSED] - openBrowser(""): Browser is opened with url: ''

2020-06-05 19:39:07 - [MESSAGE][INFO] - Starting 'Chrome' driver

2020-06-05 19:39:07 - [MESSAGE][INFO] - Action delay is set to 0 milliseconds

2020-06-05 19:39:10 - [MESSAGE][PASSED] - Browser is opened with url: ''

2020-06-05 19:39:10 - [TEST_STEP][PASSED] - navigateToUrl("http://localhost:8065/login"): Navigate to 'http://localhost:8065/login' successfully

2020-06-05 19:39:12 - [MESSAGE][PASSED] - Navigate to 'http://localhost:8065/login' successfully

2020-06-05 19:39:12 - [TEST_STEP][PASSED] - setText(findTestObject("Object Repository/1612893/36_Edit_UserName/Page_Mattermost/input_All team communication in one place s_703ef5"), "hcmus-cdnc@gmail.com"): Text 'hcmus-cdnc@gmail.com' is set on object 'Object Repository/1612893/36_Edit_UserName/Page_Mattermost/input_All team communication in one place s_703ef5'

2020-06-05 19:39:14 - [MESSAGE][PASSED] - Text 'hcmus-cdnc@gmail.com' is set on object 'Object Repository/1612893/36_Edit_UserName/Page_Mattermost/input_All team communication in one place s_703ef5'

2020-06-05 19:39:14 - [TEST_STEP][PASSED] - setEncryptedText(findTestObject("Object Repository/1612893/36_Edit_UserName/Page_Mattermost/input_All team communication in one place s_2f2733"), "aeHFOx8jV/A="): Text ****** has been set on object 'Object Repository/1612893/36_Edit_UserName/Page_Mattermost/input_All team communication in one place s_2f2733'

2020-06-05 19:39:15 - [MESSAGE][PASSED] - Text ****** has been set on object 'Object Repository/1612893/36_Edit_UserName/Page_Mattermost/input_All team communication in one place s_2f2733'

2020-06-05 19:39:15 - [TEST_STEP][PASSED] - click(findTestObject("Object Repository/1612893/36_Edit_UserName/Page_Mattermost/span_Sign in")): Object: 'Object Repository/1612893/36_Edit_UserName/Page_Mattermost/span_Sign in' is clicked on

2020-06-05 19:39:15 - [MESSAGE][PASSED] - Object: 'Object Repository/1612893/36_Edit_UserName/Page_Mattermost/span_Sign in' is clicked on

2020-06-05 19:39:15 - [TEST_STEP][PASSED] - click(findTestObject("Object Repository/1612893/36_Edit_UserName/Page_Thanh set Channel name - hcmus-cdnc-te_a699a0/span")): Object: 'Object Repository/1612893/36_Edit_UserName/Page_Thanh set Channel name - hcmus-cdnc-te_a699a0/span' is clicked on

2020-06-05 19:39:18 - [MESSAGE][PASSED] - Object: 'Object Repository/1612893/36_Edit_UserName/Page_Thanh set Channel name - hcmus-cdnc-te_a699a0/span' is clicked on

2020-06-05 19:39:18 - [TEST_STEP][PASSED] - click(findTestObject("Object Repository/1612893/36_Edit_UserName/Page_Thanh set Channel name - hcmus-cdnc-te_a699a0/span_Account Settings")): Object: 'Object Repository/1612893/36_Edit_UserName/Page_Thanh set Channel name - hcmus-cdnc-te_a699a0/span_Account Settings' is clicked on

2020-06-05 19:39:20 - [MESSAGE][PASSED] - Object: 'Object Repository/1612893/36_Edit_UserName/Page_Thanh set Channel name - hcmus-cdnc-te_a699a0/span_Account Settings' is clicked on

2020-06-05 19:39:20 - [TEST_STEP][PASSED] - click(findTestObject("Object Repository/1612893/36_Edit_UserName/Page_Thanh set Channel name - hcmus-cdnc-te_a699a0/span_Edit")): Object: 'Object Repository/1612893/36_Edit_UserName/Page_Thanh set Channel name - hcmus-cdnc-te_a699a0/span_Edit' is clicked on

2020-06-05 19:39:20 - [MESSAGE][PASSED] - Object: 'Object Repository/1612893/36_Edit_UserName/Page_Thanh set Channel name - hcmus-cdnc-te_a699a0/span_Edit' is clicked on

2020-06-05 19:39:20 - [TEST_STEP][PASSED] - setText(findTestObject("Object Repository/1612893/36_Edit_UserName/Page_Thanh set Channel name - hcmus-cdnc-te_a699a0/input_Username_username"), userName): Text 'lan' is set on object 'Object Repository/1612893/36_Edit_UserName/Page_Thanh set Channel name - hcmus-cdnc-te_a699a0/input_Username_username'

2020-06-05 19:39:21 - [MESSAGE][PASSED] - Text 'lan' is set on object 'Object Repository/1612893/36_Edit_UserName/Page_Thanh set Channel name - hcmus-cdnc-te_a699a0/input_Username_username'

2020-06-05 19:39:21 - [TEST_STEP][PASSED] - click(findTestObject("Object Repository/1612893/36_Edit_UserName/Page_Thanh set Channel name - hcmus-cdnc-te_a699a0/span_Save")): Object: 'Object Repository/1612893/36_Edit_UserName/Page_Thanh set Channel name - hcmus-cdnc-te_a699a0/span_Save' is clicked on

2020-06-05 19:39:22 - [MESSAGE][PASSED] - Object: 'Object Repository/1612893/36_Edit_UserName/Page_Thanh set Channel name - hcmus-cdnc-te_a699a0/span_Save' is clicked on

2020-06-05 19:39:22 - [TEST_STEP][PASSED] - click(findTestObject("Object Repository/1612893/36_Edit_UserName/Page_Thanh set Channel name - hcmus-cdnc-te_a699a0/span_")): Object: 'Object Repository/1612893/36_Edit_UserName/Page_Thanh set Channel name - hcmus-cdnc-te_a699a0/span_' is clicked on

2020-06-05 19:39:23 - [MESSAGE][PASSED] - Object: 'Object Repository/1612893/36_Edit_UserName/Page_Thanh set Channel name - hcmus-cdnc-te_a699a0/span_' is clicked on

2020-06-05 19:39:23 - [TEST_STEP][PASSED] - closeBrowser(): Browser is closed

2020-06-05 19:39:23 - [MESSAGE][PASSED] - Browser is closed]]></system-out>
         <system-err><![CDATA[]]></system-err>
      </testcase>
      <testcase name="Test Cases/1612893/TC_36_Edit_UserName" time="17.345" classname="Test Cases/1612893/TC_36_Edit_UserName" status="PASSED">
         <system-out><![CDATA[2020-06-05 19:39:23 - [TEST_CASE][PASSED] - Test Cases/1612893/TC_36_Edit_UserName: Test Cases/1612893/TC_36_Edit_UserName

2020-06-05 19:39:24 - [TEST_STEP][PASSED] - openBrowser(""): Browser is opened with url: ''

2020-06-05 19:39:24 - [MESSAGE][INFO] - Starting 'Chrome' driver

2020-06-05 19:39:24 - [MESSAGE][INFO] - Action delay is set to 0 milliseconds

2020-06-05 19:39:27 - [MESSAGE][PASSED] - Browser is opened with url: ''

2020-06-05 19:39:27 - [TEST_STEP][PASSED] - navigateToUrl("http://localhost:8065/login"): Navigate to 'http://localhost:8065/login' successfully

2020-06-05 19:39:28 - [MESSAGE][PASSED] - Navigate to 'http://localhost:8065/login' successfully

2020-06-05 19:39:28 - [TEST_STEP][PASSED] - setText(findTestObject("Object Repository/1612893/36_Edit_UserName/Page_Mattermost/input_All team communication in one place s_703ef5"), "hcmus-cdnc@gmail.com"): Text 'hcmus-cdnc@gmail.com' is set on object 'Object Repository/1612893/36_Edit_UserName/Page_Mattermost/input_All team communication in one place s_703ef5'

2020-06-05 19:39:30 - [MESSAGE][PASSED] - Text 'hcmus-cdnc@gmail.com' is set on object 'Object Repository/1612893/36_Edit_UserName/Page_Mattermost/input_All team communication in one place s_703ef5'

2020-06-05 19:39:30 - [TEST_STEP][PASSED] - setEncryptedText(findTestObject("Object Repository/1612893/36_Edit_UserName/Page_Mattermost/input_All team communication in one place s_2f2733"), "aeHFOx8jV/A="): Text ****** has been set on object 'Object Repository/1612893/36_Edit_UserName/Page_Mattermost/input_All team communication in one place s_2f2733'

2020-06-05 19:39:31 - [MESSAGE][PASSED] - Text ****** has been set on object 'Object Repository/1612893/36_Edit_UserName/Page_Mattermost/input_All team communication in one place s_2f2733'

2020-06-05 19:39:31 - [TEST_STEP][PASSED] - click(findTestObject("Object Repository/1612893/36_Edit_UserName/Page_Mattermost/span_Sign in")): Object: 'Object Repository/1612893/36_Edit_UserName/Page_Mattermost/span_Sign in' is clicked on

2020-06-05 19:39:32 - [MESSAGE][PASSED] - Object: 'Object Repository/1612893/36_Edit_UserName/Page_Mattermost/span_Sign in' is clicked on

2020-06-05 19:39:32 - [TEST_STEP][PASSED] - click(findTestObject("Object Repository/1612893/36_Edit_UserName/Page_Thanh set Channel name - hcmus-cdnc-te_a699a0/span")): Object: 'Object Repository/1612893/36_Edit_UserName/Page_Thanh set Channel name - hcmus-cdnc-te_a699a0/span' is clicked on

2020-06-05 19:39:35 - [MESSAGE][PASSED] - Object: 'Object Repository/1612893/36_Edit_UserName/Page_Thanh set Channel name - hcmus-cdnc-te_a699a0/span' is clicked on

2020-06-05 19:39:35 - [TEST_STEP][PASSED] - click(findTestObject("Object Repository/1612893/36_Edit_UserName/Page_Thanh set Channel name - hcmus-cdnc-te_a699a0/span_Account Settings")): Object: 'Object Repository/1612893/36_Edit_UserName/Page_Thanh set Channel name - hcmus-cdnc-te_a699a0/span_Account Settings' is clicked on

2020-06-05 19:39:36 - [MESSAGE][PASSED] - Object: 'Object Repository/1612893/36_Edit_UserName/Page_Thanh set Channel name - hcmus-cdnc-te_a699a0/span_Account Settings' is clicked on

2020-06-05 19:39:36 - [TEST_STEP][PASSED] - click(findTestObject("Object Repository/1612893/36_Edit_UserName/Page_Thanh set Channel name - hcmus-cdnc-te_a699a0/span_Edit")): Object: 'Object Repository/1612893/36_Edit_UserName/Page_Thanh set Channel name - hcmus-cdnc-te_a699a0/span_Edit' is clicked on

2020-06-05 19:39:37 - [MESSAGE][PASSED] - Object: 'Object Repository/1612893/36_Edit_UserName/Page_Thanh set Channel name - hcmus-cdnc-te_a699a0/span_Edit' is clicked on

2020-06-05 19:39:37 - [TEST_STEP][PASSED] - setText(findTestObject("Object Repository/1612893/36_Edit_UserName/Page_Thanh set Channel name - hcmus-cdnc-te_a699a0/input_Username_username"), userName): Text 'truc' is set on object 'Object Repository/1612893/36_Edit_UserName/Page_Thanh set Channel name - hcmus-cdnc-te_a699a0/input_Username_username'

2020-06-05 19:39:38 - [MESSAGE][PASSED] - Text 'truc' is set on object 'Object Repository/1612893/36_Edit_UserName/Page_Thanh set Channel name - hcmus-cdnc-te_a699a0/input_Username_username'

2020-06-05 19:39:38 - [TEST_STEP][PASSED] - click(findTestObject("Object Repository/1612893/36_Edit_UserName/Page_Thanh set Channel name - hcmus-cdnc-te_a699a0/span_Save")): Object: 'Object Repository/1612893/36_Edit_UserName/Page_Thanh set Channel name - hcmus-cdnc-te_a699a0/span_Save' is clicked on

2020-06-05 19:39:39 - [MESSAGE][PASSED] - Object: 'Object Repository/1612893/36_Edit_UserName/Page_Thanh set Channel name - hcmus-cdnc-te_a699a0/span_Save' is clicked on

2020-06-05 19:39:39 - [TEST_STEP][PASSED] - click(findTestObject("Object Repository/1612893/36_Edit_UserName/Page_Thanh set Channel name - hcmus-cdnc-te_a699a0/span_")): Object: 'Object Repository/1612893/36_Edit_UserName/Page_Thanh set Channel name - hcmus-cdnc-te_a699a0/span_' is clicked on

2020-06-05 19:39:40 - [MESSAGE][PASSED] - Object: 'Object Repository/1612893/36_Edit_UserName/Page_Thanh set Channel name - hcmus-cdnc-te_a699a0/span_' is clicked on

2020-06-05 19:39:40 - [TEST_STEP][PASSED] - closeBrowser(): Browser is closed

2020-06-05 19:39:41 - [MESSAGE][PASSED] - Browser is closed]]></system-out>
         <system-err><![CDATA[]]></system-err>
      </testcase>
      <testcase name="Test Cases/1612893/TC_36_Edit_UserName" time="16.582" classname="Test Cases/1612893/TC_36_Edit_UserName" status="PASSED">
         <system-out><![CDATA[2020-06-05 19:39:41 - [TEST_CASE][PASSED] - Test Cases/1612893/TC_36_Edit_UserName: Test Cases/1612893/TC_36_Edit_UserName

2020-06-05 19:39:41 - [TEST_STEP][PASSED] - openBrowser(""): Browser is opened with url: ''

2020-06-05 19:39:41 - [MESSAGE][INFO] - Starting 'Chrome' driver

2020-06-05 19:39:41 - [MESSAGE][INFO] - Action delay is set to 0 milliseconds

2020-06-05 19:39:44 - [MESSAGE][PASSED] - Browser is opened with url: ''

2020-06-05 19:39:44 - [TEST_STEP][PASSED] - navigateToUrl("http://localhost:8065/login"): Navigate to 'http://localhost:8065/login' successfully

2020-06-05 19:39:46 - [MESSAGE][PASSED] - Navigate to 'http://localhost:8065/login' successfully

2020-06-05 19:39:46 - [TEST_STEP][PASSED] - setText(findTestObject("Object Repository/1612893/36_Edit_UserName/Page_Mattermost/input_All team communication in one place s_703ef5"), "hcmus-cdnc@gmail.com"): Text 'hcmus-cdnc@gmail.com' is set on object 'Object Repository/1612893/36_Edit_UserName/Page_Mattermost/input_All team communication in one place s_703ef5'

2020-06-05 19:39:48 - [MESSAGE][PASSED] - Text 'hcmus-cdnc@gmail.com' is set on object 'Object Repository/1612893/36_Edit_UserName/Page_Mattermost/input_All team communication in one place s_703ef5'

2020-06-05 19:39:48 - [TEST_STEP][PASSED] - setEncryptedText(findTestObject("Object Repository/1612893/36_Edit_UserName/Page_Mattermost/input_All team communication in one place s_2f2733"), "aeHFOx8jV/A="): Text ****** has been set on object 'Object Repository/1612893/36_Edit_UserName/Page_Mattermost/input_All team communication in one place s_2f2733'

2020-06-05 19:39:49 - [MESSAGE][PASSED] - Text ****** has been set on object 'Object Repository/1612893/36_Edit_UserName/Page_Mattermost/input_All team communication in one place s_2f2733'

2020-06-05 19:39:49 - [TEST_STEP][PASSED] - click(findTestObject("Object Repository/1612893/36_Edit_UserName/Page_Mattermost/span_Sign in")): Object: 'Object Repository/1612893/36_Edit_UserName/Page_Mattermost/span_Sign in' is clicked on

2020-06-05 19:39:49 - [MESSAGE][PASSED] - Object: 'Object Repository/1612893/36_Edit_UserName/Page_Mattermost/span_Sign in' is clicked on

2020-06-05 19:39:49 - [TEST_STEP][PASSED] - click(findTestObject("Object Repository/1612893/36_Edit_UserName/Page_Thanh set Channel name - hcmus-cdnc-te_a699a0/span")): Object: 'Object Repository/1612893/36_Edit_UserName/Page_Thanh set Channel name - hcmus-cdnc-te_a699a0/span' is clicked on

2020-06-05 19:39:52 - [MESSAGE][PASSED] - Object: 'Object Repository/1612893/36_Edit_UserName/Page_Thanh set Channel name - hcmus-cdnc-te_a699a0/span' is clicked on

2020-06-05 19:39:52 - [TEST_STEP][PASSED] - click(findTestObject("Object Repository/1612893/36_Edit_UserName/Page_Thanh set Channel name - hcmus-cdnc-te_a699a0/span_Account Settings")): Object: 'Object Repository/1612893/36_Edit_UserName/Page_Thanh set Channel name - hcmus-cdnc-te_a699a0/span_Account Settings' is clicked on

2020-06-05 19:39:53 - [MESSAGE][PASSED] - Object: 'Object Repository/1612893/36_Edit_UserName/Page_Thanh set Channel name - hcmus-cdnc-te_a699a0/span_Account Settings' is clicked on

2020-06-05 19:39:53 - [TEST_STEP][PASSED] - click(findTestObject("Object Repository/1612893/36_Edit_UserName/Page_Thanh set Channel name - hcmus-cdnc-te_a699a0/span_Edit")): Object: 'Object Repository/1612893/36_Edit_UserName/Page_Thanh set Channel name - hcmus-cdnc-te_a699a0/span_Edit' is clicked on

2020-06-05 19:39:54 - [MESSAGE][PASSED] - Object: 'Object Repository/1612893/36_Edit_UserName/Page_Thanh set Channel name - hcmus-cdnc-te_a699a0/span_Edit' is clicked on

2020-06-05 19:39:54 - [TEST_STEP][PASSED] - setText(findTestObject("Object Repository/1612893/36_Edit_UserName/Page_Thanh set Channel name - hcmus-cdnc-te_a699a0/input_Username_username"), userName): Text 'anh' is set on object 'Object Repository/1612893/36_Edit_UserName/Page_Thanh set Channel name - hcmus-cdnc-te_a699a0/input_Username_username'

2020-06-05 19:39:55 - [MESSAGE][PASSED] - Text 'anh' is set on object 'Object Repository/1612893/36_Edit_UserName/Page_Thanh set Channel name - hcmus-cdnc-te_a699a0/input_Username_username'

2020-06-05 19:39:55 - [TEST_STEP][PASSED] - click(findTestObject("Object Repository/1612893/36_Edit_UserName/Page_Thanh set Channel name - hcmus-cdnc-te_a699a0/span_Save")): Object: 'Object Repository/1612893/36_Edit_UserName/Page_Thanh set Channel name - hcmus-cdnc-te_a699a0/span_Save' is clicked on

2020-06-05 19:39:56 - [MESSAGE][PASSED] - Object: 'Object Repository/1612893/36_Edit_UserName/Page_Thanh set Channel name - hcmus-cdnc-te_a699a0/span_Save' is clicked on

2020-06-05 19:39:56 - [TEST_STEP][PASSED] - click(findTestObject("Object Repository/1612893/36_Edit_UserName/Page_Thanh set Channel name - hcmus-cdnc-te_a699a0/span_")): Object: 'Object Repository/1612893/36_Edit_UserName/Page_Thanh set Channel name - hcmus-cdnc-te_a699a0/span_' is clicked on

2020-06-05 19:39:57 - [MESSAGE][PASSED] - Object: 'Object Repository/1612893/36_Edit_UserName/Page_Thanh set Channel name - hcmus-cdnc-te_a699a0/span_' is clicked on

2020-06-05 19:39:57 - [TEST_STEP][PASSED] - closeBrowser(): Browser is closed

2020-06-05 19:39:57 - [MESSAGE][PASSED] - Browser is closed]]></system-out>
         <system-err><![CDATA[]]></system-err>
      </testcase>
      <testcase name="Test Cases/1612893/TC_36_Edit_UserName" time="17.171" classname="Test Cases/1612893/TC_36_Edit_UserName" status="PASSED">
         <system-out><![CDATA[2020-06-05 19:39:57 - [TEST_CASE][PASSED] - Test Cases/1612893/TC_36_Edit_UserName: Test Cases/1612893/TC_36_Edit_UserName

2020-06-05 19:39:57 - [TEST_STEP][PASSED] - openBrowser(""): Browser is opened with url: ''

2020-06-05 19:39:57 - [MESSAGE][INFO] - Starting 'Chrome' driver

2020-06-05 19:39:57 - [MESSAGE][INFO] - Action delay is set to 0 milliseconds

2020-06-05 19:40:01 - [MESSAGE][PASSED] - Browser is opened with url: ''

2020-06-05 19:40:01 - [TEST_STEP][PASSED] - navigateToUrl("http://localhost:8065/login"): Navigate to 'http://localhost:8065/login' successfully

2020-06-05 19:40:02 - [MESSAGE][PASSED] - Navigate to 'http://localhost:8065/login' successfully

2020-06-05 19:40:02 - [TEST_STEP][PASSED] - setText(findTestObject("Object Repository/1612893/36_Edit_UserName/Page_Mattermost/input_All team communication in one place s_703ef5"), "hcmus-cdnc@gmail.com"): Text 'hcmus-cdnc@gmail.com' is set on object 'Object Repository/1612893/36_Edit_UserName/Page_Mattermost/input_All team communication in one place s_703ef5'

2020-06-05 19:40:05 - [MESSAGE][PASSED] - Text 'hcmus-cdnc@gmail.com' is set on object 'Object Repository/1612893/36_Edit_UserName/Page_Mattermost/input_All team communication in one place s_703ef5'

2020-06-05 19:40:05 - [TEST_STEP][PASSED] - setEncryptedText(findTestObject("Object Repository/1612893/36_Edit_UserName/Page_Mattermost/input_All team communication in one place s_2f2733"), "aeHFOx8jV/A="): Text ****** has been set on object 'Object Repository/1612893/36_Edit_UserName/Page_Mattermost/input_All team communication in one place s_2f2733'

2020-06-05 19:40:05 - [MESSAGE][PASSED] - Text ****** has been set on object 'Object Repository/1612893/36_Edit_UserName/Page_Mattermost/input_All team communication in one place s_2f2733'

2020-06-05 19:40:05 - [TEST_STEP][PASSED] - click(findTestObject("Object Repository/1612893/36_Edit_UserName/Page_Mattermost/span_Sign in")): Object: 'Object Repository/1612893/36_Edit_UserName/Page_Mattermost/span_Sign in' is clicked on

2020-06-05 19:40:06 - [MESSAGE][PASSED] - Object: 'Object Repository/1612893/36_Edit_UserName/Page_Mattermost/span_Sign in' is clicked on

2020-06-05 19:40:06 - [TEST_STEP][PASSED] - click(findTestObject("Object Repository/1612893/36_Edit_UserName/Page_Thanh set Channel name - hcmus-cdnc-te_a699a0/span")): Object: 'Object Repository/1612893/36_Edit_UserName/Page_Thanh set Channel name - hcmus-cdnc-te_a699a0/span' is clicked on

2020-06-05 19:40:09 - [MESSAGE][PASSED] - Object: 'Object Repository/1612893/36_Edit_UserName/Page_Thanh set Channel name - hcmus-cdnc-te_a699a0/span' is clicked on

2020-06-05 19:40:09 - [TEST_STEP][PASSED] - click(findTestObject("Object Repository/1612893/36_Edit_UserName/Page_Thanh set Channel name - hcmus-cdnc-te_a699a0/span_Account Settings")): Object: 'Object Repository/1612893/36_Edit_UserName/Page_Thanh set Channel name - hcmus-cdnc-te_a699a0/span_Account Settings' is clicked on

2020-06-05 19:40:10 - [MESSAGE][PASSED] - Object: 'Object Repository/1612893/36_Edit_UserName/Page_Thanh set Channel name - hcmus-cdnc-te_a699a0/span_Account Settings' is clicked on

2020-06-05 19:40:10 - [TEST_STEP][PASSED] - click(findTestObject("Object Repository/1612893/36_Edit_UserName/Page_Thanh set Channel name - hcmus-cdnc-te_a699a0/span_Edit")): Object: 'Object Repository/1612893/36_Edit_UserName/Page_Thanh set Channel name - hcmus-cdnc-te_a699a0/span_Edit' is clicked on

2020-06-05 19:40:11 - [MESSAGE][PASSED] - Object: 'Object Repository/1612893/36_Edit_UserName/Page_Thanh set Channel name - hcmus-cdnc-te_a699a0/span_Edit' is clicked on

2020-06-05 19:40:11 - [TEST_STEP][PASSED] - setText(findTestObject("Object Repository/1612893/36_Edit_UserName/Page_Thanh set Channel name - hcmus-cdnc-te_a699a0/input_Username_username"), userName): Text 'hcmus-cdnc' is set on object 'Object Repository/1612893/36_Edit_UserName/Page_Thanh set Channel name - hcmus-cdnc-te_a699a0/input_Username_username'

2020-06-05 19:40:12 - [MESSAGE][PASSED] - Text 'hcmus-cdnc' is set on object 'Object Repository/1612893/36_Edit_UserName/Page_Thanh set Channel name - hcmus-cdnc-te_a699a0/input_Username_username'

2020-06-05 19:40:12 - [TEST_STEP][PASSED] - click(findTestObject("Object Repository/1612893/36_Edit_UserName/Page_Thanh set Channel name - hcmus-cdnc-te_a699a0/span_Save")): Object: 'Object Repository/1612893/36_Edit_UserName/Page_Thanh set Channel name - hcmus-cdnc-te_a699a0/span_Save' is clicked on

2020-06-05 19:40:13 - [MESSAGE][PASSED] - Object: 'Object Repository/1612893/36_Edit_UserName/Page_Thanh set Channel name - hcmus-cdnc-te_a699a0/span_Save' is clicked on

2020-06-05 19:40:13 - [TEST_STEP][PASSED] - click(findTestObject("Object Repository/1612893/36_Edit_UserName/Page_Thanh set Channel name - hcmus-cdnc-te_a699a0/span_")): Object: 'Object Repository/1612893/36_Edit_UserName/Page_Thanh set Channel name - hcmus-cdnc-te_a699a0/span_' is clicked on

2020-06-05 19:40:14 - [MESSAGE][PASSED] - Object: 'Object Repository/1612893/36_Edit_UserName/Page_Thanh set Channel name - hcmus-cdnc-te_a699a0/span_' is clicked on

2020-06-05 19:40:14 - [TEST_STEP][PASSED] - closeBrowser(): Browser is closed

2020-06-05 19:40:15 - [MESSAGE][PASSED] - Browser is closed]]></system-out>
         <system-err><![CDATA[]]></system-err>
      </testcase>
      <testcase name="Test Cases/1612893/TC_37_Set_a_header" time="15.629" classname="Test Cases/1612893/TC_37_Set_a_header" status="PASSED">
         <system-out><![CDATA[2020-06-05 19:40:15 - [TEST_CASE][PASSED] - Test Cases/1612893/TC_37_Set_a_header: Test Cases/1612893/TC_37_Set_a_header

2020-06-05 19:40:15 - [TEST_STEP][PASSED] - openBrowser(""): Browser is opened with url: ''

2020-06-05 19:40:15 - [MESSAGE][INFO] - Starting 'Chrome' driver

2020-06-05 19:40:15 - [MESSAGE][INFO] - Action delay is set to 0 milliseconds

2020-06-05 19:40:18 - [MESSAGE][PASSED] - Browser is opened with url: ''

2020-06-05 19:40:18 - [TEST_STEP][PASSED] - navigateToUrl("http://localhost:8065/login"): Navigate to 'http://localhost:8065/login' successfully

2020-06-05 19:40:20 - [MESSAGE][PASSED] - Navigate to 'http://localhost:8065/login' successfully

2020-06-05 19:40:20 - [TEST_STEP][PASSED] - setText(findTestObject("Object Repository/1612893/37_Set_a_header/Page_Mattermost/input_All team communication in one place s_703ef5"), "hcmus-cdnc"): Text 'hcmus-cdnc' is set on object 'Object Repository/1612893/37_Set_a_header/Page_Mattermost/input_All team communication in one place s_703ef5'

2020-06-05 19:40:22 - [MESSAGE][PASSED] - Text 'hcmus-cdnc' is set on object 'Object Repository/1612893/37_Set_a_header/Page_Mattermost/input_All team communication in one place s_703ef5'

2020-06-05 19:40:22 - [TEST_STEP][PASSED] - setEncryptedText(findTestObject("Object Repository/1612893/37_Set_a_header/Page_Mattermost/input_All team communication in one place s_2f2733"), "aeHFOx8jV/A="): Text ****** has been set on object 'Object Repository/1612893/37_Set_a_header/Page_Mattermost/input_All team communication in one place s_2f2733'

2020-06-05 19:40:22 - [MESSAGE][PASSED] - Text ****** has been set on object 'Object Repository/1612893/37_Set_a_header/Page_Mattermost/input_All team communication in one place s_2f2733'

2020-06-05 19:40:22 - [TEST_STEP][PASSED] - sendKeys(findTestObject("Object Repository/1612893/37_Set_a_header/Page_Mattermost/input_All team communication in one place s_2f2733"), Keys.chord(ENTER)): Keys 'ENTER + ' sent to object: 'Object Repository/1612893/37_Set_a_header/Page_Mattermost/input_All team communication in one place s_2f2733'

2020-06-05 19:40:23 - [MESSAGE][PASSED] - Keys 'ENTER + ' sent to object: 'Object Repository/1612893/37_Set_a_header/Page_Mattermost/input_All team communication in one place s_2f2733'

2020-06-05 19:40:23 - [TEST_STEP][PASSED] - click(findTestObject("Object Repository/1612893/37_Set_a_header/Page_Thanh set Channel name - hcmus-cdnc-te_a699a0/button_Set a Header")): Object: 'Object Repository/1612893/37_Set_a_header/Page_Thanh set Channel name - hcmus-cdnc-te_a699a0/button_Set a Header' is clicked on

2020-06-05 19:40:28 - [MESSAGE][PASSED] - Object: 'Object Repository/1612893/37_Set_a_header/Page_Thanh set Channel name - hcmus-cdnc-te_a699a0/button_Set a Header' is clicked on

2020-06-05 19:40:28 - [TEST_STEP][PASSED] - setText(findTestObject("Object Repository/1612893/37_Set_a_header/Page_Thanh set Channel name - hcmus-cdnc-te_a699a0/textarea_thanh set header"), content): Text '999999999213193921129319' is set on object 'Object Repository/1612893/37_Set_a_header/Page_Thanh set Channel name - hcmus-cdnc-te_a699a0/textarea_thanh set header'

2020-06-05 19:40:30 - [MESSAGE][PASSED] - Text '999999999213193921129319' is set on object 'Object Repository/1612893/37_Set_a_header/Page_Thanh set Channel name - hcmus-cdnc-te_a699a0/textarea_thanh set header'

2020-06-05 19:40:30 - [TEST_STEP][PASSED] - click(findTestObject("Object Repository/1612893/37_Set_a_header/Page_Thanh set Channel name - hcmus-cdnc-te_a699a0/button_Save")): Object: 'Object Repository/1612893/37_Set_a_header/Page_Thanh set Channel name - hcmus-cdnc-te_a699a0/button_Save' is clicked on

2020-06-05 19:40:30 - [MESSAGE][PASSED] - Object: 'Object Repository/1612893/37_Set_a_header/Page_Thanh set Channel name - hcmus-cdnc-te_a699a0/button_Save' is clicked on]]></system-out>
         <system-err><![CDATA[]]></system-err>
      </testcase>
      <testcase name="Test Cases/1612893/TC_37_Set_a_header" time="19.369" classname="Test Cases/1612893/TC_37_Set_a_header" status="PASSED">
         <system-out><![CDATA[2020-06-05 19:40:30 - [TEST_CASE][PASSED] - Test Cases/1612893/TC_37_Set_a_header: Test Cases/1612893/TC_37_Set_a_header

2020-06-05 19:40:30 - [TEST_STEP][PASSED] - openBrowser(""): Browser is opened with url: ''

2020-06-05 19:40:30 - [MESSAGE][WARNING] - A browser is already opened. Closing browser and opening a new one

2020-06-05 19:40:31 - [MESSAGE][INFO] - Starting 'Chrome' driver

2020-06-05 19:40:31 - [MESSAGE][INFO] - Action delay is set to 0 milliseconds

2020-06-05 19:40:35 - [MESSAGE][PASSED] - Browser is opened with url: ''

2020-06-05 19:40:35 - [TEST_STEP][PASSED] - navigateToUrl("http://localhost:8065/login"): Navigate to 'http://localhost:8065/login' successfully

2020-06-05 19:40:36 - [MESSAGE][PASSED] - Navigate to 'http://localhost:8065/login' successfully

2020-06-05 19:40:36 - [TEST_STEP][PASSED] - setText(findTestObject("Object Repository/1612893/37_Set_a_header/Page_Mattermost/input_All team communication in one place s_703ef5"), "hcmus-cdnc"): Text 'hcmus-cdnc' is set on object 'Object Repository/1612893/37_Set_a_header/Page_Mattermost/input_All team communication in one place s_703ef5'

2020-06-05 19:40:38 - [MESSAGE][PASSED] - Text 'hcmus-cdnc' is set on object 'Object Repository/1612893/37_Set_a_header/Page_Mattermost/input_All team communication in one place s_703ef5'

2020-06-05 19:40:38 - [TEST_STEP][PASSED] - setEncryptedText(findTestObject("Object Repository/1612893/37_Set_a_header/Page_Mattermost/input_All team communication in one place s_2f2733"), "aeHFOx8jV/A="): Text ****** has been set on object 'Object Repository/1612893/37_Set_a_header/Page_Mattermost/input_All team communication in one place s_2f2733'

2020-06-05 19:40:39 - [MESSAGE][PASSED] - Text ****** has been set on object 'Object Repository/1612893/37_Set_a_header/Page_Mattermost/input_All team communication in one place s_2f2733'

2020-06-05 19:40:39 - [TEST_STEP][PASSED] - sendKeys(findTestObject("Object Repository/1612893/37_Set_a_header/Page_Mattermost/input_All team communication in one place s_2f2733"), Keys.chord(ENTER)): Keys 'ENTER + ' sent to object: 'Object Repository/1612893/37_Set_a_header/Page_Mattermost/input_All team communication in one place s_2f2733'

2020-06-05 19:40:39 - [MESSAGE][PASSED] - Keys 'ENTER + ' sent to object: 'Object Repository/1612893/37_Set_a_header/Page_Mattermost/input_All team communication in one place s_2f2733'

2020-06-05 19:40:39 - [TEST_STEP][PASSED] - click(findTestObject("Object Repository/1612893/37_Set_a_header/Page_Thanh set Channel name - hcmus-cdnc-te_a699a0/button_Set a Header")): Object: 'Object Repository/1612893/37_Set_a_header/Page_Thanh set Channel name - hcmus-cdnc-te_a699a0/button_Set a Header' is clicked on

2020-06-05 19:40:47 - [MESSAGE][PASSED] - Object: 'Object Repository/1612893/37_Set_a_header/Page_Thanh set Channel name - hcmus-cdnc-te_a699a0/button_Set a Header' is clicked on

2020-06-05 19:40:47 - [TEST_STEP][PASSED] - setText(findTestObject("Object Repository/1612893/37_Set_a_header/Page_Thanh set Channel name - hcmus-cdnc-te_a699a0/textarea_thanh set header"), content): Text '$#%@#^^#%##%%' is set on object 'Object Repository/1612893/37_Set_a_header/Page_Thanh set Channel name - hcmus-cdnc-te_a699a0/textarea_thanh set header'

2020-06-05 19:40:49 - [MESSAGE][PASSED] - Text '$#%@#^^#%##%%' is set on object 'Object Repository/1612893/37_Set_a_header/Page_Thanh set Channel name - hcmus-cdnc-te_a699a0/textarea_thanh set header'

2020-06-05 19:40:49 - [TEST_STEP][PASSED] - click(findTestObject("Object Repository/1612893/37_Set_a_header/Page_Thanh set Channel name - hcmus-cdnc-te_a699a0/button_Save")): Object: 'Object Repository/1612893/37_Set_a_header/Page_Thanh set Channel name - hcmus-cdnc-te_a699a0/button_Save' is clicked on

2020-06-05 19:40:50 - [MESSAGE][PASSED] - Object: 'Object Repository/1612893/37_Set_a_header/Page_Thanh set Channel name - hcmus-cdnc-te_a699a0/button_Save' is clicked on]]></system-out>
         <system-err><![CDATA[]]></system-err>
      </testcase>
      <testcase name="Test Cases/1612893/TC_37_Set_a_header" time="18.765" classname="Test Cases/1612893/TC_37_Set_a_header" status="PASSED">
         <system-out><![CDATA[2020-06-05 19:40:50 - [TEST_CASE][PASSED] - Test Cases/1612893/TC_37_Set_a_header: Test Cases/1612893/TC_37_Set_a_header

2020-06-05 19:40:50 - [TEST_STEP][PASSED] - openBrowser(""): Browser is opened with url: ''

2020-06-05 19:40:50 - [MESSAGE][WARNING] - A browser is already opened. Closing browser and opening a new one

2020-06-05 19:40:50 - [MESSAGE][INFO] - Starting 'Chrome' driver

2020-06-05 19:40:50 - [MESSAGE][INFO] - Action delay is set to 0 milliseconds

2020-06-05 19:40:54 - [MESSAGE][PASSED] - Browser is opened with url: ''

2020-06-05 19:40:54 - [TEST_STEP][PASSED] - navigateToUrl("http://localhost:8065/login"): Navigate to 'http://localhost:8065/login' successfully

2020-06-05 19:40:56 - [MESSAGE][PASSED] - Navigate to 'http://localhost:8065/login' successfully

2020-06-05 19:40:56 - [TEST_STEP][PASSED] - setText(findTestObject("Object Repository/1612893/37_Set_a_header/Page_Mattermost/input_All team communication in one place s_703ef5"), "hcmus-cdnc"): Text 'hcmus-cdnc' is set on object 'Object Repository/1612893/37_Set_a_header/Page_Mattermost/input_All team communication in one place s_703ef5'

2020-06-05 19:40:58 - [MESSAGE][PASSED] - Text 'hcmus-cdnc' is set on object 'Object Repository/1612893/37_Set_a_header/Page_Mattermost/input_All team communication in one place s_703ef5'

2020-06-05 19:40:58 - [TEST_STEP][PASSED] - setEncryptedText(findTestObject("Object Repository/1612893/37_Set_a_header/Page_Mattermost/input_All team communication in one place s_2f2733"), "aeHFOx8jV/A="): Text ****** has been set on object 'Object Repository/1612893/37_Set_a_header/Page_Mattermost/input_All team communication in one place s_2f2733'

2020-06-05 19:40:58 - [MESSAGE][PASSED] - Text ****** has been set on object 'Object Repository/1612893/37_Set_a_header/Page_Mattermost/input_All team communication in one place s_2f2733'

2020-06-05 19:40:58 - [TEST_STEP][PASSED] - sendKeys(findTestObject("Object Repository/1612893/37_Set_a_header/Page_Mattermost/input_All team communication in one place s_2f2733"), Keys.chord(ENTER)): Keys 'ENTER + ' sent to object: 'Object Repository/1612893/37_Set_a_header/Page_Mattermost/input_All team communication in one place s_2f2733'

2020-06-05 19:40:59 - [MESSAGE][PASSED] - Keys 'ENTER + ' sent to object: 'Object Repository/1612893/37_Set_a_header/Page_Mattermost/input_All team communication in one place s_2f2733'

2020-06-05 19:40:59 - [TEST_STEP][PASSED] - click(findTestObject("Object Repository/1612893/37_Set_a_header/Page_Thanh set Channel name - hcmus-cdnc-te_a699a0/button_Set a Header")): Object: 'Object Repository/1612893/37_Set_a_header/Page_Thanh set Channel name - hcmus-cdnc-te_a699a0/button_Set a Header' is clicked on

2020-06-05 19:41:06 - [MESSAGE][PASSED] - Object: 'Object Repository/1612893/37_Set_a_header/Page_Thanh set Channel name - hcmus-cdnc-te_a699a0/button_Set a Header' is clicked on

2020-06-05 19:41:06 - [TEST_STEP][PASSED] - setText(findTestObject("Object Repository/1612893/37_Set_a_header/Page_Thanh set Channel name - hcmus-cdnc-te_a699a0/textarea_thanh set header"), content): Text '><VĐGDGR$RFD' is set on object 'Object Repository/1612893/37_Set_a_header/Page_Thanh set Channel name - hcmus-cdnc-te_a699a0/textarea_thanh set header'

2020-06-05 19:41:08 - [MESSAGE][PASSED] - Text '><VĐGDGR$RFD' is set on object 'Object Repository/1612893/37_Set_a_header/Page_Thanh set Channel name - hcmus-cdnc-te_a699a0/textarea_thanh set header'

2020-06-05 19:41:08 - [TEST_STEP][PASSED] - click(findTestObject("Object Repository/1612893/37_Set_a_header/Page_Thanh set Channel name - hcmus-cdnc-te_a699a0/button_Save")): Object: 'Object Repository/1612893/37_Set_a_header/Page_Thanh set Channel name - hcmus-cdnc-te_a699a0/button_Save' is clicked on

2020-06-05 19:41:08 - [MESSAGE][PASSED] - Object: 'Object Repository/1612893/37_Set_a_header/Page_Thanh set Channel name - hcmus-cdnc-te_a699a0/button_Save' is clicked on]]></system-out>
         <system-err><![CDATA[]]></system-err>
      </testcase>
      <testcase name="Test Cases/1612893/TC_37_Set_a_header" time="15.36" classname="Test Cases/1612893/TC_37_Set_a_header" status="PASSED">
         <system-out><![CDATA[2020-06-05 19:41:08 - [TEST_CASE][PASSED] - Test Cases/1612893/TC_37_Set_a_header: Test Cases/1612893/TC_37_Set_a_header

2020-06-05 19:41:08 - [TEST_STEP][PASSED] - openBrowser(""): Browser is opened with url: ''

2020-06-05 19:41:08 - [MESSAGE][WARNING] - A browser is already opened. Closing browser and opening a new one

2020-06-05 19:41:09 - [MESSAGE][INFO] - Starting 'Chrome' driver

2020-06-05 19:41:09 - [MESSAGE][INFO] - Action delay is set to 0 milliseconds

2020-06-05 19:41:13 - [MESSAGE][PASSED] - Browser is opened with url: ''

2020-06-05 19:41:13 - [TEST_STEP][PASSED] - navigateToUrl("http://localhost:8065/login"): Navigate to 'http://localhost:8065/login' successfully

2020-06-05 19:41:14 - [MESSAGE][PASSED] - Navigate to 'http://localhost:8065/login' successfully

2020-06-05 19:41:14 - [TEST_STEP][PASSED] - setText(findTestObject("Object Repository/1612893/37_Set_a_header/Page_Mattermost/input_All team communication in one place s_703ef5"), "hcmus-cdnc"): Text 'hcmus-cdnc' is set on object 'Object Repository/1612893/37_Set_a_header/Page_Mattermost/input_All team communication in one place s_703ef5'

2020-06-05 19:41:16 - [MESSAGE][PASSED] - Text 'hcmus-cdnc' is set on object 'Object Repository/1612893/37_Set_a_header/Page_Mattermost/input_All team communication in one place s_703ef5'

2020-06-05 19:41:16 - [TEST_STEP][PASSED] - setEncryptedText(findTestObject("Object Repository/1612893/37_Set_a_header/Page_Mattermost/input_All team communication in one place s_2f2733"), "aeHFOx8jV/A="): Text ****** has been set on object 'Object Repository/1612893/37_Set_a_header/Page_Mattermost/input_All team communication in one place s_2f2733'

2020-06-05 19:41:17 - [MESSAGE][PASSED] - Text ****** has been set on object 'Object Repository/1612893/37_Set_a_header/Page_Mattermost/input_All team communication in one place s_2f2733'

2020-06-05 19:41:17 - [TEST_STEP][PASSED] - sendKeys(findTestObject("Object Repository/1612893/37_Set_a_header/Page_Mattermost/input_All team communication in one place s_2f2733"), Keys.chord(ENTER)): Keys 'ENTER + ' sent to object: 'Object Repository/1612893/37_Set_a_header/Page_Mattermost/input_All team communication in one place s_2f2733'

2020-06-05 19:41:17 - [MESSAGE][PASSED] - Keys 'ENTER + ' sent to object: 'Object Repository/1612893/37_Set_a_header/Page_Mattermost/input_All team communication in one place s_2f2733'

2020-06-05 19:41:17 - [TEST_STEP][PASSED] - click(findTestObject("Object Repository/1612893/37_Set_a_header/Page_Thanh set Channel name - hcmus-cdnc-te_a699a0/button_Set a Header")): Object: 'Object Repository/1612893/37_Set_a_header/Page_Thanh set Channel name - hcmus-cdnc-te_a699a0/button_Set a Header' is clicked on

2020-06-05 19:41:22 - [MESSAGE][PASSED] - Object: 'Object Repository/1612893/37_Set_a_header/Page_Thanh set Channel name - hcmus-cdnc-te_a699a0/button_Set a Header' is clicked on

2020-06-05 19:41:22 - [TEST_STEP][PASSED] - setText(findTestObject("Object Repository/1612893/37_Set_a_header/Page_Thanh set Channel name - hcmus-cdnc-te_a699a0/textarea_thanh set header"), content): Text '<div><div>' is set on object 'Object Repository/1612893/37_Set_a_header/Page_Thanh set Channel name - hcmus-cdnc-te_a699a0/textarea_thanh set header'

2020-06-05 19:41:23 - [MESSAGE][PASSED] - Text '<div><div>' is set on object 'Object Repository/1612893/37_Set_a_header/Page_Thanh set Channel name - hcmus-cdnc-te_a699a0/textarea_thanh set header'

2020-06-05 19:41:23 - [TEST_STEP][PASSED] - click(findTestObject("Object Repository/1612893/37_Set_a_header/Page_Thanh set Channel name - hcmus-cdnc-te_a699a0/button_Save")): Object: 'Object Repository/1612893/37_Set_a_header/Page_Thanh set Channel name - hcmus-cdnc-te_a699a0/button_Save' is clicked on

2020-06-05 19:41:24 - [MESSAGE][PASSED] - Object: 'Object Repository/1612893/37_Set_a_header/Page_Thanh set Channel name - hcmus-cdnc-te_a699a0/button_Save' is clicked on]]></system-out>
         <system-err><![CDATA[]]></system-err>
      </testcase>
      <testcase name="Test Cases/1612893/TC_37_Set_a_header" time="15.447" classname="Test Cases/1612893/TC_37_Set_a_header" status="PASSED">
         <system-out><![CDATA[2020-06-05 19:41:24 - [TEST_CASE][PASSED] - Test Cases/1612893/TC_37_Set_a_header: Test Cases/1612893/TC_37_Set_a_header

2020-06-05 19:41:24 - [TEST_STEP][PASSED] - openBrowser(""): Browser is opened with url: ''

2020-06-05 19:41:24 - [MESSAGE][WARNING] - A browser is already opened. Closing browser and opening a new one

2020-06-05 19:41:25 - [MESSAGE][INFO] - Starting 'Chrome' driver

2020-06-05 19:41:25 - [MESSAGE][INFO] - Action delay is set to 0 milliseconds

2020-06-05 19:41:28 - [MESSAGE][PASSED] - Browser is opened with url: ''

2020-06-05 19:41:28 - [TEST_STEP][PASSED] - navigateToUrl("http://localhost:8065/login"): Navigate to 'http://localhost:8065/login' successfully

2020-06-05 19:41:29 - [MESSAGE][PASSED] - Navigate to 'http://localhost:8065/login' successfully

2020-06-05 19:41:29 - [TEST_STEP][PASSED] - setText(findTestObject("Object Repository/1612893/37_Set_a_header/Page_Mattermost/input_All team communication in one place s_703ef5"), "hcmus-cdnc"): Text 'hcmus-cdnc' is set on object 'Object Repository/1612893/37_Set_a_header/Page_Mattermost/input_All team communication in one place s_703ef5'

2020-06-05 19:41:31 - [MESSAGE][PASSED] - Text 'hcmus-cdnc' is set on object 'Object Repository/1612893/37_Set_a_header/Page_Mattermost/input_All team communication in one place s_703ef5'

2020-06-05 19:41:31 - [TEST_STEP][PASSED] - setEncryptedText(findTestObject("Object Repository/1612893/37_Set_a_header/Page_Mattermost/input_All team communication in one place s_2f2733"), "aeHFOx8jV/A="): Text ****** has been set on object 'Object Repository/1612893/37_Set_a_header/Page_Mattermost/input_All team communication in one place s_2f2733'

2020-06-05 19:41:32 - [MESSAGE][PASSED] - Text ****** has been set on object 'Object Repository/1612893/37_Set_a_header/Page_Mattermost/input_All team communication in one place s_2f2733'

2020-06-05 19:41:32 - [TEST_STEP][PASSED] - sendKeys(findTestObject("Object Repository/1612893/37_Set_a_header/Page_Mattermost/input_All team communication in one place s_2f2733"), Keys.chord(ENTER)): Keys 'ENTER + ' sent to object: 'Object Repository/1612893/37_Set_a_header/Page_Mattermost/input_All team communication in one place s_2f2733'

2020-06-05 19:41:32 - [MESSAGE][PASSED] - Keys 'ENTER + ' sent to object: 'Object Repository/1612893/37_Set_a_header/Page_Mattermost/input_All team communication in one place s_2f2733'

2020-06-05 19:41:32 - [TEST_STEP][PASSED] - click(findTestObject("Object Repository/1612893/37_Set_a_header/Page_Thanh set Channel name - hcmus-cdnc-te_a699a0/button_Set a Header")): Object: 'Object Repository/1612893/37_Set_a_header/Page_Thanh set Channel name - hcmus-cdnc-te_a699a0/button_Set a Header' is clicked on

2020-06-05 19:41:37 - [MESSAGE][PASSED] - Object: 'Object Repository/1612893/37_Set_a_header/Page_Thanh set Channel name - hcmus-cdnc-te_a699a0/button_Set a Header' is clicked on

2020-06-05 19:41:37 - [TEST_STEP][PASSED] - setText(findTestObject("Object Repository/1612893/37_Set_a_header/Page_Thanh set Channel name - hcmus-cdnc-te_a699a0/textarea_thanh set header"), content): Text 'thanh set header' is set on object 'Object Repository/1612893/37_Set_a_header/Page_Thanh set Channel name - hcmus-cdnc-te_a699a0/textarea_thanh set header'

2020-06-05 19:41:39 - [MESSAGE][PASSED] - Text 'thanh set header' is set on object 'Object Repository/1612893/37_Set_a_header/Page_Thanh set Channel name - hcmus-cdnc-te_a699a0/textarea_thanh set header'

2020-06-05 19:41:39 - [TEST_STEP][PASSED] - click(findTestObject("Object Repository/1612893/37_Set_a_header/Page_Thanh set Channel name - hcmus-cdnc-te_a699a0/button_Save")): Object: 'Object Repository/1612893/37_Set_a_header/Page_Thanh set Channel name - hcmus-cdnc-te_a699a0/button_Save' is clicked on

2020-06-05 19:41:39 - [MESSAGE][PASSED] - Object: 'Object Repository/1612893/37_Set_a_header/Page_Thanh set Channel name - hcmus-cdnc-te_a699a0/button_Save' is clicked on]]></system-out>
         <system-err><![CDATA[]]></system-err>
      </testcase>
      <testcase name="Test Cases/1612893/TC_38_Rename_Channel" time="17.043" classname="Test Cases/1612893/TC_38_Rename_Channel" status="PASSED">
         <system-out><![CDATA[2020-06-05 19:41:39 - [TEST_CASE][PASSED] - Test Cases/1612893/TC_38_Rename_Channel: Test Cases/1612893/TC_38_Rename_Channel

2020-06-05 19:41:40 - [TEST_STEP][PASSED] - openBrowser(""): Browser is opened with url: ''

2020-06-05 19:41:40 - [MESSAGE][WARNING] - A browser is already opened. Closing browser and opening a new one

2020-06-05 19:41:40 - [MESSAGE][INFO] - Starting 'Chrome' driver

2020-06-05 19:41:40 - [MESSAGE][INFO] - Action delay is set to 0 milliseconds

2020-06-05 19:41:44 - [MESSAGE][PASSED] - Browser is opened with url: ''

2020-06-05 19:41:44 - [TEST_STEP][PASSED] - navigateToUrl("http://localhost:8065/login"): Navigate to 'http://localhost:8065/login' successfully

2020-06-05 19:41:45 - [MESSAGE][PASSED] - Navigate to 'http://localhost:8065/login' successfully

2020-06-05 19:41:45 - [TEST_STEP][PASSED] - setText(findTestObject("Object Repository/1612893/38_Rename_channel/Page_Mattermost/input_All team communication in one place s_703ef5"), "hcmus-cdnc"): Text 'hcmus-cdnc' is set on object 'Object Repository/1612893/38_Rename_channel/Page_Mattermost/input_All team communication in one place s_703ef5'

2020-06-05 19:41:47 - [MESSAGE][PASSED] - Text 'hcmus-cdnc' is set on object 'Object Repository/1612893/38_Rename_channel/Page_Mattermost/input_All team communication in one place s_703ef5'

2020-06-05 19:41:47 - [TEST_STEP][PASSED] - setEncryptedText(findTestObject("Object Repository/1612893/38_Rename_channel/Page_Mattermost/input_All team communication in one place s_2f2733"), "aeHFOx8jV/A="): Text ****** has been set on object 'Object Repository/1612893/38_Rename_channel/Page_Mattermost/input_All team communication in one place s_2f2733'

2020-06-05 19:41:48 - [MESSAGE][PASSED] - Text ****** has been set on object 'Object Repository/1612893/38_Rename_channel/Page_Mattermost/input_All team communication in one place s_2f2733'

2020-06-05 19:41:48 - [TEST_STEP][PASSED] - click(findTestObject("Object Repository/1612893/38_Rename_channel/Page_Mattermost/span_Sign in")): Object: 'Object Repository/1612893/38_Rename_channel/Page_Mattermost/span_Sign in' is clicked on

2020-06-05 19:41:49 - [MESSAGE][PASSED] - Object: 'Object Repository/1612893/38_Rename_channel/Page_Mattermost/span_Sign in' is clicked on

2020-06-05 19:41:49 - [TEST_STEP][PASSED] - click(findTestObject("Object Repository/1612893/38_Rename_channel/Page_Town Square - hcmus-cdnc-team Mattermost/span_Town Square_channelHeaderDropdownIcon")): Object: 'Object Repository/1612893/38_Rename_channel/Page_Town Square - hcmus-cdnc-team Mattermost/span_Town Square_channelHeaderDropdownIcon' is clicked on

2020-06-05 19:41:52 - [MESSAGE][PASSED] - Object: 'Object Repository/1612893/38_Rename_channel/Page_Town Square - hcmus-cdnc-team Mattermost/span_Town Square_channelHeaderDropdownIcon' is clicked on

2020-06-05 19:41:52 - [TEST_STEP][PASSED] - click(findTestObject("Object Repository/1612893/38_Rename_channel/Page_Town Square - hcmus-cdnc-team Mattermost/span_Rename Channel")): Object: 'Object Repository/1612893/38_Rename_channel/Page_Town Square - hcmus-cdnc-team Mattermost/span_Rename Channel' is clicked on

2020-06-05 19:41:53 - [MESSAGE][PASSED] - Object: 'Object Repository/1612893/38_Rename_channel/Page_Town Square - hcmus-cdnc-team Mattermost/span_Rename Channel' is clicked on

2020-06-05 19:41:53 - [TEST_STEP][PASSED] - setText(findTestObject("Object Repository/1612893/38_Rename_channel/Page_Town Square - hcmus-cdnc-team Mattermost/input_Display Name_display_name"), channelName): Text '1234565789087654334564576543234576433425764' is set on object 'Object Repository/1612893/38_Rename_channel/Page_Town Square - hcmus-cdnc-team Mattermost/input_Display Name_display_name'

2020-06-05 19:41:55 - [MESSAGE][PASSED] - Text '1234565789087654334564576543234576433425764' is set on object 'Object Repository/1612893/38_Rename_channel/Page_Town Square - hcmus-cdnc-team Mattermost/input_Display Name_display_name'

2020-06-05 19:41:55 - [TEST_STEP][PASSED] - click(findTestObject("Object Repository/1612893/38_Rename_channel/Page_Town Square - hcmus-cdnc-team Mattermost/span_Save")): Object: 'Object Repository/1612893/38_Rename_channel/Page_Town Square - hcmus-cdnc-team Mattermost/span_Save' is clicked on

2020-06-05 19:41:56 - [MESSAGE][PASSED] - Object: 'Object Repository/1612893/38_Rename_channel/Page_Town Square - hcmus-cdnc-team Mattermost/span_Save' is clicked on

2020-06-05 19:41:56 - [TEST_STEP][PASSED] - closeBrowser(): Browser is closed

2020-06-05 19:41:56 - [MESSAGE][PASSED] - Browser is closed]]></system-out>
         <system-err><![CDATA[]]></system-err>
      </testcase>
      <testcase name="Test Cases/1612893/TC_38_Rename_Channel" time="14.79" classname="Test Cases/1612893/TC_38_Rename_Channel" status="PASSED">
         <system-out><![CDATA[2020-06-05 19:41:56 - [TEST_CASE][PASSED] - Test Cases/1612893/TC_38_Rename_Channel: Test Cases/1612893/TC_38_Rename_Channel

2020-06-05 19:41:56 - [TEST_STEP][PASSED] - openBrowser(""): Browser is opened with url: ''

2020-06-05 19:41:56 - [MESSAGE][INFO] - Starting 'Chrome' driver

2020-06-05 19:41:56 - [MESSAGE][INFO] - Action delay is set to 0 milliseconds

2020-06-05 19:42:00 - [MESSAGE][PASSED] - Browser is opened with url: ''

2020-06-05 19:42:00 - [TEST_STEP][PASSED] - navigateToUrl("http://localhost:8065/login"): Navigate to 'http://localhost:8065/login' successfully

2020-06-05 19:42:01 - [MESSAGE][PASSED] - Navigate to 'http://localhost:8065/login' successfully

2020-06-05 19:42:01 - [TEST_STEP][PASSED] - setText(findTestObject("Object Repository/1612893/38_Rename_channel/Page_Mattermost/input_All team communication in one place s_703ef5"), "hcmus-cdnc"): Text 'hcmus-cdnc' is set on object 'Object Repository/1612893/38_Rename_channel/Page_Mattermost/input_All team communication in one place s_703ef5'

2020-06-05 19:42:03 - [MESSAGE][PASSED] - Text 'hcmus-cdnc' is set on object 'Object Repository/1612893/38_Rename_channel/Page_Mattermost/input_All team communication in one place s_703ef5'

2020-06-05 19:42:03 - [TEST_STEP][PASSED] - setEncryptedText(findTestObject("Object Repository/1612893/38_Rename_channel/Page_Mattermost/input_All team communication in one place s_2f2733"), "aeHFOx8jV/A="): Text ****** has been set on object 'Object Repository/1612893/38_Rename_channel/Page_Mattermost/input_All team communication in one place s_2f2733'

2020-06-05 19:42:04 - [MESSAGE][PASSED] - Text ****** has been set on object 'Object Repository/1612893/38_Rename_channel/Page_Mattermost/input_All team communication in one place s_2f2733'

2020-06-05 19:42:04 - [TEST_STEP][PASSED] - click(findTestObject("Object Repository/1612893/38_Rename_channel/Page_Mattermost/span_Sign in")): Object: 'Object Repository/1612893/38_Rename_channel/Page_Mattermost/span_Sign in' is clicked on

2020-06-05 19:42:04 - [MESSAGE][PASSED] - Object: 'Object Repository/1612893/38_Rename_channel/Page_Mattermost/span_Sign in' is clicked on

2020-06-05 19:42:04 - [TEST_STEP][PASSED] - click(findTestObject("Object Repository/1612893/38_Rename_channel/Page_Town Square - hcmus-cdnc-team Mattermost/span_Town Square_channelHeaderDropdownIcon")): Object: 'Object Repository/1612893/38_Rename_channel/Page_Town Square - hcmus-cdnc-team Mattermost/span_Town Square_channelHeaderDropdownIcon' is clicked on

2020-06-05 19:42:08 - [MESSAGE][PASSED] - Object: 'Object Repository/1612893/38_Rename_channel/Page_Town Square - hcmus-cdnc-team Mattermost/span_Town Square_channelHeaderDropdownIcon' is clicked on

2020-06-05 19:42:08 - [TEST_STEP][PASSED] - click(findTestObject("Object Repository/1612893/38_Rename_channel/Page_Town Square - hcmus-cdnc-team Mattermost/span_Rename Channel")): Object: 'Object Repository/1612893/38_Rename_channel/Page_Town Square - hcmus-cdnc-team Mattermost/span_Rename Channel' is clicked on

2020-06-05 19:42:08 - [MESSAGE][PASSED] - Object: 'Object Repository/1612893/38_Rename_channel/Page_Town Square - hcmus-cdnc-team Mattermost/span_Rename Channel' is clicked on

2020-06-05 19:42:08 - [TEST_STEP][PASSED] - setText(findTestObject("Object Repository/1612893/38_Rename_channel/Page_Town Square - hcmus-cdnc-team Mattermost/input_Display Name_display_name"), channelName): Text 'RGDETHRDFE' is set on object 'Object Repository/1612893/38_Rename_channel/Page_Town Square - hcmus-cdnc-team Mattermost/input_Display Name_display_name'

2020-06-05 19:42:10 - [MESSAGE][PASSED] - Text 'RGDETHRDFE' is set on object 'Object Repository/1612893/38_Rename_channel/Page_Town Square - hcmus-cdnc-team Mattermost/input_Display Name_display_name'

2020-06-05 19:42:10 - [TEST_STEP][PASSED] - click(findTestObject("Object Repository/1612893/38_Rename_channel/Page_Town Square - hcmus-cdnc-team Mattermost/span_Save")): Object: 'Object Repository/1612893/38_Rename_channel/Page_Town Square - hcmus-cdnc-team Mattermost/span_Save' is clicked on

2020-06-05 19:42:10 - [MESSAGE][PASSED] - Object: 'Object Repository/1612893/38_Rename_channel/Page_Town Square - hcmus-cdnc-team Mattermost/span_Save' is clicked on

2020-06-05 19:42:10 - [TEST_STEP][PASSED] - closeBrowser(): Browser is closed

2020-06-05 19:42:11 - [MESSAGE][PASSED] - Browser is closed]]></system-out>
         <system-err><![CDATA[]]></system-err>
      </testcase>
      <testcase name="Test Cases/1612893/TC_38_Rename_Channel" time="14.46" classname="Test Cases/1612893/TC_38_Rename_Channel" status="PASSED">
         <system-out><![CDATA[2020-06-05 19:42:11 - [TEST_CASE][PASSED] - Test Cases/1612893/TC_38_Rename_Channel: Test Cases/1612893/TC_38_Rename_Channel

2020-06-05 19:42:11 - [TEST_STEP][PASSED] - openBrowser(""): Browser is opened with url: ''

2020-06-05 19:42:11 - [MESSAGE][INFO] - Starting 'Chrome' driver

2020-06-05 19:42:11 - [MESSAGE][INFO] - Action delay is set to 0 milliseconds

2020-06-05 19:42:15 - [MESSAGE][PASSED] - Browser is opened with url: ''

2020-06-05 19:42:15 - [TEST_STEP][PASSED] - navigateToUrl("http://localhost:8065/login"): Navigate to 'http://localhost:8065/login' successfully

2020-06-05 19:42:16 - [MESSAGE][PASSED] - Navigate to 'http://localhost:8065/login' successfully

2020-06-05 19:42:16 - [TEST_STEP][PASSED] - setText(findTestObject("Object Repository/1612893/38_Rename_channel/Page_Mattermost/input_All team communication in one place s_703ef5"), "hcmus-cdnc"): Text 'hcmus-cdnc' is set on object 'Object Repository/1612893/38_Rename_channel/Page_Mattermost/input_All team communication in one place s_703ef5'

2020-06-05 19:42:18 - [MESSAGE][PASSED] - Text 'hcmus-cdnc' is set on object 'Object Repository/1612893/38_Rename_channel/Page_Mattermost/input_All team communication in one place s_703ef5'

2020-06-05 19:42:18 - [TEST_STEP][PASSED] - setEncryptedText(findTestObject("Object Repository/1612893/38_Rename_channel/Page_Mattermost/input_All team communication in one place s_2f2733"), "aeHFOx8jV/A="): Text ****** has been set on object 'Object Repository/1612893/38_Rename_channel/Page_Mattermost/input_All team communication in one place s_2f2733'

2020-06-05 19:42:18 - [MESSAGE][PASSED] - Text ****** has been set on object 'Object Repository/1612893/38_Rename_channel/Page_Mattermost/input_All team communication in one place s_2f2733'

2020-06-05 19:42:18 - [TEST_STEP][PASSED] - click(findTestObject("Object Repository/1612893/38_Rename_channel/Page_Mattermost/span_Sign in")): Object: 'Object Repository/1612893/38_Rename_channel/Page_Mattermost/span_Sign in' is clicked on

2020-06-05 19:42:19 - [MESSAGE][PASSED] - Object: 'Object Repository/1612893/38_Rename_channel/Page_Mattermost/span_Sign in' is clicked on

2020-06-05 19:42:19 - [TEST_STEP][PASSED] - click(findTestObject("Object Repository/1612893/38_Rename_channel/Page_Town Square - hcmus-cdnc-team Mattermost/span_Town Square_channelHeaderDropdownIcon")): Object: 'Object Repository/1612893/38_Rename_channel/Page_Town Square - hcmus-cdnc-team Mattermost/span_Town Square_channelHeaderDropdownIcon' is clicked on

2020-06-05 19:42:22 - [MESSAGE][PASSED] - Object: 'Object Repository/1612893/38_Rename_channel/Page_Town Square - hcmus-cdnc-team Mattermost/span_Town Square_channelHeaderDropdownIcon' is clicked on

2020-06-05 19:42:22 - [TEST_STEP][PASSED] - click(findTestObject("Object Repository/1612893/38_Rename_channel/Page_Town Square - hcmus-cdnc-team Mattermost/span_Rename Channel")): Object: 'Object Repository/1612893/38_Rename_channel/Page_Town Square - hcmus-cdnc-team Mattermost/span_Rename Channel' is clicked on

2020-06-05 19:42:23 - [MESSAGE][PASSED] - Object: 'Object Repository/1612893/38_Rename_channel/Page_Town Square - hcmus-cdnc-team Mattermost/span_Rename Channel' is clicked on

2020-06-05 19:42:23 - [TEST_STEP][PASSED] - setText(findTestObject("Object Repository/1612893/38_Rename_channel/Page_Town Square - hcmus-cdnc-team Mattermost/input_Display Name_display_name"), channelName): Text '%$##^$#%#%' is set on object 'Object Repository/1612893/38_Rename_channel/Page_Town Square - hcmus-cdnc-team Mattermost/input_Display Name_display_name'

2020-06-05 19:42:24 - [MESSAGE][PASSED] - Text '%$##^$#%#%' is set on object 'Object Repository/1612893/38_Rename_channel/Page_Town Square - hcmus-cdnc-team Mattermost/input_Display Name_display_name'

2020-06-05 19:42:24 - [TEST_STEP][PASSED] - click(findTestObject("Object Repository/1612893/38_Rename_channel/Page_Town Square - hcmus-cdnc-team Mattermost/span_Save")): Object: 'Object Repository/1612893/38_Rename_channel/Page_Town Square - hcmus-cdnc-team Mattermost/span_Save' is clicked on

2020-06-05 19:42:25 - [MESSAGE][PASSED] - Object: 'Object Repository/1612893/38_Rename_channel/Page_Town Square - hcmus-cdnc-team Mattermost/span_Save' is clicked on

2020-06-05 19:42:25 - [TEST_STEP][PASSED] - closeBrowser(): Browser is closed

2020-06-05 19:42:26 - [MESSAGE][PASSED] - Browser is closed]]></system-out>
         <system-err><![CDATA[]]></system-err>
      </testcase>
      <testcase name="Test Cases/1612893/TC_38_Rename_Channel" time="14.615" classname="Test Cases/1612893/TC_38_Rename_Channel" status="PASSED">
         <system-out><![CDATA[2020-06-05 19:42:26 - [TEST_CASE][PASSED] - Test Cases/1612893/TC_38_Rename_Channel: Test Cases/1612893/TC_38_Rename_Channel

2020-06-05 19:42:26 - [TEST_STEP][PASSED] - openBrowser(""): Browser is opened with url: ''

2020-06-05 19:42:26 - [MESSAGE][INFO] - Starting 'Chrome' driver

2020-06-05 19:42:26 - [MESSAGE][INFO] - Action delay is set to 0 milliseconds

2020-06-05 19:42:29 - [MESSAGE][PASSED] - Browser is opened with url: ''

2020-06-05 19:42:29 - [TEST_STEP][PASSED] - navigateToUrl("http://localhost:8065/login"): Navigate to 'http://localhost:8065/login' successfully

2020-06-05 19:42:30 - [MESSAGE][PASSED] - Navigate to 'http://localhost:8065/login' successfully

2020-06-05 19:42:30 - [TEST_STEP][PASSED] - setText(findTestObject("Object Repository/1612893/38_Rename_channel/Page_Mattermost/input_All team communication in one place s_703ef5"), "hcmus-cdnc"): Text 'hcmus-cdnc' is set on object 'Object Repository/1612893/38_Rename_channel/Page_Mattermost/input_All team communication in one place s_703ef5'

2020-06-05 19:42:32 - [MESSAGE][PASSED] - Text 'hcmus-cdnc' is set on object 'Object Repository/1612893/38_Rename_channel/Page_Mattermost/input_All team communication in one place s_703ef5'

2020-06-05 19:42:32 - [TEST_STEP][PASSED] - setEncryptedText(findTestObject("Object Repository/1612893/38_Rename_channel/Page_Mattermost/input_All team communication in one place s_2f2733"), "aeHFOx8jV/A="): Text ****** has been set on object 'Object Repository/1612893/38_Rename_channel/Page_Mattermost/input_All team communication in one place s_2f2733'

2020-06-05 19:42:33 - [MESSAGE][PASSED] - Text ****** has been set on object 'Object Repository/1612893/38_Rename_channel/Page_Mattermost/input_All team communication in one place s_2f2733'

2020-06-05 19:42:33 - [TEST_STEP][PASSED] - click(findTestObject("Object Repository/1612893/38_Rename_channel/Page_Mattermost/span_Sign in")): Object: 'Object Repository/1612893/38_Rename_channel/Page_Mattermost/span_Sign in' is clicked on

2020-06-05 19:42:33 - [MESSAGE][PASSED] - Object: 'Object Repository/1612893/38_Rename_channel/Page_Mattermost/span_Sign in' is clicked on

2020-06-05 19:42:33 - [TEST_STEP][PASSED] - click(findTestObject("Object Repository/1612893/38_Rename_channel/Page_Town Square - hcmus-cdnc-team Mattermost/span_Town Square_channelHeaderDropdownIcon")): Object: 'Object Repository/1612893/38_Rename_channel/Page_Town Square - hcmus-cdnc-team Mattermost/span_Town Square_channelHeaderDropdownIcon' is clicked on

2020-06-05 19:42:37 - [MESSAGE][PASSED] - Object: 'Object Repository/1612893/38_Rename_channel/Page_Town Square - hcmus-cdnc-team Mattermost/span_Town Square_channelHeaderDropdownIcon' is clicked on

2020-06-05 19:42:37 - [TEST_STEP][PASSED] - click(findTestObject("Object Repository/1612893/38_Rename_channel/Page_Town Square - hcmus-cdnc-team Mattermost/span_Rename Channel")): Object: 'Object Repository/1612893/38_Rename_channel/Page_Town Square - hcmus-cdnc-team Mattermost/span_Rename Channel' is clicked on

2020-06-05 19:42:38 - [MESSAGE][PASSED] - Object: 'Object Repository/1612893/38_Rename_channel/Page_Town Square - hcmus-cdnc-team Mattermost/span_Rename Channel' is clicked on

2020-06-05 19:42:38 - [TEST_STEP][PASSED] - setText(findTestObject("Object Repository/1612893/38_Rename_channel/Page_Town Square - hcmus-cdnc-team Mattermost/input_Display Name_display_name"), channelName): Text '<html><html>' is set on object 'Object Repository/1612893/38_Rename_channel/Page_Town Square - hcmus-cdnc-team Mattermost/input_Display Name_display_name'

2020-06-05 19:42:39 - [MESSAGE][PASSED] - Text '<html><html>' is set on object 'Object Repository/1612893/38_Rename_channel/Page_Town Square - hcmus-cdnc-team Mattermost/input_Display Name_display_name'

2020-06-05 19:42:39 - [TEST_STEP][PASSED] - click(findTestObject("Object Repository/1612893/38_Rename_channel/Page_Town Square - hcmus-cdnc-team Mattermost/span_Save")): Object: 'Object Repository/1612893/38_Rename_channel/Page_Town Square - hcmus-cdnc-team Mattermost/span_Save' is clicked on

2020-06-05 19:42:40 - [MESSAGE][PASSED] - Object: 'Object Repository/1612893/38_Rename_channel/Page_Town Square - hcmus-cdnc-team Mattermost/span_Save' is clicked on

2020-06-05 19:42:40 - [TEST_STEP][PASSED] - closeBrowser(): Browser is closed

2020-06-05 19:42:40 - [MESSAGE][PASSED] - Browser is closed]]></system-out>
         <system-err><![CDATA[]]></system-err>
      </testcase>
      <testcase name="Test Cases/1612893/TC_38_Rename_Channel" time="15.661" classname="Test Cases/1612893/TC_38_Rename_Channel" status="PASSED">
         <system-out><![CDATA[2020-06-05 19:42:40 - [TEST_CASE][PASSED] - Test Cases/1612893/TC_38_Rename_Channel: Test Cases/1612893/TC_38_Rename_Channel

2020-06-05 19:42:40 - [TEST_STEP][PASSED] - openBrowser(""): Browser is opened with url: ''

2020-06-05 19:42:40 - [MESSAGE][INFO] - Starting 'Chrome' driver

2020-06-05 19:42:40 - [MESSAGE][INFO] - Action delay is set to 0 milliseconds

2020-06-05 19:42:44 - [MESSAGE][PASSED] - Browser is opened with url: ''

2020-06-05 19:42:44 - [TEST_STEP][PASSED] - navigateToUrl("http://localhost:8065/login"): Navigate to 'http://localhost:8065/login' successfully

2020-06-05 19:42:45 - [MESSAGE][PASSED] - Navigate to 'http://localhost:8065/login' successfully

2020-06-05 19:42:45 - [TEST_STEP][PASSED] - setText(findTestObject("Object Repository/1612893/38_Rename_channel/Page_Mattermost/input_All team communication in one place s_703ef5"), "hcmus-cdnc"): Text 'hcmus-cdnc' is set on object 'Object Repository/1612893/38_Rename_channel/Page_Mattermost/input_All team communication in one place s_703ef5'

2020-06-05 19:42:47 - [MESSAGE][PASSED] - Text 'hcmus-cdnc' is set on object 'Object Repository/1612893/38_Rename_channel/Page_Mattermost/input_All team communication in one place s_703ef5'

2020-06-05 19:42:47 - [TEST_STEP][PASSED] - setEncryptedText(findTestObject("Object Repository/1612893/38_Rename_channel/Page_Mattermost/input_All team communication in one place s_2f2733"), "aeHFOx8jV/A="): Text ****** has been set on object 'Object Repository/1612893/38_Rename_channel/Page_Mattermost/input_All team communication in one place s_2f2733'

2020-06-05 19:42:48 - [MESSAGE][PASSED] - Text ****** has been set on object 'Object Repository/1612893/38_Rename_channel/Page_Mattermost/input_All team communication in one place s_2f2733'

2020-06-05 19:42:48 - [TEST_STEP][PASSED] - click(findTestObject("Object Repository/1612893/38_Rename_channel/Page_Mattermost/span_Sign in")): Object: 'Object Repository/1612893/38_Rename_channel/Page_Mattermost/span_Sign in' is clicked on

2020-06-05 19:42:49 - [MESSAGE][PASSED] - Object: 'Object Repository/1612893/38_Rename_channel/Page_Mattermost/span_Sign in' is clicked on

2020-06-05 19:42:49 - [TEST_STEP][PASSED] - click(findTestObject("Object Repository/1612893/38_Rename_channel/Page_Town Square - hcmus-cdnc-team Mattermost/span_Town Square_channelHeaderDropdownIcon")): Object: 'Object Repository/1612893/38_Rename_channel/Page_Town Square - hcmus-cdnc-team Mattermost/span_Town Square_channelHeaderDropdownIcon' is clicked on

2020-06-05 19:42:52 - [MESSAGE][PASSED] - Object: 'Object Repository/1612893/38_Rename_channel/Page_Town Square - hcmus-cdnc-team Mattermost/span_Town Square_channelHeaderDropdownIcon' is clicked on

2020-06-05 19:42:52 - [TEST_STEP][PASSED] - click(findTestObject("Object Repository/1612893/38_Rename_channel/Page_Town Square - hcmus-cdnc-team Mattermost/span_Rename Channel")): Object: 'Object Repository/1612893/38_Rename_channel/Page_Town Square - hcmus-cdnc-team Mattermost/span_Rename Channel' is clicked on

2020-06-05 19:42:53 - [MESSAGE][PASSED] - Object: 'Object Repository/1612893/38_Rename_channel/Page_Town Square - hcmus-cdnc-team Mattermost/span_Rename Channel' is clicked on

2020-06-05 19:42:53 - [TEST_STEP][PASSED] - setText(findTestObject("Object Repository/1612893/38_Rename_channel/Page_Town Square - hcmus-cdnc-team Mattermost/input_Display Name_display_name"), channelName): Text 'Thanh set Channel name' is set on object 'Object Repository/1612893/38_Rename_channel/Page_Town Square - hcmus-cdnc-team Mattermost/input_Display Name_display_name'

2020-06-05 19:42:55 - [MESSAGE][PASSED] - Text 'Thanh set Channel name' is set on object 'Object Repository/1612893/38_Rename_channel/Page_Town Square - hcmus-cdnc-team Mattermost/input_Display Name_display_name'

2020-06-05 19:42:55 - [TEST_STEP][PASSED] - click(findTestObject("Object Repository/1612893/38_Rename_channel/Page_Town Square - hcmus-cdnc-team Mattermost/span_Save")): Object: 'Object Repository/1612893/38_Rename_channel/Page_Town Square - hcmus-cdnc-team Mattermost/span_Save' is clicked on

2020-06-05 19:42:55 - [MESSAGE][PASSED] - Object: 'Object Repository/1612893/38_Rename_channel/Page_Town Square - hcmus-cdnc-team Mattermost/span_Save' is clicked on

2020-06-05 19:42:55 - [TEST_STEP][PASSED] - closeBrowser(): Browser is closed

2020-06-05 19:42:56 - [MESSAGE][PASSED] - Browser is closed]]></system-out>
         <system-err><![CDATA[]]></system-err>
      </testcase>
      <testcase name="Test Cases/1612893/TC_39_Edit_channel_purpose" time="14.805" classname="Test Cases/1612893/TC_39_Edit_channel_purpose" status="PASSED">
         <system-out><![CDATA[2020-06-05 19:42:56 - [TEST_CASE][PASSED] - Test Cases/1612893/TC_39_Edit_channel_purpose: Test Cases/1612893/TC_39_Edit_channel_purpose

2020-06-05 19:42:56 - [TEST_STEP][PASSED] - openBrowser(""): Browser is opened with url: ''

2020-06-05 19:42:56 - [MESSAGE][INFO] - Starting 'Chrome' driver

2020-06-05 19:42:56 - [MESSAGE][INFO] - Action delay is set to 0 milliseconds

2020-06-05 19:43:00 - [MESSAGE][PASSED] - Browser is opened with url: ''

2020-06-05 19:43:00 - [TEST_STEP][PASSED] - navigateToUrl("http://localhost:8065/login"): Navigate to 'http://localhost:8065/login' successfully

2020-06-05 19:43:01 - [MESSAGE][PASSED] - Navigate to 'http://localhost:8065/login' successfully

2020-06-05 19:43:01 - [TEST_STEP][PASSED] - setText(findTestObject("Object Repository/1612893/39_Edit_channel_purpose/Page_Mattermost/input_All team communication in one place s_703ef5"), "hcmus-cdnc"): Text 'hcmus-cdnc' is set on object 'Object Repository/1612893/39_Edit_channel_purpose/Page_Mattermost/input_All team communication in one place s_703ef5'

2020-06-05 19:43:03 - [MESSAGE][PASSED] - Text 'hcmus-cdnc' is set on object 'Object Repository/1612893/39_Edit_channel_purpose/Page_Mattermost/input_All team communication in one place s_703ef5'

2020-06-05 19:43:03 - [TEST_STEP][PASSED] - setEncryptedText(findTestObject("Object Repository/1612893/39_Edit_channel_purpose/Page_Mattermost/input_All team communication in one place s_2f2733"), "aeHFOx8jV/A="): Text ****** has been set on object 'Object Repository/1612893/39_Edit_channel_purpose/Page_Mattermost/input_All team communication in one place s_2f2733'

2020-06-05 19:43:03 - [MESSAGE][PASSED] - Text ****** has been set on object 'Object Repository/1612893/39_Edit_channel_purpose/Page_Mattermost/input_All team communication in one place s_2f2733'

2020-06-05 19:43:03 - [TEST_STEP][PASSED] - click(findTestObject("Object Repository/1612893/39_Edit_channel_purpose/Page_Mattermost/span_Sign in")): Object: 'Object Repository/1612893/39_Edit_channel_purpose/Page_Mattermost/span_Sign in' is clicked on

2020-06-05 19:43:04 - [MESSAGE][PASSED] - Object: 'Object Repository/1612893/39_Edit_channel_purpose/Page_Mattermost/span_Sign in' is clicked on

2020-06-05 19:43:04 - [TEST_STEP][PASSED] - click(findTestObject("Object Repository/1612893/39_Edit_channel_purpose/Page_Thanh set Channel name - hcmus-cdnc-te_a699a0/span_Thanh set Channel name_channelHeaderDr_8caf36")): Object: 'Object Repository/1612893/39_Edit_channel_purpose/Page_Thanh set Channel name - hcmus-cdnc-te_a699a0/span_Thanh set Channel name_channelHeaderDr_8caf36' is clicked on

2020-06-05 19:43:07 - [MESSAGE][PASSED] - Object: 'Object Repository/1612893/39_Edit_channel_purpose/Page_Thanh set Channel name - hcmus-cdnc-te_a699a0/span_Thanh set Channel name_channelHeaderDr_8caf36' is clicked on

2020-06-05 19:43:07 - [TEST_STEP][PASSED] - click(findTestObject("Object Repository/1612893/39_Edit_channel_purpose/Page_Thanh set Channel name - hcmus-cdnc-te_a699a0/span_Edit Channel Purpose")): Object: 'Object Repository/1612893/39_Edit_channel_purpose/Page_Thanh set Channel name - hcmus-cdnc-te_a699a0/span_Edit Channel Purpose' is clicked on

2020-06-05 19:43:08 - [MESSAGE][PASSED] - Object: 'Object Repository/1612893/39_Edit_channel_purpose/Page_Thanh set Channel name - hcmus-cdnc-te_a699a0/span_Edit Channel Purpose' is clicked on

2020-06-05 19:43:08 - [TEST_STEP][PASSED] - setText(findTestObject("Object Repository/1612893/39_Edit_channel_purpose/Page_Thanh set Channel name - hcmus-cdnc-te_a699a0/textarea_Thanh set Channel name_form-contro_b51f21"), channelPurpose): Text 'THANH' is set on object 'Object Repository/1612893/39_Edit_channel_purpose/Page_Thanh set Channel name - hcmus-cdnc-te_a699a0/textarea_Thanh set Channel name_form-contro_b51f21'

2020-06-05 19:43:09 - [MESSAGE][PASSED] - Text 'THANH' is set on object 'Object Repository/1612893/39_Edit_channel_purpose/Page_Thanh set Channel name - hcmus-cdnc-te_a699a0/textarea_Thanh set Channel name_form-contro_b51f21'

2020-06-05 19:43:09 - [TEST_STEP][PASSED] - click(findTestObject("Object Repository/1612893/39_Edit_channel_purpose/Page_Thanh set Channel name - hcmus-cdnc-te_a699a0/span_Save")): Object: 'Object Repository/1612893/39_Edit_channel_purpose/Page_Thanh set Channel name - hcmus-cdnc-te_a699a0/span_Save' is clicked on

2020-06-05 19:43:10 - [MESSAGE][PASSED] - Object: 'Object Repository/1612893/39_Edit_channel_purpose/Page_Thanh set Channel name - hcmus-cdnc-te_a699a0/span_Save' is clicked on

2020-06-05 19:43:10 - [TEST_STEP][PASSED] - closeBrowser(): Browser is closed

2020-06-05 19:43:11 - [MESSAGE][PASSED] - Browser is closed]]></system-out>
         <system-err><![CDATA[]]></system-err>
      </testcase>
      <testcase name="Test Cases/1612893/TC_39_Edit_channel_purpose" time="14.753" classname="Test Cases/1612893/TC_39_Edit_channel_purpose" status="PASSED">
         <system-out><![CDATA[2020-06-05 19:43:11 - [TEST_CASE][PASSED] - Test Cases/1612893/TC_39_Edit_channel_purpose: Test Cases/1612893/TC_39_Edit_channel_purpose

2020-06-05 19:43:11 - [TEST_STEP][PASSED] - openBrowser(""): Browser is opened with url: ''

2020-06-05 19:43:11 - [MESSAGE][INFO] - Starting 'Chrome' driver

2020-06-05 19:43:11 - [MESSAGE][INFO] - Action delay is set to 0 milliseconds

2020-06-05 19:43:14 - [MESSAGE][PASSED] - Browser is opened with url: ''

2020-06-05 19:43:14 - [TEST_STEP][PASSED] - navigateToUrl("http://localhost:8065/login"): Navigate to 'http://localhost:8065/login' successfully

2020-06-05 19:43:16 - [MESSAGE][PASSED] - Navigate to 'http://localhost:8065/login' successfully

2020-06-05 19:43:16 - [TEST_STEP][PASSED] - setText(findTestObject("Object Repository/1612893/39_Edit_channel_purpose/Page_Mattermost/input_All team communication in one place s_703ef5"), "hcmus-cdnc"): Text 'hcmus-cdnc' is set on object 'Object Repository/1612893/39_Edit_channel_purpose/Page_Mattermost/input_All team communication in one place s_703ef5'

2020-06-05 19:43:18 - [MESSAGE][PASSED] - Text 'hcmus-cdnc' is set on object 'Object Repository/1612893/39_Edit_channel_purpose/Page_Mattermost/input_All team communication in one place s_703ef5'

2020-06-05 19:43:18 - [TEST_STEP][PASSED] - setEncryptedText(findTestObject("Object Repository/1612893/39_Edit_channel_purpose/Page_Mattermost/input_All team communication in one place s_2f2733"), "aeHFOx8jV/A="): Text ****** has been set on object 'Object Repository/1612893/39_Edit_channel_purpose/Page_Mattermost/input_All team communication in one place s_2f2733'

2020-06-05 19:43:18 - [MESSAGE][PASSED] - Text ****** has been set on object 'Object Repository/1612893/39_Edit_channel_purpose/Page_Mattermost/input_All team communication in one place s_2f2733'

2020-06-05 19:43:18 - [TEST_STEP][PASSED] - click(findTestObject("Object Repository/1612893/39_Edit_channel_purpose/Page_Mattermost/span_Sign in")): Object: 'Object Repository/1612893/39_Edit_channel_purpose/Page_Mattermost/span_Sign in' is clicked on

2020-06-05 19:43:19 - [MESSAGE][PASSED] - Object: 'Object Repository/1612893/39_Edit_channel_purpose/Page_Mattermost/span_Sign in' is clicked on

2020-06-05 19:43:19 - [TEST_STEP][PASSED] - click(findTestObject("Object Repository/1612893/39_Edit_channel_purpose/Page_Thanh set Channel name - hcmus-cdnc-te_a699a0/span_Thanh set Channel name_channelHeaderDr_8caf36")): Object: 'Object Repository/1612893/39_Edit_channel_purpose/Page_Thanh set Channel name - hcmus-cdnc-te_a699a0/span_Thanh set Channel name_channelHeaderDr_8caf36' is clicked on

2020-06-05 19:43:22 - [MESSAGE][PASSED] - Object: 'Object Repository/1612893/39_Edit_channel_purpose/Page_Thanh set Channel name - hcmus-cdnc-te_a699a0/span_Thanh set Channel name_channelHeaderDr_8caf36' is clicked on

2020-06-05 19:43:22 - [TEST_STEP][PASSED] - click(findTestObject("Object Repository/1612893/39_Edit_channel_purpose/Page_Thanh set Channel name - hcmus-cdnc-te_a699a0/span_Edit Channel Purpose")): Object: 'Object Repository/1612893/39_Edit_channel_purpose/Page_Thanh set Channel name - hcmus-cdnc-te_a699a0/span_Edit Channel Purpose' is clicked on

2020-06-05 19:43:23 - [MESSAGE][PASSED] - Object: 'Object Repository/1612893/39_Edit_channel_purpose/Page_Thanh set Channel name - hcmus-cdnc-te_a699a0/span_Edit Channel Purpose' is clicked on

2020-06-05 19:43:23 - [TEST_STEP][PASSED] - setText(findTestObject("Object Repository/1612893/39_Edit_channel_purpose/Page_Thanh set Channel name - hcmus-cdnc-te_a699a0/textarea_Thanh set Channel name_form-contro_b51f21"), channelPurpose): Text 'thanh' is set on object 'Object Repository/1612893/39_Edit_channel_purpose/Page_Thanh set Channel name - hcmus-cdnc-te_a699a0/textarea_Thanh set Channel name_form-contro_b51f21'

2020-06-05 19:43:24 - [MESSAGE][PASSED] - Text 'thanh' is set on object 'Object Repository/1612893/39_Edit_channel_purpose/Page_Thanh set Channel name - hcmus-cdnc-te_a699a0/textarea_Thanh set Channel name_form-contro_b51f21'

2020-06-05 19:43:24 - [TEST_STEP][PASSED] - click(findTestObject("Object Repository/1612893/39_Edit_channel_purpose/Page_Thanh set Channel name - hcmus-cdnc-te_a699a0/span_Save")): Object: 'Object Repository/1612893/39_Edit_channel_purpose/Page_Thanh set Channel name - hcmus-cdnc-te_a699a0/span_Save' is clicked on

2020-06-05 19:43:25 - [MESSAGE][PASSED] - Object: 'Object Repository/1612893/39_Edit_channel_purpose/Page_Thanh set Channel name - hcmus-cdnc-te_a699a0/span_Save' is clicked on

2020-06-05 19:43:25 - [TEST_STEP][PASSED] - closeBrowser(): Browser is closed

2020-06-05 19:43:26 - [MESSAGE][PASSED] - Browser is closed]]></system-out>
         <system-err><![CDATA[]]></system-err>
      </testcase>
      <testcase name="Test Cases/1612893/TC_39_Edit_channel_purpose" time="14.432" classname="Test Cases/1612893/TC_39_Edit_channel_purpose" status="PASSED">
         <system-out><![CDATA[2020-06-05 19:43:26 - [TEST_CASE][PASSED] - Test Cases/1612893/TC_39_Edit_channel_purpose: Test Cases/1612893/TC_39_Edit_channel_purpose

2020-06-05 19:43:26 - [TEST_STEP][PASSED] - openBrowser(""): Browser is opened with url: ''

2020-06-05 19:43:26 - [MESSAGE][INFO] - Starting 'Chrome' driver

2020-06-05 19:43:26 - [MESSAGE][INFO] - Action delay is set to 0 milliseconds

2020-06-05 19:43:29 - [MESSAGE][PASSED] - Browser is opened with url: ''

2020-06-05 19:43:29 - [TEST_STEP][PASSED] - navigateToUrl("http://localhost:8065/login"): Navigate to 'http://localhost:8065/login' successfully

2020-06-05 19:43:30 - [MESSAGE][PASSED] - Navigate to 'http://localhost:8065/login' successfully

2020-06-05 19:43:30 - [TEST_STEP][PASSED] - setText(findTestObject("Object Repository/1612893/39_Edit_channel_purpose/Page_Mattermost/input_All team communication in one place s_703ef5"), "hcmus-cdnc"): Text 'hcmus-cdnc' is set on object 'Object Repository/1612893/39_Edit_channel_purpose/Page_Mattermost/input_All team communication in one place s_703ef5'

2020-06-05 19:43:32 - [MESSAGE][PASSED] - Text 'hcmus-cdnc' is set on object 'Object Repository/1612893/39_Edit_channel_purpose/Page_Mattermost/input_All team communication in one place s_703ef5'

2020-06-05 19:43:32 - [TEST_STEP][PASSED] - setEncryptedText(findTestObject("Object Repository/1612893/39_Edit_channel_purpose/Page_Mattermost/input_All team communication in one place s_2f2733"), "aeHFOx8jV/A="): Text ****** has been set on object 'Object Repository/1612893/39_Edit_channel_purpose/Page_Mattermost/input_All team communication in one place s_2f2733'

2020-06-05 19:43:33 - [MESSAGE][PASSED] - Text ****** has been set on object 'Object Repository/1612893/39_Edit_channel_purpose/Page_Mattermost/input_All team communication in one place s_2f2733'

2020-06-05 19:43:33 - [TEST_STEP][PASSED] - click(findTestObject("Object Repository/1612893/39_Edit_channel_purpose/Page_Mattermost/span_Sign in")): Object: 'Object Repository/1612893/39_Edit_channel_purpose/Page_Mattermost/span_Sign in' is clicked on

2020-06-05 19:43:33 - [MESSAGE][PASSED] - Object: 'Object Repository/1612893/39_Edit_channel_purpose/Page_Mattermost/span_Sign in' is clicked on

2020-06-05 19:43:33 - [TEST_STEP][PASSED] - click(findTestObject("Object Repository/1612893/39_Edit_channel_purpose/Page_Thanh set Channel name - hcmus-cdnc-te_a699a0/span_Thanh set Channel name_channelHeaderDr_8caf36")): Object: 'Object Repository/1612893/39_Edit_channel_purpose/Page_Thanh set Channel name - hcmus-cdnc-te_a699a0/span_Thanh set Channel name_channelHeaderDr_8caf36' is clicked on

2020-06-05 19:43:37 - [MESSAGE][PASSED] - Object: 'Object Repository/1612893/39_Edit_channel_purpose/Page_Thanh set Channel name - hcmus-cdnc-te_a699a0/span_Thanh set Channel name_channelHeaderDr_8caf36' is clicked on

2020-06-05 19:43:37 - [TEST_STEP][PASSED] - click(findTestObject("Object Repository/1612893/39_Edit_channel_purpose/Page_Thanh set Channel name - hcmus-cdnc-te_a699a0/span_Edit Channel Purpose")): Object: 'Object Repository/1612893/39_Edit_channel_purpose/Page_Thanh set Channel name - hcmus-cdnc-te_a699a0/span_Edit Channel Purpose' is clicked on

2020-06-05 19:43:37 - [MESSAGE][PASSED] - Object: 'Object Repository/1612893/39_Edit_channel_purpose/Page_Thanh set Channel name - hcmus-cdnc-te_a699a0/span_Edit Channel Purpose' is clicked on

2020-06-05 19:43:37 - [TEST_STEP][PASSED] - setText(findTestObject("Object Repository/1612893/39_Edit_channel_purpose/Page_Thanh set Channel name - hcmus-cdnc-te_a699a0/textarea_Thanh set Channel name_form-contro_b51f21"), channelPurpose): Text '1234567890' is set on object 'Object Repository/1612893/39_Edit_channel_purpose/Page_Thanh set Channel name - hcmus-cdnc-te_a699a0/textarea_Thanh set Channel name_form-contro_b51f21'

2020-06-05 19:43:39 - [MESSAGE][PASSED] - Text '1234567890' is set on object 'Object Repository/1612893/39_Edit_channel_purpose/Page_Thanh set Channel name - hcmus-cdnc-te_a699a0/textarea_Thanh set Channel name_form-contro_b51f21'

2020-06-05 19:43:39 - [TEST_STEP][PASSED] - click(findTestObject("Object Repository/1612893/39_Edit_channel_purpose/Page_Thanh set Channel name - hcmus-cdnc-te_a699a0/span_Save")): Object: 'Object Repository/1612893/39_Edit_channel_purpose/Page_Thanh set Channel name - hcmus-cdnc-te_a699a0/span_Save' is clicked on

2020-06-05 19:43:39 - [MESSAGE][PASSED] - Object: 'Object Repository/1612893/39_Edit_channel_purpose/Page_Thanh set Channel name - hcmus-cdnc-te_a699a0/span_Save' is clicked on

2020-06-05 19:43:39 - [TEST_STEP][PASSED] - closeBrowser(): Browser is closed

2020-06-05 19:43:40 - [MESSAGE][PASSED] - Browser is closed]]></system-out>
         <system-err><![CDATA[]]></system-err>
      </testcase>
      <testcase name="Test Cases/1612893/TC_39_Edit_channel_purpose" time="15.179" classname="Test Cases/1612893/TC_39_Edit_channel_purpose" status="PASSED">
         <system-out><![CDATA[2020-06-05 19:43:40 - [TEST_CASE][PASSED] - Test Cases/1612893/TC_39_Edit_channel_purpose: Test Cases/1612893/TC_39_Edit_channel_purpose

2020-06-05 19:43:40 - [TEST_STEP][PASSED] - openBrowser(""): Browser is opened with url: ''

2020-06-05 19:43:40 - [MESSAGE][INFO] - Starting 'Chrome' driver

2020-06-05 19:43:40 - [MESSAGE][INFO] - Action delay is set to 0 milliseconds

2020-06-05 19:43:43 - [MESSAGE][PASSED] - Browser is opened with url: ''

2020-06-05 19:43:43 - [TEST_STEP][PASSED] - navigateToUrl("http://localhost:8065/login"): Navigate to 'http://localhost:8065/login' successfully

2020-06-05 19:43:45 - [MESSAGE][PASSED] - Navigate to 'http://localhost:8065/login' successfully

2020-06-05 19:43:45 - [TEST_STEP][PASSED] - setText(findTestObject("Object Repository/1612893/39_Edit_channel_purpose/Page_Mattermost/input_All team communication in one place s_703ef5"), "hcmus-cdnc"): Text 'hcmus-cdnc' is set on object 'Object Repository/1612893/39_Edit_channel_purpose/Page_Mattermost/input_All team communication in one place s_703ef5'

2020-06-05 19:43:47 - [MESSAGE][PASSED] - Text 'hcmus-cdnc' is set on object 'Object Repository/1612893/39_Edit_channel_purpose/Page_Mattermost/input_All team communication in one place s_703ef5'

2020-06-05 19:43:47 - [TEST_STEP][PASSED] - setEncryptedText(findTestObject("Object Repository/1612893/39_Edit_channel_purpose/Page_Mattermost/input_All team communication in one place s_2f2733"), "aeHFOx8jV/A="): Text ****** has been set on object 'Object Repository/1612893/39_Edit_channel_purpose/Page_Mattermost/input_All team communication in one place s_2f2733'

2020-06-05 19:43:47 - [MESSAGE][PASSED] - Text ****** has been set on object 'Object Repository/1612893/39_Edit_channel_purpose/Page_Mattermost/input_All team communication in one place s_2f2733'

2020-06-05 19:43:47 - [TEST_STEP][PASSED] - click(findTestObject("Object Repository/1612893/39_Edit_channel_purpose/Page_Mattermost/span_Sign in")): Object: 'Object Repository/1612893/39_Edit_channel_purpose/Page_Mattermost/span_Sign in' is clicked on

2020-06-05 19:43:48 - [MESSAGE][PASSED] - Object: 'Object Repository/1612893/39_Edit_channel_purpose/Page_Mattermost/span_Sign in' is clicked on

2020-06-05 19:43:48 - [TEST_STEP][PASSED] - click(findTestObject("Object Repository/1612893/39_Edit_channel_purpose/Page_Thanh set Channel name - hcmus-cdnc-te_a699a0/span_Thanh set Channel name_channelHeaderDr_8caf36")): Object: 'Object Repository/1612893/39_Edit_channel_purpose/Page_Thanh set Channel name - hcmus-cdnc-te_a699a0/span_Thanh set Channel name_channelHeaderDr_8caf36' is clicked on

2020-06-05 19:43:51 - [MESSAGE][PASSED] - Object: 'Object Repository/1612893/39_Edit_channel_purpose/Page_Thanh set Channel name - hcmus-cdnc-te_a699a0/span_Thanh set Channel name_channelHeaderDr_8caf36' is clicked on

2020-06-05 19:43:51 - [TEST_STEP][PASSED] - click(findTestObject("Object Repository/1612893/39_Edit_channel_purpose/Page_Thanh set Channel name - hcmus-cdnc-te_a699a0/span_Edit Channel Purpose")): Object: 'Object Repository/1612893/39_Edit_channel_purpose/Page_Thanh set Channel name - hcmus-cdnc-te_a699a0/span_Edit Channel Purpose' is clicked on

2020-06-05 19:43:52 - [MESSAGE][PASSED] - Object: 'Object Repository/1612893/39_Edit_channel_purpose/Page_Thanh set Channel name - hcmus-cdnc-te_a699a0/span_Edit Channel Purpose' is clicked on

2020-06-05 19:43:52 - [TEST_STEP][PASSED] - setText(findTestObject("Object Repository/1612893/39_Edit_channel_purpose/Page_Thanh set Channel name - hcmus-cdnc-te_a699a0/textarea_Thanh set Channel name_form-contro_b51f21"), channelPurpose): Text '!@@#R#@@#@' is set on object 'Object Repository/1612893/39_Edit_channel_purpose/Page_Thanh set Channel name - hcmus-cdnc-te_a699a0/textarea_Thanh set Channel name_form-contro_b51f21'

2020-06-05 19:43:54 - [MESSAGE][PASSED] - Text '!@@#R#@@#@' is set on object 'Object Repository/1612893/39_Edit_channel_purpose/Page_Thanh set Channel name - hcmus-cdnc-te_a699a0/textarea_Thanh set Channel name_form-contro_b51f21'

2020-06-05 19:43:54 - [TEST_STEP][PASSED] - click(findTestObject("Object Repository/1612893/39_Edit_channel_purpose/Page_Thanh set Channel name - hcmus-cdnc-te_a699a0/span_Save")): Object: 'Object Repository/1612893/39_Edit_channel_purpose/Page_Thanh set Channel name - hcmus-cdnc-te_a699a0/span_Save' is clicked on

2020-06-05 19:43:54 - [MESSAGE][PASSED] - Object: 'Object Repository/1612893/39_Edit_channel_purpose/Page_Thanh set Channel name - hcmus-cdnc-te_a699a0/span_Save' is clicked on

2020-06-05 19:43:54 - [TEST_STEP][PASSED] - closeBrowser(): Browser is closed

2020-06-05 19:43:55 - [MESSAGE][PASSED] - Browser is closed]]></system-out>
         <system-err><![CDATA[]]></system-err>
      </testcase>
      <testcase name="Test Cases/1612893/TC_39_Edit_channel_purpose" time="14.716" classname="Test Cases/1612893/TC_39_Edit_channel_purpose" status="PASSED">
         <system-out><![CDATA[2020-06-05 19:43:55 - [TEST_CASE][PASSED] - Test Cases/1612893/TC_39_Edit_channel_purpose: Test Cases/1612893/TC_39_Edit_channel_purpose

2020-06-05 19:43:55 - [TEST_STEP][PASSED] - openBrowser(""): Browser is opened with url: ''

2020-06-05 19:43:55 - [MESSAGE][INFO] - Starting 'Chrome' driver

2020-06-05 19:43:55 - [MESSAGE][INFO] - Action delay is set to 0 milliseconds

2020-06-05 19:43:59 - [MESSAGE][PASSED] - Browser is opened with url: ''

2020-06-05 19:43:59 - [TEST_STEP][PASSED] - navigateToUrl("http://localhost:8065/login"): Navigate to 'http://localhost:8065/login' successfully

2020-06-05 19:44:00 - [MESSAGE][PASSED] - Navigate to 'http://localhost:8065/login' successfully

2020-06-05 19:44:00 - [TEST_STEP][PASSED] - setText(findTestObject("Object Repository/1612893/39_Edit_channel_purpose/Page_Mattermost/input_All team communication in one place s_703ef5"), "hcmus-cdnc"): Text 'hcmus-cdnc' is set on object 'Object Repository/1612893/39_Edit_channel_purpose/Page_Mattermost/input_All team communication in one place s_703ef5'

2020-06-05 19:44:02 - [MESSAGE][PASSED] - Text 'hcmus-cdnc' is set on object 'Object Repository/1612893/39_Edit_channel_purpose/Page_Mattermost/input_All team communication in one place s_703ef5'

2020-06-05 19:44:02 - [TEST_STEP][PASSED] - setEncryptedText(findTestObject("Object Repository/1612893/39_Edit_channel_purpose/Page_Mattermost/input_All team communication in one place s_2f2733"), "aeHFOx8jV/A="): Text ****** has been set on object 'Object Repository/1612893/39_Edit_channel_purpose/Page_Mattermost/input_All team communication in one place s_2f2733'

2020-06-05 19:44:02 - [MESSAGE][PASSED] - Text ****** has been set on object 'Object Repository/1612893/39_Edit_channel_purpose/Page_Mattermost/input_All team communication in one place s_2f2733'

2020-06-05 19:44:02 - [TEST_STEP][PASSED] - click(findTestObject("Object Repository/1612893/39_Edit_channel_purpose/Page_Mattermost/span_Sign in")): Object: 'Object Repository/1612893/39_Edit_channel_purpose/Page_Mattermost/span_Sign in' is clicked on

2020-06-05 19:44:03 - [MESSAGE][PASSED] - Object: 'Object Repository/1612893/39_Edit_channel_purpose/Page_Mattermost/span_Sign in' is clicked on

2020-06-05 19:44:03 - [TEST_STEP][PASSED] - click(findTestObject("Object Repository/1612893/39_Edit_channel_purpose/Page_Thanh set Channel name - hcmus-cdnc-te_a699a0/span_Thanh set Channel name_channelHeaderDr_8caf36")): Object: 'Object Repository/1612893/39_Edit_channel_purpose/Page_Thanh set Channel name - hcmus-cdnc-te_a699a0/span_Thanh set Channel name_channelHeaderDr_8caf36' is clicked on

2020-06-05 19:44:06 - [MESSAGE][PASSED] - Object: 'Object Repository/1612893/39_Edit_channel_purpose/Page_Thanh set Channel name - hcmus-cdnc-te_a699a0/span_Thanh set Channel name_channelHeaderDr_8caf36' is clicked on

2020-06-05 19:44:06 - [TEST_STEP][PASSED] - click(findTestObject("Object Repository/1612893/39_Edit_channel_purpose/Page_Thanh set Channel name - hcmus-cdnc-te_a699a0/span_Edit Channel Purpose")): Object: 'Object Repository/1612893/39_Edit_channel_purpose/Page_Thanh set Channel name - hcmus-cdnc-te_a699a0/span_Edit Channel Purpose' is clicked on

2020-06-05 19:44:07 - [MESSAGE][PASSED] - Object: 'Object Repository/1612893/39_Edit_channel_purpose/Page_Thanh set Channel name - hcmus-cdnc-te_a699a0/span_Edit Channel Purpose' is clicked on

2020-06-05 19:44:07 - [TEST_STEP][PASSED] - setText(findTestObject("Object Repository/1612893/39_Edit_channel_purpose/Page_Thanh set Channel name - hcmus-cdnc-te_a699a0/textarea_Thanh set Channel name_form-contro_b51f21"), channelPurpose): Text '<div></div>' is set on object 'Object Repository/1612893/39_Edit_channel_purpose/Page_Thanh set Channel name - hcmus-cdnc-te_a699a0/textarea_Thanh set Channel name_form-contro_b51f21'

2020-06-05 19:44:08 - [MESSAGE][PASSED] - Text '<div></div>' is set on object 'Object Repository/1612893/39_Edit_channel_purpose/Page_Thanh set Channel name - hcmus-cdnc-te_a699a0/textarea_Thanh set Channel name_form-contro_b51f21'

2020-06-05 19:44:08 - [TEST_STEP][PASSED] - click(findTestObject("Object Repository/1612893/39_Edit_channel_purpose/Page_Thanh set Channel name - hcmus-cdnc-te_a699a0/span_Save")): Object: 'Object Repository/1612893/39_Edit_channel_purpose/Page_Thanh set Channel name - hcmus-cdnc-te_a699a0/span_Save' is clicked on

2020-06-05 19:44:09 - [MESSAGE][PASSED] - Object: 'Object Repository/1612893/39_Edit_channel_purpose/Page_Thanh set Channel name - hcmus-cdnc-te_a699a0/span_Save' is clicked on

2020-06-05 19:44:09 - [TEST_STEP][PASSED] - closeBrowser(): Browser is closed

2020-06-05 19:44:10 - [MESSAGE][PASSED] - Browser is closed]]></system-out>
         <system-err><![CDATA[]]></system-err>
      </testcase>
      <testcase name="Test Cases/1612893/TC_40_Edit_channel_header" time="15.96" classname="Test Cases/1612893/TC_40_Edit_channel_header" status="PASSED">
         <system-out><![CDATA[2020-06-05 19:44:10 - [TEST_CASE][PASSED] - Test Cases/1612893/TC_40_Edit_channel_header: Test Cases/1612893/TC_40_Edit_channel_header

2020-06-05 19:44:10 - [TEST_STEP][PASSED] - openBrowser(""): Browser is opened with url: ''

2020-06-05 19:44:10 - [MESSAGE][INFO] - Starting 'Chrome' driver

2020-06-05 19:44:10 - [MESSAGE][INFO] - Action delay is set to 0 milliseconds

2020-06-05 19:44:14 - [MESSAGE][PASSED] - Browser is opened with url: ''

2020-06-05 19:44:14 - [TEST_STEP][PASSED] - navigateToUrl("http://localhost:8065/login"): Navigate to 'http://localhost:8065/login' successfully

2020-06-05 19:44:15 - [MESSAGE][PASSED] - Navigate to 'http://localhost:8065/login' successfully

2020-06-05 19:44:15 - [TEST_STEP][PASSED] - setText(findTestObject("1612893/40_Edit_channel_header/Page_Mattermost/input_All team communication in one place s_703ef5"), "hcmus-cdnc"): Text 'hcmus-cdnc' is set on object 'Object Repository/1612893/40_Edit_channel_header/Page_Mattermost/input_All team communication in one place s_703ef5'

2020-06-05 19:44:17 - [MESSAGE][PASSED] - Text 'hcmus-cdnc' is set on object 'Object Repository/1612893/40_Edit_channel_header/Page_Mattermost/input_All team communication in one place s_703ef5'

2020-06-05 19:44:17 - [TEST_STEP][PASSED] - setEncryptedText(findTestObject("1612893/40_Edit_channel_header/Page_Mattermost/input_All team communication in one place s_2f2733"), "aeHFOx8jV/A="): Text ****** has been set on object 'Object Repository/1612893/40_Edit_channel_header/Page_Mattermost/input_All team communication in one place s_2f2733'

2020-06-05 19:44:18 - [MESSAGE][PASSED] - Text ****** has been set on object 'Object Repository/1612893/40_Edit_channel_header/Page_Mattermost/input_All team communication in one place s_2f2733'

2020-06-05 19:44:18 - [TEST_STEP][PASSED] - sendKeys(findTestObject("1612893/40_Edit_channel_header/Page_Mattermost/input_All team communication in one place s_2f2733"), Keys.chord(ENTER)): Keys 'ENTER + ' sent to object: 'Object Repository/1612893/40_Edit_channel_header/Page_Mattermost/input_All team communication in one place s_2f2733'

2020-06-05 19:44:18 - [MESSAGE][PASSED] - Keys 'ENTER + ' sent to object: 'Object Repository/1612893/40_Edit_channel_header/Page_Mattermost/input_All team communication in one place s_2f2733'

2020-06-05 19:44:18 - [TEST_STEP][PASSED] - click(findTestObject("1612893/40_Edit_channel_header/Page_Thanh set Channel name - hcmus-cdnc-te_a699a0/span_Thanh set Channel name_channelHeaderDr_8caf36")): Object: 'Object Repository/1612893/40_Edit_channel_header/Page_Thanh set Channel name - hcmus-cdnc-te_a699a0/span_Thanh set Channel name_channelHeaderDr_8caf36' is clicked on

2020-06-05 19:44:22 - [MESSAGE][PASSED] - Object: 'Object Repository/1612893/40_Edit_channel_header/Page_Thanh set Channel name - hcmus-cdnc-te_a699a0/span_Thanh set Channel name_channelHeaderDr_8caf36' is clicked on

2020-06-05 19:44:22 - [TEST_STEP][PASSED] - click(findTestObject("1612893/40_Edit_channel_header/Page_Thanh set Channel name - hcmus-cdnc-te_a699a0/span_Edit Channel Header")): Object: 'Object Repository/1612893/40_Edit_channel_header/Page_Thanh set Channel name - hcmus-cdnc-te_a699a0/span_Edit Channel Header' is clicked on

2020-06-05 19:44:23 - [MESSAGE][PASSED] - Object: 'Object Repository/1612893/40_Edit_channel_header/Page_Thanh set Channel name - hcmus-cdnc-te_a699a0/span_Edit Channel Header' is clicked on

2020-06-05 19:44:23 - [TEST_STEP][PASSED] - setText(findTestObject("1612893/40_Edit_channel_header/Page_Thanh set Channel name - hcmus-cdnc-te_a699a0/textarea_thanh set header"), content): Text '999999999213193921129319' is set on object 'Object Repository/1612893/40_Edit_channel_header/Page_Thanh set Channel name - hcmus-cdnc-te_a699a0/textarea_thanh set header'

2020-06-05 19:44:25 - [MESSAGE][PASSED] - Text '999999999213193921129319' is set on object 'Object Repository/1612893/40_Edit_channel_header/Page_Thanh set Channel name - hcmus-cdnc-te_a699a0/textarea_thanh set header'

2020-06-05 19:44:25 - [TEST_STEP][PASSED] - click(findTestObject("1612893/40_Edit_channel_header/Page_Thanh set Channel name - hcmus-cdnc-te_a699a0/span_Save")): Object: 'Object Repository/1612893/40_Edit_channel_header/Page_Thanh set Channel name - hcmus-cdnc-te_a699a0/span_Save' is clicked on

2020-06-05 19:44:25 - [MESSAGE][PASSED] - Object: 'Object Repository/1612893/40_Edit_channel_header/Page_Thanh set Channel name - hcmus-cdnc-te_a699a0/span_Save' is clicked on

2020-06-05 19:44:25 - [TEST_STEP][PASSED] - closeBrowser(): Browser is closed

2020-06-05 19:44:26 - [MESSAGE][PASSED] - Browser is closed]]></system-out>
         <system-err><![CDATA[]]></system-err>
      </testcase>
      <testcase name="Test Cases/1612893/TC_40_Edit_channel_header" time="15.146" classname="Test Cases/1612893/TC_40_Edit_channel_header" status="PASSED">
         <system-out><![CDATA[2020-06-05 19:44:26 - [TEST_CASE][PASSED] - Test Cases/1612893/TC_40_Edit_channel_header: Test Cases/1612893/TC_40_Edit_channel_header

2020-06-05 19:44:26 - [TEST_STEP][PASSED] - openBrowser(""): Browser is opened with url: ''

2020-06-05 19:44:26 - [MESSAGE][INFO] - Starting 'Chrome' driver

2020-06-05 19:44:26 - [MESSAGE][INFO] - Action delay is set to 0 milliseconds

2020-06-05 19:44:29 - [MESSAGE][PASSED] - Browser is opened with url: ''

2020-06-05 19:44:29 - [TEST_STEP][PASSED] - navigateToUrl("http://localhost:8065/login"): Navigate to 'http://localhost:8065/login' successfully

2020-06-05 19:44:31 - [MESSAGE][PASSED] - Navigate to 'http://localhost:8065/login' successfully

2020-06-05 19:44:31 - [TEST_STEP][PASSED] - setText(findTestObject("1612893/40_Edit_channel_header/Page_Mattermost/input_All team communication in one place s_703ef5"), "hcmus-cdnc"): Text 'hcmus-cdnc' is set on object 'Object Repository/1612893/40_Edit_channel_header/Page_Mattermost/input_All team communication in one place s_703ef5'

2020-06-05 19:44:32 - [MESSAGE][PASSED] - Text 'hcmus-cdnc' is set on object 'Object Repository/1612893/40_Edit_channel_header/Page_Mattermost/input_All team communication in one place s_703ef5'

2020-06-05 19:44:32 - [TEST_STEP][PASSED] - setEncryptedText(findTestObject("1612893/40_Edit_channel_header/Page_Mattermost/input_All team communication in one place s_2f2733"), "aeHFOx8jV/A="): Text ****** has been set on object 'Object Repository/1612893/40_Edit_channel_header/Page_Mattermost/input_All team communication in one place s_2f2733'

2020-06-05 19:44:33 - [MESSAGE][PASSED] - Text ****** has been set on object 'Object Repository/1612893/40_Edit_channel_header/Page_Mattermost/input_All team communication in one place s_2f2733'

2020-06-05 19:44:33 - [TEST_STEP][PASSED] - sendKeys(findTestObject("1612893/40_Edit_channel_header/Page_Mattermost/input_All team communication in one place s_2f2733"), Keys.chord(ENTER)): Keys 'ENTER + ' sent to object: 'Object Repository/1612893/40_Edit_channel_header/Page_Mattermost/input_All team communication in one place s_2f2733'

2020-06-05 19:44:34 - [MESSAGE][PASSED] - Keys 'ENTER + ' sent to object: 'Object Repository/1612893/40_Edit_channel_header/Page_Mattermost/input_All team communication in one place s_2f2733'

2020-06-05 19:44:34 - [TEST_STEP][PASSED] - click(findTestObject("1612893/40_Edit_channel_header/Page_Thanh set Channel name - hcmus-cdnc-te_a699a0/span_Thanh set Channel name_channelHeaderDr_8caf36")): Object: 'Object Repository/1612893/40_Edit_channel_header/Page_Thanh set Channel name - hcmus-cdnc-te_a699a0/span_Thanh set Channel name_channelHeaderDr_8caf36' is clicked on

2020-06-05 19:44:37 - [MESSAGE][PASSED] - Object: 'Object Repository/1612893/40_Edit_channel_header/Page_Thanh set Channel name - hcmus-cdnc-te_a699a0/span_Thanh set Channel name_channelHeaderDr_8caf36' is clicked on

2020-06-05 19:44:37 - [TEST_STEP][PASSED] - click(findTestObject("1612893/40_Edit_channel_header/Page_Thanh set Channel name - hcmus-cdnc-te_a699a0/span_Edit Channel Header")): Object: 'Object Repository/1612893/40_Edit_channel_header/Page_Thanh set Channel name - hcmus-cdnc-te_a699a0/span_Edit Channel Header' is clicked on

2020-06-05 19:44:38 - [MESSAGE][PASSED] - Object: 'Object Repository/1612893/40_Edit_channel_header/Page_Thanh set Channel name - hcmus-cdnc-te_a699a0/span_Edit Channel Header' is clicked on

2020-06-05 19:44:38 - [TEST_STEP][PASSED] - setText(findTestObject("1612893/40_Edit_channel_header/Page_Thanh set Channel name - hcmus-cdnc-te_a699a0/textarea_thanh set header"), content): Text '$#%@#^^#%##%%' is set on object 'Object Repository/1612893/40_Edit_channel_header/Page_Thanh set Channel name - hcmus-cdnc-te_a699a0/textarea_thanh set header'

2020-06-05 19:44:39 - [MESSAGE][PASSED] - Text '$#%@#^^#%##%%' is set on object 'Object Repository/1612893/40_Edit_channel_header/Page_Thanh set Channel name - hcmus-cdnc-te_a699a0/textarea_thanh set header'

2020-06-05 19:44:39 - [TEST_STEP][PASSED] - click(findTestObject("1612893/40_Edit_channel_header/Page_Thanh set Channel name - hcmus-cdnc-te_a699a0/span_Save")): Object: 'Object Repository/1612893/40_Edit_channel_header/Page_Thanh set Channel name - hcmus-cdnc-te_a699a0/span_Save' is clicked on

2020-06-05 19:44:40 - [MESSAGE][PASSED] - Object: 'Object Repository/1612893/40_Edit_channel_header/Page_Thanh set Channel name - hcmus-cdnc-te_a699a0/span_Save' is clicked on

2020-06-05 19:44:40 - [TEST_STEP][PASSED] - closeBrowser(): Browser is closed

2020-06-05 19:44:41 - [MESSAGE][PASSED] - Browser is closed]]></system-out>
         <system-err><![CDATA[]]></system-err>
      </testcase>
      <testcase name="Test Cases/1612893/TC_40_Edit_channel_header" time="15.435" classname="Test Cases/1612893/TC_40_Edit_channel_header" status="PASSED">
         <system-out><![CDATA[2020-06-05 19:44:41 - [TEST_CASE][PASSED] - Test Cases/1612893/TC_40_Edit_channel_header: Test Cases/1612893/TC_40_Edit_channel_header

2020-06-05 19:44:41 - [TEST_STEP][PASSED] - openBrowser(""): Browser is opened with url: ''

2020-06-05 19:44:41 - [MESSAGE][INFO] - Starting 'Chrome' driver

2020-06-05 19:44:41 - [MESSAGE][INFO] - Action delay is set to 0 milliseconds

2020-06-05 19:44:45 - [MESSAGE][PASSED] - Browser is opened with url: ''

2020-06-05 19:44:45 - [TEST_STEP][PASSED] - navigateToUrl("http://localhost:8065/login"): Navigate to 'http://localhost:8065/login' successfully

2020-06-05 19:44:46 - [MESSAGE][PASSED] - Navigate to 'http://localhost:8065/login' successfully

2020-06-05 19:44:46 - [TEST_STEP][PASSED] - setText(findTestObject("1612893/40_Edit_channel_header/Page_Mattermost/input_All team communication in one place s_703ef5"), "hcmus-cdnc"): Text 'hcmus-cdnc' is set on object 'Object Repository/1612893/40_Edit_channel_header/Page_Mattermost/input_All team communication in one place s_703ef5'

2020-06-05 19:44:48 - [MESSAGE][PASSED] - Text 'hcmus-cdnc' is set on object 'Object Repository/1612893/40_Edit_channel_header/Page_Mattermost/input_All team communication in one place s_703ef5'

2020-06-05 19:44:48 - [TEST_STEP][PASSED] - setEncryptedText(findTestObject("1612893/40_Edit_channel_header/Page_Mattermost/input_All team communication in one place s_2f2733"), "aeHFOx8jV/A="): Text ****** has been set on object 'Object Repository/1612893/40_Edit_channel_header/Page_Mattermost/input_All team communication in one place s_2f2733'

2020-06-05 19:44:48 - [MESSAGE][PASSED] - Text ****** has been set on object 'Object Repository/1612893/40_Edit_channel_header/Page_Mattermost/input_All team communication in one place s_2f2733'

2020-06-05 19:44:48 - [TEST_STEP][PASSED] - sendKeys(findTestObject("1612893/40_Edit_channel_header/Page_Mattermost/input_All team communication in one place s_2f2733"), Keys.chord(ENTER)): Keys 'ENTER + ' sent to object: 'Object Repository/1612893/40_Edit_channel_header/Page_Mattermost/input_All team communication in one place s_2f2733'

2020-06-05 19:44:49 - [MESSAGE][PASSED] - Keys 'ENTER + ' sent to object: 'Object Repository/1612893/40_Edit_channel_header/Page_Mattermost/input_All team communication in one place s_2f2733'

2020-06-05 19:44:49 - [TEST_STEP][PASSED] - click(findTestObject("1612893/40_Edit_channel_header/Page_Thanh set Channel name - hcmus-cdnc-te_a699a0/span_Thanh set Channel name_channelHeaderDr_8caf36")): Object: 'Object Repository/1612893/40_Edit_channel_header/Page_Thanh set Channel name - hcmus-cdnc-te_a699a0/span_Thanh set Channel name_channelHeaderDr_8caf36' is clicked on

2020-06-05 19:44:52 - [MESSAGE][PASSED] - Object: 'Object Repository/1612893/40_Edit_channel_header/Page_Thanh set Channel name - hcmus-cdnc-te_a699a0/span_Thanh set Channel name_channelHeaderDr_8caf36' is clicked on

2020-06-05 19:44:52 - [TEST_STEP][PASSED] - click(findTestObject("1612893/40_Edit_channel_header/Page_Thanh set Channel name - hcmus-cdnc-te_a699a0/span_Edit Channel Header")): Object: 'Object Repository/1612893/40_Edit_channel_header/Page_Thanh set Channel name - hcmus-cdnc-te_a699a0/span_Edit Channel Header' is clicked on

2020-06-05 19:44:53 - [MESSAGE][PASSED] - Object: 'Object Repository/1612893/40_Edit_channel_header/Page_Thanh set Channel name - hcmus-cdnc-te_a699a0/span_Edit Channel Header' is clicked on

2020-06-05 19:44:53 - [TEST_STEP][PASSED] - setText(findTestObject("1612893/40_Edit_channel_header/Page_Thanh set Channel name - hcmus-cdnc-te_a699a0/textarea_thanh set header"), content): Text '><VĐGDGR$RFD' is set on object 'Object Repository/1612893/40_Edit_channel_header/Page_Thanh set Channel name - hcmus-cdnc-te_a699a0/textarea_thanh set header'

2020-06-05 19:44:55 - [MESSAGE][PASSED] - Text '><VĐGDGR$RFD' is set on object 'Object Repository/1612893/40_Edit_channel_header/Page_Thanh set Channel name - hcmus-cdnc-te_a699a0/textarea_thanh set header'

2020-06-05 19:44:55 - [TEST_STEP][PASSED] - click(findTestObject("1612893/40_Edit_channel_header/Page_Thanh set Channel name - hcmus-cdnc-te_a699a0/span_Save")): Object: 'Object Repository/1612893/40_Edit_channel_header/Page_Thanh set Channel name - hcmus-cdnc-te_a699a0/span_Save' is clicked on

2020-06-05 19:44:56 - [MESSAGE][PASSED] - Object: 'Object Repository/1612893/40_Edit_channel_header/Page_Thanh set Channel name - hcmus-cdnc-te_a699a0/span_Save' is clicked on

2020-06-05 19:44:56 - [TEST_STEP][PASSED] - closeBrowser(): Browser is closed

2020-06-05 19:44:57 - [MESSAGE][PASSED] - Browser is closed]]></system-out>
         <system-err><![CDATA[]]></system-err>
      </testcase>
      <testcase name="Test Cases/1612893/TC_40_Edit_channel_header" time="16.035" classname="Test Cases/1612893/TC_40_Edit_channel_header" status="PASSED">
         <system-out><![CDATA[2020-06-05 19:44:57 - [TEST_CASE][PASSED] - Test Cases/1612893/TC_40_Edit_channel_header: Test Cases/1612893/TC_40_Edit_channel_header

2020-06-05 19:44:57 - [TEST_STEP][PASSED] - openBrowser(""): Browser is opened with url: ''

2020-06-05 19:44:57 - [MESSAGE][INFO] - Starting 'Chrome' driver

2020-06-05 19:44:57 - [MESSAGE][INFO] - Action delay is set to 0 milliseconds

2020-06-05 19:45:00 - [MESSAGE][PASSED] - Browser is opened with url: ''

2020-06-05 19:45:00 - [TEST_STEP][PASSED] - navigateToUrl("http://localhost:8065/login"): Navigate to 'http://localhost:8065/login' successfully

2020-06-05 19:45:02 - [MESSAGE][PASSED] - Navigate to 'http://localhost:8065/login' successfully

2020-06-05 19:45:02 - [TEST_STEP][PASSED] - setText(findTestObject("1612893/40_Edit_channel_header/Page_Mattermost/input_All team communication in one place s_703ef5"), "hcmus-cdnc"): Text 'hcmus-cdnc' is set on object 'Object Repository/1612893/40_Edit_channel_header/Page_Mattermost/input_All team communication in one place s_703ef5'

2020-06-05 19:45:04 - [MESSAGE][PASSED] - Text 'hcmus-cdnc' is set on object 'Object Repository/1612893/40_Edit_channel_header/Page_Mattermost/input_All team communication in one place s_703ef5'

2020-06-05 19:45:04 - [TEST_STEP][PASSED] - setEncryptedText(findTestObject("1612893/40_Edit_channel_header/Page_Mattermost/input_All team communication in one place s_2f2733"), "aeHFOx8jV/A="): Text ****** has been set on object 'Object Repository/1612893/40_Edit_channel_header/Page_Mattermost/input_All team communication in one place s_2f2733'

2020-06-05 19:45:05 - [MESSAGE][PASSED] - Text ****** has been set on object 'Object Repository/1612893/40_Edit_channel_header/Page_Mattermost/input_All team communication in one place s_2f2733'

2020-06-05 19:45:05 - [TEST_STEP][PASSED] - sendKeys(findTestObject("1612893/40_Edit_channel_header/Page_Mattermost/input_All team communication in one place s_2f2733"), Keys.chord(ENTER)): Keys 'ENTER + ' sent to object: 'Object Repository/1612893/40_Edit_channel_header/Page_Mattermost/input_All team communication in one place s_2f2733'

2020-06-05 19:45:05 - [MESSAGE][PASSED] - Keys 'ENTER + ' sent to object: 'Object Repository/1612893/40_Edit_channel_header/Page_Mattermost/input_All team communication in one place s_2f2733'

2020-06-05 19:45:05 - [TEST_STEP][PASSED] - click(findTestObject("1612893/40_Edit_channel_header/Page_Thanh set Channel name - hcmus-cdnc-te_a699a0/span_Thanh set Channel name_channelHeaderDr_8caf36")): Object: 'Object Repository/1612893/40_Edit_channel_header/Page_Thanh set Channel name - hcmus-cdnc-te_a699a0/span_Thanh set Channel name_channelHeaderDr_8caf36' is clicked on

2020-06-05 19:45:09 - [MESSAGE][PASSED] - Object: 'Object Repository/1612893/40_Edit_channel_header/Page_Thanh set Channel name - hcmus-cdnc-te_a699a0/span_Thanh set Channel name_channelHeaderDr_8caf36' is clicked on

2020-06-05 19:45:09 - [TEST_STEP][PASSED] - click(findTestObject("1612893/40_Edit_channel_header/Page_Thanh set Channel name - hcmus-cdnc-te_a699a0/span_Edit Channel Header")): Object: 'Object Repository/1612893/40_Edit_channel_header/Page_Thanh set Channel name - hcmus-cdnc-te_a699a0/span_Edit Channel Header' is clicked on

2020-06-05 19:45:10 - [MESSAGE][PASSED] - Object: 'Object Repository/1612893/40_Edit_channel_header/Page_Thanh set Channel name - hcmus-cdnc-te_a699a0/span_Edit Channel Header' is clicked on

2020-06-05 19:45:10 - [TEST_STEP][PASSED] - setText(findTestObject("1612893/40_Edit_channel_header/Page_Thanh set Channel name - hcmus-cdnc-te_a699a0/textarea_thanh set header"), content): Text '<div><div>' is set on object 'Object Repository/1612893/40_Edit_channel_header/Page_Thanh set Channel name - hcmus-cdnc-te_a699a0/textarea_thanh set header'

2020-06-05 19:45:11 - [MESSAGE][PASSED] - Text '<div><div>' is set on object 'Object Repository/1612893/40_Edit_channel_header/Page_Thanh set Channel name - hcmus-cdnc-te_a699a0/textarea_thanh set header'

2020-06-05 19:45:11 - [TEST_STEP][PASSED] - click(findTestObject("1612893/40_Edit_channel_header/Page_Thanh set Channel name - hcmus-cdnc-te_a699a0/span_Save")): Object: 'Object Repository/1612893/40_Edit_channel_header/Page_Thanh set Channel name - hcmus-cdnc-te_a699a0/span_Save' is clicked on

2020-06-05 19:45:12 - [MESSAGE][PASSED] - Object: 'Object Repository/1612893/40_Edit_channel_header/Page_Thanh set Channel name - hcmus-cdnc-te_a699a0/span_Save' is clicked on

2020-06-05 19:45:12 - [TEST_STEP][PASSED] - closeBrowser(): Browser is closed

2020-06-05 19:45:13 - [MESSAGE][PASSED] - Browser is closed]]></system-out>
         <system-err><![CDATA[]]></system-err>
      </testcase>
      <testcase name="Test Cases/1612893/TC_40_Edit_channel_header" time="15.417" classname="Test Cases/1612893/TC_40_Edit_channel_header" status="PASSED">
         <system-out><![CDATA[2020-06-05 19:45:13 - [TEST_CASE][PASSED] - Test Cases/1612893/TC_40_Edit_channel_header: Test Cases/1612893/TC_40_Edit_channel_header

2020-06-05 19:45:13 - [TEST_STEP][PASSED] - openBrowser(""): Browser is opened with url: ''

2020-06-05 19:45:13 - [MESSAGE][INFO] - Starting 'Chrome' driver

2020-06-05 19:45:13 - [MESSAGE][INFO] - Action delay is set to 0 milliseconds

2020-06-05 19:45:16 - [MESSAGE][PASSED] - Browser is opened with url: ''

2020-06-05 19:45:16 - [TEST_STEP][PASSED] - navigateToUrl("http://localhost:8065/login"): Navigate to 'http://localhost:8065/login' successfully

2020-06-05 19:45:18 - [MESSAGE][PASSED] - Navigate to 'http://localhost:8065/login' successfully

2020-06-05 19:45:18 - [TEST_STEP][PASSED] - setText(findTestObject("1612893/40_Edit_channel_header/Page_Mattermost/input_All team communication in one place s_703ef5"), "hcmus-cdnc"): Text 'hcmus-cdnc' is set on object 'Object Repository/1612893/40_Edit_channel_header/Page_Mattermost/input_All team communication in one place s_703ef5'

2020-06-05 19:45:19 - [MESSAGE][PASSED] - Text 'hcmus-cdnc' is set on object 'Object Repository/1612893/40_Edit_channel_header/Page_Mattermost/input_All team communication in one place s_703ef5'

2020-06-05 19:45:19 - [TEST_STEP][PASSED] - setEncryptedText(findTestObject("1612893/40_Edit_channel_header/Page_Mattermost/input_All team communication in one place s_2f2733"), "aeHFOx8jV/A="): Text ****** has been set on object 'Object Repository/1612893/40_Edit_channel_header/Page_Mattermost/input_All team communication in one place s_2f2733'

2020-06-05 19:45:20 - [MESSAGE][PASSED] - Text ****** has been set on object 'Object Repository/1612893/40_Edit_channel_header/Page_Mattermost/input_All team communication in one place s_2f2733'

2020-06-05 19:45:20 - [TEST_STEP][PASSED] - sendKeys(findTestObject("1612893/40_Edit_channel_header/Page_Mattermost/input_All team communication in one place s_2f2733"), Keys.chord(ENTER)): Keys 'ENTER + ' sent to object: 'Object Repository/1612893/40_Edit_channel_header/Page_Mattermost/input_All team communication in one place s_2f2733'

2020-06-05 19:45:21 - [MESSAGE][PASSED] - Keys 'ENTER + ' sent to object: 'Object Repository/1612893/40_Edit_channel_header/Page_Mattermost/input_All team communication in one place s_2f2733'

2020-06-05 19:45:21 - [TEST_STEP][PASSED] - click(findTestObject("1612893/40_Edit_channel_header/Page_Thanh set Channel name - hcmus-cdnc-te_a699a0/span_Thanh set Channel name_channelHeaderDr_8caf36")): Object: 'Object Repository/1612893/40_Edit_channel_header/Page_Thanh set Channel name - hcmus-cdnc-te_a699a0/span_Thanh set Channel name_channelHeaderDr_8caf36' is clicked on

2020-06-05 19:45:24 - [MESSAGE][PASSED] - Object: 'Object Repository/1612893/40_Edit_channel_header/Page_Thanh set Channel name - hcmus-cdnc-te_a699a0/span_Thanh set Channel name_channelHeaderDr_8caf36' is clicked on

2020-06-05 19:45:24 - [TEST_STEP][PASSED] - click(findTestObject("1612893/40_Edit_channel_header/Page_Thanh set Channel name - hcmus-cdnc-te_a699a0/span_Edit Channel Header")): Object: 'Object Repository/1612893/40_Edit_channel_header/Page_Thanh set Channel name - hcmus-cdnc-te_a699a0/span_Edit Channel Header' is clicked on

2020-06-05 19:45:25 - [MESSAGE][PASSED] - Object: 'Object Repository/1612893/40_Edit_channel_header/Page_Thanh set Channel name - hcmus-cdnc-te_a699a0/span_Edit Channel Header' is clicked on

2020-06-05 19:45:25 - [TEST_STEP][PASSED] - setText(findTestObject("1612893/40_Edit_channel_header/Page_Thanh set Channel name - hcmus-cdnc-te_a699a0/textarea_thanh set header"), content): Text 'thanh set header' is set on object 'Object Repository/1612893/40_Edit_channel_header/Page_Thanh set Channel name - hcmus-cdnc-te_a699a0/textarea_thanh set header'

2020-06-05 19:45:27 - [MESSAGE][PASSED] - Text 'thanh set header' is set on object 'Object Repository/1612893/40_Edit_channel_header/Page_Thanh set Channel name - hcmus-cdnc-te_a699a0/textarea_thanh set header'

2020-06-05 19:45:27 - [TEST_STEP][PASSED] - click(findTestObject("1612893/40_Edit_channel_header/Page_Thanh set Channel name - hcmus-cdnc-te_a699a0/span_Save")): Object: 'Object Repository/1612893/40_Edit_channel_header/Page_Thanh set Channel name - hcmus-cdnc-te_a699a0/span_Save' is clicked on

2020-06-05 19:45:27 - [MESSAGE][PASSED] - Object: 'Object Repository/1612893/40_Edit_channel_header/Page_Thanh set Channel name - hcmus-cdnc-te_a699a0/span_Save' is clicked on

2020-06-05 19:45:27 - [TEST_STEP][PASSED] - closeBrowser(): Browser is closed

2020-06-05 19:45:28 - [MESSAGE][PASSED] - Browser is closed]]></system-out>
         <system-err><![CDATA[]]></system-err>
      </testcase>
      <testcase name="Test Cases/1612893/TC_41_CreateTeam" time="15.104" classname="Test Cases/1612893/TC_41_CreateTeam" status="PASSED">
         <system-out><![CDATA[2020-06-05 19:45:28 - [TEST_CASE][PASSED] - Test Cases/1612893/TC_41_CreateTeam: Test Cases/1612893/TC_41_CreateTeam

2020-06-05 19:45:28 - [TEST_STEP][PASSED] - openBrowser(""): Browser is opened with url: ''

2020-06-05 19:45:28 - [MESSAGE][INFO] - Starting 'Chrome' driver

2020-06-05 19:45:28 - [MESSAGE][INFO] - Action delay is set to 0 milliseconds

2020-06-05 19:45:32 - [MESSAGE][PASSED] - Browser is opened with url: ''

2020-06-05 19:45:32 - [TEST_STEP][PASSED] - navigateToUrl("http://localhost:8065/login"): Navigate to 'http://localhost:8065/login' successfully

2020-06-05 19:45:33 - [MESSAGE][PASSED] - Navigate to 'http://localhost:8065/login' successfully

2020-06-05 19:45:33 - [TEST_STEP][PASSED] - setText(findTestObject("Object Repository/1612893/41_CreateTeam/Page_Mattermost/input_All team communication in one place s_703ef5"), "hcmus-cdnc"): Text 'hcmus-cdnc' is set on object 'Object Repository/1612893/41_CreateTeam/Page_Mattermost/input_All team communication in one place s_703ef5'

2020-06-05 19:45:35 - [MESSAGE][PASSED] - Text 'hcmus-cdnc' is set on object 'Object Repository/1612893/41_CreateTeam/Page_Mattermost/input_All team communication in one place s_703ef5'

2020-06-05 19:45:35 - [TEST_STEP][PASSED] - setEncryptedText(findTestObject("Object Repository/1612893/41_CreateTeam/Page_Mattermost/input_All team communication in one place s_2f2733"), "aeHFOx8jV/A="): Text ****** has been set on object 'Object Repository/1612893/41_CreateTeam/Page_Mattermost/input_All team communication in one place s_2f2733'

2020-06-05 19:45:36 - [MESSAGE][PASSED] - Text ****** has been set on object 'Object Repository/1612893/41_CreateTeam/Page_Mattermost/input_All team communication in one place s_2f2733'

2020-06-05 19:45:36 - [TEST_STEP][PASSED] - click(findTestObject("Object Repository/1612893/41_CreateTeam/Page_Mattermost/button_Sign in")): Object: 'Object Repository/1612893/41_CreateTeam/Page_Mattermost/button_Sign in' is clicked on

2020-06-05 19:45:36 - [MESSAGE][PASSED] - Object: 'Object Repository/1612893/41_CreateTeam/Page_Mattermost/button_Sign in' is clicked on

2020-06-05 19:45:36 - [TEST_STEP][PASSED] - click(findTestObject("Object Repository/1612893/41_CreateTeam/Page_Thanh set Channel name - hcmus-cdnc-te_a699a0/div_")): Object: 'Object Repository/1612893/41_CreateTeam/Page_Thanh set Channel name - hcmus-cdnc-te_a699a0/div_' is clicked on

2020-06-05 19:45:40 - [MESSAGE][PASSED] - Object: 'Object Repository/1612893/41_CreateTeam/Page_Thanh set Channel name - hcmus-cdnc-te_a699a0/div_' is clicked on

2020-06-05 19:45:40 - [TEST_STEP][PASSED] - click(findTestObject("Object Repository/1612893/41_CreateTeam/Page_Thanh set Channel name - hcmus-cdnc-te_a699a0/span_Create a team")): Object: 'Object Repository/1612893/41_CreateTeam/Page_Thanh set Channel name - hcmus-cdnc-te_a699a0/span_Create a team' is clicked on

2020-06-05 19:45:40 - [MESSAGE][PASSED] - Object: 'Object Repository/1612893/41_CreateTeam/Page_Thanh set Channel name - hcmus-cdnc-te_a699a0/span_Create a team' is clicked on

2020-06-05 19:45:40 - [TEST_STEP][PASSED] - setText(findTestObject("Object Repository/1612893/41_CreateTeam/Page_Thanh set Channel name - hcmus-cdnc-te_a699a0/input_Team Name_teamNameInput"), teamName): Text 'Team1' is set on object 'Object Repository/1612893/41_CreateTeam/Page_Thanh set Channel name - hcmus-cdnc-te_a699a0/input_Team Name_teamNameInput'

2020-06-05 19:45:41 - [MESSAGE][PASSED] - Text 'Team1' is set on object 'Object Repository/1612893/41_CreateTeam/Page_Thanh set Channel name - hcmus-cdnc-te_a699a0/input_Team Name_teamNameInput'

2020-06-05 19:45:41 - [TEST_STEP][PASSED] - click(findTestObject("Object Repository/1612893/41_CreateTeam/Page_Thanh set Channel name - hcmus-cdnc-te_a699a0/button_Next")): Object: 'Object Repository/1612893/41_CreateTeam/Page_Thanh set Channel name - hcmus-cdnc-te_a699a0/button_Next' is clicked on

2020-06-05 19:45:42 - [MESSAGE][PASSED] - Object: 'Object Repository/1612893/41_CreateTeam/Page_Thanh set Channel name - hcmus-cdnc-te_a699a0/button_Next' is clicked on

2020-06-05 19:45:42 - [TEST_STEP][PASSED] - click(findTestObject("Object Repository/1612893/41_CreateTeam/Page_Thanh set Channel name - hcmus-cdnc-te_a699a0/button_Finish")): Object: 'Object Repository/1612893/41_CreateTeam/Page_Thanh set Channel name - hcmus-cdnc-te_a699a0/button_Finish' is clicked on

2020-06-05 19:45:42 - [MESSAGE][PASSED] - Object: 'Object Repository/1612893/41_CreateTeam/Page_Thanh set Channel name - hcmus-cdnc-te_a699a0/button_Finish' is clicked on

2020-06-05 19:45:42 - [TEST_STEP][PASSED] - closeBrowser(): Browser is closed

2020-06-05 19:45:43 - [MESSAGE][PASSED] - Browser is closed]]></system-out>
         <system-err><![CDATA[]]></system-err>
      </testcase>
      <testcase name="Test Cases/1612893/TC_41_CreateTeam" time="14.624" classname="Test Cases/1612893/TC_41_CreateTeam" status="PASSED">
         <system-out><![CDATA[2020-06-05 19:45:43 - [TEST_CASE][PASSED] - Test Cases/1612893/TC_41_CreateTeam: Test Cases/1612893/TC_41_CreateTeam

2020-06-05 19:45:43 - [TEST_STEP][PASSED] - openBrowser(""): Browser is opened with url: ''

2020-06-05 19:45:43 - [MESSAGE][INFO] - Starting 'Chrome' driver

2020-06-05 19:45:43 - [MESSAGE][INFO] - Action delay is set to 0 milliseconds

2020-06-05 19:45:47 - [MESSAGE][PASSED] - Browser is opened with url: ''

2020-06-05 19:45:47 - [TEST_STEP][PASSED] - navigateToUrl("http://localhost:8065/login"): Navigate to 'http://localhost:8065/login' successfully

2020-06-05 19:45:48 - [MESSAGE][PASSED] - Navigate to 'http://localhost:8065/login' successfully

2020-06-05 19:45:48 - [TEST_STEP][PASSED] - setText(findTestObject("Object Repository/1612893/41_CreateTeam/Page_Mattermost/input_All team communication in one place s_703ef5"), "hcmus-cdnc"): Text 'hcmus-cdnc' is set on object 'Object Repository/1612893/41_CreateTeam/Page_Mattermost/input_All team communication in one place s_703ef5'

2020-06-05 19:45:50 - [MESSAGE][PASSED] - Text 'hcmus-cdnc' is set on object 'Object Repository/1612893/41_CreateTeam/Page_Mattermost/input_All team communication in one place s_703ef5'

2020-06-05 19:45:50 - [TEST_STEP][PASSED] - setEncryptedText(findTestObject("Object Repository/1612893/41_CreateTeam/Page_Mattermost/input_All team communication in one place s_2f2733"), "aeHFOx8jV/A="): Text ****** has been set on object 'Object Repository/1612893/41_CreateTeam/Page_Mattermost/input_All team communication in one place s_2f2733'

2020-06-05 19:45:50 - [MESSAGE][PASSED] - Text ****** has been set on object 'Object Repository/1612893/41_CreateTeam/Page_Mattermost/input_All team communication in one place s_2f2733'

2020-06-05 19:45:50 - [TEST_STEP][PASSED] - click(findTestObject("Object Repository/1612893/41_CreateTeam/Page_Mattermost/button_Sign in")): Object: 'Object Repository/1612893/41_CreateTeam/Page_Mattermost/button_Sign in' is clicked on

2020-06-05 19:45:51 - [MESSAGE][PASSED] - Object: 'Object Repository/1612893/41_CreateTeam/Page_Mattermost/button_Sign in' is clicked on

2020-06-05 19:45:51 - [TEST_STEP][PASSED] - click(findTestObject("Object Repository/1612893/41_CreateTeam/Page_Thanh set Channel name - hcmus-cdnc-te_a699a0/div_")): Object: 'Object Repository/1612893/41_CreateTeam/Page_Thanh set Channel name - hcmus-cdnc-te_a699a0/div_' is clicked on

2020-06-05 19:45:54 - [MESSAGE][PASSED] - Object: 'Object Repository/1612893/41_CreateTeam/Page_Thanh set Channel name - hcmus-cdnc-te_a699a0/div_' is clicked on

2020-06-05 19:45:54 - [TEST_STEP][PASSED] - click(findTestObject("Object Repository/1612893/41_CreateTeam/Page_Thanh set Channel name - hcmus-cdnc-te_a699a0/span_Create a team")): Object: 'Object Repository/1612893/41_CreateTeam/Page_Thanh set Channel name - hcmus-cdnc-te_a699a0/span_Create a team' is clicked on

2020-06-05 19:45:55 - [MESSAGE][PASSED] - Object: 'Object Repository/1612893/41_CreateTeam/Page_Thanh set Channel name - hcmus-cdnc-te_a699a0/span_Create a team' is clicked on

2020-06-05 19:45:55 - [TEST_STEP][PASSED] - setText(findTestObject("Object Repository/1612893/41_CreateTeam/Page_Thanh set Channel name - hcmus-cdnc-te_a699a0/input_Team Name_teamNameInput"), teamName): Text 'Team2' is set on object 'Object Repository/1612893/41_CreateTeam/Page_Thanh set Channel name - hcmus-cdnc-te_a699a0/input_Team Name_teamNameInput'

2020-06-05 19:45:56 - [MESSAGE][PASSED] - Text 'Team2' is set on object 'Object Repository/1612893/41_CreateTeam/Page_Thanh set Channel name - hcmus-cdnc-te_a699a0/input_Team Name_teamNameInput'

2020-06-05 19:45:56 - [TEST_STEP][PASSED] - click(findTestObject("Object Repository/1612893/41_CreateTeam/Page_Thanh set Channel name - hcmus-cdnc-te_a699a0/button_Next")): Object: 'Object Repository/1612893/41_CreateTeam/Page_Thanh set Channel name - hcmus-cdnc-te_a699a0/button_Next' is clicked on

2020-06-05 19:45:56 - [MESSAGE][PASSED] - Object: 'Object Repository/1612893/41_CreateTeam/Page_Thanh set Channel name - hcmus-cdnc-te_a699a0/button_Next' is clicked on

2020-06-05 19:45:56 - [TEST_STEP][PASSED] - click(findTestObject("Object Repository/1612893/41_CreateTeam/Page_Thanh set Channel name - hcmus-cdnc-te_a699a0/button_Finish")): Object: 'Object Repository/1612893/41_CreateTeam/Page_Thanh set Channel name - hcmus-cdnc-te_a699a0/button_Finish' is clicked on

2020-06-05 19:45:57 - [MESSAGE][PASSED] - Object: 'Object Repository/1612893/41_CreateTeam/Page_Thanh set Channel name - hcmus-cdnc-te_a699a0/button_Finish' is clicked on

2020-06-05 19:45:57 - [TEST_STEP][PASSED] - closeBrowser(): Browser is closed

2020-06-05 19:45:58 - [MESSAGE][PASSED] - Browser is closed]]></system-out>
         <system-err><![CDATA[]]></system-err>
      </testcase>
      <testcase name="Test Cases/1612893/TC_41_CreateTeam" time="16.163" classname="Test Cases/1612893/TC_41_CreateTeam" status="PASSED">
         <system-out><![CDATA[2020-06-05 19:45:58 - [TEST_CASE][PASSED] - Test Cases/1612893/TC_41_CreateTeam: Test Cases/1612893/TC_41_CreateTeam

2020-06-05 19:45:58 - [TEST_STEP][PASSED] - openBrowser(""): Browser is opened with url: ''

2020-06-05 19:45:58 - [MESSAGE][INFO] - Starting 'Chrome' driver

2020-06-05 19:45:58 - [MESSAGE][INFO] - Action delay is set to 0 milliseconds

2020-06-05 19:46:01 - [MESSAGE][PASSED] - Browser is opened with url: ''

2020-06-05 19:46:01 - [TEST_STEP][PASSED] - navigateToUrl("http://localhost:8065/login"): Navigate to 'http://localhost:8065/login' successfully

2020-06-05 19:46:03 - [MESSAGE][PASSED] - Navigate to 'http://localhost:8065/login' successfully

2020-06-05 19:46:03 - [TEST_STEP][PASSED] - setText(findTestObject("Object Repository/1612893/41_CreateTeam/Page_Mattermost/input_All team communication in one place s_703ef5"), "hcmus-cdnc"): Text 'hcmus-cdnc' is set on object 'Object Repository/1612893/41_CreateTeam/Page_Mattermost/input_All team communication in one place s_703ef5'

2020-06-05 19:46:06 - [MESSAGE][PASSED] - Text 'hcmus-cdnc' is set on object 'Object Repository/1612893/41_CreateTeam/Page_Mattermost/input_All team communication in one place s_703ef5'

2020-06-05 19:46:06 - [TEST_STEP][PASSED] - setEncryptedText(findTestObject("Object Repository/1612893/41_CreateTeam/Page_Mattermost/input_All team communication in one place s_2f2733"), "aeHFOx8jV/A="): Text ****** has been set on object 'Object Repository/1612893/41_CreateTeam/Page_Mattermost/input_All team communication in one place s_2f2733'

2020-06-05 19:46:06 - [MESSAGE][PASSED] - Text ****** has been set on object 'Object Repository/1612893/41_CreateTeam/Page_Mattermost/input_All team communication in one place s_2f2733'

2020-06-05 19:46:06 - [TEST_STEP][PASSED] - click(findTestObject("Object Repository/1612893/41_CreateTeam/Page_Mattermost/button_Sign in")): Object: 'Object Repository/1612893/41_CreateTeam/Page_Mattermost/button_Sign in' is clicked on

2020-06-05 19:46:07 - [MESSAGE][PASSED] - Object: 'Object Repository/1612893/41_CreateTeam/Page_Mattermost/button_Sign in' is clicked on

2020-06-05 19:46:07 - [TEST_STEP][PASSED] - click(findTestObject("Object Repository/1612893/41_CreateTeam/Page_Thanh set Channel name - hcmus-cdnc-te_a699a0/div_")): Object: 'Object Repository/1612893/41_CreateTeam/Page_Thanh set Channel name - hcmus-cdnc-te_a699a0/div_' is clicked on

2020-06-05 19:46:11 - [MESSAGE][PASSED] - Object: 'Object Repository/1612893/41_CreateTeam/Page_Thanh set Channel name - hcmus-cdnc-te_a699a0/div_' is clicked on

2020-06-05 19:46:11 - [TEST_STEP][PASSED] - click(findTestObject("Object Repository/1612893/41_CreateTeam/Page_Thanh set Channel name - hcmus-cdnc-te_a699a0/span_Create a team")): Object: 'Object Repository/1612893/41_CreateTeam/Page_Thanh set Channel name - hcmus-cdnc-te_a699a0/span_Create a team' is clicked on

2020-06-05 19:46:11 - [MESSAGE][PASSED] - Object: 'Object Repository/1612893/41_CreateTeam/Page_Thanh set Channel name - hcmus-cdnc-te_a699a0/span_Create a team' is clicked on

2020-06-05 19:46:11 - [TEST_STEP][PASSED] - setText(findTestObject("Object Repository/1612893/41_CreateTeam/Page_Thanh set Channel name - hcmus-cdnc-te_a699a0/input_Team Name_teamNameInput"), teamName): Text 'Team3' is set on object 'Object Repository/1612893/41_CreateTeam/Page_Thanh set Channel name - hcmus-cdnc-te_a699a0/input_Team Name_teamNameInput'

2020-06-05 19:46:12 - [MESSAGE][PASSED] - Text 'Team3' is set on object 'Object Repository/1612893/41_CreateTeam/Page_Thanh set Channel name - hcmus-cdnc-te_a699a0/input_Team Name_teamNameInput'

2020-06-05 19:46:12 - [TEST_STEP][PASSED] - click(findTestObject("Object Repository/1612893/41_CreateTeam/Page_Thanh set Channel name - hcmus-cdnc-te_a699a0/button_Next")): Object: 'Object Repository/1612893/41_CreateTeam/Page_Thanh set Channel name - hcmus-cdnc-te_a699a0/button_Next' is clicked on

2020-06-05 19:46:13 - [MESSAGE][PASSED] - Object: 'Object Repository/1612893/41_CreateTeam/Page_Thanh set Channel name - hcmus-cdnc-te_a699a0/button_Next' is clicked on

2020-06-05 19:46:13 - [TEST_STEP][PASSED] - click(findTestObject("Object Repository/1612893/41_CreateTeam/Page_Thanh set Channel name - hcmus-cdnc-te_a699a0/button_Finish")): Object: 'Object Repository/1612893/41_CreateTeam/Page_Thanh set Channel name - hcmus-cdnc-te_a699a0/button_Finish' is clicked on

2020-06-05 19:46:13 - [MESSAGE][PASSED] - Object: 'Object Repository/1612893/41_CreateTeam/Page_Thanh set Channel name - hcmus-cdnc-te_a699a0/button_Finish' is clicked on

2020-06-05 19:46:13 - [TEST_STEP][PASSED] - closeBrowser(): Browser is closed

2020-06-05 19:46:14 - [MESSAGE][PASSED] - Browser is closed]]></system-out>
         <system-err><![CDATA[]]></system-err>
      </testcase>
      <testcase name="Test Cases/1612893/TC_41_CreateTeam" time="15.013" classname="Test Cases/1612893/TC_41_CreateTeam" status="PASSED">
         <system-out><![CDATA[2020-06-05 19:46:14 - [TEST_CASE][PASSED] - Test Cases/1612893/TC_41_CreateTeam: Test Cases/1612893/TC_41_CreateTeam

2020-06-05 19:46:14 - [TEST_STEP][PASSED] - openBrowser(""): Browser is opened with url: ''

2020-06-05 19:46:14 - [MESSAGE][INFO] - Starting 'Chrome' driver

2020-06-05 19:46:14 - [MESSAGE][INFO] - Action delay is set to 0 milliseconds

2020-06-05 19:46:18 - [MESSAGE][PASSED] - Browser is opened with url: ''

2020-06-05 19:46:18 - [TEST_STEP][PASSED] - navigateToUrl("http://localhost:8065/login"): Navigate to 'http://localhost:8065/login' successfully

2020-06-05 19:46:19 - [MESSAGE][PASSED] - Navigate to 'http://localhost:8065/login' successfully

2020-06-05 19:46:19 - [TEST_STEP][PASSED] - setText(findTestObject("Object Repository/1612893/41_CreateTeam/Page_Mattermost/input_All team communication in one place s_703ef5"), "hcmus-cdnc"): Text 'hcmus-cdnc' is set on object 'Object Repository/1612893/41_CreateTeam/Page_Mattermost/input_All team communication in one place s_703ef5'

2020-06-05 19:46:21 - [MESSAGE][PASSED] - Text 'hcmus-cdnc' is set on object 'Object Repository/1612893/41_CreateTeam/Page_Mattermost/input_All team communication in one place s_703ef5'

2020-06-05 19:46:21 - [TEST_STEP][PASSED] - setEncryptedText(findTestObject("Object Repository/1612893/41_CreateTeam/Page_Mattermost/input_All team communication in one place s_2f2733"), "aeHFOx8jV/A="): Text ****** has been set on object 'Object Repository/1612893/41_CreateTeam/Page_Mattermost/input_All team communication in one place s_2f2733'

2020-06-05 19:46:21 - [MESSAGE][PASSED] - Text ****** has been set on object 'Object Repository/1612893/41_CreateTeam/Page_Mattermost/input_All team communication in one place s_2f2733'

2020-06-05 19:46:21 - [TEST_STEP][PASSED] - click(findTestObject("Object Repository/1612893/41_CreateTeam/Page_Mattermost/button_Sign in")): Object: 'Object Repository/1612893/41_CreateTeam/Page_Mattermost/button_Sign in' is clicked on

2020-06-05 19:46:22 - [MESSAGE][PASSED] - Object: 'Object Repository/1612893/41_CreateTeam/Page_Mattermost/button_Sign in' is clicked on

2020-06-05 19:46:22 - [TEST_STEP][PASSED] - click(findTestObject("Object Repository/1612893/41_CreateTeam/Page_Thanh set Channel name - hcmus-cdnc-te_a699a0/div_")): Object: 'Object Repository/1612893/41_CreateTeam/Page_Thanh set Channel name - hcmus-cdnc-te_a699a0/div_' is clicked on

2020-06-05 19:46:26 - [MESSAGE][PASSED] - Object: 'Object Repository/1612893/41_CreateTeam/Page_Thanh set Channel name - hcmus-cdnc-te_a699a0/div_' is clicked on

2020-06-05 19:46:26 - [TEST_STEP][PASSED] - click(findTestObject("Object Repository/1612893/41_CreateTeam/Page_Thanh set Channel name - hcmus-cdnc-te_a699a0/span_Create a team")): Object: 'Object Repository/1612893/41_CreateTeam/Page_Thanh set Channel name - hcmus-cdnc-te_a699a0/span_Create a team' is clicked on

2020-06-05 19:46:26 - [MESSAGE][PASSED] - Object: 'Object Repository/1612893/41_CreateTeam/Page_Thanh set Channel name - hcmus-cdnc-te_a699a0/span_Create a team' is clicked on

2020-06-05 19:46:26 - [TEST_STEP][PASSED] - setText(findTestObject("Object Repository/1612893/41_CreateTeam/Page_Thanh set Channel name - hcmus-cdnc-te_a699a0/input_Team Name_teamNameInput"), teamName): Text 'Team4' is set on object 'Object Repository/1612893/41_CreateTeam/Page_Thanh set Channel name - hcmus-cdnc-te_a699a0/input_Team Name_teamNameInput'

2020-06-05 19:46:27 - [MESSAGE][PASSED] - Text 'Team4' is set on object 'Object Repository/1612893/41_CreateTeam/Page_Thanh set Channel name - hcmus-cdnc-te_a699a0/input_Team Name_teamNameInput'

2020-06-05 19:46:27 - [TEST_STEP][PASSED] - click(findTestObject("Object Repository/1612893/41_CreateTeam/Page_Thanh set Channel name - hcmus-cdnc-te_a699a0/button_Next")): Object: 'Object Repository/1612893/41_CreateTeam/Page_Thanh set Channel name - hcmus-cdnc-te_a699a0/button_Next' is clicked on

2020-06-05 19:46:28 - [MESSAGE][PASSED] - Object: 'Object Repository/1612893/41_CreateTeam/Page_Thanh set Channel name - hcmus-cdnc-te_a699a0/button_Next' is clicked on

2020-06-05 19:46:28 - [TEST_STEP][PASSED] - click(findTestObject("Object Repository/1612893/41_CreateTeam/Page_Thanh set Channel name - hcmus-cdnc-te_a699a0/button_Finish")): Object: 'Object Repository/1612893/41_CreateTeam/Page_Thanh set Channel name - hcmus-cdnc-te_a699a0/button_Finish' is clicked on

2020-06-05 19:46:28 - [MESSAGE][PASSED] - Object: 'Object Repository/1612893/41_CreateTeam/Page_Thanh set Channel name - hcmus-cdnc-te_a699a0/button_Finish' is clicked on

2020-06-05 19:46:28 - [TEST_STEP][PASSED] - closeBrowser(): Browser is closed

2020-06-05 19:46:29 - [MESSAGE][PASSED] - Browser is closed]]></system-out>
         <system-err><![CDATA[]]></system-err>
      </testcase>
      <testcase name="Test Cases/1612893/TC_41_CreateTeam" time="14.261" classname="Test Cases/1612893/TC_41_CreateTeam" status="PASSED">
         <system-out><![CDATA[2020-06-05 19:46:29 - [TEST_CASE][PASSED] - Test Cases/1612893/TC_41_CreateTeam: Test Cases/1612893/TC_41_CreateTeam

2020-06-05 19:46:29 - [TEST_STEP][PASSED] - openBrowser(""): Browser is opened with url: ''

2020-06-05 19:46:29 - [MESSAGE][INFO] - Starting 'Chrome' driver

2020-06-05 19:46:29 - [MESSAGE][INFO] - Action delay is set to 0 milliseconds

2020-06-05 19:46:32 - [MESSAGE][PASSED] - Browser is opened with url: ''

2020-06-05 19:46:32 - [TEST_STEP][PASSED] - navigateToUrl("http://localhost:8065/login"): Navigate to 'http://localhost:8065/login' successfully

2020-06-05 19:46:34 - [MESSAGE][PASSED] - Navigate to 'http://localhost:8065/login' successfully

2020-06-05 19:46:34 - [TEST_STEP][PASSED] - setText(findTestObject("Object Repository/1612893/41_CreateTeam/Page_Mattermost/input_All team communication in one place s_703ef5"), "hcmus-cdnc"): Text 'hcmus-cdnc' is set on object 'Object Repository/1612893/41_CreateTeam/Page_Mattermost/input_All team communication in one place s_703ef5'

2020-06-05 19:46:36 - [MESSAGE][PASSED] - Text 'hcmus-cdnc' is set on object 'Object Repository/1612893/41_CreateTeam/Page_Mattermost/input_All team communication in one place s_703ef5'

2020-06-05 19:46:36 - [TEST_STEP][PASSED] - setEncryptedText(findTestObject("Object Repository/1612893/41_CreateTeam/Page_Mattermost/input_All team communication in one place s_2f2733"), "aeHFOx8jV/A="): Text ****** has been set on object 'Object Repository/1612893/41_CreateTeam/Page_Mattermost/input_All team communication in one place s_2f2733'

2020-06-05 19:46:36 - [MESSAGE][PASSED] - Text ****** has been set on object 'Object Repository/1612893/41_CreateTeam/Page_Mattermost/input_All team communication in one place s_2f2733'

2020-06-05 19:46:36 - [TEST_STEP][PASSED] - click(findTestObject("Object Repository/1612893/41_CreateTeam/Page_Mattermost/button_Sign in")): Object: 'Object Repository/1612893/41_CreateTeam/Page_Mattermost/button_Sign in' is clicked on

2020-06-05 19:46:37 - [MESSAGE][PASSED] - Object: 'Object Repository/1612893/41_CreateTeam/Page_Mattermost/button_Sign in' is clicked on

2020-06-05 19:46:37 - [TEST_STEP][PASSED] - click(findTestObject("Object Repository/1612893/41_CreateTeam/Page_Thanh set Channel name - hcmus-cdnc-te_a699a0/div_")): Object: 'Object Repository/1612893/41_CreateTeam/Page_Thanh set Channel name - hcmus-cdnc-te_a699a0/div_' is clicked on

2020-06-05 19:46:40 - [MESSAGE][PASSED] - Object: 'Object Repository/1612893/41_CreateTeam/Page_Thanh set Channel name - hcmus-cdnc-te_a699a0/div_' is clicked on

2020-06-05 19:46:40 - [TEST_STEP][PASSED] - click(findTestObject("Object Repository/1612893/41_CreateTeam/Page_Thanh set Channel name - hcmus-cdnc-te_a699a0/span_Create a team")): Object: 'Object Repository/1612893/41_CreateTeam/Page_Thanh set Channel name - hcmus-cdnc-te_a699a0/span_Create a team' is clicked on

2020-06-05 19:46:41 - [MESSAGE][PASSED] - Object: 'Object Repository/1612893/41_CreateTeam/Page_Thanh set Channel name - hcmus-cdnc-te_a699a0/span_Create a team' is clicked on

2020-06-05 19:46:41 - [TEST_STEP][PASSED] - setText(findTestObject("Object Repository/1612893/41_CreateTeam/Page_Thanh set Channel name - hcmus-cdnc-te_a699a0/input_Team Name_teamNameInput"), teamName): Text 'Team5' is set on object 'Object Repository/1612893/41_CreateTeam/Page_Thanh set Channel name - hcmus-cdnc-te_a699a0/input_Team Name_teamNameInput'

2020-06-05 19:46:42 - [MESSAGE][PASSED] - Text 'Team5' is set on object 'Object Repository/1612893/41_CreateTeam/Page_Thanh set Channel name - hcmus-cdnc-te_a699a0/input_Team Name_teamNameInput'

2020-06-05 19:46:42 - [TEST_STEP][PASSED] - click(findTestObject("Object Repository/1612893/41_CreateTeam/Page_Thanh set Channel name - hcmus-cdnc-te_a699a0/button_Next")): Object: 'Object Repository/1612893/41_CreateTeam/Page_Thanh set Channel name - hcmus-cdnc-te_a699a0/button_Next' is clicked on

2020-06-05 19:46:42 - [MESSAGE][PASSED] - Object: 'Object Repository/1612893/41_CreateTeam/Page_Thanh set Channel name - hcmus-cdnc-te_a699a0/button_Next' is clicked on

2020-06-05 19:46:42 - [TEST_STEP][PASSED] - click(findTestObject("Object Repository/1612893/41_CreateTeam/Page_Thanh set Channel name - hcmus-cdnc-te_a699a0/button_Finish")): Object: 'Object Repository/1612893/41_CreateTeam/Page_Thanh set Channel name - hcmus-cdnc-te_a699a0/button_Finish' is clicked on

2020-06-05 19:46:43 - [MESSAGE][PASSED] - Object: 'Object Repository/1612893/41_CreateTeam/Page_Thanh set Channel name - hcmus-cdnc-te_a699a0/button_Finish' is clicked on

2020-06-05 19:46:43 - [TEST_STEP][PASSED] - closeBrowser(): Browser is closed

2020-06-05 19:46:43 - [MESSAGE][PASSED] - Browser is closed]]></system-out>
         <system-err><![CDATA[]]></system-err>
      </testcase>
      <testcase name="Test Cases/1612893/TC_42_EditTeamName" time="16.562" classname="Test Cases/1612893/TC_42_EditTeamName" status="PASSED">
         <system-out><![CDATA[2020-06-05 19:46:43 - [TEST_CASE][PASSED] - Test Cases/1612893/TC_42_EditTeamName: Test Cases/1612893/TC_42_EditTeamName

2020-06-05 19:46:44 - [TEST_STEP][PASSED] - openBrowser(""): Browser is opened with url: ''

2020-06-05 19:46:44 - [MESSAGE][INFO] - Starting 'Chrome' driver

2020-06-05 19:46:44 - [MESSAGE][INFO] - Action delay is set to 0 milliseconds

2020-06-05 19:46:47 - [MESSAGE][PASSED] - Browser is opened with url: ''

2020-06-05 19:46:47 - [TEST_STEP][PASSED] - navigateToUrl("http://localhost:8065/login"): Navigate to 'http://localhost:8065/login' successfully

2020-06-05 19:46:49 - [MESSAGE][PASSED] - Navigate to 'http://localhost:8065/login' successfully

2020-06-05 19:46:49 - [TEST_STEP][PASSED] - setText(findTestObject("Object Repository/1612893/42_EditTeamName/Page_Mattermost/input_All team communication in one place s_703ef5"), "hcmus-cdnc@gmail.com"): Text 'hcmus-cdnc@gmail.com' is set on object 'Object Repository/1612893/42_EditTeamName/Page_Mattermost/input_All team communication in one place s_703ef5'

2020-06-05 19:46:51 - [MESSAGE][PASSED] - Text 'hcmus-cdnc@gmail.com' is set on object 'Object Repository/1612893/42_EditTeamName/Page_Mattermost/input_All team communication in one place s_703ef5'

2020-06-05 19:46:51 - [TEST_STEP][PASSED] - setEncryptedText(findTestObject("Object Repository/1612893/42_EditTeamName/Page_Mattermost/input_All team communication in one place s_2f2733"), "aeHFOx8jV/A="): Text ****** has been set on object 'Object Repository/1612893/42_EditTeamName/Page_Mattermost/input_All team communication in one place s_2f2733'

2020-06-05 19:46:51 - [MESSAGE][PASSED] - Text ****** has been set on object 'Object Repository/1612893/42_EditTeamName/Page_Mattermost/input_All team communication in one place s_2f2733'

2020-06-05 19:46:51 - [TEST_STEP][PASSED] - click(findTestObject("Object Repository/1612893/42_EditTeamName/Page_Mattermost/button_Sign in")): Object: 'Object Repository/1612893/42_EditTeamName/Page_Mattermost/button_Sign in' is clicked on

2020-06-05 19:46:52 - [MESSAGE][PASSED] - Object: 'Object Repository/1612893/42_EditTeamName/Page_Mattermost/button_Sign in' is clicked on

2020-06-05 19:46:52 - [TEST_STEP][PASSED] - click(findTestObject("Object Repository/1612893/42_EditTeamName/Page_Thanh set Channel name - hcmus-cdnc-te_a699a0/button_anh_style--none sidebar-header-dropd_e4937e")): Object: 'Object Repository/1612893/42_EditTeamName/Page_Thanh set Channel name - hcmus-cdnc-te_a699a0/button_anh_style--none sidebar-header-dropd_e4937e' is clicked on

2020-06-05 19:46:55 - [MESSAGE][PASSED] - Object: 'Object Repository/1612893/42_EditTeamName/Page_Thanh set Channel name - hcmus-cdnc-te_a699a0/button_anh_style--none sidebar-header-dropd_e4937e' is clicked on

2020-06-05 19:46:55 - [TEST_STEP][PASSED] - click(findTestObject("Object Repository/1612893/42_EditTeamName/Page_Thanh set Channel name - hcmus-cdnc-te_a699a0/span_Team Settings")): Object: 'Object Repository/1612893/42_EditTeamName/Page_Thanh set Channel name - hcmus-cdnc-te_a699a0/span_Team Settings' is clicked on

2020-06-05 19:46:56 - [MESSAGE][PASSED] - Object: 'Object Repository/1612893/42_EditTeamName/Page_Thanh set Channel name - hcmus-cdnc-te_a699a0/span_Team Settings' is clicked on

2020-06-05 19:46:56 - [TEST_STEP][PASSED] - click(findTestObject("Object Repository/1612893/42_EditTeamName/Page_Thanh set Channel name - hcmus-cdnc-te_a699a0/button_Edit")): Object: 'Object Repository/1612893/42_EditTeamName/Page_Thanh set Channel name - hcmus-cdnc-te_a699a0/button_Edit' is clicked on

2020-06-05 19:46:57 - [MESSAGE][PASSED] - Object: 'Object Repository/1612893/42_EditTeamName/Page_Thanh set Channel name - hcmus-cdnc-te_a699a0/button_Edit' is clicked on

2020-06-05 19:46:57 - [TEST_STEP][PASSED] - setText(findTestObject("Object Repository/1612893/42_EditTeamName/Page_Thanh set Channel name - hcmus-cdnc-te_a699a0/input_Team Name_teamName"), teamName): Text 'Team-Tester' is set on object 'Object Repository/1612893/42_EditTeamName/Page_Thanh set Channel name - hcmus-cdnc-te_a699a0/input_Team Name_teamName'

2020-06-05 19:46:58 - [MESSAGE][PASSED] - Text 'Team-Tester' is set on object 'Object Repository/1612893/42_EditTeamName/Page_Thanh set Channel name - hcmus-cdnc-te_a699a0/input_Team Name_teamName'

2020-06-05 19:46:58 - [TEST_STEP][PASSED] - click(findTestObject("Object Repository/1612893/42_EditTeamName/Page_Thanh set Channel name - hcmus-cdnc-te_a699a0/button_Save")): Object: 'Object Repository/1612893/42_EditTeamName/Page_Thanh set Channel name - hcmus-cdnc-te_a699a0/button_Save' is clicked on

2020-06-05 19:46:58 - [MESSAGE][PASSED] - Object: 'Object Repository/1612893/42_EditTeamName/Page_Thanh set Channel name - hcmus-cdnc-te_a699a0/button_Save' is clicked on

2020-06-05 19:46:58 - [TEST_STEP][PASSED] - click(findTestObject("Object Repository/1612893/42_EditTeamName/Page_Thanh set Channel name - hcmus-cdnc-te_a699a0/button_Close")): Object: 'Object Repository/1612893/42_EditTeamName/Page_Thanh set Channel name - hcmus-cdnc-te_a699a0/button_Close' is clicked on

2020-06-05 19:46:59 - [MESSAGE][PASSED] - Object: 'Object Repository/1612893/42_EditTeamName/Page_Thanh set Channel name - hcmus-cdnc-te_a699a0/button_Close' is clicked on

2020-06-05 19:46:59 - [TEST_STEP][PASSED] - closeBrowser(): Browser is closed

2020-06-05 19:47:00 - [MESSAGE][PASSED] - Browser is closed]]></system-out>
         <system-err><![CDATA[]]></system-err>
      </testcase>
      <testcase name="Test Cases/1612893/TC_42_EditTeamName" time="16.573" classname="Test Cases/1612893/TC_42_EditTeamName" status="PASSED">
         <system-out><![CDATA[2020-06-05 19:47:00 - [TEST_CASE][PASSED] - Test Cases/1612893/TC_42_EditTeamName: Test Cases/1612893/TC_42_EditTeamName

2020-06-05 19:47:00 - [TEST_STEP][PASSED] - openBrowser(""): Browser is opened with url: ''

2020-06-05 19:47:00 - [MESSAGE][INFO] - Starting 'Chrome' driver

2020-06-05 19:47:00 - [MESSAGE][INFO] - Action delay is set to 0 milliseconds

2020-06-05 19:47:03 - [MESSAGE][PASSED] - Browser is opened with url: ''

2020-06-05 19:47:03 - [TEST_STEP][PASSED] - navigateToUrl("http://localhost:8065/login"): Navigate to 'http://localhost:8065/login' successfully

2020-06-05 19:47:05 - [MESSAGE][PASSED] - Navigate to 'http://localhost:8065/login' successfully

2020-06-05 19:47:05 - [TEST_STEP][PASSED] - setText(findTestObject("Object Repository/1612893/42_EditTeamName/Page_Mattermost/input_All team communication in one place s_703ef5"), "hcmus-cdnc@gmail.com"): Text 'hcmus-cdnc@gmail.com' is set on object 'Object Repository/1612893/42_EditTeamName/Page_Mattermost/input_All team communication in one place s_703ef5'

2020-06-05 19:47:07 - [MESSAGE][PASSED] - Text 'hcmus-cdnc@gmail.com' is set on object 'Object Repository/1612893/42_EditTeamName/Page_Mattermost/input_All team communication in one place s_703ef5'

2020-06-05 19:47:07 - [TEST_STEP][PASSED] - setEncryptedText(findTestObject("Object Repository/1612893/42_EditTeamName/Page_Mattermost/input_All team communication in one place s_2f2733"), "aeHFOx8jV/A="): Text ****** has been set on object 'Object Repository/1612893/42_EditTeamName/Page_Mattermost/input_All team communication in one place s_2f2733'

2020-06-05 19:47:07 - [MESSAGE][PASSED] - Text ****** has been set on object 'Object Repository/1612893/42_EditTeamName/Page_Mattermost/input_All team communication in one place s_2f2733'

2020-06-05 19:47:07 - [TEST_STEP][PASSED] - click(findTestObject("Object Repository/1612893/42_EditTeamName/Page_Mattermost/button_Sign in")): Object: 'Object Repository/1612893/42_EditTeamName/Page_Mattermost/button_Sign in' is clicked on

2020-06-05 19:47:08 - [MESSAGE][PASSED] - Object: 'Object Repository/1612893/42_EditTeamName/Page_Mattermost/button_Sign in' is clicked on

2020-06-05 19:47:08 - [TEST_STEP][PASSED] - click(findTestObject("Object Repository/1612893/42_EditTeamName/Page_Thanh set Channel name - hcmus-cdnc-te_a699a0/button_anh_style--none sidebar-header-dropd_e4937e")): Object: 'Object Repository/1612893/42_EditTeamName/Page_Thanh set Channel name - hcmus-cdnc-te_a699a0/button_anh_style--none sidebar-header-dropd_e4937e' is clicked on

2020-06-05 19:47:11 - [MESSAGE][PASSED] - Object: 'Object Repository/1612893/42_EditTeamName/Page_Thanh set Channel name - hcmus-cdnc-te_a699a0/button_anh_style--none sidebar-header-dropd_e4937e' is clicked on

2020-06-05 19:47:11 - [TEST_STEP][PASSED] - click(findTestObject("Object Repository/1612893/42_EditTeamName/Page_Thanh set Channel name - hcmus-cdnc-te_a699a0/span_Team Settings")): Object: 'Object Repository/1612893/42_EditTeamName/Page_Thanh set Channel name - hcmus-cdnc-te_a699a0/span_Team Settings' is clicked on

2020-06-05 19:47:12 - [MESSAGE][PASSED] - Object: 'Object Repository/1612893/42_EditTeamName/Page_Thanh set Channel name - hcmus-cdnc-te_a699a0/span_Team Settings' is clicked on

2020-06-05 19:47:12 - [TEST_STEP][PASSED] - click(findTestObject("Object Repository/1612893/42_EditTeamName/Page_Thanh set Channel name - hcmus-cdnc-te_a699a0/button_Edit")): Object: 'Object Repository/1612893/42_EditTeamName/Page_Thanh set Channel name - hcmus-cdnc-te_a699a0/button_Edit' is clicked on

2020-06-05 19:47:13 - [MESSAGE][PASSED] - Object: 'Object Repository/1612893/42_EditTeamName/Page_Thanh set Channel name - hcmus-cdnc-te_a699a0/button_Edit' is clicked on

2020-06-05 19:47:13 - [TEST_STEP][PASSED] - setText(findTestObject("Object Repository/1612893/42_EditTeamName/Page_Thanh set Channel name - hcmus-cdnc-te_a699a0/input_Team Name_teamName"), teamName): Text 'Team-Developer' is set on object 'Object Repository/1612893/42_EditTeamName/Page_Thanh set Channel name - hcmus-cdnc-te_a699a0/input_Team Name_teamName'

2020-06-05 19:47:14 - [MESSAGE][PASSED] - Text 'Team-Developer' is set on object 'Object Repository/1612893/42_EditTeamName/Page_Thanh set Channel name - hcmus-cdnc-te_a699a0/input_Team Name_teamName'

2020-06-05 19:47:14 - [TEST_STEP][PASSED] - click(findTestObject("Object Repository/1612893/42_EditTeamName/Page_Thanh set Channel name - hcmus-cdnc-te_a699a0/button_Save")): Object: 'Object Repository/1612893/42_EditTeamName/Page_Thanh set Channel name - hcmus-cdnc-te_a699a0/button_Save' is clicked on

2020-06-05 19:47:15 - [MESSAGE][PASSED] - Object: 'Object Repository/1612893/42_EditTeamName/Page_Thanh set Channel name - hcmus-cdnc-te_a699a0/button_Save' is clicked on

2020-06-05 19:47:15 - [TEST_STEP][PASSED] - click(findTestObject("Object Repository/1612893/42_EditTeamName/Page_Thanh set Channel name - hcmus-cdnc-te_a699a0/button_Close")): Object: 'Object Repository/1612893/42_EditTeamName/Page_Thanh set Channel name - hcmus-cdnc-te_a699a0/button_Close' is clicked on

2020-06-05 19:47:16 - [MESSAGE][PASSED] - Object: 'Object Repository/1612893/42_EditTeamName/Page_Thanh set Channel name - hcmus-cdnc-te_a699a0/button_Close' is clicked on

2020-06-05 19:47:16 - [TEST_STEP][PASSED] - closeBrowser(): Browser is closed

2020-06-05 19:47:17 - [MESSAGE][PASSED] - Browser is closed]]></system-out>
         <system-err><![CDATA[]]></system-err>
      </testcase>
      <testcase name="Test Cases/1612893/TC_42_EditTeamName" time="17.139" classname="Test Cases/1612893/TC_42_EditTeamName" status="PASSED">
         <system-out><![CDATA[2020-06-05 19:47:17 - [TEST_CASE][PASSED] - Test Cases/1612893/TC_42_EditTeamName: Test Cases/1612893/TC_42_EditTeamName

2020-06-05 19:47:17 - [TEST_STEP][PASSED] - openBrowser(""): Browser is opened with url: ''

2020-06-05 19:47:17 - [MESSAGE][INFO] - Starting 'Chrome' driver

2020-06-05 19:47:17 - [MESSAGE][INFO] - Action delay is set to 0 milliseconds

2020-06-05 19:47:20 - [MESSAGE][PASSED] - Browser is opened with url: ''

2020-06-05 19:47:20 - [TEST_STEP][PASSED] - navigateToUrl("http://localhost:8065/login"): Navigate to 'http://localhost:8065/login' successfully

2020-06-05 19:47:22 - [MESSAGE][PASSED] - Navigate to 'http://localhost:8065/login' successfully

2020-06-05 19:47:22 - [TEST_STEP][PASSED] - setText(findTestObject("Object Repository/1612893/42_EditTeamName/Page_Mattermost/input_All team communication in one place s_703ef5"), "hcmus-cdnc@gmail.com"): Text 'hcmus-cdnc@gmail.com' is set on object 'Object Repository/1612893/42_EditTeamName/Page_Mattermost/input_All team communication in one place s_703ef5'

2020-06-05 19:47:24 - [MESSAGE][PASSED] - Text 'hcmus-cdnc@gmail.com' is set on object 'Object Repository/1612893/42_EditTeamName/Page_Mattermost/input_All team communication in one place s_703ef5'

2020-06-05 19:47:24 - [TEST_STEP][PASSED] - setEncryptedText(findTestObject("Object Repository/1612893/42_EditTeamName/Page_Mattermost/input_All team communication in one place s_2f2733"), "aeHFOx8jV/A="): Text ****** has been set on object 'Object Repository/1612893/42_EditTeamName/Page_Mattermost/input_All team communication in one place s_2f2733'

2020-06-05 19:47:24 - [MESSAGE][PASSED] - Text ****** has been set on object 'Object Repository/1612893/42_EditTeamName/Page_Mattermost/input_All team communication in one place s_2f2733'

2020-06-05 19:47:24 - [TEST_STEP][PASSED] - click(findTestObject("Object Repository/1612893/42_EditTeamName/Page_Mattermost/button_Sign in")): Object: 'Object Repository/1612893/42_EditTeamName/Page_Mattermost/button_Sign in' is clicked on

2020-06-05 19:47:25 - [MESSAGE][PASSED] - Object: 'Object Repository/1612893/42_EditTeamName/Page_Mattermost/button_Sign in' is clicked on

2020-06-05 19:47:25 - [TEST_STEP][PASSED] - click(findTestObject("Object Repository/1612893/42_EditTeamName/Page_Thanh set Channel name - hcmus-cdnc-te_a699a0/button_anh_style--none sidebar-header-dropd_e4937e")): Object: 'Object Repository/1612893/42_EditTeamName/Page_Thanh set Channel name - hcmus-cdnc-te_a699a0/button_anh_style--none sidebar-header-dropd_e4937e' is clicked on

2020-06-05 19:47:28 - [MESSAGE][PASSED] - Object: 'Object Repository/1612893/42_EditTeamName/Page_Thanh set Channel name - hcmus-cdnc-te_a699a0/button_anh_style--none sidebar-header-dropd_e4937e' is clicked on

2020-06-05 19:47:28 - [TEST_STEP][PASSED] - click(findTestObject("Object Repository/1612893/42_EditTeamName/Page_Thanh set Channel name - hcmus-cdnc-te_a699a0/span_Team Settings")): Object: 'Object Repository/1612893/42_EditTeamName/Page_Thanh set Channel name - hcmus-cdnc-te_a699a0/span_Team Settings' is clicked on

2020-06-05 19:47:30 - [MESSAGE][PASSED] - Object: 'Object Repository/1612893/42_EditTeamName/Page_Thanh set Channel name - hcmus-cdnc-te_a699a0/span_Team Settings' is clicked on

2020-06-05 19:47:30 - [TEST_STEP][PASSED] - click(findTestObject("Object Repository/1612893/42_EditTeamName/Page_Thanh set Channel name - hcmus-cdnc-te_a699a0/button_Edit")): Object: 'Object Repository/1612893/42_EditTeamName/Page_Thanh set Channel name - hcmus-cdnc-te_a699a0/button_Edit' is clicked on

2020-06-05 19:47:30 - [MESSAGE][PASSED] - Object: 'Object Repository/1612893/42_EditTeamName/Page_Thanh set Channel name - hcmus-cdnc-te_a699a0/button_Edit' is clicked on

2020-06-05 19:47:30 - [TEST_STEP][PASSED] - setText(findTestObject("Object Repository/1612893/42_EditTeamName/Page_Thanh set Channel name - hcmus-cdnc-te_a699a0/input_Team Name_teamName"), teamName): Text 'Team-Designer' is set on object 'Object Repository/1612893/42_EditTeamName/Page_Thanh set Channel name - hcmus-cdnc-te_a699a0/input_Team Name_teamName'

2020-06-05 19:47:32 - [MESSAGE][PASSED] - Text 'Team-Designer' is set on object 'Object Repository/1612893/42_EditTeamName/Page_Thanh set Channel name - hcmus-cdnc-te_a699a0/input_Team Name_teamName'

2020-06-05 19:47:32 - [TEST_STEP][PASSED] - click(findTestObject("Object Repository/1612893/42_EditTeamName/Page_Thanh set Channel name - hcmus-cdnc-te_a699a0/button_Save")): Object: 'Object Repository/1612893/42_EditTeamName/Page_Thanh set Channel name - hcmus-cdnc-te_a699a0/button_Save' is clicked on

2020-06-05 19:47:32 - [MESSAGE][PASSED] - Object: 'Object Repository/1612893/42_EditTeamName/Page_Thanh set Channel name - hcmus-cdnc-te_a699a0/button_Save' is clicked on

2020-06-05 19:47:32 - [TEST_STEP][PASSED] - click(findTestObject("Object Repository/1612893/42_EditTeamName/Page_Thanh set Channel name - hcmus-cdnc-te_a699a0/button_Close")): Object: 'Object Repository/1612893/42_EditTeamName/Page_Thanh set Channel name - hcmus-cdnc-te_a699a0/button_Close' is clicked on

2020-06-05 19:47:33 - [MESSAGE][PASSED] - Object: 'Object Repository/1612893/42_EditTeamName/Page_Thanh set Channel name - hcmus-cdnc-te_a699a0/button_Close' is clicked on

2020-06-05 19:47:33 - [TEST_STEP][PASSED] - closeBrowser(): Browser is closed

2020-06-05 19:47:34 - [MESSAGE][PASSED] - Browser is closed]]></system-out>
         <system-err><![CDATA[]]></system-err>
      </testcase>
      <testcase name="Test Cases/1612893/TC_42_EditTeamName" time="16.341" classname="Test Cases/1612893/TC_42_EditTeamName" status="PASSED">
         <system-out><![CDATA[2020-06-05 19:47:34 - [TEST_CASE][PASSED] - Test Cases/1612893/TC_42_EditTeamName: Test Cases/1612893/TC_42_EditTeamName

2020-06-05 19:47:34 - [TEST_STEP][PASSED] - openBrowser(""): Browser is opened with url: ''

2020-06-05 19:47:34 - [MESSAGE][INFO] - Starting 'Chrome' driver

2020-06-05 19:47:34 - [MESSAGE][INFO] - Action delay is set to 0 milliseconds

2020-06-05 19:47:37 - [MESSAGE][PASSED] - Browser is opened with url: ''

2020-06-05 19:47:37 - [TEST_STEP][PASSED] - navigateToUrl("http://localhost:8065/login"): Navigate to 'http://localhost:8065/login' successfully

2020-06-05 19:47:39 - [MESSAGE][PASSED] - Navigate to 'http://localhost:8065/login' successfully

2020-06-05 19:47:39 - [TEST_STEP][PASSED] - setText(findTestObject("Object Repository/1612893/42_EditTeamName/Page_Mattermost/input_All team communication in one place s_703ef5"), "hcmus-cdnc@gmail.com"): Text 'hcmus-cdnc@gmail.com' is set on object 'Object Repository/1612893/42_EditTeamName/Page_Mattermost/input_All team communication in one place s_703ef5'

2020-06-05 19:47:40 - [MESSAGE][PASSED] - Text 'hcmus-cdnc@gmail.com' is set on object 'Object Repository/1612893/42_EditTeamName/Page_Mattermost/input_All team communication in one place s_703ef5'

2020-06-05 19:47:40 - [TEST_STEP][PASSED] - setEncryptedText(findTestObject("Object Repository/1612893/42_EditTeamName/Page_Mattermost/input_All team communication in one place s_2f2733"), "aeHFOx8jV/A="): Text ****** has been set on object 'Object Repository/1612893/42_EditTeamName/Page_Mattermost/input_All team communication in one place s_2f2733'

2020-06-05 19:47:41 - [MESSAGE][PASSED] - Text ****** has been set on object 'Object Repository/1612893/42_EditTeamName/Page_Mattermost/input_All team communication in one place s_2f2733'

2020-06-05 19:47:41 - [TEST_STEP][PASSED] - click(findTestObject("Object Repository/1612893/42_EditTeamName/Page_Mattermost/button_Sign in")): Object: 'Object Repository/1612893/42_EditTeamName/Page_Mattermost/button_Sign in' is clicked on

2020-06-05 19:47:42 - [MESSAGE][PASSED] - Object: 'Object Repository/1612893/42_EditTeamName/Page_Mattermost/button_Sign in' is clicked on

2020-06-05 19:47:42 - [TEST_STEP][PASSED] - click(findTestObject("Object Repository/1612893/42_EditTeamName/Page_Thanh set Channel name - hcmus-cdnc-te_a699a0/button_anh_style--none sidebar-header-dropd_e4937e")): Object: 'Object Repository/1612893/42_EditTeamName/Page_Thanh set Channel name - hcmus-cdnc-te_a699a0/button_anh_style--none sidebar-header-dropd_e4937e' is clicked on

2020-06-05 19:47:45 - [MESSAGE][PASSED] - Object: 'Object Repository/1612893/42_EditTeamName/Page_Thanh set Channel name - hcmus-cdnc-te_a699a0/button_anh_style--none sidebar-header-dropd_e4937e' is clicked on

2020-06-05 19:47:45 - [TEST_STEP][PASSED] - click(findTestObject("Object Repository/1612893/42_EditTeamName/Page_Thanh set Channel name - hcmus-cdnc-te_a699a0/span_Team Settings")): Object: 'Object Repository/1612893/42_EditTeamName/Page_Thanh set Channel name - hcmus-cdnc-te_a699a0/span_Team Settings' is clicked on

2020-06-05 19:47:46 - [MESSAGE][PASSED] - Object: 'Object Repository/1612893/42_EditTeamName/Page_Thanh set Channel name - hcmus-cdnc-te_a699a0/span_Team Settings' is clicked on

2020-06-05 19:47:46 - [TEST_STEP][PASSED] - click(findTestObject("Object Repository/1612893/42_EditTeamName/Page_Thanh set Channel name - hcmus-cdnc-te_a699a0/button_Edit")): Object: 'Object Repository/1612893/42_EditTeamName/Page_Thanh set Channel name - hcmus-cdnc-te_a699a0/button_Edit' is clicked on

2020-06-05 19:47:47 - [MESSAGE][PASSED] - Object: 'Object Repository/1612893/42_EditTeamName/Page_Thanh set Channel name - hcmus-cdnc-te_a699a0/button_Edit' is clicked on

2020-06-05 19:47:47 - [TEST_STEP][PASSED] - setText(findTestObject("Object Repository/1612893/42_EditTeamName/Page_Thanh set Channel name - hcmus-cdnc-te_a699a0/input_Team Name_teamName"), teamName): Text 'Team-Sale' is set on object 'Object Repository/1612893/42_EditTeamName/Page_Thanh set Channel name - hcmus-cdnc-te_a699a0/input_Team Name_teamName'

2020-06-05 19:47:48 - [MESSAGE][PASSED] - Text 'Team-Sale' is set on object 'Object Repository/1612893/42_EditTeamName/Page_Thanh set Channel name - hcmus-cdnc-te_a699a0/input_Team Name_teamName'

2020-06-05 19:47:48 - [TEST_STEP][PASSED] - click(findTestObject("Object Repository/1612893/42_EditTeamName/Page_Thanh set Channel name - hcmus-cdnc-te_a699a0/button_Save")): Object: 'Object Repository/1612893/42_EditTeamName/Page_Thanh set Channel name - hcmus-cdnc-te_a699a0/button_Save' is clicked on

2020-06-05 19:47:49 - [MESSAGE][PASSED] - Object: 'Object Repository/1612893/42_EditTeamName/Page_Thanh set Channel name - hcmus-cdnc-te_a699a0/button_Save' is clicked on

2020-06-05 19:47:49 - [TEST_STEP][PASSED] - click(findTestObject("Object Repository/1612893/42_EditTeamName/Page_Thanh set Channel name - hcmus-cdnc-te_a699a0/button_Close")): Object: 'Object Repository/1612893/42_EditTeamName/Page_Thanh set Channel name - hcmus-cdnc-te_a699a0/button_Close' is clicked on

2020-06-05 19:47:49 - [MESSAGE][PASSED] - Object: 'Object Repository/1612893/42_EditTeamName/Page_Thanh set Channel name - hcmus-cdnc-te_a699a0/button_Close' is clicked on

2020-06-05 19:47:49 - [TEST_STEP][PASSED] - closeBrowser(): Browser is closed

2020-06-05 19:47:50 - [MESSAGE][PASSED] - Browser is closed]]></system-out>
         <system-err><![CDATA[]]></system-err>
      </testcase>
      <testcase name="Test Cases/1612893/TC_42_EditTeamName" time="16.87" classname="Test Cases/1612893/TC_42_EditTeamName" status="PASSED">
         <system-out><![CDATA[2020-06-05 19:47:50 - [TEST_CASE][PASSED] - Test Cases/1612893/TC_42_EditTeamName: Test Cases/1612893/TC_42_EditTeamName

2020-06-05 19:47:50 - [TEST_STEP][PASSED] - openBrowser(""): Browser is opened with url: ''

2020-06-05 19:47:50 - [MESSAGE][INFO] - Starting 'Chrome' driver

2020-06-05 19:47:50 - [MESSAGE][INFO] - Action delay is set to 0 milliseconds

2020-06-05 19:47:53 - [MESSAGE][PASSED] - Browser is opened with url: ''

2020-06-05 19:47:53 - [TEST_STEP][PASSED] - navigateToUrl("http://localhost:8065/login"): Navigate to 'http://localhost:8065/login' successfully

2020-06-05 19:47:55 - [MESSAGE][PASSED] - Navigate to 'http://localhost:8065/login' successfully

2020-06-05 19:47:55 - [TEST_STEP][PASSED] - setText(findTestObject("Object Repository/1612893/42_EditTeamName/Page_Mattermost/input_All team communication in one place s_703ef5"), "hcmus-cdnc@gmail.com"): Text 'hcmus-cdnc@gmail.com' is set on object 'Object Repository/1612893/42_EditTeamName/Page_Mattermost/input_All team communication in one place s_703ef5'

2020-06-05 19:47:57 - [MESSAGE][PASSED] - Text 'hcmus-cdnc@gmail.com' is set on object 'Object Repository/1612893/42_EditTeamName/Page_Mattermost/input_All team communication in one place s_703ef5'

2020-06-05 19:47:57 - [TEST_STEP][PASSED] - setEncryptedText(findTestObject("Object Repository/1612893/42_EditTeamName/Page_Mattermost/input_All team communication in one place s_2f2733"), "aeHFOx8jV/A="): Text ****** has been set on object 'Object Repository/1612893/42_EditTeamName/Page_Mattermost/input_All team communication in one place s_2f2733'

2020-06-05 19:47:58 - [MESSAGE][PASSED] - Text ****** has been set on object 'Object Repository/1612893/42_EditTeamName/Page_Mattermost/input_All team communication in one place s_2f2733'

2020-06-05 19:47:58 - [TEST_STEP][PASSED] - click(findTestObject("Object Repository/1612893/42_EditTeamName/Page_Mattermost/button_Sign in")): Object: 'Object Repository/1612893/42_EditTeamName/Page_Mattermost/button_Sign in' is clicked on

2020-06-05 19:47:58 - [MESSAGE][PASSED] - Object: 'Object Repository/1612893/42_EditTeamName/Page_Mattermost/button_Sign in' is clicked on

2020-06-05 19:47:58 - [TEST_STEP][PASSED] - click(findTestObject("Object Repository/1612893/42_EditTeamName/Page_Thanh set Channel name - hcmus-cdnc-te_a699a0/button_anh_style--none sidebar-header-dropd_e4937e")): Object: 'Object Repository/1612893/42_EditTeamName/Page_Thanh set Channel name - hcmus-cdnc-te_a699a0/button_anh_style--none sidebar-header-dropd_e4937e' is clicked on

2020-06-05 19:48:02 - [MESSAGE][PASSED] - Object: 'Object Repository/1612893/42_EditTeamName/Page_Thanh set Channel name - hcmus-cdnc-te_a699a0/button_anh_style--none sidebar-header-dropd_e4937e' is clicked on

2020-06-05 19:48:02 - [TEST_STEP][PASSED] - click(findTestObject("Object Repository/1612893/42_EditTeamName/Page_Thanh set Channel name - hcmus-cdnc-te_a699a0/span_Team Settings")): Object: 'Object Repository/1612893/42_EditTeamName/Page_Thanh set Channel name - hcmus-cdnc-te_a699a0/span_Team Settings' is clicked on

2020-06-05 19:48:03 - [MESSAGE][PASSED] - Object: 'Object Repository/1612893/42_EditTeamName/Page_Thanh set Channel name - hcmus-cdnc-te_a699a0/span_Team Settings' is clicked on

2020-06-05 19:48:03 - [TEST_STEP][PASSED] - click(findTestObject("Object Repository/1612893/42_EditTeamName/Page_Thanh set Channel name - hcmus-cdnc-te_a699a0/button_Edit")): Object: 'Object Repository/1612893/42_EditTeamName/Page_Thanh set Channel name - hcmus-cdnc-te_a699a0/button_Edit' is clicked on

2020-06-05 19:48:04 - [MESSAGE][PASSED] - Object: 'Object Repository/1612893/42_EditTeamName/Page_Thanh set Channel name - hcmus-cdnc-te_a699a0/button_Edit' is clicked on

2020-06-05 19:48:04 - [TEST_STEP][PASSED] - setText(findTestObject("Object Repository/1612893/42_EditTeamName/Page_Thanh set Channel name - hcmus-cdnc-te_a699a0/input_Team Name_teamName"), teamName): Text 'hcmus-cdnc-team' is set on object 'Object Repository/1612893/42_EditTeamName/Page_Thanh set Channel name - hcmus-cdnc-te_a699a0/input_Team Name_teamName'

2020-06-05 19:48:05 - [MESSAGE][PASSED] - Text 'hcmus-cdnc-team' is set on object 'Object Repository/1612893/42_EditTeamName/Page_Thanh set Channel name - hcmus-cdnc-te_a699a0/input_Team Name_teamName'

2020-06-05 19:48:05 - [TEST_STEP][PASSED] - click(findTestObject("Object Repository/1612893/42_EditTeamName/Page_Thanh set Channel name - hcmus-cdnc-te_a699a0/button_Save")): Object: 'Object Repository/1612893/42_EditTeamName/Page_Thanh set Channel name - hcmus-cdnc-te_a699a0/button_Save' is clicked on

2020-06-05 19:48:05 - [MESSAGE][PASSED] - Object: 'Object Repository/1612893/42_EditTeamName/Page_Thanh set Channel name - hcmus-cdnc-te_a699a0/button_Save' is clicked on

2020-06-05 19:48:05 - [TEST_STEP][PASSED] - click(findTestObject("Object Repository/1612893/42_EditTeamName/Page_Thanh set Channel name - hcmus-cdnc-te_a699a0/button_Close")): Object: 'Object Repository/1612893/42_EditTeamName/Page_Thanh set Channel name - hcmus-cdnc-te_a699a0/button_Close' is clicked on

2020-06-05 19:48:06 - [MESSAGE][PASSED] - Object: 'Object Repository/1612893/42_EditTeamName/Page_Thanh set Channel name - hcmus-cdnc-te_a699a0/button_Close' is clicked on

2020-06-05 19:48:06 - [TEST_STEP][PASSED] - closeBrowser(): Browser is closed

2020-06-05 19:48:07 - [MESSAGE][PASSED] - Browser is closed]]></system-out>
         <system-err><![CDATA[]]></system-err>
      </testcase>
      <testcase name="Test Cases/1612893/TC_43_AddSensitiveWord" time="18.23" classname="Test Cases/1612893/TC_43_AddSensitiveWord" status="PASSED">
         <system-out><![CDATA[2020-06-05 19:48:07 - [TEST_CASE][PASSED] - Test Cases/1612893/TC_43_AddSensitiveWord: Test Cases/1612893/TC_43_AddSensitiveWord

2020-06-05 19:48:07 - [TEST_STEP][PASSED] - openBrowser(""): Browser is opened with url: ''

2020-06-05 19:48:07 - [MESSAGE][INFO] - Starting 'Chrome' driver

2020-06-05 19:48:07 - [MESSAGE][INFO] - Action delay is set to 0 milliseconds

2020-06-05 19:48:11 - [MESSAGE][PASSED] - Browser is opened with url: ''

2020-06-05 19:48:11 - [TEST_STEP][PASSED] - navigateToUrl("http://localhost:8065/login"): Navigate to 'http://localhost:8065/login' successfully

2020-06-05 19:48:12 - [MESSAGE][PASSED] - Navigate to 'http://localhost:8065/login' successfully

2020-06-05 19:48:12 - [TEST_STEP][PASSED] - setText(findTestObject("1612893/43_AddSensitiveWord/Page_Mattermost/input_All team communication in one place s_703ef5"), "hcmus-cdnc@gmail.com"): Text 'hcmus-cdnc@gmail.com' is set on object 'Object Repository/1612893/43_AddSensitiveWord/Page_Mattermost/input_All team communication in one place s_703ef5'

2020-06-05 19:48:14 - [MESSAGE][PASSED] - Text 'hcmus-cdnc@gmail.com' is set on object 'Object Repository/1612893/43_AddSensitiveWord/Page_Mattermost/input_All team communication in one place s_703ef5'

2020-06-05 19:48:14 - [TEST_STEP][PASSED] - setEncryptedText(findTestObject("1612893/43_AddSensitiveWord/Page_Mattermost/input_All team communication in one place s_2f2733"), "aeHFOx8jV/A="): Text ****** has been set on object 'Object Repository/1612893/43_AddSensitiveWord/Page_Mattermost/input_All team communication in one place s_2f2733'

2020-06-05 19:48:15 - [MESSAGE][PASSED] - Text ****** has been set on object 'Object Repository/1612893/43_AddSensitiveWord/Page_Mattermost/input_All team communication in one place s_2f2733'

2020-06-05 19:48:15 - [TEST_STEP][PASSED] - click(findTestObject("1612893/43_AddSensitiveWord/Page_Mattermost/button_Sign in")): Object: 'Object Repository/1612893/43_AddSensitiveWord/Page_Mattermost/button_Sign in' is clicked on

2020-06-05 19:48:15 - [MESSAGE][PASSED] - Object: 'Object Repository/1612893/43_AddSensitiveWord/Page_Mattermost/button_Sign in' is clicked on

2020-06-05 19:48:15 - [TEST_STEP][PASSED] - click(findTestObject("1612893/43_AddSensitiveWord/Page_Thanh set Channel name - hcmus-cdnc-te_a699a0/button_anh_style--none sidebar-header-dropd_e4937e")): Object: 'Object Repository/1612893/43_AddSensitiveWord/Page_Thanh set Channel name - hcmus-cdnc-te_a699a0/button_anh_style--none sidebar-header-dropd_e4937e' is clicked on

2020-06-05 19:48:19 - [MESSAGE][PASSED] - Object: 'Object Repository/1612893/43_AddSensitiveWord/Page_Thanh set Channel name - hcmus-cdnc-te_a699a0/button_anh_style--none sidebar-header-dropd_e4937e' is clicked on

2020-06-05 19:48:19 - [TEST_STEP][PASSED] - click(findTestObject("1612893/43_AddSensitiveWord/Page_Thanh set Channel name - hcmus-cdnc-te_a699a0/span_Account Settings")): Object: 'Object Repository/1612893/43_AddSensitiveWord/Page_Thanh set Channel name - hcmus-cdnc-te_a699a0/span_Account Settings' is clicked on

2020-06-05 19:48:20 - [MESSAGE][PASSED] - Object: 'Object Repository/1612893/43_AddSensitiveWord/Page_Thanh set Channel name - hcmus-cdnc-te_a699a0/span_Account Settings' is clicked on

2020-06-05 19:48:20 - [TEST_STEP][PASSED] - click(findTestObject("1612893/43_AddSensitiveWord/Page_Thanh set Channel name - hcmus-cdnc-te_a699a0/button_Notifications")): Object: 'Object Repository/1612893/43_AddSensitiveWord/Page_Thanh set Channel name - hcmus-cdnc-te_a699a0/button_Notifications' is clicked on

2020-06-05 19:48:21 - [MESSAGE][PASSED] - Object: 'Object Repository/1612893/43_AddSensitiveWord/Page_Thanh set Channel name - hcmus-cdnc-te_a699a0/button_Notifications' is clicked on

2020-06-05 19:48:21 - [TEST_STEP][PASSED] - click(findTestObject("1612893/43_AddSensitiveWord/Page_Thanh set Channel name - hcmus-cdnc-te_a699a0/button_Edit_1")): Object: 'Object Repository/1612893/43_AddSensitiveWord/Page_Thanh set Channel name - hcmus-cdnc-te_a699a0/button_Edit_1' is clicked on

2020-06-05 19:48:22 - [MESSAGE][PASSED] - Object: 'Object Repository/1612893/43_AddSensitiveWord/Page_Thanh set Channel name - hcmus-cdnc-te_a699a0/button_Edit_1' is clicked on

2020-06-05 19:48:22 - [TEST_STEP][PASSED] - setText(findTestObject("1612893/43_AddSensitiveWord/Page_Thanh set Channel name - hcmus-cdnc-te_a699a0/input_Other non-case sensitive words separa_48b795"), sensitiveWord): Text 'từ nhạy cảm' is set on object 'Object Repository/1612893/43_AddSensitiveWord/Page_Thanh set Channel name - hcmus-cdnc-te_a699a0/input_Other non-case sensitive words separa_48b795'

2020-06-05 19:48:23 - [MESSAGE][PASSED] - Text 'từ nhạy cảm' is set on object 'Object Repository/1612893/43_AddSensitiveWord/Page_Thanh set Channel name - hcmus-cdnc-te_a699a0/input_Other non-case sensitive words separa_48b795'

2020-06-05 19:48:23 - [TEST_STEP][PASSED] - click(findTestObject("1612893/43_AddSensitiveWord/Page_Thanh set Channel name - hcmus-cdnc-te_a699a0/button_Save")): Object: 'Object Repository/1612893/43_AddSensitiveWord/Page_Thanh set Channel name - hcmus-cdnc-te_a699a0/button_Save' is clicked on

2020-06-05 19:48:24 - [MESSAGE][PASSED] - Object: 'Object Repository/1612893/43_AddSensitiveWord/Page_Thanh set Channel name - hcmus-cdnc-te_a699a0/button_Save' is clicked on

2020-06-05 19:48:24 - [TEST_STEP][PASSED] - click(findTestObject("1612893/43_AddSensitiveWord/Page_Thanh set Channel name - hcmus-cdnc-te_a699a0/button_Close")): Object: 'Object Repository/1612893/43_AddSensitiveWord/Page_Thanh set Channel name - hcmus-cdnc-te_a699a0/button_Close' is clicked on

2020-06-05 19:48:25 - [MESSAGE][PASSED] - Object: 'Object Repository/1612893/43_AddSensitiveWord/Page_Thanh set Channel name - hcmus-cdnc-te_a699a0/button_Close' is clicked on

2020-06-05 19:48:25 - [TEST_STEP][PASSED] - closeBrowser(): Browser is closed

2020-06-05 19:48:25 - [MESSAGE][PASSED] - Browser is closed]]></system-out>
         <system-err><![CDATA[]]></system-err>
      </testcase>
      <testcase name="Test Cases/1612893/TC_43_AddSensitiveWord" time="17.432" classname="Test Cases/1612893/TC_43_AddSensitiveWord" status="PASSED">
         <system-out><![CDATA[2020-06-05 19:48:25 - [TEST_CASE][PASSED] - Test Cases/1612893/TC_43_AddSensitiveWord: Test Cases/1612893/TC_43_AddSensitiveWord

2020-06-05 19:48:25 - [TEST_STEP][PASSED] - openBrowser(""): Browser is opened with url: ''

2020-06-05 19:48:25 - [MESSAGE][INFO] - Starting 'Chrome' driver

2020-06-05 19:48:25 - [MESSAGE][INFO] - Action delay is set to 0 milliseconds

2020-06-05 19:48:29 - [MESSAGE][PASSED] - Browser is opened with url: ''

2020-06-05 19:48:29 - [TEST_STEP][PASSED] - navigateToUrl("http://localhost:8065/login"): Navigate to 'http://localhost:8065/login' successfully

2020-06-05 19:48:30 - [MESSAGE][PASSED] - Navigate to 'http://localhost:8065/login' successfully

2020-06-05 19:48:30 - [TEST_STEP][PASSED] - setText(findTestObject("1612893/43_AddSensitiveWord/Page_Mattermost/input_All team communication in one place s_703ef5"), "hcmus-cdnc@gmail.com"): Text 'hcmus-cdnc@gmail.com' is set on object 'Object Repository/1612893/43_AddSensitiveWord/Page_Mattermost/input_All team communication in one place s_703ef5'

2020-06-05 19:48:32 - [MESSAGE][PASSED] - Text 'hcmus-cdnc@gmail.com' is set on object 'Object Repository/1612893/43_AddSensitiveWord/Page_Mattermost/input_All team communication in one place s_703ef5'

2020-06-05 19:48:32 - [TEST_STEP][PASSED] - setEncryptedText(findTestObject("1612893/43_AddSensitiveWord/Page_Mattermost/input_All team communication in one place s_2f2733"), "aeHFOx8jV/A="): Text ****** has been set on object 'Object Repository/1612893/43_AddSensitiveWord/Page_Mattermost/input_All team communication in one place s_2f2733'

2020-06-05 19:48:32 - [MESSAGE][PASSED] - Text ****** has been set on object 'Object Repository/1612893/43_AddSensitiveWord/Page_Mattermost/input_All team communication in one place s_2f2733'

2020-06-05 19:48:32 - [TEST_STEP][PASSED] - click(findTestObject("1612893/43_AddSensitiveWord/Page_Mattermost/button_Sign in")): Object: 'Object Repository/1612893/43_AddSensitiveWord/Page_Mattermost/button_Sign in' is clicked on

2020-06-05 19:48:33 - [MESSAGE][PASSED] - Object: 'Object Repository/1612893/43_AddSensitiveWord/Page_Mattermost/button_Sign in' is clicked on

2020-06-05 19:48:33 - [TEST_STEP][PASSED] - click(findTestObject("1612893/43_AddSensitiveWord/Page_Thanh set Channel name - hcmus-cdnc-te_a699a0/button_anh_style--none sidebar-header-dropd_e4937e")): Object: 'Object Repository/1612893/43_AddSensitiveWord/Page_Thanh set Channel name - hcmus-cdnc-te_a699a0/button_anh_style--none sidebar-header-dropd_e4937e' is clicked on

2020-06-05 19:48:37 - [MESSAGE][PASSED] - Object: 'Object Repository/1612893/43_AddSensitiveWord/Page_Thanh set Channel name - hcmus-cdnc-te_a699a0/button_anh_style--none sidebar-header-dropd_e4937e' is clicked on

2020-06-05 19:48:37 - [TEST_STEP][PASSED] - click(findTestObject("1612893/43_AddSensitiveWord/Page_Thanh set Channel name - hcmus-cdnc-te_a699a0/span_Account Settings")): Object: 'Object Repository/1612893/43_AddSensitiveWord/Page_Thanh set Channel name - hcmus-cdnc-te_a699a0/span_Account Settings' is clicked on

2020-06-05 19:48:38 - [MESSAGE][PASSED] - Object: 'Object Repository/1612893/43_AddSensitiveWord/Page_Thanh set Channel name - hcmus-cdnc-te_a699a0/span_Account Settings' is clicked on

2020-06-05 19:48:38 - [TEST_STEP][PASSED] - click(findTestObject("1612893/43_AddSensitiveWord/Page_Thanh set Channel name - hcmus-cdnc-te_a699a0/button_Notifications")): Object: 'Object Repository/1612893/43_AddSensitiveWord/Page_Thanh set Channel name - hcmus-cdnc-te_a699a0/button_Notifications' is clicked on

2020-06-05 19:48:39 - [MESSAGE][PASSED] - Object: 'Object Repository/1612893/43_AddSensitiveWord/Page_Thanh set Channel name - hcmus-cdnc-te_a699a0/button_Notifications' is clicked on

2020-06-05 19:48:39 - [TEST_STEP][PASSED] - click(findTestObject("1612893/43_AddSensitiveWord/Page_Thanh set Channel name - hcmus-cdnc-te_a699a0/button_Edit_1")): Object: 'Object Repository/1612893/43_AddSensitiveWord/Page_Thanh set Channel name - hcmus-cdnc-te_a699a0/button_Edit_1' is clicked on

2020-06-05 19:48:39 - [MESSAGE][PASSED] - Object: 'Object Repository/1612893/43_AddSensitiveWord/Page_Thanh set Channel name - hcmus-cdnc-te_a699a0/button_Edit_1' is clicked on

2020-06-05 19:48:39 - [TEST_STEP][PASSED] - setText(findTestObject("1612893/43_AddSensitiveWord/Page_Thanh set Channel name - hcmus-cdnc-te_a699a0/input_Other non-case sensitive words separa_48b795"), sensitiveWord): Text 'từ xúc phạm' is set on object 'Object Repository/1612893/43_AddSensitiveWord/Page_Thanh set Channel name - hcmus-cdnc-te_a699a0/input_Other non-case sensitive words separa_48b795'

2020-06-05 19:48:41 - [MESSAGE][PASSED] - Text 'từ xúc phạm' is set on object 'Object Repository/1612893/43_AddSensitiveWord/Page_Thanh set Channel name - hcmus-cdnc-te_a699a0/input_Other non-case sensitive words separa_48b795'

2020-06-05 19:48:41 - [TEST_STEP][PASSED] - click(findTestObject("1612893/43_AddSensitiveWord/Page_Thanh set Channel name - hcmus-cdnc-te_a699a0/button_Save")): Object: 'Object Repository/1612893/43_AddSensitiveWord/Page_Thanh set Channel name - hcmus-cdnc-te_a699a0/button_Save' is clicked on

2020-06-05 19:48:41 - [MESSAGE][PASSED] - Object: 'Object Repository/1612893/43_AddSensitiveWord/Page_Thanh set Channel name - hcmus-cdnc-te_a699a0/button_Save' is clicked on

2020-06-05 19:48:41 - [TEST_STEP][PASSED] - click(findTestObject("1612893/43_AddSensitiveWord/Page_Thanh set Channel name - hcmus-cdnc-te_a699a0/button_Close")): Object: 'Object Repository/1612893/43_AddSensitiveWord/Page_Thanh set Channel name - hcmus-cdnc-te_a699a0/button_Close' is clicked on

2020-06-05 19:48:42 - [MESSAGE][PASSED] - Object: 'Object Repository/1612893/43_AddSensitiveWord/Page_Thanh set Channel name - hcmus-cdnc-te_a699a0/button_Close' is clicked on

2020-06-05 19:48:42 - [TEST_STEP][PASSED] - closeBrowser(): Browser is closed

2020-06-05 19:48:43 - [MESSAGE][PASSED] - Browser is closed]]></system-out>
         <system-err><![CDATA[]]></system-err>
      </testcase>
      <testcase name="Test Cases/1612893/TC_43_AddSensitiveWord" time="17.332" classname="Test Cases/1612893/TC_43_AddSensitiveWord" status="PASSED">
         <system-out><![CDATA[2020-06-05 19:48:43 - [TEST_CASE][PASSED] - Test Cases/1612893/TC_43_AddSensitiveWord: Test Cases/1612893/TC_43_AddSensitiveWord

2020-06-05 19:48:43 - [TEST_STEP][PASSED] - openBrowser(""): Browser is opened with url: ''

2020-06-05 19:48:43 - [MESSAGE][INFO] - Starting 'Chrome' driver

2020-06-05 19:48:43 - [MESSAGE][INFO] - Action delay is set to 0 milliseconds

2020-06-05 19:48:46 - [MESSAGE][PASSED] - Browser is opened with url: ''

2020-06-05 19:48:46 - [TEST_STEP][PASSED] - navigateToUrl("http://localhost:8065/login"): Navigate to 'http://localhost:8065/login' successfully

2020-06-05 19:48:47 - [MESSAGE][PASSED] - Navigate to 'http://localhost:8065/login' successfully

2020-06-05 19:48:47 - [TEST_STEP][PASSED] - setText(findTestObject("1612893/43_AddSensitiveWord/Page_Mattermost/input_All team communication in one place s_703ef5"), "hcmus-cdnc@gmail.com"): Text 'hcmus-cdnc@gmail.com' is set on object 'Object Repository/1612893/43_AddSensitiveWord/Page_Mattermost/input_All team communication in one place s_703ef5'

2020-06-05 19:48:50 - [MESSAGE][PASSED] - Text 'hcmus-cdnc@gmail.com' is set on object 'Object Repository/1612893/43_AddSensitiveWord/Page_Mattermost/input_All team communication in one place s_703ef5'

2020-06-05 19:48:50 - [TEST_STEP][PASSED] - setEncryptedText(findTestObject("1612893/43_AddSensitiveWord/Page_Mattermost/input_All team communication in one place s_2f2733"), "aeHFOx8jV/A="): Text ****** has been set on object 'Object Repository/1612893/43_AddSensitiveWord/Page_Mattermost/input_All team communication in one place s_2f2733'

2020-06-05 19:48:50 - [MESSAGE][PASSED] - Text ****** has been set on object 'Object Repository/1612893/43_AddSensitiveWord/Page_Mattermost/input_All team communication in one place s_2f2733'

2020-06-05 19:48:50 - [TEST_STEP][PASSED] - click(findTestObject("1612893/43_AddSensitiveWord/Page_Mattermost/button_Sign in")): Object: 'Object Repository/1612893/43_AddSensitiveWord/Page_Mattermost/button_Sign in' is clicked on

2020-06-05 19:48:51 - [MESSAGE][PASSED] - Object: 'Object Repository/1612893/43_AddSensitiveWord/Page_Mattermost/button_Sign in' is clicked on

2020-06-05 19:48:51 - [TEST_STEP][PASSED] - click(findTestObject("1612893/43_AddSensitiveWord/Page_Thanh set Channel name - hcmus-cdnc-te_a699a0/button_anh_style--none sidebar-header-dropd_e4937e")): Object: 'Object Repository/1612893/43_AddSensitiveWord/Page_Thanh set Channel name - hcmus-cdnc-te_a699a0/button_anh_style--none sidebar-header-dropd_e4937e' is clicked on

2020-06-05 19:48:54 - [MESSAGE][PASSED] - Object: 'Object Repository/1612893/43_AddSensitiveWord/Page_Thanh set Channel name - hcmus-cdnc-te_a699a0/button_anh_style--none sidebar-header-dropd_e4937e' is clicked on

2020-06-05 19:48:54 - [TEST_STEP][PASSED] - click(findTestObject("1612893/43_AddSensitiveWord/Page_Thanh set Channel name - hcmus-cdnc-te_a699a0/span_Account Settings")): Object: 'Object Repository/1612893/43_AddSensitiveWord/Page_Thanh set Channel name - hcmus-cdnc-te_a699a0/span_Account Settings' is clicked on

2020-06-05 19:48:55 - [MESSAGE][PASSED] - Object: 'Object Repository/1612893/43_AddSensitiveWord/Page_Thanh set Channel name - hcmus-cdnc-te_a699a0/span_Account Settings' is clicked on

2020-06-05 19:48:55 - [TEST_STEP][PASSED] - click(findTestObject("1612893/43_AddSensitiveWord/Page_Thanh set Channel name - hcmus-cdnc-te_a699a0/button_Notifications")): Object: 'Object Repository/1612893/43_AddSensitiveWord/Page_Thanh set Channel name - hcmus-cdnc-te_a699a0/button_Notifications' is clicked on

2020-06-05 19:48:56 - [MESSAGE][PASSED] - Object: 'Object Repository/1612893/43_AddSensitiveWord/Page_Thanh set Channel name - hcmus-cdnc-te_a699a0/button_Notifications' is clicked on

2020-06-05 19:48:56 - [TEST_STEP][PASSED] - click(findTestObject("1612893/43_AddSensitiveWord/Page_Thanh set Channel name - hcmus-cdnc-te_a699a0/button_Edit_1")): Object: 'Object Repository/1612893/43_AddSensitiveWord/Page_Thanh set Channel name - hcmus-cdnc-te_a699a0/button_Edit_1' is clicked on

2020-06-05 19:48:57 - [MESSAGE][PASSED] - Object: 'Object Repository/1612893/43_AddSensitiveWord/Page_Thanh set Channel name - hcmus-cdnc-te_a699a0/button_Edit_1' is clicked on

2020-06-05 19:48:57 - [TEST_STEP][PASSED] - setText(findTestObject("1612893/43_AddSensitiveWord/Page_Thanh set Channel name - hcmus-cdnc-te_a699a0/input_Other non-case sensitive words separa_48b795"), sensitiveWord): Text 'chửi thề' is set on object 'Object Repository/1612893/43_AddSensitiveWord/Page_Thanh set Channel name - hcmus-cdnc-te_a699a0/input_Other non-case sensitive words separa_48b795'

2020-06-05 19:48:58 - [MESSAGE][PASSED] - Text 'chửi thề' is set on object 'Object Repository/1612893/43_AddSensitiveWord/Page_Thanh set Channel name - hcmus-cdnc-te_a699a0/input_Other non-case sensitive words separa_48b795'

2020-06-05 19:48:58 - [TEST_STEP][PASSED] - click(findTestObject("1612893/43_AddSensitiveWord/Page_Thanh set Channel name - hcmus-cdnc-te_a699a0/button_Save")): Object: 'Object Repository/1612893/43_AddSensitiveWord/Page_Thanh set Channel name - hcmus-cdnc-te_a699a0/button_Save' is clicked on

2020-06-05 19:48:58 - [MESSAGE][PASSED] - Object: 'Object Repository/1612893/43_AddSensitiveWord/Page_Thanh set Channel name - hcmus-cdnc-te_a699a0/button_Save' is clicked on

2020-06-05 19:48:58 - [TEST_STEP][PASSED] - click(findTestObject("1612893/43_AddSensitiveWord/Page_Thanh set Channel name - hcmus-cdnc-te_a699a0/button_Close")): Object: 'Object Repository/1612893/43_AddSensitiveWord/Page_Thanh set Channel name - hcmus-cdnc-te_a699a0/button_Close' is clicked on

2020-06-05 19:48:59 - [MESSAGE][PASSED] - Object: 'Object Repository/1612893/43_AddSensitiveWord/Page_Thanh set Channel name - hcmus-cdnc-te_a699a0/button_Close' is clicked on

2020-06-05 19:48:59 - [TEST_STEP][PASSED] - closeBrowser(): Browser is closed

2020-06-05 19:49:00 - [MESSAGE][PASSED] - Browser is closed]]></system-out>
         <system-err><![CDATA[]]></system-err>
      </testcase>
      <testcase name="Test Cases/1612893/TC_43_AddSensitiveWord" time="17.298" classname="Test Cases/1612893/TC_43_AddSensitiveWord" status="PASSED">
         <system-out><![CDATA[2020-06-05 19:49:00 - [TEST_CASE][PASSED] - Test Cases/1612893/TC_43_AddSensitiveWord: Test Cases/1612893/TC_43_AddSensitiveWord

2020-06-05 19:49:00 - [TEST_STEP][PASSED] - openBrowser(""): Browser is opened with url: ''

2020-06-05 19:49:00 - [MESSAGE][INFO] - Starting 'Chrome' driver

2020-06-05 19:49:00 - [MESSAGE][INFO] - Action delay is set to 0 milliseconds

2020-06-05 19:49:03 - [MESSAGE][PASSED] - Browser is opened with url: ''

2020-06-05 19:49:03 - [TEST_STEP][PASSED] - navigateToUrl("http://localhost:8065/login"): Navigate to 'http://localhost:8065/login' successfully

2020-06-05 19:49:05 - [MESSAGE][PASSED] - Navigate to 'http://localhost:8065/login' successfully

2020-06-05 19:49:05 - [TEST_STEP][PASSED] - setText(findTestObject("1612893/43_AddSensitiveWord/Page_Mattermost/input_All team communication in one place s_703ef5"), "hcmus-cdnc@gmail.com"): Text 'hcmus-cdnc@gmail.com' is set on object 'Object Repository/1612893/43_AddSensitiveWord/Page_Mattermost/input_All team communication in one place s_703ef5'

2020-06-05 19:49:07 - [MESSAGE][PASSED] - Text 'hcmus-cdnc@gmail.com' is set on object 'Object Repository/1612893/43_AddSensitiveWord/Page_Mattermost/input_All team communication in one place s_703ef5'

2020-06-05 19:49:07 - [TEST_STEP][PASSED] - setEncryptedText(findTestObject("1612893/43_AddSensitiveWord/Page_Mattermost/input_All team communication in one place s_2f2733"), "aeHFOx8jV/A="): Text ****** has been set on object 'Object Repository/1612893/43_AddSensitiveWord/Page_Mattermost/input_All team communication in one place s_2f2733'

2020-06-05 19:49:08 - [MESSAGE][PASSED] - Text ****** has been set on object 'Object Repository/1612893/43_AddSensitiveWord/Page_Mattermost/input_All team communication in one place s_2f2733'

2020-06-05 19:49:08 - [TEST_STEP][PASSED] - click(findTestObject("1612893/43_AddSensitiveWord/Page_Mattermost/button_Sign in")): Object: 'Object Repository/1612893/43_AddSensitiveWord/Page_Mattermost/button_Sign in' is clicked on

2020-06-05 19:49:08 - [MESSAGE][PASSED] - Object: 'Object Repository/1612893/43_AddSensitiveWord/Page_Mattermost/button_Sign in' is clicked on

2020-06-05 19:49:08 - [TEST_STEP][PASSED] - click(findTestObject("1612893/43_AddSensitiveWord/Page_Thanh set Channel name - hcmus-cdnc-te_a699a0/button_anh_style--none sidebar-header-dropd_e4937e")): Object: 'Object Repository/1612893/43_AddSensitiveWord/Page_Thanh set Channel name - hcmus-cdnc-te_a699a0/button_anh_style--none sidebar-header-dropd_e4937e' is clicked on

2020-06-05 19:49:12 - [MESSAGE][PASSED] - Object: 'Object Repository/1612893/43_AddSensitiveWord/Page_Thanh set Channel name - hcmus-cdnc-te_a699a0/button_anh_style--none sidebar-header-dropd_e4937e' is clicked on

2020-06-05 19:49:12 - [TEST_STEP][PASSED] - click(findTestObject("1612893/43_AddSensitiveWord/Page_Thanh set Channel name - hcmus-cdnc-te_a699a0/span_Account Settings")): Object: 'Object Repository/1612893/43_AddSensitiveWord/Page_Thanh set Channel name - hcmus-cdnc-te_a699a0/span_Account Settings' is clicked on

2020-06-05 19:49:13 - [MESSAGE][PASSED] - Object: 'Object Repository/1612893/43_AddSensitiveWord/Page_Thanh set Channel name - hcmus-cdnc-te_a699a0/span_Account Settings' is clicked on

2020-06-05 19:49:13 - [TEST_STEP][PASSED] - click(findTestObject("1612893/43_AddSensitiveWord/Page_Thanh set Channel name - hcmus-cdnc-te_a699a0/button_Notifications")): Object: 'Object Repository/1612893/43_AddSensitiveWord/Page_Thanh set Channel name - hcmus-cdnc-te_a699a0/button_Notifications' is clicked on

2020-06-05 19:49:13 - [MESSAGE][PASSED] - Object: 'Object Repository/1612893/43_AddSensitiveWord/Page_Thanh set Channel name - hcmus-cdnc-te_a699a0/button_Notifications' is clicked on

2020-06-05 19:49:13 - [TEST_STEP][PASSED] - click(findTestObject("1612893/43_AddSensitiveWord/Page_Thanh set Channel name - hcmus-cdnc-te_a699a0/button_Edit_1")): Object: 'Object Repository/1612893/43_AddSensitiveWord/Page_Thanh set Channel name - hcmus-cdnc-te_a699a0/button_Edit_1' is clicked on

2020-06-05 19:49:14 - [MESSAGE][PASSED] - Object: 'Object Repository/1612893/43_AddSensitiveWord/Page_Thanh set Channel name - hcmus-cdnc-te_a699a0/button_Edit_1' is clicked on

2020-06-05 19:49:14 - [TEST_STEP][PASSED] - setText(findTestObject("1612893/43_AddSensitiveWord/Page_Thanh set Channel name - hcmus-cdnc-te_a699a0/input_Other non-case sensitive words separa_48b795"), sensitiveWord): Text 'kích động' is set on object 'Object Repository/1612893/43_AddSensitiveWord/Page_Thanh set Channel name - hcmus-cdnc-te_a699a0/input_Other non-case sensitive words separa_48b795'

2020-06-05 19:49:15 - [MESSAGE][PASSED] - Text 'kích động' is set on object 'Object Repository/1612893/43_AddSensitiveWord/Page_Thanh set Channel name - hcmus-cdnc-te_a699a0/input_Other non-case sensitive words separa_48b795'

2020-06-05 19:49:15 - [TEST_STEP][PASSED] - click(findTestObject("1612893/43_AddSensitiveWord/Page_Thanh set Channel name - hcmus-cdnc-te_a699a0/button_Save")): Object: 'Object Repository/1612893/43_AddSensitiveWord/Page_Thanh set Channel name - hcmus-cdnc-te_a699a0/button_Save' is clicked on

2020-06-05 19:49:16 - [MESSAGE][PASSED] - Object: 'Object Repository/1612893/43_AddSensitiveWord/Page_Thanh set Channel name - hcmus-cdnc-te_a699a0/button_Save' is clicked on

2020-06-05 19:49:16 - [TEST_STEP][PASSED] - click(findTestObject("1612893/43_AddSensitiveWord/Page_Thanh set Channel name - hcmus-cdnc-te_a699a0/button_Close")): Object: 'Object Repository/1612893/43_AddSensitiveWord/Page_Thanh set Channel name - hcmus-cdnc-te_a699a0/button_Close' is clicked on

2020-06-05 19:49:17 - [MESSAGE][PASSED] - Object: 'Object Repository/1612893/43_AddSensitiveWord/Page_Thanh set Channel name - hcmus-cdnc-te_a699a0/button_Close' is clicked on

2020-06-05 19:49:17 - [TEST_STEP][PASSED] - closeBrowser(): Browser is closed

2020-06-05 19:49:17 - [MESSAGE][PASSED] - Browser is closed]]></system-out>
         <system-err><![CDATA[]]></system-err>
      </testcase>
      <testcase name="Test Cases/1612893/TC_43_AddSensitiveWord" time="17.846" classname="Test Cases/1612893/TC_43_AddSensitiveWord" status="PASSED">
         <system-out><![CDATA[2020-06-05 19:49:17 - [TEST_CASE][PASSED] - Test Cases/1612893/TC_43_AddSensitiveWord: Test Cases/1612893/TC_43_AddSensitiveWord

2020-06-05 19:49:17 - [TEST_STEP][PASSED] - openBrowser(""): Browser is opened with url: ''

2020-06-05 19:49:17 - [MESSAGE][INFO] - Starting 'Chrome' driver

2020-06-05 19:49:17 - [MESSAGE][INFO] - Action delay is set to 0 milliseconds

2020-06-05 19:49:21 - [MESSAGE][PASSED] - Browser is opened with url: ''

2020-06-05 19:49:21 - [TEST_STEP][PASSED] - navigateToUrl("http://localhost:8065/login"): Navigate to 'http://localhost:8065/login' successfully

2020-06-05 19:49:22 - [MESSAGE][PASSED] - Navigate to 'http://localhost:8065/login' successfully

2020-06-05 19:49:22 - [TEST_STEP][PASSED] - setText(findTestObject("1612893/43_AddSensitiveWord/Page_Mattermost/input_All team communication in one place s_703ef5"), "hcmus-cdnc@gmail.com"): Text 'hcmus-cdnc@gmail.com' is set on object 'Object Repository/1612893/43_AddSensitiveWord/Page_Mattermost/input_All team communication in one place s_703ef5'

2020-06-05 19:49:24 - [MESSAGE][PASSED] - Text 'hcmus-cdnc@gmail.com' is set on object 'Object Repository/1612893/43_AddSensitiveWord/Page_Mattermost/input_All team communication in one place s_703ef5'

2020-06-05 19:49:24 - [TEST_STEP][PASSED] - setEncryptedText(findTestObject("1612893/43_AddSensitiveWord/Page_Mattermost/input_All team communication in one place s_2f2733"), "aeHFOx8jV/A="): Text ****** has been set on object 'Object Repository/1612893/43_AddSensitiveWord/Page_Mattermost/input_All team communication in one place s_2f2733'

2020-06-05 19:49:25 - [MESSAGE][PASSED] - Text ****** has been set on object 'Object Repository/1612893/43_AddSensitiveWord/Page_Mattermost/input_All team communication in one place s_2f2733'

2020-06-05 19:49:25 - [TEST_STEP][PASSED] - click(findTestObject("1612893/43_AddSensitiveWord/Page_Mattermost/button_Sign in")): Object: 'Object Repository/1612893/43_AddSensitiveWord/Page_Mattermost/button_Sign in' is clicked on

2020-06-05 19:49:25 - [MESSAGE][PASSED] - Object: 'Object Repository/1612893/43_AddSensitiveWord/Page_Mattermost/button_Sign in' is clicked on

2020-06-05 19:49:25 - [TEST_STEP][PASSED] - click(findTestObject("1612893/43_AddSensitiveWord/Page_Thanh set Channel name - hcmus-cdnc-te_a699a0/button_anh_style--none sidebar-header-dropd_e4937e")): Object: 'Object Repository/1612893/43_AddSensitiveWord/Page_Thanh set Channel name - hcmus-cdnc-te_a699a0/button_anh_style--none sidebar-header-dropd_e4937e' is clicked on

2020-06-05 19:49:29 - [MESSAGE][PASSED] - Object: 'Object Repository/1612893/43_AddSensitiveWord/Page_Thanh set Channel name - hcmus-cdnc-te_a699a0/button_anh_style--none sidebar-header-dropd_e4937e' is clicked on

2020-06-05 19:49:29 - [TEST_STEP][PASSED] - click(findTestObject("1612893/43_AddSensitiveWord/Page_Thanh set Channel name - hcmus-cdnc-te_a699a0/span_Account Settings")): Object: 'Object Repository/1612893/43_AddSensitiveWord/Page_Thanh set Channel name - hcmus-cdnc-te_a699a0/span_Account Settings' is clicked on

2020-06-05 19:49:30 - [MESSAGE][PASSED] - Object: 'Object Repository/1612893/43_AddSensitiveWord/Page_Thanh set Channel name - hcmus-cdnc-te_a699a0/span_Account Settings' is clicked on

2020-06-05 19:49:30 - [TEST_STEP][PASSED] - click(findTestObject("1612893/43_AddSensitiveWord/Page_Thanh set Channel name - hcmus-cdnc-te_a699a0/button_Notifications")): Object: 'Object Repository/1612893/43_AddSensitiveWord/Page_Thanh set Channel name - hcmus-cdnc-te_a699a0/button_Notifications' is clicked on

2020-06-05 19:49:31 - [MESSAGE][PASSED] - Object: 'Object Repository/1612893/43_AddSensitiveWord/Page_Thanh set Channel name - hcmus-cdnc-te_a699a0/button_Notifications' is clicked on

2020-06-05 19:49:31 - [TEST_STEP][PASSED] - click(findTestObject("1612893/43_AddSensitiveWord/Page_Thanh set Channel name - hcmus-cdnc-te_a699a0/button_Edit_1")): Object: 'Object Repository/1612893/43_AddSensitiveWord/Page_Thanh set Channel name - hcmus-cdnc-te_a699a0/button_Edit_1' is clicked on

2020-06-05 19:49:32 - [MESSAGE][PASSED] - Object: 'Object Repository/1612893/43_AddSensitiveWord/Page_Thanh set Channel name - hcmus-cdnc-te_a699a0/button_Edit_1' is clicked on

2020-06-05 19:49:32 - [TEST_STEP][PASSED] - setText(findTestObject("1612893/43_AddSensitiveWord/Page_Thanh set Channel name - hcmus-cdnc-te_a699a0/input_Other non-case sensitive words separa_48b795"), sensitiveWord): Text 'hành động nguy hiểm' is set on object 'Object Repository/1612893/43_AddSensitiveWord/Page_Thanh set Channel name - hcmus-cdnc-te_a699a0/input_Other non-case sensitive words separa_48b795'

2020-06-05 19:49:33 - [MESSAGE][PASSED] - Text 'hành động nguy hiểm' is set on object 'Object Repository/1612893/43_AddSensitiveWord/Page_Thanh set Channel name - hcmus-cdnc-te_a699a0/input_Other non-case sensitive words separa_48b795'

2020-06-05 19:49:33 - [TEST_STEP][PASSED] - click(findTestObject("1612893/43_AddSensitiveWord/Page_Thanh set Channel name - hcmus-cdnc-te_a699a0/button_Save")): Object: 'Object Repository/1612893/43_AddSensitiveWord/Page_Thanh set Channel name - hcmus-cdnc-te_a699a0/button_Save' is clicked on

2020-06-05 19:49:34 - [MESSAGE][PASSED] - Object: 'Object Repository/1612893/43_AddSensitiveWord/Page_Thanh set Channel name - hcmus-cdnc-te_a699a0/button_Save' is clicked on

2020-06-05 19:49:34 - [TEST_STEP][PASSED] - click(findTestObject("1612893/43_AddSensitiveWord/Page_Thanh set Channel name - hcmus-cdnc-te_a699a0/button_Close")): Object: 'Object Repository/1612893/43_AddSensitiveWord/Page_Thanh set Channel name - hcmus-cdnc-te_a699a0/button_Close' is clicked on

2020-06-05 19:49:35 - [MESSAGE][PASSED] - Object: 'Object Repository/1612893/43_AddSensitiveWord/Page_Thanh set Channel name - hcmus-cdnc-te_a699a0/button_Close' is clicked on

2020-06-05 19:49:35 - [TEST_STEP][PASSED] - closeBrowser(): Browser is closed

2020-06-05 19:49:35 - [MESSAGE][PASSED] - Browser is closed]]></system-out>
         <system-err><![CDATA[]]></system-err>
      </testcase>
      <testcase name="Test Cases/1612893/TC_44_AddEmailWhiteList" time="17.129" classname="Test Cases/1612893/TC_44_AddEmailWhiteList" status="PASSED">
         <system-out><![CDATA[2020-06-05 19:49:35 - [TEST_CASE][PASSED] - Test Cases/1612893/TC_44_AddEmailWhiteList: Test Cases/1612893/TC_44_AddEmailWhiteList

2020-06-05 19:49:35 - [TEST_STEP][PASSED] - openBrowser(""): Browser is opened with url: ''

2020-06-05 19:49:36 - [MESSAGE][INFO] - Starting 'Chrome' driver

2020-06-05 19:49:36 - [MESSAGE][INFO] - Action delay is set to 0 milliseconds

2020-06-05 19:49:39 - [MESSAGE][PASSED] - Browser is opened with url: ''

2020-06-05 19:49:39 - [TEST_STEP][PASSED] - navigateToUrl("http://localhost:8065/login"): Navigate to 'http://localhost:8065/login' successfully

2020-06-05 19:49:40 - [MESSAGE][PASSED] - Navigate to 'http://localhost:8065/login' successfully

2020-06-05 19:49:40 - [TEST_STEP][PASSED] - setText(findTestObject("Object Repository/1612893/44_AddEmailWhiteList/Page_Mattermost/input_All team communication in one place s_703ef5"), "hcmus-cdnc@gmail.com"): Text 'hcmus-cdnc@gmail.com' is set on object 'Object Repository/1612893/44_AddEmailWhiteList/Page_Mattermost/input_All team communication in one place s_703ef5'

2020-06-05 19:49:43 - [MESSAGE][PASSED] - Text 'hcmus-cdnc@gmail.com' is set on object 'Object Repository/1612893/44_AddEmailWhiteList/Page_Mattermost/input_All team communication in one place s_703ef5'

2020-06-05 19:49:43 - [TEST_STEP][PASSED] - setEncryptedText(findTestObject("Object Repository/1612893/44_AddEmailWhiteList/Page_Mattermost/input_All team communication in one place s_2f2733"), "aeHFOx8jV/A="): Text ****** has been set on object 'Object Repository/1612893/44_AddEmailWhiteList/Page_Mattermost/input_All team communication in one place s_2f2733'

2020-06-05 19:49:43 - [MESSAGE][PASSED] - Text ****** has been set on object 'Object Repository/1612893/44_AddEmailWhiteList/Page_Mattermost/input_All team communication in one place s_2f2733'

2020-06-05 19:49:43 - [TEST_STEP][PASSED] - click(findTestObject("Object Repository/1612893/44_AddEmailWhiteList/Page_Mattermost/button_Sign in")): Object: 'Object Repository/1612893/44_AddEmailWhiteList/Page_Mattermost/button_Sign in' is clicked on

2020-06-05 19:49:44 - [MESSAGE][PASSED] - Object: 'Object Repository/1612893/44_AddEmailWhiteList/Page_Mattermost/button_Sign in' is clicked on

2020-06-05 19:49:44 - [TEST_STEP][PASSED] - click(findTestObject("Object Repository/1612893/44_AddEmailWhiteList/Page_Thanh set Channel name - hcmus-cdnc-te_a699a0/button_anh_style--none sidebar-header-dropd_e4937e")): Object: 'Object Repository/1612893/44_AddEmailWhiteList/Page_Thanh set Channel name - hcmus-cdnc-te_a699a0/button_anh_style--none sidebar-header-dropd_e4937e' is clicked on

2020-06-05 19:49:47 - [MESSAGE][PASSED] - Object: 'Object Repository/1612893/44_AddEmailWhiteList/Page_Thanh set Channel name - hcmus-cdnc-te_a699a0/button_anh_style--none sidebar-header-dropd_e4937e' is clicked on

2020-06-05 19:49:47 - [TEST_STEP][PASSED] - click(findTestObject("Object Repository/1612893/44_AddEmailWhiteList/Page_Thanh set Channel name - hcmus-cdnc-te_a699a0/span_Team Settings")): Object: 'Object Repository/1612893/44_AddEmailWhiteList/Page_Thanh set Channel name - hcmus-cdnc-te_a699a0/span_Team Settings' is clicked on

2020-06-05 19:49:48 - [MESSAGE][PASSED] - Object: 'Object Repository/1612893/44_AddEmailWhiteList/Page_Thanh set Channel name - hcmus-cdnc-te_a699a0/span_Team Settings' is clicked on

2020-06-05 19:49:48 - [TEST_STEP][PASSED] - click(findTestObject("Object Repository/1612893/44_AddEmailWhiteList/Page_Thanh set Channel name - hcmus-cdnc-te_a699a0/button_Edit")): Object: 'Object Repository/1612893/44_AddEmailWhiteList/Page_Thanh set Channel name - hcmus-cdnc-te_a699a0/button_Edit' is clicked on

2020-06-05 19:49:49 - [MESSAGE][PASSED] - Object: 'Object Repository/1612893/44_AddEmailWhiteList/Page_Thanh set Channel name - hcmus-cdnc-te_a699a0/button_Edit' is clicked on

2020-06-05 19:49:49 - [TEST_STEP][PASSED] - setText(findTestObject("Object Repository/1612893/44_AddEmailWhiteList/Page_Thanh set Channel name - hcmus-cdnc-te_a699a0/input_Allow only users with a specific emai_44da11"), whiteList): Text 'gmail.com' is set on object 'Object Repository/1612893/44_AddEmailWhiteList/Page_Thanh set Channel name - hcmus-cdnc-te_a699a0/input_Allow only users with a specific emai_44da11'

2020-06-05 19:49:50 - [MESSAGE][PASSED] - Text 'gmail.com' is set on object 'Object Repository/1612893/44_AddEmailWhiteList/Page_Thanh set Channel name - hcmus-cdnc-te_a699a0/input_Allow only users with a specific emai_44da11'

2020-06-05 19:49:50 - [TEST_STEP][PASSED] - click(findTestObject("Object Repository/1612893/44_AddEmailWhiteList/Page_Thanh set Channel name - hcmus-cdnc-te_a699a0/button_Save")): Object: 'Object Repository/1612893/44_AddEmailWhiteList/Page_Thanh set Channel name - hcmus-cdnc-te_a699a0/button_Save' is clicked on

2020-06-05 19:49:51 - [MESSAGE][PASSED] - Object: 'Object Repository/1612893/44_AddEmailWhiteList/Page_Thanh set Channel name - hcmus-cdnc-te_a699a0/button_Save' is clicked on

2020-06-05 19:49:51 - [TEST_STEP][PASSED] - click(findTestObject("Object Repository/1612893/44_AddEmailWhiteList/Page_Thanh set Channel name - hcmus-cdnc-te_a699a0/button_Close")): Object: 'Object Repository/1612893/44_AddEmailWhiteList/Page_Thanh set Channel name - hcmus-cdnc-te_a699a0/button_Close' is clicked on

2020-06-05 19:49:52 - [MESSAGE][PASSED] - Object: 'Object Repository/1612893/44_AddEmailWhiteList/Page_Thanh set Channel name - hcmus-cdnc-te_a699a0/button_Close' is clicked on

2020-06-05 19:49:52 - [TEST_STEP][PASSED] - closeBrowser(): Browser is closed

2020-06-05 19:49:52 - [MESSAGE][PASSED] - Browser is closed]]></system-out>
         <system-err><![CDATA[]]></system-err>
      </testcase>
      <testcase name="Test Cases/1612893/TC_44_AddEmailWhiteList" time="16.775" classname="Test Cases/1612893/TC_44_AddEmailWhiteList" status="PASSED">
         <system-out><![CDATA[2020-06-05 19:49:52 - [TEST_CASE][PASSED] - Test Cases/1612893/TC_44_AddEmailWhiteList: Test Cases/1612893/TC_44_AddEmailWhiteList

2020-06-05 19:49:52 - [TEST_STEP][PASSED] - openBrowser(""): Browser is opened with url: ''

2020-06-05 19:49:52 - [MESSAGE][INFO] - Starting 'Chrome' driver

2020-06-05 19:49:52 - [MESSAGE][INFO] - Action delay is set to 0 milliseconds

2020-06-05 19:49:56 - [MESSAGE][PASSED] - Browser is opened with url: ''

2020-06-05 19:49:56 - [TEST_STEP][PASSED] - navigateToUrl("http://localhost:8065/login"): Navigate to 'http://localhost:8065/login' successfully

2020-06-05 19:49:57 - [MESSAGE][PASSED] - Navigate to 'http://localhost:8065/login' successfully

2020-06-05 19:49:57 - [TEST_STEP][PASSED] - setText(findTestObject("Object Repository/1612893/44_AddEmailWhiteList/Page_Mattermost/input_All team communication in one place s_703ef5"), "hcmus-cdnc@gmail.com"): Text 'hcmus-cdnc@gmail.com' is set on object 'Object Repository/1612893/44_AddEmailWhiteList/Page_Mattermost/input_All team communication in one place s_703ef5'

2020-06-05 19:49:59 - [MESSAGE][PASSED] - Text 'hcmus-cdnc@gmail.com' is set on object 'Object Repository/1612893/44_AddEmailWhiteList/Page_Mattermost/input_All team communication in one place s_703ef5'

2020-06-05 19:49:59 - [TEST_STEP][PASSED] - setEncryptedText(findTestObject("Object Repository/1612893/44_AddEmailWhiteList/Page_Mattermost/input_All team communication in one place s_2f2733"), "aeHFOx8jV/A="): Text ****** has been set on object 'Object Repository/1612893/44_AddEmailWhiteList/Page_Mattermost/input_All team communication in one place s_2f2733'

2020-06-05 19:50:00 - [MESSAGE][PASSED] - Text ****** has been set on object 'Object Repository/1612893/44_AddEmailWhiteList/Page_Mattermost/input_All team communication in one place s_2f2733'

2020-06-05 19:50:00 - [TEST_STEP][PASSED] - click(findTestObject("Object Repository/1612893/44_AddEmailWhiteList/Page_Mattermost/button_Sign in")): Object: 'Object Repository/1612893/44_AddEmailWhiteList/Page_Mattermost/button_Sign in' is clicked on

2020-06-05 19:50:00 - [MESSAGE][PASSED] - Object: 'Object Repository/1612893/44_AddEmailWhiteList/Page_Mattermost/button_Sign in' is clicked on

2020-06-05 19:50:00 - [TEST_STEP][PASSED] - click(findTestObject("Object Repository/1612893/44_AddEmailWhiteList/Page_Thanh set Channel name - hcmus-cdnc-te_a699a0/button_anh_style--none sidebar-header-dropd_e4937e")): Object: 'Object Repository/1612893/44_AddEmailWhiteList/Page_Thanh set Channel name - hcmus-cdnc-te_a699a0/button_anh_style--none sidebar-header-dropd_e4937e' is clicked on

2020-06-05 19:50:04 - [MESSAGE][PASSED] - Object: 'Object Repository/1612893/44_AddEmailWhiteList/Page_Thanh set Channel name - hcmus-cdnc-te_a699a0/button_anh_style--none sidebar-header-dropd_e4937e' is clicked on

2020-06-05 19:50:04 - [TEST_STEP][PASSED] - click(findTestObject("Object Repository/1612893/44_AddEmailWhiteList/Page_Thanh set Channel name - hcmus-cdnc-te_a699a0/span_Team Settings")): Object: 'Object Repository/1612893/44_AddEmailWhiteList/Page_Thanh set Channel name - hcmus-cdnc-te_a699a0/span_Team Settings' is clicked on

2020-06-05 19:50:05 - [MESSAGE][PASSED] - Object: 'Object Repository/1612893/44_AddEmailWhiteList/Page_Thanh set Channel name - hcmus-cdnc-te_a699a0/span_Team Settings' is clicked on

2020-06-05 19:50:05 - [TEST_STEP][PASSED] - click(findTestObject("Object Repository/1612893/44_AddEmailWhiteList/Page_Thanh set Channel name - hcmus-cdnc-te_a699a0/button_Edit")): Object: 'Object Repository/1612893/44_AddEmailWhiteList/Page_Thanh set Channel name - hcmus-cdnc-te_a699a0/button_Edit' is clicked on

2020-06-05 19:50:06 - [MESSAGE][PASSED] - Object: 'Object Repository/1612893/44_AddEmailWhiteList/Page_Thanh set Channel name - hcmus-cdnc-te_a699a0/button_Edit' is clicked on

2020-06-05 19:50:06 - [TEST_STEP][PASSED] - setText(findTestObject("Object Repository/1612893/44_AddEmailWhiteList/Page_Thanh set Channel name - hcmus-cdnc-te_a699a0/input_Allow only users with a specific emai_44da11"), whiteList): Text 'outlook.com' is set on object 'Object Repository/1612893/44_AddEmailWhiteList/Page_Thanh set Channel name - hcmus-cdnc-te_a699a0/input_Allow only users with a specific emai_44da11'

2020-06-05 19:50:07 - [MESSAGE][PASSED] - Text 'outlook.com' is set on object 'Object Repository/1612893/44_AddEmailWhiteList/Page_Thanh set Channel name - hcmus-cdnc-te_a699a0/input_Allow only users with a specific emai_44da11'

2020-06-05 19:50:07 - [TEST_STEP][PASSED] - click(findTestObject("Object Repository/1612893/44_AddEmailWhiteList/Page_Thanh set Channel name - hcmus-cdnc-te_a699a0/button_Save")): Object: 'Object Repository/1612893/44_AddEmailWhiteList/Page_Thanh set Channel name - hcmus-cdnc-te_a699a0/button_Save' is clicked on

2020-06-05 19:50:08 - [MESSAGE][PASSED] - Object: 'Object Repository/1612893/44_AddEmailWhiteList/Page_Thanh set Channel name - hcmus-cdnc-te_a699a0/button_Save' is clicked on

2020-06-05 19:50:08 - [TEST_STEP][PASSED] - click(findTestObject("Object Repository/1612893/44_AddEmailWhiteList/Page_Thanh set Channel name - hcmus-cdnc-te_a699a0/button_Close")): Object: 'Object Repository/1612893/44_AddEmailWhiteList/Page_Thanh set Channel name - hcmus-cdnc-te_a699a0/button_Close' is clicked on

2020-06-05 19:50:08 - [MESSAGE][PASSED] - Object: 'Object Repository/1612893/44_AddEmailWhiteList/Page_Thanh set Channel name - hcmus-cdnc-te_a699a0/button_Close' is clicked on

2020-06-05 19:50:08 - [TEST_STEP][PASSED] - closeBrowser(): Browser is closed

2020-06-05 19:50:09 - [MESSAGE][PASSED] - Browser is closed]]></system-out>
         <system-err><![CDATA[]]></system-err>
      </testcase>
      <testcase name="Test Cases/1612893/TC_44_AddEmailWhiteList" time="16.352" classname="Test Cases/1612893/TC_44_AddEmailWhiteList" status="PASSED">
         <system-out><![CDATA[2020-06-05 19:50:09 - [TEST_CASE][PASSED] - Test Cases/1612893/TC_44_AddEmailWhiteList: Test Cases/1612893/TC_44_AddEmailWhiteList

2020-06-05 19:50:09 - [TEST_STEP][PASSED] - openBrowser(""): Browser is opened with url: ''

2020-06-05 19:50:09 - [MESSAGE][INFO] - Starting 'Chrome' driver

2020-06-05 19:50:09 - [MESSAGE][INFO] - Action delay is set to 0 milliseconds

2020-06-05 19:50:13 - [MESSAGE][PASSED] - Browser is opened with url: ''

2020-06-05 19:50:13 - [TEST_STEP][PASSED] - navigateToUrl("http://localhost:8065/login"): Navigate to 'http://localhost:8065/login' successfully

2020-06-05 19:50:14 - [MESSAGE][PASSED] - Navigate to 'http://localhost:8065/login' successfully

2020-06-05 19:50:14 - [TEST_STEP][PASSED] - setText(findTestObject("Object Repository/1612893/44_AddEmailWhiteList/Page_Mattermost/input_All team communication in one place s_703ef5"), "hcmus-cdnc@gmail.com"): Text 'hcmus-cdnc@gmail.com' is set on object 'Object Repository/1612893/44_AddEmailWhiteList/Page_Mattermost/input_All team communication in one place s_703ef5'

2020-06-05 19:50:16 - [MESSAGE][PASSED] - Text 'hcmus-cdnc@gmail.com' is set on object 'Object Repository/1612893/44_AddEmailWhiteList/Page_Mattermost/input_All team communication in one place s_703ef5'

2020-06-05 19:50:16 - [TEST_STEP][PASSED] - setEncryptedText(findTestObject("Object Repository/1612893/44_AddEmailWhiteList/Page_Mattermost/input_All team communication in one place s_2f2733"), "aeHFOx8jV/A="): Text ****** has been set on object 'Object Repository/1612893/44_AddEmailWhiteList/Page_Mattermost/input_All team communication in one place s_2f2733'

2020-06-05 19:50:17 - [MESSAGE][PASSED] - Text ****** has been set on object 'Object Repository/1612893/44_AddEmailWhiteList/Page_Mattermost/input_All team communication in one place s_2f2733'

2020-06-05 19:50:17 - [TEST_STEP][PASSED] - click(findTestObject("Object Repository/1612893/44_AddEmailWhiteList/Page_Mattermost/button_Sign in")): Object: 'Object Repository/1612893/44_AddEmailWhiteList/Page_Mattermost/button_Sign in' is clicked on

2020-06-05 19:50:17 - [MESSAGE][PASSED] - Object: 'Object Repository/1612893/44_AddEmailWhiteList/Page_Mattermost/button_Sign in' is clicked on

2020-06-05 19:50:17 - [TEST_STEP][PASSED] - click(findTestObject("Object Repository/1612893/44_AddEmailWhiteList/Page_Thanh set Channel name - hcmus-cdnc-te_a699a0/button_anh_style--none sidebar-header-dropd_e4937e")): Object: 'Object Repository/1612893/44_AddEmailWhiteList/Page_Thanh set Channel name - hcmus-cdnc-te_a699a0/button_anh_style--none sidebar-header-dropd_e4937e' is clicked on

2020-06-05 19:50:21 - [MESSAGE][PASSED] - Object: 'Object Repository/1612893/44_AddEmailWhiteList/Page_Thanh set Channel name - hcmus-cdnc-te_a699a0/button_anh_style--none sidebar-header-dropd_e4937e' is clicked on

2020-06-05 19:50:21 - [TEST_STEP][PASSED] - click(findTestObject("Object Repository/1612893/44_AddEmailWhiteList/Page_Thanh set Channel name - hcmus-cdnc-te_a699a0/span_Team Settings")): Object: 'Object Repository/1612893/44_AddEmailWhiteList/Page_Thanh set Channel name - hcmus-cdnc-te_a699a0/span_Team Settings' is clicked on

2020-06-05 19:50:22 - [MESSAGE][PASSED] - Object: 'Object Repository/1612893/44_AddEmailWhiteList/Page_Thanh set Channel name - hcmus-cdnc-te_a699a0/span_Team Settings' is clicked on

2020-06-05 19:50:22 - [TEST_STEP][PASSED] - click(findTestObject("Object Repository/1612893/44_AddEmailWhiteList/Page_Thanh set Channel name - hcmus-cdnc-te_a699a0/button_Edit")): Object: 'Object Repository/1612893/44_AddEmailWhiteList/Page_Thanh set Channel name - hcmus-cdnc-te_a699a0/button_Edit' is clicked on

2020-06-05 19:50:23 - [MESSAGE][PASSED] - Object: 'Object Repository/1612893/44_AddEmailWhiteList/Page_Thanh set Channel name - hcmus-cdnc-te_a699a0/button_Edit' is clicked on

2020-06-05 19:50:23 - [TEST_STEP][PASSED] - setText(findTestObject("Object Repository/1612893/44_AddEmailWhiteList/Page_Thanh set Channel name - hcmus-cdnc-te_a699a0/input_Allow only users with a specific emai_44da11"), whiteList): Text 'abc.com' is set on object 'Object Repository/1612893/44_AddEmailWhiteList/Page_Thanh set Channel name - hcmus-cdnc-te_a699a0/input_Allow only users with a specific emai_44da11'

2020-06-05 19:50:24 - [MESSAGE][PASSED] - Text 'abc.com' is set on object 'Object Repository/1612893/44_AddEmailWhiteList/Page_Thanh set Channel name - hcmus-cdnc-te_a699a0/input_Allow only users with a specific emai_44da11'

2020-06-05 19:50:24 - [TEST_STEP][PASSED] - click(findTestObject("Object Repository/1612893/44_AddEmailWhiteList/Page_Thanh set Channel name - hcmus-cdnc-te_a699a0/button_Save")): Object: 'Object Repository/1612893/44_AddEmailWhiteList/Page_Thanh set Channel name - hcmus-cdnc-te_a699a0/button_Save' is clicked on

2020-06-05 19:50:24 - [MESSAGE][PASSED] - Object: 'Object Repository/1612893/44_AddEmailWhiteList/Page_Thanh set Channel name - hcmus-cdnc-te_a699a0/button_Save' is clicked on

2020-06-05 19:50:24 - [TEST_STEP][PASSED] - click(findTestObject("Object Repository/1612893/44_AddEmailWhiteList/Page_Thanh set Channel name - hcmus-cdnc-te_a699a0/button_Close")): Object: 'Object Repository/1612893/44_AddEmailWhiteList/Page_Thanh set Channel name - hcmus-cdnc-te_a699a0/button_Close' is clicked on

2020-06-05 19:50:25 - [MESSAGE][PASSED] - Object: 'Object Repository/1612893/44_AddEmailWhiteList/Page_Thanh set Channel name - hcmus-cdnc-te_a699a0/button_Close' is clicked on

2020-06-05 19:50:25 - [TEST_STEP][PASSED] - closeBrowser(): Browser is closed

2020-06-05 19:50:26 - [MESSAGE][PASSED] - Browser is closed]]></system-out>
         <system-err><![CDATA[]]></system-err>
      </testcase>
      <testcase name="Test Cases/1612893/TC_44_AddEmailWhiteList" time="17.107" classname="Test Cases/1612893/TC_44_AddEmailWhiteList" status="PASSED">
         <system-out><![CDATA[2020-06-05 19:50:26 - [TEST_CASE][PASSED] - Test Cases/1612893/TC_44_AddEmailWhiteList: Test Cases/1612893/TC_44_AddEmailWhiteList

2020-06-05 19:50:26 - [TEST_STEP][PASSED] - openBrowser(""): Browser is opened with url: ''

2020-06-05 19:50:26 - [MESSAGE][INFO] - Starting 'Chrome' driver

2020-06-05 19:50:26 - [MESSAGE][INFO] - Action delay is set to 0 milliseconds

2020-06-05 19:50:29 - [MESSAGE][PASSED] - Browser is opened with url: ''

2020-06-05 19:50:29 - [TEST_STEP][PASSED] - navigateToUrl("http://localhost:8065/login"): Navigate to 'http://localhost:8065/login' successfully

2020-06-05 19:50:31 - [MESSAGE][PASSED] - Navigate to 'http://localhost:8065/login' successfully

2020-06-05 19:50:31 - [TEST_STEP][PASSED] - setText(findTestObject("Object Repository/1612893/44_AddEmailWhiteList/Page_Mattermost/input_All team communication in one place s_703ef5"), "hcmus-cdnc@gmail.com"): Text 'hcmus-cdnc@gmail.com' is set on object 'Object Repository/1612893/44_AddEmailWhiteList/Page_Mattermost/input_All team communication in one place s_703ef5'

2020-06-05 19:50:33 - [MESSAGE][PASSED] - Text 'hcmus-cdnc@gmail.com' is set on object 'Object Repository/1612893/44_AddEmailWhiteList/Page_Mattermost/input_All team communication in one place s_703ef5'

2020-06-05 19:50:33 - [TEST_STEP][PASSED] - setEncryptedText(findTestObject("Object Repository/1612893/44_AddEmailWhiteList/Page_Mattermost/input_All team communication in one place s_2f2733"), "aeHFOx8jV/A="): Text ****** has been set on object 'Object Repository/1612893/44_AddEmailWhiteList/Page_Mattermost/input_All team communication in one place s_2f2733'

2020-06-05 19:50:34 - [MESSAGE][PASSED] - Text ****** has been set on object 'Object Repository/1612893/44_AddEmailWhiteList/Page_Mattermost/input_All team communication in one place s_2f2733'

2020-06-05 19:50:34 - [TEST_STEP][PASSED] - click(findTestObject("Object Repository/1612893/44_AddEmailWhiteList/Page_Mattermost/button_Sign in")): Object: 'Object Repository/1612893/44_AddEmailWhiteList/Page_Mattermost/button_Sign in' is clicked on

2020-06-05 19:50:35 - [MESSAGE][PASSED] - Object: 'Object Repository/1612893/44_AddEmailWhiteList/Page_Mattermost/button_Sign in' is clicked on

2020-06-05 19:50:35 - [TEST_STEP][PASSED] - click(findTestObject("Object Repository/1612893/44_AddEmailWhiteList/Page_Thanh set Channel name - hcmus-cdnc-te_a699a0/button_anh_style--none sidebar-header-dropd_e4937e")): Object: 'Object Repository/1612893/44_AddEmailWhiteList/Page_Thanh set Channel name - hcmus-cdnc-te_a699a0/button_anh_style--none sidebar-header-dropd_e4937e' is clicked on

2020-06-05 19:50:38 - [MESSAGE][PASSED] - Object: 'Object Repository/1612893/44_AddEmailWhiteList/Page_Thanh set Channel name - hcmus-cdnc-te_a699a0/button_anh_style--none sidebar-header-dropd_e4937e' is clicked on

2020-06-05 19:50:38 - [TEST_STEP][PASSED] - click(findTestObject("Object Repository/1612893/44_AddEmailWhiteList/Page_Thanh set Channel name - hcmus-cdnc-te_a699a0/span_Team Settings")): Object: 'Object Repository/1612893/44_AddEmailWhiteList/Page_Thanh set Channel name - hcmus-cdnc-te_a699a0/span_Team Settings' is clicked on

2020-06-05 19:50:39 - [MESSAGE][PASSED] - Object: 'Object Repository/1612893/44_AddEmailWhiteList/Page_Thanh set Channel name - hcmus-cdnc-te_a699a0/span_Team Settings' is clicked on

2020-06-05 19:50:39 - [TEST_STEP][PASSED] - click(findTestObject("Object Repository/1612893/44_AddEmailWhiteList/Page_Thanh set Channel name - hcmus-cdnc-te_a699a0/button_Edit")): Object: 'Object Repository/1612893/44_AddEmailWhiteList/Page_Thanh set Channel name - hcmus-cdnc-te_a699a0/button_Edit' is clicked on

2020-06-05 19:50:40 - [MESSAGE][PASSED] - Object: 'Object Repository/1612893/44_AddEmailWhiteList/Page_Thanh set Channel name - hcmus-cdnc-te_a699a0/button_Edit' is clicked on

2020-06-05 19:50:40 - [TEST_STEP][PASSED] - setText(findTestObject("Object Repository/1612893/44_AddEmailWhiteList/Page_Thanh set Channel name - hcmus-cdnc-te_a699a0/input_Allow only users with a specific emai_44da11"), whiteList): Text 'mattermost.com' is set on object 'Object Repository/1612893/44_AddEmailWhiteList/Page_Thanh set Channel name - hcmus-cdnc-te_a699a0/input_Allow only users with a specific emai_44da11'

2020-06-05 19:50:41 - [MESSAGE][PASSED] - Text 'mattermost.com' is set on object 'Object Repository/1612893/44_AddEmailWhiteList/Page_Thanh set Channel name - hcmus-cdnc-te_a699a0/input_Allow only users with a specific emai_44da11'

2020-06-05 19:50:41 - [TEST_STEP][PASSED] - click(findTestObject("Object Repository/1612893/44_AddEmailWhiteList/Page_Thanh set Channel name - hcmus-cdnc-te_a699a0/button_Save")): Object: 'Object Repository/1612893/44_AddEmailWhiteList/Page_Thanh set Channel name - hcmus-cdnc-te_a699a0/button_Save' is clicked on

2020-06-05 19:50:41 - [MESSAGE][PASSED] - Object: 'Object Repository/1612893/44_AddEmailWhiteList/Page_Thanh set Channel name - hcmus-cdnc-te_a699a0/button_Save' is clicked on

2020-06-05 19:50:41 - [TEST_STEP][PASSED] - click(findTestObject("Object Repository/1612893/44_AddEmailWhiteList/Page_Thanh set Channel name - hcmus-cdnc-te_a699a0/button_Close")): Object: 'Object Repository/1612893/44_AddEmailWhiteList/Page_Thanh set Channel name - hcmus-cdnc-te_a699a0/button_Close' is clicked on

2020-06-05 19:50:42 - [MESSAGE][PASSED] - Object: 'Object Repository/1612893/44_AddEmailWhiteList/Page_Thanh set Channel name - hcmus-cdnc-te_a699a0/button_Close' is clicked on

2020-06-05 19:50:42 - [TEST_STEP][PASSED] - closeBrowser(): Browser is closed

2020-06-05 19:50:43 - [MESSAGE][PASSED] - Browser is closed]]></system-out>
         <system-err><![CDATA[]]></system-err>
      </testcase>
      <testcase name="Test Cases/1612893/TC_44_AddEmailWhiteList" time="15.977" classname="Test Cases/1612893/TC_44_AddEmailWhiteList" status="PASSED">
         <system-out><![CDATA[2020-06-05 19:50:43 - [TEST_CASE][PASSED] - Test Cases/1612893/TC_44_AddEmailWhiteList: Test Cases/1612893/TC_44_AddEmailWhiteList

2020-06-05 19:50:43 - [TEST_STEP][PASSED] - openBrowser(""): Browser is opened with url: ''

2020-06-05 19:50:43 - [MESSAGE][INFO] - Starting 'Chrome' driver

2020-06-05 19:50:43 - [MESSAGE][INFO] - Action delay is set to 0 milliseconds

2020-06-05 19:50:46 - [MESSAGE][PASSED] - Browser is opened with url: ''

2020-06-05 19:50:46 - [TEST_STEP][PASSED] - navigateToUrl("http://localhost:8065/login"): Navigate to 'http://localhost:8065/login' successfully

2020-06-05 19:50:48 - [MESSAGE][PASSED] - Navigate to 'http://localhost:8065/login' successfully

2020-06-05 19:50:48 - [TEST_STEP][PASSED] - setText(findTestObject("Object Repository/1612893/44_AddEmailWhiteList/Page_Mattermost/input_All team communication in one place s_703ef5"), "hcmus-cdnc@gmail.com"): Text 'hcmus-cdnc@gmail.com' is set on object 'Object Repository/1612893/44_AddEmailWhiteList/Page_Mattermost/input_All team communication in one place s_703ef5'

2020-06-05 19:50:49 - [MESSAGE][PASSED] - Text 'hcmus-cdnc@gmail.com' is set on object 'Object Repository/1612893/44_AddEmailWhiteList/Page_Mattermost/input_All team communication in one place s_703ef5'

2020-06-05 19:50:49 - [TEST_STEP][PASSED] - setEncryptedText(findTestObject("Object Repository/1612893/44_AddEmailWhiteList/Page_Mattermost/input_All team communication in one place s_2f2733"), "aeHFOx8jV/A="): Text ****** has been set on object 'Object Repository/1612893/44_AddEmailWhiteList/Page_Mattermost/input_All team communication in one place s_2f2733'

2020-06-05 19:50:50 - [MESSAGE][PASSED] - Text ****** has been set on object 'Object Repository/1612893/44_AddEmailWhiteList/Page_Mattermost/input_All team communication in one place s_2f2733'

2020-06-05 19:50:50 - [TEST_STEP][PASSED] - click(findTestObject("Object Repository/1612893/44_AddEmailWhiteList/Page_Mattermost/button_Sign in")): Object: 'Object Repository/1612893/44_AddEmailWhiteList/Page_Mattermost/button_Sign in' is clicked on

2020-06-05 19:50:51 - [MESSAGE][PASSED] - Object: 'Object Repository/1612893/44_AddEmailWhiteList/Page_Mattermost/button_Sign in' is clicked on

2020-06-05 19:50:51 - [TEST_STEP][PASSED] - click(findTestObject("Object Repository/1612893/44_AddEmailWhiteList/Page_Thanh set Channel name - hcmus-cdnc-te_a699a0/button_anh_style--none sidebar-header-dropd_e4937e")): Object: 'Object Repository/1612893/44_AddEmailWhiteList/Page_Thanh set Channel name - hcmus-cdnc-te_a699a0/button_anh_style--none sidebar-header-dropd_e4937e' is clicked on

2020-06-05 19:50:54 - [MESSAGE][PASSED] - Object: 'Object Repository/1612893/44_AddEmailWhiteList/Page_Thanh set Channel name - hcmus-cdnc-te_a699a0/button_anh_style--none sidebar-header-dropd_e4937e' is clicked on

2020-06-05 19:50:54 - [TEST_STEP][PASSED] - click(findTestObject("Object Repository/1612893/44_AddEmailWhiteList/Page_Thanh set Channel name - hcmus-cdnc-te_a699a0/span_Team Settings")): Object: 'Object Repository/1612893/44_AddEmailWhiteList/Page_Thanh set Channel name - hcmus-cdnc-te_a699a0/span_Team Settings' is clicked on

2020-06-05 19:50:55 - [MESSAGE][PASSED] - Object: 'Object Repository/1612893/44_AddEmailWhiteList/Page_Thanh set Channel name - hcmus-cdnc-te_a699a0/span_Team Settings' is clicked on

2020-06-05 19:50:55 - [TEST_STEP][PASSED] - click(findTestObject("Object Repository/1612893/44_AddEmailWhiteList/Page_Thanh set Channel name - hcmus-cdnc-te_a699a0/button_Edit")): Object: 'Object Repository/1612893/44_AddEmailWhiteList/Page_Thanh set Channel name - hcmus-cdnc-te_a699a0/button_Edit' is clicked on

2020-06-05 19:50:56 - [MESSAGE][PASSED] - Object: 'Object Repository/1612893/44_AddEmailWhiteList/Page_Thanh set Channel name - hcmus-cdnc-te_a699a0/button_Edit' is clicked on

2020-06-05 19:50:56 - [TEST_STEP][PASSED] - setText(findTestObject("Object Repository/1612893/44_AddEmailWhiteList/Page_Thanh set Channel name - hcmus-cdnc-te_a699a0/input_Allow only users with a specific emai_44da11"), whiteList): Text 'mattermost.org' is set on object 'Object Repository/1612893/44_AddEmailWhiteList/Page_Thanh set Channel name - hcmus-cdnc-te_a699a0/input_Allow only users with a specific emai_44da11'

2020-06-05 19:50:57 - [MESSAGE][PASSED] - Text 'mattermost.org' is set on object 'Object Repository/1612893/44_AddEmailWhiteList/Page_Thanh set Channel name - hcmus-cdnc-te_a699a0/input_Allow only users with a specific emai_44da11'

2020-06-05 19:50:57 - [TEST_STEP][PASSED] - click(findTestObject("Object Repository/1612893/44_AddEmailWhiteList/Page_Thanh set Channel name - hcmus-cdnc-te_a699a0/button_Save")): Object: 'Object Repository/1612893/44_AddEmailWhiteList/Page_Thanh set Channel name - hcmus-cdnc-te_a699a0/button_Save' is clicked on

2020-06-05 19:50:57 - [MESSAGE][PASSED] - Object: 'Object Repository/1612893/44_AddEmailWhiteList/Page_Thanh set Channel name - hcmus-cdnc-te_a699a0/button_Save' is clicked on

2020-06-05 19:50:57 - [TEST_STEP][PASSED] - click(findTestObject("Object Repository/1612893/44_AddEmailWhiteList/Page_Thanh set Channel name - hcmus-cdnc-te_a699a0/button_Close")): Object: 'Object Repository/1612893/44_AddEmailWhiteList/Page_Thanh set Channel name - hcmus-cdnc-te_a699a0/button_Close' is clicked on

2020-06-05 19:50:58 - [MESSAGE][PASSED] - Object: 'Object Repository/1612893/44_AddEmailWhiteList/Page_Thanh set Channel name - hcmus-cdnc-te_a699a0/button_Close' is clicked on

2020-06-05 19:50:58 - [TEST_STEP][PASSED] - closeBrowser(): Browser is closed

2020-06-05 19:50:59 - [MESSAGE][PASSED] - Browser is closed]]></system-out>
         <system-err><![CDATA[]]></system-err>
      </testcase>
      <testcase name="Test Cases/1612893/TC_45_Edit_TeamDescription" time="16.949" classname="Test Cases/1612893/TC_45_Edit_TeamDescription" status="PASSED">
         <system-out><![CDATA[2020-06-05 19:50:59 - [TEST_CASE][PASSED] - Test Cases/1612893/TC_45_Edit_TeamDescription: Test Cases/1612893/TC_45_Edit_TeamDescription

2020-06-05 19:50:59 - [TEST_STEP][PASSED] - openBrowser(""): Browser is opened with url: ''

2020-06-05 19:50:59 - [MESSAGE][INFO] - Starting 'Chrome' driver

2020-06-05 19:50:59 - [MESSAGE][INFO] - Action delay is set to 0 milliseconds

2020-06-05 19:51:02 - [MESSAGE][PASSED] - Browser is opened with url: ''

2020-06-05 19:51:02 - [TEST_STEP][PASSED] - navigateToUrl("http://localhost:8065/hcmus-cdnc-team/channels/town-square"): Navigate to 'http://localhost:8065/hcmus-cdnc-team/channels/town-square' successfully

2020-06-05 19:51:04 - [MESSAGE][PASSED] - Navigate to 'http://localhost:8065/hcmus-cdnc-team/channels/town-square' successfully

2020-06-05 19:51:04 - [TEST_STEP][PASSED] - setText(findTestObject("Object Repository/1612893/45_Edit_TeamDescription/Page_Mattermost/input_All team communication in one place s_703ef5"), "hcmus-cdnc@gmail.com"): Text 'hcmus-cdnc@gmail.com' is set on object 'Object Repository/1612893/45_Edit_TeamDescription/Page_Mattermost/input_All team communication in one place s_703ef5'

2020-06-05 19:51:06 - [MESSAGE][PASSED] - Text 'hcmus-cdnc@gmail.com' is set on object 'Object Repository/1612893/45_Edit_TeamDescription/Page_Mattermost/input_All team communication in one place s_703ef5'

2020-06-05 19:51:06 - [TEST_STEP][PASSED] - setEncryptedText(findTestObject("Object Repository/1612893/45_Edit_TeamDescription/Page_Mattermost/input_Please enter your password_password"), "aeHFOx8jV/A="): Text ****** has been set on object 'Object Repository/1612893/45_Edit_TeamDescription/Page_Mattermost/input_Please enter your password_password'

2020-06-05 19:51:07 - [MESSAGE][PASSED] - Text ****** has been set on object 'Object Repository/1612893/45_Edit_TeamDescription/Page_Mattermost/input_Please enter your password_password'

2020-06-05 19:51:07 - [TEST_STEP][PASSED] - sendKeys(findTestObject("Object Repository/1612893/45_Edit_TeamDescription/Page_Mattermost/input_Please enter your password_password"), Keys.chord(ENTER)): Keys 'ENTER + ' sent to object: 'Object Repository/1612893/45_Edit_TeamDescription/Page_Mattermost/input_Please enter your password_password'

2020-06-05 19:51:07 - [MESSAGE][PASSED] - Keys 'ENTER + ' sent to object: 'Object Repository/1612893/45_Edit_TeamDescription/Page_Mattermost/input_Please enter your password_password'

2020-06-05 19:51:07 - [TEST_STEP][PASSED] - click(findTestObject("Object Repository/1612893/45_Edit_TeamDescription/Page_Thanh set Channel name - hcmus-cdnc-te_a699a0/span")): Object: 'Object Repository/1612893/45_Edit_TeamDescription/Page_Thanh set Channel name - hcmus-cdnc-te_a699a0/span' is clicked on

2020-06-05 19:51:11 - [MESSAGE][PASSED] - Object: 'Object Repository/1612893/45_Edit_TeamDescription/Page_Thanh set Channel name - hcmus-cdnc-te_a699a0/span' is clicked on

2020-06-05 19:51:11 - [TEST_STEP][PASSED] - click(findTestObject("Object Repository/1612893/45_Edit_TeamDescription/Page_Thanh set Channel name - hcmus-cdnc-te_a699a0/span_Team Settings")): Object: 'Object Repository/1612893/45_Edit_TeamDescription/Page_Thanh set Channel name - hcmus-cdnc-te_a699a0/span_Team Settings' is clicked on

2020-06-05 19:51:12 - [MESSAGE][PASSED] - Object: 'Object Repository/1612893/45_Edit_TeamDescription/Page_Thanh set Channel name - hcmus-cdnc-te_a699a0/span_Team Settings' is clicked on

2020-06-05 19:51:12 - [TEST_STEP][PASSED] - click(findTestObject("Object Repository/1612893/45_Edit_TeamDescription/Page_Thanh set Channel name - hcmus-cdnc-te_a699a0/span_Edit")): Object: 'Object Repository/1612893/45_Edit_TeamDescription/Page_Thanh set Channel name - hcmus-cdnc-te_a699a0/span_Edit' is clicked on

2020-06-05 19:51:13 - [MESSAGE][PASSED] - Object: 'Object Repository/1612893/45_Edit_TeamDescription/Page_Thanh set Channel name - hcmus-cdnc-te_a699a0/span_Edit' is clicked on

2020-06-05 19:51:13 - [TEST_STEP][PASSED] - setText(findTestObject("Object Repository/1612893/45_Edit_TeamDescription/Page_Thanh set Channel name - hcmus-cdnc-te_a699a0/input_Team Description_teamDescription"), description): Text 'Nhóm thiết kế' is set on object 'Object Repository/1612893/45_Edit_TeamDescription/Page_Thanh set Channel name - hcmus-cdnc-te_a699a0/input_Team Description_teamDescription'

2020-06-05 19:51:14 - [MESSAGE][PASSED] - Text 'Nhóm thiết kế' is set on object 'Object Repository/1612893/45_Edit_TeamDescription/Page_Thanh set Channel name - hcmus-cdnc-te_a699a0/input_Team Description_teamDescription'

2020-06-05 19:51:14 - [TEST_STEP][PASSED] - click(findTestObject("Object Repository/1612893/45_Edit_TeamDescription/Page_Thanh set Channel name - hcmus-cdnc-te_a699a0/span_Save")): Object: 'Object Repository/1612893/45_Edit_TeamDescription/Page_Thanh set Channel name - hcmus-cdnc-te_a699a0/span_Save' is clicked on

2020-06-05 19:51:14 - [MESSAGE][PASSED] - Object: 'Object Repository/1612893/45_Edit_TeamDescription/Page_Thanh set Channel name - hcmus-cdnc-te_a699a0/span_Save' is clicked on

2020-06-05 19:51:14 - [TEST_STEP][PASSED] - click(findTestObject("Object Repository/1612893/45_Edit_TeamDescription/Page_Thanh set Channel name - hcmus-cdnc-te_a699a0/span_")): Object: 'Object Repository/1612893/45_Edit_TeamDescription/Page_Thanh set Channel name - hcmus-cdnc-te_a699a0/span_' is clicked on

2020-06-05 19:51:15 - [MESSAGE][PASSED] - Object: 'Object Repository/1612893/45_Edit_TeamDescription/Page_Thanh set Channel name - hcmus-cdnc-te_a699a0/span_' is clicked on

2020-06-05 19:51:15 - [TEST_STEP][PASSED] - closeBrowser(): Browser is closed

2020-06-05 19:51:16 - [MESSAGE][PASSED] - Browser is closed]]></system-out>
         <system-err><![CDATA[]]></system-err>
      </testcase>
      <testcase name="Test Cases/1612893/TC_45_Edit_TeamDescription" time="17.201" classname="Test Cases/1612893/TC_45_Edit_TeamDescription" status="PASSED">
         <system-out><![CDATA[2020-06-05 19:51:16 - [TEST_CASE][PASSED] - Test Cases/1612893/TC_45_Edit_TeamDescription: Test Cases/1612893/TC_45_Edit_TeamDescription

2020-06-05 19:51:16 - [TEST_STEP][PASSED] - openBrowser(""): Browser is opened with url: ''

2020-06-05 19:51:16 - [MESSAGE][INFO] - Starting 'Chrome' driver

2020-06-05 19:51:16 - [MESSAGE][INFO] - Action delay is set to 0 milliseconds

2020-06-05 19:51:19 - [MESSAGE][PASSED] - Browser is opened with url: ''

2020-06-05 19:51:19 - [TEST_STEP][PASSED] - navigateToUrl("http://localhost:8065/hcmus-cdnc-team/channels/town-square"): Navigate to 'http://localhost:8065/hcmus-cdnc-team/channels/town-square' successfully

2020-06-05 19:51:21 - [MESSAGE][PASSED] - Navigate to 'http://localhost:8065/hcmus-cdnc-team/channels/town-square' successfully

2020-06-05 19:51:21 - [TEST_STEP][PASSED] - setText(findTestObject("Object Repository/1612893/45_Edit_TeamDescription/Page_Mattermost/input_All team communication in one place s_703ef5"), "hcmus-cdnc@gmail.com"): Text 'hcmus-cdnc@gmail.com' is set on object 'Object Repository/1612893/45_Edit_TeamDescription/Page_Mattermost/input_All team communication in one place s_703ef5'

2020-06-05 19:51:23 - [MESSAGE][PASSED] - Text 'hcmus-cdnc@gmail.com' is set on object 'Object Repository/1612893/45_Edit_TeamDescription/Page_Mattermost/input_All team communication in one place s_703ef5'

2020-06-05 19:51:23 - [TEST_STEP][PASSED] - setEncryptedText(findTestObject("Object Repository/1612893/45_Edit_TeamDescription/Page_Mattermost/input_Please enter your password_password"), "aeHFOx8jV/A="): Text ****** has been set on object 'Object Repository/1612893/45_Edit_TeamDescription/Page_Mattermost/input_Please enter your password_password'

2020-06-05 19:51:24 - [MESSAGE][PASSED] - Text ****** has been set on object 'Object Repository/1612893/45_Edit_TeamDescription/Page_Mattermost/input_Please enter your password_password'

2020-06-05 19:51:24 - [TEST_STEP][PASSED] - sendKeys(findTestObject("Object Repository/1612893/45_Edit_TeamDescription/Page_Mattermost/input_Please enter your password_password"), Keys.chord(ENTER)): Keys 'ENTER + ' sent to object: 'Object Repository/1612893/45_Edit_TeamDescription/Page_Mattermost/input_Please enter your password_password'

2020-06-05 19:51:25 - [MESSAGE][PASSED] - Keys 'ENTER + ' sent to object: 'Object Repository/1612893/45_Edit_TeamDescription/Page_Mattermost/input_Please enter your password_password'

2020-06-05 19:51:25 - [TEST_STEP][PASSED] - click(findTestObject("Object Repository/1612893/45_Edit_TeamDescription/Page_Thanh set Channel name - hcmus-cdnc-te_a699a0/span")): Object: 'Object Repository/1612893/45_Edit_TeamDescription/Page_Thanh set Channel name - hcmus-cdnc-te_a699a0/span' is clicked on

2020-06-05 19:51:28 - [MESSAGE][PASSED] - Object: 'Object Repository/1612893/45_Edit_TeamDescription/Page_Thanh set Channel name - hcmus-cdnc-te_a699a0/span' is clicked on

2020-06-05 19:51:28 - [TEST_STEP][PASSED] - click(findTestObject("Object Repository/1612893/45_Edit_TeamDescription/Page_Thanh set Channel name - hcmus-cdnc-te_a699a0/span_Team Settings")): Object: 'Object Repository/1612893/45_Edit_TeamDescription/Page_Thanh set Channel name - hcmus-cdnc-te_a699a0/span_Team Settings' is clicked on

2020-06-05 19:51:29 - [MESSAGE][PASSED] - Object: 'Object Repository/1612893/45_Edit_TeamDescription/Page_Thanh set Channel name - hcmus-cdnc-te_a699a0/span_Team Settings' is clicked on

2020-06-05 19:51:29 - [TEST_STEP][PASSED] - click(findTestObject("Object Repository/1612893/45_Edit_TeamDescription/Page_Thanh set Channel name - hcmus-cdnc-te_a699a0/span_Edit")): Object: 'Object Repository/1612893/45_Edit_TeamDescription/Page_Thanh set Channel name - hcmus-cdnc-te_a699a0/span_Edit' is clicked on

2020-06-05 19:51:30 - [MESSAGE][PASSED] - Object: 'Object Repository/1612893/45_Edit_TeamDescription/Page_Thanh set Channel name - hcmus-cdnc-te_a699a0/span_Edit' is clicked on

2020-06-05 19:51:30 - [TEST_STEP][PASSED] - setText(findTestObject("Object Repository/1612893/45_Edit_TeamDescription/Page_Thanh set Channel name - hcmus-cdnc-te_a699a0/input_Team Description_teamDescription"), description): Text 'Nhóm Phát triển' is set on object 'Object Repository/1612893/45_Edit_TeamDescription/Page_Thanh set Channel name - hcmus-cdnc-te_a699a0/input_Team Description_teamDescription'

2020-06-05 19:51:31 - [MESSAGE][PASSED] - Text 'Nhóm Phát triển' is set on object 'Object Repository/1612893/45_Edit_TeamDescription/Page_Thanh set Channel name - hcmus-cdnc-te_a699a0/input_Team Description_teamDescription'

2020-06-05 19:51:31 - [TEST_STEP][PASSED] - click(findTestObject("Object Repository/1612893/45_Edit_TeamDescription/Page_Thanh set Channel name - hcmus-cdnc-te_a699a0/span_Save")): Object: 'Object Repository/1612893/45_Edit_TeamDescription/Page_Thanh set Channel name - hcmus-cdnc-te_a699a0/span_Save' is clicked on

2020-06-05 19:51:31 - [MESSAGE][PASSED] - Object: 'Object Repository/1612893/45_Edit_TeamDescription/Page_Thanh set Channel name - hcmus-cdnc-te_a699a0/span_Save' is clicked on

2020-06-05 19:51:31 - [TEST_STEP][PASSED] - click(findTestObject("Object Repository/1612893/45_Edit_TeamDescription/Page_Thanh set Channel name - hcmus-cdnc-te_a699a0/span_")): Object: 'Object Repository/1612893/45_Edit_TeamDescription/Page_Thanh set Channel name - hcmus-cdnc-te_a699a0/span_' is clicked on

2020-06-05 19:51:32 - [MESSAGE][PASSED] - Object: 'Object Repository/1612893/45_Edit_TeamDescription/Page_Thanh set Channel name - hcmus-cdnc-te_a699a0/span_' is clicked on

2020-06-05 19:51:32 - [TEST_STEP][PASSED] - closeBrowser(): Browser is closed

2020-06-05 19:51:33 - [MESSAGE][PASSED] - Browser is closed]]></system-out>
         <system-err><![CDATA[]]></system-err>
      </testcase>
      <testcase name="Test Cases/1612893/TC_45_Edit_TeamDescription" time="18.082" classname="Test Cases/1612893/TC_45_Edit_TeamDescription" status="PASSED">
         <system-out><![CDATA[2020-06-05 19:51:33 - [TEST_CASE][PASSED] - Test Cases/1612893/TC_45_Edit_TeamDescription: Test Cases/1612893/TC_45_Edit_TeamDescription

2020-06-05 19:51:33 - [TEST_STEP][PASSED] - openBrowser(""): Browser is opened with url: ''

2020-06-05 19:51:33 - [MESSAGE][INFO] - Starting 'Chrome' driver

2020-06-05 19:51:33 - [MESSAGE][INFO] - Action delay is set to 0 milliseconds

2020-06-05 19:51:37 - [MESSAGE][PASSED] - Browser is opened with url: ''

2020-06-05 19:51:37 - [TEST_STEP][PASSED] - navigateToUrl("http://localhost:8065/hcmus-cdnc-team/channels/town-square"): Navigate to 'http://localhost:8065/hcmus-cdnc-team/channels/town-square' successfully

2020-06-05 19:51:38 - [MESSAGE][PASSED] - Navigate to 'http://localhost:8065/hcmus-cdnc-team/channels/town-square' successfully

2020-06-05 19:51:38 - [TEST_STEP][PASSED] - setText(findTestObject("Object Repository/1612893/45_Edit_TeamDescription/Page_Mattermost/input_All team communication in one place s_703ef5"), "hcmus-cdnc@gmail.com"): Text 'hcmus-cdnc@gmail.com' is set on object 'Object Repository/1612893/45_Edit_TeamDescription/Page_Mattermost/input_All team communication in one place s_703ef5'

2020-06-05 19:51:41 - [MESSAGE][PASSED] - Text 'hcmus-cdnc@gmail.com' is set on object 'Object Repository/1612893/45_Edit_TeamDescription/Page_Mattermost/input_All team communication in one place s_703ef5'

2020-06-05 19:51:41 - [TEST_STEP][PASSED] - setEncryptedText(findTestObject("Object Repository/1612893/45_Edit_TeamDescription/Page_Mattermost/input_Please enter your password_password"), "aeHFOx8jV/A="): Text ****** has been set on object 'Object Repository/1612893/45_Edit_TeamDescription/Page_Mattermost/input_Please enter your password_password'

2020-06-05 19:51:42 - [MESSAGE][PASSED] - Text ****** has been set on object 'Object Repository/1612893/45_Edit_TeamDescription/Page_Mattermost/input_Please enter your password_password'

2020-06-05 19:51:42 - [TEST_STEP][PASSED] - sendKeys(findTestObject("Object Repository/1612893/45_Edit_TeamDescription/Page_Mattermost/input_Please enter your password_password"), Keys.chord(ENTER)): Keys 'ENTER + ' sent to object: 'Object Repository/1612893/45_Edit_TeamDescription/Page_Mattermost/input_Please enter your password_password'

2020-06-05 19:51:42 - [MESSAGE][PASSED] - Keys 'ENTER + ' sent to object: 'Object Repository/1612893/45_Edit_TeamDescription/Page_Mattermost/input_Please enter your password_password'

2020-06-05 19:51:42 - [TEST_STEP][PASSED] - click(findTestObject("Object Repository/1612893/45_Edit_TeamDescription/Page_Thanh set Channel name - hcmus-cdnc-te_a699a0/span")): Object: 'Object Repository/1612893/45_Edit_TeamDescription/Page_Thanh set Channel name - hcmus-cdnc-te_a699a0/span' is clicked on

2020-06-05 19:51:45 - [MESSAGE][PASSED] - Object: 'Object Repository/1612893/45_Edit_TeamDescription/Page_Thanh set Channel name - hcmus-cdnc-te_a699a0/span' is clicked on

2020-06-05 19:51:45 - [TEST_STEP][PASSED] - click(findTestObject("Object Repository/1612893/45_Edit_TeamDescription/Page_Thanh set Channel name - hcmus-cdnc-te_a699a0/span_Team Settings")): Object: 'Object Repository/1612893/45_Edit_TeamDescription/Page_Thanh set Channel name - hcmus-cdnc-te_a699a0/span_Team Settings' is clicked on

2020-06-05 19:51:47 - [MESSAGE][PASSED] - Object: 'Object Repository/1612893/45_Edit_TeamDescription/Page_Thanh set Channel name - hcmus-cdnc-te_a699a0/span_Team Settings' is clicked on

2020-06-05 19:51:47 - [TEST_STEP][PASSED] - click(findTestObject("Object Repository/1612893/45_Edit_TeamDescription/Page_Thanh set Channel name - hcmus-cdnc-te_a699a0/span_Edit")): Object: 'Object Repository/1612893/45_Edit_TeamDescription/Page_Thanh set Channel name - hcmus-cdnc-te_a699a0/span_Edit' is clicked on

2020-06-05 19:51:47 - [MESSAGE][PASSED] - Object: 'Object Repository/1612893/45_Edit_TeamDescription/Page_Thanh set Channel name - hcmus-cdnc-te_a699a0/span_Edit' is clicked on

2020-06-05 19:51:47 - [TEST_STEP][PASSED] - setText(findTestObject("Object Repository/1612893/45_Edit_TeamDescription/Page_Thanh set Channel name - hcmus-cdnc-te_a699a0/input_Team Description_teamDescription"), description): Text 'Nhóm quảng bá sản phẩm' is set on object 'Object Repository/1612893/45_Edit_TeamDescription/Page_Thanh set Channel name - hcmus-cdnc-te_a699a0/input_Team Description_teamDescription'

2020-06-05 19:51:49 - [MESSAGE][PASSED] - Text 'Nhóm quảng bá sản phẩm' is set on object 'Object Repository/1612893/45_Edit_TeamDescription/Page_Thanh set Channel name - hcmus-cdnc-te_a699a0/input_Team Description_teamDescription'

2020-06-05 19:51:49 - [TEST_STEP][PASSED] - click(findTestObject("Object Repository/1612893/45_Edit_TeamDescription/Page_Thanh set Channel name - hcmus-cdnc-te_a699a0/span_Save")): Object: 'Object Repository/1612893/45_Edit_TeamDescription/Page_Thanh set Channel name - hcmus-cdnc-te_a699a0/span_Save' is clicked on

2020-06-05 19:51:49 - [MESSAGE][PASSED] - Object: 'Object Repository/1612893/45_Edit_TeamDescription/Page_Thanh set Channel name - hcmus-cdnc-te_a699a0/span_Save' is clicked on

2020-06-05 19:51:49 - [TEST_STEP][PASSED] - click(findTestObject("Object Repository/1612893/45_Edit_TeamDescription/Page_Thanh set Channel name - hcmus-cdnc-te_a699a0/span_")): Object: 'Object Repository/1612893/45_Edit_TeamDescription/Page_Thanh set Channel name - hcmus-cdnc-te_a699a0/span_' is clicked on

2020-06-05 19:51:50 - [MESSAGE][PASSED] - Object: 'Object Repository/1612893/45_Edit_TeamDescription/Page_Thanh set Channel name - hcmus-cdnc-te_a699a0/span_' is clicked on

2020-06-05 19:51:50 - [TEST_STEP][PASSED] - closeBrowser(): Browser is closed

2020-06-05 19:51:51 - [MESSAGE][PASSED] - Browser is closed]]></system-out>
         <system-err><![CDATA[]]></system-err>
      </testcase>
      <testcase name="Test Cases/1612893/TC_45_Edit_TeamDescription" time="17.305" classname="Test Cases/1612893/TC_45_Edit_TeamDescription" status="PASSED">
         <system-out><![CDATA[2020-06-05 19:51:51 - [TEST_CASE][PASSED] - Test Cases/1612893/TC_45_Edit_TeamDescription: Test Cases/1612893/TC_45_Edit_TeamDescription

2020-06-05 19:51:51 - [TEST_STEP][PASSED] - openBrowser(""): Browser is opened with url: ''

2020-06-05 19:51:51 - [MESSAGE][INFO] - Starting 'Chrome' driver

2020-06-05 19:51:51 - [MESSAGE][INFO] - Action delay is set to 0 milliseconds

2020-06-05 19:51:54 - [MESSAGE][PASSED] - Browser is opened with url: ''

2020-06-05 19:51:54 - [TEST_STEP][PASSED] - navigateToUrl("http://localhost:8065/hcmus-cdnc-team/channels/town-square"): Navigate to 'http://localhost:8065/hcmus-cdnc-team/channels/town-square' successfully

2020-06-05 19:51:56 - [MESSAGE][PASSED] - Navigate to 'http://localhost:8065/hcmus-cdnc-team/channels/town-square' successfully

2020-06-05 19:51:56 - [TEST_STEP][PASSED] - setText(findTestObject("Object Repository/1612893/45_Edit_TeamDescription/Page_Mattermost/input_All team communication in one place s_703ef5"), "hcmus-cdnc@gmail.com"): Text 'hcmus-cdnc@gmail.com' is set on object 'Object Repository/1612893/45_Edit_TeamDescription/Page_Mattermost/input_All team communication in one place s_703ef5'

2020-06-05 19:51:58 - [MESSAGE][PASSED] - Text 'hcmus-cdnc@gmail.com' is set on object 'Object Repository/1612893/45_Edit_TeamDescription/Page_Mattermost/input_All team communication in one place s_703ef5'

2020-06-05 19:51:58 - [TEST_STEP][PASSED] - setEncryptedText(findTestObject("Object Repository/1612893/45_Edit_TeamDescription/Page_Mattermost/input_Please enter your password_password"), "aeHFOx8jV/A="): Text ****** has been set on object 'Object Repository/1612893/45_Edit_TeamDescription/Page_Mattermost/input_Please enter your password_password'

2020-06-05 19:51:59 - [MESSAGE][PASSED] - Text ****** has been set on object 'Object Repository/1612893/45_Edit_TeamDescription/Page_Mattermost/input_Please enter your password_password'

2020-06-05 19:51:59 - [TEST_STEP][PASSED] - sendKeys(findTestObject("Object Repository/1612893/45_Edit_TeamDescription/Page_Mattermost/input_Please enter your password_password"), Keys.chord(ENTER)): Keys 'ENTER + ' sent to object: 'Object Repository/1612893/45_Edit_TeamDescription/Page_Mattermost/input_Please enter your password_password'

2020-06-05 19:51:59 - [MESSAGE][PASSED] - Keys 'ENTER + ' sent to object: 'Object Repository/1612893/45_Edit_TeamDescription/Page_Mattermost/input_Please enter your password_password'

2020-06-05 19:51:59 - [TEST_STEP][PASSED] - click(findTestObject("Object Repository/1612893/45_Edit_TeamDescription/Page_Thanh set Channel name - hcmus-cdnc-te_a699a0/span")): Object: 'Object Repository/1612893/45_Edit_TeamDescription/Page_Thanh set Channel name - hcmus-cdnc-te_a699a0/span' is clicked on

2020-06-05 19:52:03 - [MESSAGE][PASSED] - Object: 'Object Repository/1612893/45_Edit_TeamDescription/Page_Thanh set Channel name - hcmus-cdnc-te_a699a0/span' is clicked on

2020-06-05 19:52:03 - [TEST_STEP][PASSED] - click(findTestObject("Object Repository/1612893/45_Edit_TeamDescription/Page_Thanh set Channel name - hcmus-cdnc-te_a699a0/span_Team Settings")): Object: 'Object Repository/1612893/45_Edit_TeamDescription/Page_Thanh set Channel name - hcmus-cdnc-te_a699a0/span_Team Settings' is clicked on

2020-06-05 19:52:04 - [MESSAGE][PASSED] - Object: 'Object Repository/1612893/45_Edit_TeamDescription/Page_Thanh set Channel name - hcmus-cdnc-te_a699a0/span_Team Settings' is clicked on

2020-06-05 19:52:04 - [TEST_STEP][PASSED] - click(findTestObject("Object Repository/1612893/45_Edit_TeamDescription/Page_Thanh set Channel name - hcmus-cdnc-te_a699a0/span_Edit")): Object: 'Object Repository/1612893/45_Edit_TeamDescription/Page_Thanh set Channel name - hcmus-cdnc-te_a699a0/span_Edit' is clicked on

2020-06-05 19:52:05 - [MESSAGE][PASSED] - Object: 'Object Repository/1612893/45_Edit_TeamDescription/Page_Thanh set Channel name - hcmus-cdnc-te_a699a0/span_Edit' is clicked on

2020-06-05 19:52:05 - [TEST_STEP][PASSED] - setText(findTestObject("Object Repository/1612893/45_Edit_TeamDescription/Page_Thanh set Channel name - hcmus-cdnc-te_a699a0/input_Team Description_teamDescription"), description): Text 'Nhóm thu thập yêu cầu' is set on object 'Object Repository/1612893/45_Edit_TeamDescription/Page_Thanh set Channel name - hcmus-cdnc-te_a699a0/input_Team Description_teamDescription'

2020-06-05 19:52:06 - [MESSAGE][PASSED] - Text 'Nhóm thu thập yêu cầu' is set on object 'Object Repository/1612893/45_Edit_TeamDescription/Page_Thanh set Channel name - hcmus-cdnc-te_a699a0/input_Team Description_teamDescription'

2020-06-05 19:52:06 - [TEST_STEP][PASSED] - click(findTestObject("Object Repository/1612893/45_Edit_TeamDescription/Page_Thanh set Channel name - hcmus-cdnc-te_a699a0/span_Save")): Object: 'Object Repository/1612893/45_Edit_TeamDescription/Page_Thanh set Channel name - hcmus-cdnc-te_a699a0/span_Save' is clicked on

2020-06-05 19:52:07 - [MESSAGE][PASSED] - Object: 'Object Repository/1612893/45_Edit_TeamDescription/Page_Thanh set Channel name - hcmus-cdnc-te_a699a0/span_Save' is clicked on

2020-06-05 19:52:07 - [TEST_STEP][PASSED] - click(findTestObject("Object Repository/1612893/45_Edit_TeamDescription/Page_Thanh set Channel name - hcmus-cdnc-te_a699a0/span_")): Object: 'Object Repository/1612893/45_Edit_TeamDescription/Page_Thanh set Channel name - hcmus-cdnc-te_a699a0/span_' is clicked on

2020-06-05 19:52:08 - [MESSAGE][PASSED] - Object: 'Object Repository/1612893/45_Edit_TeamDescription/Page_Thanh set Channel name - hcmus-cdnc-te_a699a0/span_' is clicked on

2020-06-05 19:52:08 - [TEST_STEP][PASSED] - closeBrowser(): Browser is closed

2020-06-05 19:52:08 - [MESSAGE][PASSED] - Browser is closed]]></system-out>
         <system-err><![CDATA[]]></system-err>
      </testcase>
      <testcase name="Test Cases/1612893/TC_45_Edit_TeamDescription" time="16.785" classname="Test Cases/1612893/TC_45_Edit_TeamDescription" status="PASSED">
         <system-out><![CDATA[2020-06-05 19:52:08 - [TEST_CASE][PASSED] - Test Cases/1612893/TC_45_Edit_TeamDescription: Test Cases/1612893/TC_45_Edit_TeamDescription

2020-06-05 19:52:08 - [TEST_STEP][PASSED] - openBrowser(""): Browser is opened with url: ''

2020-06-05 19:52:08 - [MESSAGE][INFO] - Starting 'Chrome' driver

2020-06-05 19:52:08 - [MESSAGE][INFO] - Action delay is set to 0 milliseconds

2020-06-05 19:52:12 - [MESSAGE][PASSED] - Browser is opened with url: ''

2020-06-05 19:52:12 - [TEST_STEP][PASSED] - navigateToUrl("http://localhost:8065/hcmus-cdnc-team/channels/town-square"): Navigate to 'http://localhost:8065/hcmus-cdnc-team/channels/town-square' successfully

2020-06-05 19:52:13 - [MESSAGE][PASSED] - Navigate to 'http://localhost:8065/hcmus-cdnc-team/channels/town-square' successfully

2020-06-05 19:52:13 - [TEST_STEP][PASSED] - setText(findTestObject("Object Repository/1612893/45_Edit_TeamDescription/Page_Mattermost/input_All team communication in one place s_703ef5"), "hcmus-cdnc@gmail.com"): Text 'hcmus-cdnc@gmail.com' is set on object 'Object Repository/1612893/45_Edit_TeamDescription/Page_Mattermost/input_All team communication in one place s_703ef5'

2020-06-05 19:52:15 - [MESSAGE][PASSED] - Text 'hcmus-cdnc@gmail.com' is set on object 'Object Repository/1612893/45_Edit_TeamDescription/Page_Mattermost/input_All team communication in one place s_703ef5'

2020-06-05 19:52:15 - [TEST_STEP][PASSED] - setEncryptedText(findTestObject("Object Repository/1612893/45_Edit_TeamDescription/Page_Mattermost/input_Please enter your password_password"), "aeHFOx8jV/A="): Text ****** has been set on object 'Object Repository/1612893/45_Edit_TeamDescription/Page_Mattermost/input_Please enter your password_password'

2020-06-05 19:52:16 - [MESSAGE][PASSED] - Text ****** has been set on object 'Object Repository/1612893/45_Edit_TeamDescription/Page_Mattermost/input_Please enter your password_password'

2020-06-05 19:52:16 - [TEST_STEP][PASSED] - sendKeys(findTestObject("Object Repository/1612893/45_Edit_TeamDescription/Page_Mattermost/input_Please enter your password_password"), Keys.chord(ENTER)): Keys 'ENTER + ' sent to object: 'Object Repository/1612893/45_Edit_TeamDescription/Page_Mattermost/input_Please enter your password_password'

2020-06-05 19:52:17 - [MESSAGE][PASSED] - Keys 'ENTER + ' sent to object: 'Object Repository/1612893/45_Edit_TeamDescription/Page_Mattermost/input_Please enter your password_password'

2020-06-05 19:52:17 - [TEST_STEP][PASSED] - click(findTestObject("Object Repository/1612893/45_Edit_TeamDescription/Page_Thanh set Channel name - hcmus-cdnc-te_a699a0/span")): Object: 'Object Repository/1612893/45_Edit_TeamDescription/Page_Thanh set Channel name - hcmus-cdnc-te_a699a0/span' is clicked on

2020-06-05 19:52:20 - [MESSAGE][PASSED] - Object: 'Object Repository/1612893/45_Edit_TeamDescription/Page_Thanh set Channel name - hcmus-cdnc-te_a699a0/span' is clicked on

2020-06-05 19:52:20 - [TEST_STEP][PASSED] - click(findTestObject("Object Repository/1612893/45_Edit_TeamDescription/Page_Thanh set Channel name - hcmus-cdnc-te_a699a0/span_Team Settings")): Object: 'Object Repository/1612893/45_Edit_TeamDescription/Page_Thanh set Channel name - hcmus-cdnc-te_a699a0/span_Team Settings' is clicked on

2020-06-05 19:52:21 - [MESSAGE][PASSED] - Object: 'Object Repository/1612893/45_Edit_TeamDescription/Page_Thanh set Channel name - hcmus-cdnc-te_a699a0/span_Team Settings' is clicked on

2020-06-05 19:52:21 - [TEST_STEP][PASSED] - click(findTestObject("Object Repository/1612893/45_Edit_TeamDescription/Page_Thanh set Channel name - hcmus-cdnc-te_a699a0/span_Edit")): Object: 'Object Repository/1612893/45_Edit_TeamDescription/Page_Thanh set Channel name - hcmus-cdnc-te_a699a0/span_Edit' is clicked on

2020-06-05 19:52:22 - [MESSAGE][PASSED] - Object: 'Object Repository/1612893/45_Edit_TeamDescription/Page_Thanh set Channel name - hcmus-cdnc-te_a699a0/span_Edit' is clicked on

2020-06-05 19:52:22 - [TEST_STEP][PASSED] - setText(findTestObject("Object Repository/1612893/45_Edit_TeamDescription/Page_Thanh set Channel name - hcmus-cdnc-te_a699a0/input_Team Description_teamDescription"), description): Text 'Nhóm đảm bảo chất lượng' is set on object 'Object Repository/1612893/45_Edit_TeamDescription/Page_Thanh set Channel name - hcmus-cdnc-te_a699a0/input_Team Description_teamDescription'

2020-06-05 19:52:23 - [MESSAGE][PASSED] - Text 'Nhóm đảm bảo chất lượng' is set on object 'Object Repository/1612893/45_Edit_TeamDescription/Page_Thanh set Channel name - hcmus-cdnc-te_a699a0/input_Team Description_teamDescription'

2020-06-05 19:52:23 - [TEST_STEP][PASSED] - click(findTestObject("Object Repository/1612893/45_Edit_TeamDescription/Page_Thanh set Channel name - hcmus-cdnc-te_a699a0/span_Save")): Object: 'Object Repository/1612893/45_Edit_TeamDescription/Page_Thanh set Channel name - hcmus-cdnc-te_a699a0/span_Save' is clicked on

2020-06-05 19:52:24 - [MESSAGE][PASSED] - Object: 'Object Repository/1612893/45_Edit_TeamDescription/Page_Thanh set Channel name - hcmus-cdnc-te_a699a0/span_Save' is clicked on

2020-06-05 19:52:24 - [TEST_STEP][PASSED] - click(findTestObject("Object Repository/1612893/45_Edit_TeamDescription/Page_Thanh set Channel name - hcmus-cdnc-te_a699a0/span_")): Object: 'Object Repository/1612893/45_Edit_TeamDescription/Page_Thanh set Channel name - hcmus-cdnc-te_a699a0/span_' is clicked on

2020-06-05 19:52:24 - [MESSAGE][PASSED] - Object: 'Object Repository/1612893/45_Edit_TeamDescription/Page_Thanh set Channel name - hcmus-cdnc-te_a699a0/span_' is clicked on

2020-06-05 19:52:24 - [TEST_STEP][PASSED] - closeBrowser(): Browser is closed

2020-06-05 19:52:25 - [MESSAGE][PASSED] - Browser is closed]]></system-out>
         <system-err><![CDATA[]]></system-err>
      </testcase>
      <testcase name="Test Cases/1612893/TC_46_ViewMember" time="15.932" classname="Test Cases/1612893/TC_46_ViewMember" status="PASSED">
         <system-out><![CDATA[2020-06-05 19:52:25 - [TEST_CASE][PASSED] - Test Cases/1612893/TC_46_ViewMember: Test Cases/1612893/TC_46_ViewMember

2020-06-05 19:52:25 - [TEST_STEP][PASSED] - callTestCase(findTestCase("1612893/TC_Login"), ["username":"hcmus-cdnc@gmail.com", "password":"aeHFOx8jV/A="], STOP_ON_FAILURE): Call Test Case 'Test Cases/1612893/TC_Login' successfully

2020-06-05 19:52:25 - [TEST_CASE][PASSED] - Test Cases/1612893/TC_Login: Test Cases/1612893/TC_Login

2020-06-05 19:52:26 - [TEST_STEP][PASSED] - openBrowser(""): Browser is opened with url: ''

2020-06-05 19:52:26 - [MESSAGE][INFO] - Starting 'Chrome' driver

2020-06-05 19:52:26 - [MESSAGE][INFO] - Action delay is set to 0 milliseconds

2020-06-05 19:52:29 - [MESSAGE][PASSED] - Browser is opened with url: ''

2020-06-05 19:52:29 - [TEST_STEP][PASSED] - navigateToUrl("http://localhost:8065/login"): Navigate to 'http://localhost:8065/login' successfully

2020-06-05 19:52:30 - [MESSAGE][PASSED] - Navigate to 'http://localhost:8065/login' successfully

2020-06-05 19:52:30 - [TEST_STEP][PASSED] - setText(findTestObject("Object Repository/1612427/01_Login/Page_Mattermost/input_All team communication in one place s_703ef5"), "hcmus-cdnc@gmail.com"): Text 'hcmus-cdnc@gmail.com' is set on object 'Object Repository/1612427/01_Login/Page_Mattermost/input_All team communication in one place s_703ef5'

2020-06-05 19:52:32 - [MESSAGE][PASSED] - Text 'hcmus-cdnc@gmail.com' is set on object 'Object Repository/1612427/01_Login/Page_Mattermost/input_All team communication in one place s_703ef5'

2020-06-05 19:52:32 - [TEST_STEP][PASSED] - setEncryptedText(findTestObject("Object Repository/1612427/01_Login/Page_Mattermost/input_All team communication in one place s_2f2733"), "aeHFOx8jV/A="): Text ****** has been set on object 'Object Repository/1612427/01_Login/Page_Mattermost/input_All team communication in one place s_2f2733'

2020-06-05 19:52:33 - [MESSAGE][PASSED] - Text ****** has been set on object 'Object Repository/1612427/01_Login/Page_Mattermost/input_All team communication in one place s_2f2733'

2020-06-05 19:52:33 - [TEST_STEP][PASSED] - click(findTestObject("Object Repository/1612427/01_Login/Page_Mattermost/span_Sign in")): Object: 'Object Repository/1612427/01_Login/Page_Mattermost/span_Sign in' is clicked on

2020-06-05 19:52:33 - [MESSAGE][PASSED] - Object: 'Object Repository/1612427/01_Login/Page_Mattermost/span_Sign in' is clicked on

2020-06-05 19:52:33 - [MESSAGE][PASSED] - Call Test Case 'Test Cases/1612893/TC_Login' successfully

2020-06-05 19:52:33 - [TEST_STEP][PASSED] - callTestCase(findTestCase("1612893/TC_ViewMember"), [:], STOP_ON_FAILURE): Call Test Case 'Test Cases/1612893/TC_ViewMember' successfully

2020-06-05 19:52:33 - [TEST_CASE][PASSED] - Test Cases/1612893/TC_ViewMember: Test Cases/1612893/TC_ViewMember

2020-06-05 19:52:34 - [TEST_STEP][PASSED] - click(findTestObject("Object Repository/1612893/ViewMember/Page_Thanh set Channel name - hcmus-cdnc-te_a699a0/span_Thanh set Channel name_channelHeaderDr_8caf36")): Object: 'Object Repository/1612893/ViewMember/Page_Thanh set Channel name - hcmus-cdnc-te_a699a0/span_Thanh set Channel name_channelHeaderDr_8caf36' is clicked on

2020-06-05 19:52:37 - [MESSAGE][PASSED] - Object: 'Object Repository/1612893/ViewMember/Page_Thanh set Channel name - hcmus-cdnc-te_a699a0/span_Thanh set Channel name_channelHeaderDr_8caf36' is clicked on

2020-06-05 19:52:37 - [TEST_STEP][PASSED] - click(findTestObject("Object Repository/1612893/ViewMember/Page_Thanh set Channel name - hcmus-cdnc-te_a699a0/span_View Members")): Object: 'Object Repository/1612893/ViewMember/Page_Thanh set Channel name - hcmus-cdnc-te_a699a0/span_View Members' is clicked on

2020-06-05 19:52:38 - [MESSAGE][PASSED] - Object: 'Object Repository/1612893/ViewMember/Page_Thanh set Channel name - hcmus-cdnc-te_a699a0/span_View Members' is clicked on

2020-06-05 19:52:38 - [TEST_STEP][PASSED] - click(findTestObject("Object Repository/1612893/ViewMember/Page_Thanh set Channel name - hcmus-cdnc-te_a699a0/span_")): Object: 'Object Repository/1612893/ViewMember/Page_Thanh set Channel name - hcmus-cdnc-te_a699a0/span_' is clicked on

2020-06-05 19:52:40 - [MESSAGE][PASSED] - Object: 'Object Repository/1612893/ViewMember/Page_Thanh set Channel name - hcmus-cdnc-te_a699a0/span_' is clicked on

2020-06-05 19:52:40 - [TEST_STEP][PASSED] - closeBrowser(): Browser is closed

2020-06-05 19:52:41 - [MESSAGE][PASSED] - Browser is closed

2020-06-05 19:52:41 - [MESSAGE][PASSED] - Call Test Case 'Test Cases/1612893/TC_ViewMember' successfully]]></system-out>
         <system-err><![CDATA[]]></system-err>
      </testcase>
      <testcase name="Test Cases/1612893/TC_47_FlaggedPost" time="13.289" classname="Test Cases/1612893/TC_47_FlaggedPost" status="PASSED">
         <system-out><![CDATA[2020-06-05 19:52:41 - [TEST_CASE][PASSED] - Test Cases/1612893/TC_47_FlaggedPost: Test Cases/1612893/TC_47_FlaggedPost

2020-06-05 19:52:41 - [TEST_STEP][PASSED] - callTestCase(findTestCase("1612893/TC_Login"), ["username":"hcmus-cdnc@gmail.com", "password":"aeHFOx8jV/A="], STOP_ON_FAILURE): Call Test Case 'Test Cases/1612893/TC_Login' successfully

2020-06-05 19:52:41 - [TEST_CASE][PASSED] - Test Cases/1612893/TC_Login: Test Cases/1612893/TC_Login

2020-06-05 19:52:41 - [TEST_STEP][PASSED] - openBrowser(""): Browser is opened with url: ''

2020-06-05 19:52:42 - [MESSAGE][INFO] - Starting 'Chrome' driver

2020-06-05 19:52:42 - [MESSAGE][INFO] - Action delay is set to 0 milliseconds

2020-06-05 19:52:45 - [MESSAGE][PASSED] - Browser is opened with url: ''

2020-06-05 19:52:45 - [TEST_STEP][PASSED] - navigateToUrl("http://localhost:8065/login"): Navigate to 'http://localhost:8065/login' successfully

2020-06-05 19:52:47 - [MESSAGE][PASSED] - Navigate to 'http://localhost:8065/login' successfully

2020-06-05 19:52:47 - [TEST_STEP][PASSED] - setText(findTestObject("Object Repository/1612427/01_Login/Page_Mattermost/input_All team communication in one place s_703ef5"), "hcmus-cdnc@gmail.com"): Text 'hcmus-cdnc@gmail.com' is set on object 'Object Repository/1612427/01_Login/Page_Mattermost/input_All team communication in one place s_703ef5'

2020-06-05 19:52:49 - [MESSAGE][PASSED] - Text 'hcmus-cdnc@gmail.com' is set on object 'Object Repository/1612427/01_Login/Page_Mattermost/input_All team communication in one place s_703ef5'

2020-06-05 19:52:49 - [TEST_STEP][PASSED] - setEncryptedText(findTestObject("Object Repository/1612427/01_Login/Page_Mattermost/input_All team communication in one place s_2f2733"), "aeHFOx8jV/A="): Text ****** has been set on object 'Object Repository/1612427/01_Login/Page_Mattermost/input_All team communication in one place s_2f2733'

2020-06-05 19:52:49 - [MESSAGE][PASSED] - Text ****** has been set on object 'Object Repository/1612427/01_Login/Page_Mattermost/input_All team communication in one place s_2f2733'

2020-06-05 19:52:49 - [TEST_STEP][PASSED] - click(findTestObject("Object Repository/1612427/01_Login/Page_Mattermost/span_Sign in")): Object: 'Object Repository/1612427/01_Login/Page_Mattermost/span_Sign in' is clicked on

2020-06-05 19:52:50 - [MESSAGE][PASSED] - Object: 'Object Repository/1612427/01_Login/Page_Mattermost/span_Sign in' is clicked on

2020-06-05 19:52:50 - [MESSAGE][PASSED] - Call Test Case 'Test Cases/1612893/TC_Login' successfully

2020-06-05 19:52:50 - [TEST_STEP][PASSED] - callTestCase(findTestCase("1612893/TC_Flagged_Post"), [:], STOP_ON_FAILURE): Call Test Case 'Test Cases/1612893/TC_Flagged_Post' successfully

2020-06-05 19:52:50 - [TEST_CASE][PASSED] - Test Cases/1612893/TC_Flagged_Post: Test Cases/1612893/TC_Flagged_Post

2020-06-05 19:52:50 - [TEST_STEP][PASSED] - click(findTestObject("Object Repository/1612893/Flagged_Post/Page_Thanh set Channel name - hcmus-cdnc-te_a699a0/button_dash_channelHeaderFlagButton")): Object: 'Object Repository/1612893/Flagged_Post/Page_Thanh set Channel name - hcmus-cdnc-te_a699a0/button_dash_channelHeaderFlagButton' is clicked on

2020-06-05 19:52:54 - [MESSAGE][PASSED] - Object: 'Object Repository/1612893/Flagged_Post/Page_Thanh set Channel name - hcmus-cdnc-te_a699a0/button_dash_channelHeaderFlagButton' is clicked on

2020-06-05 19:52:54 - [TEST_STEP][PASSED] - closeBrowser(): Browser is closed

2020-06-05 19:52:54 - [MESSAGE][PASSED] - Browser is closed

2020-06-05 19:52:54 - [MESSAGE][PASSED] - Call Test Case 'Test Cases/1612893/TC_Flagged_Post' successfully]]></system-out>
         <system-err><![CDATA[]]></system-err>
      </testcase>
      <testcase name="Test Cases/1612893/TC_48_ViewInfo" time="14.099" classname="Test Cases/1612893/TC_48_ViewInfo" status="PASSED">
         <system-out><![CDATA[2020-06-05 19:52:54 - [TEST_CASE][PASSED] - Test Cases/1612893/TC_48_ViewInfo: Test Cases/1612893/TC_48_ViewInfo

2020-06-05 19:52:55 - [TEST_STEP][PASSED] - callTestCase(findTestCase("1612893/TC_Login"), ["username":"hcmus-cdnc@gmail.com", "password":"aeHFOx8jV/A="], STOP_ON_FAILURE): Call Test Case 'Test Cases/1612893/TC_Login' successfully

2020-06-05 19:52:55 - [TEST_CASE][PASSED] - Test Cases/1612893/TC_Login: Test Cases/1612893/TC_Login

2020-06-05 19:52:55 - [TEST_STEP][PASSED] - openBrowser(""): Browser is opened with url: ''

2020-06-05 19:52:55 - [MESSAGE][INFO] - Starting 'Chrome' driver

2020-06-05 19:52:55 - [MESSAGE][INFO] - Action delay is set to 0 milliseconds

2020-06-05 19:52:58 - [MESSAGE][PASSED] - Browser is opened with url: ''

2020-06-05 19:52:58 - [TEST_STEP][PASSED] - navigateToUrl("http://localhost:8065/login"): Navigate to 'http://localhost:8065/login' successfully

2020-06-05 19:53:00 - [MESSAGE][PASSED] - Navigate to 'http://localhost:8065/login' successfully

2020-06-05 19:53:00 - [TEST_STEP][PASSED] - setText(findTestObject("Object Repository/1612427/01_Login/Page_Mattermost/input_All team communication in one place s_703ef5"), "hcmus-cdnc@gmail.com"): Text 'hcmus-cdnc@gmail.com' is set on object 'Object Repository/1612427/01_Login/Page_Mattermost/input_All team communication in one place s_703ef5'

2020-06-05 19:53:02 - [MESSAGE][PASSED] - Text 'hcmus-cdnc@gmail.com' is set on object 'Object Repository/1612427/01_Login/Page_Mattermost/input_All team communication in one place s_703ef5'

2020-06-05 19:53:02 - [TEST_STEP][PASSED] - setEncryptedText(findTestObject("Object Repository/1612427/01_Login/Page_Mattermost/input_All team communication in one place s_2f2733"), "aeHFOx8jV/A="): Text ****** has been set on object 'Object Repository/1612427/01_Login/Page_Mattermost/input_All team communication in one place s_2f2733'

2020-06-05 19:53:02 - [MESSAGE][PASSED] - Text ****** has been set on object 'Object Repository/1612427/01_Login/Page_Mattermost/input_All team communication in one place s_2f2733'

2020-06-05 19:53:02 - [TEST_STEP][PASSED] - click(findTestObject("Object Repository/1612427/01_Login/Page_Mattermost/span_Sign in")): Object: 'Object Repository/1612427/01_Login/Page_Mattermost/span_Sign in' is clicked on

2020-06-05 19:53:03 - [MESSAGE][PASSED] - Object: 'Object Repository/1612427/01_Login/Page_Mattermost/span_Sign in' is clicked on

2020-06-05 19:53:03 - [MESSAGE][PASSED] - Call Test Case 'Test Cases/1612893/TC_Login' successfully

2020-06-05 19:53:03 - [TEST_STEP][PASSED] - callTestCase(findTestCase("1612893/TC_ViewInfo"), [:], STOP_ON_FAILURE): Call Test Case 'Test Cases/1612893/TC_ViewInfo' successfully

2020-06-05 19:53:03 - [TEST_CASE][PASSED] - Test Cases/1612893/TC_ViewInfo: Test Cases/1612893/TC_ViewInfo

2020-06-05 19:53:03 - [TEST_STEP][PASSED] - click(findTestObject("1612893/ViewInfo/Page_Thanh set Channel name - hcmus-cdnc-te_a699a0/span_Thanh set Channel name_channelHeaderDr_8caf36")): Object: 'Object Repository/1612893/ViewInfo/Page_Thanh set Channel name - hcmus-cdnc-te_a699a0/span_Thanh set Channel name_channelHeaderDr_8caf36' is clicked on

2020-06-05 19:53:06 - [MESSAGE][PASSED] - Object: 'Object Repository/1612893/ViewInfo/Page_Thanh set Channel name - hcmus-cdnc-te_a699a0/span_Thanh set Channel name_channelHeaderDr_8caf36' is clicked on

2020-06-05 19:53:06 - [TEST_STEP][PASSED] - click(findTestObject("1612893/ViewInfo/Page_Thanh set Channel name - hcmus-cdnc-te_a699a0/span_View Info")): Object: 'Object Repository/1612893/ViewInfo/Page_Thanh set Channel name - hcmus-cdnc-te_a699a0/span_View Info' is clicked on

2020-06-05 19:53:07 - [MESSAGE][PASSED] - Object: 'Object Repository/1612893/ViewInfo/Page_Thanh set Channel name - hcmus-cdnc-te_a699a0/span_View Info' is clicked on

2020-06-05 19:53:07 - [TEST_STEP][PASSED] - click(findTestObject("1612893/ViewInfo/Page_Thanh set Channel name - hcmus-cdnc-te_a699a0/span_")): Object: 'Object Repository/1612893/ViewInfo/Page_Thanh set Channel name - hcmus-cdnc-te_a699a0/span_' is clicked on

2020-06-05 19:53:08 - [MESSAGE][PASSED] - Object: 'Object Repository/1612893/ViewInfo/Page_Thanh set Channel name - hcmus-cdnc-te_a699a0/span_' is clicked on

2020-06-05 19:53:08 - [TEST_STEP][PASSED] - closeBrowser(): Browser is closed

2020-06-05 19:53:09 - [MESSAGE][PASSED] - Browser is closed

2020-06-05 19:53:09 - [MESSAGE][PASSED] - Call Test Case 'Test Cases/1612893/TC_ViewInfo' successfully]]></system-out>
         <system-err><![CDATA[]]></system-err>
      </testcase>
      <testcase name="Test Cases/1612893/TC_49_PinPost" time="12.991" classname="Test Cases/1612893/TC_49_PinPost" status="PASSED">
         <system-out><![CDATA[2020-06-05 19:53:09 - [TEST_CASE][PASSED] - Test Cases/1612893/TC_49_PinPost: Test Cases/1612893/TC_49_PinPost

2020-06-05 19:53:09 - [TEST_STEP][PASSED] - callTestCase(findTestCase("1612893/TC_Login"), ["username":"hcmus-cdnc@gmail.com", "password":"aeHFOx8jV/A="], STOP_ON_FAILURE): Call Test Case 'Test Cases/1612893/TC_Login' successfully

2020-06-05 19:53:09 - [TEST_CASE][PASSED] - Test Cases/1612893/TC_Login: Test Cases/1612893/TC_Login

2020-06-05 19:53:09 - [TEST_STEP][PASSED] - openBrowser(""): Browser is opened with url: ''

2020-06-05 19:53:09 - [MESSAGE][INFO] - Starting 'Chrome' driver

2020-06-05 19:53:09 - [MESSAGE][INFO] - Action delay is set to 0 milliseconds

2020-06-05 19:53:12 - [MESSAGE][PASSED] - Browser is opened with url: ''

2020-06-05 19:53:12 - [TEST_STEP][PASSED] - navigateToUrl("http://localhost:8065/login"): Navigate to 'http://localhost:8065/login' successfully

2020-06-05 19:53:14 - [MESSAGE][PASSED] - Navigate to 'http://localhost:8065/login' successfully

2020-06-05 19:53:14 - [TEST_STEP][PASSED] - setText(findTestObject("Object Repository/1612427/01_Login/Page_Mattermost/input_All team communication in one place s_703ef5"), "hcmus-cdnc@gmail.com"): Text 'hcmus-cdnc@gmail.com' is set on object 'Object Repository/1612427/01_Login/Page_Mattermost/input_All team communication in one place s_703ef5'

2020-06-05 19:53:16 - [MESSAGE][PASSED] - Text 'hcmus-cdnc@gmail.com' is set on object 'Object Repository/1612427/01_Login/Page_Mattermost/input_All team communication in one place s_703ef5'

2020-06-05 19:53:16 - [TEST_STEP][PASSED] - setEncryptedText(findTestObject("Object Repository/1612427/01_Login/Page_Mattermost/input_All team communication in one place s_2f2733"), "aeHFOx8jV/A="): Text ****** has been set on object 'Object Repository/1612427/01_Login/Page_Mattermost/input_All team communication in one place s_2f2733'

2020-06-05 19:53:17 - [MESSAGE][PASSED] - Text ****** has been set on object 'Object Repository/1612427/01_Login/Page_Mattermost/input_All team communication in one place s_2f2733'

2020-06-05 19:53:17 - [TEST_STEP][PASSED] - click(findTestObject("Object Repository/1612427/01_Login/Page_Mattermost/span_Sign in")): Object: 'Object Repository/1612427/01_Login/Page_Mattermost/span_Sign in' is clicked on

2020-06-05 19:53:17 - [MESSAGE][PASSED] - Object: 'Object Repository/1612427/01_Login/Page_Mattermost/span_Sign in' is clicked on

2020-06-05 19:53:17 - [MESSAGE][PASSED] - Call Test Case 'Test Cases/1612893/TC_Login' successfully

2020-06-05 19:53:17 - [TEST_STEP][PASSED] - callTestCase(findTestCase("1612893/TC_PinPost"), [:], STOP_ON_FAILURE): Call Test Case 'Test Cases/1612893/TC_PinPost' successfully

2020-06-05 19:53:17 - [TEST_CASE][PASSED] - Test Cases/1612893/TC_PinPost: Test Cases/1612893/TC_PinPost

2020-06-05 19:53:18 - [TEST_STEP][PASSED] - click(findTestObject("Object Repository/1612893/PinPost/Page_Thanh set Channel name - hcmus-cdnc-te_a699a0/button_Thanh set Channel name_channelHeader_632246")): Object: 'Object Repository/1612893/PinPost/Page_Thanh set Channel name - hcmus-cdnc-te_a699a0/button_Thanh set Channel name_channelHeader_632246' is clicked on

2020-06-05 19:53:21 - [MESSAGE][PASSED] - Object: 'Object Repository/1612893/PinPost/Page_Thanh set Channel name - hcmus-cdnc-te_a699a0/button_Thanh set Channel name_channelHeader_632246' is clicked on

2020-06-05 19:53:21 - [TEST_STEP][PASSED] - closeBrowser(): Browser is closed

2020-06-05 19:53:22 - [MESSAGE][PASSED] - Browser is closed

2020-06-05 19:53:22 - [MESSAGE][PASSED] - Call Test Case 'Test Cases/1612893/TC_PinPost' successfully]]></system-out>
         <system-err><![CDATA[]]></system-err>
      </testcase>
      <testcase name="Test Cases/1612893/TC_50_AddToFavorite" time="12.572" classname="Test Cases/1612893/TC_50_AddToFavorite" status="PASSED">
         <system-out><![CDATA[2020-06-05 19:53:22 - [TEST_CASE][PASSED] - Test Cases/1612893/TC_50_AddToFavorite: Test Cases/1612893/TC_50_AddToFavorite

2020-06-05 19:53:22 - [TEST_STEP][PASSED] - callTestCase(findTestCase("1612893/TC_Login"), ["username":"hcmus-cdnc@gmail.com", "password":"aeHFOx8jV/A="], STOP_ON_FAILURE): Call Test Case 'Test Cases/1612893/TC_Login' successfully

2020-06-05 19:53:22 - [TEST_CASE][PASSED] - Test Cases/1612893/TC_Login: Test Cases/1612893/TC_Login

2020-06-05 19:53:22 - [TEST_STEP][PASSED] - openBrowser(""): Browser is opened with url: ''

2020-06-05 19:53:22 - [MESSAGE][INFO] - Starting 'Chrome' driver

2020-06-05 19:53:22 - [MESSAGE][INFO] - Action delay is set to 0 milliseconds

2020-06-05 19:53:25 - [MESSAGE][PASSED] - Browser is opened with url: ''

2020-06-05 19:53:25 - [TEST_STEP][PASSED] - navigateToUrl("http://localhost:8065/login"): Navigate to 'http://localhost:8065/login' successfully

2020-06-05 19:53:27 - [MESSAGE][PASSED] - Navigate to 'http://localhost:8065/login' successfully

2020-06-05 19:53:27 - [TEST_STEP][PASSED] - setText(findTestObject("Object Repository/1612427/01_Login/Page_Mattermost/input_All team communication in one place s_703ef5"), "hcmus-cdnc@gmail.com"): Text 'hcmus-cdnc@gmail.com' is set on object 'Object Repository/1612427/01_Login/Page_Mattermost/input_All team communication in one place s_703ef5'

2020-06-05 19:53:28 - [MESSAGE][PASSED] - Text 'hcmus-cdnc@gmail.com' is set on object 'Object Repository/1612427/01_Login/Page_Mattermost/input_All team communication in one place s_703ef5'

2020-06-05 19:53:28 - [TEST_STEP][PASSED] - setEncryptedText(findTestObject("Object Repository/1612427/01_Login/Page_Mattermost/input_All team communication in one place s_2f2733"), "aeHFOx8jV/A="): Text ****** has been set on object 'Object Repository/1612427/01_Login/Page_Mattermost/input_All team communication in one place s_2f2733'

2020-06-05 19:53:29 - [MESSAGE][PASSED] - Text ****** has been set on object 'Object Repository/1612427/01_Login/Page_Mattermost/input_All team communication in one place s_2f2733'

2020-06-05 19:53:29 - [TEST_STEP][PASSED] - click(findTestObject("Object Repository/1612427/01_Login/Page_Mattermost/span_Sign in")): Object: 'Object Repository/1612427/01_Login/Page_Mattermost/span_Sign in' is clicked on

2020-06-05 19:53:30 - [MESSAGE][PASSED] - Object: 'Object Repository/1612427/01_Login/Page_Mattermost/span_Sign in' is clicked on

2020-06-05 19:53:30 - [MESSAGE][PASSED] - Call Test Case 'Test Cases/1612893/TC_Login' successfully

2020-06-05 19:53:30 - [TEST_STEP][PASSED] - callTestCase(findTestCase("1612893/TC_AddToFavorite"), [:], STOP_ON_FAILURE): Call Test Case 'Test Cases/1612893/TC_AddToFavorite' successfully

2020-06-05 19:53:30 - [TEST_CASE][PASSED] - Test Cases/1612893/TC_AddToFavorite: Test Cases/1612893/TC_AddToFavorite

2020-06-05 19:53:30 - [TEST_STEP][PASSED] - click(findTestObject("Object Repository/1612893/AddToFavorite/Page_Thanh set Channel name - hcmus-cdnc-te_a699a0/i_Drop a file to upload it_icon fa fa-star-o")): Object: 'Object Repository/1612893/AddToFavorite/Page_Thanh set Channel name - hcmus-cdnc-te_a699a0/i_Drop a file to upload it_icon fa fa-star-o' is clicked on

2020-06-05 19:53:33 - [MESSAGE][PASSED] - Object: 'Object Repository/1612893/AddToFavorite/Page_Thanh set Channel name - hcmus-cdnc-te_a699a0/i_Drop a file to upload it_icon fa fa-star-o' is clicked on

2020-06-05 19:53:33 - [TEST_STEP][PASSED] - closeBrowser(): Browser is closed

2020-06-05 19:53:34 - [MESSAGE][PASSED] - Browser is closed

2020-06-05 19:53:34 - [MESSAGE][PASSED] - Call Test Case 'Test Cases/1612893/TC_AddToFavorite' successfully]]></system-out>
         <system-err><![CDATA[]]></system-err>
      </testcase>
      <system-out><![CDATA[2020-06-05 19:17:38 - [TEST_SUITE][FAILED] - Run all test cases: Test Cases/1612427/09_ChangeUserEmail FAILED.
Reason:
com.kms.katalon.core.exception.StepFailedException: Unable to click on object 'Object Repository/1612427/09_ChangeUserEmail/Page_System Console - Mattermost/input_Email_SystemUserDetail__input form-control'
	at com.kms.katalon.core.webui.keyword.internal.WebUIKeywordMain.stepFailed(WebUIKeywordMain.groovy:64)
	at com.kms.katalon.core.webui.keyword.internal.WebUIKeywordMain.runKeyword(WebUIKeywordMain.groovy:26)
	at com.kms.katalon.core.webui.keyword.builtin.ClickKeyword.click(ClickKeyword.groovy:76)
	at com.kms.katalon.core.webui.keyword.builtin.ClickKeyword.execute(ClickKeyword.groovy:43)
	at com.kms.katalon.core.keyword.internal.KeywordExecutor.executeKeywordForPlatform(KeywordExecutor.groovy:72)
	at com.kms.katalon.core.webui.keyword.WebUiBuiltInKeywords.click(WebUiBuiltInKeywords.groovy:616)
	at com.kms.katalon.core.webui.keyword.WebUiBuiltInKeywords$click$3.call(Unknown Source)
	at 09_ChangeUserEmail.run(09_ChangeUserEmail:40)
	at com.kms.katalon.core.main.ScriptEngine.run(ScriptEngine.java:194)
	at com.kms.katalon.core.main.ScriptEngine.runScriptAsRawText(ScriptEngine.java:119)
	at com.kms.katalon.core.main.TestCaseExecutor.runScript(TestCaseExecutor.java:337)
	at com.kms.katalon.core.main.TestCaseExecutor.doExecute(TestCaseExecutor.java:328)
	at com.kms.katalon.core.main.TestCaseExecutor.processExecutionPhase(TestCaseExecutor.java:307)
	at com.kms.katalon.core.main.TestCaseExecutor.accessMainPhase(TestCaseExecutor.java:299)
	at com.kms.katalon.core.main.TestCaseExecutor.execute(TestCaseExecutor.java:233)
	at com.kms.katalon.core.main.TestSuiteExecutor.accessTestCaseMainPhase(TestSuiteExecutor.java:169)
	at com.kms.katalon.core.main.TestSuiteExecutor.accessTestSuiteMainPhase(TestSuiteExecutor.java:142)
	at com.kms.katalon.core.main.TestSuiteExecutor.execute(TestSuiteExecutor.java:91)
	at com.kms.katalon.core.main.TestCaseMain.startTestSuite(TestCaseMain.java:157)
	at com.kms.katalon.core.main.TestCaseMain$startTestSuite$0.call(Unknown Source)
	at TempTestSuite1591359445937.run(TempTestSuite1591359445937.groovy:37)
Caused by: com.kms.katalon.core.webui.exception.WebElementNotFoundException: Web element with id: 'Object Repository/1612427/09_ChangeUserEmail/Page_System Console - Mattermost/input_Email_SystemUserDetail__input form-control' located by 'By.xpath: //input[@value='xxx@email.com']' not found
	at com.kms.katalon.core.webui.common.WebUiCommonHelper.findWebElement(WebUiCommonHelper.java:1154)
	at com.kms.katalon.core.webui.keyword.internal.WebUIAbstractKeyword.findWebElement(WebUIAbstractKeyword.groovy:27)
	at com.kms.katalon.core.webui.keyword.internal.WebUIAbstractKeyword.findWebElement(WebUIAbstractKeyword.groovy:26)
	at com.kms.katalon.core.webui.keyword.builtin.ClickKeyword$_click_closure1.doCall(ClickKeyword.groovy:67)
	at com.kms.katalon.core.webui.keyword.builtin.ClickKeyword$_click_closure1.call(ClickKeyword.groovy)
	at com.kms.katalon.core.webui.keyword.internal.WebUIKeywordMain.runKeyword(WebUIKeywordMain.groovy:20)
	... 19 more]]></system-out>
      <system-err><![CDATA[2020-06-05 19:17:38 - [TEST_SUITE][FAILED] - Run all test cases: Test Cases/1612427/09_ChangeUserEmail FAILED.
Reason:
com.kms.katalon.core.exception.StepFailedException: Unable to click on object 'Object Repository/1612427/09_ChangeUserEmail/Page_System Console - Mattermost/input_Email_SystemUserDetail__input form-control'
	at com.kms.katalon.core.webui.keyword.internal.WebUIKeywordMain.stepFailed(WebUIKeywordMain.groovy:64)
	at com.kms.katalon.core.webui.keyword.internal.WebUIKeywordMain.runKeyword(WebUIKeywordMain.groovy:26)
	at com.kms.katalon.core.webui.keyword.builtin.ClickKeyword.click(ClickKeyword.groovy:76)
	at com.kms.katalon.core.webui.keyword.builtin.ClickKeyword.execute(ClickKeyword.groovy:43)
	at com.kms.katalon.core.keyword.internal.KeywordExecutor.executeKeywordForPlatform(KeywordExecutor.groovy:72)
	at com.kms.katalon.core.webui.keyword.WebUiBuiltInKeywords.click(WebUiBuiltInKeywords.groovy:616)
	at com.kms.katalon.core.webui.keyword.WebUiBuiltInKeywords$click$3.call(Unknown Source)
	at 09_ChangeUserEmail.run(09_ChangeUserEmail:40)
	at com.kms.katalon.core.main.ScriptEngine.run(ScriptEngine.java:194)
	at com.kms.katalon.core.main.ScriptEngine.runScriptAsRawText(ScriptEngine.java:119)
	at com.kms.katalon.core.main.TestCaseExecutor.runScript(TestCaseExecutor.java:337)
	at com.kms.katalon.core.main.TestCaseExecutor.doExecute(TestCaseExecutor.java:328)
	at com.kms.katalon.core.main.TestCaseExecutor.processExecutionPhase(TestCaseExecutor.java:307)
	at com.kms.katalon.core.main.TestCaseExecutor.accessMainPhase(TestCaseExecutor.java:299)
	at com.kms.katalon.core.main.TestCaseExecutor.execute(TestCaseExecutor.java:233)
	at com.kms.katalon.core.main.TestSuiteExecutor.accessTestCaseMainPhase(TestSuiteExecutor.java:169)
	at com.kms.katalon.core.main.TestSuiteExecutor.accessTestSuiteMainPhase(TestSuiteExecutor.java:142)
	at com.kms.katalon.core.main.TestSuiteExecutor.execute(TestSuiteExecutor.java:91)
	at com.kms.katalon.core.main.TestCaseMain.startTestSuite(TestCaseMain.java:157)
	at com.kms.katalon.core.main.TestCaseMain$startTestSuite$0.call(Unknown Source)
	at TempTestSuite1591359445937.run(TempTestSuite1591359445937.groovy:37)
Caused by: com.kms.katalon.core.webui.exception.WebElementNotFoundException: Web element with id: 'Object Repository/1612427/09_ChangeUserEmail/Page_System Console - Mattermost/input_Email_SystemUserDetail__input form-control' located by 'By.xpath: //input[@value='xxx@email.com']' not found
	at com.kms.katalon.core.webui.common.WebUiCommonHelper.findWebElement(WebUiCommonHelper.java:1154)
	at com.kms.katalon.core.webui.keyword.internal.WebUIAbstractKeyword.findWebElement(WebUIAbstractKeyword.groovy:27)
	at com.kms.katalon.core.webui.keyword.internal.WebUIAbstractKeyword.findWebElement(WebUIAbstractKeyword.groovy:26)
	at com.kms.katalon.core.webui.keyword.builtin.ClickKeyword$_click_closure1.doCall(ClickKeyword.groovy:67)
	at com.kms.katalon.core.webui.keyword.builtin.ClickKeyword$_click_closure1.call(ClickKeyword.groovy)
	at com.kms.katalon.core.webui.keyword.internal.WebUIKeywordMain.runKeyword(WebUIKeywordMain.groovy:20)
	... 19 more]]></system-err>
   </testsuite>
</testsuites>
