<?xml version="1.0" encoding="UTF-8"?>
<testsuites name="Run all test cases" time="2309.686" tests="129" failures="19" errors="0">
   <testsuite name="Run all test cases" tests="129" failures="19" errors="0" time="2309.686" timestamp="2020-06-05 13:09:56" hostname="Thanh - DESKTOP-SGC4F2H.mshome.net" id="Test Suites/Run all test cases">
      <properties>
         <property name="deviceName" value=""/>
         <property name="devicePlatform" value=""/>
         <property name="logFolder" value="C:\\Users\\Thanh\\Desktop\\github.com\\New folder (2)\\homeword02-mattermost-katalon\\Reports\\20200605_130946\\Run all test cases\\20200605_130946"/>
         <property name="logFiles" value="C:\\Users\\Thanh\\Desktop\\github.com\\New folder (2)\\homeword02-mattermost-katalon\\Reports\\20200605_130946\\Run all test cases\\20200605_130946\\execution0.log"/>
         <property name="attachments" value="C:\\Users\\Thanh\\Desktop\\github.com\\New folder (2)\\homeword02-mattermost-katalon\\Reports\\20200605_130946\\Run all test cases\\20200605_130946\\1591337463002.png, C:\\Users\\Thanh\\Desktop\\github.com\\New folder (2)\\homeword02-mattermost-katalon\\Reports\\20200605_130946\\Run all test cases\\20200605_130946\\1591338224019.png, C:\\Users\\Thanh\\Desktop\\github.com\\New folder (2)\\homeword02-mattermost-katalon\\Reports\\20200605_130946\\Run all test cases\\20200605_130946\\1591338410973.png, C:\\Users\\Thanh\\Desktop\\github.com\\New folder (2)\\homeword02-mattermost-katalon\\Reports\\20200605_130946\\Run all test cases\\20200605_130946\\1591338469073.png, C:\\Users\\Thanh\\Desktop\\github.com\\New folder (2)\\homeword02-mattermost-katalon\\Reports\\20200605_130946\\Run all test cases\\20200605_130946\\1591338545773.png, C:\\Users\\Thanh\\Desktop\\github.com\\New folder (2)\\homeword02-mattermost-katalon\\Reports\\20200605_130946\\Run all test cases\\20200605_130946\\1591338590249.png"/>
         <property name="hostName" value="Thanh - DESKTOP-SGC4F2H.mshome.net"/>
         <property name="os" value="Windows 10 64bit"/>
         <property name="katalonVersion" value="7.5.2.1"/>
         <property name="browser" value="Chrome 83.0.4103.97"/>
         <property name="hostAddress" value="172.25.32.1"/>
         <property name="sessionId" value="3760b4c14d10d1a46d4225862285caed"/>
         <property name="seleniumVersion" value="3.141.59"/>
         <property name="proxyInformation" value="ProxyInformation { proxyOption=NO_PROXY, proxyServerType=HTTP, username=, password=********, proxyServerAddress=, proxyServerPort=0, executionList=\&quot;\&quot;, isApplyToDesiredCapabilities=true }"/>
         <property name="platform" value="Windows 10"/>
      </properties>
      <testcase name="Test Cases/1612427/01_Login" time="14.605" classname="Test Cases/1612427/01_Login" status="PASSED">
         <system-out><![CDATA[2020-06-05 13:09:56 - [TEST_CASE][PASSED] - Test Cases/1612427/01_Login: Test Cases/1612427/01_Login

2020-06-05 13:09:57 - [TEST_STEP][PASSED] - openBrowser(""): Browser is opened with url: ''

2020-06-05 13:09:58 - [MESSAGE][INFO] - Starting 'Chrome' driver

2020-06-05 13:09:58 - [MESSAGE][INFO] - Action delay is set to 0 milliseconds

2020-06-05 13:10:04 - [MESSAGE][PASSED] - Browser is opened with url: ''

2020-06-05 13:10:04 - [TEST_STEP][PASSED] - navigateToUrl("http://localhost:8065/login"): Navigate to 'http://localhost:8065/login' successfully

2020-06-05 13:10:06 - [MESSAGE][PASSED] - Navigate to 'http://localhost:8065/login' successfully

2020-06-05 13:10:06 - [TEST_STEP][PASSED] - setText(findTestObject("Object Repository/1612427/01_Login/Page_Mattermost/input_All team communication in one place s_703ef5"), username): Text 'hcmus-cdnc' is set on object 'Object Repository/1612427/01_Login/Page_Mattermost/input_All team communication in one place s_703ef5'

2020-06-05 13:10:08 - [MESSAGE][PASSED] - Text 'hcmus-cdnc' is set on object 'Object Repository/1612427/01_Login/Page_Mattermost/input_All team communication in one place s_703ef5'

2020-06-05 13:10:08 - [TEST_STEP][PASSED] - setEncryptedText(findTestObject("Object Repository/1612427/01_Login/Page_Mattermost/input_All team communication in one place s_2f2733"), password): Text ****** has been set on object 'Object Repository/1612427/01_Login/Page_Mattermost/input_All team communication in one place s_2f2733'

2020-06-05 13:10:09 - [MESSAGE][PASSED] - Text ****** has been set on object 'Object Repository/1612427/01_Login/Page_Mattermost/input_All team communication in one place s_2f2733'

2020-06-05 13:10:09 - [TEST_STEP][PASSED] - click(findTestObject("Object Repository/1612427/01_Login/Page_Mattermost/span_Sign in")): Object: 'Object Repository/1612427/01_Login/Page_Mattermost/span_Sign in' is clicked on

2020-06-05 13:10:10 - [MESSAGE][PASSED] - Object: 'Object Repository/1612427/01_Login/Page_Mattermost/span_Sign in' is clicked on

2020-06-05 13:10:10 - [TEST_STEP][PASSED] - closeBrowser(): Browser is closed

2020-06-05 13:10:11 - [MESSAGE][PASSED] - Browser is closed]]></system-out>
         <system-err><![CDATA[]]></system-err>
      </testcase>
      <testcase name="Test Cases/1612427/01_Login" time="9.217" classname="Test Cases/1612427/01_Login" status="PASSED">
         <system-out><![CDATA[2020-06-05 13:10:11 - [TEST_CASE][PASSED] - Test Cases/1612427/01_Login: Test Cases/1612427/01_Login

2020-06-05 13:10:11 - [TEST_STEP][PASSED] - openBrowser(""): Browser is opened with url: ''

2020-06-05 13:10:11 - [MESSAGE][INFO] - Starting 'Chrome' driver

2020-06-05 13:10:11 - [MESSAGE][INFO] - Action delay is set to 0 milliseconds

2020-06-05 13:10:15 - [MESSAGE][PASSED] - Browser is opened with url: ''

2020-06-05 13:10:15 - [TEST_STEP][PASSED] - navigateToUrl("http://localhost:8065/login"): Navigate to 'http://localhost:8065/login' successfully

2020-06-05 13:10:16 - [MESSAGE][PASSED] - Navigate to 'http://localhost:8065/login' successfully

2020-06-05 13:10:16 - [TEST_STEP][PASSED] - setText(findTestObject("Object Repository/1612427/01_Login/Page_Mattermost/input_All team communication in one place s_703ef5"), username): Text 'hoangthien' is set on object 'Object Repository/1612427/01_Login/Page_Mattermost/input_All team communication in one place s_703ef5'

2020-06-05 13:10:18 - [MESSAGE][PASSED] - Text 'hoangthien' is set on object 'Object Repository/1612427/01_Login/Page_Mattermost/input_All team communication in one place s_703ef5'

2020-06-05 13:10:18 - [TEST_STEP][PASSED] - setEncryptedText(findTestObject("Object Repository/1612427/01_Login/Page_Mattermost/input_All team communication in one place s_2f2733"), password): Text ****** has been set on object 'Object Repository/1612427/01_Login/Page_Mattermost/input_All team communication in one place s_2f2733'

2020-06-05 13:10:19 - [MESSAGE][PASSED] - Text ****** has been set on object 'Object Repository/1612427/01_Login/Page_Mattermost/input_All team communication in one place s_2f2733'

2020-06-05 13:10:19 - [TEST_STEP][PASSED] - click(findTestObject("Object Repository/1612427/01_Login/Page_Mattermost/span_Sign in")): Object: 'Object Repository/1612427/01_Login/Page_Mattermost/span_Sign in' is clicked on

2020-06-05 13:10:20 - [MESSAGE][PASSED] - Object: 'Object Repository/1612427/01_Login/Page_Mattermost/span_Sign in' is clicked on

2020-06-05 13:10:20 - [TEST_STEP][PASSED] - closeBrowser(): Browser is closed

2020-06-05 13:10:20 - [MESSAGE][PASSED] - Browser is closed]]></system-out>
         <system-err><![CDATA[]]></system-err>
      </testcase>
      <testcase name="Test Cases/1612427/01_Login" time="9.218" classname="Test Cases/1612427/01_Login" status="PASSED">
         <system-out><![CDATA[2020-06-05 13:10:20 - [TEST_CASE][PASSED] - Test Cases/1612427/01_Login: Test Cases/1612427/01_Login

2020-06-05 13:10:20 - [TEST_STEP][PASSED] - openBrowser(""): Browser is opened with url: ''

2020-06-05 13:10:20 - [MESSAGE][INFO] - Starting 'Chrome' driver

2020-06-05 13:10:20 - [MESSAGE][INFO] - Action delay is set to 0 milliseconds

2020-06-05 13:10:24 - [MESSAGE][PASSED] - Browser is opened with url: ''

2020-06-05 13:10:24 - [TEST_STEP][PASSED] - navigateToUrl("http://localhost:8065/login"): Navigate to 'http://localhost:8065/login' successfully

2020-06-05 13:10:25 - [MESSAGE][PASSED] - Navigate to 'http://localhost:8065/login' successfully

2020-06-05 13:10:25 - [TEST_STEP][PASSED] - setText(findTestObject("Object Repository/1612427/01_Login/Page_Mattermost/input_All team communication in one place s_703ef5"), username): Text 'hcmus-cdnc' is set on object 'Object Repository/1612427/01_Login/Page_Mattermost/input_All team communication in one place s_703ef5'

2020-06-05 13:10:28 - [MESSAGE][PASSED] - Text 'hcmus-cdnc' is set on object 'Object Repository/1612427/01_Login/Page_Mattermost/input_All team communication in one place s_703ef5'

2020-06-05 13:10:28 - [TEST_STEP][PASSED] - setEncryptedText(findTestObject("Object Repository/1612427/01_Login/Page_Mattermost/input_All team communication in one place s_2f2733"), password): Text ****** has been set on object 'Object Repository/1612427/01_Login/Page_Mattermost/input_All team communication in one place s_2f2733'

2020-06-05 13:10:28 - [MESSAGE][PASSED] - Text ****** has been set on object 'Object Repository/1612427/01_Login/Page_Mattermost/input_All team communication in one place s_2f2733'

2020-06-05 13:10:28 - [TEST_STEP][PASSED] - click(findTestObject("Object Repository/1612427/01_Login/Page_Mattermost/span_Sign in")): Object: 'Object Repository/1612427/01_Login/Page_Mattermost/span_Sign in' is clicked on

2020-06-05 13:10:29 - [MESSAGE][PASSED] - Object: 'Object Repository/1612427/01_Login/Page_Mattermost/span_Sign in' is clicked on

2020-06-05 13:10:29 - [TEST_STEP][PASSED] - closeBrowser(): Browser is closed

2020-06-05 13:10:30 - [MESSAGE][PASSED] - Browser is closed]]></system-out>
         <system-err><![CDATA[]]></system-err>
      </testcase>
      <testcase name="Test Cases/1612427/01_Login" time="9.067" classname="Test Cases/1612427/01_Login" status="PASSED">
         <system-out><![CDATA[2020-06-05 13:10:30 - [TEST_CASE][PASSED] - Test Cases/1612427/01_Login: Test Cases/1612427/01_Login

2020-06-05 13:10:30 - [TEST_STEP][PASSED] - openBrowser(""): Browser is opened with url: ''

2020-06-05 13:10:30 - [MESSAGE][INFO] - Starting 'Chrome' driver

2020-06-05 13:10:30 - [MESSAGE][INFO] - Action delay is set to 0 milliseconds

2020-06-05 13:10:33 - [MESSAGE][PASSED] - Browser is opened with url: ''

2020-06-05 13:10:33 - [TEST_STEP][PASSED] - navigateToUrl("http://localhost:8065/login"): Navigate to 'http://localhost:8065/login' successfully

2020-06-05 13:10:35 - [MESSAGE][PASSED] - Navigate to 'http://localhost:8065/login' successfully

2020-06-05 13:10:35 - [TEST_STEP][PASSED] - setText(findTestObject("Object Repository/1612427/01_Login/Page_Mattermost/input_All team communication in one place s_703ef5"), username): Text 'ductruyen' is set on object 'Object Repository/1612427/01_Login/Page_Mattermost/input_All team communication in one place s_703ef5'

2020-06-05 13:10:37 - [MESSAGE][PASSED] - Text 'ductruyen' is set on object 'Object Repository/1612427/01_Login/Page_Mattermost/input_All team communication in one place s_703ef5'

2020-06-05 13:10:37 - [TEST_STEP][PASSED] - setEncryptedText(findTestObject("Object Repository/1612427/01_Login/Page_Mattermost/input_All team communication in one place s_2f2733"), password): Text ****** has been set on object 'Object Repository/1612427/01_Login/Page_Mattermost/input_All team communication in one place s_2f2733'

2020-06-05 13:10:37 - [MESSAGE][PASSED] - Text ****** has been set on object 'Object Repository/1612427/01_Login/Page_Mattermost/input_All team communication in one place s_2f2733'

2020-06-05 13:10:37 - [TEST_STEP][PASSED] - click(findTestObject("Object Repository/1612427/01_Login/Page_Mattermost/span_Sign in")): Object: 'Object Repository/1612427/01_Login/Page_Mattermost/span_Sign in' is clicked on

2020-06-05 13:10:38 - [MESSAGE][PASSED] - Object: 'Object Repository/1612427/01_Login/Page_Mattermost/span_Sign in' is clicked on

2020-06-05 13:10:38 - [TEST_STEP][PASSED] - closeBrowser(): Browser is closed

2020-06-05 13:10:39 - [MESSAGE][PASSED] - Browser is closed]]></system-out>
         <system-err><![CDATA[]]></system-err>
      </testcase>
      <testcase name="Test Cases/1612427/01_Login" time="9.97" classname="Test Cases/1612427/01_Login" status="PASSED">
         <system-out><![CDATA[2020-06-05 13:10:39 - [TEST_CASE][PASSED] - Test Cases/1612427/01_Login: Test Cases/1612427/01_Login

2020-06-05 13:10:39 - [TEST_STEP][PASSED] - openBrowser(""): Browser is opened with url: ''

2020-06-05 13:10:39 - [MESSAGE][INFO] - Starting 'Chrome' driver

2020-06-05 13:10:39 - [MESSAGE][INFO] - Action delay is set to 0 milliseconds

2020-06-05 13:10:42 - [MESSAGE][PASSED] - Browser is opened with url: ''

2020-06-05 13:10:42 - [TEST_STEP][PASSED] - navigateToUrl("http://localhost:8065/login"): Navigate to 'http://localhost:8065/login' successfully

2020-06-05 13:10:44 - [MESSAGE][PASSED] - Navigate to 'http://localhost:8065/login' successfully

2020-06-05 13:10:44 - [TEST_STEP][PASSED] - setText(findTestObject("Object Repository/1612427/01_Login/Page_Mattermost/input_All team communication in one place s_703ef5"), username): Text 'hcmus-cdnc' is set on object 'Object Repository/1612427/01_Login/Page_Mattermost/input_All team communication in one place s_703ef5'

2020-06-05 13:10:46 - [MESSAGE][PASSED] - Text 'hcmus-cdnc' is set on object 'Object Repository/1612427/01_Login/Page_Mattermost/input_All team communication in one place s_703ef5'

2020-06-05 13:10:46 - [TEST_STEP][PASSED] - setEncryptedText(findTestObject("Object Repository/1612427/01_Login/Page_Mattermost/input_All team communication in one place s_2f2733"), password): Text ****** has been set on object 'Object Repository/1612427/01_Login/Page_Mattermost/input_All team communication in one place s_2f2733'

2020-06-05 13:10:47 - [MESSAGE][PASSED] - Text ****** has been set on object 'Object Repository/1612427/01_Login/Page_Mattermost/input_All team communication in one place s_2f2733'

2020-06-05 13:10:47 - [TEST_STEP][PASSED] - click(findTestObject("Object Repository/1612427/01_Login/Page_Mattermost/span_Sign in")): Object: 'Object Repository/1612427/01_Login/Page_Mattermost/span_Sign in' is clicked on

2020-06-05 13:10:47 - [MESSAGE][PASSED] - Object: 'Object Repository/1612427/01_Login/Page_Mattermost/span_Sign in' is clicked on

2020-06-05 13:10:47 - [TEST_STEP][PASSED] - closeBrowser(): Browser is closed

2020-06-05 13:10:49 - [MESSAGE][PASSED] - Browser is closed]]></system-out>
         <system-err><![CDATA[]]></system-err>
      </testcase>
      <testcase name="Test Cases/1612427/02_ChangePassword" time="14.049" classname="Test Cases/1612427/02_ChangePassword" status="FAILED">
         <failure type="FAILED" message="Test Cases/1612427/02_ChangePassword FAILED.
Reason:
com.kms.katalon.core.exception.StepFailedException: Unable to click on object 'Object Repository/1612427/02_ChangePassword/Page_Town Square - minus Mattermost/span'
	at com.kms.katalon.core.webui.keyword.internal.WebUIKeywordMain.stepFailed(WebUIKeywordMain.groovy:64)
	at com.kms.katalon.core.webui.keyword.internal.WebUIKeywordMain.runKeyword(WebUIKeywordMain.groovy:26)
	at com.kms.katalon.core.webui.keyword.builtin.ClickKeyword.click(ClickKeyword.groovy:76)
	at com.kms.katalon.core.webui.keyword.builtin.ClickKeyword.execute(ClickKeyword.groovy:43)
	at com.kms.katalon.core.keyword.internal.KeywordExecutor.executeKeywordForPlatform(KeywordExecutor.groovy:72)
	at com.kms.katalon.core.webui.keyword.WebUiBuiltInKeywords.click(WebUiBuiltInKeywords.groovy:616)
	at com.kms.katalon.core.webui.keyword.WebUiBuiltInKeywords$click$3.call(Unknown Source)
	at 02_ChangePassword.run(02_ChangePassword:31)
	at com.kms.katalon.core.main.ScriptEngine.run(ScriptEngine.java:194)
	at com.kms.katalon.core.main.ScriptEngine.runScriptAsRawText(ScriptEngine.java:119)
	at com.kms.katalon.core.main.TestCaseExecutor.runScript(TestCaseExecutor.java:337)
	at com.kms.katalon.core.main.TestCaseExecutor.doExecute(TestCaseExecutor.java:328)
	at com.kms.katalon.core.main.TestCaseExecutor.processExecutionPhase(TestCaseExecutor.java:307)
	at com.kms.katalon.core.main.TestCaseExecutor.accessMainPhase(TestCaseExecutor.java:299)
	at com.kms.katalon.core.main.TestCaseExecutor.execute(TestCaseExecutor.java:233)
	at com.kms.katalon.core.main.TestSuiteExecutor.accessTestCaseMainPhase(TestSuiteExecutor.java:169)
	at com.kms.katalon.core.main.TestSuiteExecutor.accessTestSuiteMainPhase(TestSuiteExecutor.java:142)
	at com.kms.katalon.core.main.TestSuiteExecutor.execute(TestSuiteExecutor.java:91)
	at com.kms.katalon.core.main.TestCaseMain.startTestSuite(TestCaseMain.java:157)
	at com.kms.katalon.core.main.TestCaseMain$startTestSuite$0.call(Unknown Source)
	at TempTestSuite1591337386301.run(TempTestSuite1591337386301.groovy:37)
Caused by: org.openqa.selenium.ElementNotInteractableException: element not interactable
  (Session info: chrome=83.0.4103.97)
Build info: version: '3.141.59', revision: 'e82be7d358', time: '2018-11-14T08:25:53'
System info: host: 'DESKTOP-SGC4F2H', ip: '172.25.32.1', os.name: 'Windows 10', os.arch: 'amd64', os.version: '10.0', java.version: '1.8.0_181'
Driver info: com.kms.katalon.selenium.driver.CChromeDriver
Capabilities {acceptInsecureCerts: false, browserName: chrome, browserVersion: 83.0.4103.97, chrome: {chromedriverVersion: 83.0.4103.39 (ccbf011cb2d2b..., userDataDir: C:\Users\Thanh\AppData\Loca...}, goog:chromeOptions: {debuggerAddress: localhost:61406}, javascriptEnabled: true, networkConnectionEnabled: false, pageLoadStrategy: normal, platform: WINDOWS, platformName: WINDOWS, proxy: Proxy(), setWindowRect: true, strictFileInteractability: false, timeouts: {implicit: 0, pageLoad: 300000, script: 30000}, unhandledPromptBehavior: dismiss and notify, webauthn:virtualAuthenticators: true}
Session ID: a4fd9cc46d9508b174c61c03d1cac1d1
	at org.openqa.selenium.remote.http.W3CHttpResponseCodec.createException(W3CHttpResponseCodec.java:187)
	at org.openqa.selenium.remote.http.W3CHttpResponseCodec.decode(W3CHttpResponseCodec.java:122)
	at org.openqa.selenium.remote.http.W3CHttpResponseCodec.decode(W3CHttpResponseCodec.java:49)
	at org.openqa.selenium.remote.HttpCommandExecutor.execute(HttpCommandExecutor.java:158)
	at org.openqa.selenium.remote.service.DriverCommandExecutor.execute(DriverCommandExecutor.java:83)
	at org.openqa.selenium.remote.RemoteWebDriver.execute(RemoteWebDriver.java:552)
	at com.kms.katalon.selenium.driver.CChromeDriver.execute(CChromeDriver.java:19)
	at org.openqa.selenium.remote.RemoteWebElement.execute(RemoteWebElement.java:285)
	at org.openqa.selenium.remote.RemoteWebElement.click(RemoteWebElement.java:84)
	at org.openqa.selenium.support.events.EventFiringWebDriver$EventFiringWebElement.lambda$new$0(EventFiringWebDriver.java:404)
	at com.sun.proxy.$Proxy9.click(Unknown Source)
	at org.openqa.selenium.support.events.EventFiringWebDriver$EventFiringWebElement.click(EventFiringWebDriver.java:417)
	at com.kms.katalon.core.webui.keyword.builtin.ClickKeyword$_click_closure1.doCall(ClickKeyword.groovy:69)
	at com.kms.katalon.core.webui.keyword.builtin.ClickKeyword$_click_closure1.call(ClickKeyword.groovy)
	at com.kms.katalon.core.webui.keyword.internal.WebUIKeywordMain.runKeyword(WebUIKeywordMain.groovy:20)
	... 19 more
"/>
         <system-out><![CDATA[2020-06-05 13:10:49 - [TEST_CASE][FAILED] - Test Cases/1612427/02_ChangePassword: Test Cases/1612427/02_ChangePassword FAILED.
Reason:
com.kms.katalon.core.exception.StepFailedException: Unable to click on object 'Object Repository/1612427/02_ChangePassword/Page_Town Square - minus Mattermost/span'
	at com.kms.katalon.core.webui.keyword.internal.WebUIKeywordMain.stepFailed(WebUIKeywordMain.groovy:64)
	at com.kms.katalon.core.webui.keyword.internal.WebUIKeywordMain.runKeyword(WebUIKeywordMain.groovy:26)
	at com.kms.katalon.core.webui.keyword.builtin.ClickKeyword.click(ClickKeyword.groovy:76)
	at com.kms.katalon.core.webui.keyword.builtin.ClickKeyword.execute(ClickKeyword.groovy:43)
	at com.kms.katalon.core.keyword.internal.KeywordExecutor.executeKeywordForPlatform(KeywordExecutor.groovy:72)
	at com.kms.katalon.core.webui.keyword.WebUiBuiltInKeywords.click(WebUiBuiltInKeywords.groovy:616)
	at com.kms.katalon.core.webui.keyword.WebUiBuiltInKeywords$click$3.call(Unknown Source)
	at 02_ChangePassword.run(02_ChangePassword:31)
	at com.kms.katalon.core.main.ScriptEngine.run(ScriptEngine.java:194)
	at com.kms.katalon.core.main.ScriptEngine.runScriptAsRawText(ScriptEngine.java:119)
	at com.kms.katalon.core.main.TestCaseExecutor.runScript(TestCaseExecutor.java:337)
	at com.kms.katalon.core.main.TestCaseExecutor.doExecute(TestCaseExecutor.java:328)
	at com.kms.katalon.core.main.TestCaseExecutor.processExecutionPhase(TestCaseExecutor.java:307)
	at com.kms.katalon.core.main.TestCaseExecutor.accessMainPhase(TestCaseExecutor.java:299)
	at com.kms.katalon.core.main.TestCaseExecutor.execute(TestCaseExecutor.java:233)
	at com.kms.katalon.core.main.TestSuiteExecutor.accessTestCaseMainPhase(TestSuiteExecutor.java:169)
	at com.kms.katalon.core.main.TestSuiteExecutor.accessTestSuiteMainPhase(TestSuiteExecutor.java:142)
	at com.kms.katalon.core.main.TestSuiteExecutor.execute(TestSuiteExecutor.java:91)
	at com.kms.katalon.core.main.TestCaseMain.startTestSuite(TestCaseMain.java:157)
	at com.kms.katalon.core.main.TestCaseMain$startTestSuite$0.call(Unknown Source)
	at TempTestSuite1591337386301.run(TempTestSuite1591337386301.groovy:37)
Caused by: org.openqa.selenium.ElementNotInteractableException: element not interactable
  (Session info: chrome=83.0.4103.97)
Build info: version: '3.141.59', revision: 'e82be7d358', time: '2018-11-14T08:25:53'
System info: host: 'DESKTOP-SGC4F2H', ip: '172.25.32.1', os.name: 'Windows 10', os.arch: 'amd64', os.version: '10.0', java.version: '1.8.0_181'
Driver info: com.kms.katalon.selenium.driver.CChromeDriver
Capabilities {acceptInsecureCerts: false, browserName: chrome, browserVersion: 83.0.4103.97, chrome: {chromedriverVersion: 83.0.4103.39 (ccbf011cb2d2b..., userDataDir: C:\Users\Thanh\AppData\Loca...}, goog:chromeOptions: {debuggerAddress: localhost:61406}, javascriptEnabled: true, networkConnectionEnabled: false, pageLoadStrategy: normal, platform: WINDOWS, platformName: WINDOWS, proxy: Proxy(), setWindowRect: true, strictFileInteractability: false, timeouts: {implicit: 0, pageLoad: 300000, script: 30000}, unhandledPromptBehavior: dismiss and notify, webauthn:virtualAuthenticators: true}
Session ID: a4fd9cc46d9508b174c61c03d1cac1d1
	at org.openqa.selenium.remote.http.W3CHttpResponseCodec.createException(W3CHttpResponseCodec.java:187)
	at org.openqa.selenium.remote.http.W3CHttpResponseCodec.decode(W3CHttpResponseCodec.java:122)
	at org.openqa.selenium.remote.http.W3CHttpResponseCodec.decode(W3CHttpResponseCodec.java:49)
	at org.openqa.selenium.remote.HttpCommandExecutor.execute(HttpCommandExecutor.java:158)
	at org.openqa.selenium.remote.service.DriverCommandExecutor.execute(DriverCommandExecutor.java:83)
	at org.openqa.selenium.remote.RemoteWebDriver.execute(RemoteWebDriver.java:552)
	at com.kms.katalon.selenium.driver.CChromeDriver.execute(CChromeDriver.java:19)
	at org.openqa.selenium.remote.RemoteWebElement.execute(RemoteWebElement.java:285)
	at org.openqa.selenium.remote.RemoteWebElement.click(RemoteWebElement.java:84)
	at org.openqa.selenium.support.events.EventFiringWebDriver$EventFiringWebElement.lambda$new$0(EventFiringWebDriver.java:404)
	at com.sun.proxy.$Proxy9.click(Unknown Source)
	at org.openqa.selenium.support.events.EventFiringWebDriver$EventFiringWebElement.click(EventFiringWebDriver.java:417)
	at com.kms.katalon.core.webui.keyword.builtin.ClickKeyword$_click_closure1.doCall(ClickKeyword.groovy:69)
	at com.kms.katalon.core.webui.keyword.builtin.ClickKeyword$_click_closure1.call(ClickKeyword.groovy)
	at com.kms.katalon.core.webui.keyword.internal.WebUIKeywordMain.runKeyword(WebUIKeywordMain.groovy:20)
	... 19 more


2020-06-05 13:10:49 - [TEST_STEP][PASSED] - openBrowser(""): Browser is opened with url: ''

2020-06-05 13:10:49 - [MESSAGE][INFO] - Starting 'Chrome' driver

2020-06-05 13:10:49 - [MESSAGE][INFO] - Action delay is set to 0 milliseconds

2020-06-05 13:10:53 - [MESSAGE][PASSED] - Browser is opened with url: ''

2020-06-05 13:10:53 - [TEST_STEP][PASSED] - navigateToUrl("http://localhost:8065/login"): Navigate to 'http://localhost:8065/login' successfully

2020-06-05 13:10:54 - [MESSAGE][PASSED] - Navigate to 'http://localhost:8065/login' successfully

2020-06-05 13:10:54 - [TEST_STEP][PASSED] - setText(findTestObject("Object Repository/1612427/02_ChangePassword/Page_Mattermost/input_All team communication in one place s_703ef5"), "hcmus-cdnc"): Text 'hcmus-cdnc' is set on object 'Object Repository/1612427/02_ChangePassword/Page_Mattermost/input_All team communication in one place s_703ef5'

2020-06-05 13:10:57 - [MESSAGE][PASSED] - Text 'hcmus-cdnc' is set on object 'Object Repository/1612427/02_ChangePassword/Page_Mattermost/input_All team communication in one place s_703ef5'

2020-06-05 13:10:57 - [TEST_STEP][PASSED] - setEncryptedText(findTestObject("Object Repository/1612427/02_ChangePassword/Page_Mattermost/input_All team communication in one place s_2f2733"), "aeHFOx8jV/A="): Text ****** has been set on object 'Object Repository/1612427/02_ChangePassword/Page_Mattermost/input_All team communication in one place s_2f2733'

2020-06-05 13:10:57 - [MESSAGE][PASSED] - Text ****** has been set on object 'Object Repository/1612427/02_ChangePassword/Page_Mattermost/input_All team communication in one place s_2f2733'

2020-06-05 13:10:57 - [TEST_STEP][PASSED] - click(findTestObject("Object Repository/1612427/02_ChangePassword/Page_Mattermost/span_Sign in")): Object: 'Object Repository/1612427/02_ChangePassword/Page_Mattermost/span_Sign in' is clicked on

2020-06-05 13:10:58 - [MESSAGE][PASSED] - Object: 'Object Repository/1612427/02_ChangePassword/Page_Mattermost/span_Sign in' is clicked on

2020-06-05 13:10:58 - [TEST_STEP][FAILED] - click(findTestObject("Object Repository/1612427/02_ChangePassword/Page_Town Square - minus Mattermost/span")): Unable to click on object 'Object Repository/1612427/02_ChangePassword/Page_Town Square - minus Mattermost/span' (Root cause: com.kms.katalon.core.exception.StepFailedException: Unable to click on object 'Object Repository/1612427/02_ChangePassword/Page_Town Square - minus Mattermost/span'
	at com.kms.katalon.core.webui.keyword.internal.WebUIKeywordMain.stepFailed(WebUIKeywordMain.groovy:64)
	at com.kms.katalon.core.webui.keyword.internal.WebUIKeywordMain.runKeyword(WebUIKeywordMain.groovy:26)
	at com.kms.katalon.core.webui.keyword.builtin.ClickKeyword.click(ClickKeyword.groovy:76)
	at com.kms.katalon.core.webui.keyword.builtin.ClickKeyword.execute(ClickKeyword.groovy:43)
	at com.kms.katalon.core.keyword.internal.KeywordExecutor.executeKeywordForPlatform(KeywordExecutor.groovy:72)
	at com.kms.katalon.core.webui.keyword.WebUiBuiltInKeywords.click(WebUiBuiltInKeywords.groovy:616)
	at com.kms.katalon.core.webui.keyword.WebUiBuiltInKeywords$click$3.call(Unknown Source)
	at 02_ChangePassword.run(02_ChangePassword:31)
	at com.kms.katalon.core.main.ScriptEngine.run(ScriptEngine.java:194)
	at com.kms.katalon.core.main.ScriptEngine.runScriptAsRawText(ScriptEngine.java:119)
	at com.kms.katalon.core.main.TestCaseExecutor.runScript(TestCaseExecutor.java:337)
	at com.kms.katalon.core.main.TestCaseExecutor.doExecute(TestCaseExecutor.java:328)
	at com.kms.katalon.core.main.TestCaseExecutor.processExecutionPhase(TestCaseExecutor.java:307)
	at com.kms.katalon.core.main.TestCaseExecutor.accessMainPhase(TestCaseExecutor.java:299)
	at com.kms.katalon.core.main.TestCaseExecutor.execute(TestCaseExecutor.java:233)
	at com.kms.katalon.core.main.TestSuiteExecutor.accessTestCaseMainPhase(TestSuiteExecutor.java:169)
	at com.kms.katalon.core.main.TestSuiteExecutor.accessTestSuiteMainPhase(TestSuiteExecutor.java:142)
	at com.kms.katalon.core.main.TestSuiteExecutor.execute(TestSuiteExecutor.java:91)
	at com.kms.katalon.core.main.TestCaseMain.startTestSuite(TestCaseMain.java:157)
	at com.kms.katalon.core.main.TestCaseMain$startTestSuite$0.call(Unknown Source)
	at TempTestSuite1591337386301.run(TempTestSuite1591337386301.groovy:37)
Caused by: org.openqa.selenium.ElementNotInteractableException: element not interactable
  (Session info: chrome=83.0.4103.97)
Build info: version: '3.141.59', revision: 'e82be7d358', time: '2018-11-14T08:25:53'
System info: host: 'DESKTOP-SGC4F2H', ip: '172.25.32.1', os.name: 'Windows 10', os.arch: 'amd64', os.version: '10.0', java.version: '1.8.0_181'
Driver info: com.kms.katalon.selenium.driver.CChromeDriver
Capabilities {acceptInsecureCerts: false, browserName: chrome, browserVersion: 83.0.4103.97, chrome: {chromedriverVersion: 83.0.4103.39 (ccbf011cb2d2b..., userDataDir: C:\Users\Thanh\AppData\Loca...}, goog:chromeOptions: {debuggerAddress: localhost:61406}, javascriptEnabled: true, networkConnectionEnabled: false, pageLoadStrategy: normal, platform: WINDOWS, platformName: WINDOWS, proxy: Proxy(), setWindowRect: true, strictFileInteractability: false, timeouts: {implicit: 0, pageLoad: 300000, script: 30000}, unhandledPromptBehavior: dismiss and notify, webauthn:virtualAuthenticators: true}
Session ID: a4fd9cc46d9508b174c61c03d1cac1d1
	at org.openqa.selenium.remote.http.W3CHttpResponseCodec.createException(W3CHttpResponseCodec.java:187)
	at org.openqa.selenium.remote.http.W3CHttpResponseCodec.decode(W3CHttpResponseCodec.java:122)
	at org.openqa.selenium.remote.http.W3CHttpResponseCodec.decode(W3CHttpResponseCodec.java:49)
	at org.openqa.selenium.remote.HttpCommandExecutor.execute(HttpCommandExecutor.java:158)
	at org.openqa.selenium.remote.service.DriverCommandExecutor.execute(DriverCommandExecutor.java:83)
	at org.openqa.selenium.remote.RemoteWebDriver.execute(RemoteWebDriver.java:552)
	at com.kms.katalon.selenium.driver.CChromeDriver.execute(CChromeDriver.java:19)
	at org.openqa.selenium.remote.RemoteWebElement.execute(RemoteWebElement.java:285)
	at org.openqa.selenium.remote.RemoteWebElement.click(RemoteWebElement.java:84)
	at org.openqa.selenium.support.events.EventFiringWebDriver$EventFiringWebElement.lambda$new$0(EventFiringWebDriver.java:404)
	at com.sun.proxy.$Proxy9.click(Unknown Source)
	at org.openqa.selenium.support.events.EventFiringWebDriver$EventFiringWebElement.click(EventFiringWebDriver.java:417)
	at com.kms.katalon.core.webui.keyword.builtin.ClickKeyword$_click_closure1.doCall(ClickKeyword.groovy:69)
	at com.kms.katalon.core.webui.keyword.builtin.ClickKeyword$_click_closure1.call(ClickKeyword.groovy)
	at com.kms.katalon.core.webui.keyword.internal.WebUIKeywordMain.runKeyword(WebUIKeywordMain.groovy:20)
	at com.kms.katalon.core.webui.keyword.builtin.ClickKeyword.click(ClickKeyword.groovy:76)
	at com.kms.katalon.core.webui.keyword.builtin.ClickKeyword.execute(ClickKeyword.groovy:43)
	at com.kms.katalon.core.keyword.internal.KeywordExecutor.executeKeywordForPlatform(KeywordExecutor.groovy:72)
	at com.kms.katalon.core.webui.keyword.WebUiBuiltInKeywords.click(WebUiBuiltInKeywords.groovy:616)
	at com.kms.katalon.core.webui.keyword.WebUiBuiltInKeywords$click$3.call(Unknown Source)
	at Script1591092800879.run(Script1591092800879.groovy:31)
	... 13 more
)

2020-06-05 13:11:03 - [MESSAGE][FAILED] - Unable to click on object 'Object Repository/1612427/02_ChangePassword/Page_Town Square - minus Mattermost/span' (Root cause: com.kms.katalon.core.exception.StepFailedException: Unable to click on object 'Object Repository/1612427/02_ChangePassword/Page_Town Square - minus Mattermost/span'
	at com.kms.katalon.core.webui.keyword.internal.WebUIKeywordMain.stepFailed(WebUIKeywordMain.groovy:64)
	at com.kms.katalon.core.webui.keyword.internal.WebUIKeywordMain.runKeyword(WebUIKeywordMain.groovy:26)
	at com.kms.katalon.core.webui.keyword.builtin.ClickKeyword.click(ClickKeyword.groovy:76)
	at com.kms.katalon.core.webui.keyword.builtin.ClickKeyword.execute(ClickKeyword.groovy:43)
	at com.kms.katalon.core.keyword.internal.KeywordExecutor.executeKeywordForPlatform(KeywordExecutor.groovy:72)
	at com.kms.katalon.core.webui.keyword.WebUiBuiltInKeywords.click(WebUiBuiltInKeywords.groovy:616)
	at com.kms.katalon.core.webui.keyword.WebUiBuiltInKeywords$click$3.call(Unknown Source)
	at 02_ChangePassword.run(02_ChangePassword:31)
	at com.kms.katalon.core.main.ScriptEngine.run(ScriptEngine.java:194)
	at com.kms.katalon.core.main.ScriptEngine.runScriptAsRawText(ScriptEngine.java:119)
	at com.kms.katalon.core.main.TestCaseExecutor.runScript(TestCaseExecutor.java:337)
	at com.kms.katalon.core.main.TestCaseExecutor.doExecute(TestCaseExecutor.java:328)
	at com.kms.katalon.core.main.TestCaseExecutor.processExecutionPhase(TestCaseExecutor.java:307)
	at com.kms.katalon.core.main.TestCaseExecutor.accessMainPhase(TestCaseExecutor.java:299)
	at com.kms.katalon.core.main.TestCaseExecutor.execute(TestCaseExecutor.java:233)
	at com.kms.katalon.core.main.TestSuiteExecutor.accessTestCaseMainPhase(TestSuiteExecutor.java:169)
	at com.kms.katalon.core.main.TestSuiteExecutor.accessTestSuiteMainPhase(TestSuiteExecutor.java:142)
	at com.kms.katalon.core.main.TestSuiteExecutor.execute(TestSuiteExecutor.java:91)
	at com.kms.katalon.core.main.TestCaseMain.startTestSuite(TestCaseMain.java:157)
	at com.kms.katalon.core.main.TestCaseMain$startTestSuite$0.call(Unknown Source)
	at TempTestSuite1591337386301.run(TempTestSuite1591337386301.groovy:37)
Caused by: org.openqa.selenium.ElementNotInteractableException: element not interactable
  (Session info: chrome=83.0.4103.97)
Build info: version: '3.141.59', revision: 'e82be7d358', time: '2018-11-14T08:25:53'
System info: host: 'DESKTOP-SGC4F2H', ip: '172.25.32.1', os.name: 'Windows 10', os.arch: 'amd64', os.version: '10.0', java.version: '1.8.0_181'
Driver info: com.kms.katalon.selenium.driver.CChromeDriver
Capabilities {acceptInsecureCerts: false, browserName: chrome, browserVersion: 83.0.4103.97, chrome: {chromedriverVersion: 83.0.4103.39 (ccbf011cb2d2b..., userDataDir: C:\Users\Thanh\AppData\Loca...}, goog:chromeOptions: {debuggerAddress: localhost:61406}, javascriptEnabled: true, networkConnectionEnabled: false, pageLoadStrategy: normal, platform: WINDOWS, platformName: WINDOWS, proxy: Proxy(), setWindowRect: true, strictFileInteractability: false, timeouts: {implicit: 0, pageLoad: 300000, script: 30000}, unhandledPromptBehavior: dismiss and notify, webauthn:virtualAuthenticators: true}
Session ID: a4fd9cc46d9508b174c61c03d1cac1d1
	at org.openqa.selenium.remote.http.W3CHttpResponseCodec.createException(W3CHttpResponseCodec.java:187)
	at org.openqa.selenium.remote.http.W3CHttpResponseCodec.decode(W3CHttpResponseCodec.java:122)
	at org.openqa.selenium.remote.http.W3CHttpResponseCodec.decode(W3CHttpResponseCodec.java:49)
	at org.openqa.selenium.remote.HttpCommandExecutor.execute(HttpCommandExecutor.java:158)
	at org.openqa.selenium.remote.service.DriverCommandExecutor.execute(DriverCommandExecutor.java:83)
	at org.openqa.selenium.remote.RemoteWebDriver.execute(RemoteWebDriver.java:552)
	at com.kms.katalon.selenium.driver.CChromeDriver.execute(CChromeDriver.java:19)
	at org.openqa.selenium.remote.RemoteWebElement.execute(RemoteWebElement.java:285)
	at org.openqa.selenium.remote.RemoteWebElement.click(RemoteWebElement.java:84)
	at org.openqa.selenium.support.events.EventFiringWebDriver$EventFiringWebElement.lambda$new$0(EventFiringWebDriver.java:404)
	at com.sun.proxy.$Proxy9.click(Unknown Source)
	at org.openqa.selenium.support.events.EventFiringWebDriver$EventFiringWebElement.click(EventFiringWebDriver.java:417)
	at com.kms.katalon.core.webui.keyword.builtin.ClickKeyword$_click_closure1.doCall(ClickKeyword.groovy:69)
	at com.kms.katalon.core.webui.keyword.builtin.ClickKeyword$_click_closure1.call(ClickKeyword.groovy)
	at com.kms.katalon.core.webui.keyword.internal.WebUIKeywordMain.runKeyword(WebUIKeywordMain.groovy:20)
	at com.kms.katalon.core.webui.keyword.builtin.ClickKeyword.click(ClickKeyword.groovy:76)
	at com.kms.katalon.core.webui.keyword.builtin.ClickKeyword.execute(ClickKeyword.groovy:43)
	at com.kms.katalon.core.keyword.internal.KeywordExecutor.executeKeywordForPlatform(KeywordExecutor.groovy:72)
	at com.kms.katalon.core.webui.keyword.WebUiBuiltInKeywords.click(WebUiBuiltInKeywords.groovy:616)
	at com.kms.katalon.core.webui.keyword.WebUiBuiltInKeywords$click$3.call(Unknown Source)
	at Script1591092800879.run(Script1591092800879.groovy:31)
	... 13 more
)
[[ATTACHMENT|C:\\Users\\Thanh\\Desktop\\github.com\\New folder (2)\\homeword02-mattermost-katalon\\Reports\\20200605_130946\\Run all test cases\\20200605_130946\\1591337463002.png]]]]></system-out>
         <system-err><![CDATA[2020-06-05 13:10:49 - [TEST_CASE][FAILED] - Test Cases/1612427/02_ChangePassword: Test Cases/1612427/02_ChangePassword FAILED.
Reason:
com.kms.katalon.core.exception.StepFailedException: Unable to click on object 'Object Repository/1612427/02_ChangePassword/Page_Town Square - minus Mattermost/span'
	at com.kms.katalon.core.webui.keyword.internal.WebUIKeywordMain.stepFailed(WebUIKeywordMain.groovy:64)
	at com.kms.katalon.core.webui.keyword.internal.WebUIKeywordMain.runKeyword(WebUIKeywordMain.groovy:26)
	at com.kms.katalon.core.webui.keyword.builtin.ClickKeyword.click(ClickKeyword.groovy:76)
	at com.kms.katalon.core.webui.keyword.builtin.ClickKeyword.execute(ClickKeyword.groovy:43)
	at com.kms.katalon.core.keyword.internal.KeywordExecutor.executeKeywordForPlatform(KeywordExecutor.groovy:72)
	at com.kms.katalon.core.webui.keyword.WebUiBuiltInKeywords.click(WebUiBuiltInKeywords.groovy:616)
	at com.kms.katalon.core.webui.keyword.WebUiBuiltInKeywords$click$3.call(Unknown Source)
	at 02_ChangePassword.run(02_ChangePassword:31)
	at com.kms.katalon.core.main.ScriptEngine.run(ScriptEngine.java:194)
	at com.kms.katalon.core.main.ScriptEngine.runScriptAsRawText(ScriptEngine.java:119)
	at com.kms.katalon.core.main.TestCaseExecutor.runScript(TestCaseExecutor.java:337)
	at com.kms.katalon.core.main.TestCaseExecutor.doExecute(TestCaseExecutor.java:328)
	at com.kms.katalon.core.main.TestCaseExecutor.processExecutionPhase(TestCaseExecutor.java:307)
	at com.kms.katalon.core.main.TestCaseExecutor.accessMainPhase(TestCaseExecutor.java:299)
	at com.kms.katalon.core.main.TestCaseExecutor.execute(TestCaseExecutor.java:233)
	at com.kms.katalon.core.main.TestSuiteExecutor.accessTestCaseMainPhase(TestSuiteExecutor.java:169)
	at com.kms.katalon.core.main.TestSuiteExecutor.accessTestSuiteMainPhase(TestSuiteExecutor.java:142)
	at com.kms.katalon.core.main.TestSuiteExecutor.execute(TestSuiteExecutor.java:91)
	at com.kms.katalon.core.main.TestCaseMain.startTestSuite(TestCaseMain.java:157)
	at com.kms.katalon.core.main.TestCaseMain$startTestSuite$0.call(Unknown Source)
	at TempTestSuite1591337386301.run(TempTestSuite1591337386301.groovy:37)
Caused by: org.openqa.selenium.ElementNotInteractableException: element not interactable
  (Session info: chrome=83.0.4103.97)
Build info: version: '3.141.59', revision: 'e82be7d358', time: '2018-11-14T08:25:53'
System info: host: 'DESKTOP-SGC4F2H', ip: '172.25.32.1', os.name: 'Windows 10', os.arch: 'amd64', os.version: '10.0', java.version: '1.8.0_181'
Driver info: com.kms.katalon.selenium.driver.CChromeDriver
Capabilities {acceptInsecureCerts: false, browserName: chrome, browserVersion: 83.0.4103.97, chrome: {chromedriverVersion: 83.0.4103.39 (ccbf011cb2d2b..., userDataDir: C:\Users\Thanh\AppData\Loca...}, goog:chromeOptions: {debuggerAddress: localhost:61406}, javascriptEnabled: true, networkConnectionEnabled: false, pageLoadStrategy: normal, platform: WINDOWS, platformName: WINDOWS, proxy: Proxy(), setWindowRect: true, strictFileInteractability: false, timeouts: {implicit: 0, pageLoad: 300000, script: 30000}, unhandledPromptBehavior: dismiss and notify, webauthn:virtualAuthenticators: true}
Session ID: a4fd9cc46d9508b174c61c03d1cac1d1
	at org.openqa.selenium.remote.http.W3CHttpResponseCodec.createException(W3CHttpResponseCodec.java:187)
	at org.openqa.selenium.remote.http.W3CHttpResponseCodec.decode(W3CHttpResponseCodec.java:122)
	at org.openqa.selenium.remote.http.W3CHttpResponseCodec.decode(W3CHttpResponseCodec.java:49)
	at org.openqa.selenium.remote.HttpCommandExecutor.execute(HttpCommandExecutor.java:158)
	at org.openqa.selenium.remote.service.DriverCommandExecutor.execute(DriverCommandExecutor.java:83)
	at org.openqa.selenium.remote.RemoteWebDriver.execute(RemoteWebDriver.java:552)
	at com.kms.katalon.selenium.driver.CChromeDriver.execute(CChromeDriver.java:19)
	at org.openqa.selenium.remote.RemoteWebElement.execute(RemoteWebElement.java:285)
	at org.openqa.selenium.remote.RemoteWebElement.click(RemoteWebElement.java:84)
	at org.openqa.selenium.support.events.EventFiringWebDriver$EventFiringWebElement.lambda$new$0(EventFiringWebDriver.java:404)
	at com.sun.proxy.$Proxy9.click(Unknown Source)
	at org.openqa.selenium.support.events.EventFiringWebDriver$EventFiringWebElement.click(EventFiringWebDriver.java:417)
	at com.kms.katalon.core.webui.keyword.builtin.ClickKeyword$_click_closure1.doCall(ClickKeyword.groovy:69)
	at com.kms.katalon.core.webui.keyword.builtin.ClickKeyword$_click_closure1.call(ClickKeyword.groovy)
	at com.kms.katalon.core.webui.keyword.internal.WebUIKeywordMain.runKeyword(WebUIKeywordMain.groovy:20)
	... 19 more]]></system-err>
      </testcase>
      <testcase name="Test Cases/1612427/02_ChangePassword" time="19.843" classname="Test Cases/1612427/02_ChangePassword" status="PASSED">
         <system-out><![CDATA[2020-06-05 13:11:03 - [TEST_CASE][PASSED] - Test Cases/1612427/02_ChangePassword: Test Cases/1612427/02_ChangePassword

2020-06-05 13:11:03 - [TEST_STEP][PASSED] - openBrowser(""): Browser is opened with url: ''

2020-06-05 13:11:03 - [MESSAGE][WARNING] - A browser is already opened. Closing browser and opening a new one

2020-06-05 13:11:04 - [MESSAGE][INFO] - Starting 'Chrome' driver

2020-06-05 13:11:04 - [MESSAGE][INFO] - Action delay is set to 0 milliseconds

2020-06-05 13:11:07 - [MESSAGE][PASSED] - Browser is opened with url: ''

2020-06-05 13:11:07 - [TEST_STEP][PASSED] - navigateToUrl("http://localhost:8065/login"): Navigate to 'http://localhost:8065/login' successfully

2020-06-05 13:11:09 - [MESSAGE][PASSED] - Navigate to 'http://localhost:8065/login' successfully

2020-06-05 13:11:09 - [TEST_STEP][PASSED] - setText(findTestObject("Object Repository/1612427/02_ChangePassword/Page_Mattermost/input_All team communication in one place s_703ef5"), "hcmus-cdnc"): Text 'hcmus-cdnc' is set on object 'Object Repository/1612427/02_ChangePassword/Page_Mattermost/input_All team communication in one place s_703ef5'

2020-06-05 13:11:11 - [MESSAGE][PASSED] - Text 'hcmus-cdnc' is set on object 'Object Repository/1612427/02_ChangePassword/Page_Mattermost/input_All team communication in one place s_703ef5'

2020-06-05 13:11:11 - [TEST_STEP][PASSED] - setEncryptedText(findTestObject("Object Repository/1612427/02_ChangePassword/Page_Mattermost/input_All team communication in one place s_2f2733"), "aeHFOx8jV/A="): Text ****** has been set on object 'Object Repository/1612427/02_ChangePassword/Page_Mattermost/input_All team communication in one place s_2f2733'

2020-06-05 13:11:12 - [MESSAGE][PASSED] - Text ****** has been set on object 'Object Repository/1612427/02_ChangePassword/Page_Mattermost/input_All team communication in one place s_2f2733'

2020-06-05 13:11:12 - [TEST_STEP][PASSED] - click(findTestObject("Object Repository/1612427/02_ChangePassword/Page_Mattermost/span_Sign in")): Object: 'Object Repository/1612427/02_ChangePassword/Page_Mattermost/span_Sign in' is clicked on

2020-06-05 13:11:12 - [MESSAGE][PASSED] - Object: 'Object Repository/1612427/02_ChangePassword/Page_Mattermost/span_Sign in' is clicked on

2020-06-05 13:11:12 - [TEST_STEP][PASSED] - click(findTestObject("Object Repository/1612427/02_ChangePassword/Page_Town Square - minus Mattermost/span")): Object: 'Object Repository/1612427/02_ChangePassword/Page_Town Square - minus Mattermost/span' is clicked on

2020-06-05 13:11:17 - [MESSAGE][PASSED] - Object: 'Object Repository/1612427/02_ChangePassword/Page_Town Square - minus Mattermost/span' is clicked on

2020-06-05 13:11:17 - [TEST_STEP][PASSED] - click(findTestObject("Object Repository/1612427/02_ChangePassword/Page_Town Square - minus Mattermost/span_Account Settings")): Object: 'Object Repository/1612427/02_ChangePassword/Page_Town Square - minus Mattermost/span_Account Settings' is clicked on

2020-06-05 13:11:18 - [MESSAGE][PASSED] - Object: 'Object Repository/1612427/02_ChangePassword/Page_Town Square - minus Mattermost/span_Account Settings' is clicked on

2020-06-05 13:11:18 - [TEST_STEP][PASSED] - click(findTestObject("Object Repository/1612427/02_ChangePassword/Page_Town Square - minus Mattermost/button_Security")): Object: 'Object Repository/1612427/02_ChangePassword/Page_Town Square - minus Mattermost/button_Security' is clicked on

2020-06-05 13:11:19 - [MESSAGE][PASSED] - Object: 'Object Repository/1612427/02_ChangePassword/Page_Town Square - minus Mattermost/button_Security' is clicked on

2020-06-05 13:11:19 - [TEST_STEP][PASSED] - click(findTestObject("Object Repository/1612427/02_ChangePassword/Page_Town Square - minus Mattermost/span_Edit")): Object: 'Object Repository/1612427/02_ChangePassword/Page_Town Square - minus Mattermost/span_Edit' is clicked on

2020-06-05 13:11:20 - [MESSAGE][PASSED] - Object: 'Object Repository/1612427/02_ChangePassword/Page_Town Square - minus Mattermost/span_Edit' is clicked on

2020-06-05 13:11:20 - [TEST_STEP][PASSED] - setEncryptedText(findTestObject("Object Repository/1612427/02_ChangePassword/Page_Town Square - minus Mattermost/input_Current Password_currentPassword"), password): Text ****** has been set on object 'Object Repository/1612427/02_ChangePassword/Page_Town Square - minus Mattermost/input_Current Password_currentPassword'

2020-06-05 13:11:20 - [MESSAGE][PASSED] - Text ****** has been set on object 'Object Repository/1612427/02_ChangePassword/Page_Town Square - minus Mattermost/input_Current Password_currentPassword'

2020-06-05 13:11:20 - [TEST_STEP][PASSED] - setEncryptedText(findTestObject("Object Repository/1612427/02_ChangePassword/Page_Town Square - minus Mattermost/input_New Password_newPassword"), new_password): Text ****** has been set on object 'Object Repository/1612427/02_ChangePassword/Page_Town Square - minus Mattermost/input_New Password_newPassword'

2020-06-05 13:11:21 - [MESSAGE][PASSED] - Text ****** has been set on object 'Object Repository/1612427/02_ChangePassword/Page_Town Square - minus Mattermost/input_New Password_newPassword'

2020-06-05 13:11:21 - [TEST_STEP][PASSED] - setEncryptedText(findTestObject("Object Repository/1612427/02_ChangePassword/Page_Town Square - minus Mattermost/input_Retype New Password_confirmPassword"), confirm_password): Text ****** has been set on object 'Object Repository/1612427/02_ChangePassword/Page_Town Square - minus Mattermost/input_Retype New Password_confirmPassword'

2020-06-05 13:11:22 - [MESSAGE][PASSED] - Text ****** has been set on object 'Object Repository/1612427/02_ChangePassword/Page_Town Square - minus Mattermost/input_Retype New Password_confirmPassword'

2020-06-05 13:11:22 - [TEST_STEP][PASSED] - click(findTestObject("Object Repository/1612427/02_ChangePassword/Page_Town Square - minus Mattermost/span_Save")): Object: 'Object Repository/1612427/02_ChangePassword/Page_Town Square - minus Mattermost/span_Save' is clicked on

2020-06-05 13:11:22 - [MESSAGE][PASSED] - Object: 'Object Repository/1612427/02_ChangePassword/Page_Town Square - minus Mattermost/span_Save' is clicked on

2020-06-05 13:11:22 - [TEST_STEP][PASSED] - closeBrowser(): Browser is closed

2020-06-05 13:11:23 - [MESSAGE][PASSED] - Browser is closed]]></system-out>
         <system-err><![CDATA[]]></system-err>
      </testcase>
      <testcase name="Test Cases/1612427/02_ChangePassword" time="19.454" classname="Test Cases/1612427/02_ChangePassword" status="PASSED">
         <system-out><![CDATA[2020-06-05 13:11:23 - [TEST_CASE][PASSED] - Test Cases/1612427/02_ChangePassword: Test Cases/1612427/02_ChangePassword

2020-06-05 13:11:23 - [TEST_STEP][PASSED] - openBrowser(""): Browser is opened with url: ''

2020-06-05 13:11:23 - [MESSAGE][INFO] - Starting 'Chrome' driver

2020-06-05 13:11:23 - [MESSAGE][INFO] - Action delay is set to 0 milliseconds

2020-06-05 13:11:27 - [MESSAGE][PASSED] - Browser is opened with url: ''

2020-06-05 13:11:27 - [TEST_STEP][PASSED] - navigateToUrl("http://localhost:8065/login"): Navigate to 'http://localhost:8065/login' successfully

2020-06-05 13:11:29 - [MESSAGE][PASSED] - Navigate to 'http://localhost:8065/login' successfully

2020-06-05 13:11:29 - [TEST_STEP][PASSED] - setText(findTestObject("Object Repository/1612427/02_ChangePassword/Page_Mattermost/input_All team communication in one place s_703ef5"), "hcmus-cdnc"): Text 'hcmus-cdnc' is set on object 'Object Repository/1612427/02_ChangePassword/Page_Mattermost/input_All team communication in one place s_703ef5'

2020-06-05 13:11:31 - [MESSAGE][PASSED] - Text 'hcmus-cdnc' is set on object 'Object Repository/1612427/02_ChangePassword/Page_Mattermost/input_All team communication in one place s_703ef5'

2020-06-05 13:11:31 - [TEST_STEP][PASSED] - setEncryptedText(findTestObject("Object Repository/1612427/02_ChangePassword/Page_Mattermost/input_All team communication in one place s_2f2733"), "aeHFOx8jV/A="): Text ****** has been set on object 'Object Repository/1612427/02_ChangePassword/Page_Mattermost/input_All team communication in one place s_2f2733'

2020-06-05 13:11:32 - [MESSAGE][PASSED] - Text ****** has been set on object 'Object Repository/1612427/02_ChangePassword/Page_Mattermost/input_All team communication in one place s_2f2733'

2020-06-05 13:11:32 - [TEST_STEP][PASSED] - click(findTestObject("Object Repository/1612427/02_ChangePassword/Page_Mattermost/span_Sign in")): Object: 'Object Repository/1612427/02_ChangePassword/Page_Mattermost/span_Sign in' is clicked on

2020-06-05 13:11:32 - [MESSAGE][PASSED] - Object: 'Object Repository/1612427/02_ChangePassword/Page_Mattermost/span_Sign in' is clicked on

2020-06-05 13:11:32 - [TEST_STEP][PASSED] - click(findTestObject("Object Repository/1612427/02_ChangePassword/Page_Town Square - minus Mattermost/span")): Object: 'Object Repository/1612427/02_ChangePassword/Page_Town Square - minus Mattermost/span' is clicked on

2020-06-05 13:11:36 - [MESSAGE][PASSED] - Object: 'Object Repository/1612427/02_ChangePassword/Page_Town Square - minus Mattermost/span' is clicked on

2020-06-05 13:11:37 - [TEST_STEP][PASSED] - click(findTestObject("Object Repository/1612427/02_ChangePassword/Page_Town Square - minus Mattermost/span_Account Settings")): Object: 'Object Repository/1612427/02_ChangePassword/Page_Town Square - minus Mattermost/span_Account Settings' is clicked on

2020-06-05 13:11:38 - [MESSAGE][PASSED] - Object: 'Object Repository/1612427/02_ChangePassword/Page_Town Square - minus Mattermost/span_Account Settings' is clicked on

2020-06-05 13:11:38 - [TEST_STEP][PASSED] - click(findTestObject("Object Repository/1612427/02_ChangePassword/Page_Town Square - minus Mattermost/button_Security")): Object: 'Object Repository/1612427/02_ChangePassword/Page_Town Square - minus Mattermost/button_Security' is clicked on

2020-06-05 13:11:38 - [MESSAGE][PASSED] - Object: 'Object Repository/1612427/02_ChangePassword/Page_Town Square - minus Mattermost/button_Security' is clicked on

2020-06-05 13:11:38 - [TEST_STEP][PASSED] - click(findTestObject("Object Repository/1612427/02_ChangePassword/Page_Town Square - minus Mattermost/span_Edit")): Object: 'Object Repository/1612427/02_ChangePassword/Page_Town Square - minus Mattermost/span_Edit' is clicked on

2020-06-05 13:11:39 - [MESSAGE][PASSED] - Object: 'Object Repository/1612427/02_ChangePassword/Page_Town Square - minus Mattermost/span_Edit' is clicked on

2020-06-05 13:11:39 - [TEST_STEP][PASSED] - setEncryptedText(findTestObject("Object Repository/1612427/02_ChangePassword/Page_Town Square - minus Mattermost/input_Current Password_currentPassword"), password): Text ****** has been set on object 'Object Repository/1612427/02_ChangePassword/Page_Town Square - minus Mattermost/input_Current Password_currentPassword'

2020-06-05 13:11:40 - [MESSAGE][PASSED] - Text ****** has been set on object 'Object Repository/1612427/02_ChangePassword/Page_Town Square - minus Mattermost/input_Current Password_currentPassword'

2020-06-05 13:11:40 - [TEST_STEP][PASSED] - setEncryptedText(findTestObject("Object Repository/1612427/02_ChangePassword/Page_Town Square - minus Mattermost/input_New Password_newPassword"), new_password): Text ****** has been set on object 'Object Repository/1612427/02_ChangePassword/Page_Town Square - minus Mattermost/input_New Password_newPassword'

2020-06-05 13:11:41 - [MESSAGE][PASSED] - Text ****** has been set on object 'Object Repository/1612427/02_ChangePassword/Page_Town Square - minus Mattermost/input_New Password_newPassword'

2020-06-05 13:11:41 - [TEST_STEP][PASSED] - setEncryptedText(findTestObject("Object Repository/1612427/02_ChangePassword/Page_Town Square - minus Mattermost/input_Retype New Password_confirmPassword"), confirm_password): Text ****** has been set on object 'Object Repository/1612427/02_ChangePassword/Page_Town Square - minus Mattermost/input_Retype New Password_confirmPassword'

2020-06-05 13:11:41 - [MESSAGE][PASSED] - Text ****** has been set on object 'Object Repository/1612427/02_ChangePassword/Page_Town Square - minus Mattermost/input_Retype New Password_confirmPassword'

2020-06-05 13:11:41 - [TEST_STEP][PASSED] - click(findTestObject("Object Repository/1612427/02_ChangePassword/Page_Town Square - minus Mattermost/span_Save")): Object: 'Object Repository/1612427/02_ChangePassword/Page_Town Square - minus Mattermost/span_Save' is clicked on

2020-06-05 13:11:42 - [MESSAGE][PASSED] - Object: 'Object Repository/1612427/02_ChangePassword/Page_Town Square - minus Mattermost/span_Save' is clicked on

2020-06-05 13:11:42 - [TEST_STEP][PASSED] - closeBrowser(): Browser is closed

2020-06-05 13:11:42 - [MESSAGE][PASSED] - Browser is closed]]></system-out>
         <system-err><![CDATA[]]></system-err>
      </testcase>
      <testcase name="Test Cases/1612427/02_ChangePassword" time="18.122" classname="Test Cases/1612427/02_ChangePassword" status="PASSED">
         <system-out><![CDATA[2020-06-05 13:11:42 - [TEST_CASE][PASSED] - Test Cases/1612427/02_ChangePassword: Test Cases/1612427/02_ChangePassword

2020-06-05 13:11:42 - [TEST_STEP][PASSED] - openBrowser(""): Browser is opened with url: ''

2020-06-05 13:11:42 - [MESSAGE][INFO] - Starting 'Chrome' driver

2020-06-05 13:11:42 - [MESSAGE][INFO] - Action delay is set to 0 milliseconds

2020-06-05 13:11:46 - [MESSAGE][PASSED] - Browser is opened with url: ''

2020-06-05 13:11:46 - [TEST_STEP][PASSED] - navigateToUrl("http://localhost:8065/login"): Navigate to 'http://localhost:8065/login' successfully

2020-06-05 13:11:47 - [MESSAGE][PASSED] - Navigate to 'http://localhost:8065/login' successfully

2020-06-05 13:11:47 - [TEST_STEP][PASSED] - setText(findTestObject("Object Repository/1612427/02_ChangePassword/Page_Mattermost/input_All team communication in one place s_703ef5"), "hcmus-cdnc"): Text 'hcmus-cdnc' is set on object 'Object Repository/1612427/02_ChangePassword/Page_Mattermost/input_All team communication in one place s_703ef5'

2020-06-05 13:11:49 - [MESSAGE][PASSED] - Text 'hcmus-cdnc' is set on object 'Object Repository/1612427/02_ChangePassword/Page_Mattermost/input_All team communication in one place s_703ef5'

2020-06-05 13:11:49 - [TEST_STEP][PASSED] - setEncryptedText(findTestObject("Object Repository/1612427/02_ChangePassword/Page_Mattermost/input_All team communication in one place s_2f2733"), "aeHFOx8jV/A="): Text ****** has been set on object 'Object Repository/1612427/02_ChangePassword/Page_Mattermost/input_All team communication in one place s_2f2733'

2020-06-05 13:11:50 - [MESSAGE][PASSED] - Text ****** has been set on object 'Object Repository/1612427/02_ChangePassword/Page_Mattermost/input_All team communication in one place s_2f2733'

2020-06-05 13:11:50 - [TEST_STEP][PASSED] - click(findTestObject("Object Repository/1612427/02_ChangePassword/Page_Mattermost/span_Sign in")): Object: 'Object Repository/1612427/02_ChangePassword/Page_Mattermost/span_Sign in' is clicked on

2020-06-05 13:11:51 - [MESSAGE][PASSED] - Object: 'Object Repository/1612427/02_ChangePassword/Page_Mattermost/span_Sign in' is clicked on

2020-06-05 13:11:51 - [TEST_STEP][PASSED] - click(findTestObject("Object Repository/1612427/02_ChangePassword/Page_Town Square - minus Mattermost/span")): Object: 'Object Repository/1612427/02_ChangePassword/Page_Town Square - minus Mattermost/span' is clicked on

2020-06-05 13:11:55 - [MESSAGE][PASSED] - Object: 'Object Repository/1612427/02_ChangePassword/Page_Town Square - minus Mattermost/span' is clicked on

2020-06-05 13:11:55 - [TEST_STEP][PASSED] - click(findTestObject("Object Repository/1612427/02_ChangePassword/Page_Town Square - minus Mattermost/span_Account Settings")): Object: 'Object Repository/1612427/02_ChangePassword/Page_Town Square - minus Mattermost/span_Account Settings' is clicked on

2020-06-05 13:11:56 - [MESSAGE][PASSED] - Object: 'Object Repository/1612427/02_ChangePassword/Page_Town Square - minus Mattermost/span_Account Settings' is clicked on

2020-06-05 13:11:56 - [TEST_STEP][PASSED] - click(findTestObject("Object Repository/1612427/02_ChangePassword/Page_Town Square - minus Mattermost/button_Security")): Object: 'Object Repository/1612427/02_ChangePassword/Page_Town Square - minus Mattermost/button_Security' is clicked on

2020-06-05 13:11:57 - [MESSAGE][PASSED] - Object: 'Object Repository/1612427/02_ChangePassword/Page_Town Square - minus Mattermost/button_Security' is clicked on

2020-06-05 13:11:57 - [TEST_STEP][PASSED] - click(findTestObject("Object Repository/1612427/02_ChangePassword/Page_Town Square - minus Mattermost/span_Edit")): Object: 'Object Repository/1612427/02_ChangePassword/Page_Town Square - minus Mattermost/span_Edit' is clicked on

2020-06-05 13:11:57 - [MESSAGE][PASSED] - Object: 'Object Repository/1612427/02_ChangePassword/Page_Town Square - minus Mattermost/span_Edit' is clicked on

2020-06-05 13:11:57 - [TEST_STEP][PASSED] - setEncryptedText(findTestObject("Object Repository/1612427/02_ChangePassword/Page_Town Square - minus Mattermost/input_Current Password_currentPassword"), password): Text ****** has been set on object 'Object Repository/1612427/02_ChangePassword/Page_Town Square - minus Mattermost/input_Current Password_currentPassword'

2020-06-05 13:11:58 - [MESSAGE][PASSED] - Text ****** has been set on object 'Object Repository/1612427/02_ChangePassword/Page_Town Square - minus Mattermost/input_Current Password_currentPassword'

2020-06-05 13:11:58 - [TEST_STEP][PASSED] - setEncryptedText(findTestObject("Object Repository/1612427/02_ChangePassword/Page_Town Square - minus Mattermost/input_New Password_newPassword"), new_password): Text ****** has been set on object 'Object Repository/1612427/02_ChangePassword/Page_Town Square - minus Mattermost/input_New Password_newPassword'

2020-06-05 13:11:59 - [MESSAGE][PASSED] - Text ****** has been set on object 'Object Repository/1612427/02_ChangePassword/Page_Town Square - minus Mattermost/input_New Password_newPassword'

2020-06-05 13:11:59 - [TEST_STEP][PASSED] - setEncryptedText(findTestObject("Object Repository/1612427/02_ChangePassword/Page_Town Square - minus Mattermost/input_Retype New Password_confirmPassword"), confirm_password): Text ****** has been set on object 'Object Repository/1612427/02_ChangePassword/Page_Town Square - minus Mattermost/input_Retype New Password_confirmPassword'

2020-06-05 13:11:59 - [MESSAGE][PASSED] - Text ****** has been set on object 'Object Repository/1612427/02_ChangePassword/Page_Town Square - minus Mattermost/input_Retype New Password_confirmPassword'

2020-06-05 13:11:59 - [TEST_STEP][PASSED] - click(findTestObject("Object Repository/1612427/02_ChangePassword/Page_Town Square - minus Mattermost/span_Save")): Object: 'Object Repository/1612427/02_ChangePassword/Page_Town Square - minus Mattermost/span_Save' is clicked on

2020-06-05 13:12:00 - [MESSAGE][PASSED] - Object: 'Object Repository/1612427/02_ChangePassword/Page_Town Square - minus Mattermost/span_Save' is clicked on

2020-06-05 13:12:00 - [TEST_STEP][PASSED] - closeBrowser(): Browser is closed

2020-06-05 13:12:01 - [MESSAGE][PASSED] - Browser is closed]]></system-out>
         <system-err><![CDATA[]]></system-err>
      </testcase>
      <testcase name="Test Cases/1612427/02_ChangePassword" time="17.721" classname="Test Cases/1612427/02_ChangePassword" status="PASSED">
         <system-out><![CDATA[2020-06-05 13:12:01 - [TEST_CASE][PASSED] - Test Cases/1612427/02_ChangePassword: Test Cases/1612427/02_ChangePassword

2020-06-05 13:12:01 - [TEST_STEP][PASSED] - openBrowser(""): Browser is opened with url: ''

2020-06-05 13:12:01 - [MESSAGE][INFO] - Starting 'Chrome' driver

2020-06-05 13:12:01 - [MESSAGE][INFO] - Action delay is set to 0 milliseconds

2020-06-05 13:12:04 - [MESSAGE][PASSED] - Browser is opened with url: ''

2020-06-05 13:12:04 - [TEST_STEP][PASSED] - navigateToUrl("http://localhost:8065/login"): Navigate to 'http://localhost:8065/login' successfully

2020-06-05 13:12:06 - [MESSAGE][PASSED] - Navigate to 'http://localhost:8065/login' successfully

2020-06-05 13:12:06 - [TEST_STEP][PASSED] - setText(findTestObject("Object Repository/1612427/02_ChangePassword/Page_Mattermost/input_All team communication in one place s_703ef5"), "hcmus-cdnc"): Text 'hcmus-cdnc' is set on object 'Object Repository/1612427/02_ChangePassword/Page_Mattermost/input_All team communication in one place s_703ef5'

2020-06-05 13:12:08 - [MESSAGE][PASSED] - Text 'hcmus-cdnc' is set on object 'Object Repository/1612427/02_ChangePassword/Page_Mattermost/input_All team communication in one place s_703ef5'

2020-06-05 13:12:08 - [TEST_STEP][PASSED] - setEncryptedText(findTestObject("Object Repository/1612427/02_ChangePassword/Page_Mattermost/input_All team communication in one place s_2f2733"), "aeHFOx8jV/A="): Text ****** has been set on object 'Object Repository/1612427/02_ChangePassword/Page_Mattermost/input_All team communication in one place s_2f2733'

2020-06-05 13:12:08 - [MESSAGE][PASSED] - Text ****** has been set on object 'Object Repository/1612427/02_ChangePassword/Page_Mattermost/input_All team communication in one place s_2f2733'

2020-06-05 13:12:08 - [TEST_STEP][PASSED] - click(findTestObject("Object Repository/1612427/02_ChangePassword/Page_Mattermost/span_Sign in")): Object: 'Object Repository/1612427/02_ChangePassword/Page_Mattermost/span_Sign in' is clicked on

2020-06-05 13:12:09 - [MESSAGE][PASSED] - Object: 'Object Repository/1612427/02_ChangePassword/Page_Mattermost/span_Sign in' is clicked on

2020-06-05 13:12:09 - [TEST_STEP][PASSED] - click(findTestObject("Object Repository/1612427/02_ChangePassword/Page_Town Square - minus Mattermost/span")): Object: 'Object Repository/1612427/02_ChangePassword/Page_Town Square - minus Mattermost/span' is clicked on

2020-06-05 13:12:12 - [MESSAGE][PASSED] - Object: 'Object Repository/1612427/02_ChangePassword/Page_Town Square - minus Mattermost/span' is clicked on

2020-06-05 13:12:12 - [TEST_STEP][PASSED] - click(findTestObject("Object Repository/1612427/02_ChangePassword/Page_Town Square - minus Mattermost/span_Account Settings")): Object: 'Object Repository/1612427/02_ChangePassword/Page_Town Square - minus Mattermost/span_Account Settings' is clicked on

2020-06-05 13:12:13 - [MESSAGE][PASSED] - Object: 'Object Repository/1612427/02_ChangePassword/Page_Town Square - minus Mattermost/span_Account Settings' is clicked on

2020-06-05 13:12:13 - [TEST_STEP][PASSED] - click(findTestObject("Object Repository/1612427/02_ChangePassword/Page_Town Square - minus Mattermost/button_Security")): Object: 'Object Repository/1612427/02_ChangePassword/Page_Town Square - minus Mattermost/button_Security' is clicked on

2020-06-05 13:12:14 - [MESSAGE][PASSED] - Object: 'Object Repository/1612427/02_ChangePassword/Page_Town Square - minus Mattermost/button_Security' is clicked on

2020-06-05 13:12:14 - [TEST_STEP][PASSED] - click(findTestObject("Object Repository/1612427/02_ChangePassword/Page_Town Square - minus Mattermost/span_Edit")): Object: 'Object Repository/1612427/02_ChangePassword/Page_Town Square - minus Mattermost/span_Edit' is clicked on

2020-06-05 13:12:15 - [MESSAGE][PASSED] - Object: 'Object Repository/1612427/02_ChangePassword/Page_Town Square - minus Mattermost/span_Edit' is clicked on

2020-06-05 13:12:15 - [TEST_STEP][PASSED] - setEncryptedText(findTestObject("Object Repository/1612427/02_ChangePassword/Page_Town Square - minus Mattermost/input_Current Password_currentPassword"), password): Text ****** has been set on object 'Object Repository/1612427/02_ChangePassword/Page_Town Square - minus Mattermost/input_Current Password_currentPassword'

2020-06-05 13:12:16 - [MESSAGE][PASSED] - Text ****** has been set on object 'Object Repository/1612427/02_ChangePassword/Page_Town Square - minus Mattermost/input_Current Password_currentPassword'

2020-06-05 13:12:16 - [TEST_STEP][PASSED] - setEncryptedText(findTestObject("Object Repository/1612427/02_ChangePassword/Page_Town Square - minus Mattermost/input_New Password_newPassword"), new_password): Text ****** has been set on object 'Object Repository/1612427/02_ChangePassword/Page_Town Square - minus Mattermost/input_New Password_newPassword'

2020-06-05 13:12:16 - [MESSAGE][PASSED] - Text ****** has been set on object 'Object Repository/1612427/02_ChangePassword/Page_Town Square - minus Mattermost/input_New Password_newPassword'

2020-06-05 13:12:16 - [TEST_STEP][PASSED] - setEncryptedText(findTestObject("Object Repository/1612427/02_ChangePassword/Page_Town Square - minus Mattermost/input_Retype New Password_confirmPassword"), confirm_password): Text ****** has been set on object 'Object Repository/1612427/02_ChangePassword/Page_Town Square - minus Mattermost/input_Retype New Password_confirmPassword'

2020-06-05 13:12:17 - [MESSAGE][PASSED] - Text ****** has been set on object 'Object Repository/1612427/02_ChangePassword/Page_Town Square - minus Mattermost/input_Retype New Password_confirmPassword'

2020-06-05 13:12:17 - [TEST_STEP][PASSED] - click(findTestObject("Object Repository/1612427/02_ChangePassword/Page_Town Square - minus Mattermost/span_Save")): Object: 'Object Repository/1612427/02_ChangePassword/Page_Town Square - minus Mattermost/span_Save' is clicked on

2020-06-05 13:12:18 - [MESSAGE][PASSED] - Object: 'Object Repository/1612427/02_ChangePassword/Page_Town Square - minus Mattermost/span_Save' is clicked on

2020-06-05 13:12:18 - [TEST_STEP][PASSED] - closeBrowser(): Browser is closed

2020-06-05 13:12:18 - [MESSAGE][PASSED] - Browser is closed]]></system-out>
         <system-err><![CDATA[]]></system-err>
      </testcase>
      <testcase name="Test Cases/1612427/03_ChangeName" time="18.796" classname="Test Cases/1612427/03_ChangeName" status="PASSED">
         <system-out><![CDATA[2020-06-05 13:12:18 - [TEST_CASE][PASSED] - Test Cases/1612427/03_ChangeName: Test Cases/1612427/03_ChangeName

2020-06-05 13:12:19 - [TEST_STEP][PASSED] - openBrowser(""): Browser is opened with url: ''

2020-06-05 13:12:19 - [MESSAGE][INFO] - Starting 'Chrome' driver

2020-06-05 13:12:19 - [MESSAGE][INFO] - Action delay is set to 0 milliseconds

2020-06-05 13:12:22 - [MESSAGE][PASSED] - Browser is opened with url: ''

2020-06-05 13:12:22 - [TEST_STEP][PASSED] - navigateToUrl("http://localhost:8065/login"): Navigate to 'http://localhost:8065/login' successfully

2020-06-05 13:12:24 - [MESSAGE][PASSED] - Navigate to 'http://localhost:8065/login' successfully

2020-06-05 13:12:24 - [TEST_STEP][PASSED] - setText(findTestObject("Object Repository/1612427/02_ChangePassword/Page_Mattermost/input_All team communication in one place s_703ef5"), "hcmus-cdnc"): Text 'hcmus-cdnc' is set on object 'Object Repository/1612427/02_ChangePassword/Page_Mattermost/input_All team communication in one place s_703ef5'

2020-06-05 13:12:26 - [MESSAGE][PASSED] - Text 'hcmus-cdnc' is set on object 'Object Repository/1612427/02_ChangePassword/Page_Mattermost/input_All team communication in one place s_703ef5'

2020-06-05 13:12:26 - [TEST_STEP][PASSED] - setEncryptedText(findTestObject("Object Repository/1612427/02_ChangePassword/Page_Mattermost/input_All team communication in one place s_2f2733"), "aeHFOx8jV/A="): Text ****** has been set on object 'Object Repository/1612427/02_ChangePassword/Page_Mattermost/input_All team communication in one place s_2f2733'

2020-06-05 13:12:27 - [MESSAGE][PASSED] - Text ****** has been set on object 'Object Repository/1612427/02_ChangePassword/Page_Mattermost/input_All team communication in one place s_2f2733'

2020-06-05 13:12:27 - [TEST_STEP][PASSED] - click(findTestObject("Object Repository/1612427/02_ChangePassword/Page_Mattermost/span_Sign in")): Object: 'Object Repository/1612427/02_ChangePassword/Page_Mattermost/span_Sign in' is clicked on

2020-06-05 13:12:27 - [MESSAGE][PASSED] - Object: 'Object Repository/1612427/02_ChangePassword/Page_Mattermost/span_Sign in' is clicked on

2020-06-05 13:12:27 - [TEST_STEP][PASSED] - click(findTestObject("Object Repository/1612427/02_ChangePassword/Page_Town Square - minus Mattermost/span")): Object: 'Object Repository/1612427/02_ChangePassword/Page_Town Square - minus Mattermost/span' is clicked on

2020-06-05 13:12:31 - [MESSAGE][PASSED] - Object: 'Object Repository/1612427/02_ChangePassword/Page_Town Square - minus Mattermost/span' is clicked on

2020-06-05 13:12:31 - [TEST_STEP][PASSED] - click(findTestObject("Object Repository/1612427/02_ChangePassword/Page_Town Square - minus Mattermost/span_Account Settings")): Object: 'Object Repository/1612427/02_ChangePassword/Page_Town Square - minus Mattermost/span_Account Settings' is clicked on

2020-06-05 13:12:32 - [MESSAGE][PASSED] - Object: 'Object Repository/1612427/02_ChangePassword/Page_Town Square - minus Mattermost/span_Account Settings' is clicked on

2020-06-05 13:12:32 - [TEST_STEP][PASSED] - click(findTestObject("Object Repository/1612427/03_ChangeName/Page_Town Square - minus Mattermost/span_Edit")): Object: 'Object Repository/1612427/03_ChangeName/Page_Town Square - minus Mattermost/span_Edit' is clicked on

2020-06-05 13:12:33 - [MESSAGE][PASSED] - Object: 'Object Repository/1612427/03_ChangeName/Page_Town Square - minus Mattermost/span_Edit' is clicked on

2020-06-05 13:12:33 - [TEST_STEP][PASSED] - click(findTestObject("Object Repository/1612427/03_ChangeName/Page_Town Square - minus Mattermost/div_First Name")): Object: 'Object Repository/1612427/03_ChangeName/Page_Town Square - minus Mattermost/div_First Name' is clicked on

2020-06-05 13:12:33 - [MESSAGE][PASSED] - Object: 'Object Repository/1612427/03_ChangeName/Page_Town Square - minus Mattermost/div_First Name' is clicked on

2020-06-05 13:12:33 - [TEST_STEP][PASSED] - setText(findTestObject("Object Repository/1612427/03_ChangeName/Page_Town Square - minus Mattermost/input_First Name_firstName"), firstname): Text 'Nguyễn' is set on object 'Object Repository/1612427/03_ChangeName/Page_Town Square - minus Mattermost/input_First Name_firstName'

2020-06-05 13:12:34 - [MESSAGE][PASSED] - Text 'Nguyễn' is set on object 'Object Repository/1612427/03_ChangeName/Page_Town Square - minus Mattermost/input_First Name_firstName'

2020-06-05 13:12:34 - [TEST_STEP][PASSED] - click(findTestObject("Object Repository/1612427/03_ChangeName/Page_Town Square - minus Mattermost/div_Last Name")): Object: 'Object Repository/1612427/03_ChangeName/Page_Town Square - minus Mattermost/div_Last Name' is clicked on

2020-06-05 13:12:35 - [MESSAGE][PASSED] - Object: 'Object Repository/1612427/03_ChangeName/Page_Town Square - minus Mattermost/div_Last Name' is clicked on

2020-06-05 13:12:35 - [TEST_STEP][PASSED] - setText(findTestObject("Object Repository/1612427/03_ChangeName/Page_Town Square - minus Mattermost/input_Last Name_lastName"), lastname): Text 'Văn Thìn' is set on object 'Object Repository/1612427/03_ChangeName/Page_Town Square - minus Mattermost/input_Last Name_lastName'

2020-06-05 13:12:36 - [MESSAGE][PASSED] - Text 'Văn Thìn' is set on object 'Object Repository/1612427/03_ChangeName/Page_Town Square - minus Mattermost/input_Last Name_lastName'

2020-06-05 13:12:36 - [TEST_STEP][PASSED] - click(findTestObject("Object Repository/1612427/03_ChangeName/Page_Town Square - minus Mattermost/span_Save")): Object: 'Object Repository/1612427/03_ChangeName/Page_Town Square - minus Mattermost/span_Save' is clicked on

2020-06-05 13:12:36 - [MESSAGE][PASSED] - Object: 'Object Repository/1612427/03_ChangeName/Page_Town Square - minus Mattermost/span_Save' is clicked on

2020-06-05 13:12:36 - [TEST_STEP][PASSED] - closeBrowser(): Browser is closed

2020-06-05 13:12:37 - [MESSAGE][PASSED] - Browser is closed]]></system-out>
         <system-err><![CDATA[]]></system-err>
      </testcase>
      <testcase name="Test Cases/1612427/03_ChangeName" time="18.668" classname="Test Cases/1612427/03_ChangeName" status="PASSED">
         <system-out><![CDATA[2020-06-05 13:12:37 - [TEST_CASE][PASSED] - Test Cases/1612427/03_ChangeName: Test Cases/1612427/03_ChangeName

2020-06-05 13:12:37 - [TEST_STEP][PASSED] - openBrowser(""): Browser is opened with url: ''

2020-06-05 13:12:37 - [MESSAGE][INFO] - Starting 'Chrome' driver

2020-06-05 13:12:37 - [MESSAGE][INFO] - Action delay is set to 0 milliseconds

2020-06-05 13:12:41 - [MESSAGE][PASSED] - Browser is opened with url: ''

2020-06-05 13:12:41 - [TEST_STEP][PASSED] - navigateToUrl("http://localhost:8065/login"): Navigate to 'http://localhost:8065/login' successfully

2020-06-05 13:12:42 - [MESSAGE][PASSED] - Navigate to 'http://localhost:8065/login' successfully

2020-06-05 13:12:42 - [TEST_STEP][PASSED] - setText(findTestObject("Object Repository/1612427/02_ChangePassword/Page_Mattermost/input_All team communication in one place s_703ef5"), "hcmus-cdnc"): Text 'hcmus-cdnc' is set on object 'Object Repository/1612427/02_ChangePassword/Page_Mattermost/input_All team communication in one place s_703ef5'

2020-06-05 13:12:45 - [MESSAGE][PASSED] - Text 'hcmus-cdnc' is set on object 'Object Repository/1612427/02_ChangePassword/Page_Mattermost/input_All team communication in one place s_703ef5'

2020-06-05 13:12:45 - [TEST_STEP][PASSED] - setEncryptedText(findTestObject("Object Repository/1612427/02_ChangePassword/Page_Mattermost/input_All team communication in one place s_2f2733"), "aeHFOx8jV/A="): Text ****** has been set on object 'Object Repository/1612427/02_ChangePassword/Page_Mattermost/input_All team communication in one place s_2f2733'

2020-06-05 13:12:45 - [MESSAGE][PASSED] - Text ****** has been set on object 'Object Repository/1612427/02_ChangePassword/Page_Mattermost/input_All team communication in one place s_2f2733'

2020-06-05 13:12:45 - [TEST_STEP][PASSED] - click(findTestObject("Object Repository/1612427/02_ChangePassword/Page_Mattermost/span_Sign in")): Object: 'Object Repository/1612427/02_ChangePassword/Page_Mattermost/span_Sign in' is clicked on

2020-06-05 13:12:46 - [MESSAGE][PASSED] - Object: 'Object Repository/1612427/02_ChangePassword/Page_Mattermost/span_Sign in' is clicked on

2020-06-05 13:12:46 - [TEST_STEP][PASSED] - click(findTestObject("Object Repository/1612427/02_ChangePassword/Page_Town Square - minus Mattermost/span")): Object: 'Object Repository/1612427/02_ChangePassword/Page_Town Square - minus Mattermost/span' is clicked on

2020-06-05 13:12:50 - [MESSAGE][PASSED] - Object: 'Object Repository/1612427/02_ChangePassword/Page_Town Square - minus Mattermost/span' is clicked on

2020-06-05 13:12:50 - [TEST_STEP][PASSED] - click(findTestObject("Object Repository/1612427/02_ChangePassword/Page_Town Square - minus Mattermost/span_Account Settings")): Object: 'Object Repository/1612427/02_ChangePassword/Page_Town Square - minus Mattermost/span_Account Settings' is clicked on

2020-06-05 13:12:51 - [MESSAGE][PASSED] - Object: 'Object Repository/1612427/02_ChangePassword/Page_Town Square - minus Mattermost/span_Account Settings' is clicked on

2020-06-05 13:12:51 - [TEST_STEP][PASSED] - click(findTestObject("Object Repository/1612427/03_ChangeName/Page_Town Square - minus Mattermost/span_Edit")): Object: 'Object Repository/1612427/03_ChangeName/Page_Town Square - minus Mattermost/span_Edit' is clicked on

2020-06-05 13:12:52 - [MESSAGE][PASSED] - Object: 'Object Repository/1612427/03_ChangeName/Page_Town Square - minus Mattermost/span_Edit' is clicked on

2020-06-05 13:12:52 - [TEST_STEP][PASSED] - click(findTestObject("Object Repository/1612427/03_ChangeName/Page_Town Square - minus Mattermost/div_First Name")): Object: 'Object Repository/1612427/03_ChangeName/Page_Town Square - minus Mattermost/div_First Name' is clicked on

2020-06-05 13:12:52 - [MESSAGE][PASSED] - Object: 'Object Repository/1612427/03_ChangeName/Page_Town Square - minus Mattermost/div_First Name' is clicked on

2020-06-05 13:12:52 - [TEST_STEP][PASSED] - setText(findTestObject("Object Repository/1612427/03_ChangeName/Page_Town Square - minus Mattermost/input_First Name_firstName"), firstname): Text 'Ngô' is set on object 'Object Repository/1612427/03_ChangeName/Page_Town Square - minus Mattermost/input_First Name_firstName'

2020-06-05 13:12:53 - [MESSAGE][PASSED] - Text 'Ngô' is set on object 'Object Repository/1612427/03_ChangeName/Page_Town Square - minus Mattermost/input_First Name_firstName'

2020-06-05 13:12:53 - [TEST_STEP][PASSED] - click(findTestObject("Object Repository/1612427/03_ChangeName/Page_Town Square - minus Mattermost/div_Last Name")): Object: 'Object Repository/1612427/03_ChangeName/Page_Town Square - minus Mattermost/div_Last Name' is clicked on

2020-06-05 13:12:53 - [MESSAGE][PASSED] - Object: 'Object Repository/1612427/03_ChangeName/Page_Town Square - minus Mattermost/div_Last Name' is clicked on

2020-06-05 13:12:53 - [TEST_STEP][PASSED] - setText(findTestObject("Object Repository/1612427/03_ChangeName/Page_Town Square - minus Mattermost/input_Last Name_lastName"), lastname): Text 'Hoàng Thiên' is set on object 'Object Repository/1612427/03_ChangeName/Page_Town Square - minus Mattermost/input_Last Name_lastName'

2020-06-05 13:12:55 - [MESSAGE][PASSED] - Text 'Hoàng Thiên' is set on object 'Object Repository/1612427/03_ChangeName/Page_Town Square - minus Mattermost/input_Last Name_lastName'

2020-06-05 13:12:55 - [TEST_STEP][PASSED] - click(findTestObject("Object Repository/1612427/03_ChangeName/Page_Town Square - minus Mattermost/span_Save")): Object: 'Object Repository/1612427/03_ChangeName/Page_Town Square - minus Mattermost/span_Save' is clicked on

2020-06-05 13:12:55 - [MESSAGE][PASSED] - Object: 'Object Repository/1612427/03_ChangeName/Page_Town Square - minus Mattermost/span_Save' is clicked on

2020-06-05 13:12:55 - [TEST_STEP][PASSED] - closeBrowser(): Browser is closed

2020-06-05 13:12:56 - [MESSAGE][PASSED] - Browser is closed]]></system-out>
         <system-err><![CDATA[]]></system-err>
      </testcase>
      <testcase name="Test Cases/1612427/03_ChangeName" time="17.911" classname="Test Cases/1612427/03_ChangeName" status="PASSED">
         <system-out><![CDATA[2020-06-05 13:12:56 - [TEST_CASE][PASSED] - Test Cases/1612427/03_ChangeName: Test Cases/1612427/03_ChangeName

2020-06-05 13:12:56 - [TEST_STEP][PASSED] - openBrowser(""): Browser is opened with url: ''

2020-06-05 13:12:56 - [MESSAGE][INFO] - Starting 'Chrome' driver

2020-06-05 13:12:56 - [MESSAGE][INFO] - Action delay is set to 0 milliseconds

2020-06-05 13:12:59 - [MESSAGE][PASSED] - Browser is opened with url: ''

2020-06-05 13:12:59 - [TEST_STEP][PASSED] - navigateToUrl("http://localhost:8065/login"): Navigate to 'http://localhost:8065/login' successfully

2020-06-05 13:13:01 - [MESSAGE][PASSED] - Navigate to 'http://localhost:8065/login' successfully

2020-06-05 13:13:01 - [TEST_STEP][PASSED] - setText(findTestObject("Object Repository/1612427/02_ChangePassword/Page_Mattermost/input_All team communication in one place s_703ef5"), "hcmus-cdnc"): Text 'hcmus-cdnc' is set on object 'Object Repository/1612427/02_ChangePassword/Page_Mattermost/input_All team communication in one place s_703ef5'

2020-06-05 13:13:03 - [MESSAGE][PASSED] - Text 'hcmus-cdnc' is set on object 'Object Repository/1612427/02_ChangePassword/Page_Mattermost/input_All team communication in one place s_703ef5'

2020-06-05 13:13:03 - [TEST_STEP][PASSED] - setEncryptedText(findTestObject("Object Repository/1612427/02_ChangePassword/Page_Mattermost/input_All team communication in one place s_2f2733"), "aeHFOx8jV/A="): Text ****** has been set on object 'Object Repository/1612427/02_ChangePassword/Page_Mattermost/input_All team communication in one place s_2f2733'

2020-06-05 13:13:04 - [MESSAGE][PASSED] - Text ****** has been set on object 'Object Repository/1612427/02_ChangePassword/Page_Mattermost/input_All team communication in one place s_2f2733'

2020-06-05 13:13:04 - [TEST_STEP][PASSED] - click(findTestObject("Object Repository/1612427/02_ChangePassword/Page_Mattermost/span_Sign in")): Object: 'Object Repository/1612427/02_ChangePassword/Page_Mattermost/span_Sign in' is clicked on

2020-06-05 13:13:04 - [MESSAGE][PASSED] - Object: 'Object Repository/1612427/02_ChangePassword/Page_Mattermost/span_Sign in' is clicked on

2020-06-05 13:13:04 - [TEST_STEP][PASSED] - click(findTestObject("Object Repository/1612427/02_ChangePassword/Page_Town Square - minus Mattermost/span")): Object: 'Object Repository/1612427/02_ChangePassword/Page_Town Square - minus Mattermost/span' is clicked on

2020-06-05 13:13:08 - [MESSAGE][PASSED] - Object: 'Object Repository/1612427/02_ChangePassword/Page_Town Square - minus Mattermost/span' is clicked on

2020-06-05 13:13:08 - [TEST_STEP][PASSED] - click(findTestObject("Object Repository/1612427/02_ChangePassword/Page_Town Square - minus Mattermost/span_Account Settings")): Object: 'Object Repository/1612427/02_ChangePassword/Page_Town Square - minus Mattermost/span_Account Settings' is clicked on

2020-06-05 13:13:09 - [MESSAGE][PASSED] - Object: 'Object Repository/1612427/02_ChangePassword/Page_Town Square - minus Mattermost/span_Account Settings' is clicked on

2020-06-05 13:13:09 - [TEST_STEP][PASSED] - click(findTestObject("Object Repository/1612427/03_ChangeName/Page_Town Square - minus Mattermost/span_Edit")): Object: 'Object Repository/1612427/03_ChangeName/Page_Town Square - minus Mattermost/span_Edit' is clicked on

2020-06-05 13:13:10 - [MESSAGE][PASSED] - Object: 'Object Repository/1612427/03_ChangeName/Page_Town Square - minus Mattermost/span_Edit' is clicked on

2020-06-05 13:13:10 - [TEST_STEP][PASSED] - click(findTestObject("Object Repository/1612427/03_ChangeName/Page_Town Square - minus Mattermost/div_First Name")): Object: 'Object Repository/1612427/03_ChangeName/Page_Town Square - minus Mattermost/div_First Name' is clicked on

2020-06-05 13:13:10 - [MESSAGE][PASSED] - Object: 'Object Repository/1612427/03_ChangeName/Page_Town Square - minus Mattermost/div_First Name' is clicked on

2020-06-05 13:13:10 - [TEST_STEP][PASSED] - setText(findTestObject("Object Repository/1612427/03_ChangeName/Page_Town Square - minus Mattermost/input_First Name_firstName"), firstname): Text 'Hoàng' is set on object 'Object Repository/1612427/03_ChangeName/Page_Town Square - minus Mattermost/input_First Name_firstName'

2020-06-05 13:13:11 - [MESSAGE][PASSED] - Text 'Hoàng' is set on object 'Object Repository/1612427/03_ChangeName/Page_Town Square - minus Mattermost/input_First Name_firstName'

2020-06-05 13:13:11 - [TEST_STEP][PASSED] - click(findTestObject("Object Repository/1612427/03_ChangeName/Page_Town Square - minus Mattermost/div_Last Name")): Object: 'Object Repository/1612427/03_ChangeName/Page_Town Square - minus Mattermost/div_Last Name' is clicked on

2020-06-05 13:13:11 - [MESSAGE][PASSED] - Object: 'Object Repository/1612427/03_ChangeName/Page_Town Square - minus Mattermost/div_Last Name' is clicked on

2020-06-05 13:13:11 - [TEST_STEP][PASSED] - setText(findTestObject("Object Repository/1612427/03_ChangeName/Page_Town Square - minus Mattermost/input_Last Name_lastName"), lastname): Text 'Huy Lịch' is set on object 'Object Repository/1612427/03_ChangeName/Page_Town Square - minus Mattermost/input_Last Name_lastName'

2020-06-05 13:13:12 - [MESSAGE][PASSED] - Text 'Huy Lịch' is set on object 'Object Repository/1612427/03_ChangeName/Page_Town Square - minus Mattermost/input_Last Name_lastName'

2020-06-05 13:13:12 - [TEST_STEP][PASSED] - click(findTestObject("Object Repository/1612427/03_ChangeName/Page_Town Square - minus Mattermost/span_Save")): Object: 'Object Repository/1612427/03_ChangeName/Page_Town Square - minus Mattermost/span_Save' is clicked on

2020-06-05 13:13:13 - [MESSAGE][PASSED] - Object: 'Object Repository/1612427/03_ChangeName/Page_Town Square - minus Mattermost/span_Save' is clicked on

2020-06-05 13:13:13 - [TEST_STEP][PASSED] - closeBrowser(): Browser is closed

2020-06-05 13:13:14 - [MESSAGE][PASSED] - Browser is closed]]></system-out>
         <system-err><![CDATA[]]></system-err>
      </testcase>
      <testcase name="Test Cases/1612427/03_ChangeName" time="18.418" classname="Test Cases/1612427/03_ChangeName" status="PASSED">
         <system-out><![CDATA[2020-06-05 13:13:14 - [TEST_CASE][PASSED] - Test Cases/1612427/03_ChangeName: Test Cases/1612427/03_ChangeName

2020-06-05 13:13:14 - [TEST_STEP][PASSED] - openBrowser(""): Browser is opened with url: ''

2020-06-05 13:13:14 - [MESSAGE][INFO] - Starting 'Chrome' driver

2020-06-05 13:13:14 - [MESSAGE][INFO] - Action delay is set to 0 milliseconds

2020-06-05 13:13:17 - [MESSAGE][PASSED] - Browser is opened with url: ''

2020-06-05 13:13:17 - [TEST_STEP][PASSED] - navigateToUrl("http://localhost:8065/login"): Navigate to 'http://localhost:8065/login' successfully

2020-06-05 13:13:19 - [MESSAGE][PASSED] - Navigate to 'http://localhost:8065/login' successfully

2020-06-05 13:13:19 - [TEST_STEP][PASSED] - setText(findTestObject("Object Repository/1612427/02_ChangePassword/Page_Mattermost/input_All team communication in one place s_703ef5"), "hcmus-cdnc"): Text 'hcmus-cdnc' is set on object 'Object Repository/1612427/02_ChangePassword/Page_Mattermost/input_All team communication in one place s_703ef5'

2020-06-05 13:13:21 - [MESSAGE][PASSED] - Text 'hcmus-cdnc' is set on object 'Object Repository/1612427/02_ChangePassword/Page_Mattermost/input_All team communication in one place s_703ef5'

2020-06-05 13:13:21 - [TEST_STEP][PASSED] - setEncryptedText(findTestObject("Object Repository/1612427/02_ChangePassword/Page_Mattermost/input_All team communication in one place s_2f2733"), "aeHFOx8jV/A="): Text ****** has been set on object 'Object Repository/1612427/02_ChangePassword/Page_Mattermost/input_All team communication in one place s_2f2733'

2020-06-05 13:13:22 - [MESSAGE][PASSED] - Text ****** has been set on object 'Object Repository/1612427/02_ChangePassword/Page_Mattermost/input_All team communication in one place s_2f2733'

2020-06-05 13:13:22 - [TEST_STEP][PASSED] - click(findTestObject("Object Repository/1612427/02_ChangePassword/Page_Mattermost/span_Sign in")): Object: 'Object Repository/1612427/02_ChangePassword/Page_Mattermost/span_Sign in' is clicked on

2020-06-05 13:13:22 - [MESSAGE][PASSED] - Object: 'Object Repository/1612427/02_ChangePassword/Page_Mattermost/span_Sign in' is clicked on

2020-06-05 13:13:22 - [TEST_STEP][PASSED] - click(findTestObject("Object Repository/1612427/02_ChangePassword/Page_Town Square - minus Mattermost/span")): Object: 'Object Repository/1612427/02_ChangePassword/Page_Town Square - minus Mattermost/span' is clicked on

2020-06-05 13:13:26 - [MESSAGE][PASSED] - Object: 'Object Repository/1612427/02_ChangePassword/Page_Town Square - minus Mattermost/span' is clicked on

2020-06-05 13:13:26 - [TEST_STEP][PASSED] - click(findTestObject("Object Repository/1612427/02_ChangePassword/Page_Town Square - minus Mattermost/span_Account Settings")): Object: 'Object Repository/1612427/02_ChangePassword/Page_Town Square - minus Mattermost/span_Account Settings' is clicked on

2020-06-05 13:13:27 - [MESSAGE][PASSED] - Object: 'Object Repository/1612427/02_ChangePassword/Page_Town Square - minus Mattermost/span_Account Settings' is clicked on

2020-06-05 13:13:27 - [TEST_STEP][PASSED] - click(findTestObject("Object Repository/1612427/03_ChangeName/Page_Town Square - minus Mattermost/span_Edit")): Object: 'Object Repository/1612427/03_ChangeName/Page_Town Square - minus Mattermost/span_Edit' is clicked on

2020-06-05 13:13:28 - [MESSAGE][PASSED] - Object: 'Object Repository/1612427/03_ChangeName/Page_Town Square - minus Mattermost/span_Edit' is clicked on

2020-06-05 13:13:28 - [TEST_STEP][PASSED] - click(findTestObject("Object Repository/1612427/03_ChangeName/Page_Town Square - minus Mattermost/div_First Name")): Object: 'Object Repository/1612427/03_ChangeName/Page_Town Square - minus Mattermost/div_First Name' is clicked on

2020-06-05 13:13:28 - [MESSAGE][PASSED] - Object: 'Object Repository/1612427/03_ChangeName/Page_Town Square - minus Mattermost/div_First Name' is clicked on

2020-06-05 13:13:28 - [TEST_STEP][PASSED] - setText(findTestObject("Object Repository/1612427/03_ChangeName/Page_Town Square - minus Mattermost/input_First Name_firstName"), firstname): Text 'Lê' is set on object 'Object Repository/1612427/03_ChangeName/Page_Town Square - minus Mattermost/input_First Name_firstName'

2020-06-05 13:13:29 - [MESSAGE][PASSED] - Text 'Lê' is set on object 'Object Repository/1612427/03_ChangeName/Page_Town Square - minus Mattermost/input_First Name_firstName'

2020-06-05 13:13:29 - [TEST_STEP][PASSED] - click(findTestObject("Object Repository/1612427/03_ChangeName/Page_Town Square - minus Mattermost/div_Last Name")): Object: 'Object Repository/1612427/03_ChangeName/Page_Town Square - minus Mattermost/div_Last Name' is clicked on

2020-06-05 13:13:30 - [MESSAGE][PASSED] - Object: 'Object Repository/1612427/03_ChangeName/Page_Town Square - minus Mattermost/div_Last Name' is clicked on

2020-06-05 13:13:30 - [TEST_STEP][PASSED] - setText(findTestObject("Object Repository/1612427/03_ChangeName/Page_Town Square - minus Mattermost/input_Last Name_lastName"), lastname): Text 'Đức Truyền' is set on object 'Object Repository/1612427/03_ChangeName/Page_Town Square - minus Mattermost/input_Last Name_lastName'

2020-06-05 13:13:31 - [MESSAGE][PASSED] - Text 'Đức Truyền' is set on object 'Object Repository/1612427/03_ChangeName/Page_Town Square - minus Mattermost/input_Last Name_lastName'

2020-06-05 13:13:31 - [TEST_STEP][PASSED] - click(findTestObject("Object Repository/1612427/03_ChangeName/Page_Town Square - minus Mattermost/span_Save")): Object: 'Object Repository/1612427/03_ChangeName/Page_Town Square - minus Mattermost/span_Save' is clicked on

2020-06-05 13:13:31 - [MESSAGE][PASSED] - Object: 'Object Repository/1612427/03_ChangeName/Page_Town Square - minus Mattermost/span_Save' is clicked on

2020-06-05 13:13:31 - [TEST_STEP][PASSED] - closeBrowser(): Browser is closed

2020-06-05 13:13:32 - [MESSAGE][PASSED] - Browser is closed]]></system-out>
         <system-err><![CDATA[]]></system-err>
      </testcase>
      <testcase name="Test Cases/1612427/03_ChangeName" time="18.564" classname="Test Cases/1612427/03_ChangeName" status="PASSED">
         <system-out><![CDATA[2020-06-05 13:13:32 - [TEST_CASE][PASSED] - Test Cases/1612427/03_ChangeName: Test Cases/1612427/03_ChangeName

2020-06-05 13:13:32 - [TEST_STEP][PASSED] - openBrowser(""): Browser is opened with url: ''

2020-06-05 13:13:32 - [MESSAGE][INFO] - Starting 'Chrome' driver

2020-06-05 13:13:32 - [MESSAGE][INFO] - Action delay is set to 0 milliseconds

2020-06-05 13:13:36 - [MESSAGE][PASSED] - Browser is opened with url: ''

2020-06-05 13:13:36 - [TEST_STEP][PASSED] - navigateToUrl("http://localhost:8065/login"): Navigate to 'http://localhost:8065/login' successfully

2020-06-05 13:13:37 - [MESSAGE][PASSED] - Navigate to 'http://localhost:8065/login' successfully

2020-06-05 13:13:37 - [TEST_STEP][PASSED] - setText(findTestObject("Object Repository/1612427/02_ChangePassword/Page_Mattermost/input_All team communication in one place s_703ef5"), "hcmus-cdnc"): Text 'hcmus-cdnc' is set on object 'Object Repository/1612427/02_ChangePassword/Page_Mattermost/input_All team communication in one place s_703ef5'

2020-06-05 13:13:39 - [MESSAGE][PASSED] - Text 'hcmus-cdnc' is set on object 'Object Repository/1612427/02_ChangePassword/Page_Mattermost/input_All team communication in one place s_703ef5'

2020-06-05 13:13:39 - [TEST_STEP][PASSED] - setEncryptedText(findTestObject("Object Repository/1612427/02_ChangePassword/Page_Mattermost/input_All team communication in one place s_2f2733"), "aeHFOx8jV/A="): Text ****** has been set on object 'Object Repository/1612427/02_ChangePassword/Page_Mattermost/input_All team communication in one place s_2f2733'

2020-06-05 13:13:40 - [MESSAGE][PASSED] - Text ****** has been set on object 'Object Repository/1612427/02_ChangePassword/Page_Mattermost/input_All team communication in one place s_2f2733'

2020-06-05 13:13:40 - [TEST_STEP][PASSED] - click(findTestObject("Object Repository/1612427/02_ChangePassword/Page_Mattermost/span_Sign in")): Object: 'Object Repository/1612427/02_ChangePassword/Page_Mattermost/span_Sign in' is clicked on

2020-06-05 13:13:41 - [MESSAGE][PASSED] - Object: 'Object Repository/1612427/02_ChangePassword/Page_Mattermost/span_Sign in' is clicked on

2020-06-05 13:13:41 - [TEST_STEP][PASSED] - click(findTestObject("Object Repository/1612427/02_ChangePassword/Page_Town Square - minus Mattermost/span")): Object: 'Object Repository/1612427/02_ChangePassword/Page_Town Square - minus Mattermost/span' is clicked on

2020-06-05 13:13:44 - [MESSAGE][PASSED] - Object: 'Object Repository/1612427/02_ChangePassword/Page_Town Square - minus Mattermost/span' is clicked on

2020-06-05 13:13:44 - [TEST_STEP][PASSED] - click(findTestObject("Object Repository/1612427/02_ChangePassword/Page_Town Square - minus Mattermost/span_Account Settings")): Object: 'Object Repository/1612427/02_ChangePassword/Page_Town Square - minus Mattermost/span_Account Settings' is clicked on

2020-06-05 13:13:45 - [MESSAGE][PASSED] - Object: 'Object Repository/1612427/02_ChangePassword/Page_Town Square - minus Mattermost/span_Account Settings' is clicked on

2020-06-05 13:13:45 - [TEST_STEP][PASSED] - click(findTestObject("Object Repository/1612427/03_ChangeName/Page_Town Square - minus Mattermost/span_Edit")): Object: 'Object Repository/1612427/03_ChangeName/Page_Town Square - minus Mattermost/span_Edit' is clicked on

2020-06-05 13:13:46 - [MESSAGE][PASSED] - Object: 'Object Repository/1612427/03_ChangeName/Page_Town Square - minus Mattermost/span_Edit' is clicked on

2020-06-05 13:13:46 - [TEST_STEP][PASSED] - click(findTestObject("Object Repository/1612427/03_ChangeName/Page_Town Square - minus Mattermost/div_First Name")): Object: 'Object Repository/1612427/03_ChangeName/Page_Town Square - minus Mattermost/div_First Name' is clicked on

2020-06-05 13:13:47 - [MESSAGE][PASSED] - Object: 'Object Repository/1612427/03_ChangeName/Page_Town Square - minus Mattermost/div_First Name' is clicked on

2020-06-05 13:13:47 - [TEST_STEP][PASSED] - setText(findTestObject("Object Repository/1612427/03_ChangeName/Page_Town Square - minus Mattermost/input_First Name_firstName"), firstname): Text 'Trương' is set on object 'Object Repository/1612427/03_ChangeName/Page_Town Square - minus Mattermost/input_First Name_firstName'

2020-06-05 13:13:48 - [MESSAGE][PASSED] - Text 'Trương' is set on object 'Object Repository/1612427/03_ChangeName/Page_Town Square - minus Mattermost/input_First Name_firstName'

2020-06-05 13:13:48 - [TEST_STEP][PASSED] - click(findTestObject("Object Repository/1612427/03_ChangeName/Page_Town Square - minus Mattermost/div_Last Name")): Object: 'Object Repository/1612427/03_ChangeName/Page_Town Square - minus Mattermost/div_Last Name' is clicked on

2020-06-05 13:13:48 - [MESSAGE][PASSED] - Object: 'Object Repository/1612427/03_ChangeName/Page_Town Square - minus Mattermost/div_Last Name' is clicked on

2020-06-05 13:13:48 - [TEST_STEP][PASSED] - setText(findTestObject("Object Repository/1612427/03_ChangeName/Page_Town Square - minus Mattermost/input_Last Name_lastName"), lastname): Text 'Quang Lộc' is set on object 'Object Repository/1612427/03_ChangeName/Page_Town Square - minus Mattermost/input_Last Name_lastName'

2020-06-05 13:13:49 - [MESSAGE][PASSED] - Text 'Quang Lộc' is set on object 'Object Repository/1612427/03_ChangeName/Page_Town Square - minus Mattermost/input_Last Name_lastName'

2020-06-05 13:13:49 - [TEST_STEP][PASSED] - click(findTestObject("Object Repository/1612427/03_ChangeName/Page_Town Square - minus Mattermost/span_Save")): Object: 'Object Repository/1612427/03_ChangeName/Page_Town Square - minus Mattermost/span_Save' is clicked on

2020-06-05 13:13:50 - [MESSAGE][PASSED] - Object: 'Object Repository/1612427/03_ChangeName/Page_Town Square - minus Mattermost/span_Save' is clicked on

2020-06-05 13:13:50 - [TEST_STEP][PASSED] - closeBrowser(): Browser is closed

2020-06-05 13:13:51 - [MESSAGE][PASSED] - Browser is closed]]></system-out>
         <system-err><![CDATA[]]></system-err>
      </testcase>
      <testcase name="Test Cases/1612427/04_ChangeNickname" time="17.12" classname="Test Cases/1612427/04_ChangeNickname" status="PASSED">
         <system-out><![CDATA[2020-06-05 13:13:51 - [TEST_CASE][PASSED] - Test Cases/1612427/04_ChangeNickname: Test Cases/1612427/04_ChangeNickname

2020-06-05 13:13:51 - [TEST_STEP][PASSED] - openBrowser(""): Browser is opened with url: ''

2020-06-05 13:13:51 - [MESSAGE][INFO] - Starting 'Chrome' driver

2020-06-05 13:13:51 - [MESSAGE][INFO] - Action delay is set to 0 milliseconds

2020-06-05 13:13:55 - [MESSAGE][PASSED] - Browser is opened with url: ''

2020-06-05 13:13:55 - [TEST_STEP][PASSED] - navigateToUrl("http://localhost:8065/login"): Navigate to 'http://localhost:8065/login' successfully

2020-06-05 13:13:56 - [MESSAGE][PASSED] - Navigate to 'http://localhost:8065/login' successfully

2020-06-05 13:13:56 - [TEST_STEP][PASSED] - setText(findTestObject("Object Repository/1612427/02_ChangePassword/Page_Mattermost/input_All team communication in one place s_703ef5"), "hcmus-cdnc"): Text 'hcmus-cdnc' is set on object 'Object Repository/1612427/02_ChangePassword/Page_Mattermost/input_All team communication in one place s_703ef5'

2020-06-05 13:13:59 - [MESSAGE][PASSED] - Text 'hcmus-cdnc' is set on object 'Object Repository/1612427/02_ChangePassword/Page_Mattermost/input_All team communication in one place s_703ef5'

2020-06-05 13:13:59 - [TEST_STEP][PASSED] - setEncryptedText(findTestObject("Object Repository/1612427/02_ChangePassword/Page_Mattermost/input_All team communication in one place s_2f2733"), "aeHFOx8jV/A="): Text ****** has been set on object 'Object Repository/1612427/02_ChangePassword/Page_Mattermost/input_All team communication in one place s_2f2733'

2020-06-05 13:13:59 - [MESSAGE][PASSED] - Text ****** has been set on object 'Object Repository/1612427/02_ChangePassword/Page_Mattermost/input_All team communication in one place s_2f2733'

2020-06-05 13:13:59 - [TEST_STEP][PASSED] - click(findTestObject("Object Repository/1612427/02_ChangePassword/Page_Mattermost/span_Sign in")): Object: 'Object Repository/1612427/02_ChangePassword/Page_Mattermost/span_Sign in' is clicked on

2020-06-05 13:14:00 - [MESSAGE][PASSED] - Object: 'Object Repository/1612427/02_ChangePassword/Page_Mattermost/span_Sign in' is clicked on

2020-06-05 13:14:00 - [TEST_STEP][PASSED] - click(findTestObject("Object Repository/1612427/02_ChangePassword/Page_Town Square - minus Mattermost/span")): Object: 'Object Repository/1612427/02_ChangePassword/Page_Town Square - minus Mattermost/span' is clicked on

2020-06-05 13:14:04 - [MESSAGE][PASSED] - Object: 'Object Repository/1612427/02_ChangePassword/Page_Town Square - minus Mattermost/span' is clicked on

2020-06-05 13:14:04 - [TEST_STEP][PASSED] - click(findTestObject("Object Repository/1612427/02_ChangePassword/Page_Town Square - minus Mattermost/span_Account Settings")): Object: 'Object Repository/1612427/02_ChangePassword/Page_Town Square - minus Mattermost/span_Account Settings' is clicked on

2020-06-05 13:14:05 - [MESSAGE][PASSED] - Object: 'Object Repository/1612427/02_ChangePassword/Page_Town Square - minus Mattermost/span_Account Settings' is clicked on

2020-06-05 13:14:05 - [TEST_STEP][PASSED] - click(findTestObject("Object Repository/1612427/04_ChangeNickname/Page_Town Square - minus Mattermost/span_Edit")): Object: 'Object Repository/1612427/04_ChangeNickname/Page_Town Square - minus Mattermost/span_Edit' is clicked on

2020-06-05 13:14:05 - [MESSAGE][PASSED] - Object: 'Object Repository/1612427/04_ChangeNickname/Page_Town Square - minus Mattermost/span_Edit' is clicked on

2020-06-05 13:14:05 - [TEST_STEP][PASSED] - setText(findTestObject("Object Repository/1612427/04_ChangeNickname/Page_Town Square - minus Mattermost/input_Nickname_nickname"), nickname): Text 'xuanghjem' is set on object 'Object Repository/1612427/04_ChangeNickname/Page_Town Square - minus Mattermost/input_Nickname_nickname'

2020-06-05 13:14:07 - [MESSAGE][PASSED] - Text 'xuanghjem' is set on object 'Object Repository/1612427/04_ChangeNickname/Page_Town Square - minus Mattermost/input_Nickname_nickname'

2020-06-05 13:14:07 - [TEST_STEP][PASSED] - click(findTestObject("Object Repository/1612427/04_ChangeNickname/Page_Town Square - minus Mattermost/span_Save")): Object: 'Object Repository/1612427/04_ChangeNickname/Page_Town Square - minus Mattermost/span_Save' is clicked on

2020-06-05 13:14:07 - [MESSAGE][PASSED] - Object: 'Object Repository/1612427/04_ChangeNickname/Page_Town Square - minus Mattermost/span_Save' is clicked on

2020-06-05 13:14:07 - [TEST_STEP][PASSED] - closeBrowser(): Browser is closed

2020-06-05 13:14:08 - [MESSAGE][PASSED] - Browser is closed]]></system-out>
         <system-err><![CDATA[]]></system-err>
      </testcase>
      <testcase name="Test Cases/1612427/04_ChangeNickname" time="16.892" classname="Test Cases/1612427/04_ChangeNickname" status="PASSED">
         <system-out><![CDATA[2020-06-05 13:14:08 - [TEST_CASE][PASSED] - Test Cases/1612427/04_ChangeNickname: Test Cases/1612427/04_ChangeNickname

2020-06-05 13:14:08 - [TEST_STEP][PASSED] - openBrowser(""): Browser is opened with url: ''

2020-06-05 13:14:08 - [MESSAGE][INFO] - Starting 'Chrome' driver

2020-06-05 13:14:08 - [MESSAGE][INFO] - Action delay is set to 0 milliseconds

2020-06-05 13:14:12 - [MESSAGE][PASSED] - Browser is opened with url: ''

2020-06-05 13:14:12 - [TEST_STEP][PASSED] - navigateToUrl("http://localhost:8065/login"): Navigate to 'http://localhost:8065/login' successfully

2020-06-05 13:14:13 - [MESSAGE][PASSED] - Navigate to 'http://localhost:8065/login' successfully

2020-06-05 13:14:13 - [TEST_STEP][PASSED] - setText(findTestObject("Object Repository/1612427/02_ChangePassword/Page_Mattermost/input_All team communication in one place s_703ef5"), "hcmus-cdnc"): Text 'hcmus-cdnc' is set on object 'Object Repository/1612427/02_ChangePassword/Page_Mattermost/input_All team communication in one place s_703ef5'

2020-06-05 13:14:15 - [MESSAGE][PASSED] - Text 'hcmus-cdnc' is set on object 'Object Repository/1612427/02_ChangePassword/Page_Mattermost/input_All team communication in one place s_703ef5'

2020-06-05 13:14:15 - [TEST_STEP][PASSED] - setEncryptedText(findTestObject("Object Repository/1612427/02_ChangePassword/Page_Mattermost/input_All team communication in one place s_2f2733"), "aeHFOx8jV/A="): Text ****** has been set on object 'Object Repository/1612427/02_ChangePassword/Page_Mattermost/input_All team communication in one place s_2f2733'

2020-06-05 13:14:16 - [MESSAGE][PASSED] - Text ****** has been set on object 'Object Repository/1612427/02_ChangePassword/Page_Mattermost/input_All team communication in one place s_2f2733'

2020-06-05 13:14:16 - [TEST_STEP][PASSED] - click(findTestObject("Object Repository/1612427/02_ChangePassword/Page_Mattermost/span_Sign in")): Object: 'Object Repository/1612427/02_ChangePassword/Page_Mattermost/span_Sign in' is clicked on

2020-06-05 13:14:16 - [MESSAGE][PASSED] - Object: 'Object Repository/1612427/02_ChangePassword/Page_Mattermost/span_Sign in' is clicked on

2020-06-05 13:14:16 - [TEST_STEP][PASSED] - click(findTestObject("Object Repository/1612427/02_ChangePassword/Page_Town Square - minus Mattermost/span")): Object: 'Object Repository/1612427/02_ChangePassword/Page_Town Square - minus Mattermost/span' is clicked on

2020-06-05 13:14:20 - [MESSAGE][PASSED] - Object: 'Object Repository/1612427/02_ChangePassword/Page_Town Square - minus Mattermost/span' is clicked on

2020-06-05 13:14:20 - [TEST_STEP][PASSED] - click(findTestObject("Object Repository/1612427/02_ChangePassword/Page_Town Square - minus Mattermost/span_Account Settings")): Object: 'Object Repository/1612427/02_ChangePassword/Page_Town Square - minus Mattermost/span_Account Settings' is clicked on

2020-06-05 13:14:21 - [MESSAGE][PASSED] - Object: 'Object Repository/1612427/02_ChangePassword/Page_Town Square - minus Mattermost/span_Account Settings' is clicked on

2020-06-05 13:14:21 - [TEST_STEP][PASSED] - click(findTestObject("Object Repository/1612427/04_ChangeNickname/Page_Town Square - minus Mattermost/span_Edit")): Object: 'Object Repository/1612427/04_ChangeNickname/Page_Town Square - minus Mattermost/span_Edit' is clicked on

2020-06-05 13:14:22 - [MESSAGE][PASSED] - Object: 'Object Repository/1612427/04_ChangeNickname/Page_Town Square - minus Mattermost/span_Edit' is clicked on

2020-06-05 13:14:22 - [TEST_STEP][PASSED] - setText(findTestObject("Object Repository/1612427/04_ChangeNickname/Page_Town Square - minus Mattermost/input_Nickname_nickname"), nickname): Text 'minhhien' is set on object 'Object Repository/1612427/04_ChangeNickname/Page_Town Square - minus Mattermost/input_Nickname_nickname'

2020-06-05 13:14:23 - [MESSAGE][PASSED] - Text 'minhhien' is set on object 'Object Repository/1612427/04_ChangeNickname/Page_Town Square - minus Mattermost/input_Nickname_nickname'

2020-06-05 13:14:23 - [TEST_STEP][PASSED] - click(findTestObject("Object Repository/1612427/04_ChangeNickname/Page_Town Square - minus Mattermost/span_Save")): Object: 'Object Repository/1612427/04_ChangeNickname/Page_Town Square - minus Mattermost/span_Save' is clicked on

2020-06-05 13:14:24 - [MESSAGE][PASSED] - Object: 'Object Repository/1612427/04_ChangeNickname/Page_Town Square - minus Mattermost/span_Save' is clicked on

2020-06-05 13:14:24 - [TEST_STEP][PASSED] - closeBrowser(): Browser is closed

2020-06-05 13:14:25 - [MESSAGE][PASSED] - Browser is closed]]></system-out>
         <system-err><![CDATA[]]></system-err>
      </testcase>
      <testcase name="Test Cases/1612427/04_ChangeNickname" time="17.939" classname="Test Cases/1612427/04_ChangeNickname" status="PASSED">
         <system-out><![CDATA[2020-06-05 13:14:25 - [TEST_CASE][PASSED] - Test Cases/1612427/04_ChangeNickname: Test Cases/1612427/04_ChangeNickname

2020-06-05 13:14:25 - [TEST_STEP][PASSED] - openBrowser(""): Browser is opened with url: ''

2020-06-05 13:14:25 - [MESSAGE][INFO] - Starting 'Chrome' driver

2020-06-05 13:14:25 - [MESSAGE][INFO] - Action delay is set to 0 milliseconds

2020-06-05 13:14:28 - [MESSAGE][PASSED] - Browser is opened with url: ''

2020-06-05 13:14:28 - [TEST_STEP][PASSED] - navigateToUrl("http://localhost:8065/login"): Navigate to 'http://localhost:8065/login' successfully

2020-06-05 13:14:30 - [MESSAGE][PASSED] - Navigate to 'http://localhost:8065/login' successfully

2020-06-05 13:14:30 - [TEST_STEP][PASSED] - setText(findTestObject("Object Repository/1612427/02_ChangePassword/Page_Mattermost/input_All team communication in one place s_703ef5"), "hcmus-cdnc"): Text 'hcmus-cdnc' is set on object 'Object Repository/1612427/02_ChangePassword/Page_Mattermost/input_All team communication in one place s_703ef5'

2020-06-05 13:14:33 - [MESSAGE][PASSED] - Text 'hcmus-cdnc' is set on object 'Object Repository/1612427/02_ChangePassword/Page_Mattermost/input_All team communication in one place s_703ef5'

2020-06-05 13:14:33 - [TEST_STEP][PASSED] - setEncryptedText(findTestObject("Object Repository/1612427/02_ChangePassword/Page_Mattermost/input_All team communication in one place s_2f2733"), "aeHFOx8jV/A="): Text ****** has been set on object 'Object Repository/1612427/02_ChangePassword/Page_Mattermost/input_All team communication in one place s_2f2733'

2020-06-05 13:14:33 - [MESSAGE][PASSED] - Text ****** has been set on object 'Object Repository/1612427/02_ChangePassword/Page_Mattermost/input_All team communication in one place s_2f2733'

2020-06-05 13:14:33 - [TEST_STEP][PASSED] - click(findTestObject("Object Repository/1612427/02_ChangePassword/Page_Mattermost/span_Sign in")): Object: 'Object Repository/1612427/02_ChangePassword/Page_Mattermost/span_Sign in' is clicked on

2020-06-05 13:14:34 - [MESSAGE][PASSED] - Object: 'Object Repository/1612427/02_ChangePassword/Page_Mattermost/span_Sign in' is clicked on

2020-06-05 13:14:34 - [TEST_STEP][PASSED] - click(findTestObject("Object Repository/1612427/02_ChangePassword/Page_Town Square - minus Mattermost/span")): Object: 'Object Repository/1612427/02_ChangePassword/Page_Town Square - minus Mattermost/span' is clicked on

2020-06-05 13:14:38 - [MESSAGE][PASSED] - Object: 'Object Repository/1612427/02_ChangePassword/Page_Town Square - minus Mattermost/span' is clicked on

2020-06-05 13:14:38 - [TEST_STEP][PASSED] - click(findTestObject("Object Repository/1612427/02_ChangePassword/Page_Town Square - minus Mattermost/span_Account Settings")): Object: 'Object Repository/1612427/02_ChangePassword/Page_Town Square - minus Mattermost/span_Account Settings' is clicked on

2020-06-05 13:14:39 - [MESSAGE][PASSED] - Object: 'Object Repository/1612427/02_ChangePassword/Page_Town Square - minus Mattermost/span_Account Settings' is clicked on

2020-06-05 13:14:39 - [TEST_STEP][PASSED] - click(findTestObject("Object Repository/1612427/04_ChangeNickname/Page_Town Square - minus Mattermost/span_Edit")): Object: 'Object Repository/1612427/04_ChangeNickname/Page_Town Square - minus Mattermost/span_Edit' is clicked on

2020-06-05 13:14:40 - [MESSAGE][PASSED] - Object: 'Object Repository/1612427/04_ChangeNickname/Page_Town Square - minus Mattermost/span_Edit' is clicked on

2020-06-05 13:14:40 - [TEST_STEP][PASSED] - setText(findTestObject("Object Repository/1612427/04_ChangeNickname/Page_Town Square - minus Mattermost/input_Nickname_nickname"), nickname): Text '&&&&&' is set on object 'Object Repository/1612427/04_ChangeNickname/Page_Town Square - minus Mattermost/input_Nickname_nickname'

2020-06-05 13:14:42 - [MESSAGE][PASSED] - Text '&&&&&' is set on object 'Object Repository/1612427/04_ChangeNickname/Page_Town Square - minus Mattermost/input_Nickname_nickname'

2020-06-05 13:14:42 - [TEST_STEP][PASSED] - click(findTestObject("Object Repository/1612427/04_ChangeNickname/Page_Town Square - minus Mattermost/span_Save")): Object: 'Object Repository/1612427/04_ChangeNickname/Page_Town Square - minus Mattermost/span_Save' is clicked on

2020-06-05 13:14:42 - [MESSAGE][PASSED] - Object: 'Object Repository/1612427/04_ChangeNickname/Page_Town Square - minus Mattermost/span_Save' is clicked on

2020-06-05 13:14:42 - [TEST_STEP][PASSED] - closeBrowser(): Browser is closed

2020-06-05 13:14:43 - [MESSAGE][PASSED] - Browser is closed]]></system-out>
         <system-err><![CDATA[]]></system-err>
      </testcase>
      <testcase name="Test Cases/1612427/04_ChangeNickname" time="17.201" classname="Test Cases/1612427/04_ChangeNickname" status="PASSED">
         <system-out><![CDATA[2020-06-05 13:14:43 - [TEST_CASE][PASSED] - Test Cases/1612427/04_ChangeNickname: Test Cases/1612427/04_ChangeNickname

2020-06-05 13:14:43 - [TEST_STEP][PASSED] - openBrowser(""): Browser is opened with url: ''

2020-06-05 13:14:43 - [MESSAGE][INFO] - Starting 'Chrome' driver

2020-06-05 13:14:43 - [MESSAGE][INFO] - Action delay is set to 0 milliseconds

2020-06-05 13:14:46 - [MESSAGE][PASSED] - Browser is opened with url: ''

2020-06-05 13:14:46 - [TEST_STEP][PASSED] - navigateToUrl("http://localhost:8065/login"): Navigate to 'http://localhost:8065/login' successfully

2020-06-05 13:14:49 - [MESSAGE][PASSED] - Navigate to 'http://localhost:8065/login' successfully

2020-06-05 13:14:49 - [TEST_STEP][PASSED] - setText(findTestObject("Object Repository/1612427/02_ChangePassword/Page_Mattermost/input_All team communication in one place s_703ef5"), "hcmus-cdnc"): Text 'hcmus-cdnc' is set on object 'Object Repository/1612427/02_ChangePassword/Page_Mattermost/input_All team communication in one place s_703ef5'

2020-06-05 13:14:50 - [MESSAGE][PASSED] - Text 'hcmus-cdnc' is set on object 'Object Repository/1612427/02_ChangePassword/Page_Mattermost/input_All team communication in one place s_703ef5'

2020-06-05 13:14:50 - [TEST_STEP][PASSED] - setEncryptedText(findTestObject("Object Repository/1612427/02_ChangePassword/Page_Mattermost/input_All team communication in one place s_2f2733"), "aeHFOx8jV/A="): Text ****** has been set on object 'Object Repository/1612427/02_ChangePassword/Page_Mattermost/input_All team communication in one place s_2f2733'

2020-06-05 13:14:51 - [MESSAGE][PASSED] - Text ****** has been set on object 'Object Repository/1612427/02_ChangePassword/Page_Mattermost/input_All team communication in one place s_2f2733'

2020-06-05 13:14:51 - [TEST_STEP][PASSED] - click(findTestObject("Object Repository/1612427/02_ChangePassword/Page_Mattermost/span_Sign in")): Object: 'Object Repository/1612427/02_ChangePassword/Page_Mattermost/span_Sign in' is clicked on

2020-06-05 13:14:52 - [MESSAGE][PASSED] - Object: 'Object Repository/1612427/02_ChangePassword/Page_Mattermost/span_Sign in' is clicked on

2020-06-05 13:14:52 - [TEST_STEP][PASSED] - click(findTestObject("Object Repository/1612427/02_ChangePassword/Page_Town Square - minus Mattermost/span")): Object: 'Object Repository/1612427/02_ChangePassword/Page_Town Square - minus Mattermost/span' is clicked on

2020-06-05 13:14:56 - [MESSAGE][PASSED] - Object: 'Object Repository/1612427/02_ChangePassword/Page_Town Square - minus Mattermost/span' is clicked on

2020-06-05 13:14:56 - [TEST_STEP][PASSED] - click(findTestObject("Object Repository/1612427/02_ChangePassword/Page_Town Square - minus Mattermost/span_Account Settings")): Object: 'Object Repository/1612427/02_ChangePassword/Page_Town Square - minus Mattermost/span_Account Settings' is clicked on

2020-06-05 13:14:57 - [MESSAGE][PASSED] - Object: 'Object Repository/1612427/02_ChangePassword/Page_Town Square - minus Mattermost/span_Account Settings' is clicked on

2020-06-05 13:14:57 - [TEST_STEP][PASSED] - click(findTestObject("Object Repository/1612427/04_ChangeNickname/Page_Town Square - minus Mattermost/span_Edit")): Object: 'Object Repository/1612427/04_ChangeNickname/Page_Town Square - minus Mattermost/span_Edit' is clicked on

2020-06-05 13:14:58 - [MESSAGE][PASSED] - Object: 'Object Repository/1612427/04_ChangeNickname/Page_Town Square - minus Mattermost/span_Edit' is clicked on

2020-06-05 13:14:58 - [TEST_STEP][PASSED] - setText(findTestObject("Object Repository/1612427/04_ChangeNickname/Page_Town Square - minus Mattermost/input_Nickname_nickname"), nickname): Text 'vanthin' is set on object 'Object Repository/1612427/04_ChangeNickname/Page_Town Square - minus Mattermost/input_Nickname_nickname'

2020-06-05 13:14:59 - [MESSAGE][PASSED] - Text 'vanthin' is set on object 'Object Repository/1612427/04_ChangeNickname/Page_Town Square - minus Mattermost/input_Nickname_nickname'

2020-06-05 13:14:59 - [TEST_STEP][PASSED] - click(findTestObject("Object Repository/1612427/04_ChangeNickname/Page_Town Square - minus Mattermost/span_Save")): Object: 'Object Repository/1612427/04_ChangeNickname/Page_Town Square - minus Mattermost/span_Save' is clicked on

2020-06-05 13:14:59 - [MESSAGE][PASSED] - Object: 'Object Repository/1612427/04_ChangeNickname/Page_Town Square - minus Mattermost/span_Save' is clicked on

2020-06-05 13:14:59 - [TEST_STEP][PASSED] - closeBrowser(): Browser is closed

2020-06-05 13:15:00 - [MESSAGE][PASSED] - Browser is closed]]></system-out>
         <system-err><![CDATA[]]></system-err>
      </testcase>
      <testcase name="Test Cases/1612427/04_ChangeNickname" time="16.038" classname="Test Cases/1612427/04_ChangeNickname" status="PASSED">
         <system-out><![CDATA[2020-06-05 13:15:00 - [TEST_CASE][PASSED] - Test Cases/1612427/04_ChangeNickname: Test Cases/1612427/04_ChangeNickname

2020-06-05 13:15:00 - [TEST_STEP][PASSED] - openBrowser(""): Browser is opened with url: ''

2020-06-05 13:15:00 - [MESSAGE][INFO] - Starting 'Chrome' driver

2020-06-05 13:15:00 - [MESSAGE][INFO] - Action delay is set to 0 milliseconds

2020-06-05 13:15:04 - [MESSAGE][PASSED] - Browser is opened with url: ''

2020-06-05 13:15:04 - [TEST_STEP][PASSED] - navigateToUrl("http://localhost:8065/login"): Navigate to 'http://localhost:8065/login' successfully

2020-06-05 13:15:05 - [MESSAGE][PASSED] - Navigate to 'http://localhost:8065/login' successfully

2020-06-05 13:15:05 - [TEST_STEP][PASSED] - setText(findTestObject("Object Repository/1612427/02_ChangePassword/Page_Mattermost/input_All team communication in one place s_703ef5"), "hcmus-cdnc"): Text 'hcmus-cdnc' is set on object 'Object Repository/1612427/02_ChangePassword/Page_Mattermost/input_All team communication in one place s_703ef5'

2020-06-05 13:15:07 - [MESSAGE][PASSED] - Text 'hcmus-cdnc' is set on object 'Object Repository/1612427/02_ChangePassword/Page_Mattermost/input_All team communication in one place s_703ef5'

2020-06-05 13:15:07 - [TEST_STEP][PASSED] - setEncryptedText(findTestObject("Object Repository/1612427/02_ChangePassword/Page_Mattermost/input_All team communication in one place s_2f2733"), "aeHFOx8jV/A="): Text ****** has been set on object 'Object Repository/1612427/02_ChangePassword/Page_Mattermost/input_All team communication in one place s_2f2733'

2020-06-05 13:15:07 - [MESSAGE][PASSED] - Text ****** has been set on object 'Object Repository/1612427/02_ChangePassword/Page_Mattermost/input_All team communication in one place s_2f2733'

2020-06-05 13:15:07 - [TEST_STEP][PASSED] - click(findTestObject("Object Repository/1612427/02_ChangePassword/Page_Mattermost/span_Sign in")): Object: 'Object Repository/1612427/02_ChangePassword/Page_Mattermost/span_Sign in' is clicked on

2020-06-05 13:15:08 - [MESSAGE][PASSED] - Object: 'Object Repository/1612427/02_ChangePassword/Page_Mattermost/span_Sign in' is clicked on

2020-06-05 13:15:08 - [TEST_STEP][PASSED] - click(findTestObject("Object Repository/1612427/02_ChangePassword/Page_Town Square - minus Mattermost/span")): Object: 'Object Repository/1612427/02_ChangePassword/Page_Town Square - minus Mattermost/span' is clicked on

2020-06-05 13:15:12 - [MESSAGE][PASSED] - Object: 'Object Repository/1612427/02_ChangePassword/Page_Town Square - minus Mattermost/span' is clicked on

2020-06-05 13:15:12 - [TEST_STEP][PASSED] - click(findTestObject("Object Repository/1612427/02_ChangePassword/Page_Town Square - minus Mattermost/span_Account Settings")): Object: 'Object Repository/1612427/02_ChangePassword/Page_Town Square - minus Mattermost/span_Account Settings' is clicked on

2020-06-05 13:15:13 - [MESSAGE][PASSED] - Object: 'Object Repository/1612427/02_ChangePassword/Page_Town Square - minus Mattermost/span_Account Settings' is clicked on

2020-06-05 13:15:13 - [TEST_STEP][PASSED] - click(findTestObject("Object Repository/1612427/04_ChangeNickname/Page_Town Square - minus Mattermost/span_Edit")): Object: 'Object Repository/1612427/04_ChangeNickname/Page_Town Square - minus Mattermost/span_Edit' is clicked on

2020-06-05 13:15:13 - [MESSAGE][PASSED] - Object: 'Object Repository/1612427/04_ChangeNickname/Page_Town Square - minus Mattermost/span_Edit' is clicked on

2020-06-05 13:15:13 - [TEST_STEP][PASSED] - setText(findTestObject("Object Repository/1612427/04_ChangeNickname/Page_Town Square - minus Mattermost/input_Nickname_nickname"), nickname): Text '******' is set on object 'Object Repository/1612427/04_ChangeNickname/Page_Town Square - minus Mattermost/input_Nickname_nickname'

2020-06-05 13:15:15 - [MESSAGE][PASSED] - Text '******' is set on object 'Object Repository/1612427/04_ChangeNickname/Page_Town Square - minus Mattermost/input_Nickname_nickname'

2020-06-05 13:15:15 - [TEST_STEP][PASSED] - click(findTestObject("Object Repository/1612427/04_ChangeNickname/Page_Town Square - minus Mattermost/span_Save")): Object: 'Object Repository/1612427/04_ChangeNickname/Page_Town Square - minus Mattermost/span_Save' is clicked on

2020-06-05 13:15:15 - [MESSAGE][PASSED] - Object: 'Object Repository/1612427/04_ChangeNickname/Page_Town Square - minus Mattermost/span_Save' is clicked on

2020-06-05 13:15:15 - [TEST_STEP][PASSED] - closeBrowser(): Browser is closed

2020-06-05 13:15:16 - [MESSAGE][PASSED] - Browser is closed]]></system-out>
         <system-err><![CDATA[]]></system-err>
      </testcase>
      <testcase name="Test Cases/1612427/05_ChangePosition" time="16.976" classname="Test Cases/1612427/05_ChangePosition" status="PASSED">
         <system-out><![CDATA[2020-06-05 13:15:16 - [TEST_CASE][PASSED] - Test Cases/1612427/05_ChangePosition: Test Cases/1612427/05_ChangePosition

2020-06-05 13:15:16 - [TEST_STEP][PASSED] - openBrowser(""): Browser is opened with url: ''

2020-06-05 13:15:16 - [MESSAGE][INFO] - Starting 'Chrome' driver

2020-06-05 13:15:16 - [MESSAGE][INFO] - Action delay is set to 0 milliseconds

2020-06-05 13:15:20 - [MESSAGE][PASSED] - Browser is opened with url: ''

2020-06-05 13:15:20 - [TEST_STEP][PASSED] - navigateToUrl("http://localhost:8065/login"): Navigate to 'http://localhost:8065/login' successfully

2020-06-05 13:15:22 - [MESSAGE][PASSED] - Navigate to 'http://localhost:8065/login' successfully

2020-06-05 13:15:22 - [TEST_STEP][PASSED] - setText(findTestObject("Object Repository/1612427/05_ChangePosition/Page_Mattermost/input_All team communication in one place s_703ef5"), "hcmus-cdnc"): Text 'hcmus-cdnc' is set on object 'Object Repository/1612427/05_ChangePosition/Page_Mattermost/input_All team communication in one place s_703ef5'

2020-06-05 13:15:24 - [MESSAGE][PASSED] - Text 'hcmus-cdnc' is set on object 'Object Repository/1612427/05_ChangePosition/Page_Mattermost/input_All team communication in one place s_703ef5'

2020-06-05 13:15:24 - [TEST_STEP][PASSED] - setEncryptedText(findTestObject("Object Repository/1612427/05_ChangePosition/Page_Mattermost/input_All team communication in one place s_2f2733"), "aeHFOx8jV/A="): Text ****** has been set on object 'Object Repository/1612427/05_ChangePosition/Page_Mattermost/input_All team communication in one place s_2f2733'

2020-06-05 13:15:24 - [MESSAGE][PASSED] - Text ****** has been set on object 'Object Repository/1612427/05_ChangePosition/Page_Mattermost/input_All team communication in one place s_2f2733'

2020-06-05 13:15:24 - [TEST_STEP][PASSED] - click(findTestObject("Object Repository/1612427/05_ChangePosition/Page_Mattermost/button_Sign in")): Object: 'Object Repository/1612427/05_ChangePosition/Page_Mattermost/button_Sign in' is clicked on

2020-06-05 13:15:25 - [MESSAGE][PASSED] - Object: 'Object Repository/1612427/05_ChangePosition/Page_Mattermost/button_Sign in' is clicked on

2020-06-05 13:15:25 - [TEST_STEP][PASSED] - click(findTestObject("Object Repository/1612427/05_ChangePosition/Page_Town Square - minus Mattermost/button_hcmus-cdnc_style--none sidebar-heade_0f8da4")): Object: 'Object Repository/1612427/05_ChangePosition/Page_Town Square - minus Mattermost/button_hcmus-cdnc_style--none sidebar-heade_0f8da4' is clicked on

2020-06-05 13:15:29 - [MESSAGE][PASSED] - Object: 'Object Repository/1612427/05_ChangePosition/Page_Town Square - minus Mattermost/button_hcmus-cdnc_style--none sidebar-heade_0f8da4' is clicked on

2020-06-05 13:15:29 - [TEST_STEP][PASSED] - click(findTestObject("Object Repository/1612427/05_ChangePosition/Page_Town Square - minus Mattermost/span_Account Settings")): Object: 'Object Repository/1612427/05_ChangePosition/Page_Town Square - minus Mattermost/span_Account Settings' is clicked on

2020-06-05 13:15:30 - [MESSAGE][PASSED] - Object: 'Object Repository/1612427/05_ChangePosition/Page_Town Square - minus Mattermost/span_Account Settings' is clicked on

2020-06-05 13:15:30 - [TEST_STEP][PASSED] - click(findTestObject("Object Repository/1612427/05_ChangePosition/Page_Town Square - minus Mattermost/span_Edit")): Object: 'Object Repository/1612427/05_ChangePosition/Page_Town Square - minus Mattermost/span_Edit' is clicked on

2020-06-05 13:15:31 - [MESSAGE][PASSED] - Object: 'Object Repository/1612427/05_ChangePosition/Page_Town Square - minus Mattermost/span_Edit' is clicked on

2020-06-05 13:15:31 - [TEST_STEP][PASSED] - setText(findTestObject("Object Repository/1612427/05_ChangePosition/Page_Town Square - minus Mattermost/input_Position_position"), position): Text 'developer' is set on object 'Object Repository/1612427/05_ChangePosition/Page_Town Square - minus Mattermost/input_Position_position'

2020-06-05 13:15:32 - [MESSAGE][PASSED] - Text 'developer' is set on object 'Object Repository/1612427/05_ChangePosition/Page_Town Square - minus Mattermost/input_Position_position'

2020-06-05 13:15:32 - [TEST_STEP][PASSED] - click(findTestObject("Object Repository/1612427/05_ChangePosition/Page_Town Square - minus Mattermost/span_Save")): Object: 'Object Repository/1612427/05_ChangePosition/Page_Town Square - minus Mattermost/span_Save' is clicked on

2020-06-05 13:15:32 - [MESSAGE][PASSED] - Object: 'Object Repository/1612427/05_ChangePosition/Page_Town Square - minus Mattermost/span_Save' is clicked on

2020-06-05 13:15:32 - [TEST_STEP][PASSED] - closeBrowser(): Browser is closed

2020-06-05 13:15:33 - [MESSAGE][PASSED] - Browser is closed]]></system-out>
         <system-err><![CDATA[]]></system-err>
      </testcase>
      <testcase name="Test Cases/1612427/05_ChangePosition" time="16.202" classname="Test Cases/1612427/05_ChangePosition" status="PASSED">
         <system-out><![CDATA[2020-06-05 13:15:33 - [TEST_CASE][PASSED] - Test Cases/1612427/05_ChangePosition: Test Cases/1612427/05_ChangePosition

2020-06-05 13:15:33 - [TEST_STEP][PASSED] - openBrowser(""): Browser is opened with url: ''

2020-06-05 13:15:33 - [MESSAGE][INFO] - Starting 'Chrome' driver

2020-06-05 13:15:33 - [MESSAGE][INFO] - Action delay is set to 0 milliseconds

2020-06-05 13:15:37 - [MESSAGE][PASSED] - Browser is opened with url: ''

2020-06-05 13:15:37 - [TEST_STEP][PASSED] - navigateToUrl("http://localhost:8065/login"): Navigate to 'http://localhost:8065/login' successfully

2020-06-05 13:15:38 - [MESSAGE][PASSED] - Navigate to 'http://localhost:8065/login' successfully

2020-06-05 13:15:38 - [TEST_STEP][PASSED] - setText(findTestObject("Object Repository/1612427/05_ChangePosition/Page_Mattermost/input_All team communication in one place s_703ef5"), "hcmus-cdnc"): Text 'hcmus-cdnc' is set on object 'Object Repository/1612427/05_ChangePosition/Page_Mattermost/input_All team communication in one place s_703ef5'

2020-06-05 13:15:40 - [MESSAGE][PASSED] - Text 'hcmus-cdnc' is set on object 'Object Repository/1612427/05_ChangePosition/Page_Mattermost/input_All team communication in one place s_703ef5'

2020-06-05 13:15:40 - [TEST_STEP][PASSED] - setEncryptedText(findTestObject("Object Repository/1612427/05_ChangePosition/Page_Mattermost/input_All team communication in one place s_2f2733"), "aeHFOx8jV/A="): Text ****** has been set on object 'Object Repository/1612427/05_ChangePosition/Page_Mattermost/input_All team communication in one place s_2f2733'

2020-06-05 13:15:41 - [MESSAGE][PASSED] - Text ****** has been set on object 'Object Repository/1612427/05_ChangePosition/Page_Mattermost/input_All team communication in one place s_2f2733'

2020-06-05 13:15:41 - [TEST_STEP][PASSED] - click(findTestObject("Object Repository/1612427/05_ChangePosition/Page_Mattermost/button_Sign in")): Object: 'Object Repository/1612427/05_ChangePosition/Page_Mattermost/button_Sign in' is clicked on

2020-06-05 13:15:41 - [MESSAGE][PASSED] - Object: 'Object Repository/1612427/05_ChangePosition/Page_Mattermost/button_Sign in' is clicked on

2020-06-05 13:15:41 - [TEST_STEP][PASSED] - click(findTestObject("Object Repository/1612427/05_ChangePosition/Page_Town Square - minus Mattermost/button_hcmus-cdnc_style--none sidebar-heade_0f8da4")): Object: 'Object Repository/1612427/05_ChangePosition/Page_Town Square - minus Mattermost/button_hcmus-cdnc_style--none sidebar-heade_0f8da4' is clicked on

2020-06-05 13:15:45 - [MESSAGE][PASSED] - Object: 'Object Repository/1612427/05_ChangePosition/Page_Town Square - minus Mattermost/button_hcmus-cdnc_style--none sidebar-heade_0f8da4' is clicked on

2020-06-05 13:15:45 - [TEST_STEP][PASSED] - click(findTestObject("Object Repository/1612427/05_ChangePosition/Page_Town Square - minus Mattermost/span_Account Settings")): Object: 'Object Repository/1612427/05_ChangePosition/Page_Town Square - minus Mattermost/span_Account Settings' is clicked on

2020-06-05 13:15:46 - [MESSAGE][PASSED] - Object: 'Object Repository/1612427/05_ChangePosition/Page_Town Square - minus Mattermost/span_Account Settings' is clicked on

2020-06-05 13:15:46 - [TEST_STEP][PASSED] - click(findTestObject("Object Repository/1612427/05_ChangePosition/Page_Town Square - minus Mattermost/span_Edit")): Object: 'Object Repository/1612427/05_ChangePosition/Page_Town Square - minus Mattermost/span_Edit' is clicked on

2020-06-05 13:15:47 - [MESSAGE][PASSED] - Object: 'Object Repository/1612427/05_ChangePosition/Page_Town Square - minus Mattermost/span_Edit' is clicked on

2020-06-05 13:15:47 - [TEST_STEP][PASSED] - setText(findTestObject("Object Repository/1612427/05_ChangePosition/Page_Town Square - minus Mattermost/input_Position_position"), position): Text '0' is set on object 'Object Repository/1612427/05_ChangePosition/Page_Town Square - minus Mattermost/input_Position_position'

2020-06-05 13:15:48 - [MESSAGE][PASSED] - Text '0' is set on object 'Object Repository/1612427/05_ChangePosition/Page_Town Square - minus Mattermost/input_Position_position'

2020-06-05 13:15:48 - [TEST_STEP][PASSED] - click(findTestObject("Object Repository/1612427/05_ChangePosition/Page_Town Square - minus Mattermost/span_Save")): Object: 'Object Repository/1612427/05_ChangePosition/Page_Town Square - minus Mattermost/span_Save' is clicked on

2020-06-05 13:15:48 - [MESSAGE][PASSED] - Object: 'Object Repository/1612427/05_ChangePosition/Page_Town Square - minus Mattermost/span_Save' is clicked on

2020-06-05 13:15:48 - [TEST_STEP][PASSED] - closeBrowser(): Browser is closed

2020-06-05 13:15:49 - [MESSAGE][PASSED] - Browser is closed]]></system-out>
         <system-err><![CDATA[]]></system-err>
      </testcase>
      <testcase name="Test Cases/1612427/05_ChangePosition" time="15.751" classname="Test Cases/1612427/05_ChangePosition" status="PASSED">
         <system-out><![CDATA[2020-06-05 13:15:49 - [TEST_CASE][PASSED] - Test Cases/1612427/05_ChangePosition: Test Cases/1612427/05_ChangePosition

2020-06-05 13:15:49 - [TEST_STEP][PASSED] - openBrowser(""): Browser is opened with url: ''

2020-06-05 13:15:49 - [MESSAGE][INFO] - Starting 'Chrome' driver

2020-06-05 13:15:49 - [MESSAGE][INFO] - Action delay is set to 0 milliseconds

2020-06-05 13:15:53 - [MESSAGE][PASSED] - Browser is opened with url: ''

2020-06-05 13:15:53 - [TEST_STEP][PASSED] - navigateToUrl("http://localhost:8065/login"): Navigate to 'http://localhost:8065/login' successfully

2020-06-05 13:15:54 - [MESSAGE][PASSED] - Navigate to 'http://localhost:8065/login' successfully

2020-06-05 13:15:54 - [TEST_STEP][PASSED] - setText(findTestObject("Object Repository/1612427/05_ChangePosition/Page_Mattermost/input_All team communication in one place s_703ef5"), "hcmus-cdnc"): Text 'hcmus-cdnc' is set on object 'Object Repository/1612427/05_ChangePosition/Page_Mattermost/input_All team communication in one place s_703ef5'

2020-06-05 13:15:56 - [MESSAGE][PASSED] - Text 'hcmus-cdnc' is set on object 'Object Repository/1612427/05_ChangePosition/Page_Mattermost/input_All team communication in one place s_703ef5'

2020-06-05 13:15:56 - [TEST_STEP][PASSED] - setEncryptedText(findTestObject("Object Repository/1612427/05_ChangePosition/Page_Mattermost/input_All team communication in one place s_2f2733"), "aeHFOx8jV/A="): Text ****** has been set on object 'Object Repository/1612427/05_ChangePosition/Page_Mattermost/input_All team communication in one place s_2f2733'

2020-06-05 13:15:57 - [MESSAGE][PASSED] - Text ****** has been set on object 'Object Repository/1612427/05_ChangePosition/Page_Mattermost/input_All team communication in one place s_2f2733'

2020-06-05 13:15:57 - [TEST_STEP][PASSED] - click(findTestObject("Object Repository/1612427/05_ChangePosition/Page_Mattermost/button_Sign in")): Object: 'Object Repository/1612427/05_ChangePosition/Page_Mattermost/button_Sign in' is clicked on

2020-06-05 13:15:58 - [MESSAGE][PASSED] - Object: 'Object Repository/1612427/05_ChangePosition/Page_Mattermost/button_Sign in' is clicked on

2020-06-05 13:15:58 - [TEST_STEP][PASSED] - click(findTestObject("Object Repository/1612427/05_ChangePosition/Page_Town Square - minus Mattermost/button_hcmus-cdnc_style--none sidebar-heade_0f8da4")): Object: 'Object Repository/1612427/05_ChangePosition/Page_Town Square - minus Mattermost/button_hcmus-cdnc_style--none sidebar-heade_0f8da4' is clicked on

2020-06-05 13:16:01 - [MESSAGE][PASSED] - Object: 'Object Repository/1612427/05_ChangePosition/Page_Town Square - minus Mattermost/button_hcmus-cdnc_style--none sidebar-heade_0f8da4' is clicked on

2020-06-05 13:16:01 - [TEST_STEP][PASSED] - click(findTestObject("Object Repository/1612427/05_ChangePosition/Page_Town Square - minus Mattermost/span_Account Settings")): Object: 'Object Repository/1612427/05_ChangePosition/Page_Town Square - minus Mattermost/span_Account Settings' is clicked on

2020-06-05 13:16:02 - [MESSAGE][PASSED] - Object: 'Object Repository/1612427/05_ChangePosition/Page_Town Square - minus Mattermost/span_Account Settings' is clicked on

2020-06-05 13:16:02 - [TEST_STEP][PASSED] - click(findTestObject("Object Repository/1612427/05_ChangePosition/Page_Town Square - minus Mattermost/span_Edit")): Object: 'Object Repository/1612427/05_ChangePosition/Page_Town Square - minus Mattermost/span_Edit' is clicked on

2020-06-05 13:16:03 - [MESSAGE][PASSED] - Object: 'Object Repository/1612427/05_ChangePosition/Page_Town Square - minus Mattermost/span_Edit' is clicked on

2020-06-05 13:16:03 - [TEST_STEP][PASSED] - setText(findTestObject("Object Repository/1612427/05_ChangePosition/Page_Town Square - minus Mattermost/input_Position_position"), position): Text '1' is set on object 'Object Repository/1612427/05_ChangePosition/Page_Town Square - minus Mattermost/input_Position_position'

2020-06-05 13:16:04 - [MESSAGE][PASSED] - Text '1' is set on object 'Object Repository/1612427/05_ChangePosition/Page_Town Square - minus Mattermost/input_Position_position'

2020-06-05 13:16:04 - [TEST_STEP][PASSED] - click(findTestObject("Object Repository/1612427/05_ChangePosition/Page_Town Square - minus Mattermost/span_Save")): Object: 'Object Repository/1612427/05_ChangePosition/Page_Town Square - minus Mattermost/span_Save' is clicked on

2020-06-05 13:16:04 - [MESSAGE][PASSED] - Object: 'Object Repository/1612427/05_ChangePosition/Page_Town Square - minus Mattermost/span_Save' is clicked on

2020-06-05 13:16:04 - [TEST_STEP][PASSED] - closeBrowser(): Browser is closed

2020-06-05 13:16:05 - [MESSAGE][PASSED] - Browser is closed]]></system-out>
         <system-err><![CDATA[]]></system-err>
      </testcase>
      <testcase name="Test Cases/1612427/05_ChangePosition" time="18.356" classname="Test Cases/1612427/05_ChangePosition" status="PASSED">
         <system-out><![CDATA[2020-06-05 13:16:05 - [TEST_CASE][PASSED] - Test Cases/1612427/05_ChangePosition: Test Cases/1612427/05_ChangePosition

2020-06-05 13:16:05 - [TEST_STEP][PASSED] - openBrowser(""): Browser is opened with url: ''

2020-06-05 13:16:05 - [MESSAGE][INFO] - Starting 'Chrome' driver

2020-06-05 13:16:05 - [MESSAGE][INFO] - Action delay is set to 0 milliseconds

2020-06-05 13:16:09 - [MESSAGE][PASSED] - Browser is opened with url: ''

2020-06-05 13:16:09 - [TEST_STEP][PASSED] - navigateToUrl("http://localhost:8065/login"): Navigate to 'http://localhost:8065/login' successfully

2020-06-05 13:16:12 - [MESSAGE][PASSED] - Navigate to 'http://localhost:8065/login' successfully

2020-06-05 13:16:12 - [TEST_STEP][PASSED] - setText(findTestObject("Object Repository/1612427/05_ChangePosition/Page_Mattermost/input_All team communication in one place s_703ef5"), "hcmus-cdnc"): Text 'hcmus-cdnc' is set on object 'Object Repository/1612427/05_ChangePosition/Page_Mattermost/input_All team communication in one place s_703ef5'

2020-06-05 13:16:14 - [MESSAGE][PASSED] - Text 'hcmus-cdnc' is set on object 'Object Repository/1612427/05_ChangePosition/Page_Mattermost/input_All team communication in one place s_703ef5'

2020-06-05 13:16:14 - [TEST_STEP][PASSED] - setEncryptedText(findTestObject("Object Repository/1612427/05_ChangePosition/Page_Mattermost/input_All team communication in one place s_2f2733"), "aeHFOx8jV/A="): Text ****** has been set on object 'Object Repository/1612427/05_ChangePosition/Page_Mattermost/input_All team communication in one place s_2f2733'

2020-06-05 13:16:15 - [MESSAGE][PASSED] - Text ****** has been set on object 'Object Repository/1612427/05_ChangePosition/Page_Mattermost/input_All team communication in one place s_2f2733'

2020-06-05 13:16:15 - [TEST_STEP][PASSED] - click(findTestObject("Object Repository/1612427/05_ChangePosition/Page_Mattermost/button_Sign in")): Object: 'Object Repository/1612427/05_ChangePosition/Page_Mattermost/button_Sign in' is clicked on

2020-06-05 13:16:15 - [MESSAGE][PASSED] - Object: 'Object Repository/1612427/05_ChangePosition/Page_Mattermost/button_Sign in' is clicked on

2020-06-05 13:16:15 - [TEST_STEP][PASSED] - click(findTestObject("Object Repository/1612427/05_ChangePosition/Page_Town Square - minus Mattermost/button_hcmus-cdnc_style--none sidebar-heade_0f8da4")): Object: 'Object Repository/1612427/05_ChangePosition/Page_Town Square - minus Mattermost/button_hcmus-cdnc_style--none sidebar-heade_0f8da4' is clicked on

2020-06-05 13:16:19 - [MESSAGE][PASSED] - Object: 'Object Repository/1612427/05_ChangePosition/Page_Town Square - minus Mattermost/button_hcmus-cdnc_style--none sidebar-heade_0f8da4' is clicked on

2020-06-05 13:16:19 - [TEST_STEP][PASSED] - click(findTestObject("Object Repository/1612427/05_ChangePosition/Page_Town Square - minus Mattermost/span_Account Settings")): Object: 'Object Repository/1612427/05_ChangePosition/Page_Town Square - minus Mattermost/span_Account Settings' is clicked on

2020-06-05 13:16:20 - [MESSAGE][PASSED] - Object: 'Object Repository/1612427/05_ChangePosition/Page_Town Square - minus Mattermost/span_Account Settings' is clicked on

2020-06-05 13:16:20 - [TEST_STEP][PASSED] - click(findTestObject("Object Repository/1612427/05_ChangePosition/Page_Town Square - minus Mattermost/span_Edit")): Object: 'Object Repository/1612427/05_ChangePosition/Page_Town Square - minus Mattermost/span_Edit' is clicked on

2020-06-05 13:16:21 - [MESSAGE][PASSED] - Object: 'Object Repository/1612427/05_ChangePosition/Page_Town Square - minus Mattermost/span_Edit' is clicked on

2020-06-05 13:16:21 - [TEST_STEP][PASSED] - setText(findTestObject("Object Repository/1612427/05_ChangePosition/Page_Town Square - minus Mattermost/input_Position_position"), position): Text 'DevOps' is set on object 'Object Repository/1612427/05_ChangePosition/Page_Town Square - minus Mattermost/input_Position_position'

2020-06-05 13:16:22 - [MESSAGE][PASSED] - Text 'DevOps' is set on object 'Object Repository/1612427/05_ChangePosition/Page_Town Square - minus Mattermost/input_Position_position'

2020-06-05 13:16:22 - [TEST_STEP][PASSED] - click(findTestObject("Object Repository/1612427/05_ChangePosition/Page_Town Square - minus Mattermost/span_Save")): Object: 'Object Repository/1612427/05_ChangePosition/Page_Town Square - minus Mattermost/span_Save' is clicked on

2020-06-05 13:16:23 - [MESSAGE][PASSED] - Object: 'Object Repository/1612427/05_ChangePosition/Page_Town Square - minus Mattermost/span_Save' is clicked on

2020-06-05 13:16:23 - [TEST_STEP][PASSED] - closeBrowser(): Browser is closed

2020-06-05 13:16:23 - [MESSAGE][PASSED] - Browser is closed]]></system-out>
         <system-err><![CDATA[]]></system-err>
      </testcase>
      <testcase name="Test Cases/1612427/05_ChangePosition" time="15.908" classname="Test Cases/1612427/05_ChangePosition" status="PASSED">
         <system-out><![CDATA[2020-06-05 13:16:24 - [TEST_CASE][PASSED] - Test Cases/1612427/05_ChangePosition: Test Cases/1612427/05_ChangePosition

2020-06-05 13:16:24 - [TEST_STEP][PASSED] - openBrowser(""): Browser is opened with url: ''

2020-06-05 13:16:24 - [MESSAGE][INFO] - Starting 'Chrome' driver

2020-06-05 13:16:24 - [MESSAGE][INFO] - Action delay is set to 0 milliseconds

2020-06-05 13:16:27 - [MESSAGE][PASSED] - Browser is opened with url: ''

2020-06-05 13:16:27 - [TEST_STEP][PASSED] - navigateToUrl("http://localhost:8065/login"): Navigate to 'http://localhost:8065/login' successfully

2020-06-05 13:16:28 - [MESSAGE][PASSED] - Navigate to 'http://localhost:8065/login' successfully

2020-06-05 13:16:28 - [TEST_STEP][PASSED] - setText(findTestObject("Object Repository/1612427/05_ChangePosition/Page_Mattermost/input_All team communication in one place s_703ef5"), "hcmus-cdnc"): Text 'hcmus-cdnc' is set on object 'Object Repository/1612427/05_ChangePosition/Page_Mattermost/input_All team communication in one place s_703ef5'

2020-06-05 13:16:31 - [MESSAGE][PASSED] - Text 'hcmus-cdnc' is set on object 'Object Repository/1612427/05_ChangePosition/Page_Mattermost/input_All team communication in one place s_703ef5'

2020-06-05 13:16:31 - [TEST_STEP][PASSED] - setEncryptedText(findTestObject("Object Repository/1612427/05_ChangePosition/Page_Mattermost/input_All team communication in one place s_2f2733"), "aeHFOx8jV/A="): Text ****** has been set on object 'Object Repository/1612427/05_ChangePosition/Page_Mattermost/input_All team communication in one place s_2f2733'

2020-06-05 13:16:31 - [MESSAGE][PASSED] - Text ****** has been set on object 'Object Repository/1612427/05_ChangePosition/Page_Mattermost/input_All team communication in one place s_2f2733'

2020-06-05 13:16:31 - [TEST_STEP][PASSED] - click(findTestObject("Object Repository/1612427/05_ChangePosition/Page_Mattermost/button_Sign in")): Object: 'Object Repository/1612427/05_ChangePosition/Page_Mattermost/button_Sign in' is clicked on

2020-06-05 13:16:32 - [MESSAGE][PASSED] - Object: 'Object Repository/1612427/05_ChangePosition/Page_Mattermost/button_Sign in' is clicked on

2020-06-05 13:16:32 - [TEST_STEP][PASSED] - click(findTestObject("Object Repository/1612427/05_ChangePosition/Page_Town Square - minus Mattermost/button_hcmus-cdnc_style--none sidebar-heade_0f8da4")): Object: 'Object Repository/1612427/05_ChangePosition/Page_Town Square - minus Mattermost/button_hcmus-cdnc_style--none sidebar-heade_0f8da4' is clicked on

2020-06-05 13:16:35 - [MESSAGE][PASSED] - Object: 'Object Repository/1612427/05_ChangePosition/Page_Town Square - minus Mattermost/button_hcmus-cdnc_style--none sidebar-heade_0f8da4' is clicked on

2020-06-05 13:16:35 - [TEST_STEP][PASSED] - click(findTestObject("Object Repository/1612427/05_ChangePosition/Page_Town Square - minus Mattermost/span_Account Settings")): Object: 'Object Repository/1612427/05_ChangePosition/Page_Town Square - minus Mattermost/span_Account Settings' is clicked on

2020-06-05 13:16:36 - [MESSAGE][PASSED] - Object: 'Object Repository/1612427/05_ChangePosition/Page_Town Square - minus Mattermost/span_Account Settings' is clicked on

2020-06-05 13:16:36 - [TEST_STEP][PASSED] - click(findTestObject("Object Repository/1612427/05_ChangePosition/Page_Town Square - minus Mattermost/span_Edit")): Object: 'Object Repository/1612427/05_ChangePosition/Page_Town Square - minus Mattermost/span_Edit' is clicked on

2020-06-05 13:16:37 - [MESSAGE][PASSED] - Object: 'Object Repository/1612427/05_ChangePosition/Page_Town Square - minus Mattermost/span_Edit' is clicked on

2020-06-05 13:16:37 - [TEST_STEP][PASSED] - setText(findTestObject("Object Repository/1612427/05_ChangePosition/Page_Town Square - minus Mattermost/input_Position_position"), position): Text 'BA' is set on object 'Object Repository/1612427/05_ChangePosition/Page_Town Square - minus Mattermost/input_Position_position'

2020-06-05 13:16:38 - [MESSAGE][PASSED] - Text 'BA' is set on object 'Object Repository/1612427/05_ChangePosition/Page_Town Square - minus Mattermost/input_Position_position'

2020-06-05 13:16:38 - [TEST_STEP][PASSED] - click(findTestObject("Object Repository/1612427/05_ChangePosition/Page_Town Square - minus Mattermost/span_Save")): Object: 'Object Repository/1612427/05_ChangePosition/Page_Town Square - minus Mattermost/span_Save' is clicked on

2020-06-05 13:16:39 - [MESSAGE][PASSED] - Object: 'Object Repository/1612427/05_ChangePosition/Page_Town Square - minus Mattermost/span_Save' is clicked on

2020-06-05 13:16:39 - [TEST_STEP][PASSED] - closeBrowser(): Browser is closed

2020-06-05 13:16:39 - [MESSAGE][PASSED] - Browser is closed]]></system-out>
         <system-err><![CDATA[]]></system-err>
      </testcase>
      <testcase name="Test Cases/1612427/05_ChangePosition" time="16.845" classname="Test Cases/1612427/05_ChangePosition" status="PASSED">
         <system-out><![CDATA[2020-06-05 13:16:39 - [TEST_CASE][PASSED] - Test Cases/1612427/05_ChangePosition: Test Cases/1612427/05_ChangePosition

2020-06-05 13:16:39 - [TEST_STEP][PASSED] - openBrowser(""): Browser is opened with url: ''

2020-06-05 13:16:39 - [MESSAGE][INFO] - Starting 'Chrome' driver

2020-06-05 13:16:39 - [MESSAGE][INFO] - Action delay is set to 0 milliseconds

2020-06-05 13:16:43 - [MESSAGE][PASSED] - Browser is opened with url: ''

2020-06-05 13:16:43 - [TEST_STEP][PASSED] - navigateToUrl("http://localhost:8065/login"): Navigate to 'http://localhost:8065/login' successfully

2020-06-05 13:16:44 - [MESSAGE][PASSED] - Navigate to 'http://localhost:8065/login' successfully

2020-06-05 13:16:44 - [TEST_STEP][PASSED] - setText(findTestObject("Object Repository/1612427/05_ChangePosition/Page_Mattermost/input_All team communication in one place s_703ef5"), "hcmus-cdnc"): Text 'hcmus-cdnc' is set on object 'Object Repository/1612427/05_ChangePosition/Page_Mattermost/input_All team communication in one place s_703ef5'

2020-06-05 13:16:47 - [MESSAGE][PASSED] - Text 'hcmus-cdnc' is set on object 'Object Repository/1612427/05_ChangePosition/Page_Mattermost/input_All team communication in one place s_703ef5'

2020-06-05 13:16:47 - [TEST_STEP][PASSED] - setEncryptedText(findTestObject("Object Repository/1612427/05_ChangePosition/Page_Mattermost/input_All team communication in one place s_2f2733"), "aeHFOx8jV/A="): Text ****** has been set on object 'Object Repository/1612427/05_ChangePosition/Page_Mattermost/input_All team communication in one place s_2f2733'

2020-06-05 13:16:47 - [MESSAGE][PASSED] - Text ****** has been set on object 'Object Repository/1612427/05_ChangePosition/Page_Mattermost/input_All team communication in one place s_2f2733'

2020-06-05 13:16:47 - [TEST_STEP][PASSED] - click(findTestObject("Object Repository/1612427/05_ChangePosition/Page_Mattermost/button_Sign in")): Object: 'Object Repository/1612427/05_ChangePosition/Page_Mattermost/button_Sign in' is clicked on

2020-06-05 13:16:48 - [MESSAGE][PASSED] - Object: 'Object Repository/1612427/05_ChangePosition/Page_Mattermost/button_Sign in' is clicked on

2020-06-05 13:16:48 - [TEST_STEP][PASSED] - click(findTestObject("Object Repository/1612427/05_ChangePosition/Page_Town Square - minus Mattermost/button_hcmus-cdnc_style--none sidebar-heade_0f8da4")): Object: 'Object Repository/1612427/05_ChangePosition/Page_Town Square - minus Mattermost/button_hcmus-cdnc_style--none sidebar-heade_0f8da4' is clicked on

2020-06-05 13:16:52 - [MESSAGE][PASSED] - Object: 'Object Repository/1612427/05_ChangePosition/Page_Town Square - minus Mattermost/button_hcmus-cdnc_style--none sidebar-heade_0f8da4' is clicked on

2020-06-05 13:16:52 - [TEST_STEP][PASSED] - click(findTestObject("Object Repository/1612427/05_ChangePosition/Page_Town Square - minus Mattermost/span_Account Settings")): Object: 'Object Repository/1612427/05_ChangePosition/Page_Town Square - minus Mattermost/span_Account Settings' is clicked on

2020-06-05 13:16:53 - [MESSAGE][PASSED] - Object: 'Object Repository/1612427/05_ChangePosition/Page_Town Square - minus Mattermost/span_Account Settings' is clicked on

2020-06-05 13:16:53 - [TEST_STEP][PASSED] - click(findTestObject("Object Repository/1612427/05_ChangePosition/Page_Town Square - minus Mattermost/span_Edit")): Object: 'Object Repository/1612427/05_ChangePosition/Page_Town Square - minus Mattermost/span_Edit' is clicked on

2020-06-05 13:16:54 - [MESSAGE][PASSED] - Object: 'Object Repository/1612427/05_ChangePosition/Page_Town Square - minus Mattermost/span_Edit' is clicked on

2020-06-05 13:16:54 - [TEST_STEP][PASSED] - setText(findTestObject("Object Repository/1612427/05_ChangePosition/Page_Town Square - minus Mattermost/input_Position_position"), position): Text 'Team Leader' is set on object 'Object Repository/1612427/05_ChangePosition/Page_Town Square - minus Mattermost/input_Position_position'

2020-06-05 13:16:55 - [MESSAGE][PASSED] - Text 'Team Leader' is set on object 'Object Repository/1612427/05_ChangePosition/Page_Town Square - minus Mattermost/input_Position_position'

2020-06-05 13:16:55 - [TEST_STEP][PASSED] - click(findTestObject("Object Repository/1612427/05_ChangePosition/Page_Town Square - minus Mattermost/span_Save")): Object: 'Object Repository/1612427/05_ChangePosition/Page_Town Square - minus Mattermost/span_Save' is clicked on

2020-06-05 13:16:56 - [MESSAGE][PASSED] - Object: 'Object Repository/1612427/05_ChangePosition/Page_Town Square - minus Mattermost/span_Save' is clicked on

2020-06-05 13:16:56 - [TEST_STEP][PASSED] - closeBrowser(): Browser is closed

2020-06-05 13:16:56 - [MESSAGE][PASSED] - Browser is closed]]></system-out>
         <system-err><![CDATA[]]></system-err>
      </testcase>
      <testcase name="Test Cases/1612427/06_ChangeEmail" time="19.356" classname="Test Cases/1612427/06_ChangeEmail" status="PASSED">
         <system-out><![CDATA[2020-06-05 13:16:56 - [TEST_CASE][PASSED] - Test Cases/1612427/06_ChangeEmail: Test Cases/1612427/06_ChangeEmail

2020-06-05 13:16:57 - [TEST_STEP][PASSED] - openBrowser(""): Browser is opened with url: ''

2020-06-05 13:16:57 - [MESSAGE][INFO] - Starting 'Chrome' driver

2020-06-05 13:16:57 - [MESSAGE][INFO] - Action delay is set to 0 milliseconds

2020-06-05 13:17:00 - [MESSAGE][PASSED] - Browser is opened with url: ''

2020-06-05 13:17:00 - [TEST_STEP][PASSED] - navigateToUrl("http://localhost:8065/login"): Navigate to 'http://localhost:8065/login' successfully

2020-06-05 13:17:02 - [MESSAGE][PASSED] - Navigate to 'http://localhost:8065/login' successfully

2020-06-05 13:17:02 - [TEST_STEP][PASSED] - setText(findTestObject("Object Repository/1612427/06_ChangeEmail/Page_Mattermost/input_All team communication in one place s_703ef5"), "hcmus-cdnc"): Text 'hcmus-cdnc' is set on object 'Object Repository/1612427/06_ChangeEmail/Page_Mattermost/input_All team communication in one place s_703ef5'

2020-06-05 13:17:04 - [MESSAGE][PASSED] - Text 'hcmus-cdnc' is set on object 'Object Repository/1612427/06_ChangeEmail/Page_Mattermost/input_All team communication in one place s_703ef5'

2020-06-05 13:17:04 - [TEST_STEP][PASSED] - click(findTestObject("Object Repository/1612427/06_ChangeEmail/Page_Mattermost/input_All team communication in one place s_703ef5")): Object: 'Object Repository/1612427/06_ChangeEmail/Page_Mattermost/input_All team communication in one place s_703ef5' is clicked on

2020-06-05 13:17:04 - [MESSAGE][PASSED] - Object: 'Object Repository/1612427/06_ChangeEmail/Page_Mattermost/input_All team communication in one place s_703ef5' is clicked on

2020-06-05 13:17:04 - [TEST_STEP][PASSED] - setText(findTestObject("Object Repository/1612427/06_ChangeEmail/Page_Mattermost/input_All team communication in one place s_703ef5"), "hcmus-cdnc"): Text 'hcmus-cdnc' is set on object 'Object Repository/1612427/06_ChangeEmail/Page_Mattermost/input_All team communication in one place s_703ef5'

2020-06-05 13:17:05 - [MESSAGE][PASSED] - Text 'hcmus-cdnc' is set on object 'Object Repository/1612427/06_ChangeEmail/Page_Mattermost/input_All team communication in one place s_703ef5'

2020-06-05 13:17:05 - [TEST_STEP][PASSED] - setEncryptedText(findTestObject("Object Repository/1612427/06_ChangeEmail/Page_Mattermost/input_All team communication in one place s_2f2733"), "aeHFOx8jV/A="): Text ****** has been set on object 'Object Repository/1612427/06_ChangeEmail/Page_Mattermost/input_All team communication in one place s_2f2733'

2020-06-05 13:17:06 - [MESSAGE][PASSED] - Text ****** has been set on object 'Object Repository/1612427/06_ChangeEmail/Page_Mattermost/input_All team communication in one place s_2f2733'

2020-06-05 13:17:06 - [TEST_STEP][PASSED] - click(findTestObject("Object Repository/1612427/06_ChangeEmail/Page_Mattermost/span_Sign in")): Object: 'Object Repository/1612427/06_ChangeEmail/Page_Mattermost/span_Sign in' is clicked on

2020-06-05 13:17:06 - [MESSAGE][PASSED] - Object: 'Object Repository/1612427/06_ChangeEmail/Page_Mattermost/span_Sign in' is clicked on

2020-06-05 13:17:06 - [TEST_STEP][PASSED] - click(findTestObject("Object Repository/1612427/06_ChangeEmail/Page_Town Square - minus Mattermost/svg")): Object: 'Object Repository/1612427/06_ChangeEmail/Page_Town Square - minus Mattermost/svg' is clicked on

2020-06-05 13:17:10 - [MESSAGE][PASSED] - Object: 'Object Repository/1612427/06_ChangeEmail/Page_Town Square - minus Mattermost/svg' is clicked on

2020-06-05 13:17:10 - [TEST_STEP][PASSED] - click(findTestObject("Object Repository/1612427/06_ChangeEmail/Page_Town Square - minus Mattermost/span_Account Settings")): Object: 'Object Repository/1612427/06_ChangeEmail/Page_Town Square - minus Mattermost/span_Account Settings' is clicked on

2020-06-05 13:17:11 - [MESSAGE][PASSED] - Object: 'Object Repository/1612427/06_ChangeEmail/Page_Town Square - minus Mattermost/span_Account Settings' is clicked on

2020-06-05 13:17:11 - [TEST_STEP][PASSED] - click(findTestObject("Object Repository/1612427/06_ChangeEmail/Page_Town Square - minus Mattermost/span_Edit")): Object: 'Object Repository/1612427/06_ChangeEmail/Page_Town Square - minus Mattermost/span_Edit' is clicked on

2020-06-05 13:17:12 - [MESSAGE][PASSED] - Object: 'Object Repository/1612427/06_ChangeEmail/Page_Town Square - minus Mattermost/span_Edit' is clicked on

2020-06-05 13:17:12 - [TEST_STEP][PASSED] - setText(findTestObject("Object Repository/1612427/06_ChangeEmail/Page_Town Square - minus Mattermost/input_New Email_primaryEmail"), email): Text 'xuan@' is set on object 'Object Repository/1612427/06_ChangeEmail/Page_Town Square - minus Mattermost/input_New Email_primaryEmail'

2020-06-05 13:17:13 - [MESSAGE][PASSED] - Text 'xuan@' is set on object 'Object Repository/1612427/06_ChangeEmail/Page_Town Square - minus Mattermost/input_New Email_primaryEmail'

2020-06-05 13:17:13 - [TEST_STEP][PASSED] - setText(findTestObject("Object Repository/1612427/06_ChangeEmail/Page_Town Square - minus Mattermost/input_Confirm Email_confirmEmail"), confirm_email): Text 'xuan@' is set on object 'Object Repository/1612427/06_ChangeEmail/Page_Town Square - minus Mattermost/input_Confirm Email_confirmEmail'

2020-06-05 13:17:14 - [MESSAGE][PASSED] - Text 'xuan@' is set on object 'Object Repository/1612427/06_ChangeEmail/Page_Town Square - minus Mattermost/input_Confirm Email_confirmEmail'

2020-06-05 13:17:14 - [TEST_STEP][PASSED] - setEncryptedText(findTestObject("Object Repository/1612427/06_ChangeEmail/Page_Town Square - minus Mattermost/input_Current Password_currentPassword"), password): Text ****** has been set on object 'Object Repository/1612427/06_ChangeEmail/Page_Town Square - minus Mattermost/input_Current Password_currentPassword'

2020-06-05 13:17:15 - [MESSAGE][PASSED] - Text ****** has been set on object 'Object Repository/1612427/06_ChangeEmail/Page_Town Square - minus Mattermost/input_Current Password_currentPassword'

2020-06-05 13:17:15 - [TEST_STEP][PASSED] - click(findTestObject("Object Repository/1612427/06_ChangeEmail/Page_Town Square - minus Mattermost/span_Save")): Object: 'Object Repository/1612427/06_ChangeEmail/Page_Town Square - minus Mattermost/span_Save' is clicked on

2020-06-05 13:17:15 - [MESSAGE][PASSED] - Object: 'Object Repository/1612427/06_ChangeEmail/Page_Town Square - minus Mattermost/span_Save' is clicked on

2020-06-05 13:17:15 - [TEST_STEP][PASSED] - closeBrowser(): Browser is closed

2020-06-05 13:17:16 - [MESSAGE][PASSED] - Browser is closed]]></system-out>
         <system-err><![CDATA[]]></system-err>
      </testcase>
      <testcase name="Test Cases/1612427/06_ChangeEmail" time="20.625" classname="Test Cases/1612427/06_ChangeEmail" status="PASSED">
         <system-out><![CDATA[2020-06-05 13:17:16 - [TEST_CASE][PASSED] - Test Cases/1612427/06_ChangeEmail: Test Cases/1612427/06_ChangeEmail

2020-06-05 13:17:16 - [TEST_STEP][PASSED] - openBrowser(""): Browser is opened with url: ''

2020-06-05 13:17:16 - [MESSAGE][INFO] - Starting 'Chrome' driver

2020-06-05 13:17:16 - [MESSAGE][INFO] - Action delay is set to 0 milliseconds

2020-06-05 13:17:20 - [MESSAGE][PASSED] - Browser is opened with url: ''

2020-06-05 13:17:20 - [TEST_STEP][PASSED] - navigateToUrl("http://localhost:8065/login"): Navigate to 'http://localhost:8065/login' successfully

2020-06-05 13:17:21 - [MESSAGE][PASSED] - Navigate to 'http://localhost:8065/login' successfully

2020-06-05 13:17:21 - [TEST_STEP][PASSED] - setText(findTestObject("Object Repository/1612427/06_ChangeEmail/Page_Mattermost/input_All team communication in one place s_703ef5"), "hcmus-cdnc"): Text 'hcmus-cdnc' is set on object 'Object Repository/1612427/06_ChangeEmail/Page_Mattermost/input_All team communication in one place s_703ef5'

2020-06-05 13:17:24 - [MESSAGE][PASSED] - Text 'hcmus-cdnc' is set on object 'Object Repository/1612427/06_ChangeEmail/Page_Mattermost/input_All team communication in one place s_703ef5'

2020-06-05 13:17:24 - [TEST_STEP][PASSED] - click(findTestObject("Object Repository/1612427/06_ChangeEmail/Page_Mattermost/input_All team communication in one place s_703ef5")): Object: 'Object Repository/1612427/06_ChangeEmail/Page_Mattermost/input_All team communication in one place s_703ef5' is clicked on

2020-06-05 13:17:24 - [MESSAGE][PASSED] - Object: 'Object Repository/1612427/06_ChangeEmail/Page_Mattermost/input_All team communication in one place s_703ef5' is clicked on

2020-06-05 13:17:24 - [TEST_STEP][PASSED] - setText(findTestObject("Object Repository/1612427/06_ChangeEmail/Page_Mattermost/input_All team communication in one place s_703ef5"), "hcmus-cdnc"): Text 'hcmus-cdnc' is set on object 'Object Repository/1612427/06_ChangeEmail/Page_Mattermost/input_All team communication in one place s_703ef5'

2020-06-05 13:17:25 - [MESSAGE][PASSED] - Text 'hcmus-cdnc' is set on object 'Object Repository/1612427/06_ChangeEmail/Page_Mattermost/input_All team communication in one place s_703ef5'

2020-06-05 13:17:25 - [TEST_STEP][PASSED] - setEncryptedText(findTestObject("Object Repository/1612427/06_ChangeEmail/Page_Mattermost/input_All team communication in one place s_2f2733"), "aeHFOx8jV/A="): Text ****** has been set on object 'Object Repository/1612427/06_ChangeEmail/Page_Mattermost/input_All team communication in one place s_2f2733'

2020-06-05 13:17:26 - [MESSAGE][PASSED] - Text ****** has been set on object 'Object Repository/1612427/06_ChangeEmail/Page_Mattermost/input_All team communication in one place s_2f2733'

2020-06-05 13:17:26 - [TEST_STEP][PASSED] - click(findTestObject("Object Repository/1612427/06_ChangeEmail/Page_Mattermost/span_Sign in")): Object: 'Object Repository/1612427/06_ChangeEmail/Page_Mattermost/span_Sign in' is clicked on

2020-06-05 13:17:26 - [MESSAGE][PASSED] - Object: 'Object Repository/1612427/06_ChangeEmail/Page_Mattermost/span_Sign in' is clicked on

2020-06-05 13:17:26 - [TEST_STEP][PASSED] - click(findTestObject("Object Repository/1612427/06_ChangeEmail/Page_Town Square - minus Mattermost/svg")): Object: 'Object Repository/1612427/06_ChangeEmail/Page_Town Square - minus Mattermost/svg' is clicked on

2020-06-05 13:17:30 - [MESSAGE][PASSED] - Object: 'Object Repository/1612427/06_ChangeEmail/Page_Town Square - minus Mattermost/svg' is clicked on

2020-06-05 13:17:30 - [TEST_STEP][PASSED] - click(findTestObject("Object Repository/1612427/06_ChangeEmail/Page_Town Square - minus Mattermost/span_Account Settings")): Object: 'Object Repository/1612427/06_ChangeEmail/Page_Town Square - minus Mattermost/span_Account Settings' is clicked on

2020-06-05 13:17:31 - [MESSAGE][PASSED] - Object: 'Object Repository/1612427/06_ChangeEmail/Page_Town Square - minus Mattermost/span_Account Settings' is clicked on

2020-06-05 13:17:31 - [TEST_STEP][PASSED] - click(findTestObject("Object Repository/1612427/06_ChangeEmail/Page_Town Square - minus Mattermost/span_Edit")): Object: 'Object Repository/1612427/06_ChangeEmail/Page_Town Square - minus Mattermost/span_Edit' is clicked on

2020-06-05 13:17:32 - [MESSAGE][PASSED] - Object: 'Object Repository/1612427/06_ChangeEmail/Page_Town Square - minus Mattermost/span_Edit' is clicked on

2020-06-05 13:17:32 - [TEST_STEP][PASSED] - setText(findTestObject("Object Repository/1612427/06_ChangeEmail/Page_Town Square - minus Mattermost/input_New Email_primaryEmail"), email): Text 'xuanghjem210@gmail.com' is set on object 'Object Repository/1612427/06_ChangeEmail/Page_Town Square - minus Mattermost/input_New Email_primaryEmail'

2020-06-05 13:17:33 - [MESSAGE][PASSED] - Text 'xuanghjem210@gmail.com' is set on object 'Object Repository/1612427/06_ChangeEmail/Page_Town Square - minus Mattermost/input_New Email_primaryEmail'

2020-06-05 13:17:33 - [TEST_STEP][PASSED] - setText(findTestObject("Object Repository/1612427/06_ChangeEmail/Page_Town Square - minus Mattermost/input_Confirm Email_confirmEmail"), confirm_email): Text 'xuanghjem210@gmail.com' is set on object 'Object Repository/1612427/06_ChangeEmail/Page_Town Square - minus Mattermost/input_Confirm Email_confirmEmail'

2020-06-05 13:17:35 - [MESSAGE][PASSED] - Text 'xuanghjem210@gmail.com' is set on object 'Object Repository/1612427/06_ChangeEmail/Page_Town Square - minus Mattermost/input_Confirm Email_confirmEmail'

2020-06-05 13:17:35 - [TEST_STEP][PASSED] - setEncryptedText(findTestObject("Object Repository/1612427/06_ChangeEmail/Page_Town Square - minus Mattermost/input_Current Password_currentPassword"), password): Text ****** has been set on object 'Object Repository/1612427/06_ChangeEmail/Page_Town Square - minus Mattermost/input_Current Password_currentPassword'

2020-06-05 13:17:35 - [MESSAGE][PASSED] - Text ****** has been set on object 'Object Repository/1612427/06_ChangeEmail/Page_Town Square - minus Mattermost/input_Current Password_currentPassword'

2020-06-05 13:17:35 - [TEST_STEP][PASSED] - click(findTestObject("Object Repository/1612427/06_ChangeEmail/Page_Town Square - minus Mattermost/span_Save")): Object: 'Object Repository/1612427/06_ChangeEmail/Page_Town Square - minus Mattermost/span_Save' is clicked on

2020-06-05 13:17:36 - [MESSAGE][PASSED] - Object: 'Object Repository/1612427/06_ChangeEmail/Page_Town Square - minus Mattermost/span_Save' is clicked on

2020-06-05 13:17:36 - [TEST_STEP][PASSED] - closeBrowser(): Browser is closed

2020-06-05 13:17:37 - [MESSAGE][PASSED] - Browser is closed]]></system-out>
         <system-err><![CDATA[]]></system-err>
      </testcase>
      <testcase name="Test Cases/1612427/06_ChangeEmail" time="20.382" classname="Test Cases/1612427/06_ChangeEmail" status="PASSED">
         <system-out><![CDATA[2020-06-05 13:17:37 - [TEST_CASE][PASSED] - Test Cases/1612427/06_ChangeEmail: Test Cases/1612427/06_ChangeEmail

2020-06-05 13:17:37 - [TEST_STEP][PASSED] - openBrowser(""): Browser is opened with url: ''

2020-06-05 13:17:37 - [MESSAGE][INFO] - Starting 'Chrome' driver

2020-06-05 13:17:37 - [MESSAGE][INFO] - Action delay is set to 0 milliseconds

2020-06-05 13:17:40 - [MESSAGE][PASSED] - Browser is opened with url: ''

2020-06-05 13:17:40 - [TEST_STEP][PASSED] - navigateToUrl("http://localhost:8065/login"): Navigate to 'http://localhost:8065/login' successfully

2020-06-05 13:17:42 - [MESSAGE][PASSED] - Navigate to 'http://localhost:8065/login' successfully

2020-06-05 13:17:42 - [TEST_STEP][PASSED] - setText(findTestObject("Object Repository/1612427/06_ChangeEmail/Page_Mattermost/input_All team communication in one place s_703ef5"), "hcmus-cdnc"): Text 'hcmus-cdnc' is set on object 'Object Repository/1612427/06_ChangeEmail/Page_Mattermost/input_All team communication in one place s_703ef5'

2020-06-05 13:17:45 - [MESSAGE][PASSED] - Text 'hcmus-cdnc' is set on object 'Object Repository/1612427/06_ChangeEmail/Page_Mattermost/input_All team communication in one place s_703ef5'

2020-06-05 13:17:45 - [TEST_STEP][PASSED] - click(findTestObject("Object Repository/1612427/06_ChangeEmail/Page_Mattermost/input_All team communication in one place s_703ef5")): Object: 'Object Repository/1612427/06_ChangeEmail/Page_Mattermost/input_All team communication in one place s_703ef5' is clicked on

2020-06-05 13:17:45 - [MESSAGE][PASSED] - Object: 'Object Repository/1612427/06_ChangeEmail/Page_Mattermost/input_All team communication in one place s_703ef5' is clicked on

2020-06-05 13:17:45 - [TEST_STEP][PASSED] - setText(findTestObject("Object Repository/1612427/06_ChangeEmail/Page_Mattermost/input_All team communication in one place s_703ef5"), "hcmus-cdnc"): Text 'hcmus-cdnc' is set on object 'Object Repository/1612427/06_ChangeEmail/Page_Mattermost/input_All team communication in one place s_703ef5'

2020-06-05 13:17:46 - [MESSAGE][PASSED] - Text 'hcmus-cdnc' is set on object 'Object Repository/1612427/06_ChangeEmail/Page_Mattermost/input_All team communication in one place s_703ef5'

2020-06-05 13:17:46 - [TEST_STEP][PASSED] - setEncryptedText(findTestObject("Object Repository/1612427/06_ChangeEmail/Page_Mattermost/input_All team communication in one place s_2f2733"), "aeHFOx8jV/A="): Text ****** has been set on object 'Object Repository/1612427/06_ChangeEmail/Page_Mattermost/input_All team communication in one place s_2f2733'

2020-06-05 13:17:46 - [MESSAGE][PASSED] - Text ****** has been set on object 'Object Repository/1612427/06_ChangeEmail/Page_Mattermost/input_All team communication in one place s_2f2733'

2020-06-05 13:17:46 - [TEST_STEP][PASSED] - click(findTestObject("Object Repository/1612427/06_ChangeEmail/Page_Mattermost/span_Sign in")): Object: 'Object Repository/1612427/06_ChangeEmail/Page_Mattermost/span_Sign in' is clicked on

2020-06-05 13:17:47 - [MESSAGE][PASSED] - Object: 'Object Repository/1612427/06_ChangeEmail/Page_Mattermost/span_Sign in' is clicked on

2020-06-05 13:17:47 - [TEST_STEP][PASSED] - click(findTestObject("Object Repository/1612427/06_ChangeEmail/Page_Town Square - minus Mattermost/svg")): Object: 'Object Repository/1612427/06_ChangeEmail/Page_Town Square - minus Mattermost/svg' is clicked on

2020-06-05 13:17:50 - [MESSAGE][PASSED] - Object: 'Object Repository/1612427/06_ChangeEmail/Page_Town Square - minus Mattermost/svg' is clicked on

2020-06-05 13:17:50 - [TEST_STEP][PASSED] - click(findTestObject("Object Repository/1612427/06_ChangeEmail/Page_Town Square - minus Mattermost/span_Account Settings")): Object: 'Object Repository/1612427/06_ChangeEmail/Page_Town Square - minus Mattermost/span_Account Settings' is clicked on

2020-06-05 13:17:51 - [MESSAGE][PASSED] - Object: 'Object Repository/1612427/06_ChangeEmail/Page_Town Square - minus Mattermost/span_Account Settings' is clicked on

2020-06-05 13:17:51 - [TEST_STEP][PASSED] - click(findTestObject("Object Repository/1612427/06_ChangeEmail/Page_Town Square - minus Mattermost/span_Edit")): Object: 'Object Repository/1612427/06_ChangeEmail/Page_Town Square - minus Mattermost/span_Edit' is clicked on

2020-06-05 13:17:52 - [MESSAGE][PASSED] - Object: 'Object Repository/1612427/06_ChangeEmail/Page_Town Square - minus Mattermost/span_Edit' is clicked on

2020-06-05 13:17:52 - [TEST_STEP][PASSED] - setText(findTestObject("Object Repository/1612427/06_ChangeEmail/Page_Town Square - minus Mattermost/input_New Email_primaryEmail"), email): Text 'xuanghjem210@gmail.com' is set on object 'Object Repository/1612427/06_ChangeEmail/Page_Town Square - minus Mattermost/input_New Email_primaryEmail'

2020-06-05 13:17:54 - [MESSAGE][PASSED] - Text 'xuanghjem210@gmail.com' is set on object 'Object Repository/1612427/06_ChangeEmail/Page_Town Square - minus Mattermost/input_New Email_primaryEmail'

2020-06-05 13:17:54 - [TEST_STEP][PASSED] - setText(findTestObject("Object Repository/1612427/06_ChangeEmail/Page_Town Square - minus Mattermost/input_Confirm Email_confirmEmail"), confirm_email): Text 'xuanghjem@gmail.com' is set on object 'Object Repository/1612427/06_ChangeEmail/Page_Town Square - minus Mattermost/input_Confirm Email_confirmEmail'

2020-06-05 13:17:55 - [MESSAGE][PASSED] - Text 'xuanghjem@gmail.com' is set on object 'Object Repository/1612427/06_ChangeEmail/Page_Town Square - minus Mattermost/input_Confirm Email_confirmEmail'

2020-06-05 13:17:55 - [TEST_STEP][PASSED] - setEncryptedText(findTestObject("Object Repository/1612427/06_ChangeEmail/Page_Town Square - minus Mattermost/input_Current Password_currentPassword"), password): Text ****** has been set on object 'Object Repository/1612427/06_ChangeEmail/Page_Town Square - minus Mattermost/input_Current Password_currentPassword'

2020-06-05 13:17:56 - [MESSAGE][PASSED] - Text ****** has been set on object 'Object Repository/1612427/06_ChangeEmail/Page_Town Square - minus Mattermost/input_Current Password_currentPassword'

2020-06-05 13:17:56 - [TEST_STEP][PASSED] - click(findTestObject("Object Repository/1612427/06_ChangeEmail/Page_Town Square - minus Mattermost/span_Save")): Object: 'Object Repository/1612427/06_ChangeEmail/Page_Town Square - minus Mattermost/span_Save' is clicked on

2020-06-05 13:17:56 - [MESSAGE][PASSED] - Object: 'Object Repository/1612427/06_ChangeEmail/Page_Town Square - minus Mattermost/span_Save' is clicked on

2020-06-05 13:17:56 - [TEST_STEP][PASSED] - closeBrowser(): Browser is closed

2020-06-05 13:17:57 - [MESSAGE][PASSED] - Browser is closed]]></system-out>
         <system-err><![CDATA[]]></system-err>
      </testcase>
      <testcase name="Test Cases/1612427/06_ChangeEmail" time="18.408" classname="Test Cases/1612427/06_ChangeEmail" status="PASSED">
         <system-out><![CDATA[2020-06-05 13:17:57 - [TEST_CASE][PASSED] - Test Cases/1612427/06_ChangeEmail: Test Cases/1612427/06_ChangeEmail

2020-06-05 13:17:57 - [TEST_STEP][PASSED] - openBrowser(""): Browser is opened with url: ''

2020-06-05 13:17:57 - [MESSAGE][INFO] - Starting 'Chrome' driver

2020-06-05 13:17:57 - [MESSAGE][INFO] - Action delay is set to 0 milliseconds

2020-06-05 13:18:01 - [MESSAGE][PASSED] - Browser is opened with url: ''

2020-06-05 13:18:01 - [TEST_STEP][PASSED] - navigateToUrl("http://localhost:8065/login"): Navigate to 'http://localhost:8065/login' successfully

2020-06-05 13:18:02 - [MESSAGE][PASSED] - Navigate to 'http://localhost:8065/login' successfully

2020-06-05 13:18:02 - [TEST_STEP][PASSED] - setText(findTestObject("Object Repository/1612427/06_ChangeEmail/Page_Mattermost/input_All team communication in one place s_703ef5"), "hcmus-cdnc"): Text 'hcmus-cdnc' is set on object 'Object Repository/1612427/06_ChangeEmail/Page_Mattermost/input_All team communication in one place s_703ef5'

2020-06-05 13:18:04 - [MESSAGE][PASSED] - Text 'hcmus-cdnc' is set on object 'Object Repository/1612427/06_ChangeEmail/Page_Mattermost/input_All team communication in one place s_703ef5'

2020-06-05 13:18:04 - [TEST_STEP][PASSED] - click(findTestObject("Object Repository/1612427/06_ChangeEmail/Page_Mattermost/input_All team communication in one place s_703ef5")): Object: 'Object Repository/1612427/06_ChangeEmail/Page_Mattermost/input_All team communication in one place s_703ef5' is clicked on

2020-06-05 13:18:05 - [MESSAGE][PASSED] - Object: 'Object Repository/1612427/06_ChangeEmail/Page_Mattermost/input_All team communication in one place s_703ef5' is clicked on

2020-06-05 13:18:05 - [TEST_STEP][PASSED] - setText(findTestObject("Object Repository/1612427/06_ChangeEmail/Page_Mattermost/input_All team communication in one place s_703ef5"), "hcmus-cdnc"): Text 'hcmus-cdnc' is set on object 'Object Repository/1612427/06_ChangeEmail/Page_Mattermost/input_All team communication in one place s_703ef5'

2020-06-05 13:18:05 - [MESSAGE][PASSED] - Text 'hcmus-cdnc' is set on object 'Object Repository/1612427/06_ChangeEmail/Page_Mattermost/input_All team communication in one place s_703ef5'

2020-06-05 13:18:05 - [TEST_STEP][PASSED] - setEncryptedText(findTestObject("Object Repository/1612427/06_ChangeEmail/Page_Mattermost/input_All team communication in one place s_2f2733"), "aeHFOx8jV/A="): Text ****** has been set on object 'Object Repository/1612427/06_ChangeEmail/Page_Mattermost/input_All team communication in one place s_2f2733'

2020-06-05 13:18:06 - [MESSAGE][PASSED] - Text ****** has been set on object 'Object Repository/1612427/06_ChangeEmail/Page_Mattermost/input_All team communication in one place s_2f2733'

2020-06-05 13:18:06 - [TEST_STEP][PASSED] - click(findTestObject("Object Repository/1612427/06_ChangeEmail/Page_Mattermost/span_Sign in")): Object: 'Object Repository/1612427/06_ChangeEmail/Page_Mattermost/span_Sign in' is clicked on

2020-06-05 13:18:07 - [MESSAGE][PASSED] - Object: 'Object Repository/1612427/06_ChangeEmail/Page_Mattermost/span_Sign in' is clicked on

2020-06-05 13:18:07 - [TEST_STEP][PASSED] - click(findTestObject("Object Repository/1612427/06_ChangeEmail/Page_Town Square - minus Mattermost/svg")): Object: 'Object Repository/1612427/06_ChangeEmail/Page_Town Square - minus Mattermost/svg' is clicked on

2020-06-05 13:18:10 - [MESSAGE][PASSED] - Object: 'Object Repository/1612427/06_ChangeEmail/Page_Town Square - minus Mattermost/svg' is clicked on

2020-06-05 13:18:10 - [TEST_STEP][PASSED] - click(findTestObject("Object Repository/1612427/06_ChangeEmail/Page_Town Square - minus Mattermost/span_Account Settings")): Object: 'Object Repository/1612427/06_ChangeEmail/Page_Town Square - minus Mattermost/span_Account Settings' is clicked on

2020-06-05 13:18:11 - [MESSAGE][PASSED] - Object: 'Object Repository/1612427/06_ChangeEmail/Page_Town Square - minus Mattermost/span_Account Settings' is clicked on

2020-06-05 13:18:11 - [TEST_STEP][PASSED] - click(findTestObject("Object Repository/1612427/06_ChangeEmail/Page_Town Square - minus Mattermost/span_Edit")): Object: 'Object Repository/1612427/06_ChangeEmail/Page_Town Square - minus Mattermost/span_Edit' is clicked on

2020-06-05 13:18:12 - [MESSAGE][PASSED] - Object: 'Object Repository/1612427/06_ChangeEmail/Page_Town Square - minus Mattermost/span_Edit' is clicked on

2020-06-05 13:18:12 - [TEST_STEP][PASSED] - setText(findTestObject("Object Repository/1612427/06_ChangeEmail/Page_Town Square - minus Mattermost/input_New Email_primaryEmail"), email): Text 'sss.com' is set on object 'Object Repository/1612427/06_ChangeEmail/Page_Town Square - minus Mattermost/input_New Email_primaryEmail'

2020-06-05 13:18:13 - [MESSAGE][PASSED] - Text 'sss.com' is set on object 'Object Repository/1612427/06_ChangeEmail/Page_Town Square - minus Mattermost/input_New Email_primaryEmail'

2020-06-05 13:18:13 - [TEST_STEP][PASSED] - setText(findTestObject("Object Repository/1612427/06_ChangeEmail/Page_Town Square - minus Mattermost/input_Confirm Email_confirmEmail"), confirm_email): Text 'sss.com' is set on object 'Object Repository/1612427/06_ChangeEmail/Page_Town Square - minus Mattermost/input_Confirm Email_confirmEmail'

2020-06-05 13:18:14 - [MESSAGE][PASSED] - Text 'sss.com' is set on object 'Object Repository/1612427/06_ChangeEmail/Page_Town Square - minus Mattermost/input_Confirm Email_confirmEmail'

2020-06-05 13:18:14 - [TEST_STEP][PASSED] - setEncryptedText(findTestObject("Object Repository/1612427/06_ChangeEmail/Page_Town Square - minus Mattermost/input_Current Password_currentPassword"), password): Text ****** has been set on object 'Object Repository/1612427/06_ChangeEmail/Page_Town Square - minus Mattermost/input_Current Password_currentPassword'

2020-06-05 13:18:14 - [MESSAGE][PASSED] - Text ****** has been set on object 'Object Repository/1612427/06_ChangeEmail/Page_Town Square - minus Mattermost/input_Current Password_currentPassword'

2020-06-05 13:18:14 - [TEST_STEP][PASSED] - click(findTestObject("Object Repository/1612427/06_ChangeEmail/Page_Town Square - minus Mattermost/span_Save")): Object: 'Object Repository/1612427/06_ChangeEmail/Page_Town Square - minus Mattermost/span_Save' is clicked on

2020-06-05 13:18:15 - [MESSAGE][PASSED] - Object: 'Object Repository/1612427/06_ChangeEmail/Page_Town Square - minus Mattermost/span_Save' is clicked on

2020-06-05 13:18:15 - [TEST_STEP][PASSED] - closeBrowser(): Browser is closed

2020-06-05 13:18:16 - [MESSAGE][PASSED] - Browser is closed]]></system-out>
         <system-err><![CDATA[]]></system-err>
      </testcase>
      <testcase name="Test Cases/1612427/06_ChangeEmail" time="19.325" classname="Test Cases/1612427/06_ChangeEmail" status="PASSED">
         <system-out><![CDATA[2020-06-05 13:18:16 - [TEST_CASE][PASSED] - Test Cases/1612427/06_ChangeEmail: Test Cases/1612427/06_ChangeEmail

2020-06-05 13:18:16 - [TEST_STEP][PASSED] - openBrowser(""): Browser is opened with url: ''

2020-06-05 13:18:16 - [MESSAGE][INFO] - Starting 'Chrome' driver

2020-06-05 13:18:16 - [MESSAGE][INFO] - Action delay is set to 0 milliseconds

2020-06-05 13:18:19 - [MESSAGE][PASSED] - Browser is opened with url: ''

2020-06-05 13:18:19 - [TEST_STEP][PASSED] - navigateToUrl("http://localhost:8065/login"): Navigate to 'http://localhost:8065/login' successfully

2020-06-05 13:18:21 - [MESSAGE][PASSED] - Navigate to 'http://localhost:8065/login' successfully

2020-06-05 13:18:21 - [TEST_STEP][PASSED] - setText(findTestObject("Object Repository/1612427/06_ChangeEmail/Page_Mattermost/input_All team communication in one place s_703ef5"), "hcmus-cdnc"): Text 'hcmus-cdnc' is set on object 'Object Repository/1612427/06_ChangeEmail/Page_Mattermost/input_All team communication in one place s_703ef5'

2020-06-05 13:18:23 - [MESSAGE][PASSED] - Text 'hcmus-cdnc' is set on object 'Object Repository/1612427/06_ChangeEmail/Page_Mattermost/input_All team communication in one place s_703ef5'

2020-06-05 13:18:23 - [TEST_STEP][PASSED] - click(findTestObject("Object Repository/1612427/06_ChangeEmail/Page_Mattermost/input_All team communication in one place s_703ef5")): Object: 'Object Repository/1612427/06_ChangeEmail/Page_Mattermost/input_All team communication in one place s_703ef5' is clicked on

2020-06-05 13:18:23 - [MESSAGE][PASSED] - Object: 'Object Repository/1612427/06_ChangeEmail/Page_Mattermost/input_All team communication in one place s_703ef5' is clicked on

2020-06-05 13:18:23 - [TEST_STEP][PASSED] - setText(findTestObject("Object Repository/1612427/06_ChangeEmail/Page_Mattermost/input_All team communication in one place s_703ef5"), "hcmus-cdnc"): Text 'hcmus-cdnc' is set on object 'Object Repository/1612427/06_ChangeEmail/Page_Mattermost/input_All team communication in one place s_703ef5'

2020-06-05 13:18:24 - [MESSAGE][PASSED] - Text 'hcmus-cdnc' is set on object 'Object Repository/1612427/06_ChangeEmail/Page_Mattermost/input_All team communication in one place s_703ef5'

2020-06-05 13:18:24 - [TEST_STEP][PASSED] - setEncryptedText(findTestObject("Object Repository/1612427/06_ChangeEmail/Page_Mattermost/input_All team communication in one place s_2f2733"), "aeHFOx8jV/A="): Text ****** has been set on object 'Object Repository/1612427/06_ChangeEmail/Page_Mattermost/input_All team communication in one place s_2f2733'

2020-06-05 13:18:24 - [MESSAGE][PASSED] - Text ****** has been set on object 'Object Repository/1612427/06_ChangeEmail/Page_Mattermost/input_All team communication in one place s_2f2733'

2020-06-05 13:18:24 - [TEST_STEP][PASSED] - click(findTestObject("Object Repository/1612427/06_ChangeEmail/Page_Mattermost/span_Sign in")): Object: 'Object Repository/1612427/06_ChangeEmail/Page_Mattermost/span_Sign in' is clicked on

2020-06-05 13:18:25 - [MESSAGE][PASSED] - Object: 'Object Repository/1612427/06_ChangeEmail/Page_Mattermost/span_Sign in' is clicked on

2020-06-05 13:18:25 - [TEST_STEP][PASSED] - click(findTestObject("Object Repository/1612427/06_ChangeEmail/Page_Town Square - minus Mattermost/svg")): Object: 'Object Repository/1612427/06_ChangeEmail/Page_Town Square - minus Mattermost/svg' is clicked on

2020-06-05 13:18:28 - [MESSAGE][PASSED] - Object: 'Object Repository/1612427/06_ChangeEmail/Page_Town Square - minus Mattermost/svg' is clicked on

2020-06-05 13:18:28 - [TEST_STEP][PASSED] - click(findTestObject("Object Repository/1612427/06_ChangeEmail/Page_Town Square - minus Mattermost/span_Account Settings")): Object: 'Object Repository/1612427/06_ChangeEmail/Page_Town Square - minus Mattermost/span_Account Settings' is clicked on

2020-06-05 13:18:30 - [MESSAGE][PASSED] - Object: 'Object Repository/1612427/06_ChangeEmail/Page_Town Square - minus Mattermost/span_Account Settings' is clicked on

2020-06-05 13:18:30 - [TEST_STEP][PASSED] - click(findTestObject("Object Repository/1612427/06_ChangeEmail/Page_Town Square - minus Mattermost/span_Edit")): Object: 'Object Repository/1612427/06_ChangeEmail/Page_Town Square - minus Mattermost/span_Edit' is clicked on

2020-06-05 13:18:30 - [MESSAGE][PASSED] - Object: 'Object Repository/1612427/06_ChangeEmail/Page_Town Square - minus Mattermost/span_Edit' is clicked on

2020-06-05 13:18:30 - [TEST_STEP][PASSED] - setText(findTestObject("Object Repository/1612427/06_ChangeEmail/Page_Town Square - minus Mattermost/input_New Email_primaryEmail"), email): Text 'email@email.com' is set on object 'Object Repository/1612427/06_ChangeEmail/Page_Town Square - minus Mattermost/input_New Email_primaryEmail'

2020-06-05 13:18:32 - [MESSAGE][PASSED] - Text 'email@email.com' is set on object 'Object Repository/1612427/06_ChangeEmail/Page_Town Square - minus Mattermost/input_New Email_primaryEmail'

2020-06-05 13:18:32 - [TEST_STEP][PASSED] - setText(findTestObject("Object Repository/1612427/06_ChangeEmail/Page_Town Square - minus Mattermost/input_Confirm Email_confirmEmail"), confirm_email): Text 'email@email#' is set on object 'Object Repository/1612427/06_ChangeEmail/Page_Town Square - minus Mattermost/input_Confirm Email_confirmEmail'

2020-06-05 13:18:33 - [MESSAGE][PASSED] - Text 'email@email#' is set on object 'Object Repository/1612427/06_ChangeEmail/Page_Town Square - minus Mattermost/input_Confirm Email_confirmEmail'

2020-06-05 13:18:33 - [TEST_STEP][PASSED] - setEncryptedText(findTestObject("Object Repository/1612427/06_ChangeEmail/Page_Town Square - minus Mattermost/input_Current Password_currentPassword"), password): Text ****** has been set on object 'Object Repository/1612427/06_ChangeEmail/Page_Town Square - minus Mattermost/input_Current Password_currentPassword'

2020-06-05 13:18:34 - [MESSAGE][PASSED] - Text ****** has been set on object 'Object Repository/1612427/06_ChangeEmail/Page_Town Square - minus Mattermost/input_Current Password_currentPassword'

2020-06-05 13:18:34 - [TEST_STEP][PASSED] - click(findTestObject("Object Repository/1612427/06_ChangeEmail/Page_Town Square - minus Mattermost/span_Save")): Object: 'Object Repository/1612427/06_ChangeEmail/Page_Town Square - minus Mattermost/span_Save' is clicked on

2020-06-05 13:18:34 - [MESSAGE][PASSED] - Object: 'Object Repository/1612427/06_ChangeEmail/Page_Town Square - minus Mattermost/span_Save' is clicked on

2020-06-05 13:18:34 - [TEST_STEP][PASSED] - closeBrowser(): Browser is closed

2020-06-05 13:18:35 - [MESSAGE][PASSED] - Browser is closed]]></system-out>
         <system-err><![CDATA[]]></system-err>
      </testcase>
      <testcase name="Test Cases/1612427/06_ChangeEmail" time="21.002" classname="Test Cases/1612427/06_ChangeEmail" status="PASSED">
         <system-out><![CDATA[2020-06-05 13:18:35 - [TEST_CASE][PASSED] - Test Cases/1612427/06_ChangeEmail: Test Cases/1612427/06_ChangeEmail

2020-06-05 13:18:35 - [TEST_STEP][PASSED] - openBrowser(""): Browser is opened with url: ''

2020-06-05 13:18:35 - [MESSAGE][INFO] - Starting 'Chrome' driver

2020-06-05 13:18:35 - [MESSAGE][INFO] - Action delay is set to 0 milliseconds

2020-06-05 13:18:38 - [MESSAGE][PASSED] - Browser is opened with url: ''

2020-06-05 13:18:38 - [TEST_STEP][PASSED] - navigateToUrl("http://localhost:8065/login"): Navigate to 'http://localhost:8065/login' successfully

2020-06-05 13:18:41 - [MESSAGE][PASSED] - Navigate to 'http://localhost:8065/login' successfully

2020-06-05 13:18:41 - [TEST_STEP][PASSED] - setText(findTestObject("Object Repository/1612427/06_ChangeEmail/Page_Mattermost/input_All team communication in one place s_703ef5"), "hcmus-cdnc"): Text 'hcmus-cdnc' is set on object 'Object Repository/1612427/06_ChangeEmail/Page_Mattermost/input_All team communication in one place s_703ef5'

2020-06-05 13:18:43 - [MESSAGE][PASSED] - Text 'hcmus-cdnc' is set on object 'Object Repository/1612427/06_ChangeEmail/Page_Mattermost/input_All team communication in one place s_703ef5'

2020-06-05 13:18:43 - [TEST_STEP][PASSED] - click(findTestObject("Object Repository/1612427/06_ChangeEmail/Page_Mattermost/input_All team communication in one place s_703ef5")): Object: 'Object Repository/1612427/06_ChangeEmail/Page_Mattermost/input_All team communication in one place s_703ef5' is clicked on

2020-06-05 13:18:43 - [MESSAGE][PASSED] - Object: 'Object Repository/1612427/06_ChangeEmail/Page_Mattermost/input_All team communication in one place s_703ef5' is clicked on

2020-06-05 13:18:43 - [TEST_STEP][PASSED] - setText(findTestObject("Object Repository/1612427/06_ChangeEmail/Page_Mattermost/input_All team communication in one place s_703ef5"), "hcmus-cdnc"): Text 'hcmus-cdnc' is set on object 'Object Repository/1612427/06_ChangeEmail/Page_Mattermost/input_All team communication in one place s_703ef5'

2020-06-05 13:18:44 - [MESSAGE][PASSED] - Text 'hcmus-cdnc' is set on object 'Object Repository/1612427/06_ChangeEmail/Page_Mattermost/input_All team communication in one place s_703ef5'

2020-06-05 13:18:44 - [TEST_STEP][PASSED] - setEncryptedText(findTestObject("Object Repository/1612427/06_ChangeEmail/Page_Mattermost/input_All team communication in one place s_2f2733"), "aeHFOx8jV/A="): Text ****** has been set on object 'Object Repository/1612427/06_ChangeEmail/Page_Mattermost/input_All team communication in one place s_2f2733'

2020-06-05 13:18:45 - [MESSAGE][PASSED] - Text ****** has been set on object 'Object Repository/1612427/06_ChangeEmail/Page_Mattermost/input_All team communication in one place s_2f2733'

2020-06-05 13:18:45 - [TEST_STEP][PASSED] - click(findTestObject("Object Repository/1612427/06_ChangeEmail/Page_Mattermost/span_Sign in")): Object: 'Object Repository/1612427/06_ChangeEmail/Page_Mattermost/span_Sign in' is clicked on

2020-06-05 13:18:45 - [MESSAGE][PASSED] - Object: 'Object Repository/1612427/06_ChangeEmail/Page_Mattermost/span_Sign in' is clicked on

2020-06-05 13:18:45 - [TEST_STEP][PASSED] - click(findTestObject("Object Repository/1612427/06_ChangeEmail/Page_Town Square - minus Mattermost/svg")): Object: 'Object Repository/1612427/06_ChangeEmail/Page_Town Square - minus Mattermost/svg' is clicked on

2020-06-05 13:18:49 - [MESSAGE][PASSED] - Object: 'Object Repository/1612427/06_ChangeEmail/Page_Town Square - minus Mattermost/svg' is clicked on

2020-06-05 13:18:49 - [TEST_STEP][PASSED] - click(findTestObject("Object Repository/1612427/06_ChangeEmail/Page_Town Square - minus Mattermost/span_Account Settings")): Object: 'Object Repository/1612427/06_ChangeEmail/Page_Town Square - minus Mattermost/span_Account Settings' is clicked on

2020-06-05 13:18:50 - [MESSAGE][PASSED] - Object: 'Object Repository/1612427/06_ChangeEmail/Page_Town Square - minus Mattermost/span_Account Settings' is clicked on

2020-06-05 13:18:50 - [TEST_STEP][PASSED] - click(findTestObject("Object Repository/1612427/06_ChangeEmail/Page_Town Square - minus Mattermost/span_Edit")): Object: 'Object Repository/1612427/06_ChangeEmail/Page_Town Square - minus Mattermost/span_Edit' is clicked on

2020-06-05 13:18:51 - [MESSAGE][PASSED] - Object: 'Object Repository/1612427/06_ChangeEmail/Page_Town Square - minus Mattermost/span_Edit' is clicked on

2020-06-05 13:18:51 - [TEST_STEP][PASSED] - setText(findTestObject("Object Repository/1612427/06_ChangeEmail/Page_Town Square - minus Mattermost/input_New Email_primaryEmail"), email): Text 'hcmus-cdnc@gmail.com' is set on object 'Object Repository/1612427/06_ChangeEmail/Page_Town Square - minus Mattermost/input_New Email_primaryEmail'

2020-06-05 13:18:52 - [MESSAGE][PASSED] - Text 'hcmus-cdnc@gmail.com' is set on object 'Object Repository/1612427/06_ChangeEmail/Page_Town Square - minus Mattermost/input_New Email_primaryEmail'

2020-06-05 13:18:52 - [TEST_STEP][PASSED] - setText(findTestObject("Object Repository/1612427/06_ChangeEmail/Page_Town Square - minus Mattermost/input_Confirm Email_confirmEmail"), confirm_email): Text 'hcmus-cdnc@gmail.com' is set on object 'Object Repository/1612427/06_ChangeEmail/Page_Town Square - minus Mattermost/input_Confirm Email_confirmEmail'

2020-06-05 13:18:54 - [MESSAGE][PASSED] - Text 'hcmus-cdnc@gmail.com' is set on object 'Object Repository/1612427/06_ChangeEmail/Page_Town Square - minus Mattermost/input_Confirm Email_confirmEmail'

2020-06-05 13:18:54 - [TEST_STEP][PASSED] - setEncryptedText(findTestObject("Object Repository/1612427/06_ChangeEmail/Page_Town Square - minus Mattermost/input_Current Password_currentPassword"), password): Text ****** has been set on object 'Object Repository/1612427/06_ChangeEmail/Page_Town Square - minus Mattermost/input_Current Password_currentPassword'

2020-06-05 13:18:55 - [MESSAGE][PASSED] - Text ****** has been set on object 'Object Repository/1612427/06_ChangeEmail/Page_Town Square - minus Mattermost/input_Current Password_currentPassword'

2020-06-05 13:18:55 - [TEST_STEP][PASSED] - click(findTestObject("Object Repository/1612427/06_ChangeEmail/Page_Town Square - minus Mattermost/span_Save")): Object: 'Object Repository/1612427/06_ChangeEmail/Page_Town Square - minus Mattermost/span_Save' is clicked on

2020-06-05 13:18:55 - [MESSAGE][PASSED] - Object: 'Object Repository/1612427/06_ChangeEmail/Page_Town Square - minus Mattermost/span_Save' is clicked on

2020-06-05 13:18:55 - [TEST_STEP][PASSED] - closeBrowser(): Browser is closed

2020-06-05 13:18:56 - [MESSAGE][PASSED] - Browser is closed]]></system-out>
         <system-err><![CDATA[]]></system-err>
      </testcase>
      <testcase name="Test Cases/1612427/07_AddTriggerMention" time="16.647" classname="Test Cases/1612427/07_AddTriggerMention" status="FAILED">
         <failure type="FAILED" message="Test Cases/1612427/07_AddTriggerMention FAILED.
Reason:
com.kms.katalon.core.exception.StepFailedException: Unable to click on object 'Object Repository/1612427/07_AddTriggerMention/Page_Town Square - minus Mattermost/button_Notifications'
	at com.kms.katalon.core.webui.keyword.internal.WebUIKeywordMain.stepFailed(WebUIKeywordMain.groovy:64)
	at com.kms.katalon.core.webui.keyword.internal.WebUIKeywordMain.runKeyword(WebUIKeywordMain.groovy:26)
	at com.kms.katalon.core.webui.keyword.builtin.ClickKeyword.click(ClickKeyword.groovy:76)
	at com.kms.katalon.core.webui.keyword.builtin.ClickKeyword.execute(ClickKeyword.groovy:43)
	at com.kms.katalon.core.keyword.internal.KeywordExecutor.executeKeywordForPlatform(KeywordExecutor.groovy:72)
	at com.kms.katalon.core.webui.keyword.WebUiBuiltInKeywords.click(WebUiBuiltInKeywords.groovy:616)
	at com.kms.katalon.core.webui.keyword.WebUiBuiltInKeywords$click$3.call(Unknown Source)
	at 07_AddTriggerMention.run(07_AddTriggerMention:40)
	at com.kms.katalon.core.main.ScriptEngine.run(ScriptEngine.java:194)
	at com.kms.katalon.core.main.ScriptEngine.runScriptAsRawText(ScriptEngine.java:119)
	at com.kms.katalon.core.main.TestCaseExecutor.runScript(TestCaseExecutor.java:337)
	at com.kms.katalon.core.main.TestCaseExecutor.doExecute(TestCaseExecutor.java:328)
	at com.kms.katalon.core.main.TestCaseExecutor.processExecutionPhase(TestCaseExecutor.java:307)
	at com.kms.katalon.core.main.TestCaseExecutor.accessMainPhase(TestCaseExecutor.java:299)
	at com.kms.katalon.core.main.TestCaseExecutor.execute(TestCaseExecutor.java:233)
	at com.kms.katalon.core.main.TestSuiteExecutor.accessTestCaseMainPhase(TestSuiteExecutor.java:169)
	at com.kms.katalon.core.main.TestSuiteExecutor.accessTestSuiteMainPhase(TestSuiteExecutor.java:142)
	at com.kms.katalon.core.main.TestSuiteExecutor.execute(TestSuiteExecutor.java:91)
	at com.kms.katalon.core.main.TestCaseMain.startTestSuite(TestCaseMain.java:157)
	at com.kms.katalon.core.main.TestCaseMain$startTestSuite$0.call(Unknown Source)
	at TempTestSuite1591337386301.run(TempTestSuite1591337386301.groovy:37)
Caused by: org.openqa.selenium.NoSuchWindowException: no such window: target window already closed
from unknown error: web view not found
  (Session info: chrome=83.0.4103.97)
Build info: version: '3.141.59', revision: 'e82be7d358', time: '2018-11-14T08:25:53'
System info: host: 'DESKTOP-SGC4F2H', ip: '172.25.32.1', os.name: 'Windows 10', os.arch: 'amd64', os.version: '10.0', java.version: '1.8.0_181'
Driver info: com.kms.katalon.selenium.driver.CChromeDriver
Capabilities {acceptInsecureCerts: false, browserName: chrome, browserVersion: 83.0.4103.97, chrome: {chromedriverVersion: 83.0.4103.39 (ccbf011cb2d2b..., userDataDir: C:\Users\Thanh\AppData\Loca...}, goog:chromeOptions: {debuggerAddress: localhost:62247}, javascriptEnabled: true, networkConnectionEnabled: false, pageLoadStrategy: normal, platform: WINDOWS, platformName: WINDOWS, proxy: Proxy(), setWindowRect: true, strictFileInteractability: false, timeouts: {implicit: 0, pageLoad: 300000, script: 30000}, unhandledPromptBehavior: dismiss and notify, webauthn:virtualAuthenticators: true}
Session ID: 77cd25dc560f2af7b051fe54f2b3a12d
*** Element info: {Using=xpath, value=//button[@id='notificationsButton']}
	at org.openqa.selenium.remote.http.W3CHttpResponseCodec.createException(W3CHttpResponseCodec.java:187)
	at org.openqa.selenium.remote.http.W3CHttpResponseCodec.decode(W3CHttpResponseCodec.java:122)
	at org.openqa.selenium.remote.http.W3CHttpResponseCodec.decode(W3CHttpResponseCodec.java:49)
	at org.openqa.selenium.remote.HttpCommandExecutor.execute(HttpCommandExecutor.java:158)
	at org.openqa.selenium.remote.service.DriverCommandExecutor.execute(DriverCommandExecutor.java:83)
	at org.openqa.selenium.remote.RemoteWebDriver.execute(RemoteWebDriver.java:552)
	at com.kms.katalon.selenium.driver.CChromeDriver.execute(CChromeDriver.java:19)
	at org.openqa.selenium.remote.RemoteWebDriver.findElements(RemoteWebDriver.java:353)
	at org.openqa.selenium.remote.RemoteWebDriver.findElementsByXPath(RemoteWebDriver.java:432)
	at org.openqa.selenium.By$ByXPath.findElements(By.java:348)
	at org.openqa.selenium.remote.RemoteWebDriver.findElements(RemoteWebDriver.java:311)
	at org.openqa.selenium.support.events.EventFiringWebDriver.lambda$new$1(EventFiringWebDriver.java:105)
	at com.sun.proxy.$Proxy8.findElements(Unknown Source)
	at org.openqa.selenium.support.events.EventFiringWebDriver.findElements(EventFiringWebDriver.java:182)
	at com.kms.katalon.core.webui.common.WebUiCommonHelper.findWebElements(WebUiCommonHelper.java:789)
	at com.kms.katalon.core.webui.common.WebUiCommonHelper.findWebElement(WebUiCommonHelper.java:1150)
	at com.kms.katalon.core.webui.keyword.internal.WebUIAbstractKeyword.findWebElement(WebUIAbstractKeyword.groovy:27)
	at com.kms.katalon.core.webui.keyword.internal.WebUIAbstractKeyword.findWebElement(WebUIAbstractKeyword.groovy:26)
	at com.kms.katalon.core.webui.keyword.builtin.ClickKeyword$_click_closure1.doCall(ClickKeyword.groovy:67)
	at com.kms.katalon.core.webui.keyword.builtin.ClickKeyword$_click_closure1.call(ClickKeyword.groovy)
	at com.kms.katalon.core.webui.keyword.internal.WebUIKeywordMain.runKeyword(WebUIKeywordMain.groovy:20)
	... 19 more
"/>
         <system-out><![CDATA[2020-06-05 13:18:56 - [TEST_CASE][FAILED] - Test Cases/1612427/07_AddTriggerMention: Test Cases/1612427/07_AddTriggerMention FAILED.
Reason:
com.kms.katalon.core.exception.StepFailedException: Unable to click on object 'Object Repository/1612427/07_AddTriggerMention/Page_Town Square - minus Mattermost/button_Notifications'
	at com.kms.katalon.core.webui.keyword.internal.WebUIKeywordMain.stepFailed(WebUIKeywordMain.groovy:64)
	at com.kms.katalon.core.webui.keyword.internal.WebUIKeywordMain.runKeyword(WebUIKeywordMain.groovy:26)
	at com.kms.katalon.core.webui.keyword.builtin.ClickKeyword.click(ClickKeyword.groovy:76)
	at com.kms.katalon.core.webui.keyword.builtin.ClickKeyword.execute(ClickKeyword.groovy:43)
	at com.kms.katalon.core.keyword.internal.KeywordExecutor.executeKeywordForPlatform(KeywordExecutor.groovy:72)
	at com.kms.katalon.core.webui.keyword.WebUiBuiltInKeywords.click(WebUiBuiltInKeywords.groovy:616)
	at com.kms.katalon.core.webui.keyword.WebUiBuiltInKeywords$click$3.call(Unknown Source)
	at 07_AddTriggerMention.run(07_AddTriggerMention:40)
	at com.kms.katalon.core.main.ScriptEngine.run(ScriptEngine.java:194)
	at com.kms.katalon.core.main.ScriptEngine.runScriptAsRawText(ScriptEngine.java:119)
	at com.kms.katalon.core.main.TestCaseExecutor.runScript(TestCaseExecutor.java:337)
	at com.kms.katalon.core.main.TestCaseExecutor.doExecute(TestCaseExecutor.java:328)
	at com.kms.katalon.core.main.TestCaseExecutor.processExecutionPhase(TestCaseExecutor.java:307)
	at com.kms.katalon.core.main.TestCaseExecutor.accessMainPhase(TestCaseExecutor.java:299)
	at com.kms.katalon.core.main.TestCaseExecutor.execute(TestCaseExecutor.java:233)
	at com.kms.katalon.core.main.TestSuiteExecutor.accessTestCaseMainPhase(TestSuiteExecutor.java:169)
	at com.kms.katalon.core.main.TestSuiteExecutor.accessTestSuiteMainPhase(TestSuiteExecutor.java:142)
	at com.kms.katalon.core.main.TestSuiteExecutor.execute(TestSuiteExecutor.java:91)
	at com.kms.katalon.core.main.TestCaseMain.startTestSuite(TestCaseMain.java:157)
	at com.kms.katalon.core.main.TestCaseMain$startTestSuite$0.call(Unknown Source)
	at TempTestSuite1591337386301.run(TempTestSuite1591337386301.groovy:37)
Caused by: org.openqa.selenium.NoSuchWindowException: no such window: target window already closed
from unknown error: web view not found
  (Session info: chrome=83.0.4103.97)
Build info: version: '3.141.59', revision: 'e82be7d358', time: '2018-11-14T08:25:53'
System info: host: 'DESKTOP-SGC4F2H', ip: '172.25.32.1', os.name: 'Windows 10', os.arch: 'amd64', os.version: '10.0', java.version: '1.8.0_181'
Driver info: com.kms.katalon.selenium.driver.CChromeDriver
Capabilities {acceptInsecureCerts: false, browserName: chrome, browserVersion: 83.0.4103.97, chrome: {chromedriverVersion: 83.0.4103.39 (ccbf011cb2d2b..., userDataDir: C:\Users\Thanh\AppData\Loca...}, goog:chromeOptions: {debuggerAddress: localhost:62247}, javascriptEnabled: true, networkConnectionEnabled: false, pageLoadStrategy: normal, platform: WINDOWS, platformName: WINDOWS, proxy: Proxy(), setWindowRect: true, strictFileInteractability: false, timeouts: {implicit: 0, pageLoad: 300000, script: 30000}, unhandledPromptBehavior: dismiss and notify, webauthn:virtualAuthenticators: true}
Session ID: 77cd25dc560f2af7b051fe54f2b3a12d
*** Element info: {Using=xpath, value=//button[@id='notificationsButton']}
	at org.openqa.selenium.remote.http.W3CHttpResponseCodec.createException(W3CHttpResponseCodec.java:187)
	at org.openqa.selenium.remote.http.W3CHttpResponseCodec.decode(W3CHttpResponseCodec.java:122)
	at org.openqa.selenium.remote.http.W3CHttpResponseCodec.decode(W3CHttpResponseCodec.java:49)
	at org.openqa.selenium.remote.HttpCommandExecutor.execute(HttpCommandExecutor.java:158)
	at org.openqa.selenium.remote.service.DriverCommandExecutor.execute(DriverCommandExecutor.java:83)
	at org.openqa.selenium.remote.RemoteWebDriver.execute(RemoteWebDriver.java:552)
	at com.kms.katalon.selenium.driver.CChromeDriver.execute(CChromeDriver.java:19)
	at org.openqa.selenium.remote.RemoteWebDriver.findElements(RemoteWebDriver.java:353)
	at org.openqa.selenium.remote.RemoteWebDriver.findElementsByXPath(RemoteWebDriver.java:432)
	at org.openqa.selenium.By$ByXPath.findElements(By.java:348)
	at org.openqa.selenium.remote.RemoteWebDriver.findElements(RemoteWebDriver.java:311)
	at org.openqa.selenium.support.events.EventFiringWebDriver.lambda$new$1(EventFiringWebDriver.java:105)
	at com.sun.proxy.$Proxy8.findElements(Unknown Source)
	at org.openqa.selenium.support.events.EventFiringWebDriver.findElements(EventFiringWebDriver.java:182)
	at com.kms.katalon.core.webui.common.WebUiCommonHelper.findWebElements(WebUiCommonHelper.java:789)
	at com.kms.katalon.core.webui.common.WebUiCommonHelper.findWebElement(WebUiCommonHelper.java:1150)
	at com.kms.katalon.core.webui.keyword.internal.WebUIAbstractKeyword.findWebElement(WebUIAbstractKeyword.groovy:27)
	at com.kms.katalon.core.webui.keyword.internal.WebUIAbstractKeyword.findWebElement(WebUIAbstractKeyword.groovy:26)
	at com.kms.katalon.core.webui.keyword.builtin.ClickKeyword$_click_closure1.doCall(ClickKeyword.groovy:67)
	at com.kms.katalon.core.webui.keyword.builtin.ClickKeyword$_click_closure1.call(ClickKeyword.groovy)
	at com.kms.katalon.core.webui.keyword.internal.WebUIKeywordMain.runKeyword(WebUIKeywordMain.groovy:20)
	... 19 more


2020-06-05 13:18:56 - [TEST_STEP][PASSED] - openBrowser(""): Browser is opened with url: ''

2020-06-05 13:18:56 - [MESSAGE][INFO] - Starting 'Chrome' driver

2020-06-05 13:18:56 - [MESSAGE][INFO] - Action delay is set to 0 milliseconds

2020-06-05 13:19:00 - [MESSAGE][PASSED] - Browser is opened with url: ''

2020-06-05 13:19:00 - [TEST_STEP][PASSED] - navigateToUrl("http://localhost:8065/login"): Navigate to 'http://localhost:8065/login' successfully

2020-06-05 13:19:02 - [MESSAGE][PASSED] - Navigate to 'http://localhost:8065/login' successfully

2020-06-05 13:19:02 - [TEST_STEP][PASSED] - setText(findTestObject("Object Repository/1612427/06_ChangeEmail/Page_Mattermost/input_All team communication in one place s_703ef5"), "hcmus-cdnc"): Text 'hcmus-cdnc' is set on object 'Object Repository/1612427/06_ChangeEmail/Page_Mattermost/input_All team communication in one place s_703ef5'

2020-06-05 13:19:04 - [MESSAGE][PASSED] - Text 'hcmus-cdnc' is set on object 'Object Repository/1612427/06_ChangeEmail/Page_Mattermost/input_All team communication in one place s_703ef5'

2020-06-05 13:19:04 - [TEST_STEP][PASSED] - click(findTestObject("Object Repository/1612427/06_ChangeEmail/Page_Mattermost/input_All team communication in one place s_703ef5")): Object: 'Object Repository/1612427/06_ChangeEmail/Page_Mattermost/input_All team communication in one place s_703ef5' is clicked on

2020-06-05 13:19:05 - [MESSAGE][PASSED] - Object: 'Object Repository/1612427/06_ChangeEmail/Page_Mattermost/input_All team communication in one place s_703ef5' is clicked on

2020-06-05 13:19:05 - [TEST_STEP][PASSED] - setText(findTestObject("Object Repository/1612427/06_ChangeEmail/Page_Mattermost/input_All team communication in one place s_703ef5"), "hcmus-cdnc"): Text 'hcmus-cdnc' is set on object 'Object Repository/1612427/06_ChangeEmail/Page_Mattermost/input_All team communication in one place s_703ef5'

2020-06-05 13:19:06 - [MESSAGE][PASSED] - Text 'hcmus-cdnc' is set on object 'Object Repository/1612427/06_ChangeEmail/Page_Mattermost/input_All team communication in one place s_703ef5'

2020-06-05 13:19:06 - [TEST_STEP][PASSED] - setEncryptedText(findTestObject("Object Repository/1612427/06_ChangeEmail/Page_Mattermost/input_All team communication in one place s_2f2733"), "aeHFOx8jV/A="): Text ****** has been set on object 'Object Repository/1612427/06_ChangeEmail/Page_Mattermost/input_All team communication in one place s_2f2733'

2020-06-05 13:19:06 - [MESSAGE][PASSED] - Text ****** has been set on object 'Object Repository/1612427/06_ChangeEmail/Page_Mattermost/input_All team communication in one place s_2f2733'

2020-06-05 13:19:06 - [TEST_STEP][PASSED] - click(findTestObject("Object Repository/1612427/06_ChangeEmail/Page_Mattermost/span_Sign in")): Object: 'Object Repository/1612427/06_ChangeEmail/Page_Mattermost/span_Sign in' is clicked on

2020-06-05 13:19:07 - [MESSAGE][PASSED] - Object: 'Object Repository/1612427/06_ChangeEmail/Page_Mattermost/span_Sign in' is clicked on

2020-06-05 13:19:07 - [TEST_STEP][PASSED] - click(findTestObject("Object Repository/1612427/06_ChangeEmail/Page_Town Square - minus Mattermost/svg")): Object: 'Object Repository/1612427/06_ChangeEmail/Page_Town Square - minus Mattermost/svg' is clicked on

2020-06-05 13:19:11 - [MESSAGE][PASSED] - Object: 'Object Repository/1612427/06_ChangeEmail/Page_Town Square - minus Mattermost/svg' is clicked on

2020-06-05 13:19:11 - [TEST_STEP][PASSED] - click(findTestObject("Object Repository/1612427/06_ChangeEmail/Page_Town Square - minus Mattermost/span_Account Settings")): Object: 'Object Repository/1612427/06_ChangeEmail/Page_Town Square - minus Mattermost/span_Account Settings' is clicked on

2020-06-05 13:19:12 - [MESSAGE][PASSED] - Object: 'Object Repository/1612427/06_ChangeEmail/Page_Town Square - minus Mattermost/span_Account Settings' is clicked on

2020-06-05 13:19:12 - [TEST_STEP][FAILED] - click(findTestObject("Object Repository/1612427/07_AddTriggerMention/Page_Town Square - minus Mattermost/button_Notifications")): Unable to click on object 'Object Repository/1612427/07_AddTriggerMention/Page_Town Square - minus Mattermost/button_Notifications' (Root cause: com.kms.katalon.core.exception.StepFailedException: Unable to click on object 'Object Repository/1612427/07_AddTriggerMention/Page_Town Square - minus Mattermost/button_Notifications'
	at com.kms.katalon.core.webui.keyword.internal.WebUIKeywordMain.stepFailed(WebUIKeywordMain.groovy:64)
	at com.kms.katalon.core.webui.keyword.internal.WebUIKeywordMain.runKeyword(WebUIKeywordMain.groovy:26)
	at com.kms.katalon.core.webui.keyword.builtin.ClickKeyword.click(ClickKeyword.groovy:76)
	at com.kms.katalon.core.webui.keyword.builtin.ClickKeyword.execute(ClickKeyword.groovy:43)
	at com.kms.katalon.core.keyword.internal.KeywordExecutor.executeKeywordForPlatform(KeywordExecutor.groovy:72)
	at com.kms.katalon.core.webui.keyword.WebUiBuiltInKeywords.click(WebUiBuiltInKeywords.groovy:616)
	at com.kms.katalon.core.webui.keyword.WebUiBuiltInKeywords$click$3.call(Unknown Source)
	at 07_AddTriggerMention.run(07_AddTriggerMention:40)
	at com.kms.katalon.core.main.ScriptEngine.run(ScriptEngine.java:194)
	at com.kms.katalon.core.main.ScriptEngine.runScriptAsRawText(ScriptEngine.java:119)
	at com.kms.katalon.core.main.TestCaseExecutor.runScript(TestCaseExecutor.java:337)
	at com.kms.katalon.core.main.TestCaseExecutor.doExecute(TestCaseExecutor.java:328)
	at com.kms.katalon.core.main.TestCaseExecutor.processExecutionPhase(TestCaseExecutor.java:307)
	at com.kms.katalon.core.main.TestCaseExecutor.accessMainPhase(TestCaseExecutor.java:299)
	at com.kms.katalon.core.main.TestCaseExecutor.execute(TestCaseExecutor.java:233)
	at com.kms.katalon.core.main.TestSuiteExecutor.accessTestCaseMainPhase(TestSuiteExecutor.java:169)
	at com.kms.katalon.core.main.TestSuiteExecutor.accessTestSuiteMainPhase(TestSuiteExecutor.java:142)
	at com.kms.katalon.core.main.TestSuiteExecutor.execute(TestSuiteExecutor.java:91)
	at com.kms.katalon.core.main.TestCaseMain.startTestSuite(TestCaseMain.java:157)
	at com.kms.katalon.core.main.TestCaseMain$startTestSuite$0.call(Unknown Source)
	at TempTestSuite1591337386301.run(TempTestSuite1591337386301.groovy:37)
Caused by: org.openqa.selenium.NoSuchWindowException: no such window: target window already closed
from unknown error: web view not found
  (Session info: chrome=83.0.4103.97)
Build info: version: '3.141.59', revision: 'e82be7d358', time: '2018-11-14T08:25:53'
System info: host: 'DESKTOP-SGC4F2H', ip: '172.25.32.1', os.name: 'Windows 10', os.arch: 'amd64', os.version: '10.0', java.version: '1.8.0_181'
Driver info: com.kms.katalon.selenium.driver.CChromeDriver
Capabilities {acceptInsecureCerts: false, browserName: chrome, browserVersion: 83.0.4103.97, chrome: {chromedriverVersion: 83.0.4103.39 (ccbf011cb2d2b..., userDataDir: C:\Users\Thanh\AppData\Loca...}, goog:chromeOptions: {debuggerAddress: localhost:62247}, javascriptEnabled: true, networkConnectionEnabled: false, pageLoadStrategy: normal, platform: WINDOWS, platformName: WINDOWS, proxy: Proxy(), setWindowRect: true, strictFileInteractability: false, timeouts: {implicit: 0, pageLoad: 300000, script: 30000}, unhandledPromptBehavior: dismiss and notify, webauthn:virtualAuthenticators: true}
Session ID: 77cd25dc560f2af7b051fe54f2b3a12d
*** Element info: {Using=xpath, value=//button[@id='notificationsButton']}
	at org.openqa.selenium.remote.http.W3CHttpResponseCodec.createException(W3CHttpResponseCodec.java:187)
	at org.openqa.selenium.remote.http.W3CHttpResponseCodec.decode(W3CHttpResponseCodec.java:122)
	at org.openqa.selenium.remote.http.W3CHttpResponseCodec.decode(W3CHttpResponseCodec.java:49)
	at org.openqa.selenium.remote.HttpCommandExecutor.execute(HttpCommandExecutor.java:158)
	at org.openqa.selenium.remote.service.DriverCommandExecutor.execute(DriverCommandExecutor.java:83)
	at org.openqa.selenium.remote.RemoteWebDriver.execute(RemoteWebDriver.java:552)
	at com.kms.katalon.selenium.driver.CChromeDriver.execute(CChromeDriver.java:19)
	at org.openqa.selenium.remote.RemoteWebDriver.findElements(RemoteWebDriver.java:353)
	at org.openqa.selenium.remote.RemoteWebDriver.findElementsByXPath(RemoteWebDriver.java:432)
	at org.openqa.selenium.By$ByXPath.findElements(By.java:348)
	at org.openqa.selenium.remote.RemoteWebDriver.findElements(RemoteWebDriver.java:311)
	at org.openqa.selenium.support.events.EventFiringWebDriver.lambda$new$1(EventFiringWebDriver.java:105)
	at com.sun.proxy.$Proxy8.findElements(Unknown Source)
	at org.openqa.selenium.support.events.EventFiringWebDriver.findElements(EventFiringWebDriver.java:182)
	at com.kms.katalon.core.webui.common.WebUiCommonHelper.findWebElements(WebUiCommonHelper.java:789)
	at com.kms.katalon.core.webui.common.WebUiCommonHelper.findWebElement(WebUiCommonHelper.java:1150)
	at com.kms.katalon.core.webui.keyword.internal.WebUIAbstractKeyword.findWebElement(WebUIAbstractKeyword.groovy:27)
	at com.kms.katalon.core.webui.keyword.internal.WebUIAbstractKeyword.findWebElement(WebUIAbstractKeyword.groovy:26)
	at com.kms.katalon.core.webui.keyword.builtin.ClickKeyword$_click_closure1.doCall(ClickKeyword.groovy:67)
	at com.kms.katalon.core.webui.keyword.builtin.ClickKeyword$_click_closure1.call(ClickKeyword.groovy)
	at com.kms.katalon.core.webui.keyword.internal.WebUIKeywordMain.runKeyword(WebUIKeywordMain.groovy:20)
	at com.kms.katalon.core.webui.keyword.builtin.ClickKeyword.click(ClickKeyword.groovy:76)
	at com.kms.katalon.core.webui.keyword.builtin.ClickKeyword.execute(ClickKeyword.groovy:43)
	at com.kms.katalon.core.keyword.internal.KeywordExecutor.executeKeywordForPlatform(KeywordExecutor.groovy:72)
	at com.kms.katalon.core.webui.keyword.WebUiBuiltInKeywords.click(WebUiBuiltInKeywords.groovy:616)
	at com.kms.katalon.core.webui.keyword.WebUiBuiltInKeywords$click$3.call(Unknown Source)
	at Script1591149357382.run(Script1591149357382.groovy:40)
	... 13 more
)

2020-06-05 13:19:13 - [MESSAGE][WARNING] - Cannot take screenshot

2020-06-05 13:19:13 - [MESSAGE][FAILED] - Unable to click on object 'Object Repository/1612427/07_AddTriggerMention/Page_Town Square - minus Mattermost/button_Notifications' (Root cause: com.kms.katalon.core.exception.StepFailedException: Unable to click on object 'Object Repository/1612427/07_AddTriggerMention/Page_Town Square - minus Mattermost/button_Notifications'
	at com.kms.katalon.core.webui.keyword.internal.WebUIKeywordMain.stepFailed(WebUIKeywordMain.groovy:64)
	at com.kms.katalon.core.webui.keyword.internal.WebUIKeywordMain.runKeyword(WebUIKeywordMain.groovy:26)
	at com.kms.katalon.core.webui.keyword.builtin.ClickKeyword.click(ClickKeyword.groovy:76)
	at com.kms.katalon.core.webui.keyword.builtin.ClickKeyword.execute(ClickKeyword.groovy:43)
	at com.kms.katalon.core.keyword.internal.KeywordExecutor.executeKeywordForPlatform(KeywordExecutor.groovy:72)
	at com.kms.katalon.core.webui.keyword.WebUiBuiltInKeywords.click(WebUiBuiltInKeywords.groovy:616)
	at com.kms.katalon.core.webui.keyword.WebUiBuiltInKeywords$click$3.call(Unknown Source)
	at 07_AddTriggerMention.run(07_AddTriggerMention:40)
	at com.kms.katalon.core.main.ScriptEngine.run(ScriptEngine.java:194)
	at com.kms.katalon.core.main.ScriptEngine.runScriptAsRawText(ScriptEngine.java:119)
	at com.kms.katalon.core.main.TestCaseExecutor.runScript(TestCaseExecutor.java:337)
	at com.kms.katalon.core.main.TestCaseExecutor.doExecute(TestCaseExecutor.java:328)
	at com.kms.katalon.core.main.TestCaseExecutor.processExecutionPhase(TestCaseExecutor.java:307)
	at com.kms.katalon.core.main.TestCaseExecutor.accessMainPhase(TestCaseExecutor.java:299)
	at com.kms.katalon.core.main.TestCaseExecutor.execute(TestCaseExecutor.java:233)
	at com.kms.katalon.core.main.TestSuiteExecutor.accessTestCaseMainPhase(TestSuiteExecutor.java:169)
	at com.kms.katalon.core.main.TestSuiteExecutor.accessTestSuiteMainPhase(TestSuiteExecutor.java:142)
	at com.kms.katalon.core.main.TestSuiteExecutor.execute(TestSuiteExecutor.java:91)
	at com.kms.katalon.core.main.TestCaseMain.startTestSuite(TestCaseMain.java:157)
	at com.kms.katalon.core.main.TestCaseMain$startTestSuite$0.call(Unknown Source)
	at TempTestSuite1591337386301.run(TempTestSuite1591337386301.groovy:37)
Caused by: org.openqa.selenium.NoSuchWindowException: no such window: target window already closed
from unknown error: web view not found
  (Session info: chrome=83.0.4103.97)
Build info: version: '3.141.59', revision: 'e82be7d358', time: '2018-11-14T08:25:53'
System info: host: 'DESKTOP-SGC4F2H', ip: '172.25.32.1', os.name: 'Windows 10', os.arch: 'amd64', os.version: '10.0', java.version: '1.8.0_181'
Driver info: com.kms.katalon.selenium.driver.CChromeDriver
Capabilities {acceptInsecureCerts: false, browserName: chrome, browserVersion: 83.0.4103.97, chrome: {chromedriverVersion: 83.0.4103.39 (ccbf011cb2d2b..., userDataDir: C:\Users\Thanh\AppData\Loca...}, goog:chromeOptions: {debuggerAddress: localhost:62247}, javascriptEnabled: true, networkConnectionEnabled: false, pageLoadStrategy: normal, platform: WINDOWS, platformName: WINDOWS, proxy: Proxy(), setWindowRect: true, strictFileInteractability: false, timeouts: {implicit: 0, pageLoad: 300000, script: 30000}, unhandledPromptBehavior: dismiss and notify, webauthn:virtualAuthenticators: true}
Session ID: 77cd25dc560f2af7b051fe54f2b3a12d
*** Element info: {Using=xpath, value=//button[@id='notificationsButton']}
	at org.openqa.selenium.remote.http.W3CHttpResponseCodec.createException(W3CHttpResponseCodec.java:187)
	at org.openqa.selenium.remote.http.W3CHttpResponseCodec.decode(W3CHttpResponseCodec.java:122)
	at org.openqa.selenium.remote.http.W3CHttpResponseCodec.decode(W3CHttpResponseCodec.java:49)
	at org.openqa.selenium.remote.HttpCommandExecutor.execute(HttpCommandExecutor.java:158)
	at org.openqa.selenium.remote.service.DriverCommandExecutor.execute(DriverCommandExecutor.java:83)
	at org.openqa.selenium.remote.RemoteWebDriver.execute(RemoteWebDriver.java:552)
	at com.kms.katalon.selenium.driver.CChromeDriver.execute(CChromeDriver.java:19)
	at org.openqa.selenium.remote.RemoteWebDriver.findElements(RemoteWebDriver.java:353)
	at org.openqa.selenium.remote.RemoteWebDriver.findElementsByXPath(RemoteWebDriver.java:432)
	at org.openqa.selenium.By$ByXPath.findElements(By.java:348)
	at org.openqa.selenium.remote.RemoteWebDriver.findElements(RemoteWebDriver.java:311)
	at org.openqa.selenium.support.events.EventFiringWebDriver.lambda$new$1(EventFiringWebDriver.java:105)
	at com.sun.proxy.$Proxy8.findElements(Unknown Source)
	at org.openqa.selenium.support.events.EventFiringWebDriver.findElements(EventFiringWebDriver.java:182)
	at com.kms.katalon.core.webui.common.WebUiCommonHelper.findWebElements(WebUiCommonHelper.java:789)
	at com.kms.katalon.core.webui.common.WebUiCommonHelper.findWebElement(WebUiCommonHelper.java:1150)
	at com.kms.katalon.core.webui.keyword.internal.WebUIAbstractKeyword.findWebElement(WebUIAbstractKeyword.groovy:27)
	at com.kms.katalon.core.webui.keyword.internal.WebUIAbstractKeyword.findWebElement(WebUIAbstractKeyword.groovy:26)
	at com.kms.katalon.core.webui.keyword.builtin.ClickKeyword$_click_closure1.doCall(ClickKeyword.groovy:67)
	at com.kms.katalon.core.webui.keyword.builtin.ClickKeyword$_click_closure1.call(ClickKeyword.groovy)
	at com.kms.katalon.core.webui.keyword.internal.WebUIKeywordMain.runKeyword(WebUIKeywordMain.groovy:20)
	at com.kms.katalon.core.webui.keyword.builtin.ClickKeyword.click(ClickKeyword.groovy:76)
	at com.kms.katalon.core.webui.keyword.builtin.ClickKeyword.execute(ClickKeyword.groovy:43)
	at com.kms.katalon.core.keyword.internal.KeywordExecutor.executeKeywordForPlatform(KeywordExecutor.groovy:72)
	at com.kms.katalon.core.webui.keyword.WebUiBuiltInKeywords.click(WebUiBuiltInKeywords.groovy:616)
	at com.kms.katalon.core.webui.keyword.WebUiBuiltInKeywords$click$3.call(Unknown Source)
	at Script1591149357382.run(Script1591149357382.groovy:40)
	... 13 more
)]]></system-out>
         <system-err><![CDATA[2020-06-05 13:18:56 - [TEST_CASE][FAILED] - Test Cases/1612427/07_AddTriggerMention: Test Cases/1612427/07_AddTriggerMention FAILED.
Reason:
com.kms.katalon.core.exception.StepFailedException: Unable to click on object 'Object Repository/1612427/07_AddTriggerMention/Page_Town Square - minus Mattermost/button_Notifications'
	at com.kms.katalon.core.webui.keyword.internal.WebUIKeywordMain.stepFailed(WebUIKeywordMain.groovy:64)
	at com.kms.katalon.core.webui.keyword.internal.WebUIKeywordMain.runKeyword(WebUIKeywordMain.groovy:26)
	at com.kms.katalon.core.webui.keyword.builtin.ClickKeyword.click(ClickKeyword.groovy:76)
	at com.kms.katalon.core.webui.keyword.builtin.ClickKeyword.execute(ClickKeyword.groovy:43)
	at com.kms.katalon.core.keyword.internal.KeywordExecutor.executeKeywordForPlatform(KeywordExecutor.groovy:72)
	at com.kms.katalon.core.webui.keyword.WebUiBuiltInKeywords.click(WebUiBuiltInKeywords.groovy:616)
	at com.kms.katalon.core.webui.keyword.WebUiBuiltInKeywords$click$3.call(Unknown Source)
	at 07_AddTriggerMention.run(07_AddTriggerMention:40)
	at com.kms.katalon.core.main.ScriptEngine.run(ScriptEngine.java:194)
	at com.kms.katalon.core.main.ScriptEngine.runScriptAsRawText(ScriptEngine.java:119)
	at com.kms.katalon.core.main.TestCaseExecutor.runScript(TestCaseExecutor.java:337)
	at com.kms.katalon.core.main.TestCaseExecutor.doExecute(TestCaseExecutor.java:328)
	at com.kms.katalon.core.main.TestCaseExecutor.processExecutionPhase(TestCaseExecutor.java:307)
	at com.kms.katalon.core.main.TestCaseExecutor.accessMainPhase(TestCaseExecutor.java:299)
	at com.kms.katalon.core.main.TestCaseExecutor.execute(TestCaseExecutor.java:233)
	at com.kms.katalon.core.main.TestSuiteExecutor.accessTestCaseMainPhase(TestSuiteExecutor.java:169)
	at com.kms.katalon.core.main.TestSuiteExecutor.accessTestSuiteMainPhase(TestSuiteExecutor.java:142)
	at com.kms.katalon.core.main.TestSuiteExecutor.execute(TestSuiteExecutor.java:91)
	at com.kms.katalon.core.main.TestCaseMain.startTestSuite(TestCaseMain.java:157)
	at com.kms.katalon.core.main.TestCaseMain$startTestSuite$0.call(Unknown Source)
	at TempTestSuite1591337386301.run(TempTestSuite1591337386301.groovy:37)
Caused by: org.openqa.selenium.NoSuchWindowException: no such window: target window already closed
from unknown error: web view not found
  (Session info: chrome=83.0.4103.97)
Build info: version: '3.141.59', revision: 'e82be7d358', time: '2018-11-14T08:25:53'
System info: host: 'DESKTOP-SGC4F2H', ip: '172.25.32.1', os.name: 'Windows 10', os.arch: 'amd64', os.version: '10.0', java.version: '1.8.0_181'
Driver info: com.kms.katalon.selenium.driver.CChromeDriver
Capabilities {acceptInsecureCerts: false, browserName: chrome, browserVersion: 83.0.4103.97, chrome: {chromedriverVersion: 83.0.4103.39 (ccbf011cb2d2b..., userDataDir: C:\Users\Thanh\AppData\Loca...}, goog:chromeOptions: {debuggerAddress: localhost:62247}, javascriptEnabled: true, networkConnectionEnabled: false, pageLoadStrategy: normal, platform: WINDOWS, platformName: WINDOWS, proxy: Proxy(), setWindowRect: true, strictFileInteractability: false, timeouts: {implicit: 0, pageLoad: 300000, script: 30000}, unhandledPromptBehavior: dismiss and notify, webauthn:virtualAuthenticators: true}
Session ID: 77cd25dc560f2af7b051fe54f2b3a12d
*** Element info: {Using=xpath, value=//button[@id='notificationsButton']}
	at org.openqa.selenium.remote.http.W3CHttpResponseCodec.createException(W3CHttpResponseCodec.java:187)
	at org.openqa.selenium.remote.http.W3CHttpResponseCodec.decode(W3CHttpResponseCodec.java:122)
	at org.openqa.selenium.remote.http.W3CHttpResponseCodec.decode(W3CHttpResponseCodec.java:49)
	at org.openqa.selenium.remote.HttpCommandExecutor.execute(HttpCommandExecutor.java:158)
	at org.openqa.selenium.remote.service.DriverCommandExecutor.execute(DriverCommandExecutor.java:83)
	at org.openqa.selenium.remote.RemoteWebDriver.execute(RemoteWebDriver.java:552)
	at com.kms.katalon.selenium.driver.CChromeDriver.execute(CChromeDriver.java:19)
	at org.openqa.selenium.remote.RemoteWebDriver.findElements(RemoteWebDriver.java:353)
	at org.openqa.selenium.remote.RemoteWebDriver.findElementsByXPath(RemoteWebDriver.java:432)
	at org.openqa.selenium.By$ByXPath.findElements(By.java:348)
	at org.openqa.selenium.remote.RemoteWebDriver.findElements(RemoteWebDriver.java:311)
	at org.openqa.selenium.support.events.EventFiringWebDriver.lambda$new$1(EventFiringWebDriver.java:105)
	at com.sun.proxy.$Proxy8.findElements(Unknown Source)
	at org.openqa.selenium.support.events.EventFiringWebDriver.findElements(EventFiringWebDriver.java:182)
	at com.kms.katalon.core.webui.common.WebUiCommonHelper.findWebElements(WebUiCommonHelper.java:789)
	at com.kms.katalon.core.webui.common.WebUiCommonHelper.findWebElement(WebUiCommonHelper.java:1150)
	at com.kms.katalon.core.webui.keyword.internal.WebUIAbstractKeyword.findWebElement(WebUIAbstractKeyword.groovy:27)
	at com.kms.katalon.core.webui.keyword.internal.WebUIAbstractKeyword.findWebElement(WebUIAbstractKeyword.groovy:26)
	at com.kms.katalon.core.webui.keyword.builtin.ClickKeyword$_click_closure1.doCall(ClickKeyword.groovy:67)
	at com.kms.katalon.core.webui.keyword.builtin.ClickKeyword$_click_closure1.call(ClickKeyword.groovy)
	at com.kms.katalon.core.webui.keyword.internal.WebUIKeywordMain.runKeyword(WebUIKeywordMain.groovy:20)
	... 19 more]]></system-err>
      </testcase>
      <testcase name="Test Cases/1612427/07_AddTriggerMention" time="52.412" classname="Test Cases/1612427/07_AddTriggerMention" status="FAILED">
         <failure type="FAILED" message="Test Cases/1612427/07_AddTriggerMention FAILED.
Reason:
com.kms.katalon.core.exception.StepFailedException: Unable to click on object 'Object Repository/1612427/07_AddTriggerMention/Page_Town Square - minus Mattermost/span_Edit'
	at com.kms.katalon.core.webui.keyword.internal.WebUIKeywordMain.stepFailed(WebUIKeywordMain.groovy:64)
	at com.kms.katalon.core.webui.keyword.internal.WebUIKeywordMain.runKeyword(WebUIKeywordMain.groovy:26)
	at com.kms.katalon.core.webui.keyword.builtin.ClickKeyword.click(ClickKeyword.groovy:76)
	at com.kms.katalon.core.webui.keyword.builtin.ClickKeyword.execute(ClickKeyword.groovy:43)
	at com.kms.katalon.core.keyword.internal.KeywordExecutor.executeKeywordForPlatform(KeywordExecutor.groovy:72)
	at com.kms.katalon.core.webui.keyword.WebUiBuiltInKeywords.click(WebUiBuiltInKeywords.groovy:616)
	at com.kms.katalon.core.webui.keyword.WebUiBuiltInKeywords$click$3.call(Unknown Source)
	at 07_AddTriggerMention.run(07_AddTriggerMention:42)
	at com.kms.katalon.core.main.ScriptEngine.run(ScriptEngine.java:194)
	at com.kms.katalon.core.main.ScriptEngine.runScriptAsRawText(ScriptEngine.java:119)
	at com.kms.katalon.core.main.TestCaseExecutor.runScript(TestCaseExecutor.java:337)
	at com.kms.katalon.core.main.TestCaseExecutor.doExecute(TestCaseExecutor.java:328)
	at com.kms.katalon.core.main.TestCaseExecutor.processExecutionPhase(TestCaseExecutor.java:307)
	at com.kms.katalon.core.main.TestCaseExecutor.accessMainPhase(TestCaseExecutor.java:299)
	at com.kms.katalon.core.main.TestCaseExecutor.execute(TestCaseExecutor.java:233)
	at com.kms.katalon.core.main.TestSuiteExecutor.accessTestCaseMainPhase(TestSuiteExecutor.java:169)
	at com.kms.katalon.core.main.TestSuiteExecutor.accessTestSuiteMainPhase(TestSuiteExecutor.java:142)
	at com.kms.katalon.core.main.TestSuiteExecutor.execute(TestSuiteExecutor.java:91)
	at com.kms.katalon.core.main.TestCaseMain.startTestSuite(TestCaseMain.java:157)
	at com.kms.katalon.core.main.TestCaseMain$startTestSuite$0.call(Unknown Source)
	at TempTestSuite1591337386301.run(TempTestSuite1591337386301.groovy:37)
Caused by: org.openqa.selenium.WebDriverException: chrome not reachable
  (Session info: chrome=83.0.4103.97)
Build info: version: '3.141.59', revision: 'e82be7d358', time: '2018-11-14T08:25:53'
System info: host: 'DESKTOP-SGC4F2H', ip: '172.25.32.1', os.name: 'Windows 10', os.arch: 'amd64', os.version: '10.0', java.version: '1.8.0_181'
Driver info: com.kms.katalon.selenium.driver.CChromeDriver
Capabilities {acceptInsecureCerts: false, browserName: chrome, browserVersion: 83.0.4103.97, chrome: {chromedriverVersion: 83.0.4103.39 (ccbf011cb2d2b..., userDataDir: C:\Users\Thanh\AppData\Loca...}, goog:chromeOptions: {debuggerAddress: localhost:62276}, javascriptEnabled: true, networkConnectionEnabled: false, pageLoadStrategy: normal, platform: WINDOWS, platformName: WINDOWS, proxy: Proxy(), setWindowRect: true, strictFileInteractability: false, timeouts: {implicit: 0, pageLoad: 300000, script: 30000}, unhandledPromptBehavior: dismiss and notify, webauthn:virtualAuthenticators: true}
Session ID: e1892bed142f23963a917ab64d183d1a
*** Element info: {Using=xpath, value=//button[@id='keysEdit']/span}
	at org.openqa.selenium.remote.http.W3CHttpResponseCodec.createException(W3CHttpResponseCodec.java:187)
	at org.openqa.selenium.remote.http.W3CHttpResponseCodec.decode(W3CHttpResponseCodec.java:122)
	at org.openqa.selenium.remote.http.W3CHttpResponseCodec.decode(W3CHttpResponseCodec.java:49)
	at org.openqa.selenium.remote.HttpCommandExecutor.execute(HttpCommandExecutor.java:158)
	at org.openqa.selenium.remote.service.DriverCommandExecutor.execute(DriverCommandExecutor.java:83)
	at org.openqa.selenium.remote.RemoteWebDriver.execute(RemoteWebDriver.java:552)
	at com.kms.katalon.selenium.driver.CChromeDriver.execute(CChromeDriver.java:19)
	at org.openqa.selenium.remote.RemoteWebDriver.findElements(RemoteWebDriver.java:353)
	at org.openqa.selenium.remote.RemoteWebDriver.findElementsByXPath(RemoteWebDriver.java:432)
	at org.openqa.selenium.By$ByXPath.findElements(By.java:348)
	at org.openqa.selenium.remote.RemoteWebDriver.findElements(RemoteWebDriver.java:311)
	at org.openqa.selenium.support.events.EventFiringWebDriver.lambda$new$1(EventFiringWebDriver.java:105)
	at com.sun.proxy.$Proxy8.findElements(Unknown Source)
	at org.openqa.selenium.support.events.EventFiringWebDriver.findElements(EventFiringWebDriver.java:182)
	at com.kms.katalon.core.webui.common.WebUiCommonHelper.findWebElements(WebUiCommonHelper.java:789)
	at com.kms.katalon.core.webui.common.WebUiCommonHelper.findWebElement(WebUiCommonHelper.java:1150)
	at com.kms.katalon.core.webui.keyword.internal.WebUIAbstractKeyword.findWebElement(WebUIAbstractKeyword.groovy:27)
	at com.kms.katalon.core.webui.keyword.internal.WebUIAbstractKeyword.findWebElement(WebUIAbstractKeyword.groovy:26)
	at com.kms.katalon.core.webui.keyword.builtin.ClickKeyword$_click_closure1.doCall(ClickKeyword.groovy:67)
	at com.kms.katalon.core.webui.keyword.builtin.ClickKeyword$_click_closure1.call(ClickKeyword.groovy)
	at com.kms.katalon.core.webui.keyword.internal.WebUIKeywordMain.runKeyword(WebUIKeywordMain.groovy:20)
	... 19 more
"/>
         <system-out><![CDATA[2020-06-05 13:19:13 - [TEST_CASE][FAILED] - Test Cases/1612427/07_AddTriggerMention: Test Cases/1612427/07_AddTriggerMention FAILED.
Reason:
com.kms.katalon.core.exception.StepFailedException: Unable to click on object 'Object Repository/1612427/07_AddTriggerMention/Page_Town Square - minus Mattermost/span_Edit'
	at com.kms.katalon.core.webui.keyword.internal.WebUIKeywordMain.stepFailed(WebUIKeywordMain.groovy:64)
	at com.kms.katalon.core.webui.keyword.internal.WebUIKeywordMain.runKeyword(WebUIKeywordMain.groovy:26)
	at com.kms.katalon.core.webui.keyword.builtin.ClickKeyword.click(ClickKeyword.groovy:76)
	at com.kms.katalon.core.webui.keyword.builtin.ClickKeyword.execute(ClickKeyword.groovy:43)
	at com.kms.katalon.core.keyword.internal.KeywordExecutor.executeKeywordForPlatform(KeywordExecutor.groovy:72)
	at com.kms.katalon.core.webui.keyword.WebUiBuiltInKeywords.click(WebUiBuiltInKeywords.groovy:616)
	at com.kms.katalon.core.webui.keyword.WebUiBuiltInKeywords$click$3.call(Unknown Source)
	at 07_AddTriggerMention.run(07_AddTriggerMention:42)
	at com.kms.katalon.core.main.ScriptEngine.run(ScriptEngine.java:194)
	at com.kms.katalon.core.main.ScriptEngine.runScriptAsRawText(ScriptEngine.java:119)
	at com.kms.katalon.core.main.TestCaseExecutor.runScript(TestCaseExecutor.java:337)
	at com.kms.katalon.core.main.TestCaseExecutor.doExecute(TestCaseExecutor.java:328)
	at com.kms.katalon.core.main.TestCaseExecutor.processExecutionPhase(TestCaseExecutor.java:307)
	at com.kms.katalon.core.main.TestCaseExecutor.accessMainPhase(TestCaseExecutor.java:299)
	at com.kms.katalon.core.main.TestCaseExecutor.execute(TestCaseExecutor.java:233)
	at com.kms.katalon.core.main.TestSuiteExecutor.accessTestCaseMainPhase(TestSuiteExecutor.java:169)
	at com.kms.katalon.core.main.TestSuiteExecutor.accessTestSuiteMainPhase(TestSuiteExecutor.java:142)
	at com.kms.katalon.core.main.TestSuiteExecutor.execute(TestSuiteExecutor.java:91)
	at com.kms.katalon.core.main.TestCaseMain.startTestSuite(TestCaseMain.java:157)
	at com.kms.katalon.core.main.TestCaseMain$startTestSuite$0.call(Unknown Source)
	at TempTestSuite1591337386301.run(TempTestSuite1591337386301.groovy:37)
Caused by: org.openqa.selenium.WebDriverException: chrome not reachable
  (Session info: chrome=83.0.4103.97)
Build info: version: '3.141.59', revision: 'e82be7d358', time: '2018-11-14T08:25:53'
System info: host: 'DESKTOP-SGC4F2H', ip: '172.25.32.1', os.name: 'Windows 10', os.arch: 'amd64', os.version: '10.0', java.version: '1.8.0_181'
Driver info: com.kms.katalon.selenium.driver.CChromeDriver
Capabilities {acceptInsecureCerts: false, browserName: chrome, browserVersion: 83.0.4103.97, chrome: {chromedriverVersion: 83.0.4103.39 (ccbf011cb2d2b..., userDataDir: C:\Users\Thanh\AppData\Loca...}, goog:chromeOptions: {debuggerAddress: localhost:62276}, javascriptEnabled: true, networkConnectionEnabled: false, pageLoadStrategy: normal, platform: WINDOWS, platformName: WINDOWS, proxy: Proxy(), setWindowRect: true, strictFileInteractability: false, timeouts: {implicit: 0, pageLoad: 300000, script: 30000}, unhandledPromptBehavior: dismiss and notify, webauthn:virtualAuthenticators: true}
Session ID: e1892bed142f23963a917ab64d183d1a
*** Element info: {Using=xpath, value=//button[@id='keysEdit']/span}
	at org.openqa.selenium.remote.http.W3CHttpResponseCodec.createException(W3CHttpResponseCodec.java:187)
	at org.openqa.selenium.remote.http.W3CHttpResponseCodec.decode(W3CHttpResponseCodec.java:122)
	at org.openqa.selenium.remote.http.W3CHttpResponseCodec.decode(W3CHttpResponseCodec.java:49)
	at org.openqa.selenium.remote.HttpCommandExecutor.execute(HttpCommandExecutor.java:158)
	at org.openqa.selenium.remote.service.DriverCommandExecutor.execute(DriverCommandExecutor.java:83)
	at org.openqa.selenium.remote.RemoteWebDriver.execute(RemoteWebDriver.java:552)
	at com.kms.katalon.selenium.driver.CChromeDriver.execute(CChromeDriver.java:19)
	at org.openqa.selenium.remote.RemoteWebDriver.findElements(RemoteWebDriver.java:353)
	at org.openqa.selenium.remote.RemoteWebDriver.findElementsByXPath(RemoteWebDriver.java:432)
	at org.openqa.selenium.By$ByXPath.findElements(By.java:348)
	at org.openqa.selenium.remote.RemoteWebDriver.findElements(RemoteWebDriver.java:311)
	at org.openqa.selenium.support.events.EventFiringWebDriver.lambda$new$1(EventFiringWebDriver.java:105)
	at com.sun.proxy.$Proxy8.findElements(Unknown Source)
	at org.openqa.selenium.support.events.EventFiringWebDriver.findElements(EventFiringWebDriver.java:182)
	at com.kms.katalon.core.webui.common.WebUiCommonHelper.findWebElements(WebUiCommonHelper.java:789)
	at com.kms.katalon.core.webui.common.WebUiCommonHelper.findWebElement(WebUiCommonHelper.java:1150)
	at com.kms.katalon.core.webui.keyword.internal.WebUIAbstractKeyword.findWebElement(WebUIAbstractKeyword.groovy:27)
	at com.kms.katalon.core.webui.keyword.internal.WebUIAbstractKeyword.findWebElement(WebUIAbstractKeyword.groovy:26)
	at com.kms.katalon.core.webui.keyword.builtin.ClickKeyword$_click_closure1.doCall(ClickKeyword.groovy:67)
	at com.kms.katalon.core.webui.keyword.builtin.ClickKeyword$_click_closure1.call(ClickKeyword.groovy)
	at com.kms.katalon.core.webui.keyword.internal.WebUIKeywordMain.runKeyword(WebUIKeywordMain.groovy:20)
	... 19 more


2020-06-05 13:19:13 - [TEST_STEP][PASSED] - openBrowser(""): Browser is opened with url: ''

2020-06-05 13:19:13 - [MESSAGE][WARNING] - A browser is already opened. Closing browser and opening a new one

2020-06-05 13:19:13 - [MESSAGE][INFO] - Starting 'Chrome' driver

2020-06-05 13:19:13 - [MESSAGE][INFO] - Action delay is set to 0 milliseconds

2020-06-05 13:19:17 - [MESSAGE][PASSED] - Browser is opened with url: ''

2020-06-05 13:19:17 - [TEST_STEP][PASSED] - navigateToUrl("http://localhost:8065/login"): Navigate to 'http://localhost:8065/login' successfully

2020-06-05 13:19:19 - [MESSAGE][PASSED] - Navigate to 'http://localhost:8065/login' successfully

2020-06-05 13:19:19 - [TEST_STEP][PASSED] - setText(findTestObject("Object Repository/1612427/06_ChangeEmail/Page_Mattermost/input_All team communication in one place s_703ef5"), "hcmus-cdnc"): Text 'hcmus-cdnc' is set on object 'Object Repository/1612427/06_ChangeEmail/Page_Mattermost/input_All team communication in one place s_703ef5'

2020-06-05 13:19:21 - [MESSAGE][PASSED] - Text 'hcmus-cdnc' is set on object 'Object Repository/1612427/06_ChangeEmail/Page_Mattermost/input_All team communication in one place s_703ef5'

2020-06-05 13:19:21 - [TEST_STEP][PASSED] - click(findTestObject("Object Repository/1612427/06_ChangeEmail/Page_Mattermost/input_All team communication in one place s_703ef5")): Object: 'Object Repository/1612427/06_ChangeEmail/Page_Mattermost/input_All team communication in one place s_703ef5' is clicked on

2020-06-05 13:19:21 - [MESSAGE][PASSED] - Object: 'Object Repository/1612427/06_ChangeEmail/Page_Mattermost/input_All team communication in one place s_703ef5' is clicked on

2020-06-05 13:19:21 - [TEST_STEP][PASSED] - setText(findTestObject("Object Repository/1612427/06_ChangeEmail/Page_Mattermost/input_All team communication in one place s_703ef5"), "hcmus-cdnc"): Text 'hcmus-cdnc' is set on object 'Object Repository/1612427/06_ChangeEmail/Page_Mattermost/input_All team communication in one place s_703ef5'

2020-06-05 13:19:22 - [MESSAGE][PASSED] - Text 'hcmus-cdnc' is set on object 'Object Repository/1612427/06_ChangeEmail/Page_Mattermost/input_All team communication in one place s_703ef5'

2020-06-05 13:19:22 - [TEST_STEP][PASSED] - setEncryptedText(findTestObject("Object Repository/1612427/06_ChangeEmail/Page_Mattermost/input_All team communication in one place s_2f2733"), "aeHFOx8jV/A="): Text ****** has been set on object 'Object Repository/1612427/06_ChangeEmail/Page_Mattermost/input_All team communication in one place s_2f2733'

2020-06-05 13:19:23 - [MESSAGE][PASSED] - Text ****** has been set on object 'Object Repository/1612427/06_ChangeEmail/Page_Mattermost/input_All team communication in one place s_2f2733'

2020-06-05 13:19:23 - [TEST_STEP][PASSED] - click(findTestObject("Object Repository/1612427/06_ChangeEmail/Page_Mattermost/span_Sign in")): Object: 'Object Repository/1612427/06_ChangeEmail/Page_Mattermost/span_Sign in' is clicked on

2020-06-05 13:19:23 - [MESSAGE][PASSED] - Object: 'Object Repository/1612427/06_ChangeEmail/Page_Mattermost/span_Sign in' is clicked on

2020-06-05 13:19:23 - [TEST_STEP][PASSED] - click(findTestObject("Object Repository/1612427/06_ChangeEmail/Page_Town Square - minus Mattermost/svg")): Object: 'Object Repository/1612427/06_ChangeEmail/Page_Town Square - minus Mattermost/svg' is clicked on

2020-06-05 13:19:27 - [MESSAGE][PASSED] - Object: 'Object Repository/1612427/06_ChangeEmail/Page_Town Square - minus Mattermost/svg' is clicked on

2020-06-05 13:19:27 - [TEST_STEP][PASSED] - click(findTestObject("Object Repository/1612427/06_ChangeEmail/Page_Town Square - minus Mattermost/span_Account Settings")): Object: 'Object Repository/1612427/06_ChangeEmail/Page_Town Square - minus Mattermost/span_Account Settings' is clicked on

2020-06-05 13:19:28 - [MESSAGE][PASSED] - Object: 'Object Repository/1612427/06_ChangeEmail/Page_Town Square - minus Mattermost/span_Account Settings' is clicked on

2020-06-05 13:19:28 - [TEST_STEP][PASSED] - click(findTestObject("Object Repository/1612427/07_AddTriggerMention/Page_Town Square - minus Mattermost/button_Notifications")): Object: 'Object Repository/1612427/07_AddTriggerMention/Page_Town Square - minus Mattermost/button_Notifications' is clicked on

2020-06-05 13:19:29 - [MESSAGE][PASSED] - Object: 'Object Repository/1612427/07_AddTriggerMention/Page_Town Square - minus Mattermost/button_Notifications' is clicked on

2020-06-05 13:19:29 - [TEST_STEP][FAILED] - click(findTestObject("Object Repository/1612427/07_AddTriggerMention/Page_Town Square - minus Mattermost/span_Edit")): Unable to click on object 'Object Repository/1612427/07_AddTriggerMention/Page_Town Square - minus Mattermost/span_Edit' (Root cause: com.kms.katalon.core.exception.StepFailedException: Unable to click on object 'Object Repository/1612427/07_AddTriggerMention/Page_Town Square - minus Mattermost/span_Edit'
	at com.kms.katalon.core.webui.keyword.internal.WebUIKeywordMain.stepFailed(WebUIKeywordMain.groovy:64)
	at com.kms.katalon.core.webui.keyword.internal.WebUIKeywordMain.runKeyword(WebUIKeywordMain.groovy:26)
	at com.kms.katalon.core.webui.keyword.builtin.ClickKeyword.click(ClickKeyword.groovy:76)
	at com.kms.katalon.core.webui.keyword.builtin.ClickKeyword.execute(ClickKeyword.groovy:43)
	at com.kms.katalon.core.keyword.internal.KeywordExecutor.executeKeywordForPlatform(KeywordExecutor.groovy:72)
	at com.kms.katalon.core.webui.keyword.WebUiBuiltInKeywords.click(WebUiBuiltInKeywords.groovy:616)
	at com.kms.katalon.core.webui.keyword.WebUiBuiltInKeywords$click$3.call(Unknown Source)
	at 07_AddTriggerMention.run(07_AddTriggerMention:42)
	at com.kms.katalon.core.main.ScriptEngine.run(ScriptEngine.java:194)
	at com.kms.katalon.core.main.ScriptEngine.runScriptAsRawText(ScriptEngine.java:119)
	at com.kms.katalon.core.main.TestCaseExecutor.runScript(TestCaseExecutor.java:337)
	at com.kms.katalon.core.main.TestCaseExecutor.doExecute(TestCaseExecutor.java:328)
	at com.kms.katalon.core.main.TestCaseExecutor.processExecutionPhase(TestCaseExecutor.java:307)
	at com.kms.katalon.core.main.TestCaseExecutor.accessMainPhase(TestCaseExecutor.java:299)
	at com.kms.katalon.core.main.TestCaseExecutor.execute(TestCaseExecutor.java:233)
	at com.kms.katalon.core.main.TestSuiteExecutor.accessTestCaseMainPhase(TestSuiteExecutor.java:169)
	at com.kms.katalon.core.main.TestSuiteExecutor.accessTestSuiteMainPhase(TestSuiteExecutor.java:142)
	at com.kms.katalon.core.main.TestSuiteExecutor.execute(TestSuiteExecutor.java:91)
	at com.kms.katalon.core.main.TestCaseMain.startTestSuite(TestCaseMain.java:157)
	at com.kms.katalon.core.main.TestCaseMain$startTestSuite$0.call(Unknown Source)
	at TempTestSuite1591337386301.run(TempTestSuite1591337386301.groovy:37)
Caused by: org.openqa.selenium.WebDriverException: chrome not reachable
  (Session info: chrome=83.0.4103.97)
Build info: version: '3.141.59', revision: 'e82be7d358', time: '2018-11-14T08:25:53'
System info: host: 'DESKTOP-SGC4F2H', ip: '172.25.32.1', os.name: 'Windows 10', os.arch: 'amd64', os.version: '10.0', java.version: '1.8.0_181'
Driver info: com.kms.katalon.selenium.driver.CChromeDriver
Capabilities {acceptInsecureCerts: false, browserName: chrome, browserVersion: 83.0.4103.97, chrome: {chromedriverVersion: 83.0.4103.39 (ccbf011cb2d2b..., userDataDir: C:\Users\Thanh\AppData\Loca...}, goog:chromeOptions: {debuggerAddress: localhost:62276}, javascriptEnabled: true, networkConnectionEnabled: false, pageLoadStrategy: normal, platform: WINDOWS, platformName: WINDOWS, proxy: Proxy(), setWindowRect: true, strictFileInteractability: false, timeouts: {implicit: 0, pageLoad: 300000, script: 30000}, unhandledPromptBehavior: dismiss and notify, webauthn:virtualAuthenticators: true}
Session ID: e1892bed142f23963a917ab64d183d1a
*** Element info: {Using=xpath, value=//button[@id='keysEdit']/span}
	at org.openqa.selenium.remote.http.W3CHttpResponseCodec.createException(W3CHttpResponseCodec.java:187)
	at org.openqa.selenium.remote.http.W3CHttpResponseCodec.decode(W3CHttpResponseCodec.java:122)
	at org.openqa.selenium.remote.http.W3CHttpResponseCodec.decode(W3CHttpResponseCodec.java:49)
	at org.openqa.selenium.remote.HttpCommandExecutor.execute(HttpCommandExecutor.java:158)
	at org.openqa.selenium.remote.service.DriverCommandExecutor.execute(DriverCommandExecutor.java:83)
	at org.openqa.selenium.remote.RemoteWebDriver.execute(RemoteWebDriver.java:552)
	at com.kms.katalon.selenium.driver.CChromeDriver.execute(CChromeDriver.java:19)
	at org.openqa.selenium.remote.RemoteWebDriver.findElements(RemoteWebDriver.java:353)
	at org.openqa.selenium.remote.RemoteWebDriver.findElementsByXPath(RemoteWebDriver.java:432)
	at org.openqa.selenium.By$ByXPath.findElements(By.java:348)
	at org.openqa.selenium.remote.RemoteWebDriver.findElements(RemoteWebDriver.java:311)
	at org.openqa.selenium.support.events.EventFiringWebDriver.lambda$new$1(EventFiringWebDriver.java:105)
	at com.sun.proxy.$Proxy8.findElements(Unknown Source)
	at org.openqa.selenium.support.events.EventFiringWebDriver.findElements(EventFiringWebDriver.java:182)
	at com.kms.katalon.core.webui.common.WebUiCommonHelper.findWebElements(WebUiCommonHelper.java:789)
	at com.kms.katalon.core.webui.common.WebUiCommonHelper.findWebElement(WebUiCommonHelper.java:1150)
	at com.kms.katalon.core.webui.keyword.internal.WebUIAbstractKeyword.findWebElement(WebUIAbstractKeyword.groovy:27)
	at com.kms.katalon.core.webui.keyword.internal.WebUIAbstractKeyword.findWebElement(WebUIAbstractKeyword.groovy:26)
	at com.kms.katalon.core.webui.keyword.builtin.ClickKeyword$_click_closure1.doCall(ClickKeyword.groovy:67)
	at com.kms.katalon.core.webui.keyword.builtin.ClickKeyword$_click_closure1.call(ClickKeyword.groovy)
	at com.kms.katalon.core.webui.keyword.internal.WebUIKeywordMain.runKeyword(WebUIKeywordMain.groovy:20)
	at com.kms.katalon.core.webui.keyword.builtin.ClickKeyword.click(ClickKeyword.groovy:76)
	at com.kms.katalon.core.webui.keyword.builtin.ClickKeyword.execute(ClickKeyword.groovy:43)
	at com.kms.katalon.core.keyword.internal.KeywordExecutor.executeKeywordForPlatform(KeywordExecutor.groovy:72)
	at com.kms.katalon.core.webui.keyword.WebUiBuiltInKeywords.click(WebUiBuiltInKeywords.groovy:616)
	at com.kms.katalon.core.webui.keyword.WebUiBuiltInKeywords$click$3.call(Unknown Source)
	at Script1591149357382.run(Script1591149357382.groovy:42)
	... 13 more
)

2020-06-05 13:20:05 - [MESSAGE][WARNING] - Cannot take screenshot

2020-06-05 13:20:05 - [MESSAGE][FAILED] - Unable to click on object 'Object Repository/1612427/07_AddTriggerMention/Page_Town Square - minus Mattermost/span_Edit' (Root cause: com.kms.katalon.core.exception.StepFailedException: Unable to click on object 'Object Repository/1612427/07_AddTriggerMention/Page_Town Square - minus Mattermost/span_Edit'
	at com.kms.katalon.core.webui.keyword.internal.WebUIKeywordMain.stepFailed(WebUIKeywordMain.groovy:64)
	at com.kms.katalon.core.webui.keyword.internal.WebUIKeywordMain.runKeyword(WebUIKeywordMain.groovy:26)
	at com.kms.katalon.core.webui.keyword.builtin.ClickKeyword.click(ClickKeyword.groovy:76)
	at com.kms.katalon.core.webui.keyword.builtin.ClickKeyword.execute(ClickKeyword.groovy:43)
	at com.kms.katalon.core.keyword.internal.KeywordExecutor.executeKeywordForPlatform(KeywordExecutor.groovy:72)
	at com.kms.katalon.core.webui.keyword.WebUiBuiltInKeywords.click(WebUiBuiltInKeywords.groovy:616)
	at com.kms.katalon.core.webui.keyword.WebUiBuiltInKeywords$click$3.call(Unknown Source)
	at 07_AddTriggerMention.run(07_AddTriggerMention:42)
	at com.kms.katalon.core.main.ScriptEngine.run(ScriptEngine.java:194)
	at com.kms.katalon.core.main.ScriptEngine.runScriptAsRawText(ScriptEngine.java:119)
	at com.kms.katalon.core.main.TestCaseExecutor.runScript(TestCaseExecutor.java:337)
	at com.kms.katalon.core.main.TestCaseExecutor.doExecute(TestCaseExecutor.java:328)
	at com.kms.katalon.core.main.TestCaseExecutor.processExecutionPhase(TestCaseExecutor.java:307)
	at com.kms.katalon.core.main.TestCaseExecutor.accessMainPhase(TestCaseExecutor.java:299)
	at com.kms.katalon.core.main.TestCaseExecutor.execute(TestCaseExecutor.java:233)
	at com.kms.katalon.core.main.TestSuiteExecutor.accessTestCaseMainPhase(TestSuiteExecutor.java:169)
	at com.kms.katalon.core.main.TestSuiteExecutor.accessTestSuiteMainPhase(TestSuiteExecutor.java:142)
	at com.kms.katalon.core.main.TestSuiteExecutor.execute(TestSuiteExecutor.java:91)
	at com.kms.katalon.core.main.TestCaseMain.startTestSuite(TestCaseMain.java:157)
	at com.kms.katalon.core.main.TestCaseMain$startTestSuite$0.call(Unknown Source)
	at TempTestSuite1591337386301.run(TempTestSuite1591337386301.groovy:37)
Caused by: org.openqa.selenium.WebDriverException: chrome not reachable
  (Session info: chrome=83.0.4103.97)
Build info: version: '3.141.59', revision: 'e82be7d358', time: '2018-11-14T08:25:53'
System info: host: 'DESKTOP-SGC4F2H', ip: '172.25.32.1', os.name: 'Windows 10', os.arch: 'amd64', os.version: '10.0', java.version: '1.8.0_181'
Driver info: com.kms.katalon.selenium.driver.CChromeDriver
Capabilities {acceptInsecureCerts: false, browserName: chrome, browserVersion: 83.0.4103.97, chrome: {chromedriverVersion: 83.0.4103.39 (ccbf011cb2d2b..., userDataDir: C:\Users\Thanh\AppData\Loca...}, goog:chromeOptions: {debuggerAddress: localhost:62276}, javascriptEnabled: true, networkConnectionEnabled: false, pageLoadStrategy: normal, platform: WINDOWS, platformName: WINDOWS, proxy: Proxy(), setWindowRect: true, strictFileInteractability: false, timeouts: {implicit: 0, pageLoad: 300000, script: 30000}, unhandledPromptBehavior: dismiss and notify, webauthn:virtualAuthenticators: true}
Session ID: e1892bed142f23963a917ab64d183d1a
*** Element info: {Using=xpath, value=//button[@id='keysEdit']/span}
	at org.openqa.selenium.remote.http.W3CHttpResponseCodec.createException(W3CHttpResponseCodec.java:187)
	at org.openqa.selenium.remote.http.W3CHttpResponseCodec.decode(W3CHttpResponseCodec.java:122)
	at org.openqa.selenium.remote.http.W3CHttpResponseCodec.decode(W3CHttpResponseCodec.java:49)
	at org.openqa.selenium.remote.HttpCommandExecutor.execute(HttpCommandExecutor.java:158)
	at org.openqa.selenium.remote.service.DriverCommandExecutor.execute(DriverCommandExecutor.java:83)
	at org.openqa.selenium.remote.RemoteWebDriver.execute(RemoteWebDriver.java:552)
	at com.kms.katalon.selenium.driver.CChromeDriver.execute(CChromeDriver.java:19)
	at org.openqa.selenium.remote.RemoteWebDriver.findElements(RemoteWebDriver.java:353)
	at org.openqa.selenium.remote.RemoteWebDriver.findElementsByXPath(RemoteWebDriver.java:432)
	at org.openqa.selenium.By$ByXPath.findElements(By.java:348)
	at org.openqa.selenium.remote.RemoteWebDriver.findElements(RemoteWebDriver.java:311)
	at org.openqa.selenium.support.events.EventFiringWebDriver.lambda$new$1(EventFiringWebDriver.java:105)
	at com.sun.proxy.$Proxy8.findElements(Unknown Source)
	at org.openqa.selenium.support.events.EventFiringWebDriver.findElements(EventFiringWebDriver.java:182)
	at com.kms.katalon.core.webui.common.WebUiCommonHelper.findWebElements(WebUiCommonHelper.java:789)
	at com.kms.katalon.core.webui.common.WebUiCommonHelper.findWebElement(WebUiCommonHelper.java:1150)
	at com.kms.katalon.core.webui.keyword.internal.WebUIAbstractKeyword.findWebElement(WebUIAbstractKeyword.groovy:27)
	at com.kms.katalon.core.webui.keyword.internal.WebUIAbstractKeyword.findWebElement(WebUIAbstractKeyword.groovy:26)
	at com.kms.katalon.core.webui.keyword.builtin.ClickKeyword$_click_closure1.doCall(ClickKeyword.groovy:67)
	at com.kms.katalon.core.webui.keyword.builtin.ClickKeyword$_click_closure1.call(ClickKeyword.groovy)
	at com.kms.katalon.core.webui.keyword.internal.WebUIKeywordMain.runKeyword(WebUIKeywordMain.groovy:20)
	at com.kms.katalon.core.webui.keyword.builtin.ClickKeyword.click(ClickKeyword.groovy:76)
	at com.kms.katalon.core.webui.keyword.builtin.ClickKeyword.execute(ClickKeyword.groovy:43)
	at com.kms.katalon.core.keyword.internal.KeywordExecutor.executeKeywordForPlatform(KeywordExecutor.groovy:72)
	at com.kms.katalon.core.webui.keyword.WebUiBuiltInKeywords.click(WebUiBuiltInKeywords.groovy:616)
	at com.kms.katalon.core.webui.keyword.WebUiBuiltInKeywords$click$3.call(Unknown Source)
	at Script1591149357382.run(Script1591149357382.groovy:42)
	... 13 more
)]]></system-out>
         <system-err><![CDATA[2020-06-05 13:19:13 - [TEST_CASE][FAILED] - Test Cases/1612427/07_AddTriggerMention: Test Cases/1612427/07_AddTriggerMention FAILED.
Reason:
com.kms.katalon.core.exception.StepFailedException: Unable to click on object 'Object Repository/1612427/07_AddTriggerMention/Page_Town Square - minus Mattermost/span_Edit'
	at com.kms.katalon.core.webui.keyword.internal.WebUIKeywordMain.stepFailed(WebUIKeywordMain.groovy:64)
	at com.kms.katalon.core.webui.keyword.internal.WebUIKeywordMain.runKeyword(WebUIKeywordMain.groovy:26)
	at com.kms.katalon.core.webui.keyword.builtin.ClickKeyword.click(ClickKeyword.groovy:76)
	at com.kms.katalon.core.webui.keyword.builtin.ClickKeyword.execute(ClickKeyword.groovy:43)
	at com.kms.katalon.core.keyword.internal.KeywordExecutor.executeKeywordForPlatform(KeywordExecutor.groovy:72)
	at com.kms.katalon.core.webui.keyword.WebUiBuiltInKeywords.click(WebUiBuiltInKeywords.groovy:616)
	at com.kms.katalon.core.webui.keyword.WebUiBuiltInKeywords$click$3.call(Unknown Source)
	at 07_AddTriggerMention.run(07_AddTriggerMention:42)
	at com.kms.katalon.core.main.ScriptEngine.run(ScriptEngine.java:194)
	at com.kms.katalon.core.main.ScriptEngine.runScriptAsRawText(ScriptEngine.java:119)
	at com.kms.katalon.core.main.TestCaseExecutor.runScript(TestCaseExecutor.java:337)
	at com.kms.katalon.core.main.TestCaseExecutor.doExecute(TestCaseExecutor.java:328)
	at com.kms.katalon.core.main.TestCaseExecutor.processExecutionPhase(TestCaseExecutor.java:307)
	at com.kms.katalon.core.main.TestCaseExecutor.accessMainPhase(TestCaseExecutor.java:299)
	at com.kms.katalon.core.main.TestCaseExecutor.execute(TestCaseExecutor.java:233)
	at com.kms.katalon.core.main.TestSuiteExecutor.accessTestCaseMainPhase(TestSuiteExecutor.java:169)
	at com.kms.katalon.core.main.TestSuiteExecutor.accessTestSuiteMainPhase(TestSuiteExecutor.java:142)
	at com.kms.katalon.core.main.TestSuiteExecutor.execute(TestSuiteExecutor.java:91)
	at com.kms.katalon.core.main.TestCaseMain.startTestSuite(TestCaseMain.java:157)
	at com.kms.katalon.core.main.TestCaseMain$startTestSuite$0.call(Unknown Source)
	at TempTestSuite1591337386301.run(TempTestSuite1591337386301.groovy:37)
Caused by: org.openqa.selenium.WebDriverException: chrome not reachable
  (Session info: chrome=83.0.4103.97)
Build info: version: '3.141.59', revision: 'e82be7d358', time: '2018-11-14T08:25:53'
System info: host: 'DESKTOP-SGC4F2H', ip: '172.25.32.1', os.name: 'Windows 10', os.arch: 'amd64', os.version: '10.0', java.version: '1.8.0_181'
Driver info: com.kms.katalon.selenium.driver.CChromeDriver
Capabilities {acceptInsecureCerts: false, browserName: chrome, browserVersion: 83.0.4103.97, chrome: {chromedriverVersion: 83.0.4103.39 (ccbf011cb2d2b..., userDataDir: C:\Users\Thanh\AppData\Loca...}, goog:chromeOptions: {debuggerAddress: localhost:62276}, javascriptEnabled: true, networkConnectionEnabled: false, pageLoadStrategy: normal, platform: WINDOWS, platformName: WINDOWS, proxy: Proxy(), setWindowRect: true, strictFileInteractability: false, timeouts: {implicit: 0, pageLoad: 300000, script: 30000}, unhandledPromptBehavior: dismiss and notify, webauthn:virtualAuthenticators: true}
Session ID: e1892bed142f23963a917ab64d183d1a
*** Element info: {Using=xpath, value=//button[@id='keysEdit']/span}
	at org.openqa.selenium.remote.http.W3CHttpResponseCodec.createException(W3CHttpResponseCodec.java:187)
	at org.openqa.selenium.remote.http.W3CHttpResponseCodec.decode(W3CHttpResponseCodec.java:122)
	at org.openqa.selenium.remote.http.W3CHttpResponseCodec.decode(W3CHttpResponseCodec.java:49)
	at org.openqa.selenium.remote.HttpCommandExecutor.execute(HttpCommandExecutor.java:158)
	at org.openqa.selenium.remote.service.DriverCommandExecutor.execute(DriverCommandExecutor.java:83)
	at org.openqa.selenium.remote.RemoteWebDriver.execute(RemoteWebDriver.java:552)
	at com.kms.katalon.selenium.driver.CChromeDriver.execute(CChromeDriver.java:19)
	at org.openqa.selenium.remote.RemoteWebDriver.findElements(RemoteWebDriver.java:353)
	at org.openqa.selenium.remote.RemoteWebDriver.findElementsByXPath(RemoteWebDriver.java:432)
	at org.openqa.selenium.By$ByXPath.findElements(By.java:348)
	at org.openqa.selenium.remote.RemoteWebDriver.findElements(RemoteWebDriver.java:311)
	at org.openqa.selenium.support.events.EventFiringWebDriver.lambda$new$1(EventFiringWebDriver.java:105)
	at com.sun.proxy.$Proxy8.findElements(Unknown Source)
	at org.openqa.selenium.support.events.EventFiringWebDriver.findElements(EventFiringWebDriver.java:182)
	at com.kms.katalon.core.webui.common.WebUiCommonHelper.findWebElements(WebUiCommonHelper.java:789)
	at com.kms.katalon.core.webui.common.WebUiCommonHelper.findWebElement(WebUiCommonHelper.java:1150)
	at com.kms.katalon.core.webui.keyword.internal.WebUIAbstractKeyword.findWebElement(WebUIAbstractKeyword.groovy:27)
	at com.kms.katalon.core.webui.keyword.internal.WebUIAbstractKeyword.findWebElement(WebUIAbstractKeyword.groovy:26)
	at com.kms.katalon.core.webui.keyword.builtin.ClickKeyword$_click_closure1.doCall(ClickKeyword.groovy:67)
	at com.kms.katalon.core.webui.keyword.builtin.ClickKeyword$_click_closure1.call(ClickKeyword.groovy)
	at com.kms.katalon.core.webui.keyword.internal.WebUIKeywordMain.runKeyword(WebUIKeywordMain.groovy:20)
	... 19 more]]></system-err>
      </testcase>
      <testcase name="Test Cases/1612427/07_AddTriggerMention" time="15.567" classname="Test Cases/1612427/07_AddTriggerMention" status="FAILED">
         <failure type="FAILED" message="Test Cases/1612427/07_AddTriggerMention FAILED.
Reason:
com.kms.katalon.core.exception.StepFailedException: Unable to click on object 'Object Repository/1612427/07_AddTriggerMention/Page_Town Square - minus Mattermost/button_Notifications'
	at com.kms.katalon.core.webui.keyword.internal.WebUIKeywordMain.stepFailed(WebUIKeywordMain.groovy:64)
	at com.kms.katalon.core.webui.keyword.internal.WebUIKeywordMain.runKeyword(WebUIKeywordMain.groovy:26)
	at com.kms.katalon.core.webui.keyword.builtin.ClickKeyword.click(ClickKeyword.groovy:76)
	at com.kms.katalon.core.webui.keyword.builtin.ClickKeyword.execute(ClickKeyword.groovy:43)
	at com.kms.katalon.core.keyword.internal.KeywordExecutor.executeKeywordForPlatform(KeywordExecutor.groovy:72)
	at com.kms.katalon.core.webui.keyword.WebUiBuiltInKeywords.click(WebUiBuiltInKeywords.groovy:616)
	at com.kms.katalon.core.webui.keyword.WebUiBuiltInKeywords$click$3.call(Unknown Source)
	at 07_AddTriggerMention.run(07_AddTriggerMention:40)
	at com.kms.katalon.core.main.ScriptEngine.run(ScriptEngine.java:194)
	at com.kms.katalon.core.main.ScriptEngine.runScriptAsRawText(ScriptEngine.java:119)
	at com.kms.katalon.core.main.TestCaseExecutor.runScript(TestCaseExecutor.java:337)
	at com.kms.katalon.core.main.TestCaseExecutor.doExecute(TestCaseExecutor.java:328)
	at com.kms.katalon.core.main.TestCaseExecutor.processExecutionPhase(TestCaseExecutor.java:307)
	at com.kms.katalon.core.main.TestCaseExecutor.accessMainPhase(TestCaseExecutor.java:299)
	at com.kms.katalon.core.main.TestCaseExecutor.execute(TestCaseExecutor.java:233)
	at com.kms.katalon.core.main.TestSuiteExecutor.accessTestCaseMainPhase(TestSuiteExecutor.java:169)
	at com.kms.katalon.core.main.TestSuiteExecutor.accessTestSuiteMainPhase(TestSuiteExecutor.java:142)
	at com.kms.katalon.core.main.TestSuiteExecutor.execute(TestSuiteExecutor.java:91)
	at com.kms.katalon.core.main.TestCaseMain.startTestSuite(TestCaseMain.java:157)
	at com.kms.katalon.core.main.TestCaseMain$startTestSuite$0.call(Unknown Source)
	at TempTestSuite1591337386301.run(TempTestSuite1591337386301.groovy:37)
Caused by: org.openqa.selenium.NoSuchWindowException: no such window: target window already closed
from unknown error: web view not found
  (Session info: chrome=83.0.4103.97)
Build info: version: '3.141.59', revision: 'e82be7d358', time: '2018-11-14T08:25:53'
System info: host: 'DESKTOP-SGC4F2H', ip: '172.25.32.1', os.name: 'Windows 10', os.arch: 'amd64', os.version: '10.0', java.version: '1.8.0_181'
Driver info: com.kms.katalon.selenium.driver.CChromeDriver
Capabilities {acceptInsecureCerts: false, browserName: chrome, browserVersion: 83.0.4103.97, chrome: {chromedriverVersion: 83.0.4103.39 (ccbf011cb2d2b..., userDataDir: C:\Users\Thanh\AppData\Loca...}, goog:chromeOptions: {debuggerAddress: localhost:62339}, javascriptEnabled: true, networkConnectionEnabled: false, pageLoadStrategy: normal, platform: WINDOWS, platformName: WINDOWS, proxy: Proxy(), setWindowRect: true, strictFileInteractability: false, timeouts: {implicit: 0, pageLoad: 300000, script: 30000}, unhandledPromptBehavior: dismiss and notify, webauthn:virtualAuthenticators: true}
Session ID: 06ee786f680883268c3e31950de4ae9b
*** Element info: {Using=xpath, value=//button[@id='notificationsButton']}
	at org.openqa.selenium.remote.http.W3CHttpResponseCodec.createException(W3CHttpResponseCodec.java:187)
	at org.openqa.selenium.remote.http.W3CHttpResponseCodec.decode(W3CHttpResponseCodec.java:122)
	at org.openqa.selenium.remote.http.W3CHttpResponseCodec.decode(W3CHttpResponseCodec.java:49)
	at org.openqa.selenium.remote.HttpCommandExecutor.execute(HttpCommandExecutor.java:158)
	at org.openqa.selenium.remote.service.DriverCommandExecutor.execute(DriverCommandExecutor.java:83)
	at org.openqa.selenium.remote.RemoteWebDriver.execute(RemoteWebDriver.java:552)
	at com.kms.katalon.selenium.driver.CChromeDriver.execute(CChromeDriver.java:19)
	at org.openqa.selenium.remote.RemoteWebDriver.findElements(RemoteWebDriver.java:353)
	at org.openqa.selenium.remote.RemoteWebDriver.findElementsByXPath(RemoteWebDriver.java:432)
	at org.openqa.selenium.By$ByXPath.findElements(By.java:348)
	at org.openqa.selenium.remote.RemoteWebDriver.findElements(RemoteWebDriver.java:311)
	at org.openqa.selenium.support.events.EventFiringWebDriver.lambda$new$1(EventFiringWebDriver.java:105)
	at com.sun.proxy.$Proxy8.findElements(Unknown Source)
	at org.openqa.selenium.support.events.EventFiringWebDriver.findElements(EventFiringWebDriver.java:182)
	at com.kms.katalon.core.webui.common.WebUiCommonHelper.findWebElements(WebUiCommonHelper.java:789)
	at com.kms.katalon.core.webui.common.WebUiCommonHelper.findWebElement(WebUiCommonHelper.java:1150)
	at com.kms.katalon.core.webui.keyword.internal.WebUIAbstractKeyword.findWebElement(WebUIAbstractKeyword.groovy:27)
	at com.kms.katalon.core.webui.keyword.internal.WebUIAbstractKeyword.findWebElement(WebUIAbstractKeyword.groovy:26)
	at com.kms.katalon.core.webui.keyword.builtin.ClickKeyword$_click_closure1.doCall(ClickKeyword.groovy:67)
	at com.kms.katalon.core.webui.keyword.builtin.ClickKeyword$_click_closure1.call(ClickKeyword.groovy)
	at com.kms.katalon.core.webui.keyword.internal.WebUIKeywordMain.runKeyword(WebUIKeywordMain.groovy:20)
	... 19 more
"/>
         <system-out><![CDATA[2020-06-05 13:20:05 - [TEST_CASE][FAILED] - Test Cases/1612427/07_AddTriggerMention: Test Cases/1612427/07_AddTriggerMention FAILED.
Reason:
com.kms.katalon.core.exception.StepFailedException: Unable to click on object 'Object Repository/1612427/07_AddTriggerMention/Page_Town Square - minus Mattermost/button_Notifications'
	at com.kms.katalon.core.webui.keyword.internal.WebUIKeywordMain.stepFailed(WebUIKeywordMain.groovy:64)
	at com.kms.katalon.core.webui.keyword.internal.WebUIKeywordMain.runKeyword(WebUIKeywordMain.groovy:26)
	at com.kms.katalon.core.webui.keyword.builtin.ClickKeyword.click(ClickKeyword.groovy:76)
	at com.kms.katalon.core.webui.keyword.builtin.ClickKeyword.execute(ClickKeyword.groovy:43)
	at com.kms.katalon.core.keyword.internal.KeywordExecutor.executeKeywordForPlatform(KeywordExecutor.groovy:72)
	at com.kms.katalon.core.webui.keyword.WebUiBuiltInKeywords.click(WebUiBuiltInKeywords.groovy:616)
	at com.kms.katalon.core.webui.keyword.WebUiBuiltInKeywords$click$3.call(Unknown Source)
	at 07_AddTriggerMention.run(07_AddTriggerMention:40)
	at com.kms.katalon.core.main.ScriptEngine.run(ScriptEngine.java:194)
	at com.kms.katalon.core.main.ScriptEngine.runScriptAsRawText(ScriptEngine.java:119)
	at com.kms.katalon.core.main.TestCaseExecutor.runScript(TestCaseExecutor.java:337)
	at com.kms.katalon.core.main.TestCaseExecutor.doExecute(TestCaseExecutor.java:328)
	at com.kms.katalon.core.main.TestCaseExecutor.processExecutionPhase(TestCaseExecutor.java:307)
	at com.kms.katalon.core.main.TestCaseExecutor.accessMainPhase(TestCaseExecutor.java:299)
	at com.kms.katalon.core.main.TestCaseExecutor.execute(TestCaseExecutor.java:233)
	at com.kms.katalon.core.main.TestSuiteExecutor.accessTestCaseMainPhase(TestSuiteExecutor.java:169)
	at com.kms.katalon.core.main.TestSuiteExecutor.accessTestSuiteMainPhase(TestSuiteExecutor.java:142)
	at com.kms.katalon.core.main.TestSuiteExecutor.execute(TestSuiteExecutor.java:91)
	at com.kms.katalon.core.main.TestCaseMain.startTestSuite(TestCaseMain.java:157)
	at com.kms.katalon.core.main.TestCaseMain$startTestSuite$0.call(Unknown Source)
	at TempTestSuite1591337386301.run(TempTestSuite1591337386301.groovy:37)
Caused by: org.openqa.selenium.NoSuchWindowException: no such window: target window already closed
from unknown error: web view not found
  (Session info: chrome=83.0.4103.97)
Build info: version: '3.141.59', revision: 'e82be7d358', time: '2018-11-14T08:25:53'
System info: host: 'DESKTOP-SGC4F2H', ip: '172.25.32.1', os.name: 'Windows 10', os.arch: 'amd64', os.version: '10.0', java.version: '1.8.0_181'
Driver info: com.kms.katalon.selenium.driver.CChromeDriver
Capabilities {acceptInsecureCerts: false, browserName: chrome, browserVersion: 83.0.4103.97, chrome: {chromedriverVersion: 83.0.4103.39 (ccbf011cb2d2b..., userDataDir: C:\Users\Thanh\AppData\Loca...}, goog:chromeOptions: {debuggerAddress: localhost:62339}, javascriptEnabled: true, networkConnectionEnabled: false, pageLoadStrategy: normal, platform: WINDOWS, platformName: WINDOWS, proxy: Proxy(), setWindowRect: true, strictFileInteractability: false, timeouts: {implicit: 0, pageLoad: 300000, script: 30000}, unhandledPromptBehavior: dismiss and notify, webauthn:virtualAuthenticators: true}
Session ID: 06ee786f680883268c3e31950de4ae9b
*** Element info: {Using=xpath, value=//button[@id='notificationsButton']}
	at org.openqa.selenium.remote.http.W3CHttpResponseCodec.createException(W3CHttpResponseCodec.java:187)
	at org.openqa.selenium.remote.http.W3CHttpResponseCodec.decode(W3CHttpResponseCodec.java:122)
	at org.openqa.selenium.remote.http.W3CHttpResponseCodec.decode(W3CHttpResponseCodec.java:49)
	at org.openqa.selenium.remote.HttpCommandExecutor.execute(HttpCommandExecutor.java:158)
	at org.openqa.selenium.remote.service.DriverCommandExecutor.execute(DriverCommandExecutor.java:83)
	at org.openqa.selenium.remote.RemoteWebDriver.execute(RemoteWebDriver.java:552)
	at com.kms.katalon.selenium.driver.CChromeDriver.execute(CChromeDriver.java:19)
	at org.openqa.selenium.remote.RemoteWebDriver.findElements(RemoteWebDriver.java:353)
	at org.openqa.selenium.remote.RemoteWebDriver.findElementsByXPath(RemoteWebDriver.java:432)
	at org.openqa.selenium.By$ByXPath.findElements(By.java:348)
	at org.openqa.selenium.remote.RemoteWebDriver.findElements(RemoteWebDriver.java:311)
	at org.openqa.selenium.support.events.EventFiringWebDriver.lambda$new$1(EventFiringWebDriver.java:105)
	at com.sun.proxy.$Proxy8.findElements(Unknown Source)
	at org.openqa.selenium.support.events.EventFiringWebDriver.findElements(EventFiringWebDriver.java:182)
	at com.kms.katalon.core.webui.common.WebUiCommonHelper.findWebElements(WebUiCommonHelper.java:789)
	at com.kms.katalon.core.webui.common.WebUiCommonHelper.findWebElement(WebUiCommonHelper.java:1150)
	at com.kms.katalon.core.webui.keyword.internal.WebUIAbstractKeyword.findWebElement(WebUIAbstractKeyword.groovy:27)
	at com.kms.katalon.core.webui.keyword.internal.WebUIAbstractKeyword.findWebElement(WebUIAbstractKeyword.groovy:26)
	at com.kms.katalon.core.webui.keyword.builtin.ClickKeyword$_click_closure1.doCall(ClickKeyword.groovy:67)
	at com.kms.katalon.core.webui.keyword.builtin.ClickKeyword$_click_closure1.call(ClickKeyword.groovy)
	at com.kms.katalon.core.webui.keyword.internal.WebUIKeywordMain.runKeyword(WebUIKeywordMain.groovy:20)
	... 19 more


2020-06-05 13:20:05 - [TEST_STEP][PASSED] - openBrowser(""): Browser is opened with url: ''

2020-06-05 13:20:05 - [MESSAGE][WARNING] - A browser is already opened. Closing browser and opening a new one

2020-06-05 13:20:06 - [MESSAGE][INFO] - Starting 'Chrome' driver

2020-06-05 13:20:06 - [MESSAGE][INFO] - Action delay is set to 0 milliseconds

2020-06-05 13:20:09 - [MESSAGE][PASSED] - Browser is opened with url: ''

2020-06-05 13:20:09 - [TEST_STEP][PASSED] - navigateToUrl("http://localhost:8065/login"): Navigate to 'http://localhost:8065/login' successfully

2020-06-05 13:20:11 - [MESSAGE][PASSED] - Navigate to 'http://localhost:8065/login' successfully

2020-06-05 13:20:11 - [TEST_STEP][PASSED] - setText(findTestObject("Object Repository/1612427/06_ChangeEmail/Page_Mattermost/input_All team communication in one place s_703ef5"), "hcmus-cdnc"): Text 'hcmus-cdnc' is set on object 'Object Repository/1612427/06_ChangeEmail/Page_Mattermost/input_All team communication in one place s_703ef5'

2020-06-05 13:20:13 - [MESSAGE][PASSED] - Text 'hcmus-cdnc' is set on object 'Object Repository/1612427/06_ChangeEmail/Page_Mattermost/input_All team communication in one place s_703ef5'

2020-06-05 13:20:13 - [TEST_STEP][PASSED] - click(findTestObject("Object Repository/1612427/06_ChangeEmail/Page_Mattermost/input_All team communication in one place s_703ef5")): Object: 'Object Repository/1612427/06_ChangeEmail/Page_Mattermost/input_All team communication in one place s_703ef5' is clicked on

2020-06-05 13:20:14 - [MESSAGE][PASSED] - Object: 'Object Repository/1612427/06_ChangeEmail/Page_Mattermost/input_All team communication in one place s_703ef5' is clicked on

2020-06-05 13:20:14 - [TEST_STEP][PASSED] - setText(findTestObject("Object Repository/1612427/06_ChangeEmail/Page_Mattermost/input_All team communication in one place s_703ef5"), "hcmus-cdnc"): Text 'hcmus-cdnc' is set on object 'Object Repository/1612427/06_ChangeEmail/Page_Mattermost/input_All team communication in one place s_703ef5'

2020-06-05 13:20:14 - [MESSAGE][PASSED] - Text 'hcmus-cdnc' is set on object 'Object Repository/1612427/06_ChangeEmail/Page_Mattermost/input_All team communication in one place s_703ef5'

2020-06-05 13:20:14 - [TEST_STEP][PASSED] - setEncryptedText(findTestObject("Object Repository/1612427/06_ChangeEmail/Page_Mattermost/input_All team communication in one place s_2f2733"), "aeHFOx8jV/A="): Text ****** has been set on object 'Object Repository/1612427/06_ChangeEmail/Page_Mattermost/input_All team communication in one place s_2f2733'

2020-06-05 13:20:15 - [MESSAGE][PASSED] - Text ****** has been set on object 'Object Repository/1612427/06_ChangeEmail/Page_Mattermost/input_All team communication in one place s_2f2733'

2020-06-05 13:20:15 - [TEST_STEP][PASSED] - click(findTestObject("Object Repository/1612427/06_ChangeEmail/Page_Mattermost/span_Sign in")): Object: 'Object Repository/1612427/06_ChangeEmail/Page_Mattermost/span_Sign in' is clicked on

2020-06-05 13:20:15 - [MESSAGE][PASSED] - Object: 'Object Repository/1612427/06_ChangeEmail/Page_Mattermost/span_Sign in' is clicked on

2020-06-05 13:20:15 - [TEST_STEP][PASSED] - click(findTestObject("Object Repository/1612427/06_ChangeEmail/Page_Town Square - minus Mattermost/svg")): Object: 'Object Repository/1612427/06_ChangeEmail/Page_Town Square - minus Mattermost/svg' is clicked on

2020-06-05 13:20:19 - [MESSAGE][PASSED] - Object: 'Object Repository/1612427/06_ChangeEmail/Page_Town Square - minus Mattermost/svg' is clicked on

2020-06-05 13:20:19 - [TEST_STEP][PASSED] - click(findTestObject("Object Repository/1612427/06_ChangeEmail/Page_Town Square - minus Mattermost/span_Account Settings")): Object: 'Object Repository/1612427/06_ChangeEmail/Page_Town Square - minus Mattermost/span_Account Settings' is clicked on

2020-06-05 13:20:20 - [MESSAGE][PASSED] - Object: 'Object Repository/1612427/06_ChangeEmail/Page_Town Square - minus Mattermost/span_Account Settings' is clicked on

2020-06-05 13:20:20 - [TEST_STEP][FAILED] - click(findTestObject("Object Repository/1612427/07_AddTriggerMention/Page_Town Square - minus Mattermost/button_Notifications")): Unable to click on object 'Object Repository/1612427/07_AddTriggerMention/Page_Town Square - minus Mattermost/button_Notifications' (Root cause: com.kms.katalon.core.exception.StepFailedException: Unable to click on object 'Object Repository/1612427/07_AddTriggerMention/Page_Town Square - minus Mattermost/button_Notifications'
	at com.kms.katalon.core.webui.keyword.internal.WebUIKeywordMain.stepFailed(WebUIKeywordMain.groovy:64)
	at com.kms.katalon.core.webui.keyword.internal.WebUIKeywordMain.runKeyword(WebUIKeywordMain.groovy:26)
	at com.kms.katalon.core.webui.keyword.builtin.ClickKeyword.click(ClickKeyword.groovy:76)
	at com.kms.katalon.core.webui.keyword.builtin.ClickKeyword.execute(ClickKeyword.groovy:43)
	at com.kms.katalon.core.keyword.internal.KeywordExecutor.executeKeywordForPlatform(KeywordExecutor.groovy:72)
	at com.kms.katalon.core.webui.keyword.WebUiBuiltInKeywords.click(WebUiBuiltInKeywords.groovy:616)
	at com.kms.katalon.core.webui.keyword.WebUiBuiltInKeywords$click$3.call(Unknown Source)
	at 07_AddTriggerMention.run(07_AddTriggerMention:40)
	at com.kms.katalon.core.main.ScriptEngine.run(ScriptEngine.java:194)
	at com.kms.katalon.core.main.ScriptEngine.runScriptAsRawText(ScriptEngine.java:119)
	at com.kms.katalon.core.main.TestCaseExecutor.runScript(TestCaseExecutor.java:337)
	at com.kms.katalon.core.main.TestCaseExecutor.doExecute(TestCaseExecutor.java:328)
	at com.kms.katalon.core.main.TestCaseExecutor.processExecutionPhase(TestCaseExecutor.java:307)
	at com.kms.katalon.core.main.TestCaseExecutor.accessMainPhase(TestCaseExecutor.java:299)
	at com.kms.katalon.core.main.TestCaseExecutor.execute(TestCaseExecutor.java:233)
	at com.kms.katalon.core.main.TestSuiteExecutor.accessTestCaseMainPhase(TestSuiteExecutor.java:169)
	at com.kms.katalon.core.main.TestSuiteExecutor.accessTestSuiteMainPhase(TestSuiteExecutor.java:142)
	at com.kms.katalon.core.main.TestSuiteExecutor.execute(TestSuiteExecutor.java:91)
	at com.kms.katalon.core.main.TestCaseMain.startTestSuite(TestCaseMain.java:157)
	at com.kms.katalon.core.main.TestCaseMain$startTestSuite$0.call(Unknown Source)
	at TempTestSuite1591337386301.run(TempTestSuite1591337386301.groovy:37)
Caused by: org.openqa.selenium.NoSuchWindowException: no such window: target window already closed
from unknown error: web view not found
  (Session info: chrome=83.0.4103.97)
Build info: version: '3.141.59', revision: 'e82be7d358', time: '2018-11-14T08:25:53'
System info: host: 'DESKTOP-SGC4F2H', ip: '172.25.32.1', os.name: 'Windows 10', os.arch: 'amd64', os.version: '10.0', java.version: '1.8.0_181'
Driver info: com.kms.katalon.selenium.driver.CChromeDriver
Capabilities {acceptInsecureCerts: false, browserName: chrome, browserVersion: 83.0.4103.97, chrome: {chromedriverVersion: 83.0.4103.39 (ccbf011cb2d2b..., userDataDir: C:\Users\Thanh\AppData\Loca...}, goog:chromeOptions: {debuggerAddress: localhost:62339}, javascriptEnabled: true, networkConnectionEnabled: false, pageLoadStrategy: normal, platform: WINDOWS, platformName: WINDOWS, proxy: Proxy(), setWindowRect: true, strictFileInteractability: false, timeouts: {implicit: 0, pageLoad: 300000, script: 30000}, unhandledPromptBehavior: dismiss and notify, webauthn:virtualAuthenticators: true}
Session ID: 06ee786f680883268c3e31950de4ae9b
*** Element info: {Using=xpath, value=//button[@id='notificationsButton']}
	at org.openqa.selenium.remote.http.W3CHttpResponseCodec.createException(W3CHttpResponseCodec.java:187)
	at org.openqa.selenium.remote.http.W3CHttpResponseCodec.decode(W3CHttpResponseCodec.java:122)
	at org.openqa.selenium.remote.http.W3CHttpResponseCodec.decode(W3CHttpResponseCodec.java:49)
	at org.openqa.selenium.remote.HttpCommandExecutor.execute(HttpCommandExecutor.java:158)
	at org.openqa.selenium.remote.service.DriverCommandExecutor.execute(DriverCommandExecutor.java:83)
	at org.openqa.selenium.remote.RemoteWebDriver.execute(RemoteWebDriver.java:552)
	at com.kms.katalon.selenium.driver.CChromeDriver.execute(CChromeDriver.java:19)
	at org.openqa.selenium.remote.RemoteWebDriver.findElements(RemoteWebDriver.java:353)
	at org.openqa.selenium.remote.RemoteWebDriver.findElementsByXPath(RemoteWebDriver.java:432)
	at org.openqa.selenium.By$ByXPath.findElements(By.java:348)
	at org.openqa.selenium.remote.RemoteWebDriver.findElements(RemoteWebDriver.java:311)
	at org.openqa.selenium.support.events.EventFiringWebDriver.lambda$new$1(EventFiringWebDriver.java:105)
	at com.sun.proxy.$Proxy8.findElements(Unknown Source)
	at org.openqa.selenium.support.events.EventFiringWebDriver.findElements(EventFiringWebDriver.java:182)
	at com.kms.katalon.core.webui.common.WebUiCommonHelper.findWebElements(WebUiCommonHelper.java:789)
	at com.kms.katalon.core.webui.common.WebUiCommonHelper.findWebElement(WebUiCommonHelper.java:1150)
	at com.kms.katalon.core.webui.keyword.internal.WebUIAbstractKeyword.findWebElement(WebUIAbstractKeyword.groovy:27)
	at com.kms.katalon.core.webui.keyword.internal.WebUIAbstractKeyword.findWebElement(WebUIAbstractKeyword.groovy:26)
	at com.kms.katalon.core.webui.keyword.builtin.ClickKeyword$_click_closure1.doCall(ClickKeyword.groovy:67)
	at com.kms.katalon.core.webui.keyword.builtin.ClickKeyword$_click_closure1.call(ClickKeyword.groovy)
	at com.kms.katalon.core.webui.keyword.internal.WebUIKeywordMain.runKeyword(WebUIKeywordMain.groovy:20)
	at com.kms.katalon.core.webui.keyword.builtin.ClickKeyword.click(ClickKeyword.groovy:76)
	at com.kms.katalon.core.webui.keyword.builtin.ClickKeyword.execute(ClickKeyword.groovy:43)
	at com.kms.katalon.core.keyword.internal.KeywordExecutor.executeKeywordForPlatform(KeywordExecutor.groovy:72)
	at com.kms.katalon.core.webui.keyword.WebUiBuiltInKeywords.click(WebUiBuiltInKeywords.groovy:616)
	at com.kms.katalon.core.webui.keyword.WebUiBuiltInKeywords$click$3.call(Unknown Source)
	at Script1591149357382.run(Script1591149357382.groovy:40)
	... 13 more
)

2020-06-05 13:20:21 - [MESSAGE][WARNING] - Cannot take screenshot

2020-06-05 13:20:21 - [MESSAGE][FAILED] - Unable to click on object 'Object Repository/1612427/07_AddTriggerMention/Page_Town Square - minus Mattermost/button_Notifications' (Root cause: com.kms.katalon.core.exception.StepFailedException: Unable to click on object 'Object Repository/1612427/07_AddTriggerMention/Page_Town Square - minus Mattermost/button_Notifications'
	at com.kms.katalon.core.webui.keyword.internal.WebUIKeywordMain.stepFailed(WebUIKeywordMain.groovy:64)
	at com.kms.katalon.core.webui.keyword.internal.WebUIKeywordMain.runKeyword(WebUIKeywordMain.groovy:26)
	at com.kms.katalon.core.webui.keyword.builtin.ClickKeyword.click(ClickKeyword.groovy:76)
	at com.kms.katalon.core.webui.keyword.builtin.ClickKeyword.execute(ClickKeyword.groovy:43)
	at com.kms.katalon.core.keyword.internal.KeywordExecutor.executeKeywordForPlatform(KeywordExecutor.groovy:72)
	at com.kms.katalon.core.webui.keyword.WebUiBuiltInKeywords.click(WebUiBuiltInKeywords.groovy:616)
	at com.kms.katalon.core.webui.keyword.WebUiBuiltInKeywords$click$3.call(Unknown Source)
	at 07_AddTriggerMention.run(07_AddTriggerMention:40)
	at com.kms.katalon.core.main.ScriptEngine.run(ScriptEngine.java:194)
	at com.kms.katalon.core.main.ScriptEngine.runScriptAsRawText(ScriptEngine.java:119)
	at com.kms.katalon.core.main.TestCaseExecutor.runScript(TestCaseExecutor.java:337)
	at com.kms.katalon.core.main.TestCaseExecutor.doExecute(TestCaseExecutor.java:328)
	at com.kms.katalon.core.main.TestCaseExecutor.processExecutionPhase(TestCaseExecutor.java:307)
	at com.kms.katalon.core.main.TestCaseExecutor.accessMainPhase(TestCaseExecutor.java:299)
	at com.kms.katalon.core.main.TestCaseExecutor.execute(TestCaseExecutor.java:233)
	at com.kms.katalon.core.main.TestSuiteExecutor.accessTestCaseMainPhase(TestSuiteExecutor.java:169)
	at com.kms.katalon.core.main.TestSuiteExecutor.accessTestSuiteMainPhase(TestSuiteExecutor.java:142)
	at com.kms.katalon.core.main.TestSuiteExecutor.execute(TestSuiteExecutor.java:91)
	at com.kms.katalon.core.main.TestCaseMain.startTestSuite(TestCaseMain.java:157)
	at com.kms.katalon.core.main.TestCaseMain$startTestSuite$0.call(Unknown Source)
	at TempTestSuite1591337386301.run(TempTestSuite1591337386301.groovy:37)
Caused by: org.openqa.selenium.NoSuchWindowException: no such window: target window already closed
from unknown error: web view not found
  (Session info: chrome=83.0.4103.97)
Build info: version: '3.141.59', revision: 'e82be7d358', time: '2018-11-14T08:25:53'
System info: host: 'DESKTOP-SGC4F2H', ip: '172.25.32.1', os.name: 'Windows 10', os.arch: 'amd64', os.version: '10.0', java.version: '1.8.0_181'
Driver info: com.kms.katalon.selenium.driver.CChromeDriver
Capabilities {acceptInsecureCerts: false, browserName: chrome, browserVersion: 83.0.4103.97, chrome: {chromedriverVersion: 83.0.4103.39 (ccbf011cb2d2b..., userDataDir: C:\Users\Thanh\AppData\Loca...}, goog:chromeOptions: {debuggerAddress: localhost:62339}, javascriptEnabled: true, networkConnectionEnabled: false, pageLoadStrategy: normal, platform: WINDOWS, platformName: WINDOWS, proxy: Proxy(), setWindowRect: true, strictFileInteractability: false, timeouts: {implicit: 0, pageLoad: 300000, script: 30000}, unhandledPromptBehavior: dismiss and notify, webauthn:virtualAuthenticators: true}
Session ID: 06ee786f680883268c3e31950de4ae9b
*** Element info: {Using=xpath, value=//button[@id='notificationsButton']}
	at org.openqa.selenium.remote.http.W3CHttpResponseCodec.createException(W3CHttpResponseCodec.java:187)
	at org.openqa.selenium.remote.http.W3CHttpResponseCodec.decode(W3CHttpResponseCodec.java:122)
	at org.openqa.selenium.remote.http.W3CHttpResponseCodec.decode(W3CHttpResponseCodec.java:49)
	at org.openqa.selenium.remote.HttpCommandExecutor.execute(HttpCommandExecutor.java:158)
	at org.openqa.selenium.remote.service.DriverCommandExecutor.execute(DriverCommandExecutor.java:83)
	at org.openqa.selenium.remote.RemoteWebDriver.execute(RemoteWebDriver.java:552)
	at com.kms.katalon.selenium.driver.CChromeDriver.execute(CChromeDriver.java:19)
	at org.openqa.selenium.remote.RemoteWebDriver.findElements(RemoteWebDriver.java:353)
	at org.openqa.selenium.remote.RemoteWebDriver.findElementsByXPath(RemoteWebDriver.java:432)
	at org.openqa.selenium.By$ByXPath.findElements(By.java:348)
	at org.openqa.selenium.remote.RemoteWebDriver.findElements(RemoteWebDriver.java:311)
	at org.openqa.selenium.support.events.EventFiringWebDriver.lambda$new$1(EventFiringWebDriver.java:105)
	at com.sun.proxy.$Proxy8.findElements(Unknown Source)
	at org.openqa.selenium.support.events.EventFiringWebDriver.findElements(EventFiringWebDriver.java:182)
	at com.kms.katalon.core.webui.common.WebUiCommonHelper.findWebElements(WebUiCommonHelper.java:789)
	at com.kms.katalon.core.webui.common.WebUiCommonHelper.findWebElement(WebUiCommonHelper.java:1150)
	at com.kms.katalon.core.webui.keyword.internal.WebUIAbstractKeyword.findWebElement(WebUIAbstractKeyword.groovy:27)
	at com.kms.katalon.core.webui.keyword.internal.WebUIAbstractKeyword.findWebElement(WebUIAbstractKeyword.groovy:26)
	at com.kms.katalon.core.webui.keyword.builtin.ClickKeyword$_click_closure1.doCall(ClickKeyword.groovy:67)
	at com.kms.katalon.core.webui.keyword.builtin.ClickKeyword$_click_closure1.call(ClickKeyword.groovy)
	at com.kms.katalon.core.webui.keyword.internal.WebUIKeywordMain.runKeyword(WebUIKeywordMain.groovy:20)
	at com.kms.katalon.core.webui.keyword.builtin.ClickKeyword.click(ClickKeyword.groovy:76)
	at com.kms.katalon.core.webui.keyword.builtin.ClickKeyword.execute(ClickKeyword.groovy:43)
	at com.kms.katalon.core.keyword.internal.KeywordExecutor.executeKeywordForPlatform(KeywordExecutor.groovy:72)
	at com.kms.katalon.core.webui.keyword.WebUiBuiltInKeywords.click(WebUiBuiltInKeywords.groovy:616)
	at com.kms.katalon.core.webui.keyword.WebUiBuiltInKeywords$click$3.call(Unknown Source)
	at Script1591149357382.run(Script1591149357382.groovy:40)
	... 13 more
)]]></system-out>
         <system-err><![CDATA[2020-06-05 13:20:05 - [TEST_CASE][FAILED] - Test Cases/1612427/07_AddTriggerMention: Test Cases/1612427/07_AddTriggerMention FAILED.
Reason:
com.kms.katalon.core.exception.StepFailedException: Unable to click on object 'Object Repository/1612427/07_AddTriggerMention/Page_Town Square - minus Mattermost/button_Notifications'
	at com.kms.katalon.core.webui.keyword.internal.WebUIKeywordMain.stepFailed(WebUIKeywordMain.groovy:64)
	at com.kms.katalon.core.webui.keyword.internal.WebUIKeywordMain.runKeyword(WebUIKeywordMain.groovy:26)
	at com.kms.katalon.core.webui.keyword.builtin.ClickKeyword.click(ClickKeyword.groovy:76)
	at com.kms.katalon.core.webui.keyword.builtin.ClickKeyword.execute(ClickKeyword.groovy:43)
	at com.kms.katalon.core.keyword.internal.KeywordExecutor.executeKeywordForPlatform(KeywordExecutor.groovy:72)
	at com.kms.katalon.core.webui.keyword.WebUiBuiltInKeywords.click(WebUiBuiltInKeywords.groovy:616)
	at com.kms.katalon.core.webui.keyword.WebUiBuiltInKeywords$click$3.call(Unknown Source)
	at 07_AddTriggerMention.run(07_AddTriggerMention:40)
	at com.kms.katalon.core.main.ScriptEngine.run(ScriptEngine.java:194)
	at com.kms.katalon.core.main.ScriptEngine.runScriptAsRawText(ScriptEngine.java:119)
	at com.kms.katalon.core.main.TestCaseExecutor.runScript(TestCaseExecutor.java:337)
	at com.kms.katalon.core.main.TestCaseExecutor.doExecute(TestCaseExecutor.java:328)
	at com.kms.katalon.core.main.TestCaseExecutor.processExecutionPhase(TestCaseExecutor.java:307)
	at com.kms.katalon.core.main.TestCaseExecutor.accessMainPhase(TestCaseExecutor.java:299)
	at com.kms.katalon.core.main.TestCaseExecutor.execute(TestCaseExecutor.java:233)
	at com.kms.katalon.core.main.TestSuiteExecutor.accessTestCaseMainPhase(TestSuiteExecutor.java:169)
	at com.kms.katalon.core.main.TestSuiteExecutor.accessTestSuiteMainPhase(TestSuiteExecutor.java:142)
	at com.kms.katalon.core.main.TestSuiteExecutor.execute(TestSuiteExecutor.java:91)
	at com.kms.katalon.core.main.TestCaseMain.startTestSuite(TestCaseMain.java:157)
	at com.kms.katalon.core.main.TestCaseMain$startTestSuite$0.call(Unknown Source)
	at TempTestSuite1591337386301.run(TempTestSuite1591337386301.groovy:37)
Caused by: org.openqa.selenium.NoSuchWindowException: no such window: target window already closed
from unknown error: web view not found
  (Session info: chrome=83.0.4103.97)
Build info: version: '3.141.59', revision: 'e82be7d358', time: '2018-11-14T08:25:53'
System info: host: 'DESKTOP-SGC4F2H', ip: '172.25.32.1', os.name: 'Windows 10', os.arch: 'amd64', os.version: '10.0', java.version: '1.8.0_181'
Driver info: com.kms.katalon.selenium.driver.CChromeDriver
Capabilities {acceptInsecureCerts: false, browserName: chrome, browserVersion: 83.0.4103.97, chrome: {chromedriverVersion: 83.0.4103.39 (ccbf011cb2d2b..., userDataDir: C:\Users\Thanh\AppData\Loca...}, goog:chromeOptions: {debuggerAddress: localhost:62339}, javascriptEnabled: true, networkConnectionEnabled: false, pageLoadStrategy: normal, platform: WINDOWS, platformName: WINDOWS, proxy: Proxy(), setWindowRect: true, strictFileInteractability: false, timeouts: {implicit: 0, pageLoad: 300000, script: 30000}, unhandledPromptBehavior: dismiss and notify, webauthn:virtualAuthenticators: true}
Session ID: 06ee786f680883268c3e31950de4ae9b
*** Element info: {Using=xpath, value=//button[@id='notificationsButton']}
	at org.openqa.selenium.remote.http.W3CHttpResponseCodec.createException(W3CHttpResponseCodec.java:187)
	at org.openqa.selenium.remote.http.W3CHttpResponseCodec.decode(W3CHttpResponseCodec.java:122)
	at org.openqa.selenium.remote.http.W3CHttpResponseCodec.decode(W3CHttpResponseCodec.java:49)
	at org.openqa.selenium.remote.HttpCommandExecutor.execute(HttpCommandExecutor.java:158)
	at org.openqa.selenium.remote.service.DriverCommandExecutor.execute(DriverCommandExecutor.java:83)
	at org.openqa.selenium.remote.RemoteWebDriver.execute(RemoteWebDriver.java:552)
	at com.kms.katalon.selenium.driver.CChromeDriver.execute(CChromeDriver.java:19)
	at org.openqa.selenium.remote.RemoteWebDriver.findElements(RemoteWebDriver.java:353)
	at org.openqa.selenium.remote.RemoteWebDriver.findElementsByXPath(RemoteWebDriver.java:432)
	at org.openqa.selenium.By$ByXPath.findElements(By.java:348)
	at org.openqa.selenium.remote.RemoteWebDriver.findElements(RemoteWebDriver.java:311)
	at org.openqa.selenium.support.events.EventFiringWebDriver.lambda$new$1(EventFiringWebDriver.java:105)
	at com.sun.proxy.$Proxy8.findElements(Unknown Source)
	at org.openqa.selenium.support.events.EventFiringWebDriver.findElements(EventFiringWebDriver.java:182)
	at com.kms.katalon.core.webui.common.WebUiCommonHelper.findWebElements(WebUiCommonHelper.java:789)
	at com.kms.katalon.core.webui.common.WebUiCommonHelper.findWebElement(WebUiCommonHelper.java:1150)
	at com.kms.katalon.core.webui.keyword.internal.WebUIAbstractKeyword.findWebElement(WebUIAbstractKeyword.groovy:27)
	at com.kms.katalon.core.webui.keyword.internal.WebUIAbstractKeyword.findWebElement(WebUIAbstractKeyword.groovy:26)
	at com.kms.katalon.core.webui.keyword.builtin.ClickKeyword$_click_closure1.doCall(ClickKeyword.groovy:67)
	at com.kms.katalon.core.webui.keyword.builtin.ClickKeyword$_click_closure1.call(ClickKeyword.groovy)
	at com.kms.katalon.core.webui.keyword.internal.WebUIKeywordMain.runKeyword(WebUIKeywordMain.groovy:20)
	... 19 more]]></system-err>
      </testcase>
      <testcase name="Test Cases/1612427/07_AddTriggerMention" time="15.793" classname="Test Cases/1612427/07_AddTriggerMention" status="FAILED">
         <failure type="FAILED" message="Test Cases/1612427/07_AddTriggerMention FAILED.
Reason:
com.kms.katalon.core.exception.StepFailedException: Unable to click on object 'Object Repository/1612427/07_AddTriggerMention/Page_Town Square - minus Mattermost/button_Notifications'
	at com.kms.katalon.core.webui.keyword.internal.WebUIKeywordMain.stepFailed(WebUIKeywordMain.groovy:64)
	at com.kms.katalon.core.webui.keyword.internal.WebUIKeywordMain.runKeyword(WebUIKeywordMain.groovy:26)
	at com.kms.katalon.core.webui.keyword.builtin.ClickKeyword.click(ClickKeyword.groovy:76)
	at com.kms.katalon.core.webui.keyword.builtin.ClickKeyword.execute(ClickKeyword.groovy:43)
	at com.kms.katalon.core.keyword.internal.KeywordExecutor.executeKeywordForPlatform(KeywordExecutor.groovy:72)
	at com.kms.katalon.core.webui.keyword.WebUiBuiltInKeywords.click(WebUiBuiltInKeywords.groovy:616)
	at com.kms.katalon.core.webui.keyword.WebUiBuiltInKeywords$click$3.call(Unknown Source)
	at 07_AddTriggerMention.run(07_AddTriggerMention:40)
	at com.kms.katalon.core.main.ScriptEngine.run(ScriptEngine.java:194)
	at com.kms.katalon.core.main.ScriptEngine.runScriptAsRawText(ScriptEngine.java:119)
	at com.kms.katalon.core.main.TestCaseExecutor.runScript(TestCaseExecutor.java:337)
	at com.kms.katalon.core.main.TestCaseExecutor.doExecute(TestCaseExecutor.java:328)
	at com.kms.katalon.core.main.TestCaseExecutor.processExecutionPhase(TestCaseExecutor.java:307)
	at com.kms.katalon.core.main.TestCaseExecutor.accessMainPhase(TestCaseExecutor.java:299)
	at com.kms.katalon.core.main.TestCaseExecutor.execute(TestCaseExecutor.java:233)
	at com.kms.katalon.core.main.TestSuiteExecutor.accessTestCaseMainPhase(TestSuiteExecutor.java:169)
	at com.kms.katalon.core.main.TestSuiteExecutor.accessTestSuiteMainPhase(TestSuiteExecutor.java:142)
	at com.kms.katalon.core.main.TestSuiteExecutor.execute(TestSuiteExecutor.java:91)
	at com.kms.katalon.core.main.TestCaseMain.startTestSuite(TestCaseMain.java:157)
	at com.kms.katalon.core.main.TestCaseMain$startTestSuite$0.call(Unknown Source)
	at TempTestSuite1591337386301.run(TempTestSuite1591337386301.groovy:37)
Caused by: org.openqa.selenium.NoSuchWindowException: no such window: target window already closed
from unknown error: web view not found
  (Session info: chrome=83.0.4103.97)
Build info: version: '3.141.59', revision: 'e82be7d358', time: '2018-11-14T08:25:53'
System info: host: 'DESKTOP-SGC4F2H', ip: '172.25.32.1', os.name: 'Windows 10', os.arch: 'amd64', os.version: '10.0', java.version: '1.8.0_181'
Driver info: com.kms.katalon.selenium.driver.CChromeDriver
Capabilities {acceptInsecureCerts: false, browserName: chrome, browserVersion: 83.0.4103.97, chrome: {chromedriverVersion: 83.0.4103.39 (ccbf011cb2d2b..., userDataDir: C:\Users\Thanh\AppData\Loca...}, goog:chromeOptions: {debuggerAddress: localhost:62365}, javascriptEnabled: true, networkConnectionEnabled: false, pageLoadStrategy: normal, platform: WINDOWS, platformName: WINDOWS, proxy: Proxy(), setWindowRect: true, strictFileInteractability: false, timeouts: {implicit: 0, pageLoad: 300000, script: 30000}, unhandledPromptBehavior: dismiss and notify, webauthn:virtualAuthenticators: true}
Session ID: c9469fc31ffccf169ada9ce0e05e1d27
*** Element info: {Using=xpath, value=//button[@id='notificationsButton']}
	at org.openqa.selenium.remote.http.W3CHttpResponseCodec.createException(W3CHttpResponseCodec.java:187)
	at org.openqa.selenium.remote.http.W3CHttpResponseCodec.decode(W3CHttpResponseCodec.java:122)
	at org.openqa.selenium.remote.http.W3CHttpResponseCodec.decode(W3CHttpResponseCodec.java:49)
	at org.openqa.selenium.remote.HttpCommandExecutor.execute(HttpCommandExecutor.java:158)
	at org.openqa.selenium.remote.service.DriverCommandExecutor.execute(DriverCommandExecutor.java:83)
	at org.openqa.selenium.remote.RemoteWebDriver.execute(RemoteWebDriver.java:552)
	at com.kms.katalon.selenium.driver.CChromeDriver.execute(CChromeDriver.java:19)
	at org.openqa.selenium.remote.RemoteWebDriver.findElements(RemoteWebDriver.java:353)
	at org.openqa.selenium.remote.RemoteWebDriver.findElementsByXPath(RemoteWebDriver.java:432)
	at org.openqa.selenium.By$ByXPath.findElements(By.java:348)
	at org.openqa.selenium.remote.RemoteWebDriver.findElements(RemoteWebDriver.java:311)
	at org.openqa.selenium.support.events.EventFiringWebDriver.lambda$new$1(EventFiringWebDriver.java:105)
	at com.sun.proxy.$Proxy8.findElements(Unknown Source)
	at org.openqa.selenium.support.events.EventFiringWebDriver.findElements(EventFiringWebDriver.java:182)
	at com.kms.katalon.core.webui.common.WebUiCommonHelper.findWebElements(WebUiCommonHelper.java:789)
	at com.kms.katalon.core.webui.common.WebUiCommonHelper.findWebElement(WebUiCommonHelper.java:1150)
	at com.kms.katalon.core.webui.keyword.internal.WebUIAbstractKeyword.findWebElement(WebUIAbstractKeyword.groovy:27)
	at com.kms.katalon.core.webui.keyword.internal.WebUIAbstractKeyword.findWebElement(WebUIAbstractKeyword.groovy:26)
	at com.kms.katalon.core.webui.keyword.builtin.ClickKeyword$_click_closure1.doCall(ClickKeyword.groovy:67)
	at com.kms.katalon.core.webui.keyword.builtin.ClickKeyword$_click_closure1.call(ClickKeyword.groovy)
	at com.kms.katalon.core.webui.keyword.internal.WebUIKeywordMain.runKeyword(WebUIKeywordMain.groovy:20)
	... 19 more
"/>
         <system-out><![CDATA[2020-06-05 13:20:21 - [TEST_CASE][FAILED] - Test Cases/1612427/07_AddTriggerMention: Test Cases/1612427/07_AddTriggerMention FAILED.
Reason:
com.kms.katalon.core.exception.StepFailedException: Unable to click on object 'Object Repository/1612427/07_AddTriggerMention/Page_Town Square - minus Mattermost/button_Notifications'
	at com.kms.katalon.core.webui.keyword.internal.WebUIKeywordMain.stepFailed(WebUIKeywordMain.groovy:64)
	at com.kms.katalon.core.webui.keyword.internal.WebUIKeywordMain.runKeyword(WebUIKeywordMain.groovy:26)
	at com.kms.katalon.core.webui.keyword.builtin.ClickKeyword.click(ClickKeyword.groovy:76)
	at com.kms.katalon.core.webui.keyword.builtin.ClickKeyword.execute(ClickKeyword.groovy:43)
	at com.kms.katalon.core.keyword.internal.KeywordExecutor.executeKeywordForPlatform(KeywordExecutor.groovy:72)
	at com.kms.katalon.core.webui.keyword.WebUiBuiltInKeywords.click(WebUiBuiltInKeywords.groovy:616)
	at com.kms.katalon.core.webui.keyword.WebUiBuiltInKeywords$click$3.call(Unknown Source)
	at 07_AddTriggerMention.run(07_AddTriggerMention:40)
	at com.kms.katalon.core.main.ScriptEngine.run(ScriptEngine.java:194)
	at com.kms.katalon.core.main.ScriptEngine.runScriptAsRawText(ScriptEngine.java:119)
	at com.kms.katalon.core.main.TestCaseExecutor.runScript(TestCaseExecutor.java:337)
	at com.kms.katalon.core.main.TestCaseExecutor.doExecute(TestCaseExecutor.java:328)
	at com.kms.katalon.core.main.TestCaseExecutor.processExecutionPhase(TestCaseExecutor.java:307)
	at com.kms.katalon.core.main.TestCaseExecutor.accessMainPhase(TestCaseExecutor.java:299)
	at com.kms.katalon.core.main.TestCaseExecutor.execute(TestCaseExecutor.java:233)
	at com.kms.katalon.core.main.TestSuiteExecutor.accessTestCaseMainPhase(TestSuiteExecutor.java:169)
	at com.kms.katalon.core.main.TestSuiteExecutor.accessTestSuiteMainPhase(TestSuiteExecutor.java:142)
	at com.kms.katalon.core.main.TestSuiteExecutor.execute(TestSuiteExecutor.java:91)
	at com.kms.katalon.core.main.TestCaseMain.startTestSuite(TestCaseMain.java:157)
	at com.kms.katalon.core.main.TestCaseMain$startTestSuite$0.call(Unknown Source)
	at TempTestSuite1591337386301.run(TempTestSuite1591337386301.groovy:37)
Caused by: org.openqa.selenium.NoSuchWindowException: no such window: target window already closed
from unknown error: web view not found
  (Session info: chrome=83.0.4103.97)
Build info: version: '3.141.59', revision: 'e82be7d358', time: '2018-11-14T08:25:53'
System info: host: 'DESKTOP-SGC4F2H', ip: '172.25.32.1', os.name: 'Windows 10', os.arch: 'amd64', os.version: '10.0', java.version: '1.8.0_181'
Driver info: com.kms.katalon.selenium.driver.CChromeDriver
Capabilities {acceptInsecureCerts: false, browserName: chrome, browserVersion: 83.0.4103.97, chrome: {chromedriverVersion: 83.0.4103.39 (ccbf011cb2d2b..., userDataDir: C:\Users\Thanh\AppData\Loca...}, goog:chromeOptions: {debuggerAddress: localhost:62365}, javascriptEnabled: true, networkConnectionEnabled: false, pageLoadStrategy: normal, platform: WINDOWS, platformName: WINDOWS, proxy: Proxy(), setWindowRect: true, strictFileInteractability: false, timeouts: {implicit: 0, pageLoad: 300000, script: 30000}, unhandledPromptBehavior: dismiss and notify, webauthn:virtualAuthenticators: true}
Session ID: c9469fc31ffccf169ada9ce0e05e1d27
*** Element info: {Using=xpath, value=//button[@id='notificationsButton']}
	at org.openqa.selenium.remote.http.W3CHttpResponseCodec.createException(W3CHttpResponseCodec.java:187)
	at org.openqa.selenium.remote.http.W3CHttpResponseCodec.decode(W3CHttpResponseCodec.java:122)
	at org.openqa.selenium.remote.http.W3CHttpResponseCodec.decode(W3CHttpResponseCodec.java:49)
	at org.openqa.selenium.remote.HttpCommandExecutor.execute(HttpCommandExecutor.java:158)
	at org.openqa.selenium.remote.service.DriverCommandExecutor.execute(DriverCommandExecutor.java:83)
	at org.openqa.selenium.remote.RemoteWebDriver.execute(RemoteWebDriver.java:552)
	at com.kms.katalon.selenium.driver.CChromeDriver.execute(CChromeDriver.java:19)
	at org.openqa.selenium.remote.RemoteWebDriver.findElements(RemoteWebDriver.java:353)
	at org.openqa.selenium.remote.RemoteWebDriver.findElementsByXPath(RemoteWebDriver.java:432)
	at org.openqa.selenium.By$ByXPath.findElements(By.java:348)
	at org.openqa.selenium.remote.RemoteWebDriver.findElements(RemoteWebDriver.java:311)
	at org.openqa.selenium.support.events.EventFiringWebDriver.lambda$new$1(EventFiringWebDriver.java:105)
	at com.sun.proxy.$Proxy8.findElements(Unknown Source)
	at org.openqa.selenium.support.events.EventFiringWebDriver.findElements(EventFiringWebDriver.java:182)
	at com.kms.katalon.core.webui.common.WebUiCommonHelper.findWebElements(WebUiCommonHelper.java:789)
	at com.kms.katalon.core.webui.common.WebUiCommonHelper.findWebElement(WebUiCommonHelper.java:1150)
	at com.kms.katalon.core.webui.keyword.internal.WebUIAbstractKeyword.findWebElement(WebUIAbstractKeyword.groovy:27)
	at com.kms.katalon.core.webui.keyword.internal.WebUIAbstractKeyword.findWebElement(WebUIAbstractKeyword.groovy:26)
	at com.kms.katalon.core.webui.keyword.builtin.ClickKeyword$_click_closure1.doCall(ClickKeyword.groovy:67)
	at com.kms.katalon.core.webui.keyword.builtin.ClickKeyword$_click_closure1.call(ClickKeyword.groovy)
	at com.kms.katalon.core.webui.keyword.internal.WebUIKeywordMain.runKeyword(WebUIKeywordMain.groovy:20)
	... 19 more


2020-06-05 13:20:21 - [TEST_STEP][PASSED] - openBrowser(""): Browser is opened with url: ''

2020-06-05 13:20:21 - [MESSAGE][WARNING] - A browser is already opened. Closing browser and opening a new one

2020-06-05 13:20:21 - [MESSAGE][INFO] - Starting 'Chrome' driver

2020-06-05 13:20:21 - [MESSAGE][INFO] - Action delay is set to 0 milliseconds

2020-06-05 13:20:25 - [MESSAGE][PASSED] - Browser is opened with url: ''

2020-06-05 13:20:25 - [TEST_STEP][PASSED] - navigateToUrl("http://localhost:8065/login"): Navigate to 'http://localhost:8065/login' successfully

2020-06-05 13:20:26 - [MESSAGE][PASSED] - Navigate to 'http://localhost:8065/login' successfully

2020-06-05 13:20:26 - [TEST_STEP][PASSED] - setText(findTestObject("Object Repository/1612427/06_ChangeEmail/Page_Mattermost/input_All team communication in one place s_703ef5"), "hcmus-cdnc"): Text 'hcmus-cdnc' is set on object 'Object Repository/1612427/06_ChangeEmail/Page_Mattermost/input_All team communication in one place s_703ef5'

2020-06-05 13:20:28 - [MESSAGE][PASSED] - Text 'hcmus-cdnc' is set on object 'Object Repository/1612427/06_ChangeEmail/Page_Mattermost/input_All team communication in one place s_703ef5'

2020-06-05 13:20:28 - [TEST_STEP][PASSED] - click(findTestObject("Object Repository/1612427/06_ChangeEmail/Page_Mattermost/input_All team communication in one place s_703ef5")): Object: 'Object Repository/1612427/06_ChangeEmail/Page_Mattermost/input_All team communication in one place s_703ef5' is clicked on

2020-06-05 13:20:29 - [MESSAGE][PASSED] - Object: 'Object Repository/1612427/06_ChangeEmail/Page_Mattermost/input_All team communication in one place s_703ef5' is clicked on

2020-06-05 13:20:29 - [TEST_STEP][PASSED] - setText(findTestObject("Object Repository/1612427/06_ChangeEmail/Page_Mattermost/input_All team communication in one place s_703ef5"), "hcmus-cdnc"): Text 'hcmus-cdnc' is set on object 'Object Repository/1612427/06_ChangeEmail/Page_Mattermost/input_All team communication in one place s_703ef5'

2020-06-05 13:20:30 - [MESSAGE][PASSED] - Text 'hcmus-cdnc' is set on object 'Object Repository/1612427/06_ChangeEmail/Page_Mattermost/input_All team communication in one place s_703ef5'

2020-06-05 13:20:30 - [TEST_STEP][PASSED] - setEncryptedText(findTestObject("Object Repository/1612427/06_ChangeEmail/Page_Mattermost/input_All team communication in one place s_2f2733"), "aeHFOx8jV/A="): Text ****** has been set on object 'Object Repository/1612427/06_ChangeEmail/Page_Mattermost/input_All team communication in one place s_2f2733'

2020-06-05 13:20:30 - [MESSAGE][PASSED] - Text ****** has been set on object 'Object Repository/1612427/06_ChangeEmail/Page_Mattermost/input_All team communication in one place s_2f2733'

2020-06-05 13:20:30 - [TEST_STEP][PASSED] - click(findTestObject("Object Repository/1612427/06_ChangeEmail/Page_Mattermost/span_Sign in")): Object: 'Object Repository/1612427/06_ChangeEmail/Page_Mattermost/span_Sign in' is clicked on

2020-06-05 13:20:31 - [MESSAGE][PASSED] - Object: 'Object Repository/1612427/06_ChangeEmail/Page_Mattermost/span_Sign in' is clicked on

2020-06-05 13:20:31 - [TEST_STEP][PASSED] - click(findTestObject("Object Repository/1612427/06_ChangeEmail/Page_Town Square - minus Mattermost/svg")): Object: 'Object Repository/1612427/06_ChangeEmail/Page_Town Square - minus Mattermost/svg' is clicked on

2020-06-05 13:20:35 - [MESSAGE][PASSED] - Object: 'Object Repository/1612427/06_ChangeEmail/Page_Town Square - minus Mattermost/svg' is clicked on

2020-06-05 13:20:35 - [TEST_STEP][PASSED] - click(findTestObject("Object Repository/1612427/06_ChangeEmail/Page_Town Square - minus Mattermost/span_Account Settings")): Object: 'Object Repository/1612427/06_ChangeEmail/Page_Town Square - minus Mattermost/span_Account Settings' is clicked on

2020-06-05 13:20:36 - [MESSAGE][PASSED] - Object: 'Object Repository/1612427/06_ChangeEmail/Page_Town Square - minus Mattermost/span_Account Settings' is clicked on

2020-06-05 13:20:36 - [TEST_STEP][FAILED] - click(findTestObject("Object Repository/1612427/07_AddTriggerMention/Page_Town Square - minus Mattermost/button_Notifications")): Unable to click on object 'Object Repository/1612427/07_AddTriggerMention/Page_Town Square - minus Mattermost/button_Notifications' (Root cause: com.kms.katalon.core.exception.StepFailedException: Unable to click on object 'Object Repository/1612427/07_AddTriggerMention/Page_Town Square - minus Mattermost/button_Notifications'
	at com.kms.katalon.core.webui.keyword.internal.WebUIKeywordMain.stepFailed(WebUIKeywordMain.groovy:64)
	at com.kms.katalon.core.webui.keyword.internal.WebUIKeywordMain.runKeyword(WebUIKeywordMain.groovy:26)
	at com.kms.katalon.core.webui.keyword.builtin.ClickKeyword.click(ClickKeyword.groovy:76)
	at com.kms.katalon.core.webui.keyword.builtin.ClickKeyword.execute(ClickKeyword.groovy:43)
	at com.kms.katalon.core.keyword.internal.KeywordExecutor.executeKeywordForPlatform(KeywordExecutor.groovy:72)
	at com.kms.katalon.core.webui.keyword.WebUiBuiltInKeywords.click(WebUiBuiltInKeywords.groovy:616)
	at com.kms.katalon.core.webui.keyword.WebUiBuiltInKeywords$click$3.call(Unknown Source)
	at 07_AddTriggerMention.run(07_AddTriggerMention:40)
	at com.kms.katalon.core.main.ScriptEngine.run(ScriptEngine.java:194)
	at com.kms.katalon.core.main.ScriptEngine.runScriptAsRawText(ScriptEngine.java:119)
	at com.kms.katalon.core.main.TestCaseExecutor.runScript(TestCaseExecutor.java:337)
	at com.kms.katalon.core.main.TestCaseExecutor.doExecute(TestCaseExecutor.java:328)
	at com.kms.katalon.core.main.TestCaseExecutor.processExecutionPhase(TestCaseExecutor.java:307)
	at com.kms.katalon.core.main.TestCaseExecutor.accessMainPhase(TestCaseExecutor.java:299)
	at com.kms.katalon.core.main.TestCaseExecutor.execute(TestCaseExecutor.java:233)
	at com.kms.katalon.core.main.TestSuiteExecutor.accessTestCaseMainPhase(TestSuiteExecutor.java:169)
	at com.kms.katalon.core.main.TestSuiteExecutor.accessTestSuiteMainPhase(TestSuiteExecutor.java:142)
	at com.kms.katalon.core.main.TestSuiteExecutor.execute(TestSuiteExecutor.java:91)
	at com.kms.katalon.core.main.TestCaseMain.startTestSuite(TestCaseMain.java:157)
	at com.kms.katalon.core.main.TestCaseMain$startTestSuite$0.call(Unknown Source)
	at TempTestSuite1591337386301.run(TempTestSuite1591337386301.groovy:37)
Caused by: org.openqa.selenium.NoSuchWindowException: no such window: target window already closed
from unknown error: web view not found
  (Session info: chrome=83.0.4103.97)
Build info: version: '3.141.59', revision: 'e82be7d358', time: '2018-11-14T08:25:53'
System info: host: 'DESKTOP-SGC4F2H', ip: '172.25.32.1', os.name: 'Windows 10', os.arch: 'amd64', os.version: '10.0', java.version: '1.8.0_181'
Driver info: com.kms.katalon.selenium.driver.CChromeDriver
Capabilities {acceptInsecureCerts: false, browserName: chrome, browserVersion: 83.0.4103.97, chrome: {chromedriverVersion: 83.0.4103.39 (ccbf011cb2d2b..., userDataDir: C:\Users\Thanh\AppData\Loca...}, goog:chromeOptions: {debuggerAddress: localhost:62365}, javascriptEnabled: true, networkConnectionEnabled: false, pageLoadStrategy: normal, platform: WINDOWS, platformName: WINDOWS, proxy: Proxy(), setWindowRect: true, strictFileInteractability: false, timeouts: {implicit: 0, pageLoad: 300000, script: 30000}, unhandledPromptBehavior: dismiss and notify, webauthn:virtualAuthenticators: true}
Session ID: c9469fc31ffccf169ada9ce0e05e1d27
*** Element info: {Using=xpath, value=//button[@id='notificationsButton']}
	at org.openqa.selenium.remote.http.W3CHttpResponseCodec.createException(W3CHttpResponseCodec.java:187)
	at org.openqa.selenium.remote.http.W3CHttpResponseCodec.decode(W3CHttpResponseCodec.java:122)
	at org.openqa.selenium.remote.http.W3CHttpResponseCodec.decode(W3CHttpResponseCodec.java:49)
	at org.openqa.selenium.remote.HttpCommandExecutor.execute(HttpCommandExecutor.java:158)
	at org.openqa.selenium.remote.service.DriverCommandExecutor.execute(DriverCommandExecutor.java:83)
	at org.openqa.selenium.remote.RemoteWebDriver.execute(RemoteWebDriver.java:552)
	at com.kms.katalon.selenium.driver.CChromeDriver.execute(CChromeDriver.java:19)
	at org.openqa.selenium.remote.RemoteWebDriver.findElements(RemoteWebDriver.java:353)
	at org.openqa.selenium.remote.RemoteWebDriver.findElementsByXPath(RemoteWebDriver.java:432)
	at org.openqa.selenium.By$ByXPath.findElements(By.java:348)
	at org.openqa.selenium.remote.RemoteWebDriver.findElements(RemoteWebDriver.java:311)
	at org.openqa.selenium.support.events.EventFiringWebDriver.lambda$new$1(EventFiringWebDriver.java:105)
	at com.sun.proxy.$Proxy8.findElements(Unknown Source)
	at org.openqa.selenium.support.events.EventFiringWebDriver.findElements(EventFiringWebDriver.java:182)
	at com.kms.katalon.core.webui.common.WebUiCommonHelper.findWebElements(WebUiCommonHelper.java:789)
	at com.kms.katalon.core.webui.common.WebUiCommonHelper.findWebElement(WebUiCommonHelper.java:1150)
	at com.kms.katalon.core.webui.keyword.internal.WebUIAbstractKeyword.findWebElement(WebUIAbstractKeyword.groovy:27)
	at com.kms.katalon.core.webui.keyword.internal.WebUIAbstractKeyword.findWebElement(WebUIAbstractKeyword.groovy:26)
	at com.kms.katalon.core.webui.keyword.builtin.ClickKeyword$_click_closure1.doCall(ClickKeyword.groovy:67)
	at com.kms.katalon.core.webui.keyword.builtin.ClickKeyword$_click_closure1.call(ClickKeyword.groovy)
	at com.kms.katalon.core.webui.keyword.internal.WebUIKeywordMain.runKeyword(WebUIKeywordMain.groovy:20)
	at com.kms.katalon.core.webui.keyword.builtin.ClickKeyword.click(ClickKeyword.groovy:76)
	at com.kms.katalon.core.webui.keyword.builtin.ClickKeyword.execute(ClickKeyword.groovy:43)
	at com.kms.katalon.core.keyword.internal.KeywordExecutor.executeKeywordForPlatform(KeywordExecutor.groovy:72)
	at com.kms.katalon.core.webui.keyword.WebUiBuiltInKeywords.click(WebUiBuiltInKeywords.groovy:616)
	at com.kms.katalon.core.webui.keyword.WebUiBuiltInKeywords$click$3.call(Unknown Source)
	at Script1591149357382.run(Script1591149357382.groovy:40)
	... 13 more
)

2020-06-05 13:20:36 - [MESSAGE][WARNING] - Cannot take screenshot

2020-06-05 13:20:36 - [MESSAGE][FAILED] - Unable to click on object 'Object Repository/1612427/07_AddTriggerMention/Page_Town Square - minus Mattermost/button_Notifications' (Root cause: com.kms.katalon.core.exception.StepFailedException: Unable to click on object 'Object Repository/1612427/07_AddTriggerMention/Page_Town Square - minus Mattermost/button_Notifications'
	at com.kms.katalon.core.webui.keyword.internal.WebUIKeywordMain.stepFailed(WebUIKeywordMain.groovy:64)
	at com.kms.katalon.core.webui.keyword.internal.WebUIKeywordMain.runKeyword(WebUIKeywordMain.groovy:26)
	at com.kms.katalon.core.webui.keyword.builtin.ClickKeyword.click(ClickKeyword.groovy:76)
	at com.kms.katalon.core.webui.keyword.builtin.ClickKeyword.execute(ClickKeyword.groovy:43)
	at com.kms.katalon.core.keyword.internal.KeywordExecutor.executeKeywordForPlatform(KeywordExecutor.groovy:72)
	at com.kms.katalon.core.webui.keyword.WebUiBuiltInKeywords.click(WebUiBuiltInKeywords.groovy:616)
	at com.kms.katalon.core.webui.keyword.WebUiBuiltInKeywords$click$3.call(Unknown Source)
	at 07_AddTriggerMention.run(07_AddTriggerMention:40)
	at com.kms.katalon.core.main.ScriptEngine.run(ScriptEngine.java:194)
	at com.kms.katalon.core.main.ScriptEngine.runScriptAsRawText(ScriptEngine.java:119)
	at com.kms.katalon.core.main.TestCaseExecutor.runScript(TestCaseExecutor.java:337)
	at com.kms.katalon.core.main.TestCaseExecutor.doExecute(TestCaseExecutor.java:328)
	at com.kms.katalon.core.main.TestCaseExecutor.processExecutionPhase(TestCaseExecutor.java:307)
	at com.kms.katalon.core.main.TestCaseExecutor.accessMainPhase(TestCaseExecutor.java:299)
	at com.kms.katalon.core.main.TestCaseExecutor.execute(TestCaseExecutor.java:233)
	at com.kms.katalon.core.main.TestSuiteExecutor.accessTestCaseMainPhase(TestSuiteExecutor.java:169)
	at com.kms.katalon.core.main.TestSuiteExecutor.accessTestSuiteMainPhase(TestSuiteExecutor.java:142)
	at com.kms.katalon.core.main.TestSuiteExecutor.execute(TestSuiteExecutor.java:91)
	at com.kms.katalon.core.main.TestCaseMain.startTestSuite(TestCaseMain.java:157)
	at com.kms.katalon.core.main.TestCaseMain$startTestSuite$0.call(Unknown Source)
	at TempTestSuite1591337386301.run(TempTestSuite1591337386301.groovy:37)
Caused by: org.openqa.selenium.NoSuchWindowException: no such window: target window already closed
from unknown error: web view not found
  (Session info: chrome=83.0.4103.97)
Build info: version: '3.141.59', revision: 'e82be7d358', time: '2018-11-14T08:25:53'
System info: host: 'DESKTOP-SGC4F2H', ip: '172.25.32.1', os.name: 'Windows 10', os.arch: 'amd64', os.version: '10.0', java.version: '1.8.0_181'
Driver info: com.kms.katalon.selenium.driver.CChromeDriver
Capabilities {acceptInsecureCerts: false, browserName: chrome, browserVersion: 83.0.4103.97, chrome: {chromedriverVersion: 83.0.4103.39 (ccbf011cb2d2b..., userDataDir: C:\Users\Thanh\AppData\Loca...}, goog:chromeOptions: {debuggerAddress: localhost:62365}, javascriptEnabled: true, networkConnectionEnabled: false, pageLoadStrategy: normal, platform: WINDOWS, platformName: WINDOWS, proxy: Proxy(), setWindowRect: true, strictFileInteractability: false, timeouts: {implicit: 0, pageLoad: 300000, script: 30000}, unhandledPromptBehavior: dismiss and notify, webauthn:virtualAuthenticators: true}
Session ID: c9469fc31ffccf169ada9ce0e05e1d27
*** Element info: {Using=xpath, value=//button[@id='notificationsButton']}
	at org.openqa.selenium.remote.http.W3CHttpResponseCodec.createException(W3CHttpResponseCodec.java:187)
	at org.openqa.selenium.remote.http.W3CHttpResponseCodec.decode(W3CHttpResponseCodec.java:122)
	at org.openqa.selenium.remote.http.W3CHttpResponseCodec.decode(W3CHttpResponseCodec.java:49)
	at org.openqa.selenium.remote.HttpCommandExecutor.execute(HttpCommandExecutor.java:158)
	at org.openqa.selenium.remote.service.DriverCommandExecutor.execute(DriverCommandExecutor.java:83)
	at org.openqa.selenium.remote.RemoteWebDriver.execute(RemoteWebDriver.java:552)
	at com.kms.katalon.selenium.driver.CChromeDriver.execute(CChromeDriver.java:19)
	at org.openqa.selenium.remote.RemoteWebDriver.findElements(RemoteWebDriver.java:353)
	at org.openqa.selenium.remote.RemoteWebDriver.findElementsByXPath(RemoteWebDriver.java:432)
	at org.openqa.selenium.By$ByXPath.findElements(By.java:348)
	at org.openqa.selenium.remote.RemoteWebDriver.findElements(RemoteWebDriver.java:311)
	at org.openqa.selenium.support.events.EventFiringWebDriver.lambda$new$1(EventFiringWebDriver.java:105)
	at com.sun.proxy.$Proxy8.findElements(Unknown Source)
	at org.openqa.selenium.support.events.EventFiringWebDriver.findElements(EventFiringWebDriver.java:182)
	at com.kms.katalon.core.webui.common.WebUiCommonHelper.findWebElements(WebUiCommonHelper.java:789)
	at com.kms.katalon.core.webui.common.WebUiCommonHelper.findWebElement(WebUiCommonHelper.java:1150)
	at com.kms.katalon.core.webui.keyword.internal.WebUIAbstractKeyword.findWebElement(WebUIAbstractKeyword.groovy:27)
	at com.kms.katalon.core.webui.keyword.internal.WebUIAbstractKeyword.findWebElement(WebUIAbstractKeyword.groovy:26)
	at com.kms.katalon.core.webui.keyword.builtin.ClickKeyword$_click_closure1.doCall(ClickKeyword.groovy:67)
	at com.kms.katalon.core.webui.keyword.builtin.ClickKeyword$_click_closure1.call(ClickKeyword.groovy)
	at com.kms.katalon.core.webui.keyword.internal.WebUIKeywordMain.runKeyword(WebUIKeywordMain.groovy:20)
	at com.kms.katalon.core.webui.keyword.builtin.ClickKeyword.click(ClickKeyword.groovy:76)
	at com.kms.katalon.core.webui.keyword.builtin.ClickKeyword.execute(ClickKeyword.groovy:43)
	at com.kms.katalon.core.keyword.internal.KeywordExecutor.executeKeywordForPlatform(KeywordExecutor.groovy:72)
	at com.kms.katalon.core.webui.keyword.WebUiBuiltInKeywords.click(WebUiBuiltInKeywords.groovy:616)
	at com.kms.katalon.core.webui.keyword.WebUiBuiltInKeywords$click$3.call(Unknown Source)
	at Script1591149357382.run(Script1591149357382.groovy:40)
	... 13 more
)]]></system-out>
         <system-err><![CDATA[2020-06-05 13:20:21 - [TEST_CASE][FAILED] - Test Cases/1612427/07_AddTriggerMention: Test Cases/1612427/07_AddTriggerMention FAILED.
Reason:
com.kms.katalon.core.exception.StepFailedException: Unable to click on object 'Object Repository/1612427/07_AddTriggerMention/Page_Town Square - minus Mattermost/button_Notifications'
	at com.kms.katalon.core.webui.keyword.internal.WebUIKeywordMain.stepFailed(WebUIKeywordMain.groovy:64)
	at com.kms.katalon.core.webui.keyword.internal.WebUIKeywordMain.runKeyword(WebUIKeywordMain.groovy:26)
	at com.kms.katalon.core.webui.keyword.builtin.ClickKeyword.click(ClickKeyword.groovy:76)
	at com.kms.katalon.core.webui.keyword.builtin.ClickKeyword.execute(ClickKeyword.groovy:43)
	at com.kms.katalon.core.keyword.internal.KeywordExecutor.executeKeywordForPlatform(KeywordExecutor.groovy:72)
	at com.kms.katalon.core.webui.keyword.WebUiBuiltInKeywords.click(WebUiBuiltInKeywords.groovy:616)
	at com.kms.katalon.core.webui.keyword.WebUiBuiltInKeywords$click$3.call(Unknown Source)
	at 07_AddTriggerMention.run(07_AddTriggerMention:40)
	at com.kms.katalon.core.main.ScriptEngine.run(ScriptEngine.java:194)
	at com.kms.katalon.core.main.ScriptEngine.runScriptAsRawText(ScriptEngine.java:119)
	at com.kms.katalon.core.main.TestCaseExecutor.runScript(TestCaseExecutor.java:337)
	at com.kms.katalon.core.main.TestCaseExecutor.doExecute(TestCaseExecutor.java:328)
	at com.kms.katalon.core.main.TestCaseExecutor.processExecutionPhase(TestCaseExecutor.java:307)
	at com.kms.katalon.core.main.TestCaseExecutor.accessMainPhase(TestCaseExecutor.java:299)
	at com.kms.katalon.core.main.TestCaseExecutor.execute(TestCaseExecutor.java:233)
	at com.kms.katalon.core.main.TestSuiteExecutor.accessTestCaseMainPhase(TestSuiteExecutor.java:169)
	at com.kms.katalon.core.main.TestSuiteExecutor.accessTestSuiteMainPhase(TestSuiteExecutor.java:142)
	at com.kms.katalon.core.main.TestSuiteExecutor.execute(TestSuiteExecutor.java:91)
	at com.kms.katalon.core.main.TestCaseMain.startTestSuite(TestCaseMain.java:157)
	at com.kms.katalon.core.main.TestCaseMain$startTestSuite$0.call(Unknown Source)
	at TempTestSuite1591337386301.run(TempTestSuite1591337386301.groovy:37)
Caused by: org.openqa.selenium.NoSuchWindowException: no such window: target window already closed
from unknown error: web view not found
  (Session info: chrome=83.0.4103.97)
Build info: version: '3.141.59', revision: 'e82be7d358', time: '2018-11-14T08:25:53'
System info: host: 'DESKTOP-SGC4F2H', ip: '172.25.32.1', os.name: 'Windows 10', os.arch: 'amd64', os.version: '10.0', java.version: '1.8.0_181'
Driver info: com.kms.katalon.selenium.driver.CChromeDriver
Capabilities {acceptInsecureCerts: false, browserName: chrome, browserVersion: 83.0.4103.97, chrome: {chromedriverVersion: 83.0.4103.39 (ccbf011cb2d2b..., userDataDir: C:\Users\Thanh\AppData\Loca...}, goog:chromeOptions: {debuggerAddress: localhost:62365}, javascriptEnabled: true, networkConnectionEnabled: false, pageLoadStrategy: normal, platform: WINDOWS, platformName: WINDOWS, proxy: Proxy(), setWindowRect: true, strictFileInteractability: false, timeouts: {implicit: 0, pageLoad: 300000, script: 30000}, unhandledPromptBehavior: dismiss and notify, webauthn:virtualAuthenticators: true}
Session ID: c9469fc31ffccf169ada9ce0e05e1d27
*** Element info: {Using=xpath, value=//button[@id='notificationsButton']}
	at org.openqa.selenium.remote.http.W3CHttpResponseCodec.createException(W3CHttpResponseCodec.java:187)
	at org.openqa.selenium.remote.http.W3CHttpResponseCodec.decode(W3CHttpResponseCodec.java:122)
	at org.openqa.selenium.remote.http.W3CHttpResponseCodec.decode(W3CHttpResponseCodec.java:49)
	at org.openqa.selenium.remote.HttpCommandExecutor.execute(HttpCommandExecutor.java:158)
	at org.openqa.selenium.remote.service.DriverCommandExecutor.execute(DriverCommandExecutor.java:83)
	at org.openqa.selenium.remote.RemoteWebDriver.execute(RemoteWebDriver.java:552)
	at com.kms.katalon.selenium.driver.CChromeDriver.execute(CChromeDriver.java:19)
	at org.openqa.selenium.remote.RemoteWebDriver.findElements(RemoteWebDriver.java:353)
	at org.openqa.selenium.remote.RemoteWebDriver.findElementsByXPath(RemoteWebDriver.java:432)
	at org.openqa.selenium.By$ByXPath.findElements(By.java:348)
	at org.openqa.selenium.remote.RemoteWebDriver.findElements(RemoteWebDriver.java:311)
	at org.openqa.selenium.support.events.EventFiringWebDriver.lambda$new$1(EventFiringWebDriver.java:105)
	at com.sun.proxy.$Proxy8.findElements(Unknown Source)
	at org.openqa.selenium.support.events.EventFiringWebDriver.findElements(EventFiringWebDriver.java:182)
	at com.kms.katalon.core.webui.common.WebUiCommonHelper.findWebElements(WebUiCommonHelper.java:789)
	at com.kms.katalon.core.webui.common.WebUiCommonHelper.findWebElement(WebUiCommonHelper.java:1150)
	at com.kms.katalon.core.webui.keyword.internal.WebUIAbstractKeyword.findWebElement(WebUIAbstractKeyword.groovy:27)
	at com.kms.katalon.core.webui.keyword.internal.WebUIAbstractKeyword.findWebElement(WebUIAbstractKeyword.groovy:26)
	at com.kms.katalon.core.webui.keyword.builtin.ClickKeyword$_click_closure1.doCall(ClickKeyword.groovy:67)
	at com.kms.katalon.core.webui.keyword.builtin.ClickKeyword$_click_closure1.call(ClickKeyword.groovy)
	at com.kms.katalon.core.webui.keyword.internal.WebUIKeywordMain.runKeyword(WebUIKeywordMain.groovy:20)
	... 19 more]]></system-err>
      </testcase>
      <testcase name="Test Cases/1612427/07_AddTriggerMention" time="44.154" classname="Test Cases/1612427/07_AddTriggerMention" status="FAILED">
         <failure type="FAILED" message="Test Cases/1612427/07_AddTriggerMention FAILED.
Reason:
com.kms.katalon.core.exception.StepFailedException: Unable to click on object 'Object Repository/1612427/07_AddTriggerMention/Page_Town Square - minus Mattermost/button_Notifications'
	at com.kms.katalon.core.webui.keyword.internal.WebUIKeywordMain.stepFailed(WebUIKeywordMain.groovy:64)
	at com.kms.katalon.core.webui.keyword.internal.WebUIKeywordMain.runKeyword(WebUIKeywordMain.groovy:26)
	at com.kms.katalon.core.webui.keyword.builtin.ClickKeyword.click(ClickKeyword.groovy:76)
	at com.kms.katalon.core.webui.keyword.builtin.ClickKeyword.execute(ClickKeyword.groovy:43)
	at com.kms.katalon.core.keyword.internal.KeywordExecutor.executeKeywordForPlatform(KeywordExecutor.groovy:72)
	at com.kms.katalon.core.webui.keyword.WebUiBuiltInKeywords.click(WebUiBuiltInKeywords.groovy:616)
	at com.kms.katalon.core.webui.keyword.WebUiBuiltInKeywords$click$3.call(Unknown Source)
	at 07_AddTriggerMention.run(07_AddTriggerMention:40)
	at com.kms.katalon.core.main.ScriptEngine.run(ScriptEngine.java:194)
	at com.kms.katalon.core.main.ScriptEngine.runScriptAsRawText(ScriptEngine.java:119)
	at com.kms.katalon.core.main.TestCaseExecutor.runScript(TestCaseExecutor.java:337)
	at com.kms.katalon.core.main.TestCaseExecutor.doExecute(TestCaseExecutor.java:328)
	at com.kms.katalon.core.main.TestCaseExecutor.processExecutionPhase(TestCaseExecutor.java:307)
	at com.kms.katalon.core.main.TestCaseExecutor.accessMainPhase(TestCaseExecutor.java:299)
	at com.kms.katalon.core.main.TestCaseExecutor.execute(TestCaseExecutor.java:233)
	at com.kms.katalon.core.main.TestSuiteExecutor.accessTestCaseMainPhase(TestSuiteExecutor.java:169)
	at com.kms.katalon.core.main.TestSuiteExecutor.accessTestSuiteMainPhase(TestSuiteExecutor.java:142)
	at com.kms.katalon.core.main.TestSuiteExecutor.execute(TestSuiteExecutor.java:91)
	at com.kms.katalon.core.main.TestCaseMain.startTestSuite(TestCaseMain.java:157)
	at com.kms.katalon.core.main.TestCaseMain$startTestSuite$0.call(Unknown Source)
	at TempTestSuite1591337386301.run(TempTestSuite1591337386301.groovy:37)
Caused by: org.openqa.selenium.WebDriverException: chrome not reachable
  (Session info: chrome=83.0.4103.97)
Build info: version: '3.141.59', revision: 'e82be7d358', time: '2018-11-14T08:25:53'
System info: host: 'DESKTOP-SGC4F2H', ip: '172.25.32.1', os.name: 'Windows 10', os.arch: 'amd64', os.version: '10.0', java.version: '1.8.0_181'
Driver info: com.kms.katalon.selenium.driver.CChromeDriver
Capabilities {acceptInsecureCerts: false, browserName: chrome, browserVersion: 83.0.4103.97, chrome: {chromedriverVersion: 83.0.4103.39 (ccbf011cb2d2b..., userDataDir: C:\Users\Thanh\AppData\Loca...}, goog:chromeOptions: {debuggerAddress: localhost:62393}, javascriptEnabled: true, networkConnectionEnabled: false, pageLoadStrategy: normal, platform: WINDOWS, platformName: WINDOWS, proxy: Proxy(), setWindowRect: true, strictFileInteractability: false, timeouts: {implicit: 0, pageLoad: 300000, script: 30000}, unhandledPromptBehavior: dismiss and notify, webauthn:virtualAuthenticators: true}
Session ID: 574cdacc9fd7cc635d5aa508bcd9516d
*** Element info: {Using=xpath, value=//button[@id='notificationsButton']}
	at org.openqa.selenium.remote.http.W3CHttpResponseCodec.createException(W3CHttpResponseCodec.java:187)
	at org.openqa.selenium.remote.http.W3CHttpResponseCodec.decode(W3CHttpResponseCodec.java:122)
	at org.openqa.selenium.remote.http.W3CHttpResponseCodec.decode(W3CHttpResponseCodec.java:49)
	at org.openqa.selenium.remote.HttpCommandExecutor.execute(HttpCommandExecutor.java:158)
	at org.openqa.selenium.remote.service.DriverCommandExecutor.execute(DriverCommandExecutor.java:83)
	at org.openqa.selenium.remote.RemoteWebDriver.execute(RemoteWebDriver.java:552)
	at com.kms.katalon.selenium.driver.CChromeDriver.execute(CChromeDriver.java:19)
	at org.openqa.selenium.remote.RemoteWebDriver.findElements(RemoteWebDriver.java:353)
	at org.openqa.selenium.remote.RemoteWebDriver.findElementsByXPath(RemoteWebDriver.java:432)
	at org.openqa.selenium.By$ByXPath.findElements(By.java:348)
	at org.openqa.selenium.remote.RemoteWebDriver.findElements(RemoteWebDriver.java:311)
	at org.openqa.selenium.support.events.EventFiringWebDriver.lambda$new$1(EventFiringWebDriver.java:105)
	at com.sun.proxy.$Proxy8.findElements(Unknown Source)
	at org.openqa.selenium.support.events.EventFiringWebDriver.findElements(EventFiringWebDriver.java:182)
	at com.kms.katalon.core.webui.common.WebUiCommonHelper.findWebElements(WebUiCommonHelper.java:789)
	at com.kms.katalon.core.webui.common.WebUiCommonHelper.findWebElement(WebUiCommonHelper.java:1150)
	at com.kms.katalon.core.webui.keyword.internal.WebUIAbstractKeyword.findWebElement(WebUIAbstractKeyword.groovy:27)
	at com.kms.katalon.core.webui.keyword.internal.WebUIAbstractKeyword.findWebElement(WebUIAbstractKeyword.groovy:26)
	at com.kms.katalon.core.webui.keyword.builtin.ClickKeyword$_click_closure1.doCall(ClickKeyword.groovy:67)
	at com.kms.katalon.core.webui.keyword.builtin.ClickKeyword$_click_closure1.call(ClickKeyword.groovy)
	at com.kms.katalon.core.webui.keyword.internal.WebUIKeywordMain.runKeyword(WebUIKeywordMain.groovy:20)
	... 19 more
"/>
         <system-out><![CDATA[2020-06-05 13:20:37 - [TEST_CASE][FAILED] - Test Cases/1612427/07_AddTriggerMention: Test Cases/1612427/07_AddTriggerMention FAILED.
Reason:
com.kms.katalon.core.exception.StepFailedException: Unable to click on object 'Object Repository/1612427/07_AddTriggerMention/Page_Town Square - minus Mattermost/button_Notifications'
	at com.kms.katalon.core.webui.keyword.internal.WebUIKeywordMain.stepFailed(WebUIKeywordMain.groovy:64)
	at com.kms.katalon.core.webui.keyword.internal.WebUIKeywordMain.runKeyword(WebUIKeywordMain.groovy:26)
	at com.kms.katalon.core.webui.keyword.builtin.ClickKeyword.click(ClickKeyword.groovy:76)
	at com.kms.katalon.core.webui.keyword.builtin.ClickKeyword.execute(ClickKeyword.groovy:43)
	at com.kms.katalon.core.keyword.internal.KeywordExecutor.executeKeywordForPlatform(KeywordExecutor.groovy:72)
	at com.kms.katalon.core.webui.keyword.WebUiBuiltInKeywords.click(WebUiBuiltInKeywords.groovy:616)
	at com.kms.katalon.core.webui.keyword.WebUiBuiltInKeywords$click$3.call(Unknown Source)
	at 07_AddTriggerMention.run(07_AddTriggerMention:40)
	at com.kms.katalon.core.main.ScriptEngine.run(ScriptEngine.java:194)
	at com.kms.katalon.core.main.ScriptEngine.runScriptAsRawText(ScriptEngine.java:119)
	at com.kms.katalon.core.main.TestCaseExecutor.runScript(TestCaseExecutor.java:337)
	at com.kms.katalon.core.main.TestCaseExecutor.doExecute(TestCaseExecutor.java:328)
	at com.kms.katalon.core.main.TestCaseExecutor.processExecutionPhase(TestCaseExecutor.java:307)
	at com.kms.katalon.core.main.TestCaseExecutor.accessMainPhase(TestCaseExecutor.java:299)
	at com.kms.katalon.core.main.TestCaseExecutor.execute(TestCaseExecutor.java:233)
	at com.kms.katalon.core.main.TestSuiteExecutor.accessTestCaseMainPhase(TestSuiteExecutor.java:169)
	at com.kms.katalon.core.main.TestSuiteExecutor.accessTestSuiteMainPhase(TestSuiteExecutor.java:142)
	at com.kms.katalon.core.main.TestSuiteExecutor.execute(TestSuiteExecutor.java:91)
	at com.kms.katalon.core.main.TestCaseMain.startTestSuite(TestCaseMain.java:157)
	at com.kms.katalon.core.main.TestCaseMain$startTestSuite$0.call(Unknown Source)
	at TempTestSuite1591337386301.run(TempTestSuite1591337386301.groovy:37)
Caused by: org.openqa.selenium.WebDriverException: chrome not reachable
  (Session info: chrome=83.0.4103.97)
Build info: version: '3.141.59', revision: 'e82be7d358', time: '2018-11-14T08:25:53'
System info: host: 'DESKTOP-SGC4F2H', ip: '172.25.32.1', os.name: 'Windows 10', os.arch: 'amd64', os.version: '10.0', java.version: '1.8.0_181'
Driver info: com.kms.katalon.selenium.driver.CChromeDriver
Capabilities {acceptInsecureCerts: false, browserName: chrome, browserVersion: 83.0.4103.97, chrome: {chromedriverVersion: 83.0.4103.39 (ccbf011cb2d2b..., userDataDir: C:\Users\Thanh\AppData\Loca...}, goog:chromeOptions: {debuggerAddress: localhost:62393}, javascriptEnabled: true, networkConnectionEnabled: false, pageLoadStrategy: normal, platform: WINDOWS, platformName: WINDOWS, proxy: Proxy(), setWindowRect: true, strictFileInteractability: false, timeouts: {implicit: 0, pageLoad: 300000, script: 30000}, unhandledPromptBehavior: dismiss and notify, webauthn:virtualAuthenticators: true}
Session ID: 574cdacc9fd7cc635d5aa508bcd9516d
*** Element info: {Using=xpath, value=//button[@id='notificationsButton']}
	at org.openqa.selenium.remote.http.W3CHttpResponseCodec.createException(W3CHttpResponseCodec.java:187)
	at org.openqa.selenium.remote.http.W3CHttpResponseCodec.decode(W3CHttpResponseCodec.java:122)
	at org.openqa.selenium.remote.http.W3CHttpResponseCodec.decode(W3CHttpResponseCodec.java:49)
	at org.openqa.selenium.remote.HttpCommandExecutor.execute(HttpCommandExecutor.java:158)
	at org.openqa.selenium.remote.service.DriverCommandExecutor.execute(DriverCommandExecutor.java:83)
	at org.openqa.selenium.remote.RemoteWebDriver.execute(RemoteWebDriver.java:552)
	at com.kms.katalon.selenium.driver.CChromeDriver.execute(CChromeDriver.java:19)
	at org.openqa.selenium.remote.RemoteWebDriver.findElements(RemoteWebDriver.java:353)
	at org.openqa.selenium.remote.RemoteWebDriver.findElementsByXPath(RemoteWebDriver.java:432)
	at org.openqa.selenium.By$ByXPath.findElements(By.java:348)
	at org.openqa.selenium.remote.RemoteWebDriver.findElements(RemoteWebDriver.java:311)
	at org.openqa.selenium.support.events.EventFiringWebDriver.lambda$new$1(EventFiringWebDriver.java:105)
	at com.sun.proxy.$Proxy8.findElements(Unknown Source)
	at org.openqa.selenium.support.events.EventFiringWebDriver.findElements(EventFiringWebDriver.java:182)
	at com.kms.katalon.core.webui.common.WebUiCommonHelper.findWebElements(WebUiCommonHelper.java:789)
	at com.kms.katalon.core.webui.common.WebUiCommonHelper.findWebElement(WebUiCommonHelper.java:1150)
	at com.kms.katalon.core.webui.keyword.internal.WebUIAbstractKeyword.findWebElement(WebUIAbstractKeyword.groovy:27)
	at com.kms.katalon.core.webui.keyword.internal.WebUIAbstractKeyword.findWebElement(WebUIAbstractKeyword.groovy:26)
	at com.kms.katalon.core.webui.keyword.builtin.ClickKeyword$_click_closure1.doCall(ClickKeyword.groovy:67)
	at com.kms.katalon.core.webui.keyword.builtin.ClickKeyword$_click_closure1.call(ClickKeyword.groovy)
	at com.kms.katalon.core.webui.keyword.internal.WebUIKeywordMain.runKeyword(WebUIKeywordMain.groovy:20)
	... 19 more


2020-06-05 13:20:37 - [TEST_STEP][PASSED] - openBrowser(""): Browser is opened with url: ''

2020-06-05 13:20:37 - [MESSAGE][WARNING] - A browser is already opened. Closing browser and opening a new one

2020-06-05 13:20:37 - [MESSAGE][INFO] - Starting 'Chrome' driver

2020-06-05 13:20:37 - [MESSAGE][INFO] - Action delay is set to 0 milliseconds

2020-06-05 13:20:41 - [MESSAGE][PASSED] - Browser is opened with url: ''

2020-06-05 13:20:41 - [TEST_STEP][PASSED] - navigateToUrl("http://localhost:8065/login"): Navigate to 'http://localhost:8065/login' successfully

2020-06-05 13:20:42 - [MESSAGE][PASSED] - Navigate to 'http://localhost:8065/login' successfully

2020-06-05 13:20:42 - [TEST_STEP][PASSED] - setText(findTestObject("Object Repository/1612427/06_ChangeEmail/Page_Mattermost/input_All team communication in one place s_703ef5"), "hcmus-cdnc"): Text 'hcmus-cdnc' is set on object 'Object Repository/1612427/06_ChangeEmail/Page_Mattermost/input_All team communication in one place s_703ef5'

2020-06-05 13:20:44 - [MESSAGE][PASSED] - Text 'hcmus-cdnc' is set on object 'Object Repository/1612427/06_ChangeEmail/Page_Mattermost/input_All team communication in one place s_703ef5'

2020-06-05 13:20:44 - [TEST_STEP][PASSED] - click(findTestObject("Object Repository/1612427/06_ChangeEmail/Page_Mattermost/input_All team communication in one place s_703ef5")): Object: 'Object Repository/1612427/06_ChangeEmail/Page_Mattermost/input_All team communication in one place s_703ef5' is clicked on

2020-06-05 13:20:45 - [MESSAGE][PASSED] - Object: 'Object Repository/1612427/06_ChangeEmail/Page_Mattermost/input_All team communication in one place s_703ef5' is clicked on

2020-06-05 13:20:45 - [TEST_STEP][PASSED] - setText(findTestObject("Object Repository/1612427/06_ChangeEmail/Page_Mattermost/input_All team communication in one place s_703ef5"), "hcmus-cdnc"): Text 'hcmus-cdnc' is set on object 'Object Repository/1612427/06_ChangeEmail/Page_Mattermost/input_All team communication in one place s_703ef5'

2020-06-05 13:20:46 - [MESSAGE][PASSED] - Text 'hcmus-cdnc' is set on object 'Object Repository/1612427/06_ChangeEmail/Page_Mattermost/input_All team communication in one place s_703ef5'

2020-06-05 13:20:46 - [TEST_STEP][PASSED] - setEncryptedText(findTestObject("Object Repository/1612427/06_ChangeEmail/Page_Mattermost/input_All team communication in one place s_2f2733"), "aeHFOx8jV/A="): Text ****** has been set on object 'Object Repository/1612427/06_ChangeEmail/Page_Mattermost/input_All team communication in one place s_2f2733'

2020-06-05 13:20:46 - [MESSAGE][PASSED] - Text ****** has been set on object 'Object Repository/1612427/06_ChangeEmail/Page_Mattermost/input_All team communication in one place s_2f2733'

2020-06-05 13:20:46 - [TEST_STEP][PASSED] - click(findTestObject("Object Repository/1612427/06_ChangeEmail/Page_Mattermost/span_Sign in")): Object: 'Object Repository/1612427/06_ChangeEmail/Page_Mattermost/span_Sign in' is clicked on

2020-06-05 13:20:47 - [MESSAGE][PASSED] - Object: 'Object Repository/1612427/06_ChangeEmail/Page_Mattermost/span_Sign in' is clicked on

2020-06-05 13:20:47 - [TEST_STEP][PASSED] - click(findTestObject("Object Repository/1612427/06_ChangeEmail/Page_Town Square - minus Mattermost/svg")): Object: 'Object Repository/1612427/06_ChangeEmail/Page_Town Square - minus Mattermost/svg' is clicked on

2020-06-05 13:20:51 - [MESSAGE][PASSED] - Object: 'Object Repository/1612427/06_ChangeEmail/Page_Town Square - minus Mattermost/svg' is clicked on

2020-06-05 13:20:51 - [TEST_STEP][PASSED] - click(findTestObject("Object Repository/1612427/06_ChangeEmail/Page_Town Square - minus Mattermost/span_Account Settings")): Object: 'Object Repository/1612427/06_ChangeEmail/Page_Town Square - minus Mattermost/span_Account Settings' is clicked on

2020-06-05 13:20:52 - [MESSAGE][PASSED] - Object: 'Object Repository/1612427/06_ChangeEmail/Page_Town Square - minus Mattermost/span_Account Settings' is clicked on

2020-06-05 13:20:52 - [TEST_STEP][FAILED] - click(findTestObject("Object Repository/1612427/07_AddTriggerMention/Page_Town Square - minus Mattermost/button_Notifications")): Unable to click on object 'Object Repository/1612427/07_AddTriggerMention/Page_Town Square - minus Mattermost/button_Notifications' (Root cause: com.kms.katalon.core.exception.StepFailedException: Unable to click on object 'Object Repository/1612427/07_AddTriggerMention/Page_Town Square - minus Mattermost/button_Notifications'
	at com.kms.katalon.core.webui.keyword.internal.WebUIKeywordMain.stepFailed(WebUIKeywordMain.groovy:64)
	at com.kms.katalon.core.webui.keyword.internal.WebUIKeywordMain.runKeyword(WebUIKeywordMain.groovy:26)
	at com.kms.katalon.core.webui.keyword.builtin.ClickKeyword.click(ClickKeyword.groovy:76)
	at com.kms.katalon.core.webui.keyword.builtin.ClickKeyword.execute(ClickKeyword.groovy:43)
	at com.kms.katalon.core.keyword.internal.KeywordExecutor.executeKeywordForPlatform(KeywordExecutor.groovy:72)
	at com.kms.katalon.core.webui.keyword.WebUiBuiltInKeywords.click(WebUiBuiltInKeywords.groovy:616)
	at com.kms.katalon.core.webui.keyword.WebUiBuiltInKeywords$click$3.call(Unknown Source)
	at 07_AddTriggerMention.run(07_AddTriggerMention:40)
	at com.kms.katalon.core.main.ScriptEngine.run(ScriptEngine.java:194)
	at com.kms.katalon.core.main.ScriptEngine.runScriptAsRawText(ScriptEngine.java:119)
	at com.kms.katalon.core.main.TestCaseExecutor.runScript(TestCaseExecutor.java:337)
	at com.kms.katalon.core.main.TestCaseExecutor.doExecute(TestCaseExecutor.java:328)
	at com.kms.katalon.core.main.TestCaseExecutor.processExecutionPhase(TestCaseExecutor.java:307)
	at com.kms.katalon.core.main.TestCaseExecutor.accessMainPhase(TestCaseExecutor.java:299)
	at com.kms.katalon.core.main.TestCaseExecutor.execute(TestCaseExecutor.java:233)
	at com.kms.katalon.core.main.TestSuiteExecutor.accessTestCaseMainPhase(TestSuiteExecutor.java:169)
	at com.kms.katalon.core.main.TestSuiteExecutor.accessTestSuiteMainPhase(TestSuiteExecutor.java:142)
	at com.kms.katalon.core.main.TestSuiteExecutor.execute(TestSuiteExecutor.java:91)
	at com.kms.katalon.core.main.TestCaseMain.startTestSuite(TestCaseMain.java:157)
	at com.kms.katalon.core.main.TestCaseMain$startTestSuite$0.call(Unknown Source)
	at TempTestSuite1591337386301.run(TempTestSuite1591337386301.groovy:37)
Caused by: org.openqa.selenium.WebDriverException: chrome not reachable
  (Session info: chrome=83.0.4103.97)
Build info: version: '3.141.59', revision: 'e82be7d358', time: '2018-11-14T08:25:53'
System info: host: 'DESKTOP-SGC4F2H', ip: '172.25.32.1', os.name: 'Windows 10', os.arch: 'amd64', os.version: '10.0', java.version: '1.8.0_181'
Driver info: com.kms.katalon.selenium.driver.CChromeDriver
Capabilities {acceptInsecureCerts: false, browserName: chrome, browserVersion: 83.0.4103.97, chrome: {chromedriverVersion: 83.0.4103.39 (ccbf011cb2d2b..., userDataDir: C:\Users\Thanh\AppData\Loca...}, goog:chromeOptions: {debuggerAddress: localhost:62393}, javascriptEnabled: true, networkConnectionEnabled: false, pageLoadStrategy: normal, platform: WINDOWS, platformName: WINDOWS, proxy: Proxy(), setWindowRect: true, strictFileInteractability: false, timeouts: {implicit: 0, pageLoad: 300000, script: 30000}, unhandledPromptBehavior: dismiss and notify, webauthn:virtualAuthenticators: true}
Session ID: 574cdacc9fd7cc635d5aa508bcd9516d
*** Element info: {Using=xpath, value=//button[@id='notificationsButton']}
	at org.openqa.selenium.remote.http.W3CHttpResponseCodec.createException(W3CHttpResponseCodec.java:187)
	at org.openqa.selenium.remote.http.W3CHttpResponseCodec.decode(W3CHttpResponseCodec.java:122)
	at org.openqa.selenium.remote.http.W3CHttpResponseCodec.decode(W3CHttpResponseCodec.java:49)
	at org.openqa.selenium.remote.HttpCommandExecutor.execute(HttpCommandExecutor.java:158)
	at org.openqa.selenium.remote.service.DriverCommandExecutor.execute(DriverCommandExecutor.java:83)
	at org.openqa.selenium.remote.RemoteWebDriver.execute(RemoteWebDriver.java:552)
	at com.kms.katalon.selenium.driver.CChromeDriver.execute(CChromeDriver.java:19)
	at org.openqa.selenium.remote.RemoteWebDriver.findElements(RemoteWebDriver.java:353)
	at org.openqa.selenium.remote.RemoteWebDriver.findElementsByXPath(RemoteWebDriver.java:432)
	at org.openqa.selenium.By$ByXPath.findElements(By.java:348)
	at org.openqa.selenium.remote.RemoteWebDriver.findElements(RemoteWebDriver.java:311)
	at org.openqa.selenium.support.events.EventFiringWebDriver.lambda$new$1(EventFiringWebDriver.java:105)
	at com.sun.proxy.$Proxy8.findElements(Unknown Source)
	at org.openqa.selenium.support.events.EventFiringWebDriver.findElements(EventFiringWebDriver.java:182)
	at com.kms.katalon.core.webui.common.WebUiCommonHelper.findWebElements(WebUiCommonHelper.java:789)
	at com.kms.katalon.core.webui.common.WebUiCommonHelper.findWebElement(WebUiCommonHelper.java:1150)
	at com.kms.katalon.core.webui.keyword.internal.WebUIAbstractKeyword.findWebElement(WebUIAbstractKeyword.groovy:27)
	at com.kms.katalon.core.webui.keyword.internal.WebUIAbstractKeyword.findWebElement(WebUIAbstractKeyword.groovy:26)
	at com.kms.katalon.core.webui.keyword.builtin.ClickKeyword$_click_closure1.doCall(ClickKeyword.groovy:67)
	at com.kms.katalon.core.webui.keyword.builtin.ClickKeyword$_click_closure1.call(ClickKeyword.groovy)
	at com.kms.katalon.core.webui.keyword.internal.WebUIKeywordMain.runKeyword(WebUIKeywordMain.groovy:20)
	at com.kms.katalon.core.webui.keyword.builtin.ClickKeyword.click(ClickKeyword.groovy:76)
	at com.kms.katalon.core.webui.keyword.builtin.ClickKeyword.execute(ClickKeyword.groovy:43)
	at com.kms.katalon.core.keyword.internal.KeywordExecutor.executeKeywordForPlatform(KeywordExecutor.groovy:72)
	at com.kms.katalon.core.webui.keyword.WebUiBuiltInKeywords.click(WebUiBuiltInKeywords.groovy:616)
	at com.kms.katalon.core.webui.keyword.WebUiBuiltInKeywords$click$3.call(Unknown Source)
	at Script1591149357382.run(Script1591149357382.groovy:40)
	... 13 more
)

2020-06-05 13:21:21 - [MESSAGE][WARNING] - Cannot take screenshot

2020-06-05 13:21:21 - [MESSAGE][FAILED] - Unable to click on object 'Object Repository/1612427/07_AddTriggerMention/Page_Town Square - minus Mattermost/button_Notifications' (Root cause: com.kms.katalon.core.exception.StepFailedException: Unable to click on object 'Object Repository/1612427/07_AddTriggerMention/Page_Town Square - minus Mattermost/button_Notifications'
	at com.kms.katalon.core.webui.keyword.internal.WebUIKeywordMain.stepFailed(WebUIKeywordMain.groovy:64)
	at com.kms.katalon.core.webui.keyword.internal.WebUIKeywordMain.runKeyword(WebUIKeywordMain.groovy:26)
	at com.kms.katalon.core.webui.keyword.builtin.ClickKeyword.click(ClickKeyword.groovy:76)
	at com.kms.katalon.core.webui.keyword.builtin.ClickKeyword.execute(ClickKeyword.groovy:43)
	at com.kms.katalon.core.keyword.internal.KeywordExecutor.executeKeywordForPlatform(KeywordExecutor.groovy:72)
	at com.kms.katalon.core.webui.keyword.WebUiBuiltInKeywords.click(WebUiBuiltInKeywords.groovy:616)
	at com.kms.katalon.core.webui.keyword.WebUiBuiltInKeywords$click$3.call(Unknown Source)
	at 07_AddTriggerMention.run(07_AddTriggerMention:40)
	at com.kms.katalon.core.main.ScriptEngine.run(ScriptEngine.java:194)
	at com.kms.katalon.core.main.ScriptEngine.runScriptAsRawText(ScriptEngine.java:119)
	at com.kms.katalon.core.main.TestCaseExecutor.runScript(TestCaseExecutor.java:337)
	at com.kms.katalon.core.main.TestCaseExecutor.doExecute(TestCaseExecutor.java:328)
	at com.kms.katalon.core.main.TestCaseExecutor.processExecutionPhase(TestCaseExecutor.java:307)
	at com.kms.katalon.core.main.TestCaseExecutor.accessMainPhase(TestCaseExecutor.java:299)
	at com.kms.katalon.core.main.TestCaseExecutor.execute(TestCaseExecutor.java:233)
	at com.kms.katalon.core.main.TestSuiteExecutor.accessTestCaseMainPhase(TestSuiteExecutor.java:169)
	at com.kms.katalon.core.main.TestSuiteExecutor.accessTestSuiteMainPhase(TestSuiteExecutor.java:142)
	at com.kms.katalon.core.main.TestSuiteExecutor.execute(TestSuiteExecutor.java:91)
	at com.kms.katalon.core.main.TestCaseMain.startTestSuite(TestCaseMain.java:157)
	at com.kms.katalon.core.main.TestCaseMain$startTestSuite$0.call(Unknown Source)
	at TempTestSuite1591337386301.run(TempTestSuite1591337386301.groovy:37)
Caused by: org.openqa.selenium.WebDriverException: chrome not reachable
  (Session info: chrome=83.0.4103.97)
Build info: version: '3.141.59', revision: 'e82be7d358', time: '2018-11-14T08:25:53'
System info: host: 'DESKTOP-SGC4F2H', ip: '172.25.32.1', os.name: 'Windows 10', os.arch: 'amd64', os.version: '10.0', java.version: '1.8.0_181'
Driver info: com.kms.katalon.selenium.driver.CChromeDriver
Capabilities {acceptInsecureCerts: false, browserName: chrome, browserVersion: 83.0.4103.97, chrome: {chromedriverVersion: 83.0.4103.39 (ccbf011cb2d2b..., userDataDir: C:\Users\Thanh\AppData\Loca...}, goog:chromeOptions: {debuggerAddress: localhost:62393}, javascriptEnabled: true, networkConnectionEnabled: false, pageLoadStrategy: normal, platform: WINDOWS, platformName: WINDOWS, proxy: Proxy(), setWindowRect: true, strictFileInteractability: false, timeouts: {implicit: 0, pageLoad: 300000, script: 30000}, unhandledPromptBehavior: dismiss and notify, webauthn:virtualAuthenticators: true}
Session ID: 574cdacc9fd7cc635d5aa508bcd9516d
*** Element info: {Using=xpath, value=//button[@id='notificationsButton']}
	at org.openqa.selenium.remote.http.W3CHttpResponseCodec.createException(W3CHttpResponseCodec.java:187)
	at org.openqa.selenium.remote.http.W3CHttpResponseCodec.decode(W3CHttpResponseCodec.java:122)
	at org.openqa.selenium.remote.http.W3CHttpResponseCodec.decode(W3CHttpResponseCodec.java:49)
	at org.openqa.selenium.remote.HttpCommandExecutor.execute(HttpCommandExecutor.java:158)
	at org.openqa.selenium.remote.service.DriverCommandExecutor.execute(DriverCommandExecutor.java:83)
	at org.openqa.selenium.remote.RemoteWebDriver.execute(RemoteWebDriver.java:552)
	at com.kms.katalon.selenium.driver.CChromeDriver.execute(CChromeDriver.java:19)
	at org.openqa.selenium.remote.RemoteWebDriver.findElements(RemoteWebDriver.java:353)
	at org.openqa.selenium.remote.RemoteWebDriver.findElementsByXPath(RemoteWebDriver.java:432)
	at org.openqa.selenium.By$ByXPath.findElements(By.java:348)
	at org.openqa.selenium.remote.RemoteWebDriver.findElements(RemoteWebDriver.java:311)
	at org.openqa.selenium.support.events.EventFiringWebDriver.lambda$new$1(EventFiringWebDriver.java:105)
	at com.sun.proxy.$Proxy8.findElements(Unknown Source)
	at org.openqa.selenium.support.events.EventFiringWebDriver.findElements(EventFiringWebDriver.java:182)
	at com.kms.katalon.core.webui.common.WebUiCommonHelper.findWebElements(WebUiCommonHelper.java:789)
	at com.kms.katalon.core.webui.common.WebUiCommonHelper.findWebElement(WebUiCommonHelper.java:1150)
	at com.kms.katalon.core.webui.keyword.internal.WebUIAbstractKeyword.findWebElement(WebUIAbstractKeyword.groovy:27)
	at com.kms.katalon.core.webui.keyword.internal.WebUIAbstractKeyword.findWebElement(WebUIAbstractKeyword.groovy:26)
	at com.kms.katalon.core.webui.keyword.builtin.ClickKeyword$_click_closure1.doCall(ClickKeyword.groovy:67)
	at com.kms.katalon.core.webui.keyword.builtin.ClickKeyword$_click_closure1.call(ClickKeyword.groovy)
	at com.kms.katalon.core.webui.keyword.internal.WebUIKeywordMain.runKeyword(WebUIKeywordMain.groovy:20)
	at com.kms.katalon.core.webui.keyword.builtin.ClickKeyword.click(ClickKeyword.groovy:76)
	at com.kms.katalon.core.webui.keyword.builtin.ClickKeyword.execute(ClickKeyword.groovy:43)
	at com.kms.katalon.core.keyword.internal.KeywordExecutor.executeKeywordForPlatform(KeywordExecutor.groovy:72)
	at com.kms.katalon.core.webui.keyword.WebUiBuiltInKeywords.click(WebUiBuiltInKeywords.groovy:616)
	at com.kms.katalon.core.webui.keyword.WebUiBuiltInKeywords$click$3.call(Unknown Source)
	at Script1591149357382.run(Script1591149357382.groovy:40)
	... 13 more
)]]></system-out>
         <system-err><![CDATA[2020-06-05 13:20:37 - [TEST_CASE][FAILED] - Test Cases/1612427/07_AddTriggerMention: Test Cases/1612427/07_AddTriggerMention FAILED.
Reason:
com.kms.katalon.core.exception.StepFailedException: Unable to click on object 'Object Repository/1612427/07_AddTriggerMention/Page_Town Square - minus Mattermost/button_Notifications'
	at com.kms.katalon.core.webui.keyword.internal.WebUIKeywordMain.stepFailed(WebUIKeywordMain.groovy:64)
	at com.kms.katalon.core.webui.keyword.internal.WebUIKeywordMain.runKeyword(WebUIKeywordMain.groovy:26)
	at com.kms.katalon.core.webui.keyword.builtin.ClickKeyword.click(ClickKeyword.groovy:76)
	at com.kms.katalon.core.webui.keyword.builtin.ClickKeyword.execute(ClickKeyword.groovy:43)
	at com.kms.katalon.core.keyword.internal.KeywordExecutor.executeKeywordForPlatform(KeywordExecutor.groovy:72)
	at com.kms.katalon.core.webui.keyword.WebUiBuiltInKeywords.click(WebUiBuiltInKeywords.groovy:616)
	at com.kms.katalon.core.webui.keyword.WebUiBuiltInKeywords$click$3.call(Unknown Source)
	at 07_AddTriggerMention.run(07_AddTriggerMention:40)
	at com.kms.katalon.core.main.ScriptEngine.run(ScriptEngine.java:194)
	at com.kms.katalon.core.main.ScriptEngine.runScriptAsRawText(ScriptEngine.java:119)
	at com.kms.katalon.core.main.TestCaseExecutor.runScript(TestCaseExecutor.java:337)
	at com.kms.katalon.core.main.TestCaseExecutor.doExecute(TestCaseExecutor.java:328)
	at com.kms.katalon.core.main.TestCaseExecutor.processExecutionPhase(TestCaseExecutor.java:307)
	at com.kms.katalon.core.main.TestCaseExecutor.accessMainPhase(TestCaseExecutor.java:299)
	at com.kms.katalon.core.main.TestCaseExecutor.execute(TestCaseExecutor.java:233)
	at com.kms.katalon.core.main.TestSuiteExecutor.accessTestCaseMainPhase(TestSuiteExecutor.java:169)
	at com.kms.katalon.core.main.TestSuiteExecutor.accessTestSuiteMainPhase(TestSuiteExecutor.java:142)
	at com.kms.katalon.core.main.TestSuiteExecutor.execute(TestSuiteExecutor.java:91)
	at com.kms.katalon.core.main.TestCaseMain.startTestSuite(TestCaseMain.java:157)
	at com.kms.katalon.core.main.TestCaseMain$startTestSuite$0.call(Unknown Source)
	at TempTestSuite1591337386301.run(TempTestSuite1591337386301.groovy:37)
Caused by: org.openqa.selenium.WebDriverException: chrome not reachable
  (Session info: chrome=83.0.4103.97)
Build info: version: '3.141.59', revision: 'e82be7d358', time: '2018-11-14T08:25:53'
System info: host: 'DESKTOP-SGC4F2H', ip: '172.25.32.1', os.name: 'Windows 10', os.arch: 'amd64', os.version: '10.0', java.version: '1.8.0_181'
Driver info: com.kms.katalon.selenium.driver.CChromeDriver
Capabilities {acceptInsecureCerts: false, browserName: chrome, browserVersion: 83.0.4103.97, chrome: {chromedriverVersion: 83.0.4103.39 (ccbf011cb2d2b..., userDataDir: C:\Users\Thanh\AppData\Loca...}, goog:chromeOptions: {debuggerAddress: localhost:62393}, javascriptEnabled: true, networkConnectionEnabled: false, pageLoadStrategy: normal, platform: WINDOWS, platformName: WINDOWS, proxy: Proxy(), setWindowRect: true, strictFileInteractability: false, timeouts: {implicit: 0, pageLoad: 300000, script: 30000}, unhandledPromptBehavior: dismiss and notify, webauthn:virtualAuthenticators: true}
Session ID: 574cdacc9fd7cc635d5aa508bcd9516d
*** Element info: {Using=xpath, value=//button[@id='notificationsButton']}
	at org.openqa.selenium.remote.http.W3CHttpResponseCodec.createException(W3CHttpResponseCodec.java:187)
	at org.openqa.selenium.remote.http.W3CHttpResponseCodec.decode(W3CHttpResponseCodec.java:122)
	at org.openqa.selenium.remote.http.W3CHttpResponseCodec.decode(W3CHttpResponseCodec.java:49)
	at org.openqa.selenium.remote.HttpCommandExecutor.execute(HttpCommandExecutor.java:158)
	at org.openqa.selenium.remote.service.DriverCommandExecutor.execute(DriverCommandExecutor.java:83)
	at org.openqa.selenium.remote.RemoteWebDriver.execute(RemoteWebDriver.java:552)
	at com.kms.katalon.selenium.driver.CChromeDriver.execute(CChromeDriver.java:19)
	at org.openqa.selenium.remote.RemoteWebDriver.findElements(RemoteWebDriver.java:353)
	at org.openqa.selenium.remote.RemoteWebDriver.findElementsByXPath(RemoteWebDriver.java:432)
	at org.openqa.selenium.By$ByXPath.findElements(By.java:348)
	at org.openqa.selenium.remote.RemoteWebDriver.findElements(RemoteWebDriver.java:311)
	at org.openqa.selenium.support.events.EventFiringWebDriver.lambda$new$1(EventFiringWebDriver.java:105)
	at com.sun.proxy.$Proxy8.findElements(Unknown Source)
	at org.openqa.selenium.support.events.EventFiringWebDriver.findElements(EventFiringWebDriver.java:182)
	at com.kms.katalon.core.webui.common.WebUiCommonHelper.findWebElements(WebUiCommonHelper.java:789)
	at com.kms.katalon.core.webui.common.WebUiCommonHelper.findWebElement(WebUiCommonHelper.java:1150)
	at com.kms.katalon.core.webui.keyword.internal.WebUIAbstractKeyword.findWebElement(WebUIAbstractKeyword.groovy:27)
	at com.kms.katalon.core.webui.keyword.internal.WebUIAbstractKeyword.findWebElement(WebUIAbstractKeyword.groovy:26)
	at com.kms.katalon.core.webui.keyword.builtin.ClickKeyword$_click_closure1.doCall(ClickKeyword.groovy:67)
	at com.kms.katalon.core.webui.keyword.builtin.ClickKeyword$_click_closure1.call(ClickKeyword.groovy)
	at com.kms.katalon.core.webui.keyword.internal.WebUIKeywordMain.runKeyword(WebUIKeywordMain.groovy:20)
	... 19 more]]></system-err>
      </testcase>
      <testcase name="Test Cases/1612427/08_ResetUserPassword" time="16.715" classname="Test Cases/1612427/08_ResetUserPassword" status="PASSED">
         <system-out><![CDATA[2020-06-05 13:21:21 - [TEST_CASE][PASSED] - Test Cases/1612427/08_ResetUserPassword: Test Cases/1612427/08_ResetUserPassword

2020-06-05 13:21:21 - [TEST_STEP][PASSED] - openBrowser(""): Browser is opened with url: ''

2020-06-05 13:21:21 - [MESSAGE][WARNING] - A browser is already opened. Closing browser and opening a new one

2020-06-05 13:21:22 - [MESSAGE][INFO] - Starting 'Chrome' driver

2020-06-05 13:21:22 - [MESSAGE][INFO] - Action delay is set to 0 milliseconds

2020-06-05 13:21:25 - [MESSAGE][PASSED] - Browser is opened with url: ''

2020-06-05 13:21:25 - [TEST_STEP][PASSED] - navigateToUrl("http://localhost:8065/admin_console/user_management/users"): Navigate to 'http://localhost:8065/admin_console/user_management/users' successfully

2020-06-05 13:21:27 - [MESSAGE][PASSED] - Navigate to 'http://localhost:8065/admin_console/user_management/users' successfully

2020-06-05 13:21:27 - [TEST_STEP][PASSED] - setText(findTestObject("Object Repository/1612427/08_ResetUserPassword/Page_Mattermost/input_All team communication in one place s_703ef5"), "hcmus-cdnc"): Text 'hcmus-cdnc' is set on object 'Object Repository/1612427/08_ResetUserPassword/Page_Mattermost/input_All team communication in one place s_703ef5'

2020-06-05 13:21:29 - [MESSAGE][PASSED] - Text 'hcmus-cdnc' is set on object 'Object Repository/1612427/08_ResetUserPassword/Page_Mattermost/input_All team communication in one place s_703ef5'

2020-06-05 13:21:29 - [TEST_STEP][PASSED] - setEncryptedText(findTestObject("Object Repository/1612427/08_ResetUserPassword/Page_Mattermost/input_All team communication in one place s_2f2733"), "aeHFOx8jV/A="): Text ****** has been set on object 'Object Repository/1612427/08_ResetUserPassword/Page_Mattermost/input_All team communication in one place s_2f2733'

2020-06-05 13:21:30 - [MESSAGE][PASSED] - Text ****** has been set on object 'Object Repository/1612427/08_ResetUserPassword/Page_Mattermost/input_All team communication in one place s_2f2733'

2020-06-05 13:21:30 - [TEST_STEP][PASSED] - click(findTestObject("Object Repository/1612427/08_ResetUserPassword/Page_Mattermost/span_Sign in")): Object: 'Object Repository/1612427/08_ResetUserPassword/Page_Mattermost/span_Sign in' is clicked on

2020-06-05 13:21:31 - [MESSAGE][PASSED] - Object: 'Object Repository/1612427/08_ResetUserPassword/Page_Mattermost/span_Sign in' is clicked on

2020-06-05 13:21:31 - [TEST_STEP][PASSED] - setText(findTestObject("Object Repository/1612427/08_ResetUserPassword/Page_System Console - Mattermost/input_Mattermost Users_searchUsers"), "ar"): Text 'ar' is set on object 'Object Repository/1612427/08_ResetUserPassword/Page_System Console - Mattermost/input_Mattermost Users_searchUsers'

2020-06-05 13:21:34 - [MESSAGE][PASSED] - Text 'ar' is set on object 'Object Repository/1612427/08_ResetUserPassword/Page_System Console - Mattermost/input_Mattermost Users_searchUsers'

2020-06-05 13:21:34 - [TEST_STEP][PASSED] - click(findTestObject("Object Repository/1612427/08_ResetUserPassword/Page_System Console - Mattermost/span_janicearmstrong - Janice Armstrong")): Object: 'Object Repository/1612427/08_ResetUserPassword/Page_System Console - Mattermost/span_janicearmstrong - Janice Armstrong' is clicked on

2020-06-05 13:21:35 - [MESSAGE][PASSED] - Object: 'Object Repository/1612427/08_ResetUserPassword/Page_System Console - Mattermost/span_janicearmstrong - Janice Armstrong' is clicked on

2020-06-05 13:21:35 - [TEST_STEP][PASSED] - click(findTestObject("Object Repository/1612427/08_ResetUserPassword/Page_System Console - Mattermost/button_Reset Password")): Object: 'Object Repository/1612427/08_ResetUserPassword/Page_System Console - Mattermost/button_Reset Password' is clicked on

2020-06-05 13:21:36 - [MESSAGE][PASSED] - Object: 'Object Repository/1612427/08_ResetUserPassword/Page_System Console - Mattermost/button_Reset Password' is clicked on

2020-06-05 13:21:36 - [TEST_STEP][PASSED] - setEncryptedText(findTestObject("Object Repository/1612427/08_ResetUserPassword/Page_System Console - Mattermost/input_New Password_form-control"), newPassword): Text ****** has been set on object 'Object Repository/1612427/08_ResetUserPassword/Page_System Console - Mattermost/input_New Password_form-control'

2020-06-05 13:21:36 - [MESSAGE][PASSED] - Text ****** has been set on object 'Object Repository/1612427/08_ResetUserPassword/Page_System Console - Mattermost/input_New Password_form-control'

2020-06-05 13:21:36 - [TEST_STEP][PASSED] - click(findTestObject("Object Repository/1612427/08_ResetUserPassword/Page_System Console - Mattermost/span_Reset")): Object: 'Object Repository/1612427/08_ResetUserPassword/Page_System Console - Mattermost/span_Reset' is clicked on

2020-06-05 13:21:37 - [MESSAGE][PASSED] - Object: 'Object Repository/1612427/08_ResetUserPassword/Page_System Console - Mattermost/span_Reset' is clicked on

2020-06-05 13:21:37 - [TEST_STEP][PASSED] - closeBrowser(): Browser is closed

2020-06-05 13:21:37 - [MESSAGE][PASSED] - Browser is closed]]></system-out>
         <system-err><![CDATA[]]></system-err>
      </testcase>
      <testcase name="Test Cases/1612427/08_ResetUserPassword" time="15.101" classname="Test Cases/1612427/08_ResetUserPassword" status="PASSED">
         <system-out><![CDATA[2020-06-05 13:21:37 - [TEST_CASE][PASSED] - Test Cases/1612427/08_ResetUserPassword: Test Cases/1612427/08_ResetUserPassword

2020-06-05 13:21:37 - [TEST_STEP][PASSED] - openBrowser(""): Browser is opened with url: ''

2020-06-05 13:21:37 - [MESSAGE][INFO] - Starting 'Chrome' driver

2020-06-05 13:21:37 - [MESSAGE][INFO] - Action delay is set to 0 milliseconds

2020-06-05 13:21:41 - [MESSAGE][PASSED] - Browser is opened with url: ''

2020-06-05 13:21:41 - [TEST_STEP][PASSED] - navigateToUrl("http://localhost:8065/admin_console/user_management/users"): Navigate to 'http://localhost:8065/admin_console/user_management/users' successfully

2020-06-05 13:21:42 - [MESSAGE][PASSED] - Navigate to 'http://localhost:8065/admin_console/user_management/users' successfully

2020-06-05 13:21:42 - [TEST_STEP][PASSED] - setText(findTestObject("Object Repository/1612427/08_ResetUserPassword/Page_Mattermost/input_All team communication in one place s_703ef5"), "hcmus-cdnc"): Text 'hcmus-cdnc' is set on object 'Object Repository/1612427/08_ResetUserPassword/Page_Mattermost/input_All team communication in one place s_703ef5'

2020-06-05 13:21:45 - [MESSAGE][PASSED] - Text 'hcmus-cdnc' is set on object 'Object Repository/1612427/08_ResetUserPassword/Page_Mattermost/input_All team communication in one place s_703ef5'

2020-06-05 13:21:45 - [TEST_STEP][PASSED] - setEncryptedText(findTestObject("Object Repository/1612427/08_ResetUserPassword/Page_Mattermost/input_All team communication in one place s_2f2733"), "aeHFOx8jV/A="): Text ****** has been set on object 'Object Repository/1612427/08_ResetUserPassword/Page_Mattermost/input_All team communication in one place s_2f2733'

2020-06-05 13:21:46 - [MESSAGE][PASSED] - Text ****** has been set on object 'Object Repository/1612427/08_ResetUserPassword/Page_Mattermost/input_All team communication in one place s_2f2733'

2020-06-05 13:21:46 - [TEST_STEP][PASSED] - click(findTestObject("Object Repository/1612427/08_ResetUserPassword/Page_Mattermost/span_Sign in")): Object: 'Object Repository/1612427/08_ResetUserPassword/Page_Mattermost/span_Sign in' is clicked on

2020-06-05 13:21:46 - [MESSAGE][PASSED] - Object: 'Object Repository/1612427/08_ResetUserPassword/Page_Mattermost/span_Sign in' is clicked on

2020-06-05 13:21:46 - [TEST_STEP][PASSED] - setText(findTestObject("Object Repository/1612427/08_ResetUserPassword/Page_System Console - Mattermost/input_Mattermost Users_searchUsers"), "ar"): Text 'ar' is set on object 'Object Repository/1612427/08_ResetUserPassword/Page_System Console - Mattermost/input_Mattermost Users_searchUsers'

2020-06-05 13:21:49 - [MESSAGE][PASSED] - Text 'ar' is set on object 'Object Repository/1612427/08_ResetUserPassword/Page_System Console - Mattermost/input_Mattermost Users_searchUsers'

2020-06-05 13:21:49 - [TEST_STEP][PASSED] - click(findTestObject("Object Repository/1612427/08_ResetUserPassword/Page_System Console - Mattermost/span_janicearmstrong - Janice Armstrong")): Object: 'Object Repository/1612427/08_ResetUserPassword/Page_System Console - Mattermost/span_janicearmstrong - Janice Armstrong' is clicked on

2020-06-05 13:21:50 - [MESSAGE][PASSED] - Object: 'Object Repository/1612427/08_ResetUserPassword/Page_System Console - Mattermost/span_janicearmstrong - Janice Armstrong' is clicked on

2020-06-05 13:21:50 - [TEST_STEP][PASSED] - click(findTestObject("Object Repository/1612427/08_ResetUserPassword/Page_System Console - Mattermost/button_Reset Password")): Object: 'Object Repository/1612427/08_ResetUserPassword/Page_System Console - Mattermost/button_Reset Password' is clicked on

2020-06-05 13:21:51 - [MESSAGE][PASSED] - Object: 'Object Repository/1612427/08_ResetUserPassword/Page_System Console - Mattermost/button_Reset Password' is clicked on

2020-06-05 13:21:51 - [TEST_STEP][PASSED] - setEncryptedText(findTestObject("Object Repository/1612427/08_ResetUserPassword/Page_System Console - Mattermost/input_New Password_form-control"), newPassword): Text ****** has been set on object 'Object Repository/1612427/08_ResetUserPassword/Page_System Console - Mattermost/input_New Password_form-control'

2020-06-05 13:21:51 - [MESSAGE][PASSED] - Text ****** has been set on object 'Object Repository/1612427/08_ResetUserPassword/Page_System Console - Mattermost/input_New Password_form-control'

2020-06-05 13:21:51 - [TEST_STEP][PASSED] - click(findTestObject("Object Repository/1612427/08_ResetUserPassword/Page_System Console - Mattermost/span_Reset")): Object: 'Object Repository/1612427/08_ResetUserPassword/Page_System Console - Mattermost/span_Reset' is clicked on

2020-06-05 13:21:52 - [MESSAGE][PASSED] - Object: 'Object Repository/1612427/08_ResetUserPassword/Page_System Console - Mattermost/span_Reset' is clicked on

2020-06-05 13:21:52 - [TEST_STEP][PASSED] - closeBrowser(): Browser is closed

2020-06-05 13:21:53 - [MESSAGE][PASSED] - Browser is closed]]></system-out>
         <system-err><![CDATA[]]></system-err>
      </testcase>
      <testcase name="Test Cases/1612427/08_ResetUserPassword" time="15.079" classname="Test Cases/1612427/08_ResetUserPassword" status="PASSED">
         <system-out><![CDATA[2020-06-05 13:21:53 - [TEST_CASE][PASSED] - Test Cases/1612427/08_ResetUserPassword: Test Cases/1612427/08_ResetUserPassword

2020-06-05 13:21:53 - [TEST_STEP][PASSED] - openBrowser(""): Browser is opened with url: ''

2020-06-05 13:21:53 - [MESSAGE][INFO] - Starting 'Chrome' driver

2020-06-05 13:21:53 - [MESSAGE][INFO] - Action delay is set to 0 milliseconds

2020-06-05 13:21:56 - [MESSAGE][PASSED] - Browser is opened with url: ''

2020-06-05 13:21:56 - [TEST_STEP][PASSED] - navigateToUrl("http://localhost:8065/admin_console/user_management/users"): Navigate to 'http://localhost:8065/admin_console/user_management/users' successfully

2020-06-05 13:21:57 - [MESSAGE][PASSED] - Navigate to 'http://localhost:8065/admin_console/user_management/users' successfully

2020-06-05 13:21:57 - [TEST_STEP][PASSED] - setText(findTestObject("Object Repository/1612427/08_ResetUserPassword/Page_Mattermost/input_All team communication in one place s_703ef5"), "hcmus-cdnc"): Text 'hcmus-cdnc' is set on object 'Object Repository/1612427/08_ResetUserPassword/Page_Mattermost/input_All team communication in one place s_703ef5'

2020-06-05 13:22:00 - [MESSAGE][PASSED] - Text 'hcmus-cdnc' is set on object 'Object Repository/1612427/08_ResetUserPassword/Page_Mattermost/input_All team communication in one place s_703ef5'

2020-06-05 13:22:00 - [TEST_STEP][PASSED] - setEncryptedText(findTestObject("Object Repository/1612427/08_ResetUserPassword/Page_Mattermost/input_All team communication in one place s_2f2733"), "aeHFOx8jV/A="): Text ****** has been set on object 'Object Repository/1612427/08_ResetUserPassword/Page_Mattermost/input_All team communication in one place s_2f2733'

2020-06-05 13:22:00 - [MESSAGE][PASSED] - Text ****** has been set on object 'Object Repository/1612427/08_ResetUserPassword/Page_Mattermost/input_All team communication in one place s_2f2733'

2020-06-05 13:22:00 - [TEST_STEP][PASSED] - click(findTestObject("Object Repository/1612427/08_ResetUserPassword/Page_Mattermost/span_Sign in")): Object: 'Object Repository/1612427/08_ResetUserPassword/Page_Mattermost/span_Sign in' is clicked on

2020-06-05 13:22:01 - [MESSAGE][PASSED] - Object: 'Object Repository/1612427/08_ResetUserPassword/Page_Mattermost/span_Sign in' is clicked on

2020-06-05 13:22:01 - [TEST_STEP][PASSED] - setText(findTestObject("Object Repository/1612427/08_ResetUserPassword/Page_System Console - Mattermost/input_Mattermost Users_searchUsers"), "ar"): Text 'ar' is set on object 'Object Repository/1612427/08_ResetUserPassword/Page_System Console - Mattermost/input_Mattermost Users_searchUsers'

2020-06-05 13:22:04 - [MESSAGE][PASSED] - Text 'ar' is set on object 'Object Repository/1612427/08_ResetUserPassword/Page_System Console - Mattermost/input_Mattermost Users_searchUsers'

2020-06-05 13:22:04 - [TEST_STEP][PASSED] - click(findTestObject("Object Repository/1612427/08_ResetUserPassword/Page_System Console - Mattermost/span_janicearmstrong - Janice Armstrong")): Object: 'Object Repository/1612427/08_ResetUserPassword/Page_System Console - Mattermost/span_janicearmstrong - Janice Armstrong' is clicked on

2020-06-05 13:22:04 - [MESSAGE][PASSED] - Object: 'Object Repository/1612427/08_ResetUserPassword/Page_System Console - Mattermost/span_janicearmstrong - Janice Armstrong' is clicked on

2020-06-05 13:22:04 - [TEST_STEP][PASSED] - click(findTestObject("Object Repository/1612427/08_ResetUserPassword/Page_System Console - Mattermost/button_Reset Password")): Object: 'Object Repository/1612427/08_ResetUserPassword/Page_System Console - Mattermost/button_Reset Password' is clicked on

2020-06-05 13:22:05 - [MESSAGE][PASSED] - Object: 'Object Repository/1612427/08_ResetUserPassword/Page_System Console - Mattermost/button_Reset Password' is clicked on

2020-06-05 13:22:05 - [TEST_STEP][PASSED] - setEncryptedText(findTestObject("Object Repository/1612427/08_ResetUserPassword/Page_System Console - Mattermost/input_New Password_form-control"), newPassword): Text ****** has been set on object 'Object Repository/1612427/08_ResetUserPassword/Page_System Console - Mattermost/input_New Password_form-control'

2020-06-05 13:22:06 - [MESSAGE][PASSED] - Text ****** has been set on object 'Object Repository/1612427/08_ResetUserPassword/Page_System Console - Mattermost/input_New Password_form-control'

2020-06-05 13:22:06 - [TEST_STEP][PASSED] - click(findTestObject("Object Repository/1612427/08_ResetUserPassword/Page_System Console - Mattermost/span_Reset")): Object: 'Object Repository/1612427/08_ResetUserPassword/Page_System Console - Mattermost/span_Reset' is clicked on

2020-06-05 13:22:06 - [MESSAGE][PASSED] - Object: 'Object Repository/1612427/08_ResetUserPassword/Page_System Console - Mattermost/span_Reset' is clicked on

2020-06-05 13:22:06 - [TEST_STEP][PASSED] - closeBrowser(): Browser is closed

2020-06-05 13:22:08 - [MESSAGE][PASSED] - Browser is closed]]></system-out>
         <system-err><![CDATA[]]></system-err>
      </testcase>
      <testcase name="Test Cases/1612427/08_ResetUserPassword" time="15.764" classname="Test Cases/1612427/08_ResetUserPassword" status="PASSED">
         <system-out><![CDATA[2020-06-05 13:22:08 - [TEST_CASE][PASSED] - Test Cases/1612427/08_ResetUserPassword: Test Cases/1612427/08_ResetUserPassword

2020-06-05 13:22:08 - [TEST_STEP][PASSED] - openBrowser(""): Browser is opened with url: ''

2020-06-05 13:22:08 - [MESSAGE][INFO] - Starting 'Chrome' driver

2020-06-05 13:22:08 - [MESSAGE][INFO] - Action delay is set to 0 milliseconds

2020-06-05 13:22:11 - [MESSAGE][PASSED] - Browser is opened with url: ''

2020-06-05 13:22:11 - [TEST_STEP][PASSED] - navigateToUrl("http://localhost:8065/admin_console/user_management/users"): Navigate to 'http://localhost:8065/admin_console/user_management/users' successfully

2020-06-05 13:22:13 - [MESSAGE][PASSED] - Navigate to 'http://localhost:8065/admin_console/user_management/users' successfully

2020-06-05 13:22:13 - [TEST_STEP][PASSED] - setText(findTestObject("Object Repository/1612427/08_ResetUserPassword/Page_Mattermost/input_All team communication in one place s_703ef5"), "hcmus-cdnc"): Text 'hcmus-cdnc' is set on object 'Object Repository/1612427/08_ResetUserPassword/Page_Mattermost/input_All team communication in one place s_703ef5'

2020-06-05 13:22:15 - [MESSAGE][PASSED] - Text 'hcmus-cdnc' is set on object 'Object Repository/1612427/08_ResetUserPassword/Page_Mattermost/input_All team communication in one place s_703ef5'

2020-06-05 13:22:15 - [TEST_STEP][PASSED] - setEncryptedText(findTestObject("Object Repository/1612427/08_ResetUserPassword/Page_Mattermost/input_All team communication in one place s_2f2733"), "aeHFOx8jV/A="): Text ****** has been set on object 'Object Repository/1612427/08_ResetUserPassword/Page_Mattermost/input_All team communication in one place s_2f2733'

2020-06-05 13:22:16 - [MESSAGE][PASSED] - Text ****** has been set on object 'Object Repository/1612427/08_ResetUserPassword/Page_Mattermost/input_All team communication in one place s_2f2733'

2020-06-05 13:22:16 - [TEST_STEP][PASSED] - click(findTestObject("Object Repository/1612427/08_ResetUserPassword/Page_Mattermost/span_Sign in")): Object: 'Object Repository/1612427/08_ResetUserPassword/Page_Mattermost/span_Sign in' is clicked on

2020-06-05 13:22:16 - [MESSAGE][PASSED] - Object: 'Object Repository/1612427/08_ResetUserPassword/Page_Mattermost/span_Sign in' is clicked on

2020-06-05 13:22:16 - [TEST_STEP][PASSED] - setText(findTestObject("Object Repository/1612427/08_ResetUserPassword/Page_System Console - Mattermost/input_Mattermost Users_searchUsers"), "ar"): Text 'ar' is set on object 'Object Repository/1612427/08_ResetUserPassword/Page_System Console - Mattermost/input_Mattermost Users_searchUsers'

2020-06-05 13:22:20 - [MESSAGE][PASSED] - Text 'ar' is set on object 'Object Repository/1612427/08_ResetUserPassword/Page_System Console - Mattermost/input_Mattermost Users_searchUsers'

2020-06-05 13:22:20 - [TEST_STEP][PASSED] - click(findTestObject("Object Repository/1612427/08_ResetUserPassword/Page_System Console - Mattermost/span_janicearmstrong - Janice Armstrong")): Object: 'Object Repository/1612427/08_ResetUserPassword/Page_System Console - Mattermost/span_janicearmstrong - Janice Armstrong' is clicked on

2020-06-05 13:22:21 - [MESSAGE][PASSED] - Object: 'Object Repository/1612427/08_ResetUserPassword/Page_System Console - Mattermost/span_janicearmstrong - Janice Armstrong' is clicked on

2020-06-05 13:22:21 - [TEST_STEP][PASSED] - click(findTestObject("Object Repository/1612427/08_ResetUserPassword/Page_System Console - Mattermost/button_Reset Password")): Object: 'Object Repository/1612427/08_ResetUserPassword/Page_System Console - Mattermost/button_Reset Password' is clicked on

2020-06-05 13:22:22 - [MESSAGE][PASSED] - Object: 'Object Repository/1612427/08_ResetUserPassword/Page_System Console - Mattermost/button_Reset Password' is clicked on

2020-06-05 13:22:22 - [TEST_STEP][PASSED] - setEncryptedText(findTestObject("Object Repository/1612427/08_ResetUserPassword/Page_System Console - Mattermost/input_New Password_form-control"), newPassword): Text ****** has been set on object 'Object Repository/1612427/08_ResetUserPassword/Page_System Console - Mattermost/input_New Password_form-control'

2020-06-05 13:22:22 - [MESSAGE][PASSED] - Text ****** has been set on object 'Object Repository/1612427/08_ResetUserPassword/Page_System Console - Mattermost/input_New Password_form-control'

2020-06-05 13:22:22 - [TEST_STEP][PASSED] - click(findTestObject("Object Repository/1612427/08_ResetUserPassword/Page_System Console - Mattermost/span_Reset")): Object: 'Object Repository/1612427/08_ResetUserPassword/Page_System Console - Mattermost/span_Reset' is clicked on

2020-06-05 13:22:23 - [MESSAGE][PASSED] - Object: 'Object Repository/1612427/08_ResetUserPassword/Page_System Console - Mattermost/span_Reset' is clicked on

2020-06-05 13:22:23 - [TEST_STEP][PASSED] - closeBrowser(): Browser is closed

2020-06-05 13:22:23 - [MESSAGE][PASSED] - Browser is closed]]></system-out>
         <system-err><![CDATA[]]></system-err>
      </testcase>
      <testcase name="Test Cases/1612427/08_ResetUserPassword" time="14.971" classname="Test Cases/1612427/08_ResetUserPassword" status="PASSED">
         <system-out><![CDATA[2020-06-05 13:22:23 - [TEST_CASE][PASSED] - Test Cases/1612427/08_ResetUserPassword: Test Cases/1612427/08_ResetUserPassword

2020-06-05 13:22:23 - [TEST_STEP][PASSED] - openBrowser(""): Browser is opened with url: ''

2020-06-05 13:22:23 - [MESSAGE][INFO] - Starting 'Chrome' driver

2020-06-05 13:22:23 - [MESSAGE][INFO] - Action delay is set to 0 milliseconds

2020-06-05 13:22:27 - [MESSAGE][PASSED] - Browser is opened with url: ''

2020-06-05 13:22:27 - [TEST_STEP][PASSED] - navigateToUrl("http://localhost:8065/admin_console/user_management/users"): Navigate to 'http://localhost:8065/admin_console/user_management/users' successfully

2020-06-05 13:22:28 - [MESSAGE][PASSED] - Navigate to 'http://localhost:8065/admin_console/user_management/users' successfully

2020-06-05 13:22:28 - [TEST_STEP][PASSED] - setText(findTestObject("Object Repository/1612427/08_ResetUserPassword/Page_Mattermost/input_All team communication in one place s_703ef5"), "hcmus-cdnc"): Text 'hcmus-cdnc' is set on object 'Object Repository/1612427/08_ResetUserPassword/Page_Mattermost/input_All team communication in one place s_703ef5'

2020-06-05 13:22:31 - [MESSAGE][PASSED] - Text 'hcmus-cdnc' is set on object 'Object Repository/1612427/08_ResetUserPassword/Page_Mattermost/input_All team communication in one place s_703ef5'

2020-06-05 13:22:31 - [TEST_STEP][PASSED] - setEncryptedText(findTestObject("Object Repository/1612427/08_ResetUserPassword/Page_Mattermost/input_All team communication in one place s_2f2733"), "aeHFOx8jV/A="): Text ****** has been set on object 'Object Repository/1612427/08_ResetUserPassword/Page_Mattermost/input_All team communication in one place s_2f2733'

2020-06-05 13:22:31 - [MESSAGE][PASSED] - Text ****** has been set on object 'Object Repository/1612427/08_ResetUserPassword/Page_Mattermost/input_All team communication in one place s_2f2733'

2020-06-05 13:22:31 - [TEST_STEP][PASSED] - click(findTestObject("Object Repository/1612427/08_ResetUserPassword/Page_Mattermost/span_Sign in")): Object: 'Object Repository/1612427/08_ResetUserPassword/Page_Mattermost/span_Sign in' is clicked on

2020-06-05 13:22:32 - [MESSAGE][PASSED] - Object: 'Object Repository/1612427/08_ResetUserPassword/Page_Mattermost/span_Sign in' is clicked on

2020-06-05 13:22:32 - [TEST_STEP][PASSED] - setText(findTestObject("Object Repository/1612427/08_ResetUserPassword/Page_System Console - Mattermost/input_Mattermost Users_searchUsers"), "ar"): Text 'ar' is set on object 'Object Repository/1612427/08_ResetUserPassword/Page_System Console - Mattermost/input_Mattermost Users_searchUsers'

2020-06-05 13:22:35 - [MESSAGE][PASSED] - Text 'ar' is set on object 'Object Repository/1612427/08_ResetUserPassword/Page_System Console - Mattermost/input_Mattermost Users_searchUsers'

2020-06-05 13:22:35 - [TEST_STEP][PASSED] - click(findTestObject("Object Repository/1612427/08_ResetUserPassword/Page_System Console - Mattermost/span_janicearmstrong - Janice Armstrong")): Object: 'Object Repository/1612427/08_ResetUserPassword/Page_System Console - Mattermost/span_janicearmstrong - Janice Armstrong' is clicked on

2020-06-05 13:22:36 - [MESSAGE][PASSED] - Object: 'Object Repository/1612427/08_ResetUserPassword/Page_System Console - Mattermost/span_janicearmstrong - Janice Armstrong' is clicked on

2020-06-05 13:22:36 - [TEST_STEP][PASSED] - click(findTestObject("Object Repository/1612427/08_ResetUserPassword/Page_System Console - Mattermost/button_Reset Password")): Object: 'Object Repository/1612427/08_ResetUserPassword/Page_System Console - Mattermost/button_Reset Password' is clicked on

2020-06-05 13:22:37 - [MESSAGE][PASSED] - Object: 'Object Repository/1612427/08_ResetUserPassword/Page_System Console - Mattermost/button_Reset Password' is clicked on

2020-06-05 13:22:37 - [TEST_STEP][PASSED] - setEncryptedText(findTestObject("Object Repository/1612427/08_ResetUserPassword/Page_System Console - Mattermost/input_New Password_form-control"), newPassword): Text ****** has been set on object 'Object Repository/1612427/08_ResetUserPassword/Page_System Console - Mattermost/input_New Password_form-control'

2020-06-05 13:22:37 - [MESSAGE][PASSED] - Text ****** has been set on object 'Object Repository/1612427/08_ResetUserPassword/Page_System Console - Mattermost/input_New Password_form-control'

2020-06-05 13:22:37 - [TEST_STEP][PASSED] - click(findTestObject("Object Repository/1612427/08_ResetUserPassword/Page_System Console - Mattermost/span_Reset")): Object: 'Object Repository/1612427/08_ResetUserPassword/Page_System Console - Mattermost/span_Reset' is clicked on

2020-06-05 13:22:38 - [MESSAGE][PASSED] - Object: 'Object Repository/1612427/08_ResetUserPassword/Page_System Console - Mattermost/span_Reset' is clicked on

2020-06-05 13:22:38 - [TEST_STEP][PASSED] - closeBrowser(): Browser is closed

2020-06-05 13:22:38 - [MESSAGE][PASSED] - Browser is closed]]></system-out>
         <system-err><![CDATA[]]></system-err>
      </testcase>
      <testcase name="Test Cases/1612427/09_ChangeUserEmail" time="65.412" classname="Test Cases/1612427/09_ChangeUserEmail" status="FAILED">
         <failure type="FAILED" message="Test Cases/1612427/09_ChangeUserEmail FAILED.
Reason:
com.kms.katalon.core.exception.StepFailedException: Unable to click on object 'Object Repository/1612427/09_ChangeUserEmail/Page_System Console - Mattermost/input_Email_SystemUserDetail__input form-control'
	at com.kms.katalon.core.webui.keyword.internal.WebUIKeywordMain.stepFailed(WebUIKeywordMain.groovy:64)
	at com.kms.katalon.core.webui.keyword.internal.WebUIKeywordMain.runKeyword(WebUIKeywordMain.groovy:26)
	at com.kms.katalon.core.webui.keyword.builtin.ClickKeyword.click(ClickKeyword.groovy:76)
	at com.kms.katalon.core.webui.keyword.builtin.ClickKeyword.execute(ClickKeyword.groovy:43)
	at com.kms.katalon.core.keyword.internal.KeywordExecutor.executeKeywordForPlatform(KeywordExecutor.groovy:72)
	at com.kms.katalon.core.webui.keyword.WebUiBuiltInKeywords.click(WebUiBuiltInKeywords.groovy:616)
	at com.kms.katalon.core.webui.keyword.WebUiBuiltInKeywords$click$3.call(Unknown Source)
	at 09_ChangeUserEmail.run(09_ChangeUserEmail:40)
	at com.kms.katalon.core.main.ScriptEngine.run(ScriptEngine.java:194)
	at com.kms.katalon.core.main.ScriptEngine.runScriptAsRawText(ScriptEngine.java:119)
	at com.kms.katalon.core.main.TestCaseExecutor.runScript(TestCaseExecutor.java:337)
	at com.kms.katalon.core.main.TestCaseExecutor.doExecute(TestCaseExecutor.java:328)
	at com.kms.katalon.core.main.TestCaseExecutor.processExecutionPhase(TestCaseExecutor.java:307)
	at com.kms.katalon.core.main.TestCaseExecutor.accessMainPhase(TestCaseExecutor.java:299)
	at com.kms.katalon.core.main.TestCaseExecutor.execute(TestCaseExecutor.java:233)
	at com.kms.katalon.core.main.TestSuiteExecutor.accessTestCaseMainPhase(TestSuiteExecutor.java:169)
	at com.kms.katalon.core.main.TestSuiteExecutor.accessTestSuiteMainPhase(TestSuiteExecutor.java:142)
	at com.kms.katalon.core.main.TestSuiteExecutor.execute(TestSuiteExecutor.java:91)
	at com.kms.katalon.core.main.TestCaseMain.startTestSuite(TestCaseMain.java:157)
	at com.kms.katalon.core.main.TestCaseMain$startTestSuite$0.call(Unknown Source)
	at TempTestSuite1591337386301.run(TempTestSuite1591337386301.groovy:37)
Caused by: com.kms.katalon.core.webui.exception.WebElementNotFoundException: Web element with id: 'Object Repository/1612427/09_ChangeUserEmail/Page_System Console - Mattermost/input_Email_SystemUserDetail__input form-control' located by 'By.xpath: //input[@value='xxx@email.com']' not found
	at com.kms.katalon.core.webui.common.WebUiCommonHelper.findWebElement(WebUiCommonHelper.java:1154)
	at com.kms.katalon.core.webui.keyword.internal.WebUIAbstractKeyword.findWebElement(WebUIAbstractKeyword.groovy:27)
	at com.kms.katalon.core.webui.keyword.internal.WebUIAbstractKeyword.findWebElement(WebUIAbstractKeyword.groovy:26)
	at com.kms.katalon.core.webui.keyword.builtin.ClickKeyword$_click_closure1.doCall(ClickKeyword.groovy:67)
	at com.kms.katalon.core.webui.keyword.builtin.ClickKeyword$_click_closure1.call(ClickKeyword.groovy)
	at com.kms.katalon.core.webui.keyword.internal.WebUIKeywordMain.runKeyword(WebUIKeywordMain.groovy:20)
	... 19 more
"/>
         <system-out><![CDATA[2020-06-05 13:22:38 - [TEST_CASE][FAILED] - Test Cases/1612427/09_ChangeUserEmail: Test Cases/1612427/09_ChangeUserEmail FAILED.
Reason:
com.kms.katalon.core.exception.StepFailedException: Unable to click on object 'Object Repository/1612427/09_ChangeUserEmail/Page_System Console - Mattermost/input_Email_SystemUserDetail__input form-control'
	at com.kms.katalon.core.webui.keyword.internal.WebUIKeywordMain.stepFailed(WebUIKeywordMain.groovy:64)
	at com.kms.katalon.core.webui.keyword.internal.WebUIKeywordMain.runKeyword(WebUIKeywordMain.groovy:26)
	at com.kms.katalon.core.webui.keyword.builtin.ClickKeyword.click(ClickKeyword.groovy:76)
	at com.kms.katalon.core.webui.keyword.builtin.ClickKeyword.execute(ClickKeyword.groovy:43)
	at com.kms.katalon.core.keyword.internal.KeywordExecutor.executeKeywordForPlatform(KeywordExecutor.groovy:72)
	at com.kms.katalon.core.webui.keyword.WebUiBuiltInKeywords.click(WebUiBuiltInKeywords.groovy:616)
	at com.kms.katalon.core.webui.keyword.WebUiBuiltInKeywords$click$3.call(Unknown Source)
	at 09_ChangeUserEmail.run(09_ChangeUserEmail:40)
	at com.kms.katalon.core.main.ScriptEngine.run(ScriptEngine.java:194)
	at com.kms.katalon.core.main.ScriptEngine.runScriptAsRawText(ScriptEngine.java:119)
	at com.kms.katalon.core.main.TestCaseExecutor.runScript(TestCaseExecutor.java:337)
	at com.kms.katalon.core.main.TestCaseExecutor.doExecute(TestCaseExecutor.java:328)
	at com.kms.katalon.core.main.TestCaseExecutor.processExecutionPhase(TestCaseExecutor.java:307)
	at com.kms.katalon.core.main.TestCaseExecutor.accessMainPhase(TestCaseExecutor.java:299)
	at com.kms.katalon.core.main.TestCaseExecutor.execute(TestCaseExecutor.java:233)
	at com.kms.katalon.core.main.TestSuiteExecutor.accessTestCaseMainPhase(TestSuiteExecutor.java:169)
	at com.kms.katalon.core.main.TestSuiteExecutor.accessTestSuiteMainPhase(TestSuiteExecutor.java:142)
	at com.kms.katalon.core.main.TestSuiteExecutor.execute(TestSuiteExecutor.java:91)
	at com.kms.katalon.core.main.TestCaseMain.startTestSuite(TestCaseMain.java:157)
	at com.kms.katalon.core.main.TestCaseMain$startTestSuite$0.call(Unknown Source)
	at TempTestSuite1591337386301.run(TempTestSuite1591337386301.groovy:37)
Caused by: com.kms.katalon.core.webui.exception.WebElementNotFoundException: Web element with id: 'Object Repository/1612427/09_ChangeUserEmail/Page_System Console - Mattermost/input_Email_SystemUserDetail__input form-control' located by 'By.xpath: //input[@value='xxx@email.com']' not found
	at com.kms.katalon.core.webui.common.WebUiCommonHelper.findWebElement(WebUiCommonHelper.java:1154)
	at com.kms.katalon.core.webui.keyword.internal.WebUIAbstractKeyword.findWebElement(WebUIAbstractKeyword.groovy:27)
	at com.kms.katalon.core.webui.keyword.internal.WebUIAbstractKeyword.findWebElement(WebUIAbstractKeyword.groovy:26)
	at com.kms.katalon.core.webui.keyword.builtin.ClickKeyword$_click_closure1.doCall(ClickKeyword.groovy:67)
	at com.kms.katalon.core.webui.keyword.builtin.ClickKeyword$_click_closure1.call(ClickKeyword.groovy)
	at com.kms.katalon.core.webui.keyword.internal.WebUIKeywordMain.runKeyword(WebUIKeywordMain.groovy:20)
	... 19 more


2020-06-05 13:22:39 - [TEST_STEP][PASSED] - openBrowser(""): Browser is opened with url: ''

2020-06-05 13:22:39 - [MESSAGE][INFO] - Starting 'Chrome' driver

2020-06-05 13:22:39 - [MESSAGE][INFO] - Action delay is set to 0 milliseconds

2020-06-05 13:22:42 - [MESSAGE][PASSED] - Browser is opened with url: ''

2020-06-05 13:22:42 - [TEST_STEP][PASSED] - setViewPortSize(1600, 1500): Viewport is set to new size with width = 1600 and height = 1500

2020-06-05 13:22:44 - [MESSAGE][PASSED] - Viewport is set to new size with width = 1600 and height = 1500

2020-06-05 13:22:44 - [TEST_STEP][PASSED] - navigateToUrl("http://localhost:8065/admin_console"): Navigate to 'http://localhost:8065/admin_console' successfully

2020-06-05 13:22:46 - [MESSAGE][PASSED] - Navigate to 'http://localhost:8065/admin_console' successfully

2020-06-05 13:22:46 - [TEST_STEP][PASSED] - setText(findTestObject("Object Repository/1612427/09_ChangeUserEmail/Page_Mattermost/input_All team communication in one place s_703ef5"), "hcmus-cdnc"): Text 'hcmus-cdnc' is set on object 'Object Repository/1612427/09_ChangeUserEmail/Page_Mattermost/input_All team communication in one place s_703ef5'

2020-06-05 13:22:49 - [MESSAGE][PASSED] - Text 'hcmus-cdnc' is set on object 'Object Repository/1612427/09_ChangeUserEmail/Page_Mattermost/input_All team communication in one place s_703ef5'

2020-06-05 13:22:49 - [TEST_STEP][PASSED] - setEncryptedText(findTestObject("Object Repository/1612427/09_ChangeUserEmail/Page_Mattermost/input_All team communication in one place s_2f2733"), "aeHFOx8jV/A="): Text ****** has been set on object 'Object Repository/1612427/09_ChangeUserEmail/Page_Mattermost/input_All team communication in one place s_2f2733'

2020-06-05 13:22:49 - [MESSAGE][PASSED] - Text ****** has been set on object 'Object Repository/1612427/09_ChangeUserEmail/Page_Mattermost/input_All team communication in one place s_2f2733'

2020-06-05 13:22:49 - [TEST_STEP][PASSED] - click(findTestObject("Object Repository/1612427/09_ChangeUserEmail/Page_Mattermost/span_Sign in")): Object: 'Object Repository/1612427/09_ChangeUserEmail/Page_Mattermost/span_Sign in' is clicked on

2020-06-05 13:22:50 - [MESSAGE][PASSED] - Object: 'Object Repository/1612427/09_ChangeUserEmail/Page_Mattermost/span_Sign in' is clicked on

2020-06-05 13:22:50 - [TEST_STEP][PASSED] - click(findTestObject("Object Repository/1612427/09_ChangeUserEmail/Page_System Console - Mattermost/a_Users")): Object: 'Object Repository/1612427/09_ChangeUserEmail/Page_System Console - Mattermost/a_Users' is clicked on

2020-06-05 13:22:52 - [MESSAGE][PASSED] - Object: 'Object Repository/1612427/09_ChangeUserEmail/Page_System Console - Mattermost/a_Users' is clicked on

2020-06-05 13:22:52 - [TEST_STEP][PASSED] - setText(findTestObject("Object Repository/1612427/09_ChangeUserEmail/Page_System Console - Mattermost/input_Mattermost Users_searchUsers"), "ar"): Text 'ar' is set on object 'Object Repository/1612427/09_ChangeUserEmail/Page_System Console - Mattermost/input_Mattermost Users_searchUsers'

2020-06-05 13:22:54 - [MESSAGE][PASSED] - Text 'ar' is set on object 'Object Repository/1612427/09_ChangeUserEmail/Page_System Console - Mattermost/input_Mattermost Users_searchUsers'

2020-06-05 13:22:54 - [TEST_STEP][PASSED] - click(findTestObject("Object Repository/1612427/09_ChangeUserEmail/Page_System Console - Mattermost/span_janicearmstrong - Janice Armstrong")): Object: 'Object Repository/1612427/09_ChangeUserEmail/Page_System Console - Mattermost/span_janicearmstrong - Janice Armstrong' is clicked on

2020-06-05 13:22:55 - [MESSAGE][PASSED] - Object: 'Object Repository/1612427/09_ChangeUserEmail/Page_System Console - Mattermost/span_janicearmstrong - Janice Armstrong' is clicked on

2020-06-05 13:22:55 - [TEST_STEP][FAILED] - click(findTestObject("Object Repository/1612427/09_ChangeUserEmail/Page_System Console - Mattermost/input_Email_SystemUserDetail__input form-control")): Unable to click on object 'Object Repository/1612427/09_ChangeUserEmail/Page_System Console - Mattermost/input_Email_SystemUserDetail__input form-control' (Root cause: com.kms.katalon.core.exception.StepFailedException: Unable to click on object 'Object Repository/1612427/09_ChangeUserEmail/Page_System Console - Mattermost/input_Email_SystemUserDetail__input form-control'
	at com.kms.katalon.core.webui.keyword.internal.WebUIKeywordMain.stepFailed(WebUIKeywordMain.groovy:64)
	at com.kms.katalon.core.webui.keyword.internal.WebUIKeywordMain.runKeyword(WebUIKeywordMain.groovy:26)
	at com.kms.katalon.core.webui.keyword.builtin.ClickKeyword.click(ClickKeyword.groovy:76)
	at com.kms.katalon.core.webui.keyword.builtin.ClickKeyword.execute(ClickKeyword.groovy:43)
	at com.kms.katalon.core.keyword.internal.KeywordExecutor.executeKeywordForPlatform(KeywordExecutor.groovy:72)
	at com.kms.katalon.core.webui.keyword.WebUiBuiltInKeywords.click(WebUiBuiltInKeywords.groovy:616)
	at com.kms.katalon.core.webui.keyword.WebUiBuiltInKeywords$click$3.call(Unknown Source)
	at 09_ChangeUserEmail.run(09_ChangeUserEmail:40)
	at com.kms.katalon.core.main.ScriptEngine.run(ScriptEngine.java:194)
	at com.kms.katalon.core.main.ScriptEngine.runScriptAsRawText(ScriptEngine.java:119)
	at com.kms.katalon.core.main.TestCaseExecutor.runScript(TestCaseExecutor.java:337)
	at com.kms.katalon.core.main.TestCaseExecutor.doExecute(TestCaseExecutor.java:328)
	at com.kms.katalon.core.main.TestCaseExecutor.processExecutionPhase(TestCaseExecutor.java:307)
	at com.kms.katalon.core.main.TestCaseExecutor.accessMainPhase(TestCaseExecutor.java:299)
	at com.kms.katalon.core.main.TestCaseExecutor.execute(TestCaseExecutor.java:233)
	at com.kms.katalon.core.main.TestSuiteExecutor.accessTestCaseMainPhase(TestSuiteExecutor.java:169)
	at com.kms.katalon.core.main.TestSuiteExecutor.accessTestSuiteMainPhase(TestSuiteExecutor.java:142)
	at com.kms.katalon.core.main.TestSuiteExecutor.execute(TestSuiteExecutor.java:91)
	at com.kms.katalon.core.main.TestCaseMain.startTestSuite(TestCaseMain.java:157)
	at com.kms.katalon.core.main.TestCaseMain$startTestSuite$0.call(Unknown Source)
	at TempTestSuite1591337386301.run(TempTestSuite1591337386301.groovy:37)
Caused by: com.kms.katalon.core.webui.exception.WebElementNotFoundException: Web element with id: 'Object Repository/1612427/09_ChangeUserEmail/Page_System Console - Mattermost/input_Email_SystemUserDetail__input form-control' located by 'By.xpath: //input[@value='xxx@email.com']' not found
	at com.kms.katalon.core.webui.common.WebUiCommonHelper.findWebElement(WebUiCommonHelper.java:1154)
	at com.kms.katalon.core.webui.keyword.internal.WebUIAbstractKeyword.findWebElement(WebUIAbstractKeyword.groovy:27)
	at com.kms.katalon.core.webui.keyword.internal.WebUIAbstractKeyword.findWebElement(WebUIAbstractKeyword.groovy:26)
	at com.kms.katalon.core.webui.keyword.builtin.ClickKeyword$_click_closure1.doCall(ClickKeyword.groovy:67)
	at com.kms.katalon.core.webui.keyword.builtin.ClickKeyword$_click_closure1.call(ClickKeyword.groovy)
	at com.kms.katalon.core.webui.keyword.internal.WebUIKeywordMain.runKeyword(WebUIKeywordMain.groovy:20)
	at com.kms.katalon.core.webui.keyword.builtin.ClickKeyword.click(ClickKeyword.groovy:76)
	at com.kms.katalon.core.webui.keyword.builtin.ClickKeyword.execute(ClickKeyword.groovy:43)
	at com.kms.katalon.core.keyword.internal.KeywordExecutor.executeKeywordForPlatform(KeywordExecutor.groovy:72)
	at com.kms.katalon.core.webui.keyword.WebUiBuiltInKeywords.click(WebUiBuiltInKeywords.groovy:616)
	at com.kms.katalon.core.webui.keyword.WebUiBuiltInKeywords$click$3.call(Unknown Source)
	at Script1591278779104.run(Script1591278779104.groovy:40)
	... 13 more
)

2020-06-05 13:23:44 - [MESSAGE][INFO] - Unable to find the element located by 'By.xpath: //input[@value='xxx@email.com']'. Please recheck the objects properties to make sure the desired element is located. 

2020-06-05 13:23:44 - [MESSAGE][FAILED] - Unable to click on object 'Object Repository/1612427/09_ChangeUserEmail/Page_System Console - Mattermost/input_Email_SystemUserDetail__input form-control' (Root cause: com.kms.katalon.core.exception.StepFailedException: Unable to click on object 'Object Repository/1612427/09_ChangeUserEmail/Page_System Console - Mattermost/input_Email_SystemUserDetail__input form-control'
	at com.kms.katalon.core.webui.keyword.internal.WebUIKeywordMain.stepFailed(WebUIKeywordMain.groovy:64)
	at com.kms.katalon.core.webui.keyword.internal.WebUIKeywordMain.runKeyword(WebUIKeywordMain.groovy:26)
	at com.kms.katalon.core.webui.keyword.builtin.ClickKeyword.click(ClickKeyword.groovy:76)
	at com.kms.katalon.core.webui.keyword.builtin.ClickKeyword.execute(ClickKeyword.groovy:43)
	at com.kms.katalon.core.keyword.internal.KeywordExecutor.executeKeywordForPlatform(KeywordExecutor.groovy:72)
	at com.kms.katalon.core.webui.keyword.WebUiBuiltInKeywords.click(WebUiBuiltInKeywords.groovy:616)
	at com.kms.katalon.core.webui.keyword.WebUiBuiltInKeywords$click$3.call(Unknown Source)
	at 09_ChangeUserEmail.run(09_ChangeUserEmail:40)
	at com.kms.katalon.core.main.ScriptEngine.run(ScriptEngine.java:194)
	at com.kms.katalon.core.main.ScriptEngine.runScriptAsRawText(ScriptEngine.java:119)
	at com.kms.katalon.core.main.TestCaseExecutor.runScript(TestCaseExecutor.java:337)
	at com.kms.katalon.core.main.TestCaseExecutor.doExecute(TestCaseExecutor.java:328)
	at com.kms.katalon.core.main.TestCaseExecutor.processExecutionPhase(TestCaseExecutor.java:307)
	at com.kms.katalon.core.main.TestCaseExecutor.accessMainPhase(TestCaseExecutor.java:299)
	at com.kms.katalon.core.main.TestCaseExecutor.execute(TestCaseExecutor.java:233)
	at com.kms.katalon.core.main.TestSuiteExecutor.accessTestCaseMainPhase(TestSuiteExecutor.java:169)
	at com.kms.katalon.core.main.TestSuiteExecutor.accessTestSuiteMainPhase(TestSuiteExecutor.java:142)
	at com.kms.katalon.core.main.TestSuiteExecutor.execute(TestSuiteExecutor.java:91)
	at com.kms.katalon.core.main.TestCaseMain.startTestSuite(TestCaseMain.java:157)
	at com.kms.katalon.core.main.TestCaseMain$startTestSuite$0.call(Unknown Source)
	at TempTestSuite1591337386301.run(TempTestSuite1591337386301.groovy:37)
Caused by: com.kms.katalon.core.webui.exception.WebElementNotFoundException: Web element with id: 'Object Repository/1612427/09_ChangeUserEmail/Page_System Console - Mattermost/input_Email_SystemUserDetail__input form-control' located by 'By.xpath: //input[@value='xxx@email.com']' not found
	at com.kms.katalon.core.webui.common.WebUiCommonHelper.findWebElement(WebUiCommonHelper.java:1154)
	at com.kms.katalon.core.webui.keyword.internal.WebUIAbstractKeyword.findWebElement(WebUIAbstractKeyword.groovy:27)
	at com.kms.katalon.core.webui.keyword.internal.WebUIAbstractKeyword.findWebElement(WebUIAbstractKeyword.groovy:26)
	at com.kms.katalon.core.webui.keyword.builtin.ClickKeyword$_click_closure1.doCall(ClickKeyword.groovy:67)
	at com.kms.katalon.core.webui.keyword.builtin.ClickKeyword$_click_closure1.call(ClickKeyword.groovy)
	at com.kms.katalon.core.webui.keyword.internal.WebUIKeywordMain.runKeyword(WebUIKeywordMain.groovy:20)
	at com.kms.katalon.core.webui.keyword.builtin.ClickKeyword.click(ClickKeyword.groovy:76)
	at com.kms.katalon.core.webui.keyword.builtin.ClickKeyword.execute(ClickKeyword.groovy:43)
	at com.kms.katalon.core.keyword.internal.KeywordExecutor.executeKeywordForPlatform(KeywordExecutor.groovy:72)
	at com.kms.katalon.core.webui.keyword.WebUiBuiltInKeywords.click(WebUiBuiltInKeywords.groovy:616)
	at com.kms.katalon.core.webui.keyword.WebUiBuiltInKeywords$click$3.call(Unknown Source)
	at Script1591278779104.run(Script1591278779104.groovy:40)
	... 13 more
)
[[ATTACHMENT|C:\\Users\\Thanh\\Desktop\\github.com\\New folder (2)\\homeword02-mattermost-katalon\\Reports\\20200605_130946\\Run all test cases\\20200605_130946\\1591338224019.png]]]]></system-out>
         <system-err><![CDATA[2020-06-05 13:22:38 - [TEST_CASE][FAILED] - Test Cases/1612427/09_ChangeUserEmail: Test Cases/1612427/09_ChangeUserEmail FAILED.
Reason:
com.kms.katalon.core.exception.StepFailedException: Unable to click on object 'Object Repository/1612427/09_ChangeUserEmail/Page_System Console - Mattermost/input_Email_SystemUserDetail__input form-control'
	at com.kms.katalon.core.webui.keyword.internal.WebUIKeywordMain.stepFailed(WebUIKeywordMain.groovy:64)
	at com.kms.katalon.core.webui.keyword.internal.WebUIKeywordMain.runKeyword(WebUIKeywordMain.groovy:26)
	at com.kms.katalon.core.webui.keyword.builtin.ClickKeyword.click(ClickKeyword.groovy:76)
	at com.kms.katalon.core.webui.keyword.builtin.ClickKeyword.execute(ClickKeyword.groovy:43)
	at com.kms.katalon.core.keyword.internal.KeywordExecutor.executeKeywordForPlatform(KeywordExecutor.groovy:72)
	at com.kms.katalon.core.webui.keyword.WebUiBuiltInKeywords.click(WebUiBuiltInKeywords.groovy:616)
	at com.kms.katalon.core.webui.keyword.WebUiBuiltInKeywords$click$3.call(Unknown Source)
	at 09_ChangeUserEmail.run(09_ChangeUserEmail:40)
	at com.kms.katalon.core.main.ScriptEngine.run(ScriptEngine.java:194)
	at com.kms.katalon.core.main.ScriptEngine.runScriptAsRawText(ScriptEngine.java:119)
	at com.kms.katalon.core.main.TestCaseExecutor.runScript(TestCaseExecutor.java:337)
	at com.kms.katalon.core.main.TestCaseExecutor.doExecute(TestCaseExecutor.java:328)
	at com.kms.katalon.core.main.TestCaseExecutor.processExecutionPhase(TestCaseExecutor.java:307)
	at com.kms.katalon.core.main.TestCaseExecutor.accessMainPhase(TestCaseExecutor.java:299)
	at com.kms.katalon.core.main.TestCaseExecutor.execute(TestCaseExecutor.java:233)
	at com.kms.katalon.core.main.TestSuiteExecutor.accessTestCaseMainPhase(TestSuiteExecutor.java:169)
	at com.kms.katalon.core.main.TestSuiteExecutor.accessTestSuiteMainPhase(TestSuiteExecutor.java:142)
	at com.kms.katalon.core.main.TestSuiteExecutor.execute(TestSuiteExecutor.java:91)
	at com.kms.katalon.core.main.TestCaseMain.startTestSuite(TestCaseMain.java:157)
	at com.kms.katalon.core.main.TestCaseMain$startTestSuite$0.call(Unknown Source)
	at TempTestSuite1591337386301.run(TempTestSuite1591337386301.groovy:37)
Caused by: com.kms.katalon.core.webui.exception.WebElementNotFoundException: Web element with id: 'Object Repository/1612427/09_ChangeUserEmail/Page_System Console - Mattermost/input_Email_SystemUserDetail__input form-control' located by 'By.xpath: //input[@value='xxx@email.com']' not found
	at com.kms.katalon.core.webui.common.WebUiCommonHelper.findWebElement(WebUiCommonHelper.java:1154)
	at com.kms.katalon.core.webui.keyword.internal.WebUIAbstractKeyword.findWebElement(WebUIAbstractKeyword.groovy:27)
	at com.kms.katalon.core.webui.keyword.internal.WebUIAbstractKeyword.findWebElement(WebUIAbstractKeyword.groovy:26)
	at com.kms.katalon.core.webui.keyword.builtin.ClickKeyword$_click_closure1.doCall(ClickKeyword.groovy:67)
	at com.kms.katalon.core.webui.keyword.builtin.ClickKeyword$_click_closure1.call(ClickKeyword.groovy)
	at com.kms.katalon.core.webui.keyword.internal.WebUIKeywordMain.runKeyword(WebUIKeywordMain.groovy:20)
	... 19 more]]></system-err>
      </testcase>
      <testcase name="Test Cases/1612427/10_SetMinimum_Password" time="16.438" classname="Test Cases/1612427/10_SetMinimum_Password" status="PASSED">
         <system-out><![CDATA[2020-06-05 13:23:44 - [TEST_CASE][PASSED] - Test Cases/1612427/10_SetMinimum_Password: Test Cases/1612427/10_SetMinimum_Password

2020-06-05 13:23:44 - [TEST_STEP][PASSED] - openBrowser(""): Browser is opened with url: ''

2020-06-05 13:23:44 - [MESSAGE][WARNING] - A browser is already opened. Closing browser and opening a new one

2020-06-05 13:23:45 - [MESSAGE][INFO] - Starting 'Chrome' driver

2020-06-05 13:23:45 - [MESSAGE][INFO] - Action delay is set to 0 milliseconds

2020-06-05 13:23:48 - [MESSAGE][PASSED] - Browser is opened with url: ''

2020-06-05 13:23:48 - [TEST_STEP][PASSED] - navigateToUrl("http://localhost:8065/admin_console/user_management/users"): Navigate to 'http://localhost:8065/admin_console/user_management/users' successfully

2020-06-05 13:23:50 - [MESSAGE][PASSED] - Navigate to 'http://localhost:8065/admin_console/user_management/users' successfully

2020-06-05 13:23:50 - [TEST_STEP][PASSED] - setText(findTestObject("Object Repository/1612427/10_SetMinimun_Password/Page_Mattermost/input_All team communication in one place s_703ef5"), "hcmus-cdnc"): Text 'hcmus-cdnc' is set on object 'Object Repository/1612427/10_SetMinimun_Password/Page_Mattermost/input_All team communication in one place s_703ef5'

2020-06-05 13:23:53 - [MESSAGE][PASSED] - Text 'hcmus-cdnc' is set on object 'Object Repository/1612427/10_SetMinimun_Password/Page_Mattermost/input_All team communication in one place s_703ef5'

2020-06-05 13:23:53 - [TEST_STEP][PASSED] - setEncryptedText(findTestObject("Object Repository/1612427/10_SetMinimun_Password/Page_Mattermost/input_All team communication in one place s_2f2733"), "aeHFOx8jV/A="): Text ****** has been set on object 'Object Repository/1612427/10_SetMinimun_Password/Page_Mattermost/input_All team communication in one place s_2f2733'

2020-06-05 13:23:53 - [MESSAGE][PASSED] - Text ****** has been set on object 'Object Repository/1612427/10_SetMinimun_Password/Page_Mattermost/input_All team communication in one place s_2f2733'

2020-06-05 13:23:53 - [TEST_STEP][PASSED] - click(findTestObject("Object Repository/1612427/10_SetMinimun_Password/Page_Mattermost/button_Sign in")): Object: 'Object Repository/1612427/10_SetMinimun_Password/Page_Mattermost/button_Sign in' is clicked on

2020-06-05 13:23:54 - [MESSAGE][PASSED] - Object: 'Object Repository/1612427/10_SetMinimun_Password/Page_Mattermost/button_Sign in' is clicked on

2020-06-05 13:23:54 - [TEST_STEP][PASSED] - setText(findTestObject("Object Repository/1612427/10_SetMinimun_Password/Page_System Console - Mattermost/input_hcmus-cdnc_adminSidebarFilter"), "pass"): Text 'pass' is set on object 'Object Repository/1612427/10_SetMinimun_Password/Page_System Console - Mattermost/input_hcmus-cdnc_adminSidebarFilter'

2020-06-05 13:23:57 - [MESSAGE][PASSED] - Text 'pass' is set on object 'Object Repository/1612427/10_SetMinimun_Password/Page_System Console - Mattermost/input_hcmus-cdnc_adminSidebarFilter'

2020-06-05 13:23:57 - [TEST_STEP][PASSED] - click(findTestObject("Object Repository/1612427/10_SetMinimun_Password/Page_System Console - Mattermost/mark_Password")): Object: 'Object Repository/1612427/10_SetMinimun_Password/Page_System Console - Mattermost/mark_Password' is clicked on

2020-06-05 13:23:58 - [MESSAGE][PASSED] - Object: 'Object Repository/1612427/10_SetMinimun_Password/Page_System Console - Mattermost/mark_Password' is clicked on

2020-06-05 13:23:58 - [TEST_STEP][PASSED] - setText(findTestObject("Object Repository/1612427/10_SetMinimun_Password/Page_System Console - Mattermost/input_Password_passwordMinimumLength"), length): Text '12' is set on object 'Object Repository/1612427/10_SetMinimun_Password/Page_System Console - Mattermost/input_Password_passwordMinimumLength'

2020-06-05 13:23:59 - [MESSAGE][PASSED] - Text '12' is set on object 'Object Repository/1612427/10_SetMinimun_Password/Page_System Console - Mattermost/input_Password_passwordMinimumLength'

2020-06-05 13:23:59 - [TEST_STEP][PASSED] - click(findTestObject("Object Repository/1612427/10_SetMinimun_Password/Page_System Console - Mattermost/span_Save")): Object: 'Object Repository/1612427/10_SetMinimun_Password/Page_System Console - Mattermost/span_Save' is clicked on

2020-06-05 13:24:00 - [MESSAGE][PASSED] - Object: 'Object Repository/1612427/10_SetMinimun_Password/Page_System Console - Mattermost/span_Save' is clicked on

2020-06-05 13:24:00 - [TEST_STEP][PASSED] - closeBrowser(): Browser is closed

2020-06-05 13:24:00 - [MESSAGE][PASSED] - Browser is closed]]></system-out>
         <system-err><![CDATA[]]></system-err>
      </testcase>
      <testcase name="Test Cases/1612427/10_SetMinimum_Password" time="15.687" classname="Test Cases/1612427/10_SetMinimum_Password" status="PASSED">
         <system-out><![CDATA[2020-06-05 13:24:00 - [TEST_CASE][PASSED] - Test Cases/1612427/10_SetMinimum_Password: Test Cases/1612427/10_SetMinimum_Password

2020-06-05 13:24:00 - [TEST_STEP][PASSED] - openBrowser(""): Browser is opened with url: ''

2020-06-05 13:24:00 - [MESSAGE][INFO] - Starting 'Chrome' driver

2020-06-05 13:24:00 - [MESSAGE][INFO] - Action delay is set to 0 milliseconds

2020-06-05 13:24:04 - [MESSAGE][PASSED] - Browser is opened with url: ''

2020-06-05 13:24:04 - [TEST_STEP][PASSED] - navigateToUrl("http://localhost:8065/admin_console/user_management/users"): Navigate to 'http://localhost:8065/admin_console/user_management/users' successfully

2020-06-05 13:24:05 - [MESSAGE][PASSED] - Navigate to 'http://localhost:8065/admin_console/user_management/users' successfully

2020-06-05 13:24:05 - [TEST_STEP][PASSED] - setText(findTestObject("Object Repository/1612427/10_SetMinimun_Password/Page_Mattermost/input_All team communication in one place s_703ef5"), "hcmus-cdnc"): Text 'hcmus-cdnc' is set on object 'Object Repository/1612427/10_SetMinimun_Password/Page_Mattermost/input_All team communication in one place s_703ef5'

2020-06-05 13:24:08 - [MESSAGE][PASSED] - Text 'hcmus-cdnc' is set on object 'Object Repository/1612427/10_SetMinimun_Password/Page_Mattermost/input_All team communication in one place s_703ef5'

2020-06-05 13:24:08 - [TEST_STEP][PASSED] - setEncryptedText(findTestObject("Object Repository/1612427/10_SetMinimun_Password/Page_Mattermost/input_All team communication in one place s_2f2733"), "aeHFOx8jV/A="): Text ****** has been set on object 'Object Repository/1612427/10_SetMinimun_Password/Page_Mattermost/input_All team communication in one place s_2f2733'

2020-06-05 13:24:08 - [MESSAGE][PASSED] - Text ****** has been set on object 'Object Repository/1612427/10_SetMinimun_Password/Page_Mattermost/input_All team communication in one place s_2f2733'

2020-06-05 13:24:08 - [TEST_STEP][PASSED] - click(findTestObject("Object Repository/1612427/10_SetMinimun_Password/Page_Mattermost/button_Sign in")): Object: 'Object Repository/1612427/10_SetMinimun_Password/Page_Mattermost/button_Sign in' is clicked on

2020-06-05 13:24:09 - [MESSAGE][PASSED] - Object: 'Object Repository/1612427/10_SetMinimun_Password/Page_Mattermost/button_Sign in' is clicked on

2020-06-05 13:24:09 - [TEST_STEP][PASSED] - setText(findTestObject("Object Repository/1612427/10_SetMinimun_Password/Page_System Console - Mattermost/input_hcmus-cdnc_adminSidebarFilter"), "pass"): Text 'pass' is set on object 'Object Repository/1612427/10_SetMinimun_Password/Page_System Console - Mattermost/input_hcmus-cdnc_adminSidebarFilter'

2020-06-05 13:24:12 - [MESSAGE][PASSED] - Text 'pass' is set on object 'Object Repository/1612427/10_SetMinimun_Password/Page_System Console - Mattermost/input_hcmus-cdnc_adminSidebarFilter'

2020-06-05 13:24:12 - [TEST_STEP][PASSED] - click(findTestObject("Object Repository/1612427/10_SetMinimun_Password/Page_System Console - Mattermost/mark_Password")): Object: 'Object Repository/1612427/10_SetMinimun_Password/Page_System Console - Mattermost/mark_Password' is clicked on

2020-06-05 13:24:13 - [MESSAGE][PASSED] - Object: 'Object Repository/1612427/10_SetMinimun_Password/Page_System Console - Mattermost/mark_Password' is clicked on

2020-06-05 13:24:13 - [TEST_STEP][PASSED] - setText(findTestObject("Object Repository/1612427/10_SetMinimun_Password/Page_System Console - Mattermost/input_Password_passwordMinimumLength"), length): Text '1' is set on object 'Object Repository/1612427/10_SetMinimun_Password/Page_System Console - Mattermost/input_Password_passwordMinimumLength'

2020-06-05 13:24:14 - [MESSAGE][PASSED] - Text '1' is set on object 'Object Repository/1612427/10_SetMinimun_Password/Page_System Console - Mattermost/input_Password_passwordMinimumLength'

2020-06-05 13:24:14 - [TEST_STEP][PASSED] - click(findTestObject("Object Repository/1612427/10_SetMinimun_Password/Page_System Console - Mattermost/span_Save")): Object: 'Object Repository/1612427/10_SetMinimun_Password/Page_System Console - Mattermost/span_Save' is clicked on

2020-06-05 13:24:15 - [MESSAGE][PASSED] - Object: 'Object Repository/1612427/10_SetMinimun_Password/Page_System Console - Mattermost/span_Save' is clicked on

2020-06-05 13:24:15 - [TEST_STEP][PASSED] - closeBrowser(): Browser is closed

2020-06-05 13:24:16 - [MESSAGE][PASSED] - Browser is closed]]></system-out>
         <system-err><![CDATA[]]></system-err>
      </testcase>
      <testcase name="Test Cases/1612427/10_SetMinimum_Password" time="15.636" classname="Test Cases/1612427/10_SetMinimum_Password" status="PASSED">
         <system-out><![CDATA[2020-06-05 13:24:16 - [TEST_CASE][PASSED] - Test Cases/1612427/10_SetMinimum_Password: Test Cases/1612427/10_SetMinimum_Password

2020-06-05 13:24:16 - [TEST_STEP][PASSED] - openBrowser(""): Browser is opened with url: ''

2020-06-05 13:24:16 - [MESSAGE][INFO] - Starting 'Chrome' driver

2020-06-05 13:24:16 - [MESSAGE][INFO] - Action delay is set to 0 milliseconds

2020-06-05 13:24:20 - [MESSAGE][PASSED] - Browser is opened with url: ''

2020-06-05 13:24:20 - [TEST_STEP][PASSED] - navigateToUrl("http://localhost:8065/admin_console/user_management/users"): Navigate to 'http://localhost:8065/admin_console/user_management/users' successfully

2020-06-05 13:24:21 - [MESSAGE][PASSED] - Navigate to 'http://localhost:8065/admin_console/user_management/users' successfully

2020-06-05 13:24:21 - [TEST_STEP][PASSED] - setText(findTestObject("Object Repository/1612427/10_SetMinimun_Password/Page_Mattermost/input_All team communication in one place s_703ef5"), "hcmus-cdnc"): Text 'hcmus-cdnc' is set on object 'Object Repository/1612427/10_SetMinimun_Password/Page_Mattermost/input_All team communication in one place s_703ef5'

2020-06-05 13:24:24 - [MESSAGE][PASSED] - Text 'hcmus-cdnc' is set on object 'Object Repository/1612427/10_SetMinimun_Password/Page_Mattermost/input_All team communication in one place s_703ef5'

2020-06-05 13:24:24 - [TEST_STEP][PASSED] - setEncryptedText(findTestObject("Object Repository/1612427/10_SetMinimun_Password/Page_Mattermost/input_All team communication in one place s_2f2733"), "aeHFOx8jV/A="): Text ****** has been set on object 'Object Repository/1612427/10_SetMinimun_Password/Page_Mattermost/input_All team communication in one place s_2f2733'

2020-06-05 13:24:25 - [MESSAGE][PASSED] - Text ****** has been set on object 'Object Repository/1612427/10_SetMinimun_Password/Page_Mattermost/input_All team communication in one place s_2f2733'

2020-06-05 13:24:25 - [TEST_STEP][PASSED] - click(findTestObject("Object Repository/1612427/10_SetMinimun_Password/Page_Mattermost/button_Sign in")): Object: 'Object Repository/1612427/10_SetMinimun_Password/Page_Mattermost/button_Sign in' is clicked on

2020-06-05 13:24:25 - [MESSAGE][PASSED] - Object: 'Object Repository/1612427/10_SetMinimun_Password/Page_Mattermost/button_Sign in' is clicked on

2020-06-05 13:24:25 - [TEST_STEP][PASSED] - setText(findTestObject("Object Repository/1612427/10_SetMinimun_Password/Page_System Console - Mattermost/input_hcmus-cdnc_adminSidebarFilter"), "pass"): Text 'pass' is set on object 'Object Repository/1612427/10_SetMinimun_Password/Page_System Console - Mattermost/input_hcmus-cdnc_adminSidebarFilter'

2020-06-05 13:24:28 - [MESSAGE][PASSED] - Text 'pass' is set on object 'Object Repository/1612427/10_SetMinimun_Password/Page_System Console - Mattermost/input_hcmus-cdnc_adminSidebarFilter'

2020-06-05 13:24:28 - [TEST_STEP][PASSED] - click(findTestObject("Object Repository/1612427/10_SetMinimun_Password/Page_System Console - Mattermost/mark_Password")): Object: 'Object Repository/1612427/10_SetMinimun_Password/Page_System Console - Mattermost/mark_Password' is clicked on

2020-06-05 13:24:29 - [MESSAGE][PASSED] - Object: 'Object Repository/1612427/10_SetMinimun_Password/Page_System Console - Mattermost/mark_Password' is clicked on

2020-06-05 13:24:29 - [TEST_STEP][PASSED] - setText(findTestObject("Object Repository/1612427/10_SetMinimun_Password/Page_System Console - Mattermost/input_Password_passwordMinimumLength"), length): Text '2' is set on object 'Object Repository/1612427/10_SetMinimun_Password/Page_System Console - Mattermost/input_Password_passwordMinimumLength'

2020-06-05 13:24:30 - [MESSAGE][PASSED] - Text '2' is set on object 'Object Repository/1612427/10_SetMinimun_Password/Page_System Console - Mattermost/input_Password_passwordMinimumLength'

2020-06-05 13:24:30 - [TEST_STEP][PASSED] - click(findTestObject("Object Repository/1612427/10_SetMinimun_Password/Page_System Console - Mattermost/span_Save")): Object: 'Object Repository/1612427/10_SetMinimun_Password/Page_System Console - Mattermost/span_Save' is clicked on

2020-06-05 13:24:31 - [MESSAGE][PASSED] - Object: 'Object Repository/1612427/10_SetMinimun_Password/Page_System Console - Mattermost/span_Save' is clicked on

2020-06-05 13:24:31 - [TEST_STEP][PASSED] - closeBrowser(): Browser is closed

2020-06-05 13:24:32 - [MESSAGE][PASSED] - Browser is closed]]></system-out>
         <system-err><![CDATA[]]></system-err>
      </testcase>
      <testcase name="Test Cases/1612427/10_SetMinimum_Password" time="14.947" classname="Test Cases/1612427/10_SetMinimum_Password" status="PASSED">
         <system-out><![CDATA[2020-06-05 13:24:32 - [TEST_CASE][PASSED] - Test Cases/1612427/10_SetMinimum_Password: Test Cases/1612427/10_SetMinimum_Password

2020-06-05 13:24:32 - [TEST_STEP][PASSED] - openBrowser(""): Browser is opened with url: ''

2020-06-05 13:24:32 - [MESSAGE][INFO] - Starting 'Chrome' driver

2020-06-05 13:24:32 - [MESSAGE][INFO] - Action delay is set to 0 milliseconds

2020-06-05 13:24:35 - [MESSAGE][PASSED] - Browser is opened with url: ''

2020-06-05 13:24:35 - [TEST_STEP][PASSED] - navigateToUrl("http://localhost:8065/admin_console/user_management/users"): Navigate to 'http://localhost:8065/admin_console/user_management/users' successfully

2020-06-05 13:24:37 - [MESSAGE][PASSED] - Navigate to 'http://localhost:8065/admin_console/user_management/users' successfully

2020-06-05 13:24:37 - [TEST_STEP][PASSED] - setText(findTestObject("Object Repository/1612427/10_SetMinimun_Password/Page_Mattermost/input_All team communication in one place s_703ef5"), "hcmus-cdnc"): Text 'hcmus-cdnc' is set on object 'Object Repository/1612427/10_SetMinimun_Password/Page_Mattermost/input_All team communication in one place s_703ef5'

2020-06-05 13:24:39 - [MESSAGE][PASSED] - Text 'hcmus-cdnc' is set on object 'Object Repository/1612427/10_SetMinimun_Password/Page_Mattermost/input_All team communication in one place s_703ef5'

2020-06-05 13:24:39 - [TEST_STEP][PASSED] - setEncryptedText(findTestObject("Object Repository/1612427/10_SetMinimun_Password/Page_Mattermost/input_All team communication in one place s_2f2733"), "aeHFOx8jV/A="): Text ****** has been set on object 'Object Repository/1612427/10_SetMinimun_Password/Page_Mattermost/input_All team communication in one place s_2f2733'

2020-06-05 13:24:40 - [MESSAGE][PASSED] - Text ****** has been set on object 'Object Repository/1612427/10_SetMinimun_Password/Page_Mattermost/input_All team communication in one place s_2f2733'

2020-06-05 13:24:40 - [TEST_STEP][PASSED] - click(findTestObject("Object Repository/1612427/10_SetMinimun_Password/Page_Mattermost/button_Sign in")): Object: 'Object Repository/1612427/10_SetMinimun_Password/Page_Mattermost/button_Sign in' is clicked on

2020-06-05 13:24:40 - [MESSAGE][PASSED] - Object: 'Object Repository/1612427/10_SetMinimun_Password/Page_Mattermost/button_Sign in' is clicked on

2020-06-05 13:24:40 - [TEST_STEP][PASSED] - setText(findTestObject("Object Repository/1612427/10_SetMinimun_Password/Page_System Console - Mattermost/input_hcmus-cdnc_adminSidebarFilter"), "pass"): Text 'pass' is set on object 'Object Repository/1612427/10_SetMinimun_Password/Page_System Console - Mattermost/input_hcmus-cdnc_adminSidebarFilter'

2020-06-05 13:24:44 - [MESSAGE][PASSED] - Text 'pass' is set on object 'Object Repository/1612427/10_SetMinimun_Password/Page_System Console - Mattermost/input_hcmus-cdnc_adminSidebarFilter'

2020-06-05 13:24:44 - [TEST_STEP][PASSED] - click(findTestObject("Object Repository/1612427/10_SetMinimun_Password/Page_System Console - Mattermost/mark_Password")): Object: 'Object Repository/1612427/10_SetMinimun_Password/Page_System Console - Mattermost/mark_Password' is clicked on

2020-06-05 13:24:44 - [MESSAGE][PASSED] - Object: 'Object Repository/1612427/10_SetMinimun_Password/Page_System Console - Mattermost/mark_Password' is clicked on

2020-06-05 13:24:44 - [TEST_STEP][PASSED] - setText(findTestObject("Object Repository/1612427/10_SetMinimun_Password/Page_System Console - Mattermost/input_Password_passwordMinimumLength"), length): Text '5' is set on object 'Object Repository/1612427/10_SetMinimun_Password/Page_System Console - Mattermost/input_Password_passwordMinimumLength'

2020-06-05 13:24:45 - [MESSAGE][PASSED] - Text '5' is set on object 'Object Repository/1612427/10_SetMinimun_Password/Page_System Console - Mattermost/input_Password_passwordMinimumLength'

2020-06-05 13:24:45 - [TEST_STEP][PASSED] - click(findTestObject("Object Repository/1612427/10_SetMinimun_Password/Page_System Console - Mattermost/span_Save")): Object: 'Object Repository/1612427/10_SetMinimun_Password/Page_System Console - Mattermost/span_Save' is clicked on

2020-06-05 13:24:46 - [MESSAGE][PASSED] - Object: 'Object Repository/1612427/10_SetMinimun_Password/Page_System Console - Mattermost/span_Save' is clicked on

2020-06-05 13:24:46 - [TEST_STEP][PASSED] - closeBrowser(): Browser is closed

2020-06-05 13:24:47 - [MESSAGE][PASSED] - Browser is closed]]></system-out>
         <system-err><![CDATA[]]></system-err>
      </testcase>
      <testcase name="Test Cases/1612427/10_SetMinimum_Password" time="15.134" classname="Test Cases/1612427/10_SetMinimum_Password" status="PASSED">
         <system-out><![CDATA[2020-06-05 13:24:47 - [TEST_CASE][PASSED] - Test Cases/1612427/10_SetMinimum_Password: Test Cases/1612427/10_SetMinimum_Password

2020-06-05 13:24:47 - [TEST_STEP][PASSED] - openBrowser(""): Browser is opened with url: ''

2020-06-05 13:24:47 - [MESSAGE][INFO] - Starting 'Chrome' driver

2020-06-05 13:24:47 - [MESSAGE][INFO] - Action delay is set to 0 milliseconds

2020-06-05 13:24:50 - [MESSAGE][PASSED] - Browser is opened with url: ''

2020-06-05 13:24:50 - [TEST_STEP][PASSED] - navigateToUrl("http://localhost:8065/admin_console/user_management/users"): Navigate to 'http://localhost:8065/admin_console/user_management/users' successfully

2020-06-05 13:24:52 - [MESSAGE][PASSED] - Navigate to 'http://localhost:8065/admin_console/user_management/users' successfully

2020-06-05 13:24:52 - [TEST_STEP][PASSED] - setText(findTestObject("Object Repository/1612427/10_SetMinimun_Password/Page_Mattermost/input_All team communication in one place s_703ef5"), "hcmus-cdnc"): Text 'hcmus-cdnc' is set on object 'Object Repository/1612427/10_SetMinimun_Password/Page_Mattermost/input_All team communication in one place s_703ef5'

2020-06-05 13:24:54 - [MESSAGE][PASSED] - Text 'hcmus-cdnc' is set on object 'Object Repository/1612427/10_SetMinimun_Password/Page_Mattermost/input_All team communication in one place s_703ef5'

2020-06-05 13:24:54 - [TEST_STEP][PASSED] - setEncryptedText(findTestObject("Object Repository/1612427/10_SetMinimun_Password/Page_Mattermost/input_All team communication in one place s_2f2733"), "aeHFOx8jV/A="): Text ****** has been set on object 'Object Repository/1612427/10_SetMinimun_Password/Page_Mattermost/input_All team communication in one place s_2f2733'

2020-06-05 13:24:55 - [MESSAGE][PASSED] - Text ****** has been set on object 'Object Repository/1612427/10_SetMinimun_Password/Page_Mattermost/input_All team communication in one place s_2f2733'

2020-06-05 13:24:55 - [TEST_STEP][PASSED] - click(findTestObject("Object Repository/1612427/10_SetMinimun_Password/Page_Mattermost/button_Sign in")): Object: 'Object Repository/1612427/10_SetMinimun_Password/Page_Mattermost/button_Sign in' is clicked on

2020-06-05 13:24:55 - [MESSAGE][PASSED] - Object: 'Object Repository/1612427/10_SetMinimun_Password/Page_Mattermost/button_Sign in' is clicked on

2020-06-05 13:24:55 - [TEST_STEP][PASSED] - setText(findTestObject("Object Repository/1612427/10_SetMinimun_Password/Page_System Console - Mattermost/input_hcmus-cdnc_adminSidebarFilter"), "pass"): Text 'pass' is set on object 'Object Repository/1612427/10_SetMinimun_Password/Page_System Console - Mattermost/input_hcmus-cdnc_adminSidebarFilter'

2020-06-05 13:24:59 - [MESSAGE][PASSED] - Text 'pass' is set on object 'Object Repository/1612427/10_SetMinimun_Password/Page_System Console - Mattermost/input_hcmus-cdnc_adminSidebarFilter'

2020-06-05 13:24:59 - [TEST_STEP][PASSED] - click(findTestObject("Object Repository/1612427/10_SetMinimun_Password/Page_System Console - Mattermost/mark_Password")): Object: 'Object Repository/1612427/10_SetMinimun_Password/Page_System Console - Mattermost/mark_Password' is clicked on

2020-06-05 13:24:59 - [MESSAGE][PASSED] - Object: 'Object Repository/1612427/10_SetMinimun_Password/Page_System Console - Mattermost/mark_Password' is clicked on

2020-06-05 13:24:59 - [TEST_STEP][PASSED] - setText(findTestObject("Object Repository/1612427/10_SetMinimun_Password/Page_System Console - Mattermost/input_Password_passwordMinimumLength"), length): Text '10' is set on object 'Object Repository/1612427/10_SetMinimun_Password/Page_System Console - Mattermost/input_Password_passwordMinimumLength'

2020-06-05 13:25:00 - [MESSAGE][PASSED] - Text '10' is set on object 'Object Repository/1612427/10_SetMinimun_Password/Page_System Console - Mattermost/input_Password_passwordMinimumLength'

2020-06-05 13:25:00 - [TEST_STEP][PASSED] - click(findTestObject("Object Repository/1612427/10_SetMinimun_Password/Page_System Console - Mattermost/span_Save")): Object: 'Object Repository/1612427/10_SetMinimun_Password/Page_System Console - Mattermost/span_Save' is clicked on

2020-06-05 13:25:01 - [MESSAGE][PASSED] - Object: 'Object Repository/1612427/10_SetMinimun_Password/Page_System Console - Mattermost/span_Save' is clicked on

2020-06-05 13:25:01 - [TEST_STEP][PASSED] - closeBrowser(): Browser is closed

2020-06-05 13:25:02 - [MESSAGE][PASSED] - Browser is closed]]></system-out>
         <system-err><![CDATA[]]></system-err>
      </testcase>
      <testcase name="Test Cases/1612427/11_Notification" time="17.335" classname="Test Cases/1612427/11_Notification" status="PASSED">
         <system-out><![CDATA[2020-06-05 13:25:02 - [TEST_CASE][PASSED] - Test Cases/1612427/11_Notification: Test Cases/1612427/11_Notification

2020-06-05 13:25:02 - [TEST_STEP][PASSED] - openBrowser(""): Browser is opened with url: ''

2020-06-05 13:25:02 - [MESSAGE][INFO] - Starting 'Chrome' driver

2020-06-05 13:25:02 - [MESSAGE][INFO] - Action delay is set to 0 milliseconds

2020-06-05 13:25:05 - [MESSAGE][PASSED] - Browser is opened with url: ''

2020-06-05 13:25:05 - [TEST_STEP][PASSED] - navigateToUrl("http://localhost:8065/login"): Navigate to 'http://localhost:8065/login' successfully

2020-06-05 13:25:08 - [MESSAGE][PASSED] - Navigate to 'http://localhost:8065/login' successfully

2020-06-05 13:25:08 - [TEST_STEP][PASSED] - setText(findTestObject("Object Repository/1612427/02_ChangePassword/Page_Mattermost/input_All team communication in one place s_703ef5"), "hcmus-cdnc"): Text 'hcmus-cdnc' is set on object 'Object Repository/1612427/02_ChangePassword/Page_Mattermost/input_All team communication in one place s_703ef5'

2020-06-05 13:25:10 - [MESSAGE][PASSED] - Text 'hcmus-cdnc' is set on object 'Object Repository/1612427/02_ChangePassword/Page_Mattermost/input_All team communication in one place s_703ef5'

2020-06-05 13:25:10 - [TEST_STEP][PASSED] - setEncryptedText(findTestObject("Object Repository/1612427/02_ChangePassword/Page_Mattermost/input_All team communication in one place s_2f2733"), "aeHFOx8jV/A="): Text ****** has been set on object 'Object Repository/1612427/02_ChangePassword/Page_Mattermost/input_All team communication in one place s_2f2733'

2020-06-05 13:25:10 - [MESSAGE][PASSED] - Text ****** has been set on object 'Object Repository/1612427/02_ChangePassword/Page_Mattermost/input_All team communication in one place s_2f2733'

2020-06-05 13:25:10 - [TEST_STEP][PASSED] - click(findTestObject("Object Repository/1612427/02_ChangePassword/Page_Mattermost/span_Sign in")): Object: 'Object Repository/1612427/02_ChangePassword/Page_Mattermost/span_Sign in' is clicked on

2020-06-05 13:25:11 - [MESSAGE][PASSED] - Object: 'Object Repository/1612427/02_ChangePassword/Page_Mattermost/span_Sign in' is clicked on

2020-06-05 13:25:11 - [TEST_STEP][PASSED] - click(findTestObject("Object Repository/1612427/02_ChangePassword/Page_Town Square - minus Mattermost/span")): Object: 'Object Repository/1612427/02_ChangePassword/Page_Town Square - minus Mattermost/span' is clicked on

2020-06-05 13:25:14 - [MESSAGE][PASSED] - Object: 'Object Repository/1612427/02_ChangePassword/Page_Town Square - minus Mattermost/span' is clicked on

2020-06-05 13:25:14 - [TEST_STEP][PASSED] - click(findTestObject("Object Repository/1612427/02_ChangePassword/Page_Town Square - minus Mattermost/span_Account Settings")): Object: 'Object Repository/1612427/02_ChangePassword/Page_Town Square - minus Mattermost/span_Account Settings' is clicked on

2020-06-05 13:25:16 - [MESSAGE][PASSED] - Object: 'Object Repository/1612427/02_ChangePassword/Page_Town Square - minus Mattermost/span_Account Settings' is clicked on

2020-06-05 13:25:16 - [TEST_STEP][PASSED] - click(findTestObject("Object Repository/1612427/11_Notification/Page_Town Square - minus Mattermost/button_Notifications")): Object: 'Object Repository/1612427/11_Notification/Page_Town Square - minus Mattermost/button_Notifications' is clicked on

2020-06-05 13:25:16 - [MESSAGE][PASSED] - Object: 'Object Repository/1612427/11_Notification/Page_Town Square - minus Mattermost/button_Notifications' is clicked on

2020-06-05 13:25:16 - [TEST_STEP][PASSED] - click(findTestObject("Object Repository/1612427/11_Notification/Page_Town Square - minus Mattermost/span_Edit")): Object: 'Object Repository/1612427/11_Notification/Page_Town Square - minus Mattermost/span_Edit' is clicked on

2020-06-05 13:25:17 - [MESSAGE][PASSED] - Object: 'Object Repository/1612427/11_Notification/Page_Town Square - minus Mattermost/span_Edit' is clicked on

2020-06-05 13:25:17 - [TEST_STEP][PASSED] - if (findTestObject("Object Repository/1612427/11_Notification/Page_Town Square - minus Mattermost/label_Never")): Object: 'Object Repository/1612427/11_Notification/Page_Town Square - minus Mattermost/label_Never' is clicked on

2020-06-05 13:25:17 - [TEST_STEP][PASSED] - click(findTestObject("Object Repository/1612427/11_Notification/Page_Town Square - minus Mattermost/label_Never")): Object: 'Object Repository/1612427/11_Notification/Page_Town Square - minus Mattermost/label_Never' is clicked on

2020-06-05 13:25:18 - [MESSAGE][PASSED] - Object: 'Object Repository/1612427/11_Notification/Page_Town Square - minus Mattermost/label_Never' is clicked on

2020-06-05 13:25:18 - [TEST_STEP][PASSED] - if (findTestObject("Object Repository/1612427/11_Notification/Page_Town Square - minus Mattermost/label_Only for mentions and direct messages")): Test object with id 'Object Repository/1612427/11_Notification/Page_Town Square - minus Mattermost/label_Only for mentions and direct messages' does not exist

2020-06-05 13:25:18 - [MESSAGE][WARNING] - Test object with id 'Object Repository/1612427/11_Notification/Page_Town Square - minus Mattermost/label_Only for mentions and direct messages' does not exist

2020-06-05 13:25:18 - [TEST_STEP][PASSED] - click(findTestObject("Object Repository/1612427/11_Notification/Page_Town Square - minus Mattermost/span_Save")): Object: 'Object Repository/1612427/11_Notification/Page_Town Square - minus Mattermost/span_Save' is clicked on

2020-06-05 13:25:18 - [MESSAGE][PASSED] - Object: 'Object Repository/1612427/11_Notification/Page_Town Square - minus Mattermost/span_Save' is clicked on

2020-06-05 13:25:18 - [TEST_STEP][PASSED] - closeBrowser(): Browser is closed

2020-06-05 13:25:19 - [MESSAGE][PASSED] - Browser is closed]]></system-out>
         <system-err><![CDATA[]]></system-err>
      </testcase>
      <testcase name="Test Cases/1612427/12_Create_Channel" time="19.697" classname="Test Cases/1612427/12_Create_Channel" status="PASSED">
         <system-out><![CDATA[2020-06-05 13:25:19 - [TEST_CASE][PASSED] - Test Cases/1612427/12_Create_Channel: Test Cases/1612427/12_Create_Channel

2020-06-05 13:25:20 - [TEST_STEP][PASSED] - openBrowser(""): Browser is opened with url: ''

2020-06-05 13:25:20 - [MESSAGE][INFO] - Starting 'Chrome' driver

2020-06-05 13:25:20 - [MESSAGE][INFO] - Action delay is set to 0 milliseconds

2020-06-05 13:25:23 - [MESSAGE][PASSED] - Browser is opened with url: ''

2020-06-05 13:25:23 - [TEST_STEP][PASSED] - setViewPortSize(1600, 1500): Viewport is set to new size with width = 1600 and height = 1500

2020-06-05 13:25:25 - [MESSAGE][PASSED] - Viewport is set to new size with width = 1600 and height = 1500

2020-06-05 13:25:25 - [TEST_STEP][PASSED] - navigateToUrl("http://localhost:8065/reiciendis-0/channels/town-square"): Navigate to 'http://localhost:8065/reiciendis-0/channels/town-square' successfully

2020-06-05 13:25:27 - [MESSAGE][PASSED] - Navigate to 'http://localhost:8065/reiciendis-0/channels/town-square' successfully

2020-06-05 13:25:27 - [TEST_STEP][PASSED] - setText(findTestObject("Object Repository/1612427/12_Create_Channel/Page_Mattermost/input_All team communication in one place s_703ef5"), "hcmus-cdnc"): Text 'hcmus-cdnc' is set on object 'Object Repository/1612427/12_Create_Channel/Page_Mattermost/input_All team communication in one place s_703ef5'

2020-06-05 13:25:30 - [MESSAGE][PASSED] - Text 'hcmus-cdnc' is set on object 'Object Repository/1612427/12_Create_Channel/Page_Mattermost/input_All team communication in one place s_703ef5'

2020-06-05 13:25:30 - [TEST_STEP][PASSED] - setEncryptedText(findTestObject("Object Repository/1612427/12_Create_Channel/Page_Mattermost/input_All team communication in one place s_2f2733"), "aeHFOx8jV/A="): Text ****** has been set on object 'Object Repository/1612427/12_Create_Channel/Page_Mattermost/input_All team communication in one place s_2f2733'

2020-06-05 13:25:30 - [MESSAGE][PASSED] - Text ****** has been set on object 'Object Repository/1612427/12_Create_Channel/Page_Mattermost/input_All team communication in one place s_2f2733'

2020-06-05 13:25:30 - [TEST_STEP][PASSED] - click(findTestObject("Object Repository/1612427/12_Create_Channel/Page_Mattermost/span_Sign in")): Object: 'Object Repository/1612427/12_Create_Channel/Page_Mattermost/span_Sign in' is clicked on

2020-06-05 13:25:31 - [MESSAGE][PASSED] - Object: 'Object Repository/1612427/12_Create_Channel/Page_Mattermost/span_Sign in' is clicked on

2020-06-05 13:25:31 - [TEST_STEP][PASSED] - click(findTestObject("Object Repository/1612427/12_Create_Channel/Page_Town Square - minus Mattermost/span_")): Object: 'Object Repository/1612427/12_Create_Channel/Page_Town Square - minus Mattermost/span_' is clicked on

2020-06-05 13:25:34 - [MESSAGE][PASSED] - Object: 'Object Repository/1612427/12_Create_Channel/Page_Town Square - minus Mattermost/span_' is clicked on

2020-06-05 13:25:34 - [TEST_STEP][PASSED] - setText(findTestObject("Object Repository/1612427/12_Create_Channel/Page_Town Square - minus Mattermost/input_Name_newChannelName"), "general"): Text 'general' is set on object 'Object Repository/1612427/12_Create_Channel/Page_Town Square - minus Mattermost/input_Name_newChannelName'

2020-06-05 13:25:35 - [MESSAGE][PASSED] - Text 'general' is set on object 'Object Repository/1612427/12_Create_Channel/Page_Town Square - minus Mattermost/input_Name_newChannelName'

2020-06-05 13:25:35 - [TEST_STEP][PASSED] - click(findTestObject("Object Repository/1612427/12_Create_Channel/Page_Town Square - minus Mattermost/span_Create Channel")): Object: 'Object Repository/1612427/12_Create_Channel/Page_Town Square - minus Mattermost/span_Create Channel' is clicked on

2020-06-05 13:25:36 - [MESSAGE][PASSED] - Object: 'Object Repository/1612427/12_Create_Channel/Page_Town Square - minus Mattermost/span_Create Channel' is clicked on

2020-06-05 13:25:36 - [TEST_STEP][PASSED] - if (findTestObject("Object Repository/1612427/12_Create_Channel/Page_Town Square - minus Mattermost/p_A channel with that name already exists o_b26172")): Text 'general1' is set on object 'Object Repository/1612427/12_Create_Channel/Page_Town Square - minus Mattermost/input_httplocis-0channels_form-control'

2020-06-05 13:25:36 - [TEST_STEP][PASSED] - click(findTestObject("Object Repository/1612427/12_Create_Channel/Page_Town Square - minus Mattermost/span_Edit")): Object: 'Object Repository/1612427/12_Create_Channel/Page_Town Square - minus Mattermost/span_Edit' is clicked on

2020-06-05 13:25:36 - [MESSAGE][PASSED] - Object: 'Object Repository/1612427/12_Create_Channel/Page_Town Square - minus Mattermost/span_Edit' is clicked on

2020-06-05 13:25:36 - [TEST_STEP][PASSED] - setText(findTestObject("Object Repository/1612427/12_Create_Channel/Page_Town Square - minus Mattermost/input_httplocis-0channels_form-control"), "general1"): Text 'general1' is set on object 'Object Repository/1612427/12_Create_Channel/Page_Town Square - minus Mattermost/input_httplocis-0channels_form-control'

2020-06-05 13:25:38 - [MESSAGE][PASSED] - Text 'general1' is set on object 'Object Repository/1612427/12_Create_Channel/Page_Town Square - minus Mattermost/input_httplocis-0channels_form-control'

2020-06-05 13:25:38 - [TEST_STEP][PASSED] - closeBrowser(): Browser is closed

2020-06-05 13:25:39 - [MESSAGE][PASSED] - Browser is closed]]></system-out>
         <system-err><![CDATA[]]></system-err>
      </testcase>
      <testcase name="Test Cases/1612427/13_UnmuteChannel" time="14.2" classname="Test Cases/1612427/13_UnmuteChannel" status="PASSED">
         <system-out><![CDATA[2020-06-05 13:25:39 - [TEST_CASE][PASSED] - Test Cases/1612427/13_UnmuteChannel: Test Cases/1612427/13_UnmuteChannel

2020-06-05 13:25:39 - [TEST_STEP][PASSED] - openBrowser(""): Browser is opened with url: ''

2020-06-05 13:25:39 - [MESSAGE][INFO] - Starting 'Chrome' driver

2020-06-05 13:25:39 - [MESSAGE][INFO] - Action delay is set to 0 milliseconds

2020-06-05 13:25:43 - [MESSAGE][PASSED] - Browser is opened with url: ''

2020-06-05 13:25:43 - [TEST_STEP][PASSED] - navigateToUrl("http://localhost:8065/login"): Navigate to 'http://localhost:8065/login' successfully

2020-06-05 13:25:45 - [MESSAGE][PASSED] - Navigate to 'http://localhost:8065/login' successfully

2020-06-05 13:25:45 - [TEST_STEP][PASSED] - setText(findTestObject("Object Repository/1612427/13_UnmuteChannel/Page_Mattermost/input_All team communication in one place s_703ef5"), "hcmus-cdnc"): Text 'hcmus-cdnc' is set on object 'Object Repository/1612427/13_UnmuteChannel/Page_Mattermost/input_All team communication in one place s_703ef5'

2020-06-05 13:25:46 - [MESSAGE][PASSED] - Text 'hcmus-cdnc' is set on object 'Object Repository/1612427/13_UnmuteChannel/Page_Mattermost/input_All team communication in one place s_703ef5'

2020-06-05 13:25:46 - [TEST_STEP][PASSED] - setEncryptedText(findTestObject("Object Repository/1612427/13_UnmuteChannel/Page_Mattermost/input_All team communication in one place s_2f2733"), "aeHFOx8jV/A="): Text ****** has been set on object 'Object Repository/1612427/13_UnmuteChannel/Page_Mattermost/input_All team communication in one place s_2f2733'

2020-06-05 13:25:47 - [MESSAGE][PASSED] - Text ****** has been set on object 'Object Repository/1612427/13_UnmuteChannel/Page_Mattermost/input_All team communication in one place s_2f2733'

2020-06-05 13:25:47 - [TEST_STEP][PASSED] - click(findTestObject("Object Repository/1612427/13_UnmuteChannel/Page_Mattermost/span_Sign in")): Object: 'Object Repository/1612427/13_UnmuteChannel/Page_Mattermost/span_Sign in' is clicked on

2020-06-05 13:25:48 - [MESSAGE][PASSED] - Object: 'Object Repository/1612427/13_UnmuteChannel/Page_Mattermost/span_Sign in' is clicked on

2020-06-05 13:25:48 - [TEST_STEP][PASSED] - click(findTestObject("Object Repository/1612427/13_UnmuteChannel/Page_Town Square - minus Mattermost/span_Town Square_channelHeaderDropdownIcon")): Object: 'Object Repository/1612427/13_UnmuteChannel/Page_Town Square - minus Mattermost/span_Town Square_channelHeaderDropdownIcon' is clicked on

2020-06-05 13:25:51 - [MESSAGE][PASSED] - Object: 'Object Repository/1612427/13_UnmuteChannel/Page_Town Square - minus Mattermost/span_Town Square_channelHeaderDropdownIcon' is clicked on

2020-06-05 13:25:51 - [TEST_STEP][PASSED] - click(findTestObject("Object Repository/1612427/13_UnmuteChannel/Page_Town Square - minus Mattermost/span_Mute Channel")): Object: 'Object Repository/1612427/13_UnmuteChannel/Page_Town Square - minus Mattermost/span_Mute Channel' is clicked on

2020-06-05 13:25:52 - [MESSAGE][PASSED] - Object: 'Object Repository/1612427/13_UnmuteChannel/Page_Town Square - minus Mattermost/span_Mute Channel' is clicked on

2020-06-05 13:25:52 - [TEST_STEP][PASSED] - if (findTestObject("Object Repository/1612427/13_UnmuteChannel/Page_Town Square - minus Mattermost/i_Town Square_icon fa fa-bell-slash-o")): Object: 'Object Repository/1612427/13_UnmuteChannel/Page_Town Square - minus Mattermost/i_Town Square_icon fa fa-bell-slash-o' is clicked on

2020-06-05 13:25:52 - [TEST_STEP][PASSED] - click(findTestObject("Object Repository/1612427/13_UnmuteChannel/Page_Town Square - minus Mattermost/i_Town Square_icon fa fa-bell-slash-o")): Object: 'Object Repository/1612427/13_UnmuteChannel/Page_Town Square - minus Mattermost/i_Town Square_icon fa fa-bell-slash-o' is clicked on

2020-06-05 13:25:53 - [MESSAGE][PASSED] - Object: 'Object Repository/1612427/13_UnmuteChannel/Page_Town Square - minus Mattermost/i_Town Square_icon fa fa-bell-slash-o' is clicked on

2020-06-05 13:25:53 - [TEST_STEP][PASSED] - closeBrowser(): Browser is closed

2020-06-05 13:25:53 - [MESSAGE][PASSED] - Browser is closed]]></system-out>
         <system-err><![CDATA[]]></system-err>
      </testcase>
      <testcase name="Test Cases/1612427/14_Hide_PinPosts" time="58.294" classname="Test Cases/1612427/14_Hide_PinPosts" status="FAILED">
         <failure type="FAILED" message="Test Cases/1612427/14_Hide_PinPosts FAILED.
Reason:
com.kms.katalon.core.exception.StepFailedException: Unable to click on object 'Object Repository/1612427/14_Hide_PinPosts/Page_Town Square - minus Mattermost/svg'
	at com.kms.katalon.core.webui.keyword.internal.WebUIKeywordMain.stepFailed(WebUIKeywordMain.groovy:64)
	at com.kms.katalon.core.webui.keyword.internal.WebUIKeywordMain.runKeyword(WebUIKeywordMain.groovy:26)
	at com.kms.katalon.core.webui.keyword.builtin.ClickKeyword.click(ClickKeyword.groovy:76)
	at com.kms.katalon.core.webui.keyword.builtin.ClickKeyword.execute(ClickKeyword.groovy:43)
	at com.kms.katalon.core.keyword.internal.KeywordExecutor.executeKeywordForPlatform(KeywordExecutor.groovy:72)
	at com.kms.katalon.core.webui.keyword.WebUiBuiltInKeywords.click(WebUiBuiltInKeywords.groovy:616)
	at com.kms.katalon.core.webui.keyword.WebUiBuiltInKeywords$click$3.call(Unknown Source)
	at 14_Hide_PinPosts.run(14_Hide_PinPosts:31)
	at com.kms.katalon.core.main.ScriptEngine.run(ScriptEngine.java:194)
	at com.kms.katalon.core.main.ScriptEngine.runScriptAsRawText(ScriptEngine.java:119)
	at com.kms.katalon.core.main.TestCaseExecutor.runScript(TestCaseExecutor.java:337)
	at com.kms.katalon.core.main.TestCaseExecutor.doExecute(TestCaseExecutor.java:328)
	at com.kms.katalon.core.main.TestCaseExecutor.processExecutionPhase(TestCaseExecutor.java:307)
	at com.kms.katalon.core.main.TestCaseExecutor.accessMainPhase(TestCaseExecutor.java:299)
	at com.kms.katalon.core.main.TestCaseExecutor.execute(TestCaseExecutor.java:233)
	at com.kms.katalon.core.main.TestSuiteExecutor.accessTestCaseMainPhase(TestSuiteExecutor.java:169)
	at com.kms.katalon.core.main.TestSuiteExecutor.accessTestSuiteMainPhase(TestSuiteExecutor.java:142)
	at com.kms.katalon.core.main.TestSuiteExecutor.execute(TestSuiteExecutor.java:91)
	at com.kms.katalon.core.main.TestCaseMain.startTestSuite(TestCaseMain.java:157)
	at com.kms.katalon.core.main.TestCaseMain$startTestSuite$0.call(Unknown Source)
	at TempTestSuite1591337386301.run(TempTestSuite1591337386301.groovy:37)
Caused by: com.kms.katalon.core.webui.exception.WebElementNotFoundException: Web element with id: 'Object Repository/1612427/14_Hide_PinPosts/Page_Town Square - minus Mattermost/svg' located by 'By.xpath: (.//*[normalize-space(text()) and normalize-space(.)='(Edit)'])[1]/following::*[name()='svg'][2]' not found
	at com.kms.katalon.core.webui.common.WebUiCommonHelper.findWebElement(WebUiCommonHelper.java:1154)
	at com.kms.katalon.core.webui.keyword.internal.WebUIAbstractKeyword.findWebElement(WebUIAbstractKeyword.groovy:27)
	at com.kms.katalon.core.webui.keyword.internal.WebUIAbstractKeyword.findWebElement(WebUIAbstractKeyword.groovy:26)
	at com.kms.katalon.core.webui.keyword.builtin.ClickKeyword$_click_closure1.doCall(ClickKeyword.groovy:67)
	at com.kms.katalon.core.webui.keyword.builtin.ClickKeyword$_click_closure1.call(ClickKeyword.groovy)
	at com.kms.katalon.core.webui.keyword.internal.WebUIKeywordMain.runKeyword(WebUIKeywordMain.groovy:20)
	... 19 more
"/>
         <system-out><![CDATA[2020-06-05 13:25:53 - [TEST_CASE][FAILED] - Test Cases/1612427/14_Hide_PinPosts: Test Cases/1612427/14_Hide_PinPosts FAILED.
Reason:
com.kms.katalon.core.exception.StepFailedException: Unable to click on object 'Object Repository/1612427/14_Hide_PinPosts/Page_Town Square - minus Mattermost/svg'
	at com.kms.katalon.core.webui.keyword.internal.WebUIKeywordMain.stepFailed(WebUIKeywordMain.groovy:64)
	at com.kms.katalon.core.webui.keyword.internal.WebUIKeywordMain.runKeyword(WebUIKeywordMain.groovy:26)
	at com.kms.katalon.core.webui.keyword.builtin.ClickKeyword.click(ClickKeyword.groovy:76)
	at com.kms.katalon.core.webui.keyword.builtin.ClickKeyword.execute(ClickKeyword.groovy:43)
	at com.kms.katalon.core.keyword.internal.KeywordExecutor.executeKeywordForPlatform(KeywordExecutor.groovy:72)
	at com.kms.katalon.core.webui.keyword.WebUiBuiltInKeywords.click(WebUiBuiltInKeywords.groovy:616)
	at com.kms.katalon.core.webui.keyword.WebUiBuiltInKeywords$click$3.call(Unknown Source)
	at 14_Hide_PinPosts.run(14_Hide_PinPosts:31)
	at com.kms.katalon.core.main.ScriptEngine.run(ScriptEngine.java:194)
	at com.kms.katalon.core.main.ScriptEngine.runScriptAsRawText(ScriptEngine.java:119)
	at com.kms.katalon.core.main.TestCaseExecutor.runScript(TestCaseExecutor.java:337)
	at com.kms.katalon.core.main.TestCaseExecutor.doExecute(TestCaseExecutor.java:328)
	at com.kms.katalon.core.main.TestCaseExecutor.processExecutionPhase(TestCaseExecutor.java:307)
	at com.kms.katalon.core.main.TestCaseExecutor.accessMainPhase(TestCaseExecutor.java:299)
	at com.kms.katalon.core.main.TestCaseExecutor.execute(TestCaseExecutor.java:233)
	at com.kms.katalon.core.main.TestSuiteExecutor.accessTestCaseMainPhase(TestSuiteExecutor.java:169)
	at com.kms.katalon.core.main.TestSuiteExecutor.accessTestSuiteMainPhase(TestSuiteExecutor.java:142)
	at com.kms.katalon.core.main.TestSuiteExecutor.execute(TestSuiteExecutor.java:91)
	at com.kms.katalon.core.main.TestCaseMain.startTestSuite(TestCaseMain.java:157)
	at com.kms.katalon.core.main.TestCaseMain$startTestSuite$0.call(Unknown Source)
	at TempTestSuite1591337386301.run(TempTestSuite1591337386301.groovy:37)
Caused by: com.kms.katalon.core.webui.exception.WebElementNotFoundException: Web element with id: 'Object Repository/1612427/14_Hide_PinPosts/Page_Town Square - minus Mattermost/svg' located by 'By.xpath: (.//*[normalize-space(text()) and normalize-space(.)='(Edit)'])[1]/following::*[name()='svg'][2]' not found
	at com.kms.katalon.core.webui.common.WebUiCommonHelper.findWebElement(WebUiCommonHelper.java:1154)
	at com.kms.katalon.core.webui.keyword.internal.WebUIAbstractKeyword.findWebElement(WebUIAbstractKeyword.groovy:27)
	at com.kms.katalon.core.webui.keyword.internal.WebUIAbstractKeyword.findWebElement(WebUIAbstractKeyword.groovy:26)
	at com.kms.katalon.core.webui.keyword.builtin.ClickKeyword$_click_closure1.doCall(ClickKeyword.groovy:67)
	at com.kms.katalon.core.webui.keyword.builtin.ClickKeyword$_click_closure1.call(ClickKeyword.groovy)
	at com.kms.katalon.core.webui.keyword.internal.WebUIKeywordMain.runKeyword(WebUIKeywordMain.groovy:20)
	... 19 more


2020-06-05 13:25:54 - [TEST_STEP][PASSED] - openBrowser(""): Browser is opened with url: ''

2020-06-05 13:25:54 - [MESSAGE][INFO] - Starting 'Chrome' driver

2020-06-05 13:25:54 - [MESSAGE][INFO] - Action delay is set to 0 milliseconds

2020-06-05 13:25:57 - [MESSAGE][PASSED] - Browser is opened with url: ''

2020-06-05 13:25:57 - [TEST_STEP][PASSED] - navigateToUrl("http://localhost:8065/login"): Navigate to 'http://localhost:8065/login' successfully

2020-06-05 13:25:59 - [MESSAGE][PASSED] - Navigate to 'http://localhost:8065/login' successfully

2020-06-05 13:25:59 - [TEST_STEP][PASSED] - setText(findTestObject("Object Repository/1612427/14_Hide_PinPosts/Page_Mattermost/input_All team communication in one place s_703ef5"), "hcmus-cdnc"): Text 'hcmus-cdnc' is set on object 'Object Repository/1612427/14_Hide_PinPosts/Page_Mattermost/input_All team communication in one place s_703ef5'

2020-06-05 13:26:01 - [MESSAGE][PASSED] - Text 'hcmus-cdnc' is set on object 'Object Repository/1612427/14_Hide_PinPosts/Page_Mattermost/input_All team communication in one place s_703ef5'

2020-06-05 13:26:01 - [TEST_STEP][PASSED] - setEncryptedText(findTestObject("Object Repository/1612427/14_Hide_PinPosts/Page_Mattermost/input_All team communication in one place s_2f2733"), "aeHFOx8jV/A="): Text ****** has been set on object 'Object Repository/1612427/14_Hide_PinPosts/Page_Mattermost/input_All team communication in one place s_2f2733'

2020-06-05 13:26:01 - [MESSAGE][PASSED] - Text ****** has been set on object 'Object Repository/1612427/14_Hide_PinPosts/Page_Mattermost/input_All team communication in one place s_2f2733'

2020-06-05 13:26:01 - [TEST_STEP][PASSED] - click(findTestObject("Object Repository/1612427/14_Hide_PinPosts/Page_Mattermost/span_Sign in")): Object: 'Object Repository/1612427/14_Hide_PinPosts/Page_Mattermost/span_Sign in' is clicked on

2020-06-05 13:26:02 - [MESSAGE][PASSED] - Object: 'Object Repository/1612427/14_Hide_PinPosts/Page_Mattermost/span_Sign in' is clicked on

2020-06-05 13:26:02 - [TEST_STEP][FAILED] - click(findTestObject("Object Repository/1612427/14_Hide_PinPosts/Page_Town Square - minus Mattermost/svg")): Unable to click on object 'Object Repository/1612427/14_Hide_PinPosts/Page_Town Square - minus Mattermost/svg' (Root cause: com.kms.katalon.core.exception.StepFailedException: Unable to click on object 'Object Repository/1612427/14_Hide_PinPosts/Page_Town Square - minus Mattermost/svg'
	at com.kms.katalon.core.webui.keyword.internal.WebUIKeywordMain.stepFailed(WebUIKeywordMain.groovy:64)
	at com.kms.katalon.core.webui.keyword.internal.WebUIKeywordMain.runKeyword(WebUIKeywordMain.groovy:26)
	at com.kms.katalon.core.webui.keyword.builtin.ClickKeyword.click(ClickKeyword.groovy:76)
	at com.kms.katalon.core.webui.keyword.builtin.ClickKeyword.execute(ClickKeyword.groovy:43)
	at com.kms.katalon.core.keyword.internal.KeywordExecutor.executeKeywordForPlatform(KeywordExecutor.groovy:72)
	at com.kms.katalon.core.webui.keyword.WebUiBuiltInKeywords.click(WebUiBuiltInKeywords.groovy:616)
	at com.kms.katalon.core.webui.keyword.WebUiBuiltInKeywords$click$3.call(Unknown Source)
	at 14_Hide_PinPosts.run(14_Hide_PinPosts:31)
	at com.kms.katalon.core.main.ScriptEngine.run(ScriptEngine.java:194)
	at com.kms.katalon.core.main.ScriptEngine.runScriptAsRawText(ScriptEngine.java:119)
	at com.kms.katalon.core.main.TestCaseExecutor.runScript(TestCaseExecutor.java:337)
	at com.kms.katalon.core.main.TestCaseExecutor.doExecute(TestCaseExecutor.java:328)
	at com.kms.katalon.core.main.TestCaseExecutor.processExecutionPhase(TestCaseExecutor.java:307)
	at com.kms.katalon.core.main.TestCaseExecutor.accessMainPhase(TestCaseExecutor.java:299)
	at com.kms.katalon.core.main.TestCaseExecutor.execute(TestCaseExecutor.java:233)
	at com.kms.katalon.core.main.TestSuiteExecutor.accessTestCaseMainPhase(TestSuiteExecutor.java:169)
	at com.kms.katalon.core.main.TestSuiteExecutor.accessTestSuiteMainPhase(TestSuiteExecutor.java:142)
	at com.kms.katalon.core.main.TestSuiteExecutor.execute(TestSuiteExecutor.java:91)
	at com.kms.katalon.core.main.TestCaseMain.startTestSuite(TestCaseMain.java:157)
	at com.kms.katalon.core.main.TestCaseMain$startTestSuite$0.call(Unknown Source)
	at TempTestSuite1591337386301.run(TempTestSuite1591337386301.groovy:37)
Caused by: com.kms.katalon.core.webui.exception.WebElementNotFoundException: Web element with id: 'Object Repository/1612427/14_Hide_PinPosts/Page_Town Square - minus Mattermost/svg' located by 'By.xpath: (.//*[normalize-space(text()) and normalize-space(.)='(Edit)'])[1]/following::*[name()='svg'][2]' not found
	at com.kms.katalon.core.webui.common.WebUiCommonHelper.findWebElement(WebUiCommonHelper.java:1154)
	at com.kms.katalon.core.webui.keyword.internal.WebUIAbstractKeyword.findWebElement(WebUIAbstractKeyword.groovy:27)
	at com.kms.katalon.core.webui.keyword.internal.WebUIAbstractKeyword.findWebElement(WebUIAbstractKeyword.groovy:26)
	at com.kms.katalon.core.webui.keyword.builtin.ClickKeyword$_click_closure1.doCall(ClickKeyword.groovy:67)
	at com.kms.katalon.core.webui.keyword.builtin.ClickKeyword$_click_closure1.call(ClickKeyword.groovy)
	at com.kms.katalon.core.webui.keyword.internal.WebUIKeywordMain.runKeyword(WebUIKeywordMain.groovy:20)
	at com.kms.katalon.core.webui.keyword.builtin.ClickKeyword.click(ClickKeyword.groovy:76)
	at com.kms.katalon.core.webui.keyword.builtin.ClickKeyword.execute(ClickKeyword.groovy:43)
	at com.kms.katalon.core.keyword.internal.KeywordExecutor.executeKeywordForPlatform(KeywordExecutor.groovy:72)
	at com.kms.katalon.core.webui.keyword.WebUiBuiltInKeywords.click(WebUiBuiltInKeywords.groovy:616)
	at com.kms.katalon.core.webui.keyword.WebUiBuiltInKeywords$click$3.call(Unknown Source)
	at Script1591099422326.run(Script1591099422326.groovy:31)
	... 13 more
)

2020-06-05 13:26:50 - [MESSAGE][INFO] - Unable to find the element located by 'By.xpath: (.//*[normalize-space(text()) and normalize-space(.)='(Edit)'])[1]/following::*[name()='svg'][2]'. Please recheck the objects properties to make sure the desired element is located. 

2020-06-05 13:26:52 - [MESSAGE][FAILED] - Unable to click on object 'Object Repository/1612427/14_Hide_PinPosts/Page_Town Square - minus Mattermost/svg' (Root cause: com.kms.katalon.core.exception.StepFailedException: Unable to click on object 'Object Repository/1612427/14_Hide_PinPosts/Page_Town Square - minus Mattermost/svg'
	at com.kms.katalon.core.webui.keyword.internal.WebUIKeywordMain.stepFailed(WebUIKeywordMain.groovy:64)
	at com.kms.katalon.core.webui.keyword.internal.WebUIKeywordMain.runKeyword(WebUIKeywordMain.groovy:26)
	at com.kms.katalon.core.webui.keyword.builtin.ClickKeyword.click(ClickKeyword.groovy:76)
	at com.kms.katalon.core.webui.keyword.builtin.ClickKeyword.execute(ClickKeyword.groovy:43)
	at com.kms.katalon.core.keyword.internal.KeywordExecutor.executeKeywordForPlatform(KeywordExecutor.groovy:72)
	at com.kms.katalon.core.webui.keyword.WebUiBuiltInKeywords.click(WebUiBuiltInKeywords.groovy:616)
	at com.kms.katalon.core.webui.keyword.WebUiBuiltInKeywords$click$3.call(Unknown Source)
	at 14_Hide_PinPosts.run(14_Hide_PinPosts:31)
	at com.kms.katalon.core.main.ScriptEngine.run(ScriptEngine.java:194)
	at com.kms.katalon.core.main.ScriptEngine.runScriptAsRawText(ScriptEngine.java:119)
	at com.kms.katalon.core.main.TestCaseExecutor.runScript(TestCaseExecutor.java:337)
	at com.kms.katalon.core.main.TestCaseExecutor.doExecute(TestCaseExecutor.java:328)
	at com.kms.katalon.core.main.TestCaseExecutor.processExecutionPhase(TestCaseExecutor.java:307)
	at com.kms.katalon.core.main.TestCaseExecutor.accessMainPhase(TestCaseExecutor.java:299)
	at com.kms.katalon.core.main.TestCaseExecutor.execute(TestCaseExecutor.java:233)
	at com.kms.katalon.core.main.TestSuiteExecutor.accessTestCaseMainPhase(TestSuiteExecutor.java:169)
	at com.kms.katalon.core.main.TestSuiteExecutor.accessTestSuiteMainPhase(TestSuiteExecutor.java:142)
	at com.kms.katalon.core.main.TestSuiteExecutor.execute(TestSuiteExecutor.java:91)
	at com.kms.katalon.core.main.TestCaseMain.startTestSuite(TestCaseMain.java:157)
	at com.kms.katalon.core.main.TestCaseMain$startTestSuite$0.call(Unknown Source)
	at TempTestSuite1591337386301.run(TempTestSuite1591337386301.groovy:37)
Caused by: com.kms.katalon.core.webui.exception.WebElementNotFoundException: Web element with id: 'Object Repository/1612427/14_Hide_PinPosts/Page_Town Square - minus Mattermost/svg' located by 'By.xpath: (.//*[normalize-space(text()) and normalize-space(.)='(Edit)'])[1]/following::*[name()='svg'][2]' not found
	at com.kms.katalon.core.webui.common.WebUiCommonHelper.findWebElement(WebUiCommonHelper.java:1154)
	at com.kms.katalon.core.webui.keyword.internal.WebUIAbstractKeyword.findWebElement(WebUIAbstractKeyword.groovy:27)
	at com.kms.katalon.core.webui.keyword.internal.WebUIAbstractKeyword.findWebElement(WebUIAbstractKeyword.groovy:26)
	at com.kms.katalon.core.webui.keyword.builtin.ClickKeyword$_click_closure1.doCall(ClickKeyword.groovy:67)
	at com.kms.katalon.core.webui.keyword.builtin.ClickKeyword$_click_closure1.call(ClickKeyword.groovy)
	at com.kms.katalon.core.webui.keyword.internal.WebUIKeywordMain.runKeyword(WebUIKeywordMain.groovy:20)
	at com.kms.katalon.core.webui.keyword.builtin.ClickKeyword.click(ClickKeyword.groovy:76)
	at com.kms.katalon.core.webui.keyword.builtin.ClickKeyword.execute(ClickKeyword.groovy:43)
	at com.kms.katalon.core.keyword.internal.KeywordExecutor.executeKeywordForPlatform(KeywordExecutor.groovy:72)
	at com.kms.katalon.core.webui.keyword.WebUiBuiltInKeywords.click(WebUiBuiltInKeywords.groovy:616)
	at com.kms.katalon.core.webui.keyword.WebUiBuiltInKeywords$click$3.call(Unknown Source)
	at Script1591099422326.run(Script1591099422326.groovy:31)
	... 13 more
)
[[ATTACHMENT|C:\\Users\\Thanh\\Desktop\\github.com\\New folder (2)\\homeword02-mattermost-katalon\\Reports\\20200605_130946\\Run all test cases\\20200605_130946\\1591338410973.png]]]]></system-out>
         <system-err><![CDATA[2020-06-05 13:25:53 - [TEST_CASE][FAILED] - Test Cases/1612427/14_Hide_PinPosts: Test Cases/1612427/14_Hide_PinPosts FAILED.
Reason:
com.kms.katalon.core.exception.StepFailedException: Unable to click on object 'Object Repository/1612427/14_Hide_PinPosts/Page_Town Square - minus Mattermost/svg'
	at com.kms.katalon.core.webui.keyword.internal.WebUIKeywordMain.stepFailed(WebUIKeywordMain.groovy:64)
	at com.kms.katalon.core.webui.keyword.internal.WebUIKeywordMain.runKeyword(WebUIKeywordMain.groovy:26)
	at com.kms.katalon.core.webui.keyword.builtin.ClickKeyword.click(ClickKeyword.groovy:76)
	at com.kms.katalon.core.webui.keyword.builtin.ClickKeyword.execute(ClickKeyword.groovy:43)
	at com.kms.katalon.core.keyword.internal.KeywordExecutor.executeKeywordForPlatform(KeywordExecutor.groovy:72)
	at com.kms.katalon.core.webui.keyword.WebUiBuiltInKeywords.click(WebUiBuiltInKeywords.groovy:616)
	at com.kms.katalon.core.webui.keyword.WebUiBuiltInKeywords$click$3.call(Unknown Source)
	at 14_Hide_PinPosts.run(14_Hide_PinPosts:31)
	at com.kms.katalon.core.main.ScriptEngine.run(ScriptEngine.java:194)
	at com.kms.katalon.core.main.ScriptEngine.runScriptAsRawText(ScriptEngine.java:119)
	at com.kms.katalon.core.main.TestCaseExecutor.runScript(TestCaseExecutor.java:337)
	at com.kms.katalon.core.main.TestCaseExecutor.doExecute(TestCaseExecutor.java:328)
	at com.kms.katalon.core.main.TestCaseExecutor.processExecutionPhase(TestCaseExecutor.java:307)
	at com.kms.katalon.core.main.TestCaseExecutor.accessMainPhase(TestCaseExecutor.java:299)
	at com.kms.katalon.core.main.TestCaseExecutor.execute(TestCaseExecutor.java:233)
	at com.kms.katalon.core.main.TestSuiteExecutor.accessTestCaseMainPhase(TestSuiteExecutor.java:169)
	at com.kms.katalon.core.main.TestSuiteExecutor.accessTestSuiteMainPhase(TestSuiteExecutor.java:142)
	at com.kms.katalon.core.main.TestSuiteExecutor.execute(TestSuiteExecutor.java:91)
	at com.kms.katalon.core.main.TestCaseMain.startTestSuite(TestCaseMain.java:157)
	at com.kms.katalon.core.main.TestCaseMain$startTestSuite$0.call(Unknown Source)
	at TempTestSuite1591337386301.run(TempTestSuite1591337386301.groovy:37)
Caused by: com.kms.katalon.core.webui.exception.WebElementNotFoundException: Web element with id: 'Object Repository/1612427/14_Hide_PinPosts/Page_Town Square - minus Mattermost/svg' located by 'By.xpath: (.//*[normalize-space(text()) and normalize-space(.)='(Edit)'])[1]/following::*[name()='svg'][2]' not found
	at com.kms.katalon.core.webui.common.WebUiCommonHelper.findWebElement(WebUiCommonHelper.java:1154)
	at com.kms.katalon.core.webui.keyword.internal.WebUIAbstractKeyword.findWebElement(WebUIAbstractKeyword.groovy:27)
	at com.kms.katalon.core.webui.keyword.internal.WebUIAbstractKeyword.findWebElement(WebUIAbstractKeyword.groovy:26)
	at com.kms.katalon.core.webui.keyword.builtin.ClickKeyword$_click_closure1.doCall(ClickKeyword.groovy:67)
	at com.kms.katalon.core.webui.keyword.builtin.ClickKeyword$_click_closure1.call(ClickKeyword.groovy)
	at com.kms.katalon.core.webui.keyword.internal.WebUIKeywordMain.runKeyword(WebUIKeywordMain.groovy:20)
	... 19 more]]></system-err>
      </testcase>
      <testcase name="Test Cases/1612427/15_OpenFlag" time="57.313" classname="Test Cases/1612427/15_OpenFlag" status="FAILED">
         <failure type="FAILED" message="Test Cases/1612427/15_OpenFlag FAILED.
Reason:
com.kms.katalon.core.exception.StepFailedException: Unable to click on object 'Object Repository/1612427/15_OpenFlag/Page_Town Square - minus Mattermost/svg'
	at com.kms.katalon.core.webui.keyword.internal.WebUIKeywordMain.stepFailed(WebUIKeywordMain.groovy:64)
	at com.kms.katalon.core.webui.keyword.internal.WebUIKeywordMain.runKeyword(WebUIKeywordMain.groovy:26)
	at com.kms.katalon.core.webui.keyword.builtin.ClickKeyword.click(ClickKeyword.groovy:76)
	at com.kms.katalon.core.webui.keyword.builtin.ClickKeyword.execute(ClickKeyword.groovy:43)
	at com.kms.katalon.core.keyword.internal.KeywordExecutor.executeKeywordForPlatform(KeywordExecutor.groovy:72)
	at com.kms.katalon.core.webui.keyword.WebUiBuiltInKeywords.click(WebUiBuiltInKeywords.groovy:616)
	at com.kms.katalon.core.webui.keyword.WebUiBuiltInKeywords$click$3.call(Unknown Source)
	at 15_OpenFlag.run(15_OpenFlag:31)
	at com.kms.katalon.core.main.ScriptEngine.run(ScriptEngine.java:194)
	at com.kms.katalon.core.main.ScriptEngine.runScriptAsRawText(ScriptEngine.java:119)
	at com.kms.katalon.core.main.TestCaseExecutor.runScript(TestCaseExecutor.java:337)
	at com.kms.katalon.core.main.TestCaseExecutor.doExecute(TestCaseExecutor.java:328)
	at com.kms.katalon.core.main.TestCaseExecutor.processExecutionPhase(TestCaseExecutor.java:307)
	at com.kms.katalon.core.main.TestCaseExecutor.accessMainPhase(TestCaseExecutor.java:299)
	at com.kms.katalon.core.main.TestCaseExecutor.execute(TestCaseExecutor.java:233)
	at com.kms.katalon.core.main.TestSuiteExecutor.accessTestCaseMainPhase(TestSuiteExecutor.java:169)
	at com.kms.katalon.core.main.TestSuiteExecutor.accessTestSuiteMainPhase(TestSuiteExecutor.java:142)
	at com.kms.katalon.core.main.TestSuiteExecutor.execute(TestSuiteExecutor.java:91)
	at com.kms.katalon.core.main.TestCaseMain.startTestSuite(TestCaseMain.java:157)
	at com.kms.katalon.core.main.TestCaseMain$startTestSuite$0.call(Unknown Source)
	at TempTestSuite1591337386301.run(TempTestSuite1591337386301.groovy:37)
Caused by: com.kms.katalon.core.webui.exception.WebElementNotFoundException: Web element with id: 'Object Repository/1612427/15_OpenFlag/Page_Town Square - minus Mattermost/svg' located by 'By.xpath: (.//*[normalize-space(text()) and normalize-space(.)='(Edit)'])[1]/following::*[name()='svg'][5]' not found
	at com.kms.katalon.core.webui.common.WebUiCommonHelper.findWebElement(WebUiCommonHelper.java:1154)
	at com.kms.katalon.core.webui.keyword.internal.WebUIAbstractKeyword.findWebElement(WebUIAbstractKeyword.groovy:27)
	at com.kms.katalon.core.webui.keyword.internal.WebUIAbstractKeyword.findWebElement(WebUIAbstractKeyword.groovy:26)
	at com.kms.katalon.core.webui.keyword.builtin.ClickKeyword$_click_closure1.doCall(ClickKeyword.groovy:67)
	at com.kms.katalon.core.webui.keyword.builtin.ClickKeyword$_click_closure1.call(ClickKeyword.groovy)
	at com.kms.katalon.core.webui.keyword.internal.WebUIKeywordMain.runKeyword(WebUIKeywordMain.groovy:20)
	... 19 more
"/>
         <system-out><![CDATA[2020-06-05 13:26:52 - [TEST_CASE][FAILED] - Test Cases/1612427/15_OpenFlag: Test Cases/1612427/15_OpenFlag FAILED.
Reason:
com.kms.katalon.core.exception.StepFailedException: Unable to click on object 'Object Repository/1612427/15_OpenFlag/Page_Town Square - minus Mattermost/svg'
	at com.kms.katalon.core.webui.keyword.internal.WebUIKeywordMain.stepFailed(WebUIKeywordMain.groovy:64)
	at com.kms.katalon.core.webui.keyword.internal.WebUIKeywordMain.runKeyword(WebUIKeywordMain.groovy:26)
	at com.kms.katalon.core.webui.keyword.builtin.ClickKeyword.click(ClickKeyword.groovy:76)
	at com.kms.katalon.core.webui.keyword.builtin.ClickKeyword.execute(ClickKeyword.groovy:43)
	at com.kms.katalon.core.keyword.internal.KeywordExecutor.executeKeywordForPlatform(KeywordExecutor.groovy:72)
	at com.kms.katalon.core.webui.keyword.WebUiBuiltInKeywords.click(WebUiBuiltInKeywords.groovy:616)
	at com.kms.katalon.core.webui.keyword.WebUiBuiltInKeywords$click$3.call(Unknown Source)
	at 15_OpenFlag.run(15_OpenFlag:31)
	at com.kms.katalon.core.main.ScriptEngine.run(ScriptEngine.java:194)
	at com.kms.katalon.core.main.ScriptEngine.runScriptAsRawText(ScriptEngine.java:119)
	at com.kms.katalon.core.main.TestCaseExecutor.runScript(TestCaseExecutor.java:337)
	at com.kms.katalon.core.main.TestCaseExecutor.doExecute(TestCaseExecutor.java:328)
	at com.kms.katalon.core.main.TestCaseExecutor.processExecutionPhase(TestCaseExecutor.java:307)
	at com.kms.katalon.core.main.TestCaseExecutor.accessMainPhase(TestCaseExecutor.java:299)
	at com.kms.katalon.core.main.TestCaseExecutor.execute(TestCaseExecutor.java:233)
	at com.kms.katalon.core.main.TestSuiteExecutor.accessTestCaseMainPhase(TestSuiteExecutor.java:169)
	at com.kms.katalon.core.main.TestSuiteExecutor.accessTestSuiteMainPhase(TestSuiteExecutor.java:142)
	at com.kms.katalon.core.main.TestSuiteExecutor.execute(TestSuiteExecutor.java:91)
	at com.kms.katalon.core.main.TestCaseMain.startTestSuite(TestCaseMain.java:157)
	at com.kms.katalon.core.main.TestCaseMain$startTestSuite$0.call(Unknown Source)
	at TempTestSuite1591337386301.run(TempTestSuite1591337386301.groovy:37)
Caused by: com.kms.katalon.core.webui.exception.WebElementNotFoundException: Web element with id: 'Object Repository/1612427/15_OpenFlag/Page_Town Square - minus Mattermost/svg' located by 'By.xpath: (.//*[normalize-space(text()) and normalize-space(.)='(Edit)'])[1]/following::*[name()='svg'][5]' not found
	at com.kms.katalon.core.webui.common.WebUiCommonHelper.findWebElement(WebUiCommonHelper.java:1154)
	at com.kms.katalon.core.webui.keyword.internal.WebUIAbstractKeyword.findWebElement(WebUIAbstractKeyword.groovy:27)
	at com.kms.katalon.core.webui.keyword.internal.WebUIAbstractKeyword.findWebElement(WebUIAbstractKeyword.groovy:26)
	at com.kms.katalon.core.webui.keyword.builtin.ClickKeyword$_click_closure1.doCall(ClickKeyword.groovy:67)
	at com.kms.katalon.core.webui.keyword.builtin.ClickKeyword$_click_closure1.call(ClickKeyword.groovy)
	at com.kms.katalon.core.webui.keyword.internal.WebUIKeywordMain.runKeyword(WebUIKeywordMain.groovy:20)
	... 19 more


2020-06-05 13:26:52 - [TEST_STEP][PASSED] - openBrowser(""): Browser is opened with url: ''

2020-06-05 13:26:52 - [MESSAGE][WARNING] - A browser is already opened. Closing browser and opening a new one

2020-06-05 13:26:52 - [MESSAGE][INFO] - Starting 'Chrome' driver

2020-06-05 13:26:52 - [MESSAGE][INFO] - Action delay is set to 0 milliseconds

2020-06-05 13:26:56 - [MESSAGE][PASSED] - Browser is opened with url: ''

2020-06-05 13:26:56 - [TEST_STEP][PASSED] - navigateToUrl("http://localhost:8065/login"): Navigate to 'http://localhost:8065/login' successfully

2020-06-05 13:26:58 - [MESSAGE][PASSED] - Navigate to 'http://localhost:8065/login' successfully

2020-06-05 13:26:58 - [TEST_STEP][PASSED] - setText(findTestObject("Object Repository/1612427/15_OpenFlag/Page_Mattermost/input_All team communication in one place s_703ef5"), "hcmus-cdnc"): Text 'hcmus-cdnc' is set on object 'Object Repository/1612427/15_OpenFlag/Page_Mattermost/input_All team communication in one place s_703ef5'

2020-06-05 13:27:00 - [MESSAGE][PASSED] - Text 'hcmus-cdnc' is set on object 'Object Repository/1612427/15_OpenFlag/Page_Mattermost/input_All team communication in one place s_703ef5'

2020-06-05 13:27:00 - [TEST_STEP][PASSED] - setEncryptedText(findTestObject("Object Repository/1612427/15_OpenFlag/Page_Mattermost/input_All team communication in one place s_2f2733"), "aeHFOx8jV/A="): Text ****** has been set on object 'Object Repository/1612427/15_OpenFlag/Page_Mattermost/input_All team communication in one place s_2f2733'

2020-06-05 13:27:01 - [MESSAGE][PASSED] - Text ****** has been set on object 'Object Repository/1612427/15_OpenFlag/Page_Mattermost/input_All team communication in one place s_2f2733'

2020-06-05 13:27:01 - [TEST_STEP][PASSED] - click(findTestObject("Object Repository/1612427/15_OpenFlag/Page_Mattermost/span_Sign in")): Object: 'Object Repository/1612427/15_OpenFlag/Page_Mattermost/span_Sign in' is clicked on

2020-06-05 13:27:02 - [MESSAGE][PASSED] - Object: 'Object Repository/1612427/15_OpenFlag/Page_Mattermost/span_Sign in' is clicked on

2020-06-05 13:27:02 - [TEST_STEP][FAILED] - click(findTestObject("Object Repository/1612427/15_OpenFlag/Page_Town Square - minus Mattermost/svg")): Unable to click on object 'Object Repository/1612427/15_OpenFlag/Page_Town Square - minus Mattermost/svg' (Root cause: com.kms.katalon.core.exception.StepFailedException: Unable to click on object 'Object Repository/1612427/15_OpenFlag/Page_Town Square - minus Mattermost/svg'
	at com.kms.katalon.core.webui.keyword.internal.WebUIKeywordMain.stepFailed(WebUIKeywordMain.groovy:64)
	at com.kms.katalon.core.webui.keyword.internal.WebUIKeywordMain.runKeyword(WebUIKeywordMain.groovy:26)
	at com.kms.katalon.core.webui.keyword.builtin.ClickKeyword.click(ClickKeyword.groovy:76)
	at com.kms.katalon.core.webui.keyword.builtin.ClickKeyword.execute(ClickKeyword.groovy:43)
	at com.kms.katalon.core.keyword.internal.KeywordExecutor.executeKeywordForPlatform(KeywordExecutor.groovy:72)
	at com.kms.katalon.core.webui.keyword.WebUiBuiltInKeywords.click(WebUiBuiltInKeywords.groovy:616)
	at com.kms.katalon.core.webui.keyword.WebUiBuiltInKeywords$click$3.call(Unknown Source)
	at 15_OpenFlag.run(15_OpenFlag:31)
	at com.kms.katalon.core.main.ScriptEngine.run(ScriptEngine.java:194)
	at com.kms.katalon.core.main.ScriptEngine.runScriptAsRawText(ScriptEngine.java:119)
	at com.kms.katalon.core.main.TestCaseExecutor.runScript(TestCaseExecutor.java:337)
	at com.kms.katalon.core.main.TestCaseExecutor.doExecute(TestCaseExecutor.java:328)
	at com.kms.katalon.core.main.TestCaseExecutor.processExecutionPhase(TestCaseExecutor.java:307)
	at com.kms.katalon.core.main.TestCaseExecutor.accessMainPhase(TestCaseExecutor.java:299)
	at com.kms.katalon.core.main.TestCaseExecutor.execute(TestCaseExecutor.java:233)
	at com.kms.katalon.core.main.TestSuiteExecutor.accessTestCaseMainPhase(TestSuiteExecutor.java:169)
	at com.kms.katalon.core.main.TestSuiteExecutor.accessTestSuiteMainPhase(TestSuiteExecutor.java:142)
	at com.kms.katalon.core.main.TestSuiteExecutor.execute(TestSuiteExecutor.java:91)
	at com.kms.katalon.core.main.TestCaseMain.startTestSuite(TestCaseMain.java:157)
	at com.kms.katalon.core.main.TestCaseMain$startTestSuite$0.call(Unknown Source)
	at TempTestSuite1591337386301.run(TempTestSuite1591337386301.groovy:37)
Caused by: com.kms.katalon.core.webui.exception.WebElementNotFoundException: Web element with id: 'Object Repository/1612427/15_OpenFlag/Page_Town Square - minus Mattermost/svg' located by 'By.xpath: (.//*[normalize-space(text()) and normalize-space(.)='(Edit)'])[1]/following::*[name()='svg'][5]' not found
	at com.kms.katalon.core.webui.common.WebUiCommonHelper.findWebElement(WebUiCommonHelper.java:1154)
	at com.kms.katalon.core.webui.keyword.internal.WebUIAbstractKeyword.findWebElement(WebUIAbstractKeyword.groovy:27)
	at com.kms.katalon.core.webui.keyword.internal.WebUIAbstractKeyword.findWebElement(WebUIAbstractKeyword.groovy:26)
	at com.kms.katalon.core.webui.keyword.builtin.ClickKeyword$_click_closure1.doCall(ClickKeyword.groovy:67)
	at com.kms.katalon.core.webui.keyword.builtin.ClickKeyword$_click_closure1.call(ClickKeyword.groovy)
	at com.kms.katalon.core.webui.keyword.internal.WebUIKeywordMain.runKeyword(WebUIKeywordMain.groovy:20)
	at com.kms.katalon.core.webui.keyword.builtin.ClickKeyword.click(ClickKeyword.groovy:76)
	at com.kms.katalon.core.webui.keyword.builtin.ClickKeyword.execute(ClickKeyword.groovy:43)
	at com.kms.katalon.core.keyword.internal.KeywordExecutor.executeKeywordForPlatform(KeywordExecutor.groovy:72)
	at com.kms.katalon.core.webui.keyword.WebUiBuiltInKeywords.click(WebUiBuiltInKeywords.groovy:616)
	at com.kms.katalon.core.webui.keyword.WebUiBuiltInKeywords$click$3.call(Unknown Source)
	at Script1591107929060.run(Script1591107929060.groovy:31)
	... 13 more
)

2020-06-05 13:27:49 - [MESSAGE][INFO] - Unable to find the element located by 'By.xpath: (.//*[normalize-space(text()) and normalize-space(.)='(Edit)'])[1]/following::*[name()='svg'][5]'. Please recheck the objects properties to make sure the desired element is located. 

2020-06-05 13:27:49 - [MESSAGE][FAILED] - Unable to click on object 'Object Repository/1612427/15_OpenFlag/Page_Town Square - minus Mattermost/svg' (Root cause: com.kms.katalon.core.exception.StepFailedException: Unable to click on object 'Object Repository/1612427/15_OpenFlag/Page_Town Square - minus Mattermost/svg'
	at com.kms.katalon.core.webui.keyword.internal.WebUIKeywordMain.stepFailed(WebUIKeywordMain.groovy:64)
	at com.kms.katalon.core.webui.keyword.internal.WebUIKeywordMain.runKeyword(WebUIKeywordMain.groovy:26)
	at com.kms.katalon.core.webui.keyword.builtin.ClickKeyword.click(ClickKeyword.groovy:76)
	at com.kms.katalon.core.webui.keyword.builtin.ClickKeyword.execute(ClickKeyword.groovy:43)
	at com.kms.katalon.core.keyword.internal.KeywordExecutor.executeKeywordForPlatform(KeywordExecutor.groovy:72)
	at com.kms.katalon.core.webui.keyword.WebUiBuiltInKeywords.click(WebUiBuiltInKeywords.groovy:616)
	at com.kms.katalon.core.webui.keyword.WebUiBuiltInKeywords$click$3.call(Unknown Source)
	at 15_OpenFlag.run(15_OpenFlag:31)
	at com.kms.katalon.core.main.ScriptEngine.run(ScriptEngine.java:194)
	at com.kms.katalon.core.main.ScriptEngine.runScriptAsRawText(ScriptEngine.java:119)
	at com.kms.katalon.core.main.TestCaseExecutor.runScript(TestCaseExecutor.java:337)
	at com.kms.katalon.core.main.TestCaseExecutor.doExecute(TestCaseExecutor.java:328)
	at com.kms.katalon.core.main.TestCaseExecutor.processExecutionPhase(TestCaseExecutor.java:307)
	at com.kms.katalon.core.main.TestCaseExecutor.accessMainPhase(TestCaseExecutor.java:299)
	at com.kms.katalon.core.main.TestCaseExecutor.execute(TestCaseExecutor.java:233)
	at com.kms.katalon.core.main.TestSuiteExecutor.accessTestCaseMainPhase(TestSuiteExecutor.java:169)
	at com.kms.katalon.core.main.TestSuiteExecutor.accessTestSuiteMainPhase(TestSuiteExecutor.java:142)
	at com.kms.katalon.core.main.TestSuiteExecutor.execute(TestSuiteExecutor.java:91)
	at com.kms.katalon.core.main.TestCaseMain.startTestSuite(TestCaseMain.java:157)
	at com.kms.katalon.core.main.TestCaseMain$startTestSuite$0.call(Unknown Source)
	at TempTestSuite1591337386301.run(TempTestSuite1591337386301.groovy:37)
Caused by: com.kms.katalon.core.webui.exception.WebElementNotFoundException: Web element with id: 'Object Repository/1612427/15_OpenFlag/Page_Town Square - minus Mattermost/svg' located by 'By.xpath: (.//*[normalize-space(text()) and normalize-space(.)='(Edit)'])[1]/following::*[name()='svg'][5]' not found
	at com.kms.katalon.core.webui.common.WebUiCommonHelper.findWebElement(WebUiCommonHelper.java:1154)
	at com.kms.katalon.core.webui.keyword.internal.WebUIAbstractKeyword.findWebElement(WebUIAbstractKeyword.groovy:27)
	at com.kms.katalon.core.webui.keyword.internal.WebUIAbstractKeyword.findWebElement(WebUIAbstractKeyword.groovy:26)
	at com.kms.katalon.core.webui.keyword.builtin.ClickKeyword$_click_closure1.doCall(ClickKeyword.groovy:67)
	at com.kms.katalon.core.webui.keyword.builtin.ClickKeyword$_click_closure1.call(ClickKeyword.groovy)
	at com.kms.katalon.core.webui.keyword.internal.WebUIKeywordMain.runKeyword(WebUIKeywordMain.groovy:20)
	at com.kms.katalon.core.webui.keyword.builtin.ClickKeyword.click(ClickKeyword.groovy:76)
	at com.kms.katalon.core.webui.keyword.builtin.ClickKeyword.execute(ClickKeyword.groovy:43)
	at com.kms.katalon.core.keyword.internal.KeywordExecutor.executeKeywordForPlatform(KeywordExecutor.groovy:72)
	at com.kms.katalon.core.webui.keyword.WebUiBuiltInKeywords.click(WebUiBuiltInKeywords.groovy:616)
	at com.kms.katalon.core.webui.keyword.WebUiBuiltInKeywords$click$3.call(Unknown Source)
	at Script1591107929060.run(Script1591107929060.groovy:31)
	... 13 more
)
[[ATTACHMENT|C:\\Users\\Thanh\\Desktop\\github.com\\New folder (2)\\homeword02-mattermost-katalon\\Reports\\20200605_130946\\Run all test cases\\20200605_130946\\1591338469073.png]]]]></system-out>
         <system-err><![CDATA[2020-06-05 13:26:52 - [TEST_CASE][FAILED] - Test Cases/1612427/15_OpenFlag: Test Cases/1612427/15_OpenFlag FAILED.
Reason:
com.kms.katalon.core.exception.StepFailedException: Unable to click on object 'Object Repository/1612427/15_OpenFlag/Page_Town Square - minus Mattermost/svg'
	at com.kms.katalon.core.webui.keyword.internal.WebUIKeywordMain.stepFailed(WebUIKeywordMain.groovy:64)
	at com.kms.katalon.core.webui.keyword.internal.WebUIKeywordMain.runKeyword(WebUIKeywordMain.groovy:26)
	at com.kms.katalon.core.webui.keyword.builtin.ClickKeyword.click(ClickKeyword.groovy:76)
	at com.kms.katalon.core.webui.keyword.builtin.ClickKeyword.execute(ClickKeyword.groovy:43)
	at com.kms.katalon.core.keyword.internal.KeywordExecutor.executeKeywordForPlatform(KeywordExecutor.groovy:72)
	at com.kms.katalon.core.webui.keyword.WebUiBuiltInKeywords.click(WebUiBuiltInKeywords.groovy:616)
	at com.kms.katalon.core.webui.keyword.WebUiBuiltInKeywords$click$3.call(Unknown Source)
	at 15_OpenFlag.run(15_OpenFlag:31)
	at com.kms.katalon.core.main.ScriptEngine.run(ScriptEngine.java:194)
	at com.kms.katalon.core.main.ScriptEngine.runScriptAsRawText(ScriptEngine.java:119)
	at com.kms.katalon.core.main.TestCaseExecutor.runScript(TestCaseExecutor.java:337)
	at com.kms.katalon.core.main.TestCaseExecutor.doExecute(TestCaseExecutor.java:328)
	at com.kms.katalon.core.main.TestCaseExecutor.processExecutionPhase(TestCaseExecutor.java:307)
	at com.kms.katalon.core.main.TestCaseExecutor.accessMainPhase(TestCaseExecutor.java:299)
	at com.kms.katalon.core.main.TestCaseExecutor.execute(TestCaseExecutor.java:233)
	at com.kms.katalon.core.main.TestSuiteExecutor.accessTestCaseMainPhase(TestSuiteExecutor.java:169)
	at com.kms.katalon.core.main.TestSuiteExecutor.accessTestSuiteMainPhase(TestSuiteExecutor.java:142)
	at com.kms.katalon.core.main.TestSuiteExecutor.execute(TestSuiteExecutor.java:91)
	at com.kms.katalon.core.main.TestCaseMain.startTestSuite(TestCaseMain.java:157)
	at com.kms.katalon.core.main.TestCaseMain$startTestSuite$0.call(Unknown Source)
	at TempTestSuite1591337386301.run(TempTestSuite1591337386301.groovy:37)
Caused by: com.kms.katalon.core.webui.exception.WebElementNotFoundException: Web element with id: 'Object Repository/1612427/15_OpenFlag/Page_Town Square - minus Mattermost/svg' located by 'By.xpath: (.//*[normalize-space(text()) and normalize-space(.)='(Edit)'])[1]/following::*[name()='svg'][5]' not found
	at com.kms.katalon.core.webui.common.WebUiCommonHelper.findWebElement(WebUiCommonHelper.java:1154)
	at com.kms.katalon.core.webui.keyword.internal.WebUIAbstractKeyword.findWebElement(WebUIAbstractKeyword.groovy:27)
	at com.kms.katalon.core.webui.keyword.internal.WebUIAbstractKeyword.findWebElement(WebUIAbstractKeyword.groovy:26)
	at com.kms.katalon.core.webui.keyword.builtin.ClickKeyword$_click_closure1.doCall(ClickKeyword.groovy:67)
	at com.kms.katalon.core.webui.keyword.builtin.ClickKeyword$_click_closure1.call(ClickKeyword.groovy)
	at com.kms.katalon.core.webui.keyword.internal.WebUIKeywordMain.runKeyword(WebUIKeywordMain.groovy:20)
	... 19 more]]></system-err>
      </testcase>
      <testcase name="Test Cases/1612427/16_AssignPermission" time="18.603" classname="Test Cases/1612427/16_AssignPermission" status="PASSED">
         <system-out><![CDATA[2020-06-05 13:27:49 - [TEST_CASE][PASSED] - Test Cases/1612427/16_AssignPermission: Test Cases/1612427/16_AssignPermission

2020-06-05 13:27:49 - [TEST_STEP][PASSED] - openBrowser(""): Browser is opened with url: ''

2020-06-05 13:27:49 - [MESSAGE][WARNING] - A browser is already opened. Closing browser and opening a new one

2020-06-05 13:27:50 - [MESSAGE][INFO] - Starting 'Chrome' driver

2020-06-05 13:27:50 - [MESSAGE][INFO] - Action delay is set to 0 milliseconds

2020-06-05 13:27:54 - [MESSAGE][PASSED] - Browser is opened with url: ''

2020-06-05 13:27:54 - [TEST_STEP][PASSED] - navigateToUrl("http://localhost:8065/login"): Navigate to 'http://localhost:8065/login' successfully

2020-06-05 13:27:56 - [MESSAGE][PASSED] - Navigate to 'http://localhost:8065/login' successfully

2020-06-05 13:27:56 - [TEST_STEP][PASSED] - setText(findTestObject("Object Repository/1612427/16_AssignPermission/Page_Mattermost/input_All team communication in one place s_703ef5"), "hcmus-cdnc"): Text 'hcmus-cdnc' is set on object 'Object Repository/1612427/16_AssignPermission/Page_Mattermost/input_All team communication in one place s_703ef5'

2020-06-05 13:27:58 - [MESSAGE][PASSED] - Text 'hcmus-cdnc' is set on object 'Object Repository/1612427/16_AssignPermission/Page_Mattermost/input_All team communication in one place s_703ef5'

2020-06-05 13:27:58 - [TEST_STEP][PASSED] - setEncryptedText(findTestObject("Object Repository/1612427/16_AssignPermission/Page_Mattermost/input_All team communication in one place s_2f2733"), "aeHFOx8jV/A="): Text ****** has been set on object 'Object Repository/1612427/16_AssignPermission/Page_Mattermost/input_All team communication in one place s_2f2733'

2020-06-05 13:27:59 - [MESSAGE][PASSED] - Text ****** has been set on object 'Object Repository/1612427/16_AssignPermission/Page_Mattermost/input_All team communication in one place s_2f2733'

2020-06-05 13:27:59 - [TEST_STEP][PASSED] - click(findTestObject("Object Repository/1612427/16_AssignPermission/Page_Mattermost/span_Sign in")): Object: 'Object Repository/1612427/16_AssignPermission/Page_Mattermost/span_Sign in' is clicked on

2020-06-05 13:27:59 - [MESSAGE][PASSED] - Object: 'Object Repository/1612427/16_AssignPermission/Page_Mattermost/span_Sign in' is clicked on

2020-06-05 13:27:59 - [TEST_STEP][PASSED] - click(findTestObject("Object Repository/1612427/16_AssignPermission/Page_Town Square - minus Mattermost/button_hcmus-cdnc_style--none sidebar-heade_0f8da4")): Object: 'Object Repository/1612427/16_AssignPermission/Page_Town Square - minus Mattermost/button_hcmus-cdnc_style--none sidebar-heade_0f8da4' is clicked on

2020-06-05 13:28:03 - [MESSAGE][PASSED] - Object: 'Object Repository/1612427/16_AssignPermission/Page_Town Square - minus Mattermost/button_hcmus-cdnc_style--none sidebar-heade_0f8da4' is clicked on

2020-06-05 13:28:03 - [TEST_STEP][PASSED] - click(findTestObject("Object Repository/1612427/16_AssignPermission/Page_Town Square - minus Mattermost/span_Manage Members")): Object: 'Object Repository/1612427/16_AssignPermission/Page_Town Square - minus Mattermost/span_Manage Members' is clicked on

2020-06-05 13:28:04 - [MESSAGE][PASSED] - Object: 'Object Repository/1612427/16_AssignPermission/Page_Town Square - minus Mattermost/span_Manage Members' is clicked on

2020-06-05 13:28:04 - [TEST_STEP][PASSED] - click(findTestObject("Object Repository/1612427/16_AssignPermission/Page_Town Square - minus Mattermost/span_Member")): Object: 'Object Repository/1612427/16_AssignPermission/Page_Town Square - minus Mattermost/span_Member' is clicked on

2020-06-05 13:28:06 - [MESSAGE][PASSED] - Object: 'Object Repository/1612427/16_AssignPermission/Page_Town Square - minus Mattermost/span_Member' is clicked on

2020-06-05 13:28:06 - [TEST_STEP][PASSED] - switch ("admin"): null

2020-06-05 13:28:06 - [TEST_STEP][PASSED] - case "admin":: null

2020-06-05 13:28:06 - [TEST_STEP][PASSED] - click(findTestObject("Object Repository/1612427/16_AssignPermission/Page_Town Square - minus Mattermost/span_Make Team Admin")): Object: 'Object Repository/1612427/16_AssignPermission/Page_Town Square - minus Mattermost/span_Make Team Admin' is clicked on

2020-06-05 13:28:07 - [MESSAGE][PASSED] - Object: 'Object Repository/1612427/16_AssignPermission/Page_Town Square - minus Mattermost/span_Make Team Admin' is clicked on

2020-06-05 13:28:07 - [TEST_STEP][PASSED] - break: null

2020-06-05 13:28:07 - [TEST_STEP][PASSED] - closeBrowser(): Browser is closed

2020-06-05 13:28:08 - [MESSAGE][PASSED] - Browser is closed]]></system-out>
         <system-err><![CDATA[]]></system-err>
      </testcase>
      <testcase name="Test Cases/1612427/17_SendIcon" time="58.826" classname="Test Cases/1612427/17_SendIcon" status="FAILED">
         <failure type="FAILED" message="Test Cases/1612427/17_SendIcon FAILED.
Reason:
com.kms.katalon.core.exception.StepFailedException: Unable to click on object 'Object Repository/1612427/17_SendIcon/Page_Town Square - minus Mattermost/svg'
	at com.kms.katalon.core.webui.keyword.internal.WebUIKeywordMain.stepFailed(WebUIKeywordMain.groovy:64)
	at com.kms.katalon.core.webui.keyword.internal.WebUIKeywordMain.runKeyword(WebUIKeywordMain.groovy:26)
	at com.kms.katalon.core.webui.keyword.builtin.ClickKeyword.click(ClickKeyword.groovy:76)
	at com.kms.katalon.core.webui.keyword.builtin.ClickKeyword.execute(ClickKeyword.groovy:43)
	at com.kms.katalon.core.keyword.internal.KeywordExecutor.executeKeywordForPlatform(KeywordExecutor.groovy:72)
	at com.kms.katalon.core.webui.keyword.WebUiBuiltInKeywords.click(WebUiBuiltInKeywords.groovy:616)
	at com.kms.katalon.core.webui.keyword.WebUiBuiltInKeywords$click$3.call(Unknown Source)
	at 17_SendIcon.run(17_SendIcon:33)
	at com.kms.katalon.core.main.ScriptEngine.run(ScriptEngine.java:194)
	at com.kms.katalon.core.main.ScriptEngine.runScriptAsRawText(ScriptEngine.java:119)
	at com.kms.katalon.core.main.TestCaseExecutor.runScript(TestCaseExecutor.java:337)
	at com.kms.katalon.core.main.TestCaseExecutor.doExecute(TestCaseExecutor.java:328)
	at com.kms.katalon.core.main.TestCaseExecutor.processExecutionPhase(TestCaseExecutor.java:307)
	at com.kms.katalon.core.main.TestCaseExecutor.accessMainPhase(TestCaseExecutor.java:299)
	at com.kms.katalon.core.main.TestCaseExecutor.execute(TestCaseExecutor.java:233)
	at com.kms.katalon.core.main.TestSuiteExecutor.accessTestCaseMainPhase(TestSuiteExecutor.java:169)
	at com.kms.katalon.core.main.TestSuiteExecutor.accessTestSuiteMainPhase(TestSuiteExecutor.java:142)
	at com.kms.katalon.core.main.TestSuiteExecutor.execute(TestSuiteExecutor.java:91)
	at com.kms.katalon.core.main.TestCaseMain.startTestSuite(TestCaseMain.java:157)
	at com.kms.katalon.core.main.TestCaseMain$startTestSuite$0.call(Unknown Source)
	at TempTestSuite1591337386301.run(TempTestSuite1591337386301.groovy:37)
Caused by: com.kms.katalon.core.webui.exception.WebElementNotFoundException: Web element with id: 'Object Repository/1612427/17_SendIcon/Page_Town Square - minus Mattermost/svg' located by 'By.xpath: (.//*[normalize-space(text()) and normalize-space(.)='Write to Town Square'])[1]/following::*[name()='svg'][2]' not found
	at com.kms.katalon.core.webui.common.WebUiCommonHelper.findWebElement(WebUiCommonHelper.java:1154)
	at com.kms.katalon.core.webui.keyword.internal.WebUIAbstractKeyword.findWebElement(WebUIAbstractKeyword.groovy:27)
	at com.kms.katalon.core.webui.keyword.internal.WebUIAbstractKeyword.findWebElement(WebUIAbstractKeyword.groovy:26)
	at com.kms.katalon.core.webui.keyword.builtin.ClickKeyword$_click_closure1.doCall(ClickKeyword.groovy:67)
	at com.kms.katalon.core.webui.keyword.builtin.ClickKeyword$_click_closure1.call(ClickKeyword.groovy)
	at com.kms.katalon.core.webui.keyword.internal.WebUIKeywordMain.runKeyword(WebUIKeywordMain.groovy:20)
	... 19 more
"/>
         <system-out><![CDATA[2020-06-05 13:28:08 - [TEST_CASE][FAILED] - Test Cases/1612427/17_SendIcon: Test Cases/1612427/17_SendIcon FAILED.
Reason:
com.kms.katalon.core.exception.StepFailedException: Unable to click on object 'Object Repository/1612427/17_SendIcon/Page_Town Square - minus Mattermost/svg'
	at com.kms.katalon.core.webui.keyword.internal.WebUIKeywordMain.stepFailed(WebUIKeywordMain.groovy:64)
	at com.kms.katalon.core.webui.keyword.internal.WebUIKeywordMain.runKeyword(WebUIKeywordMain.groovy:26)
	at com.kms.katalon.core.webui.keyword.builtin.ClickKeyword.click(ClickKeyword.groovy:76)
	at com.kms.katalon.core.webui.keyword.builtin.ClickKeyword.execute(ClickKeyword.groovy:43)
	at com.kms.katalon.core.keyword.internal.KeywordExecutor.executeKeywordForPlatform(KeywordExecutor.groovy:72)
	at com.kms.katalon.core.webui.keyword.WebUiBuiltInKeywords.click(WebUiBuiltInKeywords.groovy:616)
	at com.kms.katalon.core.webui.keyword.WebUiBuiltInKeywords$click$3.call(Unknown Source)
	at 17_SendIcon.run(17_SendIcon:33)
	at com.kms.katalon.core.main.ScriptEngine.run(ScriptEngine.java:194)
	at com.kms.katalon.core.main.ScriptEngine.runScriptAsRawText(ScriptEngine.java:119)
	at com.kms.katalon.core.main.TestCaseExecutor.runScript(TestCaseExecutor.java:337)
	at com.kms.katalon.core.main.TestCaseExecutor.doExecute(TestCaseExecutor.java:328)
	at com.kms.katalon.core.main.TestCaseExecutor.processExecutionPhase(TestCaseExecutor.java:307)
	at com.kms.katalon.core.main.TestCaseExecutor.accessMainPhase(TestCaseExecutor.java:299)
	at com.kms.katalon.core.main.TestCaseExecutor.execute(TestCaseExecutor.java:233)
	at com.kms.katalon.core.main.TestSuiteExecutor.accessTestCaseMainPhase(TestSuiteExecutor.java:169)
	at com.kms.katalon.core.main.TestSuiteExecutor.accessTestSuiteMainPhase(TestSuiteExecutor.java:142)
	at com.kms.katalon.core.main.TestSuiteExecutor.execute(TestSuiteExecutor.java:91)
	at com.kms.katalon.core.main.TestCaseMain.startTestSuite(TestCaseMain.java:157)
	at com.kms.katalon.core.main.TestCaseMain$startTestSuite$0.call(Unknown Source)
	at TempTestSuite1591337386301.run(TempTestSuite1591337386301.groovy:37)
Caused by: com.kms.katalon.core.webui.exception.WebElementNotFoundException: Web element with id: 'Object Repository/1612427/17_SendIcon/Page_Town Square - minus Mattermost/svg' located by 'By.xpath: (.//*[normalize-space(text()) and normalize-space(.)='Write to Town Square'])[1]/following::*[name()='svg'][2]' not found
	at com.kms.katalon.core.webui.common.WebUiCommonHelper.findWebElement(WebUiCommonHelper.java:1154)
	at com.kms.katalon.core.webui.keyword.internal.WebUIAbstractKeyword.findWebElement(WebUIAbstractKeyword.groovy:27)
	at com.kms.katalon.core.webui.keyword.internal.WebUIAbstractKeyword.findWebElement(WebUIAbstractKeyword.groovy:26)
	at com.kms.katalon.core.webui.keyword.builtin.ClickKeyword$_click_closure1.doCall(ClickKeyword.groovy:67)
	at com.kms.katalon.core.webui.keyword.builtin.ClickKeyword$_click_closure1.call(ClickKeyword.groovy)
	at com.kms.katalon.core.webui.keyword.internal.WebUIKeywordMain.runKeyword(WebUIKeywordMain.groovy:20)
	... 19 more


2020-06-05 13:28:08 - [TEST_STEP][PASSED] - openBrowser(""): Browser is opened with url: ''

2020-06-05 13:28:08 - [MESSAGE][INFO] - Starting 'Chrome' driver

2020-06-05 13:28:08 - [MESSAGE][INFO] - Action delay is set to 0 milliseconds

2020-06-05 13:28:11 - [MESSAGE][PASSED] - Browser is opened with url: ''

2020-06-05 13:28:11 - [TEST_STEP][PASSED] - setViewPortSize(1600, 1500): Viewport is set to new size with width = 1600 and height = 1500

2020-06-05 13:28:13 - [MESSAGE][PASSED] - Viewport is set to new size with width = 1600 and height = 1500

2020-06-05 13:28:13 - [TEST_STEP][PASSED] - navigateToUrl("http://localhost:8065/login"): Navigate to 'http://localhost:8065/login' successfully

2020-06-05 13:28:15 - [MESSAGE][PASSED] - Navigate to 'http://localhost:8065/login' successfully

2020-06-05 13:28:15 - [TEST_STEP][PASSED] - setText(findTestObject("Object Repository/1612427/17_SendIcon/Page_Mattermost/input_All team communication in one place s_703ef5"), "hcmus-cdnc"): Text 'hcmus-cdnc' is set on object 'Object Repository/1612427/17_SendIcon/Page_Mattermost/input_All team communication in one place s_703ef5'

2020-06-05 13:28:17 - [MESSAGE][PASSED] - Text 'hcmus-cdnc' is set on object 'Object Repository/1612427/17_SendIcon/Page_Mattermost/input_All team communication in one place s_703ef5'

2020-06-05 13:28:17 - [TEST_STEP][PASSED] - setEncryptedText(findTestObject("Object Repository/1612427/17_SendIcon/Page_Mattermost/input_All team communication in one place s_2f2733"), "aeHFOx8jV/A="): Text ****** has been set on object 'Object Repository/1612427/17_SendIcon/Page_Mattermost/input_All team communication in one place s_2f2733'

2020-06-05 13:28:18 - [MESSAGE][PASSED] - Text ****** has been set on object 'Object Repository/1612427/17_SendIcon/Page_Mattermost/input_All team communication in one place s_2f2733'

2020-06-05 13:28:18 - [TEST_STEP][PASSED] - click(findTestObject("Object Repository/1612427/17_SendIcon/Page_Mattermost/span_Sign in")): Object: 'Object Repository/1612427/17_SendIcon/Page_Mattermost/span_Sign in' is clicked on

2020-06-05 13:28:18 - [MESSAGE][PASSED] - Object: 'Object Repository/1612427/17_SendIcon/Page_Mattermost/span_Sign in' is clicked on

2020-06-05 13:28:18 - [TEST_STEP][FAILED] - click(findTestObject("Object Repository/1612427/17_SendIcon/Page_Town Square - minus Mattermost/svg")): Unable to click on object 'Object Repository/1612427/17_SendIcon/Page_Town Square - minus Mattermost/svg' (Root cause: com.kms.katalon.core.exception.StepFailedException: Unable to click on object 'Object Repository/1612427/17_SendIcon/Page_Town Square - minus Mattermost/svg'
	at com.kms.katalon.core.webui.keyword.internal.WebUIKeywordMain.stepFailed(WebUIKeywordMain.groovy:64)
	at com.kms.katalon.core.webui.keyword.internal.WebUIKeywordMain.runKeyword(WebUIKeywordMain.groovy:26)
	at com.kms.katalon.core.webui.keyword.builtin.ClickKeyword.click(ClickKeyword.groovy:76)
	at com.kms.katalon.core.webui.keyword.builtin.ClickKeyword.execute(ClickKeyword.groovy:43)
	at com.kms.katalon.core.keyword.internal.KeywordExecutor.executeKeywordForPlatform(KeywordExecutor.groovy:72)
	at com.kms.katalon.core.webui.keyword.WebUiBuiltInKeywords.click(WebUiBuiltInKeywords.groovy:616)
	at com.kms.katalon.core.webui.keyword.WebUiBuiltInKeywords$click$3.call(Unknown Source)
	at 17_SendIcon.run(17_SendIcon:33)
	at com.kms.katalon.core.main.ScriptEngine.run(ScriptEngine.java:194)
	at com.kms.katalon.core.main.ScriptEngine.runScriptAsRawText(ScriptEngine.java:119)
	at com.kms.katalon.core.main.TestCaseExecutor.runScript(TestCaseExecutor.java:337)
	at com.kms.katalon.core.main.TestCaseExecutor.doExecute(TestCaseExecutor.java:328)
	at com.kms.katalon.core.main.TestCaseExecutor.processExecutionPhase(TestCaseExecutor.java:307)
	at com.kms.katalon.core.main.TestCaseExecutor.accessMainPhase(TestCaseExecutor.java:299)
	at com.kms.katalon.core.main.TestCaseExecutor.execute(TestCaseExecutor.java:233)
	at com.kms.katalon.core.main.TestSuiteExecutor.accessTestCaseMainPhase(TestSuiteExecutor.java:169)
	at com.kms.katalon.core.main.TestSuiteExecutor.accessTestSuiteMainPhase(TestSuiteExecutor.java:142)
	at com.kms.katalon.core.main.TestSuiteExecutor.execute(TestSuiteExecutor.java:91)
	at com.kms.katalon.core.main.TestCaseMain.startTestSuite(TestCaseMain.java:157)
	at com.kms.katalon.core.main.TestCaseMain$startTestSuite$0.call(Unknown Source)
	at TempTestSuite1591337386301.run(TempTestSuite1591337386301.groovy:37)
Caused by: com.kms.katalon.core.webui.exception.WebElementNotFoundException: Web element with id: 'Object Repository/1612427/17_SendIcon/Page_Town Square - minus Mattermost/svg' located by 'By.xpath: (.//*[normalize-space(text()) and normalize-space(.)='Write to Town Square'])[1]/following::*[name()='svg'][2]' not found
	at com.kms.katalon.core.webui.common.WebUiCommonHelper.findWebElement(WebUiCommonHelper.java:1154)
	at com.kms.katalon.core.webui.keyword.internal.WebUIAbstractKeyword.findWebElement(WebUIAbstractKeyword.groovy:27)
	at com.kms.katalon.core.webui.keyword.internal.WebUIAbstractKeyword.findWebElement(WebUIAbstractKeyword.groovy:26)
	at com.kms.katalon.core.webui.keyword.builtin.ClickKeyword$_click_closure1.doCall(ClickKeyword.groovy:67)
	at com.kms.katalon.core.webui.keyword.builtin.ClickKeyword$_click_closure1.call(ClickKeyword.groovy)
	at com.kms.katalon.core.webui.keyword.internal.WebUIKeywordMain.runKeyword(WebUIKeywordMain.groovy:20)
	at com.kms.katalon.core.webui.keyword.builtin.ClickKeyword.click(ClickKeyword.groovy:76)
	at com.kms.katalon.core.webui.keyword.builtin.ClickKeyword.execute(ClickKeyword.groovy:43)
	at com.kms.katalon.core.keyword.internal.KeywordExecutor.executeKeywordForPlatform(KeywordExecutor.groovy:72)
	at com.kms.katalon.core.webui.keyword.WebUiBuiltInKeywords.click(WebUiBuiltInKeywords.groovy:616)
	at com.kms.katalon.core.webui.keyword.WebUiBuiltInKeywords$click$3.call(Unknown Source)
	at Script1591144482063.run(Script1591144482063.groovy:33)
	... 13 more
)

2020-06-05 13:29:05 - [MESSAGE][INFO] - Unable to find the element located by 'By.xpath: (.//*[normalize-space(text()) and normalize-space(.)='Write to Town Square'])[1]/following::*[name()='svg'][2]'. Please recheck the objects properties to make sure the desired element is located. 

2020-06-05 13:29:06 - [MESSAGE][FAILED] - Unable to click on object 'Object Repository/1612427/17_SendIcon/Page_Town Square - minus Mattermost/svg' (Root cause: com.kms.katalon.core.exception.StepFailedException: Unable to click on object 'Object Repository/1612427/17_SendIcon/Page_Town Square - minus Mattermost/svg'
	at com.kms.katalon.core.webui.keyword.internal.WebUIKeywordMain.stepFailed(WebUIKeywordMain.groovy:64)
	at com.kms.katalon.core.webui.keyword.internal.WebUIKeywordMain.runKeyword(WebUIKeywordMain.groovy:26)
	at com.kms.katalon.core.webui.keyword.builtin.ClickKeyword.click(ClickKeyword.groovy:76)
	at com.kms.katalon.core.webui.keyword.builtin.ClickKeyword.execute(ClickKeyword.groovy:43)
	at com.kms.katalon.core.keyword.internal.KeywordExecutor.executeKeywordForPlatform(KeywordExecutor.groovy:72)
	at com.kms.katalon.core.webui.keyword.WebUiBuiltInKeywords.click(WebUiBuiltInKeywords.groovy:616)
	at com.kms.katalon.core.webui.keyword.WebUiBuiltInKeywords$click$3.call(Unknown Source)
	at 17_SendIcon.run(17_SendIcon:33)
	at com.kms.katalon.core.main.ScriptEngine.run(ScriptEngine.java:194)
	at com.kms.katalon.core.main.ScriptEngine.runScriptAsRawText(ScriptEngine.java:119)
	at com.kms.katalon.core.main.TestCaseExecutor.runScript(TestCaseExecutor.java:337)
	at com.kms.katalon.core.main.TestCaseExecutor.doExecute(TestCaseExecutor.java:328)
	at com.kms.katalon.core.main.TestCaseExecutor.processExecutionPhase(TestCaseExecutor.java:307)
	at com.kms.katalon.core.main.TestCaseExecutor.accessMainPhase(TestCaseExecutor.java:299)
	at com.kms.katalon.core.main.TestCaseExecutor.execute(TestCaseExecutor.java:233)
	at com.kms.katalon.core.main.TestSuiteExecutor.accessTestCaseMainPhase(TestSuiteExecutor.java:169)
	at com.kms.katalon.core.main.TestSuiteExecutor.accessTestSuiteMainPhase(TestSuiteExecutor.java:142)
	at com.kms.katalon.core.main.TestSuiteExecutor.execute(TestSuiteExecutor.java:91)
	at com.kms.katalon.core.main.TestCaseMain.startTestSuite(TestCaseMain.java:157)
	at com.kms.katalon.core.main.TestCaseMain$startTestSuite$0.call(Unknown Source)
	at TempTestSuite1591337386301.run(TempTestSuite1591337386301.groovy:37)
Caused by: com.kms.katalon.core.webui.exception.WebElementNotFoundException: Web element with id: 'Object Repository/1612427/17_SendIcon/Page_Town Square - minus Mattermost/svg' located by 'By.xpath: (.//*[normalize-space(text()) and normalize-space(.)='Write to Town Square'])[1]/following::*[name()='svg'][2]' not found
	at com.kms.katalon.core.webui.common.WebUiCommonHelper.findWebElement(WebUiCommonHelper.java:1154)
	at com.kms.katalon.core.webui.keyword.internal.WebUIAbstractKeyword.findWebElement(WebUIAbstractKeyword.groovy:27)
	at com.kms.katalon.core.webui.keyword.internal.WebUIAbstractKeyword.findWebElement(WebUIAbstractKeyword.groovy:26)
	at com.kms.katalon.core.webui.keyword.builtin.ClickKeyword$_click_closure1.doCall(ClickKeyword.groovy:67)
	at com.kms.katalon.core.webui.keyword.builtin.ClickKeyword$_click_closure1.call(ClickKeyword.groovy)
	at com.kms.katalon.core.webui.keyword.internal.WebUIKeywordMain.runKeyword(WebUIKeywordMain.groovy:20)
	at com.kms.katalon.core.webui.keyword.builtin.ClickKeyword.click(ClickKeyword.groovy:76)
	at com.kms.katalon.core.webui.keyword.builtin.ClickKeyword.execute(ClickKeyword.groovy:43)
	at com.kms.katalon.core.keyword.internal.KeywordExecutor.executeKeywordForPlatform(KeywordExecutor.groovy:72)
	at com.kms.katalon.core.webui.keyword.WebUiBuiltInKeywords.click(WebUiBuiltInKeywords.groovy:616)
	at com.kms.katalon.core.webui.keyword.WebUiBuiltInKeywords$click$3.call(Unknown Source)
	at Script1591144482063.run(Script1591144482063.groovy:33)
	... 13 more
)
[[ATTACHMENT|C:\\Users\\Thanh\\Desktop\\github.com\\New folder (2)\\homeword02-mattermost-katalon\\Reports\\20200605_130946\\Run all test cases\\20200605_130946\\1591338545773.png]]]]></system-out>
         <system-err><![CDATA[2020-06-05 13:28:08 - [TEST_CASE][FAILED] - Test Cases/1612427/17_SendIcon: Test Cases/1612427/17_SendIcon FAILED.
Reason:
com.kms.katalon.core.exception.StepFailedException: Unable to click on object 'Object Repository/1612427/17_SendIcon/Page_Town Square - minus Mattermost/svg'
	at com.kms.katalon.core.webui.keyword.internal.WebUIKeywordMain.stepFailed(WebUIKeywordMain.groovy:64)
	at com.kms.katalon.core.webui.keyword.internal.WebUIKeywordMain.runKeyword(WebUIKeywordMain.groovy:26)
	at com.kms.katalon.core.webui.keyword.builtin.ClickKeyword.click(ClickKeyword.groovy:76)
	at com.kms.katalon.core.webui.keyword.builtin.ClickKeyword.execute(ClickKeyword.groovy:43)
	at com.kms.katalon.core.keyword.internal.KeywordExecutor.executeKeywordForPlatform(KeywordExecutor.groovy:72)
	at com.kms.katalon.core.webui.keyword.WebUiBuiltInKeywords.click(WebUiBuiltInKeywords.groovy:616)
	at com.kms.katalon.core.webui.keyword.WebUiBuiltInKeywords$click$3.call(Unknown Source)
	at 17_SendIcon.run(17_SendIcon:33)
	at com.kms.katalon.core.main.ScriptEngine.run(ScriptEngine.java:194)
	at com.kms.katalon.core.main.ScriptEngine.runScriptAsRawText(ScriptEngine.java:119)
	at com.kms.katalon.core.main.TestCaseExecutor.runScript(TestCaseExecutor.java:337)
	at com.kms.katalon.core.main.TestCaseExecutor.doExecute(TestCaseExecutor.java:328)
	at com.kms.katalon.core.main.TestCaseExecutor.processExecutionPhase(TestCaseExecutor.java:307)
	at com.kms.katalon.core.main.TestCaseExecutor.accessMainPhase(TestCaseExecutor.java:299)
	at com.kms.katalon.core.main.TestCaseExecutor.execute(TestCaseExecutor.java:233)
	at com.kms.katalon.core.main.TestSuiteExecutor.accessTestCaseMainPhase(TestSuiteExecutor.java:169)
	at com.kms.katalon.core.main.TestSuiteExecutor.accessTestSuiteMainPhase(TestSuiteExecutor.java:142)
	at com.kms.katalon.core.main.TestSuiteExecutor.execute(TestSuiteExecutor.java:91)
	at com.kms.katalon.core.main.TestCaseMain.startTestSuite(TestCaseMain.java:157)
	at com.kms.katalon.core.main.TestCaseMain$startTestSuite$0.call(Unknown Source)
	at TempTestSuite1591337386301.run(TempTestSuite1591337386301.groovy:37)
Caused by: com.kms.katalon.core.webui.exception.WebElementNotFoundException: Web element with id: 'Object Repository/1612427/17_SendIcon/Page_Town Square - minus Mattermost/svg' located by 'By.xpath: (.//*[normalize-space(text()) and normalize-space(.)='Write to Town Square'])[1]/following::*[name()='svg'][2]' not found
	at com.kms.katalon.core.webui.common.WebUiCommonHelper.findWebElement(WebUiCommonHelper.java:1154)
	at com.kms.katalon.core.webui.keyword.internal.WebUIAbstractKeyword.findWebElement(WebUIAbstractKeyword.groovy:27)
	at com.kms.katalon.core.webui.keyword.internal.WebUIAbstractKeyword.findWebElement(WebUIAbstractKeyword.groovy:26)
	at com.kms.katalon.core.webui.keyword.builtin.ClickKeyword$_click_closure1.doCall(ClickKeyword.groovy:67)
	at com.kms.katalon.core.webui.keyword.builtin.ClickKeyword$_click_closure1.call(ClickKeyword.groovy)
	at com.kms.katalon.core.webui.keyword.internal.WebUIKeywordMain.runKeyword(WebUIKeywordMain.groovy:20)
	... 19 more]]></system-err>
      </testcase>
      <testcase name="Test Cases/1612427/18_SwitchChannel" time="15.634" classname="Test Cases/1612427/18_SwitchChannel" status="PASSED">
         <system-out><![CDATA[2020-06-05 13:29:06 - [TEST_CASE][PASSED] - Test Cases/1612427/18_SwitchChannel: Test Cases/1612427/18_SwitchChannel

2020-06-05 13:29:07 - [TEST_STEP][PASSED] - openBrowser(""): Browser is opened with url: ''

2020-06-05 13:29:07 - [MESSAGE][WARNING] - A browser is already opened. Closing browser and opening a new one

2020-06-05 13:29:07 - [MESSAGE][INFO] - Starting 'Chrome' driver

2020-06-05 13:29:07 - [MESSAGE][INFO] - Action delay is set to 0 milliseconds

2020-06-05 13:29:11 - [MESSAGE][PASSED] - Browser is opened with url: ''

2020-06-05 13:29:11 - [TEST_STEP][PASSED] - navigateToUrl("http://localhost:8065/login"): Navigate to 'http://localhost:8065/login' successfully

2020-06-05 13:29:12 - [MESSAGE][PASSED] - Navigate to 'http://localhost:8065/login' successfully

2020-06-05 13:29:12 - [TEST_STEP][PASSED] - setText(findTestObject("Object Repository/1612427/18_SwitchChannel/Page_Mattermost/input_All team communication in one place s_703ef5"), "hcmus-cdnc"): Text 'hcmus-cdnc' is set on object 'Object Repository/1612427/18_SwitchChannel/Page_Mattermost/input_All team communication in one place s_703ef5'

2020-06-05 13:29:14 - [MESSAGE][PASSED] - Text 'hcmus-cdnc' is set on object 'Object Repository/1612427/18_SwitchChannel/Page_Mattermost/input_All team communication in one place s_703ef5'

2020-06-05 13:29:14 - [TEST_STEP][PASSED] - setEncryptedText(findTestObject("Object Repository/1612427/18_SwitchChannel/Page_Mattermost/input_All team communication in one place s_2f2733"), "aeHFOx8jV/A="): Text ****** has been set on object 'Object Repository/1612427/18_SwitchChannel/Page_Mattermost/input_All team communication in one place s_2f2733'

2020-06-05 13:29:15 - [MESSAGE][PASSED] - Text ****** has been set on object 'Object Repository/1612427/18_SwitchChannel/Page_Mattermost/input_All team communication in one place s_2f2733'

2020-06-05 13:29:15 - [TEST_STEP][PASSED] - click(findTestObject("Object Repository/1612427/18_SwitchChannel/Page_Mattermost/span_Sign in")): Object: 'Object Repository/1612427/18_SwitchChannel/Page_Mattermost/span_Sign in' is clicked on

2020-06-05 13:29:16 - [MESSAGE][PASSED] - Object: 'Object Repository/1612427/18_SwitchChannel/Page_Mattermost/span_Sign in' is clicked on

2020-06-05 13:29:16 - [TEST_STEP][PASSED] - channels = ["Town Square", "Off-Topic"]: null

2020-06-05 13:29:16 - [TEST_STEP][PASSED] - for (String ch : channels): null

2020-06-05 13:29:16 - [TEST_STEP][PASSED] - switch (ch): null

2020-06-05 13:29:16 - [TEST_STEP][PASSED] - case "Town Square":: null

2020-06-05 13:29:16 - [TEST_STEP][PASSED] - click(findTestObject("Object Repository/1612427/18_SwitchChannel/Page_Town Square - minus Mattermost/span_Off-Topic")): Object: 'Object Repository/1612427/18_SwitchChannel/Page_Town Square - minus Mattermost/span_Off-Topic' is clicked on

2020-06-05 13:29:19 - [MESSAGE][PASSED] - Object: 'Object Repository/1612427/18_SwitchChannel/Page_Town Square - minus Mattermost/span_Off-Topic' is clicked on

2020-06-05 13:29:19 - [TEST_STEP][PASSED] - break: null

2020-06-05 13:29:19 - [TEST_STEP][PASSED] - switch (ch): null

2020-06-05 13:29:19 - [TEST_STEP][PASSED] - case "Off-Topic":: null

2020-06-05 13:29:19 - [TEST_STEP][PASSED] - click(findTestObject("Object Repository/1612427/18_SwitchChannel/Page_Off-Topic - minus Mattermost/span_Town Square")): Object: 'Object Repository/1612427/18_SwitchChannel/Page_Off-Topic - minus Mattermost/span_Town Square' is clicked on

2020-06-05 13:29:21 - [MESSAGE][PASSED] - Object: 'Object Repository/1612427/18_SwitchChannel/Page_Off-Topic - minus Mattermost/span_Town Square' is clicked on

2020-06-05 13:29:21 - [TEST_STEP][PASSED] - break: null

2020-06-05 13:29:21 - [TEST_STEP][PASSED] - closeBrowser(): Browser is closed

2020-06-05 13:29:22 - [MESSAGE][PASSED] - Browser is closed]]></system-out>
         <system-err><![CDATA[]]></system-err>
      </testcase>
      <testcase name="Test Cases/1612427/19_InvitePeople" time="18.803" classname="Test Cases/1612427/19_InvitePeople" status="PASSED">
         <system-out><![CDATA[2020-06-05 13:29:22 - [TEST_CASE][PASSED] - Test Cases/1612427/19_InvitePeople: Test Cases/1612427/19_InvitePeople

2020-06-05 13:29:22 - [TEST_STEP][PASSED] - openBrowser(""): Browser is opened with url: ''

2020-06-05 13:29:22 - [MESSAGE][INFO] - Starting 'Chrome' driver

2020-06-05 13:29:22 - [MESSAGE][INFO] - Action delay is set to 0 milliseconds

2020-06-05 13:29:26 - [MESSAGE][PASSED] - Browser is opened with url: ''

2020-06-05 13:29:26 - [TEST_STEP][PASSED] - navigateToUrl("http://localhost:8065/login"): Navigate to 'http://localhost:8065/login' successfully

2020-06-05 13:29:27 - [MESSAGE][PASSED] - Navigate to 'http://localhost:8065/login' successfully

2020-06-05 13:29:27 - [TEST_STEP][PASSED] - setText(findTestObject("Object Repository/1612427/19_InvitePeople/Page_Mattermost/input_All team communication in one place s_703ef5"), "hcmus-cdnc"): Text 'hcmus-cdnc' is set on object 'Object Repository/1612427/19_InvitePeople/Page_Mattermost/input_All team communication in one place s_703ef5'

2020-06-05 13:29:29 - [MESSAGE][PASSED] - Text 'hcmus-cdnc' is set on object 'Object Repository/1612427/19_InvitePeople/Page_Mattermost/input_All team communication in one place s_703ef5'

2020-06-05 13:29:29 - [TEST_STEP][PASSED] - setEncryptedText(findTestObject("Object Repository/1612427/19_InvitePeople/Page_Mattermost/input_All team communication in one place s_2f2733"), "aeHFOx8jV/A="): Text ****** has been set on object 'Object Repository/1612427/19_InvitePeople/Page_Mattermost/input_All team communication in one place s_2f2733'

2020-06-05 13:29:30 - [MESSAGE][PASSED] - Text ****** has been set on object 'Object Repository/1612427/19_InvitePeople/Page_Mattermost/input_All team communication in one place s_2f2733'

2020-06-05 13:29:30 - [TEST_STEP][PASSED] - click(findTestObject("Object Repository/1612427/19_InvitePeople/Page_Mattermost/span_Sign in")): Object: 'Object Repository/1612427/19_InvitePeople/Page_Mattermost/span_Sign in' is clicked on

2020-06-05 13:29:30 - [MESSAGE][PASSED] - Object: 'Object Repository/1612427/19_InvitePeople/Page_Mattermost/span_Sign in' is clicked on

2020-06-05 13:29:30 - [TEST_STEP][PASSED] - click(findTestObject("Object Repository/1612427/19_InvitePeople/Page_Town Square - minus Mattermost/svg")): Object: 'Object Repository/1612427/19_InvitePeople/Page_Town Square - minus Mattermost/svg' is clicked on

2020-06-05 13:29:34 - [MESSAGE][PASSED] - Object: 'Object Repository/1612427/19_InvitePeople/Page_Town Square - minus Mattermost/svg' is clicked on

2020-06-05 13:29:34 - [TEST_STEP][PASSED] - click(findTestObject("Object Repository/1612427/19_InvitePeople/Page_Town Square - minus Mattermost/span_Invite People")): Object: 'Object Repository/1612427/19_InvitePeople/Page_Town Square - minus Mattermost/span_Invite People' is clicked on

2020-06-05 13:29:35 - [MESSAGE][PASSED] - Object: 'Object Repository/1612427/19_InvitePeople/Page_Town Square - minus Mattermost/span_Invite People' is clicked on

2020-06-05 13:29:35 - [TEST_STEP][PASSED] - click(findTestObject("Object Repository/1612427/19_InvitePeople/Page_Town Square - minus Mattermost/div_Add members")): Object: 'Object Repository/1612427/19_InvitePeople/Page_Town Square - minus Mattermost/div_Add members' is clicked on

2020-06-05 13:29:36 - [MESSAGE][PASSED] - Object: 'Object Repository/1612427/19_InvitePeople/Page_Town Square - minus Mattermost/div_Add members' is clicked on

2020-06-05 13:29:36 - [TEST_STEP][PASSED] - members = ["Nghiem", "Loc", "Thien", "Nhat"]: null

2020-06-05 13:29:36 - [TEST_STEP][PASSED] - for (String name : members): null

2020-06-05 13:29:36 - [TEST_STEP][PASSED] - switch (name): null

2020-06-05 13:29:36 - [TEST_STEP][PASSED] - case "Nghiem":: null

2020-06-05 13:29:36 - [TEST_STEP][PASSED] - setText(findTestObject("Object Repository/1612427/19_InvitePeople/Page_Town Square - minus Mattermost/input_Add members_react-select-2-input"), name): Text 'Nghiem' is set on object 'Object Repository/1612427/19_InvitePeople/Page_Town Square - minus Mattermost/input_Add members_react-select-2-input'

2020-06-05 13:29:37 - [MESSAGE][PASSED] - Text 'Nghiem' is set on object 'Object Repository/1612427/19_InvitePeople/Page_Town Square - minus Mattermost/input_Add members_react-select-2-input'

2020-06-05 13:29:37 - [TEST_STEP][PASSED] - break: null

2020-06-05 13:29:37 - [TEST_STEP][PASSED] - switch (name): null

2020-06-05 13:29:37 - [TEST_STEP][PASSED] - case "Loc":: null

2020-06-05 13:29:37 - [TEST_STEP][PASSED] - setText(findTestObject("Object Repository/1612427/19_InvitePeople/Page_Town Square - minus Mattermost/input_Add members_react-select-2-input"), "Loc"): Text 'Loc' is set on object 'Object Repository/1612427/19_InvitePeople/Page_Town Square - minus Mattermost/input_Add members_react-select-2-input'

2020-06-05 13:29:39 - [MESSAGE][PASSED] - Text 'Loc' is set on object 'Object Repository/1612427/19_InvitePeople/Page_Town Square - minus Mattermost/input_Add members_react-select-2-input'

2020-06-05 13:29:39 - [TEST_STEP][PASSED] - break: null

2020-06-05 13:29:39 - [TEST_STEP][PASSED] - switch (name): null

2020-06-05 13:29:39 - [TEST_STEP][PASSED] - case "Thien":: null

2020-06-05 13:29:39 - [TEST_STEP][PASSED] - setText(findTestObject("Object Repository/1612427/19_InvitePeople/Page_Town Square - minus Mattermost/input_Add members_react-select-2-input"), "Thien"): Text 'Thien' is set on object 'Object Repository/1612427/19_InvitePeople/Page_Town Square - minus Mattermost/input_Add members_react-select-2-input'

2020-06-05 13:29:40 - [MESSAGE][PASSED] - Text 'Thien' is set on object 'Object Repository/1612427/19_InvitePeople/Page_Town Square - minus Mattermost/input_Add members_react-select-2-input'

2020-06-05 13:29:40 - [TEST_STEP][PASSED] - break: null

2020-06-05 13:29:40 - [TEST_STEP][PASSED] - switch (name): null

2020-06-05 13:29:40 - [TEST_STEP][PASSED] - closeBrowser(): Browser is closed

2020-06-05 13:29:41 - [MESSAGE][PASSED] - Browser is closed]]></system-out>
         <system-err><![CDATA[]]></system-err>
      </testcase>
      <testcase name="Test Cases/1612427/20_Search_Message" time="9.225" classname="Test Cases/1612427/20_Search_Message" status="FAILED">
         <failure type="FAILED" message="Test Cases/1612427/20_Search_Message FAILED.
Reason:
com.kms.katalon.core.exception.StepFailedException: Unable to set text
	at com.kms.katalon.core.webui.keyword.internal.WebUIKeywordMain.stepFailed(WebUIKeywordMain.groovy:64)
	at com.kms.katalon.core.webui.keyword.internal.WebUIKeywordMain.runKeyword(WebUIKeywordMain.groovy:26)
	at com.kms.katalon.core.webui.keyword.builtin.SetTextKeyword.setText(SetTextKeyword.groovy:66)
	at com.kms.katalon.core.webui.keyword.builtin.SetTextKeyword.execute(SetTextKeyword.groovy:37)
	at com.kms.katalon.core.keyword.internal.KeywordExecutor.executeKeywordForPlatform(KeywordExecutor.groovy:72)
	at com.kms.katalon.core.webui.keyword.WebUiBuiltInKeywords.setText(WebUiBuiltInKeywords.groovy:976)
	at com.kms.katalon.core.webui.keyword.WebUiBuiltInKeywords$setText$1.call(Unknown Source)
	at 20_Search_Message.run(20_Search_Message:36)
	at com.kms.katalon.core.main.ScriptEngine.run(ScriptEngine.java:194)
	at com.kms.katalon.core.main.ScriptEngine.runScriptAsRawText(ScriptEngine.java:119)
	at com.kms.katalon.core.main.TestCaseExecutor.runScript(TestCaseExecutor.java:337)
	at com.kms.katalon.core.main.TestCaseExecutor.doExecute(TestCaseExecutor.java:328)
	at com.kms.katalon.core.main.TestCaseExecutor.processExecutionPhase(TestCaseExecutor.java:307)
	at com.kms.katalon.core.main.TestCaseExecutor.accessMainPhase(TestCaseExecutor.java:299)
	at com.kms.katalon.core.main.TestCaseExecutor.execute(TestCaseExecutor.java:233)
	at com.kms.katalon.core.main.TestSuiteExecutor.accessTestCaseMainPhase(TestSuiteExecutor.java:169)
	at com.kms.katalon.core.main.TestSuiteExecutor.accessTestSuiteMainPhase(TestSuiteExecutor.java:142)
	at com.kms.katalon.core.main.TestSuiteExecutor.execute(TestSuiteExecutor.java:91)
	at com.kms.katalon.core.main.TestCaseMain.startTestSuite(TestCaseMain.java:157)
	at com.kms.katalon.core.main.TestCaseMain$startTestSuite$0.call(Unknown Source)
	at TempTestSuite1591337386301.run(TempTestSuite1591337386301.groovy:37)
Caused by: java.lang.IllegalArgumentException: Object is null
	at com.kms.katalon.core.helper.KeywordHelper.checkTestObjectParameter(KeywordHelper.java:33)
	at com.kms.katalon.core.webui.keyword.builtin.SetTextKeyword$_setText_closure1.doCall(SetTextKeyword.groovy:45)
	at com.kms.katalon.core.webui.keyword.builtin.SetTextKeyword$_setText_closure1.call(SetTextKeyword.groovy)
	at com.kms.katalon.core.webui.keyword.internal.WebUIKeywordMain.runKeyword(WebUIKeywordMain.groovy:20)
	... 19 more
"/>
         <system-out><![CDATA[2020-06-05 13:29:41 - [TEST_CASE][FAILED] - Test Cases/1612427/20_Search_Message: Test Cases/1612427/20_Search_Message FAILED.
Reason:
com.kms.katalon.core.exception.StepFailedException: Unable to set text
	at com.kms.katalon.core.webui.keyword.internal.WebUIKeywordMain.stepFailed(WebUIKeywordMain.groovy:64)
	at com.kms.katalon.core.webui.keyword.internal.WebUIKeywordMain.runKeyword(WebUIKeywordMain.groovy:26)
	at com.kms.katalon.core.webui.keyword.builtin.SetTextKeyword.setText(SetTextKeyword.groovy:66)
	at com.kms.katalon.core.webui.keyword.builtin.SetTextKeyword.execute(SetTextKeyword.groovy:37)
	at com.kms.katalon.core.keyword.internal.KeywordExecutor.executeKeywordForPlatform(KeywordExecutor.groovy:72)
	at com.kms.katalon.core.webui.keyword.WebUiBuiltInKeywords.setText(WebUiBuiltInKeywords.groovy:976)
	at com.kms.katalon.core.webui.keyword.WebUiBuiltInKeywords$setText$1.call(Unknown Source)
	at 20_Search_Message.run(20_Search_Message:36)
	at com.kms.katalon.core.main.ScriptEngine.run(ScriptEngine.java:194)
	at com.kms.katalon.core.main.ScriptEngine.runScriptAsRawText(ScriptEngine.java:119)
	at com.kms.katalon.core.main.TestCaseExecutor.runScript(TestCaseExecutor.java:337)
	at com.kms.katalon.core.main.TestCaseExecutor.doExecute(TestCaseExecutor.java:328)
	at com.kms.katalon.core.main.TestCaseExecutor.processExecutionPhase(TestCaseExecutor.java:307)
	at com.kms.katalon.core.main.TestCaseExecutor.accessMainPhase(TestCaseExecutor.java:299)
	at com.kms.katalon.core.main.TestCaseExecutor.execute(TestCaseExecutor.java:233)
	at com.kms.katalon.core.main.TestSuiteExecutor.accessTestCaseMainPhase(TestSuiteExecutor.java:169)
	at com.kms.katalon.core.main.TestSuiteExecutor.accessTestSuiteMainPhase(TestSuiteExecutor.java:142)
	at com.kms.katalon.core.main.TestSuiteExecutor.execute(TestSuiteExecutor.java:91)
	at com.kms.katalon.core.main.TestCaseMain.startTestSuite(TestCaseMain.java:157)
	at com.kms.katalon.core.main.TestCaseMain$startTestSuite$0.call(Unknown Source)
	at TempTestSuite1591337386301.run(TempTestSuite1591337386301.groovy:37)
Caused by: java.lang.IllegalArgumentException: Object is null
	at com.kms.katalon.core.helper.KeywordHelper.checkTestObjectParameter(KeywordHelper.java:33)
	at com.kms.katalon.core.webui.keyword.builtin.SetTextKeyword$_setText_closure1.doCall(SetTextKeyword.groovy:45)
	at com.kms.katalon.core.webui.keyword.builtin.SetTextKeyword$_setText_closure1.call(SetTextKeyword.groovy)
	at com.kms.katalon.core.webui.keyword.internal.WebUIKeywordMain.runKeyword(WebUIKeywordMain.groovy:20)
	... 19 more


2020-06-05 13:29:41 - [TEST_STEP][PASSED] - openBrowser(""): Browser is opened with url: ''

2020-06-05 13:29:41 - [MESSAGE][INFO] - Starting 'Chrome' driver

2020-06-05 13:29:41 - [MESSAGE][INFO] - Action delay is set to 0 milliseconds

2020-06-05 13:29:45 - [MESSAGE][PASSED] - Browser is opened with url: ''

2020-06-05 13:29:45 - [TEST_STEP][PASSED] - navigateToUrl("http://localhost:8065/login"): Navigate to 'http://localhost:8065/login' successfully

2020-06-05 13:29:46 - [MESSAGE][PASSED] - Navigate to 'http://localhost:8065/login' successfully

2020-06-05 13:29:46 - [TEST_STEP][PASSED] - setText(findTestObject("Object Repository/1612427/20_SearchMessage/Page_Mattermost/input_All team communication in one place s_703ef5"), "hcmus-cdnc"): Text 'hcmus-cdnc' is set on object 'Object Repository/1612427/20_SearchMessage/Page_Mattermost/input_All team communication in one place s_703ef5'

2020-06-05 13:29:49 - [MESSAGE][PASSED] - Text 'hcmus-cdnc' is set on object 'Object Repository/1612427/20_SearchMessage/Page_Mattermost/input_All team communication in one place s_703ef5'

2020-06-05 13:29:49 - [TEST_STEP][PASSED] - setEncryptedText(findTestObject("Object Repository/1612427/20_SearchMessage/Page_Mattermost/input_All team communication in one place s_2f2733"), "aeHFOx8jV/A="): Text ****** has been set on object 'Object Repository/1612427/20_SearchMessage/Page_Mattermost/input_All team communication in one place s_2f2733'

2020-06-05 13:29:49 - [MESSAGE][PASSED] - Text ****** has been set on object 'Object Repository/1612427/20_SearchMessage/Page_Mattermost/input_All team communication in one place s_2f2733'

2020-06-05 13:29:49 - [TEST_STEP][PASSED] - click(findTestObject("Object Repository/1612427/20_SearchMessage/Page_Mattermost/button_Sign in")): Object: 'Object Repository/1612427/20_SearchMessage/Page_Mattermost/button_Sign in' is clicked on

2020-06-05 13:29:50 - [MESSAGE][PASSED] - Object: 'Object Repository/1612427/20_SearchMessage/Page_Mattermost/button_Sign in' is clicked on

2020-06-05 13:29:50 - [TEST_STEP][PASSED] - keys = ["nghiem", "son"]: null

2020-06-05 13:29:50 - [TEST_STEP][FAILED] - for (String key : keys): Unable to set text (Root cause: com.kms.katalon.core.exception.StepFailedException: Unable to set text
	at com.kms.katalon.core.webui.keyword.internal.WebUIKeywordMain.stepFailed(WebUIKeywordMain.groovy:64)
	at com.kms.katalon.core.webui.keyword.internal.WebUIKeywordMain.runKeyword(WebUIKeywordMain.groovy:26)
	at com.kms.katalon.core.webui.keyword.builtin.SetTextKeyword.setText(SetTextKeyword.groovy:66)
	at com.kms.katalon.core.webui.keyword.builtin.SetTextKeyword.execute(SetTextKeyword.groovy:37)
	at com.kms.katalon.core.keyword.internal.KeywordExecutor.executeKeywordForPlatform(KeywordExecutor.groovy:72)
	at com.kms.katalon.core.webui.keyword.WebUiBuiltInKeywords.setText(WebUiBuiltInKeywords.groovy:976)
	at com.kms.katalon.core.webui.keyword.WebUiBuiltInKeywords$setText$1.call(Unknown Source)
	at 20_Search_Message.run(20_Search_Message:36)
	at com.kms.katalon.core.main.ScriptEngine.run(ScriptEngine.java:194)
	at com.kms.katalon.core.main.ScriptEngine.runScriptAsRawText(ScriptEngine.java:119)
	at com.kms.katalon.core.main.TestCaseExecutor.runScript(TestCaseExecutor.java:337)
	at com.kms.katalon.core.main.TestCaseExecutor.doExecute(TestCaseExecutor.java:328)
	at com.kms.katalon.core.main.TestCaseExecutor.processExecutionPhase(TestCaseExecutor.java:307)
	at com.kms.katalon.core.main.TestCaseExecutor.accessMainPhase(TestCaseExecutor.java:299)
	at com.kms.katalon.core.main.TestCaseExecutor.execute(TestCaseExecutor.java:233)
	at com.kms.katalon.core.main.TestSuiteExecutor.accessTestCaseMainPhase(TestSuiteExecutor.java:169)
	at com.kms.katalon.core.main.TestSuiteExecutor.accessTestSuiteMainPhase(TestSuiteExecutor.java:142)
	at com.kms.katalon.core.main.TestSuiteExecutor.execute(TestSuiteExecutor.java:91)
	at com.kms.katalon.core.main.TestCaseMain.startTestSuite(TestCaseMain.java:157)
	at com.kms.katalon.core.main.TestCaseMain$startTestSuite$0.call(Unknown Source)
	at TempTestSuite1591337386301.run(TempTestSuite1591337386301.groovy:37)
Caused by: java.lang.IllegalArgumentException: Object is null
	at com.kms.katalon.core.helper.KeywordHelper.checkTestObjectParameter(KeywordHelper.java:33)
	at com.kms.katalon.core.webui.keyword.builtin.SetTextKeyword$_setText_closure1.doCall(SetTextKeyword.groovy:45)
	at com.kms.katalon.core.webui.keyword.builtin.SetTextKeyword$_setText_closure1.call(SetTextKeyword.groovy)
	at com.kms.katalon.core.webui.keyword.internal.WebUIKeywordMain.runKeyword(WebUIKeywordMain.groovy:20)
	at com.kms.katalon.core.webui.keyword.builtin.SetTextKeyword.setText(SetTextKeyword.groovy:66)
	at com.kms.katalon.core.webui.keyword.builtin.SetTextKeyword.execute(SetTextKeyword.groovy:37)
	at com.kms.katalon.core.keyword.internal.KeywordExecutor.executeKeywordForPlatform(KeywordExecutor.groovy:72)
	at com.kms.katalon.core.webui.keyword.WebUiBuiltInKeywords.setText(WebUiBuiltInKeywords.groovy:976)
	at com.kms.katalon.core.webui.keyword.WebUiBuiltInKeywords$setText$1.call(Unknown Source)
	at Script1591282251403.run(Script1591282251403.groovy:36)
	... 13 more
)

2020-06-05 13:29:50 - [TEST_STEP][FAILED] - switch ("from"): Unable to set text (Root cause: com.kms.katalon.core.exception.StepFailedException: Unable to set text
	at com.kms.katalon.core.webui.keyword.internal.WebUIKeywordMain.stepFailed(WebUIKeywordMain.groovy:64)
	at com.kms.katalon.core.webui.keyword.internal.WebUIKeywordMain.runKeyword(WebUIKeywordMain.groovy:26)
	at com.kms.katalon.core.webui.keyword.builtin.SetTextKeyword.setText(SetTextKeyword.groovy:66)
	at com.kms.katalon.core.webui.keyword.builtin.SetTextKeyword.execute(SetTextKeyword.groovy:37)
	at com.kms.katalon.core.keyword.internal.KeywordExecutor.executeKeywordForPlatform(KeywordExecutor.groovy:72)
	at com.kms.katalon.core.webui.keyword.WebUiBuiltInKeywords.setText(WebUiBuiltInKeywords.groovy:976)
	at com.kms.katalon.core.webui.keyword.WebUiBuiltInKeywords$setText$1.call(Unknown Source)
	at 20_Search_Message.run(20_Search_Message:36)
	at com.kms.katalon.core.main.ScriptEngine.run(ScriptEngine.java:194)
	at com.kms.katalon.core.main.ScriptEngine.runScriptAsRawText(ScriptEngine.java:119)
	at com.kms.katalon.core.main.TestCaseExecutor.runScript(TestCaseExecutor.java:337)
	at com.kms.katalon.core.main.TestCaseExecutor.doExecute(TestCaseExecutor.java:328)
	at com.kms.katalon.core.main.TestCaseExecutor.processExecutionPhase(TestCaseExecutor.java:307)
	at com.kms.katalon.core.main.TestCaseExecutor.accessMainPhase(TestCaseExecutor.java:299)
	at com.kms.katalon.core.main.TestCaseExecutor.execute(TestCaseExecutor.java:233)
	at com.kms.katalon.core.main.TestSuiteExecutor.accessTestCaseMainPhase(TestSuiteExecutor.java:169)
	at com.kms.katalon.core.main.TestSuiteExecutor.accessTestSuiteMainPhase(TestSuiteExecutor.java:142)
	at com.kms.katalon.core.main.TestSuiteExecutor.execute(TestSuiteExecutor.java:91)
	at com.kms.katalon.core.main.TestCaseMain.startTestSuite(TestCaseMain.java:157)
	at com.kms.katalon.core.main.TestCaseMain$startTestSuite$0.call(Unknown Source)
	at TempTestSuite1591337386301.run(TempTestSuite1591337386301.groovy:37)
Caused by: java.lang.IllegalArgumentException: Object is null
	at com.kms.katalon.core.helper.KeywordHelper.checkTestObjectParameter(KeywordHelper.java:33)
	at com.kms.katalon.core.webui.keyword.builtin.SetTextKeyword$_setText_closure1.doCall(SetTextKeyword.groovy:45)
	at com.kms.katalon.core.webui.keyword.builtin.SetTextKeyword$_setText_closure1.call(SetTextKeyword.groovy)
	at com.kms.katalon.core.webui.keyword.internal.WebUIKeywordMain.runKeyword(WebUIKeywordMain.groovy:20)
	at com.kms.katalon.core.webui.keyword.builtin.SetTextKeyword.setText(SetTextKeyword.groovy:66)
	at com.kms.katalon.core.webui.keyword.builtin.SetTextKeyword.execute(SetTextKeyword.groovy:37)
	at com.kms.katalon.core.keyword.internal.KeywordExecutor.executeKeywordForPlatform(KeywordExecutor.groovy:72)
	at com.kms.katalon.core.webui.keyword.WebUiBuiltInKeywords.setText(WebUiBuiltInKeywords.groovy:976)
	at com.kms.katalon.core.webui.keyword.WebUiBuiltInKeywords$setText$1.call(Unknown Source)
	at Script1591282251403.run(Script1591282251403.groovy:36)
	... 13 more
)

2020-06-05 13:29:50 - [TEST_STEP][FAILED] - case "from":: Unable to set text (Root cause: com.kms.katalon.core.exception.StepFailedException: Unable to set text
	at com.kms.katalon.core.webui.keyword.internal.WebUIKeywordMain.stepFailed(WebUIKeywordMain.groovy:64)
	at com.kms.katalon.core.webui.keyword.internal.WebUIKeywordMain.runKeyword(WebUIKeywordMain.groovy:26)
	at com.kms.katalon.core.webui.keyword.builtin.SetTextKeyword.setText(SetTextKeyword.groovy:66)
	at com.kms.katalon.core.webui.keyword.builtin.SetTextKeyword.execute(SetTextKeyword.groovy:37)
	at com.kms.katalon.core.keyword.internal.KeywordExecutor.executeKeywordForPlatform(KeywordExecutor.groovy:72)
	at com.kms.katalon.core.webui.keyword.WebUiBuiltInKeywords.setText(WebUiBuiltInKeywords.groovy:976)
	at com.kms.katalon.core.webui.keyword.WebUiBuiltInKeywords$setText$1.call(Unknown Source)
	at 20_Search_Message.run(20_Search_Message:36)
	at com.kms.katalon.core.main.ScriptEngine.run(ScriptEngine.java:194)
	at com.kms.katalon.core.main.ScriptEngine.runScriptAsRawText(ScriptEngine.java:119)
	at com.kms.katalon.core.main.TestCaseExecutor.runScript(TestCaseExecutor.java:337)
	at com.kms.katalon.core.main.TestCaseExecutor.doExecute(TestCaseExecutor.java:328)
	at com.kms.katalon.core.main.TestCaseExecutor.processExecutionPhase(TestCaseExecutor.java:307)
	at com.kms.katalon.core.main.TestCaseExecutor.accessMainPhase(TestCaseExecutor.java:299)
	at com.kms.katalon.core.main.TestCaseExecutor.execute(TestCaseExecutor.java:233)
	at com.kms.katalon.core.main.TestSuiteExecutor.accessTestCaseMainPhase(TestSuiteExecutor.java:169)
	at com.kms.katalon.core.main.TestSuiteExecutor.accessTestSuiteMainPhase(TestSuiteExecutor.java:142)
	at com.kms.katalon.core.main.TestSuiteExecutor.execute(TestSuiteExecutor.java:91)
	at com.kms.katalon.core.main.TestCaseMain.startTestSuite(TestCaseMain.java:157)
	at com.kms.katalon.core.main.TestCaseMain$startTestSuite$0.call(Unknown Source)
	at TempTestSuite1591337386301.run(TempTestSuite1591337386301.groovy:37)
Caused by: java.lang.IllegalArgumentException: Object is null
	at com.kms.katalon.core.helper.KeywordHelper.checkTestObjectParameter(KeywordHelper.java:33)
	at com.kms.katalon.core.webui.keyword.builtin.SetTextKeyword$_setText_closure1.doCall(SetTextKeyword.groovy:45)
	at com.kms.katalon.core.webui.keyword.builtin.SetTextKeyword$_setText_closure1.call(SetTextKeyword.groovy)
	at com.kms.katalon.core.webui.keyword.internal.WebUIKeywordMain.runKeyword(WebUIKeywordMain.groovy:20)
	at com.kms.katalon.core.webui.keyword.builtin.SetTextKeyword.setText(SetTextKeyword.groovy:66)
	at com.kms.katalon.core.webui.keyword.builtin.SetTextKeyword.execute(SetTextKeyword.groovy:37)
	at com.kms.katalon.core.keyword.internal.KeywordExecutor.executeKeywordForPlatform(KeywordExecutor.groovy:72)
	at com.kms.katalon.core.webui.keyword.WebUiBuiltInKeywords.setText(WebUiBuiltInKeywords.groovy:976)
	at com.kms.katalon.core.webui.keyword.WebUiBuiltInKeywords$setText$1.call(Unknown Source)
	at Script1591282251403.run(Script1591282251403.groovy:36)
	... 13 more
)

2020-06-05 13:29:50 - [TEST_STEP][FAILED] - setText(findTestObject("Object Repository/1612427/20_Search_Message/Page_Town Square - eligendi Mattermost/input_(Edit)_searchBox"), "from: ".concat(key)): Unable to set text (Root cause: com.kms.katalon.core.exception.StepFailedException: Unable to set text
	at com.kms.katalon.core.webui.keyword.internal.WebUIKeywordMain.stepFailed(WebUIKeywordMain.groovy:64)
	at com.kms.katalon.core.webui.keyword.internal.WebUIKeywordMain.runKeyword(WebUIKeywordMain.groovy:26)
	at com.kms.katalon.core.webui.keyword.builtin.SetTextKeyword.setText(SetTextKeyword.groovy:66)
	at com.kms.katalon.core.webui.keyword.builtin.SetTextKeyword.execute(SetTextKeyword.groovy:37)
	at com.kms.katalon.core.keyword.internal.KeywordExecutor.executeKeywordForPlatform(KeywordExecutor.groovy:72)
	at com.kms.katalon.core.webui.keyword.WebUiBuiltInKeywords.setText(WebUiBuiltInKeywords.groovy:976)
	at com.kms.katalon.core.webui.keyword.WebUiBuiltInKeywords$setText$1.call(Unknown Source)
	at 20_Search_Message.run(20_Search_Message:36)
	at com.kms.katalon.core.main.ScriptEngine.run(ScriptEngine.java:194)
	at com.kms.katalon.core.main.ScriptEngine.runScriptAsRawText(ScriptEngine.java:119)
	at com.kms.katalon.core.main.TestCaseExecutor.runScript(TestCaseExecutor.java:337)
	at com.kms.katalon.core.main.TestCaseExecutor.doExecute(TestCaseExecutor.java:328)
	at com.kms.katalon.core.main.TestCaseExecutor.processExecutionPhase(TestCaseExecutor.java:307)
	at com.kms.katalon.core.main.TestCaseExecutor.accessMainPhase(TestCaseExecutor.java:299)
	at com.kms.katalon.core.main.TestCaseExecutor.execute(TestCaseExecutor.java:233)
	at com.kms.katalon.core.main.TestSuiteExecutor.accessTestCaseMainPhase(TestSuiteExecutor.java:169)
	at com.kms.katalon.core.main.TestSuiteExecutor.accessTestSuiteMainPhase(TestSuiteExecutor.java:142)
	at com.kms.katalon.core.main.TestSuiteExecutor.execute(TestSuiteExecutor.java:91)
	at com.kms.katalon.core.main.TestCaseMain.startTestSuite(TestCaseMain.java:157)
	at com.kms.katalon.core.main.TestCaseMain$startTestSuite$0.call(Unknown Source)
	at TempTestSuite1591337386301.run(TempTestSuite1591337386301.groovy:37)
Caused by: java.lang.IllegalArgumentException: Object is null
	at com.kms.katalon.core.helper.KeywordHelper.checkTestObjectParameter(KeywordHelper.java:33)
	at com.kms.katalon.core.webui.keyword.builtin.SetTextKeyword$_setText_closure1.doCall(SetTextKeyword.groovy:45)
	at com.kms.katalon.core.webui.keyword.builtin.SetTextKeyword$_setText_closure1.call(SetTextKeyword.groovy)
	at com.kms.katalon.core.webui.keyword.internal.WebUIKeywordMain.runKeyword(WebUIKeywordMain.groovy:20)
	at com.kms.katalon.core.webui.keyword.builtin.SetTextKeyword.setText(SetTextKeyword.groovy:66)
	at com.kms.katalon.core.webui.keyword.builtin.SetTextKeyword.execute(SetTextKeyword.groovy:37)
	at com.kms.katalon.core.keyword.internal.KeywordExecutor.executeKeywordForPlatform(KeywordExecutor.groovy:72)
	at com.kms.katalon.core.webui.keyword.WebUiBuiltInKeywords.setText(WebUiBuiltInKeywords.groovy:976)
	at com.kms.katalon.core.webui.keyword.WebUiBuiltInKeywords$setText$1.call(Unknown Source)
	at Script1591282251403.run(Script1591282251403.groovy:36)
	... 13 more
)

2020-06-05 13:29:50 - [MESSAGE][WARNING] - Test object with id 'Object Repository/1612427/20_Search_Message/Page_Town Square - eligendi Mattermost/input_(Edit)_searchBox' does not exist

2020-06-05 13:29:50 - [MESSAGE][WARNING] - Test object with id 'Object Repository/' does not exist

2020-06-05 13:29:50 - [MESSAGE][FAILED] - Unable to set text (Root cause: com.kms.katalon.core.exception.StepFailedException: Unable to set text
	at com.kms.katalon.core.webui.keyword.internal.WebUIKeywordMain.stepFailed(WebUIKeywordMain.groovy:64)
	at com.kms.katalon.core.webui.keyword.internal.WebUIKeywordMain.runKeyword(WebUIKeywordMain.groovy:26)
	at com.kms.katalon.core.webui.keyword.builtin.SetTextKeyword.setText(SetTextKeyword.groovy:66)
	at com.kms.katalon.core.webui.keyword.builtin.SetTextKeyword.execute(SetTextKeyword.groovy:37)
	at com.kms.katalon.core.keyword.internal.KeywordExecutor.executeKeywordForPlatform(KeywordExecutor.groovy:72)
	at com.kms.katalon.core.webui.keyword.WebUiBuiltInKeywords.setText(WebUiBuiltInKeywords.groovy:976)
	at com.kms.katalon.core.webui.keyword.WebUiBuiltInKeywords$setText$1.call(Unknown Source)
	at 20_Search_Message.run(20_Search_Message:36)
	at com.kms.katalon.core.main.ScriptEngine.run(ScriptEngine.java:194)
	at com.kms.katalon.core.main.ScriptEngine.runScriptAsRawText(ScriptEngine.java:119)
	at com.kms.katalon.core.main.TestCaseExecutor.runScript(TestCaseExecutor.java:337)
	at com.kms.katalon.core.main.TestCaseExecutor.doExecute(TestCaseExecutor.java:328)
	at com.kms.katalon.core.main.TestCaseExecutor.processExecutionPhase(TestCaseExecutor.java:307)
	at com.kms.katalon.core.main.TestCaseExecutor.accessMainPhase(TestCaseExecutor.java:299)
	at com.kms.katalon.core.main.TestCaseExecutor.execute(TestCaseExecutor.java:233)
	at com.kms.katalon.core.main.TestSuiteExecutor.accessTestCaseMainPhase(TestSuiteExecutor.java:169)
	at com.kms.katalon.core.main.TestSuiteExecutor.accessTestSuiteMainPhase(TestSuiteExecutor.java:142)
	at com.kms.katalon.core.main.TestSuiteExecutor.execute(TestSuiteExecutor.java:91)
	at com.kms.katalon.core.main.TestCaseMain.startTestSuite(TestCaseMain.java:157)
	at com.kms.katalon.core.main.TestCaseMain$startTestSuite$0.call(Unknown Source)
	at TempTestSuite1591337386301.run(TempTestSuite1591337386301.groovy:37)
Caused by: java.lang.IllegalArgumentException: Object is null
	at com.kms.katalon.core.helper.KeywordHelper.checkTestObjectParameter(KeywordHelper.java:33)
	at com.kms.katalon.core.webui.keyword.builtin.SetTextKeyword$_setText_closure1.doCall(SetTextKeyword.groovy:45)
	at com.kms.katalon.core.webui.keyword.builtin.SetTextKeyword$_setText_closure1.call(SetTextKeyword.groovy)
	at com.kms.katalon.core.webui.keyword.internal.WebUIKeywordMain.runKeyword(WebUIKeywordMain.groovy:20)
	at com.kms.katalon.core.webui.keyword.builtin.SetTextKeyword.setText(SetTextKeyword.groovy:66)
	at com.kms.katalon.core.webui.keyword.builtin.SetTextKeyword.execute(SetTextKeyword.groovy:37)
	at com.kms.katalon.core.keyword.internal.KeywordExecutor.executeKeywordForPlatform(KeywordExecutor.groovy:72)
	at com.kms.katalon.core.webui.keyword.WebUiBuiltInKeywords.setText(WebUiBuiltInKeywords.groovy:976)
	at com.kms.katalon.core.webui.keyword.WebUiBuiltInKeywords$setText$1.call(Unknown Source)
	at Script1591282251403.run(Script1591282251403.groovy:36)
	... 13 more
)
[[ATTACHMENT|C:\\Users\\Thanh\\Desktop\\github.com\\New folder (2)\\homeword02-mattermost-katalon\\Reports\\20200605_130946\\Run all test cases\\20200605_130946\\1591338590249.png]]]]></system-out>
         <system-err><![CDATA[2020-06-05 13:29:41 - [TEST_CASE][FAILED] - Test Cases/1612427/20_Search_Message: Test Cases/1612427/20_Search_Message FAILED.
Reason:
com.kms.katalon.core.exception.StepFailedException: Unable to set text
	at com.kms.katalon.core.webui.keyword.internal.WebUIKeywordMain.stepFailed(WebUIKeywordMain.groovy:64)
	at com.kms.katalon.core.webui.keyword.internal.WebUIKeywordMain.runKeyword(WebUIKeywordMain.groovy:26)
	at com.kms.katalon.core.webui.keyword.builtin.SetTextKeyword.setText(SetTextKeyword.groovy:66)
	at com.kms.katalon.core.webui.keyword.builtin.SetTextKeyword.execute(SetTextKeyword.groovy:37)
	at com.kms.katalon.core.keyword.internal.KeywordExecutor.executeKeywordForPlatform(KeywordExecutor.groovy:72)
	at com.kms.katalon.core.webui.keyword.WebUiBuiltInKeywords.setText(WebUiBuiltInKeywords.groovy:976)
	at com.kms.katalon.core.webui.keyword.WebUiBuiltInKeywords$setText$1.call(Unknown Source)
	at 20_Search_Message.run(20_Search_Message:36)
	at com.kms.katalon.core.main.ScriptEngine.run(ScriptEngine.java:194)
	at com.kms.katalon.core.main.ScriptEngine.runScriptAsRawText(ScriptEngine.java:119)
	at com.kms.katalon.core.main.TestCaseExecutor.runScript(TestCaseExecutor.java:337)
	at com.kms.katalon.core.main.TestCaseExecutor.doExecute(TestCaseExecutor.java:328)
	at com.kms.katalon.core.main.TestCaseExecutor.processExecutionPhase(TestCaseExecutor.java:307)
	at com.kms.katalon.core.main.TestCaseExecutor.accessMainPhase(TestCaseExecutor.java:299)
	at com.kms.katalon.core.main.TestCaseExecutor.execute(TestCaseExecutor.java:233)
	at com.kms.katalon.core.main.TestSuiteExecutor.accessTestCaseMainPhase(TestSuiteExecutor.java:169)
	at com.kms.katalon.core.main.TestSuiteExecutor.accessTestSuiteMainPhase(TestSuiteExecutor.java:142)
	at com.kms.katalon.core.main.TestSuiteExecutor.execute(TestSuiteExecutor.java:91)
	at com.kms.katalon.core.main.TestCaseMain.startTestSuite(TestCaseMain.java:157)
	at com.kms.katalon.core.main.TestCaseMain$startTestSuite$0.call(Unknown Source)
	at TempTestSuite1591337386301.run(TempTestSuite1591337386301.groovy:37)
Caused by: java.lang.IllegalArgumentException: Object is null
	at com.kms.katalon.core.helper.KeywordHelper.checkTestObjectParameter(KeywordHelper.java:33)
	at com.kms.katalon.core.webui.keyword.builtin.SetTextKeyword$_setText_closure1.doCall(SetTextKeyword.groovy:45)
	at com.kms.katalon.core.webui.keyword.builtin.SetTextKeyword$_setText_closure1.call(SetTextKeyword.groovy)
	at com.kms.katalon.core.webui.keyword.internal.WebUIKeywordMain.runKeyword(WebUIKeywordMain.groovy:20)
	... 19 more]]></system-err>
      </testcase>
      <testcase name="Test Cases/1612567/21_CommentChannel" time="26.159" classname="Test Cases/1612567/21_CommentChannel" status="PASSED">
         <system-out><![CDATA[2020-06-05 13:29:50 - [TEST_CASE][PASSED] - Test Cases/1612567/21_CommentChannel: Test Cases/1612567/21_CommentChannel

2020-06-05 13:29:51 - [TEST_STEP][PASSED] - openBrowser(""): Browser is opened with url: ''

2020-06-05 13:29:51 - [MESSAGE][WARNING] - A browser is already opened. Closing browser and opening a new one

2020-06-05 13:29:51 - [MESSAGE][INFO] - Starting 'Chrome' driver

2020-06-05 13:29:51 - [MESSAGE][INFO] - Action delay is set to 0 milliseconds

2020-06-05 13:29:55 - [MESSAGE][PASSED] - Browser is opened with url: ''

2020-06-05 13:29:55 - [TEST_STEP][PASSED] - navigateToUrl("http://localhost:8065/login"): Navigate to 'http://localhost:8065/login' successfully

2020-06-05 13:29:57 - [MESSAGE][PASSED] - Navigate to 'http://localhost:8065/login' successfully

2020-06-05 13:29:57 - [TEST_STEP][PASSED] - setText(findTestObject("Object Repository/1612567/21_CommentChannel/Page_Mattermost/input_All team communication in one place s_703ef5"), "hcmus-cdnc"): Text 'hcmus-cdnc' is set on object 'Object Repository/1612567/21_CommentChannel/Page_Mattermost/input_All team communication in one place s_703ef5'

2020-06-05 13:29:58 - [MESSAGE][PASSED] - Text 'hcmus-cdnc' is set on object 'Object Repository/1612567/21_CommentChannel/Page_Mattermost/input_All team communication in one place s_703ef5'

2020-06-05 13:29:58 - [TEST_STEP][PASSED] - setEncryptedText(findTestObject("Object Repository/1612567/21_CommentChannel/Page_Mattermost/input_All team communication in one place s_2f2733"), "aeHFOx8jV/A="): Text ****** has been set on object 'Object Repository/1612567/21_CommentChannel/Page_Mattermost/input_All team communication in one place s_2f2733'

2020-06-05 13:29:59 - [MESSAGE][PASSED] - Text ****** has been set on object 'Object Repository/1612567/21_CommentChannel/Page_Mattermost/input_All team communication in one place s_2f2733'

2020-06-05 13:29:59 - [TEST_STEP][PASSED] - sendKeys(findTestObject("Object Repository/1612567/21_CommentChannel/Page_Mattermost/input_All team communication in one place s_2f2733"), Keys.chord(ENTER)): Keys 'ENTER + ' sent to object: 'Object Repository/1612567/21_CommentChannel/Page_Mattermost/input_All team communication in one place s_2f2733'

2020-06-05 13:30:00 - [MESSAGE][PASSED] - Keys 'ENTER + ' sent to object: 'Object Repository/1612567/21_CommentChannel/Page_Mattermost/input_All team communication in one place s_2f2733'

2020-06-05 13:30:00 - [TEST_STEP][PASSED] - messages = ["Hi, I'm newbie", "Thanks", "Good morning!", "Shhh!"]: null

2020-06-05 13:30:00 - [TEST_STEP][PASSED] - for (String message : messages): Keys 'ENTER + ' sent to object: 'Object Repository/1612567/21_CommentChannel/Page_Town Square - eligendi Mattermost/textarea_Hi Im Nghie'

2020-06-05 13:30:00 - [TEST_STEP][PASSED] - setText(findTestObject("Object Repository/1612567/21_CommentChannel/Page_Town Square - eligendi Mattermost/textarea_Hi Im Nghie"), message): Text 'Hi, I'm newbie' is set on object 'Object Repository/1612567/21_CommentChannel/Page_Town Square - eligendi Mattermost/textarea_Hi Im Nghie'

2020-06-05 13:30:05 - [MESSAGE][PASSED] - Text 'Hi, I'm newbie' is set on object 'Object Repository/1612567/21_CommentChannel/Page_Town Square - eligendi Mattermost/textarea_Hi Im Nghie'

2020-06-05 13:30:05 - [TEST_STEP][PASSED] - sendKeys(findTestObject("Object Repository/1612567/21_CommentChannel/Page_Town Square - eligendi Mattermost/textarea_Hi Im Nghie"), Keys.chord(ENTER)): Keys 'ENTER + ' sent to object: 'Object Repository/1612567/21_CommentChannel/Page_Town Square - eligendi Mattermost/textarea_Hi Im Nghie'

2020-06-05 13:30:06 - [MESSAGE][PASSED] - Keys 'ENTER + ' sent to object: 'Object Repository/1612567/21_CommentChannel/Page_Town Square - eligendi Mattermost/textarea_Hi Im Nghie'

2020-06-05 13:30:06 - [TEST_STEP][PASSED] - setText(findTestObject("Object Repository/1612567/21_CommentChannel/Page_Town Square - eligendi Mattermost/textarea_Hi Im Nghie"), message): Text 'Thanks' is set on object 'Object Repository/1612567/21_CommentChannel/Page_Town Square - eligendi Mattermost/textarea_Hi Im Nghie'

2020-06-05 13:30:08 - [MESSAGE][PASSED] - Text 'Thanks' is set on object 'Object Repository/1612567/21_CommentChannel/Page_Town Square - eligendi Mattermost/textarea_Hi Im Nghie'

2020-06-05 13:30:08 - [TEST_STEP][PASSED] - sendKeys(findTestObject("Object Repository/1612567/21_CommentChannel/Page_Town Square - eligendi Mattermost/textarea_Hi Im Nghie"), Keys.chord(ENTER)): Keys 'ENTER + ' sent to object: 'Object Repository/1612567/21_CommentChannel/Page_Town Square - eligendi Mattermost/textarea_Hi Im Nghie'

2020-06-05 13:30:09 - [MESSAGE][PASSED] - Keys 'ENTER + ' sent to object: 'Object Repository/1612567/21_CommentChannel/Page_Town Square - eligendi Mattermost/textarea_Hi Im Nghie'

2020-06-05 13:30:09 - [TEST_STEP][PASSED] - setText(findTestObject("Object Repository/1612567/21_CommentChannel/Page_Town Square - eligendi Mattermost/textarea_Hi Im Nghie"), message): Text 'Good morning!' is set on object 'Object Repository/1612567/21_CommentChannel/Page_Town Square - eligendi Mattermost/textarea_Hi Im Nghie'

2020-06-05 13:30:12 - [MESSAGE][PASSED] - Text 'Good morning!' is set on object 'Object Repository/1612567/21_CommentChannel/Page_Town Square - eligendi Mattermost/textarea_Hi Im Nghie'

2020-06-05 13:30:12 - [TEST_STEP][PASSED] - sendKeys(findTestObject("Object Repository/1612567/21_CommentChannel/Page_Town Square - eligendi Mattermost/textarea_Hi Im Nghie"), Keys.chord(ENTER)): Keys 'ENTER + ' sent to object: 'Object Repository/1612567/21_CommentChannel/Page_Town Square - eligendi Mattermost/textarea_Hi Im Nghie'

2020-06-05 13:30:13 - [MESSAGE][PASSED] - Keys 'ENTER + ' sent to object: 'Object Repository/1612567/21_CommentChannel/Page_Town Square - eligendi Mattermost/textarea_Hi Im Nghie'

2020-06-05 13:30:13 - [TEST_STEP][PASSED] - setText(findTestObject("Object Repository/1612567/21_CommentChannel/Page_Town Square - eligendi Mattermost/textarea_Hi Im Nghie"), message): Text 'Shhh!' is set on object 'Object Repository/1612567/21_CommentChannel/Page_Town Square - eligendi Mattermost/textarea_Hi Im Nghie'

2020-06-05 13:30:15 - [MESSAGE][PASSED] - Text 'Shhh!' is set on object 'Object Repository/1612567/21_CommentChannel/Page_Town Square - eligendi Mattermost/textarea_Hi Im Nghie'

2020-06-05 13:30:15 - [TEST_STEP][PASSED] - sendKeys(findTestObject("Object Repository/1612567/21_CommentChannel/Page_Town Square - eligendi Mattermost/textarea_Hi Im Nghie"), Keys.chord(ENTER)): Keys 'ENTER + ' sent to object: 'Object Repository/1612567/21_CommentChannel/Page_Town Square - eligendi Mattermost/textarea_Hi Im Nghie'

2020-06-05 13:30:15 - [MESSAGE][PASSED] - Keys 'ENTER + ' sent to object: 'Object Repository/1612567/21_CommentChannel/Page_Town Square - eligendi Mattermost/textarea_Hi Im Nghie'

2020-06-05 13:30:15 - [TEST_STEP][PASSED] - closeBrowser(): Browser is closed

2020-06-05 13:30:16 - [MESSAGE][PASSED] - Browser is closed]]></system-out>
         <system-err><![CDATA[]]></system-err>
      </testcase>
      <testcase name="Test Cases/1612567/22_DirectMessage" time="21.782" classname="Test Cases/1612567/22_DirectMessage" status="PASSED">
         <system-out><![CDATA[2020-06-05 13:30:16 - [TEST_CASE][PASSED] - Test Cases/1612567/22_DirectMessage: Test Cases/1612567/22_DirectMessage

2020-06-05 13:30:17 - [TEST_STEP][PASSED] - openBrowser(""): Browser is opened with url: ''

2020-06-05 13:30:17 - [MESSAGE][INFO] - Starting 'Chrome' driver

2020-06-05 13:30:17 - [MESSAGE][INFO] - Action delay is set to 0 milliseconds

2020-06-05 13:30:20 - [MESSAGE][PASSED] - Browser is opened with url: ''

2020-06-05 13:30:20 - [TEST_STEP][PASSED] - navigateToUrl("http://localhost:8065/login"): Navigate to 'http://localhost:8065/login' successfully

2020-06-05 13:30:22 - [MESSAGE][PASSED] - Navigate to 'http://localhost:8065/login' successfully

2020-06-05 13:30:22 - [TEST_STEP][PASSED] - setText(findTestObject("Object Repository/1612567/22_DirectMessage/Page_Mattermost/input_All team communication in one place s_703ef5"), "hcmus-cdnc"): Text 'hcmus-cdnc' is set on object 'Object Repository/1612567/22_DirectMessage/Page_Mattermost/input_All team communication in one place s_703ef5'

2020-06-05 13:30:24 - [MESSAGE][PASSED] - Text 'hcmus-cdnc' is set on object 'Object Repository/1612567/22_DirectMessage/Page_Mattermost/input_All team communication in one place s_703ef5'

2020-06-05 13:30:24 - [TEST_STEP][PASSED] - setEncryptedText(findTestObject("Object Repository/1612567/22_DirectMessage/Page_Mattermost/input_All team communication in one place s_2f2733"), "aeHFOx8jV/A="): Text ****** has been set on object 'Object Repository/1612567/22_DirectMessage/Page_Mattermost/input_All team communication in one place s_2f2733'

2020-06-05 13:30:25 - [MESSAGE][PASSED] - Text ****** has been set on object 'Object Repository/1612567/22_DirectMessage/Page_Mattermost/input_All team communication in one place s_2f2733'

2020-06-05 13:30:25 - [TEST_STEP][PASSED] - sendKeys(findTestObject("Object Repository/1612567/22_DirectMessage/Page_Mattermost/input_All team communication in one place s_2f2733"), Keys.chord(ENTER)): Keys 'ENTER + ' sent to object: 'Object Repository/1612567/22_DirectMessage/Page_Mattermost/input_All team communication in one place s_2f2733'

2020-06-05 13:30:25 - [MESSAGE][PASSED] - Keys 'ENTER + ' sent to object: 'Object Repository/1612567/22_DirectMessage/Page_Mattermost/input_All team communication in one place s_2f2733'

2020-06-05 13:30:25 - [TEST_STEP][PASSED] - click(findTestObject("Object Repository/1612567/22_DirectMessage/Page_Town Square - eligendi Mattermost/span_")): Object: 'Object Repository/1612567/22_DirectMessage/Page_Town Square - eligendi Mattermost/span_' is clicked on

2020-06-05 13:30:30 - [MESSAGE][PASSED] - Object: 'Object Repository/1612567/22_DirectMessage/Page_Town Square - eligendi Mattermost/span_' is clicked on

2020-06-05 13:30:30 - [TEST_STEP][PASSED] - keys = ["me", "s"]: null

2020-06-05 13:30:30 - [TEST_STEP][PASSED] - for (String key : keys): null

2020-06-05 13:30:30 - [TEST_STEP][PASSED] - setText(findTestObject("Object Repository/1612567/22_DirectMessage/Page_Town Square - eligendi Mattermost/input_Search and add members_react-select-2-input"), key): Text 'me' is set on object 'Object Repository/1612567/22_DirectMessage/Page_Town Square - eligendi Mattermost/input_Search and add members_react-select-2-input'

2020-06-05 13:30:32 - [MESSAGE][PASSED] - Text 'me' is set on object 'Object Repository/1612567/22_DirectMessage/Page_Town Square - eligendi Mattermost/input_Search and add members_react-select-2-input'

2020-06-05 13:30:32 - [TEST_STEP][PASSED] - if (key == "me"): Object: 'Object Repository/1612567/22_DirectMessage/Page_Town Square - eligendi Mattermost/span_aaronmedina - Aaron Medina (Centidel)' is clicked on

2020-06-05 13:30:32 - [TEST_STEP][PASSED] - click(findTestObject("Object Repository/1612567/22_DirectMessage/Page_Town Square - eligendi Mattermost/span_aaronmedina - Aaron Medina (Centidel)")): Object: 'Object Repository/1612567/22_DirectMessage/Page_Town Square - eligendi Mattermost/span_aaronmedina - Aaron Medina (Centidel)' is clicked on

2020-06-05 13:30:33 - [MESSAGE][PASSED] - Object: 'Object Repository/1612567/22_DirectMessage/Page_Town Square - eligendi Mattermost/span_aaronmedina - Aaron Medina (Centidel)' is clicked on

2020-06-05 13:30:33 - [TEST_STEP][PASSED] - setText(findTestObject("Object Repository/1612567/22_DirectMessage/Page_Town Square - eligendi Mattermost/input_Search and add members_react-select-2-input"), key): Text 's' is set on object 'Object Repository/1612567/22_DirectMessage/Page_Town Square - eligendi Mattermost/input_Search and add members_react-select-2-input'

2020-06-05 13:30:34 - [MESSAGE][PASSED] - Text 's' is set on object 'Object Repository/1612567/22_DirectMessage/Page_Town Square - eligendi Mattermost/input_Search and add members_react-select-2-input'

2020-06-05 13:30:34 - [TEST_STEP][PASSED] - if (key == "me"): null

2020-06-05 13:30:34 - [TEST_STEP][PASSED] - click(findTestObject("Object Repository/1612567/22_DirectMessage/Page_Town Square - eligendi Mattermost/div_aaronpeterson - Aaron Petersonuser-7sam_dd566b")): Object: 'Object Repository/1612567/22_DirectMessage/Page_Town Square - eligendi Mattermost/div_aaronpeterson - Aaron Petersonuser-7sam_dd566b' is clicked on

2020-06-05 13:30:36 - [MESSAGE][PASSED] - Object: 'Object Repository/1612567/22_DirectMessage/Page_Town Square - eligendi Mattermost/div_aaronpeterson - Aaron Petersonuser-7sam_dd566b' is clicked on

2020-06-05 13:30:36 - [TEST_STEP][PASSED] - click(findTestObject("Object Repository/1612567/22_DirectMessage/Page_Town Square - eligendi Mattermost/div_user-36samplemattermostcom_more-modal___2272d4")): Object: 'Object Repository/1612567/22_DirectMessage/Page_Town Square - eligendi Mattermost/div_user-36samplemattermostcom_more-modal___2272d4' is clicked on

2020-06-05 13:30:36 - [MESSAGE][PASSED] - Object: 'Object Repository/1612567/22_DirectMessage/Page_Town Square - eligendi Mattermost/div_user-36samplemattermostcom_more-modal___2272d4' is clicked on

2020-06-05 13:30:36 - [TEST_STEP][PASSED] - click(findTestObject("Object Repository/1612567/22_DirectMessage/Page_Town Square - eligendi Mattermost/button_Go")): Object: 'Object Repository/1612567/22_DirectMessage/Page_Town Square - eligendi Mattermost/button_Go' is clicked on

2020-06-05 13:30:37 - [MESSAGE][PASSED] - Object: 'Object Repository/1612567/22_DirectMessage/Page_Town Square - eligendi Mattermost/button_Go' is clicked on

2020-06-05 13:30:37 - [TEST_STEP][PASSED] - closeBrowser(): Browser is closed

2020-06-05 13:30:38 - [MESSAGE][PASSED] - Browser is closed]]></system-out>
         <system-err><![CDATA[]]></system-err>
      </testcase>
      <testcase name="Test Cases/1612567/23_Set_Domain_Email_SignUp" time="20.441" classname="Test Cases/1612567/23_Set_Domain_Email_SignUp" status="PASSED">
         <system-out><![CDATA[2020-06-05 13:30:38 - [TEST_CASE][PASSED] - Test Cases/1612567/23_Set_Domain_Email_SignUp: Test Cases/1612567/23_Set_Domain_Email_SignUp

2020-06-05 13:30:38 - [TEST_STEP][PASSED] - openBrowser(""): Browser is opened with url: ''

2020-06-05 13:30:38 - [MESSAGE][INFO] - Starting 'Chrome' driver

2020-06-05 13:30:38 - [MESSAGE][INFO] - Action delay is set to 0 milliseconds

2020-06-05 13:30:42 - [MESSAGE][PASSED] - Browser is opened with url: ''

2020-06-05 13:30:42 - [TEST_STEP][PASSED] - navigateToUrl("http://localhost:8065/admin_console"): Navigate to 'http://localhost:8065/admin_console' successfully

2020-06-05 13:30:43 - [MESSAGE][PASSED] - Navigate to 'http://localhost:8065/admin_console' successfully

2020-06-05 13:30:43 - [TEST_STEP][PASSED] - setText(findTestObject("Object Repository/1612567/23_Set_Domain_Email_SignUp/Page_Mattermost/input_All team communication in one place s_703ef5"), "hcmus-cdnc"): Text 'hcmus-cdnc' is set on object 'Object Repository/1612567/23_Set_Domain_Email_SignUp/Page_Mattermost/input_All team communication in one place s_703ef5'

2020-06-05 13:30:46 - [MESSAGE][PASSED] - Text 'hcmus-cdnc' is set on object 'Object Repository/1612567/23_Set_Domain_Email_SignUp/Page_Mattermost/input_All team communication in one place s_703ef5'

2020-06-05 13:30:46 - [TEST_STEP][PASSED] - setEncryptedText(findTestObject("Object Repository/1612567/23_Set_Domain_Email_SignUp/Page_Mattermost/input_All team communication in one place s_2f2733"), "aeHFOx8jV/A="): Text ****** has been set on object 'Object Repository/1612567/23_Set_Domain_Email_SignUp/Page_Mattermost/input_All team communication in one place s_2f2733'

2020-06-05 13:30:46 - [MESSAGE][PASSED] - Text ****** has been set on object 'Object Repository/1612567/23_Set_Domain_Email_SignUp/Page_Mattermost/input_All team communication in one place s_2f2733'

2020-06-05 13:30:46 - [TEST_STEP][PASSED] - click(findTestObject("Object Repository/1612567/23_Set_Domain_Email_SignUp/Page_Mattermost/span_Sign in")): Object: 'Object Repository/1612567/23_Set_Domain_Email_SignUp/Page_Mattermost/span_Sign in' is clicked on

2020-06-05 13:30:47 - [MESSAGE][PASSED] - Object: 'Object Repository/1612567/23_Set_Domain_Email_SignUp/Page_Mattermost/span_Sign in' is clicked on

2020-06-05 13:30:47 - [TEST_STEP][PASSED] - setText(findTestObject("Object Repository/1612567/23_Set_Domain_Email_SignUp/Page_System Console - Mattermost/input_hcmus-cdnc_adminSidebarFilter"), "sign"): Text 'sign' is set on object 'Object Repository/1612567/23_Set_Domain_Email_SignUp/Page_System Console - Mattermost/input_hcmus-cdnc_adminSidebarFilter'

2020-06-05 13:30:50 - [MESSAGE][PASSED] - Text 'sign' is set on object 'Object Repository/1612567/23_Set_Domain_Email_SignUp/Page_System Console - Mattermost/input_hcmus-cdnc_adminSidebarFilter'

2020-06-05 13:30:50 - [TEST_STEP][PASSED] - click(findTestObject("Object Repository/1612567/23_Set_Domain_Email_SignUp/Page_System Console - Mattermost/mark_Signup")): Object: 'Object Repository/1612567/23_Set_Domain_Email_SignUp/Page_System Console - Mattermost/mark_Signup' is clicked on

2020-06-05 13:30:51 - [MESSAGE][PASSED] - Object: 'Object Repository/1612567/23_Set_Domain_Email_SignUp/Page_System Console - Mattermost/mark_Signup' is clicked on

2020-06-05 13:30:51 - [TEST_STEP][PASSED] - domains = ["gmail.com ", "outlook.com ", "microsoft.com ", "yahoo.com"]: null

2020-06-05 13:30:51 - [TEST_STEP][PASSED] - tmp = "": null

2020-06-05 13:30:51 - [TEST_STEP][PASSED] - for (String domain : domains): Text 'gmail.com outlook.com microsoft.com yahoo.com' is set on object 'Object Repository/1612567/23_Set_Domain_Email_SignUp/Page_System Console - Mattermost/input_Restrict account creation to specifie_31c344'

2020-06-05 13:30:51 - [TEST_STEP][PASSED] - tmp += domain: null

2020-06-05 13:30:51 - [TEST_STEP][PASSED] - setText(findTestObject("Object Repository/1612567/23_Set_Domain_Email_SignUp/Page_System Console - Mattermost/input_Restrict account creation to specifie_31c344"), tmp): Text 'gmail.com ' is set on object 'Object Repository/1612567/23_Set_Domain_Email_SignUp/Page_System Console - Mattermost/input_Restrict account creation to specifie_31c344'

2020-06-05 13:30:52 - [MESSAGE][PASSED] - Text 'gmail.com ' is set on object 'Object Repository/1612567/23_Set_Domain_Email_SignUp/Page_System Console - Mattermost/input_Restrict account creation to specifie_31c344'

2020-06-05 13:30:52 - [TEST_STEP][PASSED] - tmp += domain: null

2020-06-05 13:30:52 - [TEST_STEP][PASSED] - setText(findTestObject("Object Repository/1612567/23_Set_Domain_Email_SignUp/Page_System Console - Mattermost/input_Restrict account creation to specifie_31c344"), tmp): Text 'gmail.com outlook.com ' is set on object 'Object Repository/1612567/23_Set_Domain_Email_SignUp/Page_System Console - Mattermost/input_Restrict account creation to specifie_31c344'

2020-06-05 13:30:54 - [MESSAGE][PASSED] - Text 'gmail.com outlook.com ' is set on object 'Object Repository/1612567/23_Set_Domain_Email_SignUp/Page_System Console - Mattermost/input_Restrict account creation to specifie_31c344'

2020-06-05 13:30:54 - [TEST_STEP][PASSED] - tmp += domain: null

2020-06-05 13:30:54 - [TEST_STEP][PASSED] - setText(findTestObject("Object Repository/1612567/23_Set_Domain_Email_SignUp/Page_System Console - Mattermost/input_Restrict account creation to specifie_31c344"), tmp): Text 'gmail.com outlook.com microsoft.com ' is set on object 'Object Repository/1612567/23_Set_Domain_Email_SignUp/Page_System Console - Mattermost/input_Restrict account creation to specifie_31c344'

2020-06-05 13:30:55 - [MESSAGE][PASSED] - Text 'gmail.com outlook.com microsoft.com ' is set on object 'Object Repository/1612567/23_Set_Domain_Email_SignUp/Page_System Console - Mattermost/input_Restrict account creation to specifie_31c344'

2020-06-05 13:30:55 - [TEST_STEP][PASSED] - tmp += domain: null

2020-06-05 13:30:55 - [TEST_STEP][PASSED] - setText(findTestObject("Object Repository/1612567/23_Set_Domain_Email_SignUp/Page_System Console - Mattermost/input_Restrict account creation to specifie_31c344"), tmp): Text 'gmail.com outlook.com microsoft.com yahoo.com' is set on object 'Object Repository/1612567/23_Set_Domain_Email_SignUp/Page_System Console - Mattermost/input_Restrict account creation to specifie_31c344'

2020-06-05 13:30:57 - [MESSAGE][PASSED] - Text 'gmail.com outlook.com microsoft.com yahoo.com' is set on object 'Object Repository/1612567/23_Set_Domain_Email_SignUp/Page_System Console - Mattermost/input_Restrict account creation to specifie_31c344'

2020-06-05 13:30:57 - [TEST_STEP][PASSED] - click(findTestObject("Object Repository/1612567/23_Set_Domain_Email_SignUp/Page_System Console - Mattermost/span_Save")): Object: 'Object Repository/1612567/23_Set_Domain_Email_SignUp/Page_System Console - Mattermost/span_Save' is clicked on

2020-06-05 13:30:58 - [MESSAGE][PASSED] - Object: 'Object Repository/1612567/23_Set_Domain_Email_SignUp/Page_System Console - Mattermost/span_Save' is clicked on

2020-06-05 13:30:58 - [TEST_STEP][PASSED] - closeBrowser(): Browser is closed

2020-06-05 13:30:59 - [MESSAGE][PASSED] - Browser is closed]]></system-out>
         <system-err><![CDATA[]]></system-err>
      </testcase>
      <testcase name="Test Cases/1612567/24_Setting_Searching" time="21.566" classname="Test Cases/1612567/24_Setting_Searching" status="PASSED">
         <system-out><![CDATA[2020-06-05 13:30:59 - [TEST_CASE][PASSED] - Test Cases/1612567/24_Setting_Searching: Test Cases/1612567/24_Setting_Searching

2020-06-05 13:30:59 - [TEST_STEP][PASSED] - openBrowser(""): Browser is opened with url: ''

2020-06-05 13:30:59 - [MESSAGE][INFO] - Starting 'Chrome' driver

2020-06-05 13:30:59 - [MESSAGE][INFO] - Action delay is set to 0 milliseconds

2020-06-05 13:31:02 - [MESSAGE][PASSED] - Browser is opened with url: ''

2020-06-05 13:31:02 - [TEST_STEP][PASSED] - navigateToUrl("http://localhost:8065/admin_console"): Navigate to 'http://localhost:8065/admin_console' successfully

2020-06-05 13:31:04 - [MESSAGE][PASSED] - Navigate to 'http://localhost:8065/admin_console' successfully

2020-06-05 13:31:04 - [TEST_STEP][PASSED] - setText(findTestObject("1612567/24_Setting_Searching/Page_Mattermost/input_All team communication in one place s_703ef5"), "hcmus-cdnc"): Text 'hcmus-cdnc' is set on object 'Object Repository/1612567/24_Setting_Searching/Page_Mattermost/input_All team communication in one place s_703ef5'

2020-06-05 13:31:07 - [MESSAGE][PASSED] - Text 'hcmus-cdnc' is set on object 'Object Repository/1612567/24_Setting_Searching/Page_Mattermost/input_All team communication in one place s_703ef5'

2020-06-05 13:31:07 - [TEST_STEP][PASSED] - setEncryptedText(findTestObject("1612567/24_Setting_Searching/Page_Mattermost/input_All team communication in one place s_2f2733"), "aeHFOx8jV/A="): Text ****** has been set on object 'Object Repository/1612567/24_Setting_Searching/Page_Mattermost/input_All team communication in one place s_2f2733'

2020-06-05 13:31:08 - [MESSAGE][PASSED] - Text ****** has been set on object 'Object Repository/1612567/24_Setting_Searching/Page_Mattermost/input_All team communication in one place s_2f2733'

2020-06-05 13:31:08 - [TEST_STEP][PASSED] - click(findTestObject("1612567/24_Setting_Searching/Page_Mattermost/span_Sign in")): Object: 'Object Repository/1612567/24_Setting_Searching/Page_Mattermost/span_Sign in' is clicked on

2020-06-05 13:31:08 - [MESSAGE][PASSED] - Object: 'Object Repository/1612567/24_Setting_Searching/Page_Mattermost/span_Sign in' is clicked on

2020-06-05 13:31:08 - [TEST_STEP][PASSED] - keys = ["password", "sign", "database", "dev", "user"]: null

2020-06-05 13:31:08 - [TEST_STEP][PASSED] - for (String key : keys): Keys 'ENTER + ' sent to object: 'Object Repository/1612567/24_Setting_Searching/Page_System Console - Mattermost/input_hcmus-cdnc_adminSidebarFilter'

2020-06-05 13:31:08 - [TEST_STEP][PASSED] - setText(findTestObject("1612567/24_Setting_Searching/Page_System Console - Mattermost/input_hcmus-cdnc_adminSidebarFilter"), key): Text 'password' is set on object 'Object Repository/1612567/24_Setting_Searching/Page_System Console - Mattermost/input_hcmus-cdnc_adminSidebarFilter'

2020-06-05 13:31:11 - [MESSAGE][PASSED] - Text 'password' is set on object 'Object Repository/1612567/24_Setting_Searching/Page_System Console - Mattermost/input_hcmus-cdnc_adminSidebarFilter'

2020-06-05 13:31:11 - [TEST_STEP][PASSED] - sendKeys(findTestObject("1612567/24_Setting_Searching/Page_System Console - Mattermost/input_hcmus-cdnc_adminSidebarFilter"), Keys.chord(ENTER)): Keys 'ENTER + ' sent to object: 'Object Repository/1612567/24_Setting_Searching/Page_System Console - Mattermost/input_hcmus-cdnc_adminSidebarFilter'

2020-06-05 13:31:12 - [MESSAGE][PASSED] - Keys 'ENTER + ' sent to object: 'Object Repository/1612567/24_Setting_Searching/Page_System Console - Mattermost/input_hcmus-cdnc_adminSidebarFilter'

2020-06-05 13:31:12 - [TEST_STEP][PASSED] - setText(findTestObject("1612567/24_Setting_Searching/Page_System Console - Mattermost/input_hcmus-cdnc_adminSidebarFilter"), key): Text 'sign' is set on object 'Object Repository/1612567/24_Setting_Searching/Page_System Console - Mattermost/input_hcmus-cdnc_adminSidebarFilter'

2020-06-05 13:31:13 - [MESSAGE][PASSED] - Text 'sign' is set on object 'Object Repository/1612567/24_Setting_Searching/Page_System Console - Mattermost/input_hcmus-cdnc_adminSidebarFilter'

2020-06-05 13:31:13 - [TEST_STEP][PASSED] - sendKeys(findTestObject("1612567/24_Setting_Searching/Page_System Console - Mattermost/input_hcmus-cdnc_adminSidebarFilter"), Keys.chord(ENTER)): Keys 'ENTER + ' sent to object: 'Object Repository/1612567/24_Setting_Searching/Page_System Console - Mattermost/input_hcmus-cdnc_adminSidebarFilter'

2020-06-05 13:31:14 - [MESSAGE][PASSED] - Keys 'ENTER + ' sent to object: 'Object Repository/1612567/24_Setting_Searching/Page_System Console - Mattermost/input_hcmus-cdnc_adminSidebarFilter'

2020-06-05 13:31:14 - [TEST_STEP][PASSED] - setText(findTestObject("1612567/24_Setting_Searching/Page_System Console - Mattermost/input_hcmus-cdnc_adminSidebarFilter"), key): Text 'database' is set on object 'Object Repository/1612567/24_Setting_Searching/Page_System Console - Mattermost/input_hcmus-cdnc_adminSidebarFilter'

2020-06-05 13:31:15 - [MESSAGE][PASSED] - Text 'database' is set on object 'Object Repository/1612567/24_Setting_Searching/Page_System Console - Mattermost/input_hcmus-cdnc_adminSidebarFilter'

2020-06-05 13:31:15 - [TEST_STEP][PASSED] - sendKeys(findTestObject("1612567/24_Setting_Searching/Page_System Console - Mattermost/input_hcmus-cdnc_adminSidebarFilter"), Keys.chord(ENTER)): Keys 'ENTER + ' sent to object: 'Object Repository/1612567/24_Setting_Searching/Page_System Console - Mattermost/input_hcmus-cdnc_adminSidebarFilter'

2020-06-05 13:31:16 - [MESSAGE][PASSED] - Keys 'ENTER + ' sent to object: 'Object Repository/1612567/24_Setting_Searching/Page_System Console - Mattermost/input_hcmus-cdnc_adminSidebarFilter'

2020-06-05 13:31:16 - [TEST_STEP][PASSED] - setText(findTestObject("1612567/24_Setting_Searching/Page_System Console - Mattermost/input_hcmus-cdnc_adminSidebarFilter"), key): Text 'dev' is set on object 'Object Repository/1612567/24_Setting_Searching/Page_System Console - Mattermost/input_hcmus-cdnc_adminSidebarFilter'

2020-06-05 13:31:16 - [MESSAGE][PASSED] - Text 'dev' is set on object 'Object Repository/1612567/24_Setting_Searching/Page_System Console - Mattermost/input_hcmus-cdnc_adminSidebarFilter'

2020-06-05 13:31:16 - [TEST_STEP][PASSED] - sendKeys(findTestObject("1612567/24_Setting_Searching/Page_System Console - Mattermost/input_hcmus-cdnc_adminSidebarFilter"), Keys.chord(ENTER)): Keys 'ENTER + ' sent to object: 'Object Repository/1612567/24_Setting_Searching/Page_System Console - Mattermost/input_hcmus-cdnc_adminSidebarFilter'

2020-06-05 13:31:17 - [MESSAGE][PASSED] - Keys 'ENTER + ' sent to object: 'Object Repository/1612567/24_Setting_Searching/Page_System Console - Mattermost/input_hcmus-cdnc_adminSidebarFilter'

2020-06-05 13:31:17 - [TEST_STEP][PASSED] - setText(findTestObject("1612567/24_Setting_Searching/Page_System Console - Mattermost/input_hcmus-cdnc_adminSidebarFilter"), key): Text 'user' is set on object 'Object Repository/1612567/24_Setting_Searching/Page_System Console - Mattermost/input_hcmus-cdnc_adminSidebarFilter'

2020-06-05 13:31:19 - [MESSAGE][PASSED] - Text 'user' is set on object 'Object Repository/1612567/24_Setting_Searching/Page_System Console - Mattermost/input_hcmus-cdnc_adminSidebarFilter'

2020-06-05 13:31:19 - [TEST_STEP][PASSED] - sendKeys(findTestObject("1612567/24_Setting_Searching/Page_System Console - Mattermost/input_hcmus-cdnc_adminSidebarFilter"), Keys.chord(ENTER)): Keys 'ENTER + ' sent to object: 'Object Repository/1612567/24_Setting_Searching/Page_System Console - Mattermost/input_hcmus-cdnc_adminSidebarFilter'

2020-06-05 13:31:19 - [MESSAGE][PASSED] - Keys 'ENTER + ' sent to object: 'Object Repository/1612567/24_Setting_Searching/Page_System Console - Mattermost/input_hcmus-cdnc_adminSidebarFilter'

2020-06-05 13:31:19 - [TEST_STEP][PASSED] - closeBrowser(): Browser is closed

2020-06-05 13:31:20 - [MESSAGE][PASSED] - Browser is closed]]></system-out>
         <system-err><![CDATA[]]></system-err>
      </testcase>
      <testcase name="Test Cases/1612567/25_CORS_Setting" time="21.553" classname="Test Cases/1612567/25_CORS_Setting" status="PASSED">
         <system-out><![CDATA[2020-06-05 13:31:20 - [TEST_CASE][PASSED] - Test Cases/1612567/25_CORS_Setting: Test Cases/1612567/25_CORS_Setting

2020-06-05 13:31:20 - [TEST_STEP][PASSED] - openBrowser(""): Browser is opened with url: ''

2020-06-05 13:31:20 - [MESSAGE][INFO] - Starting 'Chrome' driver

2020-06-05 13:31:20 - [MESSAGE][INFO] - Action delay is set to 0 milliseconds

2020-06-05 13:31:24 - [MESSAGE][PASSED] - Browser is opened with url: ''

2020-06-05 13:31:24 - [TEST_STEP][PASSED] - navigateToUrl("http://localhost:8065/admin_console"): Navigate to 'http://localhost:8065/admin_console' successfully

2020-06-05 13:31:25 - [MESSAGE][PASSED] - Navigate to 'http://localhost:8065/admin_console' successfully

2020-06-05 13:31:25 - [TEST_STEP][PASSED] - setText(findTestObject("1612567/25_CORS_Setting/Page_Mattermost/input_All team communication in one place s_703ef5"), "hcmus-cdnc"): Text 'hcmus-cdnc' is set on object 'Object Repository/1612567/25_CORS_Setting/Page_Mattermost/input_All team communication in one place s_703ef5'

2020-06-05 13:31:28 - [MESSAGE][PASSED] - Text 'hcmus-cdnc' is set on object 'Object Repository/1612567/25_CORS_Setting/Page_Mattermost/input_All team communication in one place s_703ef5'

2020-06-05 13:31:28 - [TEST_STEP][PASSED] - setEncryptedText(findTestObject("1612567/25_CORS_Setting/Page_Mattermost/input_All team communication in one place s_2f2733"), "aeHFOx8jV/A="): Text ****** has been set on object 'Object Repository/1612567/25_CORS_Setting/Page_Mattermost/input_All team communication in one place s_2f2733'

2020-06-05 13:31:28 - [MESSAGE][PASSED] - Text ****** has been set on object 'Object Repository/1612567/25_CORS_Setting/Page_Mattermost/input_All team communication in one place s_2f2733'

2020-06-05 13:31:28 - [TEST_STEP][PASSED] - click(findTestObject("1612567/25_CORS_Setting/Page_Mattermost/button_Sign in")): Object: 'Object Repository/1612567/25_CORS_Setting/Page_Mattermost/button_Sign in' is clicked on

2020-06-05 13:31:29 - [MESSAGE][PASSED] - Object: 'Object Repository/1612567/25_CORS_Setting/Page_Mattermost/button_Sign in' is clicked on

2020-06-05 13:31:29 - [TEST_STEP][PASSED] - setText(findTestObject("1612567/25_CORS_Setting/Page_System Console - Mattermost/input_hcmus-cdnc_adminSidebarFilter"), "cor"): Text 'cor' is set on object 'Object Repository/1612567/25_CORS_Setting/Page_System Console - Mattermost/input_hcmus-cdnc_adminSidebarFilter'

2020-06-05 13:31:32 - [MESSAGE][PASSED] - Text 'cor' is set on object 'Object Repository/1612567/25_CORS_Setting/Page_System Console - Mattermost/input_hcmus-cdnc_adminSidebarFilter'

2020-06-05 13:31:32 - [TEST_STEP][PASSED] - click(findTestObject("1612567/25_CORS_Setting/Page_System Console - Mattermost/a_CORS")): Object: 'Object Repository/1612567/25_CORS_Setting/Page_System Console - Mattermost/a_CORS' is clicked on

2020-06-05 13:31:33 - [MESSAGE][PASSED] - Object: 'Object Repository/1612567/25_CORS_Setting/Page_System Console - Mattermost/a_CORS' is clicked on

2020-06-05 13:31:33 - [TEST_STEP][PASSED] - hosts = ["https://facebook.com ", "https://news.com ", "https://mastermost.com ", "http://localhost:3000"]: null

2020-06-05 13:31:33 - [TEST_STEP][PASSED] - tmp = "": null

2020-06-05 13:31:33 - [TEST_STEP][PASSED] - for (String host : hosts): Text 'https://facebook.com https://news.com https://mastermost.com http://localhost:3000' is set on object 'Object Repository/1612567/25_CORS_Setting/Page_System Console - Mattermost/input_Enable cross-origin requests from_Ser_d74bcf'

2020-06-05 13:31:33 - [TEST_STEP][PASSED] - tmp += host: null

2020-06-05 13:31:33 - [TEST_STEP][PASSED] - setText(findTestObject("1612567/25_CORS_Setting/Page_System Console - Mattermost/input_Enable cross-origin requests from_Ser_d74bcf"), tmp): Text 'https://facebook.com ' is set on object 'Object Repository/1612567/25_CORS_Setting/Page_System Console - Mattermost/input_Enable cross-origin requests from_Ser_d74bcf'

2020-06-05 13:31:34 - [MESSAGE][PASSED] - Text 'https://facebook.com ' is set on object 'Object Repository/1612567/25_CORS_Setting/Page_System Console - Mattermost/input_Enable cross-origin requests from_Ser_d74bcf'

2020-06-05 13:31:34 - [TEST_STEP][PASSED] - tmp += host: null

2020-06-05 13:31:34 - [TEST_STEP][PASSED] - setText(findTestObject("1612567/25_CORS_Setting/Page_System Console - Mattermost/input_Enable cross-origin requests from_Ser_d74bcf"), tmp): Text 'https://facebook.com https://news.com ' is set on object 'Object Repository/1612567/25_CORS_Setting/Page_System Console - Mattermost/input_Enable cross-origin requests from_Ser_d74bcf'

2020-06-05 13:31:36 - [MESSAGE][PASSED] - Text 'https://facebook.com https://news.com ' is set on object 'Object Repository/1612567/25_CORS_Setting/Page_System Console - Mattermost/input_Enable cross-origin requests from_Ser_d74bcf'

2020-06-05 13:31:36 - [TEST_STEP][PASSED] - tmp += host: null

2020-06-05 13:31:36 - [TEST_STEP][PASSED] - setText(findTestObject("1612567/25_CORS_Setting/Page_System Console - Mattermost/input_Enable cross-origin requests from_Ser_d74bcf"), tmp): Text 'https://facebook.com https://news.com https://mastermost.com ' is set on object 'Object Repository/1612567/25_CORS_Setting/Page_System Console - Mattermost/input_Enable cross-origin requests from_Ser_d74bcf'

2020-06-05 13:31:38 - [MESSAGE][PASSED] - Text 'https://facebook.com https://news.com https://mastermost.com ' is set on object 'Object Repository/1612567/25_CORS_Setting/Page_System Console - Mattermost/input_Enable cross-origin requests from_Ser_d74bcf'

2020-06-05 13:31:38 - [TEST_STEP][PASSED] - tmp += host: null

2020-06-05 13:31:38 - [TEST_STEP][PASSED] - setText(findTestObject("1612567/25_CORS_Setting/Page_System Console - Mattermost/input_Enable cross-origin requests from_Ser_d74bcf"), tmp): Text 'https://facebook.com https://news.com https://mastermost.com http://localhost:3000' is set on object 'Object Repository/1612567/25_CORS_Setting/Page_System Console - Mattermost/input_Enable cross-origin requests from_Ser_d74bcf'

2020-06-05 13:31:40 - [MESSAGE][PASSED] - Text 'https://facebook.com https://news.com https://mastermost.com http://localhost:3000' is set on object 'Object Repository/1612567/25_CORS_Setting/Page_System Console - Mattermost/input_Enable cross-origin requests from_Ser_d74bcf'

2020-06-05 13:31:40 - [TEST_STEP][PASSED] - click(findTestObject("1612567/25_CORS_Setting/Page_System Console - Mattermost/button_Save")): Object: 'Object Repository/1612567/25_CORS_Setting/Page_System Console - Mattermost/button_Save' is clicked on

2020-06-05 13:31:41 - [MESSAGE][PASSED] - Object: 'Object Repository/1612567/25_CORS_Setting/Page_System Console - Mattermost/button_Save' is clicked on

2020-06-05 13:31:41 - [TEST_STEP][PASSED] - closeBrowser(): Browser is closed

2020-06-05 13:31:42 - [MESSAGE][PASSED] - Browser is closed]]></system-out>
         <system-err><![CDATA[]]></system-err>
      </testcase>
      <testcase name="Test Cases/1612567/26_Call_API_Login" time="1.618" classname="Test Cases/1612567/26_Call_API_Login" status="PASSED">
         <system-out><![CDATA[2020-06-05 13:31:42 - [TEST_CASE][PASSED] - Test Cases/1612567/26_Call_API_Login: Test Cases/1612567/26_Call_API_Login

2020-06-05 13:31:42 - [TEST_STEP][PASSED] - sendRequest(findTestObject("1612567/API TESTING/26_Call_API_Login")): Send request successfully

2020-06-05 13:31:43 - [MESSAGE][INFO] - HAR: C:\Users\Thanh\Desktop\github.com\New folder (2)\homeword02-mattermost-katalon\Reports\20200605_130946\Run all test cases\20200605_130946\requests\main\0.har

2020-06-05 13:31:43 - [MESSAGE][PASSED] - Send request successfully]]></system-out>
         <system-err><![CDATA[]]></system-err>
      </testcase>
      <testcase name="Test Cases/1612567/27_Call_API_Channels_Info" time="0.329" classname="Test Cases/1612567/27_Call_API_Channels_Info" status="PASSED">
         <system-out><![CDATA[2020-06-05 13:31:43 - [TEST_CASE][PASSED] - Test Cases/1612567/27_Call_API_Channels_Info: Test Cases/1612567/27_Call_API_Channels_Info

2020-06-05 13:31:44 - [TEST_STEP][PASSED] - sendRequest(findTestObject("1612567/API TESTING/27_Call_API_Channels_Info")): Send request successfully

2020-06-05 13:31:44 - [MESSAGE][INFO] - HAR: C:\Users\Thanh\Desktop\github.com\New folder (2)\homeword02-mattermost-katalon\Reports\20200605_130946\Run all test cases\20200605_130946\requests\main\1.har

2020-06-05 13:31:44 - [MESSAGE][PASSED] - Send request successfully]]></system-out>
         <system-err><![CDATA[]]></system-err>
      </testcase>
      <testcase name="Test Cases/1612567/28_Call_API_ChangeName" time="0.271" classname="Test Cases/1612567/28_Call_API_ChangeName" status="PASSED">
         <system-out><![CDATA[2020-06-05 13:31:44 - [TEST_CASE][PASSED] - Test Cases/1612567/28_Call_API_ChangeName: Test Cases/1612567/28_Call_API_ChangeName

2020-06-05 13:31:44 - [TEST_STEP][PASSED] - sendRequest(findTestObject("1612567/API TESTING/28_Call_API_ChangeName")): Send request successfully

2020-06-05 13:31:44 - [MESSAGE][INFO] - HAR: C:\Users\Thanh\Desktop\github.com\New folder (2)\homeword02-mattermost-katalon\Reports\20200605_130946\Run all test cases\20200605_130946\requests\main\2.har

2020-06-05 13:31:44 - [MESSAGE][PASSED] - Send request successfully]]></system-out>
         <system-err><![CDATA[]]></system-err>
      </testcase>
      <testcase name="Test Cases/1612567/29_Call_API_ResetPassword" time="0.304" classname="Test Cases/1612567/29_Call_API_ResetPassword" status="PASSED">
         <system-out><![CDATA[2020-06-05 13:31:44 - [TEST_CASE][PASSED] - Test Cases/1612567/29_Call_API_ResetPassword: Test Cases/1612567/29_Call_API_ResetPassword

2020-06-05 13:31:44 - [TEST_STEP][PASSED] - sendRequest(findTestObject("1612567/API TESTING/29_Call_API_ResetPassword")): Send request successfully

2020-06-05 13:31:44 - [MESSAGE][INFO] - HAR: C:\Users\Thanh\Desktop\github.com\New folder (2)\homeword02-mattermost-katalon\Reports\20200605_130946\Run all test cases\20200605_130946\requests\main\3.har

2020-06-05 13:31:44 - [MESSAGE][PASSED] - Send request successfully]]></system-out>
         <system-err><![CDATA[]]></system-err>
      </testcase>
      <testcase name="Test Cases/1612567/30_Call_API_Set_Permission" time="0.394" classname="Test Cases/1612567/30_Call_API_Set_Permission" status="PASSED">
         <system-out><![CDATA[2020-06-05 13:31:44 - [TEST_CASE][PASSED] - Test Cases/1612567/30_Call_API_Set_Permission: Test Cases/1612567/30_Call_API_Set_Permission

2020-06-05 13:31:45 - [TEST_STEP][PASSED] - sendRequest(findTestObject("1612567/API TESTING/30_Call_API_Set_Permission")): Send request successfully

2020-06-05 13:31:45 - [MESSAGE][INFO] - HAR: C:\Users\Thanh\Desktop\github.com\New folder (2)\homeword02-mattermost-katalon\Reports\20200605_130946\Run all test cases\20200605_130946\requests\main\4.har

2020-06-05 13:31:45 - [MESSAGE][PASSED] - Send request successfully]]></system-out>
         <system-err><![CDATA[]]></system-err>
      </testcase>
      <testcase name="Test Cases/1612567/31_Call_API_Search_User" time="0.297" classname="Test Cases/1612567/31_Call_API_Search_User" status="PASSED">
         <system-out><![CDATA[2020-06-05 13:31:45 - [TEST_CASE][PASSED] - Test Cases/1612567/31_Call_API_Search_User: Test Cases/1612567/31_Call_API_Search_User

2020-06-05 13:31:45 - [TEST_STEP][PASSED] - sendRequest(findTestObject("1612567/API TESTING/31_Call_API_Search_User")): Send request successfully

2020-06-05 13:31:45 - [MESSAGE][INFO] - HAR: C:\Users\Thanh\Desktop\github.com\New folder (2)\homeword02-mattermost-katalon\Reports\20200605_130946\Run all test cases\20200605_130946\requests\main\5.har

2020-06-05 13:31:45 - [MESSAGE][PASSED] - Send request successfully]]></system-out>
         <system-err><![CDATA[]]></system-err>
      </testcase>
      <testcase name="Test Cases/1612567/32_Call_API_Search_Tokens" time="0.264" classname="Test Cases/1612567/32_Call_API_Search_Tokens" status="PASSED">
         <system-out><![CDATA[2020-06-05 13:31:45 - [TEST_CASE][PASSED] - Test Cases/1612567/32_Call_API_Search_Tokens: Test Cases/1612567/32_Call_API_Search_Tokens

2020-06-05 13:31:45 - [TEST_STEP][PASSED] - sendRequest(findTestObject("1612567/API TESTING/32_Call_API_Search_Tokens")): Send request successfully

2020-06-05 13:31:45 - [MESSAGE][INFO] - HAR: C:\Users\Thanh\Desktop\github.com\New folder (2)\homeword02-mattermost-katalon\Reports\20200605_130946\Run all test cases\20200605_130946\requests\main\6.har

2020-06-05 13:31:45 - [MESSAGE][PASSED] - Send request successfully]]></system-out>
         <system-err><![CDATA[]]></system-err>
      </testcase>
      <testcase name="Test Cases/1612567/33_Call_API_Get_Jobs" time="0.401" classname="Test Cases/1612567/33_Call_API_Get_Jobs" status="PASSED">
         <system-out><![CDATA[2020-06-05 13:31:45 - [TEST_CASE][PASSED] - Test Cases/1612567/33_Call_API_Get_Jobs: Test Cases/1612567/33_Call_API_Get_Jobs

2020-06-05 13:31:45 - [TEST_STEP][PASSED] - sendRequest(findTestObject("1612567/API TESTING/33_Call_API_Get_Jobs")): Send request successfully

2020-06-05 13:31:46 - [MESSAGE][INFO] - HAR: C:\Users\Thanh\Desktop\github.com\New folder (2)\homeword02-mattermost-katalon\Reports\20200605_130946\Run all test cases\20200605_130946\requests\main\7.har

2020-06-05 13:31:46 - [MESSAGE][PASSED] - Send request successfully]]></system-out>
         <system-err><![CDATA[]]></system-err>
      </testcase>
      <testcase name="Test Cases/1612567/34_Call_API_Create_Job_By_Type" time="0.343" classname="Test Cases/1612567/34_Call_API_Create_Job_By_Type" status="PASSED">
         <system-out><![CDATA[2020-06-05 13:31:46 - [TEST_CASE][PASSED] - Test Cases/1612567/34_Call_API_Create_Job_By_Type: Test Cases/1612567/34_Call_API_Create_Job_By_Type

2020-06-05 13:31:46 - [TEST_STEP][PASSED] - sendRequest(findTestObject("1612567/API TESTING/33_Call_API_Get_Jobs")): Send request successfully

2020-06-05 13:31:46 - [MESSAGE][INFO] - HAR: C:\Users\Thanh\Desktop\github.com\New folder (2)\homeword02-mattermost-katalon\Reports\20200605_130946\Run all test cases\20200605_130946\requests\main\8.har

2020-06-05 13:31:46 - [MESSAGE][PASSED] - Send request successfully]]></system-out>
         <system-err><![CDATA[]]></system-err>
      </testcase>
      <testcase name="Test Cases/1612567/35_Call_API_Cancel_Job" time="0.267" classname="Test Cases/1612567/35_Call_API_Cancel_Job" status="PASSED">
         <system-out><![CDATA[2020-06-05 13:31:46 - [TEST_CASE][PASSED] - Test Cases/1612567/35_Call_API_Cancel_Job: Test Cases/1612567/35_Call_API_Cancel_Job

2020-06-05 13:31:46 - [TEST_STEP][PASSED] - sendRequest(findTestObject("1612567/API TESTING/33_Call_API_Get_Jobs")): Send request successfully

2020-06-05 13:31:46 - [MESSAGE][INFO] - HAR: C:\Users\Thanh\Desktop\github.com\New folder (2)\homeword02-mattermost-katalon\Reports\20200605_130946\Run all test cases\20200605_130946\requests\main\9.har

2020-06-05 13:31:46 - [MESSAGE][PASSED] - Send request successfully]]></system-out>
         <system-err><![CDATA[]]></system-err>
      </testcase>
      <testcase name="Test Cases/1612893/TC_36_Edit_UserName" time="17.686" classname="Test Cases/1612893/TC_36_Edit_UserName" status="PASSED">
         <system-out><![CDATA[2020-06-05 13:31:46 - [TEST_CASE][PASSED] - Test Cases/1612893/TC_36_Edit_UserName: Test Cases/1612893/TC_36_Edit_UserName

2020-06-05 13:31:46 - [TEST_STEP][PASSED] - openBrowser(""): Browser is opened with url: ''

2020-06-05 13:31:46 - [MESSAGE][INFO] - Starting 'Chrome' driver

2020-06-05 13:31:46 - [MESSAGE][INFO] - Action delay is set to 0 milliseconds

2020-06-05 13:31:50 - [MESSAGE][PASSED] - Browser is opened with url: ''

2020-06-05 13:31:50 - [TEST_STEP][PASSED] - navigateToUrl("http://localhost:8065/login"): Navigate to 'http://localhost:8065/login' successfully

2020-06-05 13:31:51 - [MESSAGE][PASSED] - Navigate to 'http://localhost:8065/login' successfully

2020-06-05 13:31:51 - [TEST_STEP][PASSED] - setText(findTestObject("Object Repository/1612893/36_Edit_UserName/Page_Mattermost/input_All team communication in one place s_703ef5"), "hcmus-cdnc@gmail.com"): Text 'hcmus-cdnc@gmail.com' is set on object 'Object Repository/1612893/36_Edit_UserName/Page_Mattermost/input_All team communication in one place s_703ef5'

2020-06-05 13:31:54 - [MESSAGE][PASSED] - Text 'hcmus-cdnc@gmail.com' is set on object 'Object Repository/1612893/36_Edit_UserName/Page_Mattermost/input_All team communication in one place s_703ef5'

2020-06-05 13:31:54 - [TEST_STEP][PASSED] - setEncryptedText(findTestObject("Object Repository/1612893/36_Edit_UserName/Page_Mattermost/input_All team communication in one place s_2f2733"), "aeHFOx8jV/A="): Text ****** has been set on object 'Object Repository/1612893/36_Edit_UserName/Page_Mattermost/input_All team communication in one place s_2f2733'

2020-06-05 13:31:54 - [MESSAGE][PASSED] - Text ****** has been set on object 'Object Repository/1612893/36_Edit_UserName/Page_Mattermost/input_All team communication in one place s_2f2733'

2020-06-05 13:31:54 - [TEST_STEP][PASSED] - click(findTestObject("Object Repository/1612893/36_Edit_UserName/Page_Mattermost/span_Sign in")): Object: 'Object Repository/1612893/36_Edit_UserName/Page_Mattermost/span_Sign in' is clicked on

2020-06-05 13:31:55 - [MESSAGE][PASSED] - Object: 'Object Repository/1612893/36_Edit_UserName/Page_Mattermost/span_Sign in' is clicked on

2020-06-05 13:31:55 - [TEST_STEP][PASSED] - click(findTestObject("Object Repository/1612893/36_Edit_UserName/Page_Thanh set Channel name - hcmus-cdnc-te_a699a0/span")): Object: 'Object Repository/1612893/36_Edit_UserName/Page_Thanh set Channel name - hcmus-cdnc-te_a699a0/span' is clicked on

2020-06-05 13:31:59 - [MESSAGE][PASSED] - Object: 'Object Repository/1612893/36_Edit_UserName/Page_Thanh set Channel name - hcmus-cdnc-te_a699a0/span' is clicked on

2020-06-05 13:31:59 - [TEST_STEP][PASSED] - click(findTestObject("Object Repository/1612893/36_Edit_UserName/Page_Thanh set Channel name - hcmus-cdnc-te_a699a0/span_Account Settings")): Object: 'Object Repository/1612893/36_Edit_UserName/Page_Thanh set Channel name - hcmus-cdnc-te_a699a0/span_Account Settings' is clicked on

2020-06-05 13:32:00 - [MESSAGE][PASSED] - Object: 'Object Repository/1612893/36_Edit_UserName/Page_Thanh set Channel name - hcmus-cdnc-te_a699a0/span_Account Settings' is clicked on

2020-06-05 13:32:00 - [TEST_STEP][PASSED] - click(findTestObject("Object Repository/1612893/36_Edit_UserName/Page_Thanh set Channel name - hcmus-cdnc-te_a699a0/span_Edit")): Object: 'Object Repository/1612893/36_Edit_UserName/Page_Thanh set Channel name - hcmus-cdnc-te_a699a0/span_Edit' is clicked on

2020-06-05 13:32:01 - [MESSAGE][PASSED] - Object: 'Object Repository/1612893/36_Edit_UserName/Page_Thanh set Channel name - hcmus-cdnc-te_a699a0/span_Edit' is clicked on

2020-06-05 13:32:01 - [TEST_STEP][PASSED] - setText(findTestObject("Object Repository/1612893/36_Edit_UserName/Page_Thanh set Channel name - hcmus-cdnc-te_a699a0/input_Username_username"), userName): Text 'tung' is set on object 'Object Repository/1612893/36_Edit_UserName/Page_Thanh set Channel name - hcmus-cdnc-te_a699a0/input_Username_username'

2020-06-05 13:32:01 - [MESSAGE][PASSED] - Text 'tung' is set on object 'Object Repository/1612893/36_Edit_UserName/Page_Thanh set Channel name - hcmus-cdnc-te_a699a0/input_Username_username'

2020-06-05 13:32:01 - [TEST_STEP][PASSED] - click(findTestObject("Object Repository/1612893/36_Edit_UserName/Page_Thanh set Channel name - hcmus-cdnc-te_a699a0/span_Save")): Object: 'Object Repository/1612893/36_Edit_UserName/Page_Thanh set Channel name - hcmus-cdnc-te_a699a0/span_Save' is clicked on

2020-06-05 13:32:02 - [MESSAGE][PASSED] - Object: 'Object Repository/1612893/36_Edit_UserName/Page_Thanh set Channel name - hcmus-cdnc-te_a699a0/span_Save' is clicked on

2020-06-05 13:32:02 - [TEST_STEP][PASSED] - click(findTestObject("Object Repository/1612893/36_Edit_UserName/Page_Thanh set Channel name - hcmus-cdnc-te_a699a0/span_")): Object: 'Object Repository/1612893/36_Edit_UserName/Page_Thanh set Channel name - hcmus-cdnc-te_a699a0/span_' is clicked on

2020-06-05 13:32:03 - [MESSAGE][PASSED] - Object: 'Object Repository/1612893/36_Edit_UserName/Page_Thanh set Channel name - hcmus-cdnc-te_a699a0/span_' is clicked on

2020-06-05 13:32:03 - [TEST_STEP][PASSED] - closeBrowser(): Browser is closed

2020-06-05 13:32:04 - [MESSAGE][PASSED] - Browser is closed]]></system-out>
         <system-err><![CDATA[]]></system-err>
      </testcase>
      <testcase name="Test Cases/1612893/TC_36_Edit_UserName" time="17.846" classname="Test Cases/1612893/TC_36_Edit_UserName" status="PASSED">
         <system-out><![CDATA[2020-06-05 13:32:04 - [TEST_CASE][PASSED] - Test Cases/1612893/TC_36_Edit_UserName: Test Cases/1612893/TC_36_Edit_UserName

2020-06-05 13:32:04 - [TEST_STEP][PASSED] - openBrowser(""): Browser is opened with url: ''

2020-06-05 13:32:04 - [MESSAGE][INFO] - Starting 'Chrome' driver

2020-06-05 13:32:04 - [MESSAGE][INFO] - Action delay is set to 0 milliseconds

2020-06-05 13:32:07 - [MESSAGE][PASSED] - Browser is opened with url: ''

2020-06-05 13:32:07 - [TEST_STEP][PASSED] - navigateToUrl("http://localhost:8065/login"): Navigate to 'http://localhost:8065/login' successfully

2020-06-05 13:32:09 - [MESSAGE][PASSED] - Navigate to 'http://localhost:8065/login' successfully

2020-06-05 13:32:09 - [TEST_STEP][PASSED] - setText(findTestObject("Object Repository/1612893/36_Edit_UserName/Page_Mattermost/input_All team communication in one place s_703ef5"), "hcmus-cdnc@gmail.com"): Text 'hcmus-cdnc@gmail.com' is set on object 'Object Repository/1612893/36_Edit_UserName/Page_Mattermost/input_All team communication in one place s_703ef5'

2020-06-05 13:32:11 - [MESSAGE][PASSED] - Text 'hcmus-cdnc@gmail.com' is set on object 'Object Repository/1612893/36_Edit_UserName/Page_Mattermost/input_All team communication in one place s_703ef5'

2020-06-05 13:32:11 - [TEST_STEP][PASSED] - setEncryptedText(findTestObject("Object Repository/1612893/36_Edit_UserName/Page_Mattermost/input_All team communication in one place s_2f2733"), "aeHFOx8jV/A="): Text ****** has been set on object 'Object Repository/1612893/36_Edit_UserName/Page_Mattermost/input_All team communication in one place s_2f2733'

2020-06-05 13:32:12 - [MESSAGE][PASSED] - Text ****** has been set on object 'Object Repository/1612893/36_Edit_UserName/Page_Mattermost/input_All team communication in one place s_2f2733'

2020-06-05 13:32:12 - [TEST_STEP][PASSED] - click(findTestObject("Object Repository/1612893/36_Edit_UserName/Page_Mattermost/span_Sign in")): Object: 'Object Repository/1612893/36_Edit_UserName/Page_Mattermost/span_Sign in' is clicked on

2020-06-05 13:32:12 - [MESSAGE][PASSED] - Object: 'Object Repository/1612893/36_Edit_UserName/Page_Mattermost/span_Sign in' is clicked on

2020-06-05 13:32:12 - [TEST_STEP][PASSED] - click(findTestObject("Object Repository/1612893/36_Edit_UserName/Page_Thanh set Channel name - hcmus-cdnc-te_a699a0/span")): Object: 'Object Repository/1612893/36_Edit_UserName/Page_Thanh set Channel name - hcmus-cdnc-te_a699a0/span' is clicked on

2020-06-05 13:32:17 - [MESSAGE][PASSED] - Object: 'Object Repository/1612893/36_Edit_UserName/Page_Thanh set Channel name - hcmus-cdnc-te_a699a0/span' is clicked on

2020-06-05 13:32:17 - [TEST_STEP][PASSED] - click(findTestObject("Object Repository/1612893/36_Edit_UserName/Page_Thanh set Channel name - hcmus-cdnc-te_a699a0/span_Account Settings")): Object: 'Object Repository/1612893/36_Edit_UserName/Page_Thanh set Channel name - hcmus-cdnc-te_a699a0/span_Account Settings' is clicked on

2020-06-05 13:32:18 - [MESSAGE][PASSED] - Object: 'Object Repository/1612893/36_Edit_UserName/Page_Thanh set Channel name - hcmus-cdnc-te_a699a0/span_Account Settings' is clicked on

2020-06-05 13:32:18 - [TEST_STEP][PASSED] - click(findTestObject("Object Repository/1612893/36_Edit_UserName/Page_Thanh set Channel name - hcmus-cdnc-te_a699a0/span_Edit")): Object: 'Object Repository/1612893/36_Edit_UserName/Page_Thanh set Channel name - hcmus-cdnc-te_a699a0/span_Edit' is clicked on

2020-06-05 13:32:18 - [MESSAGE][PASSED] - Object: 'Object Repository/1612893/36_Edit_UserName/Page_Thanh set Channel name - hcmus-cdnc-te_a699a0/span_Edit' is clicked on

2020-06-05 13:32:18 - [TEST_STEP][PASSED] - setText(findTestObject("Object Repository/1612893/36_Edit_UserName/Page_Thanh set Channel name - hcmus-cdnc-te_a699a0/input_Username_username"), userName): Text 'mai' is set on object 'Object Repository/1612893/36_Edit_UserName/Page_Thanh set Channel name - hcmus-cdnc-te_a699a0/input_Username_username'

2020-06-05 13:32:19 - [MESSAGE][PASSED] - Text 'mai' is set on object 'Object Repository/1612893/36_Edit_UserName/Page_Thanh set Channel name - hcmus-cdnc-te_a699a0/input_Username_username'

2020-06-05 13:32:19 - [TEST_STEP][PASSED] - click(findTestObject("Object Repository/1612893/36_Edit_UserName/Page_Thanh set Channel name - hcmus-cdnc-te_a699a0/span_Save")): Object: 'Object Repository/1612893/36_Edit_UserName/Page_Thanh set Channel name - hcmus-cdnc-te_a699a0/span_Save' is clicked on

2020-06-05 13:32:20 - [MESSAGE][PASSED] - Object: 'Object Repository/1612893/36_Edit_UserName/Page_Thanh set Channel name - hcmus-cdnc-te_a699a0/span_Save' is clicked on

2020-06-05 13:32:20 - [TEST_STEP][PASSED] - click(findTestObject("Object Repository/1612893/36_Edit_UserName/Page_Thanh set Channel name - hcmus-cdnc-te_a699a0/span_")): Object: 'Object Repository/1612893/36_Edit_UserName/Page_Thanh set Channel name - hcmus-cdnc-te_a699a0/span_' is clicked on

2020-06-05 13:32:21 - [MESSAGE][PASSED] - Object: 'Object Repository/1612893/36_Edit_UserName/Page_Thanh set Channel name - hcmus-cdnc-te_a699a0/span_' is clicked on

2020-06-05 13:32:21 - [TEST_STEP][PASSED] - closeBrowser(): Browser is closed

2020-06-05 13:32:22 - [MESSAGE][PASSED] - Browser is closed]]></system-out>
         <system-err><![CDATA[]]></system-err>
      </testcase>
      <testcase name="Test Cases/1612893/TC_36_Edit_UserName" time="17.265" classname="Test Cases/1612893/TC_36_Edit_UserName" status="PASSED">
         <system-out><![CDATA[2020-06-05 13:32:22 - [TEST_CASE][PASSED] - Test Cases/1612893/TC_36_Edit_UserName: Test Cases/1612893/TC_36_Edit_UserName

2020-06-05 13:32:22 - [TEST_STEP][PASSED] - openBrowser(""): Browser is opened with url: ''

2020-06-05 13:32:22 - [MESSAGE][INFO] - Starting 'Chrome' driver

2020-06-05 13:32:22 - [MESSAGE][INFO] - Action delay is set to 0 milliseconds

2020-06-05 13:32:25 - [MESSAGE][PASSED] - Browser is opened with url: ''

2020-06-05 13:32:25 - [TEST_STEP][PASSED] - navigateToUrl("http://localhost:8065/login"): Navigate to 'http://localhost:8065/login' successfully

2020-06-05 13:32:27 - [MESSAGE][PASSED] - Navigate to 'http://localhost:8065/login' successfully

2020-06-05 13:32:27 - [TEST_STEP][PASSED] - setText(findTestObject("Object Repository/1612893/36_Edit_UserName/Page_Mattermost/input_All team communication in one place s_703ef5"), "hcmus-cdnc@gmail.com"): Text 'hcmus-cdnc@gmail.com' is set on object 'Object Repository/1612893/36_Edit_UserName/Page_Mattermost/input_All team communication in one place s_703ef5'

2020-06-05 13:32:29 - [MESSAGE][PASSED] - Text 'hcmus-cdnc@gmail.com' is set on object 'Object Repository/1612893/36_Edit_UserName/Page_Mattermost/input_All team communication in one place s_703ef5'

2020-06-05 13:32:29 - [TEST_STEP][PASSED] - setEncryptedText(findTestObject("Object Repository/1612893/36_Edit_UserName/Page_Mattermost/input_All team communication in one place s_2f2733"), "aeHFOx8jV/A="): Text ****** has been set on object 'Object Repository/1612893/36_Edit_UserName/Page_Mattermost/input_All team communication in one place s_2f2733'

2020-06-05 13:32:30 - [MESSAGE][PASSED] - Text ****** has been set on object 'Object Repository/1612893/36_Edit_UserName/Page_Mattermost/input_All team communication in one place s_2f2733'

2020-06-05 13:32:30 - [TEST_STEP][PASSED] - click(findTestObject("Object Repository/1612893/36_Edit_UserName/Page_Mattermost/span_Sign in")): Object: 'Object Repository/1612893/36_Edit_UserName/Page_Mattermost/span_Sign in' is clicked on

2020-06-05 13:32:30 - [MESSAGE][PASSED] - Object: 'Object Repository/1612893/36_Edit_UserName/Page_Mattermost/span_Sign in' is clicked on

2020-06-05 13:32:30 - [TEST_STEP][PASSED] - click(findTestObject("Object Repository/1612893/36_Edit_UserName/Page_Thanh set Channel name - hcmus-cdnc-te_a699a0/span")): Object: 'Object Repository/1612893/36_Edit_UserName/Page_Thanh set Channel name - hcmus-cdnc-te_a699a0/span' is clicked on

2020-06-05 13:32:34 - [MESSAGE][PASSED] - Object: 'Object Repository/1612893/36_Edit_UserName/Page_Thanh set Channel name - hcmus-cdnc-te_a699a0/span' is clicked on

2020-06-05 13:32:34 - [TEST_STEP][PASSED] - click(findTestObject("Object Repository/1612893/36_Edit_UserName/Page_Thanh set Channel name - hcmus-cdnc-te_a699a0/span_Account Settings")): Object: 'Object Repository/1612893/36_Edit_UserName/Page_Thanh set Channel name - hcmus-cdnc-te_a699a0/span_Account Settings' is clicked on

2020-06-05 13:32:35 - [MESSAGE][PASSED] - Object: 'Object Repository/1612893/36_Edit_UserName/Page_Thanh set Channel name - hcmus-cdnc-te_a699a0/span_Account Settings' is clicked on

2020-06-05 13:32:35 - [TEST_STEP][PASSED] - click(findTestObject("Object Repository/1612893/36_Edit_UserName/Page_Thanh set Channel name - hcmus-cdnc-te_a699a0/span_Edit")): Object: 'Object Repository/1612893/36_Edit_UserName/Page_Thanh set Channel name - hcmus-cdnc-te_a699a0/span_Edit' is clicked on

2020-06-05 13:32:36 - [MESSAGE][PASSED] - Object: 'Object Repository/1612893/36_Edit_UserName/Page_Thanh set Channel name - hcmus-cdnc-te_a699a0/span_Edit' is clicked on

2020-06-05 13:32:36 - [TEST_STEP][PASSED] - setText(findTestObject("Object Repository/1612893/36_Edit_UserName/Page_Thanh set Channel name - hcmus-cdnc-te_a699a0/input_Username_username"), userName): Text 'lan' is set on object 'Object Repository/1612893/36_Edit_UserName/Page_Thanh set Channel name - hcmus-cdnc-te_a699a0/input_Username_username'

2020-06-05 13:32:37 - [MESSAGE][PASSED] - Text 'lan' is set on object 'Object Repository/1612893/36_Edit_UserName/Page_Thanh set Channel name - hcmus-cdnc-te_a699a0/input_Username_username'

2020-06-05 13:32:37 - [TEST_STEP][PASSED] - click(findTestObject("Object Repository/1612893/36_Edit_UserName/Page_Thanh set Channel name - hcmus-cdnc-te_a699a0/span_Save")): Object: 'Object Repository/1612893/36_Edit_UserName/Page_Thanh set Channel name - hcmus-cdnc-te_a699a0/span_Save' is clicked on

2020-06-05 13:32:37 - [MESSAGE][PASSED] - Object: 'Object Repository/1612893/36_Edit_UserName/Page_Thanh set Channel name - hcmus-cdnc-te_a699a0/span_Save' is clicked on

2020-06-05 13:32:37 - [TEST_STEP][PASSED] - click(findTestObject("Object Repository/1612893/36_Edit_UserName/Page_Thanh set Channel name - hcmus-cdnc-te_a699a0/span_")): Object: 'Object Repository/1612893/36_Edit_UserName/Page_Thanh set Channel name - hcmus-cdnc-te_a699a0/span_' is clicked on

2020-06-05 13:32:38 - [MESSAGE][PASSED] - Object: 'Object Repository/1612893/36_Edit_UserName/Page_Thanh set Channel name - hcmus-cdnc-te_a699a0/span_' is clicked on

2020-06-05 13:32:38 - [TEST_STEP][PASSED] - closeBrowser(): Browser is closed

2020-06-05 13:32:39 - [MESSAGE][PASSED] - Browser is closed]]></system-out>
         <system-err><![CDATA[]]></system-err>
      </testcase>
      <testcase name="Test Cases/1612893/TC_36_Edit_UserName" time="17.931" classname="Test Cases/1612893/TC_36_Edit_UserName" status="PASSED">
         <system-out><![CDATA[2020-06-05 13:32:39 - [TEST_CASE][PASSED] - Test Cases/1612893/TC_36_Edit_UserName: Test Cases/1612893/TC_36_Edit_UserName

2020-06-05 13:32:39 - [TEST_STEP][PASSED] - openBrowser(""): Browser is opened with url: ''

2020-06-05 13:32:39 - [MESSAGE][INFO] - Starting 'Chrome' driver

2020-06-05 13:32:39 - [MESSAGE][INFO] - Action delay is set to 0 milliseconds

2020-06-05 13:32:43 - [MESSAGE][PASSED] - Browser is opened with url: ''

2020-06-05 13:32:43 - [TEST_STEP][PASSED] - navigateToUrl("http://localhost:8065/login"): Navigate to 'http://localhost:8065/login' successfully

2020-06-05 13:32:44 - [MESSAGE][PASSED] - Navigate to 'http://localhost:8065/login' successfully

2020-06-05 13:32:44 - [TEST_STEP][PASSED] - setText(findTestObject("Object Repository/1612893/36_Edit_UserName/Page_Mattermost/input_All team communication in one place s_703ef5"), "hcmus-cdnc@gmail.com"): Text 'hcmus-cdnc@gmail.com' is set on object 'Object Repository/1612893/36_Edit_UserName/Page_Mattermost/input_All team communication in one place s_703ef5'

2020-06-05 13:32:46 - [MESSAGE][PASSED] - Text 'hcmus-cdnc@gmail.com' is set on object 'Object Repository/1612893/36_Edit_UserName/Page_Mattermost/input_All team communication in one place s_703ef5'

2020-06-05 13:32:46 - [TEST_STEP][PASSED] - setEncryptedText(findTestObject("Object Repository/1612893/36_Edit_UserName/Page_Mattermost/input_All team communication in one place s_2f2733"), "aeHFOx8jV/A="): Text ****** has been set on object 'Object Repository/1612893/36_Edit_UserName/Page_Mattermost/input_All team communication in one place s_2f2733'

2020-06-05 13:32:47 - [MESSAGE][PASSED] - Text ****** has been set on object 'Object Repository/1612893/36_Edit_UserName/Page_Mattermost/input_All team communication in one place s_2f2733'

2020-06-05 13:32:47 - [TEST_STEP][PASSED] - click(findTestObject("Object Repository/1612893/36_Edit_UserName/Page_Mattermost/span_Sign in")): Object: 'Object Repository/1612893/36_Edit_UserName/Page_Mattermost/span_Sign in' is clicked on

2020-06-05 13:32:47 - [MESSAGE][PASSED] - Object: 'Object Repository/1612893/36_Edit_UserName/Page_Mattermost/span_Sign in' is clicked on

2020-06-05 13:32:47 - [TEST_STEP][PASSED] - click(findTestObject("Object Repository/1612893/36_Edit_UserName/Page_Thanh set Channel name - hcmus-cdnc-te_a699a0/span")): Object: 'Object Repository/1612893/36_Edit_UserName/Page_Thanh set Channel name - hcmus-cdnc-te_a699a0/span' is clicked on

2020-06-05 13:32:52 - [MESSAGE][PASSED] - Object: 'Object Repository/1612893/36_Edit_UserName/Page_Thanh set Channel name - hcmus-cdnc-te_a699a0/span' is clicked on

2020-06-05 13:32:52 - [TEST_STEP][PASSED] - click(findTestObject("Object Repository/1612893/36_Edit_UserName/Page_Thanh set Channel name - hcmus-cdnc-te_a699a0/span_Account Settings")): Object: 'Object Repository/1612893/36_Edit_UserName/Page_Thanh set Channel name - hcmus-cdnc-te_a699a0/span_Account Settings' is clicked on

2020-06-05 13:32:53 - [MESSAGE][PASSED] - Object: 'Object Repository/1612893/36_Edit_UserName/Page_Thanh set Channel name - hcmus-cdnc-te_a699a0/span_Account Settings' is clicked on

2020-06-05 13:32:53 - [TEST_STEP][PASSED] - click(findTestObject("Object Repository/1612893/36_Edit_UserName/Page_Thanh set Channel name - hcmus-cdnc-te_a699a0/span_Edit")): Object: 'Object Repository/1612893/36_Edit_UserName/Page_Thanh set Channel name - hcmus-cdnc-te_a699a0/span_Edit' is clicked on

2020-06-05 13:32:54 - [MESSAGE][PASSED] - Object: 'Object Repository/1612893/36_Edit_UserName/Page_Thanh set Channel name - hcmus-cdnc-te_a699a0/span_Edit' is clicked on

2020-06-05 13:32:54 - [TEST_STEP][PASSED] - setText(findTestObject("Object Repository/1612893/36_Edit_UserName/Page_Thanh set Channel name - hcmus-cdnc-te_a699a0/input_Username_username"), userName): Text 'truc' is set on object 'Object Repository/1612893/36_Edit_UserName/Page_Thanh set Channel name - hcmus-cdnc-te_a699a0/input_Username_username'

2020-06-05 13:32:54 - [MESSAGE][PASSED] - Text 'truc' is set on object 'Object Repository/1612893/36_Edit_UserName/Page_Thanh set Channel name - hcmus-cdnc-te_a699a0/input_Username_username'

2020-06-05 13:32:54 - [TEST_STEP][PASSED] - click(findTestObject("Object Repository/1612893/36_Edit_UserName/Page_Thanh set Channel name - hcmus-cdnc-te_a699a0/span_Save")): Object: 'Object Repository/1612893/36_Edit_UserName/Page_Thanh set Channel name - hcmus-cdnc-te_a699a0/span_Save' is clicked on

2020-06-05 13:32:55 - [MESSAGE][PASSED] - Object: 'Object Repository/1612893/36_Edit_UserName/Page_Thanh set Channel name - hcmus-cdnc-te_a699a0/span_Save' is clicked on

2020-06-05 13:32:55 - [TEST_STEP][PASSED] - click(findTestObject("Object Repository/1612893/36_Edit_UserName/Page_Thanh set Channel name - hcmus-cdnc-te_a699a0/span_")): Object: 'Object Repository/1612893/36_Edit_UserName/Page_Thanh set Channel name - hcmus-cdnc-te_a699a0/span_' is clicked on

2020-06-05 13:32:56 - [MESSAGE][PASSED] - Object: 'Object Repository/1612893/36_Edit_UserName/Page_Thanh set Channel name - hcmus-cdnc-te_a699a0/span_' is clicked on

2020-06-05 13:32:56 - [TEST_STEP][PASSED] - closeBrowser(): Browser is closed

2020-06-05 13:32:57 - [MESSAGE][PASSED] - Browser is closed]]></system-out>
         <system-err><![CDATA[]]></system-err>
      </testcase>
      <testcase name="Test Cases/1612893/TC_36_Edit_UserName" time="17.344" classname="Test Cases/1612893/TC_36_Edit_UserName" status="PASSED">
         <system-out><![CDATA[2020-06-05 13:32:57 - [TEST_CASE][PASSED] - Test Cases/1612893/TC_36_Edit_UserName: Test Cases/1612893/TC_36_Edit_UserName

2020-06-05 13:32:57 - [TEST_STEP][PASSED] - openBrowser(""): Browser is opened with url: ''

2020-06-05 13:32:57 - [MESSAGE][INFO] - Starting 'Chrome' driver

2020-06-05 13:32:57 - [MESSAGE][INFO] - Action delay is set to 0 milliseconds

2020-06-05 13:33:01 - [MESSAGE][PASSED] - Browser is opened with url: ''

2020-06-05 13:33:01 - [TEST_STEP][PASSED] - navigateToUrl("http://localhost:8065/login"): Navigate to 'http://localhost:8065/login' successfully

2020-06-05 13:33:02 - [MESSAGE][PASSED] - Navigate to 'http://localhost:8065/login' successfully

2020-06-05 13:33:02 - [TEST_STEP][PASSED] - setText(findTestObject("Object Repository/1612893/36_Edit_UserName/Page_Mattermost/input_All team communication in one place s_703ef5"), "hcmus-cdnc@gmail.com"): Text 'hcmus-cdnc@gmail.com' is set on object 'Object Repository/1612893/36_Edit_UserName/Page_Mattermost/input_All team communication in one place s_703ef5'

2020-06-05 13:33:04 - [MESSAGE][PASSED] - Text 'hcmus-cdnc@gmail.com' is set on object 'Object Repository/1612893/36_Edit_UserName/Page_Mattermost/input_All team communication in one place s_703ef5'

2020-06-05 13:33:04 - [TEST_STEP][PASSED] - setEncryptedText(findTestObject("Object Repository/1612893/36_Edit_UserName/Page_Mattermost/input_All team communication in one place s_2f2733"), "aeHFOx8jV/A="): Text ****** has been set on object 'Object Repository/1612893/36_Edit_UserName/Page_Mattermost/input_All team communication in one place s_2f2733'

2020-06-05 13:33:05 - [MESSAGE][PASSED] - Text ****** has been set on object 'Object Repository/1612893/36_Edit_UserName/Page_Mattermost/input_All team communication in one place s_2f2733'

2020-06-05 13:33:05 - [TEST_STEP][PASSED] - click(findTestObject("Object Repository/1612893/36_Edit_UserName/Page_Mattermost/span_Sign in")): Object: 'Object Repository/1612893/36_Edit_UserName/Page_Mattermost/span_Sign in' is clicked on

2020-06-05 13:33:06 - [MESSAGE][PASSED] - Object: 'Object Repository/1612893/36_Edit_UserName/Page_Mattermost/span_Sign in' is clicked on

2020-06-05 13:33:06 - [TEST_STEP][PASSED] - click(findTestObject("Object Repository/1612893/36_Edit_UserName/Page_Thanh set Channel name - hcmus-cdnc-te_a699a0/span")): Object: 'Object Repository/1612893/36_Edit_UserName/Page_Thanh set Channel name - hcmus-cdnc-te_a699a0/span' is clicked on

2020-06-05 13:33:09 - [MESSAGE][PASSED] - Object: 'Object Repository/1612893/36_Edit_UserName/Page_Thanh set Channel name - hcmus-cdnc-te_a699a0/span' is clicked on

2020-06-05 13:33:09 - [TEST_STEP][PASSED] - click(findTestObject("Object Repository/1612893/36_Edit_UserName/Page_Thanh set Channel name - hcmus-cdnc-te_a699a0/span_Account Settings")): Object: 'Object Repository/1612893/36_Edit_UserName/Page_Thanh set Channel name - hcmus-cdnc-te_a699a0/span_Account Settings' is clicked on

2020-06-05 13:33:10 - [MESSAGE][PASSED] - Object: 'Object Repository/1612893/36_Edit_UserName/Page_Thanh set Channel name - hcmus-cdnc-te_a699a0/span_Account Settings' is clicked on

2020-06-05 13:33:10 - [TEST_STEP][PASSED] - click(findTestObject("Object Repository/1612893/36_Edit_UserName/Page_Thanh set Channel name - hcmus-cdnc-te_a699a0/span_Edit")): Object: 'Object Repository/1612893/36_Edit_UserName/Page_Thanh set Channel name - hcmus-cdnc-te_a699a0/span_Edit' is clicked on

2020-06-05 13:33:11 - [MESSAGE][PASSED] - Object: 'Object Repository/1612893/36_Edit_UserName/Page_Thanh set Channel name - hcmus-cdnc-te_a699a0/span_Edit' is clicked on

2020-06-05 13:33:11 - [TEST_STEP][PASSED] - setText(findTestObject("Object Repository/1612893/36_Edit_UserName/Page_Thanh set Channel name - hcmus-cdnc-te_a699a0/input_Username_username"), userName): Text 'anh' is set on object 'Object Repository/1612893/36_Edit_UserName/Page_Thanh set Channel name - hcmus-cdnc-te_a699a0/input_Username_username'

2020-06-05 13:33:12 - [MESSAGE][PASSED] - Text 'anh' is set on object 'Object Repository/1612893/36_Edit_UserName/Page_Thanh set Channel name - hcmus-cdnc-te_a699a0/input_Username_username'

2020-06-05 13:33:12 - [TEST_STEP][PASSED] - click(findTestObject("Object Repository/1612893/36_Edit_UserName/Page_Thanh set Channel name - hcmus-cdnc-te_a699a0/span_Save")): Object: 'Object Repository/1612893/36_Edit_UserName/Page_Thanh set Channel name - hcmus-cdnc-te_a699a0/span_Save' is clicked on

2020-06-05 13:33:13 - [MESSAGE][PASSED] - Object: 'Object Repository/1612893/36_Edit_UserName/Page_Thanh set Channel name - hcmus-cdnc-te_a699a0/span_Save' is clicked on

2020-06-05 13:33:13 - [TEST_STEP][PASSED] - click(findTestObject("Object Repository/1612893/36_Edit_UserName/Page_Thanh set Channel name - hcmus-cdnc-te_a699a0/span_")): Object: 'Object Repository/1612893/36_Edit_UserName/Page_Thanh set Channel name - hcmus-cdnc-te_a699a0/span_' is clicked on

2020-06-05 13:33:14 - [MESSAGE][PASSED] - Object: 'Object Repository/1612893/36_Edit_UserName/Page_Thanh set Channel name - hcmus-cdnc-te_a699a0/span_' is clicked on

2020-06-05 13:33:14 - [TEST_STEP][PASSED] - closeBrowser(): Browser is closed

2020-06-05 13:33:14 - [MESSAGE][PASSED] - Browser is closed]]></system-out>
         <system-err><![CDATA[]]></system-err>
      </testcase>
      <testcase name="Test Cases/1612893/TC_36_Edit_UserName" time="17.832" classname="Test Cases/1612893/TC_36_Edit_UserName" status="PASSED">
         <system-out><![CDATA[2020-06-05 13:33:14 - [TEST_CASE][PASSED] - Test Cases/1612893/TC_36_Edit_UserName: Test Cases/1612893/TC_36_Edit_UserName

2020-06-05 13:33:14 - [TEST_STEP][PASSED] - openBrowser(""): Browser is opened with url: ''

2020-06-05 13:33:14 - [MESSAGE][INFO] - Starting 'Chrome' driver

2020-06-05 13:33:14 - [MESSAGE][INFO] - Action delay is set to 0 milliseconds

2020-06-05 13:33:18 - [MESSAGE][PASSED] - Browser is opened with url: ''

2020-06-05 13:33:18 - [TEST_STEP][PASSED] - navigateToUrl("http://localhost:8065/login"): Navigate to 'http://localhost:8065/login' successfully

2020-06-05 13:33:20 - [MESSAGE][PASSED] - Navigate to 'http://localhost:8065/login' successfully

2020-06-05 13:33:20 - [TEST_STEP][PASSED] - setText(findTestObject("Object Repository/1612893/36_Edit_UserName/Page_Mattermost/input_All team communication in one place s_703ef5"), "hcmus-cdnc@gmail.com"): Text 'hcmus-cdnc@gmail.com' is set on object 'Object Repository/1612893/36_Edit_UserName/Page_Mattermost/input_All team communication in one place s_703ef5'

2020-06-05 13:33:22 - [MESSAGE][PASSED] - Text 'hcmus-cdnc@gmail.com' is set on object 'Object Repository/1612893/36_Edit_UserName/Page_Mattermost/input_All team communication in one place s_703ef5'

2020-06-05 13:33:22 - [TEST_STEP][PASSED] - setEncryptedText(findTestObject("Object Repository/1612893/36_Edit_UserName/Page_Mattermost/input_All team communication in one place s_2f2733"), "aeHFOx8jV/A="): Text ****** has been set on object 'Object Repository/1612893/36_Edit_UserName/Page_Mattermost/input_All team communication in one place s_2f2733'

2020-06-05 13:33:22 - [MESSAGE][PASSED] - Text ****** has been set on object 'Object Repository/1612893/36_Edit_UserName/Page_Mattermost/input_All team communication in one place s_2f2733'

2020-06-05 13:33:22 - [TEST_STEP][PASSED] - click(findTestObject("Object Repository/1612893/36_Edit_UserName/Page_Mattermost/span_Sign in")): Object: 'Object Repository/1612893/36_Edit_UserName/Page_Mattermost/span_Sign in' is clicked on

2020-06-05 13:33:23 - [MESSAGE][PASSED] - Object: 'Object Repository/1612893/36_Edit_UserName/Page_Mattermost/span_Sign in' is clicked on

2020-06-05 13:33:23 - [TEST_STEP][PASSED] - click(findTestObject("Object Repository/1612893/36_Edit_UserName/Page_Thanh set Channel name - hcmus-cdnc-te_a699a0/span")): Object: 'Object Repository/1612893/36_Edit_UserName/Page_Thanh set Channel name - hcmus-cdnc-te_a699a0/span' is clicked on

2020-06-05 13:33:27 - [MESSAGE][PASSED] - Object: 'Object Repository/1612893/36_Edit_UserName/Page_Thanh set Channel name - hcmus-cdnc-te_a699a0/span' is clicked on

2020-06-05 13:33:27 - [TEST_STEP][PASSED] - click(findTestObject("Object Repository/1612893/36_Edit_UserName/Page_Thanh set Channel name - hcmus-cdnc-te_a699a0/span_Account Settings")): Object: 'Object Repository/1612893/36_Edit_UserName/Page_Thanh set Channel name - hcmus-cdnc-te_a699a0/span_Account Settings' is clicked on

2020-06-05 13:33:28 - [MESSAGE][PASSED] - Object: 'Object Repository/1612893/36_Edit_UserName/Page_Thanh set Channel name - hcmus-cdnc-te_a699a0/span_Account Settings' is clicked on

2020-06-05 13:33:28 - [TEST_STEP][PASSED] - click(findTestObject("Object Repository/1612893/36_Edit_UserName/Page_Thanh set Channel name - hcmus-cdnc-te_a699a0/span_Edit")): Object: 'Object Repository/1612893/36_Edit_UserName/Page_Thanh set Channel name - hcmus-cdnc-te_a699a0/span_Edit' is clicked on

2020-06-05 13:33:29 - [MESSAGE][PASSED] - Object: 'Object Repository/1612893/36_Edit_UserName/Page_Thanh set Channel name - hcmus-cdnc-te_a699a0/span_Edit' is clicked on

2020-06-05 13:33:29 - [TEST_STEP][PASSED] - setText(findTestObject("Object Repository/1612893/36_Edit_UserName/Page_Thanh set Channel name - hcmus-cdnc-te_a699a0/input_Username_username"), userName): Text 'hcmus-cdnc' is set on object 'Object Repository/1612893/36_Edit_UserName/Page_Thanh set Channel name - hcmus-cdnc-te_a699a0/input_Username_username'

2020-06-05 13:33:30 - [MESSAGE][PASSED] - Text 'hcmus-cdnc' is set on object 'Object Repository/1612893/36_Edit_UserName/Page_Thanh set Channel name - hcmus-cdnc-te_a699a0/input_Username_username'

2020-06-05 13:33:30 - [TEST_STEP][PASSED] - click(findTestObject("Object Repository/1612893/36_Edit_UserName/Page_Thanh set Channel name - hcmus-cdnc-te_a699a0/span_Save")): Object: 'Object Repository/1612893/36_Edit_UserName/Page_Thanh set Channel name - hcmus-cdnc-te_a699a0/span_Save' is clicked on

2020-06-05 13:33:31 - [MESSAGE][PASSED] - Object: 'Object Repository/1612893/36_Edit_UserName/Page_Thanh set Channel name - hcmus-cdnc-te_a699a0/span_Save' is clicked on

2020-06-05 13:33:31 - [TEST_STEP][PASSED] - click(findTestObject("Object Repository/1612893/36_Edit_UserName/Page_Thanh set Channel name - hcmus-cdnc-te_a699a0/span_")): Object: 'Object Repository/1612893/36_Edit_UserName/Page_Thanh set Channel name - hcmus-cdnc-te_a699a0/span_' is clicked on

2020-06-05 13:33:32 - [MESSAGE][PASSED] - Object: 'Object Repository/1612893/36_Edit_UserName/Page_Thanh set Channel name - hcmus-cdnc-te_a699a0/span_' is clicked on

2020-06-05 13:33:32 - [TEST_STEP][PASSED] - closeBrowser(): Browser is closed

2020-06-05 13:33:32 - [MESSAGE][PASSED] - Browser is closed]]></system-out>
         <system-err><![CDATA[]]></system-err>
      </testcase>
      <testcase name="Test Cases/1612893/TC_37_Set_a_header" time="22.862" classname="Test Cases/1612893/TC_37_Set_a_header" status="PASSED">
         <system-out><![CDATA[2020-06-05 13:33:32 - [TEST_CASE][PASSED] - Test Cases/1612893/TC_37_Set_a_header: Test Cases/1612893/TC_37_Set_a_header

2020-06-05 13:33:33 - [TEST_STEP][PASSED] - openBrowser(""): Browser is opened with url: ''

2020-06-05 13:33:33 - [MESSAGE][INFO] - Starting 'Chrome' driver

2020-06-05 13:33:33 - [MESSAGE][INFO] - Action delay is set to 0 milliseconds

2020-06-05 13:33:36 - [MESSAGE][PASSED] - Browser is opened with url: ''

2020-06-05 13:33:36 - [TEST_STEP][PASSED] - navigateToUrl("http://localhost:8065/login"): Navigate to 'http://localhost:8065/login' successfully

2020-06-05 13:33:38 - [MESSAGE][PASSED] - Navigate to 'http://localhost:8065/login' successfully

2020-06-05 13:33:38 - [TEST_STEP][PASSED] - setText(findTestObject("Object Repository/1612893/37_Set_a_header/Page_Mattermost/input_All team communication in one place s_703ef5"), "hcmus-cdnc"): Text 'hcmus-cdnc' is set on object 'Object Repository/1612893/37_Set_a_header/Page_Mattermost/input_All team communication in one place s_703ef5'

2020-06-05 13:33:39 - [MESSAGE][PASSED] - Text 'hcmus-cdnc' is set on object 'Object Repository/1612893/37_Set_a_header/Page_Mattermost/input_All team communication in one place s_703ef5'

2020-06-05 13:33:39 - [TEST_STEP][PASSED] - setEncryptedText(findTestObject("Object Repository/1612893/37_Set_a_header/Page_Mattermost/input_All team communication in one place s_2f2733"), "aeHFOx8jV/A="): Text ****** has been set on object 'Object Repository/1612893/37_Set_a_header/Page_Mattermost/input_All team communication in one place s_2f2733'

2020-06-05 13:33:40 - [MESSAGE][PASSED] - Text ****** has been set on object 'Object Repository/1612893/37_Set_a_header/Page_Mattermost/input_All team communication in one place s_2f2733'

2020-06-05 13:33:40 - [TEST_STEP][PASSED] - sendKeys(findTestObject("Object Repository/1612893/37_Set_a_header/Page_Mattermost/input_All team communication in one place s_2f2733"), Keys.chord(ENTER)): Keys 'ENTER + ' sent to object: 'Object Repository/1612893/37_Set_a_header/Page_Mattermost/input_All team communication in one place s_2f2733'

2020-06-05 13:33:41 - [MESSAGE][PASSED] - Keys 'ENTER + ' sent to object: 'Object Repository/1612893/37_Set_a_header/Page_Mattermost/input_All team communication in one place s_2f2733'

2020-06-05 13:33:41 - [TEST_STEP][PASSED] - click(findTestObject("Object Repository/1612893/37_Set_a_header/Page_Thanh set Channel name - hcmus-cdnc-te_a699a0/button_Set a Header")): Object: 'Object Repository/1612893/37_Set_a_header/Page_Thanh set Channel name - hcmus-cdnc-te_a699a0/button_Set a Header' is clicked on

2020-06-05 13:33:52 - [MESSAGE][PASSED] - Object: 'Object Repository/1612893/37_Set_a_header/Page_Thanh set Channel name - hcmus-cdnc-te_a699a0/button_Set a Header' is clicked on

2020-06-05 13:33:52 - [TEST_STEP][PASSED] - setText(findTestObject("Object Repository/1612893/37_Set_a_header/Page_Thanh set Channel name - hcmus-cdnc-te_a699a0/textarea_thanh set header"), content): Text '999999999213193921129319' is set on object 'Object Repository/1612893/37_Set_a_header/Page_Thanh set Channel name - hcmus-cdnc-te_a699a0/textarea_thanh set header'

2020-06-05 13:33:54 - [MESSAGE][PASSED] - Text '999999999213193921129319' is set on object 'Object Repository/1612893/37_Set_a_header/Page_Thanh set Channel name - hcmus-cdnc-te_a699a0/textarea_thanh set header'

2020-06-05 13:33:54 - [TEST_STEP][PASSED] - click(findTestObject("Object Repository/1612893/37_Set_a_header/Page_Thanh set Channel name - hcmus-cdnc-te_a699a0/button_Save")): Object: 'Object Repository/1612893/37_Set_a_header/Page_Thanh set Channel name - hcmus-cdnc-te_a699a0/button_Save' is clicked on

2020-06-05 13:33:55 - [MESSAGE][PASSED] - Object: 'Object Repository/1612893/37_Set_a_header/Page_Thanh set Channel name - hcmus-cdnc-te_a699a0/button_Save' is clicked on]]></system-out>
         <system-err><![CDATA[]]></system-err>
      </testcase>
      <testcase name="Test Cases/1612893/TC_37_Set_a_header" time="16.259" classname="Test Cases/1612893/TC_37_Set_a_header" status="PASSED">
         <system-out><![CDATA[2020-06-05 13:33:55 - [TEST_CASE][PASSED] - Test Cases/1612893/TC_37_Set_a_header: Test Cases/1612893/TC_37_Set_a_header

2020-06-05 13:33:55 - [TEST_STEP][PASSED] - openBrowser(""): Browser is opened with url: ''

2020-06-05 13:33:55 - [MESSAGE][WARNING] - A browser is already opened. Closing browser and opening a new one

2020-06-05 13:33:56 - [MESSAGE][INFO] - Starting 'Chrome' driver

2020-06-05 13:33:56 - [MESSAGE][INFO] - Action delay is set to 0 milliseconds

2020-06-05 13:34:00 - [MESSAGE][PASSED] - Browser is opened with url: ''

2020-06-05 13:34:00 - [TEST_STEP][PASSED] - navigateToUrl("http://localhost:8065/login"): Navigate to 'http://localhost:8065/login' successfully

2020-06-05 13:34:01 - [MESSAGE][PASSED] - Navigate to 'http://localhost:8065/login' successfully

2020-06-05 13:34:01 - [TEST_STEP][PASSED] - setText(findTestObject("Object Repository/1612893/37_Set_a_header/Page_Mattermost/input_All team communication in one place s_703ef5"), "hcmus-cdnc"): Text 'hcmus-cdnc' is set on object 'Object Repository/1612893/37_Set_a_header/Page_Mattermost/input_All team communication in one place s_703ef5'

2020-06-05 13:34:03 - [MESSAGE][PASSED] - Text 'hcmus-cdnc' is set on object 'Object Repository/1612893/37_Set_a_header/Page_Mattermost/input_All team communication in one place s_703ef5'

2020-06-05 13:34:03 - [TEST_STEP][PASSED] - setEncryptedText(findTestObject("Object Repository/1612893/37_Set_a_header/Page_Mattermost/input_All team communication in one place s_2f2733"), "aeHFOx8jV/A="): Text ****** has been set on object 'Object Repository/1612893/37_Set_a_header/Page_Mattermost/input_All team communication in one place s_2f2733'

2020-06-05 13:34:04 - [MESSAGE][PASSED] - Text ****** has been set on object 'Object Repository/1612893/37_Set_a_header/Page_Mattermost/input_All team communication in one place s_2f2733'

2020-06-05 13:34:04 - [TEST_STEP][PASSED] - sendKeys(findTestObject("Object Repository/1612893/37_Set_a_header/Page_Mattermost/input_All team communication in one place s_2f2733"), Keys.chord(ENTER)): Keys 'ENTER + ' sent to object: 'Object Repository/1612893/37_Set_a_header/Page_Mattermost/input_All team communication in one place s_2f2733'

2020-06-05 13:34:04 - [MESSAGE][PASSED] - Keys 'ENTER + ' sent to object: 'Object Repository/1612893/37_Set_a_header/Page_Mattermost/input_All team communication in one place s_2f2733'

2020-06-05 13:34:04 - [TEST_STEP][PASSED] - click(findTestObject("Object Repository/1612893/37_Set_a_header/Page_Thanh set Channel name - hcmus-cdnc-te_a699a0/button_Set a Header")): Object: 'Object Repository/1612893/37_Set_a_header/Page_Thanh set Channel name - hcmus-cdnc-te_a699a0/button_Set a Header' is clicked on

2020-06-05 13:34:09 - [MESSAGE][PASSED] - Object: 'Object Repository/1612893/37_Set_a_header/Page_Thanh set Channel name - hcmus-cdnc-te_a699a0/button_Set a Header' is clicked on

2020-06-05 13:34:09 - [TEST_STEP][PASSED] - setText(findTestObject("Object Repository/1612893/37_Set_a_header/Page_Thanh set Channel name - hcmus-cdnc-te_a699a0/textarea_thanh set header"), content): Text '$#%@#^^#%##%%' is set on object 'Object Repository/1612893/37_Set_a_header/Page_Thanh set Channel name - hcmus-cdnc-te_a699a0/textarea_thanh set header'

2020-06-05 13:34:11 - [MESSAGE][PASSED] - Text '$#%@#^^#%##%%' is set on object 'Object Repository/1612893/37_Set_a_header/Page_Thanh set Channel name - hcmus-cdnc-te_a699a0/textarea_thanh set header'

2020-06-05 13:34:11 - [TEST_STEP][PASSED] - click(findTestObject("Object Repository/1612893/37_Set_a_header/Page_Thanh set Channel name - hcmus-cdnc-te_a699a0/button_Save")): Object: 'Object Repository/1612893/37_Set_a_header/Page_Thanh set Channel name - hcmus-cdnc-te_a699a0/button_Save' is clicked on

2020-06-05 13:34:11 - [MESSAGE][PASSED] - Object: 'Object Repository/1612893/37_Set_a_header/Page_Thanh set Channel name - hcmus-cdnc-te_a699a0/button_Save' is clicked on]]></system-out>
         <system-err><![CDATA[]]></system-err>
      </testcase>
      <testcase name="Test Cases/1612893/TC_37_Set_a_header" time="22.418" classname="Test Cases/1612893/TC_37_Set_a_header" status="PASSED">
         <system-out><![CDATA[2020-06-05 13:34:11 - [TEST_CASE][PASSED] - Test Cases/1612893/TC_37_Set_a_header: Test Cases/1612893/TC_37_Set_a_header

2020-06-05 13:34:11 - [TEST_STEP][PASSED] - openBrowser(""): Browser is opened with url: ''

2020-06-05 13:34:11 - [MESSAGE][WARNING] - A browser is already opened. Closing browser and opening a new one

2020-06-05 13:34:12 - [MESSAGE][INFO] - Starting 'Chrome' driver

2020-06-05 13:34:12 - [MESSAGE][INFO] - Action delay is set to 0 milliseconds

2020-06-05 13:34:16 - [MESSAGE][PASSED] - Browser is opened with url: ''

2020-06-05 13:34:16 - [TEST_STEP][PASSED] - navigateToUrl("http://localhost:8065/login"): Navigate to 'http://localhost:8065/login' successfully

2020-06-05 13:34:17 - [MESSAGE][PASSED] - Navigate to 'http://localhost:8065/login' successfully

2020-06-05 13:34:17 - [TEST_STEP][PASSED] - setText(findTestObject("Object Repository/1612893/37_Set_a_header/Page_Mattermost/input_All team communication in one place s_703ef5"), "hcmus-cdnc"): Text 'hcmus-cdnc' is set on object 'Object Repository/1612893/37_Set_a_header/Page_Mattermost/input_All team communication in one place s_703ef5'

2020-06-05 13:34:20 - [MESSAGE][PASSED] - Text 'hcmus-cdnc' is set on object 'Object Repository/1612893/37_Set_a_header/Page_Mattermost/input_All team communication in one place s_703ef5'

2020-06-05 13:34:20 - [TEST_STEP][PASSED] - setEncryptedText(findTestObject("Object Repository/1612893/37_Set_a_header/Page_Mattermost/input_All team communication in one place s_2f2733"), "aeHFOx8jV/A="): Text ****** has been set on object 'Object Repository/1612893/37_Set_a_header/Page_Mattermost/input_All team communication in one place s_2f2733'

2020-06-05 13:34:20 - [MESSAGE][PASSED] - Text ****** has been set on object 'Object Repository/1612893/37_Set_a_header/Page_Mattermost/input_All team communication in one place s_2f2733'

2020-06-05 13:34:20 - [TEST_STEP][PASSED] - sendKeys(findTestObject("Object Repository/1612893/37_Set_a_header/Page_Mattermost/input_All team communication in one place s_2f2733"), Keys.chord(ENTER)): Keys 'ENTER + ' sent to object: 'Object Repository/1612893/37_Set_a_header/Page_Mattermost/input_All team communication in one place s_2f2733'

2020-06-05 13:34:21 - [MESSAGE][PASSED] - Keys 'ENTER + ' sent to object: 'Object Repository/1612893/37_Set_a_header/Page_Mattermost/input_All team communication in one place s_2f2733'

2020-06-05 13:34:21 - [TEST_STEP][PASSED] - click(findTestObject("Object Repository/1612893/37_Set_a_header/Page_Thanh set Channel name - hcmus-cdnc-te_a699a0/button_Set a Header")): Object: 'Object Repository/1612893/37_Set_a_header/Page_Thanh set Channel name - hcmus-cdnc-te_a699a0/button_Set a Header' is clicked on

2020-06-05 13:34:32 - [MESSAGE][PASSED] - Object: 'Object Repository/1612893/37_Set_a_header/Page_Thanh set Channel name - hcmus-cdnc-te_a699a0/button_Set a Header' is clicked on

2020-06-05 13:34:32 - [TEST_STEP][PASSED] - setText(findTestObject("Object Repository/1612893/37_Set_a_header/Page_Thanh set Channel name - hcmus-cdnc-te_a699a0/textarea_thanh set header"), content): Text '><VĐGDGR$RFD' is set on object 'Object Repository/1612893/37_Set_a_header/Page_Thanh set Channel name - hcmus-cdnc-te_a699a0/textarea_thanh set header'

2020-06-05 13:34:33 - [MESSAGE][PASSED] - Text '><VĐGDGR$RFD' is set on object 'Object Repository/1612893/37_Set_a_header/Page_Thanh set Channel name - hcmus-cdnc-te_a699a0/textarea_thanh set header'

2020-06-05 13:34:33 - [TEST_STEP][PASSED] - click(findTestObject("Object Repository/1612893/37_Set_a_header/Page_Thanh set Channel name - hcmus-cdnc-te_a699a0/button_Save")): Object: 'Object Repository/1612893/37_Set_a_header/Page_Thanh set Channel name - hcmus-cdnc-te_a699a0/button_Save' is clicked on

2020-06-05 13:34:34 - [MESSAGE][PASSED] - Object: 'Object Repository/1612893/37_Set_a_header/Page_Thanh set Channel name - hcmus-cdnc-te_a699a0/button_Save' is clicked on]]></system-out>
         <system-err><![CDATA[]]></system-err>
      </testcase>
      <testcase name="Test Cases/1612893/TC_37_Set_a_header" time="16.147" classname="Test Cases/1612893/TC_37_Set_a_header" status="PASSED">
         <system-out><![CDATA[2020-06-05 13:34:34 - [TEST_CASE][PASSED] - Test Cases/1612893/TC_37_Set_a_header: Test Cases/1612893/TC_37_Set_a_header

2020-06-05 13:34:34 - [TEST_STEP][PASSED] - openBrowser(""): Browser is opened with url: ''

2020-06-05 13:34:34 - [MESSAGE][WARNING] - A browser is already opened. Closing browser and opening a new one

2020-06-05 13:34:35 - [MESSAGE][INFO] - Starting 'Chrome' driver

2020-06-05 13:34:35 - [MESSAGE][INFO] - Action delay is set to 0 milliseconds

2020-06-05 13:34:38 - [MESSAGE][PASSED] - Browser is opened with url: ''

2020-06-05 13:34:38 - [TEST_STEP][PASSED] - navigateToUrl("http://localhost:8065/login"): Navigate to 'http://localhost:8065/login' successfully

2020-06-05 13:34:40 - [MESSAGE][PASSED] - Navigate to 'http://localhost:8065/login' successfully

2020-06-05 13:34:40 - [TEST_STEP][PASSED] - setText(findTestObject("Object Repository/1612893/37_Set_a_header/Page_Mattermost/input_All team communication in one place s_703ef5"), "hcmus-cdnc"): Text 'hcmus-cdnc' is set on object 'Object Repository/1612893/37_Set_a_header/Page_Mattermost/input_All team communication in one place s_703ef5'

2020-06-05 13:34:42 - [MESSAGE][PASSED] - Text 'hcmus-cdnc' is set on object 'Object Repository/1612893/37_Set_a_header/Page_Mattermost/input_All team communication in one place s_703ef5'

2020-06-05 13:34:42 - [TEST_STEP][PASSED] - setEncryptedText(findTestObject("Object Repository/1612893/37_Set_a_header/Page_Mattermost/input_All team communication in one place s_2f2733"), "aeHFOx8jV/A="): Text ****** has been set on object 'Object Repository/1612893/37_Set_a_header/Page_Mattermost/input_All team communication in one place s_2f2733'

2020-06-05 13:34:42 - [MESSAGE][PASSED] - Text ****** has been set on object 'Object Repository/1612893/37_Set_a_header/Page_Mattermost/input_All team communication in one place s_2f2733'

2020-06-05 13:34:42 - [TEST_STEP][PASSED] - sendKeys(findTestObject("Object Repository/1612893/37_Set_a_header/Page_Mattermost/input_All team communication in one place s_2f2733"), Keys.chord(ENTER)): Keys 'ENTER + ' sent to object: 'Object Repository/1612893/37_Set_a_header/Page_Mattermost/input_All team communication in one place s_2f2733'

2020-06-05 13:34:43 - [MESSAGE][PASSED] - Keys 'ENTER + ' sent to object: 'Object Repository/1612893/37_Set_a_header/Page_Mattermost/input_All team communication in one place s_2f2733'

2020-06-05 13:34:43 - [TEST_STEP][PASSED] - click(findTestObject("Object Repository/1612893/37_Set_a_header/Page_Thanh set Channel name - hcmus-cdnc-te_a699a0/button_Set a Header")): Object: 'Object Repository/1612893/37_Set_a_header/Page_Thanh set Channel name - hcmus-cdnc-te_a699a0/button_Set a Header' is clicked on

2020-06-05 13:34:48 - [MESSAGE][PASSED] - Object: 'Object Repository/1612893/37_Set_a_header/Page_Thanh set Channel name - hcmus-cdnc-te_a699a0/button_Set a Header' is clicked on

2020-06-05 13:34:48 - [TEST_STEP][PASSED] - setText(findTestObject("Object Repository/1612893/37_Set_a_header/Page_Thanh set Channel name - hcmus-cdnc-te_a699a0/textarea_thanh set header"), content): Text '<div><div>' is set on object 'Object Repository/1612893/37_Set_a_header/Page_Thanh set Channel name - hcmus-cdnc-te_a699a0/textarea_thanh set header'

2020-06-05 13:34:49 - [MESSAGE][PASSED] - Text '<div><div>' is set on object 'Object Repository/1612893/37_Set_a_header/Page_Thanh set Channel name - hcmus-cdnc-te_a699a0/textarea_thanh set header'

2020-06-05 13:34:49 - [TEST_STEP][PASSED] - click(findTestObject("Object Repository/1612893/37_Set_a_header/Page_Thanh set Channel name - hcmus-cdnc-te_a699a0/button_Save")): Object: 'Object Repository/1612893/37_Set_a_header/Page_Thanh set Channel name - hcmus-cdnc-te_a699a0/button_Save' is clicked on

2020-06-05 13:34:50 - [MESSAGE][PASSED] - Object: 'Object Repository/1612893/37_Set_a_header/Page_Thanh set Channel name - hcmus-cdnc-te_a699a0/button_Save' is clicked on]]></system-out>
         <system-err><![CDATA[]]></system-err>
      </testcase>
      <testcase name="Test Cases/1612893/TC_37_Set_a_header" time="16.225" classname="Test Cases/1612893/TC_37_Set_a_header" status="PASSED">
         <system-out><![CDATA[2020-06-05 13:34:50 - [TEST_CASE][PASSED] - Test Cases/1612893/TC_37_Set_a_header: Test Cases/1612893/TC_37_Set_a_header

2020-06-05 13:34:50 - [TEST_STEP][PASSED] - openBrowser(""): Browser is opened with url: ''

2020-06-05 13:34:50 - [MESSAGE][WARNING] - A browser is already opened. Closing browser and opening a new one

2020-06-05 13:34:51 - [MESSAGE][INFO] - Starting 'Chrome' driver

2020-06-05 13:34:51 - [MESSAGE][INFO] - Action delay is set to 0 milliseconds

2020-06-05 13:34:54 - [MESSAGE][PASSED] - Browser is opened with url: ''

2020-06-05 13:34:54 - [TEST_STEP][PASSED] - navigateToUrl("http://localhost:8065/login"): Navigate to 'http://localhost:8065/login' successfully

2020-06-05 13:34:56 - [MESSAGE][PASSED] - Navigate to 'http://localhost:8065/login' successfully

2020-06-05 13:34:56 - [TEST_STEP][PASSED] - setText(findTestObject("Object Repository/1612893/37_Set_a_header/Page_Mattermost/input_All team communication in one place s_703ef5"), "hcmus-cdnc"): Text 'hcmus-cdnc' is set on object 'Object Repository/1612893/37_Set_a_header/Page_Mattermost/input_All team communication in one place s_703ef5'

2020-06-05 13:34:58 - [MESSAGE][PASSED] - Text 'hcmus-cdnc' is set on object 'Object Repository/1612893/37_Set_a_header/Page_Mattermost/input_All team communication in one place s_703ef5'

2020-06-05 13:34:58 - [TEST_STEP][PASSED] - setEncryptedText(findTestObject("Object Repository/1612893/37_Set_a_header/Page_Mattermost/input_All team communication in one place s_2f2733"), "aeHFOx8jV/A="): Text ****** has been set on object 'Object Repository/1612893/37_Set_a_header/Page_Mattermost/input_All team communication in one place s_2f2733'

2020-06-05 13:34:59 - [MESSAGE][PASSED] - Text ****** has been set on object 'Object Repository/1612893/37_Set_a_header/Page_Mattermost/input_All team communication in one place s_2f2733'

2020-06-05 13:34:59 - [TEST_STEP][PASSED] - sendKeys(findTestObject("Object Repository/1612893/37_Set_a_header/Page_Mattermost/input_All team communication in one place s_2f2733"), Keys.chord(ENTER)): Keys 'ENTER + ' sent to object: 'Object Repository/1612893/37_Set_a_header/Page_Mattermost/input_All team communication in one place s_2f2733'

2020-06-05 13:34:59 - [MESSAGE][PASSED] - Keys 'ENTER + ' sent to object: 'Object Repository/1612893/37_Set_a_header/Page_Mattermost/input_All team communication in one place s_2f2733'

2020-06-05 13:34:59 - [TEST_STEP][PASSED] - click(findTestObject("Object Repository/1612893/37_Set_a_header/Page_Thanh set Channel name - hcmus-cdnc-te_a699a0/button_Set a Header")): Object: 'Object Repository/1612893/37_Set_a_header/Page_Thanh set Channel name - hcmus-cdnc-te_a699a0/button_Set a Header' is clicked on

2020-06-05 13:35:04 - [MESSAGE][PASSED] - Object: 'Object Repository/1612893/37_Set_a_header/Page_Thanh set Channel name - hcmus-cdnc-te_a699a0/button_Set a Header' is clicked on

2020-06-05 13:35:04 - [TEST_STEP][PASSED] - setText(findTestObject("Object Repository/1612893/37_Set_a_header/Page_Thanh set Channel name - hcmus-cdnc-te_a699a0/textarea_thanh set header"), content): Text 'thanh set header' is set on object 'Object Repository/1612893/37_Set_a_header/Page_Thanh set Channel name - hcmus-cdnc-te_a699a0/textarea_thanh set header'

2020-06-05 13:35:06 - [MESSAGE][PASSED] - Text 'thanh set header' is set on object 'Object Repository/1612893/37_Set_a_header/Page_Thanh set Channel name - hcmus-cdnc-te_a699a0/textarea_thanh set header'

2020-06-05 13:35:06 - [TEST_STEP][PASSED] - click(findTestObject("Object Repository/1612893/37_Set_a_header/Page_Thanh set Channel name - hcmus-cdnc-te_a699a0/button_Save")): Object: 'Object Repository/1612893/37_Set_a_header/Page_Thanh set Channel name - hcmus-cdnc-te_a699a0/button_Save' is clicked on

2020-06-05 13:35:06 - [MESSAGE][PASSED] - Object: 'Object Repository/1612893/37_Set_a_header/Page_Thanh set Channel name - hcmus-cdnc-te_a699a0/button_Save' is clicked on]]></system-out>
         <system-err><![CDATA[]]></system-err>
      </testcase>
      <testcase name="Test Cases/1612893/TC_38_Rename_Channel" time="17.908" classname="Test Cases/1612893/TC_38_Rename_Channel" status="PASSED">
         <system-out><![CDATA[2020-06-05 13:35:06 - [TEST_CASE][PASSED] - Test Cases/1612893/TC_38_Rename_Channel: Test Cases/1612893/TC_38_Rename_Channel

2020-06-05 13:35:06 - [TEST_STEP][PASSED] - openBrowser(""): Browser is opened with url: ''

2020-06-05 13:35:07 - [MESSAGE][WARNING] - A browser is already opened. Closing browser and opening a new one

2020-06-05 13:35:07 - [MESSAGE][INFO] - Starting 'Chrome' driver

2020-06-05 13:35:07 - [MESSAGE][INFO] - Action delay is set to 0 milliseconds

2020-06-05 13:35:11 - [MESSAGE][PASSED] - Browser is opened with url: ''

2020-06-05 13:35:11 - [TEST_STEP][PASSED] - navigateToUrl("http://localhost:8065/login"): Navigate to 'http://localhost:8065/login' successfully

2020-06-05 13:35:13 - [MESSAGE][PASSED] - Navigate to 'http://localhost:8065/login' successfully

2020-06-05 13:35:13 - [TEST_STEP][PASSED] - setText(findTestObject("Object Repository/1612893/38_Rename_channel/Page_Mattermost/input_All team communication in one place s_703ef5"), "hcmus-cdnc"): Text 'hcmus-cdnc' is set on object 'Object Repository/1612893/38_Rename_channel/Page_Mattermost/input_All team communication in one place s_703ef5'

2020-06-05 13:35:15 - [MESSAGE][PASSED] - Text 'hcmus-cdnc' is set on object 'Object Repository/1612893/38_Rename_channel/Page_Mattermost/input_All team communication in one place s_703ef5'

2020-06-05 13:35:15 - [TEST_STEP][PASSED] - setEncryptedText(findTestObject("Object Repository/1612893/38_Rename_channel/Page_Mattermost/input_All team communication in one place s_2f2733"), "aeHFOx8jV/A="): Text ****** has been set on object 'Object Repository/1612893/38_Rename_channel/Page_Mattermost/input_All team communication in one place s_2f2733'

2020-06-05 13:35:15 - [MESSAGE][PASSED] - Text ****** has been set on object 'Object Repository/1612893/38_Rename_channel/Page_Mattermost/input_All team communication in one place s_2f2733'

2020-06-05 13:35:15 - [TEST_STEP][PASSED] - click(findTestObject("Object Repository/1612893/38_Rename_channel/Page_Mattermost/span_Sign in")): Object: 'Object Repository/1612893/38_Rename_channel/Page_Mattermost/span_Sign in' is clicked on

2020-06-05 13:35:16 - [MESSAGE][PASSED] - Object: 'Object Repository/1612893/38_Rename_channel/Page_Mattermost/span_Sign in' is clicked on

2020-06-05 13:35:16 - [TEST_STEP][PASSED] - click(findTestObject("Object Repository/1612893/38_Rename_channel/Page_Town Square - hcmus-cdnc-team Mattermost/span_Town Square_channelHeaderDropdownIcon")): Object: 'Object Repository/1612893/38_Rename_channel/Page_Town Square - hcmus-cdnc-team Mattermost/span_Town Square_channelHeaderDropdownIcon' is clicked on

2020-06-05 13:35:20 - [MESSAGE][PASSED] - Object: 'Object Repository/1612893/38_Rename_channel/Page_Town Square - hcmus-cdnc-team Mattermost/span_Town Square_channelHeaderDropdownIcon' is clicked on

2020-06-05 13:35:20 - [TEST_STEP][PASSED] - click(findTestObject("Object Repository/1612893/38_Rename_channel/Page_Town Square - hcmus-cdnc-team Mattermost/span_Rename Channel")): Object: 'Object Repository/1612893/38_Rename_channel/Page_Town Square - hcmus-cdnc-team Mattermost/span_Rename Channel' is clicked on

2020-06-05 13:35:20 - [MESSAGE][PASSED] - Object: 'Object Repository/1612893/38_Rename_channel/Page_Town Square - hcmus-cdnc-team Mattermost/span_Rename Channel' is clicked on

2020-06-05 13:35:20 - [TEST_STEP][PASSED] - setText(findTestObject("Object Repository/1612893/38_Rename_channel/Page_Town Square - hcmus-cdnc-team Mattermost/input_Display Name_display_name"), channelName): Text '1234565789087654334564576543234576433425764' is set on object 'Object Repository/1612893/38_Rename_channel/Page_Town Square - hcmus-cdnc-team Mattermost/input_Display Name_display_name'

2020-06-05 13:35:23 - [MESSAGE][PASSED] - Text '1234565789087654334564576543234576433425764' is set on object 'Object Repository/1612893/38_Rename_channel/Page_Town Square - hcmus-cdnc-team Mattermost/input_Display Name_display_name'

2020-06-05 13:35:23 - [TEST_STEP][PASSED] - click(findTestObject("Object Repository/1612893/38_Rename_channel/Page_Town Square - hcmus-cdnc-team Mattermost/span_Save")): Object: 'Object Repository/1612893/38_Rename_channel/Page_Town Square - hcmus-cdnc-team Mattermost/span_Save' is clicked on

2020-06-05 13:35:23 - [MESSAGE][PASSED] - Object: 'Object Repository/1612893/38_Rename_channel/Page_Town Square - hcmus-cdnc-team Mattermost/span_Save' is clicked on

2020-06-05 13:35:23 - [TEST_STEP][PASSED] - closeBrowser(): Browser is closed

2020-06-05 13:35:24 - [MESSAGE][PASSED] - Browser is closed]]></system-out>
         <system-err><![CDATA[]]></system-err>
      </testcase>
      <testcase name="Test Cases/1612893/TC_38_Rename_Channel" time="15.811" classname="Test Cases/1612893/TC_38_Rename_Channel" status="PASSED">
         <system-out><![CDATA[2020-06-05 13:35:24 - [TEST_CASE][PASSED] - Test Cases/1612893/TC_38_Rename_Channel: Test Cases/1612893/TC_38_Rename_Channel

2020-06-05 13:35:24 - [TEST_STEP][PASSED] - openBrowser(""): Browser is opened with url: ''

2020-06-05 13:35:24 - [MESSAGE][INFO] - Starting 'Chrome' driver

2020-06-05 13:35:24 - [MESSAGE][INFO] - Action delay is set to 0 milliseconds

2020-06-05 13:35:28 - [MESSAGE][PASSED] - Browser is opened with url: ''

2020-06-05 13:35:28 - [TEST_STEP][PASSED] - navigateToUrl("http://localhost:8065/login"): Navigate to 'http://localhost:8065/login' successfully

2020-06-05 13:35:29 - [MESSAGE][PASSED] - Navigate to 'http://localhost:8065/login' successfully

2020-06-05 13:35:29 - [TEST_STEP][PASSED] - setText(findTestObject("Object Repository/1612893/38_Rename_channel/Page_Mattermost/input_All team communication in one place s_703ef5"), "hcmus-cdnc"): Text 'hcmus-cdnc' is set on object 'Object Repository/1612893/38_Rename_channel/Page_Mattermost/input_All team communication in one place s_703ef5'

2020-06-05 13:35:31 - [MESSAGE][PASSED] - Text 'hcmus-cdnc' is set on object 'Object Repository/1612893/38_Rename_channel/Page_Mattermost/input_All team communication in one place s_703ef5'

2020-06-05 13:35:31 - [TEST_STEP][PASSED] - setEncryptedText(findTestObject("Object Repository/1612893/38_Rename_channel/Page_Mattermost/input_All team communication in one place s_2f2733"), "aeHFOx8jV/A="): Text ****** has been set on object 'Object Repository/1612893/38_Rename_channel/Page_Mattermost/input_All team communication in one place s_2f2733'

2020-06-05 13:35:32 - [MESSAGE][PASSED] - Text ****** has been set on object 'Object Repository/1612893/38_Rename_channel/Page_Mattermost/input_All team communication in one place s_2f2733'

2020-06-05 13:35:32 - [TEST_STEP][PASSED] - click(findTestObject("Object Repository/1612893/38_Rename_channel/Page_Mattermost/span_Sign in")): Object: 'Object Repository/1612893/38_Rename_channel/Page_Mattermost/span_Sign in' is clicked on

2020-06-05 13:35:33 - [MESSAGE][PASSED] - Object: 'Object Repository/1612893/38_Rename_channel/Page_Mattermost/span_Sign in' is clicked on

2020-06-05 13:35:33 - [TEST_STEP][PASSED] - click(findTestObject("Object Repository/1612893/38_Rename_channel/Page_Town Square - hcmus-cdnc-team Mattermost/span_Town Square_channelHeaderDropdownIcon")): Object: 'Object Repository/1612893/38_Rename_channel/Page_Town Square - hcmus-cdnc-team Mattermost/span_Town Square_channelHeaderDropdownIcon' is clicked on

2020-06-05 13:35:37 - [MESSAGE][PASSED] - Object: 'Object Repository/1612893/38_Rename_channel/Page_Town Square - hcmus-cdnc-team Mattermost/span_Town Square_channelHeaderDropdownIcon' is clicked on

2020-06-05 13:35:37 - [TEST_STEP][PASSED] - click(findTestObject("Object Repository/1612893/38_Rename_channel/Page_Town Square - hcmus-cdnc-team Mattermost/span_Rename Channel")): Object: 'Object Repository/1612893/38_Rename_channel/Page_Town Square - hcmus-cdnc-team Mattermost/span_Rename Channel' is clicked on

2020-06-05 13:35:37 - [MESSAGE][PASSED] - Object: 'Object Repository/1612893/38_Rename_channel/Page_Town Square - hcmus-cdnc-team Mattermost/span_Rename Channel' is clicked on

2020-06-05 13:35:37 - [TEST_STEP][PASSED] - setText(findTestObject("Object Repository/1612893/38_Rename_channel/Page_Town Square - hcmus-cdnc-team Mattermost/input_Display Name_display_name"), channelName): Text 'RGDETHRDFE' is set on object 'Object Repository/1612893/38_Rename_channel/Page_Town Square - hcmus-cdnc-team Mattermost/input_Display Name_display_name'

2020-06-05 13:35:39 - [MESSAGE][PASSED] - Text 'RGDETHRDFE' is set on object 'Object Repository/1612893/38_Rename_channel/Page_Town Square - hcmus-cdnc-team Mattermost/input_Display Name_display_name'

2020-06-05 13:35:39 - [TEST_STEP][PASSED] - click(findTestObject("Object Repository/1612893/38_Rename_channel/Page_Town Square - hcmus-cdnc-team Mattermost/span_Save")): Object: 'Object Repository/1612893/38_Rename_channel/Page_Town Square - hcmus-cdnc-team Mattermost/span_Save' is clicked on

2020-06-05 13:35:39 - [MESSAGE][PASSED] - Object: 'Object Repository/1612893/38_Rename_channel/Page_Town Square - hcmus-cdnc-team Mattermost/span_Save' is clicked on

2020-06-05 13:35:39 - [TEST_STEP][PASSED] - closeBrowser(): Browser is closed

2020-06-05 13:35:40 - [MESSAGE][PASSED] - Browser is closed]]></system-out>
         <system-err><![CDATA[]]></system-err>
      </testcase>
      <testcase name="Test Cases/1612893/TC_38_Rename_Channel" time="15.739" classname="Test Cases/1612893/TC_38_Rename_Channel" status="PASSED">
         <system-out><![CDATA[2020-06-05 13:35:40 - [TEST_CASE][PASSED] - Test Cases/1612893/TC_38_Rename_Channel: Test Cases/1612893/TC_38_Rename_Channel

2020-06-05 13:35:40 - [TEST_STEP][PASSED] - openBrowser(""): Browser is opened with url: ''

2020-06-05 13:35:40 - [MESSAGE][INFO] - Starting 'Chrome' driver

2020-06-05 13:35:40 - [MESSAGE][INFO] - Action delay is set to 0 milliseconds

2020-06-05 13:35:43 - [MESSAGE][PASSED] - Browser is opened with url: ''

2020-06-05 13:35:43 - [TEST_STEP][PASSED] - navigateToUrl("http://localhost:8065/login"): Navigate to 'http://localhost:8065/login' successfully

2020-06-05 13:35:45 - [MESSAGE][PASSED] - Navigate to 'http://localhost:8065/login' successfully

2020-06-05 13:35:45 - [TEST_STEP][PASSED] - setText(findTestObject("Object Repository/1612893/38_Rename_channel/Page_Mattermost/input_All team communication in one place s_703ef5"), "hcmus-cdnc"): Text 'hcmus-cdnc' is set on object 'Object Repository/1612893/38_Rename_channel/Page_Mattermost/input_All team communication in one place s_703ef5'

2020-06-05 13:35:47 - [MESSAGE][PASSED] - Text 'hcmus-cdnc' is set on object 'Object Repository/1612893/38_Rename_channel/Page_Mattermost/input_All team communication in one place s_703ef5'

2020-06-05 13:35:47 - [TEST_STEP][PASSED] - setEncryptedText(findTestObject("Object Repository/1612893/38_Rename_channel/Page_Mattermost/input_All team communication in one place s_2f2733"), "aeHFOx8jV/A="): Text ****** has been set on object 'Object Repository/1612893/38_Rename_channel/Page_Mattermost/input_All team communication in one place s_2f2733'

2020-06-05 13:35:48 - [MESSAGE][PASSED] - Text ****** has been set on object 'Object Repository/1612893/38_Rename_channel/Page_Mattermost/input_All team communication in one place s_2f2733'

2020-06-05 13:35:48 - [TEST_STEP][PASSED] - click(findTestObject("Object Repository/1612893/38_Rename_channel/Page_Mattermost/span_Sign in")): Object: 'Object Repository/1612893/38_Rename_channel/Page_Mattermost/span_Sign in' is clicked on

2020-06-05 13:35:48 - [MESSAGE][PASSED] - Object: 'Object Repository/1612893/38_Rename_channel/Page_Mattermost/span_Sign in' is clicked on

2020-06-05 13:35:48 - [TEST_STEP][PASSED] - click(findTestObject("Object Repository/1612893/38_Rename_channel/Page_Town Square - hcmus-cdnc-team Mattermost/span_Town Square_channelHeaderDropdownIcon")): Object: 'Object Repository/1612893/38_Rename_channel/Page_Town Square - hcmus-cdnc-team Mattermost/span_Town Square_channelHeaderDropdownIcon' is clicked on

2020-06-05 13:35:52 - [MESSAGE][PASSED] - Object: 'Object Repository/1612893/38_Rename_channel/Page_Town Square - hcmus-cdnc-team Mattermost/span_Town Square_channelHeaderDropdownIcon' is clicked on

2020-06-05 13:35:52 - [TEST_STEP][PASSED] - click(findTestObject("Object Repository/1612893/38_Rename_channel/Page_Town Square - hcmus-cdnc-team Mattermost/span_Rename Channel")): Object: 'Object Repository/1612893/38_Rename_channel/Page_Town Square - hcmus-cdnc-team Mattermost/span_Rename Channel' is clicked on

2020-06-05 13:35:53 - [MESSAGE][PASSED] - Object: 'Object Repository/1612893/38_Rename_channel/Page_Town Square - hcmus-cdnc-team Mattermost/span_Rename Channel' is clicked on

2020-06-05 13:35:53 - [TEST_STEP][PASSED] - setText(findTestObject("Object Repository/1612893/38_Rename_channel/Page_Town Square - hcmus-cdnc-team Mattermost/input_Display Name_display_name"), channelName): Text '%$##^$#%#%' is set on object 'Object Repository/1612893/38_Rename_channel/Page_Town Square - hcmus-cdnc-team Mattermost/input_Display Name_display_name'

2020-06-05 13:35:54 - [MESSAGE][PASSED] - Text '%$##^$#%#%' is set on object 'Object Repository/1612893/38_Rename_channel/Page_Town Square - hcmus-cdnc-team Mattermost/input_Display Name_display_name'

2020-06-05 13:35:54 - [TEST_STEP][PASSED] - click(findTestObject("Object Repository/1612893/38_Rename_channel/Page_Town Square - hcmus-cdnc-team Mattermost/span_Save")): Object: 'Object Repository/1612893/38_Rename_channel/Page_Town Square - hcmus-cdnc-team Mattermost/span_Save' is clicked on

2020-06-05 13:35:55 - [MESSAGE][PASSED] - Object: 'Object Repository/1612893/38_Rename_channel/Page_Town Square - hcmus-cdnc-team Mattermost/span_Save' is clicked on

2020-06-05 13:35:55 - [TEST_STEP][PASSED] - closeBrowser(): Browser is closed

2020-06-05 13:35:56 - [MESSAGE][PASSED] - Browser is closed]]></system-out>
         <system-err><![CDATA[]]></system-err>
      </testcase>
      <testcase name="Test Cases/1612893/TC_38_Rename_Channel" time="15.523" classname="Test Cases/1612893/TC_38_Rename_Channel" status="PASSED">
         <system-out><![CDATA[2020-06-05 13:35:56 - [TEST_CASE][PASSED] - Test Cases/1612893/TC_38_Rename_Channel: Test Cases/1612893/TC_38_Rename_Channel

2020-06-05 13:35:56 - [TEST_STEP][PASSED] - openBrowser(""): Browser is opened with url: ''

2020-06-05 13:35:56 - [MESSAGE][INFO] - Starting 'Chrome' driver

2020-06-05 13:35:56 - [MESSAGE][INFO] - Action delay is set to 0 milliseconds

2020-06-05 13:35:59 - [MESSAGE][PASSED] - Browser is opened with url: ''

2020-06-05 13:35:59 - [TEST_STEP][PASSED] - navigateToUrl("http://localhost:8065/login"): Navigate to 'http://localhost:8065/login' successfully

2020-06-05 13:36:01 - [MESSAGE][PASSED] - Navigate to 'http://localhost:8065/login' successfully

2020-06-05 13:36:01 - [TEST_STEP][PASSED] - setText(findTestObject("Object Repository/1612893/38_Rename_channel/Page_Mattermost/input_All team communication in one place s_703ef5"), "hcmus-cdnc"): Text 'hcmus-cdnc' is set on object 'Object Repository/1612893/38_Rename_channel/Page_Mattermost/input_All team communication in one place s_703ef5'

2020-06-05 13:36:03 - [MESSAGE][PASSED] - Text 'hcmus-cdnc' is set on object 'Object Repository/1612893/38_Rename_channel/Page_Mattermost/input_All team communication in one place s_703ef5'

2020-06-05 13:36:03 - [TEST_STEP][PASSED] - setEncryptedText(findTestObject("Object Repository/1612893/38_Rename_channel/Page_Mattermost/input_All team communication in one place s_2f2733"), "aeHFOx8jV/A="): Text ****** has been set on object 'Object Repository/1612893/38_Rename_channel/Page_Mattermost/input_All team communication in one place s_2f2733'

2020-06-05 13:36:03 - [MESSAGE][PASSED] - Text ****** has been set on object 'Object Repository/1612893/38_Rename_channel/Page_Mattermost/input_All team communication in one place s_2f2733'

2020-06-05 13:36:03 - [TEST_STEP][PASSED] - click(findTestObject("Object Repository/1612893/38_Rename_channel/Page_Mattermost/span_Sign in")): Object: 'Object Repository/1612893/38_Rename_channel/Page_Mattermost/span_Sign in' is clicked on

2020-06-05 13:36:04 - [MESSAGE][PASSED] - Object: 'Object Repository/1612893/38_Rename_channel/Page_Mattermost/span_Sign in' is clicked on

2020-06-05 13:36:04 - [TEST_STEP][PASSED] - click(findTestObject("Object Repository/1612893/38_Rename_channel/Page_Town Square - hcmus-cdnc-team Mattermost/span_Town Square_channelHeaderDropdownIcon")): Object: 'Object Repository/1612893/38_Rename_channel/Page_Town Square - hcmus-cdnc-team Mattermost/span_Town Square_channelHeaderDropdownIcon' is clicked on

2020-06-05 13:36:08 - [MESSAGE][PASSED] - Object: 'Object Repository/1612893/38_Rename_channel/Page_Town Square - hcmus-cdnc-team Mattermost/span_Town Square_channelHeaderDropdownIcon' is clicked on

2020-06-05 13:36:08 - [TEST_STEP][PASSED] - click(findTestObject("Object Repository/1612893/38_Rename_channel/Page_Town Square - hcmus-cdnc-team Mattermost/span_Rename Channel")): Object: 'Object Repository/1612893/38_Rename_channel/Page_Town Square - hcmus-cdnc-team Mattermost/span_Rename Channel' is clicked on

2020-06-05 13:36:09 - [MESSAGE][PASSED] - Object: 'Object Repository/1612893/38_Rename_channel/Page_Town Square - hcmus-cdnc-team Mattermost/span_Rename Channel' is clicked on

2020-06-05 13:36:09 - [TEST_STEP][PASSED] - setText(findTestObject("Object Repository/1612893/38_Rename_channel/Page_Town Square - hcmus-cdnc-team Mattermost/input_Display Name_display_name"), channelName): Text '<html><html>' is set on object 'Object Repository/1612893/38_Rename_channel/Page_Town Square - hcmus-cdnc-team Mattermost/input_Display Name_display_name'

2020-06-05 13:36:10 - [MESSAGE][PASSED] - Text '<html><html>' is set on object 'Object Repository/1612893/38_Rename_channel/Page_Town Square - hcmus-cdnc-team Mattermost/input_Display Name_display_name'

2020-06-05 13:36:10 - [TEST_STEP][PASSED] - click(findTestObject("Object Repository/1612893/38_Rename_channel/Page_Town Square - hcmus-cdnc-team Mattermost/span_Save")): Object: 'Object Repository/1612893/38_Rename_channel/Page_Town Square - hcmus-cdnc-team Mattermost/span_Save' is clicked on

2020-06-05 13:36:11 - [MESSAGE][PASSED] - Object: 'Object Repository/1612893/38_Rename_channel/Page_Town Square - hcmus-cdnc-team Mattermost/span_Save' is clicked on

2020-06-05 13:36:11 - [TEST_STEP][PASSED] - closeBrowser(): Browser is closed

2020-06-05 13:36:11 - [MESSAGE][PASSED] - Browser is closed]]></system-out>
         <system-err><![CDATA[]]></system-err>
      </testcase>
      <testcase name="Test Cases/1612893/TC_38_Rename_Channel" time="15.417" classname="Test Cases/1612893/TC_38_Rename_Channel" status="PASSED">
         <system-out><![CDATA[2020-06-05 13:36:11 - [TEST_CASE][PASSED] - Test Cases/1612893/TC_38_Rename_Channel: Test Cases/1612893/TC_38_Rename_Channel

2020-06-05 13:36:11 - [TEST_STEP][PASSED] - openBrowser(""): Browser is opened with url: ''

2020-06-05 13:36:11 - [MESSAGE][INFO] - Starting 'Chrome' driver

2020-06-05 13:36:11 - [MESSAGE][INFO] - Action delay is set to 0 milliseconds

2020-06-05 13:36:15 - [MESSAGE][PASSED] - Browser is opened with url: ''

2020-06-05 13:36:15 - [TEST_STEP][PASSED] - navigateToUrl("http://localhost:8065/login"): Navigate to 'http://localhost:8065/login' successfully

2020-06-05 13:36:16 - [MESSAGE][PASSED] - Navigate to 'http://localhost:8065/login' successfully

2020-06-05 13:36:16 - [TEST_STEP][PASSED] - setText(findTestObject("Object Repository/1612893/38_Rename_channel/Page_Mattermost/input_All team communication in one place s_703ef5"), "hcmus-cdnc"): Text 'hcmus-cdnc' is set on object 'Object Repository/1612893/38_Rename_channel/Page_Mattermost/input_All team communication in one place s_703ef5'

2020-06-05 13:36:18 - [MESSAGE][PASSED] - Text 'hcmus-cdnc' is set on object 'Object Repository/1612893/38_Rename_channel/Page_Mattermost/input_All team communication in one place s_703ef5'

2020-06-05 13:36:18 - [TEST_STEP][PASSED] - setEncryptedText(findTestObject("Object Repository/1612893/38_Rename_channel/Page_Mattermost/input_All team communication in one place s_2f2733"), "aeHFOx8jV/A="): Text ****** has been set on object 'Object Repository/1612893/38_Rename_channel/Page_Mattermost/input_All team communication in one place s_2f2733'

2020-06-05 13:36:18 - [MESSAGE][PASSED] - Text ****** has been set on object 'Object Repository/1612893/38_Rename_channel/Page_Mattermost/input_All team communication in one place s_2f2733'

2020-06-05 13:36:18 - [TEST_STEP][PASSED] - click(findTestObject("Object Repository/1612893/38_Rename_channel/Page_Mattermost/span_Sign in")): Object: 'Object Repository/1612893/38_Rename_channel/Page_Mattermost/span_Sign in' is clicked on

2020-06-05 13:36:19 - [MESSAGE][PASSED] - Object: 'Object Repository/1612893/38_Rename_channel/Page_Mattermost/span_Sign in' is clicked on

2020-06-05 13:36:19 - [TEST_STEP][PASSED] - click(findTestObject("Object Repository/1612893/38_Rename_channel/Page_Town Square - hcmus-cdnc-team Mattermost/span_Town Square_channelHeaderDropdownIcon")): Object: 'Object Repository/1612893/38_Rename_channel/Page_Town Square - hcmus-cdnc-team Mattermost/span_Town Square_channelHeaderDropdownIcon' is clicked on

2020-06-05 13:36:23 - [MESSAGE][PASSED] - Object: 'Object Repository/1612893/38_Rename_channel/Page_Town Square - hcmus-cdnc-team Mattermost/span_Town Square_channelHeaderDropdownIcon' is clicked on

2020-06-05 13:36:23 - [TEST_STEP][PASSED] - click(findTestObject("Object Repository/1612893/38_Rename_channel/Page_Town Square - hcmus-cdnc-team Mattermost/span_Rename Channel")): Object: 'Object Repository/1612893/38_Rename_channel/Page_Town Square - hcmus-cdnc-team Mattermost/span_Rename Channel' is clicked on

2020-06-05 13:36:24 - [MESSAGE][PASSED] - Object: 'Object Repository/1612893/38_Rename_channel/Page_Town Square - hcmus-cdnc-team Mattermost/span_Rename Channel' is clicked on

2020-06-05 13:36:24 - [TEST_STEP][PASSED] - setText(findTestObject("Object Repository/1612893/38_Rename_channel/Page_Town Square - hcmus-cdnc-team Mattermost/input_Display Name_display_name"), channelName): Text 'Thanh set Channel name' is set on object 'Object Repository/1612893/38_Rename_channel/Page_Town Square - hcmus-cdnc-team Mattermost/input_Display Name_display_name'

2020-06-05 13:36:25 - [MESSAGE][PASSED] - Text 'Thanh set Channel name' is set on object 'Object Repository/1612893/38_Rename_channel/Page_Town Square - hcmus-cdnc-team Mattermost/input_Display Name_display_name'

2020-06-05 13:36:25 - [TEST_STEP][PASSED] - click(findTestObject("Object Repository/1612893/38_Rename_channel/Page_Town Square - hcmus-cdnc-team Mattermost/span_Save")): Object: 'Object Repository/1612893/38_Rename_channel/Page_Town Square - hcmus-cdnc-team Mattermost/span_Save' is clicked on

2020-06-05 13:36:26 - [MESSAGE][PASSED] - Object: 'Object Repository/1612893/38_Rename_channel/Page_Town Square - hcmus-cdnc-team Mattermost/span_Save' is clicked on

2020-06-05 13:36:26 - [TEST_STEP][PASSED] - closeBrowser(): Browser is closed

2020-06-05 13:36:27 - [MESSAGE][PASSED] - Browser is closed]]></system-out>
         <system-err><![CDATA[]]></system-err>
      </testcase>
      <testcase name="Test Cases/1612893/TC_39_Edit_channel_purpose" time="16.16" classname="Test Cases/1612893/TC_39_Edit_channel_purpose" status="PASSED">
         <system-out><![CDATA[2020-06-05 13:36:27 - [TEST_CASE][PASSED] - Test Cases/1612893/TC_39_Edit_channel_purpose: Test Cases/1612893/TC_39_Edit_channel_purpose

2020-06-05 13:36:27 - [TEST_STEP][PASSED] - openBrowser(""): Browser is opened with url: ''

2020-06-05 13:36:27 - [MESSAGE][INFO] - Starting 'Chrome' driver

2020-06-05 13:36:27 - [MESSAGE][INFO] - Action delay is set to 0 milliseconds

2020-06-05 13:36:31 - [MESSAGE][PASSED] - Browser is opened with url: ''

2020-06-05 13:36:31 - [TEST_STEP][PASSED] - navigateToUrl("http://localhost:8065/login"): Navigate to 'http://localhost:8065/login' successfully

2020-06-05 13:36:32 - [MESSAGE][PASSED] - Navigate to 'http://localhost:8065/login' successfully

2020-06-05 13:36:32 - [TEST_STEP][PASSED] - setText(findTestObject("Object Repository/1612893/39_Edit_channel_purpose/Page_Mattermost/input_All team communication in one place s_703ef5"), "hcmus-cdnc"): Text 'hcmus-cdnc' is set on object 'Object Repository/1612893/39_Edit_channel_purpose/Page_Mattermost/input_All team communication in one place s_703ef5'

2020-06-05 13:36:34 - [MESSAGE][PASSED] - Text 'hcmus-cdnc' is set on object 'Object Repository/1612893/39_Edit_channel_purpose/Page_Mattermost/input_All team communication in one place s_703ef5'

2020-06-05 13:36:34 - [TEST_STEP][PASSED] - setEncryptedText(findTestObject("Object Repository/1612893/39_Edit_channel_purpose/Page_Mattermost/input_All team communication in one place s_2f2733"), "aeHFOx8jV/A="): Text ****** has been set on object 'Object Repository/1612893/39_Edit_channel_purpose/Page_Mattermost/input_All team communication in one place s_2f2733'

2020-06-05 13:36:35 - [MESSAGE][PASSED] - Text ****** has been set on object 'Object Repository/1612893/39_Edit_channel_purpose/Page_Mattermost/input_All team communication in one place s_2f2733'

2020-06-05 13:36:35 - [TEST_STEP][PASSED] - click(findTestObject("Object Repository/1612893/39_Edit_channel_purpose/Page_Mattermost/span_Sign in")): Object: 'Object Repository/1612893/39_Edit_channel_purpose/Page_Mattermost/span_Sign in' is clicked on

2020-06-05 13:36:35 - [MESSAGE][PASSED] - Object: 'Object Repository/1612893/39_Edit_channel_purpose/Page_Mattermost/span_Sign in' is clicked on

2020-06-05 13:36:35 - [TEST_STEP][PASSED] - click(findTestObject("Object Repository/1612893/39_Edit_channel_purpose/Page_Thanh set Channel name - hcmus-cdnc-te_a699a0/span_Thanh set Channel name_channelHeaderDr_8caf36")): Object: 'Object Repository/1612893/39_Edit_channel_purpose/Page_Thanh set Channel name - hcmus-cdnc-te_a699a0/span_Thanh set Channel name_channelHeaderDr_8caf36' is clicked on

2020-06-05 13:36:40 - [MESSAGE][PASSED] - Object: 'Object Repository/1612893/39_Edit_channel_purpose/Page_Thanh set Channel name - hcmus-cdnc-te_a699a0/span_Thanh set Channel name_channelHeaderDr_8caf36' is clicked on

2020-06-05 13:36:40 - [TEST_STEP][PASSED] - click(findTestObject("Object Repository/1612893/39_Edit_channel_purpose/Page_Thanh set Channel name - hcmus-cdnc-te_a699a0/span_Edit Channel Purpose")): Object: 'Object Repository/1612893/39_Edit_channel_purpose/Page_Thanh set Channel name - hcmus-cdnc-te_a699a0/span_Edit Channel Purpose' is clicked on

2020-06-05 13:36:40 - [MESSAGE][PASSED] - Object: 'Object Repository/1612893/39_Edit_channel_purpose/Page_Thanh set Channel name - hcmus-cdnc-te_a699a0/span_Edit Channel Purpose' is clicked on

2020-06-05 13:36:40 - [TEST_STEP][PASSED] - setText(findTestObject("Object Repository/1612893/39_Edit_channel_purpose/Page_Thanh set Channel name - hcmus-cdnc-te_a699a0/textarea_Thanh set Channel name_form-contro_b51f21"), channelPurpose): Text 'THANH' is set on object 'Object Repository/1612893/39_Edit_channel_purpose/Page_Thanh set Channel name - hcmus-cdnc-te_a699a0/textarea_Thanh set Channel name_form-contro_b51f21'

2020-06-05 13:36:42 - [MESSAGE][PASSED] - Text 'THANH' is set on object 'Object Repository/1612893/39_Edit_channel_purpose/Page_Thanh set Channel name - hcmus-cdnc-te_a699a0/textarea_Thanh set Channel name_form-contro_b51f21'

2020-06-05 13:36:42 - [TEST_STEP][PASSED] - click(findTestObject("Object Repository/1612893/39_Edit_channel_purpose/Page_Thanh set Channel name - hcmus-cdnc-te_a699a0/span_Save")): Object: 'Object Repository/1612893/39_Edit_channel_purpose/Page_Thanh set Channel name - hcmus-cdnc-te_a699a0/span_Save' is clicked on

2020-06-05 13:36:42 - [MESSAGE][PASSED] - Object: 'Object Repository/1612893/39_Edit_channel_purpose/Page_Thanh set Channel name - hcmus-cdnc-te_a699a0/span_Save' is clicked on

2020-06-05 13:36:42 - [TEST_STEP][PASSED] - closeBrowser(): Browser is closed

2020-06-05 13:36:43 - [MESSAGE][PASSED] - Browser is closed]]></system-out>
         <system-err><![CDATA[]]></system-err>
      </testcase>
      <testcase name="Test Cases/1612893/TC_39_Edit_channel_purpose" time="15.677" classname="Test Cases/1612893/TC_39_Edit_channel_purpose" status="PASSED">
         <system-out><![CDATA[2020-06-05 13:36:43 - [TEST_CASE][PASSED] - Test Cases/1612893/TC_39_Edit_channel_purpose: Test Cases/1612893/TC_39_Edit_channel_purpose

2020-06-05 13:36:43 - [TEST_STEP][PASSED] - openBrowser(""): Browser is opened with url: ''

2020-06-05 13:36:43 - [MESSAGE][INFO] - Starting 'Chrome' driver

2020-06-05 13:36:43 - [MESSAGE][INFO] - Action delay is set to 0 milliseconds

2020-06-05 13:36:46 - [MESSAGE][PASSED] - Browser is opened with url: ''

2020-06-05 13:36:46 - [TEST_STEP][PASSED] - navigateToUrl("http://localhost:8065/login"): Navigate to 'http://localhost:8065/login' successfully

2020-06-05 13:36:48 - [MESSAGE][PASSED] - Navigate to 'http://localhost:8065/login' successfully

2020-06-05 13:36:48 - [TEST_STEP][PASSED] - setText(findTestObject("Object Repository/1612893/39_Edit_channel_purpose/Page_Mattermost/input_All team communication in one place s_703ef5"), "hcmus-cdnc"): Text 'hcmus-cdnc' is set on object 'Object Repository/1612893/39_Edit_channel_purpose/Page_Mattermost/input_All team communication in one place s_703ef5'

2020-06-05 13:36:50 - [MESSAGE][PASSED] - Text 'hcmus-cdnc' is set on object 'Object Repository/1612893/39_Edit_channel_purpose/Page_Mattermost/input_All team communication in one place s_703ef5'

2020-06-05 13:36:50 - [TEST_STEP][PASSED] - setEncryptedText(findTestObject("Object Repository/1612893/39_Edit_channel_purpose/Page_Mattermost/input_All team communication in one place s_2f2733"), "aeHFOx8jV/A="): Text ****** has been set on object 'Object Repository/1612893/39_Edit_channel_purpose/Page_Mattermost/input_All team communication in one place s_2f2733'

2020-06-05 13:36:50 - [MESSAGE][PASSED] - Text ****** has been set on object 'Object Repository/1612893/39_Edit_channel_purpose/Page_Mattermost/input_All team communication in one place s_2f2733'

2020-06-05 13:36:50 - [TEST_STEP][PASSED] - click(findTestObject("Object Repository/1612893/39_Edit_channel_purpose/Page_Mattermost/span_Sign in")): Object: 'Object Repository/1612893/39_Edit_channel_purpose/Page_Mattermost/span_Sign in' is clicked on

2020-06-05 13:36:51 - [MESSAGE][PASSED] - Object: 'Object Repository/1612893/39_Edit_channel_purpose/Page_Mattermost/span_Sign in' is clicked on

2020-06-05 13:36:51 - [TEST_STEP][PASSED] - click(findTestObject("Object Repository/1612893/39_Edit_channel_purpose/Page_Thanh set Channel name - hcmus-cdnc-te_a699a0/span_Thanh set Channel name_channelHeaderDr_8caf36")): Object: 'Object Repository/1612893/39_Edit_channel_purpose/Page_Thanh set Channel name - hcmus-cdnc-te_a699a0/span_Thanh set Channel name_channelHeaderDr_8caf36' is clicked on

2020-06-05 13:36:55 - [MESSAGE][PASSED] - Object: 'Object Repository/1612893/39_Edit_channel_purpose/Page_Thanh set Channel name - hcmus-cdnc-te_a699a0/span_Thanh set Channel name_channelHeaderDr_8caf36' is clicked on

2020-06-05 13:36:55 - [TEST_STEP][PASSED] - click(findTestObject("Object Repository/1612893/39_Edit_channel_purpose/Page_Thanh set Channel name - hcmus-cdnc-te_a699a0/span_Edit Channel Purpose")): Object: 'Object Repository/1612893/39_Edit_channel_purpose/Page_Thanh set Channel name - hcmus-cdnc-te_a699a0/span_Edit Channel Purpose' is clicked on

2020-06-05 13:36:55 - [MESSAGE][PASSED] - Object: 'Object Repository/1612893/39_Edit_channel_purpose/Page_Thanh set Channel name - hcmus-cdnc-te_a699a0/span_Edit Channel Purpose' is clicked on

2020-06-05 13:36:55 - [TEST_STEP][PASSED] - setText(findTestObject("Object Repository/1612893/39_Edit_channel_purpose/Page_Thanh set Channel name - hcmus-cdnc-te_a699a0/textarea_Thanh set Channel name_form-contro_b51f21"), channelPurpose): Text 'thanh' is set on object 'Object Repository/1612893/39_Edit_channel_purpose/Page_Thanh set Channel name - hcmus-cdnc-te_a699a0/textarea_Thanh set Channel name_form-contro_b51f21'

2020-06-05 13:36:57 - [MESSAGE][PASSED] - Text 'thanh' is set on object 'Object Repository/1612893/39_Edit_channel_purpose/Page_Thanh set Channel name - hcmus-cdnc-te_a699a0/textarea_Thanh set Channel name_form-contro_b51f21'

2020-06-05 13:36:57 - [TEST_STEP][PASSED] - click(findTestObject("Object Repository/1612893/39_Edit_channel_purpose/Page_Thanh set Channel name - hcmus-cdnc-te_a699a0/span_Save")): Object: 'Object Repository/1612893/39_Edit_channel_purpose/Page_Thanh set Channel name - hcmus-cdnc-te_a699a0/span_Save' is clicked on

2020-06-05 13:36:57 - [MESSAGE][PASSED] - Object: 'Object Repository/1612893/39_Edit_channel_purpose/Page_Thanh set Channel name - hcmus-cdnc-te_a699a0/span_Save' is clicked on

2020-06-05 13:36:57 - [TEST_STEP][PASSED] - closeBrowser(): Browser is closed

2020-06-05 13:36:59 - [MESSAGE][PASSED] - Browser is closed]]></system-out>
         <system-err><![CDATA[]]></system-err>
      </testcase>
      <testcase name="Test Cases/1612893/TC_39_Edit_channel_purpose" time="15.026" classname="Test Cases/1612893/TC_39_Edit_channel_purpose" status="PASSED">
         <system-out><![CDATA[2020-06-05 13:36:59 - [TEST_CASE][PASSED] - Test Cases/1612893/TC_39_Edit_channel_purpose: Test Cases/1612893/TC_39_Edit_channel_purpose

2020-06-05 13:36:59 - [TEST_STEP][PASSED] - openBrowser(""): Browser is opened with url: ''

2020-06-05 13:36:59 - [MESSAGE][INFO] - Starting 'Chrome' driver

2020-06-05 13:36:59 - [MESSAGE][INFO] - Action delay is set to 0 milliseconds

2020-06-05 13:37:02 - [MESSAGE][PASSED] - Browser is opened with url: ''

2020-06-05 13:37:02 - [TEST_STEP][PASSED] - navigateToUrl("http://localhost:8065/login"): Navigate to 'http://localhost:8065/login' successfully

2020-06-05 13:37:03 - [MESSAGE][PASSED] - Navigate to 'http://localhost:8065/login' successfully

2020-06-05 13:37:03 - [TEST_STEP][PASSED] - setText(findTestObject("Object Repository/1612893/39_Edit_channel_purpose/Page_Mattermost/input_All team communication in one place s_703ef5"), "hcmus-cdnc"): Text 'hcmus-cdnc' is set on object 'Object Repository/1612893/39_Edit_channel_purpose/Page_Mattermost/input_All team communication in one place s_703ef5'

2020-06-05 13:37:05 - [MESSAGE][PASSED] - Text 'hcmus-cdnc' is set on object 'Object Repository/1612893/39_Edit_channel_purpose/Page_Mattermost/input_All team communication in one place s_703ef5'

2020-06-05 13:37:05 - [TEST_STEP][PASSED] - setEncryptedText(findTestObject("Object Repository/1612893/39_Edit_channel_purpose/Page_Mattermost/input_All team communication in one place s_2f2733"), "aeHFOx8jV/A="): Text ****** has been set on object 'Object Repository/1612893/39_Edit_channel_purpose/Page_Mattermost/input_All team communication in one place s_2f2733'

2020-06-05 13:37:06 - [MESSAGE][PASSED] - Text ****** has been set on object 'Object Repository/1612893/39_Edit_channel_purpose/Page_Mattermost/input_All team communication in one place s_2f2733'

2020-06-05 13:37:06 - [TEST_STEP][PASSED] - click(findTestObject("Object Repository/1612893/39_Edit_channel_purpose/Page_Mattermost/span_Sign in")): Object: 'Object Repository/1612893/39_Edit_channel_purpose/Page_Mattermost/span_Sign in' is clicked on

2020-06-05 13:37:07 - [MESSAGE][PASSED] - Object: 'Object Repository/1612893/39_Edit_channel_purpose/Page_Mattermost/span_Sign in' is clicked on

2020-06-05 13:37:07 - [TEST_STEP][PASSED] - click(findTestObject("Object Repository/1612893/39_Edit_channel_purpose/Page_Thanh set Channel name - hcmus-cdnc-te_a699a0/span_Thanh set Channel name_channelHeaderDr_8caf36")): Object: 'Object Repository/1612893/39_Edit_channel_purpose/Page_Thanh set Channel name - hcmus-cdnc-te_a699a0/span_Thanh set Channel name_channelHeaderDr_8caf36' is clicked on

2020-06-05 13:37:10 - [MESSAGE][PASSED] - Object: 'Object Repository/1612893/39_Edit_channel_purpose/Page_Thanh set Channel name - hcmus-cdnc-te_a699a0/span_Thanh set Channel name_channelHeaderDr_8caf36' is clicked on

2020-06-05 13:37:10 - [TEST_STEP][PASSED] - click(findTestObject("Object Repository/1612893/39_Edit_channel_purpose/Page_Thanh set Channel name - hcmus-cdnc-te_a699a0/span_Edit Channel Purpose")): Object: 'Object Repository/1612893/39_Edit_channel_purpose/Page_Thanh set Channel name - hcmus-cdnc-te_a699a0/span_Edit Channel Purpose' is clicked on

2020-06-05 13:37:11 - [MESSAGE][PASSED] - Object: 'Object Repository/1612893/39_Edit_channel_purpose/Page_Thanh set Channel name - hcmus-cdnc-te_a699a0/span_Edit Channel Purpose' is clicked on

2020-06-05 13:37:11 - [TEST_STEP][PASSED] - setText(findTestObject("Object Repository/1612893/39_Edit_channel_purpose/Page_Thanh set Channel name - hcmus-cdnc-te_a699a0/textarea_Thanh set Channel name_form-contro_b51f21"), channelPurpose): Text '1234567890' is set on object 'Object Repository/1612893/39_Edit_channel_purpose/Page_Thanh set Channel name - hcmus-cdnc-te_a699a0/textarea_Thanh set Channel name_form-contro_b51f21'

2020-06-05 13:37:12 - [MESSAGE][PASSED] - Text '1234567890' is set on object 'Object Repository/1612893/39_Edit_channel_purpose/Page_Thanh set Channel name - hcmus-cdnc-te_a699a0/textarea_Thanh set Channel name_form-contro_b51f21'

2020-06-05 13:37:12 - [TEST_STEP][PASSED] - click(findTestObject("Object Repository/1612893/39_Edit_channel_purpose/Page_Thanh set Channel name - hcmus-cdnc-te_a699a0/span_Save")): Object: 'Object Repository/1612893/39_Edit_channel_purpose/Page_Thanh set Channel name - hcmus-cdnc-te_a699a0/span_Save' is clicked on

2020-06-05 13:37:13 - [MESSAGE][PASSED] - Object: 'Object Repository/1612893/39_Edit_channel_purpose/Page_Thanh set Channel name - hcmus-cdnc-te_a699a0/span_Save' is clicked on

2020-06-05 13:37:13 - [TEST_STEP][PASSED] - closeBrowser(): Browser is closed

2020-06-05 13:37:14 - [MESSAGE][PASSED] - Browser is closed]]></system-out>
         <system-err><![CDATA[]]></system-err>
      </testcase>
      <testcase name="Test Cases/1612893/TC_39_Edit_channel_purpose" time="15.554" classname="Test Cases/1612893/TC_39_Edit_channel_purpose" status="PASSED">
         <system-out><![CDATA[2020-06-05 13:37:14 - [TEST_CASE][PASSED] - Test Cases/1612893/TC_39_Edit_channel_purpose: Test Cases/1612893/TC_39_Edit_channel_purpose

2020-06-05 13:37:14 - [TEST_STEP][PASSED] - openBrowser(""): Browser is opened with url: ''

2020-06-05 13:37:14 - [MESSAGE][INFO] - Starting 'Chrome' driver

2020-06-05 13:37:14 - [MESSAGE][INFO] - Action delay is set to 0 milliseconds

2020-06-05 13:37:18 - [MESSAGE][PASSED] - Browser is opened with url: ''

2020-06-05 13:37:18 - [TEST_STEP][PASSED] - navigateToUrl("http://localhost:8065/login"): Navigate to 'http://localhost:8065/login' successfully

2020-06-05 13:37:19 - [MESSAGE][PASSED] - Navigate to 'http://localhost:8065/login' successfully

2020-06-05 13:37:19 - [TEST_STEP][PASSED] - setText(findTestObject("Object Repository/1612893/39_Edit_channel_purpose/Page_Mattermost/input_All team communication in one place s_703ef5"), "hcmus-cdnc"): Text 'hcmus-cdnc' is set on object 'Object Repository/1612893/39_Edit_channel_purpose/Page_Mattermost/input_All team communication in one place s_703ef5'

2020-06-05 13:37:21 - [MESSAGE][PASSED] - Text 'hcmus-cdnc' is set on object 'Object Repository/1612893/39_Edit_channel_purpose/Page_Mattermost/input_All team communication in one place s_703ef5'

2020-06-05 13:37:21 - [TEST_STEP][PASSED] - setEncryptedText(findTestObject("Object Repository/1612893/39_Edit_channel_purpose/Page_Mattermost/input_All team communication in one place s_2f2733"), "aeHFOx8jV/A="): Text ****** has been set on object 'Object Repository/1612893/39_Edit_channel_purpose/Page_Mattermost/input_All team communication in one place s_2f2733'

2020-06-05 13:37:21 - [MESSAGE][PASSED] - Text ****** has been set on object 'Object Repository/1612893/39_Edit_channel_purpose/Page_Mattermost/input_All team communication in one place s_2f2733'

2020-06-05 13:37:21 - [TEST_STEP][PASSED] - click(findTestObject("Object Repository/1612893/39_Edit_channel_purpose/Page_Mattermost/span_Sign in")): Object: 'Object Repository/1612893/39_Edit_channel_purpose/Page_Mattermost/span_Sign in' is clicked on

2020-06-05 13:37:22 - [MESSAGE][PASSED] - Object: 'Object Repository/1612893/39_Edit_channel_purpose/Page_Mattermost/span_Sign in' is clicked on

2020-06-05 13:37:22 - [TEST_STEP][PASSED] - click(findTestObject("Object Repository/1612893/39_Edit_channel_purpose/Page_Thanh set Channel name - hcmus-cdnc-te_a699a0/span_Thanh set Channel name_channelHeaderDr_8caf36")): Object: 'Object Repository/1612893/39_Edit_channel_purpose/Page_Thanh set Channel name - hcmus-cdnc-te_a699a0/span_Thanh set Channel name_channelHeaderDr_8caf36' is clicked on

2020-06-05 13:37:25 - [MESSAGE][PASSED] - Object: 'Object Repository/1612893/39_Edit_channel_purpose/Page_Thanh set Channel name - hcmus-cdnc-te_a699a0/span_Thanh set Channel name_channelHeaderDr_8caf36' is clicked on

2020-06-05 13:37:25 - [TEST_STEP][PASSED] - click(findTestObject("Object Repository/1612893/39_Edit_channel_purpose/Page_Thanh set Channel name - hcmus-cdnc-te_a699a0/span_Edit Channel Purpose")): Object: 'Object Repository/1612893/39_Edit_channel_purpose/Page_Thanh set Channel name - hcmus-cdnc-te_a699a0/span_Edit Channel Purpose' is clicked on

2020-06-05 13:37:26 - [MESSAGE][PASSED] - Object: 'Object Repository/1612893/39_Edit_channel_purpose/Page_Thanh set Channel name - hcmus-cdnc-te_a699a0/span_Edit Channel Purpose' is clicked on

2020-06-05 13:37:26 - [TEST_STEP][PASSED] - setText(findTestObject("Object Repository/1612893/39_Edit_channel_purpose/Page_Thanh set Channel name - hcmus-cdnc-te_a699a0/textarea_Thanh set Channel name_form-contro_b51f21"), channelPurpose): Text '!@@#R#@@#@' is set on object 'Object Repository/1612893/39_Edit_channel_purpose/Page_Thanh set Channel name - hcmus-cdnc-te_a699a0/textarea_Thanh set Channel name_form-contro_b51f21'

2020-06-05 13:37:28 - [MESSAGE][PASSED] - Text '!@@#R#@@#@' is set on object 'Object Repository/1612893/39_Edit_channel_purpose/Page_Thanh set Channel name - hcmus-cdnc-te_a699a0/textarea_Thanh set Channel name_form-contro_b51f21'

2020-06-05 13:37:28 - [TEST_STEP][PASSED] - click(findTestObject("Object Repository/1612893/39_Edit_channel_purpose/Page_Thanh set Channel name - hcmus-cdnc-te_a699a0/span_Save")): Object: 'Object Repository/1612893/39_Edit_channel_purpose/Page_Thanh set Channel name - hcmus-cdnc-te_a699a0/span_Save' is clicked on

2020-06-05 13:37:28 - [MESSAGE][PASSED] - Object: 'Object Repository/1612893/39_Edit_channel_purpose/Page_Thanh set Channel name - hcmus-cdnc-te_a699a0/span_Save' is clicked on

2020-06-05 13:37:28 - [TEST_STEP][PASSED] - closeBrowser(): Browser is closed

2020-06-05 13:37:29 - [MESSAGE][PASSED] - Browser is closed]]></system-out>
         <system-err><![CDATA[]]></system-err>
      </testcase>
      <testcase name="Test Cases/1612893/TC_39_Edit_channel_purpose" time="15.441" classname="Test Cases/1612893/TC_39_Edit_channel_purpose" status="PASSED">
         <system-out><![CDATA[2020-06-05 13:37:29 - [TEST_CASE][PASSED] - Test Cases/1612893/TC_39_Edit_channel_purpose: Test Cases/1612893/TC_39_Edit_channel_purpose

2020-06-05 13:37:29 - [TEST_STEP][PASSED] - openBrowser(""): Browser is opened with url: ''

2020-06-05 13:37:29 - [MESSAGE][INFO] - Starting 'Chrome' driver

2020-06-05 13:37:29 - [MESSAGE][INFO] - Action delay is set to 0 milliseconds

2020-06-05 13:37:33 - [MESSAGE][PASSED] - Browser is opened with url: ''

2020-06-05 13:37:33 - [TEST_STEP][PASSED] - navigateToUrl("http://localhost:8065/login"): Navigate to 'http://localhost:8065/login' successfully

2020-06-05 13:37:34 - [MESSAGE][PASSED] - Navigate to 'http://localhost:8065/login' successfully

2020-06-05 13:37:34 - [TEST_STEP][PASSED] - setText(findTestObject("Object Repository/1612893/39_Edit_channel_purpose/Page_Mattermost/input_All team communication in one place s_703ef5"), "hcmus-cdnc"): Text 'hcmus-cdnc' is set on object 'Object Repository/1612893/39_Edit_channel_purpose/Page_Mattermost/input_All team communication in one place s_703ef5'

2020-06-05 13:37:36 - [MESSAGE][PASSED] - Text 'hcmus-cdnc' is set on object 'Object Repository/1612893/39_Edit_channel_purpose/Page_Mattermost/input_All team communication in one place s_703ef5'

2020-06-05 13:37:36 - [TEST_STEP][PASSED] - setEncryptedText(findTestObject("Object Repository/1612893/39_Edit_channel_purpose/Page_Mattermost/input_All team communication in one place s_2f2733"), "aeHFOx8jV/A="): Text ****** has been set on object 'Object Repository/1612893/39_Edit_channel_purpose/Page_Mattermost/input_All team communication in one place s_2f2733'

2020-06-05 13:37:37 - [MESSAGE][PASSED] - Text ****** has been set on object 'Object Repository/1612893/39_Edit_channel_purpose/Page_Mattermost/input_All team communication in one place s_2f2733'

2020-06-05 13:37:37 - [TEST_STEP][PASSED] - click(findTestObject("Object Repository/1612893/39_Edit_channel_purpose/Page_Mattermost/span_Sign in")): Object: 'Object Repository/1612893/39_Edit_channel_purpose/Page_Mattermost/span_Sign in' is clicked on

2020-06-05 13:37:38 - [MESSAGE][PASSED] - Object: 'Object Repository/1612893/39_Edit_channel_purpose/Page_Mattermost/span_Sign in' is clicked on

2020-06-05 13:37:38 - [TEST_STEP][PASSED] - click(findTestObject("Object Repository/1612893/39_Edit_channel_purpose/Page_Thanh set Channel name - hcmus-cdnc-te_a699a0/span_Thanh set Channel name_channelHeaderDr_8caf36")): Object: 'Object Repository/1612893/39_Edit_channel_purpose/Page_Thanh set Channel name - hcmus-cdnc-te_a699a0/span_Thanh set Channel name_channelHeaderDr_8caf36' is clicked on

2020-06-05 13:37:41 - [MESSAGE][PASSED] - Object: 'Object Repository/1612893/39_Edit_channel_purpose/Page_Thanh set Channel name - hcmus-cdnc-te_a699a0/span_Thanh set Channel name_channelHeaderDr_8caf36' is clicked on

2020-06-05 13:37:41 - [TEST_STEP][PASSED] - click(findTestObject("Object Repository/1612893/39_Edit_channel_purpose/Page_Thanh set Channel name - hcmus-cdnc-te_a699a0/span_Edit Channel Purpose")): Object: 'Object Repository/1612893/39_Edit_channel_purpose/Page_Thanh set Channel name - hcmus-cdnc-te_a699a0/span_Edit Channel Purpose' is clicked on

2020-06-05 13:37:42 - [MESSAGE][PASSED] - Object: 'Object Repository/1612893/39_Edit_channel_purpose/Page_Thanh set Channel name - hcmus-cdnc-te_a699a0/span_Edit Channel Purpose' is clicked on

2020-06-05 13:37:42 - [TEST_STEP][PASSED] - setText(findTestObject("Object Repository/1612893/39_Edit_channel_purpose/Page_Thanh set Channel name - hcmus-cdnc-te_a699a0/textarea_Thanh set Channel name_form-contro_b51f21"), channelPurpose): Text '<div></div>' is set on object 'Object Repository/1612893/39_Edit_channel_purpose/Page_Thanh set Channel name - hcmus-cdnc-te_a699a0/textarea_Thanh set Channel name_form-contro_b51f21'

2020-06-05 13:37:43 - [MESSAGE][PASSED] - Text '<div></div>' is set on object 'Object Repository/1612893/39_Edit_channel_purpose/Page_Thanh set Channel name - hcmus-cdnc-te_a699a0/textarea_Thanh set Channel name_form-contro_b51f21'

2020-06-05 13:37:43 - [TEST_STEP][PASSED] - click(findTestObject("Object Repository/1612893/39_Edit_channel_purpose/Page_Thanh set Channel name - hcmus-cdnc-te_a699a0/span_Save")): Object: 'Object Repository/1612893/39_Edit_channel_purpose/Page_Thanh set Channel name - hcmus-cdnc-te_a699a0/span_Save' is clicked on

2020-06-05 13:37:44 - [MESSAGE][PASSED] - Object: 'Object Repository/1612893/39_Edit_channel_purpose/Page_Thanh set Channel name - hcmus-cdnc-te_a699a0/span_Save' is clicked on

2020-06-05 13:37:44 - [TEST_STEP][PASSED] - closeBrowser(): Browser is closed

2020-06-05 13:37:45 - [MESSAGE][PASSED] - Browser is closed]]></system-out>
         <system-err><![CDATA[]]></system-err>
      </testcase>
      <testcase name="Test Cases/1612893/TC_40_Edit_channel_header" time="16.347" classname="Test Cases/1612893/TC_40_Edit_channel_header" status="PASSED">
         <system-out><![CDATA[2020-06-05 13:37:45 - [TEST_CASE][PASSED] - Test Cases/1612893/TC_40_Edit_channel_header: Test Cases/1612893/TC_40_Edit_channel_header

2020-06-05 13:37:45 - [TEST_STEP][PASSED] - openBrowser(""): Browser is opened with url: ''

2020-06-05 13:37:45 - [MESSAGE][INFO] - Starting 'Chrome' driver

2020-06-05 13:37:45 - [MESSAGE][INFO] - Action delay is set to 0 milliseconds

2020-06-05 13:37:49 - [MESSAGE][PASSED] - Browser is opened with url: ''

2020-06-05 13:37:49 - [TEST_STEP][PASSED] - navigateToUrl("http://localhost:8065/login"): Navigate to 'http://localhost:8065/login' successfully

2020-06-05 13:37:50 - [MESSAGE][PASSED] - Navigate to 'http://localhost:8065/login' successfully

2020-06-05 13:37:50 - [TEST_STEP][PASSED] - setText(findTestObject("1612893/40_Edit_channel_header/Page_Mattermost/input_All team communication in one place s_703ef5"), "hcmus-cdnc"): Text 'hcmus-cdnc' is set on object 'Object Repository/1612893/40_Edit_channel_header/Page_Mattermost/input_All team communication in one place s_703ef5'

2020-06-05 13:37:52 - [MESSAGE][PASSED] - Text 'hcmus-cdnc' is set on object 'Object Repository/1612893/40_Edit_channel_header/Page_Mattermost/input_All team communication in one place s_703ef5'

2020-06-05 13:37:52 - [TEST_STEP][PASSED] - setEncryptedText(findTestObject("1612893/40_Edit_channel_header/Page_Mattermost/input_All team communication in one place s_2f2733"), "aeHFOx8jV/A="): Text ****** has been set on object 'Object Repository/1612893/40_Edit_channel_header/Page_Mattermost/input_All team communication in one place s_2f2733'

2020-06-05 13:37:53 - [MESSAGE][PASSED] - Text ****** has been set on object 'Object Repository/1612893/40_Edit_channel_header/Page_Mattermost/input_All team communication in one place s_2f2733'

2020-06-05 13:37:53 - [TEST_STEP][PASSED] - sendKeys(findTestObject("1612893/40_Edit_channel_header/Page_Mattermost/input_All team communication in one place s_2f2733"), Keys.chord(ENTER)): Keys 'ENTER + ' sent to object: 'Object Repository/1612893/40_Edit_channel_header/Page_Mattermost/input_All team communication in one place s_2f2733'

2020-06-05 13:37:53 - [MESSAGE][PASSED] - Keys 'ENTER + ' sent to object: 'Object Repository/1612893/40_Edit_channel_header/Page_Mattermost/input_All team communication in one place s_2f2733'

2020-06-05 13:37:53 - [TEST_STEP][PASSED] - click(findTestObject("1612893/40_Edit_channel_header/Page_Thanh set Channel name - hcmus-cdnc-te_a699a0/span_Thanh set Channel name_channelHeaderDr_8caf36")): Object: 'Object Repository/1612893/40_Edit_channel_header/Page_Thanh set Channel name - hcmus-cdnc-te_a699a0/span_Thanh set Channel name_channelHeaderDr_8caf36' is clicked on

2020-06-05 13:37:57 - [MESSAGE][PASSED] - Object: 'Object Repository/1612893/40_Edit_channel_header/Page_Thanh set Channel name - hcmus-cdnc-te_a699a0/span_Thanh set Channel name_channelHeaderDr_8caf36' is clicked on

2020-06-05 13:37:57 - [TEST_STEP][PASSED] - click(findTestObject("1612893/40_Edit_channel_header/Page_Thanh set Channel name - hcmus-cdnc-te_a699a0/span_Edit Channel Header")): Object: 'Object Repository/1612893/40_Edit_channel_header/Page_Thanh set Channel name - hcmus-cdnc-te_a699a0/span_Edit Channel Header' is clicked on

2020-06-05 13:37:58 - [MESSAGE][PASSED] - Object: 'Object Repository/1612893/40_Edit_channel_header/Page_Thanh set Channel name - hcmus-cdnc-te_a699a0/span_Edit Channel Header' is clicked on

2020-06-05 13:37:58 - [TEST_STEP][PASSED] - setText(findTestObject("1612893/40_Edit_channel_header/Page_Thanh set Channel name - hcmus-cdnc-te_a699a0/textarea_thanh set header"), content): Text '999999999213193921129319' is set on object 'Object Repository/1612893/40_Edit_channel_header/Page_Thanh set Channel name - hcmus-cdnc-te_a699a0/textarea_thanh set header'

2020-06-05 13:38:00 - [MESSAGE][PASSED] - Text '999999999213193921129319' is set on object 'Object Repository/1612893/40_Edit_channel_header/Page_Thanh set Channel name - hcmus-cdnc-te_a699a0/textarea_thanh set header'

2020-06-05 13:38:00 - [TEST_STEP][PASSED] - click(findTestObject("1612893/40_Edit_channel_header/Page_Thanh set Channel name - hcmus-cdnc-te_a699a0/span_Save")): Object: 'Object Repository/1612893/40_Edit_channel_header/Page_Thanh set Channel name - hcmus-cdnc-te_a699a0/span_Save' is clicked on

2020-06-05 13:38:00 - [MESSAGE][PASSED] - Object: 'Object Repository/1612893/40_Edit_channel_header/Page_Thanh set Channel name - hcmus-cdnc-te_a699a0/span_Save' is clicked on

2020-06-05 13:38:00 - [TEST_STEP][PASSED] - closeBrowser(): Browser is closed

2020-06-05 13:38:01 - [MESSAGE][PASSED] - Browser is closed]]></system-out>
         <system-err><![CDATA[]]></system-err>
      </testcase>
      <testcase name="Test Cases/1612893/TC_40_Edit_channel_header" time="15.574" classname="Test Cases/1612893/TC_40_Edit_channel_header" status="PASSED">
         <system-out><![CDATA[2020-06-05 13:38:01 - [TEST_CASE][PASSED] - Test Cases/1612893/TC_40_Edit_channel_header: Test Cases/1612893/TC_40_Edit_channel_header

2020-06-05 13:38:01 - [TEST_STEP][PASSED] - openBrowser(""): Browser is opened with url: ''

2020-06-05 13:38:01 - [MESSAGE][INFO] - Starting 'Chrome' driver

2020-06-05 13:38:01 - [MESSAGE][INFO] - Action delay is set to 0 milliseconds

2020-06-05 13:38:05 - [MESSAGE][PASSED] - Browser is opened with url: ''

2020-06-05 13:38:05 - [TEST_STEP][PASSED] - navigateToUrl("http://localhost:8065/login"): Navigate to 'http://localhost:8065/login' successfully

2020-06-05 13:38:06 - [MESSAGE][PASSED] - Navigate to 'http://localhost:8065/login' successfully

2020-06-05 13:38:06 - [TEST_STEP][PASSED] - setText(findTestObject("1612893/40_Edit_channel_header/Page_Mattermost/input_All team communication in one place s_703ef5"), "hcmus-cdnc"): Text 'hcmus-cdnc' is set on object 'Object Repository/1612893/40_Edit_channel_header/Page_Mattermost/input_All team communication in one place s_703ef5'

2020-06-05 13:38:08 - [MESSAGE][PASSED] - Text 'hcmus-cdnc' is set on object 'Object Repository/1612893/40_Edit_channel_header/Page_Mattermost/input_All team communication in one place s_703ef5'

2020-06-05 13:38:08 - [TEST_STEP][PASSED] - setEncryptedText(findTestObject("1612893/40_Edit_channel_header/Page_Mattermost/input_All team communication in one place s_2f2733"), "aeHFOx8jV/A="): Text ****** has been set on object 'Object Repository/1612893/40_Edit_channel_header/Page_Mattermost/input_All team communication in one place s_2f2733'

2020-06-05 13:38:09 - [MESSAGE][PASSED] - Text ****** has been set on object 'Object Repository/1612893/40_Edit_channel_header/Page_Mattermost/input_All team communication in one place s_2f2733'

2020-06-05 13:38:09 - [TEST_STEP][PASSED] - sendKeys(findTestObject("1612893/40_Edit_channel_header/Page_Mattermost/input_All team communication in one place s_2f2733"), Keys.chord(ENTER)): Keys 'ENTER + ' sent to object: 'Object Repository/1612893/40_Edit_channel_header/Page_Mattermost/input_All team communication in one place s_2f2733'

2020-06-05 13:38:09 - [MESSAGE][PASSED] - Keys 'ENTER + ' sent to object: 'Object Repository/1612893/40_Edit_channel_header/Page_Mattermost/input_All team communication in one place s_2f2733'

2020-06-05 13:38:09 - [TEST_STEP][PASSED] - click(findTestObject("1612893/40_Edit_channel_header/Page_Thanh set Channel name - hcmus-cdnc-te_a699a0/span_Thanh set Channel name_channelHeaderDr_8caf36")): Object: 'Object Repository/1612893/40_Edit_channel_header/Page_Thanh set Channel name - hcmus-cdnc-te_a699a0/span_Thanh set Channel name_channelHeaderDr_8caf36' is clicked on

2020-06-05 13:38:13 - [MESSAGE][PASSED] - Object: 'Object Repository/1612893/40_Edit_channel_header/Page_Thanh set Channel name - hcmus-cdnc-te_a699a0/span_Thanh set Channel name_channelHeaderDr_8caf36' is clicked on

2020-06-05 13:38:13 - [TEST_STEP][PASSED] - click(findTestObject("1612893/40_Edit_channel_header/Page_Thanh set Channel name - hcmus-cdnc-te_a699a0/span_Edit Channel Header")): Object: 'Object Repository/1612893/40_Edit_channel_header/Page_Thanh set Channel name - hcmus-cdnc-te_a699a0/span_Edit Channel Header' is clicked on

2020-06-05 13:38:14 - [MESSAGE][PASSED] - Object: 'Object Repository/1612893/40_Edit_channel_header/Page_Thanh set Channel name - hcmus-cdnc-te_a699a0/span_Edit Channel Header' is clicked on

2020-06-05 13:38:14 - [TEST_STEP][PASSED] - setText(findTestObject("1612893/40_Edit_channel_header/Page_Thanh set Channel name - hcmus-cdnc-te_a699a0/textarea_thanh set header"), content): Text '$#%@#^^#%##%%' is set on object 'Object Repository/1612893/40_Edit_channel_header/Page_Thanh set Channel name - hcmus-cdnc-te_a699a0/textarea_thanh set header'

2020-06-05 13:38:15 - [MESSAGE][PASSED] - Text '$#%@#^^#%##%%' is set on object 'Object Repository/1612893/40_Edit_channel_header/Page_Thanh set Channel name - hcmus-cdnc-te_a699a0/textarea_thanh set header'

2020-06-05 13:38:15 - [TEST_STEP][PASSED] - click(findTestObject("1612893/40_Edit_channel_header/Page_Thanh set Channel name - hcmus-cdnc-te_a699a0/span_Save")): Object: 'Object Repository/1612893/40_Edit_channel_header/Page_Thanh set Channel name - hcmus-cdnc-te_a699a0/span_Save' is clicked on

2020-06-05 13:38:16 - [MESSAGE][PASSED] - Object: 'Object Repository/1612893/40_Edit_channel_header/Page_Thanh set Channel name - hcmus-cdnc-te_a699a0/span_Save' is clicked on

2020-06-05 13:38:16 - [TEST_STEP][PASSED] - closeBrowser(): Browser is closed

2020-06-05 13:38:17 - [MESSAGE][PASSED] - Browser is closed]]></system-out>
         <system-err><![CDATA[]]></system-err>
      </testcase>
      <testcase name="Test Cases/1612893/TC_40_Edit_channel_header" time="15.132" classname="Test Cases/1612893/TC_40_Edit_channel_header" status="PASSED">
         <system-out><![CDATA[2020-06-05 13:38:17 - [TEST_CASE][PASSED] - Test Cases/1612893/TC_40_Edit_channel_header: Test Cases/1612893/TC_40_Edit_channel_header

2020-06-05 13:38:17 - [TEST_STEP][PASSED] - openBrowser(""): Browser is opened with url: ''

2020-06-05 13:38:17 - [MESSAGE][INFO] - Starting 'Chrome' driver

2020-06-05 13:38:17 - [MESSAGE][INFO] - Action delay is set to 0 milliseconds

2020-06-05 13:38:20 - [MESSAGE][PASSED] - Browser is opened with url: ''

2020-06-05 13:38:20 - [TEST_STEP][PASSED] - navigateToUrl("http://localhost:8065/login"): Navigate to 'http://localhost:8065/login' successfully

2020-06-05 13:38:22 - [MESSAGE][PASSED] - Navigate to 'http://localhost:8065/login' successfully

2020-06-05 13:38:22 - [TEST_STEP][PASSED] - setText(findTestObject("1612893/40_Edit_channel_header/Page_Mattermost/input_All team communication in one place s_703ef5"), "hcmus-cdnc"): Text 'hcmus-cdnc' is set on object 'Object Repository/1612893/40_Edit_channel_header/Page_Mattermost/input_All team communication in one place s_703ef5'

2020-06-05 13:38:23 - [MESSAGE][PASSED] - Text 'hcmus-cdnc' is set on object 'Object Repository/1612893/40_Edit_channel_header/Page_Mattermost/input_All team communication in one place s_703ef5'

2020-06-05 13:38:23 - [TEST_STEP][PASSED] - setEncryptedText(findTestObject("1612893/40_Edit_channel_header/Page_Mattermost/input_All team communication in one place s_2f2733"), "aeHFOx8jV/A="): Text ****** has been set on object 'Object Repository/1612893/40_Edit_channel_header/Page_Mattermost/input_All team communication in one place s_2f2733'

2020-06-05 13:38:24 - [MESSAGE][PASSED] - Text ****** has been set on object 'Object Repository/1612893/40_Edit_channel_header/Page_Mattermost/input_All team communication in one place s_2f2733'

2020-06-05 13:38:24 - [TEST_STEP][PASSED] - sendKeys(findTestObject("1612893/40_Edit_channel_header/Page_Mattermost/input_All team communication in one place s_2f2733"), Keys.chord(ENTER)): Keys 'ENTER + ' sent to object: 'Object Repository/1612893/40_Edit_channel_header/Page_Mattermost/input_All team communication in one place s_2f2733'

2020-06-05 13:38:24 - [MESSAGE][PASSED] - Keys 'ENTER + ' sent to object: 'Object Repository/1612893/40_Edit_channel_header/Page_Mattermost/input_All team communication in one place s_2f2733'

2020-06-05 13:38:24 - [TEST_STEP][PASSED] - click(findTestObject("1612893/40_Edit_channel_header/Page_Thanh set Channel name - hcmus-cdnc-te_a699a0/span_Thanh set Channel name_channelHeaderDr_8caf36")): Object: 'Object Repository/1612893/40_Edit_channel_header/Page_Thanh set Channel name - hcmus-cdnc-te_a699a0/span_Thanh set Channel name_channelHeaderDr_8caf36' is clicked on

2020-06-05 13:38:28 - [MESSAGE][PASSED] - Object: 'Object Repository/1612893/40_Edit_channel_header/Page_Thanh set Channel name - hcmus-cdnc-te_a699a0/span_Thanh set Channel name_channelHeaderDr_8caf36' is clicked on

2020-06-05 13:38:28 - [TEST_STEP][PASSED] - click(findTestObject("1612893/40_Edit_channel_header/Page_Thanh set Channel name - hcmus-cdnc-te_a699a0/span_Edit Channel Header")): Object: 'Object Repository/1612893/40_Edit_channel_header/Page_Thanh set Channel name - hcmus-cdnc-te_a699a0/span_Edit Channel Header' is clicked on

2020-06-05 13:38:29 - [MESSAGE][PASSED] - Object: 'Object Repository/1612893/40_Edit_channel_header/Page_Thanh set Channel name - hcmus-cdnc-te_a699a0/span_Edit Channel Header' is clicked on

2020-06-05 13:38:29 - [TEST_STEP][PASSED] - setText(findTestObject("1612893/40_Edit_channel_header/Page_Thanh set Channel name - hcmus-cdnc-te_a699a0/textarea_thanh set header"), content): Text '><VĐGDGR$RFD' is set on object 'Object Repository/1612893/40_Edit_channel_header/Page_Thanh set Channel name - hcmus-cdnc-te_a699a0/textarea_thanh set header'

2020-06-05 13:38:30 - [MESSAGE][PASSED] - Text '><VĐGDGR$RFD' is set on object 'Object Repository/1612893/40_Edit_channel_header/Page_Thanh set Channel name - hcmus-cdnc-te_a699a0/textarea_thanh set header'

2020-06-05 13:38:30 - [TEST_STEP][PASSED] - click(findTestObject("1612893/40_Edit_channel_header/Page_Thanh set Channel name - hcmus-cdnc-te_a699a0/span_Save")): Object: 'Object Repository/1612893/40_Edit_channel_header/Page_Thanh set Channel name - hcmus-cdnc-te_a699a0/span_Save' is clicked on

2020-06-05 13:38:31 - [MESSAGE][PASSED] - Object: 'Object Repository/1612893/40_Edit_channel_header/Page_Thanh set Channel name - hcmus-cdnc-te_a699a0/span_Save' is clicked on

2020-06-05 13:38:31 - [TEST_STEP][PASSED] - closeBrowser(): Browser is closed

2020-06-05 13:38:32 - [MESSAGE][PASSED] - Browser is closed]]></system-out>
         <system-err><![CDATA[]]></system-err>
      </testcase>
      <testcase name="Test Cases/1612893/TC_40_Edit_channel_header" time="15.598" classname="Test Cases/1612893/TC_40_Edit_channel_header" status="PASSED">
         <system-out><![CDATA[2020-06-05 13:38:32 - [TEST_CASE][PASSED] - Test Cases/1612893/TC_40_Edit_channel_header: Test Cases/1612893/TC_40_Edit_channel_header

2020-06-05 13:38:32 - [TEST_STEP][PASSED] - openBrowser(""): Browser is opened with url: ''

2020-06-05 13:38:32 - [MESSAGE][INFO] - Starting 'Chrome' driver

2020-06-05 13:38:32 - [MESSAGE][INFO] - Action delay is set to 0 milliseconds

2020-06-05 13:38:35 - [MESSAGE][PASSED] - Browser is opened with url: ''

2020-06-05 13:38:35 - [TEST_STEP][PASSED] - navigateToUrl("http://localhost:8065/login"): Navigate to 'http://localhost:8065/login' successfully

2020-06-05 13:38:37 - [MESSAGE][PASSED] - Navigate to 'http://localhost:8065/login' successfully

2020-06-05 13:38:37 - [TEST_STEP][PASSED] - setText(findTestObject("1612893/40_Edit_channel_header/Page_Mattermost/input_All team communication in one place s_703ef5"), "hcmus-cdnc"): Text 'hcmus-cdnc' is set on object 'Object Repository/1612893/40_Edit_channel_header/Page_Mattermost/input_All team communication in one place s_703ef5'

2020-06-05 13:38:39 - [MESSAGE][PASSED] - Text 'hcmus-cdnc' is set on object 'Object Repository/1612893/40_Edit_channel_header/Page_Mattermost/input_All team communication in one place s_703ef5'

2020-06-05 13:38:39 - [TEST_STEP][PASSED] - setEncryptedText(findTestObject("1612893/40_Edit_channel_header/Page_Mattermost/input_All team communication in one place s_2f2733"), "aeHFOx8jV/A="): Text ****** has been set on object 'Object Repository/1612893/40_Edit_channel_header/Page_Mattermost/input_All team communication in one place s_2f2733'

2020-06-05 13:38:40 - [MESSAGE][PASSED] - Text ****** has been set on object 'Object Repository/1612893/40_Edit_channel_header/Page_Mattermost/input_All team communication in one place s_2f2733'

2020-06-05 13:38:40 - [TEST_STEP][PASSED] - sendKeys(findTestObject("1612893/40_Edit_channel_header/Page_Mattermost/input_All team communication in one place s_2f2733"), Keys.chord(ENTER)): Keys 'ENTER + ' sent to object: 'Object Repository/1612893/40_Edit_channel_header/Page_Mattermost/input_All team communication in one place s_2f2733'

2020-06-05 13:38:40 - [MESSAGE][PASSED] - Keys 'ENTER + ' sent to object: 'Object Repository/1612893/40_Edit_channel_header/Page_Mattermost/input_All team communication in one place s_2f2733'

2020-06-05 13:38:40 - [TEST_STEP][PASSED] - click(findTestObject("1612893/40_Edit_channel_header/Page_Thanh set Channel name - hcmus-cdnc-te_a699a0/span_Thanh set Channel name_channelHeaderDr_8caf36")): Object: 'Object Repository/1612893/40_Edit_channel_header/Page_Thanh set Channel name - hcmus-cdnc-te_a699a0/span_Thanh set Channel name_channelHeaderDr_8caf36' is clicked on

2020-06-05 13:38:44 - [MESSAGE][PASSED] - Object: 'Object Repository/1612893/40_Edit_channel_header/Page_Thanh set Channel name - hcmus-cdnc-te_a699a0/span_Thanh set Channel name_channelHeaderDr_8caf36' is clicked on

2020-06-05 13:38:44 - [TEST_STEP][PASSED] - click(findTestObject("1612893/40_Edit_channel_header/Page_Thanh set Channel name - hcmus-cdnc-te_a699a0/span_Edit Channel Header")): Object: 'Object Repository/1612893/40_Edit_channel_header/Page_Thanh set Channel name - hcmus-cdnc-te_a699a0/span_Edit Channel Header' is clicked on

2020-06-05 13:38:45 - [MESSAGE][PASSED] - Object: 'Object Repository/1612893/40_Edit_channel_header/Page_Thanh set Channel name - hcmus-cdnc-te_a699a0/span_Edit Channel Header' is clicked on

2020-06-05 13:38:45 - [TEST_STEP][PASSED] - setText(findTestObject("1612893/40_Edit_channel_header/Page_Thanh set Channel name - hcmus-cdnc-te_a699a0/textarea_thanh set header"), content): Text '<div><div>' is set on object 'Object Repository/1612893/40_Edit_channel_header/Page_Thanh set Channel name - hcmus-cdnc-te_a699a0/textarea_thanh set header'

2020-06-05 13:38:46 - [MESSAGE][PASSED] - Text '<div><div>' is set on object 'Object Repository/1612893/40_Edit_channel_header/Page_Thanh set Channel name - hcmus-cdnc-te_a699a0/textarea_thanh set header'

2020-06-05 13:38:46 - [TEST_STEP][PASSED] - click(findTestObject("1612893/40_Edit_channel_header/Page_Thanh set Channel name - hcmus-cdnc-te_a699a0/span_Save")): Object: 'Object Repository/1612893/40_Edit_channel_header/Page_Thanh set Channel name - hcmus-cdnc-te_a699a0/span_Save' is clicked on

2020-06-05 13:38:47 - [MESSAGE][PASSED] - Object: 'Object Repository/1612893/40_Edit_channel_header/Page_Thanh set Channel name - hcmus-cdnc-te_a699a0/span_Save' is clicked on

2020-06-05 13:38:47 - [TEST_STEP][PASSED] - closeBrowser(): Browser is closed

2020-06-05 13:38:47 - [MESSAGE][PASSED] - Browser is closed]]></system-out>
         <system-err><![CDATA[]]></system-err>
      </testcase>
      <testcase name="Test Cases/1612893/TC_40_Edit_channel_header" time="15.205" classname="Test Cases/1612893/TC_40_Edit_channel_header" status="PASSED">
         <system-out><![CDATA[2020-06-05 13:38:47 - [TEST_CASE][PASSED] - Test Cases/1612893/TC_40_Edit_channel_header: Test Cases/1612893/TC_40_Edit_channel_header

2020-06-05 13:38:47 - [TEST_STEP][PASSED] - openBrowser(""): Browser is opened with url: ''

2020-06-05 13:38:48 - [MESSAGE][INFO] - Starting 'Chrome' driver

2020-06-05 13:38:48 - [MESSAGE][INFO] - Action delay is set to 0 milliseconds

2020-06-05 13:38:51 - [MESSAGE][PASSED] - Browser is opened with url: ''

2020-06-05 13:38:51 - [TEST_STEP][PASSED] - navigateToUrl("http://localhost:8065/login"): Navigate to 'http://localhost:8065/login' successfully

2020-06-05 13:38:52 - [MESSAGE][PASSED] - Navigate to 'http://localhost:8065/login' successfully

2020-06-05 13:38:52 - [TEST_STEP][PASSED] - setText(findTestObject("1612893/40_Edit_channel_header/Page_Mattermost/input_All team communication in one place s_703ef5"), "hcmus-cdnc"): Text 'hcmus-cdnc' is set on object 'Object Repository/1612893/40_Edit_channel_header/Page_Mattermost/input_All team communication in one place s_703ef5'

2020-06-05 13:38:54 - [MESSAGE][PASSED] - Text 'hcmus-cdnc' is set on object 'Object Repository/1612893/40_Edit_channel_header/Page_Mattermost/input_All team communication in one place s_703ef5'

2020-06-05 13:38:54 - [TEST_STEP][PASSED] - setEncryptedText(findTestObject("1612893/40_Edit_channel_header/Page_Mattermost/input_All team communication in one place s_2f2733"), "aeHFOx8jV/A="): Text ****** has been set on object 'Object Repository/1612893/40_Edit_channel_header/Page_Mattermost/input_All team communication in one place s_2f2733'

2020-06-05 13:38:55 - [MESSAGE][PASSED] - Text ****** has been set on object 'Object Repository/1612893/40_Edit_channel_header/Page_Mattermost/input_All team communication in one place s_2f2733'

2020-06-05 13:38:55 - [TEST_STEP][PASSED] - sendKeys(findTestObject("1612893/40_Edit_channel_header/Page_Mattermost/input_All team communication in one place s_2f2733"), Keys.chord(ENTER)): Keys 'ENTER + ' sent to object: 'Object Repository/1612893/40_Edit_channel_header/Page_Mattermost/input_All team communication in one place s_2f2733'

2020-06-05 13:38:55 - [MESSAGE][PASSED] - Keys 'ENTER + ' sent to object: 'Object Repository/1612893/40_Edit_channel_header/Page_Mattermost/input_All team communication in one place s_2f2733'

2020-06-05 13:38:55 - [TEST_STEP][PASSED] - click(findTestObject("1612893/40_Edit_channel_header/Page_Thanh set Channel name - hcmus-cdnc-te_a699a0/span_Thanh set Channel name_channelHeaderDr_8caf36")): Object: 'Object Repository/1612893/40_Edit_channel_header/Page_Thanh set Channel name - hcmus-cdnc-te_a699a0/span_Thanh set Channel name_channelHeaderDr_8caf36' is clicked on

2020-06-05 13:38:59 - [MESSAGE][PASSED] - Object: 'Object Repository/1612893/40_Edit_channel_header/Page_Thanh set Channel name - hcmus-cdnc-te_a699a0/span_Thanh set Channel name_channelHeaderDr_8caf36' is clicked on

2020-06-05 13:38:59 - [TEST_STEP][PASSED] - click(findTestObject("1612893/40_Edit_channel_header/Page_Thanh set Channel name - hcmus-cdnc-te_a699a0/span_Edit Channel Header")): Object: 'Object Repository/1612893/40_Edit_channel_header/Page_Thanh set Channel name - hcmus-cdnc-te_a699a0/span_Edit Channel Header' is clicked on

2020-06-05 13:39:00 - [MESSAGE][PASSED] - Object: 'Object Repository/1612893/40_Edit_channel_header/Page_Thanh set Channel name - hcmus-cdnc-te_a699a0/span_Edit Channel Header' is clicked on

2020-06-05 13:39:00 - [TEST_STEP][PASSED] - setText(findTestObject("1612893/40_Edit_channel_header/Page_Thanh set Channel name - hcmus-cdnc-te_a699a0/textarea_thanh set header"), content): Text 'thanh set header' is set on object 'Object Repository/1612893/40_Edit_channel_header/Page_Thanh set Channel name - hcmus-cdnc-te_a699a0/textarea_thanh set header'

2020-06-05 13:39:01 - [MESSAGE][PASSED] - Text 'thanh set header' is set on object 'Object Repository/1612893/40_Edit_channel_header/Page_Thanh set Channel name - hcmus-cdnc-te_a699a0/textarea_thanh set header'

2020-06-05 13:39:01 - [TEST_STEP][PASSED] - click(findTestObject("1612893/40_Edit_channel_header/Page_Thanh set Channel name - hcmus-cdnc-te_a699a0/span_Save")): Object: 'Object Repository/1612893/40_Edit_channel_header/Page_Thanh set Channel name - hcmus-cdnc-te_a699a0/span_Save' is clicked on

2020-06-05 13:39:02 - [MESSAGE][PASSED] - Object: 'Object Repository/1612893/40_Edit_channel_header/Page_Thanh set Channel name - hcmus-cdnc-te_a699a0/span_Save' is clicked on

2020-06-05 13:39:02 - [TEST_STEP][PASSED] - closeBrowser(): Browser is closed

2020-06-05 13:39:03 - [MESSAGE][PASSED] - Browser is closed]]></system-out>
         <system-err><![CDATA[]]></system-err>
      </testcase>
      <testcase name="Test Cases/1612893/TC_41_CreateTeam" time="15.713" classname="Test Cases/1612893/TC_41_CreateTeam" status="PASSED">
         <system-out><![CDATA[2020-06-05 13:39:03 - [TEST_CASE][PASSED] - Test Cases/1612893/TC_41_CreateTeam: Test Cases/1612893/TC_41_CreateTeam

2020-06-05 13:39:03 - [TEST_STEP][PASSED] - openBrowser(""): Browser is opened with url: ''

2020-06-05 13:39:03 - [MESSAGE][INFO] - Starting 'Chrome' driver

2020-06-05 13:39:03 - [MESSAGE][INFO] - Action delay is set to 0 milliseconds

2020-06-05 13:39:06 - [MESSAGE][PASSED] - Browser is opened with url: ''

2020-06-05 13:39:06 - [TEST_STEP][PASSED] - navigateToUrl("http://localhost:8065/login"): Navigate to 'http://localhost:8065/login' successfully

2020-06-05 13:39:08 - [MESSAGE][PASSED] - Navigate to 'http://localhost:8065/login' successfully

2020-06-05 13:39:08 - [TEST_STEP][PASSED] - setText(findTestObject("Object Repository/1612893/41_CreateTeam/Page_Mattermost/input_All team communication in one place s_703ef5"), "hcmus-cdnc"): Text 'hcmus-cdnc' is set on object 'Object Repository/1612893/41_CreateTeam/Page_Mattermost/input_All team communication in one place s_703ef5'

2020-06-05 13:39:10 - [MESSAGE][PASSED] - Text 'hcmus-cdnc' is set on object 'Object Repository/1612893/41_CreateTeam/Page_Mattermost/input_All team communication in one place s_703ef5'

2020-06-05 13:39:10 - [TEST_STEP][PASSED] - setEncryptedText(findTestObject("Object Repository/1612893/41_CreateTeam/Page_Mattermost/input_All team communication in one place s_2f2733"), "aeHFOx8jV/A="): Text ****** has been set on object 'Object Repository/1612893/41_CreateTeam/Page_Mattermost/input_All team communication in one place s_2f2733'

2020-06-05 13:39:10 - [MESSAGE][PASSED] - Text ****** has been set on object 'Object Repository/1612893/41_CreateTeam/Page_Mattermost/input_All team communication in one place s_2f2733'

2020-06-05 13:39:10 - [TEST_STEP][PASSED] - click(findTestObject("Object Repository/1612893/41_CreateTeam/Page_Mattermost/button_Sign in")): Object: 'Object Repository/1612893/41_CreateTeam/Page_Mattermost/button_Sign in' is clicked on

2020-06-05 13:39:11 - [MESSAGE][PASSED] - Object: 'Object Repository/1612893/41_CreateTeam/Page_Mattermost/button_Sign in' is clicked on

2020-06-05 13:39:11 - [TEST_STEP][PASSED] - click(findTestObject("Object Repository/1612893/41_CreateTeam/Page_Thanh set Channel name - hcmus-cdnc-te_a699a0/div_")): Object: 'Object Repository/1612893/41_CreateTeam/Page_Thanh set Channel name - hcmus-cdnc-te_a699a0/div_' is clicked on

2020-06-05 13:39:15 - [MESSAGE][PASSED] - Object: 'Object Repository/1612893/41_CreateTeam/Page_Thanh set Channel name - hcmus-cdnc-te_a699a0/div_' is clicked on

2020-06-05 13:39:15 - [TEST_STEP][PASSED] - click(findTestObject("Object Repository/1612893/41_CreateTeam/Page_Thanh set Channel name - hcmus-cdnc-te_a699a0/span_Create a team")): Object: 'Object Repository/1612893/41_CreateTeam/Page_Thanh set Channel name - hcmus-cdnc-te_a699a0/span_Create a team' is clicked on

2020-06-05 13:39:16 - [MESSAGE][PASSED] - Object: 'Object Repository/1612893/41_CreateTeam/Page_Thanh set Channel name - hcmus-cdnc-te_a699a0/span_Create a team' is clicked on

2020-06-05 13:39:16 - [TEST_STEP][PASSED] - setText(findTestObject("Object Repository/1612893/41_CreateTeam/Page_Thanh set Channel name - hcmus-cdnc-te_a699a0/input_Team Name_teamNameInput"), teamName): Text 'Team1' is set on object 'Object Repository/1612893/41_CreateTeam/Page_Thanh set Channel name - hcmus-cdnc-te_a699a0/input_Team Name_teamNameInput'

2020-06-05 13:39:17 - [MESSAGE][PASSED] - Text 'Team1' is set on object 'Object Repository/1612893/41_CreateTeam/Page_Thanh set Channel name - hcmus-cdnc-te_a699a0/input_Team Name_teamNameInput'

2020-06-05 13:39:17 - [TEST_STEP][PASSED] - click(findTestObject("Object Repository/1612893/41_CreateTeam/Page_Thanh set Channel name - hcmus-cdnc-te_a699a0/button_Next")): Object: 'Object Repository/1612893/41_CreateTeam/Page_Thanh set Channel name - hcmus-cdnc-te_a699a0/button_Next' is clicked on

2020-06-05 13:39:17 - [MESSAGE][PASSED] - Object: 'Object Repository/1612893/41_CreateTeam/Page_Thanh set Channel name - hcmus-cdnc-te_a699a0/button_Next' is clicked on

2020-06-05 13:39:17 - [TEST_STEP][PASSED] - click(findTestObject("Object Repository/1612893/41_CreateTeam/Page_Thanh set Channel name - hcmus-cdnc-te_a699a0/button_Finish")): Object: 'Object Repository/1612893/41_CreateTeam/Page_Thanh set Channel name - hcmus-cdnc-te_a699a0/button_Finish' is clicked on

2020-06-05 13:39:18 - [MESSAGE][PASSED] - Object: 'Object Repository/1612893/41_CreateTeam/Page_Thanh set Channel name - hcmus-cdnc-te_a699a0/button_Finish' is clicked on

2020-06-05 13:39:18 - [TEST_STEP][PASSED] - closeBrowser(): Browser is closed

2020-06-05 13:39:18 - [MESSAGE][PASSED] - Browser is closed]]></system-out>
         <system-err><![CDATA[]]></system-err>
      </testcase>
      <testcase name="Test Cases/1612893/TC_41_CreateTeam" time="15.56" classname="Test Cases/1612893/TC_41_CreateTeam" status="PASSED">
         <system-out><![CDATA[2020-06-05 13:39:18 - [TEST_CASE][PASSED] - Test Cases/1612893/TC_41_CreateTeam: Test Cases/1612893/TC_41_CreateTeam

2020-06-05 13:39:18 - [TEST_STEP][PASSED] - openBrowser(""): Browser is opened with url: ''

2020-06-05 13:39:19 - [MESSAGE][INFO] - Starting 'Chrome' driver

2020-06-05 13:39:19 - [MESSAGE][INFO] - Action delay is set to 0 milliseconds

2020-06-05 13:39:22 - [MESSAGE][PASSED] - Browser is opened with url: ''

2020-06-05 13:39:22 - [TEST_STEP][PASSED] - navigateToUrl("http://localhost:8065/login"): Navigate to 'http://localhost:8065/login' successfully

2020-06-05 13:39:23 - [MESSAGE][PASSED] - Navigate to 'http://localhost:8065/login' successfully

2020-06-05 13:39:23 - [TEST_STEP][PASSED] - setText(findTestObject("Object Repository/1612893/41_CreateTeam/Page_Mattermost/input_All team communication in one place s_703ef5"), "hcmus-cdnc"): Text 'hcmus-cdnc' is set on object 'Object Repository/1612893/41_CreateTeam/Page_Mattermost/input_All team communication in one place s_703ef5'

2020-06-05 13:39:25 - [MESSAGE][PASSED] - Text 'hcmus-cdnc' is set on object 'Object Repository/1612893/41_CreateTeam/Page_Mattermost/input_All team communication in one place s_703ef5'

2020-06-05 13:39:25 - [TEST_STEP][PASSED] - setEncryptedText(findTestObject("Object Repository/1612893/41_CreateTeam/Page_Mattermost/input_All team communication in one place s_2f2733"), "aeHFOx8jV/A="): Text ****** has been set on object 'Object Repository/1612893/41_CreateTeam/Page_Mattermost/input_All team communication in one place s_2f2733'

2020-06-05 13:39:26 - [MESSAGE][PASSED] - Text ****** has been set on object 'Object Repository/1612893/41_CreateTeam/Page_Mattermost/input_All team communication in one place s_2f2733'

2020-06-05 13:39:26 - [TEST_STEP][PASSED] - click(findTestObject("Object Repository/1612893/41_CreateTeam/Page_Mattermost/button_Sign in")): Object: 'Object Repository/1612893/41_CreateTeam/Page_Mattermost/button_Sign in' is clicked on

2020-06-05 13:39:27 - [MESSAGE][PASSED] - Object: 'Object Repository/1612893/41_CreateTeam/Page_Mattermost/button_Sign in' is clicked on

2020-06-05 13:39:27 - [TEST_STEP][PASSED] - click(findTestObject("Object Repository/1612893/41_CreateTeam/Page_Thanh set Channel name - hcmus-cdnc-te_a699a0/div_")): Object: 'Object Repository/1612893/41_CreateTeam/Page_Thanh set Channel name - hcmus-cdnc-te_a699a0/div_' is clicked on

2020-06-05 13:39:31 - [MESSAGE][PASSED] - Object: 'Object Repository/1612893/41_CreateTeam/Page_Thanh set Channel name - hcmus-cdnc-te_a699a0/div_' is clicked on

2020-06-05 13:39:31 - [TEST_STEP][PASSED] - click(findTestObject("Object Repository/1612893/41_CreateTeam/Page_Thanh set Channel name - hcmus-cdnc-te_a699a0/span_Create a team")): Object: 'Object Repository/1612893/41_CreateTeam/Page_Thanh set Channel name - hcmus-cdnc-te_a699a0/span_Create a team' is clicked on

2020-06-05 13:39:31 - [MESSAGE][PASSED] - Object: 'Object Repository/1612893/41_CreateTeam/Page_Thanh set Channel name - hcmus-cdnc-te_a699a0/span_Create a team' is clicked on

2020-06-05 13:39:31 - [TEST_STEP][PASSED] - setText(findTestObject("Object Repository/1612893/41_CreateTeam/Page_Thanh set Channel name - hcmus-cdnc-te_a699a0/input_Team Name_teamNameInput"), teamName): Text 'Team2' is set on object 'Object Repository/1612893/41_CreateTeam/Page_Thanh set Channel name - hcmus-cdnc-te_a699a0/input_Team Name_teamNameInput'

2020-06-05 13:39:32 - [MESSAGE][PASSED] - Text 'Team2' is set on object 'Object Repository/1612893/41_CreateTeam/Page_Thanh set Channel name - hcmus-cdnc-te_a699a0/input_Team Name_teamNameInput'

2020-06-05 13:39:32 - [TEST_STEP][PASSED] - click(findTestObject("Object Repository/1612893/41_CreateTeam/Page_Thanh set Channel name - hcmus-cdnc-te_a699a0/button_Next")): Object: 'Object Repository/1612893/41_CreateTeam/Page_Thanh set Channel name - hcmus-cdnc-te_a699a0/button_Next' is clicked on

2020-06-05 13:39:33 - [MESSAGE][PASSED] - Object: 'Object Repository/1612893/41_CreateTeam/Page_Thanh set Channel name - hcmus-cdnc-te_a699a0/button_Next' is clicked on

2020-06-05 13:39:33 - [TEST_STEP][PASSED] - click(findTestObject("Object Repository/1612893/41_CreateTeam/Page_Thanh set Channel name - hcmus-cdnc-te_a699a0/button_Finish")): Object: 'Object Repository/1612893/41_CreateTeam/Page_Thanh set Channel name - hcmus-cdnc-te_a699a0/button_Finish' is clicked on

2020-06-05 13:39:33 - [MESSAGE][PASSED] - Object: 'Object Repository/1612893/41_CreateTeam/Page_Thanh set Channel name - hcmus-cdnc-te_a699a0/button_Finish' is clicked on

2020-06-05 13:39:33 - [TEST_STEP][PASSED] - closeBrowser(): Browser is closed

2020-06-05 13:39:34 - [MESSAGE][PASSED] - Browser is closed]]></system-out>
         <system-err><![CDATA[]]></system-err>
      </testcase>
      <testcase name="Test Cases/1612893/TC_41_CreateTeam" time="16.136" classname="Test Cases/1612893/TC_41_CreateTeam" status="PASSED">
         <system-out><![CDATA[2020-06-05 13:39:34 - [TEST_CASE][PASSED] - Test Cases/1612893/TC_41_CreateTeam: Test Cases/1612893/TC_41_CreateTeam

2020-06-05 13:39:34 - [TEST_STEP][PASSED] - openBrowser(""): Browser is opened with url: ''

2020-06-05 13:39:34 - [MESSAGE][INFO] - Starting 'Chrome' driver

2020-06-05 13:39:34 - [MESSAGE][INFO] - Action delay is set to 0 milliseconds

2020-06-05 13:39:37 - [MESSAGE][PASSED] - Browser is opened with url: ''

2020-06-05 13:39:37 - [TEST_STEP][PASSED] - navigateToUrl("http://localhost:8065/login"): Navigate to 'http://localhost:8065/login' successfully

2020-06-05 13:39:39 - [MESSAGE][PASSED] - Navigate to 'http://localhost:8065/login' successfully

2020-06-05 13:39:39 - [TEST_STEP][PASSED] - setText(findTestObject("Object Repository/1612893/41_CreateTeam/Page_Mattermost/input_All team communication in one place s_703ef5"), "hcmus-cdnc"): Text 'hcmus-cdnc' is set on object 'Object Repository/1612893/41_CreateTeam/Page_Mattermost/input_All team communication in one place s_703ef5'

2020-06-05 13:39:41 - [MESSAGE][PASSED] - Text 'hcmus-cdnc' is set on object 'Object Repository/1612893/41_CreateTeam/Page_Mattermost/input_All team communication in one place s_703ef5'

2020-06-05 13:39:41 - [TEST_STEP][PASSED] - setEncryptedText(findTestObject("Object Repository/1612893/41_CreateTeam/Page_Mattermost/input_All team communication in one place s_2f2733"), "aeHFOx8jV/A="): Text ****** has been set on object 'Object Repository/1612893/41_CreateTeam/Page_Mattermost/input_All team communication in one place s_2f2733'

2020-06-05 13:39:42 - [MESSAGE][PASSED] - Text ****** has been set on object 'Object Repository/1612893/41_CreateTeam/Page_Mattermost/input_All team communication in one place s_2f2733'

2020-06-05 13:39:42 - [TEST_STEP][PASSED] - click(findTestObject("Object Repository/1612893/41_CreateTeam/Page_Mattermost/button_Sign in")): Object: 'Object Repository/1612893/41_CreateTeam/Page_Mattermost/button_Sign in' is clicked on

2020-06-05 13:39:42 - [MESSAGE][PASSED] - Object: 'Object Repository/1612893/41_CreateTeam/Page_Mattermost/button_Sign in' is clicked on

2020-06-05 13:39:42 - [TEST_STEP][PASSED] - click(findTestObject("Object Repository/1612893/41_CreateTeam/Page_Thanh set Channel name - hcmus-cdnc-te_a699a0/div_")): Object: 'Object Repository/1612893/41_CreateTeam/Page_Thanh set Channel name - hcmus-cdnc-te_a699a0/div_' is clicked on

2020-06-05 13:39:47 - [MESSAGE][PASSED] - Object: 'Object Repository/1612893/41_CreateTeam/Page_Thanh set Channel name - hcmus-cdnc-te_a699a0/div_' is clicked on

2020-06-05 13:39:47 - [TEST_STEP][PASSED] - click(findTestObject("Object Repository/1612893/41_CreateTeam/Page_Thanh set Channel name - hcmus-cdnc-te_a699a0/span_Create a team")): Object: 'Object Repository/1612893/41_CreateTeam/Page_Thanh set Channel name - hcmus-cdnc-te_a699a0/span_Create a team' is clicked on

2020-06-05 13:39:47 - [MESSAGE][PASSED] - Object: 'Object Repository/1612893/41_CreateTeam/Page_Thanh set Channel name - hcmus-cdnc-te_a699a0/span_Create a team' is clicked on

2020-06-05 13:39:47 - [TEST_STEP][PASSED] - setText(findTestObject("Object Repository/1612893/41_CreateTeam/Page_Thanh set Channel name - hcmus-cdnc-te_a699a0/input_Team Name_teamNameInput"), teamName): Text 'Team3' is set on object 'Object Repository/1612893/41_CreateTeam/Page_Thanh set Channel name - hcmus-cdnc-te_a699a0/input_Team Name_teamNameInput'

2020-06-05 13:39:48 - [MESSAGE][PASSED] - Text 'Team3' is set on object 'Object Repository/1612893/41_CreateTeam/Page_Thanh set Channel name - hcmus-cdnc-te_a699a0/input_Team Name_teamNameInput'

2020-06-05 13:39:48 - [TEST_STEP][PASSED] - click(findTestObject("Object Repository/1612893/41_CreateTeam/Page_Thanh set Channel name - hcmus-cdnc-te_a699a0/button_Next")): Object: 'Object Repository/1612893/41_CreateTeam/Page_Thanh set Channel name - hcmus-cdnc-te_a699a0/button_Next' is clicked on

2020-06-05 13:39:49 - [MESSAGE][PASSED] - Object: 'Object Repository/1612893/41_CreateTeam/Page_Thanh set Channel name - hcmus-cdnc-te_a699a0/button_Next' is clicked on

2020-06-05 13:39:49 - [TEST_STEP][PASSED] - click(findTestObject("Object Repository/1612893/41_CreateTeam/Page_Thanh set Channel name - hcmus-cdnc-te_a699a0/button_Finish")): Object: 'Object Repository/1612893/41_CreateTeam/Page_Thanh set Channel name - hcmus-cdnc-te_a699a0/button_Finish' is clicked on

2020-06-05 13:39:49 - [MESSAGE][PASSED] - Object: 'Object Repository/1612893/41_CreateTeam/Page_Thanh set Channel name - hcmus-cdnc-te_a699a0/button_Finish' is clicked on

2020-06-05 13:39:49 - [TEST_STEP][PASSED] - closeBrowser(): Browser is closed

2020-06-05 13:39:50 - [MESSAGE][PASSED] - Browser is closed]]></system-out>
         <system-err><![CDATA[]]></system-err>
      </testcase>
      <testcase name="Test Cases/1612893/TC_41_CreateTeam" time="16.678" classname="Test Cases/1612893/TC_41_CreateTeam" status="PASSED">
         <system-out><![CDATA[2020-06-05 13:39:50 - [TEST_CASE][PASSED] - Test Cases/1612893/TC_41_CreateTeam: Test Cases/1612893/TC_41_CreateTeam

2020-06-05 13:39:50 - [TEST_STEP][PASSED] - openBrowser(""): Browser is opened with url: ''

2020-06-05 13:39:50 - [MESSAGE][INFO] - Starting 'Chrome' driver

2020-06-05 13:39:50 - [MESSAGE][INFO] - Action delay is set to 0 milliseconds

2020-06-05 13:39:54 - [MESSAGE][PASSED] - Browser is opened with url: ''

2020-06-05 13:39:54 - [TEST_STEP][PASSED] - navigateToUrl("http://localhost:8065/login"): Navigate to 'http://localhost:8065/login' successfully

2020-06-05 13:39:56 - [MESSAGE][PASSED] - Navigate to 'http://localhost:8065/login' successfully

2020-06-05 13:39:56 - [TEST_STEP][PASSED] - setText(findTestObject("Object Repository/1612893/41_CreateTeam/Page_Mattermost/input_All team communication in one place s_703ef5"), "hcmus-cdnc"): Text 'hcmus-cdnc' is set on object 'Object Repository/1612893/41_CreateTeam/Page_Mattermost/input_All team communication in one place s_703ef5'

2020-06-05 13:39:58 - [MESSAGE][PASSED] - Text 'hcmus-cdnc' is set on object 'Object Repository/1612893/41_CreateTeam/Page_Mattermost/input_All team communication in one place s_703ef5'

2020-06-05 13:39:58 - [TEST_STEP][PASSED] - setEncryptedText(findTestObject("Object Repository/1612893/41_CreateTeam/Page_Mattermost/input_All team communication in one place s_2f2733"), "aeHFOx8jV/A="): Text ****** has been set on object 'Object Repository/1612893/41_CreateTeam/Page_Mattermost/input_All team communication in one place s_2f2733'

2020-06-05 13:39:58 - [MESSAGE][PASSED] - Text ****** has been set on object 'Object Repository/1612893/41_CreateTeam/Page_Mattermost/input_All team communication in one place s_2f2733'

2020-06-05 13:39:58 - [TEST_STEP][PASSED] - click(findTestObject("Object Repository/1612893/41_CreateTeam/Page_Mattermost/button_Sign in")): Object: 'Object Repository/1612893/41_CreateTeam/Page_Mattermost/button_Sign in' is clicked on

2020-06-05 13:39:59 - [MESSAGE][PASSED] - Object: 'Object Repository/1612893/41_CreateTeam/Page_Mattermost/button_Sign in' is clicked on

2020-06-05 13:39:59 - [TEST_STEP][PASSED] - click(findTestObject("Object Repository/1612893/41_CreateTeam/Page_Thanh set Channel name - hcmus-cdnc-te_a699a0/div_")): Object: 'Object Repository/1612893/41_CreateTeam/Page_Thanh set Channel name - hcmus-cdnc-te_a699a0/div_' is clicked on

2020-06-05 13:40:04 - [MESSAGE][PASSED] - Object: 'Object Repository/1612893/41_CreateTeam/Page_Thanh set Channel name - hcmus-cdnc-te_a699a0/div_' is clicked on

2020-06-05 13:40:04 - [TEST_STEP][PASSED] - click(findTestObject("Object Repository/1612893/41_CreateTeam/Page_Thanh set Channel name - hcmus-cdnc-te_a699a0/span_Create a team")): Object: 'Object Repository/1612893/41_CreateTeam/Page_Thanh set Channel name - hcmus-cdnc-te_a699a0/span_Create a team' is clicked on

2020-06-05 13:40:04 - [MESSAGE][PASSED] - Object: 'Object Repository/1612893/41_CreateTeam/Page_Thanh set Channel name - hcmus-cdnc-te_a699a0/span_Create a team' is clicked on

2020-06-05 13:40:04 - [TEST_STEP][PASSED] - setText(findTestObject("Object Repository/1612893/41_CreateTeam/Page_Thanh set Channel name - hcmus-cdnc-te_a699a0/input_Team Name_teamNameInput"), teamName): Text 'Team4' is set on object 'Object Repository/1612893/41_CreateTeam/Page_Thanh set Channel name - hcmus-cdnc-te_a699a0/input_Team Name_teamNameInput'

2020-06-05 13:40:05 - [MESSAGE][PASSED] - Text 'Team4' is set on object 'Object Repository/1612893/41_CreateTeam/Page_Thanh set Channel name - hcmus-cdnc-te_a699a0/input_Team Name_teamNameInput'

2020-06-05 13:40:05 - [TEST_STEP][PASSED] - click(findTestObject("Object Repository/1612893/41_CreateTeam/Page_Thanh set Channel name - hcmus-cdnc-te_a699a0/button_Next")): Object: 'Object Repository/1612893/41_CreateTeam/Page_Thanh set Channel name - hcmus-cdnc-te_a699a0/button_Next' is clicked on

2020-06-05 13:40:06 - [MESSAGE][PASSED] - Object: 'Object Repository/1612893/41_CreateTeam/Page_Thanh set Channel name - hcmus-cdnc-te_a699a0/button_Next' is clicked on

2020-06-05 13:40:06 - [TEST_STEP][PASSED] - click(findTestObject("Object Repository/1612893/41_CreateTeam/Page_Thanh set Channel name - hcmus-cdnc-te_a699a0/button_Finish")): Object: 'Object Repository/1612893/41_CreateTeam/Page_Thanh set Channel name - hcmus-cdnc-te_a699a0/button_Finish' is clicked on

2020-06-05 13:40:06 - [MESSAGE][PASSED] - Object: 'Object Repository/1612893/41_CreateTeam/Page_Thanh set Channel name - hcmus-cdnc-te_a699a0/button_Finish' is clicked on

2020-06-05 13:40:06 - [TEST_STEP][PASSED] - closeBrowser(): Browser is closed

2020-06-05 13:40:07 - [MESSAGE][PASSED] - Browser is closed]]></system-out>
         <system-err><![CDATA[]]></system-err>
      </testcase>
      <testcase name="Test Cases/1612893/TC_41_CreateTeam" time="17.016" classname="Test Cases/1612893/TC_41_CreateTeam" status="PASSED">
         <system-out><![CDATA[2020-06-05 13:40:07 - [TEST_CASE][PASSED] - Test Cases/1612893/TC_41_CreateTeam: Test Cases/1612893/TC_41_CreateTeam

2020-06-05 13:40:07 - [TEST_STEP][PASSED] - openBrowser(""): Browser is opened with url: ''

2020-06-05 13:40:07 - [MESSAGE][INFO] - Starting 'Chrome' driver

2020-06-05 13:40:07 - [MESSAGE][INFO] - Action delay is set to 0 milliseconds

2020-06-05 13:40:10 - [MESSAGE][PASSED] - Browser is opened with url: ''

2020-06-05 13:40:10 - [TEST_STEP][PASSED] - navigateToUrl("http://localhost:8065/login"): Navigate to 'http://localhost:8065/login' successfully

2020-06-05 13:40:13 - [MESSAGE][PASSED] - Navigate to 'http://localhost:8065/login' successfully

2020-06-05 13:40:13 - [TEST_STEP][PASSED] - setText(findTestObject("Object Repository/1612893/41_CreateTeam/Page_Mattermost/input_All team communication in one place s_703ef5"), "hcmus-cdnc"): Text 'hcmus-cdnc' is set on object 'Object Repository/1612893/41_CreateTeam/Page_Mattermost/input_All team communication in one place s_703ef5'

2020-06-05 13:40:15 - [MESSAGE][PASSED] - Text 'hcmus-cdnc' is set on object 'Object Repository/1612893/41_CreateTeam/Page_Mattermost/input_All team communication in one place s_703ef5'

2020-06-05 13:40:15 - [TEST_STEP][PASSED] - setEncryptedText(findTestObject("Object Repository/1612893/41_CreateTeam/Page_Mattermost/input_All team communication in one place s_2f2733"), "aeHFOx8jV/A="): Text ****** has been set on object 'Object Repository/1612893/41_CreateTeam/Page_Mattermost/input_All team communication in one place s_2f2733'

2020-06-05 13:40:16 - [MESSAGE][PASSED] - Text ****** has been set on object 'Object Repository/1612893/41_CreateTeam/Page_Mattermost/input_All team communication in one place s_2f2733'

2020-06-05 13:40:16 - [TEST_STEP][PASSED] - click(findTestObject("Object Repository/1612893/41_CreateTeam/Page_Mattermost/button_Sign in")): Object: 'Object Repository/1612893/41_CreateTeam/Page_Mattermost/button_Sign in' is clicked on

2020-06-05 13:40:16 - [MESSAGE][PASSED] - Object: 'Object Repository/1612893/41_CreateTeam/Page_Mattermost/button_Sign in' is clicked on

2020-06-05 13:40:16 - [TEST_STEP][PASSED] - click(findTestObject("Object Repository/1612893/41_CreateTeam/Page_Thanh set Channel name - hcmus-cdnc-te_a699a0/div_")): Object: 'Object Repository/1612893/41_CreateTeam/Page_Thanh set Channel name - hcmus-cdnc-te_a699a0/div_' is clicked on

2020-06-05 13:40:21 - [MESSAGE][PASSED] - Object: 'Object Repository/1612893/41_CreateTeam/Page_Thanh set Channel name - hcmus-cdnc-te_a699a0/div_' is clicked on

2020-06-05 13:40:21 - [TEST_STEP][PASSED] - click(findTestObject("Object Repository/1612893/41_CreateTeam/Page_Thanh set Channel name - hcmus-cdnc-te_a699a0/span_Create a team")): Object: 'Object Repository/1612893/41_CreateTeam/Page_Thanh set Channel name - hcmus-cdnc-te_a699a0/span_Create a team' is clicked on

2020-06-05 13:40:21 - [MESSAGE][PASSED] - Object: 'Object Repository/1612893/41_CreateTeam/Page_Thanh set Channel name - hcmus-cdnc-te_a699a0/span_Create a team' is clicked on

2020-06-05 13:40:21 - [TEST_STEP][PASSED] - setText(findTestObject("Object Repository/1612893/41_CreateTeam/Page_Thanh set Channel name - hcmus-cdnc-te_a699a0/input_Team Name_teamNameInput"), teamName): Text 'Team5' is set on object 'Object Repository/1612893/41_CreateTeam/Page_Thanh set Channel name - hcmus-cdnc-te_a699a0/input_Team Name_teamNameInput'

2020-06-05 13:40:22 - [MESSAGE][PASSED] - Text 'Team5' is set on object 'Object Repository/1612893/41_CreateTeam/Page_Thanh set Channel name - hcmus-cdnc-te_a699a0/input_Team Name_teamNameInput'

2020-06-05 13:40:22 - [TEST_STEP][PASSED] - click(findTestObject("Object Repository/1612893/41_CreateTeam/Page_Thanh set Channel name - hcmus-cdnc-te_a699a0/button_Next")): Object: 'Object Repository/1612893/41_CreateTeam/Page_Thanh set Channel name - hcmus-cdnc-te_a699a0/button_Next' is clicked on

2020-06-05 13:40:23 - [MESSAGE][PASSED] - Object: 'Object Repository/1612893/41_CreateTeam/Page_Thanh set Channel name - hcmus-cdnc-te_a699a0/button_Next' is clicked on

2020-06-05 13:40:23 - [TEST_STEP][PASSED] - click(findTestObject("Object Repository/1612893/41_CreateTeam/Page_Thanh set Channel name - hcmus-cdnc-te_a699a0/button_Finish")): Object: 'Object Repository/1612893/41_CreateTeam/Page_Thanh set Channel name - hcmus-cdnc-te_a699a0/button_Finish' is clicked on

2020-06-05 13:40:23 - [MESSAGE][PASSED] - Object: 'Object Repository/1612893/41_CreateTeam/Page_Thanh set Channel name - hcmus-cdnc-te_a699a0/button_Finish' is clicked on

2020-06-05 13:40:23 - [TEST_STEP][PASSED] - closeBrowser(): Browser is closed

2020-06-05 13:40:24 - [MESSAGE][PASSED] - Browser is closed]]></system-out>
         <system-err><![CDATA[]]></system-err>
      </testcase>
      <testcase name="Test Cases/1612893/TC_42_EditTeamName" time="18.918" classname="Test Cases/1612893/TC_42_EditTeamName" status="PASSED">
         <system-out><![CDATA[2020-06-05 13:40:24 - [TEST_CASE][PASSED] - Test Cases/1612893/TC_42_EditTeamName: Test Cases/1612893/TC_42_EditTeamName

2020-06-05 13:40:24 - [TEST_STEP][PASSED] - openBrowser(""): Browser is opened with url: ''

2020-06-05 13:40:24 - [MESSAGE][INFO] - Starting 'Chrome' driver

2020-06-05 13:40:24 - [MESSAGE][INFO] - Action delay is set to 0 milliseconds

2020-06-05 13:40:28 - [MESSAGE][PASSED] - Browser is opened with url: ''

2020-06-05 13:40:28 - [TEST_STEP][PASSED] - navigateToUrl("http://localhost:8065/login"): Navigate to 'http://localhost:8065/login' successfully

2020-06-05 13:40:29 - [MESSAGE][PASSED] - Navigate to 'http://localhost:8065/login' successfully

2020-06-05 13:40:29 - [TEST_STEP][PASSED] - setText(findTestObject("Object Repository/1612893/42_EditTeamName/Page_Mattermost/input_All team communication in one place s_703ef5"), "hcmus-cdnc@gmail.com"): Text 'hcmus-cdnc@gmail.com' is set on object 'Object Repository/1612893/42_EditTeamName/Page_Mattermost/input_All team communication in one place s_703ef5'

2020-06-05 13:40:32 - [MESSAGE][PASSED] - Text 'hcmus-cdnc@gmail.com' is set on object 'Object Repository/1612893/42_EditTeamName/Page_Mattermost/input_All team communication in one place s_703ef5'

2020-06-05 13:40:32 - [TEST_STEP][PASSED] - setEncryptedText(findTestObject("Object Repository/1612893/42_EditTeamName/Page_Mattermost/input_All team communication in one place s_2f2733"), "aeHFOx8jV/A="): Text ****** has been set on object 'Object Repository/1612893/42_EditTeamName/Page_Mattermost/input_All team communication in one place s_2f2733'

2020-06-05 13:40:33 - [MESSAGE][PASSED] - Text ****** has been set on object 'Object Repository/1612893/42_EditTeamName/Page_Mattermost/input_All team communication in one place s_2f2733'

2020-06-05 13:40:33 - [TEST_STEP][PASSED] - click(findTestObject("Object Repository/1612893/42_EditTeamName/Page_Mattermost/button_Sign in")): Object: 'Object Repository/1612893/42_EditTeamName/Page_Mattermost/button_Sign in' is clicked on

2020-06-05 13:40:33 - [MESSAGE][PASSED] - Object: 'Object Repository/1612893/42_EditTeamName/Page_Mattermost/button_Sign in' is clicked on

2020-06-05 13:40:33 - [TEST_STEP][PASSED] - click(findTestObject("Object Repository/1612893/42_EditTeamName/Page_Thanh set Channel name - hcmus-cdnc-te_a699a0/button_anh_style--none sidebar-header-dropd_e4937e")): Object: 'Object Repository/1612893/42_EditTeamName/Page_Thanh set Channel name - hcmus-cdnc-te_a699a0/button_anh_style--none sidebar-header-dropd_e4937e' is clicked on

2020-06-05 13:40:37 - [MESSAGE][PASSED] - Object: 'Object Repository/1612893/42_EditTeamName/Page_Thanh set Channel name - hcmus-cdnc-te_a699a0/button_anh_style--none sidebar-header-dropd_e4937e' is clicked on

2020-06-05 13:40:37 - [TEST_STEP][PASSED] - click(findTestObject("Object Repository/1612893/42_EditTeamName/Page_Thanh set Channel name - hcmus-cdnc-te_a699a0/span_Team Settings")): Object: 'Object Repository/1612893/42_EditTeamName/Page_Thanh set Channel name - hcmus-cdnc-te_a699a0/span_Team Settings' is clicked on

2020-06-05 13:40:38 - [MESSAGE][PASSED] - Object: 'Object Repository/1612893/42_EditTeamName/Page_Thanh set Channel name - hcmus-cdnc-te_a699a0/span_Team Settings' is clicked on

2020-06-05 13:40:38 - [TEST_STEP][PASSED] - click(findTestObject("Object Repository/1612893/42_EditTeamName/Page_Thanh set Channel name - hcmus-cdnc-te_a699a0/button_Edit")): Object: 'Object Repository/1612893/42_EditTeamName/Page_Thanh set Channel name - hcmus-cdnc-te_a699a0/button_Edit' is clicked on

2020-06-05 13:40:39 - [MESSAGE][PASSED] - Object: 'Object Repository/1612893/42_EditTeamName/Page_Thanh set Channel name - hcmus-cdnc-te_a699a0/button_Edit' is clicked on

2020-06-05 13:40:39 - [TEST_STEP][PASSED] - setText(findTestObject("Object Repository/1612893/42_EditTeamName/Page_Thanh set Channel name - hcmus-cdnc-te_a699a0/input_Team Name_teamName"), teamName): Text 'Team-Tester' is set on object 'Object Repository/1612893/42_EditTeamName/Page_Thanh set Channel name - hcmus-cdnc-te_a699a0/input_Team Name_teamName'

2020-06-05 13:40:41 - [MESSAGE][PASSED] - Text 'Team-Tester' is set on object 'Object Repository/1612893/42_EditTeamName/Page_Thanh set Channel name - hcmus-cdnc-te_a699a0/input_Team Name_teamName'

2020-06-05 13:40:41 - [TEST_STEP][PASSED] - click(findTestObject("Object Repository/1612893/42_EditTeamName/Page_Thanh set Channel name - hcmus-cdnc-te_a699a0/button_Save")): Object: 'Object Repository/1612893/42_EditTeamName/Page_Thanh set Channel name - hcmus-cdnc-te_a699a0/button_Save' is clicked on

2020-06-05 13:40:41 - [MESSAGE][PASSED] - Object: 'Object Repository/1612893/42_EditTeamName/Page_Thanh set Channel name - hcmus-cdnc-te_a699a0/button_Save' is clicked on

2020-06-05 13:40:41 - [TEST_STEP][PASSED] - click(findTestObject("Object Repository/1612893/42_EditTeamName/Page_Thanh set Channel name - hcmus-cdnc-te_a699a0/button_Close")): Object: 'Object Repository/1612893/42_EditTeamName/Page_Thanh set Channel name - hcmus-cdnc-te_a699a0/button_Close' is clicked on

2020-06-05 13:40:42 - [MESSAGE][PASSED] - Object: 'Object Repository/1612893/42_EditTeamName/Page_Thanh set Channel name - hcmus-cdnc-te_a699a0/button_Close' is clicked on

2020-06-05 13:40:42 - [TEST_STEP][PASSED] - closeBrowser(): Browser is closed

2020-06-05 13:40:43 - [MESSAGE][PASSED] - Browser is closed]]></system-out>
         <system-err><![CDATA[]]></system-err>
      </testcase>
      <testcase name="Test Cases/1612893/TC_42_EditTeamName" time="18.596" classname="Test Cases/1612893/TC_42_EditTeamName" status="PASSED">
         <system-out><![CDATA[2020-06-05 13:40:43 - [TEST_CASE][PASSED] - Test Cases/1612893/TC_42_EditTeamName: Test Cases/1612893/TC_42_EditTeamName

2020-06-05 13:40:43 - [TEST_STEP][PASSED] - openBrowser(""): Browser is opened with url: ''

2020-06-05 13:40:43 - [MESSAGE][INFO] - Starting 'Chrome' driver

2020-06-05 13:40:43 - [MESSAGE][INFO] - Action delay is set to 0 milliseconds

2020-06-05 13:40:46 - [MESSAGE][PASSED] - Browser is opened with url: ''

2020-06-05 13:40:46 - [TEST_STEP][PASSED] - navigateToUrl("http://localhost:8065/login"): Navigate to 'http://localhost:8065/login' successfully

2020-06-05 13:40:48 - [MESSAGE][PASSED] - Navigate to 'http://localhost:8065/login' successfully

2020-06-05 13:40:48 - [TEST_STEP][PASSED] - setText(findTestObject("Object Repository/1612893/42_EditTeamName/Page_Mattermost/input_All team communication in one place s_703ef5"), "hcmus-cdnc@gmail.com"): Text 'hcmus-cdnc@gmail.com' is set on object 'Object Repository/1612893/42_EditTeamName/Page_Mattermost/input_All team communication in one place s_703ef5'

2020-06-05 13:40:50 - [MESSAGE][PASSED] - Text 'hcmus-cdnc@gmail.com' is set on object 'Object Repository/1612893/42_EditTeamName/Page_Mattermost/input_All team communication in one place s_703ef5'

2020-06-05 13:40:50 - [TEST_STEP][PASSED] - setEncryptedText(findTestObject("Object Repository/1612893/42_EditTeamName/Page_Mattermost/input_All team communication in one place s_2f2733"), "aeHFOx8jV/A="): Text ****** has been set on object 'Object Repository/1612893/42_EditTeamName/Page_Mattermost/input_All team communication in one place s_2f2733'

2020-06-05 13:40:51 - [MESSAGE][PASSED] - Text ****** has been set on object 'Object Repository/1612893/42_EditTeamName/Page_Mattermost/input_All team communication in one place s_2f2733'

2020-06-05 13:40:51 - [TEST_STEP][PASSED] - click(findTestObject("Object Repository/1612893/42_EditTeamName/Page_Mattermost/button_Sign in")): Object: 'Object Repository/1612893/42_EditTeamName/Page_Mattermost/button_Sign in' is clicked on

2020-06-05 13:40:51 - [MESSAGE][PASSED] - Object: 'Object Repository/1612893/42_EditTeamName/Page_Mattermost/button_Sign in' is clicked on

2020-06-05 13:40:51 - [TEST_STEP][PASSED] - click(findTestObject("Object Repository/1612893/42_EditTeamName/Page_Thanh set Channel name - hcmus-cdnc-te_a699a0/button_anh_style--none sidebar-header-dropd_e4937e")): Object: 'Object Repository/1612893/42_EditTeamName/Page_Thanh set Channel name - hcmus-cdnc-te_a699a0/button_anh_style--none sidebar-header-dropd_e4937e' is clicked on

2020-06-05 13:40:56 - [MESSAGE][PASSED] - Object: 'Object Repository/1612893/42_EditTeamName/Page_Thanh set Channel name - hcmus-cdnc-te_a699a0/button_anh_style--none sidebar-header-dropd_e4937e' is clicked on

2020-06-05 13:40:56 - [TEST_STEP][PASSED] - click(findTestObject("Object Repository/1612893/42_EditTeamName/Page_Thanh set Channel name - hcmus-cdnc-te_a699a0/span_Team Settings")): Object: 'Object Repository/1612893/42_EditTeamName/Page_Thanh set Channel name - hcmus-cdnc-te_a699a0/span_Team Settings' is clicked on

2020-06-05 13:40:57 - [MESSAGE][PASSED] - Object: 'Object Repository/1612893/42_EditTeamName/Page_Thanh set Channel name - hcmus-cdnc-te_a699a0/span_Team Settings' is clicked on

2020-06-05 13:40:57 - [TEST_STEP][PASSED] - click(findTestObject("Object Repository/1612893/42_EditTeamName/Page_Thanh set Channel name - hcmus-cdnc-te_a699a0/button_Edit")): Object: 'Object Repository/1612893/42_EditTeamName/Page_Thanh set Channel name - hcmus-cdnc-te_a699a0/button_Edit' is clicked on

2020-06-05 13:40:57 - [MESSAGE][PASSED] - Object: 'Object Repository/1612893/42_EditTeamName/Page_Thanh set Channel name - hcmus-cdnc-te_a699a0/button_Edit' is clicked on

2020-06-05 13:40:57 - [TEST_STEP][PASSED] - setText(findTestObject("Object Repository/1612893/42_EditTeamName/Page_Thanh set Channel name - hcmus-cdnc-te_a699a0/input_Team Name_teamName"), teamName): Text 'Team-Developer' is set on object 'Object Repository/1612893/42_EditTeamName/Page_Thanh set Channel name - hcmus-cdnc-te_a699a0/input_Team Name_teamName'

2020-06-05 13:40:59 - [MESSAGE][PASSED] - Text 'Team-Developer' is set on object 'Object Repository/1612893/42_EditTeamName/Page_Thanh set Channel name - hcmus-cdnc-te_a699a0/input_Team Name_teamName'

2020-06-05 13:40:59 - [TEST_STEP][PASSED] - click(findTestObject("Object Repository/1612893/42_EditTeamName/Page_Thanh set Channel name - hcmus-cdnc-te_a699a0/button_Save")): Object: 'Object Repository/1612893/42_EditTeamName/Page_Thanh set Channel name - hcmus-cdnc-te_a699a0/button_Save' is clicked on

2020-06-05 13:41:00 - [MESSAGE][PASSED] - Object: 'Object Repository/1612893/42_EditTeamName/Page_Thanh set Channel name - hcmus-cdnc-te_a699a0/button_Save' is clicked on

2020-06-05 13:41:00 - [TEST_STEP][PASSED] - click(findTestObject("Object Repository/1612893/42_EditTeamName/Page_Thanh set Channel name - hcmus-cdnc-te_a699a0/button_Close")): Object: 'Object Repository/1612893/42_EditTeamName/Page_Thanh set Channel name - hcmus-cdnc-te_a699a0/button_Close' is clicked on

2020-06-05 13:41:01 - [MESSAGE][PASSED] - Object: 'Object Repository/1612893/42_EditTeamName/Page_Thanh set Channel name - hcmus-cdnc-te_a699a0/button_Close' is clicked on

2020-06-05 13:41:01 - [TEST_STEP][PASSED] - closeBrowser(): Browser is closed

2020-06-05 13:41:01 - [MESSAGE][PASSED] - Browser is closed]]></system-out>
         <system-err><![CDATA[]]></system-err>
      </testcase>
      <testcase name="Test Cases/1612893/TC_42_EditTeamName" time="17.161" classname="Test Cases/1612893/TC_42_EditTeamName" status="PASSED">
         <system-out><![CDATA[2020-06-05 13:41:01 - [TEST_CASE][PASSED] - Test Cases/1612893/TC_42_EditTeamName: Test Cases/1612893/TC_42_EditTeamName

2020-06-05 13:41:01 - [TEST_STEP][PASSED] - openBrowser(""): Browser is opened with url: ''

2020-06-05 13:41:01 - [MESSAGE][INFO] - Starting 'Chrome' driver

2020-06-05 13:41:01 - [MESSAGE][INFO] - Action delay is set to 0 milliseconds

2020-06-05 13:41:05 - [MESSAGE][PASSED] - Browser is opened with url: ''

2020-06-05 13:41:05 - [TEST_STEP][PASSED] - navigateToUrl("http://localhost:8065/login"): Navigate to 'http://localhost:8065/login' successfully

2020-06-05 13:41:06 - [MESSAGE][PASSED] - Navigate to 'http://localhost:8065/login' successfully

2020-06-05 13:41:06 - [TEST_STEP][PASSED] - setText(findTestObject("Object Repository/1612893/42_EditTeamName/Page_Mattermost/input_All team communication in one place s_703ef5"), "hcmus-cdnc@gmail.com"): Text 'hcmus-cdnc@gmail.com' is set on object 'Object Repository/1612893/42_EditTeamName/Page_Mattermost/input_All team communication in one place s_703ef5'

2020-06-05 13:41:09 - [MESSAGE][PASSED] - Text 'hcmus-cdnc@gmail.com' is set on object 'Object Repository/1612893/42_EditTeamName/Page_Mattermost/input_All team communication in one place s_703ef5'

2020-06-05 13:41:09 - [TEST_STEP][PASSED] - setEncryptedText(findTestObject("Object Repository/1612893/42_EditTeamName/Page_Mattermost/input_All team communication in one place s_2f2733"), "aeHFOx8jV/A="): Text ****** has been set on object 'Object Repository/1612893/42_EditTeamName/Page_Mattermost/input_All team communication in one place s_2f2733'

2020-06-05 13:41:09 - [MESSAGE][PASSED] - Text ****** has been set on object 'Object Repository/1612893/42_EditTeamName/Page_Mattermost/input_All team communication in one place s_2f2733'

2020-06-05 13:41:09 - [TEST_STEP][PASSED] - click(findTestObject("Object Repository/1612893/42_EditTeamName/Page_Mattermost/button_Sign in")): Object: 'Object Repository/1612893/42_EditTeamName/Page_Mattermost/button_Sign in' is clicked on

2020-06-05 13:41:10 - [MESSAGE][PASSED] - Object: 'Object Repository/1612893/42_EditTeamName/Page_Mattermost/button_Sign in' is clicked on

2020-06-05 13:41:10 - [TEST_STEP][PASSED] - click(findTestObject("Object Repository/1612893/42_EditTeamName/Page_Thanh set Channel name - hcmus-cdnc-te_a699a0/button_anh_style--none sidebar-header-dropd_e4937e")): Object: 'Object Repository/1612893/42_EditTeamName/Page_Thanh set Channel name - hcmus-cdnc-te_a699a0/button_anh_style--none sidebar-header-dropd_e4937e' is clicked on

2020-06-05 13:41:13 - [MESSAGE][PASSED] - Object: 'Object Repository/1612893/42_EditTeamName/Page_Thanh set Channel name - hcmus-cdnc-te_a699a0/button_anh_style--none sidebar-header-dropd_e4937e' is clicked on

2020-06-05 13:41:13 - [TEST_STEP][PASSED] - click(findTestObject("Object Repository/1612893/42_EditTeamName/Page_Thanh set Channel name - hcmus-cdnc-te_a699a0/span_Team Settings")): Object: 'Object Repository/1612893/42_EditTeamName/Page_Thanh set Channel name - hcmus-cdnc-te_a699a0/span_Team Settings' is clicked on

2020-06-05 13:41:14 - [MESSAGE][PASSED] - Object: 'Object Repository/1612893/42_EditTeamName/Page_Thanh set Channel name - hcmus-cdnc-te_a699a0/span_Team Settings' is clicked on

2020-06-05 13:41:14 - [TEST_STEP][PASSED] - click(findTestObject("Object Repository/1612893/42_EditTeamName/Page_Thanh set Channel name - hcmus-cdnc-te_a699a0/button_Edit")): Object: 'Object Repository/1612893/42_EditTeamName/Page_Thanh set Channel name - hcmus-cdnc-te_a699a0/button_Edit' is clicked on

2020-06-05 13:41:15 - [MESSAGE][PASSED] - Object: 'Object Repository/1612893/42_EditTeamName/Page_Thanh set Channel name - hcmus-cdnc-te_a699a0/button_Edit' is clicked on

2020-06-05 13:41:15 - [TEST_STEP][PASSED] - setText(findTestObject("Object Repository/1612893/42_EditTeamName/Page_Thanh set Channel name - hcmus-cdnc-te_a699a0/input_Team Name_teamName"), teamName): Text 'Team-Designer' is set on object 'Object Repository/1612893/42_EditTeamName/Page_Thanh set Channel name - hcmus-cdnc-te_a699a0/input_Team Name_teamName'

2020-06-05 13:41:16 - [MESSAGE][PASSED] - Text 'Team-Designer' is set on object 'Object Repository/1612893/42_EditTeamName/Page_Thanh set Channel name - hcmus-cdnc-te_a699a0/input_Team Name_teamName'

2020-06-05 13:41:16 - [TEST_STEP][PASSED] - click(findTestObject("Object Repository/1612893/42_EditTeamName/Page_Thanh set Channel name - hcmus-cdnc-te_a699a0/button_Save")): Object: 'Object Repository/1612893/42_EditTeamName/Page_Thanh set Channel name - hcmus-cdnc-te_a699a0/button_Save' is clicked on

2020-06-05 13:41:17 - [MESSAGE][PASSED] - Object: 'Object Repository/1612893/42_EditTeamName/Page_Thanh set Channel name - hcmus-cdnc-te_a699a0/button_Save' is clicked on

2020-06-05 13:41:17 - [TEST_STEP][PASSED] - click(findTestObject("Object Repository/1612893/42_EditTeamName/Page_Thanh set Channel name - hcmus-cdnc-te_a699a0/button_Close")): Object: 'Object Repository/1612893/42_EditTeamName/Page_Thanh set Channel name - hcmus-cdnc-te_a699a0/button_Close' is clicked on

2020-06-05 13:41:18 - [MESSAGE][PASSED] - Object: 'Object Repository/1612893/42_EditTeamName/Page_Thanh set Channel name - hcmus-cdnc-te_a699a0/button_Close' is clicked on

2020-06-05 13:41:18 - [TEST_STEP][PASSED] - closeBrowser(): Browser is closed

2020-06-05 13:41:19 - [MESSAGE][PASSED] - Browser is closed]]></system-out>
         <system-err><![CDATA[]]></system-err>
      </testcase>
      <testcase name="Test Cases/1612893/TC_42_EditTeamName" time="19.756" classname="Test Cases/1612893/TC_42_EditTeamName" status="PASSED">
         <system-out><![CDATA[2020-06-05 13:41:19 - [TEST_CASE][PASSED] - Test Cases/1612893/TC_42_EditTeamName: Test Cases/1612893/TC_42_EditTeamName

2020-06-05 13:41:19 - [TEST_STEP][PASSED] - openBrowser(""): Browser is opened with url: ''

2020-06-05 13:41:19 - [MESSAGE][INFO] - Starting 'Chrome' driver

2020-06-05 13:41:19 - [MESSAGE][INFO] - Action delay is set to 0 milliseconds

2020-06-05 13:41:23 - [MESSAGE][PASSED] - Browser is opened with url: ''

2020-06-05 13:41:23 - [TEST_STEP][PASSED] - navigateToUrl("http://localhost:8065/login"): Navigate to 'http://localhost:8065/login' successfully

2020-06-05 13:41:24 - [MESSAGE][PASSED] - Navigate to 'http://localhost:8065/login' successfully

2020-06-05 13:41:24 - [TEST_STEP][PASSED] - setText(findTestObject("Object Repository/1612893/42_EditTeamName/Page_Mattermost/input_All team communication in one place s_703ef5"), "hcmus-cdnc@gmail.com"): Text 'hcmus-cdnc@gmail.com' is set on object 'Object Repository/1612893/42_EditTeamName/Page_Mattermost/input_All team communication in one place s_703ef5'

2020-06-05 13:41:27 - [MESSAGE][PASSED] - Text 'hcmus-cdnc@gmail.com' is set on object 'Object Repository/1612893/42_EditTeamName/Page_Mattermost/input_All team communication in one place s_703ef5'

2020-06-05 13:41:27 - [TEST_STEP][PASSED] - setEncryptedText(findTestObject("Object Repository/1612893/42_EditTeamName/Page_Mattermost/input_All team communication in one place s_2f2733"), "aeHFOx8jV/A="): Text ****** has been set on object 'Object Repository/1612893/42_EditTeamName/Page_Mattermost/input_All team communication in one place s_2f2733'

2020-06-05 13:41:27 - [MESSAGE][PASSED] - Text ****** has been set on object 'Object Repository/1612893/42_EditTeamName/Page_Mattermost/input_All team communication in one place s_2f2733'

2020-06-05 13:41:27 - [TEST_STEP][PASSED] - click(findTestObject("Object Repository/1612893/42_EditTeamName/Page_Mattermost/button_Sign in")): Object: 'Object Repository/1612893/42_EditTeamName/Page_Mattermost/button_Sign in' is clicked on

2020-06-05 13:41:28 - [MESSAGE][PASSED] - Object: 'Object Repository/1612893/42_EditTeamName/Page_Mattermost/button_Sign in' is clicked on

2020-06-05 13:41:28 - [TEST_STEP][PASSED] - click(findTestObject("Object Repository/1612893/42_EditTeamName/Page_Thanh set Channel name - hcmus-cdnc-te_a699a0/button_anh_style--none sidebar-header-dropd_e4937e")): Object: 'Object Repository/1612893/42_EditTeamName/Page_Thanh set Channel name - hcmus-cdnc-te_a699a0/button_anh_style--none sidebar-header-dropd_e4937e' is clicked on

2020-06-05 13:41:33 - [MESSAGE][PASSED] - Object: 'Object Repository/1612893/42_EditTeamName/Page_Thanh set Channel name - hcmus-cdnc-te_a699a0/button_anh_style--none sidebar-header-dropd_e4937e' is clicked on

2020-06-05 13:41:33 - [TEST_STEP][PASSED] - click(findTestObject("Object Repository/1612893/42_EditTeamName/Page_Thanh set Channel name - hcmus-cdnc-te_a699a0/span_Team Settings")): Object: 'Object Repository/1612893/42_EditTeamName/Page_Thanh set Channel name - hcmus-cdnc-te_a699a0/span_Team Settings' is clicked on

2020-06-05 13:41:34 - [MESSAGE][PASSED] - Object: 'Object Repository/1612893/42_EditTeamName/Page_Thanh set Channel name - hcmus-cdnc-te_a699a0/span_Team Settings' is clicked on

2020-06-05 13:41:34 - [TEST_STEP][PASSED] - click(findTestObject("Object Repository/1612893/42_EditTeamName/Page_Thanh set Channel name - hcmus-cdnc-te_a699a0/button_Edit")): Object: 'Object Repository/1612893/42_EditTeamName/Page_Thanh set Channel name - hcmus-cdnc-te_a699a0/button_Edit' is clicked on

2020-06-05 13:41:35 - [MESSAGE][PASSED] - Object: 'Object Repository/1612893/42_EditTeamName/Page_Thanh set Channel name - hcmus-cdnc-te_a699a0/button_Edit' is clicked on

2020-06-05 13:41:35 - [TEST_STEP][PASSED] - setText(findTestObject("Object Repository/1612893/42_EditTeamName/Page_Thanh set Channel name - hcmus-cdnc-te_a699a0/input_Team Name_teamName"), teamName): Text 'Team-Sale' is set on object 'Object Repository/1612893/42_EditTeamName/Page_Thanh set Channel name - hcmus-cdnc-te_a699a0/input_Team Name_teamName'

2020-06-05 13:41:36 - [MESSAGE][PASSED] - Text 'Team-Sale' is set on object 'Object Repository/1612893/42_EditTeamName/Page_Thanh set Channel name - hcmus-cdnc-te_a699a0/input_Team Name_teamName'

2020-06-05 13:41:36 - [TEST_STEP][PASSED] - click(findTestObject("Object Repository/1612893/42_EditTeamName/Page_Thanh set Channel name - hcmus-cdnc-te_a699a0/button_Save")): Object: 'Object Repository/1612893/42_EditTeamName/Page_Thanh set Channel name - hcmus-cdnc-te_a699a0/button_Save' is clicked on

2020-06-05 13:41:37 - [MESSAGE][PASSED] - Object: 'Object Repository/1612893/42_EditTeamName/Page_Thanh set Channel name - hcmus-cdnc-te_a699a0/button_Save' is clicked on

2020-06-05 13:41:37 - [TEST_STEP][PASSED] - click(findTestObject("Object Repository/1612893/42_EditTeamName/Page_Thanh set Channel name - hcmus-cdnc-te_a699a0/button_Close")): Object: 'Object Repository/1612893/42_EditTeamName/Page_Thanh set Channel name - hcmus-cdnc-te_a699a0/button_Close' is clicked on

2020-06-05 13:41:38 - [MESSAGE][PASSED] - Object: 'Object Repository/1612893/42_EditTeamName/Page_Thanh set Channel name - hcmus-cdnc-te_a699a0/button_Close' is clicked on

2020-06-05 13:41:38 - [TEST_STEP][PASSED] - closeBrowser(): Browser is closed

2020-06-05 13:41:38 - [MESSAGE][PASSED] - Browser is closed]]></system-out>
         <system-err><![CDATA[]]></system-err>
      </testcase>
      <testcase name="Test Cases/1612893/TC_42_EditTeamName" time="17.816" classname="Test Cases/1612893/TC_42_EditTeamName" status="PASSED">
         <system-out><![CDATA[2020-06-05 13:41:38 - [TEST_CASE][PASSED] - Test Cases/1612893/TC_42_EditTeamName: Test Cases/1612893/TC_42_EditTeamName

2020-06-05 13:41:38 - [TEST_STEP][PASSED] - openBrowser(""): Browser is opened with url: ''

2020-06-05 13:41:38 - [MESSAGE][INFO] - Starting 'Chrome' driver

2020-06-05 13:41:38 - [MESSAGE][INFO] - Action delay is set to 0 milliseconds

2020-06-05 13:41:42 - [MESSAGE][PASSED] - Browser is opened with url: ''

2020-06-05 13:41:42 - [TEST_STEP][PASSED] - navigateToUrl("http://localhost:8065/login"): Navigate to 'http://localhost:8065/login' successfully

2020-06-05 13:41:43 - [MESSAGE][PASSED] - Navigate to 'http://localhost:8065/login' successfully

2020-06-05 13:41:43 - [TEST_STEP][PASSED] - setText(findTestObject("Object Repository/1612893/42_EditTeamName/Page_Mattermost/input_All team communication in one place s_703ef5"), "hcmus-cdnc@gmail.com"): Text 'hcmus-cdnc@gmail.com' is set on object 'Object Repository/1612893/42_EditTeamName/Page_Mattermost/input_All team communication in one place s_703ef5'

2020-06-05 13:41:46 - [MESSAGE][PASSED] - Text 'hcmus-cdnc@gmail.com' is set on object 'Object Repository/1612893/42_EditTeamName/Page_Mattermost/input_All team communication in one place s_703ef5'

2020-06-05 13:41:46 - [TEST_STEP][PASSED] - setEncryptedText(findTestObject("Object Repository/1612893/42_EditTeamName/Page_Mattermost/input_All team communication in one place s_2f2733"), "aeHFOx8jV/A="): Text ****** has been set on object 'Object Repository/1612893/42_EditTeamName/Page_Mattermost/input_All team communication in one place s_2f2733'

2020-06-05 13:41:46 - [MESSAGE][PASSED] - Text ****** has been set on object 'Object Repository/1612893/42_EditTeamName/Page_Mattermost/input_All team communication in one place s_2f2733'

2020-06-05 13:41:46 - [TEST_STEP][PASSED] - click(findTestObject("Object Repository/1612893/42_EditTeamName/Page_Mattermost/button_Sign in")): Object: 'Object Repository/1612893/42_EditTeamName/Page_Mattermost/button_Sign in' is clicked on

2020-06-05 13:41:47 - [MESSAGE][PASSED] - Object: 'Object Repository/1612893/42_EditTeamName/Page_Mattermost/button_Sign in' is clicked on

2020-06-05 13:41:47 - [TEST_STEP][PASSED] - click(findTestObject("Object Repository/1612893/42_EditTeamName/Page_Thanh set Channel name - hcmus-cdnc-te_a699a0/button_anh_style--none sidebar-header-dropd_e4937e")): Object: 'Object Repository/1612893/42_EditTeamName/Page_Thanh set Channel name - hcmus-cdnc-te_a699a0/button_anh_style--none sidebar-header-dropd_e4937e' is clicked on

2020-06-05 13:41:51 - [MESSAGE][PASSED] - Object: 'Object Repository/1612893/42_EditTeamName/Page_Thanh set Channel name - hcmus-cdnc-te_a699a0/button_anh_style--none sidebar-header-dropd_e4937e' is clicked on

2020-06-05 13:41:51 - [TEST_STEP][PASSED] - click(findTestObject("Object Repository/1612893/42_EditTeamName/Page_Thanh set Channel name - hcmus-cdnc-te_a699a0/span_Team Settings")): Object: 'Object Repository/1612893/42_EditTeamName/Page_Thanh set Channel name - hcmus-cdnc-te_a699a0/span_Team Settings' is clicked on

2020-06-05 13:41:52 - [MESSAGE][PASSED] - Object: 'Object Repository/1612893/42_EditTeamName/Page_Thanh set Channel name - hcmus-cdnc-te_a699a0/span_Team Settings' is clicked on

2020-06-05 13:41:52 - [TEST_STEP][PASSED] - click(findTestObject("Object Repository/1612893/42_EditTeamName/Page_Thanh set Channel name - hcmus-cdnc-te_a699a0/button_Edit")): Object: 'Object Repository/1612893/42_EditTeamName/Page_Thanh set Channel name - hcmus-cdnc-te_a699a0/button_Edit' is clicked on

2020-06-05 13:41:53 - [MESSAGE][PASSED] - Object: 'Object Repository/1612893/42_EditTeamName/Page_Thanh set Channel name - hcmus-cdnc-te_a699a0/button_Edit' is clicked on

2020-06-05 13:41:53 - [TEST_STEP][PASSED] - setText(findTestObject("Object Repository/1612893/42_EditTeamName/Page_Thanh set Channel name - hcmus-cdnc-te_a699a0/input_Team Name_teamName"), teamName): Text 'hcmus-cdnc-team' is set on object 'Object Repository/1612893/42_EditTeamName/Page_Thanh set Channel name - hcmus-cdnc-te_a699a0/input_Team Name_teamName'

2020-06-05 13:41:54 - [MESSAGE][PASSED] - Text 'hcmus-cdnc-team' is set on object 'Object Repository/1612893/42_EditTeamName/Page_Thanh set Channel name - hcmus-cdnc-te_a699a0/input_Team Name_teamName'

2020-06-05 13:41:54 - [TEST_STEP][PASSED] - click(findTestObject("Object Repository/1612893/42_EditTeamName/Page_Thanh set Channel name - hcmus-cdnc-te_a699a0/button_Save")): Object: 'Object Repository/1612893/42_EditTeamName/Page_Thanh set Channel name - hcmus-cdnc-te_a699a0/button_Save' is clicked on

2020-06-05 13:41:55 - [MESSAGE][PASSED] - Object: 'Object Repository/1612893/42_EditTeamName/Page_Thanh set Channel name - hcmus-cdnc-te_a699a0/button_Save' is clicked on

2020-06-05 13:41:55 - [TEST_STEP][PASSED] - click(findTestObject("Object Repository/1612893/42_EditTeamName/Page_Thanh set Channel name - hcmus-cdnc-te_a699a0/button_Close")): Object: 'Object Repository/1612893/42_EditTeamName/Page_Thanh set Channel name - hcmus-cdnc-te_a699a0/button_Close' is clicked on

2020-06-05 13:41:56 - [MESSAGE][PASSED] - Object: 'Object Repository/1612893/42_EditTeamName/Page_Thanh set Channel name - hcmus-cdnc-te_a699a0/button_Close' is clicked on

2020-06-05 13:41:56 - [TEST_STEP][PASSED] - closeBrowser(): Browser is closed

2020-06-05 13:41:56 - [MESSAGE][PASSED] - Browser is closed]]></system-out>
         <system-err><![CDATA[]]></system-err>
      </testcase>
      <testcase name="Test Cases/1612893/TC_43_AddSensitiveWord" time="18.508" classname="Test Cases/1612893/TC_43_AddSensitiveWord" status="PASSED">
         <system-out><![CDATA[2020-06-05 13:41:56 - [TEST_CASE][PASSED] - Test Cases/1612893/TC_43_AddSensitiveWord: Test Cases/1612893/TC_43_AddSensitiveWord

2020-06-05 13:41:57 - [TEST_STEP][PASSED] - openBrowser(""): Browser is opened with url: ''

2020-06-05 13:41:57 - [MESSAGE][INFO] - Starting 'Chrome' driver

2020-06-05 13:41:57 - [MESSAGE][INFO] - Action delay is set to 0 milliseconds

2020-06-05 13:42:00 - [MESSAGE][PASSED] - Browser is opened with url: ''

2020-06-05 13:42:00 - [TEST_STEP][PASSED] - navigateToUrl("http://localhost:8065/login"): Navigate to 'http://localhost:8065/login' successfully

2020-06-05 13:42:01 - [MESSAGE][PASSED] - Navigate to 'http://localhost:8065/login' successfully

2020-06-05 13:42:01 - [TEST_STEP][PASSED] - setText(findTestObject("1612893/43_AddSensitiveWord/Page_Mattermost/input_All team communication in one place s_703ef5"), "hcmus-cdnc@gmail.com"): Text 'hcmus-cdnc@gmail.com' is set on object 'Object Repository/1612893/43_AddSensitiveWord/Page_Mattermost/input_All team communication in one place s_703ef5'

2020-06-05 13:42:03 - [MESSAGE][PASSED] - Text 'hcmus-cdnc@gmail.com' is set on object 'Object Repository/1612893/43_AddSensitiveWord/Page_Mattermost/input_All team communication in one place s_703ef5'

2020-06-05 13:42:03 - [TEST_STEP][PASSED] - setEncryptedText(findTestObject("1612893/43_AddSensitiveWord/Page_Mattermost/input_All team communication in one place s_2f2733"), "aeHFOx8jV/A="): Text ****** has been set on object 'Object Repository/1612893/43_AddSensitiveWord/Page_Mattermost/input_All team communication in one place s_2f2733'

2020-06-05 13:42:04 - [MESSAGE][PASSED] - Text ****** has been set on object 'Object Repository/1612893/43_AddSensitiveWord/Page_Mattermost/input_All team communication in one place s_2f2733'

2020-06-05 13:42:04 - [TEST_STEP][PASSED] - click(findTestObject("1612893/43_AddSensitiveWord/Page_Mattermost/button_Sign in")): Object: 'Object Repository/1612893/43_AddSensitiveWord/Page_Mattermost/button_Sign in' is clicked on

2020-06-05 13:42:04 - [MESSAGE][PASSED] - Object: 'Object Repository/1612893/43_AddSensitiveWord/Page_Mattermost/button_Sign in' is clicked on

2020-06-05 13:42:04 - [TEST_STEP][PASSED] - click(findTestObject("1612893/43_AddSensitiveWord/Page_Thanh set Channel name - hcmus-cdnc-te_a699a0/button_anh_style--none sidebar-header-dropd_e4937e")): Object: 'Object Repository/1612893/43_AddSensitiveWord/Page_Thanh set Channel name - hcmus-cdnc-te_a699a0/button_anh_style--none sidebar-header-dropd_e4937e' is clicked on

2020-06-05 13:42:09 - [MESSAGE][PASSED] - Object: 'Object Repository/1612893/43_AddSensitiveWord/Page_Thanh set Channel name - hcmus-cdnc-te_a699a0/button_anh_style--none sidebar-header-dropd_e4937e' is clicked on

2020-06-05 13:42:09 - [TEST_STEP][PASSED] - click(findTestObject("1612893/43_AddSensitiveWord/Page_Thanh set Channel name - hcmus-cdnc-te_a699a0/span_Account Settings")): Object: 'Object Repository/1612893/43_AddSensitiveWord/Page_Thanh set Channel name - hcmus-cdnc-te_a699a0/span_Account Settings' is clicked on

2020-06-05 13:42:10 - [MESSAGE][PASSED] - Object: 'Object Repository/1612893/43_AddSensitiveWord/Page_Thanh set Channel name - hcmus-cdnc-te_a699a0/span_Account Settings' is clicked on

2020-06-05 13:42:10 - [TEST_STEP][PASSED] - click(findTestObject("1612893/43_AddSensitiveWord/Page_Thanh set Channel name - hcmus-cdnc-te_a699a0/button_Notifications")): Object: 'Object Repository/1612893/43_AddSensitiveWord/Page_Thanh set Channel name - hcmus-cdnc-te_a699a0/button_Notifications' is clicked on

2020-06-05 13:42:11 - [MESSAGE][PASSED] - Object: 'Object Repository/1612893/43_AddSensitiveWord/Page_Thanh set Channel name - hcmus-cdnc-te_a699a0/button_Notifications' is clicked on

2020-06-05 13:42:11 - [TEST_STEP][PASSED] - click(findTestObject("1612893/43_AddSensitiveWord/Page_Thanh set Channel name - hcmus-cdnc-te_a699a0/button_Edit_1")): Object: 'Object Repository/1612893/43_AddSensitiveWord/Page_Thanh set Channel name - hcmus-cdnc-te_a699a0/button_Edit_1' is clicked on

2020-06-05 13:42:11 - [MESSAGE][PASSED] - Object: 'Object Repository/1612893/43_AddSensitiveWord/Page_Thanh set Channel name - hcmus-cdnc-te_a699a0/button_Edit_1' is clicked on

2020-06-05 13:42:11 - [TEST_STEP][PASSED] - setText(findTestObject("1612893/43_AddSensitiveWord/Page_Thanh set Channel name - hcmus-cdnc-te_a699a0/input_Other non-case sensitive words separa_48b795"), sensitiveWord): Text 'từ nhạy cảm' is set on object 'Object Repository/1612893/43_AddSensitiveWord/Page_Thanh set Channel name - hcmus-cdnc-te_a699a0/input_Other non-case sensitive words separa_48b795'

2020-06-05 13:42:13 - [MESSAGE][PASSED] - Text 'từ nhạy cảm' is set on object 'Object Repository/1612893/43_AddSensitiveWord/Page_Thanh set Channel name - hcmus-cdnc-te_a699a0/input_Other non-case sensitive words separa_48b795'

2020-06-05 13:42:13 - [TEST_STEP][PASSED] - click(findTestObject("1612893/43_AddSensitiveWord/Page_Thanh set Channel name - hcmus-cdnc-te_a699a0/button_Save")): Object: 'Object Repository/1612893/43_AddSensitiveWord/Page_Thanh set Channel name - hcmus-cdnc-te_a699a0/button_Save' is clicked on

2020-06-05 13:42:13 - [MESSAGE][PASSED] - Object: 'Object Repository/1612893/43_AddSensitiveWord/Page_Thanh set Channel name - hcmus-cdnc-te_a699a0/button_Save' is clicked on

2020-06-05 13:42:13 - [TEST_STEP][PASSED] - click(findTestObject("1612893/43_AddSensitiveWord/Page_Thanh set Channel name - hcmus-cdnc-te_a699a0/button_Close")): Object: 'Object Repository/1612893/43_AddSensitiveWord/Page_Thanh set Channel name - hcmus-cdnc-te_a699a0/button_Close' is clicked on

2020-06-05 13:42:14 - [MESSAGE][PASSED] - Object: 'Object Repository/1612893/43_AddSensitiveWord/Page_Thanh set Channel name - hcmus-cdnc-te_a699a0/button_Close' is clicked on

2020-06-05 13:42:14 - [TEST_STEP][PASSED] - closeBrowser(): Browser is closed

2020-06-05 13:42:15 - [MESSAGE][PASSED] - Browser is closed]]></system-out>
         <system-err><![CDATA[]]></system-err>
      </testcase>
      <testcase name="Test Cases/1612893/TC_43_AddSensitiveWord" time="18.063" classname="Test Cases/1612893/TC_43_AddSensitiveWord" status="PASSED">
         <system-out><![CDATA[2020-06-05 13:42:15 - [TEST_CASE][PASSED] - Test Cases/1612893/TC_43_AddSensitiveWord: Test Cases/1612893/TC_43_AddSensitiveWord

2020-06-05 13:42:15 - [TEST_STEP][PASSED] - openBrowser(""): Browser is opened with url: ''

2020-06-05 13:42:15 - [MESSAGE][INFO] - Starting 'Chrome' driver

2020-06-05 13:42:15 - [MESSAGE][INFO] - Action delay is set to 0 milliseconds

2020-06-05 13:42:18 - [MESSAGE][PASSED] - Browser is opened with url: ''

2020-06-05 13:42:18 - [TEST_STEP][PASSED] - navigateToUrl("http://localhost:8065/login"): Navigate to 'http://localhost:8065/login' successfully

2020-06-05 13:42:20 - [MESSAGE][PASSED] - Navigate to 'http://localhost:8065/login' successfully

2020-06-05 13:42:20 - [TEST_STEP][PASSED] - setText(findTestObject("1612893/43_AddSensitiveWord/Page_Mattermost/input_All team communication in one place s_703ef5"), "hcmus-cdnc@gmail.com"): Text 'hcmus-cdnc@gmail.com' is set on object 'Object Repository/1612893/43_AddSensitiveWord/Page_Mattermost/input_All team communication in one place s_703ef5'

2020-06-05 13:42:22 - [MESSAGE][PASSED] - Text 'hcmus-cdnc@gmail.com' is set on object 'Object Repository/1612893/43_AddSensitiveWord/Page_Mattermost/input_All team communication in one place s_703ef5'

2020-06-05 13:42:22 - [TEST_STEP][PASSED] - setEncryptedText(findTestObject("1612893/43_AddSensitiveWord/Page_Mattermost/input_All team communication in one place s_2f2733"), "aeHFOx8jV/A="): Text ****** has been set on object 'Object Repository/1612893/43_AddSensitiveWord/Page_Mattermost/input_All team communication in one place s_2f2733'

2020-06-05 13:42:23 - [MESSAGE][PASSED] - Text ****** has been set on object 'Object Repository/1612893/43_AddSensitiveWord/Page_Mattermost/input_All team communication in one place s_2f2733'

2020-06-05 13:42:23 - [TEST_STEP][PASSED] - click(findTestObject("1612893/43_AddSensitiveWord/Page_Mattermost/button_Sign in")): Object: 'Object Repository/1612893/43_AddSensitiveWord/Page_Mattermost/button_Sign in' is clicked on

2020-06-05 13:42:23 - [MESSAGE][PASSED] - Object: 'Object Repository/1612893/43_AddSensitiveWord/Page_Mattermost/button_Sign in' is clicked on

2020-06-05 13:42:23 - [TEST_STEP][PASSED] - click(findTestObject("1612893/43_AddSensitiveWord/Page_Thanh set Channel name - hcmus-cdnc-te_a699a0/button_anh_style--none sidebar-header-dropd_e4937e")): Object: 'Object Repository/1612893/43_AddSensitiveWord/Page_Thanh set Channel name - hcmus-cdnc-te_a699a0/button_anh_style--none sidebar-header-dropd_e4937e' is clicked on

2020-06-05 13:42:27 - [MESSAGE][PASSED] - Object: 'Object Repository/1612893/43_AddSensitiveWord/Page_Thanh set Channel name - hcmus-cdnc-te_a699a0/button_anh_style--none sidebar-header-dropd_e4937e' is clicked on

2020-06-05 13:42:27 - [TEST_STEP][PASSED] - click(findTestObject("1612893/43_AddSensitiveWord/Page_Thanh set Channel name - hcmus-cdnc-te_a699a0/span_Account Settings")): Object: 'Object Repository/1612893/43_AddSensitiveWord/Page_Thanh set Channel name - hcmus-cdnc-te_a699a0/span_Account Settings' is clicked on

2020-06-05 13:42:28 - [MESSAGE][PASSED] - Object: 'Object Repository/1612893/43_AddSensitiveWord/Page_Thanh set Channel name - hcmus-cdnc-te_a699a0/span_Account Settings' is clicked on

2020-06-05 13:42:28 - [TEST_STEP][PASSED] - click(findTestObject("1612893/43_AddSensitiveWord/Page_Thanh set Channel name - hcmus-cdnc-te_a699a0/button_Notifications")): Object: 'Object Repository/1612893/43_AddSensitiveWord/Page_Thanh set Channel name - hcmus-cdnc-te_a699a0/button_Notifications' is clicked on

2020-06-05 13:42:29 - [MESSAGE][PASSED] - Object: 'Object Repository/1612893/43_AddSensitiveWord/Page_Thanh set Channel name - hcmus-cdnc-te_a699a0/button_Notifications' is clicked on

2020-06-05 13:42:29 - [TEST_STEP][PASSED] - click(findTestObject("1612893/43_AddSensitiveWord/Page_Thanh set Channel name - hcmus-cdnc-te_a699a0/button_Edit_1")): Object: 'Object Repository/1612893/43_AddSensitiveWord/Page_Thanh set Channel name - hcmus-cdnc-te_a699a0/button_Edit_1' is clicked on

2020-06-05 13:42:30 - [MESSAGE][PASSED] - Object: 'Object Repository/1612893/43_AddSensitiveWord/Page_Thanh set Channel name - hcmus-cdnc-te_a699a0/button_Edit_1' is clicked on

2020-06-05 13:42:30 - [TEST_STEP][PASSED] - setText(findTestObject("1612893/43_AddSensitiveWord/Page_Thanh set Channel name - hcmus-cdnc-te_a699a0/input_Other non-case sensitive words separa_48b795"), sensitiveWord): Text 'từ xúc phạm' is set on object 'Object Repository/1612893/43_AddSensitiveWord/Page_Thanh set Channel name - hcmus-cdnc-te_a699a0/input_Other non-case sensitive words separa_48b795'

2020-06-05 13:42:31 - [MESSAGE][PASSED] - Text 'từ xúc phạm' is set on object 'Object Repository/1612893/43_AddSensitiveWord/Page_Thanh set Channel name - hcmus-cdnc-te_a699a0/input_Other non-case sensitive words separa_48b795'

2020-06-05 13:42:31 - [TEST_STEP][PASSED] - click(findTestObject("1612893/43_AddSensitiveWord/Page_Thanh set Channel name - hcmus-cdnc-te_a699a0/button_Save")): Object: 'Object Repository/1612893/43_AddSensitiveWord/Page_Thanh set Channel name - hcmus-cdnc-te_a699a0/button_Save' is clicked on

2020-06-05 13:42:31 - [MESSAGE][PASSED] - Object: 'Object Repository/1612893/43_AddSensitiveWord/Page_Thanh set Channel name - hcmus-cdnc-te_a699a0/button_Save' is clicked on

2020-06-05 13:42:31 - [TEST_STEP][PASSED] - click(findTestObject("1612893/43_AddSensitiveWord/Page_Thanh set Channel name - hcmus-cdnc-te_a699a0/button_Close")): Object: 'Object Repository/1612893/43_AddSensitiveWord/Page_Thanh set Channel name - hcmus-cdnc-te_a699a0/button_Close' is clicked on

2020-06-05 13:42:32 - [MESSAGE][PASSED] - Object: 'Object Repository/1612893/43_AddSensitiveWord/Page_Thanh set Channel name - hcmus-cdnc-te_a699a0/button_Close' is clicked on

2020-06-05 13:42:32 - [TEST_STEP][PASSED] - closeBrowser(): Browser is closed

2020-06-05 13:42:33 - [MESSAGE][PASSED] - Browser is closed]]></system-out>
         <system-err><![CDATA[]]></system-err>
      </testcase>
      <testcase name="Test Cases/1612893/TC_43_AddSensitiveWord" time="17.45" classname="Test Cases/1612893/TC_43_AddSensitiveWord" status="PASSED">
         <system-out><![CDATA[2020-06-05 13:42:33 - [TEST_CASE][PASSED] - Test Cases/1612893/TC_43_AddSensitiveWord: Test Cases/1612893/TC_43_AddSensitiveWord

2020-06-05 13:42:33 - [TEST_STEP][PASSED] - openBrowser(""): Browser is opened with url: ''

2020-06-05 13:42:33 - [MESSAGE][INFO] - Starting 'Chrome' driver

2020-06-05 13:42:33 - [MESSAGE][INFO] - Action delay is set to 0 milliseconds

2020-06-05 13:42:36 - [MESSAGE][PASSED] - Browser is opened with url: ''

2020-06-05 13:42:36 - [TEST_STEP][PASSED] - navigateToUrl("http://localhost:8065/login"): Navigate to 'http://localhost:8065/login' successfully

2020-06-05 13:42:38 - [MESSAGE][PASSED] - Navigate to 'http://localhost:8065/login' successfully

2020-06-05 13:42:38 - [TEST_STEP][PASSED] - setText(findTestObject("1612893/43_AddSensitiveWord/Page_Mattermost/input_All team communication in one place s_703ef5"), "hcmus-cdnc@gmail.com"): Text 'hcmus-cdnc@gmail.com' is set on object 'Object Repository/1612893/43_AddSensitiveWord/Page_Mattermost/input_All team communication in one place s_703ef5'

2020-06-05 13:42:40 - [MESSAGE][PASSED] - Text 'hcmus-cdnc@gmail.com' is set on object 'Object Repository/1612893/43_AddSensitiveWord/Page_Mattermost/input_All team communication in one place s_703ef5'

2020-06-05 13:42:40 - [TEST_STEP][PASSED] - setEncryptedText(findTestObject("1612893/43_AddSensitiveWord/Page_Mattermost/input_All team communication in one place s_2f2733"), "aeHFOx8jV/A="): Text ****** has been set on object 'Object Repository/1612893/43_AddSensitiveWord/Page_Mattermost/input_All team communication in one place s_2f2733'

2020-06-05 13:42:40 - [MESSAGE][PASSED] - Text ****** has been set on object 'Object Repository/1612893/43_AddSensitiveWord/Page_Mattermost/input_All team communication in one place s_2f2733'

2020-06-05 13:42:40 - [TEST_STEP][PASSED] - click(findTestObject("1612893/43_AddSensitiveWord/Page_Mattermost/button_Sign in")): Object: 'Object Repository/1612893/43_AddSensitiveWord/Page_Mattermost/button_Sign in' is clicked on

2020-06-05 13:42:41 - [MESSAGE][PASSED] - Object: 'Object Repository/1612893/43_AddSensitiveWord/Page_Mattermost/button_Sign in' is clicked on

2020-06-05 13:42:41 - [TEST_STEP][PASSED] - click(findTestObject("1612893/43_AddSensitiveWord/Page_Thanh set Channel name - hcmus-cdnc-te_a699a0/button_anh_style--none sidebar-header-dropd_e4937e")): Object: 'Object Repository/1612893/43_AddSensitiveWord/Page_Thanh set Channel name - hcmus-cdnc-te_a699a0/button_anh_style--none sidebar-header-dropd_e4937e' is clicked on

2020-06-05 13:42:44 - [MESSAGE][PASSED] - Object: 'Object Repository/1612893/43_AddSensitiveWord/Page_Thanh set Channel name - hcmus-cdnc-te_a699a0/button_anh_style--none sidebar-header-dropd_e4937e' is clicked on

2020-06-05 13:42:44 - [TEST_STEP][PASSED] - click(findTestObject("1612893/43_AddSensitiveWord/Page_Thanh set Channel name - hcmus-cdnc-te_a699a0/span_Account Settings")): Object: 'Object Repository/1612893/43_AddSensitiveWord/Page_Thanh set Channel name - hcmus-cdnc-te_a699a0/span_Account Settings' is clicked on

2020-06-05 13:42:46 - [MESSAGE][PASSED] - Object: 'Object Repository/1612893/43_AddSensitiveWord/Page_Thanh set Channel name - hcmus-cdnc-te_a699a0/span_Account Settings' is clicked on

2020-06-05 13:42:46 - [TEST_STEP][PASSED] - click(findTestObject("1612893/43_AddSensitiveWord/Page_Thanh set Channel name - hcmus-cdnc-te_a699a0/button_Notifications")): Object: 'Object Repository/1612893/43_AddSensitiveWord/Page_Thanh set Channel name - hcmus-cdnc-te_a699a0/button_Notifications' is clicked on

2020-06-05 13:42:46 - [MESSAGE][PASSED] - Object: 'Object Repository/1612893/43_AddSensitiveWord/Page_Thanh set Channel name - hcmus-cdnc-te_a699a0/button_Notifications' is clicked on

2020-06-05 13:42:46 - [TEST_STEP][PASSED] - click(findTestObject("1612893/43_AddSensitiveWord/Page_Thanh set Channel name - hcmus-cdnc-te_a699a0/button_Edit_1")): Object: 'Object Repository/1612893/43_AddSensitiveWord/Page_Thanh set Channel name - hcmus-cdnc-te_a699a0/button_Edit_1' is clicked on

2020-06-05 13:42:47 - [MESSAGE][PASSED] - Object: 'Object Repository/1612893/43_AddSensitiveWord/Page_Thanh set Channel name - hcmus-cdnc-te_a699a0/button_Edit_1' is clicked on

2020-06-05 13:42:47 - [TEST_STEP][PASSED] - setText(findTestObject("1612893/43_AddSensitiveWord/Page_Thanh set Channel name - hcmus-cdnc-te_a699a0/input_Other non-case sensitive words separa_48b795"), sensitiveWord): Text 'chửi thề' is set on object 'Object Repository/1612893/43_AddSensitiveWord/Page_Thanh set Channel name - hcmus-cdnc-te_a699a0/input_Other non-case sensitive words separa_48b795'

2020-06-05 13:42:48 - [MESSAGE][PASSED] - Text 'chửi thề' is set on object 'Object Repository/1612893/43_AddSensitiveWord/Page_Thanh set Channel name - hcmus-cdnc-te_a699a0/input_Other non-case sensitive words separa_48b795'

2020-06-05 13:42:48 - [TEST_STEP][PASSED] - click(findTestObject("1612893/43_AddSensitiveWord/Page_Thanh set Channel name - hcmus-cdnc-te_a699a0/button_Save")): Object: 'Object Repository/1612893/43_AddSensitiveWord/Page_Thanh set Channel name - hcmus-cdnc-te_a699a0/button_Save' is clicked on

2020-06-05 13:42:49 - [MESSAGE][PASSED] - Object: 'Object Repository/1612893/43_AddSensitiveWord/Page_Thanh set Channel name - hcmus-cdnc-te_a699a0/button_Save' is clicked on

2020-06-05 13:42:49 - [TEST_STEP][PASSED] - click(findTestObject("1612893/43_AddSensitiveWord/Page_Thanh set Channel name - hcmus-cdnc-te_a699a0/button_Close")): Object: 'Object Repository/1612893/43_AddSensitiveWord/Page_Thanh set Channel name - hcmus-cdnc-te_a699a0/button_Close' is clicked on

2020-06-05 13:42:50 - [MESSAGE][PASSED] - Object: 'Object Repository/1612893/43_AddSensitiveWord/Page_Thanh set Channel name - hcmus-cdnc-te_a699a0/button_Close' is clicked on

2020-06-05 13:42:50 - [TEST_STEP][PASSED] - closeBrowser(): Browser is closed

2020-06-05 13:42:50 - [MESSAGE][PASSED] - Browser is closed]]></system-out>
         <system-err><![CDATA[]]></system-err>
      </testcase>
      <testcase name="Test Cases/1612893/TC_43_AddSensitiveWord" time="17.693" classname="Test Cases/1612893/TC_43_AddSensitiveWord" status="PASSED">
         <system-out><![CDATA[2020-06-05 13:42:50 - [TEST_CASE][PASSED] - Test Cases/1612893/TC_43_AddSensitiveWord: Test Cases/1612893/TC_43_AddSensitiveWord

2020-06-05 13:42:50 - [TEST_STEP][PASSED] - openBrowser(""): Browser is opened with url: ''

2020-06-05 13:42:50 - [MESSAGE][INFO] - Starting 'Chrome' driver

2020-06-05 13:42:50 - [MESSAGE][INFO] - Action delay is set to 0 milliseconds

2020-06-05 13:42:54 - [MESSAGE][PASSED] - Browser is opened with url: ''

2020-06-05 13:42:54 - [TEST_STEP][PASSED] - navigateToUrl("http://localhost:8065/login"): Navigate to 'http://localhost:8065/login' successfully

2020-06-05 13:42:56 - [MESSAGE][PASSED] - Navigate to 'http://localhost:8065/login' successfully

2020-06-05 13:42:56 - [TEST_STEP][PASSED] - setText(findTestObject("1612893/43_AddSensitiveWord/Page_Mattermost/input_All team communication in one place s_703ef5"), "hcmus-cdnc@gmail.com"): Text 'hcmus-cdnc@gmail.com' is set on object 'Object Repository/1612893/43_AddSensitiveWord/Page_Mattermost/input_All team communication in one place s_703ef5'

2020-06-05 13:42:58 - [MESSAGE][PASSED] - Text 'hcmus-cdnc@gmail.com' is set on object 'Object Repository/1612893/43_AddSensitiveWord/Page_Mattermost/input_All team communication in one place s_703ef5'

2020-06-05 13:42:58 - [TEST_STEP][PASSED] - setEncryptedText(findTestObject("1612893/43_AddSensitiveWord/Page_Mattermost/input_All team communication in one place s_2f2733"), "aeHFOx8jV/A="): Text ****** has been set on object 'Object Repository/1612893/43_AddSensitiveWord/Page_Mattermost/input_All team communication in one place s_2f2733'

2020-06-05 13:42:58 - [MESSAGE][PASSED] - Text ****** has been set on object 'Object Repository/1612893/43_AddSensitiveWord/Page_Mattermost/input_All team communication in one place s_2f2733'

2020-06-05 13:42:58 - [TEST_STEP][PASSED] - click(findTestObject("1612893/43_AddSensitiveWord/Page_Mattermost/button_Sign in")): Object: 'Object Repository/1612893/43_AddSensitiveWord/Page_Mattermost/button_Sign in' is clicked on

2020-06-05 13:42:59 - [MESSAGE][PASSED] - Object: 'Object Repository/1612893/43_AddSensitiveWord/Page_Mattermost/button_Sign in' is clicked on

2020-06-05 13:42:59 - [TEST_STEP][PASSED] - click(findTestObject("1612893/43_AddSensitiveWord/Page_Thanh set Channel name - hcmus-cdnc-te_a699a0/button_anh_style--none sidebar-header-dropd_e4937e")): Object: 'Object Repository/1612893/43_AddSensitiveWord/Page_Thanh set Channel name - hcmus-cdnc-te_a699a0/button_anh_style--none sidebar-header-dropd_e4937e' is clicked on

2020-06-05 13:43:02 - [MESSAGE][PASSED] - Object: 'Object Repository/1612893/43_AddSensitiveWord/Page_Thanh set Channel name - hcmus-cdnc-te_a699a0/button_anh_style--none sidebar-header-dropd_e4937e' is clicked on

2020-06-05 13:43:02 - [TEST_STEP][PASSED] - click(findTestObject("1612893/43_AddSensitiveWord/Page_Thanh set Channel name - hcmus-cdnc-te_a699a0/span_Account Settings")): Object: 'Object Repository/1612893/43_AddSensitiveWord/Page_Thanh set Channel name - hcmus-cdnc-te_a699a0/span_Account Settings' is clicked on

2020-06-05 13:43:03 - [MESSAGE][PASSED] - Object: 'Object Repository/1612893/43_AddSensitiveWord/Page_Thanh set Channel name - hcmus-cdnc-te_a699a0/span_Account Settings' is clicked on

2020-06-05 13:43:03 - [TEST_STEP][PASSED] - click(findTestObject("1612893/43_AddSensitiveWord/Page_Thanh set Channel name - hcmus-cdnc-te_a699a0/button_Notifications")): Object: 'Object Repository/1612893/43_AddSensitiveWord/Page_Thanh set Channel name - hcmus-cdnc-te_a699a0/button_Notifications' is clicked on

2020-06-05 13:43:04 - [MESSAGE][PASSED] - Object: 'Object Repository/1612893/43_AddSensitiveWord/Page_Thanh set Channel name - hcmus-cdnc-te_a699a0/button_Notifications' is clicked on

2020-06-05 13:43:04 - [TEST_STEP][PASSED] - click(findTestObject("1612893/43_AddSensitiveWord/Page_Thanh set Channel name - hcmus-cdnc-te_a699a0/button_Edit_1")): Object: 'Object Repository/1612893/43_AddSensitiveWord/Page_Thanh set Channel name - hcmus-cdnc-te_a699a0/button_Edit_1' is clicked on

2020-06-05 13:43:05 - [MESSAGE][PASSED] - Object: 'Object Repository/1612893/43_AddSensitiveWord/Page_Thanh set Channel name - hcmus-cdnc-te_a699a0/button_Edit_1' is clicked on

2020-06-05 13:43:05 - [TEST_STEP][PASSED] - setText(findTestObject("1612893/43_AddSensitiveWord/Page_Thanh set Channel name - hcmus-cdnc-te_a699a0/input_Other non-case sensitive words separa_48b795"), sensitiveWord): Text 'kích động' is set on object 'Object Repository/1612893/43_AddSensitiveWord/Page_Thanh set Channel name - hcmus-cdnc-te_a699a0/input_Other non-case sensitive words separa_48b795'

2020-06-05 13:43:06 - [MESSAGE][PASSED] - Text 'kích động' is set on object 'Object Repository/1612893/43_AddSensitiveWord/Page_Thanh set Channel name - hcmus-cdnc-te_a699a0/input_Other non-case sensitive words separa_48b795'

2020-06-05 13:43:06 - [TEST_STEP][PASSED] - click(findTestObject("1612893/43_AddSensitiveWord/Page_Thanh set Channel name - hcmus-cdnc-te_a699a0/button_Save")): Object: 'Object Repository/1612893/43_AddSensitiveWord/Page_Thanh set Channel name - hcmus-cdnc-te_a699a0/button_Save' is clicked on

2020-06-05 13:43:06 - [MESSAGE][PASSED] - Object: 'Object Repository/1612893/43_AddSensitiveWord/Page_Thanh set Channel name - hcmus-cdnc-te_a699a0/button_Save' is clicked on

2020-06-05 13:43:06 - [TEST_STEP][PASSED] - click(findTestObject("1612893/43_AddSensitiveWord/Page_Thanh set Channel name - hcmus-cdnc-te_a699a0/button_Close")): Object: 'Object Repository/1612893/43_AddSensitiveWord/Page_Thanh set Channel name - hcmus-cdnc-te_a699a0/button_Close' is clicked on

2020-06-05 13:43:07 - [MESSAGE][PASSED] - Object: 'Object Repository/1612893/43_AddSensitiveWord/Page_Thanh set Channel name - hcmus-cdnc-te_a699a0/button_Close' is clicked on

2020-06-05 13:43:07 - [TEST_STEP][PASSED] - closeBrowser(): Browser is closed

2020-06-05 13:43:08 - [MESSAGE][PASSED] - Browser is closed]]></system-out>
         <system-err><![CDATA[]]></system-err>
      </testcase>
      <testcase name="Test Cases/1612893/TC_43_AddSensitiveWord" time="18.33" classname="Test Cases/1612893/TC_43_AddSensitiveWord" status="PASSED">
         <system-out><![CDATA[2020-06-05 13:43:08 - [TEST_CASE][PASSED] - Test Cases/1612893/TC_43_AddSensitiveWord: Test Cases/1612893/TC_43_AddSensitiveWord

2020-06-05 13:43:08 - [TEST_STEP][PASSED] - openBrowser(""): Browser is opened with url: ''

2020-06-05 13:43:08 - [MESSAGE][INFO] - Starting 'Chrome' driver

2020-06-05 13:43:08 - [MESSAGE][INFO] - Action delay is set to 0 milliseconds

2020-06-05 13:43:12 - [MESSAGE][PASSED] - Browser is opened with url: ''

2020-06-05 13:43:12 - [TEST_STEP][PASSED] - navigateToUrl("http://localhost:8065/login"): Navigate to 'http://localhost:8065/login' successfully

2020-06-05 13:43:13 - [MESSAGE][PASSED] - Navigate to 'http://localhost:8065/login' successfully

2020-06-05 13:43:13 - [TEST_STEP][PASSED] - setText(findTestObject("1612893/43_AddSensitiveWord/Page_Mattermost/input_All team communication in one place s_703ef5"), "hcmus-cdnc@gmail.com"): Text 'hcmus-cdnc@gmail.com' is set on object 'Object Repository/1612893/43_AddSensitiveWord/Page_Mattermost/input_All team communication in one place s_703ef5'

2020-06-05 13:43:15 - [MESSAGE][PASSED] - Text 'hcmus-cdnc@gmail.com' is set on object 'Object Repository/1612893/43_AddSensitiveWord/Page_Mattermost/input_All team communication in one place s_703ef5'

2020-06-05 13:43:15 - [TEST_STEP][PASSED] - setEncryptedText(findTestObject("1612893/43_AddSensitiveWord/Page_Mattermost/input_All team communication in one place s_2f2733"), "aeHFOx8jV/A="): Text ****** has been set on object 'Object Repository/1612893/43_AddSensitiveWord/Page_Mattermost/input_All team communication in one place s_2f2733'

2020-06-05 13:43:16 - [MESSAGE][PASSED] - Text ****** has been set on object 'Object Repository/1612893/43_AddSensitiveWord/Page_Mattermost/input_All team communication in one place s_2f2733'

2020-06-05 13:43:16 - [TEST_STEP][PASSED] - click(findTestObject("1612893/43_AddSensitiveWord/Page_Mattermost/button_Sign in")): Object: 'Object Repository/1612893/43_AddSensitiveWord/Page_Mattermost/button_Sign in' is clicked on

2020-06-05 13:43:16 - [MESSAGE][PASSED] - Object: 'Object Repository/1612893/43_AddSensitiveWord/Page_Mattermost/button_Sign in' is clicked on

2020-06-05 13:43:16 - [TEST_STEP][PASSED] - click(findTestObject("1612893/43_AddSensitiveWord/Page_Thanh set Channel name - hcmus-cdnc-te_a699a0/button_anh_style--none sidebar-header-dropd_e4937e")): Object: 'Object Repository/1612893/43_AddSensitiveWord/Page_Thanh set Channel name - hcmus-cdnc-te_a699a0/button_anh_style--none sidebar-header-dropd_e4937e' is clicked on

2020-06-05 13:43:20 - [MESSAGE][PASSED] - Object: 'Object Repository/1612893/43_AddSensitiveWord/Page_Thanh set Channel name - hcmus-cdnc-te_a699a0/button_anh_style--none sidebar-header-dropd_e4937e' is clicked on

2020-06-05 13:43:20 - [TEST_STEP][PASSED] - click(findTestObject("1612893/43_AddSensitiveWord/Page_Thanh set Channel name - hcmus-cdnc-te_a699a0/span_Account Settings")): Object: 'Object Repository/1612893/43_AddSensitiveWord/Page_Thanh set Channel name - hcmus-cdnc-te_a699a0/span_Account Settings' is clicked on

2020-06-05 13:43:21 - [MESSAGE][PASSED] - Object: 'Object Repository/1612893/43_AddSensitiveWord/Page_Thanh set Channel name - hcmus-cdnc-te_a699a0/span_Account Settings' is clicked on

2020-06-05 13:43:21 - [TEST_STEP][PASSED] - click(findTestObject("1612893/43_AddSensitiveWord/Page_Thanh set Channel name - hcmus-cdnc-te_a699a0/button_Notifications")): Object: 'Object Repository/1612893/43_AddSensitiveWord/Page_Thanh set Channel name - hcmus-cdnc-te_a699a0/button_Notifications' is clicked on

2020-06-05 13:43:22 - [MESSAGE][PASSED] - Object: 'Object Repository/1612893/43_AddSensitiveWord/Page_Thanh set Channel name - hcmus-cdnc-te_a699a0/button_Notifications' is clicked on

2020-06-05 13:43:22 - [TEST_STEP][PASSED] - click(findTestObject("1612893/43_AddSensitiveWord/Page_Thanh set Channel name - hcmus-cdnc-te_a699a0/button_Edit_1")): Object: 'Object Repository/1612893/43_AddSensitiveWord/Page_Thanh set Channel name - hcmus-cdnc-te_a699a0/button_Edit_1' is clicked on

2020-06-05 13:43:23 - [MESSAGE][PASSED] - Object: 'Object Repository/1612893/43_AddSensitiveWord/Page_Thanh set Channel name - hcmus-cdnc-te_a699a0/button_Edit_1' is clicked on

2020-06-05 13:43:23 - [TEST_STEP][PASSED] - setText(findTestObject("1612893/43_AddSensitiveWord/Page_Thanh set Channel name - hcmus-cdnc-te_a699a0/input_Other non-case sensitive words separa_48b795"), sensitiveWord): Text 'hành động nguy hiểm' is set on object 'Object Repository/1612893/43_AddSensitiveWord/Page_Thanh set Channel name - hcmus-cdnc-te_a699a0/input_Other non-case sensitive words separa_48b795'

2020-06-05 13:43:24 - [MESSAGE][PASSED] - Text 'hành động nguy hiểm' is set on object 'Object Repository/1612893/43_AddSensitiveWord/Page_Thanh set Channel name - hcmus-cdnc-te_a699a0/input_Other non-case sensitive words separa_48b795'

2020-06-05 13:43:24 - [TEST_STEP][PASSED] - click(findTestObject("1612893/43_AddSensitiveWord/Page_Thanh set Channel name - hcmus-cdnc-te_a699a0/button_Save")): Object: 'Object Repository/1612893/43_AddSensitiveWord/Page_Thanh set Channel name - hcmus-cdnc-te_a699a0/button_Save' is clicked on

2020-06-05 13:43:25 - [MESSAGE][PASSED] - Object: 'Object Repository/1612893/43_AddSensitiveWord/Page_Thanh set Channel name - hcmus-cdnc-te_a699a0/button_Save' is clicked on

2020-06-05 13:43:25 - [TEST_STEP][PASSED] - click(findTestObject("1612893/43_AddSensitiveWord/Page_Thanh set Channel name - hcmus-cdnc-te_a699a0/button_Close")): Object: 'Object Repository/1612893/43_AddSensitiveWord/Page_Thanh set Channel name - hcmus-cdnc-te_a699a0/button_Close' is clicked on

2020-06-05 13:43:26 - [MESSAGE][PASSED] - Object: 'Object Repository/1612893/43_AddSensitiveWord/Page_Thanh set Channel name - hcmus-cdnc-te_a699a0/button_Close' is clicked on

2020-06-05 13:43:26 - [TEST_STEP][PASSED] - closeBrowser(): Browser is closed

2020-06-05 13:43:26 - [MESSAGE][PASSED] - Browser is closed]]></system-out>
         <system-err><![CDATA[]]></system-err>
      </testcase>
      <testcase name="Test Cases/1612893/TC_44_AddEmailWhiteList" time="17.013" classname="Test Cases/1612893/TC_44_AddEmailWhiteList" status="PASSED">
         <system-out><![CDATA[2020-06-05 13:43:26 - [TEST_CASE][PASSED] - Test Cases/1612893/TC_44_AddEmailWhiteList: Test Cases/1612893/TC_44_AddEmailWhiteList

2020-06-05 13:43:27 - [TEST_STEP][PASSED] - openBrowser(""): Browser is opened with url: ''

2020-06-05 13:43:27 - [MESSAGE][INFO] - Starting 'Chrome' driver

2020-06-05 13:43:27 - [MESSAGE][INFO] - Action delay is set to 0 milliseconds

2020-06-05 13:43:30 - [MESSAGE][PASSED] - Browser is opened with url: ''

2020-06-05 13:43:30 - [TEST_STEP][PASSED] - navigateToUrl("http://localhost:8065/login"): Navigate to 'http://localhost:8065/login' successfully

2020-06-05 13:43:31 - [MESSAGE][PASSED] - Navigate to 'http://localhost:8065/login' successfully

2020-06-05 13:43:31 - [TEST_STEP][PASSED] - setText(findTestObject("Object Repository/1612893/44_AddEmailWhiteList/Page_Mattermost/input_All team communication in one place s_703ef5"), "hcmus-cdnc@gmail.com"): Text 'hcmus-cdnc@gmail.com' is set on object 'Object Repository/1612893/44_AddEmailWhiteList/Page_Mattermost/input_All team communication in one place s_703ef5'

2020-06-05 13:43:34 - [MESSAGE][PASSED] - Text 'hcmus-cdnc@gmail.com' is set on object 'Object Repository/1612893/44_AddEmailWhiteList/Page_Mattermost/input_All team communication in one place s_703ef5'

2020-06-05 13:43:34 - [TEST_STEP][PASSED] - setEncryptedText(findTestObject("Object Repository/1612893/44_AddEmailWhiteList/Page_Mattermost/input_All team communication in one place s_2f2733"), "aeHFOx8jV/A="): Text ****** has been set on object 'Object Repository/1612893/44_AddEmailWhiteList/Page_Mattermost/input_All team communication in one place s_2f2733'

2020-06-05 13:43:34 - [MESSAGE][PASSED] - Text ****** has been set on object 'Object Repository/1612893/44_AddEmailWhiteList/Page_Mattermost/input_All team communication in one place s_2f2733'

2020-06-05 13:43:34 - [TEST_STEP][PASSED] - click(findTestObject("Object Repository/1612893/44_AddEmailWhiteList/Page_Mattermost/button_Sign in")): Object: 'Object Repository/1612893/44_AddEmailWhiteList/Page_Mattermost/button_Sign in' is clicked on

2020-06-05 13:43:35 - [MESSAGE][PASSED] - Object: 'Object Repository/1612893/44_AddEmailWhiteList/Page_Mattermost/button_Sign in' is clicked on

2020-06-05 13:43:35 - [TEST_STEP][PASSED] - click(findTestObject("Object Repository/1612893/44_AddEmailWhiteList/Page_Thanh set Channel name - hcmus-cdnc-te_a699a0/button_anh_style--none sidebar-header-dropd_e4937e")): Object: 'Object Repository/1612893/44_AddEmailWhiteList/Page_Thanh set Channel name - hcmus-cdnc-te_a699a0/button_anh_style--none sidebar-header-dropd_e4937e' is clicked on

2020-06-05 13:43:38 - [MESSAGE][PASSED] - Object: 'Object Repository/1612893/44_AddEmailWhiteList/Page_Thanh set Channel name - hcmus-cdnc-te_a699a0/button_anh_style--none sidebar-header-dropd_e4937e' is clicked on

2020-06-05 13:43:38 - [TEST_STEP][PASSED] - click(findTestObject("Object Repository/1612893/44_AddEmailWhiteList/Page_Thanh set Channel name - hcmus-cdnc-te_a699a0/span_Team Settings")): Object: 'Object Repository/1612893/44_AddEmailWhiteList/Page_Thanh set Channel name - hcmus-cdnc-te_a699a0/span_Team Settings' is clicked on

2020-06-05 13:43:39 - [MESSAGE][PASSED] - Object: 'Object Repository/1612893/44_AddEmailWhiteList/Page_Thanh set Channel name - hcmus-cdnc-te_a699a0/span_Team Settings' is clicked on

2020-06-05 13:43:39 - [TEST_STEP][PASSED] - click(findTestObject("Object Repository/1612893/44_AddEmailWhiteList/Page_Thanh set Channel name - hcmus-cdnc-te_a699a0/button_Edit")): Object: 'Object Repository/1612893/44_AddEmailWhiteList/Page_Thanh set Channel name - hcmus-cdnc-te_a699a0/button_Edit' is clicked on

2020-06-05 13:43:40 - [MESSAGE][PASSED] - Object: 'Object Repository/1612893/44_AddEmailWhiteList/Page_Thanh set Channel name - hcmus-cdnc-te_a699a0/button_Edit' is clicked on

2020-06-05 13:43:40 - [TEST_STEP][PASSED] - setText(findTestObject("Object Repository/1612893/44_AddEmailWhiteList/Page_Thanh set Channel name - hcmus-cdnc-te_a699a0/input_Allow only users with a specific emai_44da11"), whiteList): Text 'gmail.com' is set on object 'Object Repository/1612893/44_AddEmailWhiteList/Page_Thanh set Channel name - hcmus-cdnc-te_a699a0/input_Allow only users with a specific emai_44da11'

2020-06-05 13:43:41 - [MESSAGE][PASSED] - Text 'gmail.com' is set on object 'Object Repository/1612893/44_AddEmailWhiteList/Page_Thanh set Channel name - hcmus-cdnc-te_a699a0/input_Allow only users with a specific emai_44da11'

2020-06-05 13:43:41 - [TEST_STEP][PASSED] - click(findTestObject("Object Repository/1612893/44_AddEmailWhiteList/Page_Thanh set Channel name - hcmus-cdnc-te_a699a0/button_Save")): Object: 'Object Repository/1612893/44_AddEmailWhiteList/Page_Thanh set Channel name - hcmus-cdnc-te_a699a0/button_Save' is clicked on

2020-06-05 13:43:42 - [MESSAGE][PASSED] - Object: 'Object Repository/1612893/44_AddEmailWhiteList/Page_Thanh set Channel name - hcmus-cdnc-te_a699a0/button_Save' is clicked on

2020-06-05 13:43:42 - [TEST_STEP][PASSED] - click(findTestObject("Object Repository/1612893/44_AddEmailWhiteList/Page_Thanh set Channel name - hcmus-cdnc-te_a699a0/button_Close")): Object: 'Object Repository/1612893/44_AddEmailWhiteList/Page_Thanh set Channel name - hcmus-cdnc-te_a699a0/button_Close' is clicked on

2020-06-05 13:43:43 - [MESSAGE][PASSED] - Object: 'Object Repository/1612893/44_AddEmailWhiteList/Page_Thanh set Channel name - hcmus-cdnc-te_a699a0/button_Close' is clicked on

2020-06-05 13:43:43 - [TEST_STEP][PASSED] - closeBrowser(): Browser is closed

2020-06-05 13:43:43 - [MESSAGE][PASSED] - Browser is closed]]></system-out>
         <system-err><![CDATA[]]></system-err>
      </testcase>
      <testcase name="Test Cases/1612893/TC_44_AddEmailWhiteList" time="16.424" classname="Test Cases/1612893/TC_44_AddEmailWhiteList" status="PASSED">
         <system-out><![CDATA[2020-06-05 13:43:43 - [TEST_CASE][PASSED] - Test Cases/1612893/TC_44_AddEmailWhiteList: Test Cases/1612893/TC_44_AddEmailWhiteList

2020-06-05 13:43:43 - [TEST_STEP][PASSED] - openBrowser(""): Browser is opened with url: ''

2020-06-05 13:43:43 - [MESSAGE][INFO] - Starting 'Chrome' driver

2020-06-05 13:43:43 - [MESSAGE][INFO] - Action delay is set to 0 milliseconds

2020-06-05 13:43:47 - [MESSAGE][PASSED] - Browser is opened with url: ''

2020-06-05 13:43:47 - [TEST_STEP][PASSED] - navigateToUrl("http://localhost:8065/login"): Navigate to 'http://localhost:8065/login' successfully

2020-06-05 13:43:48 - [MESSAGE][PASSED] - Navigate to 'http://localhost:8065/login' successfully

2020-06-05 13:43:48 - [TEST_STEP][PASSED] - setText(findTestObject("Object Repository/1612893/44_AddEmailWhiteList/Page_Mattermost/input_All team communication in one place s_703ef5"), "hcmus-cdnc@gmail.com"): Text 'hcmus-cdnc@gmail.com' is set on object 'Object Repository/1612893/44_AddEmailWhiteList/Page_Mattermost/input_All team communication in one place s_703ef5'

2020-06-05 13:43:50 - [MESSAGE][PASSED] - Text 'hcmus-cdnc@gmail.com' is set on object 'Object Repository/1612893/44_AddEmailWhiteList/Page_Mattermost/input_All team communication in one place s_703ef5'

2020-06-05 13:43:50 - [TEST_STEP][PASSED] - setEncryptedText(findTestObject("Object Repository/1612893/44_AddEmailWhiteList/Page_Mattermost/input_All team communication in one place s_2f2733"), "aeHFOx8jV/A="): Text ****** has been set on object 'Object Repository/1612893/44_AddEmailWhiteList/Page_Mattermost/input_All team communication in one place s_2f2733'

2020-06-05 13:43:51 - [MESSAGE][PASSED] - Text ****** has been set on object 'Object Repository/1612893/44_AddEmailWhiteList/Page_Mattermost/input_All team communication in one place s_2f2733'

2020-06-05 13:43:51 - [TEST_STEP][PASSED] - click(findTestObject("Object Repository/1612893/44_AddEmailWhiteList/Page_Mattermost/button_Sign in")): Object: 'Object Repository/1612893/44_AddEmailWhiteList/Page_Mattermost/button_Sign in' is clicked on

2020-06-05 13:43:51 - [MESSAGE][PASSED] - Object: 'Object Repository/1612893/44_AddEmailWhiteList/Page_Mattermost/button_Sign in' is clicked on

2020-06-05 13:43:51 - [TEST_STEP][PASSED] - click(findTestObject("Object Repository/1612893/44_AddEmailWhiteList/Page_Thanh set Channel name - hcmus-cdnc-te_a699a0/button_anh_style--none sidebar-header-dropd_e4937e")): Object: 'Object Repository/1612893/44_AddEmailWhiteList/Page_Thanh set Channel name - hcmus-cdnc-te_a699a0/button_anh_style--none sidebar-header-dropd_e4937e' is clicked on

2020-06-05 13:43:55 - [MESSAGE][PASSED] - Object: 'Object Repository/1612893/44_AddEmailWhiteList/Page_Thanh set Channel name - hcmus-cdnc-te_a699a0/button_anh_style--none sidebar-header-dropd_e4937e' is clicked on

2020-06-05 13:43:55 - [TEST_STEP][PASSED] - click(findTestObject("Object Repository/1612893/44_AddEmailWhiteList/Page_Thanh set Channel name - hcmus-cdnc-te_a699a0/span_Team Settings")): Object: 'Object Repository/1612893/44_AddEmailWhiteList/Page_Thanh set Channel name - hcmus-cdnc-te_a699a0/span_Team Settings' is clicked on

2020-06-05 13:43:56 - [MESSAGE][PASSED] - Object: 'Object Repository/1612893/44_AddEmailWhiteList/Page_Thanh set Channel name - hcmus-cdnc-te_a699a0/span_Team Settings' is clicked on

2020-06-05 13:43:56 - [TEST_STEP][PASSED] - click(findTestObject("Object Repository/1612893/44_AddEmailWhiteList/Page_Thanh set Channel name - hcmus-cdnc-te_a699a0/button_Edit")): Object: 'Object Repository/1612893/44_AddEmailWhiteList/Page_Thanh set Channel name - hcmus-cdnc-te_a699a0/button_Edit' is clicked on

2020-06-05 13:43:56 - [MESSAGE][PASSED] - Object: 'Object Repository/1612893/44_AddEmailWhiteList/Page_Thanh set Channel name - hcmus-cdnc-te_a699a0/button_Edit' is clicked on

2020-06-05 13:43:56 - [TEST_STEP][PASSED] - setText(findTestObject("Object Repository/1612893/44_AddEmailWhiteList/Page_Thanh set Channel name - hcmus-cdnc-te_a699a0/input_Allow only users with a specific emai_44da11"), whiteList): Text 'outlook.com' is set on object 'Object Repository/1612893/44_AddEmailWhiteList/Page_Thanh set Channel name - hcmus-cdnc-te_a699a0/input_Allow only users with a specific emai_44da11'

2020-06-05 13:43:58 - [MESSAGE][PASSED] - Text 'outlook.com' is set on object 'Object Repository/1612893/44_AddEmailWhiteList/Page_Thanh set Channel name - hcmus-cdnc-te_a699a0/input_Allow only users with a specific emai_44da11'

2020-06-05 13:43:58 - [TEST_STEP][PASSED] - click(findTestObject("Object Repository/1612893/44_AddEmailWhiteList/Page_Thanh set Channel name - hcmus-cdnc-te_a699a0/button_Save")): Object: 'Object Repository/1612893/44_AddEmailWhiteList/Page_Thanh set Channel name - hcmus-cdnc-te_a699a0/button_Save' is clicked on

2020-06-05 13:43:58 - [MESSAGE][PASSED] - Object: 'Object Repository/1612893/44_AddEmailWhiteList/Page_Thanh set Channel name - hcmus-cdnc-te_a699a0/button_Save' is clicked on

2020-06-05 13:43:58 - [TEST_STEP][PASSED] - click(findTestObject("Object Repository/1612893/44_AddEmailWhiteList/Page_Thanh set Channel name - hcmus-cdnc-te_a699a0/button_Close")): Object: 'Object Repository/1612893/44_AddEmailWhiteList/Page_Thanh set Channel name - hcmus-cdnc-te_a699a0/button_Close' is clicked on

2020-06-05 13:43:59 - [MESSAGE][PASSED] - Object: 'Object Repository/1612893/44_AddEmailWhiteList/Page_Thanh set Channel name - hcmus-cdnc-te_a699a0/button_Close' is clicked on

2020-06-05 13:43:59 - [TEST_STEP][PASSED] - closeBrowser(): Browser is closed

2020-06-05 13:44:00 - [MESSAGE][PASSED] - Browser is closed]]></system-out>
         <system-err><![CDATA[]]></system-err>
      </testcase>
      <testcase name="Test Cases/1612893/TC_44_AddEmailWhiteList" time="17.838" classname="Test Cases/1612893/TC_44_AddEmailWhiteList" status="PASSED">
         <system-out><![CDATA[2020-06-05 13:44:00 - [TEST_CASE][PASSED] - Test Cases/1612893/TC_44_AddEmailWhiteList: Test Cases/1612893/TC_44_AddEmailWhiteList

2020-06-05 13:44:00 - [TEST_STEP][PASSED] - openBrowser(""): Browser is opened with url: ''

2020-06-05 13:44:00 - [MESSAGE][INFO] - Starting 'Chrome' driver

2020-06-05 13:44:00 - [MESSAGE][INFO] - Action delay is set to 0 milliseconds

2020-06-05 13:44:03 - [MESSAGE][PASSED] - Browser is opened with url: ''

2020-06-05 13:44:03 - [TEST_STEP][PASSED] - navigateToUrl("http://localhost:8065/login"): Navigate to 'http://localhost:8065/login' successfully

2020-06-05 13:44:05 - [MESSAGE][PASSED] - Navigate to 'http://localhost:8065/login' successfully

2020-06-05 13:44:05 - [TEST_STEP][PASSED] - setText(findTestObject("Object Repository/1612893/44_AddEmailWhiteList/Page_Mattermost/input_All team communication in one place s_703ef5"), "hcmus-cdnc@gmail.com"): Text 'hcmus-cdnc@gmail.com' is set on object 'Object Repository/1612893/44_AddEmailWhiteList/Page_Mattermost/input_All team communication in one place s_703ef5'

2020-06-05 13:44:08 - [MESSAGE][PASSED] - Text 'hcmus-cdnc@gmail.com' is set on object 'Object Repository/1612893/44_AddEmailWhiteList/Page_Mattermost/input_All team communication in one place s_703ef5'

2020-06-05 13:44:08 - [TEST_STEP][PASSED] - setEncryptedText(findTestObject("Object Repository/1612893/44_AddEmailWhiteList/Page_Mattermost/input_All team communication in one place s_2f2733"), "aeHFOx8jV/A="): Text ****** has been set on object 'Object Repository/1612893/44_AddEmailWhiteList/Page_Mattermost/input_All team communication in one place s_2f2733'

2020-06-05 13:44:08 - [MESSAGE][PASSED] - Text ****** has been set on object 'Object Repository/1612893/44_AddEmailWhiteList/Page_Mattermost/input_All team communication in one place s_2f2733'

2020-06-05 13:44:08 - [TEST_STEP][PASSED] - click(findTestObject("Object Repository/1612893/44_AddEmailWhiteList/Page_Mattermost/button_Sign in")): Object: 'Object Repository/1612893/44_AddEmailWhiteList/Page_Mattermost/button_Sign in' is clicked on

2020-06-05 13:44:09 - [MESSAGE][PASSED] - Object: 'Object Repository/1612893/44_AddEmailWhiteList/Page_Mattermost/button_Sign in' is clicked on

2020-06-05 13:44:09 - [TEST_STEP][PASSED] - click(findTestObject("Object Repository/1612893/44_AddEmailWhiteList/Page_Thanh set Channel name - hcmus-cdnc-te_a699a0/button_anh_style--none sidebar-header-dropd_e4937e")): Object: 'Object Repository/1612893/44_AddEmailWhiteList/Page_Thanh set Channel name - hcmus-cdnc-te_a699a0/button_anh_style--none sidebar-header-dropd_e4937e' is clicked on

2020-06-05 13:44:12 - [MESSAGE][PASSED] - Object: 'Object Repository/1612893/44_AddEmailWhiteList/Page_Thanh set Channel name - hcmus-cdnc-te_a699a0/button_anh_style--none sidebar-header-dropd_e4937e' is clicked on

2020-06-05 13:44:12 - [TEST_STEP][PASSED] - click(findTestObject("Object Repository/1612893/44_AddEmailWhiteList/Page_Thanh set Channel name - hcmus-cdnc-te_a699a0/span_Team Settings")): Object: 'Object Repository/1612893/44_AddEmailWhiteList/Page_Thanh set Channel name - hcmus-cdnc-te_a699a0/span_Team Settings' is clicked on

2020-06-05 13:44:14 - [MESSAGE][PASSED] - Object: 'Object Repository/1612893/44_AddEmailWhiteList/Page_Thanh set Channel name - hcmus-cdnc-te_a699a0/span_Team Settings' is clicked on

2020-06-05 13:44:14 - [TEST_STEP][PASSED] - click(findTestObject("Object Repository/1612893/44_AddEmailWhiteList/Page_Thanh set Channel name - hcmus-cdnc-te_a699a0/button_Edit")): Object: 'Object Repository/1612893/44_AddEmailWhiteList/Page_Thanh set Channel name - hcmus-cdnc-te_a699a0/button_Edit' is clicked on

2020-06-05 13:44:15 - [MESSAGE][PASSED] - Object: 'Object Repository/1612893/44_AddEmailWhiteList/Page_Thanh set Channel name - hcmus-cdnc-te_a699a0/button_Edit' is clicked on

2020-06-05 13:44:15 - [TEST_STEP][PASSED] - setText(findTestObject("Object Repository/1612893/44_AddEmailWhiteList/Page_Thanh set Channel name - hcmus-cdnc-te_a699a0/input_Allow only users with a specific emai_44da11"), whiteList): Text 'abc.com' is set on object 'Object Repository/1612893/44_AddEmailWhiteList/Page_Thanh set Channel name - hcmus-cdnc-te_a699a0/input_Allow only users with a specific emai_44da11'

2020-06-05 13:44:16 - [MESSAGE][PASSED] - Text 'abc.com' is set on object 'Object Repository/1612893/44_AddEmailWhiteList/Page_Thanh set Channel name - hcmus-cdnc-te_a699a0/input_Allow only users with a specific emai_44da11'

2020-06-05 13:44:16 - [TEST_STEP][PASSED] - click(findTestObject("Object Repository/1612893/44_AddEmailWhiteList/Page_Thanh set Channel name - hcmus-cdnc-te_a699a0/button_Save")): Object: 'Object Repository/1612893/44_AddEmailWhiteList/Page_Thanh set Channel name - hcmus-cdnc-te_a699a0/button_Save' is clicked on

2020-06-05 13:44:16 - [MESSAGE][PASSED] - Object: 'Object Repository/1612893/44_AddEmailWhiteList/Page_Thanh set Channel name - hcmus-cdnc-te_a699a0/button_Save' is clicked on

2020-06-05 13:44:16 - [TEST_STEP][PASSED] - click(findTestObject("Object Repository/1612893/44_AddEmailWhiteList/Page_Thanh set Channel name - hcmus-cdnc-te_a699a0/button_Close")): Object: 'Object Repository/1612893/44_AddEmailWhiteList/Page_Thanh set Channel name - hcmus-cdnc-te_a699a0/button_Close' is clicked on

2020-06-05 13:44:17 - [MESSAGE][PASSED] - Object: 'Object Repository/1612893/44_AddEmailWhiteList/Page_Thanh set Channel name - hcmus-cdnc-te_a699a0/button_Close' is clicked on

2020-06-05 13:44:17 - [TEST_STEP][PASSED] - closeBrowser(): Browser is closed

2020-06-05 13:44:18 - [MESSAGE][PASSED] - Browser is closed]]></system-out>
         <system-err><![CDATA[]]></system-err>
      </testcase>
      <testcase name="Test Cases/1612893/TC_44_AddEmailWhiteList" time="17.026" classname="Test Cases/1612893/TC_44_AddEmailWhiteList" status="PASSED">
         <system-out><![CDATA[2020-06-05 13:44:18 - [TEST_CASE][PASSED] - Test Cases/1612893/TC_44_AddEmailWhiteList: Test Cases/1612893/TC_44_AddEmailWhiteList

2020-06-05 13:44:18 - [TEST_STEP][PASSED] - openBrowser(""): Browser is opened with url: ''

2020-06-05 13:44:18 - [MESSAGE][INFO] - Starting 'Chrome' driver

2020-06-05 13:44:18 - [MESSAGE][INFO] - Action delay is set to 0 milliseconds

2020-06-05 13:44:21 - [MESSAGE][PASSED] - Browser is opened with url: ''

2020-06-05 13:44:21 - [TEST_STEP][PASSED] - navigateToUrl("http://localhost:8065/login"): Navigate to 'http://localhost:8065/login' successfully

2020-06-05 13:44:23 - [MESSAGE][PASSED] - Navigate to 'http://localhost:8065/login' successfully

2020-06-05 13:44:23 - [TEST_STEP][PASSED] - setText(findTestObject("Object Repository/1612893/44_AddEmailWhiteList/Page_Mattermost/input_All team communication in one place s_703ef5"), "hcmus-cdnc@gmail.com"): Text 'hcmus-cdnc@gmail.com' is set on object 'Object Repository/1612893/44_AddEmailWhiteList/Page_Mattermost/input_All team communication in one place s_703ef5'

2020-06-05 13:44:25 - [MESSAGE][PASSED] - Text 'hcmus-cdnc@gmail.com' is set on object 'Object Repository/1612893/44_AddEmailWhiteList/Page_Mattermost/input_All team communication in one place s_703ef5'

2020-06-05 13:44:25 - [TEST_STEP][PASSED] - setEncryptedText(findTestObject("Object Repository/1612893/44_AddEmailWhiteList/Page_Mattermost/input_All team communication in one place s_2f2733"), "aeHFOx8jV/A="): Text ****** has been set on object 'Object Repository/1612893/44_AddEmailWhiteList/Page_Mattermost/input_All team communication in one place s_2f2733'

2020-06-05 13:44:25 - [MESSAGE][PASSED] - Text ****** has been set on object 'Object Repository/1612893/44_AddEmailWhiteList/Page_Mattermost/input_All team communication in one place s_2f2733'

2020-06-05 13:44:25 - [TEST_STEP][PASSED] - click(findTestObject("Object Repository/1612893/44_AddEmailWhiteList/Page_Mattermost/button_Sign in")): Object: 'Object Repository/1612893/44_AddEmailWhiteList/Page_Mattermost/button_Sign in' is clicked on

2020-06-05 13:44:26 - [MESSAGE][PASSED] - Object: 'Object Repository/1612893/44_AddEmailWhiteList/Page_Mattermost/button_Sign in' is clicked on

2020-06-05 13:44:26 - [TEST_STEP][PASSED] - click(findTestObject("Object Repository/1612893/44_AddEmailWhiteList/Page_Thanh set Channel name - hcmus-cdnc-te_a699a0/button_anh_style--none sidebar-header-dropd_e4937e")): Object: 'Object Repository/1612893/44_AddEmailWhiteList/Page_Thanh set Channel name - hcmus-cdnc-te_a699a0/button_anh_style--none sidebar-header-dropd_e4937e' is clicked on

2020-06-05 13:44:29 - [MESSAGE][PASSED] - Object: 'Object Repository/1612893/44_AddEmailWhiteList/Page_Thanh set Channel name - hcmus-cdnc-te_a699a0/button_anh_style--none sidebar-header-dropd_e4937e' is clicked on

2020-06-05 13:44:29 - [TEST_STEP][PASSED] - click(findTestObject("Object Repository/1612893/44_AddEmailWhiteList/Page_Thanh set Channel name - hcmus-cdnc-te_a699a0/span_Team Settings")): Object: 'Object Repository/1612893/44_AddEmailWhiteList/Page_Thanh set Channel name - hcmus-cdnc-te_a699a0/span_Team Settings' is clicked on

2020-06-05 13:44:30 - [MESSAGE][PASSED] - Object: 'Object Repository/1612893/44_AddEmailWhiteList/Page_Thanh set Channel name - hcmus-cdnc-te_a699a0/span_Team Settings' is clicked on

2020-06-05 13:44:30 - [TEST_STEP][PASSED] - click(findTestObject("Object Repository/1612893/44_AddEmailWhiteList/Page_Thanh set Channel name - hcmus-cdnc-te_a699a0/button_Edit")): Object: 'Object Repository/1612893/44_AddEmailWhiteList/Page_Thanh set Channel name - hcmus-cdnc-te_a699a0/button_Edit' is clicked on

2020-06-05 13:44:31 - [MESSAGE][PASSED] - Object: 'Object Repository/1612893/44_AddEmailWhiteList/Page_Thanh set Channel name - hcmus-cdnc-te_a699a0/button_Edit' is clicked on

2020-06-05 13:44:31 - [TEST_STEP][PASSED] - setText(findTestObject("Object Repository/1612893/44_AddEmailWhiteList/Page_Thanh set Channel name - hcmus-cdnc-te_a699a0/input_Allow only users with a specific emai_44da11"), whiteList): Text 'mattermost.com' is set on object 'Object Repository/1612893/44_AddEmailWhiteList/Page_Thanh set Channel name - hcmus-cdnc-te_a699a0/input_Allow only users with a specific emai_44da11'

2020-06-05 13:44:33 - [MESSAGE][PASSED] - Text 'mattermost.com' is set on object 'Object Repository/1612893/44_AddEmailWhiteList/Page_Thanh set Channel name - hcmus-cdnc-te_a699a0/input_Allow only users with a specific emai_44da11'

2020-06-05 13:44:33 - [TEST_STEP][PASSED] - click(findTestObject("Object Repository/1612893/44_AddEmailWhiteList/Page_Thanh set Channel name - hcmus-cdnc-te_a699a0/button_Save")): Object: 'Object Repository/1612893/44_AddEmailWhiteList/Page_Thanh set Channel name - hcmus-cdnc-te_a699a0/button_Save' is clicked on

2020-06-05 13:44:33 - [MESSAGE][PASSED] - Object: 'Object Repository/1612893/44_AddEmailWhiteList/Page_Thanh set Channel name - hcmus-cdnc-te_a699a0/button_Save' is clicked on

2020-06-05 13:44:33 - [TEST_STEP][PASSED] - click(findTestObject("Object Repository/1612893/44_AddEmailWhiteList/Page_Thanh set Channel name - hcmus-cdnc-te_a699a0/button_Close")): Object: 'Object Repository/1612893/44_AddEmailWhiteList/Page_Thanh set Channel name - hcmus-cdnc-te_a699a0/button_Close' is clicked on

2020-06-05 13:44:34 - [MESSAGE][PASSED] - Object: 'Object Repository/1612893/44_AddEmailWhiteList/Page_Thanh set Channel name - hcmus-cdnc-te_a699a0/button_Close' is clicked on

2020-06-05 13:44:34 - [TEST_STEP][PASSED] - closeBrowser(): Browser is closed

2020-06-05 13:44:35 - [MESSAGE][PASSED] - Browser is closed]]></system-out>
         <system-err><![CDATA[]]></system-err>
      </testcase>
      <testcase name="Test Cases/1612893/TC_44_AddEmailWhiteList" time="16.7" classname="Test Cases/1612893/TC_44_AddEmailWhiteList" status="PASSED">
         <system-out><![CDATA[2020-06-05 13:44:35 - [TEST_CASE][PASSED] - Test Cases/1612893/TC_44_AddEmailWhiteList: Test Cases/1612893/TC_44_AddEmailWhiteList

2020-06-05 13:44:35 - [TEST_STEP][PASSED] - openBrowser(""): Browser is opened with url: ''

2020-06-05 13:44:35 - [MESSAGE][INFO] - Starting 'Chrome' driver

2020-06-05 13:44:35 - [MESSAGE][INFO] - Action delay is set to 0 milliseconds

2020-06-05 13:44:38 - [MESSAGE][PASSED] - Browser is opened with url: ''

2020-06-05 13:44:38 - [TEST_STEP][PASSED] - navigateToUrl("http://localhost:8065/login"): Navigate to 'http://localhost:8065/login' successfully

2020-06-05 13:44:40 - [MESSAGE][PASSED] - Navigate to 'http://localhost:8065/login' successfully

2020-06-05 13:44:40 - [TEST_STEP][PASSED] - setText(findTestObject("Object Repository/1612893/44_AddEmailWhiteList/Page_Mattermost/input_All team communication in one place s_703ef5"), "hcmus-cdnc@gmail.com"): Text 'hcmus-cdnc@gmail.com' is set on object 'Object Repository/1612893/44_AddEmailWhiteList/Page_Mattermost/input_All team communication in one place s_703ef5'

2020-06-05 13:44:42 - [MESSAGE][PASSED] - Text 'hcmus-cdnc@gmail.com' is set on object 'Object Repository/1612893/44_AddEmailWhiteList/Page_Mattermost/input_All team communication in one place s_703ef5'

2020-06-05 13:44:42 - [TEST_STEP][PASSED] - setEncryptedText(findTestObject("Object Repository/1612893/44_AddEmailWhiteList/Page_Mattermost/input_All team communication in one place s_2f2733"), "aeHFOx8jV/A="): Text ****** has been set on object 'Object Repository/1612893/44_AddEmailWhiteList/Page_Mattermost/input_All team communication in one place s_2f2733'

2020-06-05 13:44:42 - [MESSAGE][PASSED] - Text ****** has been set on object 'Object Repository/1612893/44_AddEmailWhiteList/Page_Mattermost/input_All team communication in one place s_2f2733'

2020-06-05 13:44:42 - [TEST_STEP][PASSED] - click(findTestObject("Object Repository/1612893/44_AddEmailWhiteList/Page_Mattermost/button_Sign in")): Object: 'Object Repository/1612893/44_AddEmailWhiteList/Page_Mattermost/button_Sign in' is clicked on

2020-06-05 13:44:43 - [MESSAGE][PASSED] - Object: 'Object Repository/1612893/44_AddEmailWhiteList/Page_Mattermost/button_Sign in' is clicked on

2020-06-05 13:44:43 - [TEST_STEP][PASSED] - click(findTestObject("Object Repository/1612893/44_AddEmailWhiteList/Page_Thanh set Channel name - hcmus-cdnc-te_a699a0/button_anh_style--none sidebar-header-dropd_e4937e")): Object: 'Object Repository/1612893/44_AddEmailWhiteList/Page_Thanh set Channel name - hcmus-cdnc-te_a699a0/button_anh_style--none sidebar-header-dropd_e4937e' is clicked on

2020-06-05 13:44:46 - [MESSAGE][PASSED] - Object: 'Object Repository/1612893/44_AddEmailWhiteList/Page_Thanh set Channel name - hcmus-cdnc-te_a699a0/button_anh_style--none sidebar-header-dropd_e4937e' is clicked on

2020-06-05 13:44:46 - [TEST_STEP][PASSED] - click(findTestObject("Object Repository/1612893/44_AddEmailWhiteList/Page_Thanh set Channel name - hcmus-cdnc-te_a699a0/span_Team Settings")): Object: 'Object Repository/1612893/44_AddEmailWhiteList/Page_Thanh set Channel name - hcmus-cdnc-te_a699a0/span_Team Settings' is clicked on

2020-06-05 13:44:47 - [MESSAGE][PASSED] - Object: 'Object Repository/1612893/44_AddEmailWhiteList/Page_Thanh set Channel name - hcmus-cdnc-te_a699a0/span_Team Settings' is clicked on

2020-06-05 13:44:47 - [TEST_STEP][PASSED] - click(findTestObject("Object Repository/1612893/44_AddEmailWhiteList/Page_Thanh set Channel name - hcmus-cdnc-te_a699a0/button_Edit")): Object: 'Object Repository/1612893/44_AddEmailWhiteList/Page_Thanh set Channel name - hcmus-cdnc-te_a699a0/button_Edit' is clicked on

2020-06-05 13:44:48 - [MESSAGE][PASSED] - Object: 'Object Repository/1612893/44_AddEmailWhiteList/Page_Thanh set Channel name - hcmus-cdnc-te_a699a0/button_Edit' is clicked on

2020-06-05 13:44:48 - [TEST_STEP][PASSED] - setText(findTestObject("Object Repository/1612893/44_AddEmailWhiteList/Page_Thanh set Channel name - hcmus-cdnc-te_a699a0/input_Allow only users with a specific emai_44da11"), whiteList): Text 'mattermost.org' is set on object 'Object Repository/1612893/44_AddEmailWhiteList/Page_Thanh set Channel name - hcmus-cdnc-te_a699a0/input_Allow only users with a specific emai_44da11'

2020-06-05 13:44:49 - [MESSAGE][PASSED] - Text 'mattermost.org' is set on object 'Object Repository/1612893/44_AddEmailWhiteList/Page_Thanh set Channel name - hcmus-cdnc-te_a699a0/input_Allow only users with a specific emai_44da11'

2020-06-05 13:44:49 - [TEST_STEP][PASSED] - click(findTestObject("Object Repository/1612893/44_AddEmailWhiteList/Page_Thanh set Channel name - hcmus-cdnc-te_a699a0/button_Save")): Object: 'Object Repository/1612893/44_AddEmailWhiteList/Page_Thanh set Channel name - hcmus-cdnc-te_a699a0/button_Save' is clicked on

2020-06-05 13:44:50 - [MESSAGE][PASSED] - Object: 'Object Repository/1612893/44_AddEmailWhiteList/Page_Thanh set Channel name - hcmus-cdnc-te_a699a0/button_Save' is clicked on

2020-06-05 13:44:50 - [TEST_STEP][PASSED] - click(findTestObject("Object Repository/1612893/44_AddEmailWhiteList/Page_Thanh set Channel name - hcmus-cdnc-te_a699a0/button_Close")): Object: 'Object Repository/1612893/44_AddEmailWhiteList/Page_Thanh set Channel name - hcmus-cdnc-te_a699a0/button_Close' is clicked on

2020-06-05 13:44:51 - [MESSAGE][PASSED] - Object: 'Object Repository/1612893/44_AddEmailWhiteList/Page_Thanh set Channel name - hcmus-cdnc-te_a699a0/button_Close' is clicked on

2020-06-05 13:44:51 - [TEST_STEP][PASSED] - closeBrowser(): Browser is closed

2020-06-05 13:44:52 - [MESSAGE][PASSED] - Browser is closed]]></system-out>
         <system-err><![CDATA[]]></system-err>
      </testcase>
      <testcase name="Test Cases/1612893/TC_45_Edit_TeamDescription" time="15.579" classname="Test Cases/1612893/TC_45_Edit_TeamDescription" status="FAILED">
         <failure type="FAILED" message="Test Cases/1612893/TC_45_Edit_TeamDescription FAILED.
Reason:
com.kms.katalon.core.exception.StepFailedException: Unable to click on object 'Object Repository/1612893/45_Edit_TeamDescription/Page_Thanh set Channel name - hcmus-cdnc-te_a699a0/span_Save'
	at com.kms.katalon.core.webui.keyword.internal.WebUIKeywordMain.stepFailed(WebUIKeywordMain.groovy:64)
	at com.kms.katalon.core.webui.keyword.internal.WebUIKeywordMain.runKeyword(WebUIKeywordMain.groovy:26)
	at com.kms.katalon.core.webui.keyword.builtin.ClickKeyword.click(ClickKeyword.groovy:76)
	at com.kms.katalon.core.webui.keyword.builtin.ClickKeyword.execute(ClickKeyword.groovy:43)
	at com.kms.katalon.core.keyword.internal.KeywordExecutor.executeKeywordForPlatform(KeywordExecutor.groovy:72)
	at com.kms.katalon.core.webui.keyword.WebUiBuiltInKeywords.click(WebUiBuiltInKeywords.groovy:616)
	at com.kms.katalon.core.webui.keyword.WebUiBuiltInKeywords$click$3.call(Unknown Source)
	at TC_45_Edit_TeamDescription.run(TC_45_Edit_TeamDescription:41)
	at com.kms.katalon.core.main.ScriptEngine.run(ScriptEngine.java:194)
	at com.kms.katalon.core.main.ScriptEngine.runScriptAsRawText(ScriptEngine.java:119)
	at com.kms.katalon.core.main.TestCaseExecutor.runScript(TestCaseExecutor.java:337)
	at com.kms.katalon.core.main.TestCaseExecutor.doExecute(TestCaseExecutor.java:328)
	at com.kms.katalon.core.main.TestCaseExecutor.processExecutionPhase(TestCaseExecutor.java:307)
	at com.kms.katalon.core.main.TestCaseExecutor.accessMainPhase(TestCaseExecutor.java:299)
	at com.kms.katalon.core.main.TestCaseExecutor.execute(TestCaseExecutor.java:233)
	at com.kms.katalon.core.main.TestSuiteExecutor.accessTestCaseMainPhase(TestSuiteExecutor.java:169)
	at com.kms.katalon.core.main.TestSuiteExecutor.accessTestSuiteMainPhase(TestSuiteExecutor.java:142)
	at com.kms.katalon.core.main.TestSuiteExecutor.execute(TestSuiteExecutor.java:91)
	at com.kms.katalon.core.main.TestCaseMain.startTestSuite(TestCaseMain.java:157)
	at com.kms.katalon.core.main.TestCaseMain$startTestSuite$0.call(Unknown Source)
	at TempTestSuite1591337386301.run(TempTestSuite1591337386301.groovy:37)
Caused by: org.openqa.selenium.NoSuchWindowException: no such window: target window already closed
from unknown error: web view not found
  (Session info: chrome=83.0.4103.97)
Build info: version: '3.141.59', revision: 'e82be7d358', time: '2018-11-14T08:25:53'
System info: host: 'DESKTOP-SGC4F2H', ip: '172.25.32.1', os.name: 'Windows 10', os.arch: 'amd64', os.version: '10.0', java.version: '1.8.0_181'
Driver info: com.kms.katalon.selenium.driver.CChromeDriver
Capabilities {acceptInsecureCerts: false, browserName: chrome, browserVersion: 83.0.4103.97, chrome: {chromedriverVersion: 83.0.4103.39 (ccbf011cb2d2b..., userDataDir: C:\Users\Thanh\AppData\Loca...}, goog:chromeOptions: {debuggerAddress: localhost:65291}, javascriptEnabled: true, networkConnectionEnabled: false, pageLoadStrategy: normal, platform: WINDOWS, platformName: WINDOWS, proxy: Proxy(), setWindowRect: true, strictFileInteractability: false, timeouts: {implicit: 0, pageLoad: 300000, script: 30000}, unhandledPromptBehavior: dismiss and notify, webauthn:virtualAuthenticators: true}
Session ID: a5bc59ddaa6496474dc1e12022f3bd25
*** Element info: {Using=xpath, value=//button[@id='saveSetting']/span/span}
	at org.openqa.selenium.remote.http.W3CHttpResponseCodec.createException(W3CHttpResponseCodec.java:187)
	at org.openqa.selenium.remote.http.W3CHttpResponseCodec.decode(W3CHttpResponseCodec.java:122)
	at org.openqa.selenium.remote.http.W3CHttpResponseCodec.decode(W3CHttpResponseCodec.java:49)
	at org.openqa.selenium.remote.HttpCommandExecutor.execute(HttpCommandExecutor.java:158)
	at org.openqa.selenium.remote.service.DriverCommandExecutor.execute(DriverCommandExecutor.java:83)
	at org.openqa.selenium.remote.RemoteWebDriver.execute(RemoteWebDriver.java:552)
	at com.kms.katalon.selenium.driver.CChromeDriver.execute(CChromeDriver.java:19)
	at org.openqa.selenium.remote.RemoteWebDriver.findElements(RemoteWebDriver.java:353)
	at org.openqa.selenium.remote.RemoteWebDriver.findElementsByXPath(RemoteWebDriver.java:432)
	at org.openqa.selenium.By$ByXPath.findElements(By.java:348)
	at org.openqa.selenium.remote.RemoteWebDriver.findElements(RemoteWebDriver.java:311)
	at org.openqa.selenium.support.events.EventFiringWebDriver.lambda$new$1(EventFiringWebDriver.java:105)
	at com.sun.proxy.$Proxy8.findElements(Unknown Source)
	at org.openqa.selenium.support.events.EventFiringWebDriver.findElements(EventFiringWebDriver.java:182)
	at com.kms.katalon.core.webui.common.WebUiCommonHelper.findWebElements(WebUiCommonHelper.java:789)
	at com.kms.katalon.core.webui.common.WebUiCommonHelper.findWebElement(WebUiCommonHelper.java:1150)
	at com.kms.katalon.core.webui.keyword.internal.WebUIAbstractKeyword.findWebElement(WebUIAbstractKeyword.groovy:27)
	at com.kms.katalon.core.webui.keyword.internal.WebUIAbstractKeyword.findWebElement(WebUIAbstractKeyword.groovy:26)
	at com.kms.katalon.core.webui.keyword.builtin.ClickKeyword$_click_closure1.doCall(ClickKeyword.groovy:67)
	at com.kms.katalon.core.webui.keyword.builtin.ClickKeyword$_click_closure1.call(ClickKeyword.groovy)
	at com.kms.katalon.core.webui.keyword.internal.WebUIKeywordMain.runKeyword(WebUIKeywordMain.groovy:20)
	... 19 more
"/>
         <system-out><![CDATA[2020-06-05 13:44:52 - [TEST_CASE][FAILED] - Test Cases/1612893/TC_45_Edit_TeamDescription: Test Cases/1612893/TC_45_Edit_TeamDescription FAILED.
Reason:
com.kms.katalon.core.exception.StepFailedException: Unable to click on object 'Object Repository/1612893/45_Edit_TeamDescription/Page_Thanh set Channel name - hcmus-cdnc-te_a699a0/span_Save'
	at com.kms.katalon.core.webui.keyword.internal.WebUIKeywordMain.stepFailed(WebUIKeywordMain.groovy:64)
	at com.kms.katalon.core.webui.keyword.internal.WebUIKeywordMain.runKeyword(WebUIKeywordMain.groovy:26)
	at com.kms.katalon.core.webui.keyword.builtin.ClickKeyword.click(ClickKeyword.groovy:76)
	at com.kms.katalon.core.webui.keyword.builtin.ClickKeyword.execute(ClickKeyword.groovy:43)
	at com.kms.katalon.core.keyword.internal.KeywordExecutor.executeKeywordForPlatform(KeywordExecutor.groovy:72)
	at com.kms.katalon.core.webui.keyword.WebUiBuiltInKeywords.click(WebUiBuiltInKeywords.groovy:616)
	at com.kms.katalon.core.webui.keyword.WebUiBuiltInKeywords$click$3.call(Unknown Source)
	at TC_45_Edit_TeamDescription.run(TC_45_Edit_TeamDescription:41)
	at com.kms.katalon.core.main.ScriptEngine.run(ScriptEngine.java:194)
	at com.kms.katalon.core.main.ScriptEngine.runScriptAsRawText(ScriptEngine.java:119)
	at com.kms.katalon.core.main.TestCaseExecutor.runScript(TestCaseExecutor.java:337)
	at com.kms.katalon.core.main.TestCaseExecutor.doExecute(TestCaseExecutor.java:328)
	at com.kms.katalon.core.main.TestCaseExecutor.processExecutionPhase(TestCaseExecutor.java:307)
	at com.kms.katalon.core.main.TestCaseExecutor.accessMainPhase(TestCaseExecutor.java:299)
	at com.kms.katalon.core.main.TestCaseExecutor.execute(TestCaseExecutor.java:233)
	at com.kms.katalon.core.main.TestSuiteExecutor.accessTestCaseMainPhase(TestSuiteExecutor.java:169)
	at com.kms.katalon.core.main.TestSuiteExecutor.accessTestSuiteMainPhase(TestSuiteExecutor.java:142)
	at com.kms.katalon.core.main.TestSuiteExecutor.execute(TestSuiteExecutor.java:91)
	at com.kms.katalon.core.main.TestCaseMain.startTestSuite(TestCaseMain.java:157)
	at com.kms.katalon.core.main.TestCaseMain$startTestSuite$0.call(Unknown Source)
	at TempTestSuite1591337386301.run(TempTestSuite1591337386301.groovy:37)
Caused by: org.openqa.selenium.NoSuchWindowException: no such window: target window already closed
from unknown error: web view not found
  (Session info: chrome=83.0.4103.97)
Build info: version: '3.141.59', revision: 'e82be7d358', time: '2018-11-14T08:25:53'
System info: host: 'DESKTOP-SGC4F2H', ip: '172.25.32.1', os.name: 'Windows 10', os.arch: 'amd64', os.version: '10.0', java.version: '1.8.0_181'
Driver info: com.kms.katalon.selenium.driver.CChromeDriver
Capabilities {acceptInsecureCerts: false, browserName: chrome, browserVersion: 83.0.4103.97, chrome: {chromedriverVersion: 83.0.4103.39 (ccbf011cb2d2b..., userDataDir: C:\Users\Thanh\AppData\Loca...}, goog:chromeOptions: {debuggerAddress: localhost:65291}, javascriptEnabled: true, networkConnectionEnabled: false, pageLoadStrategy: normal, platform: WINDOWS, platformName: WINDOWS, proxy: Proxy(), setWindowRect: true, strictFileInteractability: false, timeouts: {implicit: 0, pageLoad: 300000, script: 30000}, unhandledPromptBehavior: dismiss and notify, webauthn:virtualAuthenticators: true}
Session ID: a5bc59ddaa6496474dc1e12022f3bd25
*** Element info: {Using=xpath, value=//button[@id='saveSetting']/span/span}
	at org.openqa.selenium.remote.http.W3CHttpResponseCodec.createException(W3CHttpResponseCodec.java:187)
	at org.openqa.selenium.remote.http.W3CHttpResponseCodec.decode(W3CHttpResponseCodec.java:122)
	at org.openqa.selenium.remote.http.W3CHttpResponseCodec.decode(W3CHttpResponseCodec.java:49)
	at org.openqa.selenium.remote.HttpCommandExecutor.execute(HttpCommandExecutor.java:158)
	at org.openqa.selenium.remote.service.DriverCommandExecutor.execute(DriverCommandExecutor.java:83)
	at org.openqa.selenium.remote.RemoteWebDriver.execute(RemoteWebDriver.java:552)
	at com.kms.katalon.selenium.driver.CChromeDriver.execute(CChromeDriver.java:19)
	at org.openqa.selenium.remote.RemoteWebDriver.findElements(RemoteWebDriver.java:353)
	at org.openqa.selenium.remote.RemoteWebDriver.findElementsByXPath(RemoteWebDriver.java:432)
	at org.openqa.selenium.By$ByXPath.findElements(By.java:348)
	at org.openqa.selenium.remote.RemoteWebDriver.findElements(RemoteWebDriver.java:311)
	at org.openqa.selenium.support.events.EventFiringWebDriver.lambda$new$1(EventFiringWebDriver.java:105)
	at com.sun.proxy.$Proxy8.findElements(Unknown Source)
	at org.openqa.selenium.support.events.EventFiringWebDriver.findElements(EventFiringWebDriver.java:182)
	at com.kms.katalon.core.webui.common.WebUiCommonHelper.findWebElements(WebUiCommonHelper.java:789)
	at com.kms.katalon.core.webui.common.WebUiCommonHelper.findWebElement(WebUiCommonHelper.java:1150)
	at com.kms.katalon.core.webui.keyword.internal.WebUIAbstractKeyword.findWebElement(WebUIAbstractKeyword.groovy:27)
	at com.kms.katalon.core.webui.keyword.internal.WebUIAbstractKeyword.findWebElement(WebUIAbstractKeyword.groovy:26)
	at com.kms.katalon.core.webui.keyword.builtin.ClickKeyword$_click_closure1.doCall(ClickKeyword.groovy:67)
	at com.kms.katalon.core.webui.keyword.builtin.ClickKeyword$_click_closure1.call(ClickKeyword.groovy)
	at com.kms.katalon.core.webui.keyword.internal.WebUIKeywordMain.runKeyword(WebUIKeywordMain.groovy:20)
	... 19 more


2020-06-05 13:44:52 - [TEST_STEP][PASSED] - openBrowser(""): Browser is opened with url: ''

2020-06-05 13:44:52 - [MESSAGE][INFO] - Starting 'Chrome' driver

2020-06-05 13:44:52 - [MESSAGE][INFO] - Action delay is set to 0 milliseconds

2020-06-05 13:44:55 - [MESSAGE][PASSED] - Browser is opened with url: ''

2020-06-05 13:44:55 - [TEST_STEP][PASSED] - navigateToUrl("http://localhost:8065/hcmus-cdnc-team/channels/town-square"): Navigate to 'http://localhost:8065/hcmus-cdnc-team/channels/town-square' successfully

2020-06-05 13:44:57 - [MESSAGE][PASSED] - Navigate to 'http://localhost:8065/hcmus-cdnc-team/channels/town-square' successfully

2020-06-05 13:44:57 - [TEST_STEP][PASSED] - setText(findTestObject("Object Repository/1612893/45_Edit_TeamDescription/Page_Mattermost/input_All team communication in one place s_703ef5"), "hcmus-cdnc@gmail.com"): Text 'hcmus-cdnc@gmail.com' is set on object 'Object Repository/1612893/45_Edit_TeamDescription/Page_Mattermost/input_All team communication in one place s_703ef5'

2020-06-05 13:45:00 - [MESSAGE][PASSED] - Text 'hcmus-cdnc@gmail.com' is set on object 'Object Repository/1612893/45_Edit_TeamDescription/Page_Mattermost/input_All team communication in one place s_703ef5'

2020-06-05 13:45:00 - [TEST_STEP][PASSED] - setEncryptedText(findTestObject("Object Repository/1612893/45_Edit_TeamDescription/Page_Mattermost/input_Please enter your password_password"), "aeHFOx8jV/A="): Text ****** has been set on object 'Object Repository/1612893/45_Edit_TeamDescription/Page_Mattermost/input_Please enter your password_password'

2020-06-05 13:45:00 - [MESSAGE][PASSED] - Text ****** has been set on object 'Object Repository/1612893/45_Edit_TeamDescription/Page_Mattermost/input_Please enter your password_password'

2020-06-05 13:45:00 - [TEST_STEP][PASSED] - sendKeys(findTestObject("Object Repository/1612893/45_Edit_TeamDescription/Page_Mattermost/input_Please enter your password_password"), Keys.chord(ENTER)): Keys 'ENTER + ' sent to object: 'Object Repository/1612893/45_Edit_TeamDescription/Page_Mattermost/input_Please enter your password_password'

2020-06-05 13:45:01 - [MESSAGE][PASSED] - Keys 'ENTER + ' sent to object: 'Object Repository/1612893/45_Edit_TeamDescription/Page_Mattermost/input_Please enter your password_password'

2020-06-05 13:45:01 - [TEST_STEP][PASSED] - click(findTestObject("Object Repository/1612893/45_Edit_TeamDescription/Page_Thanh set Channel name - hcmus-cdnc-te_a699a0/span")): Object: 'Object Repository/1612893/45_Edit_TeamDescription/Page_Thanh set Channel name - hcmus-cdnc-te_a699a0/span' is clicked on

2020-06-05 13:45:04 - [MESSAGE][PASSED] - Object: 'Object Repository/1612893/45_Edit_TeamDescription/Page_Thanh set Channel name - hcmus-cdnc-te_a699a0/span' is clicked on

2020-06-05 13:45:04 - [TEST_STEP][PASSED] - click(findTestObject("Object Repository/1612893/45_Edit_TeamDescription/Page_Thanh set Channel name - hcmus-cdnc-te_a699a0/span_Team Settings")): Object: 'Object Repository/1612893/45_Edit_TeamDescription/Page_Thanh set Channel name - hcmus-cdnc-te_a699a0/span_Team Settings' is clicked on

2020-06-05 13:45:05 - [MESSAGE][PASSED] - Object: 'Object Repository/1612893/45_Edit_TeamDescription/Page_Thanh set Channel name - hcmus-cdnc-te_a699a0/span_Team Settings' is clicked on

2020-06-05 13:45:05 - [TEST_STEP][PASSED] - click(findTestObject("Object Repository/1612893/45_Edit_TeamDescription/Page_Thanh set Channel name - hcmus-cdnc-te_a699a0/span_Edit")): Object: 'Object Repository/1612893/45_Edit_TeamDescription/Page_Thanh set Channel name - hcmus-cdnc-te_a699a0/span_Edit' is clicked on

2020-06-05 13:45:06 - [MESSAGE][PASSED] - Object: 'Object Repository/1612893/45_Edit_TeamDescription/Page_Thanh set Channel name - hcmus-cdnc-te_a699a0/span_Edit' is clicked on

2020-06-05 13:45:06 - [TEST_STEP][PASSED] - setText(findTestObject("Object Repository/1612893/45_Edit_TeamDescription/Page_Thanh set Channel name - hcmus-cdnc-te_a699a0/input_Team Description_teamDescription"), description): Text 'Nhóm thiết kế' is set on object 'Object Repository/1612893/45_Edit_TeamDescription/Page_Thanh set Channel name - hcmus-cdnc-te_a699a0/input_Team Description_teamDescription'

2020-06-05 13:45:07 - [MESSAGE][PASSED] - Text 'Nhóm thiết kế' is set on object 'Object Repository/1612893/45_Edit_TeamDescription/Page_Thanh set Channel name - hcmus-cdnc-te_a699a0/input_Team Description_teamDescription'

2020-06-05 13:45:07 - [TEST_STEP][FAILED] - click(findTestObject("Object Repository/1612893/45_Edit_TeamDescription/Page_Thanh set Channel name - hcmus-cdnc-te_a699a0/span_Save")): Unable to click on object 'Object Repository/1612893/45_Edit_TeamDescription/Page_Thanh set Channel name - hcmus-cdnc-te_a699a0/span_Save' (Root cause: com.kms.katalon.core.exception.StepFailedException: Unable to click on object 'Object Repository/1612893/45_Edit_TeamDescription/Page_Thanh set Channel name - hcmus-cdnc-te_a699a0/span_Save'
	at com.kms.katalon.core.webui.keyword.internal.WebUIKeywordMain.stepFailed(WebUIKeywordMain.groovy:64)
	at com.kms.katalon.core.webui.keyword.internal.WebUIKeywordMain.runKeyword(WebUIKeywordMain.groovy:26)
	at com.kms.katalon.core.webui.keyword.builtin.ClickKeyword.click(ClickKeyword.groovy:76)
	at com.kms.katalon.core.webui.keyword.builtin.ClickKeyword.execute(ClickKeyword.groovy:43)
	at com.kms.katalon.core.keyword.internal.KeywordExecutor.executeKeywordForPlatform(KeywordExecutor.groovy:72)
	at com.kms.katalon.core.webui.keyword.WebUiBuiltInKeywords.click(WebUiBuiltInKeywords.groovy:616)
	at com.kms.katalon.core.webui.keyword.WebUiBuiltInKeywords$click$3.call(Unknown Source)
	at TC_45_Edit_TeamDescription.run(TC_45_Edit_TeamDescription:41)
	at com.kms.katalon.core.main.ScriptEngine.run(ScriptEngine.java:194)
	at com.kms.katalon.core.main.ScriptEngine.runScriptAsRawText(ScriptEngine.java:119)
	at com.kms.katalon.core.main.TestCaseExecutor.runScript(TestCaseExecutor.java:337)
	at com.kms.katalon.core.main.TestCaseExecutor.doExecute(TestCaseExecutor.java:328)
	at com.kms.katalon.core.main.TestCaseExecutor.processExecutionPhase(TestCaseExecutor.java:307)
	at com.kms.katalon.core.main.TestCaseExecutor.accessMainPhase(TestCaseExecutor.java:299)
	at com.kms.katalon.core.main.TestCaseExecutor.execute(TestCaseExecutor.java:233)
	at com.kms.katalon.core.main.TestSuiteExecutor.accessTestCaseMainPhase(TestSuiteExecutor.java:169)
	at com.kms.katalon.core.main.TestSuiteExecutor.accessTestSuiteMainPhase(TestSuiteExecutor.java:142)
	at com.kms.katalon.core.main.TestSuiteExecutor.execute(TestSuiteExecutor.java:91)
	at com.kms.katalon.core.main.TestCaseMain.startTestSuite(TestCaseMain.java:157)
	at com.kms.katalon.core.main.TestCaseMain$startTestSuite$0.call(Unknown Source)
	at TempTestSuite1591337386301.run(TempTestSuite1591337386301.groovy:37)
Caused by: org.openqa.selenium.NoSuchWindowException: no such window: target window already closed
from unknown error: web view not found
  (Session info: chrome=83.0.4103.97)
Build info: version: '3.141.59', revision: 'e82be7d358', time: '2018-11-14T08:25:53'
System info: host: 'DESKTOP-SGC4F2H', ip: '172.25.32.1', os.name: 'Windows 10', os.arch: 'amd64', os.version: '10.0', java.version: '1.8.0_181'
Driver info: com.kms.katalon.selenium.driver.CChromeDriver
Capabilities {acceptInsecureCerts: false, browserName: chrome, browserVersion: 83.0.4103.97, chrome: {chromedriverVersion: 83.0.4103.39 (ccbf011cb2d2b..., userDataDir: C:\Users\Thanh\AppData\Loca...}, goog:chromeOptions: {debuggerAddress: localhost:65291}, javascriptEnabled: true, networkConnectionEnabled: false, pageLoadStrategy: normal, platform: WINDOWS, platformName: WINDOWS, proxy: Proxy(), setWindowRect: true, strictFileInteractability: false, timeouts: {implicit: 0, pageLoad: 300000, script: 30000}, unhandledPromptBehavior: dismiss and notify, webauthn:virtualAuthenticators: true}
Session ID: a5bc59ddaa6496474dc1e12022f3bd25
*** Element info: {Using=xpath, value=//button[@id='saveSetting']/span/span}
	at org.openqa.selenium.remote.http.W3CHttpResponseCodec.createException(W3CHttpResponseCodec.java:187)
	at org.openqa.selenium.remote.http.W3CHttpResponseCodec.decode(W3CHttpResponseCodec.java:122)
	at org.openqa.selenium.remote.http.W3CHttpResponseCodec.decode(W3CHttpResponseCodec.java:49)
	at org.openqa.selenium.remote.HttpCommandExecutor.execute(HttpCommandExecutor.java:158)
	at org.openqa.selenium.remote.service.DriverCommandExecutor.execute(DriverCommandExecutor.java:83)
	at org.openqa.selenium.remote.RemoteWebDriver.execute(RemoteWebDriver.java:552)
	at com.kms.katalon.selenium.driver.CChromeDriver.execute(CChromeDriver.java:19)
	at org.openqa.selenium.remote.RemoteWebDriver.findElements(RemoteWebDriver.java:353)
	at org.openqa.selenium.remote.RemoteWebDriver.findElementsByXPath(RemoteWebDriver.java:432)
	at org.openqa.selenium.By$ByXPath.findElements(By.java:348)
	at org.openqa.selenium.remote.RemoteWebDriver.findElements(RemoteWebDriver.java:311)
	at org.openqa.selenium.support.events.EventFiringWebDriver.lambda$new$1(EventFiringWebDriver.java:105)
	at com.sun.proxy.$Proxy8.findElements(Unknown Source)
	at org.openqa.selenium.support.events.EventFiringWebDriver.findElements(EventFiringWebDriver.java:182)
	at com.kms.katalon.core.webui.common.WebUiCommonHelper.findWebElements(WebUiCommonHelper.java:789)
	at com.kms.katalon.core.webui.common.WebUiCommonHelper.findWebElement(WebUiCommonHelper.java:1150)
	at com.kms.katalon.core.webui.keyword.internal.WebUIAbstractKeyword.findWebElement(WebUIAbstractKeyword.groovy:27)
	at com.kms.katalon.core.webui.keyword.internal.WebUIAbstractKeyword.findWebElement(WebUIAbstractKeyword.groovy:26)
	at com.kms.katalon.core.webui.keyword.builtin.ClickKeyword$_click_closure1.doCall(ClickKeyword.groovy:67)
	at com.kms.katalon.core.webui.keyword.builtin.ClickKeyword$_click_closure1.call(ClickKeyword.groovy)
	at com.kms.katalon.core.webui.keyword.internal.WebUIKeywordMain.runKeyword(WebUIKeywordMain.groovy:20)
	at com.kms.katalon.core.webui.keyword.builtin.ClickKeyword.click(ClickKeyword.groovy:76)
	at com.kms.katalon.core.webui.keyword.builtin.ClickKeyword.execute(ClickKeyword.groovy:43)
	at com.kms.katalon.core.keyword.internal.KeywordExecutor.executeKeywordForPlatform(KeywordExecutor.groovy:72)
	at com.kms.katalon.core.webui.keyword.WebUiBuiltInKeywords.click(WebUiBuiltInKeywords.groovy:616)
	at com.kms.katalon.core.webui.keyword.WebUiBuiltInKeywords$click$3.call(Unknown Source)
	at Script1591197182790.run(Script1591197182790.groovy:41)
	... 13 more
)

2020-06-05 13:45:07 - [MESSAGE][WARNING] - Cannot take screenshot

2020-06-05 13:45:07 - [MESSAGE][FAILED] - Unable to click on object 'Object Repository/1612893/45_Edit_TeamDescription/Page_Thanh set Channel name - hcmus-cdnc-te_a699a0/span_Save' (Root cause: com.kms.katalon.core.exception.StepFailedException: Unable to click on object 'Object Repository/1612893/45_Edit_TeamDescription/Page_Thanh set Channel name - hcmus-cdnc-te_a699a0/span_Save'
	at com.kms.katalon.core.webui.keyword.internal.WebUIKeywordMain.stepFailed(WebUIKeywordMain.groovy:64)
	at com.kms.katalon.core.webui.keyword.internal.WebUIKeywordMain.runKeyword(WebUIKeywordMain.groovy:26)
	at com.kms.katalon.core.webui.keyword.builtin.ClickKeyword.click(ClickKeyword.groovy:76)
	at com.kms.katalon.core.webui.keyword.builtin.ClickKeyword.execute(ClickKeyword.groovy:43)
	at com.kms.katalon.core.keyword.internal.KeywordExecutor.executeKeywordForPlatform(KeywordExecutor.groovy:72)
	at com.kms.katalon.core.webui.keyword.WebUiBuiltInKeywords.click(WebUiBuiltInKeywords.groovy:616)
	at com.kms.katalon.core.webui.keyword.WebUiBuiltInKeywords$click$3.call(Unknown Source)
	at TC_45_Edit_TeamDescription.run(TC_45_Edit_TeamDescription:41)
	at com.kms.katalon.core.main.ScriptEngine.run(ScriptEngine.java:194)
	at com.kms.katalon.core.main.ScriptEngine.runScriptAsRawText(ScriptEngine.java:119)
	at com.kms.katalon.core.main.TestCaseExecutor.runScript(TestCaseExecutor.java:337)
	at com.kms.katalon.core.main.TestCaseExecutor.doExecute(TestCaseExecutor.java:328)
	at com.kms.katalon.core.main.TestCaseExecutor.processExecutionPhase(TestCaseExecutor.java:307)
	at com.kms.katalon.core.main.TestCaseExecutor.accessMainPhase(TestCaseExecutor.java:299)
	at com.kms.katalon.core.main.TestCaseExecutor.execute(TestCaseExecutor.java:233)
	at com.kms.katalon.core.main.TestSuiteExecutor.accessTestCaseMainPhase(TestSuiteExecutor.java:169)
	at com.kms.katalon.core.main.TestSuiteExecutor.accessTestSuiteMainPhase(TestSuiteExecutor.java:142)
	at com.kms.katalon.core.main.TestSuiteExecutor.execute(TestSuiteExecutor.java:91)
	at com.kms.katalon.core.main.TestCaseMain.startTestSuite(TestCaseMain.java:157)
	at com.kms.katalon.core.main.TestCaseMain$startTestSuite$0.call(Unknown Source)
	at TempTestSuite1591337386301.run(TempTestSuite1591337386301.groovy:37)
Caused by: org.openqa.selenium.NoSuchWindowException: no such window: target window already closed
from unknown error: web view not found
  (Session info: chrome=83.0.4103.97)
Build info: version: '3.141.59', revision: 'e82be7d358', time: '2018-11-14T08:25:53'
System info: host: 'DESKTOP-SGC4F2H', ip: '172.25.32.1', os.name: 'Windows 10', os.arch: 'amd64', os.version: '10.0', java.version: '1.8.0_181'
Driver info: com.kms.katalon.selenium.driver.CChromeDriver
Capabilities {acceptInsecureCerts: false, browserName: chrome, browserVersion: 83.0.4103.97, chrome: {chromedriverVersion: 83.0.4103.39 (ccbf011cb2d2b..., userDataDir: C:\Users\Thanh\AppData\Loca...}, goog:chromeOptions: {debuggerAddress: localhost:65291}, javascriptEnabled: true, networkConnectionEnabled: false, pageLoadStrategy: normal, platform: WINDOWS, platformName: WINDOWS, proxy: Proxy(), setWindowRect: true, strictFileInteractability: false, timeouts: {implicit: 0, pageLoad: 300000, script: 30000}, unhandledPromptBehavior: dismiss and notify, webauthn:virtualAuthenticators: true}
Session ID: a5bc59ddaa6496474dc1e12022f3bd25
*** Element info: {Using=xpath, value=//button[@id='saveSetting']/span/span}
	at org.openqa.selenium.remote.http.W3CHttpResponseCodec.createException(W3CHttpResponseCodec.java:187)
	at org.openqa.selenium.remote.http.W3CHttpResponseCodec.decode(W3CHttpResponseCodec.java:122)
	at org.openqa.selenium.remote.http.W3CHttpResponseCodec.decode(W3CHttpResponseCodec.java:49)
	at org.openqa.selenium.remote.HttpCommandExecutor.execute(HttpCommandExecutor.java:158)
	at org.openqa.selenium.remote.service.DriverCommandExecutor.execute(DriverCommandExecutor.java:83)
	at org.openqa.selenium.remote.RemoteWebDriver.execute(RemoteWebDriver.java:552)
	at com.kms.katalon.selenium.driver.CChromeDriver.execute(CChromeDriver.java:19)
	at org.openqa.selenium.remote.RemoteWebDriver.findElements(RemoteWebDriver.java:353)
	at org.openqa.selenium.remote.RemoteWebDriver.findElementsByXPath(RemoteWebDriver.java:432)
	at org.openqa.selenium.By$ByXPath.findElements(By.java:348)
	at org.openqa.selenium.remote.RemoteWebDriver.findElements(RemoteWebDriver.java:311)
	at org.openqa.selenium.support.events.EventFiringWebDriver.lambda$new$1(EventFiringWebDriver.java:105)
	at com.sun.proxy.$Proxy8.findElements(Unknown Source)
	at org.openqa.selenium.support.events.EventFiringWebDriver.findElements(EventFiringWebDriver.java:182)
	at com.kms.katalon.core.webui.common.WebUiCommonHelper.findWebElements(WebUiCommonHelper.java:789)
	at com.kms.katalon.core.webui.common.WebUiCommonHelper.findWebElement(WebUiCommonHelper.java:1150)
	at com.kms.katalon.core.webui.keyword.internal.WebUIAbstractKeyword.findWebElement(WebUIAbstractKeyword.groovy:27)
	at com.kms.katalon.core.webui.keyword.internal.WebUIAbstractKeyword.findWebElement(WebUIAbstractKeyword.groovy:26)
	at com.kms.katalon.core.webui.keyword.builtin.ClickKeyword$_click_closure1.doCall(ClickKeyword.groovy:67)
	at com.kms.katalon.core.webui.keyword.builtin.ClickKeyword$_click_closure1.call(ClickKeyword.groovy)
	at com.kms.katalon.core.webui.keyword.internal.WebUIKeywordMain.runKeyword(WebUIKeywordMain.groovy:20)
	at com.kms.katalon.core.webui.keyword.builtin.ClickKeyword.click(ClickKeyword.groovy:76)
	at com.kms.katalon.core.webui.keyword.builtin.ClickKeyword.execute(ClickKeyword.groovy:43)
	at com.kms.katalon.core.keyword.internal.KeywordExecutor.executeKeywordForPlatform(KeywordExecutor.groovy:72)
	at com.kms.katalon.core.webui.keyword.WebUiBuiltInKeywords.click(WebUiBuiltInKeywords.groovy:616)
	at com.kms.katalon.core.webui.keyword.WebUiBuiltInKeywords$click$3.call(Unknown Source)
	at Script1591197182790.run(Script1591197182790.groovy:41)
	... 13 more
)]]></system-out>
         <system-err><![CDATA[2020-06-05 13:44:52 - [TEST_CASE][FAILED] - Test Cases/1612893/TC_45_Edit_TeamDescription: Test Cases/1612893/TC_45_Edit_TeamDescription FAILED.
Reason:
com.kms.katalon.core.exception.StepFailedException: Unable to click on object 'Object Repository/1612893/45_Edit_TeamDescription/Page_Thanh set Channel name - hcmus-cdnc-te_a699a0/span_Save'
	at com.kms.katalon.core.webui.keyword.internal.WebUIKeywordMain.stepFailed(WebUIKeywordMain.groovy:64)
	at com.kms.katalon.core.webui.keyword.internal.WebUIKeywordMain.runKeyword(WebUIKeywordMain.groovy:26)
	at com.kms.katalon.core.webui.keyword.builtin.ClickKeyword.click(ClickKeyword.groovy:76)
	at com.kms.katalon.core.webui.keyword.builtin.ClickKeyword.execute(ClickKeyword.groovy:43)
	at com.kms.katalon.core.keyword.internal.KeywordExecutor.executeKeywordForPlatform(KeywordExecutor.groovy:72)
	at com.kms.katalon.core.webui.keyword.WebUiBuiltInKeywords.click(WebUiBuiltInKeywords.groovy:616)
	at com.kms.katalon.core.webui.keyword.WebUiBuiltInKeywords$click$3.call(Unknown Source)
	at TC_45_Edit_TeamDescription.run(TC_45_Edit_TeamDescription:41)
	at com.kms.katalon.core.main.ScriptEngine.run(ScriptEngine.java:194)
	at com.kms.katalon.core.main.ScriptEngine.runScriptAsRawText(ScriptEngine.java:119)
	at com.kms.katalon.core.main.TestCaseExecutor.runScript(TestCaseExecutor.java:337)
	at com.kms.katalon.core.main.TestCaseExecutor.doExecute(TestCaseExecutor.java:328)
	at com.kms.katalon.core.main.TestCaseExecutor.processExecutionPhase(TestCaseExecutor.java:307)
	at com.kms.katalon.core.main.TestCaseExecutor.accessMainPhase(TestCaseExecutor.java:299)
	at com.kms.katalon.core.main.TestCaseExecutor.execute(TestCaseExecutor.java:233)
	at com.kms.katalon.core.main.TestSuiteExecutor.accessTestCaseMainPhase(TestSuiteExecutor.java:169)
	at com.kms.katalon.core.main.TestSuiteExecutor.accessTestSuiteMainPhase(TestSuiteExecutor.java:142)
	at com.kms.katalon.core.main.TestSuiteExecutor.execute(TestSuiteExecutor.java:91)
	at com.kms.katalon.core.main.TestCaseMain.startTestSuite(TestCaseMain.java:157)
	at com.kms.katalon.core.main.TestCaseMain$startTestSuite$0.call(Unknown Source)
	at TempTestSuite1591337386301.run(TempTestSuite1591337386301.groovy:37)
Caused by: org.openqa.selenium.NoSuchWindowException: no such window: target window already closed
from unknown error: web view not found
  (Session info: chrome=83.0.4103.97)
Build info: version: '3.141.59', revision: 'e82be7d358', time: '2018-11-14T08:25:53'
System info: host: 'DESKTOP-SGC4F2H', ip: '172.25.32.1', os.name: 'Windows 10', os.arch: 'amd64', os.version: '10.0', java.version: '1.8.0_181'
Driver info: com.kms.katalon.selenium.driver.CChromeDriver
Capabilities {acceptInsecureCerts: false, browserName: chrome, browserVersion: 83.0.4103.97, chrome: {chromedriverVersion: 83.0.4103.39 (ccbf011cb2d2b..., userDataDir: C:\Users\Thanh\AppData\Loca...}, goog:chromeOptions: {debuggerAddress: localhost:65291}, javascriptEnabled: true, networkConnectionEnabled: false, pageLoadStrategy: normal, platform: WINDOWS, platformName: WINDOWS, proxy: Proxy(), setWindowRect: true, strictFileInteractability: false, timeouts: {implicit: 0, pageLoad: 300000, script: 30000}, unhandledPromptBehavior: dismiss and notify, webauthn:virtualAuthenticators: true}
Session ID: a5bc59ddaa6496474dc1e12022f3bd25
*** Element info: {Using=xpath, value=//button[@id='saveSetting']/span/span}
	at org.openqa.selenium.remote.http.W3CHttpResponseCodec.createException(W3CHttpResponseCodec.java:187)
	at org.openqa.selenium.remote.http.W3CHttpResponseCodec.decode(W3CHttpResponseCodec.java:122)
	at org.openqa.selenium.remote.http.W3CHttpResponseCodec.decode(W3CHttpResponseCodec.java:49)
	at org.openqa.selenium.remote.HttpCommandExecutor.execute(HttpCommandExecutor.java:158)
	at org.openqa.selenium.remote.service.DriverCommandExecutor.execute(DriverCommandExecutor.java:83)
	at org.openqa.selenium.remote.RemoteWebDriver.execute(RemoteWebDriver.java:552)
	at com.kms.katalon.selenium.driver.CChromeDriver.execute(CChromeDriver.java:19)
	at org.openqa.selenium.remote.RemoteWebDriver.findElements(RemoteWebDriver.java:353)
	at org.openqa.selenium.remote.RemoteWebDriver.findElementsByXPath(RemoteWebDriver.java:432)
	at org.openqa.selenium.By$ByXPath.findElements(By.java:348)
	at org.openqa.selenium.remote.RemoteWebDriver.findElements(RemoteWebDriver.java:311)
	at org.openqa.selenium.support.events.EventFiringWebDriver.lambda$new$1(EventFiringWebDriver.java:105)
	at com.sun.proxy.$Proxy8.findElements(Unknown Source)
	at org.openqa.selenium.support.events.EventFiringWebDriver.findElements(EventFiringWebDriver.java:182)
	at com.kms.katalon.core.webui.common.WebUiCommonHelper.findWebElements(WebUiCommonHelper.java:789)
	at com.kms.katalon.core.webui.common.WebUiCommonHelper.findWebElement(WebUiCommonHelper.java:1150)
	at com.kms.katalon.core.webui.keyword.internal.WebUIAbstractKeyword.findWebElement(WebUIAbstractKeyword.groovy:27)
	at com.kms.katalon.core.webui.keyword.internal.WebUIAbstractKeyword.findWebElement(WebUIAbstractKeyword.groovy:26)
	at com.kms.katalon.core.webui.keyword.builtin.ClickKeyword$_click_closure1.doCall(ClickKeyword.groovy:67)
	at com.kms.katalon.core.webui.keyword.builtin.ClickKeyword$_click_closure1.call(ClickKeyword.groovy)
	at com.kms.katalon.core.webui.keyword.internal.WebUIKeywordMain.runKeyword(WebUIKeywordMain.groovy:20)
	... 19 more]]></system-err>
      </testcase>
      <testcase name="Test Cases/1612893/TC_45_Edit_TeamDescription" time="16.895" classname="Test Cases/1612893/TC_45_Edit_TeamDescription" status="FAILED">
         <failure type="FAILED" message="Test Cases/1612893/TC_45_Edit_TeamDescription FAILED.
Reason:
com.kms.katalon.core.exception.StepFailedException: Unable to click on object 'Object Repository/1612893/45_Edit_TeamDescription/Page_Thanh set Channel name - hcmus-cdnc-te_a699a0/span_'
	at com.kms.katalon.core.webui.keyword.internal.WebUIKeywordMain.stepFailed(WebUIKeywordMain.groovy:64)
	at com.kms.katalon.core.webui.keyword.internal.WebUIKeywordMain.runKeyword(WebUIKeywordMain.groovy:26)
	at com.kms.katalon.core.webui.keyword.builtin.ClickKeyword.click(ClickKeyword.groovy:76)
	at com.kms.katalon.core.webui.keyword.builtin.ClickKeyword.execute(ClickKeyword.groovy:43)
	at com.kms.katalon.core.keyword.internal.KeywordExecutor.executeKeywordForPlatform(KeywordExecutor.groovy:72)
	at com.kms.katalon.core.webui.keyword.WebUiBuiltInKeywords.click(WebUiBuiltInKeywords.groovy:616)
	at com.kms.katalon.core.webui.keyword.WebUiBuiltInKeywords$click$3.call(Unknown Source)
	at TC_45_Edit_TeamDescription.run(TC_45_Edit_TeamDescription:43)
	at com.kms.katalon.core.main.ScriptEngine.run(ScriptEngine.java:194)
	at com.kms.katalon.core.main.ScriptEngine.runScriptAsRawText(ScriptEngine.java:119)
	at com.kms.katalon.core.main.TestCaseExecutor.runScript(TestCaseExecutor.java:337)
	at com.kms.katalon.core.main.TestCaseExecutor.doExecute(TestCaseExecutor.java:328)
	at com.kms.katalon.core.main.TestCaseExecutor.processExecutionPhase(TestCaseExecutor.java:307)
	at com.kms.katalon.core.main.TestCaseExecutor.accessMainPhase(TestCaseExecutor.java:299)
	at com.kms.katalon.core.main.TestCaseExecutor.execute(TestCaseExecutor.java:233)
	at com.kms.katalon.core.main.TestSuiteExecutor.accessTestCaseMainPhase(TestSuiteExecutor.java:169)
	at com.kms.katalon.core.main.TestSuiteExecutor.accessTestSuiteMainPhase(TestSuiteExecutor.java:142)
	at com.kms.katalon.core.main.TestSuiteExecutor.execute(TestSuiteExecutor.java:91)
	at com.kms.katalon.core.main.TestCaseMain.startTestSuite(TestCaseMain.java:157)
	at com.kms.katalon.core.main.TestCaseMain$startTestSuite$0.call(Unknown Source)
	at TempTestSuite1591337386301.run(TempTestSuite1591337386301.groovy:37)
Caused by: org.openqa.selenium.NoSuchWindowException: no such window: target window already closed
from unknown error: web view not found
  (Session info: chrome=83.0.4103.97)
Build info: version: '3.141.59', revision: 'e82be7d358', time: '2018-11-14T08:25:53'
System info: host: 'DESKTOP-SGC4F2H', ip: '172.25.32.1', os.name: 'Windows 10', os.arch: 'amd64', os.version: '10.0', java.version: '1.8.0_181'
Driver info: com.kms.katalon.selenium.driver.CChromeDriver
Capabilities {acceptInsecureCerts: false, browserName: chrome, browserVersion: 83.0.4103.97, chrome: {chromedriverVersion: 83.0.4103.39 (ccbf011cb2d2b..., userDataDir: C:\Users\Thanh\AppData\Loca...}, goog:chromeOptions: {debuggerAddress: localhost:65321}, javascriptEnabled: true, networkConnectionEnabled: false, pageLoadStrategy: normal, platform: WINDOWS, platformName: WINDOWS, proxy: Proxy(), setWindowRect: true, strictFileInteractability: false, timeouts: {implicit: 0, pageLoad: 300000, script: 30000}, unhandledPromptBehavior: dismiss and notify, webauthn:virtualAuthenticators: true}
Session ID: 4a8b9625732c9b3b93a70b8d9609074e
*** Element info: {Using=xpath, value=//div[@id='teamSettingsModalLabel']/button/span}
	at org.openqa.selenium.remote.http.W3CHttpResponseCodec.createException(W3CHttpResponseCodec.java:187)
	at org.openqa.selenium.remote.http.W3CHttpResponseCodec.decode(W3CHttpResponseCodec.java:122)
	at org.openqa.selenium.remote.http.W3CHttpResponseCodec.decode(W3CHttpResponseCodec.java:49)
	at org.openqa.selenium.remote.HttpCommandExecutor.execute(HttpCommandExecutor.java:158)
	at org.openqa.selenium.remote.service.DriverCommandExecutor.execute(DriverCommandExecutor.java:83)
	at org.openqa.selenium.remote.RemoteWebDriver.execute(RemoteWebDriver.java:552)
	at com.kms.katalon.selenium.driver.CChromeDriver.execute(CChromeDriver.java:19)
	at org.openqa.selenium.remote.RemoteWebDriver.findElements(RemoteWebDriver.java:353)
	at org.openqa.selenium.remote.RemoteWebDriver.findElementsByXPath(RemoteWebDriver.java:432)
	at org.openqa.selenium.By$ByXPath.findElements(By.java:348)
	at org.openqa.selenium.remote.RemoteWebDriver.findElements(RemoteWebDriver.java:311)
	at org.openqa.selenium.support.events.EventFiringWebDriver.lambda$new$1(EventFiringWebDriver.java:105)
	at com.sun.proxy.$Proxy8.findElements(Unknown Source)
	at org.openqa.selenium.support.events.EventFiringWebDriver.findElements(EventFiringWebDriver.java:182)
	at com.kms.katalon.core.webui.common.WebUiCommonHelper.findWebElements(WebUiCommonHelper.java:789)
	at com.kms.katalon.core.webui.common.WebUiCommonHelper.findWebElement(WebUiCommonHelper.java:1150)
	at com.kms.katalon.core.webui.keyword.internal.WebUIAbstractKeyword.findWebElement(WebUIAbstractKeyword.groovy:27)
	at com.kms.katalon.core.webui.keyword.internal.WebUIAbstractKeyword.findWebElement(WebUIAbstractKeyword.groovy:26)
	at com.kms.katalon.core.webui.keyword.builtin.ClickKeyword$_click_closure1.doCall(ClickKeyword.groovy:67)
	at com.kms.katalon.core.webui.keyword.builtin.ClickKeyword$_click_closure1.call(ClickKeyword.groovy)
	at com.kms.katalon.core.webui.keyword.internal.WebUIKeywordMain.runKeyword(WebUIKeywordMain.groovy:20)
	... 19 more
"/>
         <system-out><![CDATA[2020-06-05 13:45:07 - [TEST_CASE][FAILED] - Test Cases/1612893/TC_45_Edit_TeamDescription: Test Cases/1612893/TC_45_Edit_TeamDescription FAILED.
Reason:
com.kms.katalon.core.exception.StepFailedException: Unable to click on object 'Object Repository/1612893/45_Edit_TeamDescription/Page_Thanh set Channel name - hcmus-cdnc-te_a699a0/span_'
	at com.kms.katalon.core.webui.keyword.internal.WebUIKeywordMain.stepFailed(WebUIKeywordMain.groovy:64)
	at com.kms.katalon.core.webui.keyword.internal.WebUIKeywordMain.runKeyword(WebUIKeywordMain.groovy:26)
	at com.kms.katalon.core.webui.keyword.builtin.ClickKeyword.click(ClickKeyword.groovy:76)
	at com.kms.katalon.core.webui.keyword.builtin.ClickKeyword.execute(ClickKeyword.groovy:43)
	at com.kms.katalon.core.keyword.internal.KeywordExecutor.executeKeywordForPlatform(KeywordExecutor.groovy:72)
	at com.kms.katalon.core.webui.keyword.WebUiBuiltInKeywords.click(WebUiBuiltInKeywords.groovy:616)
	at com.kms.katalon.core.webui.keyword.WebUiBuiltInKeywords$click$3.call(Unknown Source)
	at TC_45_Edit_TeamDescription.run(TC_45_Edit_TeamDescription:43)
	at com.kms.katalon.core.main.ScriptEngine.run(ScriptEngine.java:194)
	at com.kms.katalon.core.main.ScriptEngine.runScriptAsRawText(ScriptEngine.java:119)
	at com.kms.katalon.core.main.TestCaseExecutor.runScript(TestCaseExecutor.java:337)
	at com.kms.katalon.core.main.TestCaseExecutor.doExecute(TestCaseExecutor.java:328)
	at com.kms.katalon.core.main.TestCaseExecutor.processExecutionPhase(TestCaseExecutor.java:307)
	at com.kms.katalon.core.main.TestCaseExecutor.accessMainPhase(TestCaseExecutor.java:299)
	at com.kms.katalon.core.main.TestCaseExecutor.execute(TestCaseExecutor.java:233)
	at com.kms.katalon.core.main.TestSuiteExecutor.accessTestCaseMainPhase(TestSuiteExecutor.java:169)
	at com.kms.katalon.core.main.TestSuiteExecutor.accessTestSuiteMainPhase(TestSuiteExecutor.java:142)
	at com.kms.katalon.core.main.TestSuiteExecutor.execute(TestSuiteExecutor.java:91)
	at com.kms.katalon.core.main.TestCaseMain.startTestSuite(TestCaseMain.java:157)
	at com.kms.katalon.core.main.TestCaseMain$startTestSuite$0.call(Unknown Source)
	at TempTestSuite1591337386301.run(TempTestSuite1591337386301.groovy:37)
Caused by: org.openqa.selenium.NoSuchWindowException: no such window: target window already closed
from unknown error: web view not found
  (Session info: chrome=83.0.4103.97)
Build info: version: '3.141.59', revision: 'e82be7d358', time: '2018-11-14T08:25:53'
System info: host: 'DESKTOP-SGC4F2H', ip: '172.25.32.1', os.name: 'Windows 10', os.arch: 'amd64', os.version: '10.0', java.version: '1.8.0_181'
Driver info: com.kms.katalon.selenium.driver.CChromeDriver
Capabilities {acceptInsecureCerts: false, browserName: chrome, browserVersion: 83.0.4103.97, chrome: {chromedriverVersion: 83.0.4103.39 (ccbf011cb2d2b..., userDataDir: C:\Users\Thanh\AppData\Loca...}, goog:chromeOptions: {debuggerAddress: localhost:65321}, javascriptEnabled: true, networkConnectionEnabled: false, pageLoadStrategy: normal, platform: WINDOWS, platformName: WINDOWS, proxy: Proxy(), setWindowRect: true, strictFileInteractability: false, timeouts: {implicit: 0, pageLoad: 300000, script: 30000}, unhandledPromptBehavior: dismiss and notify, webauthn:virtualAuthenticators: true}
Session ID: 4a8b9625732c9b3b93a70b8d9609074e
*** Element info: {Using=xpath, value=//div[@id='teamSettingsModalLabel']/button/span}
	at org.openqa.selenium.remote.http.W3CHttpResponseCodec.createException(W3CHttpResponseCodec.java:187)
	at org.openqa.selenium.remote.http.W3CHttpResponseCodec.decode(W3CHttpResponseCodec.java:122)
	at org.openqa.selenium.remote.http.W3CHttpResponseCodec.decode(W3CHttpResponseCodec.java:49)
	at org.openqa.selenium.remote.HttpCommandExecutor.execute(HttpCommandExecutor.java:158)
	at org.openqa.selenium.remote.service.DriverCommandExecutor.execute(DriverCommandExecutor.java:83)
	at org.openqa.selenium.remote.RemoteWebDriver.execute(RemoteWebDriver.java:552)
	at com.kms.katalon.selenium.driver.CChromeDriver.execute(CChromeDriver.java:19)
	at org.openqa.selenium.remote.RemoteWebDriver.findElements(RemoteWebDriver.java:353)
	at org.openqa.selenium.remote.RemoteWebDriver.findElementsByXPath(RemoteWebDriver.java:432)
	at org.openqa.selenium.By$ByXPath.findElements(By.java:348)
	at org.openqa.selenium.remote.RemoteWebDriver.findElements(RemoteWebDriver.java:311)
	at org.openqa.selenium.support.events.EventFiringWebDriver.lambda$new$1(EventFiringWebDriver.java:105)
	at com.sun.proxy.$Proxy8.findElements(Unknown Source)
	at org.openqa.selenium.support.events.EventFiringWebDriver.findElements(EventFiringWebDriver.java:182)
	at com.kms.katalon.core.webui.common.WebUiCommonHelper.findWebElements(WebUiCommonHelper.java:789)
	at com.kms.katalon.core.webui.common.WebUiCommonHelper.findWebElement(WebUiCommonHelper.java:1150)
	at com.kms.katalon.core.webui.keyword.internal.WebUIAbstractKeyword.findWebElement(WebUIAbstractKeyword.groovy:27)
	at com.kms.katalon.core.webui.keyword.internal.WebUIAbstractKeyword.findWebElement(WebUIAbstractKeyword.groovy:26)
	at com.kms.katalon.core.webui.keyword.builtin.ClickKeyword$_click_closure1.doCall(ClickKeyword.groovy:67)
	at com.kms.katalon.core.webui.keyword.builtin.ClickKeyword$_click_closure1.call(ClickKeyword.groovy)
	at com.kms.katalon.core.webui.keyword.internal.WebUIKeywordMain.runKeyword(WebUIKeywordMain.groovy:20)
	... 19 more


2020-06-05 13:45:07 - [TEST_STEP][PASSED] - openBrowser(""): Browser is opened with url: ''

2020-06-05 13:45:07 - [MESSAGE][WARNING] - A browser is already opened. Closing browser and opening a new one

2020-06-05 13:45:08 - [MESSAGE][INFO] - Starting 'Chrome' driver

2020-06-05 13:45:08 - [MESSAGE][INFO] - Action delay is set to 0 milliseconds

2020-06-05 13:45:11 - [MESSAGE][PASSED] - Browser is opened with url: ''

2020-06-05 13:45:11 - [TEST_STEP][PASSED] - navigateToUrl("http://localhost:8065/hcmus-cdnc-team/channels/town-square"): Navigate to 'http://localhost:8065/hcmus-cdnc-team/channels/town-square' successfully

2020-06-05 13:45:13 - [MESSAGE][PASSED] - Navigate to 'http://localhost:8065/hcmus-cdnc-team/channels/town-square' successfully

2020-06-05 13:45:13 - [TEST_STEP][PASSED] - setText(findTestObject("Object Repository/1612893/45_Edit_TeamDescription/Page_Mattermost/input_All team communication in one place s_703ef5"), "hcmus-cdnc@gmail.com"): Text 'hcmus-cdnc@gmail.com' is set on object 'Object Repository/1612893/45_Edit_TeamDescription/Page_Mattermost/input_All team communication in one place s_703ef5'

2020-06-05 13:45:15 - [MESSAGE][PASSED] - Text 'hcmus-cdnc@gmail.com' is set on object 'Object Repository/1612893/45_Edit_TeamDescription/Page_Mattermost/input_All team communication in one place s_703ef5'

2020-06-05 13:45:15 - [TEST_STEP][PASSED] - setEncryptedText(findTestObject("Object Repository/1612893/45_Edit_TeamDescription/Page_Mattermost/input_Please enter your password_password"), "aeHFOx8jV/A="): Text ****** has been set on object 'Object Repository/1612893/45_Edit_TeamDescription/Page_Mattermost/input_Please enter your password_password'

2020-06-05 13:45:16 - [MESSAGE][PASSED] - Text ****** has been set on object 'Object Repository/1612893/45_Edit_TeamDescription/Page_Mattermost/input_Please enter your password_password'

2020-06-05 13:45:16 - [TEST_STEP][PASSED] - sendKeys(findTestObject("Object Repository/1612893/45_Edit_TeamDescription/Page_Mattermost/input_Please enter your password_password"), Keys.chord(ENTER)): Keys 'ENTER + ' sent to object: 'Object Repository/1612893/45_Edit_TeamDescription/Page_Mattermost/input_Please enter your password_password'

2020-06-05 13:45:16 - [MESSAGE][PASSED] - Keys 'ENTER + ' sent to object: 'Object Repository/1612893/45_Edit_TeamDescription/Page_Mattermost/input_Please enter your password_password'

2020-06-05 13:45:16 - [TEST_STEP][PASSED] - click(findTestObject("Object Repository/1612893/45_Edit_TeamDescription/Page_Thanh set Channel name - hcmus-cdnc-te_a699a0/span")): Object: 'Object Repository/1612893/45_Edit_TeamDescription/Page_Thanh set Channel name - hcmus-cdnc-te_a699a0/span' is clicked on

2020-06-05 13:45:20 - [MESSAGE][PASSED] - Object: 'Object Repository/1612893/45_Edit_TeamDescription/Page_Thanh set Channel name - hcmus-cdnc-te_a699a0/span' is clicked on

2020-06-05 13:45:20 - [TEST_STEP][PASSED] - click(findTestObject("Object Repository/1612893/45_Edit_TeamDescription/Page_Thanh set Channel name - hcmus-cdnc-te_a699a0/span_Team Settings")): Object: 'Object Repository/1612893/45_Edit_TeamDescription/Page_Thanh set Channel name - hcmus-cdnc-te_a699a0/span_Team Settings' is clicked on

2020-06-05 13:45:21 - [MESSAGE][PASSED] - Object: 'Object Repository/1612893/45_Edit_TeamDescription/Page_Thanh set Channel name - hcmus-cdnc-te_a699a0/span_Team Settings' is clicked on

2020-06-05 13:45:21 - [TEST_STEP][PASSED] - click(findTestObject("Object Repository/1612893/45_Edit_TeamDescription/Page_Thanh set Channel name - hcmus-cdnc-te_a699a0/span_Edit")): Object: 'Object Repository/1612893/45_Edit_TeamDescription/Page_Thanh set Channel name - hcmus-cdnc-te_a699a0/span_Edit' is clicked on

2020-06-05 13:45:22 - [MESSAGE][PASSED] - Object: 'Object Repository/1612893/45_Edit_TeamDescription/Page_Thanh set Channel name - hcmus-cdnc-te_a699a0/span_Edit' is clicked on

2020-06-05 13:45:22 - [TEST_STEP][PASSED] - setText(findTestObject("Object Repository/1612893/45_Edit_TeamDescription/Page_Thanh set Channel name - hcmus-cdnc-te_a699a0/input_Team Description_teamDescription"), description): Text 'Nhóm Phát triển' is set on object 'Object Repository/1612893/45_Edit_TeamDescription/Page_Thanh set Channel name - hcmus-cdnc-te_a699a0/input_Team Description_teamDescription'

2020-06-05 13:45:23 - [MESSAGE][PASSED] - Text 'Nhóm Phát triển' is set on object 'Object Repository/1612893/45_Edit_TeamDescription/Page_Thanh set Channel name - hcmus-cdnc-te_a699a0/input_Team Description_teamDescription'

2020-06-05 13:45:23 - [TEST_STEP][PASSED] - click(findTestObject("Object Repository/1612893/45_Edit_TeamDescription/Page_Thanh set Channel name - hcmus-cdnc-te_a699a0/span_Save")): Object: 'Object Repository/1612893/45_Edit_TeamDescription/Page_Thanh set Channel name - hcmus-cdnc-te_a699a0/span_Save' is clicked on

2020-06-05 13:45:24 - [MESSAGE][PASSED] - Object: 'Object Repository/1612893/45_Edit_TeamDescription/Page_Thanh set Channel name - hcmus-cdnc-te_a699a0/span_Save' is clicked on

2020-06-05 13:45:24 - [TEST_STEP][FAILED] - click(findTestObject("Object Repository/1612893/45_Edit_TeamDescription/Page_Thanh set Channel name - hcmus-cdnc-te_a699a0/span_")): Unable to click on object 'Object Repository/1612893/45_Edit_TeamDescription/Page_Thanh set Channel name - hcmus-cdnc-te_a699a0/span_' (Root cause: com.kms.katalon.core.exception.StepFailedException: Unable to click on object 'Object Repository/1612893/45_Edit_TeamDescription/Page_Thanh set Channel name - hcmus-cdnc-te_a699a0/span_'
	at com.kms.katalon.core.webui.keyword.internal.WebUIKeywordMain.stepFailed(WebUIKeywordMain.groovy:64)
	at com.kms.katalon.core.webui.keyword.internal.WebUIKeywordMain.runKeyword(WebUIKeywordMain.groovy:26)
	at com.kms.katalon.core.webui.keyword.builtin.ClickKeyword.click(ClickKeyword.groovy:76)
	at com.kms.katalon.core.webui.keyword.builtin.ClickKeyword.execute(ClickKeyword.groovy:43)
	at com.kms.katalon.core.keyword.internal.KeywordExecutor.executeKeywordForPlatform(KeywordExecutor.groovy:72)
	at com.kms.katalon.core.webui.keyword.WebUiBuiltInKeywords.click(WebUiBuiltInKeywords.groovy:616)
	at com.kms.katalon.core.webui.keyword.WebUiBuiltInKeywords$click$3.call(Unknown Source)
	at TC_45_Edit_TeamDescription.run(TC_45_Edit_TeamDescription:43)
	at com.kms.katalon.core.main.ScriptEngine.run(ScriptEngine.java:194)
	at com.kms.katalon.core.main.ScriptEngine.runScriptAsRawText(ScriptEngine.java:119)
	at com.kms.katalon.core.main.TestCaseExecutor.runScript(TestCaseExecutor.java:337)
	at com.kms.katalon.core.main.TestCaseExecutor.doExecute(TestCaseExecutor.java:328)
	at com.kms.katalon.core.main.TestCaseExecutor.processExecutionPhase(TestCaseExecutor.java:307)
	at com.kms.katalon.core.main.TestCaseExecutor.accessMainPhase(TestCaseExecutor.java:299)
	at com.kms.katalon.core.main.TestCaseExecutor.execute(TestCaseExecutor.java:233)
	at com.kms.katalon.core.main.TestSuiteExecutor.accessTestCaseMainPhase(TestSuiteExecutor.java:169)
	at com.kms.katalon.core.main.TestSuiteExecutor.accessTestSuiteMainPhase(TestSuiteExecutor.java:142)
	at com.kms.katalon.core.main.TestSuiteExecutor.execute(TestSuiteExecutor.java:91)
	at com.kms.katalon.core.main.TestCaseMain.startTestSuite(TestCaseMain.java:157)
	at com.kms.katalon.core.main.TestCaseMain$startTestSuite$0.call(Unknown Source)
	at TempTestSuite1591337386301.run(TempTestSuite1591337386301.groovy:37)
Caused by: org.openqa.selenium.NoSuchWindowException: no such window: target window already closed
from unknown error: web view not found
  (Session info: chrome=83.0.4103.97)
Build info: version: '3.141.59', revision: 'e82be7d358', time: '2018-11-14T08:25:53'
System info: host: 'DESKTOP-SGC4F2H', ip: '172.25.32.1', os.name: 'Windows 10', os.arch: 'amd64', os.version: '10.0', java.version: '1.8.0_181'
Driver info: com.kms.katalon.selenium.driver.CChromeDriver
Capabilities {acceptInsecureCerts: false, browserName: chrome, browserVersion: 83.0.4103.97, chrome: {chromedriverVersion: 83.0.4103.39 (ccbf011cb2d2b..., userDataDir: C:\Users\Thanh\AppData\Loca...}, goog:chromeOptions: {debuggerAddress: localhost:65321}, javascriptEnabled: true, networkConnectionEnabled: false, pageLoadStrategy: normal, platform: WINDOWS, platformName: WINDOWS, proxy: Proxy(), setWindowRect: true, strictFileInteractability: false, timeouts: {implicit: 0, pageLoad: 300000, script: 30000}, unhandledPromptBehavior: dismiss and notify, webauthn:virtualAuthenticators: true}
Session ID: 4a8b9625732c9b3b93a70b8d9609074e
*** Element info: {Using=xpath, value=//div[@id='teamSettingsModalLabel']/button/span}
	at org.openqa.selenium.remote.http.W3CHttpResponseCodec.createException(W3CHttpResponseCodec.java:187)
	at org.openqa.selenium.remote.http.W3CHttpResponseCodec.decode(W3CHttpResponseCodec.java:122)
	at org.openqa.selenium.remote.http.W3CHttpResponseCodec.decode(W3CHttpResponseCodec.java:49)
	at org.openqa.selenium.remote.HttpCommandExecutor.execute(HttpCommandExecutor.java:158)
	at org.openqa.selenium.remote.service.DriverCommandExecutor.execute(DriverCommandExecutor.java:83)
	at org.openqa.selenium.remote.RemoteWebDriver.execute(RemoteWebDriver.java:552)
	at com.kms.katalon.selenium.driver.CChromeDriver.execute(CChromeDriver.java:19)
	at org.openqa.selenium.remote.RemoteWebDriver.findElements(RemoteWebDriver.java:353)
	at org.openqa.selenium.remote.RemoteWebDriver.findElementsByXPath(RemoteWebDriver.java:432)
	at org.openqa.selenium.By$ByXPath.findElements(By.java:348)
	at org.openqa.selenium.remote.RemoteWebDriver.findElements(RemoteWebDriver.java:311)
	at org.openqa.selenium.support.events.EventFiringWebDriver.lambda$new$1(EventFiringWebDriver.java:105)
	at com.sun.proxy.$Proxy8.findElements(Unknown Source)
	at org.openqa.selenium.support.events.EventFiringWebDriver.findElements(EventFiringWebDriver.java:182)
	at com.kms.katalon.core.webui.common.WebUiCommonHelper.findWebElements(WebUiCommonHelper.java:789)
	at com.kms.katalon.core.webui.common.WebUiCommonHelper.findWebElement(WebUiCommonHelper.java:1150)
	at com.kms.katalon.core.webui.keyword.internal.WebUIAbstractKeyword.findWebElement(WebUIAbstractKeyword.groovy:27)
	at com.kms.katalon.core.webui.keyword.internal.WebUIAbstractKeyword.findWebElement(WebUIAbstractKeyword.groovy:26)
	at com.kms.katalon.core.webui.keyword.builtin.ClickKeyword$_click_closure1.doCall(ClickKeyword.groovy:67)
	at com.kms.katalon.core.webui.keyword.builtin.ClickKeyword$_click_closure1.call(ClickKeyword.groovy)
	at com.kms.katalon.core.webui.keyword.internal.WebUIKeywordMain.runKeyword(WebUIKeywordMain.groovy:20)
	at com.kms.katalon.core.webui.keyword.builtin.ClickKeyword.click(ClickKeyword.groovy:76)
	at com.kms.katalon.core.webui.keyword.builtin.ClickKeyword.execute(ClickKeyword.groovy:43)
	at com.kms.katalon.core.keyword.internal.KeywordExecutor.executeKeywordForPlatform(KeywordExecutor.groovy:72)
	at com.kms.katalon.core.webui.keyword.WebUiBuiltInKeywords.click(WebUiBuiltInKeywords.groovy:616)
	at com.kms.katalon.core.webui.keyword.WebUiBuiltInKeywords$click$3.call(Unknown Source)
	at Script1591197182790.run(Script1591197182790.groovy:43)
	... 13 more
)

2020-06-05 13:45:24 - [MESSAGE][WARNING] - Cannot take screenshot

2020-06-05 13:45:24 - [MESSAGE][FAILED] - Unable to click on object 'Object Repository/1612893/45_Edit_TeamDescription/Page_Thanh set Channel name - hcmus-cdnc-te_a699a0/span_' (Root cause: com.kms.katalon.core.exception.StepFailedException: Unable to click on object 'Object Repository/1612893/45_Edit_TeamDescription/Page_Thanh set Channel name - hcmus-cdnc-te_a699a0/span_'
	at com.kms.katalon.core.webui.keyword.internal.WebUIKeywordMain.stepFailed(WebUIKeywordMain.groovy:64)
	at com.kms.katalon.core.webui.keyword.internal.WebUIKeywordMain.runKeyword(WebUIKeywordMain.groovy:26)
	at com.kms.katalon.core.webui.keyword.builtin.ClickKeyword.click(ClickKeyword.groovy:76)
	at com.kms.katalon.core.webui.keyword.builtin.ClickKeyword.execute(ClickKeyword.groovy:43)
	at com.kms.katalon.core.keyword.internal.KeywordExecutor.executeKeywordForPlatform(KeywordExecutor.groovy:72)
	at com.kms.katalon.core.webui.keyword.WebUiBuiltInKeywords.click(WebUiBuiltInKeywords.groovy:616)
	at com.kms.katalon.core.webui.keyword.WebUiBuiltInKeywords$click$3.call(Unknown Source)
	at TC_45_Edit_TeamDescription.run(TC_45_Edit_TeamDescription:43)
	at com.kms.katalon.core.main.ScriptEngine.run(ScriptEngine.java:194)
	at com.kms.katalon.core.main.ScriptEngine.runScriptAsRawText(ScriptEngine.java:119)
	at com.kms.katalon.core.main.TestCaseExecutor.runScript(TestCaseExecutor.java:337)
	at com.kms.katalon.core.main.TestCaseExecutor.doExecute(TestCaseExecutor.java:328)
	at com.kms.katalon.core.main.TestCaseExecutor.processExecutionPhase(TestCaseExecutor.java:307)
	at com.kms.katalon.core.main.TestCaseExecutor.accessMainPhase(TestCaseExecutor.java:299)
	at com.kms.katalon.core.main.TestCaseExecutor.execute(TestCaseExecutor.java:233)
	at com.kms.katalon.core.main.TestSuiteExecutor.accessTestCaseMainPhase(TestSuiteExecutor.java:169)
	at com.kms.katalon.core.main.TestSuiteExecutor.accessTestSuiteMainPhase(TestSuiteExecutor.java:142)
	at com.kms.katalon.core.main.TestSuiteExecutor.execute(TestSuiteExecutor.java:91)
	at com.kms.katalon.core.main.TestCaseMain.startTestSuite(TestCaseMain.java:157)
	at com.kms.katalon.core.main.TestCaseMain$startTestSuite$0.call(Unknown Source)
	at TempTestSuite1591337386301.run(TempTestSuite1591337386301.groovy:37)
Caused by: org.openqa.selenium.NoSuchWindowException: no such window: target window already closed
from unknown error: web view not found
  (Session info: chrome=83.0.4103.97)
Build info: version: '3.141.59', revision: 'e82be7d358', time: '2018-11-14T08:25:53'
System info: host: 'DESKTOP-SGC4F2H', ip: '172.25.32.1', os.name: 'Windows 10', os.arch: 'amd64', os.version: '10.0', java.version: '1.8.0_181'
Driver info: com.kms.katalon.selenium.driver.CChromeDriver
Capabilities {acceptInsecureCerts: false, browserName: chrome, browserVersion: 83.0.4103.97, chrome: {chromedriverVersion: 83.0.4103.39 (ccbf011cb2d2b..., userDataDir: C:\Users\Thanh\AppData\Loca...}, goog:chromeOptions: {debuggerAddress: localhost:65321}, javascriptEnabled: true, networkConnectionEnabled: false, pageLoadStrategy: normal, platform: WINDOWS, platformName: WINDOWS, proxy: Proxy(), setWindowRect: true, strictFileInteractability: false, timeouts: {implicit: 0, pageLoad: 300000, script: 30000}, unhandledPromptBehavior: dismiss and notify, webauthn:virtualAuthenticators: true}
Session ID: 4a8b9625732c9b3b93a70b8d9609074e
*** Element info: {Using=xpath, value=//div[@id='teamSettingsModalLabel']/button/span}
	at org.openqa.selenium.remote.http.W3CHttpResponseCodec.createException(W3CHttpResponseCodec.java:187)
	at org.openqa.selenium.remote.http.W3CHttpResponseCodec.decode(W3CHttpResponseCodec.java:122)
	at org.openqa.selenium.remote.http.W3CHttpResponseCodec.decode(W3CHttpResponseCodec.java:49)
	at org.openqa.selenium.remote.HttpCommandExecutor.execute(HttpCommandExecutor.java:158)
	at org.openqa.selenium.remote.service.DriverCommandExecutor.execute(DriverCommandExecutor.java:83)
	at org.openqa.selenium.remote.RemoteWebDriver.execute(RemoteWebDriver.java:552)
	at com.kms.katalon.selenium.driver.CChromeDriver.execute(CChromeDriver.java:19)
	at org.openqa.selenium.remote.RemoteWebDriver.findElements(RemoteWebDriver.java:353)
	at org.openqa.selenium.remote.RemoteWebDriver.findElementsByXPath(RemoteWebDriver.java:432)
	at org.openqa.selenium.By$ByXPath.findElements(By.java:348)
	at org.openqa.selenium.remote.RemoteWebDriver.findElements(RemoteWebDriver.java:311)
	at org.openqa.selenium.support.events.EventFiringWebDriver.lambda$new$1(EventFiringWebDriver.java:105)
	at com.sun.proxy.$Proxy8.findElements(Unknown Source)
	at org.openqa.selenium.support.events.EventFiringWebDriver.findElements(EventFiringWebDriver.java:182)
	at com.kms.katalon.core.webui.common.WebUiCommonHelper.findWebElements(WebUiCommonHelper.java:789)
	at com.kms.katalon.core.webui.common.WebUiCommonHelper.findWebElement(WebUiCommonHelper.java:1150)
	at com.kms.katalon.core.webui.keyword.internal.WebUIAbstractKeyword.findWebElement(WebUIAbstractKeyword.groovy:27)
	at com.kms.katalon.core.webui.keyword.internal.WebUIAbstractKeyword.findWebElement(WebUIAbstractKeyword.groovy:26)
	at com.kms.katalon.core.webui.keyword.builtin.ClickKeyword$_click_closure1.doCall(ClickKeyword.groovy:67)
	at com.kms.katalon.core.webui.keyword.builtin.ClickKeyword$_click_closure1.call(ClickKeyword.groovy)
	at com.kms.katalon.core.webui.keyword.internal.WebUIKeywordMain.runKeyword(WebUIKeywordMain.groovy:20)
	at com.kms.katalon.core.webui.keyword.builtin.ClickKeyword.click(ClickKeyword.groovy:76)
	at com.kms.katalon.core.webui.keyword.builtin.ClickKeyword.execute(ClickKeyword.groovy:43)
	at com.kms.katalon.core.keyword.internal.KeywordExecutor.executeKeywordForPlatform(KeywordExecutor.groovy:72)
	at com.kms.katalon.core.webui.keyword.WebUiBuiltInKeywords.click(WebUiBuiltInKeywords.groovy:616)
	at com.kms.katalon.core.webui.keyword.WebUiBuiltInKeywords$click$3.call(Unknown Source)
	at Script1591197182790.run(Script1591197182790.groovy:43)
	... 13 more
)]]></system-out>
         <system-err><![CDATA[2020-06-05 13:45:07 - [TEST_CASE][FAILED] - Test Cases/1612893/TC_45_Edit_TeamDescription: Test Cases/1612893/TC_45_Edit_TeamDescription FAILED.
Reason:
com.kms.katalon.core.exception.StepFailedException: Unable to click on object 'Object Repository/1612893/45_Edit_TeamDescription/Page_Thanh set Channel name - hcmus-cdnc-te_a699a0/span_'
	at com.kms.katalon.core.webui.keyword.internal.WebUIKeywordMain.stepFailed(WebUIKeywordMain.groovy:64)
	at com.kms.katalon.core.webui.keyword.internal.WebUIKeywordMain.runKeyword(WebUIKeywordMain.groovy:26)
	at com.kms.katalon.core.webui.keyword.builtin.ClickKeyword.click(ClickKeyword.groovy:76)
	at com.kms.katalon.core.webui.keyword.builtin.ClickKeyword.execute(ClickKeyword.groovy:43)
	at com.kms.katalon.core.keyword.internal.KeywordExecutor.executeKeywordForPlatform(KeywordExecutor.groovy:72)
	at com.kms.katalon.core.webui.keyword.WebUiBuiltInKeywords.click(WebUiBuiltInKeywords.groovy:616)
	at com.kms.katalon.core.webui.keyword.WebUiBuiltInKeywords$click$3.call(Unknown Source)
	at TC_45_Edit_TeamDescription.run(TC_45_Edit_TeamDescription:43)
	at com.kms.katalon.core.main.ScriptEngine.run(ScriptEngine.java:194)
	at com.kms.katalon.core.main.ScriptEngine.runScriptAsRawText(ScriptEngine.java:119)
	at com.kms.katalon.core.main.TestCaseExecutor.runScript(TestCaseExecutor.java:337)
	at com.kms.katalon.core.main.TestCaseExecutor.doExecute(TestCaseExecutor.java:328)
	at com.kms.katalon.core.main.TestCaseExecutor.processExecutionPhase(TestCaseExecutor.java:307)
	at com.kms.katalon.core.main.TestCaseExecutor.accessMainPhase(TestCaseExecutor.java:299)
	at com.kms.katalon.core.main.TestCaseExecutor.execute(TestCaseExecutor.java:233)
	at com.kms.katalon.core.main.TestSuiteExecutor.accessTestCaseMainPhase(TestSuiteExecutor.java:169)
	at com.kms.katalon.core.main.TestSuiteExecutor.accessTestSuiteMainPhase(TestSuiteExecutor.java:142)
	at com.kms.katalon.core.main.TestSuiteExecutor.execute(TestSuiteExecutor.java:91)
	at com.kms.katalon.core.main.TestCaseMain.startTestSuite(TestCaseMain.java:157)
	at com.kms.katalon.core.main.TestCaseMain$startTestSuite$0.call(Unknown Source)
	at TempTestSuite1591337386301.run(TempTestSuite1591337386301.groovy:37)
Caused by: org.openqa.selenium.NoSuchWindowException: no such window: target window already closed
from unknown error: web view not found
  (Session info: chrome=83.0.4103.97)
Build info: version: '3.141.59', revision: 'e82be7d358', time: '2018-11-14T08:25:53'
System info: host: 'DESKTOP-SGC4F2H', ip: '172.25.32.1', os.name: 'Windows 10', os.arch: 'amd64', os.version: '10.0', java.version: '1.8.0_181'
Driver info: com.kms.katalon.selenium.driver.CChromeDriver
Capabilities {acceptInsecureCerts: false, browserName: chrome, browserVersion: 83.0.4103.97, chrome: {chromedriverVersion: 83.0.4103.39 (ccbf011cb2d2b..., userDataDir: C:\Users\Thanh\AppData\Loca...}, goog:chromeOptions: {debuggerAddress: localhost:65321}, javascriptEnabled: true, networkConnectionEnabled: false, pageLoadStrategy: normal, platform: WINDOWS, platformName: WINDOWS, proxy: Proxy(), setWindowRect: true, strictFileInteractability: false, timeouts: {implicit: 0, pageLoad: 300000, script: 30000}, unhandledPromptBehavior: dismiss and notify, webauthn:virtualAuthenticators: true}
Session ID: 4a8b9625732c9b3b93a70b8d9609074e
*** Element info: {Using=xpath, value=//div[@id='teamSettingsModalLabel']/button/span}
	at org.openqa.selenium.remote.http.W3CHttpResponseCodec.createException(W3CHttpResponseCodec.java:187)
	at org.openqa.selenium.remote.http.W3CHttpResponseCodec.decode(W3CHttpResponseCodec.java:122)
	at org.openqa.selenium.remote.http.W3CHttpResponseCodec.decode(W3CHttpResponseCodec.java:49)
	at org.openqa.selenium.remote.HttpCommandExecutor.execute(HttpCommandExecutor.java:158)
	at org.openqa.selenium.remote.service.DriverCommandExecutor.execute(DriverCommandExecutor.java:83)
	at org.openqa.selenium.remote.RemoteWebDriver.execute(RemoteWebDriver.java:552)
	at com.kms.katalon.selenium.driver.CChromeDriver.execute(CChromeDriver.java:19)
	at org.openqa.selenium.remote.RemoteWebDriver.findElements(RemoteWebDriver.java:353)
	at org.openqa.selenium.remote.RemoteWebDriver.findElementsByXPath(RemoteWebDriver.java:432)
	at org.openqa.selenium.By$ByXPath.findElements(By.java:348)
	at org.openqa.selenium.remote.RemoteWebDriver.findElements(RemoteWebDriver.java:311)
	at org.openqa.selenium.support.events.EventFiringWebDriver.lambda$new$1(EventFiringWebDriver.java:105)
	at com.sun.proxy.$Proxy8.findElements(Unknown Source)
	at org.openqa.selenium.support.events.EventFiringWebDriver.findElements(EventFiringWebDriver.java:182)
	at com.kms.katalon.core.webui.common.WebUiCommonHelper.findWebElements(WebUiCommonHelper.java:789)
	at com.kms.katalon.core.webui.common.WebUiCommonHelper.findWebElement(WebUiCommonHelper.java:1150)
	at com.kms.katalon.core.webui.keyword.internal.WebUIAbstractKeyword.findWebElement(WebUIAbstractKeyword.groovy:27)
	at com.kms.katalon.core.webui.keyword.internal.WebUIAbstractKeyword.findWebElement(WebUIAbstractKeyword.groovy:26)
	at com.kms.katalon.core.webui.keyword.builtin.ClickKeyword$_click_closure1.doCall(ClickKeyword.groovy:67)
	at com.kms.katalon.core.webui.keyword.builtin.ClickKeyword$_click_closure1.call(ClickKeyword.groovy)
	at com.kms.katalon.core.webui.keyword.internal.WebUIKeywordMain.runKeyword(WebUIKeywordMain.groovy:20)
	... 19 more]]></system-err>
      </testcase>
      <testcase name="Test Cases/1612893/TC_45_Edit_TeamDescription" time="17.062" classname="Test Cases/1612893/TC_45_Edit_TeamDescription" status="FAILED">
         <failure type="FAILED" message="Test Cases/1612893/TC_45_Edit_TeamDescription FAILED.
Reason:
com.kms.katalon.core.exception.StepFailedException: Unable to click on object 'Object Repository/1612893/45_Edit_TeamDescription/Page_Thanh set Channel name - hcmus-cdnc-te_a699a0/span_Save'
	at com.kms.katalon.core.webui.keyword.internal.WebUIKeywordMain.stepFailed(WebUIKeywordMain.groovy:64)
	at com.kms.katalon.core.webui.keyword.internal.WebUIKeywordMain.runKeyword(WebUIKeywordMain.groovy:26)
	at com.kms.katalon.core.webui.keyword.builtin.ClickKeyword.click(ClickKeyword.groovy:76)
	at com.kms.katalon.core.webui.keyword.builtin.ClickKeyword.execute(ClickKeyword.groovy:43)
	at com.kms.katalon.core.keyword.internal.KeywordExecutor.executeKeywordForPlatform(KeywordExecutor.groovy:72)
	at com.kms.katalon.core.webui.keyword.WebUiBuiltInKeywords.click(WebUiBuiltInKeywords.groovy:616)
	at com.kms.katalon.core.webui.keyword.WebUiBuiltInKeywords$click$3.call(Unknown Source)
	at TC_45_Edit_TeamDescription.run(TC_45_Edit_TeamDescription:41)
	at com.kms.katalon.core.main.ScriptEngine.run(ScriptEngine.java:194)
	at com.kms.katalon.core.main.ScriptEngine.runScriptAsRawText(ScriptEngine.java:119)
	at com.kms.katalon.core.main.TestCaseExecutor.runScript(TestCaseExecutor.java:337)
	at com.kms.katalon.core.main.TestCaseExecutor.doExecute(TestCaseExecutor.java:328)
	at com.kms.katalon.core.main.TestCaseExecutor.processExecutionPhase(TestCaseExecutor.java:307)
	at com.kms.katalon.core.main.TestCaseExecutor.accessMainPhase(TestCaseExecutor.java:299)
	at com.kms.katalon.core.main.TestCaseExecutor.execute(TestCaseExecutor.java:233)
	at com.kms.katalon.core.main.TestSuiteExecutor.accessTestCaseMainPhase(TestSuiteExecutor.java:169)
	at com.kms.katalon.core.main.TestSuiteExecutor.accessTestSuiteMainPhase(TestSuiteExecutor.java:142)
	at com.kms.katalon.core.main.TestSuiteExecutor.execute(TestSuiteExecutor.java:91)
	at com.kms.katalon.core.main.TestCaseMain.startTestSuite(TestCaseMain.java:157)
	at com.kms.katalon.core.main.TestCaseMain$startTestSuite$0.call(Unknown Source)
	at TempTestSuite1591337386301.run(TempTestSuite1591337386301.groovy:37)
Caused by: org.openqa.selenium.NoSuchWindowException: no such window: target window already closed
from unknown error: web view not found
  (Session info: chrome=83.0.4103.97)
Build info: version: '3.141.59', revision: 'e82be7d358', time: '2018-11-14T08:25:53'
System info: host: 'DESKTOP-SGC4F2H', ip: '172.25.32.1', os.name: 'Windows 10', os.arch: 'amd64', os.version: '10.0', java.version: '1.8.0_181'
Driver info: com.kms.katalon.selenium.driver.CChromeDriver
Capabilities {acceptInsecureCerts: false, browserName: chrome, browserVersion: 83.0.4103.97, chrome: {chromedriverVersion: 83.0.4103.39 (ccbf011cb2d2b..., userDataDir: C:\Users\Thanh\AppData\Loca...}, goog:chromeOptions: {debuggerAddress: localhost:65353}, javascriptEnabled: true, networkConnectionEnabled: false, pageLoadStrategy: normal, platform: WINDOWS, platformName: WINDOWS, proxy: Proxy(), setWindowRect: true, strictFileInteractability: false, timeouts: {implicit: 0, pageLoad: 300000, script: 30000}, unhandledPromptBehavior: dismiss and notify, webauthn:virtualAuthenticators: true}
Session ID: 6258c899bce6ee6a394463c1eb876087
*** Element info: {Using=xpath, value=//button[@id='saveSetting']/span/span}
	at org.openqa.selenium.remote.http.W3CHttpResponseCodec.createException(W3CHttpResponseCodec.java:187)
	at org.openqa.selenium.remote.http.W3CHttpResponseCodec.decode(W3CHttpResponseCodec.java:122)
	at org.openqa.selenium.remote.http.W3CHttpResponseCodec.decode(W3CHttpResponseCodec.java:49)
	at org.openqa.selenium.remote.HttpCommandExecutor.execute(HttpCommandExecutor.java:158)
	at org.openqa.selenium.remote.service.DriverCommandExecutor.execute(DriverCommandExecutor.java:83)
	at org.openqa.selenium.remote.RemoteWebDriver.execute(RemoteWebDriver.java:552)
	at com.kms.katalon.selenium.driver.CChromeDriver.execute(CChromeDriver.java:19)
	at org.openqa.selenium.remote.RemoteWebDriver.findElements(RemoteWebDriver.java:353)
	at org.openqa.selenium.remote.RemoteWebDriver.findElementsByXPath(RemoteWebDriver.java:432)
	at org.openqa.selenium.By$ByXPath.findElements(By.java:348)
	at org.openqa.selenium.remote.RemoteWebDriver.findElements(RemoteWebDriver.java:311)
	at org.openqa.selenium.support.events.EventFiringWebDriver.lambda$new$1(EventFiringWebDriver.java:105)
	at com.sun.proxy.$Proxy8.findElements(Unknown Source)
	at org.openqa.selenium.support.events.EventFiringWebDriver.findElements(EventFiringWebDriver.java:182)
	at com.kms.katalon.core.webui.common.WebUiCommonHelper.findWebElements(WebUiCommonHelper.java:789)
	at com.kms.katalon.core.webui.common.WebUiCommonHelper.findWebElement(WebUiCommonHelper.java:1150)
	at com.kms.katalon.core.webui.keyword.internal.WebUIAbstractKeyword.findWebElement(WebUIAbstractKeyword.groovy:27)
	at com.kms.katalon.core.webui.keyword.internal.WebUIAbstractKeyword.findWebElement(WebUIAbstractKeyword.groovy:26)
	at com.kms.katalon.core.webui.keyword.builtin.ClickKeyword$_click_closure1.doCall(ClickKeyword.groovy:67)
	at com.kms.katalon.core.webui.keyword.builtin.ClickKeyword$_click_closure1.call(ClickKeyword.groovy)
	at com.kms.katalon.core.webui.keyword.internal.WebUIKeywordMain.runKeyword(WebUIKeywordMain.groovy:20)
	... 19 more
"/>
         <system-out><![CDATA[2020-06-05 13:45:24 - [TEST_CASE][FAILED] - Test Cases/1612893/TC_45_Edit_TeamDescription: Test Cases/1612893/TC_45_Edit_TeamDescription FAILED.
Reason:
com.kms.katalon.core.exception.StepFailedException: Unable to click on object 'Object Repository/1612893/45_Edit_TeamDescription/Page_Thanh set Channel name - hcmus-cdnc-te_a699a0/span_Save'
	at com.kms.katalon.core.webui.keyword.internal.WebUIKeywordMain.stepFailed(WebUIKeywordMain.groovy:64)
	at com.kms.katalon.core.webui.keyword.internal.WebUIKeywordMain.runKeyword(WebUIKeywordMain.groovy:26)
	at com.kms.katalon.core.webui.keyword.builtin.ClickKeyword.click(ClickKeyword.groovy:76)
	at com.kms.katalon.core.webui.keyword.builtin.ClickKeyword.execute(ClickKeyword.groovy:43)
	at com.kms.katalon.core.keyword.internal.KeywordExecutor.executeKeywordForPlatform(KeywordExecutor.groovy:72)
	at com.kms.katalon.core.webui.keyword.WebUiBuiltInKeywords.click(WebUiBuiltInKeywords.groovy:616)
	at com.kms.katalon.core.webui.keyword.WebUiBuiltInKeywords$click$3.call(Unknown Source)
	at TC_45_Edit_TeamDescription.run(TC_45_Edit_TeamDescription:41)
	at com.kms.katalon.core.main.ScriptEngine.run(ScriptEngine.java:194)
	at com.kms.katalon.core.main.ScriptEngine.runScriptAsRawText(ScriptEngine.java:119)
	at com.kms.katalon.core.main.TestCaseExecutor.runScript(TestCaseExecutor.java:337)
	at com.kms.katalon.core.main.TestCaseExecutor.doExecute(TestCaseExecutor.java:328)
	at com.kms.katalon.core.main.TestCaseExecutor.processExecutionPhase(TestCaseExecutor.java:307)
	at com.kms.katalon.core.main.TestCaseExecutor.accessMainPhase(TestCaseExecutor.java:299)
	at com.kms.katalon.core.main.TestCaseExecutor.execute(TestCaseExecutor.java:233)
	at com.kms.katalon.core.main.TestSuiteExecutor.accessTestCaseMainPhase(TestSuiteExecutor.java:169)
	at com.kms.katalon.core.main.TestSuiteExecutor.accessTestSuiteMainPhase(TestSuiteExecutor.java:142)
	at com.kms.katalon.core.main.TestSuiteExecutor.execute(TestSuiteExecutor.java:91)
	at com.kms.katalon.core.main.TestCaseMain.startTestSuite(TestCaseMain.java:157)
	at com.kms.katalon.core.main.TestCaseMain$startTestSuite$0.call(Unknown Source)
	at TempTestSuite1591337386301.run(TempTestSuite1591337386301.groovy:37)
Caused by: org.openqa.selenium.NoSuchWindowException: no such window: target window already closed
from unknown error: web view not found
  (Session info: chrome=83.0.4103.97)
Build info: version: '3.141.59', revision: 'e82be7d358', time: '2018-11-14T08:25:53'
System info: host: 'DESKTOP-SGC4F2H', ip: '172.25.32.1', os.name: 'Windows 10', os.arch: 'amd64', os.version: '10.0', java.version: '1.8.0_181'
Driver info: com.kms.katalon.selenium.driver.CChromeDriver
Capabilities {acceptInsecureCerts: false, browserName: chrome, browserVersion: 83.0.4103.97, chrome: {chromedriverVersion: 83.0.4103.39 (ccbf011cb2d2b..., userDataDir: C:\Users\Thanh\AppData\Loca...}, goog:chromeOptions: {debuggerAddress: localhost:65353}, javascriptEnabled: true, networkConnectionEnabled: false, pageLoadStrategy: normal, platform: WINDOWS, platformName: WINDOWS, proxy: Proxy(), setWindowRect: true, strictFileInteractability: false, timeouts: {implicit: 0, pageLoad: 300000, script: 30000}, unhandledPromptBehavior: dismiss and notify, webauthn:virtualAuthenticators: true}
Session ID: 6258c899bce6ee6a394463c1eb876087
*** Element info: {Using=xpath, value=//button[@id='saveSetting']/span/span}
	at org.openqa.selenium.remote.http.W3CHttpResponseCodec.createException(W3CHttpResponseCodec.java:187)
	at org.openqa.selenium.remote.http.W3CHttpResponseCodec.decode(W3CHttpResponseCodec.java:122)
	at org.openqa.selenium.remote.http.W3CHttpResponseCodec.decode(W3CHttpResponseCodec.java:49)
	at org.openqa.selenium.remote.HttpCommandExecutor.execute(HttpCommandExecutor.java:158)
	at org.openqa.selenium.remote.service.DriverCommandExecutor.execute(DriverCommandExecutor.java:83)
	at org.openqa.selenium.remote.RemoteWebDriver.execute(RemoteWebDriver.java:552)
	at com.kms.katalon.selenium.driver.CChromeDriver.execute(CChromeDriver.java:19)
	at org.openqa.selenium.remote.RemoteWebDriver.findElements(RemoteWebDriver.java:353)
	at org.openqa.selenium.remote.RemoteWebDriver.findElementsByXPath(RemoteWebDriver.java:432)
	at org.openqa.selenium.By$ByXPath.findElements(By.java:348)
	at org.openqa.selenium.remote.RemoteWebDriver.findElements(RemoteWebDriver.java:311)
	at org.openqa.selenium.support.events.EventFiringWebDriver.lambda$new$1(EventFiringWebDriver.java:105)
	at com.sun.proxy.$Proxy8.findElements(Unknown Source)
	at org.openqa.selenium.support.events.EventFiringWebDriver.findElements(EventFiringWebDriver.java:182)
	at com.kms.katalon.core.webui.common.WebUiCommonHelper.findWebElements(WebUiCommonHelper.java:789)
	at com.kms.katalon.core.webui.common.WebUiCommonHelper.findWebElement(WebUiCommonHelper.java:1150)
	at com.kms.katalon.core.webui.keyword.internal.WebUIAbstractKeyword.findWebElement(WebUIAbstractKeyword.groovy:27)
	at com.kms.katalon.core.webui.keyword.internal.WebUIAbstractKeyword.findWebElement(WebUIAbstractKeyword.groovy:26)
	at com.kms.katalon.core.webui.keyword.builtin.ClickKeyword$_click_closure1.doCall(ClickKeyword.groovy:67)
	at com.kms.katalon.core.webui.keyword.builtin.ClickKeyword$_click_closure1.call(ClickKeyword.groovy)
	at com.kms.katalon.core.webui.keyword.internal.WebUIKeywordMain.runKeyword(WebUIKeywordMain.groovy:20)
	... 19 more


2020-06-05 13:45:24 - [TEST_STEP][PASSED] - openBrowser(""): Browser is opened with url: ''

2020-06-05 13:45:24 - [MESSAGE][WARNING] - A browser is already opened. Closing browser and opening a new one

2020-06-05 13:45:25 - [MESSAGE][INFO] - Starting 'Chrome' driver

2020-06-05 13:45:25 - [MESSAGE][INFO] - Action delay is set to 0 milliseconds

2020-06-05 13:45:28 - [MESSAGE][PASSED] - Browser is opened with url: ''

2020-06-05 13:45:28 - [TEST_STEP][PASSED] - navigateToUrl("http://localhost:8065/hcmus-cdnc-team/channels/town-square"): Navigate to 'http://localhost:8065/hcmus-cdnc-team/channels/town-square' successfully

2020-06-05 13:45:30 - [MESSAGE][PASSED] - Navigate to 'http://localhost:8065/hcmus-cdnc-team/channels/town-square' successfully

2020-06-05 13:45:30 - [TEST_STEP][PASSED] - setText(findTestObject("Object Repository/1612893/45_Edit_TeamDescription/Page_Mattermost/input_All team communication in one place s_703ef5"), "hcmus-cdnc@gmail.com"): Text 'hcmus-cdnc@gmail.com' is set on object 'Object Repository/1612893/45_Edit_TeamDescription/Page_Mattermost/input_All team communication in one place s_703ef5'

2020-06-05 13:45:33 - [MESSAGE][PASSED] - Text 'hcmus-cdnc@gmail.com' is set on object 'Object Repository/1612893/45_Edit_TeamDescription/Page_Mattermost/input_All team communication in one place s_703ef5'

2020-06-05 13:45:33 - [TEST_STEP][PASSED] - setEncryptedText(findTestObject("Object Repository/1612893/45_Edit_TeamDescription/Page_Mattermost/input_Please enter your password_password"), "aeHFOx8jV/A="): Text ****** has been set on object 'Object Repository/1612893/45_Edit_TeamDescription/Page_Mattermost/input_Please enter your password_password'

2020-06-05 13:45:33 - [MESSAGE][PASSED] - Text ****** has been set on object 'Object Repository/1612893/45_Edit_TeamDescription/Page_Mattermost/input_Please enter your password_password'

2020-06-05 13:45:33 - [TEST_STEP][PASSED] - sendKeys(findTestObject("Object Repository/1612893/45_Edit_TeamDescription/Page_Mattermost/input_Please enter your password_password"), Keys.chord(ENTER)): Keys 'ENTER + ' sent to object: 'Object Repository/1612893/45_Edit_TeamDescription/Page_Mattermost/input_Please enter your password_password'

2020-06-05 13:45:34 - [MESSAGE][PASSED] - Keys 'ENTER + ' sent to object: 'Object Repository/1612893/45_Edit_TeamDescription/Page_Mattermost/input_Please enter your password_password'

2020-06-05 13:45:34 - [TEST_STEP][PASSED] - click(findTestObject("Object Repository/1612893/45_Edit_TeamDescription/Page_Thanh set Channel name - hcmus-cdnc-te_a699a0/span")): Object: 'Object Repository/1612893/45_Edit_TeamDescription/Page_Thanh set Channel name - hcmus-cdnc-te_a699a0/span' is clicked on

2020-06-05 13:45:38 - [MESSAGE][PASSED] - Object: 'Object Repository/1612893/45_Edit_TeamDescription/Page_Thanh set Channel name - hcmus-cdnc-te_a699a0/span' is clicked on

2020-06-05 13:45:38 - [TEST_STEP][PASSED] - click(findTestObject("Object Repository/1612893/45_Edit_TeamDescription/Page_Thanh set Channel name - hcmus-cdnc-te_a699a0/span_Team Settings")): Object: 'Object Repository/1612893/45_Edit_TeamDescription/Page_Thanh set Channel name - hcmus-cdnc-te_a699a0/span_Team Settings' is clicked on

2020-06-05 13:45:39 - [MESSAGE][PASSED] - Object: 'Object Repository/1612893/45_Edit_TeamDescription/Page_Thanh set Channel name - hcmus-cdnc-te_a699a0/span_Team Settings' is clicked on

2020-06-05 13:45:39 - [TEST_STEP][PASSED] - click(findTestObject("Object Repository/1612893/45_Edit_TeamDescription/Page_Thanh set Channel name - hcmus-cdnc-te_a699a0/span_Edit")): Object: 'Object Repository/1612893/45_Edit_TeamDescription/Page_Thanh set Channel name - hcmus-cdnc-te_a699a0/span_Edit' is clicked on

2020-06-05 13:45:39 - [MESSAGE][PASSED] - Object: 'Object Repository/1612893/45_Edit_TeamDescription/Page_Thanh set Channel name - hcmus-cdnc-te_a699a0/span_Edit' is clicked on

2020-06-05 13:45:39 - [TEST_STEP][PASSED] - setText(findTestObject("Object Repository/1612893/45_Edit_TeamDescription/Page_Thanh set Channel name - hcmus-cdnc-te_a699a0/input_Team Description_teamDescription"), description): Text 'Nhóm quảng bá sản phẩm' is set on object 'Object Repository/1612893/45_Edit_TeamDescription/Page_Thanh set Channel name - hcmus-cdnc-te_a699a0/input_Team Description_teamDescription'

2020-06-05 13:45:41 - [MESSAGE][PASSED] - Text 'Nhóm quảng bá sản phẩm' is set on object 'Object Repository/1612893/45_Edit_TeamDescription/Page_Thanh set Channel name - hcmus-cdnc-te_a699a0/input_Team Description_teamDescription'

2020-06-05 13:45:41 - [TEST_STEP][FAILED] - click(findTestObject("Object Repository/1612893/45_Edit_TeamDescription/Page_Thanh set Channel name - hcmus-cdnc-te_a699a0/span_Save")): Unable to click on object 'Object Repository/1612893/45_Edit_TeamDescription/Page_Thanh set Channel name - hcmus-cdnc-te_a699a0/span_Save' (Root cause: com.kms.katalon.core.exception.StepFailedException: Unable to click on object 'Object Repository/1612893/45_Edit_TeamDescription/Page_Thanh set Channel name - hcmus-cdnc-te_a699a0/span_Save'
	at com.kms.katalon.core.webui.keyword.internal.WebUIKeywordMain.stepFailed(WebUIKeywordMain.groovy:64)
	at com.kms.katalon.core.webui.keyword.internal.WebUIKeywordMain.runKeyword(WebUIKeywordMain.groovy:26)
	at com.kms.katalon.core.webui.keyword.builtin.ClickKeyword.click(ClickKeyword.groovy:76)
	at com.kms.katalon.core.webui.keyword.builtin.ClickKeyword.execute(ClickKeyword.groovy:43)
	at com.kms.katalon.core.keyword.internal.KeywordExecutor.executeKeywordForPlatform(KeywordExecutor.groovy:72)
	at com.kms.katalon.core.webui.keyword.WebUiBuiltInKeywords.click(WebUiBuiltInKeywords.groovy:616)
	at com.kms.katalon.core.webui.keyword.WebUiBuiltInKeywords$click$3.call(Unknown Source)
	at TC_45_Edit_TeamDescription.run(TC_45_Edit_TeamDescription:41)
	at com.kms.katalon.core.main.ScriptEngine.run(ScriptEngine.java:194)
	at com.kms.katalon.core.main.ScriptEngine.runScriptAsRawText(ScriptEngine.java:119)
	at com.kms.katalon.core.main.TestCaseExecutor.runScript(TestCaseExecutor.java:337)
	at com.kms.katalon.core.main.TestCaseExecutor.doExecute(TestCaseExecutor.java:328)
	at com.kms.katalon.core.main.TestCaseExecutor.processExecutionPhase(TestCaseExecutor.java:307)
	at com.kms.katalon.core.main.TestCaseExecutor.accessMainPhase(TestCaseExecutor.java:299)
	at com.kms.katalon.core.main.TestCaseExecutor.execute(TestCaseExecutor.java:233)
	at com.kms.katalon.core.main.TestSuiteExecutor.accessTestCaseMainPhase(TestSuiteExecutor.java:169)
	at com.kms.katalon.core.main.TestSuiteExecutor.accessTestSuiteMainPhase(TestSuiteExecutor.java:142)
	at com.kms.katalon.core.main.TestSuiteExecutor.execute(TestSuiteExecutor.java:91)
	at com.kms.katalon.core.main.TestCaseMain.startTestSuite(TestCaseMain.java:157)
	at com.kms.katalon.core.main.TestCaseMain$startTestSuite$0.call(Unknown Source)
	at TempTestSuite1591337386301.run(TempTestSuite1591337386301.groovy:37)
Caused by: org.openqa.selenium.NoSuchWindowException: no such window: target window already closed
from unknown error: web view not found
  (Session info: chrome=83.0.4103.97)
Build info: version: '3.141.59', revision: 'e82be7d358', time: '2018-11-14T08:25:53'
System info: host: 'DESKTOP-SGC4F2H', ip: '172.25.32.1', os.name: 'Windows 10', os.arch: 'amd64', os.version: '10.0', java.version: '1.8.0_181'
Driver info: com.kms.katalon.selenium.driver.CChromeDriver
Capabilities {acceptInsecureCerts: false, browserName: chrome, browserVersion: 83.0.4103.97, chrome: {chromedriverVersion: 83.0.4103.39 (ccbf011cb2d2b..., userDataDir: C:\Users\Thanh\AppData\Loca...}, goog:chromeOptions: {debuggerAddress: localhost:65353}, javascriptEnabled: true, networkConnectionEnabled: false, pageLoadStrategy: normal, platform: WINDOWS, platformName: WINDOWS, proxy: Proxy(), setWindowRect: true, strictFileInteractability: false, timeouts: {implicit: 0, pageLoad: 300000, script: 30000}, unhandledPromptBehavior: dismiss and notify, webauthn:virtualAuthenticators: true}
Session ID: 6258c899bce6ee6a394463c1eb876087
*** Element info: {Using=xpath, value=//button[@id='saveSetting']/span/span}
	at org.openqa.selenium.remote.http.W3CHttpResponseCodec.createException(W3CHttpResponseCodec.java:187)
	at org.openqa.selenium.remote.http.W3CHttpResponseCodec.decode(W3CHttpResponseCodec.java:122)
	at org.openqa.selenium.remote.http.W3CHttpResponseCodec.decode(W3CHttpResponseCodec.java:49)
	at org.openqa.selenium.remote.HttpCommandExecutor.execute(HttpCommandExecutor.java:158)
	at org.openqa.selenium.remote.service.DriverCommandExecutor.execute(DriverCommandExecutor.java:83)
	at org.openqa.selenium.remote.RemoteWebDriver.execute(RemoteWebDriver.java:552)
	at com.kms.katalon.selenium.driver.CChromeDriver.execute(CChromeDriver.java:19)
	at org.openqa.selenium.remote.RemoteWebDriver.findElements(RemoteWebDriver.java:353)
	at org.openqa.selenium.remote.RemoteWebDriver.findElementsByXPath(RemoteWebDriver.java:432)
	at org.openqa.selenium.By$ByXPath.findElements(By.java:348)
	at org.openqa.selenium.remote.RemoteWebDriver.findElements(RemoteWebDriver.java:311)
	at org.openqa.selenium.support.events.EventFiringWebDriver.lambda$new$1(EventFiringWebDriver.java:105)
	at com.sun.proxy.$Proxy8.findElements(Unknown Source)
	at org.openqa.selenium.support.events.EventFiringWebDriver.findElements(EventFiringWebDriver.java:182)
	at com.kms.katalon.core.webui.common.WebUiCommonHelper.findWebElements(WebUiCommonHelper.java:789)
	at com.kms.katalon.core.webui.common.WebUiCommonHelper.findWebElement(WebUiCommonHelper.java:1150)
	at com.kms.katalon.core.webui.keyword.internal.WebUIAbstractKeyword.findWebElement(WebUIAbstractKeyword.groovy:27)
	at com.kms.katalon.core.webui.keyword.internal.WebUIAbstractKeyword.findWebElement(WebUIAbstractKeyword.groovy:26)
	at com.kms.katalon.core.webui.keyword.builtin.ClickKeyword$_click_closure1.doCall(ClickKeyword.groovy:67)
	at com.kms.katalon.core.webui.keyword.builtin.ClickKeyword$_click_closure1.call(ClickKeyword.groovy)
	at com.kms.katalon.core.webui.keyword.internal.WebUIKeywordMain.runKeyword(WebUIKeywordMain.groovy:20)
	at com.kms.katalon.core.webui.keyword.builtin.ClickKeyword.click(ClickKeyword.groovy:76)
	at com.kms.katalon.core.webui.keyword.builtin.ClickKeyword.execute(ClickKeyword.groovy:43)
	at com.kms.katalon.core.keyword.internal.KeywordExecutor.executeKeywordForPlatform(KeywordExecutor.groovy:72)
	at com.kms.katalon.core.webui.keyword.WebUiBuiltInKeywords.click(WebUiBuiltInKeywords.groovy:616)
	at com.kms.katalon.core.webui.keyword.WebUiBuiltInKeywords$click$3.call(Unknown Source)
	at Script1591197182790.run(Script1591197182790.groovy:41)
	... 13 more
)

2020-06-05 13:45:41 - [MESSAGE][WARNING] - Cannot take screenshot

2020-06-05 13:45:41 - [MESSAGE][FAILED] - Unable to click on object 'Object Repository/1612893/45_Edit_TeamDescription/Page_Thanh set Channel name - hcmus-cdnc-te_a699a0/span_Save' (Root cause: com.kms.katalon.core.exception.StepFailedException: Unable to click on object 'Object Repository/1612893/45_Edit_TeamDescription/Page_Thanh set Channel name - hcmus-cdnc-te_a699a0/span_Save'
	at com.kms.katalon.core.webui.keyword.internal.WebUIKeywordMain.stepFailed(WebUIKeywordMain.groovy:64)
	at com.kms.katalon.core.webui.keyword.internal.WebUIKeywordMain.runKeyword(WebUIKeywordMain.groovy:26)
	at com.kms.katalon.core.webui.keyword.builtin.ClickKeyword.click(ClickKeyword.groovy:76)
	at com.kms.katalon.core.webui.keyword.builtin.ClickKeyword.execute(ClickKeyword.groovy:43)
	at com.kms.katalon.core.keyword.internal.KeywordExecutor.executeKeywordForPlatform(KeywordExecutor.groovy:72)
	at com.kms.katalon.core.webui.keyword.WebUiBuiltInKeywords.click(WebUiBuiltInKeywords.groovy:616)
	at com.kms.katalon.core.webui.keyword.WebUiBuiltInKeywords$click$3.call(Unknown Source)
	at TC_45_Edit_TeamDescription.run(TC_45_Edit_TeamDescription:41)
	at com.kms.katalon.core.main.ScriptEngine.run(ScriptEngine.java:194)
	at com.kms.katalon.core.main.ScriptEngine.runScriptAsRawText(ScriptEngine.java:119)
	at com.kms.katalon.core.main.TestCaseExecutor.runScript(TestCaseExecutor.java:337)
	at com.kms.katalon.core.main.TestCaseExecutor.doExecute(TestCaseExecutor.java:328)
	at com.kms.katalon.core.main.TestCaseExecutor.processExecutionPhase(TestCaseExecutor.java:307)
	at com.kms.katalon.core.main.TestCaseExecutor.accessMainPhase(TestCaseExecutor.java:299)
	at com.kms.katalon.core.main.TestCaseExecutor.execute(TestCaseExecutor.java:233)
	at com.kms.katalon.core.main.TestSuiteExecutor.accessTestCaseMainPhase(TestSuiteExecutor.java:169)
	at com.kms.katalon.core.main.TestSuiteExecutor.accessTestSuiteMainPhase(TestSuiteExecutor.java:142)
	at com.kms.katalon.core.main.TestSuiteExecutor.execute(TestSuiteExecutor.java:91)
	at com.kms.katalon.core.main.TestCaseMain.startTestSuite(TestCaseMain.java:157)
	at com.kms.katalon.core.main.TestCaseMain$startTestSuite$0.call(Unknown Source)
	at TempTestSuite1591337386301.run(TempTestSuite1591337386301.groovy:37)
Caused by: org.openqa.selenium.NoSuchWindowException: no such window: target window already closed
from unknown error: web view not found
  (Session info: chrome=83.0.4103.97)
Build info: version: '3.141.59', revision: 'e82be7d358', time: '2018-11-14T08:25:53'
System info: host: 'DESKTOP-SGC4F2H', ip: '172.25.32.1', os.name: 'Windows 10', os.arch: 'amd64', os.version: '10.0', java.version: '1.8.0_181'
Driver info: com.kms.katalon.selenium.driver.CChromeDriver
Capabilities {acceptInsecureCerts: false, browserName: chrome, browserVersion: 83.0.4103.97, chrome: {chromedriverVersion: 83.0.4103.39 (ccbf011cb2d2b..., userDataDir: C:\Users\Thanh\AppData\Loca...}, goog:chromeOptions: {debuggerAddress: localhost:65353}, javascriptEnabled: true, networkConnectionEnabled: false, pageLoadStrategy: normal, platform: WINDOWS, platformName: WINDOWS, proxy: Proxy(), setWindowRect: true, strictFileInteractability: false, timeouts: {implicit: 0, pageLoad: 300000, script: 30000}, unhandledPromptBehavior: dismiss and notify, webauthn:virtualAuthenticators: true}
Session ID: 6258c899bce6ee6a394463c1eb876087
*** Element info: {Using=xpath, value=//button[@id='saveSetting']/span/span}
	at org.openqa.selenium.remote.http.W3CHttpResponseCodec.createException(W3CHttpResponseCodec.java:187)
	at org.openqa.selenium.remote.http.W3CHttpResponseCodec.decode(W3CHttpResponseCodec.java:122)
	at org.openqa.selenium.remote.http.W3CHttpResponseCodec.decode(W3CHttpResponseCodec.java:49)
	at org.openqa.selenium.remote.HttpCommandExecutor.execute(HttpCommandExecutor.java:158)
	at org.openqa.selenium.remote.service.DriverCommandExecutor.execute(DriverCommandExecutor.java:83)
	at org.openqa.selenium.remote.RemoteWebDriver.execute(RemoteWebDriver.java:552)
	at com.kms.katalon.selenium.driver.CChromeDriver.execute(CChromeDriver.java:19)
	at org.openqa.selenium.remote.RemoteWebDriver.findElements(RemoteWebDriver.java:353)
	at org.openqa.selenium.remote.RemoteWebDriver.findElementsByXPath(RemoteWebDriver.java:432)
	at org.openqa.selenium.By$ByXPath.findElements(By.java:348)
	at org.openqa.selenium.remote.RemoteWebDriver.findElements(RemoteWebDriver.java:311)
	at org.openqa.selenium.support.events.EventFiringWebDriver.lambda$new$1(EventFiringWebDriver.java:105)
	at com.sun.proxy.$Proxy8.findElements(Unknown Source)
	at org.openqa.selenium.support.events.EventFiringWebDriver.findElements(EventFiringWebDriver.java:182)
	at com.kms.katalon.core.webui.common.WebUiCommonHelper.findWebElements(WebUiCommonHelper.java:789)
	at com.kms.katalon.core.webui.common.WebUiCommonHelper.findWebElement(WebUiCommonHelper.java:1150)
	at com.kms.katalon.core.webui.keyword.internal.WebUIAbstractKeyword.findWebElement(WebUIAbstractKeyword.groovy:27)
	at com.kms.katalon.core.webui.keyword.internal.WebUIAbstractKeyword.findWebElement(WebUIAbstractKeyword.groovy:26)
	at com.kms.katalon.core.webui.keyword.builtin.ClickKeyword$_click_closure1.doCall(ClickKeyword.groovy:67)
	at com.kms.katalon.core.webui.keyword.builtin.ClickKeyword$_click_closure1.call(ClickKeyword.groovy)
	at com.kms.katalon.core.webui.keyword.internal.WebUIKeywordMain.runKeyword(WebUIKeywordMain.groovy:20)
	at com.kms.katalon.core.webui.keyword.builtin.ClickKeyword.click(ClickKeyword.groovy:76)
	at com.kms.katalon.core.webui.keyword.builtin.ClickKeyword.execute(ClickKeyword.groovy:43)
	at com.kms.katalon.core.keyword.internal.KeywordExecutor.executeKeywordForPlatform(KeywordExecutor.groovy:72)
	at com.kms.katalon.core.webui.keyword.WebUiBuiltInKeywords.click(WebUiBuiltInKeywords.groovy:616)
	at com.kms.katalon.core.webui.keyword.WebUiBuiltInKeywords$click$3.call(Unknown Source)
	at Script1591197182790.run(Script1591197182790.groovy:41)
	... 13 more
)]]></system-out>
         <system-err><![CDATA[2020-06-05 13:45:24 - [TEST_CASE][FAILED] - Test Cases/1612893/TC_45_Edit_TeamDescription: Test Cases/1612893/TC_45_Edit_TeamDescription FAILED.
Reason:
com.kms.katalon.core.exception.StepFailedException: Unable to click on object 'Object Repository/1612893/45_Edit_TeamDescription/Page_Thanh set Channel name - hcmus-cdnc-te_a699a0/span_Save'
	at com.kms.katalon.core.webui.keyword.internal.WebUIKeywordMain.stepFailed(WebUIKeywordMain.groovy:64)
	at com.kms.katalon.core.webui.keyword.internal.WebUIKeywordMain.runKeyword(WebUIKeywordMain.groovy:26)
	at com.kms.katalon.core.webui.keyword.builtin.ClickKeyword.click(ClickKeyword.groovy:76)
	at com.kms.katalon.core.webui.keyword.builtin.ClickKeyword.execute(ClickKeyword.groovy:43)
	at com.kms.katalon.core.keyword.internal.KeywordExecutor.executeKeywordForPlatform(KeywordExecutor.groovy:72)
	at com.kms.katalon.core.webui.keyword.WebUiBuiltInKeywords.click(WebUiBuiltInKeywords.groovy:616)
	at com.kms.katalon.core.webui.keyword.WebUiBuiltInKeywords$click$3.call(Unknown Source)
	at TC_45_Edit_TeamDescription.run(TC_45_Edit_TeamDescription:41)
	at com.kms.katalon.core.main.ScriptEngine.run(ScriptEngine.java:194)
	at com.kms.katalon.core.main.ScriptEngine.runScriptAsRawText(ScriptEngine.java:119)
	at com.kms.katalon.core.main.TestCaseExecutor.runScript(TestCaseExecutor.java:337)
	at com.kms.katalon.core.main.TestCaseExecutor.doExecute(TestCaseExecutor.java:328)
	at com.kms.katalon.core.main.TestCaseExecutor.processExecutionPhase(TestCaseExecutor.java:307)
	at com.kms.katalon.core.main.TestCaseExecutor.accessMainPhase(TestCaseExecutor.java:299)
	at com.kms.katalon.core.main.TestCaseExecutor.execute(TestCaseExecutor.java:233)
	at com.kms.katalon.core.main.TestSuiteExecutor.accessTestCaseMainPhase(TestSuiteExecutor.java:169)
	at com.kms.katalon.core.main.TestSuiteExecutor.accessTestSuiteMainPhase(TestSuiteExecutor.java:142)
	at com.kms.katalon.core.main.TestSuiteExecutor.execute(TestSuiteExecutor.java:91)
	at com.kms.katalon.core.main.TestCaseMain.startTestSuite(TestCaseMain.java:157)
	at com.kms.katalon.core.main.TestCaseMain$startTestSuite$0.call(Unknown Source)
	at TempTestSuite1591337386301.run(TempTestSuite1591337386301.groovy:37)
Caused by: org.openqa.selenium.NoSuchWindowException: no such window: target window already closed
from unknown error: web view not found
  (Session info: chrome=83.0.4103.97)
Build info: version: '3.141.59', revision: 'e82be7d358', time: '2018-11-14T08:25:53'
System info: host: 'DESKTOP-SGC4F2H', ip: '172.25.32.1', os.name: 'Windows 10', os.arch: 'amd64', os.version: '10.0', java.version: '1.8.0_181'
Driver info: com.kms.katalon.selenium.driver.CChromeDriver
Capabilities {acceptInsecureCerts: false, browserName: chrome, browserVersion: 83.0.4103.97, chrome: {chromedriverVersion: 83.0.4103.39 (ccbf011cb2d2b..., userDataDir: C:\Users\Thanh\AppData\Loca...}, goog:chromeOptions: {debuggerAddress: localhost:65353}, javascriptEnabled: true, networkConnectionEnabled: false, pageLoadStrategy: normal, platform: WINDOWS, platformName: WINDOWS, proxy: Proxy(), setWindowRect: true, strictFileInteractability: false, timeouts: {implicit: 0, pageLoad: 300000, script: 30000}, unhandledPromptBehavior: dismiss and notify, webauthn:virtualAuthenticators: true}
Session ID: 6258c899bce6ee6a394463c1eb876087
*** Element info: {Using=xpath, value=//button[@id='saveSetting']/span/span}
	at org.openqa.selenium.remote.http.W3CHttpResponseCodec.createException(W3CHttpResponseCodec.java:187)
	at org.openqa.selenium.remote.http.W3CHttpResponseCodec.decode(W3CHttpResponseCodec.java:122)
	at org.openqa.selenium.remote.http.W3CHttpResponseCodec.decode(W3CHttpResponseCodec.java:49)
	at org.openqa.selenium.remote.HttpCommandExecutor.execute(HttpCommandExecutor.java:158)
	at org.openqa.selenium.remote.service.DriverCommandExecutor.execute(DriverCommandExecutor.java:83)
	at org.openqa.selenium.remote.RemoteWebDriver.execute(RemoteWebDriver.java:552)
	at com.kms.katalon.selenium.driver.CChromeDriver.execute(CChromeDriver.java:19)
	at org.openqa.selenium.remote.RemoteWebDriver.findElements(RemoteWebDriver.java:353)
	at org.openqa.selenium.remote.RemoteWebDriver.findElementsByXPath(RemoteWebDriver.java:432)
	at org.openqa.selenium.By$ByXPath.findElements(By.java:348)
	at org.openqa.selenium.remote.RemoteWebDriver.findElements(RemoteWebDriver.java:311)
	at org.openqa.selenium.support.events.EventFiringWebDriver.lambda$new$1(EventFiringWebDriver.java:105)
	at com.sun.proxy.$Proxy8.findElements(Unknown Source)
	at org.openqa.selenium.support.events.EventFiringWebDriver.findElements(EventFiringWebDriver.java:182)
	at com.kms.katalon.core.webui.common.WebUiCommonHelper.findWebElements(WebUiCommonHelper.java:789)
	at com.kms.katalon.core.webui.common.WebUiCommonHelper.findWebElement(WebUiCommonHelper.java:1150)
	at com.kms.katalon.core.webui.keyword.internal.WebUIAbstractKeyword.findWebElement(WebUIAbstractKeyword.groovy:27)
	at com.kms.katalon.core.webui.keyword.internal.WebUIAbstractKeyword.findWebElement(WebUIAbstractKeyword.groovy:26)
	at com.kms.katalon.core.webui.keyword.builtin.ClickKeyword$_click_closure1.doCall(ClickKeyword.groovy:67)
	at com.kms.katalon.core.webui.keyword.builtin.ClickKeyword$_click_closure1.call(ClickKeyword.groovy)
	at com.kms.katalon.core.webui.keyword.internal.WebUIKeywordMain.runKeyword(WebUIKeywordMain.groovy:20)
	... 19 more]]></system-err>
      </testcase>
      <testcase name="Test Cases/1612893/TC_45_Edit_TeamDescription" time="5.794" classname="Test Cases/1612893/TC_45_Edit_TeamDescription" status="FAILED">
         <failure type="FAILED" message="Test Cases/1612893/TC_45_Edit_TeamDescription FAILED.
Reason:
com.kms.katalon.core.exception.StepFailedException: Unable to open browser with url: ''
	at com.kms.katalon.core.webui.keyword.internal.WebUIKeywordMain.stepFailed(WebUIKeywordMain.groovy:64)
	at com.kms.katalon.core.webui.keyword.internal.WebUIKeywordMain.runKeyword(WebUIKeywordMain.groovy:26)
	at com.kms.katalon.core.webui.keyword.builtin.OpenBrowserKeyword.openBrowser(OpenBrowserKeyword.groovy:81)
	at com.kms.katalon.core.webui.keyword.builtin.OpenBrowserKeyword.execute(OpenBrowserKeyword.groovy:67)
	at com.kms.katalon.core.keyword.internal.KeywordExecutor.executeKeywordForPlatform(KeywordExecutor.groovy:72)
	at com.kms.katalon.core.webui.keyword.WebUiBuiltInKeywords.openBrowser(WebUiBuiltInKeywords.groovy:60)
	at com.kms.katalon.core.webui.keyword.WebUiBuiltInKeywords$openBrowser.call(Unknown Source)
	at TC_45_Edit_TeamDescription.run(TC_45_Edit_TeamDescription:19)
	at com.kms.katalon.core.main.ScriptEngine.run(ScriptEngine.java:194)
	at com.kms.katalon.core.main.ScriptEngine.runScriptAsRawText(ScriptEngine.java:119)
	at com.kms.katalon.core.main.TestCaseExecutor.runScript(TestCaseExecutor.java:337)
	at com.kms.katalon.core.main.TestCaseExecutor.doExecute(TestCaseExecutor.java:328)
	at com.kms.katalon.core.main.TestCaseExecutor.processExecutionPhase(TestCaseExecutor.java:307)
	at com.kms.katalon.core.main.TestCaseExecutor.accessMainPhase(TestCaseExecutor.java:299)
	at com.kms.katalon.core.main.TestCaseExecutor.execute(TestCaseExecutor.java:233)
	at com.kms.katalon.core.main.TestSuiteExecutor.accessTestCaseMainPhase(TestSuiteExecutor.java:169)
	at com.kms.katalon.core.main.TestSuiteExecutor.accessTestSuiteMainPhase(TestSuiteExecutor.java:142)
	at com.kms.katalon.core.main.TestSuiteExecutor.execute(TestSuiteExecutor.java:91)
	at com.kms.katalon.core.main.TestCaseMain.startTestSuite(TestCaseMain.java:157)
	at com.kms.katalon.core.main.TestCaseMain$startTestSuite$0.call(Unknown Source)
	at TempTestSuite1591337386301.run(TempTestSuite1591337386301.groovy:37)
Caused by: org.openqa.selenium.WebDriverException: unknown error: Chrome failed to start: exited normally.
  (chrome not reachable)
  (The process started from chrome location C:\Program Files (x86)\Google\Chrome\Application\chrome.exe is no longer running, so ChromeDriver is assuming that Chrome has crashed.)
Build info: version: '3.141.59', revision: 'e82be7d358', time: '2018-11-14T08:25:53'
System info: host: 'DESKTOP-SGC4F2H', ip: '172.25.32.1', os.name: 'Windows 10', os.arch: 'amd64', os.version: '10.0', java.version: '1.8.0_181'
Driver info: driver.version: CChromeDriver
remote stacktrace: Backtrace:
	Ordinal0 [0x007A9563+2725219]
	Ordinal0 [0x006A8551+1672529]
	Ordinal0 [0x00590359+525145]
	Ordinal0 [0x0051D90B+55563]
	Ordinal0 [0x0053CC37+183351]
	Ordinal0 [0x0053CA3D+182845]
	Ordinal0 [0x0053A94B+174411]
	Ordinal0 [0x00522528+75048]
	Ordinal0 [0x005235A0+79264]
	Ordinal0 [0x00523539+79161]
	Ordinal0 [0x006BD607+1758727]
	GetHandleVerifier [0x008C6546+1050150]
	GetHandleVerifier [0x008C6291+1049457]
	GetHandleVerifier [0x008D10D7+1094071]
	GetHandleVerifier [0x008C6B46+1051686]
	Ordinal0 [0x006B5B06+1727238]
	Ordinal0 [0x006BEB7B+1764219]
	Ordinal0 [0x006BECE3+1764579]
	Ordinal0 [0x006D4C05+1854469]
	BaseThreadInitThunk [0x7636F989+25]
	RtlGetAppContainerNamedObjectPath [0x77AA7084+228]
	RtlGetAppContainerNamedObjectPath [0x77AA7054+180]

	at org.openqa.selenium.remote.W3CHandshakeResponse.lambda$errorHandler$0(W3CHandshakeResponse.java:62)
	at org.openqa.selenium.remote.HandshakeResponse.lambda$getResponseFunction$0(HandshakeResponse.java:30)
	at org.openqa.selenium.remote.ProtocolHandshake.lambda$createSession$0(ProtocolHandshake.java:126)
	at org.openqa.selenium.remote.ProtocolHandshake.createSession(ProtocolHandshake.java:128)
	at org.openqa.selenium.remote.ProtocolHandshake.createSession(ProtocolHandshake.java:74)
	at org.openqa.selenium.remote.HttpCommandExecutor.execute(HttpCommandExecutor.java:136)
	at org.openqa.selenium.remote.service.DriverCommandExecutor.execute(DriverCommandExecutor.java:83)
	at org.openqa.selenium.remote.RemoteWebDriver.execute(RemoteWebDriver.java:552)
	at com.kms.katalon.selenium.driver.CChromeDriver.execute(CChromeDriver.java:19)
	at org.openqa.selenium.remote.RemoteWebDriver.startSession(RemoteWebDriver.java:213)
	at org.openqa.selenium.remote.RemoteWebDriver.&lt;init>(RemoteWebDriver.java:131)
	at org.openqa.selenium.chrome.ChromeDriver.&lt;init>(ChromeDriver.java:181)
	at org.openqa.selenium.chrome.ChromeDriver.&lt;init>(ChromeDriver.java:147)
	at com.kms.katalon.selenium.driver.CChromeDriver.&lt;init>(CChromeDriver.java:13)
	at com.kms.katalon.core.webui.driver.DriverFactory.createNewChromeDriver(DriverFactory.java:379)
	at com.kms.katalon.core.webui.driver.DriverFactory.startNewBrowser(DriverFactory.java:337)
	at com.kms.katalon.core.webui.driver.DriverFactory.openWebDriver(DriverFactory.java:228)
	at com.kms.katalon.core.webui.keyword.builtin.OpenBrowserKeyword$_openBrowser_closure1.doCall(OpenBrowserKeyword.groovy:74)
	at com.kms.katalon.core.webui.keyword.builtin.OpenBrowserKeyword$_openBrowser_closure1.call(OpenBrowserKeyword.groovy)
	at com.kms.katalon.core.webui.keyword.internal.WebUIKeywordMain.runKeyword(WebUIKeywordMain.groovy:20)
	... 19 more
"/>
         <system-out><![CDATA[2020-06-05 13:45:41 - [TEST_CASE][FAILED] - Test Cases/1612893/TC_45_Edit_TeamDescription: Test Cases/1612893/TC_45_Edit_TeamDescription FAILED.
Reason:
com.kms.katalon.core.exception.StepFailedException: Unable to open browser with url: ''
	at com.kms.katalon.core.webui.keyword.internal.WebUIKeywordMain.stepFailed(WebUIKeywordMain.groovy:64)
	at com.kms.katalon.core.webui.keyword.internal.WebUIKeywordMain.runKeyword(WebUIKeywordMain.groovy:26)
	at com.kms.katalon.core.webui.keyword.builtin.OpenBrowserKeyword.openBrowser(OpenBrowserKeyword.groovy:81)
	at com.kms.katalon.core.webui.keyword.builtin.OpenBrowserKeyword.execute(OpenBrowserKeyword.groovy:67)
	at com.kms.katalon.core.keyword.internal.KeywordExecutor.executeKeywordForPlatform(KeywordExecutor.groovy:72)
	at com.kms.katalon.core.webui.keyword.WebUiBuiltInKeywords.openBrowser(WebUiBuiltInKeywords.groovy:60)
	at com.kms.katalon.core.webui.keyword.WebUiBuiltInKeywords$openBrowser.call(Unknown Source)
	at TC_45_Edit_TeamDescription.run(TC_45_Edit_TeamDescription:19)
	at com.kms.katalon.core.main.ScriptEngine.run(ScriptEngine.java:194)
	at com.kms.katalon.core.main.ScriptEngine.runScriptAsRawText(ScriptEngine.java:119)
	at com.kms.katalon.core.main.TestCaseExecutor.runScript(TestCaseExecutor.java:337)
	at com.kms.katalon.core.main.TestCaseExecutor.doExecute(TestCaseExecutor.java:328)
	at com.kms.katalon.core.main.TestCaseExecutor.processExecutionPhase(TestCaseExecutor.java:307)
	at com.kms.katalon.core.main.TestCaseExecutor.accessMainPhase(TestCaseExecutor.java:299)
	at com.kms.katalon.core.main.TestCaseExecutor.execute(TestCaseExecutor.java:233)
	at com.kms.katalon.core.main.TestSuiteExecutor.accessTestCaseMainPhase(TestSuiteExecutor.java:169)
	at com.kms.katalon.core.main.TestSuiteExecutor.accessTestSuiteMainPhase(TestSuiteExecutor.java:142)
	at com.kms.katalon.core.main.TestSuiteExecutor.execute(TestSuiteExecutor.java:91)
	at com.kms.katalon.core.main.TestCaseMain.startTestSuite(TestCaseMain.java:157)
	at com.kms.katalon.core.main.TestCaseMain$startTestSuite$0.call(Unknown Source)
	at TempTestSuite1591337386301.run(TempTestSuite1591337386301.groovy:37)
Caused by: org.openqa.selenium.WebDriverException: unknown error: Chrome failed to start: exited normally.
  (chrome not reachable)
  (The process started from chrome location C:\Program Files (x86)\Google\Chrome\Application\chrome.exe is no longer running, so ChromeDriver is assuming that Chrome has crashed.)
Build info: version: '3.141.59', revision: 'e82be7d358', time: '2018-11-14T08:25:53'
System info: host: 'DESKTOP-SGC4F2H', ip: '172.25.32.1', os.name: 'Windows 10', os.arch: 'amd64', os.version: '10.0', java.version: '1.8.0_181'
Driver info: driver.version: CChromeDriver
remote stacktrace: Backtrace:
	Ordinal0 [0x007A9563+2725219]
	Ordinal0 [0x006A8551+1672529]
	Ordinal0 [0x00590359+525145]
	Ordinal0 [0x0051D90B+55563]
	Ordinal0 [0x0053CC37+183351]
	Ordinal0 [0x0053CA3D+182845]
	Ordinal0 [0x0053A94B+174411]
	Ordinal0 [0x00522528+75048]
	Ordinal0 [0x005235A0+79264]
	Ordinal0 [0x00523539+79161]
	Ordinal0 [0x006BD607+1758727]
	GetHandleVerifier [0x008C6546+1050150]
	GetHandleVerifier [0x008C6291+1049457]
	GetHandleVerifier [0x008D10D7+1094071]
	GetHandleVerifier [0x008C6B46+1051686]
	Ordinal0 [0x006B5B06+1727238]
	Ordinal0 [0x006BEB7B+1764219]
	Ordinal0 [0x006BECE3+1764579]
	Ordinal0 [0x006D4C05+1854469]
	BaseThreadInitThunk [0x7636F989+25]
	RtlGetAppContainerNamedObjectPath [0x77AA7084+228]
	RtlGetAppContainerNamedObjectPath [0x77AA7054+180]

	at org.openqa.selenium.remote.W3CHandshakeResponse.lambda$errorHandler$0(W3CHandshakeResponse.java:62)
	at org.openqa.selenium.remote.HandshakeResponse.lambda$getResponseFunction$0(HandshakeResponse.java:30)
	at org.openqa.selenium.remote.ProtocolHandshake.lambda$createSession$0(ProtocolHandshake.java:126)
	at org.openqa.selenium.remote.ProtocolHandshake.createSession(ProtocolHandshake.java:128)
	at org.openqa.selenium.remote.ProtocolHandshake.createSession(ProtocolHandshake.java:74)
	at org.openqa.selenium.remote.HttpCommandExecutor.execute(HttpCommandExecutor.java:136)
	at org.openqa.selenium.remote.service.DriverCommandExecutor.execute(DriverCommandExecutor.java:83)
	at org.openqa.selenium.remote.RemoteWebDriver.execute(RemoteWebDriver.java:552)
	at com.kms.katalon.selenium.driver.CChromeDriver.execute(CChromeDriver.java:19)
	at org.openqa.selenium.remote.RemoteWebDriver.startSession(RemoteWebDriver.java:213)
	at org.openqa.selenium.remote.RemoteWebDriver.<init>(RemoteWebDriver.java:131)
	at org.openqa.selenium.chrome.ChromeDriver.<init>(ChromeDriver.java:181)
	at org.openqa.selenium.chrome.ChromeDriver.<init>(ChromeDriver.java:147)
	at com.kms.katalon.selenium.driver.CChromeDriver.<init>(CChromeDriver.java:13)
	at com.kms.katalon.core.webui.driver.DriverFactory.createNewChromeDriver(DriverFactory.java:379)
	at com.kms.katalon.core.webui.driver.DriverFactory.startNewBrowser(DriverFactory.java:337)
	at com.kms.katalon.core.webui.driver.DriverFactory.openWebDriver(DriverFactory.java:228)
	at com.kms.katalon.core.webui.keyword.builtin.OpenBrowserKeyword$_openBrowser_closure1.doCall(OpenBrowserKeyword.groovy:74)
	at com.kms.katalon.core.webui.keyword.builtin.OpenBrowserKeyword$_openBrowser_closure1.call(OpenBrowserKeyword.groovy)
	at com.kms.katalon.core.webui.keyword.internal.WebUIKeywordMain.runKeyword(WebUIKeywordMain.groovy:20)
	... 19 more


2020-06-05 13:45:41 - [TEST_STEP][FAILED] - openBrowser(""): Unable to open browser with url: '' (Root cause: com.kms.katalon.core.exception.StepFailedException: Unable to open browser with url: ''
	at com.kms.katalon.core.webui.keyword.internal.WebUIKeywordMain.stepFailed(WebUIKeywordMain.groovy:64)
	at com.kms.katalon.core.webui.keyword.internal.WebUIKeywordMain.runKeyword(WebUIKeywordMain.groovy:26)
	at com.kms.katalon.core.webui.keyword.builtin.OpenBrowserKeyword.openBrowser(OpenBrowserKeyword.groovy:81)
	at com.kms.katalon.core.webui.keyword.builtin.OpenBrowserKeyword.execute(OpenBrowserKeyword.groovy:67)
	at com.kms.katalon.core.keyword.internal.KeywordExecutor.executeKeywordForPlatform(KeywordExecutor.groovy:72)
	at com.kms.katalon.core.webui.keyword.WebUiBuiltInKeywords.openBrowser(WebUiBuiltInKeywords.groovy:60)
	at com.kms.katalon.core.webui.keyword.WebUiBuiltInKeywords$openBrowser.call(Unknown Source)
	at TC_45_Edit_TeamDescription.run(TC_45_Edit_TeamDescription:19)
	at com.kms.katalon.core.main.ScriptEngine.run(ScriptEngine.java:194)
	at com.kms.katalon.core.main.ScriptEngine.runScriptAsRawText(ScriptEngine.java:119)
	at com.kms.katalon.core.main.TestCaseExecutor.runScript(TestCaseExecutor.java:337)
	at com.kms.katalon.core.main.TestCaseExecutor.doExecute(TestCaseExecutor.java:328)
	at com.kms.katalon.core.main.TestCaseExecutor.processExecutionPhase(TestCaseExecutor.java:307)
	at com.kms.katalon.core.main.TestCaseExecutor.accessMainPhase(TestCaseExecutor.java:299)
	at com.kms.katalon.core.main.TestCaseExecutor.execute(TestCaseExecutor.java:233)
	at com.kms.katalon.core.main.TestSuiteExecutor.accessTestCaseMainPhase(TestSuiteExecutor.java:169)
	at com.kms.katalon.core.main.TestSuiteExecutor.accessTestSuiteMainPhase(TestSuiteExecutor.java:142)
	at com.kms.katalon.core.main.TestSuiteExecutor.execute(TestSuiteExecutor.java:91)
	at com.kms.katalon.core.main.TestCaseMain.startTestSuite(TestCaseMain.java:157)
	at com.kms.katalon.core.main.TestCaseMain$startTestSuite$0.call(Unknown Source)
	at TempTestSuite1591337386301.run(TempTestSuite1591337386301.groovy:37)
Caused by: org.openqa.selenium.WebDriverException: unknown error: Chrome failed to start: exited normally.
  (chrome not reachable)
  (The process started from chrome location C:\Program Files (x86)\Google\Chrome\Application\chrome.exe is no longer running, so ChromeDriver is assuming that Chrome has crashed.)
Build info: version: '3.141.59', revision: 'e82be7d358', time: '2018-11-14T08:25:53'
System info: host: 'DESKTOP-SGC4F2H', ip: '172.25.32.1', os.name: 'Windows 10', os.arch: 'amd64', os.version: '10.0', java.version: '1.8.0_181'
Driver info: driver.version: CChromeDriver
remote stacktrace: Backtrace:
	Ordinal0 [0x007A9563+2725219]
	Ordinal0 [0x006A8551+1672529]
	Ordinal0 [0x00590359+525145]
	Ordinal0 [0x0051D90B+55563]
	Ordinal0 [0x0053CC37+183351]
	Ordinal0 [0x0053CA3D+182845]
	Ordinal0 [0x0053A94B+174411]
	Ordinal0 [0x00522528+75048]
	Ordinal0 [0x005235A0+79264]
	Ordinal0 [0x00523539+79161]
	Ordinal0 [0x006BD607+1758727]
	GetHandleVerifier [0x008C6546+1050150]
	GetHandleVerifier [0x008C6291+1049457]
	GetHandleVerifier [0x008D10D7+1094071]
	GetHandleVerifier [0x008C6B46+1051686]
	Ordinal0 [0x006B5B06+1727238]
	Ordinal0 [0x006BEB7B+1764219]
	Ordinal0 [0x006BECE3+1764579]
	Ordinal0 [0x006D4C05+1854469]
	BaseThreadInitThunk [0x7636F989+25]
	RtlGetAppContainerNamedObjectPath [0x77AA7084+228]
	RtlGetAppContainerNamedObjectPath [0x77AA7054+180]

	at org.openqa.selenium.remote.W3CHandshakeResponse.lambda$errorHandler$0(W3CHandshakeResponse.java:62)
	at org.openqa.selenium.remote.HandshakeResponse.lambda$getResponseFunction$0(HandshakeResponse.java:30)
	at org.openqa.selenium.remote.ProtocolHandshake.lambda$createSession$0(ProtocolHandshake.java:126)
	at org.openqa.selenium.remote.ProtocolHandshake.createSession(ProtocolHandshake.java:128)
	at org.openqa.selenium.remote.ProtocolHandshake.createSession(ProtocolHandshake.java:74)
	at org.openqa.selenium.remote.HttpCommandExecutor.execute(HttpCommandExecutor.java:136)
	at org.openqa.selenium.remote.service.DriverCommandExecutor.execute(DriverCommandExecutor.java:83)
	at org.openqa.selenium.remote.RemoteWebDriver.execute(RemoteWebDriver.java:552)
	at com.kms.katalon.selenium.driver.CChromeDriver.execute(CChromeDriver.java:19)
	at org.openqa.selenium.remote.RemoteWebDriver.startSession(RemoteWebDriver.java:213)
	at org.openqa.selenium.remote.RemoteWebDriver.<init>(RemoteWebDriver.java:131)
	at org.openqa.selenium.chrome.ChromeDriver.<init>(ChromeDriver.java:181)
	at org.openqa.selenium.chrome.ChromeDriver.<init>(ChromeDriver.java:147)
	at com.kms.katalon.selenium.driver.CChromeDriver.<init>(CChromeDriver.java:13)
	at com.kms.katalon.core.webui.driver.DriverFactory.createNewChromeDriver(DriverFactory.java:379)
	at com.kms.katalon.core.webui.driver.DriverFactory.startNewBrowser(DriverFactory.java:337)
	at com.kms.katalon.core.webui.driver.DriverFactory.openWebDriver(DriverFactory.java:228)
	at com.kms.katalon.core.webui.keyword.builtin.OpenBrowserKeyword$_openBrowser_closure1.doCall(OpenBrowserKeyword.groovy:74)
	at com.kms.katalon.core.webui.keyword.builtin.OpenBrowserKeyword$_openBrowser_closure1.call(OpenBrowserKeyword.groovy)
	at com.kms.katalon.core.webui.keyword.internal.WebUIKeywordMain.runKeyword(WebUIKeywordMain.groovy:20)
	at com.kms.katalon.core.webui.keyword.builtin.OpenBrowserKeyword.openBrowser(OpenBrowserKeyword.groovy:81)
	at com.kms.katalon.core.webui.keyword.builtin.OpenBrowserKeyword.execute(OpenBrowserKeyword.groovy:67)
	at com.kms.katalon.core.keyword.internal.KeywordExecutor.executeKeywordForPlatform(KeywordExecutor.groovy:72)
	at com.kms.katalon.core.webui.keyword.WebUiBuiltInKeywords.openBrowser(WebUiBuiltInKeywords.groovy:60)
	at com.kms.katalon.core.webui.keyword.WebUiBuiltInKeywords$openBrowser.call(Unknown Source)
	at Script1591197182790.run(Script1591197182790.groovy:19)
	... 13 more
)

2020-06-05 13:45:41 - [MESSAGE][WARNING] - A browser is already opened. Closing browser and opening a new one

2020-06-05 13:45:42 - [MESSAGE][INFO] - Starting 'Chrome' driver

2020-06-05 13:45:42 - [MESSAGE][INFO] - Action delay is set to 0 milliseconds

2020-06-05 13:45:47 - [MESSAGE][FAILED] - Unable to open browser with url: '' (Root cause: com.kms.katalon.core.exception.StepFailedException: Unable to open browser with url: ''
	at com.kms.katalon.core.webui.keyword.internal.WebUIKeywordMain.stepFailed(WebUIKeywordMain.groovy:64)
	at com.kms.katalon.core.webui.keyword.internal.WebUIKeywordMain.runKeyword(WebUIKeywordMain.groovy:26)
	at com.kms.katalon.core.webui.keyword.builtin.OpenBrowserKeyword.openBrowser(OpenBrowserKeyword.groovy:81)
	at com.kms.katalon.core.webui.keyword.builtin.OpenBrowserKeyword.execute(OpenBrowserKeyword.groovy:67)
	at com.kms.katalon.core.keyword.internal.KeywordExecutor.executeKeywordForPlatform(KeywordExecutor.groovy:72)
	at com.kms.katalon.core.webui.keyword.WebUiBuiltInKeywords.openBrowser(WebUiBuiltInKeywords.groovy:60)
	at com.kms.katalon.core.webui.keyword.WebUiBuiltInKeywords$openBrowser.call(Unknown Source)
	at TC_45_Edit_TeamDescription.run(TC_45_Edit_TeamDescription:19)
	at com.kms.katalon.core.main.ScriptEngine.run(ScriptEngine.java:194)
	at com.kms.katalon.core.main.ScriptEngine.runScriptAsRawText(ScriptEngine.java:119)
	at com.kms.katalon.core.main.TestCaseExecutor.runScript(TestCaseExecutor.java:337)
	at com.kms.katalon.core.main.TestCaseExecutor.doExecute(TestCaseExecutor.java:328)
	at com.kms.katalon.core.main.TestCaseExecutor.processExecutionPhase(TestCaseExecutor.java:307)
	at com.kms.katalon.core.main.TestCaseExecutor.accessMainPhase(TestCaseExecutor.java:299)
	at com.kms.katalon.core.main.TestCaseExecutor.execute(TestCaseExecutor.java:233)
	at com.kms.katalon.core.main.TestSuiteExecutor.accessTestCaseMainPhase(TestSuiteExecutor.java:169)
	at com.kms.katalon.core.main.TestSuiteExecutor.accessTestSuiteMainPhase(TestSuiteExecutor.java:142)
	at com.kms.katalon.core.main.TestSuiteExecutor.execute(TestSuiteExecutor.java:91)
	at com.kms.katalon.core.main.TestCaseMain.startTestSuite(TestCaseMain.java:157)
	at com.kms.katalon.core.main.TestCaseMain$startTestSuite$0.call(Unknown Source)
	at TempTestSuite1591337386301.run(TempTestSuite1591337386301.groovy:37)
Caused by: org.openqa.selenium.WebDriverException: unknown error: Chrome failed to start: exited normally.
  (chrome not reachable)
  (The process started from chrome location C:\Program Files (x86)\Google\Chrome\Application\chrome.exe is no longer running, so ChromeDriver is assuming that Chrome has crashed.)
Build info: version: '3.141.59', revision: 'e82be7d358', time: '2018-11-14T08:25:53'
System info: host: 'DESKTOP-SGC4F2H', ip: '172.25.32.1', os.name: 'Windows 10', os.arch: 'amd64', os.version: '10.0', java.version: '1.8.0_181'
Driver info: driver.version: CChromeDriver
remote stacktrace: Backtrace:
	Ordinal0 [0x007A9563+2725219]
	Ordinal0 [0x006A8551+1672529]
	Ordinal0 [0x00590359+525145]
	Ordinal0 [0x0051D90B+55563]
	Ordinal0 [0x0053CC37+183351]
	Ordinal0 [0x0053CA3D+182845]
	Ordinal0 [0x0053A94B+174411]
	Ordinal0 [0x00522528+75048]
	Ordinal0 [0x005235A0+79264]
	Ordinal0 [0x00523539+79161]
	Ordinal0 [0x006BD607+1758727]
	GetHandleVerifier [0x008C6546+1050150]
	GetHandleVerifier [0x008C6291+1049457]
	GetHandleVerifier [0x008D10D7+1094071]
	GetHandleVerifier [0x008C6B46+1051686]
	Ordinal0 [0x006B5B06+1727238]
	Ordinal0 [0x006BEB7B+1764219]
	Ordinal0 [0x006BECE3+1764579]
	Ordinal0 [0x006D4C05+1854469]
	BaseThreadInitThunk [0x7636F989+25]
	RtlGetAppContainerNamedObjectPath [0x77AA7084+228]
	RtlGetAppContainerNamedObjectPath [0x77AA7054+180]

	at org.openqa.selenium.remote.W3CHandshakeResponse.lambda$errorHandler$0(W3CHandshakeResponse.java:62)
	at org.openqa.selenium.remote.HandshakeResponse.lambda$getResponseFunction$0(HandshakeResponse.java:30)
	at org.openqa.selenium.remote.ProtocolHandshake.lambda$createSession$0(ProtocolHandshake.java:126)
	at org.openqa.selenium.remote.ProtocolHandshake.createSession(ProtocolHandshake.java:128)
	at org.openqa.selenium.remote.ProtocolHandshake.createSession(ProtocolHandshake.java:74)
	at org.openqa.selenium.remote.HttpCommandExecutor.execute(HttpCommandExecutor.java:136)
	at org.openqa.selenium.remote.service.DriverCommandExecutor.execute(DriverCommandExecutor.java:83)
	at org.openqa.selenium.remote.RemoteWebDriver.execute(RemoteWebDriver.java:552)
	at com.kms.katalon.selenium.driver.CChromeDriver.execute(CChromeDriver.java:19)
	at org.openqa.selenium.remote.RemoteWebDriver.startSession(RemoteWebDriver.java:213)
	at org.openqa.selenium.remote.RemoteWebDriver.<init>(RemoteWebDriver.java:131)
	at org.openqa.selenium.chrome.ChromeDriver.<init>(ChromeDriver.java:181)
	at org.openqa.selenium.chrome.ChromeDriver.<init>(ChromeDriver.java:147)
	at com.kms.katalon.selenium.driver.CChromeDriver.<init>(CChromeDriver.java:13)
	at com.kms.katalon.core.webui.driver.DriverFactory.createNewChromeDriver(DriverFactory.java:379)
	at com.kms.katalon.core.webui.driver.DriverFactory.startNewBrowser(DriverFactory.java:337)
	at com.kms.katalon.core.webui.driver.DriverFactory.openWebDriver(DriverFactory.java:228)
	at com.kms.katalon.core.webui.keyword.builtin.OpenBrowserKeyword$_openBrowser_closure1.doCall(OpenBrowserKeyword.groovy:74)
	at com.kms.katalon.core.webui.keyword.builtin.OpenBrowserKeyword$_openBrowser_closure1.call(OpenBrowserKeyword.groovy)
	at com.kms.katalon.core.webui.keyword.internal.WebUIKeywordMain.runKeyword(WebUIKeywordMain.groovy:20)
	at com.kms.katalon.core.webui.keyword.builtin.OpenBrowserKeyword.openBrowser(OpenBrowserKeyword.groovy:81)
	at com.kms.katalon.core.webui.keyword.builtin.OpenBrowserKeyword.execute(OpenBrowserKeyword.groovy:67)
	at com.kms.katalon.core.keyword.internal.KeywordExecutor.executeKeywordForPlatform(KeywordExecutor.groovy:72)
	at com.kms.katalon.core.webui.keyword.WebUiBuiltInKeywords.openBrowser(WebUiBuiltInKeywords.groovy:60)
	at com.kms.katalon.core.webui.keyword.WebUiBuiltInKeywords$openBrowser.call(Unknown Source)
	at Script1591197182790.run(Script1591197182790.groovy:19)
	... 13 more
)]]></system-out>
         <system-err><![CDATA[2020-06-05 13:45:41 - [TEST_CASE][FAILED] - Test Cases/1612893/TC_45_Edit_TeamDescription: Test Cases/1612893/TC_45_Edit_TeamDescription FAILED.
Reason:
com.kms.katalon.core.exception.StepFailedException: Unable to open browser with url: ''
	at com.kms.katalon.core.webui.keyword.internal.WebUIKeywordMain.stepFailed(WebUIKeywordMain.groovy:64)
	at com.kms.katalon.core.webui.keyword.internal.WebUIKeywordMain.runKeyword(WebUIKeywordMain.groovy:26)
	at com.kms.katalon.core.webui.keyword.builtin.OpenBrowserKeyword.openBrowser(OpenBrowserKeyword.groovy:81)
	at com.kms.katalon.core.webui.keyword.builtin.OpenBrowserKeyword.execute(OpenBrowserKeyword.groovy:67)
	at com.kms.katalon.core.keyword.internal.KeywordExecutor.executeKeywordForPlatform(KeywordExecutor.groovy:72)
	at com.kms.katalon.core.webui.keyword.WebUiBuiltInKeywords.openBrowser(WebUiBuiltInKeywords.groovy:60)
	at com.kms.katalon.core.webui.keyword.WebUiBuiltInKeywords$openBrowser.call(Unknown Source)
	at TC_45_Edit_TeamDescription.run(TC_45_Edit_TeamDescription:19)
	at com.kms.katalon.core.main.ScriptEngine.run(ScriptEngine.java:194)
	at com.kms.katalon.core.main.ScriptEngine.runScriptAsRawText(ScriptEngine.java:119)
	at com.kms.katalon.core.main.TestCaseExecutor.runScript(TestCaseExecutor.java:337)
	at com.kms.katalon.core.main.TestCaseExecutor.doExecute(TestCaseExecutor.java:328)
	at com.kms.katalon.core.main.TestCaseExecutor.processExecutionPhase(TestCaseExecutor.java:307)
	at com.kms.katalon.core.main.TestCaseExecutor.accessMainPhase(TestCaseExecutor.java:299)
	at com.kms.katalon.core.main.TestCaseExecutor.execute(TestCaseExecutor.java:233)
	at com.kms.katalon.core.main.TestSuiteExecutor.accessTestCaseMainPhase(TestSuiteExecutor.java:169)
	at com.kms.katalon.core.main.TestSuiteExecutor.accessTestSuiteMainPhase(TestSuiteExecutor.java:142)
	at com.kms.katalon.core.main.TestSuiteExecutor.execute(TestSuiteExecutor.java:91)
	at com.kms.katalon.core.main.TestCaseMain.startTestSuite(TestCaseMain.java:157)
	at com.kms.katalon.core.main.TestCaseMain$startTestSuite$0.call(Unknown Source)
	at TempTestSuite1591337386301.run(TempTestSuite1591337386301.groovy:37)
Caused by: org.openqa.selenium.WebDriverException: unknown error: Chrome failed to start: exited normally.
  (chrome not reachable)
  (The process started from chrome location C:\Program Files (x86)\Google\Chrome\Application\chrome.exe is no longer running, so ChromeDriver is assuming that Chrome has crashed.)
Build info: version: '3.141.59', revision: 'e82be7d358', time: '2018-11-14T08:25:53'
System info: host: 'DESKTOP-SGC4F2H', ip: '172.25.32.1', os.name: 'Windows 10', os.arch: 'amd64', os.version: '10.0', java.version: '1.8.0_181'
Driver info: driver.version: CChromeDriver
remote stacktrace: Backtrace:
	Ordinal0 [0x007A9563+2725219]
	Ordinal0 [0x006A8551+1672529]
	Ordinal0 [0x00590359+525145]
	Ordinal0 [0x0051D90B+55563]
	Ordinal0 [0x0053CC37+183351]
	Ordinal0 [0x0053CA3D+182845]
	Ordinal0 [0x0053A94B+174411]
	Ordinal0 [0x00522528+75048]
	Ordinal0 [0x005235A0+79264]
	Ordinal0 [0x00523539+79161]
	Ordinal0 [0x006BD607+1758727]
	GetHandleVerifier [0x008C6546+1050150]
	GetHandleVerifier [0x008C6291+1049457]
	GetHandleVerifier [0x008D10D7+1094071]
	GetHandleVerifier [0x008C6B46+1051686]
	Ordinal0 [0x006B5B06+1727238]
	Ordinal0 [0x006BEB7B+1764219]
	Ordinal0 [0x006BECE3+1764579]
	Ordinal0 [0x006D4C05+1854469]
	BaseThreadInitThunk [0x7636F989+25]
	RtlGetAppContainerNamedObjectPath [0x77AA7084+228]
	RtlGetAppContainerNamedObjectPath [0x77AA7054+180]

	at org.openqa.selenium.remote.W3CHandshakeResponse.lambda$errorHandler$0(W3CHandshakeResponse.java:62)
	at org.openqa.selenium.remote.HandshakeResponse.lambda$getResponseFunction$0(HandshakeResponse.java:30)
	at org.openqa.selenium.remote.ProtocolHandshake.lambda$createSession$0(ProtocolHandshake.java:126)
	at org.openqa.selenium.remote.ProtocolHandshake.createSession(ProtocolHandshake.java:128)
	at org.openqa.selenium.remote.ProtocolHandshake.createSession(ProtocolHandshake.java:74)
	at org.openqa.selenium.remote.HttpCommandExecutor.execute(HttpCommandExecutor.java:136)
	at org.openqa.selenium.remote.service.DriverCommandExecutor.execute(DriverCommandExecutor.java:83)
	at org.openqa.selenium.remote.RemoteWebDriver.execute(RemoteWebDriver.java:552)
	at com.kms.katalon.selenium.driver.CChromeDriver.execute(CChromeDriver.java:19)
	at org.openqa.selenium.remote.RemoteWebDriver.startSession(RemoteWebDriver.java:213)
	at org.openqa.selenium.remote.RemoteWebDriver.<init>(RemoteWebDriver.java:131)
	at org.openqa.selenium.chrome.ChromeDriver.<init>(ChromeDriver.java:181)
	at org.openqa.selenium.chrome.ChromeDriver.<init>(ChromeDriver.java:147)
	at com.kms.katalon.selenium.driver.CChromeDriver.<init>(CChromeDriver.java:13)
	at com.kms.katalon.core.webui.driver.DriverFactory.createNewChromeDriver(DriverFactory.java:379)
	at com.kms.katalon.core.webui.driver.DriverFactory.startNewBrowser(DriverFactory.java:337)
	at com.kms.katalon.core.webui.driver.DriverFactory.openWebDriver(DriverFactory.java:228)
	at com.kms.katalon.core.webui.keyword.builtin.OpenBrowserKeyword$_openBrowser_closure1.doCall(OpenBrowserKeyword.groovy:74)
	at com.kms.katalon.core.webui.keyword.builtin.OpenBrowserKeyword$_openBrowser_closure1.call(OpenBrowserKeyword.groovy)
	at com.kms.katalon.core.webui.keyword.internal.WebUIKeywordMain.runKeyword(WebUIKeywordMain.groovy:20)
	... 19 more]]></system-err>
      </testcase>
      <testcase name="Test Cases/1612893/TC_45_Edit_TeamDescription" time="55.068" classname="Test Cases/1612893/TC_45_Edit_TeamDescription" status="FAILED">
         <failure type="FAILED" message="Test Cases/1612893/TC_45_Edit_TeamDescription FAILED.
Reason:
com.kms.katalon.core.exception.StepFailedException: Unable to set text 'Nhóm đảm bảo chất lượng' of object 'Object Repository/1612893/45_Edit_TeamDescription/Page_Thanh set Channel name - hcmus-cdnc-te_a699a0/input_Team Description_teamDescription'
	at com.kms.katalon.core.webui.keyword.internal.WebUIKeywordMain.stepFailed(WebUIKeywordMain.groovy:64)
	at com.kms.katalon.core.webui.keyword.internal.WebUIKeywordMain.runKeyword(WebUIKeywordMain.groovy:26)
	at com.kms.katalon.core.webui.keyword.builtin.SetTextKeyword.setText(SetTextKeyword.groovy:66)
	at com.kms.katalon.core.webui.keyword.builtin.SetTextKeyword.execute(SetTextKeyword.groovy:37)
	at com.kms.katalon.core.keyword.internal.KeywordExecutor.executeKeywordForPlatform(KeywordExecutor.groovy:72)
	at com.kms.katalon.core.webui.keyword.WebUiBuiltInKeywords.setText(WebUiBuiltInKeywords.groovy:976)
	at com.kms.katalon.core.webui.keyword.WebUiBuiltInKeywords$setText$1.call(Unknown Source)
	at TC_45_Edit_TeamDescription.run(TC_45_Edit_TeamDescription:38)
	at com.kms.katalon.core.main.ScriptEngine.run(ScriptEngine.java:194)
	at com.kms.katalon.core.main.ScriptEngine.runScriptAsRawText(ScriptEngine.java:119)
	at com.kms.katalon.core.main.TestCaseExecutor.runScript(TestCaseExecutor.java:337)
	at com.kms.katalon.core.main.TestCaseExecutor.doExecute(TestCaseExecutor.java:328)
	at com.kms.katalon.core.main.TestCaseExecutor.processExecutionPhase(TestCaseExecutor.java:307)
	at com.kms.katalon.core.main.TestCaseExecutor.accessMainPhase(TestCaseExecutor.java:299)
	at com.kms.katalon.core.main.TestCaseExecutor.execute(TestCaseExecutor.java:233)
	at com.kms.katalon.core.main.TestSuiteExecutor.accessTestCaseMainPhase(TestSuiteExecutor.java:169)
	at com.kms.katalon.core.main.TestSuiteExecutor.accessTestSuiteMainPhase(TestSuiteExecutor.java:142)
	at com.kms.katalon.core.main.TestSuiteExecutor.execute(TestSuiteExecutor.java:91)
	at com.kms.katalon.core.main.TestCaseMain.startTestSuite(TestCaseMain.java:157)
	at com.kms.katalon.core.main.TestCaseMain$startTestSuite$0.call(Unknown Source)
	at TempTestSuite1591337386301.run(TempTestSuite1591337386301.groovy:37)
Caused by: org.openqa.selenium.WebDriverException: chrome not reachable
  (Session info: chrome=83.0.4103.97)
Build info: version: '3.141.59', revision: 'e82be7d358', time: '2018-11-14T08:25:53'
System info: host: 'DESKTOP-SGC4F2H', ip: '172.25.32.1', os.name: 'Windows 10', os.arch: 'amd64', os.version: '10.0', java.version: '1.8.0_181'
Driver info: com.kms.katalon.selenium.driver.CChromeDriver
Capabilities {acceptInsecureCerts: false, browserName: chrome, browserVersion: 83.0.4103.97, chrome: {chromedriverVersion: 83.0.4103.39 (ccbf011cb2d2b..., userDataDir: C:\Users\Thanh\AppData\Loca...}, goog:chromeOptions: {debuggerAddress: localhost:65399}, javascriptEnabled: true, networkConnectionEnabled: false, pageLoadStrategy: normal, platform: WINDOWS, platformName: WINDOWS, proxy: Proxy(), setWindowRect: true, strictFileInteractability: false, timeouts: {implicit: 0, pageLoad: 300000, script: 30000}, unhandledPromptBehavior: dismiss and notify, webauthn:virtualAuthenticators: true}
Session ID: 160a5ad75ca5a08d627a451fe49c96f6
*** Element info: {Using=xpath, value=//input[@id='teamDescription']}
	at org.openqa.selenium.remote.http.W3CHttpResponseCodec.createException(W3CHttpResponseCodec.java:187)
	at org.openqa.selenium.remote.http.W3CHttpResponseCodec.decode(W3CHttpResponseCodec.java:122)
	at org.openqa.selenium.remote.http.W3CHttpResponseCodec.decode(W3CHttpResponseCodec.java:49)
	at org.openqa.selenium.remote.HttpCommandExecutor.execute(HttpCommandExecutor.java:158)
	at org.openqa.selenium.remote.service.DriverCommandExecutor.execute(DriverCommandExecutor.java:83)
	at org.openqa.selenium.remote.RemoteWebDriver.execute(RemoteWebDriver.java:552)
	at com.kms.katalon.selenium.driver.CChromeDriver.execute(CChromeDriver.java:19)
	at org.openqa.selenium.remote.RemoteWebDriver.findElements(RemoteWebDriver.java:353)
	at org.openqa.selenium.remote.RemoteWebDriver.findElementsByXPath(RemoteWebDriver.java:432)
	at org.openqa.selenium.By$ByXPath.findElements(By.java:348)
	at org.openqa.selenium.remote.RemoteWebDriver.findElements(RemoteWebDriver.java:311)
	at org.openqa.selenium.support.events.EventFiringWebDriver.lambda$new$1(EventFiringWebDriver.java:105)
	at com.sun.proxy.$Proxy8.findElements(Unknown Source)
	at org.openqa.selenium.support.events.EventFiringWebDriver.findElements(EventFiringWebDriver.java:182)
	at com.kms.katalon.core.webui.common.WebUiCommonHelper.findWebElements(WebUiCommonHelper.java:789)
	at com.kms.katalon.core.webui.common.WebUiCommonHelper.findWebElement(WebUiCommonHelper.java:1150)
	at com.kms.katalon.core.webui.keyword.internal.WebUIAbstractKeyword.findWebElement(WebUIAbstractKeyword.groovy:27)
	at com.kms.katalon.core.webui.keyword.internal.WebUIAbstractKeyword.findWebElement(WebUIAbstractKeyword.groovy:26)
	at com.kms.katalon.core.webui.keyword.builtin.SetTextKeyword$_setText_closure1.doCall(SetTextKeyword.groovy:55)
	at com.kms.katalon.core.webui.keyword.builtin.SetTextKeyword$_setText_closure1.call(SetTextKeyword.groovy)
	at com.kms.katalon.core.webui.keyword.internal.WebUIKeywordMain.runKeyword(WebUIKeywordMain.groovy:20)
	... 19 more
"/>
         <system-out><![CDATA[2020-06-05 13:45:47 - [TEST_CASE][FAILED] - Test Cases/1612893/TC_45_Edit_TeamDescription: Test Cases/1612893/TC_45_Edit_TeamDescription FAILED.
Reason:
com.kms.katalon.core.exception.StepFailedException: Unable to set text 'Nhóm đảm bảo chất lượng' of object 'Object Repository/1612893/45_Edit_TeamDescription/Page_Thanh set Channel name - hcmus-cdnc-te_a699a0/input_Team Description_teamDescription'
	at com.kms.katalon.core.webui.keyword.internal.WebUIKeywordMain.stepFailed(WebUIKeywordMain.groovy:64)
	at com.kms.katalon.core.webui.keyword.internal.WebUIKeywordMain.runKeyword(WebUIKeywordMain.groovy:26)
	at com.kms.katalon.core.webui.keyword.builtin.SetTextKeyword.setText(SetTextKeyword.groovy:66)
	at com.kms.katalon.core.webui.keyword.builtin.SetTextKeyword.execute(SetTextKeyword.groovy:37)
	at com.kms.katalon.core.keyword.internal.KeywordExecutor.executeKeywordForPlatform(KeywordExecutor.groovy:72)
	at com.kms.katalon.core.webui.keyword.WebUiBuiltInKeywords.setText(WebUiBuiltInKeywords.groovy:976)
	at com.kms.katalon.core.webui.keyword.WebUiBuiltInKeywords$setText$1.call(Unknown Source)
	at TC_45_Edit_TeamDescription.run(TC_45_Edit_TeamDescription:38)
	at com.kms.katalon.core.main.ScriptEngine.run(ScriptEngine.java:194)
	at com.kms.katalon.core.main.ScriptEngine.runScriptAsRawText(ScriptEngine.java:119)
	at com.kms.katalon.core.main.TestCaseExecutor.runScript(TestCaseExecutor.java:337)
	at com.kms.katalon.core.main.TestCaseExecutor.doExecute(TestCaseExecutor.java:328)
	at com.kms.katalon.core.main.TestCaseExecutor.processExecutionPhase(TestCaseExecutor.java:307)
	at com.kms.katalon.core.main.TestCaseExecutor.accessMainPhase(TestCaseExecutor.java:299)
	at com.kms.katalon.core.main.TestCaseExecutor.execute(TestCaseExecutor.java:233)
	at com.kms.katalon.core.main.TestSuiteExecutor.accessTestCaseMainPhase(TestSuiteExecutor.java:169)
	at com.kms.katalon.core.main.TestSuiteExecutor.accessTestSuiteMainPhase(TestSuiteExecutor.java:142)
	at com.kms.katalon.core.main.TestSuiteExecutor.execute(TestSuiteExecutor.java:91)
	at com.kms.katalon.core.main.TestCaseMain.startTestSuite(TestCaseMain.java:157)
	at com.kms.katalon.core.main.TestCaseMain$startTestSuite$0.call(Unknown Source)
	at TempTestSuite1591337386301.run(TempTestSuite1591337386301.groovy:37)
Caused by: org.openqa.selenium.WebDriverException: chrome not reachable
  (Session info: chrome=83.0.4103.97)
Build info: version: '3.141.59', revision: 'e82be7d358', time: '2018-11-14T08:25:53'
System info: host: 'DESKTOP-SGC4F2H', ip: '172.25.32.1', os.name: 'Windows 10', os.arch: 'amd64', os.version: '10.0', java.version: '1.8.0_181'
Driver info: com.kms.katalon.selenium.driver.CChromeDriver
Capabilities {acceptInsecureCerts: false, browserName: chrome, browserVersion: 83.0.4103.97, chrome: {chromedriverVersion: 83.0.4103.39 (ccbf011cb2d2b..., userDataDir: C:\Users\Thanh\AppData\Loca...}, goog:chromeOptions: {debuggerAddress: localhost:65399}, javascriptEnabled: true, networkConnectionEnabled: false, pageLoadStrategy: normal, platform: WINDOWS, platformName: WINDOWS, proxy: Proxy(), setWindowRect: true, strictFileInteractability: false, timeouts: {implicit: 0, pageLoad: 300000, script: 30000}, unhandledPromptBehavior: dismiss and notify, webauthn:virtualAuthenticators: true}
Session ID: 160a5ad75ca5a08d627a451fe49c96f6
*** Element info: {Using=xpath, value=//input[@id='teamDescription']}
	at org.openqa.selenium.remote.http.W3CHttpResponseCodec.createException(W3CHttpResponseCodec.java:187)
	at org.openqa.selenium.remote.http.W3CHttpResponseCodec.decode(W3CHttpResponseCodec.java:122)
	at org.openqa.selenium.remote.http.W3CHttpResponseCodec.decode(W3CHttpResponseCodec.java:49)
	at org.openqa.selenium.remote.HttpCommandExecutor.execute(HttpCommandExecutor.java:158)
	at org.openqa.selenium.remote.service.DriverCommandExecutor.execute(DriverCommandExecutor.java:83)
	at org.openqa.selenium.remote.RemoteWebDriver.execute(RemoteWebDriver.java:552)
	at com.kms.katalon.selenium.driver.CChromeDriver.execute(CChromeDriver.java:19)
	at org.openqa.selenium.remote.RemoteWebDriver.findElements(RemoteWebDriver.java:353)
	at org.openqa.selenium.remote.RemoteWebDriver.findElementsByXPath(RemoteWebDriver.java:432)
	at org.openqa.selenium.By$ByXPath.findElements(By.java:348)
	at org.openqa.selenium.remote.RemoteWebDriver.findElements(RemoteWebDriver.java:311)
	at org.openqa.selenium.support.events.EventFiringWebDriver.lambda$new$1(EventFiringWebDriver.java:105)
	at com.sun.proxy.$Proxy8.findElements(Unknown Source)
	at org.openqa.selenium.support.events.EventFiringWebDriver.findElements(EventFiringWebDriver.java:182)
	at com.kms.katalon.core.webui.common.WebUiCommonHelper.findWebElements(WebUiCommonHelper.java:789)
	at com.kms.katalon.core.webui.common.WebUiCommonHelper.findWebElement(WebUiCommonHelper.java:1150)
	at com.kms.katalon.core.webui.keyword.internal.WebUIAbstractKeyword.findWebElement(WebUIAbstractKeyword.groovy:27)
	at com.kms.katalon.core.webui.keyword.internal.WebUIAbstractKeyword.findWebElement(WebUIAbstractKeyword.groovy:26)
	at com.kms.katalon.core.webui.keyword.builtin.SetTextKeyword$_setText_closure1.doCall(SetTextKeyword.groovy:55)
	at com.kms.katalon.core.webui.keyword.builtin.SetTextKeyword$_setText_closure1.call(SetTextKeyword.groovy)
	at com.kms.katalon.core.webui.keyword.internal.WebUIKeywordMain.runKeyword(WebUIKeywordMain.groovy:20)
	... 19 more


2020-06-05 13:45:47 - [TEST_STEP][PASSED] - openBrowser(""): Browser is opened with url: ''

2020-06-05 13:45:47 - [MESSAGE][INFO] - Starting 'Chrome' driver

2020-06-05 13:45:47 - [MESSAGE][INFO] - Action delay is set to 0 milliseconds

2020-06-05 13:45:50 - [MESSAGE][PASSED] - Browser is opened with url: ''

2020-06-05 13:45:50 - [TEST_STEP][PASSED] - navigateToUrl("http://localhost:8065/hcmus-cdnc-team/channels/town-square"): Navigate to 'http://localhost:8065/hcmus-cdnc-team/channels/town-square' successfully

2020-06-05 13:45:52 - [MESSAGE][PASSED] - Navigate to 'http://localhost:8065/hcmus-cdnc-team/channels/town-square' successfully

2020-06-05 13:45:52 - [TEST_STEP][PASSED] - setText(findTestObject("Object Repository/1612893/45_Edit_TeamDescription/Page_Mattermost/input_All team communication in one place s_703ef5"), "hcmus-cdnc@gmail.com"): Text 'hcmus-cdnc@gmail.com' is set on object 'Object Repository/1612893/45_Edit_TeamDescription/Page_Mattermost/input_All team communication in one place s_703ef5'

2020-06-05 13:45:54 - [MESSAGE][PASSED] - Text 'hcmus-cdnc@gmail.com' is set on object 'Object Repository/1612893/45_Edit_TeamDescription/Page_Mattermost/input_All team communication in one place s_703ef5'

2020-06-05 13:45:54 - [TEST_STEP][PASSED] - setEncryptedText(findTestObject("Object Repository/1612893/45_Edit_TeamDescription/Page_Mattermost/input_Please enter your password_password"), "aeHFOx8jV/A="): Text ****** has been set on object 'Object Repository/1612893/45_Edit_TeamDescription/Page_Mattermost/input_Please enter your password_password'

2020-06-05 13:45:55 - [MESSAGE][PASSED] - Text ****** has been set on object 'Object Repository/1612893/45_Edit_TeamDescription/Page_Mattermost/input_Please enter your password_password'

2020-06-05 13:45:55 - [TEST_STEP][PASSED] - sendKeys(findTestObject("Object Repository/1612893/45_Edit_TeamDescription/Page_Mattermost/input_Please enter your password_password"), Keys.chord(ENTER)): Keys 'ENTER + ' sent to object: 'Object Repository/1612893/45_Edit_TeamDescription/Page_Mattermost/input_Please enter your password_password'

2020-06-05 13:45:55 - [MESSAGE][PASSED] - Keys 'ENTER + ' sent to object: 'Object Repository/1612893/45_Edit_TeamDescription/Page_Mattermost/input_Please enter your password_password'

2020-06-05 13:45:55 - [TEST_STEP][PASSED] - click(findTestObject("Object Repository/1612893/45_Edit_TeamDescription/Page_Thanh set Channel name - hcmus-cdnc-te_a699a0/span")): Object: 'Object Repository/1612893/45_Edit_TeamDescription/Page_Thanh set Channel name - hcmus-cdnc-te_a699a0/span' is clicked on

2020-06-05 13:45:59 - [MESSAGE][PASSED] - Object: 'Object Repository/1612893/45_Edit_TeamDescription/Page_Thanh set Channel name - hcmus-cdnc-te_a699a0/span' is clicked on

2020-06-05 13:45:59 - [TEST_STEP][PASSED] - click(findTestObject("Object Repository/1612893/45_Edit_TeamDescription/Page_Thanh set Channel name - hcmus-cdnc-te_a699a0/span_Team Settings")): Object: 'Object Repository/1612893/45_Edit_TeamDescription/Page_Thanh set Channel name - hcmus-cdnc-te_a699a0/span_Team Settings' is clicked on

2020-06-05 13:46:00 - [MESSAGE][PASSED] - Object: 'Object Repository/1612893/45_Edit_TeamDescription/Page_Thanh set Channel name - hcmus-cdnc-te_a699a0/span_Team Settings' is clicked on

2020-06-05 13:46:00 - [TEST_STEP][PASSED] - click(findTestObject("Object Repository/1612893/45_Edit_TeamDescription/Page_Thanh set Channel name - hcmus-cdnc-te_a699a0/span_Edit")): Object: 'Object Repository/1612893/45_Edit_TeamDescription/Page_Thanh set Channel name - hcmus-cdnc-te_a699a0/span_Edit' is clicked on

2020-06-05 13:46:01 - [MESSAGE][PASSED] - Object: 'Object Repository/1612893/45_Edit_TeamDescription/Page_Thanh set Channel name - hcmus-cdnc-te_a699a0/span_Edit' is clicked on

2020-06-05 13:46:01 - [TEST_STEP][FAILED] - setText(findTestObject("Object Repository/1612893/45_Edit_TeamDescription/Page_Thanh set Channel name - hcmus-cdnc-te_a699a0/input_Team Description_teamDescription"), description): Unable to set text 'Nhóm đảm bảo chất lượng' of object 'Object Repository/1612893/45_Edit_TeamDescription/Page_Thanh set Channel name - hcmus-cdnc-te_a699a0/input_Team Description_teamDescription' (Root cause: com.kms.katalon.core.exception.StepFailedException: Unable to set text 'Nhóm đảm bảo chất lượng' of object 'Object Repository/1612893/45_Edit_TeamDescription/Page_Thanh set Channel name - hcmus-cdnc-te_a699a0/input_Team Description_teamDescription'
	at com.kms.katalon.core.webui.keyword.internal.WebUIKeywordMain.stepFailed(WebUIKeywordMain.groovy:64)
	at com.kms.katalon.core.webui.keyword.internal.WebUIKeywordMain.runKeyword(WebUIKeywordMain.groovy:26)
	at com.kms.katalon.core.webui.keyword.builtin.SetTextKeyword.setText(SetTextKeyword.groovy:66)
	at com.kms.katalon.core.webui.keyword.builtin.SetTextKeyword.execute(SetTextKeyword.groovy:37)
	at com.kms.katalon.core.keyword.internal.KeywordExecutor.executeKeywordForPlatform(KeywordExecutor.groovy:72)
	at com.kms.katalon.core.webui.keyword.WebUiBuiltInKeywords.setText(WebUiBuiltInKeywords.groovy:976)
	at com.kms.katalon.core.webui.keyword.WebUiBuiltInKeywords$setText$1.call(Unknown Source)
	at TC_45_Edit_TeamDescription.run(TC_45_Edit_TeamDescription:38)
	at com.kms.katalon.core.main.ScriptEngine.run(ScriptEngine.java:194)
	at com.kms.katalon.core.main.ScriptEngine.runScriptAsRawText(ScriptEngine.java:119)
	at com.kms.katalon.core.main.TestCaseExecutor.runScript(TestCaseExecutor.java:337)
	at com.kms.katalon.core.main.TestCaseExecutor.doExecute(TestCaseExecutor.java:328)
	at com.kms.katalon.core.main.TestCaseExecutor.processExecutionPhase(TestCaseExecutor.java:307)
	at com.kms.katalon.core.main.TestCaseExecutor.accessMainPhase(TestCaseExecutor.java:299)
	at com.kms.katalon.core.main.TestCaseExecutor.execute(TestCaseExecutor.java:233)
	at com.kms.katalon.core.main.TestSuiteExecutor.accessTestCaseMainPhase(TestSuiteExecutor.java:169)
	at com.kms.katalon.core.main.TestSuiteExecutor.accessTestSuiteMainPhase(TestSuiteExecutor.java:142)
	at com.kms.katalon.core.main.TestSuiteExecutor.execute(TestSuiteExecutor.java:91)
	at com.kms.katalon.core.main.TestCaseMain.startTestSuite(TestCaseMain.java:157)
	at com.kms.katalon.core.main.TestCaseMain$startTestSuite$0.call(Unknown Source)
	at TempTestSuite1591337386301.run(TempTestSuite1591337386301.groovy:37)
Caused by: org.openqa.selenium.WebDriverException: chrome not reachable
  (Session info: chrome=83.0.4103.97)
Build info: version: '3.141.59', revision: 'e82be7d358', time: '2018-11-14T08:25:53'
System info: host: 'DESKTOP-SGC4F2H', ip: '172.25.32.1', os.name: 'Windows 10', os.arch: 'amd64', os.version: '10.0', java.version: '1.8.0_181'
Driver info: com.kms.katalon.selenium.driver.CChromeDriver
Capabilities {acceptInsecureCerts: false, browserName: chrome, browserVersion: 83.0.4103.97, chrome: {chromedriverVersion: 83.0.4103.39 (ccbf011cb2d2b..., userDataDir: C:\Users\Thanh\AppData\Loca...}, goog:chromeOptions: {debuggerAddress: localhost:65399}, javascriptEnabled: true, networkConnectionEnabled: false, pageLoadStrategy: normal, platform: WINDOWS, platformName: WINDOWS, proxy: Proxy(), setWindowRect: true, strictFileInteractability: false, timeouts: {implicit: 0, pageLoad: 300000, script: 30000}, unhandledPromptBehavior: dismiss and notify, webauthn:virtualAuthenticators: true}
Session ID: 160a5ad75ca5a08d627a451fe49c96f6
*** Element info: {Using=xpath, value=//input[@id='teamDescription']}
	at org.openqa.selenium.remote.http.W3CHttpResponseCodec.createException(W3CHttpResponseCodec.java:187)
	at org.openqa.selenium.remote.http.W3CHttpResponseCodec.decode(W3CHttpResponseCodec.java:122)
	at org.openqa.selenium.remote.http.W3CHttpResponseCodec.decode(W3CHttpResponseCodec.java:49)
	at org.openqa.selenium.remote.HttpCommandExecutor.execute(HttpCommandExecutor.java:158)
	at org.openqa.selenium.remote.service.DriverCommandExecutor.execute(DriverCommandExecutor.java:83)
	at org.openqa.selenium.remote.RemoteWebDriver.execute(RemoteWebDriver.java:552)
	at com.kms.katalon.selenium.driver.CChromeDriver.execute(CChromeDriver.java:19)
	at org.openqa.selenium.remote.RemoteWebDriver.findElements(RemoteWebDriver.java:353)
	at org.openqa.selenium.remote.RemoteWebDriver.findElementsByXPath(RemoteWebDriver.java:432)
	at org.openqa.selenium.By$ByXPath.findElements(By.java:348)
	at org.openqa.selenium.remote.RemoteWebDriver.findElements(RemoteWebDriver.java:311)
	at org.openqa.selenium.support.events.EventFiringWebDriver.lambda$new$1(EventFiringWebDriver.java:105)
	at com.sun.proxy.$Proxy8.findElements(Unknown Source)
	at org.openqa.selenium.support.events.EventFiringWebDriver.findElements(EventFiringWebDriver.java:182)
	at com.kms.katalon.core.webui.common.WebUiCommonHelper.findWebElements(WebUiCommonHelper.java:789)
	at com.kms.katalon.core.webui.common.WebUiCommonHelper.findWebElement(WebUiCommonHelper.java:1150)
	at com.kms.katalon.core.webui.keyword.internal.WebUIAbstractKeyword.findWebElement(WebUIAbstractKeyword.groovy:27)
	at com.kms.katalon.core.webui.keyword.internal.WebUIAbstractKeyword.findWebElement(WebUIAbstractKeyword.groovy:26)
	at com.kms.katalon.core.webui.keyword.builtin.SetTextKeyword$_setText_closure1.doCall(SetTextKeyword.groovy:55)
	at com.kms.katalon.core.webui.keyword.builtin.SetTextKeyword$_setText_closure1.call(SetTextKeyword.groovy)
	at com.kms.katalon.core.webui.keyword.internal.WebUIKeywordMain.runKeyword(WebUIKeywordMain.groovy:20)
	at com.kms.katalon.core.webui.keyword.builtin.SetTextKeyword.setText(SetTextKeyword.groovy:66)
	at com.kms.katalon.core.webui.keyword.builtin.SetTextKeyword.execute(SetTextKeyword.groovy:37)
	at com.kms.katalon.core.keyword.internal.KeywordExecutor.executeKeywordForPlatform(KeywordExecutor.groovy:72)
	at com.kms.katalon.core.webui.keyword.WebUiBuiltInKeywords.setText(WebUiBuiltInKeywords.groovy:976)
	at com.kms.katalon.core.webui.keyword.WebUiBuiltInKeywords$setText$1.call(Unknown Source)
	at Script1591197182790.run(Script1591197182790.groovy:38)
	... 13 more
)

2020-06-05 13:46:42 - [MESSAGE][WARNING] - Cannot take screenshot

2020-06-05 13:46:42 - [MESSAGE][FAILED] - Unable to set text 'Nhóm đảm bảo chất lượng' of object 'Object Repository/1612893/45_Edit_TeamDescription/Page_Thanh set Channel name - hcmus-cdnc-te_a699a0/input_Team Description_teamDescription' (Root cause: com.kms.katalon.core.exception.StepFailedException: Unable to set text 'Nhóm đảm bảo chất lượng' of object 'Object Repository/1612893/45_Edit_TeamDescription/Page_Thanh set Channel name - hcmus-cdnc-te_a699a0/input_Team Description_teamDescription'
	at com.kms.katalon.core.webui.keyword.internal.WebUIKeywordMain.stepFailed(WebUIKeywordMain.groovy:64)
	at com.kms.katalon.core.webui.keyword.internal.WebUIKeywordMain.runKeyword(WebUIKeywordMain.groovy:26)
	at com.kms.katalon.core.webui.keyword.builtin.SetTextKeyword.setText(SetTextKeyword.groovy:66)
	at com.kms.katalon.core.webui.keyword.builtin.SetTextKeyword.execute(SetTextKeyword.groovy:37)
	at com.kms.katalon.core.keyword.internal.KeywordExecutor.executeKeywordForPlatform(KeywordExecutor.groovy:72)
	at com.kms.katalon.core.webui.keyword.WebUiBuiltInKeywords.setText(WebUiBuiltInKeywords.groovy:976)
	at com.kms.katalon.core.webui.keyword.WebUiBuiltInKeywords$setText$1.call(Unknown Source)
	at TC_45_Edit_TeamDescription.run(TC_45_Edit_TeamDescription:38)
	at com.kms.katalon.core.main.ScriptEngine.run(ScriptEngine.java:194)
	at com.kms.katalon.core.main.ScriptEngine.runScriptAsRawText(ScriptEngine.java:119)
	at com.kms.katalon.core.main.TestCaseExecutor.runScript(TestCaseExecutor.java:337)
	at com.kms.katalon.core.main.TestCaseExecutor.doExecute(TestCaseExecutor.java:328)
	at com.kms.katalon.core.main.TestCaseExecutor.processExecutionPhase(TestCaseExecutor.java:307)
	at com.kms.katalon.core.main.TestCaseExecutor.accessMainPhase(TestCaseExecutor.java:299)
	at com.kms.katalon.core.main.TestCaseExecutor.execute(TestCaseExecutor.java:233)
	at com.kms.katalon.core.main.TestSuiteExecutor.accessTestCaseMainPhase(TestSuiteExecutor.java:169)
	at com.kms.katalon.core.main.TestSuiteExecutor.accessTestSuiteMainPhase(TestSuiteExecutor.java:142)
	at com.kms.katalon.core.main.TestSuiteExecutor.execute(TestSuiteExecutor.java:91)
	at com.kms.katalon.core.main.TestCaseMain.startTestSuite(TestCaseMain.java:157)
	at com.kms.katalon.core.main.TestCaseMain$startTestSuite$0.call(Unknown Source)
	at TempTestSuite1591337386301.run(TempTestSuite1591337386301.groovy:37)
Caused by: org.openqa.selenium.WebDriverException: chrome not reachable
  (Session info: chrome=83.0.4103.97)
Build info: version: '3.141.59', revision: 'e82be7d358', time: '2018-11-14T08:25:53'
System info: host: 'DESKTOP-SGC4F2H', ip: '172.25.32.1', os.name: 'Windows 10', os.arch: 'amd64', os.version: '10.0', java.version: '1.8.0_181'
Driver info: com.kms.katalon.selenium.driver.CChromeDriver
Capabilities {acceptInsecureCerts: false, browserName: chrome, browserVersion: 83.0.4103.97, chrome: {chromedriverVersion: 83.0.4103.39 (ccbf011cb2d2b..., userDataDir: C:\Users\Thanh\AppData\Loca...}, goog:chromeOptions: {debuggerAddress: localhost:65399}, javascriptEnabled: true, networkConnectionEnabled: false, pageLoadStrategy: normal, platform: WINDOWS, platformName: WINDOWS, proxy: Proxy(), setWindowRect: true, strictFileInteractability: false, timeouts: {implicit: 0, pageLoad: 300000, script: 30000}, unhandledPromptBehavior: dismiss and notify, webauthn:virtualAuthenticators: true}
Session ID: 160a5ad75ca5a08d627a451fe49c96f6
*** Element info: {Using=xpath, value=//input[@id='teamDescription']}
	at org.openqa.selenium.remote.http.W3CHttpResponseCodec.createException(W3CHttpResponseCodec.java:187)
	at org.openqa.selenium.remote.http.W3CHttpResponseCodec.decode(W3CHttpResponseCodec.java:122)
	at org.openqa.selenium.remote.http.W3CHttpResponseCodec.decode(W3CHttpResponseCodec.java:49)
	at org.openqa.selenium.remote.HttpCommandExecutor.execute(HttpCommandExecutor.java:158)
	at org.openqa.selenium.remote.service.DriverCommandExecutor.execute(DriverCommandExecutor.java:83)
	at org.openqa.selenium.remote.RemoteWebDriver.execute(RemoteWebDriver.java:552)
	at com.kms.katalon.selenium.driver.CChromeDriver.execute(CChromeDriver.java:19)
	at org.openqa.selenium.remote.RemoteWebDriver.findElements(RemoteWebDriver.java:353)
	at org.openqa.selenium.remote.RemoteWebDriver.findElementsByXPath(RemoteWebDriver.java:432)
	at org.openqa.selenium.By$ByXPath.findElements(By.java:348)
	at org.openqa.selenium.remote.RemoteWebDriver.findElements(RemoteWebDriver.java:311)
	at org.openqa.selenium.support.events.EventFiringWebDriver.lambda$new$1(EventFiringWebDriver.java:105)
	at com.sun.proxy.$Proxy8.findElements(Unknown Source)
	at org.openqa.selenium.support.events.EventFiringWebDriver.findElements(EventFiringWebDriver.java:182)
	at com.kms.katalon.core.webui.common.WebUiCommonHelper.findWebElements(WebUiCommonHelper.java:789)
	at com.kms.katalon.core.webui.common.WebUiCommonHelper.findWebElement(WebUiCommonHelper.java:1150)
	at com.kms.katalon.core.webui.keyword.internal.WebUIAbstractKeyword.findWebElement(WebUIAbstractKeyword.groovy:27)
	at com.kms.katalon.core.webui.keyword.internal.WebUIAbstractKeyword.findWebElement(WebUIAbstractKeyword.groovy:26)
	at com.kms.katalon.core.webui.keyword.builtin.SetTextKeyword$_setText_closure1.doCall(SetTextKeyword.groovy:55)
	at com.kms.katalon.core.webui.keyword.builtin.SetTextKeyword$_setText_closure1.call(SetTextKeyword.groovy)
	at com.kms.katalon.core.webui.keyword.internal.WebUIKeywordMain.runKeyword(WebUIKeywordMain.groovy:20)
	at com.kms.katalon.core.webui.keyword.builtin.SetTextKeyword.setText(SetTextKeyword.groovy:66)
	at com.kms.katalon.core.webui.keyword.builtin.SetTextKeyword.execute(SetTextKeyword.groovy:37)
	at com.kms.katalon.core.keyword.internal.KeywordExecutor.executeKeywordForPlatform(KeywordExecutor.groovy:72)
	at com.kms.katalon.core.webui.keyword.WebUiBuiltInKeywords.setText(WebUiBuiltInKeywords.groovy:976)
	at com.kms.katalon.core.webui.keyword.WebUiBuiltInKeywords$setText$1.call(Unknown Source)
	at Script1591197182790.run(Script1591197182790.groovy:38)
	... 13 more
)]]></system-out>
         <system-err><![CDATA[2020-06-05 13:45:47 - [TEST_CASE][FAILED] - Test Cases/1612893/TC_45_Edit_TeamDescription: Test Cases/1612893/TC_45_Edit_TeamDescription FAILED.
Reason:
com.kms.katalon.core.exception.StepFailedException: Unable to set text 'Nhóm đảm bảo chất lượng' of object 'Object Repository/1612893/45_Edit_TeamDescription/Page_Thanh set Channel name - hcmus-cdnc-te_a699a0/input_Team Description_teamDescription'
	at com.kms.katalon.core.webui.keyword.internal.WebUIKeywordMain.stepFailed(WebUIKeywordMain.groovy:64)
	at com.kms.katalon.core.webui.keyword.internal.WebUIKeywordMain.runKeyword(WebUIKeywordMain.groovy:26)
	at com.kms.katalon.core.webui.keyword.builtin.SetTextKeyword.setText(SetTextKeyword.groovy:66)
	at com.kms.katalon.core.webui.keyword.builtin.SetTextKeyword.execute(SetTextKeyword.groovy:37)
	at com.kms.katalon.core.keyword.internal.KeywordExecutor.executeKeywordForPlatform(KeywordExecutor.groovy:72)
	at com.kms.katalon.core.webui.keyword.WebUiBuiltInKeywords.setText(WebUiBuiltInKeywords.groovy:976)
	at com.kms.katalon.core.webui.keyword.WebUiBuiltInKeywords$setText$1.call(Unknown Source)
	at TC_45_Edit_TeamDescription.run(TC_45_Edit_TeamDescription:38)
	at com.kms.katalon.core.main.ScriptEngine.run(ScriptEngine.java:194)
	at com.kms.katalon.core.main.ScriptEngine.runScriptAsRawText(ScriptEngine.java:119)
	at com.kms.katalon.core.main.TestCaseExecutor.runScript(TestCaseExecutor.java:337)
	at com.kms.katalon.core.main.TestCaseExecutor.doExecute(TestCaseExecutor.java:328)
	at com.kms.katalon.core.main.TestCaseExecutor.processExecutionPhase(TestCaseExecutor.java:307)
	at com.kms.katalon.core.main.TestCaseExecutor.accessMainPhase(TestCaseExecutor.java:299)
	at com.kms.katalon.core.main.TestCaseExecutor.execute(TestCaseExecutor.java:233)
	at com.kms.katalon.core.main.TestSuiteExecutor.accessTestCaseMainPhase(TestSuiteExecutor.java:169)
	at com.kms.katalon.core.main.TestSuiteExecutor.accessTestSuiteMainPhase(TestSuiteExecutor.java:142)
	at com.kms.katalon.core.main.TestSuiteExecutor.execute(TestSuiteExecutor.java:91)
	at com.kms.katalon.core.main.TestCaseMain.startTestSuite(TestCaseMain.java:157)
	at com.kms.katalon.core.main.TestCaseMain$startTestSuite$0.call(Unknown Source)
	at TempTestSuite1591337386301.run(TempTestSuite1591337386301.groovy:37)
Caused by: org.openqa.selenium.WebDriverException: chrome not reachable
  (Session info: chrome=83.0.4103.97)
Build info: version: '3.141.59', revision: 'e82be7d358', time: '2018-11-14T08:25:53'
System info: host: 'DESKTOP-SGC4F2H', ip: '172.25.32.1', os.name: 'Windows 10', os.arch: 'amd64', os.version: '10.0', java.version: '1.8.0_181'
Driver info: com.kms.katalon.selenium.driver.CChromeDriver
Capabilities {acceptInsecureCerts: false, browserName: chrome, browserVersion: 83.0.4103.97, chrome: {chromedriverVersion: 83.0.4103.39 (ccbf011cb2d2b..., userDataDir: C:\Users\Thanh\AppData\Loca...}, goog:chromeOptions: {debuggerAddress: localhost:65399}, javascriptEnabled: true, networkConnectionEnabled: false, pageLoadStrategy: normal, platform: WINDOWS, platformName: WINDOWS, proxy: Proxy(), setWindowRect: true, strictFileInteractability: false, timeouts: {implicit: 0, pageLoad: 300000, script: 30000}, unhandledPromptBehavior: dismiss and notify, webauthn:virtualAuthenticators: true}
Session ID: 160a5ad75ca5a08d627a451fe49c96f6
*** Element info: {Using=xpath, value=//input[@id='teamDescription']}
	at org.openqa.selenium.remote.http.W3CHttpResponseCodec.createException(W3CHttpResponseCodec.java:187)
	at org.openqa.selenium.remote.http.W3CHttpResponseCodec.decode(W3CHttpResponseCodec.java:122)
	at org.openqa.selenium.remote.http.W3CHttpResponseCodec.decode(W3CHttpResponseCodec.java:49)
	at org.openqa.selenium.remote.HttpCommandExecutor.execute(HttpCommandExecutor.java:158)
	at org.openqa.selenium.remote.service.DriverCommandExecutor.execute(DriverCommandExecutor.java:83)
	at org.openqa.selenium.remote.RemoteWebDriver.execute(RemoteWebDriver.java:552)
	at com.kms.katalon.selenium.driver.CChromeDriver.execute(CChromeDriver.java:19)
	at org.openqa.selenium.remote.RemoteWebDriver.findElements(RemoteWebDriver.java:353)
	at org.openqa.selenium.remote.RemoteWebDriver.findElementsByXPath(RemoteWebDriver.java:432)
	at org.openqa.selenium.By$ByXPath.findElements(By.java:348)
	at org.openqa.selenium.remote.RemoteWebDriver.findElements(RemoteWebDriver.java:311)
	at org.openqa.selenium.support.events.EventFiringWebDriver.lambda$new$1(EventFiringWebDriver.java:105)
	at com.sun.proxy.$Proxy8.findElements(Unknown Source)
	at org.openqa.selenium.support.events.EventFiringWebDriver.findElements(EventFiringWebDriver.java:182)
	at com.kms.katalon.core.webui.common.WebUiCommonHelper.findWebElements(WebUiCommonHelper.java:789)
	at com.kms.katalon.core.webui.common.WebUiCommonHelper.findWebElement(WebUiCommonHelper.java:1150)
	at com.kms.katalon.core.webui.keyword.internal.WebUIAbstractKeyword.findWebElement(WebUIAbstractKeyword.groovy:27)
	at com.kms.katalon.core.webui.keyword.internal.WebUIAbstractKeyword.findWebElement(WebUIAbstractKeyword.groovy:26)
	at com.kms.katalon.core.webui.keyword.builtin.SetTextKeyword$_setText_closure1.doCall(SetTextKeyword.groovy:55)
	at com.kms.katalon.core.webui.keyword.builtin.SetTextKeyword$_setText_closure1.call(SetTextKeyword.groovy)
	at com.kms.katalon.core.webui.keyword.internal.WebUIKeywordMain.runKeyword(WebUIKeywordMain.groovy:20)
	... 19 more]]></system-err>
      </testcase>
      <testcase name="Test Cases/1612893/TC_46_ViewMember" time="50.166" classname="Test Cases/1612893/TC_46_ViewMember" status="FAILED">
         <failure type="FAILED" message="Test Cases/1612893/TC_46_ViewMember FAILED.
Reason:
com.kms.katalon.core.exception.StepFailedException: Call Test Case 'Test Cases/1612893/TC_ViewMember' failed
	at com.kms.katalon.core.keyword.builtin.CallTestCaseKeyword$_callTestCase_closure1.doCall(CallTestCaseKeyword.groovy:63)
	at com.kms.katalon.core.keyword.builtin.CallTestCaseKeyword$_callTestCase_closure1.call(CallTestCaseKeyword.groovy)
	at com.kms.katalon.core.keyword.internal.KeywordMain.runKeyword(KeywordMain.groovy:68)
	at com.kms.katalon.core.keyword.builtin.CallTestCaseKeyword.callTestCase(CallTestCaseKeyword.groovy:81)
	at com.kms.katalon.core.keyword.builtin.CallTestCaseKeyword.execute(CallTestCaseKeyword.groovy:44)
	at com.kms.katalon.core.keyword.internal.KeywordExecutor.executeKeywordForPlatform(KeywordExecutor.groovy:72)
	at com.kms.katalon.core.keyword.BuiltinKeywords.callTestCase(BuiltinKeywords.groovy:334)
	at TC_46_ViewMember.run(TC_46_ViewMember:21)
	at com.kms.katalon.core.main.ScriptEngine.run(ScriptEngine.java:194)
	at com.kms.katalon.core.main.ScriptEngine.runScriptAsRawText(ScriptEngine.java:119)
	at com.kms.katalon.core.main.TestCaseExecutor.runScript(TestCaseExecutor.java:337)
	at com.kms.katalon.core.main.TestCaseExecutor.doExecute(TestCaseExecutor.java:328)
	at com.kms.katalon.core.main.TestCaseExecutor.processExecutionPhase(TestCaseExecutor.java:307)
	at com.kms.katalon.core.main.TestCaseExecutor.accessMainPhase(TestCaseExecutor.java:299)
	at com.kms.katalon.core.main.TestCaseExecutor.execute(TestCaseExecutor.java:233)
	at com.kms.katalon.core.main.TestSuiteExecutor.accessTestCaseMainPhase(TestSuiteExecutor.java:169)
	at com.kms.katalon.core.main.TestSuiteExecutor.accessTestSuiteMainPhase(TestSuiteExecutor.java:142)
	at com.kms.katalon.core.main.TestSuiteExecutor.execute(TestSuiteExecutor.java:91)
	at com.kms.katalon.core.main.TestCaseMain.startTestSuite(TestCaseMain.java:157)
	at com.kms.katalon.core.main.TestCaseMain$startTestSuite$0.call(Unknown Source)
	at TempTestSuite1591337386301.run(TempTestSuite1591337386301.groovy:37)
Caused by: com.kms.katalon.core.exception.StepFailedException: Unable to click on object 'Object Repository/1612893/ViewMember/Page_Thanh set Channel name - hcmus-cdnc-te_a699a0/span_'
	at com.kms.katalon.core.webui.keyword.internal.WebUIKeywordMain.stepFailed(WebUIKeywordMain.groovy:64)
	at com.kms.katalon.core.webui.keyword.internal.WebUIKeywordMain.runKeyword(WebUIKeywordMain.groovy:26)
	at com.kms.katalon.core.webui.keyword.builtin.ClickKeyword.click(ClickKeyword.groovy:76)
	at com.kms.katalon.core.webui.keyword.builtin.ClickKeyword.execute(ClickKeyword.groovy:43)
	at com.kms.katalon.core.keyword.internal.KeywordExecutor.executeKeywordForPlatform(KeywordExecutor.groovy:72)
	at com.kms.katalon.core.webui.keyword.WebUiBuiltInKeywords.click(WebUiBuiltInKeywords.groovy:616)
	at com.kms.katalon.core.webui.keyword.WebUiBuiltInKeywords$click$3.call(Unknown Source)
	at TC_ViewMember.run(TC_ViewMember:23)
	at com.kms.katalon.core.main.ScriptEngine.run(ScriptEngine.java:194)
	at com.kms.katalon.core.main.ScriptEngine.runScriptAsRawText(ScriptEngine.java:119)
	at com.kms.katalon.core.main.TestCaseExecutor.runScript(TestCaseExecutor.java:337)
	at com.kms.katalon.core.main.TestCaseExecutor.doExecute(TestCaseExecutor.java:328)
	at com.kms.katalon.core.main.TestCaseExecutor.processExecutionPhase(TestCaseExecutor.java:307)
	at com.kms.katalon.core.main.TestCaseExecutor.accessMainPhase(TestCaseExecutor.java:299)
	at com.kms.katalon.core.main.TestCaseExecutor.execute(TestCaseExecutor.java:233)
	at com.kms.katalon.core.main.TestCaseMain.runTestCase(TestCaseMain.java:114)
	at com.kms.katalon.core.keyword.builtin.CallTestCaseKeyword$_callTestCase_closure1.doCall(CallTestCaseKeyword.groovy:59)
	... 20 more
Caused by: org.openqa.selenium.WebDriverException: chrome not reachable
  (Session info: chrome=83.0.4103.97)
Build info: version: '3.141.59', revision: 'e82be7d358', time: '2018-11-14T08:25:53'
System info: host: 'DESKTOP-SGC4F2H', ip: '172.25.32.1', os.name: 'Windows 10', os.arch: 'amd64', os.version: '10.0', java.version: '1.8.0_181'
Driver info: com.kms.katalon.selenium.driver.CChromeDriver
Capabilities {acceptInsecureCerts: false, browserName: chrome, browserVersion: 83.0.4103.97, chrome: {chromedriverVersion: 83.0.4103.39 (ccbf011cb2d2b..., userDataDir: C:\Users\Thanh\AppData\Loca...}, goog:chromeOptions: {debuggerAddress: localhost:65476}, javascriptEnabled: true, networkConnectionEnabled: false, pageLoadStrategy: normal, platform: WINDOWS, platformName: WINDOWS, proxy: Proxy(), setWindowRect: true, strictFileInteractability: false, timeouts: {implicit: 0, pageLoad: 300000, script: 30000}, unhandledPromptBehavior: dismiss and notify, webauthn:virtualAuthenticators: true}
Session ID: 03845bdc51411e29fc34d7dcf8095733
*** Element info: {Using=xpath, value=//div[@id='channelMembersModal']/div/div/div/button/span}
	at org.openqa.selenium.remote.http.W3CHttpResponseCodec.createException(W3CHttpResponseCodec.java:187)
	at org.openqa.selenium.remote.http.W3CHttpResponseCodec.decode(W3CHttpResponseCodec.java:122)
	at org.openqa.selenium.remote.http.W3CHttpResponseCodec.decode(W3CHttpResponseCodec.java:49)
	at org.openqa.selenium.remote.HttpCommandExecutor.execute(HttpCommandExecutor.java:158)
	at org.openqa.selenium.remote.service.DriverCommandExecutor.execute(DriverCommandExecutor.java:83)
	at org.openqa.selenium.remote.RemoteWebDriver.execute(RemoteWebDriver.java:552)
	at com.kms.katalon.selenium.driver.CChromeDriver.execute(CChromeDriver.java:19)
	at org.openqa.selenium.remote.RemoteWebDriver.findElements(RemoteWebDriver.java:353)
	at org.openqa.selenium.remote.RemoteWebDriver.findElementsByXPath(RemoteWebDriver.java:432)
	at org.openqa.selenium.By$ByXPath.findElements(By.java:348)
	at org.openqa.selenium.remote.RemoteWebDriver.findElements(RemoteWebDriver.java:311)
	at org.openqa.selenium.support.events.EventFiringWebDriver.lambda$new$1(EventFiringWebDriver.java:105)
	at com.sun.proxy.$Proxy8.findElements(Unknown Source)
	at org.openqa.selenium.support.events.EventFiringWebDriver.findElements(EventFiringWebDriver.java:182)
	at com.kms.katalon.core.webui.common.WebUiCommonHelper.findWebElements(WebUiCommonHelper.java:789)
	at com.kms.katalon.core.webui.common.WebUiCommonHelper.findWebElement(WebUiCommonHelper.java:1150)
	at com.kms.katalon.core.webui.keyword.internal.WebUIAbstractKeyword.findWebElement(WebUIAbstractKeyword.groovy:27)
	at com.kms.katalon.core.webui.keyword.internal.WebUIAbstractKeyword.findWebElement(WebUIAbstractKeyword.groovy:26)
	at com.kms.katalon.core.webui.keyword.builtin.ClickKeyword$_click_closure1.doCall(ClickKeyword.groovy:67)
	at com.kms.katalon.core.webui.keyword.builtin.ClickKeyword$_click_closure1.call(ClickKeyword.groovy)
	at com.kms.katalon.core.webui.keyword.internal.WebUIKeywordMain.runKeyword(WebUIKeywordMain.groovy:20)
	... 35 more
"/>
         <system-out><![CDATA[2020-06-05 13:46:42 - [TEST_CASE][FAILED] - Test Cases/1612893/TC_46_ViewMember: Test Cases/1612893/TC_46_ViewMember FAILED.
Reason:
com.kms.katalon.core.exception.StepFailedException: Call Test Case 'Test Cases/1612893/TC_ViewMember' failed
	at com.kms.katalon.core.keyword.builtin.CallTestCaseKeyword$_callTestCase_closure1.doCall(CallTestCaseKeyword.groovy:63)
	at com.kms.katalon.core.keyword.builtin.CallTestCaseKeyword$_callTestCase_closure1.call(CallTestCaseKeyword.groovy)
	at com.kms.katalon.core.keyword.internal.KeywordMain.runKeyword(KeywordMain.groovy:68)
	at com.kms.katalon.core.keyword.builtin.CallTestCaseKeyword.callTestCase(CallTestCaseKeyword.groovy:81)
	at com.kms.katalon.core.keyword.builtin.CallTestCaseKeyword.execute(CallTestCaseKeyword.groovy:44)
	at com.kms.katalon.core.keyword.internal.KeywordExecutor.executeKeywordForPlatform(KeywordExecutor.groovy:72)
	at com.kms.katalon.core.keyword.BuiltinKeywords.callTestCase(BuiltinKeywords.groovy:334)
	at TC_46_ViewMember.run(TC_46_ViewMember:21)
	at com.kms.katalon.core.main.ScriptEngine.run(ScriptEngine.java:194)
	at com.kms.katalon.core.main.ScriptEngine.runScriptAsRawText(ScriptEngine.java:119)
	at com.kms.katalon.core.main.TestCaseExecutor.runScript(TestCaseExecutor.java:337)
	at com.kms.katalon.core.main.TestCaseExecutor.doExecute(TestCaseExecutor.java:328)
	at com.kms.katalon.core.main.TestCaseExecutor.processExecutionPhase(TestCaseExecutor.java:307)
	at com.kms.katalon.core.main.TestCaseExecutor.accessMainPhase(TestCaseExecutor.java:299)
	at com.kms.katalon.core.main.TestCaseExecutor.execute(TestCaseExecutor.java:233)
	at com.kms.katalon.core.main.TestSuiteExecutor.accessTestCaseMainPhase(TestSuiteExecutor.java:169)
	at com.kms.katalon.core.main.TestSuiteExecutor.accessTestSuiteMainPhase(TestSuiteExecutor.java:142)
	at com.kms.katalon.core.main.TestSuiteExecutor.execute(TestSuiteExecutor.java:91)
	at com.kms.katalon.core.main.TestCaseMain.startTestSuite(TestCaseMain.java:157)
	at com.kms.katalon.core.main.TestCaseMain$startTestSuite$0.call(Unknown Source)
	at TempTestSuite1591337386301.run(TempTestSuite1591337386301.groovy:37)
Caused by: com.kms.katalon.core.exception.StepFailedException: Unable to click on object 'Object Repository/1612893/ViewMember/Page_Thanh set Channel name - hcmus-cdnc-te_a699a0/span_'
	at com.kms.katalon.core.webui.keyword.internal.WebUIKeywordMain.stepFailed(WebUIKeywordMain.groovy:64)
	at com.kms.katalon.core.webui.keyword.internal.WebUIKeywordMain.runKeyword(WebUIKeywordMain.groovy:26)
	at com.kms.katalon.core.webui.keyword.builtin.ClickKeyword.click(ClickKeyword.groovy:76)
	at com.kms.katalon.core.webui.keyword.builtin.ClickKeyword.execute(ClickKeyword.groovy:43)
	at com.kms.katalon.core.keyword.internal.KeywordExecutor.executeKeywordForPlatform(KeywordExecutor.groovy:72)
	at com.kms.katalon.core.webui.keyword.WebUiBuiltInKeywords.click(WebUiBuiltInKeywords.groovy:616)
	at com.kms.katalon.core.webui.keyword.WebUiBuiltInKeywords$click$3.call(Unknown Source)
	at TC_ViewMember.run(TC_ViewMember:23)
	at com.kms.katalon.core.main.ScriptEngine.run(ScriptEngine.java:194)
	at com.kms.katalon.core.main.ScriptEngine.runScriptAsRawText(ScriptEngine.java:119)
	at com.kms.katalon.core.main.TestCaseExecutor.runScript(TestCaseExecutor.java:337)
	at com.kms.katalon.core.main.TestCaseExecutor.doExecute(TestCaseExecutor.java:328)
	at com.kms.katalon.core.main.TestCaseExecutor.processExecutionPhase(TestCaseExecutor.java:307)
	at com.kms.katalon.core.main.TestCaseExecutor.accessMainPhase(TestCaseExecutor.java:299)
	at com.kms.katalon.core.main.TestCaseExecutor.execute(TestCaseExecutor.java:233)
	at com.kms.katalon.core.main.TestCaseMain.runTestCase(TestCaseMain.java:114)
	at com.kms.katalon.core.keyword.builtin.CallTestCaseKeyword$_callTestCase_closure1.doCall(CallTestCaseKeyword.groovy:59)
	... 20 more
Caused by: org.openqa.selenium.WebDriverException: chrome not reachable
  (Session info: chrome=83.0.4103.97)
Build info: version: '3.141.59', revision: 'e82be7d358', time: '2018-11-14T08:25:53'
System info: host: 'DESKTOP-SGC4F2H', ip: '172.25.32.1', os.name: 'Windows 10', os.arch: 'amd64', os.version: '10.0', java.version: '1.8.0_181'
Driver info: com.kms.katalon.selenium.driver.CChromeDriver
Capabilities {acceptInsecureCerts: false, browserName: chrome, browserVersion: 83.0.4103.97, chrome: {chromedriverVersion: 83.0.4103.39 (ccbf011cb2d2b..., userDataDir: C:\Users\Thanh\AppData\Loca...}, goog:chromeOptions: {debuggerAddress: localhost:65476}, javascriptEnabled: true, networkConnectionEnabled: false, pageLoadStrategy: normal, platform: WINDOWS, platformName: WINDOWS, proxy: Proxy(), setWindowRect: true, strictFileInteractability: false, timeouts: {implicit: 0, pageLoad: 300000, script: 30000}, unhandledPromptBehavior: dismiss and notify, webauthn:virtualAuthenticators: true}
Session ID: 03845bdc51411e29fc34d7dcf8095733
*** Element info: {Using=xpath, value=//div[@id='channelMembersModal']/div/div/div/button/span}
	at org.openqa.selenium.remote.http.W3CHttpResponseCodec.createException(W3CHttpResponseCodec.java:187)
	at org.openqa.selenium.remote.http.W3CHttpResponseCodec.decode(W3CHttpResponseCodec.java:122)
	at org.openqa.selenium.remote.http.W3CHttpResponseCodec.decode(W3CHttpResponseCodec.java:49)
	at org.openqa.selenium.remote.HttpCommandExecutor.execute(HttpCommandExecutor.java:158)
	at org.openqa.selenium.remote.service.DriverCommandExecutor.execute(DriverCommandExecutor.java:83)
	at org.openqa.selenium.remote.RemoteWebDriver.execute(RemoteWebDriver.java:552)
	at com.kms.katalon.selenium.driver.CChromeDriver.execute(CChromeDriver.java:19)
	at org.openqa.selenium.remote.RemoteWebDriver.findElements(RemoteWebDriver.java:353)
	at org.openqa.selenium.remote.RemoteWebDriver.findElementsByXPath(RemoteWebDriver.java:432)
	at org.openqa.selenium.By$ByXPath.findElements(By.java:348)
	at org.openqa.selenium.remote.RemoteWebDriver.findElements(RemoteWebDriver.java:311)
	at org.openqa.selenium.support.events.EventFiringWebDriver.lambda$new$1(EventFiringWebDriver.java:105)
	at com.sun.proxy.$Proxy8.findElements(Unknown Source)
	at org.openqa.selenium.support.events.EventFiringWebDriver.findElements(EventFiringWebDriver.java:182)
	at com.kms.katalon.core.webui.common.WebUiCommonHelper.findWebElements(WebUiCommonHelper.java:789)
	at com.kms.katalon.core.webui.common.WebUiCommonHelper.findWebElement(WebUiCommonHelper.java:1150)
	at com.kms.katalon.core.webui.keyword.internal.WebUIAbstractKeyword.findWebElement(WebUIAbstractKeyword.groovy:27)
	at com.kms.katalon.core.webui.keyword.internal.WebUIAbstractKeyword.findWebElement(WebUIAbstractKeyword.groovy:26)
	at com.kms.katalon.core.webui.keyword.builtin.ClickKeyword$_click_closure1.doCall(ClickKeyword.groovy:67)
	at com.kms.katalon.core.webui.keyword.builtin.ClickKeyword$_click_closure1.call(ClickKeyword.groovy)
	at com.kms.katalon.core.webui.keyword.internal.WebUIKeywordMain.runKeyword(WebUIKeywordMain.groovy:20)
	... 35 more


2020-06-05 13:46:42 - [TEST_STEP][PASSED] - callTestCase(findTestCase("1612893/TC_Login"), ["username":"hcmus-cdnc@gmail.com", "password":"aeHFOx8jV/A="], STOP_ON_FAILURE): Call Test Case 'Test Cases/1612893/TC_Login' successfully

2020-06-05 13:46:42 - [TEST_CASE][PASSED] - Test Cases/1612893/TC_Login: Test Cases/1612893/TC_Login

2020-06-05 13:46:43 - [TEST_STEP][PASSED] - openBrowser(""): Browser is opened with url: ''

2020-06-05 13:46:43 - [MESSAGE][WARNING] - A browser is already opened. Closing browser and opening a new one

2020-06-05 13:46:43 - [MESSAGE][INFO] - Starting 'Chrome' driver

2020-06-05 13:46:43 - [MESSAGE][INFO] - Action delay is set to 0 milliseconds

2020-06-05 13:46:47 - [MESSAGE][PASSED] - Browser is opened with url: ''

2020-06-05 13:46:47 - [TEST_STEP][PASSED] - navigateToUrl("http://localhost:8065/login"): Navigate to 'http://localhost:8065/login' successfully

2020-06-05 13:46:48 - [MESSAGE][PASSED] - Navigate to 'http://localhost:8065/login' successfully

2020-06-05 13:46:48 - [TEST_STEP][PASSED] - setText(findTestObject("Object Repository/1612427/01_Login/Page_Mattermost/input_All team communication in one place s_703ef5"), "hcmus-cdnc@gmail.com"): Text 'hcmus-cdnc@gmail.com' is set on object 'Object Repository/1612427/01_Login/Page_Mattermost/input_All team communication in one place s_703ef5'

2020-06-05 13:46:50 - [MESSAGE][PASSED] - Text 'hcmus-cdnc@gmail.com' is set on object 'Object Repository/1612427/01_Login/Page_Mattermost/input_All team communication in one place s_703ef5'

2020-06-05 13:46:50 - [TEST_STEP][PASSED] - setEncryptedText(findTestObject("Object Repository/1612427/01_Login/Page_Mattermost/input_All team communication in one place s_2f2733"), "aeHFOx8jV/A="): Text ****** has been set on object 'Object Repository/1612427/01_Login/Page_Mattermost/input_All team communication in one place s_2f2733'

2020-06-05 13:46:51 - [MESSAGE][PASSED] - Text ****** has been set on object 'Object Repository/1612427/01_Login/Page_Mattermost/input_All team communication in one place s_2f2733'

2020-06-05 13:46:51 - [TEST_STEP][PASSED] - click(findTestObject("Object Repository/1612427/01_Login/Page_Mattermost/span_Sign in")): Object: 'Object Repository/1612427/01_Login/Page_Mattermost/span_Sign in' is clicked on

2020-06-05 13:46:51 - [MESSAGE][PASSED] - Object: 'Object Repository/1612427/01_Login/Page_Mattermost/span_Sign in' is clicked on

2020-06-05 13:46:51 - [MESSAGE][PASSED] - Call Test Case 'Test Cases/1612893/TC_Login' successfully

2020-06-05 13:46:51 - [TEST_STEP][FAILED] - callTestCase(findTestCase("1612893/TC_ViewMember"), [:], STOP_ON_FAILURE): Unable to call Test Case 'Test Cases/1612893/TC_ViewMember' (Root cause: com.kms.katalon.core.exception.StepFailedException: Call Test Case 'Test Cases/1612893/TC_ViewMember' failed
	at com.kms.katalon.core.keyword.builtin.CallTestCaseKeyword$_callTestCase_closure1.doCall(CallTestCaseKeyword.groovy:63)
	at com.kms.katalon.core.keyword.builtin.CallTestCaseKeyword$_callTestCase_closure1.call(CallTestCaseKeyword.groovy)
	at com.kms.katalon.core.keyword.internal.KeywordMain.runKeyword(KeywordMain.groovy:68)
	at com.kms.katalon.core.keyword.builtin.CallTestCaseKeyword.callTestCase(CallTestCaseKeyword.groovy:81)
	at com.kms.katalon.core.keyword.builtin.CallTestCaseKeyword.execute(CallTestCaseKeyword.groovy:44)
	at com.kms.katalon.core.keyword.internal.KeywordExecutor.executeKeywordForPlatform(KeywordExecutor.groovy:72)
	at com.kms.katalon.core.keyword.BuiltinKeywords.callTestCase(BuiltinKeywords.groovy:334)
	at TC_46_ViewMember.run(TC_46_ViewMember:21)
	at com.kms.katalon.core.main.ScriptEngine.run(ScriptEngine.java:194)
	at com.kms.katalon.core.main.ScriptEngine.runScriptAsRawText(ScriptEngine.java:119)
	at com.kms.katalon.core.main.TestCaseExecutor.runScript(TestCaseExecutor.java:337)
	at com.kms.katalon.core.main.TestCaseExecutor.doExecute(TestCaseExecutor.java:328)
	at com.kms.katalon.core.main.TestCaseExecutor.processExecutionPhase(TestCaseExecutor.java:307)
	at com.kms.katalon.core.main.TestCaseExecutor.accessMainPhase(TestCaseExecutor.java:299)
	at com.kms.katalon.core.main.TestCaseExecutor.execute(TestCaseExecutor.java:233)
	at com.kms.katalon.core.main.TestSuiteExecutor.accessTestCaseMainPhase(TestSuiteExecutor.java:169)
	at com.kms.katalon.core.main.TestSuiteExecutor.accessTestSuiteMainPhase(TestSuiteExecutor.java:142)
	at com.kms.katalon.core.main.TestSuiteExecutor.execute(TestSuiteExecutor.java:91)
	at com.kms.katalon.core.main.TestCaseMain.startTestSuite(TestCaseMain.java:157)
	at com.kms.katalon.core.main.TestCaseMain$startTestSuite$0.call(Unknown Source)
	at TempTestSuite1591337386301.run(TempTestSuite1591337386301.groovy:37)
Caused by: com.kms.katalon.core.exception.StepFailedException: Unable to click on object 'Object Repository/1612893/ViewMember/Page_Thanh set Channel name - hcmus-cdnc-te_a699a0/span_'
	at com.kms.katalon.core.webui.keyword.internal.WebUIKeywordMain.stepFailed(WebUIKeywordMain.groovy:64)
	at com.kms.katalon.core.webui.keyword.internal.WebUIKeywordMain.runKeyword(WebUIKeywordMain.groovy:26)
	at com.kms.katalon.core.webui.keyword.builtin.ClickKeyword.click(ClickKeyword.groovy:76)
	at com.kms.katalon.core.webui.keyword.builtin.ClickKeyword.execute(ClickKeyword.groovy:43)
	at com.kms.katalon.core.keyword.internal.KeywordExecutor.executeKeywordForPlatform(KeywordExecutor.groovy:72)
	at com.kms.katalon.core.webui.keyword.WebUiBuiltInKeywords.click(WebUiBuiltInKeywords.groovy:616)
	at com.kms.katalon.core.webui.keyword.WebUiBuiltInKeywords$click$3.call(Unknown Source)
	at TC_ViewMember.run(TC_ViewMember:23)
	at com.kms.katalon.core.main.ScriptEngine.run(ScriptEngine.java:194)
	at com.kms.katalon.core.main.ScriptEngine.runScriptAsRawText(ScriptEngine.java:119)
	at com.kms.katalon.core.main.TestCaseExecutor.runScript(TestCaseExecutor.java:337)
	at com.kms.katalon.core.main.TestCaseExecutor.doExecute(TestCaseExecutor.java:328)
	at com.kms.katalon.core.main.TestCaseExecutor.processExecutionPhase(TestCaseExecutor.java:307)
	at com.kms.katalon.core.main.TestCaseExecutor.accessMainPhase(TestCaseExecutor.java:299)
	at com.kms.katalon.core.main.TestCaseExecutor.execute(TestCaseExecutor.java:233)
	at com.kms.katalon.core.main.TestCaseMain.runTestCase(TestCaseMain.java:114)
	at com.kms.katalon.core.keyword.builtin.CallTestCaseKeyword$_callTestCase_closure1.doCall(CallTestCaseKeyword.groovy:59)
	... 20 more
Caused by: org.openqa.selenium.WebDriverException: chrome not reachable
  (Session info: chrome=83.0.4103.97)
Build info: version: '3.141.59', revision: 'e82be7d358', time: '2018-11-14T08:25:53'
System info: host: 'DESKTOP-SGC4F2H', ip: '172.25.32.1', os.name: 'Windows 10', os.arch: 'amd64', os.version: '10.0', java.version: '1.8.0_181'
Driver info: com.kms.katalon.selenium.driver.CChromeDriver
Capabilities {acceptInsecureCerts: false, browserName: chrome, browserVersion: 83.0.4103.97, chrome: {chromedriverVersion: 83.0.4103.39 (ccbf011cb2d2b..., userDataDir: C:\Users\Thanh\AppData\Loca...}, goog:chromeOptions: {debuggerAddress: localhost:65476}, javascriptEnabled: true, networkConnectionEnabled: false, pageLoadStrategy: normal, platform: WINDOWS, platformName: WINDOWS, proxy: Proxy(), setWindowRect: true, strictFileInteractability: false, timeouts: {implicit: 0, pageLoad: 300000, script: 30000}, unhandledPromptBehavior: dismiss and notify, webauthn:virtualAuthenticators: true}
Session ID: 03845bdc51411e29fc34d7dcf8095733
*** Element info: {Using=xpath, value=//div[@id='channelMembersModal']/div/div/div/button/span}
	at org.openqa.selenium.remote.http.W3CHttpResponseCodec.createException(W3CHttpResponseCodec.java:187)
	at org.openqa.selenium.remote.http.W3CHttpResponseCodec.decode(W3CHttpResponseCodec.java:122)
	at org.openqa.selenium.remote.http.W3CHttpResponseCodec.decode(W3CHttpResponseCodec.java:49)
	at org.openqa.selenium.remote.HttpCommandExecutor.execute(HttpCommandExecutor.java:158)
	at org.openqa.selenium.remote.service.DriverCommandExecutor.execute(DriverCommandExecutor.java:83)
	at org.openqa.selenium.remote.RemoteWebDriver.execute(RemoteWebDriver.java:552)
	at com.kms.katalon.selenium.driver.CChromeDriver.execute(CChromeDriver.java:19)
	at org.openqa.selenium.remote.RemoteWebDriver.findElements(RemoteWebDriver.java:353)
	at org.openqa.selenium.remote.RemoteWebDriver.findElementsByXPath(RemoteWebDriver.java:432)
	at org.openqa.selenium.By$ByXPath.findElements(By.java:348)
	at org.openqa.selenium.remote.RemoteWebDriver.findElements(RemoteWebDriver.java:311)
	at org.openqa.selenium.support.events.EventFiringWebDriver.lambda$new$1(EventFiringWebDriver.java:105)
	at com.sun.proxy.$Proxy8.findElements(Unknown Source)
	at org.openqa.selenium.support.events.EventFiringWebDriver.findElements(EventFiringWebDriver.java:182)
	at com.kms.katalon.core.webui.common.WebUiCommonHelper.findWebElements(WebUiCommonHelper.java:789)
	at com.kms.katalon.core.webui.common.WebUiCommonHelper.findWebElement(WebUiCommonHelper.java:1150)
	at com.kms.katalon.core.webui.keyword.internal.WebUIAbstractKeyword.findWebElement(WebUIAbstractKeyword.groovy:27)
	at com.kms.katalon.core.webui.keyword.internal.WebUIAbstractKeyword.findWebElement(WebUIAbstractKeyword.groovy:26)
	at com.kms.katalon.core.webui.keyword.builtin.ClickKeyword$_click_closure1.doCall(ClickKeyword.groovy:67)
	at com.kms.katalon.core.webui.keyword.builtin.ClickKeyword$_click_closure1.call(ClickKeyword.groovy)
	at com.kms.katalon.core.webui.keyword.internal.WebUIKeywordMain.runKeyword(WebUIKeywordMain.groovy:20)
	... 35 more
)

2020-06-05 13:46:51 - [TEST_CASE][FAILED] - Test Cases/1612893/TC_ViewMember: Test Cases/1612893/TC_ViewMember FAILED.
Reason:
com.kms.katalon.core.exception.StepFailedException: Unable to click on object 'Object Repository/1612893/ViewMember/Page_Thanh set Channel name - hcmus-cdnc-te_a699a0/span_'
	at com.kms.katalon.core.webui.keyword.internal.WebUIKeywordMain.stepFailed(WebUIKeywordMain.groovy:64)
	at com.kms.katalon.core.webui.keyword.internal.WebUIKeywordMain.runKeyword(WebUIKeywordMain.groovy:26)
	at com.kms.katalon.core.webui.keyword.builtin.ClickKeyword.click(ClickKeyword.groovy:76)
	at com.kms.katalon.core.webui.keyword.builtin.ClickKeyword.execute(ClickKeyword.groovy:43)
	at com.kms.katalon.core.keyword.internal.KeywordExecutor.executeKeywordForPlatform(KeywordExecutor.groovy:72)
	at com.kms.katalon.core.webui.keyword.WebUiBuiltInKeywords.click(WebUiBuiltInKeywords.groovy:616)
	at com.kms.katalon.core.webui.keyword.WebUiBuiltInKeywords$click$3.call(Unknown Source)
	at TC_ViewMember.run(TC_ViewMember:23)
	at com.kms.katalon.core.main.ScriptEngine.run(ScriptEngine.java:194)
	at com.kms.katalon.core.main.ScriptEngine.runScriptAsRawText(ScriptEngine.java:119)
	at com.kms.katalon.core.main.TestCaseExecutor.runScript(TestCaseExecutor.java:337)
	at com.kms.katalon.core.main.TestCaseExecutor.doExecute(TestCaseExecutor.java:328)
	at com.kms.katalon.core.main.TestCaseExecutor.processExecutionPhase(TestCaseExecutor.java:307)
	at com.kms.katalon.core.main.TestCaseExecutor.accessMainPhase(TestCaseExecutor.java:299)
	at com.kms.katalon.core.main.TestCaseExecutor.execute(TestCaseExecutor.java:233)
	at com.kms.katalon.core.main.TestCaseMain.runTestCase(TestCaseMain.java:114)
	at com.kms.katalon.core.keyword.builtin.CallTestCaseKeyword$_callTestCase_closure1.doCall(CallTestCaseKeyword.groovy:59)
	at com.kms.katalon.core.keyword.builtin.CallTestCaseKeyword$_callTestCase_closure1.call(CallTestCaseKeyword.groovy)
	at com.kms.katalon.core.keyword.internal.KeywordMain.runKeyword(KeywordMain.groovy:68)
	at com.kms.katalon.core.keyword.builtin.CallTestCaseKeyword.callTestCase(CallTestCaseKeyword.groovy:81)
	at com.kms.katalon.core.keyword.builtin.CallTestCaseKeyword.execute(CallTestCaseKeyword.groovy:44)
	at com.kms.katalon.core.keyword.internal.KeywordExecutor.executeKeywordForPlatform(KeywordExecutor.groovy:72)
	at com.kms.katalon.core.keyword.BuiltinKeywords.callTestCase(BuiltinKeywords.groovy:334)
	at TC_46_ViewMember.run(TC_46_ViewMember:21)
	at com.kms.katalon.core.main.ScriptEngine.run(ScriptEngine.java:194)
	at com.kms.katalon.core.main.ScriptEngine.runScriptAsRawText(ScriptEngine.java:119)
	at com.kms.katalon.core.main.TestCaseExecutor.runScript(TestCaseExecutor.java:337)
	at com.kms.katalon.core.main.TestCaseExecutor.doExecute(TestCaseExecutor.java:328)
	at com.kms.katalon.core.main.TestCaseExecutor.processExecutionPhase(TestCaseExecutor.java:307)
	at com.kms.katalon.core.main.TestCaseExecutor.accessMainPhase(TestCaseExecutor.java:299)
	at com.kms.katalon.core.main.TestCaseExecutor.execute(TestCaseExecutor.java:233)
	at com.kms.katalon.core.main.TestSuiteExecutor.accessTestCaseMainPhase(TestSuiteExecutor.java:169)
	at com.kms.katalon.core.main.TestSuiteExecutor.accessTestSuiteMainPhase(TestSuiteExecutor.java:142)
	at com.kms.katalon.core.main.TestSuiteExecutor.execute(TestSuiteExecutor.java:91)
	at com.kms.katalon.core.main.TestCaseMain.startTestSuite(TestCaseMain.java:157)
	at com.kms.katalon.core.main.TestCaseMain$startTestSuite$0.call(Unknown Source)
	at TempTestSuite1591337386301.run(TempTestSuite1591337386301.groovy:37)
Caused by: org.openqa.selenium.WebDriverException: chrome not reachable
  (Session info: chrome=83.0.4103.97)
Build info: version: '3.141.59', revision: 'e82be7d358', time: '2018-11-14T08:25:53'
System info: host: 'DESKTOP-SGC4F2H', ip: '172.25.32.1', os.name: 'Windows 10', os.arch: 'amd64', os.version: '10.0', java.version: '1.8.0_181'
Driver info: com.kms.katalon.selenium.driver.CChromeDriver
Capabilities {acceptInsecureCerts: false, browserName: chrome, browserVersion: 83.0.4103.97, chrome: {chromedriverVersion: 83.0.4103.39 (ccbf011cb2d2b..., userDataDir: C:\Users\Thanh\AppData\Loca...}, goog:chromeOptions: {debuggerAddress: localhost:65476}, javascriptEnabled: true, networkConnectionEnabled: false, pageLoadStrategy: normal, platform: WINDOWS, platformName: WINDOWS, proxy: Proxy(), setWindowRect: true, strictFileInteractability: false, timeouts: {implicit: 0, pageLoad: 300000, script: 30000}, unhandledPromptBehavior: dismiss and notify, webauthn:virtualAuthenticators: true}
Session ID: 03845bdc51411e29fc34d7dcf8095733
*** Element info: {Using=xpath, value=//div[@id='channelMembersModal']/div/div/div/button/span}
	at org.openqa.selenium.remote.http.W3CHttpResponseCodec.createException(W3CHttpResponseCodec.java:187)
	at org.openqa.selenium.remote.http.W3CHttpResponseCodec.decode(W3CHttpResponseCodec.java:122)
	at org.openqa.selenium.remote.http.W3CHttpResponseCodec.decode(W3CHttpResponseCodec.java:49)
	at org.openqa.selenium.remote.HttpCommandExecutor.execute(HttpCommandExecutor.java:158)
	at org.openqa.selenium.remote.service.DriverCommandExecutor.execute(DriverCommandExecutor.java:83)
	at org.openqa.selenium.remote.RemoteWebDriver.execute(RemoteWebDriver.java:552)
	at com.kms.katalon.selenium.driver.CChromeDriver.execute(CChromeDriver.java:19)
	at org.openqa.selenium.remote.RemoteWebDriver.findElements(RemoteWebDriver.java:353)
	at org.openqa.selenium.remote.RemoteWebDriver.findElementsByXPath(RemoteWebDriver.java:432)
	at org.openqa.selenium.By$ByXPath.findElements(By.java:348)
	at org.openqa.selenium.remote.RemoteWebDriver.findElements(RemoteWebDriver.java:311)
	at org.openqa.selenium.support.events.EventFiringWebDriver.lambda$new$1(EventFiringWebDriver.java:105)
	at com.sun.proxy.$Proxy8.findElements(Unknown Source)
	at org.openqa.selenium.support.events.EventFiringWebDriver.findElements(EventFiringWebDriver.java:182)
	at com.kms.katalon.core.webui.common.WebUiCommonHelper.findWebElements(WebUiCommonHelper.java:789)
	at com.kms.katalon.core.webui.common.WebUiCommonHelper.findWebElement(WebUiCommonHelper.java:1150)
	at com.kms.katalon.core.webui.keyword.internal.WebUIAbstractKeyword.findWebElement(WebUIAbstractKeyword.groovy:27)
	at com.kms.katalon.core.webui.keyword.internal.WebUIAbstractKeyword.findWebElement(WebUIAbstractKeyword.groovy:26)
	at com.kms.katalon.core.webui.keyword.builtin.ClickKeyword$_click_closure1.doCall(ClickKeyword.groovy:67)
	at com.kms.katalon.core.webui.keyword.builtin.ClickKeyword$_click_closure1.call(ClickKeyword.groovy)
	at com.kms.katalon.core.webui.keyword.internal.WebUIKeywordMain.runKeyword(WebUIKeywordMain.groovy:20)
	... 35 more


2020-06-05 13:46:52 - [TEST_STEP][PASSED] - click(findTestObject("Object Repository/1612893/ViewMember/Page_Thanh set Channel name - hcmus-cdnc-te_a699a0/span_Thanh set Channel name_channelHeaderDr_8caf36")): Object: 'Object Repository/1612893/ViewMember/Page_Thanh set Channel name - hcmus-cdnc-te_a699a0/span_Thanh set Channel name_channelHeaderDr_8caf36' is clicked on

2020-06-05 13:46:55 - [MESSAGE][PASSED] - Object: 'Object Repository/1612893/ViewMember/Page_Thanh set Channel name - hcmus-cdnc-te_a699a0/span_Thanh set Channel name_channelHeaderDr_8caf36' is clicked on

2020-06-05 13:46:55 - [TEST_STEP][PASSED] - click(findTestObject("Object Repository/1612893/ViewMember/Page_Thanh set Channel name - hcmus-cdnc-te_a699a0/span_View Members")): Object: 'Object Repository/1612893/ViewMember/Page_Thanh set Channel name - hcmus-cdnc-te_a699a0/span_View Members' is clicked on

2020-06-05 13:46:56 - [MESSAGE][PASSED] - Object: 'Object Repository/1612893/ViewMember/Page_Thanh set Channel name - hcmus-cdnc-te_a699a0/span_View Members' is clicked on

2020-06-05 13:46:56 - [TEST_STEP][FAILED] - click(findTestObject("Object Repository/1612893/ViewMember/Page_Thanh set Channel name - hcmus-cdnc-te_a699a0/span_")): Unable to click on object 'Object Repository/1612893/ViewMember/Page_Thanh set Channel name - hcmus-cdnc-te_a699a0/span_' (Root cause: com.kms.katalon.core.exception.StepFailedException: Unable to click on object 'Object Repository/1612893/ViewMember/Page_Thanh set Channel name - hcmus-cdnc-te_a699a0/span_'
	at com.kms.katalon.core.webui.keyword.internal.WebUIKeywordMain.stepFailed(WebUIKeywordMain.groovy:64)
	at com.kms.katalon.core.webui.keyword.internal.WebUIKeywordMain.runKeyword(WebUIKeywordMain.groovy:26)
	at com.kms.katalon.core.webui.keyword.builtin.ClickKeyword.click(ClickKeyword.groovy:76)
	at com.kms.katalon.core.webui.keyword.builtin.ClickKeyword.execute(ClickKeyword.groovy:43)
	at com.kms.katalon.core.keyword.internal.KeywordExecutor.executeKeywordForPlatform(KeywordExecutor.groovy:72)
	at com.kms.katalon.core.webui.keyword.WebUiBuiltInKeywords.click(WebUiBuiltInKeywords.groovy:616)
	at com.kms.katalon.core.webui.keyword.WebUiBuiltInKeywords$click$3.call(Unknown Source)
	at TC_ViewMember.run(TC_ViewMember:23)
	at com.kms.katalon.core.main.ScriptEngine.run(ScriptEngine.java:194)
	at com.kms.katalon.core.main.ScriptEngine.runScriptAsRawText(ScriptEngine.java:119)
	at com.kms.katalon.core.main.TestCaseExecutor.runScript(TestCaseExecutor.java:337)
	at com.kms.katalon.core.main.TestCaseExecutor.doExecute(TestCaseExecutor.java:328)
	at com.kms.katalon.core.main.TestCaseExecutor.processExecutionPhase(TestCaseExecutor.java:307)
	at com.kms.katalon.core.main.TestCaseExecutor.accessMainPhase(TestCaseExecutor.java:299)
	at com.kms.katalon.core.main.TestCaseExecutor.execute(TestCaseExecutor.java:233)
	at com.kms.katalon.core.main.TestCaseMain.runTestCase(TestCaseMain.java:114)
	at com.kms.katalon.core.keyword.builtin.CallTestCaseKeyword$_callTestCase_closure1.doCall(CallTestCaseKeyword.groovy:59)
	at com.kms.katalon.core.keyword.builtin.CallTestCaseKeyword$_callTestCase_closure1.call(CallTestCaseKeyword.groovy)
	at com.kms.katalon.core.keyword.internal.KeywordMain.runKeyword(KeywordMain.groovy:68)
	at com.kms.katalon.core.keyword.builtin.CallTestCaseKeyword.callTestCase(CallTestCaseKeyword.groovy:81)
	at com.kms.katalon.core.keyword.builtin.CallTestCaseKeyword.execute(CallTestCaseKeyword.groovy:44)
	at com.kms.katalon.core.keyword.internal.KeywordExecutor.executeKeywordForPlatform(KeywordExecutor.groovy:72)
	at com.kms.katalon.core.keyword.BuiltinKeywords.callTestCase(BuiltinKeywords.groovy:334)
	at TC_46_ViewMember.run(TC_46_ViewMember:21)
	at com.kms.katalon.core.main.ScriptEngine.run(ScriptEngine.java:194)
	at com.kms.katalon.core.main.ScriptEngine.runScriptAsRawText(ScriptEngine.java:119)
	at com.kms.katalon.core.main.TestCaseExecutor.runScript(TestCaseExecutor.java:337)
	at com.kms.katalon.core.main.TestCaseExecutor.doExecute(TestCaseExecutor.java:328)
	at com.kms.katalon.core.main.TestCaseExecutor.processExecutionPhase(TestCaseExecutor.java:307)
	at com.kms.katalon.core.main.TestCaseExecutor.accessMainPhase(TestCaseExecutor.java:299)
	at com.kms.katalon.core.main.TestCaseExecutor.execute(TestCaseExecutor.java:233)
	at com.kms.katalon.core.main.TestSuiteExecutor.accessTestCaseMainPhase(TestSuiteExecutor.java:169)
	at com.kms.katalon.core.main.TestSuiteExecutor.accessTestSuiteMainPhase(TestSuiteExecutor.java:142)
	at com.kms.katalon.core.main.TestSuiteExecutor.execute(TestSuiteExecutor.java:91)
	at com.kms.katalon.core.main.TestCaseMain.startTestSuite(TestCaseMain.java:157)
	at com.kms.katalon.core.main.TestCaseMain$startTestSuite$0.call(Unknown Source)
	at TempTestSuite1591337386301.run(TempTestSuite1591337386301.groovy:37)
Caused by: org.openqa.selenium.WebDriverException: chrome not reachable
  (Session info: chrome=83.0.4103.97)
Build info: version: '3.141.59', revision: 'e82be7d358', time: '2018-11-14T08:25:53'
System info: host: 'DESKTOP-SGC4F2H', ip: '172.25.32.1', os.name: 'Windows 10', os.arch: 'amd64', os.version: '10.0', java.version: '1.8.0_181'
Driver info: com.kms.katalon.selenium.driver.CChromeDriver
Capabilities {acceptInsecureCerts: false, browserName: chrome, browserVersion: 83.0.4103.97, chrome: {chromedriverVersion: 83.0.4103.39 (ccbf011cb2d2b..., userDataDir: C:\Users\Thanh\AppData\Loca...}, goog:chromeOptions: {debuggerAddress: localhost:65476}, javascriptEnabled: true, networkConnectionEnabled: false, pageLoadStrategy: normal, platform: WINDOWS, platformName: WINDOWS, proxy: Proxy(), setWindowRect: true, strictFileInteractability: false, timeouts: {implicit: 0, pageLoad: 300000, script: 30000}, unhandledPromptBehavior: dismiss and notify, webauthn:virtualAuthenticators: true}
Session ID: 03845bdc51411e29fc34d7dcf8095733
*** Element info: {Using=xpath, value=//div[@id='channelMembersModal']/div/div/div/button/span}
	at org.openqa.selenium.remote.http.W3CHttpResponseCodec.createException(W3CHttpResponseCodec.java:187)
	at org.openqa.selenium.remote.http.W3CHttpResponseCodec.decode(W3CHttpResponseCodec.java:122)
	at org.openqa.selenium.remote.http.W3CHttpResponseCodec.decode(W3CHttpResponseCodec.java:49)
	at org.openqa.selenium.remote.HttpCommandExecutor.execute(HttpCommandExecutor.java:158)
	at org.openqa.selenium.remote.service.DriverCommandExecutor.execute(DriverCommandExecutor.java:83)
	at org.openqa.selenium.remote.RemoteWebDriver.execute(RemoteWebDriver.java:552)
	at com.kms.katalon.selenium.driver.CChromeDriver.execute(CChromeDriver.java:19)
	at org.openqa.selenium.remote.RemoteWebDriver.findElements(RemoteWebDriver.java:353)
	at org.openqa.selenium.remote.RemoteWebDriver.findElementsByXPath(RemoteWebDriver.java:432)
	at org.openqa.selenium.By$ByXPath.findElements(By.java:348)
	at org.openqa.selenium.remote.RemoteWebDriver.findElements(RemoteWebDriver.java:311)
	at org.openqa.selenium.support.events.EventFiringWebDriver.lambda$new$1(EventFiringWebDriver.java:105)
	at com.sun.proxy.$Proxy8.findElements(Unknown Source)
	at org.openqa.selenium.support.events.EventFiringWebDriver.findElements(EventFiringWebDriver.java:182)
	at com.kms.katalon.core.webui.common.WebUiCommonHelper.findWebElements(WebUiCommonHelper.java:789)
	at com.kms.katalon.core.webui.common.WebUiCommonHelper.findWebElement(WebUiCommonHelper.java:1150)
	at com.kms.katalon.core.webui.keyword.internal.WebUIAbstractKeyword.findWebElement(WebUIAbstractKeyword.groovy:27)
	at com.kms.katalon.core.webui.keyword.internal.WebUIAbstractKeyword.findWebElement(WebUIAbstractKeyword.groovy:26)
	at com.kms.katalon.core.webui.keyword.builtin.ClickKeyword$_click_closure1.doCall(ClickKeyword.groovy:67)
	at com.kms.katalon.core.webui.keyword.builtin.ClickKeyword$_click_closure1.call(ClickKeyword.groovy)
	at com.kms.katalon.core.webui.keyword.internal.WebUIKeywordMain.runKeyword(WebUIKeywordMain.groovy:20)
	at com.kms.katalon.core.webui.keyword.builtin.ClickKeyword.click(ClickKeyword.groovy:76)
	at com.kms.katalon.core.webui.keyword.builtin.ClickKeyword.execute(ClickKeyword.groovy:43)
	at com.kms.katalon.core.keyword.internal.KeywordExecutor.executeKeywordForPlatform(KeywordExecutor.groovy:72)
	at com.kms.katalon.core.webui.keyword.WebUiBuiltInKeywords.click(WebUiBuiltInKeywords.groovy:616)
	at com.kms.katalon.core.webui.keyword.WebUiBuiltInKeywords$click$3.call(Unknown Source)
	at Script1591272786475.run(Script1591272786475.groovy:23)
	at com.kms.katalon.core.main.ScriptEngine.run(ScriptEngine.java:194)
	at com.kms.katalon.core.main.ScriptEngine.runScriptAsRawText(ScriptEngine.java:119)
	at com.kms.katalon.core.main.TestCaseExecutor.runScript(TestCaseExecutor.java:337)
	at com.kms.katalon.core.main.TestCaseExecutor.doExecute(TestCaseExecutor.java:328)
	at com.kms.katalon.core.main.TestCaseExecutor.processExecutionPhase(TestCaseExecutor.java:307)
	at com.kms.katalon.core.main.TestCaseExecutor.accessMainPhase(TestCaseExecutor.java:299)
	at com.kms.katalon.core.main.TestCaseExecutor.execute(TestCaseExecutor.java:233)
	at com.kms.katalon.core.main.TestCaseMain.runTestCase(TestCaseMain.java:114)
	at com.kms.katalon.core.keyword.builtin.CallTestCaseKeyword$_callTestCase_closure1.doCall(CallTestCaseKeyword.groovy:59)
	at com.kms.katalon.core.keyword.builtin.CallTestCaseKeyword$_callTestCase_closure1.call(CallTestCaseKeyword.groovy)
	at com.kms.katalon.core.keyword.internal.KeywordMain.runKeyword(KeywordMain.groovy:68)
	at com.kms.katalon.core.keyword.builtin.CallTestCaseKeyword.callTestCase(CallTestCaseKeyword.groovy:81)
	at com.kms.katalon.core.keyword.builtin.CallTestCaseKeyword.execute(CallTestCaseKeyword.groovy:44)
	at com.kms.katalon.core.keyword.internal.KeywordExecutor.executeKeywordForPlatform(KeywordExecutor.groovy:72)
	at com.kms.katalon.core.keyword.BuiltinKeywords.callTestCase(BuiltinKeywords.groovy:334)
	at Script1591272855744.run(Script1591272855744.groovy:21)
	... 13 more
)

2020-06-05 13:47:32 - [MESSAGE][WARNING] - Cannot take screenshot

2020-06-05 13:47:32 - [MESSAGE][FAILED] - Unable to click on object 'Object Repository/1612893/ViewMember/Page_Thanh set Channel name - hcmus-cdnc-te_a699a0/span_' (Root cause: com.kms.katalon.core.exception.StepFailedException: Unable to click on object 'Object Repository/1612893/ViewMember/Page_Thanh set Channel name - hcmus-cdnc-te_a699a0/span_'
	at com.kms.katalon.core.webui.keyword.internal.WebUIKeywordMain.stepFailed(WebUIKeywordMain.groovy:64)
	at com.kms.katalon.core.webui.keyword.internal.WebUIKeywordMain.runKeyword(WebUIKeywordMain.groovy:26)
	at com.kms.katalon.core.webui.keyword.builtin.ClickKeyword.click(ClickKeyword.groovy:76)
	at com.kms.katalon.core.webui.keyword.builtin.ClickKeyword.execute(ClickKeyword.groovy:43)
	at com.kms.katalon.core.keyword.internal.KeywordExecutor.executeKeywordForPlatform(KeywordExecutor.groovy:72)
	at com.kms.katalon.core.webui.keyword.WebUiBuiltInKeywords.click(WebUiBuiltInKeywords.groovy:616)
	at com.kms.katalon.core.webui.keyword.WebUiBuiltInKeywords$click$3.call(Unknown Source)
	at TC_ViewMember.run(TC_ViewMember:23)
	at com.kms.katalon.core.main.ScriptEngine.run(ScriptEngine.java:194)
	at com.kms.katalon.core.main.ScriptEngine.runScriptAsRawText(ScriptEngine.java:119)
	at com.kms.katalon.core.main.TestCaseExecutor.runScript(TestCaseExecutor.java:337)
	at com.kms.katalon.core.main.TestCaseExecutor.doExecute(TestCaseExecutor.java:328)
	at com.kms.katalon.core.main.TestCaseExecutor.processExecutionPhase(TestCaseExecutor.java:307)
	at com.kms.katalon.core.main.TestCaseExecutor.accessMainPhase(TestCaseExecutor.java:299)
	at com.kms.katalon.core.main.TestCaseExecutor.execute(TestCaseExecutor.java:233)
	at com.kms.katalon.core.main.TestCaseMain.runTestCase(TestCaseMain.java:114)
	at com.kms.katalon.core.keyword.builtin.CallTestCaseKeyword$_callTestCase_closure1.doCall(CallTestCaseKeyword.groovy:59)
	at com.kms.katalon.core.keyword.builtin.CallTestCaseKeyword$_callTestCase_closure1.call(CallTestCaseKeyword.groovy)
	at com.kms.katalon.core.keyword.internal.KeywordMain.runKeyword(KeywordMain.groovy:68)
	at com.kms.katalon.core.keyword.builtin.CallTestCaseKeyword.callTestCase(CallTestCaseKeyword.groovy:81)
	at com.kms.katalon.core.keyword.builtin.CallTestCaseKeyword.execute(CallTestCaseKeyword.groovy:44)
	at com.kms.katalon.core.keyword.internal.KeywordExecutor.executeKeywordForPlatform(KeywordExecutor.groovy:72)
	at com.kms.katalon.core.keyword.BuiltinKeywords.callTestCase(BuiltinKeywords.groovy:334)
	at TC_46_ViewMember.run(TC_46_ViewMember:21)
	at com.kms.katalon.core.main.ScriptEngine.run(ScriptEngine.java:194)
	at com.kms.katalon.core.main.ScriptEngine.runScriptAsRawText(ScriptEngine.java:119)
	at com.kms.katalon.core.main.TestCaseExecutor.runScript(TestCaseExecutor.java:337)
	at com.kms.katalon.core.main.TestCaseExecutor.doExecute(TestCaseExecutor.java:328)
	at com.kms.katalon.core.main.TestCaseExecutor.processExecutionPhase(TestCaseExecutor.java:307)
	at com.kms.katalon.core.main.TestCaseExecutor.accessMainPhase(TestCaseExecutor.java:299)
	at com.kms.katalon.core.main.TestCaseExecutor.execute(TestCaseExecutor.java:233)
	at com.kms.katalon.core.main.TestSuiteExecutor.accessTestCaseMainPhase(TestSuiteExecutor.java:169)
	at com.kms.katalon.core.main.TestSuiteExecutor.accessTestSuiteMainPhase(TestSuiteExecutor.java:142)
	at com.kms.katalon.core.main.TestSuiteExecutor.execute(TestSuiteExecutor.java:91)
	at com.kms.katalon.core.main.TestCaseMain.startTestSuite(TestCaseMain.java:157)
	at com.kms.katalon.core.main.TestCaseMain$startTestSuite$0.call(Unknown Source)
	at TempTestSuite1591337386301.run(TempTestSuite1591337386301.groovy:37)
Caused by: org.openqa.selenium.WebDriverException: chrome not reachable
  (Session info: chrome=83.0.4103.97)
Build info: version: '3.141.59', revision: 'e82be7d358', time: '2018-11-14T08:25:53'
System info: host: 'DESKTOP-SGC4F2H', ip: '172.25.32.1', os.name: 'Windows 10', os.arch: 'amd64', os.version: '10.0', java.version: '1.8.0_181'
Driver info: com.kms.katalon.selenium.driver.CChromeDriver
Capabilities {acceptInsecureCerts: false, browserName: chrome, browserVersion: 83.0.4103.97, chrome: {chromedriverVersion: 83.0.4103.39 (ccbf011cb2d2b..., userDataDir: C:\Users\Thanh\AppData\Loca...}, goog:chromeOptions: {debuggerAddress: localhost:65476}, javascriptEnabled: true, networkConnectionEnabled: false, pageLoadStrategy: normal, platform: WINDOWS, platformName: WINDOWS, proxy: Proxy(), setWindowRect: true, strictFileInteractability: false, timeouts: {implicit: 0, pageLoad: 300000, script: 30000}, unhandledPromptBehavior: dismiss and notify, webauthn:virtualAuthenticators: true}
Session ID: 03845bdc51411e29fc34d7dcf8095733
*** Element info: {Using=xpath, value=//div[@id='channelMembersModal']/div/div/div/button/span}
	at org.openqa.selenium.remote.http.W3CHttpResponseCodec.createException(W3CHttpResponseCodec.java:187)
	at org.openqa.selenium.remote.http.W3CHttpResponseCodec.decode(W3CHttpResponseCodec.java:122)
	at org.openqa.selenium.remote.http.W3CHttpResponseCodec.decode(W3CHttpResponseCodec.java:49)
	at org.openqa.selenium.remote.HttpCommandExecutor.execute(HttpCommandExecutor.java:158)
	at org.openqa.selenium.remote.service.DriverCommandExecutor.execute(DriverCommandExecutor.java:83)
	at org.openqa.selenium.remote.RemoteWebDriver.execute(RemoteWebDriver.java:552)
	at com.kms.katalon.selenium.driver.CChromeDriver.execute(CChromeDriver.java:19)
	at org.openqa.selenium.remote.RemoteWebDriver.findElements(RemoteWebDriver.java:353)
	at org.openqa.selenium.remote.RemoteWebDriver.findElementsByXPath(RemoteWebDriver.java:432)
	at org.openqa.selenium.By$ByXPath.findElements(By.java:348)
	at org.openqa.selenium.remote.RemoteWebDriver.findElements(RemoteWebDriver.java:311)
	at org.openqa.selenium.support.events.EventFiringWebDriver.lambda$new$1(EventFiringWebDriver.java:105)
	at com.sun.proxy.$Proxy8.findElements(Unknown Source)
	at org.openqa.selenium.support.events.EventFiringWebDriver.findElements(EventFiringWebDriver.java:182)
	at com.kms.katalon.core.webui.common.WebUiCommonHelper.findWebElements(WebUiCommonHelper.java:789)
	at com.kms.katalon.core.webui.common.WebUiCommonHelper.findWebElement(WebUiCommonHelper.java:1150)
	at com.kms.katalon.core.webui.keyword.internal.WebUIAbstractKeyword.findWebElement(WebUIAbstractKeyword.groovy:27)
	at com.kms.katalon.core.webui.keyword.internal.WebUIAbstractKeyword.findWebElement(WebUIAbstractKeyword.groovy:26)
	at com.kms.katalon.core.webui.keyword.builtin.ClickKeyword$_click_closure1.doCall(ClickKeyword.groovy:67)
	at com.kms.katalon.core.webui.keyword.builtin.ClickKeyword$_click_closure1.call(ClickKeyword.groovy)
	at com.kms.katalon.core.webui.keyword.internal.WebUIKeywordMain.runKeyword(WebUIKeywordMain.groovy:20)
	at com.kms.katalon.core.webui.keyword.builtin.ClickKeyword.click(ClickKeyword.groovy:76)
	at com.kms.katalon.core.webui.keyword.builtin.ClickKeyword.execute(ClickKeyword.groovy:43)
	at com.kms.katalon.core.keyword.internal.KeywordExecutor.executeKeywordForPlatform(KeywordExecutor.groovy:72)
	at com.kms.katalon.core.webui.keyword.WebUiBuiltInKeywords.click(WebUiBuiltInKeywords.groovy:616)
	at com.kms.katalon.core.webui.keyword.WebUiBuiltInKeywords$click$3.call(Unknown Source)
	at Script1591272786475.run(Script1591272786475.groovy:23)
	at com.kms.katalon.core.main.ScriptEngine.run(ScriptEngine.java:194)
	at com.kms.katalon.core.main.ScriptEngine.runScriptAsRawText(ScriptEngine.java:119)
	at com.kms.katalon.core.main.TestCaseExecutor.runScript(TestCaseExecutor.java:337)
	at com.kms.katalon.core.main.TestCaseExecutor.doExecute(TestCaseExecutor.java:328)
	at com.kms.katalon.core.main.TestCaseExecutor.processExecutionPhase(TestCaseExecutor.java:307)
	at com.kms.katalon.core.main.TestCaseExecutor.accessMainPhase(TestCaseExecutor.java:299)
	at com.kms.katalon.core.main.TestCaseExecutor.execute(TestCaseExecutor.java:233)
	at com.kms.katalon.core.main.TestCaseMain.runTestCase(TestCaseMain.java:114)
	at com.kms.katalon.core.keyword.builtin.CallTestCaseKeyword$_callTestCase_closure1.doCall(CallTestCaseKeyword.groovy:59)
	at com.kms.katalon.core.keyword.builtin.CallTestCaseKeyword$_callTestCase_closure1.call(CallTestCaseKeyword.groovy)
	at com.kms.katalon.core.keyword.internal.KeywordMain.runKeyword(KeywordMain.groovy:68)
	at com.kms.katalon.core.keyword.builtin.CallTestCaseKeyword.callTestCase(CallTestCaseKeyword.groovy:81)
	at com.kms.katalon.core.keyword.builtin.CallTestCaseKeyword.execute(CallTestCaseKeyword.groovy:44)
	at com.kms.katalon.core.keyword.internal.KeywordExecutor.executeKeywordForPlatform(KeywordExecutor.groovy:72)
	at com.kms.katalon.core.keyword.BuiltinKeywords.callTestCase(BuiltinKeywords.groovy:334)
	at Script1591272855744.run(Script1591272855744.groovy:21)
	... 13 more
)

2020-06-05 13:47:32 - [MESSAGE][FAILED] - Unable to call Test Case 'Test Cases/1612893/TC_ViewMember' (Root cause: com.kms.katalon.core.exception.StepFailedException: Call Test Case 'Test Cases/1612893/TC_ViewMember' failed
	at com.kms.katalon.core.keyword.builtin.CallTestCaseKeyword$_callTestCase_closure1.doCall(CallTestCaseKeyword.groovy:63)
	at com.kms.katalon.core.keyword.builtin.CallTestCaseKeyword$_callTestCase_closure1.call(CallTestCaseKeyword.groovy)
	at com.kms.katalon.core.keyword.internal.KeywordMain.runKeyword(KeywordMain.groovy:68)
	at com.kms.katalon.core.keyword.builtin.CallTestCaseKeyword.callTestCase(CallTestCaseKeyword.groovy:81)
	at com.kms.katalon.core.keyword.builtin.CallTestCaseKeyword.execute(CallTestCaseKeyword.groovy:44)
	at com.kms.katalon.core.keyword.internal.KeywordExecutor.executeKeywordForPlatform(KeywordExecutor.groovy:72)
	at com.kms.katalon.core.keyword.BuiltinKeywords.callTestCase(BuiltinKeywords.groovy:334)
	at TC_46_ViewMember.run(TC_46_ViewMember:21)
	at com.kms.katalon.core.main.ScriptEngine.run(ScriptEngine.java:194)
	at com.kms.katalon.core.main.ScriptEngine.runScriptAsRawText(ScriptEngine.java:119)
	at com.kms.katalon.core.main.TestCaseExecutor.runScript(TestCaseExecutor.java:337)
	at com.kms.katalon.core.main.TestCaseExecutor.doExecute(TestCaseExecutor.java:328)
	at com.kms.katalon.core.main.TestCaseExecutor.processExecutionPhase(TestCaseExecutor.java:307)
	at com.kms.katalon.core.main.TestCaseExecutor.accessMainPhase(TestCaseExecutor.java:299)
	at com.kms.katalon.core.main.TestCaseExecutor.execute(TestCaseExecutor.java:233)
	at com.kms.katalon.core.main.TestSuiteExecutor.accessTestCaseMainPhase(TestSuiteExecutor.java:169)
	at com.kms.katalon.core.main.TestSuiteExecutor.accessTestSuiteMainPhase(TestSuiteExecutor.java:142)
	at com.kms.katalon.core.main.TestSuiteExecutor.execute(TestSuiteExecutor.java:91)
	at com.kms.katalon.core.main.TestCaseMain.startTestSuite(TestCaseMain.java:157)
	at com.kms.katalon.core.main.TestCaseMain$startTestSuite$0.call(Unknown Source)
	at TempTestSuite1591337386301.run(TempTestSuite1591337386301.groovy:37)
Caused by: com.kms.katalon.core.exception.StepFailedException: Unable to click on object 'Object Repository/1612893/ViewMember/Page_Thanh set Channel name - hcmus-cdnc-te_a699a0/span_'
	at com.kms.katalon.core.webui.keyword.internal.WebUIKeywordMain.stepFailed(WebUIKeywordMain.groovy:64)
	at com.kms.katalon.core.webui.keyword.internal.WebUIKeywordMain.runKeyword(WebUIKeywordMain.groovy:26)
	at com.kms.katalon.core.webui.keyword.builtin.ClickKeyword.click(ClickKeyword.groovy:76)
	at com.kms.katalon.core.webui.keyword.builtin.ClickKeyword.execute(ClickKeyword.groovy:43)
	at com.kms.katalon.core.keyword.internal.KeywordExecutor.executeKeywordForPlatform(KeywordExecutor.groovy:72)
	at com.kms.katalon.core.webui.keyword.WebUiBuiltInKeywords.click(WebUiBuiltInKeywords.groovy:616)
	at com.kms.katalon.core.webui.keyword.WebUiBuiltInKeywords$click$3.call(Unknown Source)
	at TC_ViewMember.run(TC_ViewMember:23)
	at com.kms.katalon.core.main.ScriptEngine.run(ScriptEngine.java:194)
	at com.kms.katalon.core.main.ScriptEngine.runScriptAsRawText(ScriptEngine.java:119)
	at com.kms.katalon.core.main.TestCaseExecutor.runScript(TestCaseExecutor.java:337)
	at com.kms.katalon.core.main.TestCaseExecutor.doExecute(TestCaseExecutor.java:328)
	at com.kms.katalon.core.main.TestCaseExecutor.processExecutionPhase(TestCaseExecutor.java:307)
	at com.kms.katalon.core.main.TestCaseExecutor.accessMainPhase(TestCaseExecutor.java:299)
	at com.kms.katalon.core.main.TestCaseExecutor.execute(TestCaseExecutor.java:233)
	at com.kms.katalon.core.main.TestCaseMain.runTestCase(TestCaseMain.java:114)
	at com.kms.katalon.core.keyword.builtin.CallTestCaseKeyword$_callTestCase_closure1.doCall(CallTestCaseKeyword.groovy:59)
	... 20 more
Caused by: org.openqa.selenium.WebDriverException: chrome not reachable
  (Session info: chrome=83.0.4103.97)
Build info: version: '3.141.59', revision: 'e82be7d358', time: '2018-11-14T08:25:53'
System info: host: 'DESKTOP-SGC4F2H', ip: '172.25.32.1', os.name: 'Windows 10', os.arch: 'amd64', os.version: '10.0', java.version: '1.8.0_181'
Driver info: com.kms.katalon.selenium.driver.CChromeDriver
Capabilities {acceptInsecureCerts: false, browserName: chrome, browserVersion: 83.0.4103.97, chrome: {chromedriverVersion: 83.0.4103.39 (ccbf011cb2d2b..., userDataDir: C:\Users\Thanh\AppData\Loca...}, goog:chromeOptions: {debuggerAddress: localhost:65476}, javascriptEnabled: true, networkConnectionEnabled: false, pageLoadStrategy: normal, platform: WINDOWS, platformName: WINDOWS, proxy: Proxy(), setWindowRect: true, strictFileInteractability: false, timeouts: {implicit: 0, pageLoad: 300000, script: 30000}, unhandledPromptBehavior: dismiss and notify, webauthn:virtualAuthenticators: true}
Session ID: 03845bdc51411e29fc34d7dcf8095733
*** Element info: {Using=xpath, value=//div[@id='channelMembersModal']/div/div/div/button/span}
	at org.openqa.selenium.remote.http.W3CHttpResponseCodec.createException(W3CHttpResponseCodec.java:187)
	at org.openqa.selenium.remote.http.W3CHttpResponseCodec.decode(W3CHttpResponseCodec.java:122)
	at org.openqa.selenium.remote.http.W3CHttpResponseCodec.decode(W3CHttpResponseCodec.java:49)
	at org.openqa.selenium.remote.HttpCommandExecutor.execute(HttpCommandExecutor.java:158)
	at org.openqa.selenium.remote.service.DriverCommandExecutor.execute(DriverCommandExecutor.java:83)
	at org.openqa.selenium.remote.RemoteWebDriver.execute(RemoteWebDriver.java:552)
	at com.kms.katalon.selenium.driver.CChromeDriver.execute(CChromeDriver.java:19)
	at org.openqa.selenium.remote.RemoteWebDriver.findElements(RemoteWebDriver.java:353)
	at org.openqa.selenium.remote.RemoteWebDriver.findElementsByXPath(RemoteWebDriver.java:432)
	at org.openqa.selenium.By$ByXPath.findElements(By.java:348)
	at org.openqa.selenium.remote.RemoteWebDriver.findElements(RemoteWebDriver.java:311)
	at org.openqa.selenium.support.events.EventFiringWebDriver.lambda$new$1(EventFiringWebDriver.java:105)
	at com.sun.proxy.$Proxy8.findElements(Unknown Source)
	at org.openqa.selenium.support.events.EventFiringWebDriver.findElements(EventFiringWebDriver.java:182)
	at com.kms.katalon.core.webui.common.WebUiCommonHelper.findWebElements(WebUiCommonHelper.java:789)
	at com.kms.katalon.core.webui.common.WebUiCommonHelper.findWebElement(WebUiCommonHelper.java:1150)
	at com.kms.katalon.core.webui.keyword.internal.WebUIAbstractKeyword.findWebElement(WebUIAbstractKeyword.groovy:27)
	at com.kms.katalon.core.webui.keyword.internal.WebUIAbstractKeyword.findWebElement(WebUIAbstractKeyword.groovy:26)
	at com.kms.katalon.core.webui.keyword.builtin.ClickKeyword$_click_closure1.doCall(ClickKeyword.groovy:67)
	at com.kms.katalon.core.webui.keyword.builtin.ClickKeyword$_click_closure1.call(ClickKeyword.groovy)
	at com.kms.katalon.core.webui.keyword.internal.WebUIKeywordMain.runKeyword(WebUIKeywordMain.groovy:20)
	... 35 more
)]]></system-out>
         <system-err><![CDATA[2020-06-05 13:46:42 - [TEST_CASE][FAILED] - Test Cases/1612893/TC_46_ViewMember: Test Cases/1612893/TC_46_ViewMember FAILED.
Reason:
com.kms.katalon.core.exception.StepFailedException: Call Test Case 'Test Cases/1612893/TC_ViewMember' failed
	at com.kms.katalon.core.keyword.builtin.CallTestCaseKeyword$_callTestCase_closure1.doCall(CallTestCaseKeyword.groovy:63)
	at com.kms.katalon.core.keyword.builtin.CallTestCaseKeyword$_callTestCase_closure1.call(CallTestCaseKeyword.groovy)
	at com.kms.katalon.core.keyword.internal.KeywordMain.runKeyword(KeywordMain.groovy:68)
	at com.kms.katalon.core.keyword.builtin.CallTestCaseKeyword.callTestCase(CallTestCaseKeyword.groovy:81)
	at com.kms.katalon.core.keyword.builtin.CallTestCaseKeyword.execute(CallTestCaseKeyword.groovy:44)
	at com.kms.katalon.core.keyword.internal.KeywordExecutor.executeKeywordForPlatform(KeywordExecutor.groovy:72)
	at com.kms.katalon.core.keyword.BuiltinKeywords.callTestCase(BuiltinKeywords.groovy:334)
	at TC_46_ViewMember.run(TC_46_ViewMember:21)
	at com.kms.katalon.core.main.ScriptEngine.run(ScriptEngine.java:194)
	at com.kms.katalon.core.main.ScriptEngine.runScriptAsRawText(ScriptEngine.java:119)
	at com.kms.katalon.core.main.TestCaseExecutor.runScript(TestCaseExecutor.java:337)
	at com.kms.katalon.core.main.TestCaseExecutor.doExecute(TestCaseExecutor.java:328)
	at com.kms.katalon.core.main.TestCaseExecutor.processExecutionPhase(TestCaseExecutor.java:307)
	at com.kms.katalon.core.main.TestCaseExecutor.accessMainPhase(TestCaseExecutor.java:299)
	at com.kms.katalon.core.main.TestCaseExecutor.execute(TestCaseExecutor.java:233)
	at com.kms.katalon.core.main.TestSuiteExecutor.accessTestCaseMainPhase(TestSuiteExecutor.java:169)
	at com.kms.katalon.core.main.TestSuiteExecutor.accessTestSuiteMainPhase(TestSuiteExecutor.java:142)
	at com.kms.katalon.core.main.TestSuiteExecutor.execute(TestSuiteExecutor.java:91)
	at com.kms.katalon.core.main.TestCaseMain.startTestSuite(TestCaseMain.java:157)
	at com.kms.katalon.core.main.TestCaseMain$startTestSuite$0.call(Unknown Source)
	at TempTestSuite1591337386301.run(TempTestSuite1591337386301.groovy:37)
Caused by: com.kms.katalon.core.exception.StepFailedException: Unable to click on object 'Object Repository/1612893/ViewMember/Page_Thanh set Channel name - hcmus-cdnc-te_a699a0/span_'
	at com.kms.katalon.core.webui.keyword.internal.WebUIKeywordMain.stepFailed(WebUIKeywordMain.groovy:64)
	at com.kms.katalon.core.webui.keyword.internal.WebUIKeywordMain.runKeyword(WebUIKeywordMain.groovy:26)
	at com.kms.katalon.core.webui.keyword.builtin.ClickKeyword.click(ClickKeyword.groovy:76)
	at com.kms.katalon.core.webui.keyword.builtin.ClickKeyword.execute(ClickKeyword.groovy:43)
	at com.kms.katalon.core.keyword.internal.KeywordExecutor.executeKeywordForPlatform(KeywordExecutor.groovy:72)
	at com.kms.katalon.core.webui.keyword.WebUiBuiltInKeywords.click(WebUiBuiltInKeywords.groovy:616)
	at com.kms.katalon.core.webui.keyword.WebUiBuiltInKeywords$click$3.call(Unknown Source)
	at TC_ViewMember.run(TC_ViewMember:23)
	at com.kms.katalon.core.main.ScriptEngine.run(ScriptEngine.java:194)
	at com.kms.katalon.core.main.ScriptEngine.runScriptAsRawText(ScriptEngine.java:119)
	at com.kms.katalon.core.main.TestCaseExecutor.runScript(TestCaseExecutor.java:337)
	at com.kms.katalon.core.main.TestCaseExecutor.doExecute(TestCaseExecutor.java:328)
	at com.kms.katalon.core.main.TestCaseExecutor.processExecutionPhase(TestCaseExecutor.java:307)
	at com.kms.katalon.core.main.TestCaseExecutor.accessMainPhase(TestCaseExecutor.java:299)
	at com.kms.katalon.core.main.TestCaseExecutor.execute(TestCaseExecutor.java:233)
	at com.kms.katalon.core.main.TestCaseMain.runTestCase(TestCaseMain.java:114)
	at com.kms.katalon.core.keyword.builtin.CallTestCaseKeyword$_callTestCase_closure1.doCall(CallTestCaseKeyword.groovy:59)
	... 20 more
Caused by: org.openqa.selenium.WebDriverException: chrome not reachable
  (Session info: chrome=83.0.4103.97)
Build info: version: '3.141.59', revision: 'e82be7d358', time: '2018-11-14T08:25:53'
System info: host: 'DESKTOP-SGC4F2H', ip: '172.25.32.1', os.name: 'Windows 10', os.arch: 'amd64', os.version: '10.0', java.version: '1.8.0_181'
Driver info: com.kms.katalon.selenium.driver.CChromeDriver
Capabilities {acceptInsecureCerts: false, browserName: chrome, browserVersion: 83.0.4103.97, chrome: {chromedriverVersion: 83.0.4103.39 (ccbf011cb2d2b..., userDataDir: C:\Users\Thanh\AppData\Loca...}, goog:chromeOptions: {debuggerAddress: localhost:65476}, javascriptEnabled: true, networkConnectionEnabled: false, pageLoadStrategy: normal, platform: WINDOWS, platformName: WINDOWS, proxy: Proxy(), setWindowRect: true, strictFileInteractability: false, timeouts: {implicit: 0, pageLoad: 300000, script: 30000}, unhandledPromptBehavior: dismiss and notify, webauthn:virtualAuthenticators: true}
Session ID: 03845bdc51411e29fc34d7dcf8095733
*** Element info: {Using=xpath, value=//div[@id='channelMembersModal']/div/div/div/button/span}
	at org.openqa.selenium.remote.http.W3CHttpResponseCodec.createException(W3CHttpResponseCodec.java:187)
	at org.openqa.selenium.remote.http.W3CHttpResponseCodec.decode(W3CHttpResponseCodec.java:122)
	at org.openqa.selenium.remote.http.W3CHttpResponseCodec.decode(W3CHttpResponseCodec.java:49)
	at org.openqa.selenium.remote.HttpCommandExecutor.execute(HttpCommandExecutor.java:158)
	at org.openqa.selenium.remote.service.DriverCommandExecutor.execute(DriverCommandExecutor.java:83)
	at org.openqa.selenium.remote.RemoteWebDriver.execute(RemoteWebDriver.java:552)
	at com.kms.katalon.selenium.driver.CChromeDriver.execute(CChromeDriver.java:19)
	at org.openqa.selenium.remote.RemoteWebDriver.findElements(RemoteWebDriver.java:353)
	at org.openqa.selenium.remote.RemoteWebDriver.findElementsByXPath(RemoteWebDriver.java:432)
	at org.openqa.selenium.By$ByXPath.findElements(By.java:348)
	at org.openqa.selenium.remote.RemoteWebDriver.findElements(RemoteWebDriver.java:311)
	at org.openqa.selenium.support.events.EventFiringWebDriver.lambda$new$1(EventFiringWebDriver.java:105)
	at com.sun.proxy.$Proxy8.findElements(Unknown Source)
	at org.openqa.selenium.support.events.EventFiringWebDriver.findElements(EventFiringWebDriver.java:182)
	at com.kms.katalon.core.webui.common.WebUiCommonHelper.findWebElements(WebUiCommonHelper.java:789)
	at com.kms.katalon.core.webui.common.WebUiCommonHelper.findWebElement(WebUiCommonHelper.java:1150)
	at com.kms.katalon.core.webui.keyword.internal.WebUIAbstractKeyword.findWebElement(WebUIAbstractKeyword.groovy:27)
	at com.kms.katalon.core.webui.keyword.internal.WebUIAbstractKeyword.findWebElement(WebUIAbstractKeyword.groovy:26)
	at com.kms.katalon.core.webui.keyword.builtin.ClickKeyword$_click_closure1.doCall(ClickKeyword.groovy:67)
	at com.kms.katalon.core.webui.keyword.builtin.ClickKeyword$_click_closure1.call(ClickKeyword.groovy)
	at com.kms.katalon.core.webui.keyword.internal.WebUIKeywordMain.runKeyword(WebUIKeywordMain.groovy:20)
	... 35 more]]></system-err>
      </testcase>
      <testcase name="Test Cases/1612893/TC_47_FlaggedPost" time="13.009" classname="Test Cases/1612893/TC_47_FlaggedPost" status="FAILED">
         <failure type="FAILED" message="Test Cases/1612893/TC_47_FlaggedPost FAILED.
Reason:
com.kms.katalon.core.exception.StepFailedException: Call Test Case 'Test Cases/1612893/TC_Flagged_Post' failed
	at com.kms.katalon.core.keyword.builtin.CallTestCaseKeyword$_callTestCase_closure1.doCall(CallTestCaseKeyword.groovy:63)
	at com.kms.katalon.core.keyword.builtin.CallTestCaseKeyword$_callTestCase_closure1.call(CallTestCaseKeyword.groovy)
	at com.kms.katalon.core.keyword.internal.KeywordMain.runKeyword(KeywordMain.groovy:68)
	at com.kms.katalon.core.keyword.builtin.CallTestCaseKeyword.callTestCase(CallTestCaseKeyword.groovy:81)
	at com.kms.katalon.core.keyword.builtin.CallTestCaseKeyword.execute(CallTestCaseKeyword.groovy:44)
	at com.kms.katalon.core.keyword.internal.KeywordExecutor.executeKeywordForPlatform(KeywordExecutor.groovy:72)
	at com.kms.katalon.core.keyword.BuiltinKeywords.callTestCase(BuiltinKeywords.groovy:334)
	at TC_47_FlaggedPost.run(TC_47_FlaggedPost:21)
	at com.kms.katalon.core.main.ScriptEngine.run(ScriptEngine.java:194)
	at com.kms.katalon.core.main.ScriptEngine.runScriptAsRawText(ScriptEngine.java:119)
	at com.kms.katalon.core.main.TestCaseExecutor.runScript(TestCaseExecutor.java:337)
	at com.kms.katalon.core.main.TestCaseExecutor.doExecute(TestCaseExecutor.java:328)
	at com.kms.katalon.core.main.TestCaseExecutor.processExecutionPhase(TestCaseExecutor.java:307)
	at com.kms.katalon.core.main.TestCaseExecutor.accessMainPhase(TestCaseExecutor.java:299)
	at com.kms.katalon.core.main.TestCaseExecutor.execute(TestCaseExecutor.java:233)
	at com.kms.katalon.core.main.TestSuiteExecutor.accessTestCaseMainPhase(TestSuiteExecutor.java:169)
	at com.kms.katalon.core.main.TestSuiteExecutor.accessTestSuiteMainPhase(TestSuiteExecutor.java:142)
	at com.kms.katalon.core.main.TestSuiteExecutor.execute(TestSuiteExecutor.java:91)
	at com.kms.katalon.core.main.TestCaseMain.startTestSuite(TestCaseMain.java:157)
	at com.kms.katalon.core.main.TestCaseMain$startTestSuite$0.call(Unknown Source)
	at TempTestSuite1591337386301.run(TempTestSuite1591337386301.groovy:37)
Caused by: com.kms.katalon.core.exception.StepFailedException: Unable to click on object 'Object Repository/1612893/Flagged_Post/Page_Thanh set Channel name - hcmus-cdnc-te_a699a0/button_dash_channelHeaderFlagButton'
	at com.kms.katalon.core.webui.keyword.internal.WebUIKeywordMain.stepFailed(WebUIKeywordMain.groovy:64)
	at com.kms.katalon.core.webui.keyword.internal.WebUIKeywordMain.runKeyword(WebUIKeywordMain.groovy:26)
	at com.kms.katalon.core.webui.keyword.builtin.ClickKeyword.click(ClickKeyword.groovy:76)
	at com.kms.katalon.core.webui.keyword.builtin.ClickKeyword.execute(ClickKeyword.groovy:43)
	at com.kms.katalon.core.keyword.internal.KeywordExecutor.executeKeywordForPlatform(KeywordExecutor.groovy:72)
	at com.kms.katalon.core.webui.keyword.WebUiBuiltInKeywords.click(WebUiBuiltInKeywords.groovy:616)
	at com.kms.katalon.core.webui.keyword.WebUiBuiltInKeywords$click$3.call(Unknown Source)
	at TC_Flagged_Post.run(TC_Flagged_Post:19)
	at com.kms.katalon.core.main.ScriptEngine.run(ScriptEngine.java:194)
	at com.kms.katalon.core.main.ScriptEngine.runScriptAsRawText(ScriptEngine.java:119)
	at com.kms.katalon.core.main.TestCaseExecutor.runScript(TestCaseExecutor.java:337)
	at com.kms.katalon.core.main.TestCaseExecutor.doExecute(TestCaseExecutor.java:328)
	at com.kms.katalon.core.main.TestCaseExecutor.processExecutionPhase(TestCaseExecutor.java:307)
	at com.kms.katalon.core.main.TestCaseExecutor.accessMainPhase(TestCaseExecutor.java:299)
	at com.kms.katalon.core.main.TestCaseExecutor.execute(TestCaseExecutor.java:233)
	at com.kms.katalon.core.main.TestCaseMain.runTestCase(TestCaseMain.java:114)
	at com.kms.katalon.core.keyword.builtin.CallTestCaseKeyword$_callTestCase_closure1.doCall(CallTestCaseKeyword.groovy:59)
	... 20 more
Caused by: org.openqa.selenium.NoSuchWindowException: no such window: target window already closed
from unknown error: web view not found
  (Session info: chrome=83.0.4103.97)
Build info: version: '3.141.59', revision: 'e82be7d358', time: '2018-11-14T08:25:53'
System info: host: 'DESKTOP-SGC4F2H', ip: '172.25.32.1', os.name: 'Windows 10', os.arch: 'amd64', os.version: '10.0', java.version: '1.8.0_181'
Driver info: com.kms.katalon.selenium.driver.CChromeDriver
Capabilities {acceptInsecureCerts: false, browserName: chrome, browserVersion: 83.0.4103.97, chrome: {chromedriverVersion: 83.0.4103.39 (ccbf011cb2d2b..., userDataDir: C:\Users\Thanh\AppData\Loca...}, goog:chromeOptions: {debuggerAddress: localhost:49155}, javascriptEnabled: true, networkConnectionEnabled: false, pageLoadStrategy: normal, platform: WINDOWS, platformName: WINDOWS, proxy: Proxy(), setWindowRect: true, strictFileInteractability: false, timeouts: {implicit: 0, pageLoad: 300000, script: 30000}, unhandledPromptBehavior: dismiss and notify, webauthn:virtualAuthenticators: true}
Session ID: 571024c53c2058f1711124d329bcf4ed
*** Element info: {Using=xpath, value=//button[@id='channelHeaderFlagButton']}
	at org.openqa.selenium.remote.http.W3CHttpResponseCodec.createException(W3CHttpResponseCodec.java:187)
	at org.openqa.selenium.remote.http.W3CHttpResponseCodec.decode(W3CHttpResponseCodec.java:122)
	at org.openqa.selenium.remote.http.W3CHttpResponseCodec.decode(W3CHttpResponseCodec.java:49)
	at org.openqa.selenium.remote.HttpCommandExecutor.execute(HttpCommandExecutor.java:158)
	at org.openqa.selenium.remote.service.DriverCommandExecutor.execute(DriverCommandExecutor.java:83)
	at org.openqa.selenium.remote.RemoteWebDriver.execute(RemoteWebDriver.java:552)
	at com.kms.katalon.selenium.driver.CChromeDriver.execute(CChromeDriver.java:19)
	at org.openqa.selenium.remote.RemoteWebDriver.findElements(RemoteWebDriver.java:353)
	at org.openqa.selenium.remote.RemoteWebDriver.findElementsByXPath(RemoteWebDriver.java:432)
	at org.openqa.selenium.By$ByXPath.findElements(By.java:348)
	at org.openqa.selenium.remote.RemoteWebDriver.findElements(RemoteWebDriver.java:311)
	at org.openqa.selenium.support.events.EventFiringWebDriver.lambda$new$1(EventFiringWebDriver.java:105)
	at com.sun.proxy.$Proxy8.findElements(Unknown Source)
	at org.openqa.selenium.support.events.EventFiringWebDriver.findElements(EventFiringWebDriver.java:182)
	at com.kms.katalon.core.webui.common.WebUiCommonHelper.findWebElements(WebUiCommonHelper.java:789)
	at com.kms.katalon.core.webui.common.WebUiCommonHelper.findWebElement(WebUiCommonHelper.java:1150)
	at com.kms.katalon.core.webui.keyword.internal.WebUIAbstractKeyword.findWebElement(WebUIAbstractKeyword.groovy:27)
	at com.kms.katalon.core.webui.keyword.internal.WebUIAbstractKeyword.findWebElement(WebUIAbstractKeyword.groovy:26)
	at com.kms.katalon.core.webui.keyword.builtin.ClickKeyword$_click_closure1.doCall(ClickKeyword.groovy:67)
	at com.kms.katalon.core.webui.keyword.builtin.ClickKeyword$_click_closure1.call(ClickKeyword.groovy)
	at com.kms.katalon.core.webui.keyword.internal.WebUIKeywordMain.runKeyword(WebUIKeywordMain.groovy:20)
	... 35 more
"/>
         <system-out><![CDATA[2020-06-05 13:47:32 - [TEST_CASE][FAILED] - Test Cases/1612893/TC_47_FlaggedPost: Test Cases/1612893/TC_47_FlaggedPost FAILED.
Reason:
com.kms.katalon.core.exception.StepFailedException: Call Test Case 'Test Cases/1612893/TC_Flagged_Post' failed
	at com.kms.katalon.core.keyword.builtin.CallTestCaseKeyword$_callTestCase_closure1.doCall(CallTestCaseKeyword.groovy:63)
	at com.kms.katalon.core.keyword.builtin.CallTestCaseKeyword$_callTestCase_closure1.call(CallTestCaseKeyword.groovy)
	at com.kms.katalon.core.keyword.internal.KeywordMain.runKeyword(KeywordMain.groovy:68)
	at com.kms.katalon.core.keyword.builtin.CallTestCaseKeyword.callTestCase(CallTestCaseKeyword.groovy:81)
	at com.kms.katalon.core.keyword.builtin.CallTestCaseKeyword.execute(CallTestCaseKeyword.groovy:44)
	at com.kms.katalon.core.keyword.internal.KeywordExecutor.executeKeywordForPlatform(KeywordExecutor.groovy:72)
	at com.kms.katalon.core.keyword.BuiltinKeywords.callTestCase(BuiltinKeywords.groovy:334)
	at TC_47_FlaggedPost.run(TC_47_FlaggedPost:21)
	at com.kms.katalon.core.main.ScriptEngine.run(ScriptEngine.java:194)
	at com.kms.katalon.core.main.ScriptEngine.runScriptAsRawText(ScriptEngine.java:119)
	at com.kms.katalon.core.main.TestCaseExecutor.runScript(TestCaseExecutor.java:337)
	at com.kms.katalon.core.main.TestCaseExecutor.doExecute(TestCaseExecutor.java:328)
	at com.kms.katalon.core.main.TestCaseExecutor.processExecutionPhase(TestCaseExecutor.java:307)
	at com.kms.katalon.core.main.TestCaseExecutor.accessMainPhase(TestCaseExecutor.java:299)
	at com.kms.katalon.core.main.TestCaseExecutor.execute(TestCaseExecutor.java:233)
	at com.kms.katalon.core.main.TestSuiteExecutor.accessTestCaseMainPhase(TestSuiteExecutor.java:169)
	at com.kms.katalon.core.main.TestSuiteExecutor.accessTestSuiteMainPhase(TestSuiteExecutor.java:142)
	at com.kms.katalon.core.main.TestSuiteExecutor.execute(TestSuiteExecutor.java:91)
	at com.kms.katalon.core.main.TestCaseMain.startTestSuite(TestCaseMain.java:157)
	at com.kms.katalon.core.main.TestCaseMain$startTestSuite$0.call(Unknown Source)
	at TempTestSuite1591337386301.run(TempTestSuite1591337386301.groovy:37)
Caused by: com.kms.katalon.core.exception.StepFailedException: Unable to click on object 'Object Repository/1612893/Flagged_Post/Page_Thanh set Channel name - hcmus-cdnc-te_a699a0/button_dash_channelHeaderFlagButton'
	at com.kms.katalon.core.webui.keyword.internal.WebUIKeywordMain.stepFailed(WebUIKeywordMain.groovy:64)
	at com.kms.katalon.core.webui.keyword.internal.WebUIKeywordMain.runKeyword(WebUIKeywordMain.groovy:26)
	at com.kms.katalon.core.webui.keyword.builtin.ClickKeyword.click(ClickKeyword.groovy:76)
	at com.kms.katalon.core.webui.keyword.builtin.ClickKeyword.execute(ClickKeyword.groovy:43)
	at com.kms.katalon.core.keyword.internal.KeywordExecutor.executeKeywordForPlatform(KeywordExecutor.groovy:72)
	at com.kms.katalon.core.webui.keyword.WebUiBuiltInKeywords.click(WebUiBuiltInKeywords.groovy:616)
	at com.kms.katalon.core.webui.keyword.WebUiBuiltInKeywords$click$3.call(Unknown Source)
	at TC_Flagged_Post.run(TC_Flagged_Post:19)
	at com.kms.katalon.core.main.ScriptEngine.run(ScriptEngine.java:194)
	at com.kms.katalon.core.main.ScriptEngine.runScriptAsRawText(ScriptEngine.java:119)
	at com.kms.katalon.core.main.TestCaseExecutor.runScript(TestCaseExecutor.java:337)
	at com.kms.katalon.core.main.TestCaseExecutor.doExecute(TestCaseExecutor.java:328)
	at com.kms.katalon.core.main.TestCaseExecutor.processExecutionPhase(TestCaseExecutor.java:307)
	at com.kms.katalon.core.main.TestCaseExecutor.accessMainPhase(TestCaseExecutor.java:299)
	at com.kms.katalon.core.main.TestCaseExecutor.execute(TestCaseExecutor.java:233)
	at com.kms.katalon.core.main.TestCaseMain.runTestCase(TestCaseMain.java:114)
	at com.kms.katalon.core.keyword.builtin.CallTestCaseKeyword$_callTestCase_closure1.doCall(CallTestCaseKeyword.groovy:59)
	... 20 more
Caused by: org.openqa.selenium.NoSuchWindowException: no such window: target window already closed
from unknown error: web view not found
  (Session info: chrome=83.0.4103.97)
Build info: version: '3.141.59', revision: 'e82be7d358', time: '2018-11-14T08:25:53'
System info: host: 'DESKTOP-SGC4F2H', ip: '172.25.32.1', os.name: 'Windows 10', os.arch: 'amd64', os.version: '10.0', java.version: '1.8.0_181'
Driver info: com.kms.katalon.selenium.driver.CChromeDriver
Capabilities {acceptInsecureCerts: false, browserName: chrome, browserVersion: 83.0.4103.97, chrome: {chromedriverVersion: 83.0.4103.39 (ccbf011cb2d2b..., userDataDir: C:\Users\Thanh\AppData\Loca...}, goog:chromeOptions: {debuggerAddress: localhost:49155}, javascriptEnabled: true, networkConnectionEnabled: false, pageLoadStrategy: normal, platform: WINDOWS, platformName: WINDOWS, proxy: Proxy(), setWindowRect: true, strictFileInteractability: false, timeouts: {implicit: 0, pageLoad: 300000, script: 30000}, unhandledPromptBehavior: dismiss and notify, webauthn:virtualAuthenticators: true}
Session ID: 571024c53c2058f1711124d329bcf4ed
*** Element info: {Using=xpath, value=//button[@id='channelHeaderFlagButton']}
	at org.openqa.selenium.remote.http.W3CHttpResponseCodec.createException(W3CHttpResponseCodec.java:187)
	at org.openqa.selenium.remote.http.W3CHttpResponseCodec.decode(W3CHttpResponseCodec.java:122)
	at org.openqa.selenium.remote.http.W3CHttpResponseCodec.decode(W3CHttpResponseCodec.java:49)
	at org.openqa.selenium.remote.HttpCommandExecutor.execute(HttpCommandExecutor.java:158)
	at org.openqa.selenium.remote.service.DriverCommandExecutor.execute(DriverCommandExecutor.java:83)
	at org.openqa.selenium.remote.RemoteWebDriver.execute(RemoteWebDriver.java:552)
	at com.kms.katalon.selenium.driver.CChromeDriver.execute(CChromeDriver.java:19)
	at org.openqa.selenium.remote.RemoteWebDriver.findElements(RemoteWebDriver.java:353)
	at org.openqa.selenium.remote.RemoteWebDriver.findElementsByXPath(RemoteWebDriver.java:432)
	at org.openqa.selenium.By$ByXPath.findElements(By.java:348)
	at org.openqa.selenium.remote.RemoteWebDriver.findElements(RemoteWebDriver.java:311)
	at org.openqa.selenium.support.events.EventFiringWebDriver.lambda$new$1(EventFiringWebDriver.java:105)
	at com.sun.proxy.$Proxy8.findElements(Unknown Source)
	at org.openqa.selenium.support.events.EventFiringWebDriver.findElements(EventFiringWebDriver.java:182)
	at com.kms.katalon.core.webui.common.WebUiCommonHelper.findWebElements(WebUiCommonHelper.java:789)
	at com.kms.katalon.core.webui.common.WebUiCommonHelper.findWebElement(WebUiCommonHelper.java:1150)
	at com.kms.katalon.core.webui.keyword.internal.WebUIAbstractKeyword.findWebElement(WebUIAbstractKeyword.groovy:27)
	at com.kms.katalon.core.webui.keyword.internal.WebUIAbstractKeyword.findWebElement(WebUIAbstractKeyword.groovy:26)
	at com.kms.katalon.core.webui.keyword.builtin.ClickKeyword$_click_closure1.doCall(ClickKeyword.groovy:67)
	at com.kms.katalon.core.webui.keyword.builtin.ClickKeyword$_click_closure1.call(ClickKeyword.groovy)
	at com.kms.katalon.core.webui.keyword.internal.WebUIKeywordMain.runKeyword(WebUIKeywordMain.groovy:20)
	... 35 more


2020-06-05 13:47:32 - [TEST_STEP][PASSED] - callTestCase(findTestCase("1612893/TC_Login"), ["username":"hcmus-cdnc@gmail.com", "password":"aeHFOx8jV/A="], STOP_ON_FAILURE): Call Test Case 'Test Cases/1612893/TC_Login' successfully

2020-06-05 13:47:32 - [TEST_CASE][PASSED] - Test Cases/1612893/TC_Login: Test Cases/1612893/TC_Login

2020-06-05 13:47:32 - [TEST_STEP][PASSED] - openBrowser(""): Browser is opened with url: ''

2020-06-05 13:47:32 - [MESSAGE][WARNING] - A browser is already opened. Closing browser and opening a new one

2020-06-05 13:47:33 - [MESSAGE][INFO] - Starting 'Chrome' driver

2020-06-05 13:47:33 - [MESSAGE][INFO] - Action delay is set to 0 milliseconds

2020-06-05 13:47:37 - [MESSAGE][PASSED] - Browser is opened with url: ''

2020-06-05 13:47:37 - [TEST_STEP][PASSED] - navigateToUrl("http://localhost:8065/login"): Navigate to 'http://localhost:8065/login' successfully

2020-06-05 13:47:38 - [MESSAGE][PASSED] - Navigate to 'http://localhost:8065/login' successfully

2020-06-05 13:47:38 - [TEST_STEP][PASSED] - setText(findTestObject("Object Repository/1612427/01_Login/Page_Mattermost/input_All team communication in one place s_703ef5"), "hcmus-cdnc@gmail.com"): Text 'hcmus-cdnc@gmail.com' is set on object 'Object Repository/1612427/01_Login/Page_Mattermost/input_All team communication in one place s_703ef5'

2020-06-05 13:47:40 - [MESSAGE][PASSED] - Text 'hcmus-cdnc@gmail.com' is set on object 'Object Repository/1612427/01_Login/Page_Mattermost/input_All team communication in one place s_703ef5'

2020-06-05 13:47:40 - [TEST_STEP][PASSED] - setEncryptedText(findTestObject("Object Repository/1612427/01_Login/Page_Mattermost/input_All team communication in one place s_2f2733"), "aeHFOx8jV/A="): Text ****** has been set on object 'Object Repository/1612427/01_Login/Page_Mattermost/input_All team communication in one place s_2f2733'

2020-06-05 13:47:41 - [MESSAGE][PASSED] - Text ****** has been set on object 'Object Repository/1612427/01_Login/Page_Mattermost/input_All team communication in one place s_2f2733'

2020-06-05 13:47:41 - [TEST_STEP][PASSED] - click(findTestObject("Object Repository/1612427/01_Login/Page_Mattermost/span_Sign in")): Object: 'Object Repository/1612427/01_Login/Page_Mattermost/span_Sign in' is clicked on

2020-06-05 13:47:41 - [MESSAGE][PASSED] - Object: 'Object Repository/1612427/01_Login/Page_Mattermost/span_Sign in' is clicked on

2020-06-05 13:47:41 - [MESSAGE][PASSED] - Call Test Case 'Test Cases/1612893/TC_Login' successfully

2020-06-05 13:47:41 - [TEST_STEP][FAILED] - callTestCase(findTestCase("1612893/TC_Flagged_Post"), [:], STOP_ON_FAILURE): Unable to call Test Case 'Test Cases/1612893/TC_Flagged_Post' (Root cause: com.kms.katalon.core.exception.StepFailedException: Call Test Case 'Test Cases/1612893/TC_Flagged_Post' failed
	at com.kms.katalon.core.keyword.builtin.CallTestCaseKeyword$_callTestCase_closure1.doCall(CallTestCaseKeyword.groovy:63)
	at com.kms.katalon.core.keyword.builtin.CallTestCaseKeyword$_callTestCase_closure1.call(CallTestCaseKeyword.groovy)
	at com.kms.katalon.core.keyword.internal.KeywordMain.runKeyword(KeywordMain.groovy:68)
	at com.kms.katalon.core.keyword.builtin.CallTestCaseKeyword.callTestCase(CallTestCaseKeyword.groovy:81)
	at com.kms.katalon.core.keyword.builtin.CallTestCaseKeyword.execute(CallTestCaseKeyword.groovy:44)
	at com.kms.katalon.core.keyword.internal.KeywordExecutor.executeKeywordForPlatform(KeywordExecutor.groovy:72)
	at com.kms.katalon.core.keyword.BuiltinKeywords.callTestCase(BuiltinKeywords.groovy:334)
	at TC_47_FlaggedPost.run(TC_47_FlaggedPost:21)
	at com.kms.katalon.core.main.ScriptEngine.run(ScriptEngine.java:194)
	at com.kms.katalon.core.main.ScriptEngine.runScriptAsRawText(ScriptEngine.java:119)
	at com.kms.katalon.core.main.TestCaseExecutor.runScript(TestCaseExecutor.java:337)
	at com.kms.katalon.core.main.TestCaseExecutor.doExecute(TestCaseExecutor.java:328)
	at com.kms.katalon.core.main.TestCaseExecutor.processExecutionPhase(TestCaseExecutor.java:307)
	at com.kms.katalon.core.main.TestCaseExecutor.accessMainPhase(TestCaseExecutor.java:299)
	at com.kms.katalon.core.main.TestCaseExecutor.execute(TestCaseExecutor.java:233)
	at com.kms.katalon.core.main.TestSuiteExecutor.accessTestCaseMainPhase(TestSuiteExecutor.java:169)
	at com.kms.katalon.core.main.TestSuiteExecutor.accessTestSuiteMainPhase(TestSuiteExecutor.java:142)
	at com.kms.katalon.core.main.TestSuiteExecutor.execute(TestSuiteExecutor.java:91)
	at com.kms.katalon.core.main.TestCaseMain.startTestSuite(TestCaseMain.java:157)
	at com.kms.katalon.core.main.TestCaseMain$startTestSuite$0.call(Unknown Source)
	at TempTestSuite1591337386301.run(TempTestSuite1591337386301.groovy:37)
Caused by: com.kms.katalon.core.exception.StepFailedException: Unable to click on object 'Object Repository/1612893/Flagged_Post/Page_Thanh set Channel name - hcmus-cdnc-te_a699a0/button_dash_channelHeaderFlagButton'
	at com.kms.katalon.core.webui.keyword.internal.WebUIKeywordMain.stepFailed(WebUIKeywordMain.groovy:64)
	at com.kms.katalon.core.webui.keyword.internal.WebUIKeywordMain.runKeyword(WebUIKeywordMain.groovy:26)
	at com.kms.katalon.core.webui.keyword.builtin.ClickKeyword.click(ClickKeyword.groovy:76)
	at com.kms.katalon.core.webui.keyword.builtin.ClickKeyword.execute(ClickKeyword.groovy:43)
	at com.kms.katalon.core.keyword.internal.KeywordExecutor.executeKeywordForPlatform(KeywordExecutor.groovy:72)
	at com.kms.katalon.core.webui.keyword.WebUiBuiltInKeywords.click(WebUiBuiltInKeywords.groovy:616)
	at com.kms.katalon.core.webui.keyword.WebUiBuiltInKeywords$click$3.call(Unknown Source)
	at TC_Flagged_Post.run(TC_Flagged_Post:19)
	at com.kms.katalon.core.main.ScriptEngine.run(ScriptEngine.java:194)
	at com.kms.katalon.core.main.ScriptEngine.runScriptAsRawText(ScriptEngine.java:119)
	at com.kms.katalon.core.main.TestCaseExecutor.runScript(TestCaseExecutor.java:337)
	at com.kms.katalon.core.main.TestCaseExecutor.doExecute(TestCaseExecutor.java:328)
	at com.kms.katalon.core.main.TestCaseExecutor.processExecutionPhase(TestCaseExecutor.java:307)
	at com.kms.katalon.core.main.TestCaseExecutor.accessMainPhase(TestCaseExecutor.java:299)
	at com.kms.katalon.core.main.TestCaseExecutor.execute(TestCaseExecutor.java:233)
	at com.kms.katalon.core.main.TestCaseMain.runTestCase(TestCaseMain.java:114)
	at com.kms.katalon.core.keyword.builtin.CallTestCaseKeyword$_callTestCase_closure1.doCall(CallTestCaseKeyword.groovy:59)
	... 20 more
Caused by: org.openqa.selenium.NoSuchWindowException: no such window: target window already closed
from unknown error: web view not found
  (Session info: chrome=83.0.4103.97)
Build info: version: '3.141.59', revision: 'e82be7d358', time: '2018-11-14T08:25:53'
System info: host: 'DESKTOP-SGC4F2H', ip: '172.25.32.1', os.name: 'Windows 10', os.arch: 'amd64', os.version: '10.0', java.version: '1.8.0_181'
Driver info: com.kms.katalon.selenium.driver.CChromeDriver
Capabilities {acceptInsecureCerts: false, browserName: chrome, browserVersion: 83.0.4103.97, chrome: {chromedriverVersion: 83.0.4103.39 (ccbf011cb2d2b..., userDataDir: C:\Users\Thanh\AppData\Loca...}, goog:chromeOptions: {debuggerAddress: localhost:49155}, javascriptEnabled: true, networkConnectionEnabled: false, pageLoadStrategy: normal, platform: WINDOWS, platformName: WINDOWS, proxy: Proxy(), setWindowRect: true, strictFileInteractability: false, timeouts: {implicit: 0, pageLoad: 300000, script: 30000}, unhandledPromptBehavior: dismiss and notify, webauthn:virtualAuthenticators: true}
Session ID: 571024c53c2058f1711124d329bcf4ed
*** Element info: {Using=xpath, value=//button[@id='channelHeaderFlagButton']}
	at org.openqa.selenium.remote.http.W3CHttpResponseCodec.createException(W3CHttpResponseCodec.java:187)
	at org.openqa.selenium.remote.http.W3CHttpResponseCodec.decode(W3CHttpResponseCodec.java:122)
	at org.openqa.selenium.remote.http.W3CHttpResponseCodec.decode(W3CHttpResponseCodec.java:49)
	at org.openqa.selenium.remote.HttpCommandExecutor.execute(HttpCommandExecutor.java:158)
	at org.openqa.selenium.remote.service.DriverCommandExecutor.execute(DriverCommandExecutor.java:83)
	at org.openqa.selenium.remote.RemoteWebDriver.execute(RemoteWebDriver.java:552)
	at com.kms.katalon.selenium.driver.CChromeDriver.execute(CChromeDriver.java:19)
	at org.openqa.selenium.remote.RemoteWebDriver.findElements(RemoteWebDriver.java:353)
	at org.openqa.selenium.remote.RemoteWebDriver.findElementsByXPath(RemoteWebDriver.java:432)
	at org.openqa.selenium.By$ByXPath.findElements(By.java:348)
	at org.openqa.selenium.remote.RemoteWebDriver.findElements(RemoteWebDriver.java:311)
	at org.openqa.selenium.support.events.EventFiringWebDriver.lambda$new$1(EventFiringWebDriver.java:105)
	at com.sun.proxy.$Proxy8.findElements(Unknown Source)
	at org.openqa.selenium.support.events.EventFiringWebDriver.findElements(EventFiringWebDriver.java:182)
	at com.kms.katalon.core.webui.common.WebUiCommonHelper.findWebElements(WebUiCommonHelper.java:789)
	at com.kms.katalon.core.webui.common.WebUiCommonHelper.findWebElement(WebUiCommonHelper.java:1150)
	at com.kms.katalon.core.webui.keyword.internal.WebUIAbstractKeyword.findWebElement(WebUIAbstractKeyword.groovy:27)
	at com.kms.katalon.core.webui.keyword.internal.WebUIAbstractKeyword.findWebElement(WebUIAbstractKeyword.groovy:26)
	at com.kms.katalon.core.webui.keyword.builtin.ClickKeyword$_click_closure1.doCall(ClickKeyword.groovy:67)
	at com.kms.katalon.core.webui.keyword.builtin.ClickKeyword$_click_closure1.call(ClickKeyword.groovy)
	at com.kms.katalon.core.webui.keyword.internal.WebUIKeywordMain.runKeyword(WebUIKeywordMain.groovy:20)
	... 35 more
)

2020-06-05 13:47:41 - [TEST_CASE][FAILED] - Test Cases/1612893/TC_Flagged_Post: Test Cases/1612893/TC_Flagged_Post FAILED.
Reason:
com.kms.katalon.core.exception.StepFailedException: Unable to click on object 'Object Repository/1612893/Flagged_Post/Page_Thanh set Channel name - hcmus-cdnc-te_a699a0/button_dash_channelHeaderFlagButton'
	at com.kms.katalon.core.webui.keyword.internal.WebUIKeywordMain.stepFailed(WebUIKeywordMain.groovy:64)
	at com.kms.katalon.core.webui.keyword.internal.WebUIKeywordMain.runKeyword(WebUIKeywordMain.groovy:26)
	at com.kms.katalon.core.webui.keyword.builtin.ClickKeyword.click(ClickKeyword.groovy:76)
	at com.kms.katalon.core.webui.keyword.builtin.ClickKeyword.execute(ClickKeyword.groovy:43)
	at com.kms.katalon.core.keyword.internal.KeywordExecutor.executeKeywordForPlatform(KeywordExecutor.groovy:72)
	at com.kms.katalon.core.webui.keyword.WebUiBuiltInKeywords.click(WebUiBuiltInKeywords.groovy:616)
	at com.kms.katalon.core.webui.keyword.WebUiBuiltInKeywords$click$3.call(Unknown Source)
	at TC_Flagged_Post.run(TC_Flagged_Post:19)
	at com.kms.katalon.core.main.ScriptEngine.run(ScriptEngine.java:194)
	at com.kms.katalon.core.main.ScriptEngine.runScriptAsRawText(ScriptEngine.java:119)
	at com.kms.katalon.core.main.TestCaseExecutor.runScript(TestCaseExecutor.java:337)
	at com.kms.katalon.core.main.TestCaseExecutor.doExecute(TestCaseExecutor.java:328)
	at com.kms.katalon.core.main.TestCaseExecutor.processExecutionPhase(TestCaseExecutor.java:307)
	at com.kms.katalon.core.main.TestCaseExecutor.accessMainPhase(TestCaseExecutor.java:299)
	at com.kms.katalon.core.main.TestCaseExecutor.execute(TestCaseExecutor.java:233)
	at com.kms.katalon.core.main.TestCaseMain.runTestCase(TestCaseMain.java:114)
	at com.kms.katalon.core.keyword.builtin.CallTestCaseKeyword$_callTestCase_closure1.doCall(CallTestCaseKeyword.groovy:59)
	at com.kms.katalon.core.keyword.builtin.CallTestCaseKeyword$_callTestCase_closure1.call(CallTestCaseKeyword.groovy)
	at com.kms.katalon.core.keyword.internal.KeywordMain.runKeyword(KeywordMain.groovy:68)
	at com.kms.katalon.core.keyword.builtin.CallTestCaseKeyword.callTestCase(CallTestCaseKeyword.groovy:81)
	at com.kms.katalon.core.keyword.builtin.CallTestCaseKeyword.execute(CallTestCaseKeyword.groovy:44)
	at com.kms.katalon.core.keyword.internal.KeywordExecutor.executeKeywordForPlatform(KeywordExecutor.groovy:72)
	at com.kms.katalon.core.keyword.BuiltinKeywords.callTestCase(BuiltinKeywords.groovy:334)
	at TC_47_FlaggedPost.run(TC_47_FlaggedPost:21)
	at com.kms.katalon.core.main.ScriptEngine.run(ScriptEngine.java:194)
	at com.kms.katalon.core.main.ScriptEngine.runScriptAsRawText(ScriptEngine.java:119)
	at com.kms.katalon.core.main.TestCaseExecutor.runScript(TestCaseExecutor.java:337)
	at com.kms.katalon.core.main.TestCaseExecutor.doExecute(TestCaseExecutor.java:328)
	at com.kms.katalon.core.main.TestCaseExecutor.processExecutionPhase(TestCaseExecutor.java:307)
	at com.kms.katalon.core.main.TestCaseExecutor.accessMainPhase(TestCaseExecutor.java:299)
	at com.kms.katalon.core.main.TestCaseExecutor.execute(TestCaseExecutor.java:233)
	at com.kms.katalon.core.main.TestSuiteExecutor.accessTestCaseMainPhase(TestSuiteExecutor.java:169)
	at com.kms.katalon.core.main.TestSuiteExecutor.accessTestSuiteMainPhase(TestSuiteExecutor.java:142)
	at com.kms.katalon.core.main.TestSuiteExecutor.execute(TestSuiteExecutor.java:91)
	at com.kms.katalon.core.main.TestCaseMain.startTestSuite(TestCaseMain.java:157)
	at com.kms.katalon.core.main.TestCaseMain$startTestSuite$0.call(Unknown Source)
	at TempTestSuite1591337386301.run(TempTestSuite1591337386301.groovy:37)
Caused by: org.openqa.selenium.NoSuchWindowException: no such window: target window already closed
from unknown error: web view not found
  (Session info: chrome=83.0.4103.97)
Build info: version: '3.141.59', revision: 'e82be7d358', time: '2018-11-14T08:25:53'
System info: host: 'DESKTOP-SGC4F2H', ip: '172.25.32.1', os.name: 'Windows 10', os.arch: 'amd64', os.version: '10.0', java.version: '1.8.0_181'
Driver info: com.kms.katalon.selenium.driver.CChromeDriver
Capabilities {acceptInsecureCerts: false, browserName: chrome, browserVersion: 83.0.4103.97, chrome: {chromedriverVersion: 83.0.4103.39 (ccbf011cb2d2b..., userDataDir: C:\Users\Thanh\AppData\Loca...}, goog:chromeOptions: {debuggerAddress: localhost:49155}, javascriptEnabled: true, networkConnectionEnabled: false, pageLoadStrategy: normal, platform: WINDOWS, platformName: WINDOWS, proxy: Proxy(), setWindowRect: true, strictFileInteractability: false, timeouts: {implicit: 0, pageLoad: 300000, script: 30000}, unhandledPromptBehavior: dismiss and notify, webauthn:virtualAuthenticators: true}
Session ID: 571024c53c2058f1711124d329bcf4ed
*** Element info: {Using=xpath, value=//button[@id='channelHeaderFlagButton']}
	at org.openqa.selenium.remote.http.W3CHttpResponseCodec.createException(W3CHttpResponseCodec.java:187)
	at org.openqa.selenium.remote.http.W3CHttpResponseCodec.decode(W3CHttpResponseCodec.java:122)
	at org.openqa.selenium.remote.http.W3CHttpResponseCodec.decode(W3CHttpResponseCodec.java:49)
	at org.openqa.selenium.remote.HttpCommandExecutor.execute(HttpCommandExecutor.java:158)
	at org.openqa.selenium.remote.service.DriverCommandExecutor.execute(DriverCommandExecutor.java:83)
	at org.openqa.selenium.remote.RemoteWebDriver.execute(RemoteWebDriver.java:552)
	at com.kms.katalon.selenium.driver.CChromeDriver.execute(CChromeDriver.java:19)
	at org.openqa.selenium.remote.RemoteWebDriver.findElements(RemoteWebDriver.java:353)
	at org.openqa.selenium.remote.RemoteWebDriver.findElementsByXPath(RemoteWebDriver.java:432)
	at org.openqa.selenium.By$ByXPath.findElements(By.java:348)
	at org.openqa.selenium.remote.RemoteWebDriver.findElements(RemoteWebDriver.java:311)
	at org.openqa.selenium.support.events.EventFiringWebDriver.lambda$new$1(EventFiringWebDriver.java:105)
	at com.sun.proxy.$Proxy8.findElements(Unknown Source)
	at org.openqa.selenium.support.events.EventFiringWebDriver.findElements(EventFiringWebDriver.java:182)
	at com.kms.katalon.core.webui.common.WebUiCommonHelper.findWebElements(WebUiCommonHelper.java:789)
	at com.kms.katalon.core.webui.common.WebUiCommonHelper.findWebElement(WebUiCommonHelper.java:1150)
	at com.kms.katalon.core.webui.keyword.internal.WebUIAbstractKeyword.findWebElement(WebUIAbstractKeyword.groovy:27)
	at com.kms.katalon.core.webui.keyword.internal.WebUIAbstractKeyword.findWebElement(WebUIAbstractKeyword.groovy:26)
	at com.kms.katalon.core.webui.keyword.builtin.ClickKeyword$_click_closure1.doCall(ClickKeyword.groovy:67)
	at com.kms.katalon.core.webui.keyword.builtin.ClickKeyword$_click_closure1.call(ClickKeyword.groovy)
	at com.kms.katalon.core.webui.keyword.internal.WebUIKeywordMain.runKeyword(WebUIKeywordMain.groovy:20)
	... 35 more


2020-06-05 13:47:42 - [TEST_STEP][FAILED] - click(findTestObject("Object Repository/1612893/Flagged_Post/Page_Thanh set Channel name - hcmus-cdnc-te_a699a0/button_dash_channelHeaderFlagButton")): Unable to click on object 'Object Repository/1612893/Flagged_Post/Page_Thanh set Channel name - hcmus-cdnc-te_a699a0/button_dash_channelHeaderFlagButton' (Root cause: com.kms.katalon.core.exception.StepFailedException: Unable to click on object 'Object Repository/1612893/Flagged_Post/Page_Thanh set Channel name - hcmus-cdnc-te_a699a0/button_dash_channelHeaderFlagButton'
	at com.kms.katalon.core.webui.keyword.internal.WebUIKeywordMain.stepFailed(WebUIKeywordMain.groovy:64)
	at com.kms.katalon.core.webui.keyword.internal.WebUIKeywordMain.runKeyword(WebUIKeywordMain.groovy:26)
	at com.kms.katalon.core.webui.keyword.builtin.ClickKeyword.click(ClickKeyword.groovy:76)
	at com.kms.katalon.core.webui.keyword.builtin.ClickKeyword.execute(ClickKeyword.groovy:43)
	at com.kms.katalon.core.keyword.internal.KeywordExecutor.executeKeywordForPlatform(KeywordExecutor.groovy:72)
	at com.kms.katalon.core.webui.keyword.WebUiBuiltInKeywords.click(WebUiBuiltInKeywords.groovy:616)
	at com.kms.katalon.core.webui.keyword.WebUiBuiltInKeywords$click$3.call(Unknown Source)
	at TC_Flagged_Post.run(TC_Flagged_Post:19)
	at com.kms.katalon.core.main.ScriptEngine.run(ScriptEngine.java:194)
	at com.kms.katalon.core.main.ScriptEngine.runScriptAsRawText(ScriptEngine.java:119)
	at com.kms.katalon.core.main.TestCaseExecutor.runScript(TestCaseExecutor.java:337)
	at com.kms.katalon.core.main.TestCaseExecutor.doExecute(TestCaseExecutor.java:328)
	at com.kms.katalon.core.main.TestCaseExecutor.processExecutionPhase(TestCaseExecutor.java:307)
	at com.kms.katalon.core.main.TestCaseExecutor.accessMainPhase(TestCaseExecutor.java:299)
	at com.kms.katalon.core.main.TestCaseExecutor.execute(TestCaseExecutor.java:233)
	at com.kms.katalon.core.main.TestCaseMain.runTestCase(TestCaseMain.java:114)
	at com.kms.katalon.core.keyword.builtin.CallTestCaseKeyword$_callTestCase_closure1.doCall(CallTestCaseKeyword.groovy:59)
	at com.kms.katalon.core.keyword.builtin.CallTestCaseKeyword$_callTestCase_closure1.call(CallTestCaseKeyword.groovy)
	at com.kms.katalon.core.keyword.internal.KeywordMain.runKeyword(KeywordMain.groovy:68)
	at com.kms.katalon.core.keyword.builtin.CallTestCaseKeyword.callTestCase(CallTestCaseKeyword.groovy:81)
	at com.kms.katalon.core.keyword.builtin.CallTestCaseKeyword.execute(CallTestCaseKeyword.groovy:44)
	at com.kms.katalon.core.keyword.internal.KeywordExecutor.executeKeywordForPlatform(KeywordExecutor.groovy:72)
	at com.kms.katalon.core.keyword.BuiltinKeywords.callTestCase(BuiltinKeywords.groovy:334)
	at TC_47_FlaggedPost.run(TC_47_FlaggedPost:21)
	at com.kms.katalon.core.main.ScriptEngine.run(ScriptEngine.java:194)
	at com.kms.katalon.core.main.ScriptEngine.runScriptAsRawText(ScriptEngine.java:119)
	at com.kms.katalon.core.main.TestCaseExecutor.runScript(TestCaseExecutor.java:337)
	at com.kms.katalon.core.main.TestCaseExecutor.doExecute(TestCaseExecutor.java:328)
	at com.kms.katalon.core.main.TestCaseExecutor.processExecutionPhase(TestCaseExecutor.java:307)
	at com.kms.katalon.core.main.TestCaseExecutor.accessMainPhase(TestCaseExecutor.java:299)
	at com.kms.katalon.core.main.TestCaseExecutor.execute(TestCaseExecutor.java:233)
	at com.kms.katalon.core.main.TestSuiteExecutor.accessTestCaseMainPhase(TestSuiteExecutor.java:169)
	at com.kms.katalon.core.main.TestSuiteExecutor.accessTestSuiteMainPhase(TestSuiteExecutor.java:142)
	at com.kms.katalon.core.main.TestSuiteExecutor.execute(TestSuiteExecutor.java:91)
	at com.kms.katalon.core.main.TestCaseMain.startTestSuite(TestCaseMain.java:157)
	at com.kms.katalon.core.main.TestCaseMain$startTestSuite$0.call(Unknown Source)
	at TempTestSuite1591337386301.run(TempTestSuite1591337386301.groovy:37)
Caused by: org.openqa.selenium.NoSuchWindowException: no such window: target window already closed
from unknown error: web view not found
  (Session info: chrome=83.0.4103.97)
Build info: version: '3.141.59', revision: 'e82be7d358', time: '2018-11-14T08:25:53'
System info: host: 'DESKTOP-SGC4F2H', ip: '172.25.32.1', os.name: 'Windows 10', os.arch: 'amd64', os.version: '10.0', java.version: '1.8.0_181'
Driver info: com.kms.katalon.selenium.driver.CChromeDriver
Capabilities {acceptInsecureCerts: false, browserName: chrome, browserVersion: 83.0.4103.97, chrome: {chromedriverVersion: 83.0.4103.39 (ccbf011cb2d2b..., userDataDir: C:\Users\Thanh\AppData\Loca...}, goog:chromeOptions: {debuggerAddress: localhost:49155}, javascriptEnabled: true, networkConnectionEnabled: false, pageLoadStrategy: normal, platform: WINDOWS, platformName: WINDOWS, proxy: Proxy(), setWindowRect: true, strictFileInteractability: false, timeouts: {implicit: 0, pageLoad: 300000, script: 30000}, unhandledPromptBehavior: dismiss and notify, webauthn:virtualAuthenticators: true}
Session ID: 571024c53c2058f1711124d329bcf4ed
*** Element info: {Using=xpath, value=//button[@id='channelHeaderFlagButton']}
	at org.openqa.selenium.remote.http.W3CHttpResponseCodec.createException(W3CHttpResponseCodec.java:187)
	at org.openqa.selenium.remote.http.W3CHttpResponseCodec.decode(W3CHttpResponseCodec.java:122)
	at org.openqa.selenium.remote.http.W3CHttpResponseCodec.decode(W3CHttpResponseCodec.java:49)
	at org.openqa.selenium.remote.HttpCommandExecutor.execute(HttpCommandExecutor.java:158)
	at org.openqa.selenium.remote.service.DriverCommandExecutor.execute(DriverCommandExecutor.java:83)
	at org.openqa.selenium.remote.RemoteWebDriver.execute(RemoteWebDriver.java:552)
	at com.kms.katalon.selenium.driver.CChromeDriver.execute(CChromeDriver.java:19)
	at org.openqa.selenium.remote.RemoteWebDriver.findElements(RemoteWebDriver.java:353)
	at org.openqa.selenium.remote.RemoteWebDriver.findElementsByXPath(RemoteWebDriver.java:432)
	at org.openqa.selenium.By$ByXPath.findElements(By.java:348)
	at org.openqa.selenium.remote.RemoteWebDriver.findElements(RemoteWebDriver.java:311)
	at org.openqa.selenium.support.events.EventFiringWebDriver.lambda$new$1(EventFiringWebDriver.java:105)
	at com.sun.proxy.$Proxy8.findElements(Unknown Source)
	at org.openqa.selenium.support.events.EventFiringWebDriver.findElements(EventFiringWebDriver.java:182)
	at com.kms.katalon.core.webui.common.WebUiCommonHelper.findWebElements(WebUiCommonHelper.java:789)
	at com.kms.katalon.core.webui.common.WebUiCommonHelper.findWebElement(WebUiCommonHelper.java:1150)
	at com.kms.katalon.core.webui.keyword.internal.WebUIAbstractKeyword.findWebElement(WebUIAbstractKeyword.groovy:27)
	at com.kms.katalon.core.webui.keyword.internal.WebUIAbstractKeyword.findWebElement(WebUIAbstractKeyword.groovy:26)
	at com.kms.katalon.core.webui.keyword.builtin.ClickKeyword$_click_closure1.doCall(ClickKeyword.groovy:67)
	at com.kms.katalon.core.webui.keyword.builtin.ClickKeyword$_click_closure1.call(ClickKeyword.groovy)
	at com.kms.katalon.core.webui.keyword.internal.WebUIKeywordMain.runKeyword(WebUIKeywordMain.groovy:20)
	at com.kms.katalon.core.webui.keyword.builtin.ClickKeyword.click(ClickKeyword.groovy:76)
	at com.kms.katalon.core.webui.keyword.builtin.ClickKeyword.execute(ClickKeyword.groovy:43)
	at com.kms.katalon.core.keyword.internal.KeywordExecutor.executeKeywordForPlatform(KeywordExecutor.groovy:72)
	at com.kms.katalon.core.webui.keyword.WebUiBuiltInKeywords.click(WebUiBuiltInKeywords.groovy:616)
	at com.kms.katalon.core.webui.keyword.WebUiBuiltInKeywords$click$3.call(Unknown Source)
	at Script1591272185624.run(Script1591272185624.groovy:19)
	at com.kms.katalon.core.main.ScriptEngine.run(ScriptEngine.java:194)
	at com.kms.katalon.core.main.ScriptEngine.runScriptAsRawText(ScriptEngine.java:119)
	at com.kms.katalon.core.main.TestCaseExecutor.runScript(TestCaseExecutor.java:337)
	at com.kms.katalon.core.main.TestCaseExecutor.doExecute(TestCaseExecutor.java:328)
	at com.kms.katalon.core.main.TestCaseExecutor.processExecutionPhase(TestCaseExecutor.java:307)
	at com.kms.katalon.core.main.TestCaseExecutor.accessMainPhase(TestCaseExecutor.java:299)
	at com.kms.katalon.core.main.TestCaseExecutor.execute(TestCaseExecutor.java:233)
	at com.kms.katalon.core.main.TestCaseMain.runTestCase(TestCaseMain.java:114)
	at com.kms.katalon.core.keyword.builtin.CallTestCaseKeyword$_callTestCase_closure1.doCall(CallTestCaseKeyword.groovy:59)
	at com.kms.katalon.core.keyword.builtin.CallTestCaseKeyword$_callTestCase_closure1.call(CallTestCaseKeyword.groovy)
	at com.kms.katalon.core.keyword.internal.KeywordMain.runKeyword(KeywordMain.groovy:68)
	at com.kms.katalon.core.keyword.builtin.CallTestCaseKeyword.callTestCase(CallTestCaseKeyword.groovy:81)
	at com.kms.katalon.core.keyword.builtin.CallTestCaseKeyword.execute(CallTestCaseKeyword.groovy:44)
	at com.kms.katalon.core.keyword.internal.KeywordExecutor.executeKeywordForPlatform(KeywordExecutor.groovy:72)
	at com.kms.katalon.core.keyword.BuiltinKeywords.callTestCase(BuiltinKeywords.groovy:334)
	at Script1591272207331.run(Script1591272207331.groovy:21)
	... 13 more
)

2020-06-05 13:47:45 - [MESSAGE][WARNING] - Cannot take screenshot

2020-06-05 13:47:45 - [MESSAGE][FAILED] - Unable to click on object 'Object Repository/1612893/Flagged_Post/Page_Thanh set Channel name - hcmus-cdnc-te_a699a0/button_dash_channelHeaderFlagButton' (Root cause: com.kms.katalon.core.exception.StepFailedException: Unable to click on object 'Object Repository/1612893/Flagged_Post/Page_Thanh set Channel name - hcmus-cdnc-te_a699a0/button_dash_channelHeaderFlagButton'
	at com.kms.katalon.core.webui.keyword.internal.WebUIKeywordMain.stepFailed(WebUIKeywordMain.groovy:64)
	at com.kms.katalon.core.webui.keyword.internal.WebUIKeywordMain.runKeyword(WebUIKeywordMain.groovy:26)
	at com.kms.katalon.core.webui.keyword.builtin.ClickKeyword.click(ClickKeyword.groovy:76)
	at com.kms.katalon.core.webui.keyword.builtin.ClickKeyword.execute(ClickKeyword.groovy:43)
	at com.kms.katalon.core.keyword.internal.KeywordExecutor.executeKeywordForPlatform(KeywordExecutor.groovy:72)
	at com.kms.katalon.core.webui.keyword.WebUiBuiltInKeywords.click(WebUiBuiltInKeywords.groovy:616)
	at com.kms.katalon.core.webui.keyword.WebUiBuiltInKeywords$click$3.call(Unknown Source)
	at TC_Flagged_Post.run(TC_Flagged_Post:19)
	at com.kms.katalon.core.main.ScriptEngine.run(ScriptEngine.java:194)
	at com.kms.katalon.core.main.ScriptEngine.runScriptAsRawText(ScriptEngine.java:119)
	at com.kms.katalon.core.main.TestCaseExecutor.runScript(TestCaseExecutor.java:337)
	at com.kms.katalon.core.main.TestCaseExecutor.doExecute(TestCaseExecutor.java:328)
	at com.kms.katalon.core.main.TestCaseExecutor.processExecutionPhase(TestCaseExecutor.java:307)
	at com.kms.katalon.core.main.TestCaseExecutor.accessMainPhase(TestCaseExecutor.java:299)
	at com.kms.katalon.core.main.TestCaseExecutor.execute(TestCaseExecutor.java:233)
	at com.kms.katalon.core.main.TestCaseMain.runTestCase(TestCaseMain.java:114)
	at com.kms.katalon.core.keyword.builtin.CallTestCaseKeyword$_callTestCase_closure1.doCall(CallTestCaseKeyword.groovy:59)
	at com.kms.katalon.core.keyword.builtin.CallTestCaseKeyword$_callTestCase_closure1.call(CallTestCaseKeyword.groovy)
	at com.kms.katalon.core.keyword.internal.KeywordMain.runKeyword(KeywordMain.groovy:68)
	at com.kms.katalon.core.keyword.builtin.CallTestCaseKeyword.callTestCase(CallTestCaseKeyword.groovy:81)
	at com.kms.katalon.core.keyword.builtin.CallTestCaseKeyword.execute(CallTestCaseKeyword.groovy:44)
	at com.kms.katalon.core.keyword.internal.KeywordExecutor.executeKeywordForPlatform(KeywordExecutor.groovy:72)
	at com.kms.katalon.core.keyword.BuiltinKeywords.callTestCase(BuiltinKeywords.groovy:334)
	at TC_47_FlaggedPost.run(TC_47_FlaggedPost:21)
	at com.kms.katalon.core.main.ScriptEngine.run(ScriptEngine.java:194)
	at com.kms.katalon.core.main.ScriptEngine.runScriptAsRawText(ScriptEngine.java:119)
	at com.kms.katalon.core.main.TestCaseExecutor.runScript(TestCaseExecutor.java:337)
	at com.kms.katalon.core.main.TestCaseExecutor.doExecute(TestCaseExecutor.java:328)
	at com.kms.katalon.core.main.TestCaseExecutor.processExecutionPhase(TestCaseExecutor.java:307)
	at com.kms.katalon.core.main.TestCaseExecutor.accessMainPhase(TestCaseExecutor.java:299)
	at com.kms.katalon.core.main.TestCaseExecutor.execute(TestCaseExecutor.java:233)
	at com.kms.katalon.core.main.TestSuiteExecutor.accessTestCaseMainPhase(TestSuiteExecutor.java:169)
	at com.kms.katalon.core.main.TestSuiteExecutor.accessTestSuiteMainPhase(TestSuiteExecutor.java:142)
	at com.kms.katalon.core.main.TestSuiteExecutor.execute(TestSuiteExecutor.java:91)
	at com.kms.katalon.core.main.TestCaseMain.startTestSuite(TestCaseMain.java:157)
	at com.kms.katalon.core.main.TestCaseMain$startTestSuite$0.call(Unknown Source)
	at TempTestSuite1591337386301.run(TempTestSuite1591337386301.groovy:37)
Caused by: org.openqa.selenium.NoSuchWindowException: no such window: target window already closed
from unknown error: web view not found
  (Session info: chrome=83.0.4103.97)
Build info: version: '3.141.59', revision: 'e82be7d358', time: '2018-11-14T08:25:53'
System info: host: 'DESKTOP-SGC4F2H', ip: '172.25.32.1', os.name: 'Windows 10', os.arch: 'amd64', os.version: '10.0', java.version: '1.8.0_181'
Driver info: com.kms.katalon.selenium.driver.CChromeDriver
Capabilities {acceptInsecureCerts: false, browserName: chrome, browserVersion: 83.0.4103.97, chrome: {chromedriverVersion: 83.0.4103.39 (ccbf011cb2d2b..., userDataDir: C:\Users\Thanh\AppData\Loca...}, goog:chromeOptions: {debuggerAddress: localhost:49155}, javascriptEnabled: true, networkConnectionEnabled: false, pageLoadStrategy: normal, platform: WINDOWS, platformName: WINDOWS, proxy: Proxy(), setWindowRect: true, strictFileInteractability: false, timeouts: {implicit: 0, pageLoad: 300000, script: 30000}, unhandledPromptBehavior: dismiss and notify, webauthn:virtualAuthenticators: true}
Session ID: 571024c53c2058f1711124d329bcf4ed
*** Element info: {Using=xpath, value=//button[@id='channelHeaderFlagButton']}
	at org.openqa.selenium.remote.http.W3CHttpResponseCodec.createException(W3CHttpResponseCodec.java:187)
	at org.openqa.selenium.remote.http.W3CHttpResponseCodec.decode(W3CHttpResponseCodec.java:122)
	at org.openqa.selenium.remote.http.W3CHttpResponseCodec.decode(W3CHttpResponseCodec.java:49)
	at org.openqa.selenium.remote.HttpCommandExecutor.execute(HttpCommandExecutor.java:158)
	at org.openqa.selenium.remote.service.DriverCommandExecutor.execute(DriverCommandExecutor.java:83)
	at org.openqa.selenium.remote.RemoteWebDriver.execute(RemoteWebDriver.java:552)
	at com.kms.katalon.selenium.driver.CChromeDriver.execute(CChromeDriver.java:19)
	at org.openqa.selenium.remote.RemoteWebDriver.findElements(RemoteWebDriver.java:353)
	at org.openqa.selenium.remote.RemoteWebDriver.findElementsByXPath(RemoteWebDriver.java:432)
	at org.openqa.selenium.By$ByXPath.findElements(By.java:348)
	at org.openqa.selenium.remote.RemoteWebDriver.findElements(RemoteWebDriver.java:311)
	at org.openqa.selenium.support.events.EventFiringWebDriver.lambda$new$1(EventFiringWebDriver.java:105)
	at com.sun.proxy.$Proxy8.findElements(Unknown Source)
	at org.openqa.selenium.support.events.EventFiringWebDriver.findElements(EventFiringWebDriver.java:182)
	at com.kms.katalon.core.webui.common.WebUiCommonHelper.findWebElements(WebUiCommonHelper.java:789)
	at com.kms.katalon.core.webui.common.WebUiCommonHelper.findWebElement(WebUiCommonHelper.java:1150)
	at com.kms.katalon.core.webui.keyword.internal.WebUIAbstractKeyword.findWebElement(WebUIAbstractKeyword.groovy:27)
	at com.kms.katalon.core.webui.keyword.internal.WebUIAbstractKeyword.findWebElement(WebUIAbstractKeyword.groovy:26)
	at com.kms.katalon.core.webui.keyword.builtin.ClickKeyword$_click_closure1.doCall(ClickKeyword.groovy:67)
	at com.kms.katalon.core.webui.keyword.builtin.ClickKeyword$_click_closure1.call(ClickKeyword.groovy)
	at com.kms.katalon.core.webui.keyword.internal.WebUIKeywordMain.runKeyword(WebUIKeywordMain.groovy:20)
	at com.kms.katalon.core.webui.keyword.builtin.ClickKeyword.click(ClickKeyword.groovy:76)
	at com.kms.katalon.core.webui.keyword.builtin.ClickKeyword.execute(ClickKeyword.groovy:43)
	at com.kms.katalon.core.keyword.internal.KeywordExecutor.executeKeywordForPlatform(KeywordExecutor.groovy:72)
	at com.kms.katalon.core.webui.keyword.WebUiBuiltInKeywords.click(WebUiBuiltInKeywords.groovy:616)
	at com.kms.katalon.core.webui.keyword.WebUiBuiltInKeywords$click$3.call(Unknown Source)
	at Script1591272185624.run(Script1591272185624.groovy:19)
	at com.kms.katalon.core.main.ScriptEngine.run(ScriptEngine.java:194)
	at com.kms.katalon.core.main.ScriptEngine.runScriptAsRawText(ScriptEngine.java:119)
	at com.kms.katalon.core.main.TestCaseExecutor.runScript(TestCaseExecutor.java:337)
	at com.kms.katalon.core.main.TestCaseExecutor.doExecute(TestCaseExecutor.java:328)
	at com.kms.katalon.core.main.TestCaseExecutor.processExecutionPhase(TestCaseExecutor.java:307)
	at com.kms.katalon.core.main.TestCaseExecutor.accessMainPhase(TestCaseExecutor.java:299)
	at com.kms.katalon.core.main.TestCaseExecutor.execute(TestCaseExecutor.java:233)
	at com.kms.katalon.core.main.TestCaseMain.runTestCase(TestCaseMain.java:114)
	at com.kms.katalon.core.keyword.builtin.CallTestCaseKeyword$_callTestCase_closure1.doCall(CallTestCaseKeyword.groovy:59)
	at com.kms.katalon.core.keyword.builtin.CallTestCaseKeyword$_callTestCase_closure1.call(CallTestCaseKeyword.groovy)
	at com.kms.katalon.core.keyword.internal.KeywordMain.runKeyword(KeywordMain.groovy:68)
	at com.kms.katalon.core.keyword.builtin.CallTestCaseKeyword.callTestCase(CallTestCaseKeyword.groovy:81)
	at com.kms.katalon.core.keyword.builtin.CallTestCaseKeyword.execute(CallTestCaseKeyword.groovy:44)
	at com.kms.katalon.core.keyword.internal.KeywordExecutor.executeKeywordForPlatform(KeywordExecutor.groovy:72)
	at com.kms.katalon.core.keyword.BuiltinKeywords.callTestCase(BuiltinKeywords.groovy:334)
	at Script1591272207331.run(Script1591272207331.groovy:21)
	... 13 more
)

2020-06-05 13:47:45 - [MESSAGE][FAILED] - Unable to call Test Case 'Test Cases/1612893/TC_Flagged_Post' (Root cause: com.kms.katalon.core.exception.StepFailedException: Call Test Case 'Test Cases/1612893/TC_Flagged_Post' failed
	at com.kms.katalon.core.keyword.builtin.CallTestCaseKeyword$_callTestCase_closure1.doCall(CallTestCaseKeyword.groovy:63)
	at com.kms.katalon.core.keyword.builtin.CallTestCaseKeyword$_callTestCase_closure1.call(CallTestCaseKeyword.groovy)
	at com.kms.katalon.core.keyword.internal.KeywordMain.runKeyword(KeywordMain.groovy:68)
	at com.kms.katalon.core.keyword.builtin.CallTestCaseKeyword.callTestCase(CallTestCaseKeyword.groovy:81)
	at com.kms.katalon.core.keyword.builtin.CallTestCaseKeyword.execute(CallTestCaseKeyword.groovy:44)
	at com.kms.katalon.core.keyword.internal.KeywordExecutor.executeKeywordForPlatform(KeywordExecutor.groovy:72)
	at com.kms.katalon.core.keyword.BuiltinKeywords.callTestCase(BuiltinKeywords.groovy:334)
	at TC_47_FlaggedPost.run(TC_47_FlaggedPost:21)
	at com.kms.katalon.core.main.ScriptEngine.run(ScriptEngine.java:194)
	at com.kms.katalon.core.main.ScriptEngine.runScriptAsRawText(ScriptEngine.java:119)
	at com.kms.katalon.core.main.TestCaseExecutor.runScript(TestCaseExecutor.java:337)
	at com.kms.katalon.core.main.TestCaseExecutor.doExecute(TestCaseExecutor.java:328)
	at com.kms.katalon.core.main.TestCaseExecutor.processExecutionPhase(TestCaseExecutor.java:307)
	at com.kms.katalon.core.main.TestCaseExecutor.accessMainPhase(TestCaseExecutor.java:299)
	at com.kms.katalon.core.main.TestCaseExecutor.execute(TestCaseExecutor.java:233)
	at com.kms.katalon.core.main.TestSuiteExecutor.accessTestCaseMainPhase(TestSuiteExecutor.java:169)
	at com.kms.katalon.core.main.TestSuiteExecutor.accessTestSuiteMainPhase(TestSuiteExecutor.java:142)
	at com.kms.katalon.core.main.TestSuiteExecutor.execute(TestSuiteExecutor.java:91)
	at com.kms.katalon.core.main.TestCaseMain.startTestSuite(TestCaseMain.java:157)
	at com.kms.katalon.core.main.TestCaseMain$startTestSuite$0.call(Unknown Source)
	at TempTestSuite1591337386301.run(TempTestSuite1591337386301.groovy:37)
Caused by: com.kms.katalon.core.exception.StepFailedException: Unable to click on object 'Object Repository/1612893/Flagged_Post/Page_Thanh set Channel name - hcmus-cdnc-te_a699a0/button_dash_channelHeaderFlagButton'
	at com.kms.katalon.core.webui.keyword.internal.WebUIKeywordMain.stepFailed(WebUIKeywordMain.groovy:64)
	at com.kms.katalon.core.webui.keyword.internal.WebUIKeywordMain.runKeyword(WebUIKeywordMain.groovy:26)
	at com.kms.katalon.core.webui.keyword.builtin.ClickKeyword.click(ClickKeyword.groovy:76)
	at com.kms.katalon.core.webui.keyword.builtin.ClickKeyword.execute(ClickKeyword.groovy:43)
	at com.kms.katalon.core.keyword.internal.KeywordExecutor.executeKeywordForPlatform(KeywordExecutor.groovy:72)
	at com.kms.katalon.core.webui.keyword.WebUiBuiltInKeywords.click(WebUiBuiltInKeywords.groovy:616)
	at com.kms.katalon.core.webui.keyword.WebUiBuiltInKeywords$click$3.call(Unknown Source)
	at TC_Flagged_Post.run(TC_Flagged_Post:19)
	at com.kms.katalon.core.main.ScriptEngine.run(ScriptEngine.java:194)
	at com.kms.katalon.core.main.ScriptEngine.runScriptAsRawText(ScriptEngine.java:119)
	at com.kms.katalon.core.main.TestCaseExecutor.runScript(TestCaseExecutor.java:337)
	at com.kms.katalon.core.main.TestCaseExecutor.doExecute(TestCaseExecutor.java:328)
	at com.kms.katalon.core.main.TestCaseExecutor.processExecutionPhase(TestCaseExecutor.java:307)
	at com.kms.katalon.core.main.TestCaseExecutor.accessMainPhase(TestCaseExecutor.java:299)
	at com.kms.katalon.core.main.TestCaseExecutor.execute(TestCaseExecutor.java:233)
	at com.kms.katalon.core.main.TestCaseMain.runTestCase(TestCaseMain.java:114)
	at com.kms.katalon.core.keyword.builtin.CallTestCaseKeyword$_callTestCase_closure1.doCall(CallTestCaseKeyword.groovy:59)
	... 20 more
Caused by: org.openqa.selenium.NoSuchWindowException: no such window: target window already closed
from unknown error: web view not found
  (Session info: chrome=83.0.4103.97)
Build info: version: '3.141.59', revision: 'e82be7d358', time: '2018-11-14T08:25:53'
System info: host: 'DESKTOP-SGC4F2H', ip: '172.25.32.1', os.name: 'Windows 10', os.arch: 'amd64', os.version: '10.0', java.version: '1.8.0_181'
Driver info: com.kms.katalon.selenium.driver.CChromeDriver
Capabilities {acceptInsecureCerts: false, browserName: chrome, browserVersion: 83.0.4103.97, chrome: {chromedriverVersion: 83.0.4103.39 (ccbf011cb2d2b..., userDataDir: C:\Users\Thanh\AppData\Loca...}, goog:chromeOptions: {debuggerAddress: localhost:49155}, javascriptEnabled: true, networkConnectionEnabled: false, pageLoadStrategy: normal, platform: WINDOWS, platformName: WINDOWS, proxy: Proxy(), setWindowRect: true, strictFileInteractability: false, timeouts: {implicit: 0, pageLoad: 300000, script: 30000}, unhandledPromptBehavior: dismiss and notify, webauthn:virtualAuthenticators: true}
Session ID: 571024c53c2058f1711124d329bcf4ed
*** Element info: {Using=xpath, value=//button[@id='channelHeaderFlagButton']}
	at org.openqa.selenium.remote.http.W3CHttpResponseCodec.createException(W3CHttpResponseCodec.java:187)
	at org.openqa.selenium.remote.http.W3CHttpResponseCodec.decode(W3CHttpResponseCodec.java:122)
	at org.openqa.selenium.remote.http.W3CHttpResponseCodec.decode(W3CHttpResponseCodec.java:49)
	at org.openqa.selenium.remote.HttpCommandExecutor.execute(HttpCommandExecutor.java:158)
	at org.openqa.selenium.remote.service.DriverCommandExecutor.execute(DriverCommandExecutor.java:83)
	at org.openqa.selenium.remote.RemoteWebDriver.execute(RemoteWebDriver.java:552)
	at com.kms.katalon.selenium.driver.CChromeDriver.execute(CChromeDriver.java:19)
	at org.openqa.selenium.remote.RemoteWebDriver.findElements(RemoteWebDriver.java:353)
	at org.openqa.selenium.remote.RemoteWebDriver.findElementsByXPath(RemoteWebDriver.java:432)
	at org.openqa.selenium.By$ByXPath.findElements(By.java:348)
	at org.openqa.selenium.remote.RemoteWebDriver.findElements(RemoteWebDriver.java:311)
	at org.openqa.selenium.support.events.EventFiringWebDriver.lambda$new$1(EventFiringWebDriver.java:105)
	at com.sun.proxy.$Proxy8.findElements(Unknown Source)
	at org.openqa.selenium.support.events.EventFiringWebDriver.findElements(EventFiringWebDriver.java:182)
	at com.kms.katalon.core.webui.common.WebUiCommonHelper.findWebElements(WebUiCommonHelper.java:789)
	at com.kms.katalon.core.webui.common.WebUiCommonHelper.findWebElement(WebUiCommonHelper.java:1150)
	at com.kms.katalon.core.webui.keyword.internal.WebUIAbstractKeyword.findWebElement(WebUIAbstractKeyword.groovy:27)
	at com.kms.katalon.core.webui.keyword.internal.WebUIAbstractKeyword.findWebElement(WebUIAbstractKeyword.groovy:26)
	at com.kms.katalon.core.webui.keyword.builtin.ClickKeyword$_click_closure1.doCall(ClickKeyword.groovy:67)
	at com.kms.katalon.core.webui.keyword.builtin.ClickKeyword$_click_closure1.call(ClickKeyword.groovy)
	at com.kms.katalon.core.webui.keyword.internal.WebUIKeywordMain.runKeyword(WebUIKeywordMain.groovy:20)
	... 35 more
)]]></system-out>
         <system-err><![CDATA[2020-06-05 13:47:32 - [TEST_CASE][FAILED] - Test Cases/1612893/TC_47_FlaggedPost: Test Cases/1612893/TC_47_FlaggedPost FAILED.
Reason:
com.kms.katalon.core.exception.StepFailedException: Call Test Case 'Test Cases/1612893/TC_Flagged_Post' failed
	at com.kms.katalon.core.keyword.builtin.CallTestCaseKeyword$_callTestCase_closure1.doCall(CallTestCaseKeyword.groovy:63)
	at com.kms.katalon.core.keyword.builtin.CallTestCaseKeyword$_callTestCase_closure1.call(CallTestCaseKeyword.groovy)
	at com.kms.katalon.core.keyword.internal.KeywordMain.runKeyword(KeywordMain.groovy:68)
	at com.kms.katalon.core.keyword.builtin.CallTestCaseKeyword.callTestCase(CallTestCaseKeyword.groovy:81)
	at com.kms.katalon.core.keyword.builtin.CallTestCaseKeyword.execute(CallTestCaseKeyword.groovy:44)
	at com.kms.katalon.core.keyword.internal.KeywordExecutor.executeKeywordForPlatform(KeywordExecutor.groovy:72)
	at com.kms.katalon.core.keyword.BuiltinKeywords.callTestCase(BuiltinKeywords.groovy:334)
	at TC_47_FlaggedPost.run(TC_47_FlaggedPost:21)
	at com.kms.katalon.core.main.ScriptEngine.run(ScriptEngine.java:194)
	at com.kms.katalon.core.main.ScriptEngine.runScriptAsRawText(ScriptEngine.java:119)
	at com.kms.katalon.core.main.TestCaseExecutor.runScript(TestCaseExecutor.java:337)
	at com.kms.katalon.core.main.TestCaseExecutor.doExecute(TestCaseExecutor.java:328)
	at com.kms.katalon.core.main.TestCaseExecutor.processExecutionPhase(TestCaseExecutor.java:307)
	at com.kms.katalon.core.main.TestCaseExecutor.accessMainPhase(TestCaseExecutor.java:299)
	at com.kms.katalon.core.main.TestCaseExecutor.execute(TestCaseExecutor.java:233)
	at com.kms.katalon.core.main.TestSuiteExecutor.accessTestCaseMainPhase(TestSuiteExecutor.java:169)
	at com.kms.katalon.core.main.TestSuiteExecutor.accessTestSuiteMainPhase(TestSuiteExecutor.java:142)
	at com.kms.katalon.core.main.TestSuiteExecutor.execute(TestSuiteExecutor.java:91)
	at com.kms.katalon.core.main.TestCaseMain.startTestSuite(TestCaseMain.java:157)
	at com.kms.katalon.core.main.TestCaseMain$startTestSuite$0.call(Unknown Source)
	at TempTestSuite1591337386301.run(TempTestSuite1591337386301.groovy:37)
Caused by: com.kms.katalon.core.exception.StepFailedException: Unable to click on object 'Object Repository/1612893/Flagged_Post/Page_Thanh set Channel name - hcmus-cdnc-te_a699a0/button_dash_channelHeaderFlagButton'
	at com.kms.katalon.core.webui.keyword.internal.WebUIKeywordMain.stepFailed(WebUIKeywordMain.groovy:64)
	at com.kms.katalon.core.webui.keyword.internal.WebUIKeywordMain.runKeyword(WebUIKeywordMain.groovy:26)
	at com.kms.katalon.core.webui.keyword.builtin.ClickKeyword.click(ClickKeyword.groovy:76)
	at com.kms.katalon.core.webui.keyword.builtin.ClickKeyword.execute(ClickKeyword.groovy:43)
	at com.kms.katalon.core.keyword.internal.KeywordExecutor.executeKeywordForPlatform(KeywordExecutor.groovy:72)
	at com.kms.katalon.core.webui.keyword.WebUiBuiltInKeywords.click(WebUiBuiltInKeywords.groovy:616)
	at com.kms.katalon.core.webui.keyword.WebUiBuiltInKeywords$click$3.call(Unknown Source)
	at TC_Flagged_Post.run(TC_Flagged_Post:19)
	at com.kms.katalon.core.main.ScriptEngine.run(ScriptEngine.java:194)
	at com.kms.katalon.core.main.ScriptEngine.runScriptAsRawText(ScriptEngine.java:119)
	at com.kms.katalon.core.main.TestCaseExecutor.runScript(TestCaseExecutor.java:337)
	at com.kms.katalon.core.main.TestCaseExecutor.doExecute(TestCaseExecutor.java:328)
	at com.kms.katalon.core.main.TestCaseExecutor.processExecutionPhase(TestCaseExecutor.java:307)
	at com.kms.katalon.core.main.TestCaseExecutor.accessMainPhase(TestCaseExecutor.java:299)
	at com.kms.katalon.core.main.TestCaseExecutor.execute(TestCaseExecutor.java:233)
	at com.kms.katalon.core.main.TestCaseMain.runTestCase(TestCaseMain.java:114)
	at com.kms.katalon.core.keyword.builtin.CallTestCaseKeyword$_callTestCase_closure1.doCall(CallTestCaseKeyword.groovy:59)
	... 20 more
Caused by: org.openqa.selenium.NoSuchWindowException: no such window: target window already closed
from unknown error: web view not found
  (Session info: chrome=83.0.4103.97)
Build info: version: '3.141.59', revision: 'e82be7d358', time: '2018-11-14T08:25:53'
System info: host: 'DESKTOP-SGC4F2H', ip: '172.25.32.1', os.name: 'Windows 10', os.arch: 'amd64', os.version: '10.0', java.version: '1.8.0_181'
Driver info: com.kms.katalon.selenium.driver.CChromeDriver
Capabilities {acceptInsecureCerts: false, browserName: chrome, browserVersion: 83.0.4103.97, chrome: {chromedriverVersion: 83.0.4103.39 (ccbf011cb2d2b..., userDataDir: C:\Users\Thanh\AppData\Loca...}, goog:chromeOptions: {debuggerAddress: localhost:49155}, javascriptEnabled: true, networkConnectionEnabled: false, pageLoadStrategy: normal, platform: WINDOWS, platformName: WINDOWS, proxy: Proxy(), setWindowRect: true, strictFileInteractability: false, timeouts: {implicit: 0, pageLoad: 300000, script: 30000}, unhandledPromptBehavior: dismiss and notify, webauthn:virtualAuthenticators: true}
Session ID: 571024c53c2058f1711124d329bcf4ed
*** Element info: {Using=xpath, value=//button[@id='channelHeaderFlagButton']}
	at org.openqa.selenium.remote.http.W3CHttpResponseCodec.createException(W3CHttpResponseCodec.java:187)
	at org.openqa.selenium.remote.http.W3CHttpResponseCodec.decode(W3CHttpResponseCodec.java:122)
	at org.openqa.selenium.remote.http.W3CHttpResponseCodec.decode(W3CHttpResponseCodec.java:49)
	at org.openqa.selenium.remote.HttpCommandExecutor.execute(HttpCommandExecutor.java:158)
	at org.openqa.selenium.remote.service.DriverCommandExecutor.execute(DriverCommandExecutor.java:83)
	at org.openqa.selenium.remote.RemoteWebDriver.execute(RemoteWebDriver.java:552)
	at com.kms.katalon.selenium.driver.CChromeDriver.execute(CChromeDriver.java:19)
	at org.openqa.selenium.remote.RemoteWebDriver.findElements(RemoteWebDriver.java:353)
	at org.openqa.selenium.remote.RemoteWebDriver.findElementsByXPath(RemoteWebDriver.java:432)
	at org.openqa.selenium.By$ByXPath.findElements(By.java:348)
	at org.openqa.selenium.remote.RemoteWebDriver.findElements(RemoteWebDriver.java:311)
	at org.openqa.selenium.support.events.EventFiringWebDriver.lambda$new$1(EventFiringWebDriver.java:105)
	at com.sun.proxy.$Proxy8.findElements(Unknown Source)
	at org.openqa.selenium.support.events.EventFiringWebDriver.findElements(EventFiringWebDriver.java:182)
	at com.kms.katalon.core.webui.common.WebUiCommonHelper.findWebElements(WebUiCommonHelper.java:789)
	at com.kms.katalon.core.webui.common.WebUiCommonHelper.findWebElement(WebUiCommonHelper.java:1150)
	at com.kms.katalon.core.webui.keyword.internal.WebUIAbstractKeyword.findWebElement(WebUIAbstractKeyword.groovy:27)
	at com.kms.katalon.core.webui.keyword.internal.WebUIAbstractKeyword.findWebElement(WebUIAbstractKeyword.groovy:26)
	at com.kms.katalon.core.webui.keyword.builtin.ClickKeyword$_click_closure1.doCall(ClickKeyword.groovy:67)
	at com.kms.katalon.core.webui.keyword.builtin.ClickKeyword$_click_closure1.call(ClickKeyword.groovy)
	at com.kms.katalon.core.webui.keyword.internal.WebUIKeywordMain.runKeyword(WebUIKeywordMain.groovy:20)
	... 35 more]]></system-err>
      </testcase>
      <testcase name="Test Cases/1612893/TC_48_ViewInfo" time="13.025" classname="Test Cases/1612893/TC_48_ViewInfo" status="FAILED">
         <failure type="FAILED" message="Test Cases/1612893/TC_48_ViewInfo FAILED.
Reason:
com.kms.katalon.core.exception.StepFailedException: Call Test Case 'Test Cases/1612893/TC_ViewInfo' failed
	at com.kms.katalon.core.keyword.builtin.CallTestCaseKeyword$_callTestCase_closure1.doCall(CallTestCaseKeyword.groovy:63)
	at com.kms.katalon.core.keyword.builtin.CallTestCaseKeyword$_callTestCase_closure1.call(CallTestCaseKeyword.groovy)
	at com.kms.katalon.core.keyword.internal.KeywordMain.runKeyword(KeywordMain.groovy:68)
	at com.kms.katalon.core.keyword.builtin.CallTestCaseKeyword.callTestCase(CallTestCaseKeyword.groovy:81)
	at com.kms.katalon.core.keyword.builtin.CallTestCaseKeyword.execute(CallTestCaseKeyword.groovy:44)
	at com.kms.katalon.core.keyword.internal.KeywordExecutor.executeKeywordForPlatform(KeywordExecutor.groovy:72)
	at com.kms.katalon.core.keyword.BuiltinKeywords.callTestCase(BuiltinKeywords.groovy:334)
	at TC_48_ViewInfo.run(TC_48_ViewInfo:21)
	at com.kms.katalon.core.main.ScriptEngine.run(ScriptEngine.java:194)
	at com.kms.katalon.core.main.ScriptEngine.runScriptAsRawText(ScriptEngine.java:119)
	at com.kms.katalon.core.main.TestCaseExecutor.runScript(TestCaseExecutor.java:337)
	at com.kms.katalon.core.main.TestCaseExecutor.doExecute(TestCaseExecutor.java:328)
	at com.kms.katalon.core.main.TestCaseExecutor.processExecutionPhase(TestCaseExecutor.java:307)
	at com.kms.katalon.core.main.TestCaseExecutor.accessMainPhase(TestCaseExecutor.java:299)
	at com.kms.katalon.core.main.TestCaseExecutor.execute(TestCaseExecutor.java:233)
	at com.kms.katalon.core.main.TestSuiteExecutor.accessTestCaseMainPhase(TestSuiteExecutor.java:169)
	at com.kms.katalon.core.main.TestSuiteExecutor.accessTestSuiteMainPhase(TestSuiteExecutor.java:142)
	at com.kms.katalon.core.main.TestSuiteExecutor.execute(TestSuiteExecutor.java:91)
	at com.kms.katalon.core.main.TestCaseMain.startTestSuite(TestCaseMain.java:157)
	at com.kms.katalon.core.main.TestCaseMain$startTestSuite$0.call(Unknown Source)
	at TempTestSuite1591337386301.run(TempTestSuite1591337386301.groovy:37)
Caused by: com.kms.katalon.core.exception.StepFailedException: Unable to click on object 'Object Repository/1612893/ViewInfo/Page_Thanh set Channel name - hcmus-cdnc-te_a699a0/span_'
	at com.kms.katalon.core.webui.keyword.internal.WebUIKeywordMain.stepFailed(WebUIKeywordMain.groovy:64)
	at com.kms.katalon.core.webui.keyword.internal.WebUIKeywordMain.runKeyword(WebUIKeywordMain.groovy:26)
	at com.kms.katalon.core.webui.keyword.builtin.ClickKeyword.click(ClickKeyword.groovy:76)
	at com.kms.katalon.core.webui.keyword.builtin.ClickKeyword.execute(ClickKeyword.groovy:43)
	at com.kms.katalon.core.keyword.internal.KeywordExecutor.executeKeywordForPlatform(KeywordExecutor.groovy:72)
	at com.kms.katalon.core.webui.keyword.WebUiBuiltInKeywords.click(WebUiBuiltInKeywords.groovy:616)
	at com.kms.katalon.core.webui.keyword.WebUiBuiltInKeywords$click$3.call(Unknown Source)
	at TC_ViewInfo.run(TC_ViewInfo:23)
	at com.kms.katalon.core.main.ScriptEngine.run(ScriptEngine.java:194)
	at com.kms.katalon.core.main.ScriptEngine.runScriptAsRawText(ScriptEngine.java:119)
	at com.kms.katalon.core.main.TestCaseExecutor.runScript(TestCaseExecutor.java:337)
	at com.kms.katalon.core.main.TestCaseExecutor.doExecute(TestCaseExecutor.java:328)
	at com.kms.katalon.core.main.TestCaseExecutor.processExecutionPhase(TestCaseExecutor.java:307)
	at com.kms.katalon.core.main.TestCaseExecutor.accessMainPhase(TestCaseExecutor.java:299)
	at com.kms.katalon.core.main.TestCaseExecutor.execute(TestCaseExecutor.java:233)
	at com.kms.katalon.core.main.TestCaseMain.runTestCase(TestCaseMain.java:114)
	at com.kms.katalon.core.keyword.builtin.CallTestCaseKeyword$_callTestCase_closure1.doCall(CallTestCaseKeyword.groovy:59)
	... 20 more
Caused by: org.openqa.selenium.NoSuchWindowException: no such window: target window already closed
from unknown error: web view not found
  (Session info: chrome=83.0.4103.97)
Build info: version: '3.141.59', revision: 'e82be7d358', time: '2018-11-14T08:25:53'
System info: host: 'DESKTOP-SGC4F2H', ip: '172.25.32.1', os.name: 'Windows 10', os.arch: 'amd64', os.version: '10.0', java.version: '1.8.0_181'
Driver info: com.kms.katalon.selenium.driver.CChromeDriver
Capabilities {acceptInsecureCerts: false, browserName: chrome, browserVersion: 83.0.4103.97, chrome: {chromedriverVersion: 83.0.4103.39 (ccbf011cb2d2b..., userDataDir: C:\Users\Thanh\AppData\Loca...}, goog:chromeOptions: {debuggerAddress: localhost:49180}, javascriptEnabled: true, networkConnectionEnabled: false, pageLoadStrategy: normal, platform: WINDOWS, platformName: WINDOWS, proxy: Proxy(), setWindowRect: true, strictFileInteractability: false, timeouts: {implicit: 0, pageLoad: 300000, script: 30000}, unhandledPromptBehavior: dismiss and notify, webauthn:virtualAuthenticators: true}
Session ID: 5d626a46a20f9eebcb7ce8e84d180ed2
*** Element info: {Using=xpath, value=(.//*[normalize-space(text()) and normalize-space(.)='Help'])[1]/following::span[2]}
	at org.openqa.selenium.remote.http.W3CHttpResponseCodec.createException(W3CHttpResponseCodec.java:187)
	at org.openqa.selenium.remote.http.W3CHttpResponseCodec.decode(W3CHttpResponseCodec.java:122)
	at org.openqa.selenium.remote.http.W3CHttpResponseCodec.decode(W3CHttpResponseCodec.java:49)
	at org.openqa.selenium.remote.HttpCommandExecutor.execute(HttpCommandExecutor.java:158)
	at org.openqa.selenium.remote.service.DriverCommandExecutor.execute(DriverCommandExecutor.java:83)
	at org.openqa.selenium.remote.RemoteWebDriver.execute(RemoteWebDriver.java:552)
	at com.kms.katalon.selenium.driver.CChromeDriver.execute(CChromeDriver.java:19)
	at org.openqa.selenium.remote.RemoteWebDriver.findElements(RemoteWebDriver.java:353)
	at org.openqa.selenium.remote.RemoteWebDriver.findElementsByXPath(RemoteWebDriver.java:432)
	at org.openqa.selenium.By$ByXPath.findElements(By.java:348)
	at org.openqa.selenium.remote.RemoteWebDriver.findElements(RemoteWebDriver.java:311)
	at org.openqa.selenium.support.events.EventFiringWebDriver.lambda$new$1(EventFiringWebDriver.java:105)
	at com.sun.proxy.$Proxy8.findElements(Unknown Source)
	at org.openqa.selenium.support.events.EventFiringWebDriver.findElements(EventFiringWebDriver.java:182)
	at com.kms.katalon.core.webui.common.WebUiCommonHelper.findWebElements(WebUiCommonHelper.java:789)
	at com.kms.katalon.core.webui.common.WebUiCommonHelper.findWebElement(WebUiCommonHelper.java:1150)
	at com.kms.katalon.core.webui.keyword.internal.WebUIAbstractKeyword.findWebElement(WebUIAbstractKeyword.groovy:27)
	at com.kms.katalon.core.webui.keyword.internal.WebUIAbstractKeyword.findWebElement(WebUIAbstractKeyword.groovy:26)
	at com.kms.katalon.core.webui.keyword.builtin.ClickKeyword$_click_closure1.doCall(ClickKeyword.groovy:67)
	at com.kms.katalon.core.webui.keyword.builtin.ClickKeyword$_click_closure1.call(ClickKeyword.groovy)
	at com.kms.katalon.core.webui.keyword.internal.WebUIKeywordMain.runKeyword(WebUIKeywordMain.groovy:20)
	... 35 more
"/>
         <system-out><![CDATA[2020-06-05 13:47:45 - [TEST_CASE][FAILED] - Test Cases/1612893/TC_48_ViewInfo: Test Cases/1612893/TC_48_ViewInfo FAILED.
Reason:
com.kms.katalon.core.exception.StepFailedException: Call Test Case 'Test Cases/1612893/TC_ViewInfo' failed
	at com.kms.katalon.core.keyword.builtin.CallTestCaseKeyword$_callTestCase_closure1.doCall(CallTestCaseKeyword.groovy:63)
	at com.kms.katalon.core.keyword.builtin.CallTestCaseKeyword$_callTestCase_closure1.call(CallTestCaseKeyword.groovy)
	at com.kms.katalon.core.keyword.internal.KeywordMain.runKeyword(KeywordMain.groovy:68)
	at com.kms.katalon.core.keyword.builtin.CallTestCaseKeyword.callTestCase(CallTestCaseKeyword.groovy:81)
	at com.kms.katalon.core.keyword.builtin.CallTestCaseKeyword.execute(CallTestCaseKeyword.groovy:44)
	at com.kms.katalon.core.keyword.internal.KeywordExecutor.executeKeywordForPlatform(KeywordExecutor.groovy:72)
	at com.kms.katalon.core.keyword.BuiltinKeywords.callTestCase(BuiltinKeywords.groovy:334)
	at TC_48_ViewInfo.run(TC_48_ViewInfo:21)
	at com.kms.katalon.core.main.ScriptEngine.run(ScriptEngine.java:194)
	at com.kms.katalon.core.main.ScriptEngine.runScriptAsRawText(ScriptEngine.java:119)
	at com.kms.katalon.core.main.TestCaseExecutor.runScript(TestCaseExecutor.java:337)
	at com.kms.katalon.core.main.TestCaseExecutor.doExecute(TestCaseExecutor.java:328)
	at com.kms.katalon.core.main.TestCaseExecutor.processExecutionPhase(TestCaseExecutor.java:307)
	at com.kms.katalon.core.main.TestCaseExecutor.accessMainPhase(TestCaseExecutor.java:299)
	at com.kms.katalon.core.main.TestCaseExecutor.execute(TestCaseExecutor.java:233)
	at com.kms.katalon.core.main.TestSuiteExecutor.accessTestCaseMainPhase(TestSuiteExecutor.java:169)
	at com.kms.katalon.core.main.TestSuiteExecutor.accessTestSuiteMainPhase(TestSuiteExecutor.java:142)
	at com.kms.katalon.core.main.TestSuiteExecutor.execute(TestSuiteExecutor.java:91)
	at com.kms.katalon.core.main.TestCaseMain.startTestSuite(TestCaseMain.java:157)
	at com.kms.katalon.core.main.TestCaseMain$startTestSuite$0.call(Unknown Source)
	at TempTestSuite1591337386301.run(TempTestSuite1591337386301.groovy:37)
Caused by: com.kms.katalon.core.exception.StepFailedException: Unable to click on object 'Object Repository/1612893/ViewInfo/Page_Thanh set Channel name - hcmus-cdnc-te_a699a0/span_'
	at com.kms.katalon.core.webui.keyword.internal.WebUIKeywordMain.stepFailed(WebUIKeywordMain.groovy:64)
	at com.kms.katalon.core.webui.keyword.internal.WebUIKeywordMain.runKeyword(WebUIKeywordMain.groovy:26)
	at com.kms.katalon.core.webui.keyword.builtin.ClickKeyword.click(ClickKeyword.groovy:76)
	at com.kms.katalon.core.webui.keyword.builtin.ClickKeyword.execute(ClickKeyword.groovy:43)
	at com.kms.katalon.core.keyword.internal.KeywordExecutor.executeKeywordForPlatform(KeywordExecutor.groovy:72)
	at com.kms.katalon.core.webui.keyword.WebUiBuiltInKeywords.click(WebUiBuiltInKeywords.groovy:616)
	at com.kms.katalon.core.webui.keyword.WebUiBuiltInKeywords$click$3.call(Unknown Source)
	at TC_ViewInfo.run(TC_ViewInfo:23)
	at com.kms.katalon.core.main.ScriptEngine.run(ScriptEngine.java:194)
	at com.kms.katalon.core.main.ScriptEngine.runScriptAsRawText(ScriptEngine.java:119)
	at com.kms.katalon.core.main.TestCaseExecutor.runScript(TestCaseExecutor.java:337)
	at com.kms.katalon.core.main.TestCaseExecutor.doExecute(TestCaseExecutor.java:328)
	at com.kms.katalon.core.main.TestCaseExecutor.processExecutionPhase(TestCaseExecutor.java:307)
	at com.kms.katalon.core.main.TestCaseExecutor.accessMainPhase(TestCaseExecutor.java:299)
	at com.kms.katalon.core.main.TestCaseExecutor.execute(TestCaseExecutor.java:233)
	at com.kms.katalon.core.main.TestCaseMain.runTestCase(TestCaseMain.java:114)
	at com.kms.katalon.core.keyword.builtin.CallTestCaseKeyword$_callTestCase_closure1.doCall(CallTestCaseKeyword.groovy:59)
	... 20 more
Caused by: org.openqa.selenium.NoSuchWindowException: no such window: target window already closed
from unknown error: web view not found
  (Session info: chrome=83.0.4103.97)
Build info: version: '3.141.59', revision: 'e82be7d358', time: '2018-11-14T08:25:53'
System info: host: 'DESKTOP-SGC4F2H', ip: '172.25.32.1', os.name: 'Windows 10', os.arch: 'amd64', os.version: '10.0', java.version: '1.8.0_181'
Driver info: com.kms.katalon.selenium.driver.CChromeDriver
Capabilities {acceptInsecureCerts: false, browserName: chrome, browserVersion: 83.0.4103.97, chrome: {chromedriverVersion: 83.0.4103.39 (ccbf011cb2d2b..., userDataDir: C:\Users\Thanh\AppData\Loca...}, goog:chromeOptions: {debuggerAddress: localhost:49180}, javascriptEnabled: true, networkConnectionEnabled: false, pageLoadStrategy: normal, platform: WINDOWS, platformName: WINDOWS, proxy: Proxy(), setWindowRect: true, strictFileInteractability: false, timeouts: {implicit: 0, pageLoad: 300000, script: 30000}, unhandledPromptBehavior: dismiss and notify, webauthn:virtualAuthenticators: true}
Session ID: 5d626a46a20f9eebcb7ce8e84d180ed2
*** Element info: {Using=xpath, value=(.//*[normalize-space(text()) and normalize-space(.)='Help'])[1]/following::span[2]}
	at org.openqa.selenium.remote.http.W3CHttpResponseCodec.createException(W3CHttpResponseCodec.java:187)
	at org.openqa.selenium.remote.http.W3CHttpResponseCodec.decode(W3CHttpResponseCodec.java:122)
	at org.openqa.selenium.remote.http.W3CHttpResponseCodec.decode(W3CHttpResponseCodec.java:49)
	at org.openqa.selenium.remote.HttpCommandExecutor.execute(HttpCommandExecutor.java:158)
	at org.openqa.selenium.remote.service.DriverCommandExecutor.execute(DriverCommandExecutor.java:83)
	at org.openqa.selenium.remote.RemoteWebDriver.execute(RemoteWebDriver.java:552)
	at com.kms.katalon.selenium.driver.CChromeDriver.execute(CChromeDriver.java:19)
	at org.openqa.selenium.remote.RemoteWebDriver.findElements(RemoteWebDriver.java:353)
	at org.openqa.selenium.remote.RemoteWebDriver.findElementsByXPath(RemoteWebDriver.java:432)
	at org.openqa.selenium.By$ByXPath.findElements(By.java:348)
	at org.openqa.selenium.remote.RemoteWebDriver.findElements(RemoteWebDriver.java:311)
	at org.openqa.selenium.support.events.EventFiringWebDriver.lambda$new$1(EventFiringWebDriver.java:105)
	at com.sun.proxy.$Proxy8.findElements(Unknown Source)
	at org.openqa.selenium.support.events.EventFiringWebDriver.findElements(EventFiringWebDriver.java:182)
	at com.kms.katalon.core.webui.common.WebUiCommonHelper.findWebElements(WebUiCommonHelper.java:789)
	at com.kms.katalon.core.webui.common.WebUiCommonHelper.findWebElement(WebUiCommonHelper.java:1150)
	at com.kms.katalon.core.webui.keyword.internal.WebUIAbstractKeyword.findWebElement(WebUIAbstractKeyword.groovy:27)
	at com.kms.katalon.core.webui.keyword.internal.WebUIAbstractKeyword.findWebElement(WebUIAbstractKeyword.groovy:26)
	at com.kms.katalon.core.webui.keyword.builtin.ClickKeyword$_click_closure1.doCall(ClickKeyword.groovy:67)
	at com.kms.katalon.core.webui.keyword.builtin.ClickKeyword$_click_closure1.call(ClickKeyword.groovy)
	at com.kms.katalon.core.webui.keyword.internal.WebUIKeywordMain.runKeyword(WebUIKeywordMain.groovy:20)
	... 35 more


2020-06-05 13:47:46 - [TEST_STEP][PASSED] - callTestCase(findTestCase("1612893/TC_Login"), ["username":"hcmus-cdnc@gmail.com", "password":"aeHFOx8jV/A="], STOP_ON_FAILURE): Call Test Case 'Test Cases/1612893/TC_Login' successfully

2020-06-05 13:47:46 - [TEST_CASE][PASSED] - Test Cases/1612893/TC_Login: Test Cases/1612893/TC_Login

2020-06-05 13:47:46 - [TEST_STEP][PASSED] - openBrowser(""): Browser is opened with url: ''

2020-06-05 13:47:46 - [MESSAGE][WARNING] - A browser is already opened. Closing browser and opening a new one

2020-06-05 13:47:46 - [MESSAGE][INFO] - Starting 'Chrome' driver

2020-06-05 13:47:46 - [MESSAGE][INFO] - Action delay is set to 0 milliseconds

2020-06-05 13:47:50 - [MESSAGE][PASSED] - Browser is opened with url: ''

2020-06-05 13:47:50 - [TEST_STEP][PASSED] - navigateToUrl("http://localhost:8065/login"): Navigate to 'http://localhost:8065/login' successfully

2020-06-05 13:47:51 - [MESSAGE][PASSED] - Navigate to 'http://localhost:8065/login' successfully

2020-06-05 13:47:51 - [TEST_STEP][PASSED] - setText(findTestObject("Object Repository/1612427/01_Login/Page_Mattermost/input_All team communication in one place s_703ef5"), "hcmus-cdnc@gmail.com"): Text 'hcmus-cdnc@gmail.com' is set on object 'Object Repository/1612427/01_Login/Page_Mattermost/input_All team communication in one place s_703ef5'

2020-06-05 13:47:53 - [MESSAGE][PASSED] - Text 'hcmus-cdnc@gmail.com' is set on object 'Object Repository/1612427/01_Login/Page_Mattermost/input_All team communication in one place s_703ef5'

2020-06-05 13:47:53 - [TEST_STEP][PASSED] - setEncryptedText(findTestObject("Object Repository/1612427/01_Login/Page_Mattermost/input_All team communication in one place s_2f2733"), "aeHFOx8jV/A="): Text ****** has been set on object 'Object Repository/1612427/01_Login/Page_Mattermost/input_All team communication in one place s_2f2733'

2020-06-05 13:47:54 - [MESSAGE][PASSED] - Text ****** has been set on object 'Object Repository/1612427/01_Login/Page_Mattermost/input_All team communication in one place s_2f2733'

2020-06-05 13:47:54 - [TEST_STEP][PASSED] - click(findTestObject("Object Repository/1612427/01_Login/Page_Mattermost/span_Sign in")): Object: 'Object Repository/1612427/01_Login/Page_Mattermost/span_Sign in' is clicked on

2020-06-05 13:47:54 - [MESSAGE][PASSED] - Object: 'Object Repository/1612427/01_Login/Page_Mattermost/span_Sign in' is clicked on

2020-06-05 13:47:54 - [MESSAGE][PASSED] - Call Test Case 'Test Cases/1612893/TC_Login' successfully

2020-06-05 13:47:54 - [TEST_STEP][FAILED] - callTestCase(findTestCase("1612893/TC_ViewInfo"), [:], STOP_ON_FAILURE): Unable to call Test Case 'Test Cases/1612893/TC_ViewInfo' (Root cause: com.kms.katalon.core.exception.StepFailedException: Call Test Case 'Test Cases/1612893/TC_ViewInfo' failed
	at com.kms.katalon.core.keyword.builtin.CallTestCaseKeyword$_callTestCase_closure1.doCall(CallTestCaseKeyword.groovy:63)
	at com.kms.katalon.core.keyword.builtin.CallTestCaseKeyword$_callTestCase_closure1.call(CallTestCaseKeyword.groovy)
	at com.kms.katalon.core.keyword.internal.KeywordMain.runKeyword(KeywordMain.groovy:68)
	at com.kms.katalon.core.keyword.builtin.CallTestCaseKeyword.callTestCase(CallTestCaseKeyword.groovy:81)
	at com.kms.katalon.core.keyword.builtin.CallTestCaseKeyword.execute(CallTestCaseKeyword.groovy:44)
	at com.kms.katalon.core.keyword.internal.KeywordExecutor.executeKeywordForPlatform(KeywordExecutor.groovy:72)
	at com.kms.katalon.core.keyword.BuiltinKeywords.callTestCase(BuiltinKeywords.groovy:334)
	at TC_48_ViewInfo.run(TC_48_ViewInfo:21)
	at com.kms.katalon.core.main.ScriptEngine.run(ScriptEngine.java:194)
	at com.kms.katalon.core.main.ScriptEngine.runScriptAsRawText(ScriptEngine.java:119)
	at com.kms.katalon.core.main.TestCaseExecutor.runScript(TestCaseExecutor.java:337)
	at com.kms.katalon.core.main.TestCaseExecutor.doExecute(TestCaseExecutor.java:328)
	at com.kms.katalon.core.main.TestCaseExecutor.processExecutionPhase(TestCaseExecutor.java:307)
	at com.kms.katalon.core.main.TestCaseExecutor.accessMainPhase(TestCaseExecutor.java:299)
	at com.kms.katalon.core.main.TestCaseExecutor.execute(TestCaseExecutor.java:233)
	at com.kms.katalon.core.main.TestSuiteExecutor.accessTestCaseMainPhase(TestSuiteExecutor.java:169)
	at com.kms.katalon.core.main.TestSuiteExecutor.accessTestSuiteMainPhase(TestSuiteExecutor.java:142)
	at com.kms.katalon.core.main.TestSuiteExecutor.execute(TestSuiteExecutor.java:91)
	at com.kms.katalon.core.main.TestCaseMain.startTestSuite(TestCaseMain.java:157)
	at com.kms.katalon.core.main.TestCaseMain$startTestSuite$0.call(Unknown Source)
	at TempTestSuite1591337386301.run(TempTestSuite1591337386301.groovy:37)
Caused by: com.kms.katalon.core.exception.StepFailedException: Unable to click on object 'Object Repository/1612893/ViewInfo/Page_Thanh set Channel name - hcmus-cdnc-te_a699a0/span_'
	at com.kms.katalon.core.webui.keyword.internal.WebUIKeywordMain.stepFailed(WebUIKeywordMain.groovy:64)
	at com.kms.katalon.core.webui.keyword.internal.WebUIKeywordMain.runKeyword(WebUIKeywordMain.groovy:26)
	at com.kms.katalon.core.webui.keyword.builtin.ClickKeyword.click(ClickKeyword.groovy:76)
	at com.kms.katalon.core.webui.keyword.builtin.ClickKeyword.execute(ClickKeyword.groovy:43)
	at com.kms.katalon.core.keyword.internal.KeywordExecutor.executeKeywordForPlatform(KeywordExecutor.groovy:72)
	at com.kms.katalon.core.webui.keyword.WebUiBuiltInKeywords.click(WebUiBuiltInKeywords.groovy:616)
	at com.kms.katalon.core.webui.keyword.WebUiBuiltInKeywords$click$3.call(Unknown Source)
	at TC_ViewInfo.run(TC_ViewInfo:23)
	at com.kms.katalon.core.main.ScriptEngine.run(ScriptEngine.java:194)
	at com.kms.katalon.core.main.ScriptEngine.runScriptAsRawText(ScriptEngine.java:119)
	at com.kms.katalon.core.main.TestCaseExecutor.runScript(TestCaseExecutor.java:337)
	at com.kms.katalon.core.main.TestCaseExecutor.doExecute(TestCaseExecutor.java:328)
	at com.kms.katalon.core.main.TestCaseExecutor.processExecutionPhase(TestCaseExecutor.java:307)
	at com.kms.katalon.core.main.TestCaseExecutor.accessMainPhase(TestCaseExecutor.java:299)
	at com.kms.katalon.core.main.TestCaseExecutor.execute(TestCaseExecutor.java:233)
	at com.kms.katalon.core.main.TestCaseMain.runTestCase(TestCaseMain.java:114)
	at com.kms.katalon.core.keyword.builtin.CallTestCaseKeyword$_callTestCase_closure1.doCall(CallTestCaseKeyword.groovy:59)
	... 20 more
Caused by: org.openqa.selenium.NoSuchWindowException: no such window: target window already closed
from unknown error: web view not found
  (Session info: chrome=83.0.4103.97)
Build info: version: '3.141.59', revision: 'e82be7d358', time: '2018-11-14T08:25:53'
System info: host: 'DESKTOP-SGC4F2H', ip: '172.25.32.1', os.name: 'Windows 10', os.arch: 'amd64', os.version: '10.0', java.version: '1.8.0_181'
Driver info: com.kms.katalon.selenium.driver.CChromeDriver
Capabilities {acceptInsecureCerts: false, browserName: chrome, browserVersion: 83.0.4103.97, chrome: {chromedriverVersion: 83.0.4103.39 (ccbf011cb2d2b..., userDataDir: C:\Users\Thanh\AppData\Loca...}, goog:chromeOptions: {debuggerAddress: localhost:49180}, javascriptEnabled: true, networkConnectionEnabled: false, pageLoadStrategy: normal, platform: WINDOWS, platformName: WINDOWS, proxy: Proxy(), setWindowRect: true, strictFileInteractability: false, timeouts: {implicit: 0, pageLoad: 300000, script: 30000}, unhandledPromptBehavior: dismiss and notify, webauthn:virtualAuthenticators: true}
Session ID: 5d626a46a20f9eebcb7ce8e84d180ed2
*** Element info: {Using=xpath, value=(.//*[normalize-space(text()) and normalize-space(.)='Help'])[1]/following::span[2]}
	at org.openqa.selenium.remote.http.W3CHttpResponseCodec.createException(W3CHttpResponseCodec.java:187)
	at org.openqa.selenium.remote.http.W3CHttpResponseCodec.decode(W3CHttpResponseCodec.java:122)
	at org.openqa.selenium.remote.http.W3CHttpResponseCodec.decode(W3CHttpResponseCodec.java:49)
	at org.openqa.selenium.remote.HttpCommandExecutor.execute(HttpCommandExecutor.java:158)
	at org.openqa.selenium.remote.service.DriverCommandExecutor.execute(DriverCommandExecutor.java:83)
	at org.openqa.selenium.remote.RemoteWebDriver.execute(RemoteWebDriver.java:552)
	at com.kms.katalon.selenium.driver.CChromeDriver.execute(CChromeDriver.java:19)
	at org.openqa.selenium.remote.RemoteWebDriver.findElements(RemoteWebDriver.java:353)
	at org.openqa.selenium.remote.RemoteWebDriver.findElementsByXPath(RemoteWebDriver.java:432)
	at org.openqa.selenium.By$ByXPath.findElements(By.java:348)
	at org.openqa.selenium.remote.RemoteWebDriver.findElements(RemoteWebDriver.java:311)
	at org.openqa.selenium.support.events.EventFiringWebDriver.lambda$new$1(EventFiringWebDriver.java:105)
	at com.sun.proxy.$Proxy8.findElements(Unknown Source)
	at org.openqa.selenium.support.events.EventFiringWebDriver.findElements(EventFiringWebDriver.java:182)
	at com.kms.katalon.core.webui.common.WebUiCommonHelper.findWebElements(WebUiCommonHelper.java:789)
	at com.kms.katalon.core.webui.common.WebUiCommonHelper.findWebElement(WebUiCommonHelper.java:1150)
	at com.kms.katalon.core.webui.keyword.internal.WebUIAbstractKeyword.findWebElement(WebUIAbstractKeyword.groovy:27)
	at com.kms.katalon.core.webui.keyword.internal.WebUIAbstractKeyword.findWebElement(WebUIAbstractKeyword.groovy:26)
	at com.kms.katalon.core.webui.keyword.builtin.ClickKeyword$_click_closure1.doCall(ClickKeyword.groovy:67)
	at com.kms.katalon.core.webui.keyword.builtin.ClickKeyword$_click_closure1.call(ClickKeyword.groovy)
	at com.kms.katalon.core.webui.keyword.internal.WebUIKeywordMain.runKeyword(WebUIKeywordMain.groovy:20)
	... 35 more
)

2020-06-05 13:47:54 - [TEST_CASE][FAILED] - Test Cases/1612893/TC_ViewInfo: Test Cases/1612893/TC_ViewInfo FAILED.
Reason:
com.kms.katalon.core.exception.StepFailedException: Unable to click on object 'Object Repository/1612893/ViewInfo/Page_Thanh set Channel name - hcmus-cdnc-te_a699a0/span_'
	at com.kms.katalon.core.webui.keyword.internal.WebUIKeywordMain.stepFailed(WebUIKeywordMain.groovy:64)
	at com.kms.katalon.core.webui.keyword.internal.WebUIKeywordMain.runKeyword(WebUIKeywordMain.groovy:26)
	at com.kms.katalon.core.webui.keyword.builtin.ClickKeyword.click(ClickKeyword.groovy:76)
	at com.kms.katalon.core.webui.keyword.builtin.ClickKeyword.execute(ClickKeyword.groovy:43)
	at com.kms.katalon.core.keyword.internal.KeywordExecutor.executeKeywordForPlatform(KeywordExecutor.groovy:72)
	at com.kms.katalon.core.webui.keyword.WebUiBuiltInKeywords.click(WebUiBuiltInKeywords.groovy:616)
	at com.kms.katalon.core.webui.keyword.WebUiBuiltInKeywords$click$3.call(Unknown Source)
	at TC_ViewInfo.run(TC_ViewInfo:23)
	at com.kms.katalon.core.main.ScriptEngine.run(ScriptEngine.java:194)
	at com.kms.katalon.core.main.ScriptEngine.runScriptAsRawText(ScriptEngine.java:119)
	at com.kms.katalon.core.main.TestCaseExecutor.runScript(TestCaseExecutor.java:337)
	at com.kms.katalon.core.main.TestCaseExecutor.doExecute(TestCaseExecutor.java:328)
	at com.kms.katalon.core.main.TestCaseExecutor.processExecutionPhase(TestCaseExecutor.java:307)
	at com.kms.katalon.core.main.TestCaseExecutor.accessMainPhase(TestCaseExecutor.java:299)
	at com.kms.katalon.core.main.TestCaseExecutor.execute(TestCaseExecutor.java:233)
	at com.kms.katalon.core.main.TestCaseMain.runTestCase(TestCaseMain.java:114)
	at com.kms.katalon.core.keyword.builtin.CallTestCaseKeyword$_callTestCase_closure1.doCall(CallTestCaseKeyword.groovy:59)
	at com.kms.katalon.core.keyword.builtin.CallTestCaseKeyword$_callTestCase_closure1.call(CallTestCaseKeyword.groovy)
	at com.kms.katalon.core.keyword.internal.KeywordMain.runKeyword(KeywordMain.groovy:68)
	at com.kms.katalon.core.keyword.builtin.CallTestCaseKeyword.callTestCase(CallTestCaseKeyword.groovy:81)
	at com.kms.katalon.core.keyword.builtin.CallTestCaseKeyword.execute(CallTestCaseKeyword.groovy:44)
	at com.kms.katalon.core.keyword.internal.KeywordExecutor.executeKeywordForPlatform(KeywordExecutor.groovy:72)
	at com.kms.katalon.core.keyword.BuiltinKeywords.callTestCase(BuiltinKeywords.groovy:334)
	at TC_48_ViewInfo.run(TC_48_ViewInfo:21)
	at com.kms.katalon.core.main.ScriptEngine.run(ScriptEngine.java:194)
	at com.kms.katalon.core.main.ScriptEngine.runScriptAsRawText(ScriptEngine.java:119)
	at com.kms.katalon.core.main.TestCaseExecutor.runScript(TestCaseExecutor.java:337)
	at com.kms.katalon.core.main.TestCaseExecutor.doExecute(TestCaseExecutor.java:328)
	at com.kms.katalon.core.main.TestCaseExecutor.processExecutionPhase(TestCaseExecutor.java:307)
	at com.kms.katalon.core.main.TestCaseExecutor.accessMainPhase(TestCaseExecutor.java:299)
	at com.kms.katalon.core.main.TestCaseExecutor.execute(TestCaseExecutor.java:233)
	at com.kms.katalon.core.main.TestSuiteExecutor.accessTestCaseMainPhase(TestSuiteExecutor.java:169)
	at com.kms.katalon.core.main.TestSuiteExecutor.accessTestSuiteMainPhase(TestSuiteExecutor.java:142)
	at com.kms.katalon.core.main.TestSuiteExecutor.execute(TestSuiteExecutor.java:91)
	at com.kms.katalon.core.main.TestCaseMain.startTestSuite(TestCaseMain.java:157)
	at com.kms.katalon.core.main.TestCaseMain$startTestSuite$0.call(Unknown Source)
	at TempTestSuite1591337386301.run(TempTestSuite1591337386301.groovy:37)
Caused by: org.openqa.selenium.NoSuchWindowException: no such window: target window already closed
from unknown error: web view not found
  (Session info: chrome=83.0.4103.97)
Build info: version: '3.141.59', revision: 'e82be7d358', time: '2018-11-14T08:25:53'
System info: host: 'DESKTOP-SGC4F2H', ip: '172.25.32.1', os.name: 'Windows 10', os.arch: 'amd64', os.version: '10.0', java.version: '1.8.0_181'
Driver info: com.kms.katalon.selenium.driver.CChromeDriver
Capabilities {acceptInsecureCerts: false, browserName: chrome, browserVersion: 83.0.4103.97, chrome: {chromedriverVersion: 83.0.4103.39 (ccbf011cb2d2b..., userDataDir: C:\Users\Thanh\AppData\Loca...}, goog:chromeOptions: {debuggerAddress: localhost:49180}, javascriptEnabled: true, networkConnectionEnabled: false, pageLoadStrategy: normal, platform: WINDOWS, platformName: WINDOWS, proxy: Proxy(), setWindowRect: true, strictFileInteractability: false, timeouts: {implicit: 0, pageLoad: 300000, script: 30000}, unhandledPromptBehavior: dismiss and notify, webauthn:virtualAuthenticators: true}
Session ID: 5d626a46a20f9eebcb7ce8e84d180ed2
*** Element info: {Using=xpath, value=(.//*[normalize-space(text()) and normalize-space(.)='Help'])[1]/following::span[2]}
	at org.openqa.selenium.remote.http.W3CHttpResponseCodec.createException(W3CHttpResponseCodec.java:187)
	at org.openqa.selenium.remote.http.W3CHttpResponseCodec.decode(W3CHttpResponseCodec.java:122)
	at org.openqa.selenium.remote.http.W3CHttpResponseCodec.decode(W3CHttpResponseCodec.java:49)
	at org.openqa.selenium.remote.HttpCommandExecutor.execute(HttpCommandExecutor.java:158)
	at org.openqa.selenium.remote.service.DriverCommandExecutor.execute(DriverCommandExecutor.java:83)
	at org.openqa.selenium.remote.RemoteWebDriver.execute(RemoteWebDriver.java:552)
	at com.kms.katalon.selenium.driver.CChromeDriver.execute(CChromeDriver.java:19)
	at org.openqa.selenium.remote.RemoteWebDriver.findElements(RemoteWebDriver.java:353)
	at org.openqa.selenium.remote.RemoteWebDriver.findElementsByXPath(RemoteWebDriver.java:432)
	at org.openqa.selenium.By$ByXPath.findElements(By.java:348)
	at org.openqa.selenium.remote.RemoteWebDriver.findElements(RemoteWebDriver.java:311)
	at org.openqa.selenium.support.events.EventFiringWebDriver.lambda$new$1(EventFiringWebDriver.java:105)
	at com.sun.proxy.$Proxy8.findElements(Unknown Source)
	at org.openqa.selenium.support.events.EventFiringWebDriver.findElements(EventFiringWebDriver.java:182)
	at com.kms.katalon.core.webui.common.WebUiCommonHelper.findWebElements(WebUiCommonHelper.java:789)
	at com.kms.katalon.core.webui.common.WebUiCommonHelper.findWebElement(WebUiCommonHelper.java:1150)
	at com.kms.katalon.core.webui.keyword.internal.WebUIAbstractKeyword.findWebElement(WebUIAbstractKeyword.groovy:27)
	at com.kms.katalon.core.webui.keyword.internal.WebUIAbstractKeyword.findWebElement(WebUIAbstractKeyword.groovy:26)
	at com.kms.katalon.core.webui.keyword.builtin.ClickKeyword$_click_closure1.doCall(ClickKeyword.groovy:67)
	at com.kms.katalon.core.webui.keyword.builtin.ClickKeyword$_click_closure1.call(ClickKeyword.groovy)
	at com.kms.katalon.core.webui.keyword.internal.WebUIKeywordMain.runKeyword(WebUIKeywordMain.groovy:20)
	... 35 more


2020-06-05 13:47:55 - [TEST_STEP][PASSED] - click(findTestObject("1612893/ViewInfo/Page_Thanh set Channel name - hcmus-cdnc-te_a699a0/span_Thanh set Channel name_channelHeaderDr_8caf36")): Object: 'Object Repository/1612893/ViewInfo/Page_Thanh set Channel name - hcmus-cdnc-te_a699a0/span_Thanh set Channel name_channelHeaderDr_8caf36' is clicked on

2020-06-05 13:47:57 - [MESSAGE][PASSED] - Object: 'Object Repository/1612893/ViewInfo/Page_Thanh set Channel name - hcmus-cdnc-te_a699a0/span_Thanh set Channel name_channelHeaderDr_8caf36' is clicked on

2020-06-05 13:47:58 - [TEST_STEP][PASSED] - click(findTestObject("1612893/ViewInfo/Page_Thanh set Channel name - hcmus-cdnc-te_a699a0/span_View Info")): Object: 'Object Repository/1612893/ViewInfo/Page_Thanh set Channel name - hcmus-cdnc-te_a699a0/span_View Info' is clicked on

2020-06-05 13:47:58 - [MESSAGE][PASSED] - Object: 'Object Repository/1612893/ViewInfo/Page_Thanh set Channel name - hcmus-cdnc-te_a699a0/span_View Info' is clicked on

2020-06-05 13:47:58 - [TEST_STEP][FAILED] - click(findTestObject("1612893/ViewInfo/Page_Thanh set Channel name - hcmus-cdnc-te_a699a0/span_")): Unable to click on object 'Object Repository/1612893/ViewInfo/Page_Thanh set Channel name - hcmus-cdnc-te_a699a0/span_' (Root cause: com.kms.katalon.core.exception.StepFailedException: Unable to click on object 'Object Repository/1612893/ViewInfo/Page_Thanh set Channel name - hcmus-cdnc-te_a699a0/span_'
	at com.kms.katalon.core.webui.keyword.internal.WebUIKeywordMain.stepFailed(WebUIKeywordMain.groovy:64)
	at com.kms.katalon.core.webui.keyword.internal.WebUIKeywordMain.runKeyword(WebUIKeywordMain.groovy:26)
	at com.kms.katalon.core.webui.keyword.builtin.ClickKeyword.click(ClickKeyword.groovy:76)
	at com.kms.katalon.core.webui.keyword.builtin.ClickKeyword.execute(ClickKeyword.groovy:43)
	at com.kms.katalon.core.keyword.internal.KeywordExecutor.executeKeywordForPlatform(KeywordExecutor.groovy:72)
	at com.kms.katalon.core.webui.keyword.WebUiBuiltInKeywords.click(WebUiBuiltInKeywords.groovy:616)
	at com.kms.katalon.core.webui.keyword.WebUiBuiltInKeywords$click$3.call(Unknown Source)
	at TC_ViewInfo.run(TC_ViewInfo:23)
	at com.kms.katalon.core.main.ScriptEngine.run(ScriptEngine.java:194)
	at com.kms.katalon.core.main.ScriptEngine.runScriptAsRawText(ScriptEngine.java:119)
	at com.kms.katalon.core.main.TestCaseExecutor.runScript(TestCaseExecutor.java:337)
	at com.kms.katalon.core.main.TestCaseExecutor.doExecute(TestCaseExecutor.java:328)
	at com.kms.katalon.core.main.TestCaseExecutor.processExecutionPhase(TestCaseExecutor.java:307)
	at com.kms.katalon.core.main.TestCaseExecutor.accessMainPhase(TestCaseExecutor.java:299)
	at com.kms.katalon.core.main.TestCaseExecutor.execute(TestCaseExecutor.java:233)
	at com.kms.katalon.core.main.TestCaseMain.runTestCase(TestCaseMain.java:114)
	at com.kms.katalon.core.keyword.builtin.CallTestCaseKeyword$_callTestCase_closure1.doCall(CallTestCaseKeyword.groovy:59)
	at com.kms.katalon.core.keyword.builtin.CallTestCaseKeyword$_callTestCase_closure1.call(CallTestCaseKeyword.groovy)
	at com.kms.katalon.core.keyword.internal.KeywordMain.runKeyword(KeywordMain.groovy:68)
	at com.kms.katalon.core.keyword.builtin.CallTestCaseKeyword.callTestCase(CallTestCaseKeyword.groovy:81)
	at com.kms.katalon.core.keyword.builtin.CallTestCaseKeyword.execute(CallTestCaseKeyword.groovy:44)
	at com.kms.katalon.core.keyword.internal.KeywordExecutor.executeKeywordForPlatform(KeywordExecutor.groovy:72)
	at com.kms.katalon.core.keyword.BuiltinKeywords.callTestCase(BuiltinKeywords.groovy:334)
	at TC_48_ViewInfo.run(TC_48_ViewInfo:21)
	at com.kms.katalon.core.main.ScriptEngine.run(ScriptEngine.java:194)
	at com.kms.katalon.core.main.ScriptEngine.runScriptAsRawText(ScriptEngine.java:119)
	at com.kms.katalon.core.main.TestCaseExecutor.runScript(TestCaseExecutor.java:337)
	at com.kms.katalon.core.main.TestCaseExecutor.doExecute(TestCaseExecutor.java:328)
	at com.kms.katalon.core.main.TestCaseExecutor.processExecutionPhase(TestCaseExecutor.java:307)
	at com.kms.katalon.core.main.TestCaseExecutor.accessMainPhase(TestCaseExecutor.java:299)
	at com.kms.katalon.core.main.TestCaseExecutor.execute(TestCaseExecutor.java:233)
	at com.kms.katalon.core.main.TestSuiteExecutor.accessTestCaseMainPhase(TestSuiteExecutor.java:169)
	at com.kms.katalon.core.main.TestSuiteExecutor.accessTestSuiteMainPhase(TestSuiteExecutor.java:142)
	at com.kms.katalon.core.main.TestSuiteExecutor.execute(TestSuiteExecutor.java:91)
	at com.kms.katalon.core.main.TestCaseMain.startTestSuite(TestCaseMain.java:157)
	at com.kms.katalon.core.main.TestCaseMain$startTestSuite$0.call(Unknown Source)
	at TempTestSuite1591337386301.run(TempTestSuite1591337386301.groovy:37)
Caused by: org.openqa.selenium.NoSuchWindowException: no such window: target window already closed
from unknown error: web view not found
  (Session info: chrome=83.0.4103.97)
Build info: version: '3.141.59', revision: 'e82be7d358', time: '2018-11-14T08:25:53'
System info: host: 'DESKTOP-SGC4F2H', ip: '172.25.32.1', os.name: 'Windows 10', os.arch: 'amd64', os.version: '10.0', java.version: '1.8.0_181'
Driver info: com.kms.katalon.selenium.driver.CChromeDriver
Capabilities {acceptInsecureCerts: false, browserName: chrome, browserVersion: 83.0.4103.97, chrome: {chromedriverVersion: 83.0.4103.39 (ccbf011cb2d2b..., userDataDir: C:\Users\Thanh\AppData\Loca...}, goog:chromeOptions: {debuggerAddress: localhost:49180}, javascriptEnabled: true, networkConnectionEnabled: false, pageLoadStrategy: normal, platform: WINDOWS, platformName: WINDOWS, proxy: Proxy(), setWindowRect: true, strictFileInteractability: false, timeouts: {implicit: 0, pageLoad: 300000, script: 30000}, unhandledPromptBehavior: dismiss and notify, webauthn:virtualAuthenticators: true}
Session ID: 5d626a46a20f9eebcb7ce8e84d180ed2
*** Element info: {Using=xpath, value=(.//*[normalize-space(text()) and normalize-space(.)='Help'])[1]/following::span[2]}
	at org.openqa.selenium.remote.http.W3CHttpResponseCodec.createException(W3CHttpResponseCodec.java:187)
	at org.openqa.selenium.remote.http.W3CHttpResponseCodec.decode(W3CHttpResponseCodec.java:122)
	at org.openqa.selenium.remote.http.W3CHttpResponseCodec.decode(W3CHttpResponseCodec.java:49)
	at org.openqa.selenium.remote.HttpCommandExecutor.execute(HttpCommandExecutor.java:158)
	at org.openqa.selenium.remote.service.DriverCommandExecutor.execute(DriverCommandExecutor.java:83)
	at org.openqa.selenium.remote.RemoteWebDriver.execute(RemoteWebDriver.java:552)
	at com.kms.katalon.selenium.driver.CChromeDriver.execute(CChromeDriver.java:19)
	at org.openqa.selenium.remote.RemoteWebDriver.findElements(RemoteWebDriver.java:353)
	at org.openqa.selenium.remote.RemoteWebDriver.findElementsByXPath(RemoteWebDriver.java:432)
	at org.openqa.selenium.By$ByXPath.findElements(By.java:348)
	at org.openqa.selenium.remote.RemoteWebDriver.findElements(RemoteWebDriver.java:311)
	at org.openqa.selenium.support.events.EventFiringWebDriver.lambda$new$1(EventFiringWebDriver.java:105)
	at com.sun.proxy.$Proxy8.findElements(Unknown Source)
	at org.openqa.selenium.support.events.EventFiringWebDriver.findElements(EventFiringWebDriver.java:182)
	at com.kms.katalon.core.webui.common.WebUiCommonHelper.findWebElements(WebUiCommonHelper.java:789)
	at com.kms.katalon.core.webui.common.WebUiCommonHelper.findWebElement(WebUiCommonHelper.java:1150)
	at com.kms.katalon.core.webui.keyword.internal.WebUIAbstractKeyword.findWebElement(WebUIAbstractKeyword.groovy:27)
	at com.kms.katalon.core.webui.keyword.internal.WebUIAbstractKeyword.findWebElement(WebUIAbstractKeyword.groovy:26)
	at com.kms.katalon.core.webui.keyword.builtin.ClickKeyword$_click_closure1.doCall(ClickKeyword.groovy:67)
	at com.kms.katalon.core.webui.keyword.builtin.ClickKeyword$_click_closure1.call(ClickKeyword.groovy)
	at com.kms.katalon.core.webui.keyword.internal.WebUIKeywordMain.runKeyword(WebUIKeywordMain.groovy:20)
	at com.kms.katalon.core.webui.keyword.builtin.ClickKeyword.click(ClickKeyword.groovy:76)
	at com.kms.katalon.core.webui.keyword.builtin.ClickKeyword.execute(ClickKeyword.groovy:43)
	at com.kms.katalon.core.keyword.internal.KeywordExecutor.executeKeywordForPlatform(KeywordExecutor.groovy:72)
	at com.kms.katalon.core.webui.keyword.WebUiBuiltInKeywords.click(WebUiBuiltInKeywords.groovy:616)
	at com.kms.katalon.core.webui.keyword.WebUiBuiltInKeywords$click$3.call(Unknown Source)
	at Script1591272532459.run(Script1591272532459.groovy:23)
	at com.kms.katalon.core.main.ScriptEngine.run(ScriptEngine.java:194)
	at com.kms.katalon.core.main.ScriptEngine.runScriptAsRawText(ScriptEngine.java:119)
	at com.kms.katalon.core.main.TestCaseExecutor.runScript(TestCaseExecutor.java:337)
	at com.kms.katalon.core.main.TestCaseExecutor.doExecute(TestCaseExecutor.java:328)
	at com.kms.katalon.core.main.TestCaseExecutor.processExecutionPhase(TestCaseExecutor.java:307)
	at com.kms.katalon.core.main.TestCaseExecutor.accessMainPhase(TestCaseExecutor.java:299)
	at com.kms.katalon.core.main.TestCaseExecutor.execute(TestCaseExecutor.java:233)
	at com.kms.katalon.core.main.TestCaseMain.runTestCase(TestCaseMain.java:114)
	at com.kms.katalon.core.keyword.builtin.CallTestCaseKeyword$_callTestCase_closure1.doCall(CallTestCaseKeyword.groovy:59)
	at com.kms.katalon.core.keyword.builtin.CallTestCaseKeyword$_callTestCase_closure1.call(CallTestCaseKeyword.groovy)
	at com.kms.katalon.core.keyword.internal.KeywordMain.runKeyword(KeywordMain.groovy:68)
	at com.kms.katalon.core.keyword.builtin.CallTestCaseKeyword.callTestCase(CallTestCaseKeyword.groovy:81)
	at com.kms.katalon.core.keyword.builtin.CallTestCaseKeyword.execute(CallTestCaseKeyword.groovy:44)
	at com.kms.katalon.core.keyword.internal.KeywordExecutor.executeKeywordForPlatform(KeywordExecutor.groovy:72)
	at com.kms.katalon.core.keyword.BuiltinKeywords.callTestCase(BuiltinKeywords.groovy:334)
	at Script1591272512675.run(Script1591272512675.groovy:21)
	... 13 more
)

2020-06-05 13:47:58 - [MESSAGE][WARNING] - Cannot take screenshot

2020-06-05 13:47:58 - [MESSAGE][FAILED] - Unable to click on object 'Object Repository/1612893/ViewInfo/Page_Thanh set Channel name - hcmus-cdnc-te_a699a0/span_' (Root cause: com.kms.katalon.core.exception.StepFailedException: Unable to click on object 'Object Repository/1612893/ViewInfo/Page_Thanh set Channel name - hcmus-cdnc-te_a699a0/span_'
	at com.kms.katalon.core.webui.keyword.internal.WebUIKeywordMain.stepFailed(WebUIKeywordMain.groovy:64)
	at com.kms.katalon.core.webui.keyword.internal.WebUIKeywordMain.runKeyword(WebUIKeywordMain.groovy:26)
	at com.kms.katalon.core.webui.keyword.builtin.ClickKeyword.click(ClickKeyword.groovy:76)
	at com.kms.katalon.core.webui.keyword.builtin.ClickKeyword.execute(ClickKeyword.groovy:43)
	at com.kms.katalon.core.keyword.internal.KeywordExecutor.executeKeywordForPlatform(KeywordExecutor.groovy:72)
	at com.kms.katalon.core.webui.keyword.WebUiBuiltInKeywords.click(WebUiBuiltInKeywords.groovy:616)
	at com.kms.katalon.core.webui.keyword.WebUiBuiltInKeywords$click$3.call(Unknown Source)
	at TC_ViewInfo.run(TC_ViewInfo:23)
	at com.kms.katalon.core.main.ScriptEngine.run(ScriptEngine.java:194)
	at com.kms.katalon.core.main.ScriptEngine.runScriptAsRawText(ScriptEngine.java:119)
	at com.kms.katalon.core.main.TestCaseExecutor.runScript(TestCaseExecutor.java:337)
	at com.kms.katalon.core.main.TestCaseExecutor.doExecute(TestCaseExecutor.java:328)
	at com.kms.katalon.core.main.TestCaseExecutor.processExecutionPhase(TestCaseExecutor.java:307)
	at com.kms.katalon.core.main.TestCaseExecutor.accessMainPhase(TestCaseExecutor.java:299)
	at com.kms.katalon.core.main.TestCaseExecutor.execute(TestCaseExecutor.java:233)
	at com.kms.katalon.core.main.TestCaseMain.runTestCase(TestCaseMain.java:114)
	at com.kms.katalon.core.keyword.builtin.CallTestCaseKeyword$_callTestCase_closure1.doCall(CallTestCaseKeyword.groovy:59)
	at com.kms.katalon.core.keyword.builtin.CallTestCaseKeyword$_callTestCase_closure1.call(CallTestCaseKeyword.groovy)
	at com.kms.katalon.core.keyword.internal.KeywordMain.runKeyword(KeywordMain.groovy:68)
	at com.kms.katalon.core.keyword.builtin.CallTestCaseKeyword.callTestCase(CallTestCaseKeyword.groovy:81)
	at com.kms.katalon.core.keyword.builtin.CallTestCaseKeyword.execute(CallTestCaseKeyword.groovy:44)
	at com.kms.katalon.core.keyword.internal.KeywordExecutor.executeKeywordForPlatform(KeywordExecutor.groovy:72)
	at com.kms.katalon.core.keyword.BuiltinKeywords.callTestCase(BuiltinKeywords.groovy:334)
	at TC_48_ViewInfo.run(TC_48_ViewInfo:21)
	at com.kms.katalon.core.main.ScriptEngine.run(ScriptEngine.java:194)
	at com.kms.katalon.core.main.ScriptEngine.runScriptAsRawText(ScriptEngine.java:119)
	at com.kms.katalon.core.main.TestCaseExecutor.runScript(TestCaseExecutor.java:337)
	at com.kms.katalon.core.main.TestCaseExecutor.doExecute(TestCaseExecutor.java:328)
	at com.kms.katalon.core.main.TestCaseExecutor.processExecutionPhase(TestCaseExecutor.java:307)
	at com.kms.katalon.core.main.TestCaseExecutor.accessMainPhase(TestCaseExecutor.java:299)
	at com.kms.katalon.core.main.TestCaseExecutor.execute(TestCaseExecutor.java:233)
	at com.kms.katalon.core.main.TestSuiteExecutor.accessTestCaseMainPhase(TestSuiteExecutor.java:169)
	at com.kms.katalon.core.main.TestSuiteExecutor.accessTestSuiteMainPhase(TestSuiteExecutor.java:142)
	at com.kms.katalon.core.main.TestSuiteExecutor.execute(TestSuiteExecutor.java:91)
	at com.kms.katalon.core.main.TestCaseMain.startTestSuite(TestCaseMain.java:157)
	at com.kms.katalon.core.main.TestCaseMain$startTestSuite$0.call(Unknown Source)
	at TempTestSuite1591337386301.run(TempTestSuite1591337386301.groovy:37)
Caused by: org.openqa.selenium.NoSuchWindowException: no such window: target window already closed
from unknown error: web view not found
  (Session info: chrome=83.0.4103.97)
Build info: version: '3.141.59', revision: 'e82be7d358', time: '2018-11-14T08:25:53'
System info: host: 'DESKTOP-SGC4F2H', ip: '172.25.32.1', os.name: 'Windows 10', os.arch: 'amd64', os.version: '10.0', java.version: '1.8.0_181'
Driver info: com.kms.katalon.selenium.driver.CChromeDriver
Capabilities {acceptInsecureCerts: false, browserName: chrome, browserVersion: 83.0.4103.97, chrome: {chromedriverVersion: 83.0.4103.39 (ccbf011cb2d2b..., userDataDir: C:\Users\Thanh\AppData\Loca...}, goog:chromeOptions: {debuggerAddress: localhost:49180}, javascriptEnabled: true, networkConnectionEnabled: false, pageLoadStrategy: normal, platform: WINDOWS, platformName: WINDOWS, proxy: Proxy(), setWindowRect: true, strictFileInteractability: false, timeouts: {implicit: 0, pageLoad: 300000, script: 30000}, unhandledPromptBehavior: dismiss and notify, webauthn:virtualAuthenticators: true}
Session ID: 5d626a46a20f9eebcb7ce8e84d180ed2
*** Element info: {Using=xpath, value=(.//*[normalize-space(text()) and normalize-space(.)='Help'])[1]/following::span[2]}
	at org.openqa.selenium.remote.http.W3CHttpResponseCodec.createException(W3CHttpResponseCodec.java:187)
	at org.openqa.selenium.remote.http.W3CHttpResponseCodec.decode(W3CHttpResponseCodec.java:122)
	at org.openqa.selenium.remote.http.W3CHttpResponseCodec.decode(W3CHttpResponseCodec.java:49)
	at org.openqa.selenium.remote.HttpCommandExecutor.execute(HttpCommandExecutor.java:158)
	at org.openqa.selenium.remote.service.DriverCommandExecutor.execute(DriverCommandExecutor.java:83)
	at org.openqa.selenium.remote.RemoteWebDriver.execute(RemoteWebDriver.java:552)
	at com.kms.katalon.selenium.driver.CChromeDriver.execute(CChromeDriver.java:19)
	at org.openqa.selenium.remote.RemoteWebDriver.findElements(RemoteWebDriver.java:353)
	at org.openqa.selenium.remote.RemoteWebDriver.findElementsByXPath(RemoteWebDriver.java:432)
	at org.openqa.selenium.By$ByXPath.findElements(By.java:348)
	at org.openqa.selenium.remote.RemoteWebDriver.findElements(RemoteWebDriver.java:311)
	at org.openqa.selenium.support.events.EventFiringWebDriver.lambda$new$1(EventFiringWebDriver.java:105)
	at com.sun.proxy.$Proxy8.findElements(Unknown Source)
	at org.openqa.selenium.support.events.EventFiringWebDriver.findElements(EventFiringWebDriver.java:182)
	at com.kms.katalon.core.webui.common.WebUiCommonHelper.findWebElements(WebUiCommonHelper.java:789)
	at com.kms.katalon.core.webui.common.WebUiCommonHelper.findWebElement(WebUiCommonHelper.java:1150)
	at com.kms.katalon.core.webui.keyword.internal.WebUIAbstractKeyword.findWebElement(WebUIAbstractKeyword.groovy:27)
	at com.kms.katalon.core.webui.keyword.internal.WebUIAbstractKeyword.findWebElement(WebUIAbstractKeyword.groovy:26)
	at com.kms.katalon.core.webui.keyword.builtin.ClickKeyword$_click_closure1.doCall(ClickKeyword.groovy:67)
	at com.kms.katalon.core.webui.keyword.builtin.ClickKeyword$_click_closure1.call(ClickKeyword.groovy)
	at com.kms.katalon.core.webui.keyword.internal.WebUIKeywordMain.runKeyword(WebUIKeywordMain.groovy:20)
	at com.kms.katalon.core.webui.keyword.builtin.ClickKeyword.click(ClickKeyword.groovy:76)
	at com.kms.katalon.core.webui.keyword.builtin.ClickKeyword.execute(ClickKeyword.groovy:43)
	at com.kms.katalon.core.keyword.internal.KeywordExecutor.executeKeywordForPlatform(KeywordExecutor.groovy:72)
	at com.kms.katalon.core.webui.keyword.WebUiBuiltInKeywords.click(WebUiBuiltInKeywords.groovy:616)
	at com.kms.katalon.core.webui.keyword.WebUiBuiltInKeywords$click$3.call(Unknown Source)
	at Script1591272532459.run(Script1591272532459.groovy:23)
	at com.kms.katalon.core.main.ScriptEngine.run(ScriptEngine.java:194)
	at com.kms.katalon.core.main.ScriptEngine.runScriptAsRawText(ScriptEngine.java:119)
	at com.kms.katalon.core.main.TestCaseExecutor.runScript(TestCaseExecutor.java:337)
	at com.kms.katalon.core.main.TestCaseExecutor.doExecute(TestCaseExecutor.java:328)
	at com.kms.katalon.core.main.TestCaseExecutor.processExecutionPhase(TestCaseExecutor.java:307)
	at com.kms.katalon.core.main.TestCaseExecutor.accessMainPhase(TestCaseExecutor.java:299)
	at com.kms.katalon.core.main.TestCaseExecutor.execute(TestCaseExecutor.java:233)
	at com.kms.katalon.core.main.TestCaseMain.runTestCase(TestCaseMain.java:114)
	at com.kms.katalon.core.keyword.builtin.CallTestCaseKeyword$_callTestCase_closure1.doCall(CallTestCaseKeyword.groovy:59)
	at com.kms.katalon.core.keyword.builtin.CallTestCaseKeyword$_callTestCase_closure1.call(CallTestCaseKeyword.groovy)
	at com.kms.katalon.core.keyword.internal.KeywordMain.runKeyword(KeywordMain.groovy:68)
	at com.kms.katalon.core.keyword.builtin.CallTestCaseKeyword.callTestCase(CallTestCaseKeyword.groovy:81)
	at com.kms.katalon.core.keyword.builtin.CallTestCaseKeyword.execute(CallTestCaseKeyword.groovy:44)
	at com.kms.katalon.core.keyword.internal.KeywordExecutor.executeKeywordForPlatform(KeywordExecutor.groovy:72)
	at com.kms.katalon.core.keyword.BuiltinKeywords.callTestCase(BuiltinKeywords.groovy:334)
	at Script1591272512675.run(Script1591272512675.groovy:21)
	... 13 more
)

2020-06-05 13:47:58 - [MESSAGE][FAILED] - Unable to call Test Case 'Test Cases/1612893/TC_ViewInfo' (Root cause: com.kms.katalon.core.exception.StepFailedException: Call Test Case 'Test Cases/1612893/TC_ViewInfo' failed
	at com.kms.katalon.core.keyword.builtin.CallTestCaseKeyword$_callTestCase_closure1.doCall(CallTestCaseKeyword.groovy:63)
	at com.kms.katalon.core.keyword.builtin.CallTestCaseKeyword$_callTestCase_closure1.call(CallTestCaseKeyword.groovy)
	at com.kms.katalon.core.keyword.internal.KeywordMain.runKeyword(KeywordMain.groovy:68)
	at com.kms.katalon.core.keyword.builtin.CallTestCaseKeyword.callTestCase(CallTestCaseKeyword.groovy:81)
	at com.kms.katalon.core.keyword.builtin.CallTestCaseKeyword.execute(CallTestCaseKeyword.groovy:44)
	at com.kms.katalon.core.keyword.internal.KeywordExecutor.executeKeywordForPlatform(KeywordExecutor.groovy:72)
	at com.kms.katalon.core.keyword.BuiltinKeywords.callTestCase(BuiltinKeywords.groovy:334)
	at TC_48_ViewInfo.run(TC_48_ViewInfo:21)
	at com.kms.katalon.core.main.ScriptEngine.run(ScriptEngine.java:194)
	at com.kms.katalon.core.main.ScriptEngine.runScriptAsRawText(ScriptEngine.java:119)
	at com.kms.katalon.core.main.TestCaseExecutor.runScript(TestCaseExecutor.java:337)
	at com.kms.katalon.core.main.TestCaseExecutor.doExecute(TestCaseExecutor.java:328)
	at com.kms.katalon.core.main.TestCaseExecutor.processExecutionPhase(TestCaseExecutor.java:307)
	at com.kms.katalon.core.main.TestCaseExecutor.accessMainPhase(TestCaseExecutor.java:299)
	at com.kms.katalon.core.main.TestCaseExecutor.execute(TestCaseExecutor.java:233)
	at com.kms.katalon.core.main.TestSuiteExecutor.accessTestCaseMainPhase(TestSuiteExecutor.java:169)
	at com.kms.katalon.core.main.TestSuiteExecutor.accessTestSuiteMainPhase(TestSuiteExecutor.java:142)
	at com.kms.katalon.core.main.TestSuiteExecutor.execute(TestSuiteExecutor.java:91)
	at com.kms.katalon.core.main.TestCaseMain.startTestSuite(TestCaseMain.java:157)
	at com.kms.katalon.core.main.TestCaseMain$startTestSuite$0.call(Unknown Source)
	at TempTestSuite1591337386301.run(TempTestSuite1591337386301.groovy:37)
Caused by: com.kms.katalon.core.exception.StepFailedException: Unable to click on object 'Object Repository/1612893/ViewInfo/Page_Thanh set Channel name - hcmus-cdnc-te_a699a0/span_'
	at com.kms.katalon.core.webui.keyword.internal.WebUIKeywordMain.stepFailed(WebUIKeywordMain.groovy:64)
	at com.kms.katalon.core.webui.keyword.internal.WebUIKeywordMain.runKeyword(WebUIKeywordMain.groovy:26)
	at com.kms.katalon.core.webui.keyword.builtin.ClickKeyword.click(ClickKeyword.groovy:76)
	at com.kms.katalon.core.webui.keyword.builtin.ClickKeyword.execute(ClickKeyword.groovy:43)
	at com.kms.katalon.core.keyword.internal.KeywordExecutor.executeKeywordForPlatform(KeywordExecutor.groovy:72)
	at com.kms.katalon.core.webui.keyword.WebUiBuiltInKeywords.click(WebUiBuiltInKeywords.groovy:616)
	at com.kms.katalon.core.webui.keyword.WebUiBuiltInKeywords$click$3.call(Unknown Source)
	at TC_ViewInfo.run(TC_ViewInfo:23)
	at com.kms.katalon.core.main.ScriptEngine.run(ScriptEngine.java:194)
	at com.kms.katalon.core.main.ScriptEngine.runScriptAsRawText(ScriptEngine.java:119)
	at com.kms.katalon.core.main.TestCaseExecutor.runScript(TestCaseExecutor.java:337)
	at com.kms.katalon.core.main.TestCaseExecutor.doExecute(TestCaseExecutor.java:328)
	at com.kms.katalon.core.main.TestCaseExecutor.processExecutionPhase(TestCaseExecutor.java:307)
	at com.kms.katalon.core.main.TestCaseExecutor.accessMainPhase(TestCaseExecutor.java:299)
	at com.kms.katalon.core.main.TestCaseExecutor.execute(TestCaseExecutor.java:233)
	at com.kms.katalon.core.main.TestCaseMain.runTestCase(TestCaseMain.java:114)
	at com.kms.katalon.core.keyword.builtin.CallTestCaseKeyword$_callTestCase_closure1.doCall(CallTestCaseKeyword.groovy:59)
	... 20 more
Caused by: org.openqa.selenium.NoSuchWindowException: no such window: target window already closed
from unknown error: web view not found
  (Session info: chrome=83.0.4103.97)
Build info: version: '3.141.59', revision: 'e82be7d358', time: '2018-11-14T08:25:53'
System info: host: 'DESKTOP-SGC4F2H', ip: '172.25.32.1', os.name: 'Windows 10', os.arch: 'amd64', os.version: '10.0', java.version: '1.8.0_181'
Driver info: com.kms.katalon.selenium.driver.CChromeDriver
Capabilities {acceptInsecureCerts: false, browserName: chrome, browserVersion: 83.0.4103.97, chrome: {chromedriverVersion: 83.0.4103.39 (ccbf011cb2d2b..., userDataDir: C:\Users\Thanh\AppData\Loca...}, goog:chromeOptions: {debuggerAddress: localhost:49180}, javascriptEnabled: true, networkConnectionEnabled: false, pageLoadStrategy: normal, platform: WINDOWS, platformName: WINDOWS, proxy: Proxy(), setWindowRect: true, strictFileInteractability: false, timeouts: {implicit: 0, pageLoad: 300000, script: 30000}, unhandledPromptBehavior: dismiss and notify, webauthn:virtualAuthenticators: true}
Session ID: 5d626a46a20f9eebcb7ce8e84d180ed2
*** Element info: {Using=xpath, value=(.//*[normalize-space(text()) and normalize-space(.)='Help'])[1]/following::span[2]}
	at org.openqa.selenium.remote.http.W3CHttpResponseCodec.createException(W3CHttpResponseCodec.java:187)
	at org.openqa.selenium.remote.http.W3CHttpResponseCodec.decode(W3CHttpResponseCodec.java:122)
	at org.openqa.selenium.remote.http.W3CHttpResponseCodec.decode(W3CHttpResponseCodec.java:49)
	at org.openqa.selenium.remote.HttpCommandExecutor.execute(HttpCommandExecutor.java:158)
	at org.openqa.selenium.remote.service.DriverCommandExecutor.execute(DriverCommandExecutor.java:83)
	at org.openqa.selenium.remote.RemoteWebDriver.execute(RemoteWebDriver.java:552)
	at com.kms.katalon.selenium.driver.CChromeDriver.execute(CChromeDriver.java:19)
	at org.openqa.selenium.remote.RemoteWebDriver.findElements(RemoteWebDriver.java:353)
	at org.openqa.selenium.remote.RemoteWebDriver.findElementsByXPath(RemoteWebDriver.java:432)
	at org.openqa.selenium.By$ByXPath.findElements(By.java:348)
	at org.openqa.selenium.remote.RemoteWebDriver.findElements(RemoteWebDriver.java:311)
	at org.openqa.selenium.support.events.EventFiringWebDriver.lambda$new$1(EventFiringWebDriver.java:105)
	at com.sun.proxy.$Proxy8.findElements(Unknown Source)
	at org.openqa.selenium.support.events.EventFiringWebDriver.findElements(EventFiringWebDriver.java:182)
	at com.kms.katalon.core.webui.common.WebUiCommonHelper.findWebElements(WebUiCommonHelper.java:789)
	at com.kms.katalon.core.webui.common.WebUiCommonHelper.findWebElement(WebUiCommonHelper.java:1150)
	at com.kms.katalon.core.webui.keyword.internal.WebUIAbstractKeyword.findWebElement(WebUIAbstractKeyword.groovy:27)
	at com.kms.katalon.core.webui.keyword.internal.WebUIAbstractKeyword.findWebElement(WebUIAbstractKeyword.groovy:26)
	at com.kms.katalon.core.webui.keyword.builtin.ClickKeyword$_click_closure1.doCall(ClickKeyword.groovy:67)
	at com.kms.katalon.core.webui.keyword.builtin.ClickKeyword$_click_closure1.call(ClickKeyword.groovy)
	at com.kms.katalon.core.webui.keyword.internal.WebUIKeywordMain.runKeyword(WebUIKeywordMain.groovy:20)
	... 35 more
)]]></system-out>
         <system-err><![CDATA[2020-06-05 13:47:45 - [TEST_CASE][FAILED] - Test Cases/1612893/TC_48_ViewInfo: Test Cases/1612893/TC_48_ViewInfo FAILED.
Reason:
com.kms.katalon.core.exception.StepFailedException: Call Test Case 'Test Cases/1612893/TC_ViewInfo' failed
	at com.kms.katalon.core.keyword.builtin.CallTestCaseKeyword$_callTestCase_closure1.doCall(CallTestCaseKeyword.groovy:63)
	at com.kms.katalon.core.keyword.builtin.CallTestCaseKeyword$_callTestCase_closure1.call(CallTestCaseKeyword.groovy)
	at com.kms.katalon.core.keyword.internal.KeywordMain.runKeyword(KeywordMain.groovy:68)
	at com.kms.katalon.core.keyword.builtin.CallTestCaseKeyword.callTestCase(CallTestCaseKeyword.groovy:81)
	at com.kms.katalon.core.keyword.builtin.CallTestCaseKeyword.execute(CallTestCaseKeyword.groovy:44)
	at com.kms.katalon.core.keyword.internal.KeywordExecutor.executeKeywordForPlatform(KeywordExecutor.groovy:72)
	at com.kms.katalon.core.keyword.BuiltinKeywords.callTestCase(BuiltinKeywords.groovy:334)
	at TC_48_ViewInfo.run(TC_48_ViewInfo:21)
	at com.kms.katalon.core.main.ScriptEngine.run(ScriptEngine.java:194)
	at com.kms.katalon.core.main.ScriptEngine.runScriptAsRawText(ScriptEngine.java:119)
	at com.kms.katalon.core.main.TestCaseExecutor.runScript(TestCaseExecutor.java:337)
	at com.kms.katalon.core.main.TestCaseExecutor.doExecute(TestCaseExecutor.java:328)
	at com.kms.katalon.core.main.TestCaseExecutor.processExecutionPhase(TestCaseExecutor.java:307)
	at com.kms.katalon.core.main.TestCaseExecutor.accessMainPhase(TestCaseExecutor.java:299)
	at com.kms.katalon.core.main.TestCaseExecutor.execute(TestCaseExecutor.java:233)
	at com.kms.katalon.core.main.TestSuiteExecutor.accessTestCaseMainPhase(TestSuiteExecutor.java:169)
	at com.kms.katalon.core.main.TestSuiteExecutor.accessTestSuiteMainPhase(TestSuiteExecutor.java:142)
	at com.kms.katalon.core.main.TestSuiteExecutor.execute(TestSuiteExecutor.java:91)
	at com.kms.katalon.core.main.TestCaseMain.startTestSuite(TestCaseMain.java:157)
	at com.kms.katalon.core.main.TestCaseMain$startTestSuite$0.call(Unknown Source)
	at TempTestSuite1591337386301.run(TempTestSuite1591337386301.groovy:37)
Caused by: com.kms.katalon.core.exception.StepFailedException: Unable to click on object 'Object Repository/1612893/ViewInfo/Page_Thanh set Channel name - hcmus-cdnc-te_a699a0/span_'
	at com.kms.katalon.core.webui.keyword.internal.WebUIKeywordMain.stepFailed(WebUIKeywordMain.groovy:64)
	at com.kms.katalon.core.webui.keyword.internal.WebUIKeywordMain.runKeyword(WebUIKeywordMain.groovy:26)
	at com.kms.katalon.core.webui.keyword.builtin.ClickKeyword.click(ClickKeyword.groovy:76)
	at com.kms.katalon.core.webui.keyword.builtin.ClickKeyword.execute(ClickKeyword.groovy:43)
	at com.kms.katalon.core.keyword.internal.KeywordExecutor.executeKeywordForPlatform(KeywordExecutor.groovy:72)
	at com.kms.katalon.core.webui.keyword.WebUiBuiltInKeywords.click(WebUiBuiltInKeywords.groovy:616)
	at com.kms.katalon.core.webui.keyword.WebUiBuiltInKeywords$click$3.call(Unknown Source)
	at TC_ViewInfo.run(TC_ViewInfo:23)
	at com.kms.katalon.core.main.ScriptEngine.run(ScriptEngine.java:194)
	at com.kms.katalon.core.main.ScriptEngine.runScriptAsRawText(ScriptEngine.java:119)
	at com.kms.katalon.core.main.TestCaseExecutor.runScript(TestCaseExecutor.java:337)
	at com.kms.katalon.core.main.TestCaseExecutor.doExecute(TestCaseExecutor.java:328)
	at com.kms.katalon.core.main.TestCaseExecutor.processExecutionPhase(TestCaseExecutor.java:307)
	at com.kms.katalon.core.main.TestCaseExecutor.accessMainPhase(TestCaseExecutor.java:299)
	at com.kms.katalon.core.main.TestCaseExecutor.execute(TestCaseExecutor.java:233)
	at com.kms.katalon.core.main.TestCaseMain.runTestCase(TestCaseMain.java:114)
	at com.kms.katalon.core.keyword.builtin.CallTestCaseKeyword$_callTestCase_closure1.doCall(CallTestCaseKeyword.groovy:59)
	... 20 more
Caused by: org.openqa.selenium.NoSuchWindowException: no such window: target window already closed
from unknown error: web view not found
  (Session info: chrome=83.0.4103.97)
Build info: version: '3.141.59', revision: 'e82be7d358', time: '2018-11-14T08:25:53'
System info: host: 'DESKTOP-SGC4F2H', ip: '172.25.32.1', os.name: 'Windows 10', os.arch: 'amd64', os.version: '10.0', java.version: '1.8.0_181'
Driver info: com.kms.katalon.selenium.driver.CChromeDriver
Capabilities {acceptInsecureCerts: false, browserName: chrome, browserVersion: 83.0.4103.97, chrome: {chromedriverVersion: 83.0.4103.39 (ccbf011cb2d2b..., userDataDir: C:\Users\Thanh\AppData\Loca...}, goog:chromeOptions: {debuggerAddress: localhost:49180}, javascriptEnabled: true, networkConnectionEnabled: false, pageLoadStrategy: normal, platform: WINDOWS, platformName: WINDOWS, proxy: Proxy(), setWindowRect: true, strictFileInteractability: false, timeouts: {implicit: 0, pageLoad: 300000, script: 30000}, unhandledPromptBehavior: dismiss and notify, webauthn:virtualAuthenticators: true}
Session ID: 5d626a46a20f9eebcb7ce8e84d180ed2
*** Element info: {Using=xpath, value=(.//*[normalize-space(text()) and normalize-space(.)='Help'])[1]/following::span[2]}
	at org.openqa.selenium.remote.http.W3CHttpResponseCodec.createException(W3CHttpResponseCodec.java:187)
	at org.openqa.selenium.remote.http.W3CHttpResponseCodec.decode(W3CHttpResponseCodec.java:122)
	at org.openqa.selenium.remote.http.W3CHttpResponseCodec.decode(W3CHttpResponseCodec.java:49)
	at org.openqa.selenium.remote.HttpCommandExecutor.execute(HttpCommandExecutor.java:158)
	at org.openqa.selenium.remote.service.DriverCommandExecutor.execute(DriverCommandExecutor.java:83)
	at org.openqa.selenium.remote.RemoteWebDriver.execute(RemoteWebDriver.java:552)
	at com.kms.katalon.selenium.driver.CChromeDriver.execute(CChromeDriver.java:19)
	at org.openqa.selenium.remote.RemoteWebDriver.findElements(RemoteWebDriver.java:353)
	at org.openqa.selenium.remote.RemoteWebDriver.findElementsByXPath(RemoteWebDriver.java:432)
	at org.openqa.selenium.By$ByXPath.findElements(By.java:348)
	at org.openqa.selenium.remote.RemoteWebDriver.findElements(RemoteWebDriver.java:311)
	at org.openqa.selenium.support.events.EventFiringWebDriver.lambda$new$1(EventFiringWebDriver.java:105)
	at com.sun.proxy.$Proxy8.findElements(Unknown Source)
	at org.openqa.selenium.support.events.EventFiringWebDriver.findElements(EventFiringWebDriver.java:182)
	at com.kms.katalon.core.webui.common.WebUiCommonHelper.findWebElements(WebUiCommonHelper.java:789)
	at com.kms.katalon.core.webui.common.WebUiCommonHelper.findWebElement(WebUiCommonHelper.java:1150)
	at com.kms.katalon.core.webui.keyword.internal.WebUIAbstractKeyword.findWebElement(WebUIAbstractKeyword.groovy:27)
	at com.kms.katalon.core.webui.keyword.internal.WebUIAbstractKeyword.findWebElement(WebUIAbstractKeyword.groovy:26)
	at com.kms.katalon.core.webui.keyword.builtin.ClickKeyword$_click_closure1.doCall(ClickKeyword.groovy:67)
	at com.kms.katalon.core.webui.keyword.builtin.ClickKeyword$_click_closure1.call(ClickKeyword.groovy)
	at com.kms.katalon.core.webui.keyword.internal.WebUIKeywordMain.runKeyword(WebUIKeywordMain.groovy:20)
	... 35 more]]></system-err>
      </testcase>
      <testcase name="Test Cases/1612893/TC_49_PinPost" time="14.538" classname="Test Cases/1612893/TC_49_PinPost" status="PASSED">
         <system-out><![CDATA[2020-06-05 13:47:58 - [TEST_CASE][PASSED] - Test Cases/1612893/TC_49_PinPost: Test Cases/1612893/TC_49_PinPost

2020-06-05 13:47:58 - [TEST_STEP][PASSED] - callTestCase(findTestCase("1612893/TC_Login"), ["username":"hcmus-cdnc@gmail.com", "password":"aeHFOx8jV/A="], STOP_ON_FAILURE): Call Test Case 'Test Cases/1612893/TC_Login' successfully

2020-06-05 13:47:59 - [TEST_CASE][PASSED] - Test Cases/1612893/TC_Login: Test Cases/1612893/TC_Login

2020-06-05 13:47:59 - [TEST_STEP][PASSED] - openBrowser(""): Browser is opened with url: ''

2020-06-05 13:47:59 - [MESSAGE][WARNING] - A browser is already opened. Closing browser and opening a new one

2020-06-05 13:47:59 - [MESSAGE][INFO] - Starting 'Chrome' driver

2020-06-05 13:47:59 - [MESSAGE][INFO] - Action delay is set to 0 milliseconds

2020-06-05 13:48:03 - [MESSAGE][PASSED] - Browser is opened with url: ''

2020-06-05 13:48:03 - [TEST_STEP][PASSED] - navigateToUrl("http://localhost:8065/login"): Navigate to 'http://localhost:8065/login' successfully

2020-06-05 13:48:04 - [MESSAGE][PASSED] - Navigate to 'http://localhost:8065/login' successfully

2020-06-05 13:48:04 - [TEST_STEP][PASSED] - setText(findTestObject("Object Repository/1612427/01_Login/Page_Mattermost/input_All team communication in one place s_703ef5"), "hcmus-cdnc@gmail.com"): Text 'hcmus-cdnc@gmail.com' is set on object 'Object Repository/1612427/01_Login/Page_Mattermost/input_All team communication in one place s_703ef5'

2020-06-05 13:48:06 - [MESSAGE][PASSED] - Text 'hcmus-cdnc@gmail.com' is set on object 'Object Repository/1612427/01_Login/Page_Mattermost/input_All team communication in one place s_703ef5'

2020-06-05 13:48:06 - [TEST_STEP][PASSED] - setEncryptedText(findTestObject("Object Repository/1612427/01_Login/Page_Mattermost/input_All team communication in one place s_2f2733"), "aeHFOx8jV/A="): Text ****** has been set on object 'Object Repository/1612427/01_Login/Page_Mattermost/input_All team communication in one place s_2f2733'

2020-06-05 13:48:07 - [MESSAGE][PASSED] - Text ****** has been set on object 'Object Repository/1612427/01_Login/Page_Mattermost/input_All team communication in one place s_2f2733'

2020-06-05 13:48:07 - [TEST_STEP][PASSED] - click(findTestObject("Object Repository/1612427/01_Login/Page_Mattermost/span_Sign in")): Object: 'Object Repository/1612427/01_Login/Page_Mattermost/span_Sign in' is clicked on

2020-06-05 13:48:07 - [MESSAGE][PASSED] - Object: 'Object Repository/1612427/01_Login/Page_Mattermost/span_Sign in' is clicked on

2020-06-05 13:48:07 - [MESSAGE][PASSED] - Call Test Case 'Test Cases/1612893/TC_Login' successfully

2020-06-05 13:48:07 - [TEST_STEP][PASSED] - callTestCase(findTestCase("1612893/TC_PinPost"), [:], STOP_ON_FAILURE): Call Test Case 'Test Cases/1612893/TC_PinPost' successfully

2020-06-05 13:48:07 - [TEST_CASE][PASSED] - Test Cases/1612893/TC_PinPost: Test Cases/1612893/TC_PinPost

2020-06-05 13:48:08 - [TEST_STEP][PASSED] - click(findTestObject("Object Repository/1612893/PinPost/Page_Thanh set Channel name - hcmus-cdnc-te_a699a0/button_Thanh set Channel name_channelHeader_632246")): Object: 'Object Repository/1612893/PinPost/Page_Thanh set Channel name - hcmus-cdnc-te_a699a0/button_Thanh set Channel name_channelHeader_632246' is clicked on

2020-06-05 13:48:11 - [MESSAGE][PASSED] - Object: 'Object Repository/1612893/PinPost/Page_Thanh set Channel name - hcmus-cdnc-te_a699a0/button_Thanh set Channel name_channelHeader_632246' is clicked on

2020-06-05 13:48:11 - [TEST_STEP][PASSED] - closeBrowser(): Browser is closed

2020-06-05 13:48:13 - [MESSAGE][PASSED] - Browser is closed

2020-06-05 13:48:13 - [MESSAGE][PASSED] - Call Test Case 'Test Cases/1612893/TC_PinPost' successfully]]></system-out>
         <system-err><![CDATA[]]></system-err>
      </testcase>
      <testcase name="Test Cases/1612893/TC_50_AddToFavorite" time="12.595" classname="Test Cases/1612893/TC_50_AddToFavorite" status="PASSED">
         <system-out><![CDATA[2020-06-05 13:48:13 - [TEST_CASE][PASSED] - Test Cases/1612893/TC_50_AddToFavorite: Test Cases/1612893/TC_50_AddToFavorite

2020-06-05 13:48:13 - [TEST_STEP][PASSED] - callTestCase(findTestCase("1612893/TC_Login"), ["username":"hcmus-cdnc@gmail.com", "password":"aeHFOx8jV/A="], STOP_ON_FAILURE): Call Test Case 'Test Cases/1612893/TC_Login' successfully

2020-06-05 13:48:13 - [TEST_CASE][PASSED] - Test Cases/1612893/TC_Login: Test Cases/1612893/TC_Login

2020-06-05 13:48:13 - [TEST_STEP][PASSED] - openBrowser(""): Browser is opened with url: ''

2020-06-05 13:48:13 - [MESSAGE][INFO] - Starting 'Chrome' driver

2020-06-05 13:48:13 - [MESSAGE][INFO] - Action delay is set to 0 milliseconds

2020-06-05 13:48:16 - [MESSAGE][PASSED] - Browser is opened with url: ''

2020-06-05 13:48:16 - [TEST_STEP][PASSED] - navigateToUrl("http://localhost:8065/login"): Navigate to 'http://localhost:8065/login' successfully

2020-06-05 13:48:18 - [MESSAGE][PASSED] - Navigate to 'http://localhost:8065/login' successfully

2020-06-05 13:48:18 - [TEST_STEP][PASSED] - setText(findTestObject("Object Repository/1612427/01_Login/Page_Mattermost/input_All team communication in one place s_703ef5"), "hcmus-cdnc@gmail.com"): Text 'hcmus-cdnc@gmail.com' is set on object 'Object Repository/1612427/01_Login/Page_Mattermost/input_All team communication in one place s_703ef5'

2020-06-05 13:48:20 - [MESSAGE][PASSED] - Text 'hcmus-cdnc@gmail.com' is set on object 'Object Repository/1612427/01_Login/Page_Mattermost/input_All team communication in one place s_703ef5'

2020-06-05 13:48:20 - [TEST_STEP][PASSED] - setEncryptedText(findTestObject("Object Repository/1612427/01_Login/Page_Mattermost/input_All team communication in one place s_2f2733"), "aeHFOx8jV/A="): Text ****** has been set on object 'Object Repository/1612427/01_Login/Page_Mattermost/input_All team communication in one place s_2f2733'

2020-06-05 13:48:20 - [MESSAGE][PASSED] - Text ****** has been set on object 'Object Repository/1612427/01_Login/Page_Mattermost/input_All team communication in one place s_2f2733'

2020-06-05 13:48:20 - [TEST_STEP][PASSED] - click(findTestObject("Object Repository/1612427/01_Login/Page_Mattermost/span_Sign in")): Object: 'Object Repository/1612427/01_Login/Page_Mattermost/span_Sign in' is clicked on

2020-06-05 13:48:21 - [MESSAGE][PASSED] - Object: 'Object Repository/1612427/01_Login/Page_Mattermost/span_Sign in' is clicked on

2020-06-05 13:48:21 - [MESSAGE][PASSED] - Call Test Case 'Test Cases/1612893/TC_Login' successfully

2020-06-05 13:48:21 - [TEST_STEP][PASSED] - callTestCase(findTestCase("1612893/TC_AddToFavorite"), [:], STOP_ON_FAILURE): Call Test Case 'Test Cases/1612893/TC_AddToFavorite' successfully

2020-06-05 13:48:21 - [TEST_CASE][PASSED] - Test Cases/1612893/TC_AddToFavorite: Test Cases/1612893/TC_AddToFavorite

2020-06-05 13:48:21 - [TEST_STEP][PASSED] - click(findTestObject("Object Repository/1612893/AddToFavorite/Page_Thanh set Channel name - hcmus-cdnc-te_a699a0/i_Drop a file to upload it_icon fa fa-star-o")): Object: 'Object Repository/1612893/AddToFavorite/Page_Thanh set Channel name - hcmus-cdnc-te_a699a0/i_Drop a file to upload it_icon fa fa-star-o' is clicked on

2020-06-05 13:48:25 - [MESSAGE][PASSED] - Object: 'Object Repository/1612893/AddToFavorite/Page_Thanh set Channel name - hcmus-cdnc-te_a699a0/i_Drop a file to upload it_icon fa fa-star-o' is clicked on

2020-06-05 13:48:25 - [TEST_STEP][PASSED] - closeBrowser(): Browser is closed

2020-06-05 13:48:25 - [MESSAGE][PASSED] - Browser is closed

2020-06-05 13:48:25 - [MESSAGE][PASSED] - Call Test Case 'Test Cases/1612893/TC_AddToFavorite' successfully]]></system-out>
         <system-err><![CDATA[]]></system-err>
      </testcase>
      <system-out><![CDATA[2020-06-05 13:09:56 - [TEST_SUITE][FAILED] - Run all test cases: Test Cases/1612427/02_ChangePassword FAILED.
Reason:
com.kms.katalon.core.exception.StepFailedException: Unable to click on object 'Object Repository/1612427/02_ChangePassword/Page_Town Square - minus Mattermost/span'
	at com.kms.katalon.core.webui.keyword.internal.WebUIKeywordMain.stepFailed(WebUIKeywordMain.groovy:64)
	at com.kms.katalon.core.webui.keyword.internal.WebUIKeywordMain.runKeyword(WebUIKeywordMain.groovy:26)
	at com.kms.katalon.core.webui.keyword.builtin.ClickKeyword.click(ClickKeyword.groovy:76)
	at com.kms.katalon.core.webui.keyword.builtin.ClickKeyword.execute(ClickKeyword.groovy:43)
	at com.kms.katalon.core.keyword.internal.KeywordExecutor.executeKeywordForPlatform(KeywordExecutor.groovy:72)
	at com.kms.katalon.core.webui.keyword.WebUiBuiltInKeywords.click(WebUiBuiltInKeywords.groovy:616)
	at com.kms.katalon.core.webui.keyword.WebUiBuiltInKeywords$click$3.call(Unknown Source)
	at 02_ChangePassword.run(02_ChangePassword:31)
	at com.kms.katalon.core.main.ScriptEngine.run(ScriptEngine.java:194)
	at com.kms.katalon.core.main.ScriptEngine.runScriptAsRawText(ScriptEngine.java:119)
	at com.kms.katalon.core.main.TestCaseExecutor.runScript(TestCaseExecutor.java:337)
	at com.kms.katalon.core.main.TestCaseExecutor.doExecute(TestCaseExecutor.java:328)
	at com.kms.katalon.core.main.TestCaseExecutor.processExecutionPhase(TestCaseExecutor.java:307)
	at com.kms.katalon.core.main.TestCaseExecutor.accessMainPhase(TestCaseExecutor.java:299)
	at com.kms.katalon.core.main.TestCaseExecutor.execute(TestCaseExecutor.java:233)
	at com.kms.katalon.core.main.TestSuiteExecutor.accessTestCaseMainPhase(TestSuiteExecutor.java:169)
	at com.kms.katalon.core.main.TestSuiteExecutor.accessTestSuiteMainPhase(TestSuiteExecutor.java:142)
	at com.kms.katalon.core.main.TestSuiteExecutor.execute(TestSuiteExecutor.java:91)
	at com.kms.katalon.core.main.TestCaseMain.startTestSuite(TestCaseMain.java:157)
	at com.kms.katalon.core.main.TestCaseMain$startTestSuite$0.call(Unknown Source)
	at TempTestSuite1591337386301.run(TempTestSuite1591337386301.groovy:37)
Caused by: org.openqa.selenium.ElementNotInteractableException: element not interactable
  (Session info: chrome=83.0.4103.97)
Build info: version: '3.141.59', revision: 'e82be7d358', time: '2018-11-14T08:25:53'
System info: host: 'DESKTOP-SGC4F2H', ip: '172.25.32.1', os.name: 'Windows 10', os.arch: 'amd64', os.version: '10.0', java.version: '1.8.0_181'
Driver info: com.kms.katalon.selenium.driver.CChromeDriver
Capabilities {acceptInsecureCerts: false, browserName: chrome, browserVersion: 83.0.4103.97, chrome: {chromedriverVersion: 83.0.4103.39 (ccbf011cb2d2b..., userDataDir: C:\Users\Thanh\AppData\Loca...}, goog:chromeOptions: {debuggerAddress: localhost:61406}, javascriptEnabled: true, networkConnectionEnabled: false, pageLoadStrategy: normal, platform: WINDOWS, platformName: WINDOWS, proxy: Proxy(), setWindowRect: true, strictFileInteractability: false, timeouts: {implicit: 0, pageLoad: 300000, script: 30000}, unhandledPromptBehavior: dismiss and notify, webauthn:virtualAuthenticators: true}
Session ID: a4fd9cc46d9508b174c61c03d1cac1d1
	at org.openqa.selenium.remote.http.W3CHttpResponseCodec.createException(W3CHttpResponseCodec.java:187)
	at org.openqa.selenium.remote.http.W3CHttpResponseCodec.decode(W3CHttpResponseCodec.java:122)
	at org.openqa.selenium.remote.http.W3CHttpResponseCodec.decode(W3CHttpResponseCodec.java:49)
	at org.openqa.selenium.remote.HttpCommandExecutor.execute(HttpCommandExecutor.java:158)
	at org.openqa.selenium.remote.service.DriverCommandExecutor.execute(DriverCommandExecutor.java:83)
	at org.openqa.selenium.remote.RemoteWebDriver.execute(RemoteWebDriver.java:552)
	at com.kms.katalon.selenium.driver.CChromeDriver.execute(CChromeDriver.java:19)
	at org.openqa.selenium.remote.RemoteWebElement.execute(RemoteWebElement.java:285)
	at org.openqa.selenium.remote.RemoteWebElement.click(RemoteWebElement.java:84)
	at org.openqa.selenium.support.events.EventFiringWebDriver$EventFiringWebElement.lambda$new$0(EventFiringWebDriver.java:404)
	at com.sun.proxy.$Proxy9.click(Unknown Source)
	at org.openqa.selenium.support.events.EventFiringWebDriver$EventFiringWebElement.click(EventFiringWebDriver.java:417)
	at com.kms.katalon.core.webui.keyword.builtin.ClickKeyword$_click_closure1.doCall(ClickKeyword.groovy:69)
	at com.kms.katalon.core.webui.keyword.builtin.ClickKeyword$_click_closure1.call(ClickKeyword.groovy)
	at com.kms.katalon.core.webui.keyword.internal.WebUIKeywordMain.runKeyword(WebUIKeywordMain.groovy:20)
	... 19 more]]></system-out>
      <system-err><![CDATA[2020-06-05 13:09:56 - [TEST_SUITE][FAILED] - Run all test cases: Test Cases/1612427/02_ChangePassword FAILED.
Reason:
com.kms.katalon.core.exception.StepFailedException: Unable to click on object 'Object Repository/1612427/02_ChangePassword/Page_Town Square - minus Mattermost/span'
	at com.kms.katalon.core.webui.keyword.internal.WebUIKeywordMain.stepFailed(WebUIKeywordMain.groovy:64)
	at com.kms.katalon.core.webui.keyword.internal.WebUIKeywordMain.runKeyword(WebUIKeywordMain.groovy:26)
	at com.kms.katalon.core.webui.keyword.builtin.ClickKeyword.click(ClickKeyword.groovy:76)
	at com.kms.katalon.core.webui.keyword.builtin.ClickKeyword.execute(ClickKeyword.groovy:43)
	at com.kms.katalon.core.keyword.internal.KeywordExecutor.executeKeywordForPlatform(KeywordExecutor.groovy:72)
	at com.kms.katalon.core.webui.keyword.WebUiBuiltInKeywords.click(WebUiBuiltInKeywords.groovy:616)
	at com.kms.katalon.core.webui.keyword.WebUiBuiltInKeywords$click$3.call(Unknown Source)
	at 02_ChangePassword.run(02_ChangePassword:31)
	at com.kms.katalon.core.main.ScriptEngine.run(ScriptEngine.java:194)
	at com.kms.katalon.core.main.ScriptEngine.runScriptAsRawText(ScriptEngine.java:119)
	at com.kms.katalon.core.main.TestCaseExecutor.runScript(TestCaseExecutor.java:337)
	at com.kms.katalon.core.main.TestCaseExecutor.doExecute(TestCaseExecutor.java:328)
	at com.kms.katalon.core.main.TestCaseExecutor.processExecutionPhase(TestCaseExecutor.java:307)
	at com.kms.katalon.core.main.TestCaseExecutor.accessMainPhase(TestCaseExecutor.java:299)
	at com.kms.katalon.core.main.TestCaseExecutor.execute(TestCaseExecutor.java:233)
	at com.kms.katalon.core.main.TestSuiteExecutor.accessTestCaseMainPhase(TestSuiteExecutor.java:169)
	at com.kms.katalon.core.main.TestSuiteExecutor.accessTestSuiteMainPhase(TestSuiteExecutor.java:142)
	at com.kms.katalon.core.main.TestSuiteExecutor.execute(TestSuiteExecutor.java:91)
	at com.kms.katalon.core.main.TestCaseMain.startTestSuite(TestCaseMain.java:157)
	at com.kms.katalon.core.main.TestCaseMain$startTestSuite$0.call(Unknown Source)
	at TempTestSuite1591337386301.run(TempTestSuite1591337386301.groovy:37)
Caused by: org.openqa.selenium.ElementNotInteractableException: element not interactable
  (Session info: chrome=83.0.4103.97)
Build info: version: '3.141.59', revision: 'e82be7d358', time: '2018-11-14T08:25:53'
System info: host: 'DESKTOP-SGC4F2H', ip: '172.25.32.1', os.name: 'Windows 10', os.arch: 'amd64', os.version: '10.0', java.version: '1.8.0_181'
Driver info: com.kms.katalon.selenium.driver.CChromeDriver
Capabilities {acceptInsecureCerts: false, browserName: chrome, browserVersion: 83.0.4103.97, chrome: {chromedriverVersion: 83.0.4103.39 (ccbf011cb2d2b..., userDataDir: C:\Users\Thanh\AppData\Loca...}, goog:chromeOptions: {debuggerAddress: localhost:61406}, javascriptEnabled: true, networkConnectionEnabled: false, pageLoadStrategy: normal, platform: WINDOWS, platformName: WINDOWS, proxy: Proxy(), setWindowRect: true, strictFileInteractability: false, timeouts: {implicit: 0, pageLoad: 300000, script: 30000}, unhandledPromptBehavior: dismiss and notify, webauthn:virtualAuthenticators: true}
Session ID: a4fd9cc46d9508b174c61c03d1cac1d1
	at org.openqa.selenium.remote.http.W3CHttpResponseCodec.createException(W3CHttpResponseCodec.java:187)
	at org.openqa.selenium.remote.http.W3CHttpResponseCodec.decode(W3CHttpResponseCodec.java:122)
	at org.openqa.selenium.remote.http.W3CHttpResponseCodec.decode(W3CHttpResponseCodec.java:49)
	at org.openqa.selenium.remote.HttpCommandExecutor.execute(HttpCommandExecutor.java:158)
	at org.openqa.selenium.remote.service.DriverCommandExecutor.execute(DriverCommandExecutor.java:83)
	at org.openqa.selenium.remote.RemoteWebDriver.execute(RemoteWebDriver.java:552)
	at com.kms.katalon.selenium.driver.CChromeDriver.execute(CChromeDriver.java:19)
	at org.openqa.selenium.remote.RemoteWebElement.execute(RemoteWebElement.java:285)
	at org.openqa.selenium.remote.RemoteWebElement.click(RemoteWebElement.java:84)
	at org.openqa.selenium.support.events.EventFiringWebDriver$EventFiringWebElement.lambda$new$0(EventFiringWebDriver.java:404)
	at com.sun.proxy.$Proxy9.click(Unknown Source)
	at org.openqa.selenium.support.events.EventFiringWebDriver$EventFiringWebElement.click(EventFiringWebDriver.java:417)
	at com.kms.katalon.core.webui.keyword.builtin.ClickKeyword$_click_closure1.doCall(ClickKeyword.groovy:69)
	at com.kms.katalon.core.webui.keyword.builtin.ClickKeyword$_click_closure1.call(ClickKeyword.groovy)
	at com.kms.katalon.core.webui.keyword.internal.WebUIKeywordMain.runKeyword(WebUIKeywordMain.groovy:20)
	... 19 more]]></system-err>
   </testsuite>
</testsuites>
